0.06250  0.06250  -0.00000
0.18750  0.06250  0.34630
0.31250  0.06250  0.57371
0.43750  0.06250  0.74064
0.56250  0.06250  0.86681
0.68750  0.06250  0.96346
0.81250  0.06250  1.03863
0.93750  0.06250  1.09782
1.06250  0.06250  1.14478
1.18750  0.06250  1.18215
1.31250  0.06250  1.21187
1.43750  0.06250  1.23541
1.56250  0.06250  1.25394
1.68750  0.06250  1.26839
1.81250  0.06250  1.27954
1.93750  0.06250  1.28801
2.06250  0.06250  1.29433
2.18750  0.06250  1.29889
2.31250  0.06250  1.30201
2.43750  0.06250  1.30393
2.56250  0.06250  1.30483

0.06250  0.18750  0.38142
0.18750  0.18750  0.51285
0.31250  0.18750  0.65867
0.43750  0.18750  0.79096
0.56250  0.18750  0.89815
0.68750  0.18750  0.98358
0.81250  0.18750  1.05189
0.93750  0.18750  1.10678
1.06250  0.18750  1.15096
1.18750  0.18750  1.18652
1.31250  0.18750  1.21508
1.43750  0.18750  1.23787
1.56250  0.18750  1.25590
1.68750  0.18750  1.27001
1.81250  0.18750  1.28091
1.93750  0.18750  1.28922
2.06250  0.18750  1.29540
2.18750  0.18750  1.29987
2.31250  0.18750  1.30293
2.43750  0.18750  1.30481
2.56250  0.18750  1.30569

0.06250  0.31250  0.63269
0.18750  0.31250  0.69151
0.31250  0.31250  0.77915
0.43750  0.31250  0.87070
0.56250  0.31250  0.95070
0.68750  0.31250  1.01875
0.81250  0.31250  1.07584
0.93750  0.31250  1.12333
1.06250  0.31250  1.16263
1.18750  0.31250  1.19494
1.31250  0.31250  1.22132
1.43750  0.31250  1.24264
1.56250  0.31250  1.25969
1.68750  0.31250  1.27315
1.81250  0.31250  1.28360
1.93750  0.31250  1.29158
2.06250  0.31250  1.29753
2.18750  0.31250  1.30182
2.31250  0.31250  1.30476
2.43750  0.31250  1.30657
2.56250  0.31250  1.30741

0.06250  0.43750  0.80958
0.18750  0.43750  0.84177
0.31250  0.43750  0.89461
0.43750  0.43750  0.95298
0.56250  0.43750  1.00907
0.68750  0.43750  1.06027
0.81250  0.43750  1.10557
0.93750  0.43750  1.14483
1.06250  0.43750  1.17833
1.18750  0.43750  1.20654
1.31250  0.43750  1.23002
1.43750  0.43750  1.24936
1.56250  0.43750  1.26509
1.68750  0.43750  1.27765
1.81250  0.43750  1.28748
1.93750  0.43750  1.29501
2.06250  0.43750  1.30063
2.18750  0.43750  1.30469
2.31250  0.43750  1.30746
2.43750  0.43750  1.30916
2.56250  0.43750  1.30995

0.06250  0.56250  0.93422
0.18750  0.56250  0.95377
0.31250  0.56250  0.98609
0.43750  0.56250  1.02419
0.56250  0.56250  1.06339
0.68750  0.56250  1.10126
0.81250  0.56250  1.13639
0.93750  0.56250  1.16803
1.06250  0.56250  1.19588
1.18750  0.56250  1.21995
1.31250  0.56250  1.24042
1.43750  0.56250  1.25758
1.56250  0.56250  1.27173
1.68750  0.56250  1.28321
1.81250  0.56250  1.29233
1.93750  0.56250  1.29934
2.06250  0.56250  1.30459
2.18750  0.56250  1.30837
2.31250  0.56250  1.31095
2.43750  0.56250  1.31253
2.56250  0.56250  1.31326

0.06250  0.68750  1.02313
0.18750  0.68750  1.03558
0.31250  0.68750  1.05646
0.43750  0.68750  1.08221
0.56250  0.68750  1.11006
0.68750  0.68750  1.13820
0.81250  0.68750  1.16534
0.93750  0.68750  1.19064
1.06250  0.68750  1.21355
1.18750  0.68750  1.23385
1.31250  0.68750  1.25148
1.43750  0.68750  1.26652
1.56250  0.68750  1.27914
1.68750  0.68750  1.28952
1.81250  0.68750  1.29786
1.93750  0.68750  1.30436
2.06250  0.68750  1.30924
2.18750  0.68750  1.31275
2.31250  0.68750  1.31513
2.43750  0.68750  1.31658
2.56250  0.68750  1.31725

0.06250  0.81250  1.08764
0.18750  0.81250  1.09598
0.31250  0.81250  1.11027
0.43750  0.81250  1.12838
0.56250  0.81250  1.14868
0.68750  0.81250  1.16991
0.81250  0.81250  1.19106
0.93750  0.81250  1.21135
1.06250  0.81250  1.23022
1.18750  0.81250  1.24730
1.31250  0.81250  1.26244
1.43750  0.81250  1.27559
1.56250  0.81250  1.28680
1.68750  0.81250  1.29616
1.81250  0.81250  1.30379
1.93750  0.81250  1.30982
2.06250  0.81250  1.31437
2.18750  0.81250  1.31764
2.31250  0.81250  1.31986
2.43750  0.81250  1.32120
2.56250  0.81250  1.32181

0.06250  0.93750  1.13533
0.18750  0.93750  1.14123
0.31250  0.93750  1.15157
0.43750  0.93750  1.16481
0.56250  0.93750  1.18005
0.68750  0.93750  1.19642
0.81250  0.93750  1.21317
0.93750  0.93750  1.22963
1.06250  0.93750  1.24528
1.18750  0.93750  1.25975
1.31250  0.93750  1.27281
1.43750  0.93750  1.28436
1.56250  0.93750  1.29437
1.68750  0.93750  1.30286
1.81250  0.93750  1.30988
1.93750  0.93750  1.31549
2.06250  0.93750  1.31979
2.18750  0.93750  1.32290
2.31250  0.93750  1.32501
2.43750  0.93750  1.32627
2.56250  0.93750  1.32684

0.06250  1.06250  1.17124
0.18750  1.06250  1.17562
0.31250  1.06250  1.18346
0.43750  1.06250  1.19353
0.56250  1.06250  1.20533
0.68750  1.06250  1.21828
0.81250  1.06250  1.23180
0.93750  1.06250  1.24538
1.06250  1.06250  1.25854
1.18750  1.06250  1.27093
1.31250  1.06250  1.28233
1.43750  1.06250  1.29258
1.56250  1.06250  1.30161
1.68750  1.06250  1.30939
1.81250  1.06250  1.31593
1.93750  1.06250  1.32124
2.06250  1.06250  1.32536
2.18750  1.06250  1.32838
2.31250  1.06250  1.33043
2.43750  1.06250  1.33166
2.56250  1.06250  1.33221

0.06250  1.18750  1.19875
0.18750  1.18750  1.20214
0.31250  1.18750  1.20824
0.43750  1.18750  1.21621
0.56250  1.18750  1.22564
0.68750  1.18750  1.23614
0.81250  1.18750  1.24731
0.93750  1.18750  1.25872
1.06250  1.18750  1.26998
1.18750  1.18750  1.28077
1.31250  1.18750  1.29086
1.43750  1.18750  1.30009
1.56250  1.18750  1.30836
1.68750  1.18750  1.31562
1.81250  1.18750  1.32181
1.93750  1.18750  1.32692
2.06250  1.18750  1.33096
2.18750  1.18750  1.33397
2.31250  1.18750  1.33603
2.43750  1.18750  1.33727
2.56250  1.18750  1.33782

0.06250  1.31250  1.22011
0.18750  1.31250  1.22281
0.31250  1.31250  1.22768
0.43750  1.31250  1.23420
0.56250  1.31250  1.24194
0.68750  1.31250  1.25068
0.81250  1.31250  1.26011
0.93750  1.31250  1.26990
1.06250  1.31250  1.27971
1.18750  1.31250  1.28927
1.31250  1.31250  1.29837
1.43750  1.31250  1.30683
1.56250  1.31250  1.31454
1.68750  1.31250  1.32143
1.81250  1.31250  1.32741
1.93750  1.31250  1.33244
2.06250  1.31250  1.33650
2.18750  1.31250  1.33957
2.31250  1.31250  1.34172
2.43750  1.31250  1.34302
2.56250  1.31250  1.34361

0.06250  1.43750  1.23691
0.18750  1.43750  1.23907
0.31250  1.43750  1.24306
0.43750  1.43750  1.24853
0.56250  1.43750  1.25504
0.68750  1.43750  1.26248
0.81250  1.43750  1.27062
0.93750  1.43750  1.27918
1.06250  1.43750  1.28790
1.18750  1.43750  1.29653
1.31250  1.43750  1.30487
1.43750  1.43750  1.31277
1.56250  1.43750  1.32010
1.68750  1.43750  1.32676
1.81250  1.43750  1.33267
1.93750  1.43750  1.33773
2.06250  1.43750  1.34190
2.18750  1.43750  1.34514
2.31250  1.43750  1.34744
2.43750  1.43750  1.34887
2.56250  1.43750  1.34952

0.06250  1.56250  1.25022
0.18750  1.56250  1.25200
0.31250  1.56250  1.25533
0.43750  1.56250  1.25996
0.56250  1.56250  1.26558
0.68750  1.56250  1.27205
0.81250  1.56250  1.27921
0.93750  1.56250  1.28684
1.06250  1.56250  1.29473
1.18750  1.56250  1.30265
1.31250  1.56250  1.31044
1.43750  1.56250  1.31794
1.56250  1.56250  1.32503
1.68750  1.56250  1.33159
1.81250  1.56250  1.33753
1.93750  1.56250  1.34274
2.06250  1.56250  1.34713
2.18750  1.56250  1.35063
2.31250  1.56250  1.35318
2.43750  1.56250  1.35481
2.56250  1.56250  1.35556

0.06250  1.68750  1.26085
0.18750  1.68750  1.26233
0.31250  1.68750  1.26517
0.43750  1.68750  1.26914
0.56250  1.68750  1.27407
0.68750  1.68750  1.27979
0.81250  1.68750  1.28621
0.93750  1.68750  1.29313
1.06250  1.68750  1.30038
1.18750  1.68750  1.30777
1.31250  1.68750  1.31515
1.43750  1.68750  1.32238
1.56250  1.68750  1.32933
1.68750  1.68750  1.33590
1.81250  1.68750  1.34197
1.93750  1.68750  1.34743
2.06250  1.68750  1.35215
2.18750  1.68750  1.35602
2.31250  1.68750  1.35894
2.43750  1.68750  1.36084
2.56250  1.68750  1.36174

0.06250  1.81250  1.26934
0.18750  1.81250  1.27061
0.31250  1.81250  1.27306
0.43750  1.81250  1.27654
0.56250  1.81250  1.28091
0.68750  1.81250  1.28607
0.81250  1.81250  1.29190
0.93750  1.81250  1.29827
1.06250  1.81250  1.30502
1.18750  1.81250  1.31201
1.31250  1.81250  1.31909
1.43750  1.81250  1.32614
1.56250  1.81250  1.33305
1.68750  1.81250  1.33970
1.81250  1.81250  1.34599
1.93750  1.81250  1.35178
2.06250  1.81250  1.35695
2.18750  1.81250  1.36131
2.31250  1.81250  1.36472
2.43750  1.81250  1.36703
2.56250  1.81250  1.36815

0.06250  1.93750  1.27606
0.18750  1.93750  1.27718
0.31250  1.93750  1.27936
0.43750  1.93750  1.28248
0.56250  1.93750  1.28644
0.68750  1.93750  1.29114
0.81250  1.93750  1.29651
0.93750  1.93750  1.30245
1.06250  1.93750  1.30882
1.18750  1.93750  1.31550
1.31250  1.93750  1.32235
1.43750  1.93750  1.32929
1.56250  1.93750  1.33620
1.68750  1.93750  1.34299
1.81250  1.93750  1.34956
1.93750  1.93750  1.35577
2.06250  1.93750  1.36149
2.18750  1.93750  1.36651
2.31250  1.93750  1.37059
2.43750  1.93750  1.37347
2.56250  1.93750  1.37493

0.06250  2.06250  1.28131
0.18750  2.06250  1.28232
0.31250  2.06250  1.28430
0.43750  2.06250  1.28717
0.56250  2.06250  1.29083
0.68750  2.06250  1.29520
0.81250  2.06250  1.30023
0.93750  2.06250  1.30582
1.06250  2.06250  1.31189
1.18750  2.06250  1.31831
1.31250  2.06250  1.32501
1.43750  2.06250  1.33187
1.56250  2.06250  1.33882
1.68750  2.06250  1.34578
1.81250  2.06250  1.35266
1.93750  2.06250  1.35936
2.06250  2.06250  1.36573
2.18750  2.06250  1.37157
2.31250  2.06250  1.37656
2.43750  2.06250  1.38030
2.56250  2.06250  1.38230

0.06250  2.18750  1.28526
0.18750  2.18750  1.28621
0.31250  2.18750  1.28806
0.43750  2.18750  1.29074
0.56250  2.18750  1.29420
0.68750  2.18750  1.29834
0.81250  2.18750  1.30311
0.93750  2.18750  1.30845
1.06250  2.18750  1.31428
1.18750  2.18750  1.32052
1.31250  2.18750  1.32708
1.43750  2.18750  1.33390
1.56250  2.18750  1.34091
1.68750  2.18750  1.34805
1.81250  2.18750  1.35525
1.93750  2.18750  1.36247
2.06250  2.18750  1.36958
2.18750  2.18750  1.37642
2.31250  2.18750  1.38266
2.43750  2.18750  1.38771
2.56250  2.18750  1.39069

0.06250  2.31250  1.28809
0.18750  2.31250  1.28898
0.31250  2.31250  1.29074
0.43750  2.31250  1.29331
0.56250  2.31250  1.29662
0.68750  2.31250  1.30061
0.81250  2.31250  1.30521
0.93750  2.31250  1.31038
1.06250  2.31250  1.31604
1.18750  2.31250  1.32214
1.31250  2.31250  1.32861
1.43750  2.31250  1.33540
1.56250  2.31250  1.34246
1.68750  2.31250  1.34976
1.81250  2.31250  1.35727
1.93750  2.31250  1.36499
2.06250  2.31250  1.37288
2.18750  2.31250  1.38088
2.31250  2.31250  1.38876
2.43750  2.31250  1.39591
2.56250  2.31250  1.40083

0.06250  2.43750  1.28989
0.18750  2.43750  1.29076
0.31250  2.43750  1.29246
0.43750  2.43750  1.29495
0.56250  2.43750  1.29818
0.68750  2.43750  1.30207
0.81250  2.43750  1.30657
0.93750  2.43750  1.31162
1.06250  2.43750  1.31718
1.18750  2.43750  1.32319
1.31250  2.43750  1.32961
1.43750  2.43750  1.33638
1.56250  2.43750  1.34348
1.68750  2.43750  1.35090
1.81250  2.43750  1.35865
1.93750  2.43750  1.36678
2.06250  2.43750  1.37536
2.18750  2.43750  1.38453
2.31250  2.43750  1.39441
2.43750  2.43750  1.40486
2.56250  2.43750  1.41430

0.06250  2.56250  1.29077
0.18750  2.56250  1.29162
0.31250  2.56250  1.29329
0.43750  2.56250  1.29575
0.56250  2.56250  1.29893
0.68750  2.56250  1.30277
0.81250  2.56250  1.30722
0.93750  2.56250  1.31223
1.06250  2.56250  1.31774
1.18750  2.56250  1.32370
1.31250  2.56250  1.33009
1.43750  2.56250  1.33685
1.56250  2.56250  1.34397
1.68750  2.56250  1.35146
1.81250  2.56250  1.35933
1.93750  2.56250  1.36769
2.06250  2.56250  1.37671
2.18750  2.56250  1.38671
2.31250  2.56250  1.39838
2.43750  2.56250  1.41320
2.56250  2.56250  1.43490

