0.125 0.0271118 1
0.25 0.0493152 0.990622
0.375 0.0778569 0.977064
0.5 0.110752 0.958978
0.559307 0.125 0.948975
0.625 0.147524 0.93518
0.75 0.18535 0.905314
0.875 0.222845 0.874366
0.970153 0.25 0.850403
1 0.260464 0.842555
1.125 0.299582 0.810071
1.25 0.339516 0.778336
1.35798 0.375 0.751069
1.375 0.381466 0.746569
1.5 0.428876 0.711543
1.625 0.483358 0.665103
1.65965 0.5 0.647899
1.75 0.54952 0.590284
1.86239 0.625 0.490461
1.875 0.634478 0.477736
1.9375 0.6875 0.409747

0.0502908 0.125 1
0.0761853 0.25 0.992679
0.101225 0.375 0.983503
0.124752 0.5 0.972444
0.125 0.501573 0.972294
0.15105 0.625 0.958307
0.175739 0.75 0.942233
0.200685 0.875 0.925852
0.227609 1 0.909118
0.25 1.0939 0.896274
0.258797 1.125 0.891834
0.294953 1.25 0.873827
0.336133 1.375 0.855923
0.375 1.47499 0.841271
0.38631 1.5 0.837469
0.447413 1.625 0.818436
0.5 1.71465 0.804404
0.524597 1.75 0.798576
0.624463 1.875 0.777631
0.625 1.8756 0.777524
0.6875 1.9375 0.765798

