0.125 0.02701 1
0.25 0.0491692 0.986933
0.375 0.077697 0.96826
0.5 0.110622 0.944139
0.559715 0.125 0.931035
0.625 0.147442 0.913512
0.75 0.185347 0.876379
0.875 0.22293 0.839024
0.969728 0.25 0.81077
1 0.260629 0.801412
1.125 0.299804 0.763486
1.25 0.339777 0.725285
1.35724 0.375 0.685704
1.375 0.381742 0.677582
1.5 0.429136 0.598757
1.625 0.483581 0.473727
1.65923 0.5 0.432009
1.75 0.549674 0.31509
1.86229 0.625 0.1865
1.875 0.634539 0.174331
1.9375 0.6875 0.119049

0.0503417 0.125 1
0.0762274 0.25 0.989833
0.101247 0.375 0.977104
0.124753 0.5 0.96211
0.125 0.501564 0.96191
0.151029 0.625 0.943407
0.175701 0.75 0.92267
0.200635 0.875 0.902022
0.227553 1 0.881342
0.25 1.09412 0.865668
0.258733 1.125 0.86034
0.29489 1.25 0.838766
0.336074 1.375 0.817577
0.375 1.47511 0.800363
0.386257 1.5 0.795941
0.44737 1.625 0.77378
0.5 1.7147 0.757496
0.524568 1.75 0.750755
0.624454 1.875 0.726499
0.625 1.87561 0.726372
0.6875 1.9375 0.712511

