0.125 0.026462 1
0.25 0.0483797 0.990553
0.375 0.076828 0.97682
0.5 0.109912 0.958406
0.561921 0.125 0.947732
0.625 0.146992 0.934274
0.75 0.185327 0.904159
0.875 0.223382 0.873019
0.967461 0.25 0.849634
1 0.261518 0.841036
1.125 0.301005 0.808441
1.25 0.341193 0.776678
1.35324 0.375 0.750754
1.375 0.383239 0.745109
1.5 0.430548 0.71142
1.625 0.484791 0.668993
1.65694 0.5 0.654542
1.75 0.550509 0.597676
1.86172 0.625 0.495896
1.875 0.634866 0.480767
1.9375 0.6875 0.406018

0.0506163 0.125 1
0.076454 0.25 0.992708
0.101368 0.375 0.983587
0.124762 0.5 0.972606
0.125 0.501516 0.972463
0.150919 0.625 0.958617
0.175499 0.75 0.942739
0.20037 0.875 0.926553
0.227249 1 0.910005
0.25 1.09535 0.897095
0.258388 1.125 0.892905
0.29455 1.25 0.875071
0.335758 1.375 0.857319
0.375 1.47579 0.842659
0.385966 1.5 0.839005
0.447141 1.625 0.820105
0.5 1.71498 0.806108
0.524411 1.75 0.800368
0.624405 1.875 0.779547
0.625 1.87567 0.779428
0.6875 1.9375 0.767779

