0.125 0.0269223 1
0.25 0.0490433 0.990602
0.375 0.077559 0.976994
0.5 0.11051 0.958814
0.560067 0.125 0.948618
0.625 0.147371 0.93492
0.75 0.185345 0.90498
0.875 0.223002 0.873973
0.969363 0.25 0.850177
1 0.260771 0.842108
1.125 0.299995 0.809588
1.25 0.340002 0.777839
1.35661 0.375 0.750976
1.375 0.381981 0.746128
1.5 0.42936 0.711468
1.625 0.483773 0.665933
1.65887 0.5 0.649406
1.75 0.549806 0.591771
1.8622 0.625 0.490823
1.875 0.634591 0.478091
1.9375 0.6875 0.407228

0.0503856 0.125 1
0.0762637 0.25 0.992688
0.101267 0.375 0.983528
0.124755 0.5 0.972492
0.125 0.501557 0.972343
0.151012 0.625 0.958398
0.175669 0.75 0.942381
0.200593 0.875 0.926057
0.227504 1 0.909377
0.25 1.09432 0.896514
0.258677 1.125 0.892147
0.294836 1.25 0.874191
0.336024 1.375 0.856331
0.375 1.47522 0.841677
0.38621 1.5 0.837918
0.447334 1.625 0.818924
0.5 1.71475 0.804902
0.524543 1.75 0.7991
0.624446 1.875 0.778191
0.625 1.87562 0.778081
0.6875 1.9375 0.766377

