0.125 0.0308477 1
0.25 0.0545482 0.990972
0.375 0.0834224 0.97824
0.5 0.115114 0.961597
0.54454 0.125 0.954809
0.625 0.150169 0.93953
0.75 0.185224 0.912256
0.875 0.219752 0.884057
0.986208 0.25 0.85856
1 0.254596 0.855252
1.125 0.291885 0.825423
1.25 0.33051 0.79632
1.375 0.371987 0.767543
1.38399 0.375 0.765428
1.5 0.419953 0.736798
1.625 0.475673 0.701529
1.67344 0.5 0.68444
1.75 0.544215 0.651357
1.86579 0.625 0.581554
1.875 0.632355 0.574434
1.9375 0.6875 0.524252

0.0484272 0.125 1
0.0746178 0.25 0.992502
0.100368 0.375 0.982988
0.124669 0.5 0.971442
0.125 0.502047 0.971237
0.151793 0.625 0.956517
0.177123 0.75 0.939478
0.202503 0.875 0.922143
0.229688 1 0.904498
0.25 1.08548 0.892223
0.261156 1.125 0.886305
0.297279 1.25 0.867453
0.3383 1.375 0.848804
0.375 1.47029 0.834326
0.388304 1.5 0.82965
0.448993 1.625 0.809968
0.5 1.71274 0.795817
0.525686 1.75 0.789493
0.624809 1.875 0.767934
0.625 1.87522 0.767895
0.6875 1.9375 0.755771

