0.125 0.0267809 1
0.25 0.0488399 0.990587
0.375 0.0773355 0.976941
0.5 0.110327 0.958689
0.560635 0.125 0.948349
0.625 0.147256 0.934724
0.75 0.185341 0.904729
0.875 0.223119 0.873681
0.968776 0.25 0.850011
1 0.261 0.841779
1.125 0.300304 0.809235
1.25 0.340366 0.77748
1.35558 0.375 0.750918
1.375 0.382366 0.745814
1.5 0.429723 0.711442
1.625 0.484085 0.666845
1.65828 0.5 0.650933
1.75 0.550021 0.593399
1.86205 0.625 0.492628
1.875 0.634675 0.47866
1.9375 0.6875 0.407945

0.0504564 0.125 1
0.0763221 0.25 0.992694
0.101298 0.375 0.983546
0.124757 0.5 0.972527
0.125 0.501545 0.97238
0.150983 0.625 0.958465
0.175617 0.75 0.942492
0.200524 0.875 0.92621
0.227425 1 0.909571
0.25 1.09464 0.896693
0.258589 1.125 0.892381
0.294748 1.25 0.874462
0.335942 1.375 0.856636
0.375 1.4754 0.84198
0.386135 1.5 0.838253
0.447275 1.625 0.819288
0.5 1.71482 0.805274
0.524502 1.75 0.799491
0.624434 1.875 0.778609
0.625 1.87563 0.778496
0.6875 1.9375 0.766809

