0.125 0.0265835 1
0.25 0.0485553 0.990566
0.375 0.0770219 0.976867
0.5 0.110071 0.958515
0.56143 0.125 0.94797
0.625 0.147093 0.934447
0.75 0.185333 0.904375
0.875 0.223282 0.873267
0.96796 0.25 0.84977
1 0.26132 0.841309
1.125 0.300737 0.808729
1.25 0.340877 0.776963
1.35413 0.375 0.750805
1.375 0.382906 0.745352
1.5 0.430233 0.711355
1.625 0.484522 0.667959
1.65745 0.5 0.652874
1.75 0.550323 0.595414
1.86185 0.625 0.494083
1.875 0.634793 0.48016
1.9375 0.6875 0.406775

0.0505553 0.125 1
0.0764037 0.25 0.992703
0.101342 0.375 0.983572
0.12476 0.5 0.972576
0.125 0.501527 0.972431
0.150943 0.625 0.958559
0.175543 0.75 0.942645
0.200428 0.875 0.926421
0.227316 1 0.909839
0.25 1.09508 0.896941
0.258464 1.125 0.892704
0.294626 1.25 0.874838
0.335828 1.375 0.857057
0.375 1.47564 0.842399
0.386031 1.5 0.838717
0.447192 1.625 0.819792
0.5 1.71492 0.805788
0.524446 1.75 0.800032
0.624416 1.875 0.779187
0.625 1.87565 0.779071
0.6875 1.9375 0.767407

