0.0477098 0.125 1
0.0739281 0.25 0.989497
0.0998984 0.375 0.976144
0.124502 0.5 0.960278
0.125 0.503043 0.959864
0.151922 0.625 0.940232
0.177545 0.75 0.917884
0.203171 0.875 0.895682
0.230543 1 0.873544
0.25 1.08187 0.859018
0.262178 1.125 0.851101
0.298322 1.25 0.828225
0.339328 1.375 0.805868
0.375 1.468 0.789073
0.389263 1.5 0.783112
0.449776 1.625 0.759894
0.5 1.71175 0.743436
0.52623 1.75 0.73581
0.625 1.87498 0.70928
0.625015 1.875 0.709277
0.6875 1.9375 0.692958

0.125 0.0318358 1
0.25 0.0558542 0.98757
0.375 0.0847214 0.970325
0.5 0.116049 0.948568
0.541132 0.125 0.940579
0.625 0.150636 0.920633
0.75 0.185011 0.88738
0.875 0.218855 0.853997
0.990743 0.25 0.823227
1 0.253051 0.820671
1.125 0.289959 0.786519
1.25 0.328318 0.75329
1.375 0.369749 0.7175
1.39052 0.375 0.712487
1.5 0.417819 0.66893
1.625 0.473843 0.594464
1.67654 0.5 0.553091
1.75 0.542948 0.482413
1.86655 0.625 0.357678
1.875 0.631844 0.348425
1.9375 0.6875 0.278821

