0.125 0.0301936 1
0.25 0.0536488 0.987356
0.375 0.0824874 0.969646
0.5 0.114401 0.94714
0.547109 0.125 0.937621
0.625 0.149748 0.918311
0.75 0.185268 0.883692
0.875 0.220286 0.848891
0.983358 0.25 0.818825
1 0.255593 0.814035
1.125 0.293168 0.778521
1.25 0.332004 0.743507
1.375 0.373527 0.703755
1.37943 0.375 0.702176
1.5 0.421429 0.644908
1.625 0.476948 0.553187
1.67123 0.5 0.509137
1.75 0.545096 0.426266
1.86524 0.625 0.296922
1.875 0.632713 0.286047
1.9375 0.6875 0.221242

0.0487533 0.125 1
0.0748963 0.25 0.989622
0.100523 0.375 0.976507
0.124688 0.5 0.960976
0.125 0.501937 0.960719
0.151666 0.625 0.941427
0.176881 0.75 0.919688
0.202185 0.875 0.898086
0.229323 1 0.876523
0.25 1.08696 0.861473
0.260742 1.125 0.854657
0.29687 1.25 0.832295
0.337919 1.375 0.810418
0.375 1.47112 0.793408
0.387953 1.5 0.788133
0.448714 1.625 0.765358
0.5 1.71308 0.748959
0.525492 1.75 0.74173
0.624747 1.875 0.716402
0.625 1.87528 0.716341
0.6875 1.9375 0.701119

