0.0422313 0.125 1
0.067673 0.25 0.992104
0.0945878 0.375 0.981769
0.121419 0.5 0.968921
0.125 0.519722 0.966684
0.150828 0.625 0.952248
0.179221 0.75 0.932607
0.207641 0.875 0.912364
0.237438 1 0.891644
0.25 1.0519 0.882894
0.270941 1.125 0.870161
0.30785 1.25 0.84838
0.349274 1.375 0.826732
0.375 1.44471 0.814489
0.398621 1.5 0.804511
0.45772 1.625 0.781985
0.5 1.70115 0.767956
0.531765 1.75 0.758599
0.625 1.87232 0.734309
0.627432 1.875 0.733726
0.6875 1.9375 0.719549

0.125 0.0347264 1
0.25 0.0590109 0.991455
0.375 0.0871591 0.979751
0.5 0.117118 0.964732
0.537916 0.125 0.959579
0.625 0.149958 0.945011
0.75 0.182572 0.920939
0.875 0.215023 0.895955
1 0.248089 0.870407
1.00779 0.25 0.868782
1.125 0.28423 0.843698
1.25 0.322386 0.817376
1.375 0.36405 0.791299
1.40657 0.375 0.784634
1.5 0.412469 0.764496
1.625 0.469455 0.736722
1.68369 0.5 0.722357
1.75 0.53989 0.703835
1.86815 0.625 0.661201
1.875 0.630712 0.658232
1.9375 0.6875 0.626796

