0.047556 0.125 1
0.0737577 0.25 0.989484
0.0997591 0.375 0.976106
0.124425 0.5 0.960202
0.125 0.5035 0.959725
0.151899 0.625 0.940107
0.177595 0.75 0.917685
0.203295 0.875 0.895402
0.230731 1 0.873179
0.25 1.08104 0.858745
0.262417 1.125 0.850647
0.298576 1.25 0.827693
0.339593 1.375 0.805255
0.375 1.4674 0.788507
0.389514 1.5 0.782414
0.449987 1.625 0.759116
0.5 1.71148 0.74265
0.526377 1.75 0.734927
0.625 1.87492 0.708166
0.62508 1.875 0.708147
0.6875 1.9375 0.691526

0.125 0.0319169 1
0.25 0.0559446 0.987586
0.375 0.0847926 0.970374
0.5 0.116081 0.948667
0.541037 0.125 0.940716
0.625 0.150617 0.920799
0.75 0.18494 0.887627
0.875 0.218744 0.85432
0.991187 0.25 0.823499
1 0.252903 0.821071
1.125 0.289792 0.786989
1.25 0.328146 0.753841
1.375 0.369583 0.718233
1.391 0.375 0.713049
1.5 0.417663 0.670163
1.625 0.473715 0.595854
1.67675 0.5 0.554643
1.75 0.542859 0.485569
1.8666 0.625 0.361301
1.875 0.631811 0.352062
1.9375 0.6875 0.282382

