0.125 0.0280259 1
0.25 0.0506179 0.987075
0.375 0.0792715 0.968736
0.5 0.111888 0.94519
0.555663 0.125 0.93332
0.625 0.148231 0.915163
0.75 0.185353 0.878716
0.875 0.222084 0.842016
0.974012 0.25 0.812986
1 0.258993 0.805091
1.125 0.297619 0.767742
1.25 0.337207 0.729951
1.36447 0.375 0.687863
1.375 0.37902 0.683006
1.5 0.426582 0.608094
1.625 0.481387 0.492569
1.66331 0.5 0.449889
1.75 0.548159 0.346031
1.86329 0.625 0.219443
1.875 0.633941 0.207909
1.9375 0.6875 0.150541

0.0498342 0.125 1
0.0758065 0.25 0.989767
0.101022 0.375 0.976919
0.124737 0.5 0.961759
0.125 0.501657 0.961544
0.151235 0.625 0.942779
0.176079 0.75 0.921704
0.201129 0.875 0.900733
0.228117 1 0.879755
0.25 1.09185 0.864257
0.259372 1.125 0.858463
0.29552 1.25 0.836622
0.336661 1.375 0.8152
0.375 1.47385 0.798036
0.386795 1.5 0.793346
0.447797 1.625 0.770978
0.5 1.71419 0.754648
0.52486 1.75 0.747752
0.624546 1.875 0.723206
0.625 1.87551 0.723094
0.6875 1.9375 0.70882

