0.125 0.0286213 1
0.25 0.0514583 0.987154
0.375 0.0801733 0.968995
0.5 0.112602 0.945749
0.553306 0.125 0.934555
0.625 0.148667 0.916062
0.75 0.185339 0.880113
0.875 0.221586 0.843924
0.976562 0.25 0.814574
1 0.258044 0.807555
1.125 0.296365 0.770696
1.25 0.335738 0.73369
1.36859 0.375 0.691508
1.375 0.377458 0.688765
1.5 0.425125 0.618624
1.625 0.480133 0.50995
1.66558 0.5 0.465619
1.75 0.547295 0.36832
1.86385 0.625 0.239926
1.875 0.633597 0.229553
1.9375 0.6875 0.16918

0.0495371 0.125 1
0.0755583 0.25 0.989728
0.100887 0.375 0.976807
0.124725 0.5 0.961546
0.125 0.501721 0.961322
0.151355 0.625 0.94241
0.1763 0.75 0.921152
0.201419 0.875 0.900006
0.228448 1 0.878865
0.25 1.09051 0.863486
0.259748 1.125 0.857415
0.29589 1.25 0.835429
0.337006 1.375 0.813882
0.375 1.47311 0.796757
0.387112 1.5 0.791908
0.448048 1.625 0.769428
0.5 1.71389 0.753077
0.525033 1.75 0.746091
0.6246 1.875 0.721354
0.625 1.87545 0.721253
0.6875 1.9375 0.706743

