0.125 0.0296714 1
0.25 0.0529256 0.990867
0.375 0.0817288 0.977893
0.5 0.113816 0.960834
0.54917 0.125 0.953113
0.625 0.149398 0.938252
0.75 0.185294 0.91014
0.875 0.220712 0.881031
0.981104 0.25 0.855902
1 0.256394 0.851225
1.125 0.294208 0.8205
1.25 0.333217 0.790489
1.375 0.374778 0.760714
1.37567 0.375 0.760552
1.5 0.422631 0.728209
1.625 0.477985 0.689122
1.66942 0.5 0.671317
1.75 0.545812 0.630561
1.8648 0.625 0.551121
1.875 0.633002 0.542869
1.9375 0.6875 0.485972

0.0490134 0.125 1
0.0751172 0.25 0.992558
0.100646 0.375 0.983153
0.124702 0.5 0.971765
0.125 0.501857 0.971581
0.151564 0.625 0.957087
0.176689 0.75 0.940348
0.201931 0.875 0.923308
0.229033 1 0.905944
0.25 1.08814 0.893473
0.260412 1.125 0.888033
0.296545 1.25 0.869442
0.337616 1.375 0.851023
0.375 1.47179 0.836479
0.387673 1.5 0.832085
0.448492 1.625 0.812604
0.5 1.71335 0.798484
0.525339 1.75 0.792319
0.624698 1.875 0.77095
0.625 1.87534 0.770888
0.6875 1.9375 0.758889

