0.125 0.0273387 1
0.25 0.04964 0.98698
0.375 0.0782115 0.968421
0.5 0.111038 0.944501
0.5584 0.125 0.931812
0.625 0.147704 0.914071
0.75 0.185353 0.877113
0.875 0.222657 0.839908
0.971104 0.25 0.811343
1 0.260098 0.802444
1.125 0.299091 0.76463
1.25 0.338937 0.726314
1.35961 0.375 0.685087
1.375 0.380854 0.678076
1.5 0.4283 0.598937
1.625 0.482863 0.4768
1.66057 0.5 0.434961
1.75 0.549178 0.323222
1.86262 0.625 0.197797
1.875 0.634344 0.185319
1.9375 0.6875 0.129183

0.0501773 0.125 1
0.0760915 0.25 0.989812
0.101175 0.375 0.977045
0.124748 0.5 0.961999
0.125 0.501593 0.961794
0.151096 0.625 0.943203
0.175823 0.75 0.92235
0.200795 0.875 0.901591
0.227735 1 0.880808
0.25 1.09339 0.865185
0.258939 1.125 0.859707
0.295094 1.25 0.838041
0.336264 1.375 0.816772
0.375 1.47471 0.79957
0.386431 1.5 0.795061
0.447508 1.625 0.772829
0.5 1.71454 0.756527
0.524662 1.75 0.749735
0.624484 1.875 0.725405
0.625 1.87558 0.725285
0.6875 1.9375 0.711256

