0.125 0.0271935 1
0.25 0.0494322 0.99063
0.375 0.0779848 0.977094
0.5 0.110855 0.959047
0.55898 0.125 0.949124
0.625 0.147589 0.93529
0.75 0.185351 0.905462
0.875 0.222777 0.874548
0.970494 0.25 0.850522
1 0.260332 0.842771
1.125 0.299405 0.810314
1.25 0.339307 0.778598
1.35857 0.375 0.751183
1.375 0.381245 0.746832
1.5 0.428668 0.711705
1.625 0.483179 0.66514
1.65998 0.5 0.647761
1.75 0.549397 0.589912
1.86247 0.625 0.490877
1.875 0.63443 0.478171
1.9375 0.6875 0.41019

0.0502499 0.125 1
0.0761516 0.25 0.992675
0.101207 0.375 0.983493
0.12475 0.5 0.972423
0.125 0.50158 0.972272
0.151067 0.625 0.958268
0.175769 0.75 0.942171
0.200725 0.875 0.925765
0.227654 1 0.909009
0.25 1.09371 0.896174
0.258848 1.125 0.891702
0.295004 1.25 0.873675
0.33618 1.375 0.855752
0.375 1.47489 0.841102
0.386354 1.5 0.837281
0.447447 1.625 0.818232
0.5 1.71461 0.804196
0.52462 1.75 0.798358
0.624471 1.875 0.777397
0.625 1.87559 0.777291
0.6875 1.9375 0.765556

