0.125 0.026852 1
0.25 0.0489422 0.990594
0.375 0.0774479 0.976968
0.5 0.110419 0.958752
0.56035 0.125 0.948484
0.625 0.147314 0.934823
0.75 0.185343 0.904856
0.875 0.223061 0.87383
0.96907 0.25 0.850097
1 0.260885 0.841948
1.125 0.300149 0.809416
1.25 0.340183 0.777666
1.3561 0.375 0.750955
1.375 0.382172 0.745984
1.5 0.429541 0.711469
1.625 0.483928 0.666542
1.65858 0.5 0.650374
1.75 0.549913 0.592239
1.86212 0.625 0.491738
1.875 0.634633 0.477737
1.9375 0.6875 0.408348

0.0504208 0.125 1
0.0762927 0.25 0.992691
0.101282 0.375 0.983537
0.124756 0.5 0.972509
0.125 0.501551 0.972361
0.150997 0.625 0.958431
0.175643 0.75 0.942436
0.200559 0.875 0.926133
0.227465 1 0.909474
0.25 1.09448 0.896603
0.258633 1.125 0.892264
0.294792 1.25 0.874327
0.335983 1.375 0.856484
0.375 1.47531 0.841828
0.386173 1.5 0.838086
0.447304 1.625 0.819106
0.5 1.71478 0.805088
0.524523 1.75 0.799296
0.62444 1.875 0.7784
0.625 1.87563 0.778289
0.6875 1.9375 0.766593

