0.125 0.027152 1
0.25 0.0493729 0.990626
0.375 0.0779199 0.977079
0.5 0.110803 0.959012
0.559146 0.125 0.949049
0.625 0.147556 0.935234
0.75 0.18535 0.905387
0.875 0.222812 0.874455
0.970321 0.25 0.850462
1 0.260399 0.842661
1.125 0.299495 0.81019
1.25 0.339413 0.778464
1.35827 0.375 0.751124
1.375 0.381357 0.746698
1.5 0.428774 0.711621
1.625 0.48327 0.664971
1.65981 0.5 0.647627
1.75 0.549459 0.589715
1.86243 0.625 0.490666
1.875 0.634454 0.47795
1.9375 0.6875 0.409966

0.0502707 0.125 1
0.0761687 0.25 0.992677
0.101216 0.375 0.983498
0.124751 0.5 0.972434
0.125 0.501576 0.972283
0.151058 0.625 0.958288
0.175754 0.75 0.942202
0.200704 0.875 0.925809
0.227631 1 0.909064
0.25 1.09381 0.896225
0.258822 1.125 0.891769
0.294978 1.25 0.873752
0.336156 1.375 0.855839
0.375 1.47494 0.841187
0.386332 1.5 0.837376
0.44743 1.625 0.818336
0.5 1.71463 0.804301
0.524609 1.75 0.798469
0.624467 1.875 0.777516
0.625 1.8756 0.777409
0.6875 1.9375 0.765678

