0.125 0.0264932 1
0.25 0.0484249 0.990556
0.375 0.0768779 0.976832
0.5 0.109953 0.958435
0.561794 0.125 0.947793
0.625 0.147018 0.934319
0.75 0.185329 0.904214
0.875 0.223356 0.873082
0.967589 0.25 0.849668
1 0.261467 0.841105
1.125 0.300936 0.808513
1.25 0.341112 0.776748
1.35347 0.375 0.750762
1.375 0.383153 0.745168
1.5 0.430467 0.711405
1.625 0.484722 0.668631
1.65707 0.5 0.65398
1.75 0.550461 0.597119
1.86175 0.625 0.494841
1.875 0.634847 0.48094
1.9375 0.6875 0.406216

0.0506006 0.125 1
0.0764411 0.25 0.992707
0.101361 0.375 0.983583
0.124761 0.5 0.972599
0.125 0.501519 0.972455
0.150925 0.625 0.958602
0.17551 0.75 0.942715
0.200385 0.875 0.926519
0.227266 1 0.909962
0.25 1.09528 0.897055
0.258408 1.125 0.892853
0.29457 1.25 0.875011
0.335776 1.375 0.857251
0.375 1.47575 0.842592
0.385983 1.5 0.838931
0.447154 1.625 0.820024
0.5 1.71496 0.806025
0.52442 1.75 0.800281
0.624408 1.875 0.779454
0.625 1.87566 0.779336
0.6875 1.9375 0.767683

