0.0384859 0.125 1
0.0631674 0.25 0.991852
0.0905146 0.375 0.980977
0.118825 0.5 0.967248
0.125 0.531634 0.963362
0.149718 0.625 0.94942
0.180197 0.75 0.927976
0.210771 0.875 0.9057
0.242431 1 0.882821
0.25 1.03086 0.87706
0.277338 1.125 0.858989
0.315029 1.25 0.835129
0.356777 1.375 0.81137
0.375 1.42592 0.801561
0.405664 1.5 0.786955
0.463777 1.625 0.762398
0.5 1.69241 0.748652
0.53596 1.75 0.736173
0.625 1.87015 0.70712
0.629206 1.875 0.70578
0.6875 1.9375 0.686425

0.125 0.0367127 1
0.25 0.0611011 0.991698
0.375 0.0887141 0.980497
0.5 0.117752 0.966249
0.535956 0.125 0.961638
0.625 0.149463 0.947694
0.75 0.180957 0.925183
0.875 0.212512 0.901759
1 0.244972 0.877706
1.02043 0.25 0.873691
1.125 0.280519 0.852601
1.25 0.318539 0.827632
1.375 0.360347 0.802791
1.41657 0.375 0.79442
1.5 0.409012 0.777255
1.625 0.466622 0.751451
1.68811 0.5 0.737635
1.75 0.537924 0.72289
1.86912 0.625 0.689135
1.875 0.629992 0.687085
1.9375 0.6875 0.663222

