0.125 0.0270922 1
0.25 0.0492871 0.986945
0.375 0.0778261 0.968301
0.5 0.110727 0.944233
0.559386 0.125 0.931234
0.625 0.147508 0.913655
0.75 0.185349 0.876558
0.875 0.222862 0.839232
0.97007 0.25 0.810891
1 0.260496 0.801645
1.125 0.299625 0.763735
1.25 0.339566 0.725478
1.35784 0.375 0.685278
1.375 0.381519 0.677432
1.5 0.428926 0.598403
1.625 0.483401 0.474144
1.65957 0.5 0.432372
1.75 0.549549 0.317131
1.86237 0.625 0.189676
1.875 0.63449 0.177417
1.9375 0.6875 0.121561

0.0503006 0.125 1
0.0761935 0.25 0.989828
0.101229 0.375 0.97709
0.124752 0.5 0.962083
0.125 0.501571 0.961881
0.151046 0.625 0.943356
0.175732 0.75 0.922589
0.200675 0.875 0.901912
0.227598 1 0.881205
0.25 1.09394 0.865543
0.258784 1.125 0.860178
0.294941 1.25 0.83858
0.336122 1.375 0.81737
0.375 1.47501 0.800159
0.3863 1.5 0.795715
0.447405 1.625 0.773535
0.5 1.71466 0.757246
0.524591 1.75 0.750493
0.624462 1.875 0.726218
0.625 1.8756 0.726093
0.6875 1.9375 0.712189

