0.125 0.0263825 1
0.25 0.0482648 0.990544
0.375 0.0767008 0.97679
0.5 0.109807 0.958334
0.562242 0.125 0.947575
0.625 0.146925 0.93416
0.75 0.185323 0.904017
0.875 0.223447 0.872859
0.967136 0.25 0.84955
1 0.261647 0.840862
1.125 0.30118 0.80826
1.25 0.341399 0.776502
1.35265 0.375 0.750734
1.375 0.383457 0.744964
1.5 0.430754 0.711446
1.625 0.484968 0.669848
1.6566 0.5 0.655601
1.75 0.550631 0.599365
1.86164 0.625 0.496691
1.875 0.634914 0.482855
1.9375 0.6875 0.407005

0.0506563 0.125 1
0.0764869 0.25 0.992712
0.101386 0.375 0.983597
0.124763 0.5 0.972626
0.125 0.501509 0.972483
0.150903 0.625 0.958655
0.175469 0.75 0.942801
0.200331 0.875 0.926639
0.227205 1 0.910114
0.25 1.09553 0.897196
0.258338 1.125 0.893036
0.294501 1.25 0.875224
0.335712 1.375 0.857491
0.375 1.47589 0.842831
0.385924 1.5 0.839195
0.447108 1.625 0.82031
0.5 1.71502 0.806318
0.524388 1.75 0.800589
0.624398 1.875 0.779783
0.625 1.87567 0.779663
0.6875 1.9375 0.768023

