0.0473802 0.125 1
0.0735627 0.25 0.992424
0.0995992 0.375 0.982757
0.124338 0.5 0.970978
0.125 0.504021 0.970566
0.151872 0.625 0.955709
0.177653 0.75 0.938202
0.203437 0.875 0.920369
0.230946 1 0.902214
0.25 1.08009 0.890393
0.262691 1.125 0.883489
0.298868 1.25 0.864159
0.339897 1.375 0.845039
0.375 1.46672 0.83077
0.389801 1.5 0.825413
0.450228 1.625 0.805295
0.5 1.71118 0.791096
0.526546 1.75 0.784378
0.625 1.87484 0.762426
0.625155 1.875 0.762395
0.6875 1.9375 0.75029

0.125 0.0320095 1
0.25 0.0560478 0.991092
0.375 0.0848738 0.978627
0.5 0.116118 0.962424
0.540928 0.125 0.95638
0.625 0.150596 0.940935
0.75 0.184861 0.914519
0.875 0.218618 0.88722
0.991693 0.25 0.861316
1 0.252735 0.859385
1.125 0.289602 0.830429
1.25 0.32795 0.802184
1.375 0.369395 0.77424
1.39154 0.375 0.770501
1.5 0.417486 0.744932
1.625 0.47357 0.712556
1.677 0.5 0.696353
1.75 0.542757 0.668774
1.86665 0.625 0.608242
1.875 0.631773 0.60293
1.9375 0.6875 0.557664

