0.0373291 0.125 1
0.061737 0.25 0.99177
0.0891776 0.375 0.980717
0.117933 0.5 0.966696
0.125 0.535393 0.962235
0.149305 0.625 0.948483
0.180463 0.75 0.926429
0.21175 0.875 0.903465
0.244026 1 0.879855
0.25 1.02425 0.875177
0.279401 1.125 0.855221
0.317378 1.25 0.830656
0.359229 1.375 0.806183
0.375 1.41952 0.797346
0.407971 1.5 0.781017
0.465769 1.625 0.755671
0.5 1.6894 0.741932
0.537335 1.75 0.728043
0.625 1.8694 0.696153
0.629778 1.875 0.694474
0.6875 1.9375 0.672366

0.125 0.0373291 1
0.25 0.061737 0.99177
0.375 0.0891776 0.980717
0.5 0.117933 0.966696
0.535393 0.125 0.962235
0.625 0.149305 0.948483
0.75 0.180463 0.926429
0.875 0.21175 0.903465
1 0.244026 0.879855
1.02425 0.25 0.875177
1.125 0.279401 0.855221
1.25 0.317378 0.830656
1.375 0.359229 0.806183
1.41952 0.375 0.797346
1.5 0.407971 0.781017
1.625 0.465769 0.755671
1.6894 0.5 0.741932
1.75 0.537335 0.728043
1.8694 0.625 0.696153
1.875 0.629778 0.694474
1.9375 0.6875 0.672366

