0.0467099 0.125 1
0.0728154 0.25 0.992384
0.0989829 0.375 0.982634
0.123996 0.5 0.970725
0.125 0.50602 0.970101
0.151764 0.625 0.955282
0.177869 0.75 0.937513
0.203978 0.875 0.919382
0.23177 1 0.90091
0.25 1.07645 0.889427
0.263737 1.125 0.881844
0.299988 1.25 0.862212
0.341064 1.375 0.842776
0.375 1.46406 0.828698
0.390903 1.5 0.822827
0.451156 1.625 0.802408
0.5 1.70998 0.788199
0.527195 1.75 0.78118
0.625 1.87454 0.758992
0.625443 1.875 0.758903
0.6875 1.9375 0.746671

0.125 0.0323627 1
0.25 0.0564399 0.991142
0.375 0.0851815 0.978782
0.5 0.116257 0.962743
0.540517 0.125 0.956826
0.625 0.150515 0.941495
0.75 0.184557 0.915391
0.875 0.218138 0.888399
0.99362 0.25 0.862343
1 0.252096 0.860876
1.125 0.288882 0.832209
1.25 0.327205 0.804224
1.375 0.36868 0.776517
1.39359 0.375 0.77235
1.5 0.416813 0.747585
1.625 0.473018 0.715971
1.67791 0.5 0.700149
1.75 0.542372 0.67398
1.86686 0.625 0.615643
1.875 0.63163 0.611249
1.9375 0.6875 0.567892

