0.125 0.026852 1
0.25 0.0489422 0.986909
0.375 0.0774479 0.96818
0.5 0.110419 0.943956
0.56035 0.125 0.930646
0.625 0.147314 0.913232
0.75 0.185343 0.876036
0.875 0.223061 0.838637
0.96907 0.25 0.810555
1 0.260885 0.800985
1.125 0.300149 0.763038
1.25 0.340183 0.724987
1.3561 0.375 0.686392
1.375 0.382172 0.677922
1.5 0.429541 0.600197
1.625 0.483928 0.472929
1.65858 0.5 0.431308
1.75 0.549913 0.312622
1.86212 0.625 0.181591
1.875 0.634633 0.168215
1.9375 0.6875 0.113015

0.0504208 0.125 1
0.0762927 0.25 0.989843
0.101282 0.375 0.977132
0.124756 0.5 0.962162
0.125 0.501551 0.961964
0.150997 0.625 0.943505
0.175643 0.75 0.922827
0.200559 0.875 0.902235
0.227465 1 0.881607
0.25 1.09448 0.86591
0.258633 1.125 0.860656
0.294792 1.25 0.839128
0.335983 1.375 0.817979
0.375 1.47531 0.800761
0.386173 1.5 0.796381
0.447304 1.625 0.774255
0.5 1.71478 0.75798
0.524523 1.75 0.751265
0.62444 1.875 0.727046
0.625 1.87563 0.726916
0.6875 1.9375 0.71314

