0.125 0.0270728 1
0.25 0.0492593 0.986942
0.375 0.0777957 0.968292
0.5 0.110702 0.944211
0.559464 0.125 0.931188
0.625 0.147493 0.913622
0.75 0.185349 0.876515
0.875 0.222878 0.83918
0.96999 0.25 0.810858
1 0.260527 0.801585
1.125 0.299667 0.763669
1.25 0.339616 0.725407
1.3577 0.375 0.685421
1.375 0.381572 0.677353
1.5 0.428976 0.598311
1.625 0.483443 0.474041
1.65949 0.5 0.432283
1.75 0.549579 0.31703
1.86235 0.625 0.18818
1.875 0.634501 0.175965
1.9375 0.6875 0.1215

0.0503103 0.125 1
0.0762015 0.25 0.989829
0.101233 0.375 0.977093
0.124752 0.5 0.962089
0.125 0.50157 0.961888
0.151042 0.625 0.943368
0.175725 0.75 0.922608
0.200666 0.875 0.901937
0.227587 1 0.881237
0.25 1.09398 0.865572
0.258772 1.125 0.860215
0.294929 1.25 0.838623
0.33611 1.375 0.817418
0.375 1.47503 0.800206
0.38629 1.5 0.795767
0.447397 1.625 0.773591
0.5 1.71467 0.757304
0.524586 1.75 0.750553
0.62446 1.875 0.726282
0.625 1.8756 0.726157
0.6875 1.9375 0.712266

