0.125 0.0272362 1
0.25 0.0494933 0.990635
0.375 0.0780515 0.977109
0.5 0.110909 0.959082
0.55881 0.125 0.949202
0.625 0.147623 0.935347
0.75 0.185352 0.905539
0.875 0.222742 0.874643
0.970673 0.25 0.850585
1 0.260263 0.842885
1.125 0.299313 0.810442
1.25 0.339198 0.778737
1.35888 0.375 0.751238
1.375 0.38113 0.746972
1.5 0.42856 0.711795
1.625 0.483086 0.66502
1.66016 0.5 0.647497
1.75 0.549332 0.590116
1.86251 0.625 0.491095
1.875 0.634404 0.478398
1.9375 0.6875 0.41042

0.0502286 0.125 1
0.0761339 0.25 0.992673
0.101197 0.375 0.983487
0.12475 0.5 0.972413
0.125 0.501584 0.972261
0.151075 0.625 0.958248
0.175785 0.75 0.942138
0.200745 0.875 0.92572
0.227678 1 0.908952
0.25 1.09362 0.896122
0.258875 1.125 0.891634
0.29503 1.25 0.873595
0.336205 1.375 0.855663
0.375 1.47483 0.841013
0.386376 1.5 0.837183
0.447465 1.625 0.818126
0.5 1.71459 0.804087
0.524633 1.75 0.798243
0.624475 1.875 0.777275
0.625 1.87559 0.77717
0.6875 1.9375 0.76543

