0.0450567 0.125 1
0.0709477 0.25 0.989272
0.0974178 0.375 0.975471
0.123106 0.5 0.95892
0.125 0.511008 0.957348
0.151463 0.625 0.938008
0.178388 0.75 0.914387
0.20532 0.875 0.89079
0.233828 1 0.8672
0.25 1.06745 0.854436
0.26635 1.125 0.843224
0.302809 1.25 0.819016
0.344008 1.375 0.795269
0.375 1.45725 0.779498
0.393676 1.5 0.77107
0.453502 1.625 0.746487
0.5 1.7069 0.729648
0.528832 1.75 0.720034
0.625 1.87376 0.68812
0.626162 1.875 0.687716
0.6875 1.9375 0.665401

0.125 0.0332343 1
0.25 0.0573987 0.98784
0.375 0.0859271 0.971143
0.5 0.116588 0.9502
0.539527 0.125 0.942833
0.625 0.150313 0.92341
0.75 0.183816 0.891592
0.875 0.216972 0.859564
0.998331 0.25 0.828037
1 0.250546 0.827594
1.125 0.287134 0.794699
1.25 0.325395 0.762814
1.375 0.366942 0.729646
1.39853 0.375 0.72284
1.5 0.41518 0.688188
1.625 0.471679 0.626731
1.68012 0.5 0.588965
1.75 0.541437 0.530984
1.86735 0.625 0.413881
1.875 0.631284 0.405016
1.9375 0.6875 0.335384

