0.125 0.0268235 1
0.25 0.0489012 0.990591
0.375 0.0774029 0.976957
0.5 0.110382 0.958727
0.560464 0.125 0.94843
0.625 0.147291 0.934783
0.75 0.185342 0.904805
0.875 0.223084 0.87377
0.968952 0.25 0.850063
1 0.260931 0.841881
1.125 0.300211 0.809344
1.25 0.340256 0.777593
1.35589 0.375 0.750938
1.375 0.38225 0.745916
1.5 0.429614 0.711449
1.625 0.483991 0.666718
1.65846 0.5 0.650313
1.75 0.549957 0.592852
1.8621 0.625 0.491599
1.875 0.63465 0.478885
1.9375 0.6875 0.408188

0.050435 0.125 1
0.0763045 0.25 0.992692
0.101289 0.375 0.983541
0.124756 0.5 0.972516
0.125 0.501548 0.972369
0.150992 0.625 0.958445
0.175632 0.75 0.942459
0.200545 0.875 0.926164
0.227449 1 0.909513
0.25 1.09454 0.896639
0.258615 1.125 0.892311
0.294774 1.25 0.874381
0.335967 1.375 0.856545
0.375 1.47534 0.841889
0.386158 1.5 0.838153
0.447292 1.625 0.819179
0.5 1.7148 0.805163
0.524514 1.75 0.799374
0.624438 1.875 0.778484
0.625 1.87563 0.778372
0.6875 1.9375 0.76668

