0.125 0.0269084 1
0.25 0.0490233 0.986918
0.375 0.0775371 0.968209
0.5 0.110492 0.944022
0.560123 0.125 0.930785
0.625 0.14736 0.913332
0.75 0.185345 0.876159
0.875 0.223014 0.838776
0.969305 0.25 0.810633
1 0.260793 0.801139
1.125 0.300026 0.763199
1.25 0.340038 0.725091
1.35651 0.375 0.68612
1.375 0.382018 0.67769
1.5 0.429396 0.599741
1.625 0.483804 0.473219
1.65881 0.5 0.431563
1.75 0.549827 0.314544
1.86218 0.625 0.183242
1.875 0.634599 0.171166
1.9375 0.6875 0.115386

0.0503925 0.125 1
0.0762694 0.25 0.989839
0.10127 0.375 0.977122
0.124755 0.5 0.962144
0.125 0.501555 0.961945
0.151009 0.625 0.94347
0.175664 0.75 0.922771
0.200586 0.875 0.902159
0.227496 1 0.881512
0.25 1.09435 0.865823
0.258669 1.125 0.860543
0.294827 1.25 0.838999
0.336016 1.375 0.817836
0.375 1.47524 0.800619
0.386203 1.5 0.796224
0.447328 1.625 0.774086
0.5 1.71475 0.757808
0.524539 1.75 0.751084
0.624445 1.875 0.726851
0.625 1.87562 0.726723
0.6875 1.9375 0.712922

