0.125 0.0282832 1
0.25 0.0509818 0.990738
0.375 0.079663 0.977461
0.5 0.112199 0.959877
0.554643 0.125 0.950972
0.625 0.148422 0.936652
0.75 0.185348 0.907527
0.875 0.221868 0.877331
0.97511 0.25 0.852718
1 0.258582 0.846328
1.125 0.297074 0.814538
1.25 0.336569 0.783455
1.36626 0.375 0.754636
1.375 0.378342 0.752365
1.5 0.425949 0.718048
1.625 0.480842 0.673812
1.6643 0.5 0.655492
1.75 0.547784 0.604949
1.86353 0.625 0.513353
1.875 0.633791 0.502678
1.9375 0.6875 0.440173

0.0497058 0.125 1
0.0756994 0.25 0.992624
0.100964 0.375 0.983346
0.124732 0.5 0.972138
0.125 0.501684 0.971975
0.151287 0.625 0.957751
0.176174 0.75 0.941363
0.201255 0.875 0.92467
0.22826 1 0.907639
0.25 1.09127 0.894951
0.259535 1.125 0.890059
0.29568 1.25 0.871775
0.33681 1.375 0.853628
0.375 1.47353 0.839015
0.386932 1.5 0.834945
0.447905 1.625 0.815701
0.5 1.71406 0.801623
0.524935 1.75 0.795641
0.624569 1.875 0.774496
0.625 1.87548 0.774409
0.6875 1.9375 0.762556

