0.047556 0.125 1
0.0737577 0.25 0.992435
0.0997591 0.375 0.982788
0.124425 0.5 0.971043
0.125 0.5035 0.970686
0.151899 0.625 0.95582
0.177595 0.75 0.938382
0.203295 0.875 0.920627
0.230731 1 0.902557
0.25 1.08104 0.89065
0.262417 1.125 0.883921
0.298576 1.25 0.864671
0.339593 1.375 0.845634
0.375 1.4674 0.831319
0.389514 1.5 0.826094
0.449987 1.625 0.806056
0.5 1.71148 0.791863
0.526377 1.75 0.785221
0.625 1.87492 0.763333
0.62508 1.875 0.763318
0.6875 1.9375 0.751246

0.125 0.0319169 1
0.25 0.0559446 0.991079
0.375 0.0847926 0.978586
0.5 0.116081 0.962339
0.541037 0.125 0.956261
0.625 0.150617 0.940787
0.75 0.18494 0.91429
0.875 0.218744 0.886912
0.991187 0.25 0.86105
1 0.252903 0.858996
1.125 0.289792 0.829965
1.25 0.328146 0.801654
1.375 0.369583 0.773648
1.391 0.375 0.770024
1.5 0.417663 0.744241
1.625 0.473715 0.711661
1.67675 0.5 0.695357
1.75 0.542859 0.667408
1.8666 0.625 0.606147
1.875 0.631811 0.600762
1.9375 0.6875 0.555015

