0.125 0.0264224 1
0.25 0.0483225 0.986845
0.375 0.0767647 0.967959
0.5 0.109859 0.943454
0.56208 0.125 0.929572
0.625 0.146958 0.912459
0.75 0.185325 0.875086
0.875 0.223415 0.837561
0.967299 0.25 0.809946
1 0.261582 0.799801
1.125 0.301092 0.761795
1.25 0.341296 0.724177
1.35294 0.375 0.688396
1.375 0.383348 0.679127
1.5 0.43065 0.604297
1.625 0.484879 0.474508
1.65677 0.5 0.433534
1.75 0.55057 0.303602
1.86168 0.625 0.1645
1.875 0.63489 0.15046
1.9375 0.6875 0.0950377

0.0506362 0.125 1
0.0764704 0.25 0.98987
0.101377 0.375 0.977208
0.124762 0.5 0.962305
0.125 0.501512 0.962113
0.150911 0.625 0.943771
0.175484 0.75 0.92325
0.20035 0.875 0.902808
0.227227 1 0.88232
0.25 1.09544 0.866561
0.258363 1.125 0.861503
0.294526 1.25 0.840099
0.335735 1.375 0.819059
0.375 1.47584 0.801828
0.385945 1.5 0.797561
0.447125 1.625 0.775531
0.5 1.715 0.759282
0.5244 1.75 0.752634
0.624402 1.875 0.728515
0.625 1.87567 0.728377
0.6875 1.9375 0.71478

