0.125 0.0272866 1
0.25 0.0495655 0.986973
0.375 0.0781303 0.968396
0.5 0.110973 0.944445
0.558608 0.125 0.931692
0.625 0.147663 0.913984
0.75 0.185353 0.876995
0.875 0.2227 0.839761
0.970885 0.25 0.811241
1 0.260182 0.802267
1.125 0.299203 0.764429
1.25 0.339069 0.726092
1.35924 0.375 0.685141
1.375 0.380994 0.677826
1.5 0.428432 0.598659
1.625 0.482976 0.475196
1.66036 0.5 0.433269
1.75 0.549256 0.322959
1.86256 0.625 0.196158
1.875 0.634374 0.183723
1.9375 0.6875 0.127869

0.0502034 0.125 1
0.076113 0.25 0.989815
0.101186 0.375 0.977055
0.124749 0.5 0.962017
0.125 0.501588 0.961813
0.151085 0.625 0.943235
0.175804 0.75 0.9224
0.20077 0.875 0.901658
0.227706 1 0.880891
0.25 1.0935 0.86526
0.258907 1.125 0.859805
0.295061 1.25 0.838153
0.336234 1.375 0.816896
0.375 1.47477 0.799693
0.386403 1.5 0.795197
0.447486 1.625 0.772976
0.5 1.71456 0.756677
0.524647 1.75 0.749893
0.624479 1.875 0.725574
0.625 1.87558 0.725453
0.6875 1.9375 0.711456

