0.0462884 0.125 1
0.0723426 0.25 0.992359
0.0985901 0.375 0.982556
0.123775 0.5 0.970564
0.125 0.507284 0.969802
0.151692 0.625 0.95501
0.178004 0.75 0.937075
0.204319 0.875 0.918757
0.232291 1 0.900084
0.25 1.07417 0.888824
0.264399 1.125 0.880803
0.300699 1.25 0.860981
0.341805 1.375 0.841347
0.375 1.46236 0.8274
0.391602 1.5 0.821194
0.451746 1.625 0.800587
0.5 1.70921 0.786377
0.527607 1.75 0.779165
0.625 1.87434 0.75683
0.625625 1.875 0.756702
0.6875 1.9375 0.744391

0.125 0.0325848 1
0.25 0.0566854 0.991173
0.375 0.0853733 0.978877
0.5 0.116342 0.96294
0.540262 0.125 0.957101
0.625 0.150464 0.941842
0.75 0.184367 0.915936
0.875 0.217839 0.889137
0.994826 0.25 0.862992
1 0.251698 0.861811
1.125 0.288433 0.833327
1.25 0.32674 0.805507
1.375 0.368234 0.777951
1.39487 0.375 0.773523
1.5 0.416393 0.749244
1.625 0.472674 0.718148
1.67848 0.5 0.702468
1.75 0.542131 0.677134
1.86699 0.625 0.621125
1.875 0.631541 0.616273
1.9375 0.6875 0.574093

