0.0479065 0.125 1
0.0741443 0.25 0.992455
0.100073 0.375 0.982851
0.124593 0.5 0.971173
0.125 0.502495 0.97092
0.151943 0.625 0.956042
0.177471 0.75 0.938744
0.203002 0.875 0.921148
0.230291 1 0.903249
0.25 1.08298 0.891172
0.261861 1.125 0.884796
0.297986 1.25 0.865708
0.338979 1.375 0.846842
0.375 1.46879 0.83244
0.388935 1.5 0.827478
0.449501 1.625 0.807602
0.5 1.7121 0.793423
0.526038 1.75 0.786936
0.624933 1.875 0.765192
0.625 1.87508 0.765179
0.6875 1.9375 0.752934

0.125 0.0317313 1
0.25 0.0557378 0.991053
0.375 0.0846298 0.978502
0.5 0.116007 0.962166
0.541253 0.125 0.956019
0.625 0.15066 0.940487
0.75 0.185102 0.913831
0.875 0.218999 0.886298
0.990167 0.25 0.860528
1 0.253242 0.858224
1.125 0.290175 0.829048
1.25 0.328542 0.800606
1.375 0.369963 0.772481
1.3899 0.375 0.769091
1.5 0.418021 0.742873
1.625 0.474009 0.709873
1.67626 0.5 0.693534
1.75 0.543064 0.664648
1.86649 0.625 0.601903
1.875 0.631887 0.596371
1.9375 0.6875 0.549655

