0.125 0.0274299 1
0.25 0.0497702 0.990654
0.375 0.0783533 0.977177
0.5 0.111153 0.959238
0.558036 0.125 0.949546
0.625 0.147775 0.935599
0.75 0.185354 0.905898
0.875 0.222581 0.875105
0.971487 0.25 0.850917
1 0.259951 0.843454
1.125 0.298894 0.811099
1.25 0.338705 0.779469
1.36027 0.375 0.751653
1.375 0.380608 0.747754
1.5 0.42807 0.712534
1.625 0.482666 0.665688
1.66094 0.5 0.647892
1.75 0.549042 0.591183
1.86271 0.625 0.493416
1.875 0.63429 0.480805
1.9375 0.6875 0.414501

0.0501318 0.125 1
0.0760537 0.25 0.992664
0.101154 0.375 0.983461
0.124747 0.5 0.972363
0.125 0.501601 0.972209
0.151114 0.625 0.958156
0.175857 0.75 0.941991
0.200839 0.875 0.92552
0.227786 1 0.9087
0.25 1.09318 0.895894
0.258997 1.125 0.891331
0.29515 1.25 0.873244
0.336317 1.375 0.85527
0.375 1.47459 0.840625
0.386479 1.5 0.836751
0.447546 1.625 0.817657
0.5 1.71449 0.80361
0.524688 1.75 0.79774
0.624492 1.875 0.776738
0.625 1.87557 0.776636
0.6875 1.9375 0.764874

