0.0384859 0.125 1
0.0631674 0.25 0.988667
0.0905146 0.375 0.973629
0.118825 0.5 0.955152
0.125 0.531634 0.950014
0.149718 0.625 0.93184
0.180197 0.75 0.904606
0.210771 0.875 0.877067
0.242431 1 0.849388
0.25 1.03086 0.842496
0.277338 1.125 0.821039
0.315029 1.25 0.793007
0.356777 1.375 0.765315
0.375 1.42592 0.753844
0.405664 1.5 0.736281
0.463777 1.625 0.703271
0.5 1.69241 0.680719
0.53596 1.75 0.65656
0.625 1.87015 0.585842
0.629206 1.875 0.582366
0.6875 1.9375 0.531047

0.125 0.0367127 1
0.25 0.0611011 0.988451
0.375 0.0887141 0.972975
0.5 0.117752 0.953829
0.535956 0.125 0.947746
0.625 0.149463 0.929624
0.75 0.180957 0.901122
0.875 0.212512 0.872267
1 0.244972 0.843277
1.02043 0.25 0.838488
1.125 0.280519 0.813513
1.25 0.318539 0.784258
1.375 0.360347 0.755253
1.41657 0.375 0.745237
1.5 0.409012 0.723682
1.625 0.466622 0.684768
1.68811 0.5 0.658391
1.75 0.537924 0.62551
1.86912 0.625 0.538061
1.875 0.629992 0.532553
1.9375 0.6875 0.472805

