0.125 0.0265039 1
0.25 0.0484404 0.986858
0.375 0.0768951 0.968002
0.5 0.109967 0.943551
0.561751 0.125 0.92978
0.625 0.147027 0.912609
0.75 0.185329 0.875265
0.875 0.223348 0.837759
0.967633 0.25 0.810051
1 0.26145 0.800013
1.125 0.300912 0.762011
1.25 0.341084 0.724301
1.35354 0.375 0.687926
1.375 0.383124 0.678669
1.5 0.430439 0.603346
1.625 0.484698 0.473659
1.65712 0.5 0.432511
1.75 0.550445 0.304129
1.86177 0.625 0.167611
1.875 0.634841 0.154731
1.9375 0.6875 0.0992965

0.0505953 0.125 1
0.0764366 0.25 0.989865
0.101359 0.375 0.977194
0.124761 0.5 0.962278
0.125 0.50152 0.962085
0.150927 0.625 0.94372
0.175514 0.75 0.923169
0.20039 0.875 0.902698
0.227272 1 0.882183
0.25 1.09526 0.866435
0.258414 1.125 0.86134
0.294576 1.25 0.839913
0.335782 1.375 0.818852
0.375 1.47574 0.801623
0.385989 1.5 0.797335
0.447159 1.625 0.775286
0.5 1.71496 0.759032
0.524423 1.75 0.752371
0.624409 1.875 0.728233
0.625 1.87566 0.728097
0.6875 1.9375 0.71447

