0.125 0.0271935 1
0.25 0.0494322 0.986959
0.375 0.0779848 0.968351
0.5 0.110855 0.944344
0.55898 0.125 0.931474
0.625 0.147589 0.913828
0.75 0.185351 0.876785
0.875 0.222777 0.839504
0.970494 0.25 0.811067
1 0.260332 0.801962
1.125 0.299405 0.764086
1.25 0.339307 0.725787
1.35857 0.375 0.685111
1.375 0.381245 0.677631
1.5 0.428668 0.59889
1.625 0.483179 0.474686
1.65998 0.5 0.432835
1.75 0.549397 0.319263
1.86247 0.625 0.192929
1.875 0.63443 0.180581
1.9375 0.6875 0.125284

0.0502499 0.125 1
0.0761516 0.25 0.989821
0.101207 0.375 0.977072
0.12475 0.5 0.962048
0.125 0.50158 0.961846
0.151067 0.625 0.943293
0.175769 0.75 0.92249
0.200725 0.875 0.901779
0.227654 1 0.881041
0.25 1.09371 0.865394
0.258848 1.125 0.859983
0.295004 1.25 0.838356
0.33618 1.375 0.817122
0.375 1.47489 0.799914
0.386354 1.5 0.795444
0.447447 1.625 0.773242
0.5 1.71461 0.756948
0.52462 1.75 0.750179
0.624471 1.875 0.72588
0.625 1.87559 0.725757
0.6875 1.9375 0.711807

