0.0464356 0.125 1
0.072508 0.25 0.98939
0.0987278 0.375 0.975826
0.123853 0.5 0.959638
0.125 0.506842 0.958686
0.151717 0.625 0.93918
0.177957 0.75 0.916227
0.2042 0.875 0.893361
0.232108 1 0.87053
0.25 1.07497 0.856807
0.264168 1.125 0.847356
0.30045 1.25 0.823846
0.341546 1.375 0.800825
0.375 1.46295 0.784473
0.391357 1.5 0.77738
0.451539 1.625 0.753512
0.5 1.70948 0.736965
0.527463 1.75 0.72846
0.625 1.87441 0.69982
0.625561 1.875 0.699688
0.6875 1.9375 0.680755

0.125 0.0325072 1
0.25 0.0565997 0.987702
0.375 0.0853064 0.970725
0.5 0.116313 0.949368
0.540351 0.125 0.941687
0.625 0.150482 0.921989
0.75 0.184433 0.889424
0.875 0.217943 0.856688
0.994405 0.25 0.825529
1 0.251837 0.824013
1.125 0.28859 0.790461
1.25 0.326902 0.757888
1.375 0.368389 0.723426
1.39442 0.375 0.717476
1.5 0.41654 0.678411
1.625 0.472794 0.610461
1.67829 0.5 0.571036
1.75 0.542215 0.506035
1.86694 0.625 0.385085
1.875 0.631572 0.375973
1.9375 0.6875 0.306009

