0.125 0.0273387 1
0.25 0.04964 0.990645
0.375 0.0782115 0.977145
0.5 0.111038 0.959166
0.5584 0.125 0.949386
0.625 0.147704 0.935481
0.75 0.185353 0.905728
0.875 0.222657 0.874884
0.971104 0.25 0.850754
1 0.260098 0.843179
1.125 0.299091 0.81078
1.25 0.338937 0.779111
1.35961 0.375 0.751441
1.375 0.380854 0.747364
1.5 0.4283 0.712169
1.625 0.482863 0.66551
1.66057 0.5 0.647491
1.75 0.549178 0.590662
1.86262 0.625 0.491649
1.875 0.634344 0.480275
1.9375 0.6875 0.412489

0.0501773 0.125 1
0.0760915 0.25 0.992669
0.101175 0.375 0.983473
0.124748 0.5 0.972386
0.125 0.501593 0.972234
0.151096 0.625 0.958199
0.175823 0.75 0.94206
0.200795 0.875 0.925614
0.227735 1 0.908818
0.25 1.09339 0.896
0.258939 1.125 0.891472
0.295094 1.25 0.873408
0.336264 1.375 0.855453
0.375 1.47471 0.840806
0.386431 1.5 0.836952
0.447508 1.625 0.817876
0.5 1.71454 0.803833
0.524662 1.75 0.797975
0.624484 1.875 0.776988
0.625 1.87558 0.776885
0.6875 1.9375 0.765133

