0.125 0.0264419 1
0.25 0.0483507 0.986848
0.375 0.0767959 0.96797
0.5 0.109885 0.943477
0.562002 0.125 0.929622
0.625 0.146975 0.912495
0.75 0.185326 0.875129
0.875 0.223399 0.837608
0.967379 0.25 0.809971
1 0.26155 0.799851
1.125 0.301049 0.761845
1.25 0.341245 0.724204
1.35309 0.375 0.688278
1.375 0.383294 0.679011
1.5 0.4306 0.603742
1.625 0.484836 0.474616
1.65685 0.5 0.433634
1.75 0.55054 0.30373
1.8617 0.625 0.165942
1.875 0.634878 0.15184
1.9375 0.6875 0.0960902

0.0506264 0.125 1
0.0764623 0.25 0.989869
0.101373 0.375 0.977205
0.124762 0.5 0.962299
0.125 0.501514 0.962106
0.150915 0.625 0.943759
0.175491 0.75 0.92323
0.20036 0.875 0.902782
0.227237 1 0.882287
0.25 1.0954 0.866531
0.258375 1.125 0.861464
0.294538 1.25 0.840055
0.335746 1.375 0.819009
0.375 1.47581 0.801779
0.385956 1.5 0.797507
0.447133 1.625 0.775472
0.5 1.71499 0.759222
0.524405 1.75 0.752571
0.624404 1.875 0.728447
0.625 1.87567 0.72831
0.6875 1.9375 0.714704

