0.125 0.0281899 1
0.25 0.05085 0.987097
0.375 0.0795214 0.968808
0.5 0.112087 0.945346
0.555013 0.125 0.933666
0.625 0.148353 0.915414
0.75 0.18535 0.879102
0.875 0.221946 0.842539
0.974712 0.25 0.813417
1 0.258731 0.805764
1.125 0.297271 0.768546
1.25 0.3368 0.730955
1.36562 0.375 0.68878
1.375 0.378587 0.684498
1.5 0.426178 0.611195
1.625 0.481039 0.497379
1.66394 0.5 0.453582
1.75 0.54792 0.351694
1.86345 0.625 0.226076
1.875 0.633845 0.214416
1.9375 0.6875 0.154818

0.0497523 0.125 1
0.0757382 0.25 0.989756
0.100985 0.375 0.976888
0.124734 0.5 0.9617
0.125 0.501674 0.961483
0.151268 0.625 0.942677
0.17614 0.75 0.921552
0.201209 0.875 0.900533
0.228208 1 0.879509
0.25 1.09148 0.864043
0.259476 1.125 0.858173
0.295622 1.25 0.836292
0.336756 1.375 0.814835
0.375 1.47365 0.797682
0.386883 1.5 0.792948
0.447866 1.625 0.770549
0.5 1.71411 0.754213
0.524908 1.75 0.747292
0.624561 1.875 0.722691
0.625 1.87549 0.722588
0.6875 1.9375 0.708256

