0.125 0.0267809 1
0.25 0.0488399 0.986899
0.375 0.0773355 0.968144
0.5 0.110327 0.943874
0.560635 0.125 0.930471
0.625 0.147256 0.913106
0.75 0.185341 0.875879
0.875 0.223119 0.838457
0.968776 0.25 0.810451
1 0.261 0.800785
1.125 0.300304 0.762825
1.25 0.340366 0.724855
1.35558 0.375 0.686628
1.375 0.382366 0.678083
1.5 0.429723 0.600575
1.625 0.484085 0.473867
1.65828 0.5 0.432423
1.75 0.550021 0.310612
1.86205 0.625 0.178492
1.875 0.634675 0.166558
1.9375 0.6875 0.110622

0.0504564 0.125 1
0.0763221 0.25 0.989848
0.101298 0.375 0.977145
0.124757 0.5 0.962186
0.125 0.501545 0.961989
0.150983 0.625 0.943549
0.175617 0.75 0.922897
0.200524 0.875 0.902329
0.227425 1 0.881725
0.25 1.09464 0.866017
0.258589 1.125 0.860795
0.294748 1.25 0.839288
0.335942 1.375 0.818157
0.375 1.4754 0.800937
0.386135 1.5 0.796576
0.447275 1.625 0.774465
0.5 1.71482 0.758195
0.524502 1.75 0.751491
0.624434 1.875 0.727289
0.625 1.87563 0.727158
0.6875 1.9375 0.713408

