0.125 0.0274299 1
0.25 0.0497702 0.986993
0.375 0.0783533 0.968464
0.5 0.111153 0.944597
0.558036 0.125 0.932019
0.625 0.147775 0.914221
0.75 0.185354 0.877322
0.875 0.222581 0.840173
0.971487 0.25 0.811536
1 0.259951 0.802767
1.125 0.298894 0.765002
1.25 0.338705 0.726694
1.36027 0.375 0.685359
1.375 0.380608 0.678318
1.5 0.42807 0.60016
1.625 0.482666 0.477325
1.66094 0.5 0.435403
1.75 0.549042 0.326904
1.86271 0.625 0.199582
1.875 0.63429 0.18847
1.9375 0.6875 0.131787

0.0501318 0.125 1
0.0760537 0.25 0.989806
0.101154 0.375 0.977029
0.124747 0.5 0.961967
0.125 0.501601 0.961762
0.151114 0.625 0.943146
0.175857 0.75 0.922263
0.200839 0.875 0.901474
0.227786 1 0.880664
0.25 1.09318 0.865058
0.258997 1.125 0.859537
0.29515 1.25 0.837847
0.336317 1.375 0.816557
0.375 1.47459 0.799359
0.386479 1.5 0.794826
0.447546 1.625 0.772575
0.5 1.71449 0.756269
0.524688 1.75 0.749464
0.624492 1.875 0.725106
0.625 1.87557 0.724984
0.6875 1.9375 0.710929

