0.0477789 0.125 1
0.0740045 0.25 0.989502
0.0999608 0.375 0.976161
0.124536 0.5 0.960312
0.125 0.502839 0.959926
0.151932 0.625 0.940288
0.177522 0.75 0.917974
0.203115 0.875 0.895809
0.230458 1 0.873709
0.25 1.08224 0.859142
0.262071 1.125 0.851306
0.298208 1.25 0.828465
0.339209 1.375 0.806145
0.375 1.46827 0.78933
0.389151 1.5 0.783428
0.449682 1.625 0.760246
0.5 1.71187 0.743792
0.526164 1.75 0.736202
0.624986 1.875 0.70979
0.625 1.87502 0.709786
0.6875 1.9375 0.693242

0.125 0.0317994 1
0.25 0.0558136 0.987563
0.375 0.0846894 0.970303
0.5 0.116034 0.948523
0.541175 0.125 0.940517
0.625 0.150644 0.920558
0.75 0.185042 0.887269
0.875 0.218905 0.853852
0.990543 0.25 0.823106
1 0.253117 0.820493
1.125 0.290034 0.786309
1.25 0.328396 0.753043
1.375 0.369823 0.717237
1.39031 0.375 0.712188
1.5 0.417889 0.668343
1.625 0.4739 0.593421
1.67644 0.5 0.551849
1.75 0.542988 0.482159
1.86653 0.625 0.355887
1.875 0.631859 0.346627
1.9375 0.6875 0.278658

