0.0461343 0.125 1
0.0721692 0.25 0.992349
0.0984455 0.375 0.982528
0.123694 0.5 0.970504
0.125 0.507747 0.969692
0.151665 0.625 0.954911
0.178052 0.75 0.936914
0.204444 0.875 0.918526
0.232482 1 0.89978
0.25 1.07333 0.888603
0.264642 1.125 0.880421
0.30096 1.25 0.860528
0.342078 1.375 0.840821
0.375 1.46173 0.826925
0.391859 1.5 0.820594
0.451963 1.625 0.799917
0.5 1.70893 0.785708
0.527759 1.75 0.778424
0.625 1.87427 0.756035
0.625691 1.875 0.755894
0.6875 1.9375 0.743554

0.125 0.032666 1
0.25 0.056775 0.991184
0.375 0.0854432 0.978912
0.5 0.116374 0.963012
0.540169 0.125 0.957201
0.625 0.150445 0.941968
0.75 0.184298 0.916134
0.875 0.21773 0.889406
0.995266 0.25 0.86323
1 0.251552 0.862151
1.125 0.288269 0.833735
1.25 0.326571 0.805976
1.375 0.368071 0.778475
1.39533 0.375 0.773952
1.5 0.41624 0.74985
1.625 0.472548 0.718918
1.67869 0.5 0.703324
1.75 0.542044 0.678309
1.86703 0.625 0.622374
1.875 0.631508 0.61818
1.9375 0.6875 0.576469

