0.125 0.0263941 1
0.25 0.0482816 0.990546
0.375 0.0767195 0.976794
0.5 0.109822 0.958344
0.562195 0.125 0.947597
0.625 0.146935 0.934176
0.75 0.185324 0.904039
0.875 0.223438 0.872885
0.967183 0.25 0.849565
1 0.261628 0.840891
1.125 0.301154 0.808292
1.25 0.341369 0.776535
1.35274 0.375 0.750746
1.375 0.383425 0.744998
1.5 0.430724 0.711482
1.625 0.484942 0.669685
1.65665 0.5 0.655629
1.75 0.550613 0.599417
1.86165 0.625 0.496758
1.875 0.634907 0.481661
1.9375 0.6875 0.407083

0.0506504 0.125 1
0.0764821 0.25 0.992711
0.101383 0.375 0.983596
0.124763 0.5 0.972623
0.125 0.50151 0.97248
0.150905 0.625 0.95865
0.175474 0.75 0.942792
0.200337 0.875 0.926626
0.227211 1 0.910099
0.25 1.0955 0.897182
0.258345 1.125 0.893018
0.294508 1.25 0.875203
0.335719 1.375 0.857467
0.375 1.47587 0.842807
0.38593 1.5 0.839168
0.447113 1.625 0.820281
0.5 1.71501 0.806288
0.524392 1.75 0.800558
0.624399 1.875 0.779749
0.625 1.87567 0.77963
0.6875 1.9375 0.767988

