0.125 0.0276672 1
0.25 0.0501085 0.990678
0.375 0.0787208 0.977258
0.5 0.111448 0.959423
0.557089 0.125 0.949955
0.625 0.147959 0.9359
0.75 0.185355 0.906347
0.875 0.222383 0.875703
0.972489 0.25 0.851378
1 0.259568 0.844212
1.125 0.298384 0.811994
1.25 0.338105 0.780491
1.36195 0.375 0.752347
1.375 0.379973 0.7489
1.5 0.427474 0.713813
1.625 0.482153 0.667385
1.66189 0.5 0.649085
1.75 0.548688 0.594172
1.86294 0.625 0.498549
1.875 0.63415 0.486122
1.9375 0.6875 0.420347

0.0500132 0.125 1
0.0759554 0.25 0.992653
0.101102 0.375 0.983429
0.124743 0.5 0.972301
0.125 0.501622 0.972145
0.151163 0.625 0.958043
0.175945 0.75 0.941815
0.200955 0.875 0.92528
0.227918 1 0.908399
0.25 1.09265 0.895624
0.259146 1.125 0.89097
0.295298 1.25 0.872827
0.336454 1.375 0.854803
0.375 1.4743 0.840166
0.386605 1.5 0.836237
0.447646 1.625 0.8171
0.5 1.71437 0.803044
0.524757 1.75 0.797143
0.624513 1.875 0.776099
0.625 1.87555 0.776001
0.6875 1.9375 0.764214

