0.125 0.0271726 1
0.25 0.0494023 0.986956
0.375 0.0779521 0.968341
0.5 0.110829 0.944321
0.559064 0.125 0.931425
0.625 0.147572 0.913792
0.75 0.185351 0.876738
0.875 0.222795 0.839447
0.970407 0.25 0.81103
1 0.260366 0.801896
1.125 0.29945 0.764013
1.25 0.33936 0.725709
1.35842 0.375 0.685253
1.375 0.381302 0.677543
1.5 0.428721 0.598789
1.625 0.483225 0.474575
1.6599 0.5 0.43274
1.75 0.549428 0.319156
1.86245 0.625 0.191419
1.875 0.634442 0.179114
1.9375 0.6875 0.124077

0.0502604 0.125 1
0.0761602 0.25 0.989823
0.101211 0.375 0.977075
0.124751 0.5 0.962055
0.125 0.501578 0.961853
0.151062 0.625 0.943306
0.175762 0.75 0.92251
0.200714 0.875 0.901806
0.227643 1 0.881075
0.25 1.09376 0.865425
0.258835 1.125 0.860023
0.294991 1.25 0.838402
0.336168 1.375 0.817173
0.375 1.47491 0.799965
0.386343 1.5 0.7955
0.447439 1.625 0.773302
0.5 1.71462 0.757009
0.524614 1.75 0.750243
0.624469 1.875 0.72595
0.625 1.87559 0.725826
0.6875 1.9375 0.71189

