0.0471812 0.125 1
0.0733415 0.25 0.992412
0.0994174 0.375 0.982721
0.124237 0.5 0.970903
0.125 0.504613 0.970429
0.15184 0.625 0.955583
0.177717 0.75 0.937998
0.203597 0.875 0.920077
0.23119 1 0.901827
0.25 1.07901 0.890104
0.263001 1.125 0.883001
0.299199 1.25 0.863582
0.340242 1.375 0.844367
0.375 1.46593 0.830152
0.390127 1.5 0.824645
0.450502 1.625 0.804438
0.5 1.71082 0.790234
0.526738 1.75 0.783427
0.625 1.87475 0.761405
0.62524 1.875 0.761357
0.6875 1.9375 0.749214

0.125 0.0321143 1
0.25 0.0561643 0.991107
0.375 0.0849654 0.978673
0.5 0.116159 0.96252
0.540806 0.125 0.956514
0.625 0.150572 0.941102
0.75 0.18477 0.914778
0.875 0.218475 0.88757
0.992266 0.25 0.861619
1 0.252544 0.859827
1.125 0.289388 0.830956
1.25 0.327728 0.802788
1.375 0.369182 0.774914
1.39215 0.375 0.771046
1.5 0.417285 0.745713
1.625 0.473405 0.713543
1.67727 0.5 0.697433
1.75 0.542642 0.670229
1.86671 0.625 0.610413
1.875 0.63173 0.605176
1.9375 0.6875 0.560384

