0.0411841 0.125 1
0.0664324 0.25 0.992036
0.093487 0.375 0.981554
0.120737 0.5 0.96847
0.125 0.523012 0.965802
0.150551 0.625 0.951487
0.17951 0.75 0.931366
0.20851 0.875 0.910583
0.238809 1 0.889289
0.25 1.04607 0.881301
0.27269 1.125 0.867184
0.309796 1.25 0.84485
0.351309 1.375 0.82264
0.375 1.43972 0.810982
0.40053 1.5 0.799839
0.459357 1.625 0.776774
0.5 1.69885 0.762848
0.5329 1.75 0.752814
0.625 1.87175 0.727592
0.627917 1.875 0.726856
0.6875 1.9375 0.711756

0.125 0.0352806 1
0.25 0.0596004 0.991524
0.375 0.0876025 0.979965
0.5 0.117303 0.965168
0.537347 0.125 0.960175
0.625 0.149823 0.945782
0.75 0.182117 0.92216
0.875 0.214313 0.897623
1 0.247208 0.872503
1.01137 0.25 0.87017
1.125 0.283178 0.846254
1.25 0.321296 0.820319
1.375 0.363001 0.794594
1.40944 0.375 0.78742
1.5 0.411488 0.768163
1.625 0.468651 0.741023
1.68496 0.5 0.72686
1.75 0.539331 0.70961
1.86843 0.625 0.670019
1.875 0.630507 0.667344
1.9375 0.6875 0.637973

