0.0476356 0.125 1
0.0738459 0.25 0.992439
0.0998312 0.375 0.982803
0.124465 0.5 0.971072
0.125 0.503263 0.97074
0.151911 0.625 0.95587
0.177569 0.75 0.938464
0.203231 0.875 0.920744
0.230633 1 0.902712
0.25 1.08147 0.890767
0.262294 1.125 0.884117
0.298445 1.25 0.864904
0.339456 1.375 0.845905
0.375 1.46771 0.83157
0.389384 1.5 0.826404
0.449878 1.625 0.806402
0.5 1.71162 0.792212
0.526301 1.75 0.785606
0.625 1.87495 0.763747
0.625046 1.875 0.763738
0.6875 1.9375 0.751681

0.125 0.0318749 1
0.25 0.0558979 0.991073
0.375 0.0847558 0.978567
0.5 0.116064 0.9623
0.541086 0.125 0.956207
0.625 0.150627 0.940719
0.75 0.184977 0.914186
0.875 0.218801 0.886772
0.990957 0.25 0.86093
1 0.252979 0.85882
1.125 0.289878 0.829756
1.25 0.328235 0.801415
1.375 0.369669 0.773382
1.39075 0.375 0.76981
1.5 0.417744 0.743928
1.625 0.473781 0.711247
1.67664 0.5 0.695056
1.75 0.542905 0.666756
1.86657 0.625 0.605127
1.875 0.631828 0.599706
1.9375 0.6875 0.553716

