0.125 0.0289039 1
0.25 0.051855 0.987192
0.375 0.0805961 0.969115
0.5 0.112934 0.946008
0.552192 0.125 0.935125
0.625 0.148868 0.916479
0.75 0.185329 0.88077
0.875 0.221349 0.84483
0.977782 0.25 0.81534
1 0.257596 0.808732
1.125 0.295777 0.772115
1.25 0.33505 0.735467
1.3705 0.375 0.693542
1.375 0.376725 0.691583
1.5 0.424444 0.624174
1.625 0.479547 0.517719
1.66664 0.5 0.473943
1.75 0.546891 0.379317
1.86411 0.625 0.250329
1.875 0.633435 0.239825
1.9375 0.6875 0.178168

0.0493961 0.125 1
0.07544 0.25 0.989709
0.100823 0.375 0.976753
0.12472 0.5 0.961445
0.125 0.501755 0.961215
0.151411 0.625 0.942234
0.176405 0.75 0.92089
0.201557 0.875 0.899662
0.228606 1 0.878445
0.25 1.08987 0.863123
0.259926 1.125 0.85692
0.296066 1.25 0.834866
0.33717 1.375 0.813259
0.375 1.47275 0.796154
0.387263 1.5 0.79123
0.448167 1.625 0.768696
0.5 1.71374 0.752336
0.525115 1.75 0.745307
0.624627 1.875 0.72047
0.625 1.87542 0.720382
0.6875 1.9375 0.705757

