0.0379282 0.125 1
0.0624801 0.25 0.991812
0.0898748 0.375 0.980852
0.118401 0.5 0.966984
0.125 0.533442 0.962825
0.149523 0.625 0.948972
0.180327 0.75 0.927238
0.211242 0.875 0.904634
0.243197 1 0.881407
0.25 1.02768 0.876157
0.278327 1.125 0.857193
0.316153 1.25 0.832997
0.35795 1.375 0.808897
0.375 1.42287 0.799542
0.406768 1.5 0.784126
0.46473 1.625 0.75922
0.5 1.69098 0.745463
0.536618 1.75 0.732351
0.625 1.86979 0.702107
0.62948 1.875 0.700495
0.6875 1.9375 0.679963

0.125 0.0370097 1
0.25 0.0614082 0.991733
0.375 0.0889385 0.980603
0.5 0.11784 0.966465
0.535682 0.125 0.961928
0.625 0.149387 0.948077
0.75 0.180719 0.925787
0.875 0.212144 0.902586
1 0.244515 0.878748
1.02228 0.25 0.874409
1.125 0.279979 0.853871
1.25 0.317978 0.829098
1.375 0.359806 0.804435
1.418 0.375 0.795836
1.5 0.408509 0.779078
1.625 0.466209 0.7535
1.68874 0.5 0.739734
1.75 0.537639 0.725405
1.86926 0.625 0.692557
1.875 0.629889 0.690785
1.9375 0.6875 0.667675

