0.125 0.0264518 1
0.25 0.0483651 0.990552
0.375 0.0768118 0.976817
0.5 0.109898 0.958397
0.561961 0.125 0.947712
0.625 0.146983 0.934259
0.75 0.185327 0.904141
0.875 0.22339 0.872999
0.967419 0.25 0.849624
1 0.261534 0.841014
1.125 0.301027 0.808418
1.25 0.341219 0.776656
1.35316 0.375 0.750751
1.375 0.383267 0.745092
1.5 0.430574 0.7114
1.625 0.484814 0.669183
1.65689 0.5 0.654528
1.75 0.550525 0.598304
1.86171 0.625 0.495845
1.875 0.634872 0.480711
1.9375 0.6875 0.405954

0.0506214 0.125 1
0.0764582 0.25 0.992709
0.101371 0.375 0.983589
0.124762 0.5 0.972609
0.125 0.501515 0.972465
0.150917 0.625 0.958622
0.175495 0.75 0.942747
0.200365 0.875 0.926564
0.227243 1 0.910019
0.25 1.09537 0.897108
0.258382 1.125 0.892921
0.294544 1.25 0.875091
0.335752 1.375 0.857341
0.375 1.4758 0.842681
0.385961 1.5 0.83903
0.447137 1.625 0.820131
0.5 1.71498 0.806134
0.524408 1.75 0.800396
0.624405 1.875 0.779577
0.625 1.87567 0.779458
0.6875 1.9375 0.76781

