0.125 0.027041 1
0.25 0.0492136 0.986937
0.375 0.0777457 0.968276
0.5 0.110661 0.944175
0.559591 0.125 0.93111
0.625 0.147467 0.913566
0.75 0.185348 0.876446
0.875 0.222904 0.839101
0.969857 0.25 0.810813
1 0.260579 0.801497
1.125 0.299737 0.763575
1.25 0.339697 0.725344
1.35747 0.375 0.685562
1.375 0.381658 0.677466
1.5 0.429057 0.598881
1.625 0.483513 0.473882
1.65936 0.5 0.432144
1.75 0.549627 0.316864
1.86232 0.625 0.188045
1.875 0.63452 0.175832
1.9375 0.6875 0.12027

0.0503262 0.125 1
0.0762146 0.25 0.989831
0.101241 0.375 0.977099
0.124753 0.5 0.9621
0.125 0.501567 0.961899
0.151036 0.625 0.943387
0.175713 0.75 0.922639
0.20065 0.875 0.90198
0.22757 1 0.88129
0.25 1.09406 0.86562
0.258752 1.125 0.860279
0.294909 1.25 0.838695
0.336092 1.375 0.817499
0.375 1.47507 0.800286
0.386273 1.5 0.795855
0.447383 1.625 0.773687
0.5 1.71469 0.757401
0.524577 1.75 0.750656
0.624457 1.875 0.726392
0.625 1.87561 0.726266
0.6875 1.9375 0.71239

