0.125 0.0264826 1
0.25 0.0484096 0.990555
0.375 0.0768611 0.976828
0.5 0.109939 0.958425
0.561837 0.125 0.947773
0.625 0.147009 0.934304
0.75 0.185328 0.904195
0.875 0.223365 0.87306
0.967546 0.25 0.849656
1 0.261484 0.841081
1.125 0.300959 0.808488
1.25 0.341139 0.776724
1.35339 0.375 0.750759
1.375 0.383182 0.74515
1.5 0.430494 0.711383
1.625 0.484746 0.668825
1.65702 0.5 0.65427
1.75 0.550477 0.59775
1.86174 0.625 0.494787
1.875 0.634854 0.480881
1.9375 0.6875 0.40615

0.050606 0.125 1
0.0764455 0.25 0.992707
0.101364 0.375 0.983585
0.124761 0.5 0.972601
0.125 0.501518 0.972457
0.150923 0.625 0.958607
0.175506 0.75 0.942723
0.20038 0.875 0.92653
0.22726 1 0.909977
0.25 1.09531 0.897068
0.258401 1.125 0.89287
0.294563 1.25 0.875031
0.33577 1.375 0.857274
0.375 1.47576 0.842615
0.385977 1.5 0.838956
0.44715 1.625 0.820051
0.5 1.71497 0.806053
0.524417 1.75 0.80031
0.624407 1.875 0.779485
0.625 1.87566 0.779367
0.6875 1.9375 0.767715

