0.125 0.0281054 1
0.25 0.0507304 0.990721
0.375 0.0793928 0.977403
0.5 0.111985 0.959748
0.555348 0.125 0.950684
0.625 0.14829 0.936438
0.75 0.185352 0.907186
0.875 0.222017 0.876856
0.974351 0.25 0.85232
1 0.258866 0.845705
1.125 0.29745 0.813786
1.25 0.337009 0.782573
1.36503 0.375 0.75393
1.375 0.37881 0.751326
1.5 0.426386 0.71677
1.625 0.481218 0.671742
1.66361 0.5 0.653234
1.75 0.548043 0.601564
1.86336 0.625 0.508622
1.875 0.633894 0.497792
1.9375 0.6875 0.434738

0.0497945 0.125 1
0.0757734 0.25 0.992633
0.101004 0.375 0.98337
0.124735 0.5 0.972186
0.125 0.501665 0.972025
0.151251 0.625 0.957835
0.176108 0.75 0.941493
0.201168 0.875 0.924845
0.228161 1 0.907857
0.25 1.09167 0.895143
0.259422 1.125 0.89032
0.29557 1.25 0.872076
0.336707 1.375 0.853964
0.375 1.47375 0.839344
0.386838 1.5 0.835315
0.44783 1.625 0.816101
0.5 1.71415 0.802029
0.524883 1.75 0.79607
0.624553 1.875 0.774954
0.625 1.8755 0.774864
0.6875 1.9375 0.763029

