0.0476356 0.125 1
0.0738459 0.25 0.98949
0.0998312 0.375 0.976126
0.124465 0.5 0.960242
0.125 0.503263 0.959797
0.151911 0.625 0.940171
0.177569 0.75 0.917788
0.203231 0.875 0.895547
0.230633 1 0.873368
0.25 1.08147 0.858885
0.262294 1.125 0.850881
0.298445 1.25 0.827968
0.339456 1.375 0.805571
0.375 1.46771 0.788799
0.389384 1.5 0.782775
0.449878 1.625 0.759518
0.5 1.71162 0.743056
0.526301 1.75 0.735385
0.625 1.87495 0.708741
0.625046 1.875 0.70873
0.6875 1.9375 0.692263

0.125 0.0318749 1
0.25 0.0558979 0.987578
0.375 0.0847558 0.970349
0.5 0.116064 0.948616
0.541086 0.125 0.940646
0.625 0.150627 0.920713
0.75 0.184977 0.887499
0.875 0.218801 0.854152
0.990957 0.25 0.823358
1 0.252979 0.820864
1.125 0.289878 0.786745
1.25 0.328235 0.753555
1.375 0.369669 0.717856
1.39075 0.375 0.712802
1.5 0.417744 0.669536
1.625 0.473781 0.594771
1.67664 0.5 0.553366
1.75 0.542905 0.483983
1.86657 0.625 0.359482
1.875 0.631828 0.350236
1.9375 0.6875 0.280594

