0.0474709 0.125 1
0.0736634 0.25 0.99243
0.0996818 0.375 0.982773
0.124383 0.5 0.971011
0.125 0.503752 0.970628
0.151886 0.625 0.955766
0.177623 0.75 0.938295
0.203363 0.875 0.920502
0.230835 1 0.902391
0.25 1.08058 0.890525
0.26255 1.125 0.883712
0.298717 1.25 0.864423
0.33974 1.375 0.845346
0.375 1.46707 0.831053
0.389653 1.5 0.825764
0.450103 1.625 0.805687
0.5 1.71134 0.791491
0.526459 1.75 0.784812
0.625 1.87488 0.762894
0.625116 1.875 0.762871
0.6875 1.9375 0.750783

0.125 0.0319617 1
0.25 0.0559946 0.991086
0.375 0.084832 0.978606
0.5 0.116099 0.96238
0.540984 0.125 0.956319
0.625 0.150607 0.940859
0.75 0.184902 0.914401
0.875 0.218683 0.887061
0.991432 0.25 0.861178
1 0.252821 0.859184
1.125 0.2897 0.830189
1.25 0.328051 0.80191
1.375 0.369492 0.773934
1.39126 0.375 0.770254
1.5 0.417577 0.744558
1.625 0.473645 0.712097
1.67687 0.5 0.695845
1.75 0.54281 0.66808
1.86662 0.625 0.607185
1.875 0.631793 0.601837
1.9375 0.6875 0.556331

