0.125 0.0270254 1
0.25 0.0491913 0.986935
0.375 0.0777212 0.968268
0.5 0.110641 0.944157
0.559654 0.125 0.931072
0.625 0.147454 0.913539
0.75 0.185348 0.876412
0.875 0.222917 0.839062
0.969792 0.25 0.810791
1 0.260604 0.801454
1.125 0.299771 0.76353
1.25 0.339737 0.725298
1.35736 0.375 0.685546
1.375 0.381701 0.677415
1.5 0.429097 0.598819
1.625 0.483547 0.473804
1.65929 0.5 0.432076
1.75 0.54965 0.316783
1.8623 0.625 0.187979
1.875 0.634529 0.174396
1.9375 0.6875 0.119101

0.050334 0.125 1
0.0762211 0.25 0.989832
0.101244 0.375 0.977102
0.124753 0.5 0.962105
0.125 0.501565 0.961904
0.151033 0.625 0.943397
0.175707 0.75 0.922655
0.200643 0.875 0.902001
0.227561 1 0.881316
0.25 1.09409 0.865644
0.258742 1.125 0.86031
0.294899 1.25 0.838731
0.336083 1.375 0.817538
0.375 1.47509 0.800325
0.386265 1.5 0.795899
0.447377 1.625 0.773734
0.5 1.7147 0.757449
0.524572 1.75 0.750706
0.624456 1.875 0.726446
0.625 1.87561 0.72632
0.6875 1.9375 0.712455

