0.125 0.0294515 1
0.25 0.0526198 0.987262
0.375 0.0814061 0.969344
0.5 0.113565 0.946497
0.55004 0.125 0.936203
0.625 0.149247 0.917271
0.75 0.185303 0.882028
0.875 0.220891 0.846574
0.980161 0.25 0.816825
1 0.256733 0.811006
1.125 0.29465 0.774859
1.25 0.333734 0.73894
1.37416 0.375 0.697306
1.375 0.375322 0.696921
1.5 0.423143 0.633545
1.625 0.478427 0.533779
1.66864 0.5 0.490116
1.75 0.546118 0.399463
1.8646 0.625 0.269844
1.875 0.633125 0.25914
1.9375 0.6875 0.195306

0.0491229 0.125 1
0.0752098 0.25 0.989672
0.100697 0.375 0.976649
0.124707 0.5 0.961247
0.125 0.501826 0.961006
0.15152 0.625 0.941892
0.176608 0.75 0.92038
0.201824 0.875 0.898994
0.228911 1 0.87763
0.25 1.08863 0.862422
0.260273 1.125 0.85596
0.296408 1.25 0.833776
0.337488 1.375 0.812053
0.375 1.47206 0.794988
0.387556 1.5 0.789915
0.448399 1.625 0.76728
0.5 1.71346 0.750903
0.525275 1.75 0.743789
0.624677 1.875 0.718756
0.625 1.87536 0.71868
0.6875 1.9375 0.703834

