0.0464356 0.125 1
0.072508 0.25 0.992368
0.0987278 0.375 0.982584
0.123853 0.5 0.97062
0.125 0.506842 0.969907
0.151717 0.625 0.955106
0.177957 0.75 0.937228
0.2042 0.875 0.918976
0.232108 1 0.900373
0.25 1.07497 0.889034
0.264168 1.125 0.881168
0.30045 1.25 0.861412
0.341546 1.375 0.841847
0.375 1.46295 0.827854
0.391357 1.5 0.821765
0.451539 1.625 0.801224
0.5 1.70948 0.787014
0.527463 1.75 0.77987
0.625 1.87441 0.757586
0.625561 1.875 0.757472
0.6875 1.9375 0.745189

0.125 0.0325072 1
0.25 0.0565997 0.991162
0.375 0.0853064 0.978844
0.5 0.116313 0.962872
0.540351 0.125 0.957006
0.625 0.150482 0.941721
0.75 0.184433 0.915746
0.875 0.217943 0.88888
0.994405 0.25 0.862766
1 0.251837 0.861484
1.125 0.28859 0.832937
1.25 0.326902 0.80506
1.375 0.368389 0.777451
1.39442 0.375 0.773113
1.5 0.41654 0.748662
1.625 0.472794 0.7174
1.67829 0.5 0.701629
1.75 0.542215 0.675975
1.86694 0.625 0.619293
1.875 0.631572 0.614372
1.9375 0.6875 0.57172

