0.125 0.0265835 1
0.25 0.0485553 0.98687
0.375 0.0770219 0.968043
0.5 0.110071 0.943645
0.56143 0.125 0.929981
0.625 0.147093 0.912753
0.75 0.185333 0.875441
0.875 0.223282 0.837956
0.96796 0.25 0.81016
1 0.26132 0.800228
1.125 0.300737 0.762234
1.25 0.340877 0.724432
1.35413 0.375 0.687583
1.375 0.382906 0.678373
1.5 0.430233 0.60238
1.625 0.484522 0.474098
1.65745 0.5 0.432908
1.75 0.550323 0.306233
1.86185 0.625 0.172072
1.875 0.634793 0.157718
1.9375 0.6875 0.102621

0.0505553 0.125 1
0.0764037 0.25 0.98986
0.101342 0.375 0.97718
0.12476 0.5 0.962252
0.125 0.501527 0.962057
0.150943 0.625 0.943671
0.175543 0.75 0.923091
0.200428 0.875 0.902592
0.227316 1 0.882051
0.25 1.09508 0.866314
0.258464 1.125 0.861183
0.294626 1.25 0.839733
0.335828 1.375 0.818651
0.375 1.47564 0.801425
0.386031 1.5 0.797115
0.447192 1.625 0.775049
0.5 1.71492 0.75879
0.524446 1.75 0.752117
0.624416 1.875 0.72796
0.625 1.87565 0.727825
0.6875 1.9375 0.714162

