0.0450567 0.125 1
0.0709477 0.25 0.992283
0.0974178 0.375 0.982324
0.123106 0.5 0.970082
0.125 0.511008 0.968903
0.151463 0.625 0.954201
0.178388 0.75 0.93577
0.20532 0.875 0.916893
0.233828 1 0.897624
0.25 1.06745 0.887056
0.26635 1.125 0.877705
0.302809 1.25 0.857314
0.344008 1.375 0.837092
0.375 1.45725 0.823578
0.393676 1.5 0.816336
0.453502 1.625 0.79517
0.5 1.7069 0.78098
0.528832 1.75 0.773174
0.625 1.87376 0.750408
0.626162 1.875 0.750164
0.6875 1.9375 0.737463

0.125 0.0332343 1
0.25 0.0573987 0.991261
0.375 0.0859271 0.979151
0.5 0.116588 0.963503
0.539527 0.125 0.957885
0.625 0.150313 0.942836
0.75 0.183816 0.917502
0.875 0.216972 0.891266
0.998331 0.25 0.864884
1 0.250546 0.86451
1.125 0.287134 0.836563
1.25 0.325395 0.809223
1.375 0.366942 0.782106
1.39853 0.375 0.776946
1.5 0.41518 0.75404
1.625 0.471679 0.724146
1.68012 0.5 0.708984
1.75 0.541437 0.686142
1.86735 0.625 0.634685
1.875 0.631284 0.630334
1.9375 0.6875 0.591598

