0.125 0.0273686 1
0.25 0.0496827 0.986984
0.375 0.078258 0.968435
0.5 0.111076 0.944532
0.55828 0.125 0.93188
0.625 0.147727 0.91412
0.75 0.185353 0.877182
0.875 0.222632 0.839995
0.971229 0.25 0.811406
1 0.260049 0.80255
1.125 0.299026 0.764751
1.25 0.338861 0.72645
1.35983 0.375 0.685175
1.375 0.380773 0.678001
1.5 0.428224 0.599813
1.625 0.482798 0.476972
1.6607 0.5 0.435106
1.75 0.549134 0.324984
1.86265 0.625 0.197908
1.875 0.634326 0.185428
1.9375 0.6875 0.130438

0.0501624 0.125 1
0.0760791 0.25 0.98981
0.101168 0.375 0.97704
0.124748 0.5 0.961988
0.125 0.501595 0.961783
0.151102 0.625 0.943184
0.175834 0.75 0.922321
0.20081 0.875 0.901553
0.227752 1 0.880761
0.25 1.09332 0.865143
0.258958 1.125 0.859651
0.295112 1.25 0.837977
0.336281 1.375 0.816701
0.375 1.47467 0.799501
0.386447 1.5 0.794984
0.447521 1.625 0.772746
0.5 1.71452 0.756442
0.524671 1.75 0.749646
0.624486 1.875 0.725306
0.625 1.87558 0.725186
0.6875 1.9375 0.711157

