0.0415508 0.125 1
0.0668685 0.25 0.988959
0.0938758 0.375 0.974522
0.12098 0.5 0.956986
0.125 0.521856 0.953647
0.150651 0.625 0.934848
0.17941 0.75 0.909399
0.208205 0.875 0.883809
0.238327 1 0.858149
0.25 1.04811 0.848223
0.272074 1.125 0.831974
0.309109 1.25 0.805844
0.350591 1.375 0.780111
0.375 1.44149 0.766295
0.399856 1.5 0.753832
0.458779 1.625 0.726283
0.5 1.69967 0.707779
0.5325 1.75 0.693093
0.625 1.87195 0.645861
0.627746 1.875 0.64436
0.6875 1.9375 0.607868

0.125 0.0350865 1
0.25 0.0593945 0.988175
0.375 0.087448 0.972149
0.5 0.117239 0.952198
0.537545 0.125 0.945557
0.625 0.14987 0.92683
0.75 0.182276 0.896835
0.875 0.214561 0.866545
1 0.247516 0.836212
1.01012 0.25 0.833728
1.125 0.283545 0.805014
1.25 0.321676 0.774545
1.375 0.363367 0.743972
1.40844 0.375 0.735296
1.5 0.41183 0.708881
1.625 0.468931 0.661268
1.68452 0.5 0.629804
1.75 0.539526 0.586767
1.86833 0.625 0.483428
1.875 0.630579 0.476908
1.9375 0.6875 0.410055

