0.125 0.0263825 1
0.25 0.0482648 0.986839
0.375 0.0767008 0.967939
0.5 0.109807 0.943406
0.562242 0.125 0.92947
0.625 0.146925 0.912386
0.75 0.185323 0.874998
0.875 0.223447 0.837463
0.967136 0.25 0.809893
1 0.261647 0.799696
1.125 0.30118 0.761686
1.25 0.341399 0.72411
1.35265 0.375 0.688616
1.375 0.383457 0.679177
1.5 0.430754 0.604763
1.625 0.484968 0.475576
1.6566 0.5 0.433325
1.75 0.550631 0.301727
1.86164 0.625 0.162954
1.875 0.634914 0.14898
1.9375 0.6875 0.092953

0.0506563 0.125 1
0.0764869 0.25 0.989873
0.101386 0.375 0.977215
0.124763 0.5 0.962319
0.125 0.501509 0.962127
0.150903 0.625 0.943795
0.175469 0.75 0.923289
0.200331 0.875 0.902861
0.227205 1 0.882386
0.25 1.09553 0.866621
0.258338 1.125 0.861582
0.294501 1.25 0.84019
0.335712 1.375 0.819159
0.375 1.47589 0.801928
0.385924 1.5 0.797671
0.447108 1.625 0.77565
0.5 1.71502 0.759404
0.524388 1.75 0.752762
0.624398 1.875 0.728652
0.625 1.87567 0.728513
0.6875 1.9375 0.714933

