0.0468372 0.125 1
0.0729578 0.25 0.992392
0.0991008 0.375 0.982658
0.124062 0.5 0.970773
0.125 0.50564 0.97019
0.151785 0.625 0.955364
0.177828 0.75 0.937644
0.203875 0.875 0.91957
0.231613 1 0.901158
0.25 1.07714 0.889609
0.263538 1.125 0.882157
0.299774 1.25 0.862582
0.340841 1.375 0.843206
0.375 1.46457 0.82909
0.390693 1.5 0.823318
0.450979 1.625 0.802957
0.5 1.71021 0.788748
0.527071 1.75 0.781788
0.625 1.87459 0.759644
0.625388 1.875 0.759566
0.6875 1.9375 0.747358

0.125 0.0322956 1
0.25 0.0563656 0.991132
0.375 0.0851233 0.978752
0.5 0.11623 0.962683
0.540595 0.125 0.956742
0.625 0.150531 0.94139
0.75 0.184614 0.915226
0.875 0.218229 0.888175
0.993254 0.25 0.862147
1 0.252217 0.860593
1.125 0.289019 0.83187
1.25 0.327346 0.803836
1.375 0.368815 0.776084
1.3932 0.375 0.771997
1.5 0.41694 0.747074
1.625 0.473122 0.71537
1.67774 0.5 0.699367
1.75 0.542445 0.672871
1.86682 0.625 0.614469
1.875 0.631657 0.609374
1.9375 0.6875 0.565537

