0.125 0.0267959 1
0.25 0.0488614 0.986901
0.375 0.0773592 0.968151
0.5 0.110347 0.943891
0.560575 0.125 0.930508
0.625 0.147268 0.913132
0.75 0.185341 0.875912
0.875 0.223107 0.838496
0.968837 0.25 0.810475
1 0.260976 0.800829
1.125 0.300272 0.762873
1.25 0.340328 0.724876
1.35569 0.375 0.686649
1.375 0.382325 0.677939
1.5 0.429685 0.600641
1.625 0.484052 0.473948
1.65834 0.5 0.432495
1.75 0.549999 0.310696
1.86207 0.625 0.179945
1.875 0.634666 0.166623
1.9375 0.6875 0.110673

0.0504489 0.125 1
0.0763159 0.25 0.989847
0.101295 0.375 0.977142
0.124756 0.5 0.962181
0.125 0.501546 0.961984
0.150986 0.625 0.94354
0.175622 0.75 0.922882
0.200531 0.875 0.90231
0.227434 1 0.8817
0.25 1.0946 0.865995
0.258598 1.125 0.860766
0.294757 1.25 0.839255
0.335951 1.375 0.81812
0.375 1.47538 0.8009
0.386143 1.5 0.796535
0.447281 1.625 0.774422
0.5 1.71481 0.758151
0.524506 1.75 0.751444
0.624435 1.875 0.727238
0.625 1.87563 0.727108
0.6875 1.9375 0.713356

