0.125 0.0272362 1
0.25 0.0494933 0.986965
0.375 0.0780515 0.968372
0.5 0.110909 0.944391
0.55881 0.125 0.931575
0.625 0.147623 0.9139
0.75 0.185352 0.87688
0.875 0.222742 0.839619
0.970673 0.25 0.811142
1 0.260263 0.802097
1.125 0.299313 0.764236
1.25 0.339198 0.725915
1.35888 0.375 0.685198
1.375 0.38113 0.677587
1.5 0.42856 0.598391
1.625 0.483086 0.474915
1.66016 0.5 0.43303
1.75 0.549332 0.321091
1.86251 0.625 0.194529
1.875 0.634404 0.182138
1.9375 0.6875 0.126565

0.0502286 0.125 1
0.0761339 0.25 0.989819
0.101197 0.375 0.977064
0.12475 0.5 0.962034
0.125 0.501584 0.961831
0.151075 0.625 0.943266
0.175785 0.75 0.922449
0.200745 0.875 0.901723
0.227678 1 0.880971
0.25 1.09362 0.865332
0.258875 1.125 0.8599
0.29503 1.25 0.838262
0.336205 1.375 0.817017
0.375 1.47483 0.799811
0.386376 1.5 0.79533
0.447465 1.625 0.773119
0.5 1.71459 0.756822
0.524633 1.75 0.750046
0.624475 1.875 0.725738
0.625 1.87559 0.725616
0.6875 1.9375 0.711649

