0.125 0.0268651 1
0.25 0.048961 0.990596
0.375 0.0774686 0.976972
0.5 0.110436 0.958763
0.560297 0.125 0.948509
0.625 0.147325 0.934841
0.75 0.185343 0.904879
0.875 0.22305 0.873856
0.969124 0.25 0.850111
1 0.260864 0.841976
1.125 0.30012 0.809446
1.25 0.340149 0.777696
1.35619 0.375 0.750954
1.375 0.382136 0.746006
1.5 0.429507 0.71144
1.625 0.483899 0.666309
1.65863 0.5 0.650031
1.75 0.549893 0.592284
1.86214 0.625 0.491798
1.875 0.634625 0.477801
1.9375 0.6875 0.406913

0.0504142 0.125 1
0.0762873 0.25 0.99269
0.101279 0.375 0.983535
0.124755 0.5 0.972506
0.125 0.501552 0.972358
0.151 0.625 0.958425
0.175648 0.75 0.942426
0.200565 0.875 0.926119
0.227472 1 0.909456
0.25 1.09445 0.896587
0.258641 1.125 0.892242
0.2948 1.25 0.874301
0.335991 1.375 0.856455
0.375 1.47529 0.8418
0.38618 1.5 0.838054
0.44731 1.625 0.819072
0.5 1.71478 0.805053
0.524526 1.75 0.799259
0.624441 1.875 0.778361
0.625 1.87563 0.778249
0.6875 1.9375 0.766553

