0.039007 0.125 1
0.0638058 0.25 0.988718
0.0911044 0.375 0.973786
0.119213 0.5 0.955475
0.125 0.529952 0.95066
0.149892 0.625 0.932369
0.180071 0.75 0.905452
0.210332 0.875 0.87826
0.241721 1 0.850941
0.25 1.03382 0.843491
0.276423 1.125 0.82298
0.313993 1.25 0.795289
0.355694 1.375 0.767946
0.375 1.4287 0.756055
0.404646 1.5 0.739496
0.462899 1.625 0.707786
0.5 1.69372 0.686191
0.535353 1.75 0.664
0.625 1.87047 0.598252
0.628952 1.875 0.595072
0.6875 1.9375 0.545797

0.125 0.0364356 1
0.25 0.0608132 0.988405
0.375 0.0885028 0.972838
0.5 0.117669 0.953558
0.536216 0.125 0.947386
0.625 0.149534 0.92916
0.75 0.18118 0.900411
0.875 0.212857 0.871318
1 0.2454 0.842103
1.0187 0.25 0.837686
1.125 0.281027 0.812102
1.25 0.319066 0.782646
1.375 0.360854 0.753401
1.41522 0.375 0.743612
1.5 0.409484 0.721353
1.625 0.467009 0.681194
1.68751 0.5 0.653828
1.75 0.538192 0.619356
1.86899 0.625 0.529684
1.875 0.63009 0.524002
1.9375 0.6875 0.462962

