0.0479632 0.125 1
0.0742064 0.25 0.992459
0.100122 0.375 0.982862
0.124618 0.5 0.971194
0.125 0.502343 0.970957
0.151948 0.625 0.956078
0.177448 0.75 0.938804
0.202951 0.875 0.921235
0.230217 1 0.903363
0.25 1.08331 0.891258
0.261767 1.125 0.884941
0.297887 1.25 0.86588
0.338877 1.375 0.847042
0.375 1.46902 0.832626
0.388838 1.5 0.827707
0.449421 1.625 0.807859
0.5 1.71221 0.793683
0.525983 1.75 0.787222
0.62491 1.875 0.765504
0.625 1.8751 0.765486
0.6875 1.9375 0.753258

0.125 0.0317011 1
0.25 0.055704 0.991048
0.375 0.0846033 0.978488
0.5 0.115995 0.962137
0.541287 0.125 0.955979
0.625 0.150667 0.940437
0.75 0.185129 0.913756
0.875 0.219041 0.886199
0.989999 0.25 0.860445
1 0.253298 0.8581
1.125 0.290238 0.828901
1.25 0.328607 0.800439
1.375 0.370025 0.772294
1.38972 0.375 0.768943
1.5 0.41808 0.742646
1.625 0.474057 0.70965
1.67618 0.5 0.693324
1.75 0.543098 0.664414
1.86647 0.625 0.600955
1.875 0.6319 0.595387
1.9375 0.6875 0.549431

