0.125 0.0267662 1
0.25 0.0488187 0.986897
0.375 0.0773122 0.968136
0.5 0.110308 0.943857
0.560694 0.125 0.930435
0.625 0.147244 0.91308
0.75 0.18534 0.875846
0.875 0.223132 0.838419
0.968715 0.25 0.810428
1 0.261024 0.800742
1.125 0.300337 0.762779
1.25 0.340404 0.724806
1.35547 0.375 0.686762
1.375 0.382406 0.67803
1.5 0.429761 0.600509
1.625 0.484117 0.473787
1.65822 0.5 0.432353
1.75 0.550044 0.310529
1.86204 0.625 0.178426
1.875 0.634684 0.165156
1.9375 0.6875 0.109509

0.0504637 0.125 1
0.0763282 0.25 0.989849
0.101301 0.375 0.977148
0.124757 0.5 0.962191
0.125 0.501543 0.961994
0.15098 0.625 0.943558
0.175611 0.75 0.922911
0.200517 0.875 0.902349
0.227417 1 0.881749
0.25 1.09467 0.866039
0.258579 1.125 0.860824
0.294739 1.25 0.839321
0.335933 1.375 0.818194
0.375 1.47541 0.800973
0.386127 1.5 0.796616
0.447268 1.625 0.774509
0.5 1.71483 0.758239
0.524498 1.75 0.751538
0.624433 1.875 0.727338
0.625 1.87564 0.727207
0.6875 1.9375 0.713467

