0.125 0.0269364 1
0.25 0.0490636 0.990603
0.375 0.0775812 0.976999
0.5 0.110528 0.958826
0.560011 0.125 0.948645
0.625 0.147383 0.93494
0.75 0.185345 0.905004
0.875 0.222991 0.874001
0.969421 0.25 0.850192
1 0.260748 0.84214
1.125 0.299964 0.809621
1.25 0.339966 0.777873
1.35671 0.375 0.750977
1.375 0.381942 0.746161
1.5 0.429324 0.711441
1.625 0.483742 0.665971
1.65893 0.5 0.649432
1.75 0.549785 0.591822
1.86221 0.625 0.490887
1.875 0.634582 0.47816
1.9375 0.6875 0.407304

0.0503785 0.125 1
0.0762578 0.25 0.992687
0.101264 0.375 0.983526
0.124754 0.5 0.972488
0.125 0.501558 0.972339
0.151015 0.625 0.958391
0.175674 0.75 0.94237
0.2006 0.875 0.926041
0.227512 1 0.909358
0.25 1.09429 0.896496
0.258686 1.125 0.892123
0.294844 1.25 0.874163
0.336032 1.375 0.8563
0.375 1.4752 0.841646
0.386218 1.5 0.837884
0.44734 1.625 0.818887
0.5 1.71474 0.804864
0.524547 1.75 0.799061
0.624448 1.875 0.778149
0.625 1.87562 0.778039
0.6875 1.9375 0.766333

