0.125 0.026432 1
0.25 0.0483365 0.986847
0.375 0.0767802 0.967965
0.5 0.109872 0.943466
0.562041 0.125 0.929597
0.625 0.146967 0.912477
0.75 0.185326 0.875107
0.875 0.223407 0.837584
0.967338 0.25 0.809958
1 0.261566 0.799826
1.125 0.301071 0.761819
1.25 0.341271 0.7242
1.35301 0.375 0.688399
1.375 0.383321 0.678985
1.5 0.430625 0.604332
1.625 0.484858 0.474561
1.65681 0.5 0.433584
1.75 0.550555 0.303666
1.86169 0.625 0.164552
1.875 0.634884 0.151788
1.9375 0.6875 0.0960504

0.0506314 0.125 1
0.0764664 0.25 0.98987
0.101375 0.375 0.977207
0.124762 0.5 0.962302
0.125 0.501513 0.96211
0.150913 0.625 0.943765
0.175488 0.75 0.92324
0.200355 0.875 0.902795
0.227232 1 0.882303
0.25 1.09542 0.866546
0.258369 1.125 0.861483
0.294532 1.25 0.840077
0.335741 1.375 0.819034
0.375 1.47583 0.801804
0.38595 1.5 0.797534
0.447129 1.625 0.775502
0.5 1.71499 0.759252
0.524402 1.75 0.752603
0.624403 1.875 0.728481
0.625 1.87567 0.728344
0.6875 1.9375 0.714745

