0.0436791 0.125 1
0.0693641 0.25 0.992197
0.096063 0.375 0.982058
0.122311 0.5 0.969526
0.125 0.515227 0.967849
0.151174 0.625 0.953266
0.178804 0.75 0.934259
0.206448 0.875 0.914733
0.235573 1 0.894773
0.25 1.0599 0.885049
0.268566 1.125 0.87411
0.30523 1.25 0.853058
0.346537 1.375 0.832157
0.375 1.45129 0.819211
0.396052 1.5 0.810703
0.455524 1.625 0.78889
0.5 1.70418 0.774758
0.530239 1.75 0.766231
0.625 1.87308 0.74286
0.626775 1.875 0.742466
0.6875 1.9375 0.729172

0.125 0.0339614 1
0.25 0.0581889 0.991357
0.375 0.0865344 0.979448
0.5 0.116852 0.964112
0.538728 0.125 0.958728
0.625 0.150142 0.943914
0.75 0.183206 0.919205
0.875 0.216015 0.893587
1 0.249322 0.867435
1.00277 0.25 0.866844
1.125 0.285706 0.840072
1.25 0.323916 0.813207
1.375 0.365521 0.786633
1.40251 0.375 0.780717
1.5 0.413846 0.759216
1.625 0.470585 0.730444
1.68189 0.5 0.715646
1.75 0.540675 0.695155
1.86775 0.625 0.648135
1.875 0.631002 0.644742
1.9375 0.6875 0.609708

