0.125 0.0305024 1
0.25 0.0540743 0.990942
0.375 0.0829309 0.97814
0.5 0.114741 0.961377
0.545895 0.125 0.954321
0.625 0.149949 0.939161
0.75 0.185249 0.911644
0.875 0.220034 0.883181
0.9847 0.25 0.857789
1 0.255122 0.854085
1.125 0.29256 0.823996
1.25 0.331295 0.794629
1.375 0.372797 0.765575
1.3816 0.375 0.763996
1.5 0.420728 0.734344
1.625 0.476342 0.69806
1.67228 0.5 0.680792
1.75 0.544677 0.645748
1.8655 0.625 0.573056
1.875 0.632543 0.565606
1.9375 0.6875 0.513806

0.0485994 0.125 1
0.0747651 0.25 0.992519
0.10045 0.375 0.983037
0.124679 0.5 0.971537
0.125 0.501988 0.971339
0.151726 0.625 0.956686
0.176995 0.75 0.939735
0.202335 0.875 0.922487
0.229495 1 0.904925
0.25 1.08626 0.892591
0.260937 1.125 0.886815
0.297063 1.25 0.86804
0.338099 1.375 0.849458
0.375 1.47073 0.83496
0.388118 1.5 0.830368
0.448846 1.625 0.810745
0.5 1.71292 0.796603
0.525583 1.75 0.790326
0.624776 1.875 0.768823
0.625 1.87525 0.768777
0.6875 1.9375 0.75669

