0.0478451 0.125 1
0.0740771 0.25 0.989508
0.100019 0.375 0.976177
0.124566 0.5 0.960345
0.125 0.50266 0.959984
0.151938 0.625 0.940343
0.177496 0.75 0.918061
0.203056 0.875 0.895932
0.230371 1 0.87387
0.25 1.08262 0.85926
0.261962 1.125 0.851507
0.298093 1.25 0.828699
0.33909 1.375 0.806416
0.375 1.46854 0.789578
0.389039 1.5 0.783736
0.449588 1.625 0.760589
0.5 1.71199 0.744137
0.526099 1.75 0.736582
0.624959 1.875 0.710259
0.625 1.87505 0.710249
0.6875 1.9375 0.693876

0.125 0.0317641 1
0.25 0.0557743 0.987556
0.375 0.0846585 0.970281
0.5 0.11602 0.94848
0.541215 0.125 0.940457
0.625 0.150652 0.920485
0.75 0.185073 0.887161
0.875 0.218953 0.853711
0.990348 0.25 0.822989
1 0.253182 0.820319
1.125 0.290107 0.786105
1.25 0.328471 0.752812
1.375 0.369896 0.716909
1.3901 0.375 0.711984
1.5 0.417957 0.668066
1.625 0.473956 0.59238
1.67635 0.5 0.550608
1.75 0.543028 0.48061
1.86651 0.625 0.355695
1.875 0.631874 0.344834
1.9375 0.6875 0.276905

