0.125 0.0265599 1
0.25 0.0485213 0.990563
0.375 0.0769844 0.976858
0.5 0.11004 0.958494
0.561525 0.125 0.947924
0.625 0.147074 0.934414
0.75 0.185332 0.904333
0.875 0.223302 0.873218
0.967863 0.25 0.849742
1 0.261359 0.841255
1.125 0.300789 0.808671
1.25 0.340938 0.776905
1.35396 0.375 0.750792
1.375 0.38297 0.7453
1.5 0.430294 0.711387
1.625 0.484574 0.668126
1.65735 0.5 0.653151
1.75 0.550359 0.596011
1.86182 0.625 0.493962
1.875 0.634807 0.48003
1.9375 0.6875 0.406631

0.0505672 0.125 1
0.0764135 0.25 0.992704
0.101347 0.375 0.983575
0.12476 0.5 0.972582
0.125 0.501525 0.972437
0.150939 0.625 0.958571
0.175535 0.75 0.942663
0.200417 0.875 0.926447
0.227303 1 0.909871
0.25 1.09513 0.89697
0.25845 1.125 0.892743
0.294611 1.25 0.874883
0.335814 1.375 0.857108
0.375 1.47567 0.842449
0.386018 1.5 0.838773
0.447182 1.625 0.819852
0.5 1.71493 0.805849
0.524439 1.75 0.800097
0.624414 1.875 0.779256
0.625 1.87566 0.77914
0.6875 1.9375 0.767479

