0.125 0.0286213 1
0.25 0.0514583 0.99077
0.375 0.0801733 0.977569
0.5 0.112602 0.960117
0.553306 0.125 0.95151
0.625 0.148667 0.937052
0.75 0.185339 0.908173
0.875 0.221586 0.878239
0.976562 0.25 0.853489
1 0.258044 0.847524
1.125 0.296365 0.815989
1.25 0.335738 0.78516
1.36859 0.375 0.756038
1.375 0.377458 0.75439
1.5 0.425125 0.720588
1.625 0.480133 0.677539
1.66558 0.5 0.659126
1.75 0.547295 0.611479
1.86385 0.625 0.52257
1.875 0.633597 0.512207
1.9375 0.6875 0.452249

0.0495371 0.125 1
0.0755583 0.25 0.992608
0.100887 0.375 0.983299
0.124725 0.5 0.972048
0.125 0.501721 0.971881
0.151355 0.625 0.95759
0.1763 0.75 0.941116
0.201419 0.875 0.924339
0.228448 1 0.907226
0.25 1.09051 0.894589
0.259748 1.125 0.889565
0.29589 1.25 0.871206
0.337006 1.375 0.852992
0.375 1.47311 0.838395
0.387112 1.5 0.834247
0.448048 1.625 0.814945
0.5 1.71389 0.800856
0.525033 1.75 0.79483
0.6246 1.875 0.77363
0.625 1.87545 0.773548
0.6875 1.9375 0.76166

