0.125 0.0275788 1
0.25 0.0499826 0.990669
0.375 0.0785842 0.977228
0.5 0.111339 0.959355
0.557442 0.125 0.949804
0.625 0.147891 0.935788
0.75 0.185355 0.906179
0.875 0.222457 0.875477
0.972115 0.25 0.851201
1 0.259711 0.843924
1.125 0.298573 0.811652
1.25 0.338328 0.780099
1.36133 0.375 0.752075
1.375 0.380209 0.748454
1.5 0.427695 0.713319
1.625 0.482344 0.666846
1.66154 0.5 0.648621
1.75 0.54882 0.592853
1.86285 0.625 0.495538
1.875 0.634202 0.484289
1.9375 0.6875 0.418343

0.0500574 0.125 1
0.0759921 0.25 0.992657
0.101121 0.375 0.983441
0.124744 0.5 0.972324
0.125 0.501614 0.972169
0.151145 0.625 0.958085
0.175913 0.75 0.94188
0.200912 0.875 0.925369
0.227869 1 0.908511
0.25 1.09285 0.895724
0.259091 1.125 0.891104
0.295243 1.25 0.872981
0.336403 1.375 0.854976
0.375 1.47441 0.840336
0.386558 1.5 0.836427
0.447609 1.625 0.817306
0.5 1.71442 0.803253
0.524731 1.75 0.797364
0.624505 1.875 0.776335
0.625 1.87555 0.776236
0.6875 1.9375 0.764458

