0.125 0.0269799 1
0.25 0.0491261 0.990608
0.375 0.0776497 0.977016
0.5 0.110583 0.958864
0.559836 0.125 0.948728
0.625 0.147418 0.935
0.75 0.185347 0.90508
0.875 0.222955 0.874089
0.969602 0.25 0.85024
1 0.260678 0.842238
1.125 0.29987 0.809726
1.25 0.339854 0.777978
1.35703 0.375 0.750991
1.375 0.381824 0.746243
1.5 0.429213 0.711423
1.625 0.483647 0.665535
1.65911 0.5 0.648756
1.75 0.549719 0.591244
1.86226 0.625 0.491088
1.875 0.634556 0.477072
1.9375 0.6875 0.407537

0.0503567 0.125 1
0.0762398 0.25 0.992685
0.101254 0.375 0.98352
0.124754 0.5 0.972477
0.125 0.501562 0.972328
0.151023 0.625 0.95837
0.17569 0.75 0.942336
0.200621 0.875 0.925994
0.227536 1 0.909298
0.25 1.09419 0.89644
0.258714 1.125 0.892051
0.294871 1.25 0.874079
0.336057 1.375 0.856206
0.375 1.47515 0.841552
0.386241 1.5 0.83778
0.447358 1.625 0.818774
0.5 1.71472 0.804749
0.524559 1.75 0.798939
0.624452 1.875 0.778019
0.625 1.87561 0.77791
0.6875 1.9375 0.766199

