0.125 0.027152 1
0.25 0.0493729 0.986953
0.375 0.0779199 0.968331
0.5 0.110803 0.944299
0.559146 0.125 0.931376
0.625 0.147556 0.913757
0.75 0.18535 0.876692
0.875 0.222812 0.839392
0.970321 0.25 0.810994
1 0.260399 0.801832
1.125 0.299495 0.763942
1.25 0.339413 0.725632
1.35827 0.375 0.685212
1.375 0.381357 0.677457
1.5 0.428774 0.598689
1.625 0.48327 0.474465
1.65981 0.5 0.432646
1.75 0.549459 0.319051
1.86243 0.625 0.191338
1.875 0.634454 0.179034
1.9375 0.6875 0.124014

0.0502707 0.125 1
0.0761687 0.25 0.989824
0.101216 0.375 0.977079
0.124751 0.5 0.962062
0.125 0.501576 0.96186
0.151058 0.625 0.943318
0.175754 0.75 0.92253
0.200704 0.875 0.901833
0.227631 1 0.881108
0.25 1.09381 0.865455
0.258822 1.125 0.860062
0.294978 1.25 0.838448
0.336156 1.375 0.817223
0.375 1.47494 0.800014
0.386332 1.5 0.795555
0.44743 1.625 0.773362
0.5 1.71463 0.75707
0.524609 1.75 0.750307
0.624467 1.875 0.726018
0.625 1.8756 0.725894
0.6875 1.9375 0.711961

