0.125 0.027041 1
0.25 0.0492136 0.990614
0.375 0.0777457 0.977038
0.5 0.110661 0.958918
0.559591 0.125 0.948843
0.625 0.147467 0.935084
0.75 0.185348 0.905187
0.875 0.222904 0.874214
0.969857 0.25 0.85031
1 0.260579 0.842378
1.125 0.299737 0.809876
1.25 0.339697 0.778131
1.35747 0.375 0.751007
1.375 0.381658 0.746381
1.5 0.429057 0.711451
1.625 0.483513 0.665429
1.65936 0.5 0.648495
1.75 0.549627 0.59073
1.86232 0.625 0.490116
1.875 0.63452 0.477372
1.9375 0.6875 0.40786

0.0503262 0.125 1
0.0762146 0.25 0.992682
0.101241 0.375 0.983512
0.124753 0.5 0.972462
0.125 0.501567 0.972312
0.151036 0.625 0.958341
0.175713 0.75 0.942288
0.20065 0.875 0.925928
0.22757 1 0.909214
0.25 1.09406 0.896362
0.258752 1.125 0.891949
0.294909 1.25 0.873961
0.336092 1.375 0.856073
0.375 1.47507 0.84142
0.386273 1.5 0.837634
0.447383 1.625 0.818616
0.5 1.71469 0.804587
0.524577 1.75 0.79877
0.624457 1.875 0.777838
0.625 1.87561 0.777729
0.6875 1.9375 0.766011

