0.125 0.0266984 1
0.25 0.048721 0.990578
0.375 0.0772047 0.97691
0.5 0.11022 0.958617
0.560967 0.125 0.948191
0.625 0.147188 0.934609
0.75 0.185338 0.904581
0.875 0.223188 0.873507
0.968434 0.25 0.849909
1 0.261134 0.841582
1.125 0.300485 0.809022
1.25 0.34058 0.777261
1.35497 0.375 0.750871
1.375 0.382591 0.745616
1.5 0.429936 0.71137
1.625 0.484267 0.667343
1.65793 0.5 0.651788
1.75 0.550147 0.594482
1.86197 0.625 0.492211
1.875 0.634725 0.478216
1.9375 0.6875 0.407465

0.0504977 0.125 1
0.0763562 0.25 0.992698
0.101316 0.375 0.983557
0.124758 0.5 0.972547
0.125 0.501537 0.972401
0.150966 0.625 0.958505
0.175586 0.75 0.942556
0.200484 0.875 0.926298
0.22738 1 0.909683
0.25 1.09482 0.896796
0.258537 1.125 0.892516
0.294697 1.25 0.874619
0.335894 1.375 0.856812
0.375 1.4755 0.842155
0.386091 1.5 0.838447
0.44724 1.625 0.819499
0.5 1.71486 0.805489
0.524479 1.75 0.799717
0.624426 1.875 0.778851
0.625 1.87564 0.778736
0.6875 1.9375 0.767059

