0.0434144 0.125 1
0.069057 0.25 0.99218
0.0957972 0.375 0.982006
0.122152 0.5 0.969417
0.125 0.516044 0.967641
0.151114 0.625 0.953083
0.178881 0.75 0.933962
0.206665 0.875 0.914307
0.235911 1 0.894212
0.25 1.05844 0.884659
0.268997 1.125 0.873402
0.305704 1.25 0.852219
0.347031 1.375 0.831184
0.375 1.45011 0.818358
0.396516 1.5 0.809593
0.45592 1.625 0.787652
0.5 1.70363 0.773535
0.530515 1.75 0.764863
0.625 1.87294 0.741349
0.626894 1.875 0.740925
0.6875 1.9375 0.727479

0.125 0.0341012 1
0.25 0.0583398 0.991375
0.375 0.0866496 0.979504
0.5 0.116902 0.964227
0.538577 0.125 0.958886
0.625 0.150109 0.944117
0.75 0.18309 0.919526
0.875 0.215832 0.894026
1 0.249095 0.867985
1.00369 0.25 0.8672
1.125 0.285434 0.840743
1.25 0.323634 0.813978
1.375 0.36525 0.787496
1.40326 0.375 0.781439
1.5 0.413592 0.760197
1.625 0.470377 0.731598
1.68222 0.5 0.716955
1.75 0.54053 0.696739
1.86782 0.625 0.65052
1.875 0.630948 0.647203
1.9375 0.6875 0.612791

