0.125 0.0268082 1
0.25 0.0488791 0.986903
0.375 0.0773787 0.968158
0.5 0.110363 0.943906
0.560526 0.125 0.930538
0.625 0.147278 0.913154
0.75 0.185341 0.875939
0.875 0.223097 0.838525
0.968888 0.25 0.81049
1 0.260956 0.80086
1.125 0.300245 0.762904
1.25 0.340296 0.724907
1.35578 0.375 0.686655
1.375 0.382292 0.677972
1.5 0.429653 0.600685
1.625 0.484025 0.47401
1.65839 0.5 0.43255
1.75 0.54998 0.312378
1.86208 0.625 0.180004
1.875 0.634659 0.16668
1.9375 0.6875 0.111788

0.0504427 0.125 1
0.0763108 0.25 0.989846
0.101292 0.375 0.97714
0.124756 0.5 0.962177
0.125 0.501547 0.96198
0.150989 0.625 0.943532
0.175627 0.75 0.92287
0.200537 0.875 0.902293
0.227441 1 0.881679
0.25 1.09458 0.865976
0.258606 1.125 0.860742
0.294765 1.25 0.839226
0.335958 1.375 0.818089
0.375 1.47536 0.800869
0.38615 1.5 0.7965
0.447286 1.625 0.774384
0.5 1.7148 0.758112
0.52451 1.75 0.751404
0.624436 1.875 0.727195
0.625 1.87563 0.727065
0.6875 1.9375 0.713303

