0.0469581 0.125 1
0.0730928 0.25 0.989434
0.0992124 0.375 0.975958
0.124124 0.5 0.959903
0.125 0.505278 0.959176
0.151804 0.625 0.939615
0.177789 0.75 0.91691
0.203777 0.875 0.894316
0.231464 1 0.871768
0.25 1.0778 0.857705
0.263349 1.125 0.848893
0.299572 1.25 0.825642
0.34063 1.375 0.802892
0.375 1.46505 0.786346
0.390494 1.5 0.779728
0.450811 1.625 0.756125
0.5 1.71042 0.739642
0.526954 1.75 0.731495
0.625 1.87465 0.703808
0.625336 1.875 0.70373
0.6875 1.9375 0.686001

0.125 0.0322318 1
0.25 0.0562949 0.987649
0.375 0.0850679 0.970563
0.5 0.116205 0.949045
0.540669 0.125 0.941239
0.625 0.150545 0.921438
0.75 0.184669 0.888588
0.875 0.218315 0.855585
0.992907 0.25 0.824577
1 0.252332 0.82264
1.125 0.289148 0.788839
1.25 0.32748 0.755993
1.375 0.368944 0.721025
1.39284 0.375 0.715429
1.5 0.417061 0.674647
1.625 0.473222 0.603459
1.67758 0.5 0.563576
1.75 0.542514 0.496681
1.86678 0.625 0.374123
1.875 0.631683 0.364944
1.9375 0.6875 0.295052

