0.125 0.0267662 1
0.25 0.0488187 0.990585
0.375 0.0773122 0.976936
0.5 0.110308 0.958677
0.560694 0.125 0.948321
0.625 0.147244 0.934703
0.75 0.18534 0.904703
0.875 0.223132 0.87365
0.968715 0.25 0.849992
1 0.261024 0.841743
1.125 0.300337 0.809195
1.25 0.340404 0.777439
1.35547 0.375 0.750907
1.375 0.382406 0.745778
1.5 0.429761 0.711397
1.625 0.484117 0.666795
1.65822 0.5 0.650896
1.75 0.550044 0.593336
1.86204 0.625 0.492553
1.875 0.634684 0.47858
1.9375 0.6875 0.406353

0.0504637 0.125 1
0.0763282 0.25 0.992695
0.101301 0.375 0.983548
0.124757 0.5 0.972531
0.125 0.501543 0.972384
0.15098 0.625 0.958472
0.175611 0.75 0.942503
0.200517 0.875 0.926225
0.227417 1 0.909591
0.25 1.09467 0.896711
0.258579 1.125 0.892405
0.294739 1.25 0.87449
0.335933 1.375 0.856667
0.375 1.47541 0.842011
0.386127 1.5 0.838288
0.447268 1.625 0.819325
0.5 1.71483 0.805312
0.524498 1.75 0.799531
0.624433 1.875 0.778652
0.625 1.87564 0.778539
0.6875 1.9375 0.766853

