0.0478451 0.125 1
0.0740771 0.25 0.992452
0.100019 0.375 0.98284
0.124566 0.5 0.97115
0.125 0.50266 0.97088
0.151938 0.625 0.956002
0.177496 0.75 0.93868
0.203056 0.875 0.921056
0.230371 1 0.903126
0.25 1.08262 0.89108
0.261962 1.125 0.88464
0.298093 1.25 0.865523
0.33909 1.375 0.846626
0.375 1.46854 0.83224
0.389039 1.5 0.827231
0.449588 1.625 0.807326
0.5 1.71199 0.793145
0.526099 1.75 0.786631
0.624959 1.875 0.764858
0.625 1.87505 0.76485
0.6875 1.9375 0.752586

0.125 0.0317641 1
0.25 0.0557743 0.991057
0.375 0.0846585 0.978517
0.5 0.11602 0.962197
0.541215 0.125 0.956062
0.625 0.150652 0.94054
0.75 0.185073 0.913912
0.875 0.218953 0.886406
0.990348 0.25 0.860619
1 0.253182 0.858359
1.125 0.290107 0.829209
1.25 0.328471 0.800789
1.375 0.369896 0.772685
1.3901 0.375 0.769252
1.5 0.417957 0.743118
1.625 0.473956 0.710217
1.67635 0.5 0.693935
1.75 0.543028 0.665234
1.86651 0.625 0.602865
1.875 0.631874 0.596624
1.9375 0.6875 0.5509

