0.0477098 0.125 1
0.0739281 0.25 0.992444
0.0998984 0.375 0.982816
0.124502 0.5 0.9711
0.125 0.503043 0.97079
0.151922 0.625 0.955916
0.177545 0.75 0.93854
0.203171 0.875 0.920854
0.230543 1 0.902857
0.25 1.08187 0.890878
0.262178 1.125 0.884301
0.298322 1.25 0.865121
0.339328 1.375 0.846159
0.375 1.468 0.831805
0.389263 1.5 0.826695
0.449776 1.625 0.806727
0.5 1.71175 0.79254
0.52623 1.75 0.785966
0.625 1.87498 0.764134
0.625015 1.875 0.764132
0.6875 1.9375 0.752089

0.125 0.0318358 1
0.25 0.0558542 0.991068
0.375 0.0847214 0.978549
0.5 0.116049 0.962264
0.541132 0.125 0.956156
0.625 0.150636 0.940656
0.75 0.185011 0.914089
0.875 0.218855 0.886643
0.990743 0.25 0.86082
1 0.253051 0.858657
1.125 0.289959 0.829563
1.25 0.328318 0.801194
1.375 0.369749 0.773135
1.39052 0.375 0.769612
1.5 0.417819 0.743635
1.625 0.473843 0.710854
1.67654 0.5 0.694611
1.75 0.542948 0.666124
1.86655 0.625 0.604124
1.875 0.631844 0.598667
1.9375 0.6875 0.552433

