0.125 0.0264932 1
0.25 0.0484249 0.986856
0.375 0.0768779 0.967996
0.5 0.109953 0.943539
0.561794 0.125 0.929753
0.625 0.147018 0.912589
0.75 0.185329 0.875242
0.875 0.223356 0.837733
0.967589 0.25 0.810037
1 0.261467 0.799984
1.125 0.300936 0.761981
1.25 0.341112 0.724294
1.35347 0.375 0.688049
1.375 0.383153 0.678813
1.5 0.430467 0.603304
1.625 0.484722 0.474901
1.65707 0.5 0.432457
1.75 0.550461 0.304061
1.86175 0.625 0.167556
1.875 0.634847 0.154677
1.9375 0.6875 0.0982608

0.0506006 0.125 1
0.0764411 0.25 0.989866
0.101361 0.375 0.977196
0.124761 0.5 0.962282
0.125 0.501519 0.962089
0.150925 0.625 0.943727
0.17551 0.75 0.92318
0.200385 0.875 0.902713
0.227266 1 0.882201
0.25 1.09528 0.866452
0.258408 1.125 0.861362
0.29457 1.25 0.839937
0.335776 1.375 0.818879
0.375 1.47575 0.80165
0.385983 1.5 0.797364
0.447154 1.625 0.775318
0.5 1.71496 0.759065
0.52442 1.75 0.752406
0.624408 1.875 0.72827
0.625 1.87566 0.728133
0.6875 1.9375 0.714509

