0.125 0.0268783 1
0.25 0.0489801 0.990597
0.375 0.0774895 0.976977
0.5 0.110453 0.958775
0.560244 0.125 0.948535
0.625 0.147336 0.934859
0.75 0.185344 0.904902
0.875 0.223039 0.873882
0.96918 0.25 0.850125
1 0.260842 0.842005
1.125 0.300091 0.809477
1.25 0.340115 0.777726
1.35629 0.375 0.750954
1.375 0.3821 0.746028
1.5 0.429473 0.71141
1.625 0.48387 0.666342
1.65869 0.5 0.650053
1.75 0.549873 0.592331
1.86215 0.625 0.491859
1.875 0.634617 0.477867
1.9375 0.6875 0.406985

0.0504076 0.125 1
0.0762818 0.25 0.99269
0.101276 0.375 0.983533
0.124755 0.5 0.972503
0.125 0.501553 0.972355
0.151003 0.625 0.958419
0.175653 0.75 0.942416
0.200571 0.875 0.926104
0.227479 1 0.909437
0.25 1.09442 0.896569
0.25865 1.125 0.89222
0.294808 1.25 0.874275
0.335998 1.375 0.856426
0.375 1.47527 0.841771
0.386187 1.5 0.838022
0.447315 1.625 0.819037
0.5 1.71477 0.805018
0.52453 1.75 0.799222
0.624443 1.875 0.778321
0.625 1.87562 0.77821
0.6875 1.9375 0.766511

