0.125 0.027399 1
0.25 0.0497261 0.986989
0.375 0.0783053 0.96845
0.5 0.111114 0.944564
0.558159 0.125 0.931949
0.625 0.147751 0.91417
0.75 0.185354 0.877251
0.875 0.222606 0.840083
0.971357 0.25 0.81147
1 0.26 0.802658
1.125 0.298961 0.764875
1.25 0.338784 0.726552
1.36004 0.375 0.685266
1.375 0.380691 0.678158
1.5 0.428148 0.599985
1.625 0.482732 0.477147
1.66082 0.5 0.435253
1.75 0.549088 0.325138
1.86268 0.625 0.199467
1.875 0.634308 0.186946
1.9375 0.6875 0.1317

0.0501472 0.125 1
0.0760665 0.25 0.989808
0.101161 0.375 0.977034
0.124747 0.5 0.961978
0.125 0.501598 0.961773
0.151108 0.625 0.943166
0.175846 0.75 0.922292
0.200824 0.875 0.901514
0.227769 1 0.880713
0.25 1.09325 0.865101
0.258977 1.125 0.859594
0.295131 1.25 0.837912
0.336299 1.375 0.816629
0.375 1.47463 0.799431
0.386463 1.5 0.794906
0.447533 1.625 0.772661
0.5 1.71451 0.756356
0.524679 1.75 0.749556
0.624489 1.875 0.725209
0.625 1.87557 0.725086
0.6875 1.9375 0.711044

