0.125 0.0274998 1
0.25 0.04987 0.987003
0.375 0.0784618 0.968497
0.5 0.11124 0.944669
0.557757 0.125 0.932177
0.625 0.147829 0.914334
0.75 0.185355 0.877484
0.875 0.222523 0.840381
0.971782 0.25 0.811691
1 0.259838 0.803024
1.125 0.298743 0.765299
1.25 0.338528 0.727031
1.36076 0.375 0.685396
1.375 0.380421 0.678926
1.5 0.427894 0.600574
1.625 0.482514 0.479044
1.66122 0.5 0.437191
1.75 0.548937 0.328868
1.86278 0.625 0.202745
1.875 0.634249 0.190138
1.9375 0.6875 0.134352

0.0500969 0.125 1
0.0760248 0.25 0.989802
0.101139 0.375 0.977016
0.124746 0.5 0.961943
0.125 0.501607 0.961736
0.151129 0.625 0.943103
0.175883 0.75 0.922197
0.200873 0.875 0.901386
0.227825 1 0.880556
0.25 1.09303 0.864961
0.259041 1.125 0.859408
0.295194 1.25 0.8377
0.336357 1.375 0.816394
0.375 1.47451 0.7992
0.386516 1.5 0.794648
0.447576 1.625 0.772383
0.5 1.71446 0.756074
0.524708 1.75 0.749258
0.624498 1.875 0.724878
0.625 1.87556 0.724757
0.6875 1.9375 0.710674

