0.125 0.0267959 1
0.25 0.0488614 0.990588
0.375 0.0773592 0.976947
0.5 0.110347 0.958702
0.560575 0.125 0.948377
0.625 0.147268 0.934744
0.75 0.185341 0.904756
0.875 0.223107 0.873713
0.968837 0.25 0.850031
1 0.260976 0.841816
1.125 0.300272 0.809275
1.25 0.340328 0.777523
1.35569 0.375 0.750929
1.375 0.382325 0.745859
1.5 0.429685 0.711433
1.625 0.484052 0.666896
1.65834 0.5 0.650616
1.75 0.549999 0.593464
1.86207 0.625 0.492705
1.875 0.634666 0.478741
1.9375 0.6875 0.408032

0.0504489 0.125 1
0.0763159 0.25 0.992693
0.101295 0.375 0.983544
0.124756 0.5 0.972523
0.125 0.501546 0.972376
0.150986 0.625 0.958458
0.175622 0.75 0.94248
0.200531 0.875 0.926194
0.227434 1 0.909551
0.25 1.0946 0.896674
0.258598 1.125 0.892356
0.294757 1.25 0.874434
0.335951 1.375 0.856604
0.375 1.47538 0.841948
0.386143 1.5 0.838219
0.447281 1.625 0.81925
0.5 1.71481 0.805235
0.524506 1.75 0.799451
0.624435 1.875 0.778566
0.625 1.87563 0.778453
0.6875 1.9375 0.766764

