0.125 0.0266201 1
0.25 0.0486082 0.986875
0.375 0.0770803 0.968062
0.5 0.110119 0.943688
0.561282 0.125 0.930072
0.625 0.147124 0.912819
0.75 0.185334 0.875522
0.875 0.223252 0.838048
0.968111 0.25 0.810213
1 0.261261 0.800329
1.125 0.300657 0.762341
1.25 0.340782 0.724515
1.3544 0.375 0.687338
1.375 0.382805 0.678305
1.5 0.430138 0.601881
1.625 0.48444 0.474299
1.65761 0.5 0.431647
1.75 0.550267 0.308066
1.86189 0.625 0.173615
1.875 0.634771 0.1592
1.9375 0.6875 0.103778

0.050537 0.125 1
0.0763886 0.25 0.989858
0.101333 0.375 0.977173
0.124759 0.5 0.96224
0.125 0.50153 0.962045
0.150951 0.625 0.943648
0.175557 0.75 0.923055
0.200446 0.875 0.902543
0.227336 1 0.88199
0.25 1.095 0.866259
0.258487 1.125 0.861111
0.294648 1.25 0.83965
0.335849 1.375 0.818559
0.375 1.47559 0.801334
0.38605 1.5 0.797015
0.447207 1.625 0.77494
0.5 1.7149 0.75868
0.524456 1.75 0.752001
0.62442 1.875 0.727835
0.625 1.87565 0.727701
0.6875 1.9375 0.714026

