0.125 0.0267545 1
0.25 0.0488019 0.990584
0.375 0.0772937 0.976931
0.5 0.110293 0.958666
0.560741 0.125 0.948298
0.625 0.147234 0.934687
0.75 0.18534 0.904683
0.875 0.223141 0.873627
0.968666 0.25 0.849981
1 0.261043 0.841718
1.125 0.300362 0.80917
1.25 0.340435 0.777415
1.35538 0.375 0.750911
1.375 0.382438 0.745762
1.5 0.429791 0.711429
1.625 0.484143 0.667026
1.65817 0.5 0.651233
1.75 0.550062 0.593299
1.86202 0.625 0.4925
1.875 0.634691 0.478522
1.9375 0.6875 0.407794

0.0504696 0.125 1
0.076333 0.25 0.992695
0.101304 0.375 0.983549
0.124757 0.5 0.972533
0.125 0.501542 0.972387
0.150978 0.625 0.958478
0.175607 0.75 0.942512
0.200511 0.875 0.926238
0.227411 1 0.909607
0.25 1.0947 0.896726
0.258572 1.125 0.892424
0.294732 1.25 0.874513
0.335927 1.375 0.856693
0.375 1.47543 0.842037
0.386121 1.5 0.838316
0.447264 1.625 0.819356
0.5 1.71483 0.805343
0.524495 1.75 0.799564
0.624431 1.875 0.778687
0.625 1.87564 0.778574
0.6875 1.9375 0.76689

