0.125 0.0274645 1
0.25 0.0498197 0.990658
0.375 0.0784071 0.977189
0.5 0.111196 0.959266
0.557897 0.125 0.949607
0.625 0.147802 0.935643
0.75 0.185354 0.905963
0.875 0.222552 0.875191
0.971633 0.25 0.850981
1 0.259895 0.843562
1.125 0.298819 0.811226
1.25 0.338617 0.779613
1.36051 0.375 0.751749
1.375 0.380515 0.747915
1.5 0.427982 0.712712
1.625 0.48259 0.665882
1.66108 0.5 0.648057
1.75 0.54899 0.591391
1.86274 0.625 0.493617
1.875 0.634269 0.482307
1.9375 0.6875 0.416194

0.0501145 0.125 1
0.0760394 0.25 0.992663
0.101147 0.375 0.983457
0.124746 0.5 0.972354
0.125 0.501604 0.9722
0.151121 0.625 0.958139
0.17587 0.75 0.941965
0.200856 0.875 0.925485
0.227805 1 0.908656
0.25 1.09311 0.895854
0.259019 1.125 0.891278
0.295172 1.25 0.873183
0.336337 1.375 0.855201
0.375 1.47455 0.840558
0.386497 1.5 0.836675
0.447561 1.625 0.817575
0.5 1.71448 0.803527
0.524698 1.75 0.797652
0.624495 1.875 0.776643
0.625 1.87557 0.776542
0.6875 1.9375 0.764776

