0.125 0.0265716 1
0.25 0.0485381 0.990565
0.375 0.077003 0.976862
0.5 0.110055 0.958505
0.561478 0.125 0.947947
0.625 0.147083 0.93443
0.75 0.185332 0.904354
0.875 0.223292 0.873242
0.967911 0.25 0.849756
1 0.26134 0.841282
1.125 0.300764 0.8087
1.25 0.340908 0.776934
1.35404 0.375 0.750798
1.375 0.382938 0.745328
1.5 0.430264 0.711371
1.625 0.484548 0.668157
1.6574 0.5 0.652851
1.75 0.550341 0.596056
1.86184 0.625 0.494022
1.875 0.6348 0.480094
1.9375 0.6875 0.406703

0.0505613 0.125 1
0.0764086 0.25 0.992703
0.101344 0.375 0.983573
0.12476 0.5 0.972579
0.125 0.501526 0.972434
0.150941 0.625 0.958565
0.175539 0.75 0.942654
0.200423 0.875 0.926434
0.227309 1 0.909855
0.25 1.09511 0.896956
0.258457 1.125 0.892723
0.294618 1.25 0.87486
0.335821 1.375 0.857083
0.375 1.47565 0.842424
0.386024 1.5 0.838745
0.447187 1.625 0.819822
0.5 1.71492 0.805819
0.524442 1.75 0.800064
0.624415 1.875 0.779222
0.625 1.87565 0.779106
0.6875 1.9375 0.767443

