0.0446343 0.125 1
0.0704648 0.25 0.989235
0.0970074 0.375 0.97536
0.122867 0.5 0.958696
0.125 0.512295 0.956926
0.151378 0.625 0.937642
0.178517 0.75 0.91381
0.205665 0.875 0.889985
0.23436 1 0.866157
0.25 1.06514 0.853703
0.267025 1.125 0.84193
0.303545 1.25 0.817502
0.344776 1.375 0.793527
0.375 1.45545 0.777955
0.394397 1.5 0.769092
0.454115 1.625 0.744269
0.5 1.70608 0.727295
0.529259 1.75 0.717278
0.625 1.87355 0.684086
0.626349 1.875 0.683611
0.6875 1.9375 0.659896

0.125 0.0334572 1
0.25 0.0576418 0.987882
0.375 0.0861147 0.971268
0.5 0.11667 0.95045
0.539279 0.125 0.943175
0.625 0.150261 0.923836
0.75 0.183628 0.892244
0.875 0.216677 0.860431
0.999526 0.25 0.828799
1 0.250155 0.828674
1.125 0.286694 0.795978
1.25 0.324939 0.764288
1.375 0.366504 0.731497
1.39976 0.375 0.724399
1.5 0.414768 0.690887
1.625 0.471341 0.631269
1.68067 0.5 0.594475
1.75 0.541202 0.538045
1.86747 0.625 0.422699
1.875 0.631197 0.413931
1.9375 0.6875 0.34456

