0.125 0.0266584 1
0.25 0.0486634 0.990574
0.375 0.0771412 0.976895
0.5 0.110168 0.958582
0.561128 0.125 0.948114
0.625 0.147155 0.934553
0.75 0.185336 0.90451
0.875 0.223221 0.873423
0.968269 0.25 0.84986
1 0.261199 0.841486
1.125 0.300573 0.808918
1.25 0.340683 0.777155
1.35468 0.375 0.750846
1.375 0.382701 0.745525
1.5 0.430039 0.71136
1.625 0.484356 0.667463
1.65777 0.5 0.652037
1.75 0.550208 0.595018
1.86193 0.625 0.49324
1.875 0.634748 0.479287
1.9375 0.6875 0.407227

0.0505178 0.125 1
0.0763727 0.25 0.992699
0.101325 0.375 0.983562
0.124759 0.5 0.972557
0.125 0.501534 0.972412
0.150958 0.625 0.958524
0.175571 0.75 0.942587
0.200465 0.875 0.926341
0.227357 1 0.909737
0.25 1.09491 0.896846
0.258511 1.125 0.892581
0.294672 1.25 0.874695
0.335871 1.375 0.856897
0.375 1.47555 0.842239
0.38607 1.5 0.838541
0.447223 1.625 0.8196
0.5 1.71488 0.805592
0.524467 1.75 0.799826
0.624423 1.875 0.778967
0.625 1.87565 0.778852
0.6875 1.9375 0.76718

