0.125 0.0271318 1
0.25 0.0493438 0.98695
0.375 0.0778882 0.968321
0.5 0.110777 0.944276
0.559227 0.125 0.931328
0.625 0.14754 0.913723
0.75 0.18535 0.876647
0.875 0.222829 0.839338
0.970236 0.25 0.810959
1 0.260432 0.801768
1.125 0.299539 0.763872
1.25 0.339465 0.725591
1.35813 0.375 0.685354
1.375 0.381412 0.677373
1.5 0.428825 0.598592
1.625 0.483314 0.474356
1.65973 0.5 0.432553
1.75 0.549489 0.318947
1.86241 0.625 0.191257
1.875 0.634466 0.178954
1.9375 0.6875 0.122814

0.0502808 0.125 1
0.0761771 0.25 0.989825
0.10122 0.375 0.977083
0.124751 0.5 0.962069
0.125 0.501575 0.961867
0.151054 0.625 0.943331
0.175747 0.75 0.92255
0.200695 0.875 0.90186
0.22762 1 0.881141
0.25 1.09385 0.865485
0.258809 1.125 0.860102
0.294965 1.25 0.838492
0.336144 1.375 0.817273
0.375 1.47496 0.800063
0.386321 1.5 0.795609
0.447421 1.625 0.77342
0.5 1.71464 0.757129
0.524603 1.75 0.75037
0.624465 1.875 0.726086
0.625 1.8756 0.725961
0.6875 1.9375 0.712041

