0.0461343 0.125 1
0.0721692 0.25 0.989365
0.0984455 0.375 0.975749
0.123694 0.5 0.959483
0.125 0.507747 0.958399
0.151665 0.625 0.938928
0.178052 0.75 0.91583
0.204444 0.875 0.892806
0.232482 1 0.869811
0.25 1.07333 0.856291
0.264642 1.125 0.846464
0.30096 1.25 0.822804
0.342078 1.375 0.799626
0.375 1.46173 0.783393
0.391859 1.5 0.776018
0.451963 1.625 0.751996
0.5 1.70893 0.7354
0.527759 1.75 0.72667
0.625 1.87427 0.697477
0.625691 1.875 0.697239
0.6875 1.9375 0.677678

0.125 0.032666 1
0.25 0.056775 0.987732
0.375 0.0854432 0.970818
0.5 0.116374 0.949553
0.540169 0.125 0.941941
0.625 0.150445 0.922304
0.75 0.184298 0.889902
0.875 0.21773 0.857322
0.995266 0.25 0.826079
1 0.251552 0.824802
1.125 0.288269 0.791393
1.25 0.326571 0.758975
1.375 0.368071 0.72482
1.39533 0.375 0.718652
1.5 0.41624 0.680654
1.625 0.472548 0.614343
1.67869 0.5 0.574835
1.75 0.542044 0.511973
1.86703 0.625 0.390664
1.875 0.631508 0.381591
1.9375 0.6875 0.313221

