0.125 0.0265599 1
0.25 0.0485213 0.986866
0.375 0.0769844 0.968031
0.5 0.11004 0.943618
0.561525 0.125 0.929921
0.625 0.147074 0.912711
0.75 0.185332 0.875389
0.875 0.223302 0.837897
0.967863 0.25 0.810127
1 0.261359 0.800163
1.125 0.300789 0.762167
1.25 0.340938 0.724388
1.35396 0.375 0.687699
1.375 0.38297 0.678481
1.5 0.430294 0.602285
1.625 0.484574 0.473968
1.65735 0.5 0.432791
1.75 0.550359 0.30609
1.86182 0.625 0.170597
1.875 0.634807 0.157604
1.9375 0.6875 0.101519

0.0505672 0.125 1
0.0764135 0.25 0.989861
0.101347 0.375 0.977184
0.12476 0.5 0.96226
0.125 0.501525 0.962066
0.150939 0.625 0.943686
0.175535 0.75 0.923114
0.200417 0.875 0.902623
0.227303 1 0.88209
0.25 1.09513 0.86635
0.25845 1.125 0.86123
0.294611 1.25 0.839786
0.335814 1.375 0.81871
0.375 1.47567 0.801484
0.386018 1.5 0.79718
0.447182 1.625 0.775119
0.5 1.71493 0.758862
0.524439 1.75 0.752192
0.624414 1.875 0.728041
0.625 1.87566 0.727906
0.6875 1.9375 0.714252

