0.0431381 0.125 1
0.0687355 0.25 0.992618
0.095518 0.375 0.982367
0.121984 0.5 0.969611
0.125 0.516899 0.967705
0.15105 0.625 0.953009
0.178962 0.75 0.933523
0.206893 0.875 0.913408
0.236266 1 0.892797
0.25 1.05692 0.883246
0.269448 1.125 0.871463
0.3062 1.25 0.84981
0.34755 1.375 0.82827
0.375 1.44887 0.815361
0.397003 1.5 0.806197
0.456336 1.625 0.783833
0.5 1.70307 0.769553
0.530804 1.75 0.760632
0.625 1.8728 0.736946
0.627019 1.875 0.736494
0.6875 1.9375 0.723483

0.125 0.0342471 1
0.25 0.058497 0.991846
0.375 0.0867694 0.979959
0.5 0.116953 0.964576
0.538421 0.125 0.959192
0.625 0.150074 0.944242
0.75 0.182969 0.919359
0.875 0.215642 0.893444
1 0.24886 0.866923
1.00465 0.25 0.865915
1.125 0.285151 0.839245
1.25 0.323341 0.812062
1.375 0.364968 0.785166
1.40404 0.375 0.778856
1.5 0.413328 0.757662
1.625 0.47016 0.730342
1.68257 0.5 0.717539
1.75 0.54038 0.702158
1.8679 0.625 0.674852
1.875 0.630893 0.673143
1.9375 0.6875 0.657828

