0.125 0.027716 1
0.25 0.0501779 0.991133
0.375 0.078796 0.977651
0.5 0.111508 0.959621
0.556895 0.125 0.950025
0.625 0.147996 0.935706
0.75 0.185355 0.905665
0.875 0.222342 0.874398
0.972695 0.25 0.849504
1 0.25949 0.84227
1.125 0.298279 0.809539
1.25 0.337983 0.777513
1.3623 0.375 0.749115
1.375 0.379842 0.745836
1.5 0.427352 0.713824
1.625 0.482049 0.681964
1.66209 0.5 0.672279
1.75 0.548616 0.648825
1.86299 0.625 0.617874
1.875 0.634122 0.614474
1.9375 0.6875 0.596231

0.0499889 0.125 1
0.0759352 0.25 0.993108
0.101091 0.375 0.983851
0.124742 0.5 0.972642
0.125 0.501627 0.972484
0.151172 0.625 0.958259
0.175964 0.75 0.941872
0.200979 0.875 0.925131
0.227945 1 0.90802
0.25 1.09254 0.895074
0.259177 1.125 0.890351
0.295328 1.25 0.872018
0.336482 1.375 0.853767
0.375 1.47424 0.83895
0.386631 1.5 0.834971
0.447666 1.625 0.815645
0.5 1.71435 0.801439
0.524771 1.75 0.795477
0.624518 1.875 0.774225
0.625 1.87554 0.774127
0.6875 1.9375 0.762257

