0.0477098 0.125 1
0.0739281 0.25 0.9929
0.0998984 0.375 0.98324
0.124502 0.5 0.971436
0.125 0.503043 0.971123
0.151922 0.625 0.956111
0.177545 0.75 0.93855
0.203171 0.875 0.920625
0.230543 1 0.902358
0.25 1.08187 0.890187
0.262178 1.125 0.883526
0.298322 1.25 0.864118
0.339328 1.375 0.84489
0.375 1.468 0.830336
0.389263 1.5 0.825168
0.449776 1.625 0.804983
0.5 1.71175 0.790633
0.52623 1.75 0.783994
0.625 1.87498 0.761943
0.625015 1.875 0.761939
0.6875 1.9375 0.749804

0.125 0.0318358 1
0.25 0.0558542 0.99152
0.375 0.0847214 0.978936
0.5 0.116049 0.962465
0.541132 0.125 0.95625
0.625 0.150636 0.940495
0.75 0.185011 0.913458
0.875 0.218855 0.88541
0.990743 0.25 0.858984
1 0.253051 0.856779
1.125 0.289959 0.827147
1.25 0.328318 0.798205
1.375 0.369749 0.769633
1.39052 0.375 0.766054
1.5 0.417819 0.740454
1.625 0.473843 0.711627
1.67654 0.5 0.699539
1.75 0.542948 0.681883
1.86655 0.625 0.653354
1.875 0.631844 0.651206
1.9375 0.6875 0.634963

