0.125 0.0290702 1
0.25 0.0520877 0.991262
0.375 0.0808433 0.978088
0.5 0.113127 0.960602
0.551538 0.125 0.952227
0.625 0.148985 0.937343
0.75 0.185322 0.90828
0.875 0.22121 0.878046
0.978502 0.25 0.852551
1 0.257333 0.847039
1.125 0.295433 0.815288
1.25 0.334648 0.784226
1.37162 0.375 0.75441
1.375 0.376297 0.753565
1.5 0.424047 0.722472
1.625 0.479205 0.691586
1.66725 0.5 0.680901
1.75 0.546654 0.659532
1.86426 0.625 0.629346
1.875 0.633341 0.626411
1.9375 0.6875 0.608881

0.0493132 0.125 1
0.0753702 0.25 0.993045
0.100785 0.375 0.983664
0.124716 0.5 0.972274
0.125 0.501775 0.9721
0.151444 0.625 0.957601
0.176466 0.75 0.940854
0.201638 0.875 0.923759
0.228698 1 0.906303
0.25 1.08949 0.893553
0.260032 1.125 0.888292
0.29617 1.25 0.86964
0.337267 1.375 0.851107
0.375 1.47254 0.836343
0.387352 1.5 0.832048
0.448237 1.625 0.812476
0.5 1.71366 0.798221
0.525163 1.75 0.792078
0.624642 1.875 0.770599
0.625 1.8754 0.770525
0.6875 1.9375 0.758512

