0.125 0.0292513 1
0.25 0.0523407 0.99128
0.375 0.0811113 0.978145
0.5 0.113336 0.960727
0.550826 0.125 0.952509
0.625 0.14911 0.937554
0.75 0.185314 0.908626
0.875 0.221058 0.878538
0.979288 0.25 0.852974
1 0.257048 0.847689
1.125 0.29506 0.816078
1.25 0.334212 0.785158
1.37283 0.375 0.755182
1.375 0.375833 0.754642
1.5 0.423616 0.723683
1.625 0.478834 0.692939
1.66791 0.5 0.68214
1.75 0.546399 0.661041
1.86442 0.625 0.630967
1.875 0.633238 0.628093
1.9375 0.6875 0.610656

0.0492228 0.125 1
0.0752941 0.25 0.993036
0.100743 0.375 0.983638
0.124712 0.5 0.972226
0.125 0.501799 0.972047
0.15148 0.625 0.957512
0.176533 0.75 0.940719
0.201726 0.875 0.923575
0.228799 1 0.906074
0.25 1.08909 0.893353
0.260146 1.125 0.88802
0.296283 1.25 0.869325
0.337372 1.375 0.850754
0.375 1.47232 0.836
0.387449 1.5 0.831661
0.448314 1.625 0.812057
0.5 1.71357 0.797797
0.525216 1.75 0.79163
0.624659 1.875 0.77012
0.625 1.87538 0.770051
0.6875 1.9375 0.758018

