0.125 0.0265484 1
0.25 0.0485046 0.991012
0.375 0.076966 0.977229
0.5 0.110025 0.958651
0.561572 0.125 0.947885
0.625 0.147064 0.934171
0.75 0.185331 0.903619
0.875 0.223311 0.871929
0.967816 0.25 0.84803
1 0.261377 0.839411
1.125 0.300815 0.806426
1.25 0.340968 0.774261
1.35387 0.375 0.747908
1.375 0.383002 0.742433
1.5 0.430324 0.710342
1.625 0.4846 0.678444
1.6573 0.5 0.669994
1.75 0.550377 0.645197
1.86181 0.625 0.614424
1.875 0.634814 0.61067
1.9375 0.6875 0.592229

0.0505729 0.125 1
0.0764182 0.25 0.993163
0.101349 0.375 0.984007
0.12476 0.5 0.972945
0.125 0.501524 0.972798
0.150936 0.625 0.958833
0.175531 0.75 0.942802
0.200411 0.875 0.926418
0.227296 1 0.90965
0.25 1.09516 0.896586
0.258442 1.125 0.892323
0.294604 1.25 0.874315
0.335808 1.375 0.85635
0.375 1.47568 0.841525
0.386012 1.5 0.837818
0.447177 1.625 0.81874
0.5 1.71493 0.8046
0.524436 1.75 0.798801
0.624413 1.875 0.777777
0.625 1.87566 0.777659
0.6875 1.9375 0.765928

