0.125 0.0301936 1
0.25 0.0536488 0.987797
0.375 0.0824874 0.969967
0.5 0.114401 0.947139
0.547109 0.125 0.937414
0.625 0.149748 0.917737
0.75 0.185268 0.882474
0.875 0.220286 0.846913
0.983358 0.25 0.816194
1 0.255593 0.811325
1.125 0.293168 0.775291
1.25 0.332004 0.740362
1.375 0.373527 0.70595
1.37943 0.375 0.704716
1.5 0.421429 0.670472
1.625 0.476948 0.634942
1.67123 0.5 0.621307
1.75 0.545096 0.597031
1.86524 0.625 0
1.875 0.632713 0
1.9375 0.6875 0

0.0487533 0.125 1
0.0748963 0.25 0.990074
0.100523 0.375 0.976902
0.124688 0.5 0.961232
0.125 0.501937 0.960972
0.151666 0.625 0.94148
0.176881 0.75 0.919501
0.202185 0.875 0.897603
0.229323 1 0.875726
0.25 1.08696 0.860451
0.260742 1.125 0.853561
0.29687 1.25 0.830981
0.337919 1.375 0.80885
0.375 1.47112 0.791649
0.387953 1.5 0.78633
0.448714 1.625 0.763386
0.5 1.71308 0.746863
0.525492 1.75 0.739592
0.624747 1.875 0.714569
0.625 1.87528 0.714508
0.6875 1.9375 0.700466

