0.125 0.0263941 1
0.25 0.0482816 0.98728
0.375 0.0767195 0.968253
0.5 0.109822 0.943395
0.562195 0.125 0.929201
0.625 0.146935 0.911824
0.75 0.185324 0.873869
0.875 0.223438 0.835698
0.967183 0.25 0.807682
1 0.261628 0.797394
1.125 0.301154 0.759092
1.25 0.341369 0.721982
1.35274 0.375 0.691854
1.375 0.383425 0.685155
1.5 0.430724 0.647543
1.625 0.484942 0.609147
1.65665 0.5 0.598914
1.75 0.550613 0
1.86165 0.625 0
1.875 0.634907 0
1.9375 0.6875 0

0.0506504 0.125 1
0.0764821 0.25 0.990326
0.101383 0.375 0.977618
0.124763 0.5 0.962601
0.125 0.50151 0.962407
0.150905 0.625 0.943916
0.175474 0.75 0.923224
0.200337 0.875 0.902564
0.227211 1 0.881838
0.25 1.0955 0.865878
0.258345 1.125 0.86079
0.294508 1.25 0.839242
0.335719 1.375 0.818007
0.375 1.47587 0.800605
0.38593 1.5 0.796317
0.447113 1.625 0.774154
0.5 1.71501 0.757789
0.524392 1.75 0.751108
0.624399 1.875 0.726863
0.625 1.87567 0.726724
0.6875 1.9375 0.713189

