0.125 0.0269507 1
0.25 0.0490841 0.987362
0.375 0.0776037 0.968539
0.5 0.110546 0.944037
0.559953 0.125 0.930579
0.625 0.147394 0.912783
0.75 0.185346 0.874999
0.875 0.222979 0.836912
0.969481 0.25 0.808205
1 0.260725 0.798645
1.125 0.299933 0.760309
1.25 0.339929 0.723084
1.35681 0.375 0.691634
1.375 0.381903 0.686145
1.5 0.429288 0.648388
1.625 0.483711 0.609801
1.65899 0.5 0.598756
1.75 0.549763 0
1.86223 0.625 0
1.875 0.634574 0
1.9375 0.6875 0

0.0503713 0.125 1
0.0762519 0.25 0.99029
0.10126 0.375 0.977518
0.124754 0.5 0.962409
0.125 0.501559 0.962207
0.151017 0.625 0.943555
0.175679 0.75 0.922644
0.200607 0.875 0.901773
0.22752 1 0.880848
0.25 1.09426 0.864958
0.258695 1.125 0.859608
0.294853 1.25 0.837881
0.33604 1.375 0.816491
0.375 1.47519 0.799098
0.386225 1.5 0.794659
0.447346 1.625 0.772361
0.5 1.71473 0.75596
0.524551 1.75 0.74919
0.624449 1.875 0.724812
0.625 1.87562 0.724683
0.6875 1.9375 0.711067

