0.0465761 0.125 1
0.0726655 0.25 0.989853
0.0988587 0.375 0.97625
0.123926 0.5 0.95994
0.125 0.506421 0.959038
0.151741 0.625 0.93929
0.177912 0.75 0.916119
0.204086 0.875 0.892974
0.231935 1 0.869845
0.25 1.07573 0.855798
0.263947 1.125 0.8464
0.300213 1.25 0.822689
0.341299 1.375 0.799436
0.375 1.46352 0.782828
0.391125 1.5 0.775799
0.451343 1.625 0.751806
0.5 1.70974 0.735192
0.527325 1.75 0.72693
0.625 1.87447 0.70095
0.6255 1.875 0.700831
0.6875 1.9375 0.686491

0.125 0.0324332 1
0.25 0.0565179 0.98813
0.375 0.0852425 0.971014
0.5 0.116284 0.949316
0.540436 0.125 0.941441
0.625 0.150499 0.921351
0.75 0.184496 0.888104
0.875 0.218043 0.854575
0.994003 0.25 0.822769
1 0.251969 0.821112
1.125 0.288739 0.786977
1.25 0.327057 0.753923
1.375 0.368538 0.721378
1.394 0.375 0.716386
1.5 0.416679 0.688052
1.625 0.472908 0.654728
1.6781 0.5 0.640137
1.75 0.542295 0.619598
1.8669 0.625 0.584523
1.875 0.631602 0.581927
1.9375 0.6875 0

