0.0461343 0.125 1
0.0721692 0.25 0.989814
0.0984455 0.375 0.976137
0.123694 0.5 0.95971
0.125 0.507747 0.95861
0.151665 0.625 0.93891
0.178052 0.75 0.915517
0.204444 0.875 0.892133
0.232482 1 0.868753
0.25 1.07333 0.855002
0.264642 1.125 0.845045
0.30096 1.25 0.821102
0.342078 1.375 0.797611
0.375 1.46173 0.781174
0.391859 1.5 0.77373
0.451963 1.625 0.749509
0.5 1.70893 0.732894
0.527759 1.75 0.724393
0.625 1.87427 0.698221
0.625691 1.875 0.698054
0.6875 1.9375 0.683607

0.125 0.032666 1
0.25 0.056775 0.988175
0.375 0.0854432 0.971152
0.5 0.116374 0.949591
0.540169 0.125 0.941823
0.625 0.150445 0.921823
0.75 0.184298 0.888821
0.875 0.21773 0.855528
0.995266 0.25 0.823593
1 0.251552 0.822295
1.125 0.288269 0.788371
1.25 0.326571 0.755511
1.375 0.368071 0.723146
1.39533 0.375 0.717836
1.5 0.41624 0.69002
1.625 0.472548 0.656898
1.67869 0.5 0.642241
1.75 0.542044 0.622016
1.86703 0.625 0.58721
1.875 0.631508 0.584682
1.9375 0.6875 0

