0.125 0.0278883 1
0.25 0.0504227 0.991149
0.375 0.0790609 0.977709
0.5 0.11172 0.959752
0.55621 0.125 0.950317
0.625 0.148127 0.935921
0.75 0.185354 0.905995
0.875 0.222198 0.874848
0.973426 0.25 0.849862
1 0.259214 0.842845
1.125 0.297911 0.810224
1.25 0.337551 0.778301
1.36351 0.375 0.749691
1.375 0.379384 0.746734
1.5 0.426923 0.714819
1.625 0.48168 0.683063
1.66277 0.5 0.673233
1.75 0.548362 0.650041
1.86316 0.625 0.619166
1.875 0.634021 0.615827
1.9375 0.6875 0.597667

0.0499029 0.125 1
0.0758636 0.25 0.9931
0.101052 0.375 0.983828
0.124739 0.5 0.972595
0.125 0.501644 0.972436
0.151207 0.625 0.958175
0.176027 0.75 0.941741
0.201063 0.875 0.924954
0.228041 1 0.907798
0.25 1.09215 0.894875
0.259286 1.125 0.890084
0.295435 1.25 0.871708
0.336582 1.375 0.85342
0.375 1.47402 0.83861
0.386722 1.5 0.83459
0.447739 1.625 0.815232
0.5 1.71426 0.801018
0.52482 1.75 0.795033
0.624533 1.875 0.773751
0.625 1.87552 0.773656
0.6875 1.9375 0.761767

