0.125 0.0264826 1
0.25 0.0484096 0.987293
0.375 0.0768611 0.9683
0.5 0.109939 0.9435
0.561837 0.125 0.929425
0.625 0.147009 0.911978
0.75 0.185328 0.874045
0.875 0.223365 0.83588
0.967546 0.25 0.807746
1 0.261484 0.797571
1.125 0.300959 0.759252
1.25 0.341139 0.722111
1.35339 0.375 0.69176
1.375 0.383182 0.685251
1.5 0.430494 0.6476
1.625 0.484746 0.609153
1.65702 0.5 0.598783
1.75 0.550477 0
1.86174 0.625 0
1.875 0.634854 0
1.9375 0.6875 0

0.050606 0.125 1
0.0764455 0.25 0.990319
0.101364 0.375 0.977601
0.124761 0.5 0.96257
0.125 0.501518 0.962375
0.150923 0.625 0.943858
0.175506 0.75 0.92313
0.20038 0.875 0.902437
0.22726 1 0.881679
0.25 1.09531 0.86573
0.258401 1.125 0.8606
0.294563 1.25 0.839023
0.33577 1.375 0.817761
0.375 1.47576 0.800362
0.385977 1.5 0.796049
0.44715 1.625 0.773866
0.5 1.71497 0.757493
0.524417 1.75 0.750799
0.624407 1.875 0.726532
0.625 1.87566 0.726394
0.6875 1.9375 0.712847

