0.125 0.0264034 1
0.25 0.048295 0.990996
0.375 0.0767343 0.977174
0.5 0.109835 0.958522
0.562157 0.125 0.947602
0.625 0.146942 0.933971
0.75 0.185324 0.903382
0.875 0.22343 0.871675
0.967221 0.25 0.847932
1 0.261613 0.839153
1.125 0.301134 0.806184
1.25 0.341345 0.774059
1.3528 0.375 0.748017
1.375 0.3834 0.742273
1.5 0.4307 0.710234
1.625 0.484922 0.678401
1.65669 0.5 0.670127
1.75 0.550599 0.64521
1.86166 0.625 0.61453
1.875 0.634901 0.61074
1.9375 0.6875 0.592311

0.0506458 0.125 1
0.0764783 0.25 0.99317
0.101381 0.375 0.984025
0.124763 0.5 0.972982
0.125 0.501511 0.972837
0.150907 0.625 0.958905
0.175477 0.75 0.94292
0.200341 0.875 0.926584
0.227216 1 0.909863
0.25 1.09548 0.896786
0.258351 1.125 0.892579
0.294514 1.25 0.874615
0.335724 1.375 0.856688
0.375 1.47586 0.841863
0.385935 1.5 0.838192
0.447117 1.625 0.819146
0.5 1.71501 0.805016
0.524394 1.75 0.799238
0.6244 1.875 0.778244
0.625 1.87567 0.778124
0.6875 1.9375 0.76641

