0.125 0.0264224 1
0.25 0.0483225 0.987285
0.375 0.0767647 0.96827
0.5 0.109859 0.943429
0.56208 0.125 0.929272
0.625 0.146958 0.911874
0.75 0.185325 0.873924
0.875 0.223415 0.835755
0.967299 0.25 0.807701
1 0.261582 0.797448
1.125 0.301092 0.759141
1.25 0.341296 0.722019
1.35294 0.375 0.691818
1.375 0.383348 0.68518
1.5 0.43065 0.647556
1.625 0.484879 0.60914
1.65677 0.5 0.598864
1.75 0.55057 0
1.86168 0.625 0
1.875 0.63489 0
1.9375 0.6875 0

0.0506362 0.125 1
0.0764704 0.25 0.990324
0.101377 0.375 0.977613
0.124762 0.5 0.962591
0.125 0.501512 0.962398
0.150911 0.625 0.943898
0.175484 0.75 0.923195
0.20035 0.875 0.902524
0.227227 1 0.881788
0.25 1.09544 0.86583
0.258363 1.125 0.860729
0.294526 1.25 0.839171
0.335735 1.375 0.817928
0.375 1.47584 0.800528
0.385945 1.5 0.796231
0.447125 1.625 0.774061
0.5 1.715 0.757694
0.5244 1.75 0.751008
0.624402 1.875 0.726756
0.625 1.87567 0.726618
0.6875 1.9375 0.713079

