0.0468372 0.125 1
0.0729578 0.25 0.992849
0.0991008 0.375 0.98308
0.124062 0.5 0.971104
0.125 0.50564 0.970514
0.151785 0.625 0.955544
0.177828 0.75 0.937628
0.203875 0.875 0.919296
0.231613 1 0.900592
0.25 1.07714 0.88885
0.263538 1.125 0.881295
0.299774 1.25 0.861469
0.340841 1.375 0.841805
0.375 1.46457 0.82748
0.390693 1.5 0.821639
0.450979 1.625 0.801041
0.5 1.71021 0.786662
0.527071 1.75 0.779629
0.625 1.87459 0.757256
0.625388 1.875 0.757177
0.6875 1.9375 0.744875

0.125 0.0322956 1
0.25 0.0563656 0.991585
0.375 0.0851233 0.979141
0.5 0.11623 0.962889
0.540595 0.125 0.956845
0.625 0.150531 0.941241
0.75 0.184614 0.914616
0.875 0.218229 0.886973
0.993254 0.25 0.860335
1 0.252217 0.85875
1.125 0.289019 0.829496
1.25 0.327346 0.800889
1.375 0.368815 0.772621
1.3932 0.375 0.768469
1.5 0.41694 0.743756
1.625 0.473122 0.715212
1.67774 0.5 0.702964
1.75 0.542445 0.685769
1.86682 0.625 0.657477
1.875 0.631657 0.655419
1.9375 0.6875 0.639364

