0.125 0.0266584 1
0.25 0.0486634 0.987319
0.375 0.0771412 0.96839
0.5 0.110168 0.943703
0.561128 0.125 0.929862
0.625 0.147155 0.912283
0.75 0.185336 0.874403
0.875 0.223221 0.836262
0.968269 0.25 0.807912
1 0.261199 0.797964
1.125 0.300573 0.759634
1.25 0.340683 0.722452
1.35468 0.375 0.69168
1.375 0.382701 0.685554
1.5 0.430039 0.647855
1.625 0.484356 0.609342
1.65777 0.5 0.598714
1.75 0.550208 0
1.86193 0.625 0
1.875 0.634748 0
1.9375 0.6875 0

0.0505178 0.125 1
0.0763727 0.25 0.990308
0.101325 0.375 0.977571
0.124759 0.5 0.96251
0.125 0.501534 0.962312
0.150958 0.625 0.943745
0.175571 0.75 0.922948
0.200465 0.875 0.902189
0.227357 1 0.881368
0.25 1.09491 0.86544
0.258511 1.125 0.860227
0.294672 1.25 0.838594
0.335871 1.375 0.817284
0.375 1.47555 0.799888
0.38607 1.5 0.795527
0.447223 1.625 0.7733
0.5 1.71488 0.756917
0.524467 1.75 0.750194
0.624423 1.875 0.725886
0.625 1.87565 0.725752
0.6875 1.9375 0.712178

