0.0477098 0.125 1
0.0739281 0.25 0.989948
0.0998984 0.375 0.976536
0.124502 0.5 0.960521
0.125 0.503043 0.960102
0.151922 0.625 0.940255
0.177545 0.75 0.917642
0.203171 0.875 0.895119
0.230543 1 0.872639
0.25 1.08187 0.857883
0.262178 1.125 0.849872
0.298322 1.25 0.826753
0.339328 1.375 0.804122
0.375 1.468 0.787128
0.389263 1.5 0.781116
0.449776 1.625 0.757719
0.5 1.71175 0.741135
0.52623 1.75 0.733468
0.625 1.87498 0.707985
0.625015 1.875 0.707981
0.6875 1.9375 0.693917

0.125 0.0318358 1
0.25 0.0558542 0.988012
0.375 0.0847214 0.970654
0.5 0.116049 0.948592
0.541132 0.125 0.940437
0.625 0.150636 0.920119
0.75 0.185011 0.886248
0.875 0.218855 0.852134
0.990743 0.25 0.820688
1 0.253051 0.818087
1.125 0.289959 0.783418
1.25 0.328318 0.749881
1.375 0.369749 0.716879
1.39052 0.375 0.712742
1.5 0.417819 0.683044
1.625 0.473843 0.649201
1.67654 0.5 0.634795
1.75 0.542948 0.613421
1.86655 0.625 0.57763
1.875 0.631844 0
1.9375 0.6875 0

