0.125 0.0269223 1
0.25 0.0490433 0.991053
0.375 0.077559 0.977369
0.5 0.11051 0.958978
0.560067 0.125 0.9486
0.625 0.147371 0.934679
0.75 0.185345 0.904246
0.875 0.223002 0.872627
0.969363 0.25 0.848353
1 0.260771 0.840156
1.125 0.299995 0.80717
1.25 0.340002 0.774955
1.35661 0.375 0.74785
1.375 0.381981 0.743074
1.5 0.42936 0.710908
1.625 0.483773 0.678909
1.65887 0.5 0.67002
1.75 0.549806 0.645576
1.8622 0.625 0.614625
1.875 0.634591 0.610975
1.9375 0.6875 0.592534

0.0503856 0.125 1
0.0762637 0.25 0.993145
0.101267 0.375 0.983957
0.124755 0.5 0.972848
0.125 0.501557 0.9727
0.151012 0.625 0.958649
0.175669 0.75 0.942497
0.200593 0.875 0.925996
0.227504 1 0.909112
0.25 1.09432 0.89608
0.258677 1.125 0.891668
0.294836 1.25 0.873551
0.336024 1.375 0.85549
0.375 1.47522 0.840664
0.38621 1.5 0.83687
0.447334 1.625 0.817707
0.5 1.71475 0.803544
0.524543 1.75 0.797692
0.624446 1.875 0.77659
0.625 1.87562 0.776479
0.6875 1.9375 0.764701

