0.0384859 0.125 1
0.0631674 0.25 0.989115
0.0905146 0.375 0.973993
0.118825 0.5 0.955292
0.125 0.531634 0.950064
0.149718 0.625 0.931608
0.180197 0.75 0.903935
0.210771 0.875 0.875852
0.242431 1 0.8476
0.25 1.03086 0.840566
0.277338 1.125 0.818739
0.315029 1.25 0.790274
0.356777 1.375 0.762159
0.375 1.42592 0.75061
0.405664 1.5 0.733491
0.463777 1.625 0.704731
0.5 1.69241 0.688847
0.53596 1.75 0.674809
0.625 1.87015 0.644807
0.629206 1.875 0.643529
0.6875 1.9375 0.626693

0.125 0.0367127 1
0.25 0.0611011 0.988897
0.375 0.0887141 0.97333
0.5 0.117752 0.953943
0.535956 0.125 0.947748
0.625 0.149463 0.929328
0.75 0.180957 0.900344
0.875 0.212512 0.870896
1 0.244972 0.841286
1.02043 0.25 0.836395
1.125 0.280519 0.810977
1.25 0.318539 0.781259
1.375 0.360347 0.751918
1.41657 0.375 0.742071
1.5 0.409012 0.721957
1.625 0.466622 0.691954
1.68811 0.5 0.676423
1.75 0.537924 0.660675
1.86912 0.625 0.629505
1.875 0.629992 0.627883
1.9375 0.6875 0.610206

