0.125 0.0263941 1
0.25 0.0482816 0.990996
0.375 0.0767195 0.977171
0.5 0.109822 0.958514
0.562195 0.125 0.947584
0.625 0.146935 0.933959
0.75 0.185324 0.903366
0.875 0.223438 0.871658
0.967183 0.25 0.847927
1 0.261628 0.839139
1.125 0.301154 0.806171
1.25 0.341369 0.774049
1.35274 0.375 0.748027
1.375 0.383425 0.742266
1.5 0.430724 0.71023
1.625 0.484942 0.678402
1.65665 0.5 0.670141
1.75 0.550613 0.645217
1.86165 0.625 0.614545
1.875 0.634907 0.610751
1.9375 0.6875 0.592324

0.0506504 0.125 1
0.0764821 0.25 0.99317
0.101383 0.375 0.984026
0.124763 0.5 0.972984
0.125 0.50151 0.97284
0.150905 0.625 0.95891
0.175474 0.75 0.942928
0.200337 0.875 0.926595
0.227211 1 0.909876
0.25 1.0955 0.896799
0.258345 1.125 0.892595
0.294508 1.25 0.874635
0.335719 1.375 0.856709
0.375 1.47587 0.841886
0.38593 1.5 0.838216
0.447113 1.625 0.819172
0.5 1.71501 0.805044
0.524392 1.75 0.799265
0.624399 1.875 0.778274
0.625 1.87567 0.778154
0.6875 1.9375 0.766441

