0.125 0.0268651 1
0.25 0.048961 0.991046
0.375 0.0774686 0.977348
0.5 0.110436 0.958928
0.560297 0.125 0.948492
0.625 0.147325 0.934602
0.75 0.185343 0.904151
0.875 0.22305 0.872523
0.969124 0.25 0.848306
1 0.260864 0.840045
1.125 0.30012 0.807059
1.25 0.340149 0.774852
1.35619 0.375 0.747863
1.375 0.382136 0.742981
1.5 0.429507 0.710824
1.625 0.483899 0.678843
1.65863 0.5 0.670022
1.75 0.549893 0.645523
1.86214 0.625 0.6146
1.875 0.634625 0.610933
1.9375 0.6875 0.592492

0.0504142 0.125 1
0.0762873 0.25 0.993149
0.101279 0.375 0.983965
0.124755 0.5 0.972865
0.125 0.501552 0.972715
0.151 0.625 0.958676
0.175648 0.75 0.942544
0.200565 0.875 0.92606
0.227472 1 0.909194
0.25 1.09445 0.896157
0.258641 1.125 0.89177
0.2948 1.25 0.873669
0.335991 1.375 0.855623
0.375 1.47529 0.840796
0.38618 1.5 0.837017
0.44731 1.625 0.817866
0.5 1.71478 0.803707
0.524526 1.75 0.797863
0.624441 1.875 0.776774
0.625 1.87563 0.776661
0.6875 1.9375 0.764892

