0.0467099 0.125 1
0.0728154 0.25 0.989864
0.0989829 0.375 0.976284
0.123996 0.5 0.96001
0.125 0.50602 0.959165
0.151764 0.625 0.939405
0.177869 0.75 0.916299
0.203978 0.875 0.893228
0.23177 1 0.870175
0.25 1.07645 0.85604
0.263737 1.125 0.84681
0.299988 1.25 0.823166
0.341064 1.375 0.799988
0.375 1.46406 0.783328
0.390903 1.5 0.776423
0.451156 1.625 0.7525
0.5 1.70998 0.735887
0.527195 1.75 0.727698
0.625 1.87454 0.701774
0.625443 1.875 0.701669
0.6875 1.9375 0.687362

0.125 0.0323627 1
0.25 0.0564399 0.988117
0.375 0.0851815 0.970973
0.5 0.116257 0.949232
0.540517 0.125 0.941325
0.625 0.150515 0.921207
0.75 0.184557 0.887884
0.875 0.218138 0.854286
0.99362 0.25 0.822519
1 0.252096 0.820754
1.125 0.288882 0.786553
1.25 0.327205 0.753441
1.375 0.36868 0.720842
1.39359 0.375 0.715949
1.5 0.416813 0.687455
1.625 0.473018 0.65407
1.67791 0.5 0.6395
1.75 0.542372 0.618862
1.86686 0.625 0.583705
1.875 0.63163 0.581088
1.9375 0.6875 0

