0.0407971 0.125 1
0.0659702 0.25 0.992465
0.0930729 0.375 0.981885
0.120477 0.5 0.968592
0.125 0.524236 0.96572
0.150442 0.625 0.951278
0.179613 0.75 0.930694
0.208833 0.875 0.909334
0.239321 1 0.887398
0.25 1.0439 0.879547
0.273343 1.125 0.864639
0.310527 1.25 0.841712
0.352072 1.375 0.818879
0.375 1.43783 0.807253
0.401246 1.5 0.795488
0.459972 1.625 0.771908
0.5 1.69797 0.757851
0.533327 1.75 0.747482
0.625 1.87153 0.722929
0.628098 1.875 0.722189
0.6875 1.9375 0.708683

0.125 0.0354856 1
0.25 0.0598173 0.992004
0.375 0.0877647 0.980442
0.5 0.11737 0.965571
0.537141 0.125 0.960556
0.625 0.149772 0.946015
0.75 0.18195 0.922174
0.875 0.214053 0.897299
1 0.246884 0.871775
1.01268 0.25 0.869129
1.125 0.282792 0.845157
1.25 0.320896 0.818863
1.375 0.362616 0.79277
1.41048 0.375 0.785282
1.5 0.411128 0.766069
1.625 0.468356 0.739471
1.68543 0.5 0.726376
1.75 0.539126 0.712015
1.86853 0.625 0.685279
1.875 0.630432 0.683762
1.9375 0.6875 0.668861

