0.125 0.026462 1
0.25 0.0483797 0.98729
0.375 0.076828 0.968289
0.5 0.109912 0.943476
0.561921 0.125 0.929372
0.625 0.146992 0.911943
0.75 0.185327 0.874003
0.875 0.223382 0.835837
0.967461 0.25 0.80773
1 0.261518 0.797527
1.125 0.301005 0.759213
1.25 0.341193 0.722077
1.35324 0.375 0.691778
1.375 0.383239 0.685224
1.5 0.430548 0.647582
1.625 0.484791 0.609145
1.65694 0.5 0.598807
1.75 0.550509 0
1.86172 0.625 0
1.875 0.634866 0
1.9375 0.6875 0

0.0506163 0.125 1
0.076454 0.25 0.990321
0.101368 0.375 0.977606
0.124762 0.5 0.962578
0.125 0.501516 0.962383
0.150919 0.625 0.943872
0.175499 0.75 0.923153
0.20037 0.875 0.902467
0.227249 1 0.881716
0.25 1.09535 0.865764
0.258388 1.125 0.860643
0.29455 1.25 0.839073
0.335758 1.375 0.817818
0.375 1.47579 0.800418
0.385966 1.5 0.796112
0.447141 1.625 0.773932
0.5 1.71498 0.757562
0.524411 1.75 0.75087
0.624405 1.875 0.726608
0.625 1.87567 0.726471
0.6875 1.9375 0.712926

