0.125 0.0269364 1
0.25 0.0490636 0.987361
0.375 0.0775812 0.968531
0.5 0.110528 0.944021
0.560011 0.125 0.930544
0.625 0.147383 0.912759
0.75 0.185345 0.87497
0.875 0.222991 0.836882
0.969421 0.25 0.808193
1 0.260748 0.798614
1.125 0.299964 0.760279
1.25 0.339966 0.723056
1.35671 0.375 0.691641
1.375 0.381942 0.686119
1.5 0.429324 0.648367
1.625 0.483742 0.609785
1.65893 0.5 0.598759
1.75 0.549785 0
1.86221 0.625 0
1.875 0.634582 0
1.9375 0.6875 0

0.0503785 0.125 1
0.0762578 0.25 0.99029
0.101264 0.375 0.977521
0.124754 0.5 0.962414
0.125 0.501558 0.962212
0.151015 0.625 0.943565
0.175674 0.75 0.92266
0.2006 0.875 0.901794
0.227512 1 0.880874
0.25 1.09429 0.864982
0.258686 1.125 0.859639
0.294844 1.25 0.837917
0.336032 1.375 0.81653
0.375 1.4752 0.799136
0.386218 1.5 0.794703
0.44734 1.625 0.772408
0.5 1.71474 0.756006
0.524547 1.75 0.74924
0.624448 1.875 0.724865
0.625 1.87562 0.724736
0.6875 1.9375 0.711122

