0.125 0.026432 1
0.25 0.0483365 0.990999
0.375 0.0767802 0.977185
0.5 0.109872 0.958547
0.562041 0.125 0.947658
0.625 0.146967 0.934012
0.75 0.185326 0.903427
0.875 0.223407 0.871723
0.967338 0.25 0.84795
1 0.261566 0.839202
1.125 0.301071 0.806227
1.25 0.341271 0.774093
1.35301 0.375 0.747988
1.375 0.383321 0.742297
1.5 0.430625 0.710245
1.625 0.484858 0.678398
1.65681 0.5 0.670089
1.75 0.550555 0.645194
1.86169 0.625 0.614495
1.875 0.634884 0.610711
1.9375 0.6875 0.592279

0.0506314 0.125 1
0.0764664 0.25 0.993168
0.101375 0.375 0.984021
0.124762 0.5 0.972974
0.125 0.501513 0.972831
0.150913 0.625 0.958891
0.175488 0.75 0.942895
0.200355 0.875 0.926552
0.227232 1 0.909819
0.25 1.09542 0.896746
0.258369 1.125 0.892528
0.294532 1.25 0.874556
0.335741 1.375 0.856621
0.375 1.47583 0.841796
0.38595 1.5 0.838118
0.447129 1.625 0.819064
0.5 1.71499 0.804934
0.524402 1.75 0.799151
0.624403 1.875 0.778151
0.625 1.87567 0.778032
0.6875 1.9375 0.766314

