0.125 0.0265258 1
0.25 0.048472 0.991009
0.375 0.07693 0.977221
0.5 0.109995 0.958631
0.561663 0.125 0.947842
0.625 0.147045 0.934141
0.75 0.18533 0.903582
0.875 0.22333 0.871887
0.967723 0.25 0.848014
1 0.261414 0.839369
1.125 0.300864 0.806384
1.25 0.341027 0.774225
1.35371 0.375 0.747919
1.375 0.383064 0.742402
1.5 0.430382 0.710317
1.625 0.48465 0.67843
1.65721 0.5 0.670006
1.75 0.550411 0.645189
1.86179 0.625 0.614429
1.875 0.634828 0.610669
1.9375 0.6875 0.592229

0.0505843 0.125 1
0.0764276 0.25 0.993163
0.101354 0.375 0.984009
0.124761 0.5 0.972952
0.125 0.501522 0.972805
0.150932 0.625 0.958844
0.175522 0.75 0.94282
0.200401 0.875 0.926444
0.227284 1 0.909684
0.25 1.09521 0.896617
0.258428 1.125 0.892362
0.29459 1.25 0.874362
0.335795 1.375 0.856401
0.375 1.47571 0.841576
0.386 1.5 0.837876
0.447168 1.625 0.818803
0.5 1.71495 0.804665
0.524429 1.75 0.798869
0.624411 1.875 0.777849
0.625 1.87566 0.777732
0.6875 1.9375 0.766002

