0.125 0.0266715 1
0.25 0.0486823 0.991025
0.375 0.077162 0.977276
0.5 0.110186 0.958759
0.561075 0.125 0.948122
0.625 0.147166 0.934341
0.75 0.185337 0.903827
0.875 0.22321 0.872158
0.968323 0.25 0.848135
1 0.261178 0.839653
1.125 0.300544 0.806666
1.25 0.340649 0.774481
1.35478 0.375 0.747877
1.375 0.382665 0.742632
1.5 0.430005 0.710513
1.625 0.484327 0.67858
1.65782 0.5 0.669983
1.75 0.550188 0.645301
1.86194 0.625 0.614464
1.875 0.634741 0.610745
1.9375 0.6875 0.592302

0.0505112 0.125 1
0.0763673 0.25 0.993157
0.101322 0.375 0.983991
0.124758 0.5 0.972913
0.125 0.501535 0.972766
0.150961 0.625 0.958773
0.175576 0.75 0.942702
0.200471 0.875 0.926279
0.227365 1 0.909473
0.25 1.09488 0.89642
0.25852 1.125 0.892107
0.29468 1.25 0.874064
0.335879 1.375 0.856068
0.375 1.47553 0.841241
0.386077 1.5 0.837507
0.447229 1.625 0.8184
0.5 1.71487 0.804254
0.524471 1.75 0.798437
0.624424 1.875 0.777387
0.625 1.87564 0.777271
0.6875 1.9375 0.765524

