0.0422313 0.125 1
0.067673 0.25 0.989469
0.0945878 0.375 0.975088
0.121419 0.5 0.957561
0.125 0.519722 0.954541
0.150828 0.625 0.935363
0.179221 0.75 0.909921
0.207641 0.875 0.884286
0.237438 1 0.858567
0.25 1.0519 0.847839
0.270941 1.125 0.832401
0.30785 1.25 0.8063
0.349274 1.375 0.780595
0.375 1.44471 0.766151
0.398621 1.5 0.754441
0.45772 1.625 0.728075
0.5 1.70115 0.711656
0.531765 1.75 0.70071
0.625 1.87232 0.672759
0.627432 1.875 0.672108
0.6875 1.9375 0.656604

0.125 0.0347264 1
0.25 0.0590109 0.988555
0.375 0.0871591 0.972305
0.5 0.117118 0.9519
0.537916 0.125 0.944993
0.625 0.149958 0.925802
0.75 0.182572 0.894922
0.875 0.215023 0.863649
1 0.248089 0.832338
1.00779 0.25 0.830365
1.125 0.28423 0.800234
1.25 0.322386 0.769006
1.375 0.36405 0.738266
1.40657 0.375 0.730436
1.5 0.412469 0.706849
1.625 0.469455 0.675426
1.68369 0.5 0.660274
1.75 0.53989 0.642547
1.86815 0.625 0.609816
1.875 0.630712 0.607807
1.9375 0.6875 0.588892

