0.125 0.0268362 1
0.25 0.0489195 0.991043
0.375 0.077423 0.977337
0.5 0.110399 0.958902
0.560413 0.125 0.948437
0.625 0.147301 0.934563
0.75 0.185342 0.904102
0.875 0.223074 0.872468
0.969005 0.25 0.848282
1 0.260911 0.839987
1.125 0.300183 0.807001
1.25 0.340224 0.774797
1.35598 0.375 0.747864
1.375 0.382215 0.742929
1.5 0.429581 0.710777
1.625 0.483963 0.678802
1.65851 0.5 0.670015
1.75 0.549937 0.645489
1.86211 0.625 0.614579
1.875 0.634642 0.610904
1.9375 0.6875 0.592463

0.0504287 0.125 1
0.0762992 0.25 0.993149
0.101286 0.375 0.983968
0.124756 0.5 0.972871
0.125 0.501549 0.972723
0.150994 0.625 0.958691
0.175637 0.75 0.942568
0.200551 0.875 0.926094
0.227456 1 0.909236
0.25 1.09451 0.896196
0.258623 1.125 0.89182
0.294782 1.25 0.873729
0.335974 1.375 0.855689
0.375 1.47533 0.840864
0.386164 1.5 0.83709
0.447298 1.625 0.817947
0.5 1.71479 0.803789
0.524518 1.75 0.797948
0.624439 1.875 0.776866
0.625 1.87563 0.776753
0.6875 1.9375 0.764985

