0.125 0.0267545 1
0.25 0.0488019 0.991035
0.375 0.0772937 0.977306
0.5 0.110293 0.958831
0.560741 0.125 0.94828
0.625 0.147234 0.934452
0.75 0.18534 0.903967
0.875 0.223141 0.872318
0.968666 0.25 0.848214
1 0.261043 0.839827
1.125 0.300362 0.806842
1.25 0.340435 0.774651
1.35538 0.375 0.747882
1.375 0.382438 0.742794
1.5 0.429791 0.710661
1.625 0.484143 0.678709
1.65817 0.5 0.670017
1.75 0.550062 0.645417
1.86202 0.625 0.614546
1.875 0.634691 0.610849
1.9375 0.6875 0.592408

0.0504696 0.125 1
0.076333 0.25 0.993153
0.101304 0.375 0.98398
0.124757 0.5 0.972892
0.125 0.501542 0.972744
0.150978 0.625 0.958731
0.175607 0.75 0.942634
0.200511 0.875 0.926186
0.227411 1 0.909355
0.25 1.0947 0.896309
0.258572 1.125 0.891963
0.294732 1.25 0.873896
0.335927 1.375 0.855879
0.375 1.47543 0.841052
0.386121 1.5 0.837299
0.447264 1.625 0.818174
0.5 1.71483 0.804022
0.524495 1.75 0.798193
0.624431 1.875 0.777127
0.625 1.87564 0.777013
0.6875 1.9375 0.765256

