0.125 0.0266715 1
0.25 0.0486823 0.987322
0.375 0.077162 0.968397
0.5 0.110186 0.943718
0.561075 0.125 0.929894
0.625 0.147166 0.912306
0.75 0.185337 0.87443
0.875 0.22321 0.836293
0.968323 0.25 0.807925
1 0.261178 0.797995
1.125 0.300544 0.759665
1.25 0.340649 0.722481
1.35478 0.375 0.69168
1.375 0.382665 0.685582
1.5 0.430005 0.647879
1.625 0.484327 0.609365
1.65782 0.5 0.598717
1.75 0.550188 0
1.86194 0.625 0
1.875 0.634741 0
1.9375 0.6875 0

0.0505112 0.125 1
0.0763673 0.25 0.990308
0.101322 0.375 0.977568
0.124758 0.5 0.962506
0.125 0.501535 0.962307
0.150961 0.625 0.943735
0.175576 0.75 0.922935
0.200471 0.875 0.902169
0.227365 1 0.881343
0.25 1.09488 0.865419
0.25852 1.125 0.8602
0.29468 1.25 0.838562
0.335879 1.375 0.817249
0.375 1.47553 0.799852
0.386077 1.5 0.795488
0.447229 1.625 0.773258
0.5 1.71487 0.756874
0.524471 1.75 0.750149
0.624424 1.875 0.725837
0.625 1.87564 0.725703
0.6875 1.9375 0.712128

