0.125 0.0265835 1
0.25 0.0485553 0.991016
0.375 0.0770219 0.977242
0.5 0.110071 0.958683
0.56143 0.125 0.947953
0.625 0.147093 0.93422
0.75 0.185333 0.903678
0.875 0.223282 0.871992
0.96796 0.25 0.848059
1 0.26132 0.839477
1.125 0.300737 0.80649
1.25 0.340877 0.77432
1.35413 0.375 0.747893
1.375 0.382906 0.742484
1.5 0.430233 0.710384
1.625 0.484522 0.678475
1.65745 0.5 0.669983
1.75 0.550323 0.645217
1.86185 0.625 0.614425
1.875 0.634793 0.61068
1.9375 0.6875 0.592237

0.0505553 0.125 1
0.0764037 0.25 0.993162
0.101342 0.375 0.984002
0.12476 0.5 0.972935
0.125 0.501527 0.97279
0.150943 0.625 0.958817
0.175543 0.75 0.942773
0.200428 0.875 0.926379
0.227316 1 0.9096
0.25 1.09508 0.896538
0.258464 1.125 0.892262
0.294626 1.25 0.874243
0.335828 1.375 0.856269
0.375 1.47564 0.841444
0.386031 1.5 0.83773
0.447192 1.625 0.818642
0.5 1.71492 0.804502
0.524446 1.75 0.798696
0.624416 1.875 0.777666
0.625 1.87565 0.777548
0.6875 1.9375 0.765812

