0.0431381 0.125 1
0.0687355 0.25 0.989552
0.095518 0.375 0.975339
0.121984 0.5 0.958078
0.125 0.516899 0.955536
0.15105 0.625 0.936217
0.178962 0.75 0.911274
0.206893 0.875 0.886185
0.236266 1 0.861033
0.25 1.05692 0.849535
0.269448 1.125 0.835466
0.3062 1.25 0.809892
0.34755 1.375 0.784724
0.375 1.44887 0.769735
0.397003 1.5 0.759123
0.456336 1.625 0.733281
0.5 1.70307 0.716786
0.530804 1.75 0.706467
0.625 1.8728 0.678954
0.627019 1.875 0.678428
0.6875 1.9375 0.663192

0.125 0.0342471 1
0.25 0.058497 0.98847
0.375 0.0867694 0.972045
0.5 0.116953 0.951381
0.538421 0.125 0.944287
0.625 0.150074 0.924907
0.75 0.182969 0.893548
0.875 0.215642 0.861814
1 0.24886 0.830078
1.00465 0.25 0.828883
1.125 0.285151 0.797519
1.25 0.323341 0.765912
1.375 0.364968 0.734821
1.40404 0.375 0.727535
1.5 0.413328 0.703028
1.625 0.47016 0.671237
1.68257 0.5 0.656192
1.75 0.54038 0.637929
1.8679 0.625 0.604765
1.875 0.630893 0.602648
1.9375 0.6875 0.583376

