0.125 0.0269084 1
0.25 0.0490233 0.991051
0.375 0.0775371 0.977364
0.5 0.110492 0.958965
0.560123 0.125 0.948574
0.625 0.14736 0.93466
0.75 0.185345 0.904223
0.875 0.223014 0.872603
0.969305 0.25 0.848343
1 0.260793 0.84013
1.125 0.300026 0.807145
1.25 0.340038 0.774933
1.35651 0.375 0.747856
1.375 0.382018 0.743055
1.5 0.429396 0.710891
1.625 0.483804 0.678897
1.65881 0.5 0.670025
1.75 0.549827 0.645568
1.86218 0.625 0.614625
1.875 0.634599 0.61097
1.9375 0.6875 0.592531

0.0503925 0.125 1
0.0762694 0.25 0.993145
0.10127 0.375 0.983959
0.124755 0.5 0.972853
0.125 0.501555 0.972703
0.151009 0.625 0.958655
0.175664 0.75 0.942508
0.200586 0.875 0.926012
0.227496 1 0.909131
0.25 1.09435 0.896097
0.258669 1.125 0.891693
0.294827 1.25 0.87358
0.336016 1.375 0.855523
0.375 1.47524 0.840696
0.386203 1.5 0.836906
0.447328 1.625 0.817747
0.5 1.71475 0.803585
0.524539 1.75 0.797734
0.624445 1.875 0.776635
0.625 1.87562 0.776524
0.6875 1.9375 0.764748

