0.125 0.0268362 1
0.25 0.0489195 0.987346
0.375 0.077423 0.968481
0.5 0.110399 0.943906
0.560413 0.125 0.930299
0.625 0.147301 0.912588
0.75 0.185342 0.874767
0.875 0.223074 0.836662
0.969005 0.25 0.808097
1 0.260911 0.798385
1.125 0.300183 0.760053
1.25 0.340224 0.722847
1.35598 0.375 0.691663
1.375 0.382215 0.685925
1.5 0.429581 0.648193
1.625 0.483963 0.609639
1.65851 0.5 0.598756
1.75 0.549937 0
1.86211 0.625 0
1.875 0.634642 0
1.9375 0.6875 0

0.0504287 0.125 1
0.0762992 0.25 0.990296
0.101286 0.375 0.977539
0.124756 0.5 0.962449
0.125 0.501549 0.962249
0.150994 0.625 0.943629
0.175637 0.75 0.922764
0.200551 0.875 0.901937
0.227456 1 0.881053
0.25 1.09451 0.865148
0.258623 1.125 0.859853
0.294782 1.25 0.838162
0.335974 1.375 0.816804
0.375 1.47533 0.799409
0.386164 1.5 0.795001
0.447298 1.625 0.772732
0.5 1.71479 0.756337
0.524518 1.75 0.749586
0.624439 1.875 0.725236
0.625 1.87563 0.725105
0.6875 1.9375 0.711506

