0.125 0.0276672 1
0.25 0.0501085 0.991128
0.375 0.0787208 0.977634
0.5 0.111448 0.959584
0.557089 0.125 0.949941
0.625 0.147959 0.935645
0.75 0.185355 0.905573
0.875 0.222383 0.874272
0.972489 0.25 0.849409
1 0.259568 0.84211
1.125 0.298384 0.809352
1.25 0.338105 0.7773
1.36195 0.375 0.748965
1.375 0.379973 0.745594
1.5 0.427474 0.713557
1.625 0.482153 0.681672
1.66189 0.5 0.672027
1.75 0.548688 0.648503
1.86294 0.625 0.617532
1.875 0.63415 0.614116
1.9375 0.6875 0.59585

0.0500132 0.125 1
0.0759554 0.25 0.993112
0.101102 0.375 0.983857
0.124743 0.5 0.972655
0.125 0.501622 0.972497
0.151163 0.625 0.958281
0.175945 0.75 0.941909
0.200955 0.875 0.925183
0.227918 1 0.908083
0.25 1.09265 0.895132
0.259146 1.125 0.890427
0.295298 1.25 0.872107
0.336454 1.375 0.853867
0.375 1.4743 0.839048
0.386605 1.5 0.835081
0.447646 1.625 0.815764
0.5 1.71437 0.80156
0.524757 1.75 0.795604
0.624513 1.875 0.77436
0.625 1.87555 0.774262
0.6875 1.9375 0.762397

