0.125 0.0266455 1
0.25 0.0486447 0.991022
0.375 0.0771206 0.977266
0.5 0.110152 0.958736
0.56118 0.125 0.948072
0.625 0.147145 0.934305
0.75 0.185336 0.903782
0.875 0.223231 0.872108
0.968215 0.25 0.848111
1 0.26122 0.8396
1.125 0.300601 0.806613
1.25 0.340717 0.774431
1.35459 0.375 0.74788
1.375 0.382736 0.742587
1.5 0.430073 0.710472
1.625 0.484384 0.678544
1.65771 0.5 0.66998
1.75 0.550228 0.645272
1.86191 0.625 0.614446
1.875 0.634756 0.61072
1.9375 0.6875 0.592276

0.0505243 0.125 1
0.0763781 0.25 0.993158
0.101328 0.375 0.983994
0.124759 0.5 0.972921
0.125 0.501533 0.972773
0.150956 0.625 0.958786
0.175566 0.75 0.942723
0.200458 0.875 0.926308
0.22735 1 0.909512
0.25 1.09494 0.896454
0.258503 1.125 0.892152
0.294664 1.25 0.874117
0.335864 1.375 0.856127
0.375 1.47556 0.841301
0.386063 1.5 0.837573
0.447218 1.625 0.818471
0.5 1.71489 0.804326
0.524463 1.75 0.798512
0.624422 1.875 0.777469
0.625 1.87565 0.777353
0.6875 1.9375 0.765609

