0.125 0.0280259 1
0.25 0.0506179 0.991164
0.375 0.0792715 0.977755
0.5 0.111888 0.959855
0.555663 0.125 0.950547
0.625 0.148231 0.93609
0.75 0.185353 0.906261
0.875 0.222084 0.875212
0.974012 0.25 0.850157
1 0.258993 0.843318
1.125 0.297619 0.810788
1.25 0.337207 0.778954
1.36447 0.375 0.750183
1.375 0.37902 0.747482
1.5 0.426582 0.715653
1.625 0.481387 0.683984
1.66331 0.5 0.674044
1.75 0.548159 0.651065
1.86329 0.625 0.620257
1.875 0.633941 0.616966
1.9375 0.6875 0.598877

0.0498342 0.125 1
0.0758065 0.25 0.993094
0.101022 0.375 0.983809
0.124737 0.5 0.972558
0.125 0.501657 0.972397
0.151235 0.625 0.958109
0.176079 0.75 0.941638
0.201129 0.875 0.924814
0.228117 1 0.90762
0.25 1.09185 0.894717
0.259372 1.125 0.889872
0.29552 1.25 0.871465
0.336661 1.375 0.853146
0.375 1.47385 0.838341
0.386795 1.5 0.834289
0.447797 1.625 0.814905
0.5 1.71419 0.800686
0.52486 1.75 0.794683
0.624546 1.875 0.773377
0.625 1.87551 0.773285
0.6875 1.9375 0.761382

