0.125 0.0269364 1
0.25 0.0490636 0.991054
0.375 0.0775812 0.977374
0.5 0.110528 0.958989
0.560011 0.125 0.948627
0.625 0.147383 0.934697
0.75 0.185345 0.904268
0.875 0.222991 0.872653
0.969421 0.25 0.848364
1 0.260748 0.840182
1.125 0.299964 0.807196
1.25 0.339966 0.774978
1.35671 0.375 0.747843
1.375 0.381942 0.743095
1.5 0.429324 0.710924
1.625 0.483742 0.678922
1.65893 0.5 0.670017
1.75 0.549785 0.645584
1.86221 0.625 0.614627
1.875 0.634582 0.61098
1.9375 0.6875 0.592537

0.0503785 0.125 1
0.0762578 0.25 0.993145
0.101264 0.375 0.983955
0.124754 0.5 0.972845
0.125 0.501558 0.972695
0.151015 0.625 0.958641
0.175674 0.75 0.942486
0.2006 0.875 0.925979
0.227512 1 0.909091
0.25 1.09429 0.896059
0.258686 1.125 0.891643
0.294844 1.25 0.873522
0.336032 1.375 0.855457
0.375 1.4752 0.84063
0.386218 1.5 0.836833
0.44734 1.625 0.817668
0.5 1.71474 0.803502
0.524547 1.75 0.797648
0.624448 1.875 0.776545
0.625 1.87562 0.776434
0.6875 1.9375 0.764655

