0.0465761 0.125 1
0.0726655 0.25 0.992833
0.0988587 0.375 0.983032
0.123926 0.5 0.971002
0.125 0.506421 0.970328
0.151741 0.625 0.955371
0.177912 0.75 0.937349
0.204086 0.875 0.918898
0.231935 1 0.900064
0.25 1.07573 0.888458
0.263947 1.125 0.880629
0.300213 1.25 0.860679
0.341299 1.375 0.840886
0.375 1.46352 0.82664
0.391125 1.5 0.820589
0.451343 1.625 0.79987
0.5 1.70974 0.785487
0.527325 1.75 0.778333
0.625 1.87447 0.755868
0.6255 1.875 0.755766
0.6875 1.9375 0.743414

0.125 0.0324332 1
0.25 0.0565179 0.991604
0.375 0.0852425 0.979202
0.5 0.116284 0.963013
0.540436 0.125 0.957019
0.625 0.150499 0.941462
0.75 0.184496 0.914963
0.875 0.218043 0.887443
0.994003 0.25 0.860747
1 0.251969 0.859344
1.125 0.288739 0.830205
1.25 0.327057 0.801702
1.375 0.368538 0.773527
1.394 0.375 0.769208
1.5 0.416679 0.744757
1.625 0.472908 0.716299
1.6781 0.5 0.704005
1.75 0.542295 0.686947
1.8669 0.625 0.658726
1.875 0.631602 0.656695
1.9375 0.6875 0.640696

