0.125 0.0281899 1
0.25 0.05085 0.987536
0.375 0.0795214 0.969119
0.5 0.112087 0.945314
0.555013 0.125 0.933377
0.625 0.148353 0.914776
0.75 0.18535 0.877795
0.875 0.221946 0.840454
0.974712 0.25 0.810725
1 0.258731 0.802951
1.125 0.297271 0.765233
1.25 0.3368 0.728573
1.36562 0.375 0.695073
1.375 0.378587 0.692287
1.5 0.426178 0.655177
1.625 0.481039 0.617381
1.66394 0.5 0.605021
1.75 0.54792 0
1.86345 0.625 0
1.875 0.633845 0
1.9375 0.6875 0

0.0497523 0.125 1
0.0757382 0.25 0.990209
0.100985 0.375 0.977287
0.124734 0.5 0.961969
0.125 0.501674 0.961749
0.151268 0.625 0.942762
0.17614 0.75 0.921418
0.201209 0.875 0.90013
0.228208 1 0.878815
0.25 1.09148 0.863131
0.259476 1.125 0.857201
0.295622 1.25 0.835124
0.336756 1.375 0.813431
0.375 1.47365 0.796091
0.386883 1.5 0.791318
0.447866 1.625 0.768758
0.5 1.71411 0.752296
0.524908 1.75 0.745335
0.624561 1.875 0.720694
0.625 1.87549 0.720591
0.6875 1.9375 0.706808

