0.0441763 0.125 1
0.0699385 0.25 0.989645
0.0965573 0.375 0.975622
0.122603 0.5 0.958657
0.125 0.513698 0.956639
0.151283 0.625 0.937172
0.178656 0.75 0.912781
0.20604 0.875 0.8883
0.23494 1 0.863778
0.25 1.06263 0.85145
0.267762 1.125 0.838874
0.304349 1.25 0.813881
0.345616 1.375 0.78931
0.375 1.45347 0.773761
0.395187 1.5 0.764321
0.454787 1.625 0.739058
0.5 1.70517 0.7225
0.529727 1.75 0.712852
0.625 1.87333 0.685819
0.626552 1.875 0.685425
0.6875 1.9375 0.670476

0.125 0.0336989 1
0.25 0.0579046 0.98837
0.375 0.0863167 0.971742
0.5 0.116758 0.950775
0.539013 0.125 0.943457
0.625 0.150204 0.923861
0.75 0.183425 0.891943
0.875 0.216358 0.859674
1 0.249749 0.827443
1.00102 0.25 0.827176
1.125 0.286218 0.794354
1.25 0.324447 0.762307
1.375 0.366031 0.730806
1.40108 0.375 0.724175
1.5 0.414325 0.698575
1.625 0.470977 0.666346
1.68126 0.5 0.651431
1.75 0.540948 0.632525
1.86761 0.625 0.598833
1.875 0.631103 0.596584
1.9375 0.6875 0

