0.0454463 0.125 1
0.071391 0.25 0.989756
0.0977926 0.375 0.975958
0.123322 0.5 0.959346
0.125 0.509825 0.957933
0.151538 0.625 0.938307
0.178268 0.75 0.914571
0.205003 0.875 0.890807
0.233339 1 0.867031
0.25 1.06958 0.85376
0.26573 1.125 0.84291
0.302136 1.25 0.818605
0.343305 1.375 0.79474
0.375 1.45889 0.77859
0.393015 1.5 0.770475
0.452942 1.625 0.745892
0.5 1.70764 0.729289
0.528441 1.75 0.720401
0.625 1.87395 0.69393
0.625991 1.875 0.693688
0.6875 1.9375 0.67907

0.125 0.0330288 1
0.25 0.0571738 0.988244
0.375 0.0857531 0.971362
0.5 0.116511 0.950014
0.539757 0.125 0.942407
0.625 0.150361 0.92255
0.75 0.18399 0.889932
0.875 0.217245 0.857
0.997225 0.25 0.824878
1 0.250908 0.824125
1.125 0.287543 0.790533
1.25 0.325818 0.757973
1.375 0.367349 0.725889
1.39738 0.375 0.720096
1.5 0.415561 0.693069
1.625 0.471992 0.660259
1.67961 0.5 0.645502
1.75 0.541656 0.625753
1.86724 0.625 0.591352
1.875 0.631364 0.588927
1.9375 0.6875 0

