0.0384859 0.125 1
0.0631674 0.25 0.992307
0.0905146 0.375 0.981384
0.118825 0.5 0.967523
0.125 0.531634 0.963581
0.149718 0.625 0.949451
0.180197 0.75 0.92769
0.210771 0.875 0.904991
0.242431 1 0.881632
0.25 1.03086 0.875746
0.277338 1.125 0.857332
0.315029 1.25 0.833036
0.356777 1.375 0.808821
0.375 1.42592 0.798835
0.405664 1.5 0.784013
0.463777 1.625 0.759131
0.5 1.69241 0.745439
0.53596 1.75 0.733396
0.625 1.87015 0.707926
0.629206 1.875 0.706853
0.6875 1.9375 0.692803

0.125 0.0367127 1
0.25 0.0611011 0.992152
0.375 0.0887141 0.9809
0.5 0.117752 0.966507
0.535956 0.125 0.961825
0.625 0.149463 0.947682
0.75 0.180957 0.92482
0.875 0.212512 0.900928
1 0.244972 0.876349
1.02043 0.25 0.872244
1.125 0.280519 0.850734
1.25 0.318539 0.825291
1.375 0.360347 0.799965
1.41657 0.375 0.791444
1.5 0.409012 0.774027
1.625 0.466622 0.748114
1.68811 0.5 0.734777
1.75 0.537924 0.721344
1.86912 0.625 0.695135
1.875 0.629992 0.69379
1.9375 0.6875 0.679263

