0.125 0.0263825 1
0.25 0.0482648 0.990995
0.375 0.0767008 0.977166
0.5 0.109807 0.958502
0.562242 0.125 0.947561
0.625 0.146925 0.933942
0.75 0.185323 0.903346
0.875 0.223447 0.871636
0.967136 0.25 0.847916
1 0.261647 0.839113
1.125 0.30118 0.806145
1.25 0.341399 0.774024
1.35265 0.375 0.748026
1.375 0.383457 0.742242
1.5 0.430754 0.710208
1.625 0.484968 0.678383
1.6566 0.5 0.670135
1.75 0.550631 0.645199
1.86164 0.625 0.614532
1.875 0.634914 0.610735
1.9375 0.6875 0.592307

0.0506563 0.125 1
0.0764869 0.25 0.99317
0.101386 0.375 0.984028
0.124763 0.5 0.972987
0.125 0.501509 0.972844
0.150903 0.625 0.958915
0.175469 0.75 0.942937
0.200331 0.875 0.926608
0.227205 1 0.909892
0.25 1.09553 0.896813
0.258338 1.125 0.892615
0.294501 1.25 0.874657
0.335712 1.375 0.856735
0.375 1.47589 0.841912
0.385924 1.5 0.838244
0.447108 1.625 0.819203
0.5 1.71502 0.805076
0.524388 1.75 0.799299
0.624398 1.875 0.778311
0.625 1.87567 0.77819
0.6875 1.9375 0.766478

