0.125 0.0278264 1
0.25 0.0503349 0.991145
0.375 0.0789659 0.977688
0.5 0.111644 0.959705
0.556456 0.125 0.950212
0.625 0.14808 0.935843
0.75 0.185355 0.905876
0.875 0.22225 0.874685
0.973163 0.25 0.849731
1 0.259313 0.842636
1.125 0.298043 0.809974
1.25 0.337706 0.778014
1.36308 0.375 0.749478
1.375 0.379548 0.746405
1.5 0.427076 0.714455
1.625 0.481812 0.68266
1.66252 0.5 0.67288
1.75 0.548453 0.649594
1.8631 0.625 0.61869
1.875 0.634057 0.615328
1.9375 0.6875 0.597139

0.0499337 0.125 1
0.0758893 0.25 0.993103
0.101066 0.375 0.983836
0.12474 0.5 0.972611
0.125 0.501638 0.972453
0.151195 0.625 0.958206
0.176005 0.75 0.941788
0.201032 0.875 0.925018
0.228006 1 0.907877
0.25 1.09229 0.894946
0.259247 1.125 0.890179
0.295396 1.25 0.87182
0.336546 1.375 0.853544
0.375 1.4741 0.838731
0.386689 1.5 0.834726
0.447713 1.625 0.815379
0.5 1.71429 0.801168
0.524803 1.75 0.795191
0.624528 1.875 0.77392
0.625 1.87553 0.773824
0.6875 1.9375 0.761943

