0.125 0.0267959 1
0.25 0.0488614 0.991038
0.375 0.0773592 0.977322
0.5 0.110347 0.958867
0.560575 0.125 0.948359
0.625 0.147268 0.934508
0.75 0.185341 0.904036
0.875 0.223107 0.872395
0.968837 0.25 0.84825
1 0.260976 0.839909
1.125 0.300272 0.806925
1.25 0.340328 0.774728
1.35569 0.375 0.747879
1.375 0.382325 0.742868
1.5 0.429685 0.710727
1.625 0.484052 0.678764
1.65834 0.5 0.670023
1.75 0.549999 0.645462
1.86207 0.625 0.614572
1.875 0.634666 0.610887
1.9375 0.6875 0.592447

0.0504489 0.125 1
0.0763159 0.25 0.993152
0.101295 0.375 0.983973
0.124756 0.5 0.972882
0.125 0.501546 0.972734
0.150986 0.625 0.958712
0.175622 0.75 0.9426
0.200531 0.875 0.926139
0.227434 1 0.909296
0.25 1.0946 0.896252
0.258598 1.125 0.891891
0.294757 1.25 0.873812
0.335951 1.375 0.855784
0.375 1.47538 0.840957
0.386143 1.5 0.837193
0.447281 1.625 0.81806
0.5 1.71481 0.803904
0.524506 1.75 0.798069
0.624435 1.875 0.776995
0.625 1.87563 0.776882
0.6875 1.9375 0.765119

