0.125 0.0270254 1
0.25 0.0491913 0.991062
0.375 0.0777212 0.977408
0.5 0.110641 0.959067
0.559654 0.125 0.948795
0.625 0.147454 0.934816
0.75 0.185348 0.904414
0.875 0.222917 0.872814
0.969792 0.25 0.848434
1 0.260604 0.840353
1.125 0.299771 0.807365
1.25 0.339737 0.775134
1.35736 0.375 0.747821
1.375 0.381701 0.743239
1.5 0.429097 0.711048
1.625 0.483547 0.67902
1.65929 0.5 0.670012
1.75 0.54965 0.645663
1.8623 0.625 0.614661
1.875 0.634529 0.611038
1.9375 0.6875 0.592595

0.050334 0.125 1
0.0762211 0.25 0.993141
0.101244 0.375 0.983944
0.124753 0.5 0.972823
0.125 0.501565 0.972673
0.151033 0.625 0.958597
0.175707 0.75 0.942412
0.200643 0.875 0.925876
0.227561 1 0.90896
0.25 1.09409 0.895936
0.258742 1.125 0.891485
0.294899 1.25 0.873338
0.336083 1.375 0.855249
0.375 1.47509 0.840422
0.386265 1.5 0.836604
0.447377 1.625 0.817418
0.5 1.7147 0.803248
0.524572 1.75 0.797381
0.624456 1.875 0.776258
0.625 1.87561 0.776149
0.6875 1.9375 0.764358

