0.125 0.0264518 1
0.25 0.0483651 0.991003
0.375 0.0768118 0.977192
0.5 0.109898 0.958565
0.561961 0.125 0.947697
0.625 0.146983 0.934039
0.75 0.185327 0.903459
0.875 0.22339 0.871757
0.967419 0.25 0.847963
1 0.261534 0.839235
1.125 0.301027 0.806258
1.25 0.341219 0.774119
1.35316 0.375 0.747971
1.375 0.383267 0.742316
1.5 0.430574 0.710256
1.625 0.484814 0.678399
1.65689 0.5 0.670067
1.75 0.550525 0.645188
1.86171 0.625 0.614474
1.875 0.634872 0.610695
1.9375 0.6875 0.592261

0.0506214 0.125 1
0.0764582 0.25 0.993166
0.101371 0.375 0.984018
0.124762 0.5 0.972969
0.125 0.501515 0.972824
0.150917 0.625 0.958881
0.175495 0.75 0.942879
0.200365 0.875 0.926529
0.227243 1 0.90979
0.25 1.09537 0.896718
0.258382 1.125 0.892492
0.294544 1.25 0.874514
0.335752 1.375 0.856574
0.375 1.4758 0.841751
0.385961 1.5 0.838067
0.447137 1.625 0.819009
0.5 1.71498 0.804878
0.524408 1.75 0.799091
0.624405 1.875 0.778086
0.625 1.87567 0.777967
0.6875 1.9375 0.766248

