0.125 0.0267809 1
0.25 0.0488399 0.987338
0.375 0.0773355 0.968453
0.5 0.110327 0.943843
0.560635 0.125 0.930163
0.625 0.147256 0.912493
0.75 0.185341 0.874656
0.875 0.223119 0.83654
0.968776 0.25 0.808043
1 0.261 0.798258
1.125 0.300304 0.759927
1.25 0.340366 0.722729
1.35558 0.375 0.691676
1.375 0.382366 0.685817
1.5 0.429723 0.648096
1.625 0.484085 0.609556
1.65828 0.5 0.598754
1.75 0.550021 0
1.86205 0.625 0
1.875 0.634675 0
1.9375 0.6875 0

0.0504564 0.125 1
0.0763221 0.25 0.9903
0.101298 0.375 0.977548
0.124757 0.5 0.962469
0.125 0.501545 0.962269
0.150983 0.625 0.943664
0.175617 0.75 0.922821
0.200524 0.875 0.902014
0.227425 1 0.881152
0.25 1.09464 0.86524
0.258589 1.125 0.859971
0.294748 1.25 0.838297
0.335942 1.375 0.816954
0.375 1.4754 0.799559
0.386135 1.5 0.795167
0.447275 1.625 0.772909
0.5 1.71482 0.756519
0.524502 1.75 0.749776
0.624434 1.875 0.725439
0.625 1.87563 0.725307
0.6875 1.9375 0.711717

