0.125 0.0272146 1
0.25 0.0494625 0.987401
0.375 0.0780179 0.968669
0.5 0.110882 0.94433
0.558896 0.125 0.931211
0.625 0.147606 0.913223
0.75 0.185351 0.875544
0.875 0.22276 0.837528
0.970583 0.25 0.808523
1 0.260298 0.79932
1.125 0.299359 0.761011
1.25 0.339253 0.723782
1.35872 0.375 0.69176
1.375 0.381188 0.686846
1.5 0.428614 0.649083
1.625 0.483133 0.610485
1.66007 0.5 0.599083
1.75 0.549365 0
1.86249 0.625 0
1.875 0.634417 0
1.9375 0.6875 0

0.0502393 0.125 1
0.0761428 0.25 0.990272
0.101202 0.375 0.977469
0.12475 0.5 0.962317
0.125 0.501582 0.962112
0.151071 0.625 0.943382
0.175777 0.75 0.922371
0.200735 0.875 0.9014
0.227666 1 0.880384
0.25 1.09367 0.864531
0.258861 1.125 0.859055
0.295017 1.25 0.837244
0.336192 1.375 0.815783
0.375 1.47486 0.798395
0.386365 1.5 0.793885
0.447456 1.625 0.771526
0.5 1.7146 0.755107
0.524627 1.75 0.748295
0.624473 1.875 0.723854
0.625 1.87559 0.723732
0.6875 1.9375 0.710077

