0.125 0.0269084 1
0.25 0.0490233 0.987356
0.375 0.0775371 0.968518
0.5 0.110492 0.943989
0.560123 0.125 0.930476
0.625 0.14736 0.91271
0.75 0.185345 0.874915
0.875 0.223014 0.836822
0.969305 0.25 0.80817
1 0.260793 0.798553
1.125 0.300026 0.760221
1.25 0.340038 0.723003
1.35651 0.375 0.691654
1.375 0.382018 0.686072
1.5 0.429396 0.648327
1.625 0.483804 0.609755
1.65881 0.5 0.59877
1.75 0.549827 0
1.86218 0.625 0
1.875 0.634599 0
1.9375 0.6875 0

0.0503925 0.125 1
0.0762694 0.25 0.990292
0.10127 0.375 0.977526
0.124755 0.5 0.962423
0.125 0.501555 0.962223
0.151009 0.625 0.943582
0.175664 0.75 0.922689
0.200586 0.875 0.901834
0.227496 1 0.880924
0.25 1.09435 0.865029
0.258669 1.125 0.8597
0.294827 1.25 0.837986
0.336016 1.375 0.816607
0.375 1.47524 0.799214
0.386203 1.5 0.794786
0.447328 1.625 0.7725
0.5 1.71475 0.7561
0.524539 1.75 0.749338
0.624445 1.875 0.72497
0.625 1.87562 0.724841
0.6875 1.9375 0.71123

