0.125 0.0287557 1
0.25 0.0516471 0.987612
0.375 0.0803748 0.969366
0.5 0.112761 0.945848
0.552776 0.125 0.93456
0.625 0.148763 0.915638
0.75 0.185335 0.879138
0.875 0.221473 0.842289
0.977141 0.25 0.812249
1 0.257831 0.805315
1.125 0.296085 0.76806
1.25 0.33541 0.731872
1.3695 0.375 0.697722
1.375 0.377109 0.696113
1.5 0.424801 0.659532
1.625 0.479854 0.622384
1.66609 0.5 0.609595
1.75 0.547102 0.582214
1.86397 0.625 0
1.875 0.63352 0
1.9375 0.6875 0

0.04947 0.125 1
0.0755021 0.25 0.990171
0.100857 0.375 0.977179
0.124723 0.5 0.961762
0.125 0.501737 0.961533
0.151382 0.625 0.942402
0.17635 0.75 0.920878
0.201485 0.875 0.899415
0.228523 1 0.877941
0.25 1.0902 0.862368
0.259833 1.125 0.856169
0.295974 1.25 0.833949
0.337084 1.375 0.812131
0.375 1.47294 0.794827
0.387184 1.5 0.789903
0.448104 1.625 0.767233
0.5 1.71382 0.750752
0.525072 1.75 0.743705
0.624613 1.875 0.718956
0.625 1.87543 0.718864
0.6875 1.9375 0.705007

