0.125 0.0267545 1
0.25 0.0488019 0.987333
0.375 0.0772937 0.968439
0.5 0.110293 0.943813
0.560741 0.125 0.930099
0.625 0.147234 0.912448
0.75 0.18534 0.874602
0.875 0.223141 0.836483
0.968666 0.25 0.808018
1 0.261043 0.798198
1.125 0.300362 0.759869
1.25 0.340435 0.722677
1.35538 0.375 0.691686
1.375 0.382438 0.685769
1.5 0.429791 0.648054
1.625 0.484143 0.609524
1.65817 0.5 0.598759
1.75 0.550062 0
1.86202 0.625 0
1.875 0.634691 0
1.9375 0.6875 0

0.0504696 0.125 1
0.076333 0.25 0.990301
0.101304 0.375 0.977553
0.124757 0.5 0.962477
0.125 0.501542 0.962278
0.150978 0.625 0.943682
0.175607 0.75 0.92285
0.200511 0.875 0.902053
0.227411 1 0.881198
0.25 1.0947 0.865283
0.258572 1.125 0.860026
0.294732 1.25 0.838362
0.335927 1.375 0.817026
0.375 1.47543 0.799631
0.386121 1.5 0.795244
0.447264 1.625 0.772995
0.5 1.71483 0.756606
0.524495 1.75 0.749868
0.624431 1.875 0.725537
0.625 1.87564 0.725405
0.6875 1.9375 0.711817

