0.125 0.0264224 1
0.25 0.0483225 0.990999
0.375 0.0767647 0.977181
0.5 0.109859 0.958539
0.56208 0.125 0.947639
0.625 0.146958 0.933997
0.75 0.185325 0.903412
0.875 0.223415 0.871707
0.967299 0.25 0.847943
1 0.261582 0.839185
1.125 0.301092 0.806213
1.25 0.341296 0.774082
1.35294 0.375 0.747998
1.375 0.383348 0.742289
1.5 0.43065 0.71024
1.625 0.484879 0.678398
1.65677 0.5 0.670101
1.75 0.55057 0.645199
1.86168 0.625 0.614506
1.875 0.63489 0.61072
1.9375 0.6875 0.592289

0.0506362 0.125 1
0.0764704 0.25 0.993168
0.101377 0.375 0.984023
0.124762 0.5 0.972977
0.125 0.501512 0.972832
0.150911 0.625 0.958896
0.175484 0.75 0.942903
0.20035 0.875 0.926563
0.227227 1 0.909834
0.25 1.09544 0.89676
0.258363 1.125 0.892546
0.294526 1.25 0.874575
0.335735 1.375 0.856643
0.375 1.47584 0.84182
0.385945 1.5 0.838142
0.447125 1.625 0.819092
0.5 1.715 0.804962
0.5244 1.75 0.79918
0.624402 1.875 0.778183
0.625 1.87567 0.778062
0.6875 1.9375 0.766346

