0.125 0.0305024 1
0.25 0.0540743 0.987836
0.375 0.0829309 0.970091
0.5 0.114741 0.947405
0.545895 0.125 0.938002
0.625 0.149949 0.918173
0.75 0.185249 0.88317
0.875 0.220034 0.847884
0.9847 0.25 0.817034
1 0.255122 0.812591
1.125 0.29256 0.776818
1.25 0.331295 0.742158
1.375 0.372797 0.708022
1.3816 0.375 0.706196
1.5 0.420728 0.672869
1.625 0.476342 0.637676
1.67228 0.5 0.623878
1.75 0.544677 0.600197
1.8655 0.625 0
1.875 0.632543 0
1.9375 0.6875 0

0.0485994 0.125 1
0.0747651 0.25 0.990053
0.10045 0.375 0.976842
0.124679 0.5 0.961117
0.125 0.501988 0.960848
0.151726 0.625 0.941282
0.176995 0.75 0.919203
0.202335 0.875 0.897211
0.229495 1 0.875247
0.25 1.08626 0.86004
0.260937 1.125 0.852998
0.297063 1.25 0.830341
0.338099 1.375 0.808143
0.375 1.47073 0.790967
0.388118 1.5 0.785561
0.448846 1.625 0.762557
0.5 1.71292 0.746025
0.525583 1.75 0.738707
0.624776 1.875 0.713623
0.625 1.87525 0.713569
0.6875 1.9375 0.699488

