0.125 0.0312357 1
0.25 0.0550782 0.987926
0.375 0.0839691 0.970383
0.5 0.115527 0.948026
0.543024 0.125 0.939363
0.625 0.15041 0.919185
0.75 0.185193 0.884795
0.875 0.219436 0.850154
0.987912 0.25 0.819
1 0.254009 0.815554
1.125 0.291134 0.780392
1.25 0.329638 0.746363
1.375 0.371087 0.71287
1.38663 0.375 0.709718
1.5 0.419092 0.678468
1.625 0.474929 0.644046
1.6747 0.5 0.629892
1.75 0.543701 0.607546
1.8661 0.625 0
1.875 0.632145 0
1.9375 0.6875 0

0.0482337 0.125 1
0.0744517 0.25 0.990003
0.100274 0.375 0.976699
0.124656 0.5 0.960842
0.125 0.502118 0.960553
0.151868 0.625 0.940804
0.177265 0.75 0.91849
0.202692 0.875 0.896276
0.229904 1 0.874104
0.25 1.0846 0.859062
0.261403 1.125 0.851653
0.297522 1.25 0.828814
0.338527 1.375 0.806455
0.375 1.46979 0.789337
0.388513 1.5 0.783723
0.449159 1.625 0.76058
0.5 1.71253 0.744027
0.525801 1.75 0.736593
0.624846 1.875 0.711367
0.625 1.87517 0.71133
0.6875 1.9375 0.697152

