0.0469581 0.125 1
0.0730928 0.25 0.992857
0.0992124 0.375 0.983102
0.124124 0.5 0.971151
0.125 0.505278 0.970599
0.151804 0.625 0.955623
0.177789 0.75 0.937755
0.203777 0.875 0.91948
0.231464 1 0.900836
0.25 1.0778 0.889032
0.263349 1.125 0.881605
0.299572 1.25 0.861835
0.34063 1.375 0.842231
0.375 1.46505 0.827872
0.390494 1.5 0.822124
0.450811 1.625 0.801584
0.5 1.71042 0.787207
0.526954 1.75 0.780229
0.625 1.87465 0.757899
0.625336 1.875 0.757831
0.6875 1.9375 0.745551

0.125 0.0322318 1
0.25 0.0562949 0.991575
0.375 0.0850679 0.979114
0.5 0.116205 0.962831
0.540669 0.125 0.956764
0.625 0.150545 0.941138
0.75 0.184669 0.914456
0.875 0.218315 0.886756
0.992907 0.25 0.860145
1 0.252332 0.858476
1.125 0.289148 0.829168
1.25 0.32748 0.800513
1.375 0.368944 0.772203
1.39284 0.375 0.768127
1.5 0.417061 0.743293
1.625 0.473222 0.714709
1.67758 0.5 0.702483
1.75 0.542514 0.685226
1.86678 0.625 0.656899
1.875 0.631683 0.654829
1.9375 0.6875 0.638748

