0.125 0.0264128 1
0.25 0.0483086 0.990998
0.375 0.0767494 0.977177
0.5 0.109847 0.95853
0.562119 0.125 0.947621
0.625 0.14695 0.933984
0.75 0.185325 0.903396
0.875 0.223422 0.871691
0.96726 0.25 0.847939
1 0.261597 0.839169
1.125 0.301113 0.806198
1.25 0.341321 0.77407
1.35287 0.375 0.748008
1.375 0.383374 0.742281
1.5 0.430675 0.710237
1.625 0.484901 0.678399
1.65673 0.5 0.670114
1.75 0.550585 0.645204
1.86167 0.625 0.614517
1.875 0.634896 0.61073
1.9375 0.6875 0.5923

0.050641 0.125 1
0.0764744 0.25 0.993168
0.101379 0.375 0.984025
0.124763 0.5 0.972979
0.125 0.501511 0.972835
0.150909 0.625 0.958901
0.175481 0.75 0.942912
0.200346 0.875 0.926574
0.227221 1 0.909849
0.25 1.09546 0.896773
0.258357 1.125 0.892562
0.29452 1.25 0.874596
0.33573 1.375 0.856666
0.375 1.47585 0.841843
0.38594 1.5 0.838167
0.447121 1.625 0.819119
0.5 1.715 0.804989
0.524397 1.75 0.799209
0.624401 1.875 0.778214
0.625 1.87567 0.778093
0.6875 1.9375 0.766378

