0.125 0.0278883 1
0.25 0.0504227 0.987496
0.375 0.0790609 0.968984
0.5 0.11172 0.94502
0.55621 0.125 0.932727
0.625 0.148127 0.914305
0.75 0.185354 0.877081
0.875 0.222198 0.839495
0.973426 0.25 0.809952
1 0.259214 0.801729
1.125 0.297911 0.763782
1.25 0.337551 0.726893
1.36351 0.375 0.693785
1.375 0.379384 0.690351
1.5 0.426923 0.65298
1.625 0.48168 0.614862
1.66277 0.5 0.602761
1.75 0.548362 0
1.86316 0.625 0
1.875 0.634021 0
1.9375 0.6875 0

0.0499029 0.125 1
0.0758636 0.25 0.990229
0.101052 0.375 0.977345
0.124739 0.5 0.962078
0.125 0.501644 0.961862
0.151207 0.625 0.942952
0.176027 0.75 0.921708
0.201063 0.875 0.900513
0.228041 1 0.879288
0.25 1.09215 0.863547
0.259286 1.125 0.857757
0.295435 1.25 0.835759
0.336582 1.375 0.814134
0.375 1.47402 0.796776
0.386722 1.5 0.792086
0.447739 1.625 0.769585
0.5 1.71426 0.753133
0.52482 1.75 0.746218
0.624533 1.875 0.721637
0.625 1.87552 0.721528
0.6875 1.9375 0.707783

