0.0407971 0.125 1
0.0659702 0.25 0.989337
0.0930729 0.375 0.97468
0.120477 0.5 0.956718
0.125 0.524236 0.952898
0.150442 0.625 0.93397
0.179613 0.75 0.907707
0.208833 0.875 0.881172
0.239321 1 0.854521
0.25 1.0439 0.845106
0.273343 1.125 0.827369
0.310527 1.25 0.800402
0.352072 1.375 0.773812
0.375 1.43783 0.760345
0.401246 1.5 0.746742
0.459972 1.625 0.719507
0.5 1.69797 0.703246
0.533327 1.75 0.691222
0.625 1.87153 0.662541
0.628098 1.875 0.66167
0.6875 1.9375 0.645707

0.125 0.0354856 1
0.25 0.0598173 0.988689
0.375 0.0877647 0.972707
0.5 0.11737 0.9527
0.537141 0.125 0.946078
0.625 0.149772 0.927182
0.75 0.18195 0.897045
0.875 0.214053 0.866485
1 0.246884 0.835835
1.01268 0.25 0.832693
1.125 0.282792 0.804436
1.25 0.320896 0.773796
1.375 0.362616 0.743601
1.41048 0.375 0.734956
1.5 0.411128 0.712757
1.625 0.468356 0.681898
1.68543 0.5 0.666589
1.75 0.539126 0.64966
1.86853 0.625 0.617566
1.875 0.630432 0.615717
1.9375 0.6875 0.597316

