0.125 0.0265148 1
0.25 0.0484561 0.987298
0.375 0.0769124 0.968316
0.5 0.109981 0.943537
0.561707 0.125 0.929505
0.625 0.147036 0.912035
0.75 0.18533 0.874109
0.875 0.223339 0.835948
0.967678 0.25 0.807773
1 0.261432 0.797639
1.125 0.300889 0.759316
1.25 0.341055 0.722166
1.35362 0.375 0.691734
1.375 0.383094 0.685296
1.5 0.430411 0.647634
1.625 0.484674 0.609171
1.65716 0.5 0.598754
1.75 0.550428 0
1.86178 0.625 0
1.875 0.634834 0
1.9375 0.6875 0

0.0505898 0.125 1
0.0764321 0.25 0.990317
0.101357 0.375 0.977597
0.124761 0.5 0.96256
0.125 0.501521 0.962364
0.150929 0.625 0.943837
0.175518 0.75 0.923098
0.200395 0.875 0.902392
0.227278 1 0.881622
0.25 1.09523 0.865675
0.258421 1.125 0.86053
0.294583 1.25 0.838944
0.335788 1.375 0.817674
0.375 1.47572 0.800275
0.385994 1.5 0.795952
0.447163 1.625 0.773761
0.5 1.71495 0.757386
0.524426 1.75 0.750687
0.62441 1.875 0.726413
0.625 1.87566 0.726276
0.6875 1.9375 0.712723

