0.125 0.0265716 1
0.25 0.0485381 0.991016
0.375 0.077003 0.977239
0.5 0.110055 0.958672
0.561478 0.125 0.947931
0.625 0.147083 0.934204
0.75 0.185332 0.903657
0.875 0.223292 0.871971
0.967911 0.25 0.84805
1 0.26134 0.839455
1.125 0.300764 0.806467
1.25 0.340908 0.774299
1.35404 0.375 0.747898
1.375 0.382938 0.742466
1.5 0.430264 0.710369
1.625 0.484548 0.678464
1.6574 0.5 0.669986
1.75 0.550341 0.64521
1.86184 0.625 0.614424
1.875 0.6348 0.610677
1.9375 0.6875 0.592234

0.0505613 0.125 1
0.0764086 0.25 0.993162
0.101344 0.375 0.984004
0.12476 0.5 0.972939
0.125 0.501526 0.972794
0.150941 0.625 0.958822
0.175539 0.75 0.942783
0.200423 0.875 0.926392
0.227309 1 0.909618
0.25 1.09511 0.896554
0.258457 1.125 0.892281
0.294618 1.25 0.874267
0.335821 1.375 0.856297
0.375 1.47565 0.841472
0.386024 1.5 0.83776
0.447187 1.625 0.818676
0.5 1.71492 0.804534
0.524442 1.75 0.798732
0.624415 1.875 0.777703
0.625 1.87565 0.777585
0.6875 1.9375 0.765851

