0.125 0.0265955 1
0.25 0.0485727 0.991017
0.375 0.0770411 0.977247
0.5 0.110087 0.958693
0.561382 0.125 0.947977
0.625 0.147103 0.934236
0.75 0.185333 0.903698
0.875 0.223272 0.872015
0.96801 0.25 0.848069
1 0.261301 0.839501
1.125 0.300711 0.806513
1.25 0.340846 0.774341
1.35422 0.375 0.74789
1.375 0.382873 0.742503
1.5 0.430202 0.7104
1.625 0.484495 0.678488
1.6575 0.5 0.669981
1.75 0.550304 0.645226
1.86186 0.625 0.614427
1.875 0.634786 0.610687
1.9375 0.6875 0.592244

0.0505493 0.125 1
0.0763988 0.25 0.99316
0.101339 0.375 0.984001
0.12476 0.5 0.972932
0.125 0.501528 0.972787
0.150946 0.625 0.95881
0.175548 0.75 0.942763
0.200434 0.875 0.926365
0.227323 1 0.909582
0.25 1.09505 0.896521
0.258472 1.125 0.892239
0.294633 1.25 0.874219
0.335835 1.375 0.856242
0.375 1.47562 0.841415
0.386037 1.5 0.837699
0.447197 1.625 0.81861
0.5 1.71491 0.804467
0.524449 1.75 0.798661
0.624417 1.875 0.777627
0.625 1.87565 0.777511
0.6875 1.9375 0.765772

