0.125 0.0268947 1
0.25 0.0490037 0.987354
0.375 0.0775154 0.96851
0.5 0.110474 0.943972
0.560178 0.125 0.930442
0.625 0.147349 0.912688
0.75 0.185344 0.874888
0.875 0.223025 0.836793
0.969248 0.25 0.808157
1 0.260816 0.798524
1.125 0.300055 0.760192
1.25 0.340073 0.722977
1.35641 0.375 0.691662
1.375 0.382056 0.686051
1.5 0.429431 0.648309
1.625 0.483834 0.609742
1.65875 0.5 0.598777
1.75 0.549848 0
1.86217 0.625 0
1.875 0.634607 0
1.9375 0.6875 0

0.0503994 0.125 1
0.0762751 0.25 0.990293
0.101273 0.375 0.977527
0.124755 0.5 0.962428
0.125 0.501554 0.962228
0.151006 0.625 0.94359
0.175659 0.75 0.922703
0.200579 0.875 0.901853
0.227489 1 0.88095
0.25 1.09438 0.865051
0.25866 1.125 0.859729
0.294818 1.25 0.83802
0.336008 1.375 0.816646
0.375 1.47525 0.799253
0.386195 1.5 0.794828
0.447322 1.625 0.772545
0.5 1.71476 0.756147
0.524535 1.75 0.749385
0.624444 1.875 0.725021
0.625 1.87562 0.724891
0.6875 1.9375 0.711283

