0.0436791 0.125 1
0.0693641 0.25 0.9896
0.096063 0.375 0.975486
0.122311 0.5 0.958381
0.125 0.515227 0.956116
0.151174 0.625 0.936717
0.178804 0.75 0.912065
0.206448 0.875 0.887294
0.235573 1 0.862473
0.25 1.0599 0.850536
0.268566 1.125 0.837256
0.30523 1.25 0.811986
0.346537 1.375 0.787131
0.375 1.45129 0.771842
0.396052 1.5 0.761852
0.455524 1.625 0.736316
0.5 1.70418 0.719783
0.530239 1.75 0.709821
0.625 1.87308 0.682559
0.626775 1.875 0.682104
0.6875 1.9375 0.66702

0.125 0.0339614 1
0.25 0.0581889 0.988418
0.375 0.0865344 0.971887
0.5 0.116852 0.951068
0.538728 0.125 0.943856
0.625 0.150142 0.924365
0.75 0.183206 0.892715
0.875 0.216015 0.860705
1 0.249322 0.82871
1.00277 0.25 0.827995
1.125 0.285706 0.795878
1.25 0.323916 0.764042
1.375 0.365521 0.732738
1.40251 0.375 0.725789
1.5 0.413846 0.70072
1.625 0.470585 0.668701
1.68189 0.5 0.653722
1.75 0.540675 0.635129
1.86775 0.625 0.601695
1.875 0.631002 0.59951
1.9375 0.6875 0.580011

