0.0467099 0.125 1
0.0728154 0.25 0.992841
0.0989829 0.375 0.983056
0.123996 0.5 0.971054
0.125 0.50602 0.970424
0.151764 0.625 0.95546
0.177869 0.75 0.937493
0.203978 0.875 0.919103
0.23177 1 0.900334
0.25 1.07645 0.888658
0.263737 1.125 0.880971
0.299988 1.25 0.861083
0.341064 1.375 0.841357
0.375 1.46406 0.827071
0.390903 1.5 0.821128
0.451156 1.625 0.80047
0.5 1.70998 0.78609
0.527195 1.75 0.778997
0.625 1.87454 0.756579
0.625443 1.875 0.756488
0.6875 1.9375 0.744162

0.125 0.0323627 1
0.25 0.0564399 0.991594
0.375 0.0851815 0.97917
0.5 0.116257 0.962951
0.540517 0.125 0.95693
0.625 0.150515 0.941349
0.75 0.184557 0.914785
0.875 0.218138 0.887202
0.99362 0.25 0.860535
1 0.252096 0.859041
1.125 0.288882 0.829842
1.25 0.327205 0.801284
1.375 0.36868 0.773063
1.39359 0.375 0.768829
1.5 0.416813 0.744243
1.625 0.473018 0.715743
1.67791 0.5 0.703472
1.75 0.542372 0.686343
1.86686 0.625 0.658086
1.875 0.63163 0.656042
1.9375 0.6875 0.640014

