0.125 0.027041 1
0.25 0.0492136 0.991064
0.375 0.0777457 0.977414
0.5 0.110661 0.95908
0.559591 0.125 0.948824
0.625 0.147467 0.934837
0.75 0.185348 0.904439
0.875 0.222904 0.872842
0.969857 0.25 0.848446
1 0.260579 0.840383
1.125 0.299737 0.807396
1.25 0.339697 0.775163
1.35747 0.375 0.747819
1.375 0.381658 0.743266
1.5 0.429057 0.711072
1.625 0.483513 0.679041
1.65936 0.5 0.670015
1.75 0.549627 0.64568
1.86232 0.625 0.614672
1.875 0.63452 0.611053
1.9375 0.6875 0.59261

0.0503262 0.125 1
0.0762146 0.25 0.993141
0.101241 0.375 0.983942
0.124753 0.5 0.972819
0.125 0.501567 0.972668
0.151036 0.625 0.958589
0.175713 0.75 0.9424
0.20065 0.875 0.925858
0.22757 1 0.908938
0.25 1.09406 0.895915
0.258752 1.125 0.891457
0.294909 1.25 0.873306
0.336092 1.375 0.855213
0.375 1.47507 0.840385
0.386273 1.5 0.836564
0.447383 1.625 0.817375
0.5 1.71469 0.803203
0.524577 1.75 0.797334
0.624457 1.875 0.776208
0.625 1.87561 0.776099
0.6875 1.9375 0.764306

