0.125 0.0265148 1
0.25 0.0484561 0.991009
0.375 0.0769124 0.977216
0.5 0.109981 0.958622
0.561707 0.125 0.947821
0.625 0.147036 0.934126
0.75 0.18533 0.903564
0.875 0.223339 0.871868
0.967678 0.25 0.848006
1 0.261432 0.839348
1.125 0.300889 0.806364
1.25 0.341055 0.774207
1.35362 0.375 0.747926
1.375 0.383094 0.742387
1.5 0.430411 0.710306
1.625 0.484674 0.678423
1.65716 0.5 0.670014
1.75 0.550428 0.645186
1.86178 0.625 0.614432
1.875 0.634834 0.61067
1.9375 0.6875 0.592231

0.0505898 0.125 1
0.0764321 0.25 0.993163
0.101357 0.375 0.98401
0.124761 0.5 0.972953
0.125 0.501521 0.972808
0.150929 0.625 0.958851
0.175518 0.75 0.942829
0.200395 0.875 0.926457
0.227278 1 0.9097
0.25 1.09523 0.896631
0.258421 1.125 0.892381
0.294583 1.25 0.874385
0.335788 1.375 0.856427
0.375 1.47572 0.841602
0.385994 1.5 0.837904
0.447163 1.625 0.818834
0.5 1.71495 0.804697
0.524426 1.75 0.798901
0.62441 1.875 0.777885
0.625 1.87566 0.777766
0.6875 1.9375 0.766038

