0.0479065 0.125 1
0.0741443 0.25 0.989964
0.100073 0.375 0.976586
0.124593 0.5 0.960621
0.125 0.502495 0.960279
0.151943 0.625 0.940424
0.177471 0.75 0.917912
0.203002 0.875 0.895499
0.230291 1 0.873135
0.25 1.08298 0.858259
0.261861 1.125 0.850492
0.297986 1.25 0.827482
0.338979 1.375 0.804963
0.375 1.46879 0.787912
0.388935 1.5 0.782074
0.449501 1.625 0.758784
0.5 1.7121 0.742213
0.526038 1.75 0.734648
0.624933 1.875 0.709274
0.625 1.87508 0.709258
0.6875 1.9375 0.694981

0.125 0.0317313 1
0.25 0.0557378 0.987991
0.375 0.0846298 0.97059
0.5 0.116007 0.948461
0.541253 0.125 0.940256
0.625 0.15066 0.919899
0.75 0.185102 0.885925
0.875 0.218999 0.851713
0.990167 0.25 0.82034
1 0.253242 0.817571
1.125 0.290175 0.782814
1.25 0.328542 0.749198
1.375 0.369963 0.71612
1.3899 0.375 0.712138
1.5 0.418021 0.682199
1.625 0.474009 0.648267
1.67626 0.5 0.633899
1.75 0.543064 0.612376
1.86649 0.625 0
1.875 0.631887 0
1.9375 0.6875 0

