0.125 0.0269652 1
0.25 0.0491049 0.991056
0.375 0.0776266 0.977385
0.5 0.110564 0.959015
0.559895 0.125 0.94868
0.625 0.147406 0.934736
0.75 0.185346 0.904315
0.875 0.222967 0.872705
0.969541 0.25 0.848385
1 0.260702 0.840237
1.125 0.299902 0.807249
1.25 0.339892 0.775028
1.35692 0.375 0.747834
1.375 0.381864 0.743139
1.5 0.42925 0.710961
1.625 0.483679 0.678949
1.65905 0.5 0.670012
1.75 0.549741 0.645605
1.86224 0.625 0.614633
1.875 0.634565 0.610993
1.9375 0.6875 0.592552

0.0503641 0.125 1
0.0762459 0.25 0.993144
0.101257 0.375 0.983952
0.124754 0.5 0.972839
0.125 0.50156 0.972689
0.15102 0.625 0.958626
0.175685 0.75 0.942462
0.200614 0.875 0.925946
0.227528 1 0.909049
0.25 1.09423 0.89602
0.258704 1.125 0.891593
0.294862 1.25 0.873463
0.336048 1.375 0.855389
0.375 1.47517 0.840562
0.386233 1.5 0.836759
0.447352 1.625 0.817586
0.5 1.71473 0.80342
0.524555 1.75 0.797561
0.62445 1.875 0.776452
0.625 1.87562 0.77634
0.6875 1.9375 0.764558

