0.125 0.0267809 1
0.25 0.0488399 0.991037
0.375 0.0773355 0.977316
0.5 0.110327 0.958854
0.560635 0.125 0.948332
0.625 0.147256 0.934489
0.75 0.185341 0.90401
0.875 0.223119 0.872366
0.968776 0.25 0.848235
1 0.261 0.839877
1.125 0.300304 0.806891
1.25 0.340366 0.774696
1.35558 0.375 0.747874
1.375 0.382366 0.742836
1.5 0.429723 0.710696
1.625 0.484085 0.678736
1.65828 0.5 0.670014
1.75 0.550021 0.645436
1.86205 0.625 0.614551
1.875 0.634675 0.610862
1.9375 0.6875 0.592421

0.0504564 0.125 1
0.0763221 0.25 0.993152
0.101298 0.375 0.983976
0.124757 0.5 0.972885
0.125 0.501545 0.972737
0.150983 0.625 0.958718
0.175617 0.75 0.942613
0.200524 0.875 0.926157
0.227425 1 0.909316
0.25 1.09464 0.896271
0.258589 1.125 0.891917
0.294748 1.25 0.873841
0.335942 1.375 0.855818
0.375 1.4754 0.840991
0.386135 1.5 0.837231
0.447275 1.625 0.8181
0.5 1.71482 0.803946
0.524502 1.75 0.798114
0.624434 1.875 0.777042
0.625 1.87563 0.776929
0.6875 1.9375 0.765167

