0.125 0.0265955 1
0.25 0.0485727 0.987311
0.375 0.0770411 0.968358
0.5 0.110087 0.943631
0.561382 0.125 0.929707
0.625 0.147103 0.912175
0.75 0.185333 0.874274
0.875 0.223272 0.836122
0.96801 0.25 0.807848
1 0.261301 0.797818
1.125 0.300711 0.759489
1.25 0.340846 0.722319
1.35422 0.375 0.691694
1.375 0.382873 0.68543
1.5 0.430202 0.647745
1.625 0.484495 0.609252
1.6575 0.5 0.598714
1.75 0.550304 0
1.86186 0.625 0
1.875 0.634786 0
1.9375 0.6875 0

0.0505493 0.125 1
0.0763988 0.25 0.990313
0.101339 0.375 0.977582
0.12476 0.5 0.962531
0.125 0.501528 0.962335
0.150946 0.625 0.943785
0.175548 0.75 0.923014
0.200434 0.875 0.902277
0.227323 1 0.881479
0.25 1.09505 0.865543
0.258472 1.125 0.86036
0.294633 1.25 0.838745
0.335835 1.375 0.817454
0.375 1.47562 0.800055
0.386037 1.5 0.795712
0.447197 1.625 0.773501
0.5 1.71491 0.757122
0.524449 1.75 0.750408
0.624417 1.875 0.726115
0.625 1.87565 0.725981
0.6875 1.9375 0.712415

