0.125 0.0265716 1
0.25 0.0485381 0.987306
0.375 0.077003 0.968345
0.5 0.110055 0.943603
0.561478 0.125 0.929647
0.625 0.147083 0.912133
0.75 0.185332 0.874225
0.875 0.223292 0.836071
0.967911 0.25 0.807825
1 0.26134 0.797764
1.125 0.300764 0.759436
1.25 0.340908 0.722271
1.35404 0.375 0.691704
1.375 0.382938 0.685388
1.5 0.430264 0.647708
1.625 0.484548 0.609223
1.6574 0.5 0.59872
1.75 0.550341 0
1.86184 0.625 0
1.875 0.6348 0
1.9375 0.6875 0

0.0505613 0.125 1
0.0764086 0.25 0.990314
0.101344 0.375 0.977585
0.12476 0.5 0.962539
0.125 0.501526 0.962344
0.150941 0.625 0.943802
0.175539 0.75 0.923039
0.200423 0.875 0.902311
0.227309 1 0.881521
0.25 1.09511 0.865582
0.258457 1.125 0.860411
0.294618 1.25 0.838805
0.335821 1.375 0.81752
0.375 1.47565 0.80012
0.386024 1.5 0.795783
0.447187 1.625 0.773577
0.5 1.71492 0.757201
0.524442 1.75 0.750491
0.624415 1.875 0.726203
0.625 1.87565 0.726068
0.6875 1.9375 0.712507

