0.125 0.0308477 1
0.25 0.0545482 0.987878
0.375 0.0834224 0.97023
0.5 0.115114 0.9477
0.54454 0.125 0.938649
0.625 0.150169 0.918653
0.75 0.185224 0.883941
0.875 0.219752 0.848959
0.986208 0.25 0.817965
1 0.254596 0.813994
1.125 0.291885 0.778511
1.25 0.33051 0.74415
1.375 0.371987 0.710317
1.38399 0.375 0.707856
1.5 0.419953 0.675523
1.625 0.475673 0.640698
1.67344 0.5 0.626727
1.75 0.544215 0.603689
1.86579 0.625 0
1.875 0.632355 0
1.9375 0.6875 0

0.0484272 0.125 1
0.0746178 0.25 0.99003
0.100368 0.375 0.976774
0.124669 0.5 0.960987
0.125 0.502047 0.96071
0.151793 0.625 0.941057
0.177123 0.75 0.918869
0.202503 0.875 0.896773
0.229688 1 0.87471
0.25 1.08548 0.859581
0.261156 1.125 0.852366
0.297279 1.25 0.829623
0.3383 1.375 0.807349
0.375 1.47029 0.7902
0.388304 1.5 0.784697
0.448993 1.625 0.761628
0.5 1.71274 0.745086
0.525686 1.75 0.737713
0.624809 1.875 0.712563
0.625 1.87522 0.712517
0.6875 1.9375 0.69839

