0.047556 0.125 1
0.0737577 0.25 0.989935
0.0997591 0.375 0.976499
0.124425 0.5 0.960443
0.125 0.5035 0.95996
0.151899 0.625 0.940126
0.177595 0.75 0.917436
0.203295 0.875 0.894827
0.230731 1 0.872257
0.25 1.08104 0.857591
0.262417 1.125 0.849396
0.298576 1.25 0.826195
0.339593 1.375 0.803477
0.375 1.4674 0.78653
0.389514 1.5 0.780384
0.449987 1.625 0.756903
0.5 1.71148 0.740311
0.526377 1.75 0.732565
0.625 1.87492 0.707012
0.62508 1.875 0.706995
0.6875 1.9375 0.69289

0.125 0.0319169 1
0.25 0.0559446 0.988028
0.375 0.0847926 0.970704
0.5 0.116081 0.948692
0.541037 0.125 0.940575
0.625 0.150617 0.920288
0.75 0.18494 0.886498
0.875 0.218744 0.852461
0.991187 0.25 0.820962
1 0.252903 0.818492
1.125 0.289792 0.783892
1.25 0.328146 0.75042
1.375 0.369583 0.717478
1.391 0.375 0.713221
1.5 0.417663 0.68371
1.625 0.473715 0.649936
1.67675 0.5 0.635503
1.75 0.542859 0.614243
1.8666 0.625 0.578551
1.875 0.631811 0
1.9375 0.6875 0

