0.125 0.0265039 1
0.25 0.0484404 0.991008
0.375 0.0768951 0.977213
0.5 0.109967 0.958612
0.561751 0.125 0.9478
0.625 0.147027 0.93411
0.75 0.185329 0.903546
0.875 0.223348 0.871849
0.967633 0.25 0.847998
1 0.26145 0.839329
1.125 0.300912 0.806345
1.25 0.341084 0.774191
1.35354 0.375 0.747932
1.375 0.383124 0.742374
1.5 0.430439 0.710297
1.625 0.484698 0.678417
1.65712 0.5 0.67002
1.75 0.550445 0.645185
1.86177 0.625 0.614437
1.875 0.634841 0.610672
1.9375 0.6875 0.592232

0.0505953 0.125 1
0.0764366 0.25 0.993165
0.101359 0.375 0.984012
0.124761 0.5 0.972956
0.125 0.50152 0.972811
0.150927 0.625 0.958855
0.175514 0.75 0.942837
0.20039 0.875 0.92647
0.227272 1 0.909715
0.25 1.09526 0.896647
0.258414 1.125 0.8924
0.294576 1.25 0.874407
0.335782 1.375 0.856453
0.375 1.47574 0.841628
0.385989 1.5 0.837933
0.447159 1.625 0.818863
0.5 1.71496 0.804728
0.524423 1.75 0.798933
0.624409 1.875 0.777919
0.625 1.87566 0.777801
0.6875 1.9375 0.766075

