0.0468372 0.125 1
0.0729578 0.25 0.989876
0.0991008 0.375 0.976316
0.124062 0.5 0.960076
0.125 0.50564 0.959286
0.151785 0.625 0.939514
0.177828 0.75 0.91647
0.203875 0.875 0.893469
0.231613 1 0.870488
0.25 1.07714 0.856271
0.263538 1.125 0.847199
0.299774 1.25 0.823622
0.340841 1.375 0.800512
0.375 1.46457 0.783807
0.390693 1.5 0.777018
0.450979 1.625 0.753161
0.5 1.71021 0.736549
0.527071 1.75 0.728427
0.625 1.87459 0.702558
0.625388 1.875 0.702467
0.6875 1.9375 0.688189

0.125 0.0322956 1
0.25 0.0563656 0.988104
0.375 0.0851233 0.970933
0.5 0.11623 0.949151
0.540595 0.125 0.941214
0.625 0.150531 0.92107
0.75 0.184614 0.887676
0.875 0.218229 0.85401
0.993254 0.25 0.822282
1 0.252217 0.820412
1.125 0.289019 0.786151
1.25 0.327346 0.752983
1.375 0.368815 0.720331
1.3932 0.375 0.715533
1.5 0.41694 0.686888
1.625 0.473122 0.653444
1.67774 0.5 0.638893
1.75 0.542445 0.618164
1.86682 0.625 0.582926
1.875 0.631657 0.580289
1.9375 0.6875 0

