0.125 0.0273125 1
0.25 0.0496025 0.987415
0.375 0.0781706 0.968718
0.5 0.111005 0.944435
0.558505 0.125 0.931439
0.625 0.147683 0.913384
0.75 0.185353 0.875757
0.875 0.222678 0.837786
0.970993 0.25 0.808686
1 0.26014 0.79962
1.125 0.299147 0.761341
1.25 0.339004 0.724136
1.35943 0.375 0.691929
1.375 0.380924 0.68723
1.5 0.428366 0.649494
1.625 0.48292 0.61093
1.66047 0.5 0.59941
1.75 0.549218 0
1.86259 0.625 0
1.875 0.634359 0
1.9375 0.6875 0

0.0501905 0.125 1
0.0761023 0.25 0.990266
0.10118 0.375 0.977451
0.124749 0.5 0.962283
0.125 0.50159 0.962077
0.151091 0.625 0.943319
0.175814 0.75 0.922273
0.200782 0.875 0.901268
0.227721 1 0.880218
0.25 1.09345 0.864379
0.258923 1.125 0.858859
0.295077 1.25 0.837019
0.336249 1.375 0.815532
0.375 1.47474 0.798148
0.386417 1.5 0.793611
0.447497 1.625 0.771229
0.5 1.71455 0.754805
0.524655 1.75 0.747977
0.624481 1.875 0.723516
0.625 1.87558 0.723395
0.6875 1.9375 0.709726

