0.125 0.0270568 1
0.25 0.0492363 0.991066
0.375 0.0777705 0.977419
0.5 0.110681 0.959094
0.559528 0.125 0.948853
0.625 0.14748 0.934858
0.75 0.185348 0.904467
0.875 0.222891 0.872872
0.969923 0.25 0.848459
1 0.260553 0.840416
1.125 0.299702 0.807428
1.25 0.339657 0.775194
1.35758 0.375 0.747818
1.375 0.381615 0.743293
1.5 0.429016 0.711098
1.625 0.483478 0.679062
1.65942 0.5 0.670019
1.75 0.549603 0.645699
1.86233 0.625 0.614683
1.875 0.634511 0.611069
1.9375 0.6875 0.592626

0.0503183 0.125 1
0.0762081 0.25 0.993139
0.101237 0.375 0.983939
0.124753 0.5 0.972815
0.125 0.501568 0.972663
0.151039 0.625 0.958581
0.175719 0.75 0.942388
0.200658 0.875 0.925841
0.227579 1 0.908915
0.25 1.09402 0.895894
0.258762 1.125 0.89143
0.294919 1.25 0.873272
0.336101 1.375 0.855176
0.375 1.47505 0.840348
0.386281 1.5 0.836524
0.44739 1.625 0.817331
0.5 1.71468 0.803157
0.524581 1.75 0.797287
0.624458 1.875 0.776158
0.625 1.87561 0.776049
0.6875 1.9375 0.764255

