0.0458049 0.125 1
0.0717974 0.25 0.989787
0.0981343 0.375 0.976052
0.123517 0.5 0.959536
0.125 0.50874 0.958288
0.151605 0.625 0.938623
0.178156 0.75 0.915066
0.204711 0.875 0.891501
0.232891 1 0.867932
0.25 1.07154 0.854407
0.265162 1.125 0.844027
0.301521 1.25 0.819911
0.342664 1.375 0.796242
0.375 1.46038 0.779939
0.392411 1.5 0.772177
0.45243 1.625 0.747784
0.5 1.70831 0.731174
0.528084 1.75 0.722489
0.625 1.87412 0.696175
0.625835 1.875 0.695973
0.6875 1.9375 0.681443

0.125 0.0328397 1
0.25 0.0569662 0.988209
0.375 0.0855919 0.971252
0.5 0.11644 0.949794
0.539971 0.125 0.942104
0.625 0.150405 0.922173
0.75 0.18415 0.889355
0.875 0.217497 0.856234
0.996205 0.25 0.824209
1 0.251243 0.823172
1.125 0.287921 0.78941
1.25 0.32621 0.756692
1.375 0.367725 0.724462
1.39631 0.375 0.718917
1.5 0.415914 0.691483
1.625 0.472281 0.658512
1.67913 0.5 0.643806
1.75 0.541858 0.623811
1.86713 0.625 0.589201
1.875 0.631439 0.586723
1.9375 0.6875 0

