0.0428494 0.125 1
0.0683984 0.25 0.989526
0.0952241 0.375 0.97526
0.121807 0.5 0.957914
0.125 0.517795 0.955223
0.150981 0.625 0.935947
0.179045 0.75 0.910847
0.207131 0.875 0.885585
0.236638 1 0.860255
0.25 1.05532 0.848998
0.269921 1.125 0.8345
0.306722 1.25 0.80876
0.348095 1.375 0.783422
0.375 1.44756 0.7686
0.397515 1.5 0.757648
0.456773 1.625 0.73164
0.5 1.70246 0.715167
0.531108 1.75 0.704654
0.625 1.87265 0.677003
0.62715 1.875 0.676437
0.6875 1.9375 0.661119

0.125 0.0343997 1
0.25 0.058661 0.988497
0.375 0.086894 0.972128
0.5 0.117006 0.951547
0.538259 0.125 0.944513
0.625 0.150037 0.925194
0.75 0.182842 0.893989
0.875 0.215445 0.862402
1 0.248614 0.8308
1.00565 0.25 0.829355
1.125 0.284857 0.798388
1.25 0.323036 0.766902
1.375 0.364675 0.735924
1.40485 0.375 0.728462
1.5 0.413054 0.704252
1.625 0.469935 0.672579
1.68293 0.5 0.657499
1.75 0.540223 0.639409
1.86798 0.625 0.606387
1.875 0.630835 0.604304
1.9375 0.6875 0.58515

