0.125 0.0279547 1
0.25 0.050517 0.987504
0.375 0.0791627 0.969014
0.5 0.111802 0.945087
0.555946 0.125 0.932872
0.625 0.148177 0.91441
0.75 0.185353 0.877239
0.875 0.222143 0.839705
0.973709 0.25 0.810118
1 0.259107 0.801993
1.125 0.29777 0.764097
1.25 0.337385 0.727256
1.36398 0.375 0.694058
1.375 0.379208 0.690767
1.5 0.426758 0.653451
1.625 0.481538 0.615403
1.66303 0.5 0.603241
1.75 0.548264 0
1.86322 0.625 0
1.875 0.633982 0
1.9375 0.6875 0

0.0498697 0.125 1
0.075836 0.25 0.990224
0.101037 0.375 0.977332
0.124738 0.5 0.962054
0.125 0.50165 0.961838
0.151221 0.625 0.94291
0.176052 0.75 0.921644
0.201095 0.875 0.900428
0.228078 1 0.879183
0.25 1.09201 0.863455
0.259327 1.125 0.857633
0.295476 1.25 0.835617
0.33662 1.375 0.813977
0.375 1.47394 0.796624
0.386758 1.5 0.791915
0.447767 1.625 0.769401
0.5 1.71423 0.752948
0.52484 1.75 0.746021
0.624539 1.875 0.721428
0.625 1.87552 0.72132
0.6875 1.9375 0.707565

