0.125 0.0269223 1
0.25 0.0490433 0.987359
0.375 0.077559 0.968524
0.5 0.11051 0.944005
0.560067 0.125 0.93051
0.625 0.147371 0.912734
0.75 0.185345 0.874943
0.875 0.223002 0.836851
0.969363 0.25 0.808181
1 0.260771 0.798583
1.125 0.299995 0.76025
1.25 0.340002 0.723029
1.35661 0.375 0.691647
1.375 0.381981 0.686095
1.5 0.42936 0.648346
1.625 0.483773 0.609769
1.65887 0.5 0.598764
1.75 0.549806 0
1.8622 0.625 0
1.875 0.634591 0
1.9375 0.6875 0

0.0503856 0.125 1
0.0762637 0.25 0.990292
0.101267 0.375 0.977522
0.124755 0.5 0.962419
0.125 0.501557 0.962219
0.151012 0.625 0.943573
0.175669 0.75 0.922674
0.200593 0.875 0.901813
0.227504 1 0.8809
0.25 1.09432 0.865006
0.258677 1.125 0.859669
0.294836 1.25 0.837952
0.336024 1.375 0.816568
0.375 1.47522 0.799177
0.38621 1.5 0.794745
0.447334 1.625 0.772455
0.5 1.71475 0.756055
0.524543 1.75 0.749288
0.624446 1.875 0.724918
0.625 1.87562 0.724789
0.6875 1.9375 0.711177

