0.0474709 0.125 1
0.0736634 0.25 0.992886
0.0996818 0.375 0.983196
0.124383 0.5 0.971346
0.125 0.503752 0.970959
0.151886 0.625 0.955957
0.177623 0.75 0.938297
0.203363 0.875 0.920261
0.230835 1 0.901871
0.25 1.08058 0.889814
0.26255 1.125 0.882912
0.298717 1.25 0.863386
0.33974 1.375 0.844037
0.375 1.46707 0.829541
0.389653 1.5 0.824191
0.450103 1.625 0.803891
0.5 1.71134 0.78953
0.526459 1.75 0.782785
0.625 1.87488 0.760642
0.625116 1.875 0.760619
0.6875 1.9375 0.748437

0.125 0.0319617 1
0.25 0.0559946 0.991538
0.375 0.084832 0.978994
0.5 0.116099 0.962583
0.540984 0.125 0.956416
0.625 0.150607 0.940701
0.75 0.184902 0.913774
0.875 0.218683 0.885835
0.991432 0.25 0.859347
1 0.252821 0.857314
1.125 0.2897 0.827783
1.25 0.328051 0.79893
1.375 0.369492 0.770439
1.39126 0.375 0.766701
1.5 0.417577 0.741346
1.625 0.473645 0.712594
1.67687 0.5 0.70046
1.75 0.54281 0.682931
1.86662 0.625 0.654466
1.875 0.631793 0.652343
1.9375 0.6875 0.636151

