0.125 0.0281054 1
0.25 0.0507304 0.987525
0.375 0.0793928 0.969082
0.5 0.111985 0.945233
0.555348 0.125 0.933196
0.625 0.14829 0.914645
0.75 0.185352 0.877595
0.875 0.222017 0.840183
0.974351 0.25 0.810505
1 0.258866 0.802604
1.125 0.29745 0.764821
1.25 0.337009 0.728094
1.36503 0.375 0.694701
1.375 0.37881 0.691734
1.5 0.426386 0.654549
1.625 0.481218 0.61666
1.66361 0.5 0.60437
1.75 0.548043 0
1.86336 0.625 0
1.875 0.633894 0
1.9375 0.6875 0

0.0497945 0.125 1
0.0757734 0.25 0.990214
0.101004 0.375 0.977303
0.124735 0.5 0.961999
0.125 0.501665 0.961782
0.151251 0.625 0.942815
0.176108 0.75 0.921499
0.201168 0.875 0.900236
0.228161 1 0.878948
0.25 1.09167 0.863247
0.259422 1.125 0.857356
0.29557 1.25 0.835301
0.336707 1.375 0.813626
0.375 1.47375 0.796281
0.386838 1.5 0.791533
0.44783 1.625 0.768988
0.5 1.71415 0.75253
0.524883 1.75 0.745581
0.624553 1.875 0.720957
0.625 1.8755 0.720852
0.6875 1.9375 0.707078

