0.125 0.0296714 1
0.25 0.0529256 0.991319
0.375 0.0817288 0.978274
0.5 0.113816 0.961014
0.54917 0.125 0.953151
0.625 0.149398 0.938038
0.75 0.185294 0.909421
0.875 0.220712 0.87967
0.981104 0.25 0.853956
1 0.256394 0.849188
1.125 0.294208 0.817905
1.25 0.333217 0.78731
1.375 0.374778 0.757133
1.37567 0.375 0.756969
1.5 0.422631 0.726195
1.625 0.477985 0.695765
1.66942 0.5 0.68475
1.75 0.545812 0.664298
1.8648 0.625 0.634513
1.875 0.633002 0.631772
1.9375 0.6875 0.61455

0.0490134 0.125 1
0.0751172 0.25 0.993016
0.100646 0.375 0.98358
0.124702 0.5 0.97211
0.125 0.501857 0.971925
0.151564 0.625 0.957306
0.176689 0.75 0.940404
0.201931 0.875 0.923151
0.229033 1 0.905545
0.25 1.08814 0.892891
0.260412 1.125 0.887386
0.296545 1.25 0.868595
0.337616 1.375 0.849939
0.375 1.47179 0.835205
0.387673 1.5 0.830765
0.448492 1.625 0.811088
0.5 1.71335 0.796815
0.525339 1.75 0.790591
0.624698 1.875 0.769013
0.625 1.87534 0.76895
0.6875 1.9375 0.756874

