0.0461343 0.125 1
0.0721692 0.25 0.992807
0.0984455 0.375 0.982949
0.123694 0.5 0.97083
0.125 0.507747 0.970009
0.151665 0.625 0.955079
0.178052 0.75 0.936877
0.204444 0.875 0.918219
0.232482 1 0.899166
0.25 1.07333 0.887796
0.264642 1.125 0.879496
0.30096 1.25 0.859336
0.342078 1.375 0.839326
0.375 1.46173 0.825217
0.391859 1.5 0.818806
0.451963 1.625 0.797882
0.5 1.70893 0.783497
0.527759 1.75 0.776136
0.625 1.87427 0.753514
0.625691 1.875 0.75337
0.6875 1.9375 0.740938

0.125 0.032666 1
0.25 0.056775 0.991636
0.375 0.0854432 0.979302
0.5 0.116374 0.963223
0.540169 0.125 0.957311
0.625 0.150445 0.941831
0.75 0.184298 0.915545
0.875 0.21773 0.888233
0.995266 0.25 0.861446
1 0.251552 0.860345
1.125 0.288269 0.831403
1.25 0.326571 0.803075
1.375 0.368071 0.775057
1.39533 0.375 0.77046
1.5 0.41624 0.746449
1.625 0.472548 0.718139
1.67869 0.5 0.705771
1.75 0.542044 0.688939
1.86703 0.625 0.660838
1.875 0.631508 0.658852
1.9375 0.6875 0.642947

