0.125 0.0269949 1
0.25 0.0491475 0.987369
0.375 0.0776732 0.968561
0.5 0.110602 0.944087
0.559776 0.125 0.930686
0.625 0.14743 0.912857
0.75 0.185347 0.875088
0.875 0.222942 0.837007
0.969665 0.25 0.808246
1 0.260654 0.798743
1.125 0.299837 0.760406
1.25 0.339815 0.723172
1.35713 0.375 0.69162
1.375 0.381783 0.686225
1.5 0.429175 0.648459
1.625 0.483614 0.609861
1.65917 0.5 0.598751
1.75 0.549696 0
1.86227 0.625 0
1.875 0.634548 0
1.9375 0.6875 0

0.0503493 0.125 1
0.0762337 0.25 0.990287
0.101251 0.375 0.977509
0.124753 0.5 0.962394
0.125 0.501563 0.962191
0.151026 0.625 0.943526
0.175696 0.75 0.922598
0.200628 0.875 0.90171
0.227544 1 0.880769
0.25 1.09416 0.864884
0.258723 1.125 0.859515
0.294881 1.25 0.837772
0.336065 1.375 0.816368
0.375 1.47513 0.798977
0.386248 1.5 0.794527
0.447364 1.625 0.772218
0.5 1.71471 0.755813
0.524563 1.75 0.749035
0.624453 1.875 0.724647
0.625 1.87561 0.72452
0.6875 1.9375 0.710896

