0.125 0.0276672 1
0.25 0.0501085 0.987465
0.375 0.0787208 0.968884
0.5 0.111448 0.944801
0.557089 0.125 0.932241
0.625 0.147959 0.913957
0.75 0.185355 0.876563
0.875 0.222383 0.83881
0.972489 0.25 0.80942
1 0.259568 0.800868
1.125 0.298384 0.762773
1.25 0.338105 0.725737
1.36195 0.375 0.692944
1.375 0.379973 0.689026
1.5 0.427474 0.651485
1.625 0.482153 0.61316
1.66189 0.5 0.601263
1.75 0.548688 0
1.86294 0.625 0
1.875 0.63415 0
1.9375 0.6875 0

0.0500132 0.125 1
0.0759554 0.25 0.990243
0.101102 0.375 0.977385
0.124743 0.5 0.962157
0.125 0.501622 0.961946
0.151163 0.625 0.943094
0.175945 0.75 0.921921
0.200955 0.875 0.900799
0.227918 1 0.879638
0.25 1.09265 0.863858
0.259146 1.125 0.858172
0.295298 1.25 0.836232
0.336454 1.375 0.814658
0.375 1.4743 0.797289
0.386605 1.5 0.792658
0.447646 1.625 0.770201
0.5 1.71437 0.753759
0.524757 1.75 0.746878
0.624513 1.875 0.722342
0.625 1.87555 0.722227
0.6875 1.9375 0.70851

