0.0477789 0.125 1
0.0740045 0.25 0.989953
0.0999608 0.375 0.976553
0.124536 0.5 0.960556
0.125 0.502839 0.960166
0.151932 0.625 0.940313
0.177522 0.75 0.917736
0.203115 0.875 0.895251
0.230458 1 0.872811
0.25 1.08224 0.858015
0.262071 1.125 0.850086
0.298208 1.25 0.827005
0.339209 1.375 0.804413
0.375 1.46827 0.787401
0.389151 1.5 0.781448
0.449682 1.625 0.758088
0.5 1.71187 0.741509
0.526164 1.75 0.733878
0.624986 1.875 0.708431
0.625 1.87502 0.708426
0.6875 1.9375 0.694103

0.125 0.0317994 1
0.25 0.0558136 0.988005
0.375 0.0846894 0.970631
0.5 0.116034 0.948546
0.541175 0.125 0.940374
0.625 0.150644 0.920043
0.75 0.185042 0.886135
0.875 0.218905 0.851987
0.990543 0.25 0.820565
1 0.253117 0.817908
1.125 0.290034 0.783207
1.25 0.328396 0.749643
1.375 0.369823 0.716613
1.39031 0.375 0.71253
1.5 0.417889 0.682749
1.625 0.4739 0.648873
1.67644 0.5 0.634481
1.75 0.542988 0.613055
1.86653 0.625 0
1.875 0.631859 0
1.9375 0.6875 0

