0.125 0.0274645 1
0.25 0.0498197 0.991107
0.375 0.0784071 0.977564
0.5 0.111196 0.959428
0.557897 0.125 0.94959
0.625 0.147802 0.935389
0.75 0.185354 0.905191
0.875 0.222552 0.873769
0.971633 0.25 0.84903
1 0.259895 0.841478
1.125 0.298819 0.808613
1.25 0.338617 0.776465
1.36051 0.375 0.748411
1.375 0.380515 0.744656
1.5 0.427982 0.712528
1.625 0.48259 0.68055
1.66108 0.5 0.671091
1.75 0.54899 0.647272
1.86274 0.625 0.616243
1.875 0.634269 0.612755
1.9375 0.6875 0.594409

0.0501145 0.125 1
0.0760394 0.25 0.993121
0.101147 0.375 0.983884
0.124746 0.5 0.972708
0.125 0.501604 0.972553
0.151121 0.625 0.958381
0.17587 0.75 0.942063
0.200856 0.875 0.925396
0.227805 1 0.908351
0.25 1.09311 0.895373
0.259019 1.125 0.890749
0.295172 1.25 0.872481
0.336337 1.375 0.854284
0.375 1.47455 0.839463
0.386497 1.5 0.835542
0.447561 1.625 0.816264
0.5 1.71448 0.802069
0.524698 1.75 0.796141
0.624495 1.875 0.774933
0.625 1.87557 0.774831
0.6875 1.9375 0.762989

