0.125 0.0274299 1
0.25 0.0497702 0.987431
0.375 0.0783533 0.968773
0.5 0.111153 0.944558
0.558036 0.125 0.931708
0.625 0.147775 0.913576
0.75 0.185354 0.87602
0.875 0.222581 0.83811
0.971487 0.25 0.808905
1 0.259951 0.800007
1.125 0.298894 0.76178
1.25 0.338705 0.724617
1.36027 0.375 0.6922
1.375 0.380608 0.687762
1.5 0.42807 0.650075
1.625 0.482666 0.61157
1.66094 0.5 0.599918
1.75 0.549042 0
1.86271 0.625 0
1.875 0.63429 0
1.9375 0.6875 0

0.0501318 0.125 1
0.0760537 0.25 0.990259
0.101154 0.375 0.97743
0.124747 0.5 0.962241
0.125 0.501601 0.962033
0.151114 0.625 0.943245
0.175857 0.75 0.922155
0.200839 0.875 0.90111
0.227786 1 0.880023
0.25 1.09318 0.864202
0.258997 1.125 0.858628
0.29515 1.25 0.836754
0.336317 1.375 0.815237
0.375 1.47459 0.797856
0.386479 1.5 0.793289
0.447546 1.625 0.770881
0.5 1.71449 0.75445
0.524688 1.75 0.747605
0.624492 1.875 0.723119
0.625 1.87557 0.723
0.6875 1.9375 0.709315

