0.125 0.027041 1
0.25 0.0492136 0.987377
0.375 0.0777457 0.968584
0.5 0.110661 0.944139
0.559591 0.125 0.930798
0.625 0.147467 0.912934
0.75 0.185348 0.87518
0.875 0.222904 0.837107
0.969857 0.25 0.808291
1 0.260579 0.798849
1.125 0.299737 0.760511
1.25 0.339697 0.723271
1.35747 0.375 0.691612
1.375 0.381658 0.686317
1.5 0.429057 0.648543
1.625 0.483513 0.609932
1.65936 0.5 0.598757
1.75 0.549627 0
1.86232 0.625 0
1.875 0.63452 0
1.9375 0.6875 0

0.0503262 0.125 1
0.0762146 0.25 0.990284
0.101241 0.375 0.977501
0.124753 0.5 0.962378
0.125 0.501567 0.962175
0.151036 0.625 0.943495
0.175713 0.75 0.92255
0.20065 0.875 0.901644
0.22757 1 0.880686
0.25 1.09406 0.864808
0.258752 1.125 0.859415
0.294909 1.25 0.837659
0.336092 1.375 0.816243
0.375 1.47507 0.798851
0.386273 1.5 0.794388
0.447383 1.625 0.772069
0.5 1.71469 0.75566
0.524577 1.75 0.748875
0.624457 1.875 0.724477
0.625 1.87561 0.724349
0.6875 1.9375 0.710721

