0.125 0.0264826 1
0.25 0.0484096 0.991006
0.375 0.0768611 0.977205
0.5 0.109939 0.958593
0.561837 0.125 0.947758
0.625 0.147009 0.934081
0.75 0.185328 0.903511
0.875 0.223365 0.871812
0.967546 0.25 0.847982
1 0.261484 0.83929
1.125 0.300959 0.806309
1.25 0.341139 0.774161
1.35339 0.375 0.747947
1.375 0.383182 0.742349
1.5 0.430494 0.710279
1.625 0.484746 0.678407
1.65702 0.5 0.670036
1.75 0.550477 0.645183
1.86174 0.625 0.61445
1.875 0.634854 0.610679
1.9375 0.6875 0.592242

0.050606 0.125 1
0.0764455 0.25 0.993165
0.101364 0.375 0.984015
0.124761 0.5 0.972961
0.125 0.501518 0.972816
0.150923 0.625 0.958867
0.175506 0.75 0.942855
0.20038 0.875 0.926494
0.22726 1 0.909747
0.25 1.09531 0.896676
0.258401 1.125 0.892439
0.294563 1.25 0.874451
0.33577 1.375 0.856503
0.375 1.47576 0.841678
0.385977 1.5 0.837988
0.44715 1.625 0.818922
0.5 1.71497 0.804789
0.524417 1.75 0.798998
0.624407 1.875 0.777988
0.625 1.87566 0.777869
0.6875 1.9375 0.766146

