0.125 0.0273125 1
0.25 0.0496025 0.991093
0.375 0.0781706 0.977511
0.5 0.111005 0.959305
0.558505 0.125 0.94932
0.625 0.147683 0.935192
0.75 0.185353 0.904913
0.875 0.222678 0.873413
0.970993 0.25 0.848783
1 0.26014 0.841043
1.125 0.299147 0.808115
1.25 0.339004 0.775913
1.35943 0.375 0.748092
1.375 0.380924 0.74405
1.5 0.428366 0.711875
1.625 0.48292 0.679852
1.66047 0.5 0.670539
1.75 0.549218 0.646516
1.86259 0.625 0.615467
1.875 0.634359 0.611931
1.9375 0.6875 0.593534

0.0501905 0.125 1
0.0761023 0.25 0.993128
0.10118 0.375 0.983905
0.124749 0.5 0.972748
0.125 0.50159 0.972594
0.151091 0.625 0.958456
0.175814 0.75 0.942183
0.200782 0.875 0.925559
0.227721 1 0.908555
0.25 1.09345 0.895562
0.258923 1.125 0.890996
0.295077 1.25 0.872768
0.336249 1.375 0.854609
0.375 1.47474 0.839784
0.386417 1.5 0.835898
0.447497 1.625 0.816651
0.5 1.71455 0.802464
0.524655 1.75 0.796557
0.624481 1.875 0.775378
0.625 1.87558 0.775273
0.6875 1.9375 0.763449

