0.125 0.0279547 1
0.25 0.050517 0.991156
0.375 0.0791627 0.97773
0.5 0.111802 0.959802
0.555946 0.125 0.950428
0.625 0.148177 0.936003
0.75 0.185353 0.906124
0.875 0.222143 0.875023
0.973709 0.25 0.850004
1 0.259107 0.843073
1.125 0.29777 0.810495
1.25 0.337385 0.778615
1.36398 0.375 0.749925
1.375 0.379208 0.747092
1.5 0.426758 0.715219
1.625 0.481538 0.683505
1.66303 0.5 0.67362
1.75 0.548264 0.650531
1.86322 0.625 0.619688
1.875 0.633982 0.616373
1.9375 0.6875 0.598246

0.0498697 0.125 1
0.075836 0.25 0.993097
0.101037 0.375 0.983818
0.124738 0.5 0.972578
0.125 0.50165 0.972416
0.151221 0.625 0.958143
0.176052 0.75 0.941691
0.201095 0.875 0.924886
0.228078 1 0.907712
0.25 1.09201 0.894798
0.259327 1.125 0.88998
0.295476 1.25 0.871591
0.33662 1.375 0.853288
0.375 1.47394 0.838479
0.386758 1.5 0.834444
0.447767 1.625 0.815074
0.5 1.71423 0.800857
0.52484 1.75 0.794864
0.624539 1.875 0.77357
0.625 1.87552 0.773477
0.6875 1.9375 0.76158

