0.0441763 0.125 1
0.0699385 0.25 0.992684
0.0965573 0.375 0.982572
0.122603 0.5 0.970043
0.125 0.513698 0.968532
0.151283 0.625 0.953744
0.178656 0.75 0.934716
0.20604 0.875 0.915121
0.23494 1 0.895066
0.25 1.06263 0.884842
0.267762 1.125 0.874327
0.304349 1.25 0.853206
0.345616 1.375 0.832209
0.375 1.45347 0.818834
0.395187 1.5 0.810688
0.454787 1.625 0.788836
0.5 1.70517 0.774498
0.529727 1.75 0.766149
0.625 1.87333 0.742837
0.626552 1.875 0.742499
0.6875 1.9375 0.729694

0.125 0.0336989 1
0.25 0.0579046 0.991775
0.375 0.0863167 0.979736
0.5 0.116758 0.964118
0.539013 0.125 0.958559
0.625 0.150204 0.943426
0.75 0.183425 0.918065
0.875 0.216358 0.891672
1 0.249749 0.8647
1.00102 0.25 0.864474
1.125 0.286218 0.836535
1.25 0.324447 0.808949
1.375 0.366031 0.78169
1.40108 0.375 0.775947
1.5 0.414325 0.75382
1.625 0.470977 0.726169
1.68126 0.5 0.71351
1.75 0.540948 0.697647
1.86761 0.625 0.670077
1.875 0.631103 0.668276
1.9375 0.6875 0.652766

