0.0403883 0.125 1
0.0654797 0.25 0.992438
0.092631 0.375 0.981798
0.120197 0.5 0.968408
0.125 0.525533 0.965356
0.150323 0.625 0.950963
0.179721 0.75 0.930179
0.209174 0.875 0.908589
0.239864 1 0.886411
0.25 1.04161 0.878886
0.274038 1.125 0.863389
0.311306 1.25 0.840229
0.352886 1.375 0.817158
0.375 1.4358 0.805795
0.40201 1.5 0.793527
0.460629 1.625 0.769725
0.5 1.69703 0.755721
0.533782 1.75 0.745077
0.625 1.87129 0.720365
0.628291 1.875 0.71957
0.6875 1.9375 0.705972

0.125 0.0357023 1
0.25 0.0600457 0.99203
0.375 0.087935 0.980524
0.5 0.11744 0.96574
0.536926 0.125 0.960787
0.625 0.149718 0.946317
0.75 0.181773 0.922652
0.875 0.213778 0.897953
1 0.246543 0.872598
1.01407 0.25 0.869683
1.125 0.282386 0.846163
1.25 0.320475 0.82002
1.375 0.362211 0.794064
1.41158 0.375 0.786385
1.5 0.41075 0.7675
1.625 0.468046 0.741025
1.68591 0.5 0.727885
1.75 0.538911 0.713694
1.86864 0.625 0.687052
1.875 0.630353 0.685567
1.9375 0.6875 0.670734

