0.0464356 0.125 1
0.072508 0.25 0.992825
0.0987278 0.375 0.983006
0.123853 0.5 0.970948
0.125 0.506842 0.970227
0.151717 0.625 0.955279
0.177957 0.75 0.937199
0.2042 0.875 0.918682
0.232108 1 0.89978
0.25 1.07497 0.888247
0.264168 1.125 0.88027
0.30045 1.25 0.860253
0.341546 1.375 0.840391
0.375 1.46295 0.826187
0.391357 1.5 0.820024
0.451539 1.625 0.79924
0.5 1.70948 0.784855
0.527463 1.75 0.777637
0.625 1.87441 0.75512
0.625561 1.875 0.755005
0.6875 1.9375 0.742628

0.125 0.0325072 1
0.25 0.0565997 0.991614
0.375 0.0853064 0.979233
0.5 0.116313 0.963081
0.540351 0.125 0.957113
0.625 0.150482 0.94158
0.75 0.184433 0.915148
0.875 0.217943 0.887694
0.994405 0.25 0.860969
1 0.251837 0.859663
1.125 0.28859 0.830587
1.25 0.326902 0.802138
1.375 0.368389 0.774014
1.39442 0.375 0.769604
1.5 0.41654 0.745294
1.625 0.472794 0.716884
1.67829 0.5 0.704566
1.75 0.542215 0.687579
1.86694 0.625 0.659398
1.875 0.631572 0.657381
1.9375 0.6875 0.641412

