0.0436791 0.125 1
0.0693641 0.25 0.992654
0.096063 0.375 0.982475
0.122311 0.5 0.969837
0.125 0.515227 0.968141
0.151174 0.625 0.953395
0.178804 0.75 0.934149
0.206448 0.875 0.914308
0.235573 1 0.893989
0.25 1.0599 0.884081
0.268566 1.125 0.872968
0.30523 1.25 0.851594
0.346537 1.375 0.830339
0.375 1.45129 0.817179
0.396052 1.5 0.808555
0.455524 1.625 0.786459
0.5 1.70418 0.772147
0.530239 1.75 0.763529
0.625 1.87308 0.740038
0.626775 1.875 0.739646
0.6875 1.9375 0.726743

0.125 0.0339614 1
0.25 0.0581889 0.991809
0.375 0.0865344 0.979842
0.5 0.116852 0.964339
0.538728 0.125 0.958865
0.625 0.150142 0.943819
0.75 0.183206 0.918689
0.875 0.216015 0.892525
1 0.249322 0.86577
1.00277 0.25 0.865166
1.125 0.285706 0.837839
1.25 0.323916 0.810447
1.375 0.365521 0.783362
1.40251 0.375 0.777345
1.5 0.413846 0.755669
1.625 0.470585 0.728177
1.68189 0.5 0.715448
1.75 0.540675 0.699818
1.86775 0.625 0.672374
1.875 0.631002 0.670618
1.9375 0.6875 0.655203

