0.125 0.0282832 1
0.25 0.0509818 0.987549
0.375 0.079663 0.969161
0.5 0.112199 0.945404
0.554643 0.125 0.933575
0.625 0.148422 0.914919
0.75 0.185348 0.878017
0.875 0.221868 0.840756
0.97511 0.25 0.810972
1 0.258582 0.803336
1.125 0.297074 0.765693
1.25 0.336569 0.729107
1.36626 0.375 0.695494
1.375 0.378342 0.692906
1.5 0.425949 0.65588
1.625 0.480842 0.618187
1.6643 0.5 0.605753
1.75 0.547784 0
1.86353 0.625 0
1.875 0.633791 0
1.9375 0.6875 0

0.0497058 0.125 1
0.0756994 0.25 0.990203
0.100964 0.375 0.977269
0.124732 0.5 0.961935
0.125 0.501684 0.961714
0.151287 0.625 0.942702
0.176174 0.75 0.92133
0.201255 0.875 0.900012
0.22826 1 0.878672
0.25 1.09127 0.863005
0.259535 1.125 0.85703
0.29568 1.25 0.834929
0.33681 1.375 0.813215
0.375 1.47353 0.795881
0.386932 1.5 0.791085
0.447905 1.625 0.768505
0.5 1.71406 0.75204
0.524935 1.75 0.745064
0.624569 1.875 0.720407
0.625 1.87548 0.720306
0.6875 1.9375 0.706509

