0.125 0.0264034 1
0.25 0.048295 0.987282
0.375 0.0767343 0.968258
0.5 0.109835 0.943407
0.562157 0.125 0.929223
0.625 0.146942 0.91184
0.75 0.185324 0.873887
0.875 0.22343 0.835717
0.967221 0.25 0.807688
1 0.261613 0.797411
1.125 0.301134 0.759108
1.25 0.341345 0.721994
1.3528 0.375 0.691842
1.375 0.3834 0.685163
1.5 0.4307 0.647547
1.625 0.484922 0.609144
1.65669 0.5 0.598896
1.75 0.550599 0
1.86166 0.625 0
1.875 0.634901 0
1.9375 0.6875 0

0.0506458 0.125 1
0.0764783 0.25 0.990324
0.101381 0.375 0.977616
0.124763 0.5 0.962598
0.125 0.501511 0.962404
0.150907 0.625 0.94391
0.175477 0.75 0.923214
0.200341 0.875 0.902551
0.227216 1 0.881822
0.25 1.09548 0.865862
0.258351 1.125 0.860771
0.294514 1.25 0.839218
0.335724 1.375 0.817981
0.375 1.47586 0.800579
0.385935 1.5 0.796288
0.447117 1.625 0.774123
0.5 1.71501 0.757757
0.524394 1.75 0.751076
0.6244 1.875 0.726827
0.625 1.87567 0.726689
0.6875 1.9375 0.713153

