0.125 0.0289039 1
0.25 0.051855 0.987631
0.375 0.0805961 0.96943
0.5 0.112934 0.945985
0.552192 0.125 0.934865
0.625 0.148868 0.915861
0.75 0.185329 0.879488
0.875 0.221349 0.842771
0.977782 0.25 0.812654
1 0.257596 0.805939
1.125 0.295777 0.768808
1.25 0.33505 0.732749
1.3705 0.375 0.698443
1.375 0.376725 0.697132
1.5 0.424444 0.660695
1.625 0.479547 0.623719
1.66664 0.5 0.610825
1.75 0.546891 0.583782
1.86411 0.625 0
1.875 0.633435 0
1.9375 0.6875 0

0.0493961 0.125 1
0.07544 0.25 0.990161
0.100823 0.375 0.977152
0.12472 0.5 0.961709
0.125 0.501755 0.961477
0.151411 0.625 0.942307
0.176405 0.75 0.920736
0.201557 0.875 0.89923
0.228606 1 0.877713
0.25 1.08987 0.86217
0.259926 1.125 0.8559
0.296066 1.25 0.833642
0.33717 1.375 0.811793
0.375 1.47275 0.794498
0.387263 1.5 0.789534
0.448167 1.625 0.766836
0.5 1.71374 0.75035
0.525115 1.75 0.743279
0.624627 1.875 0.718503
0.625 1.87542 0.718414
0.6875 1.9375 0.704537

