0.0479632 0.125 1
0.0742064 0.25 0.992916
0.100122 0.375 0.983286
0.124618 0.5 0.971531
0.125 0.502343 0.971293
0.151948 0.625 0.956277
0.177448 0.75 0.938823
0.202951 0.875 0.921022
0.230217 1 0.902885
0.25 1.08331 0.890591
0.261767 1.125 0.884196
0.297887 1.25 0.864914
0.338877 1.375 0.84582
0.375 1.46902 0.831208
0.388838 1.5 0.826234
0.449421 1.625 0.806176
0.5 1.71221 0.791842
0.525983 1.75 0.785319
0.62491 1.875 0.763387
0.625 1.8751 0.763368
0.6875 1.9375 0.751063

0.125 0.0317011 1
0.25 0.055704 0.991501
0.375 0.0846033 0.978875
0.5 0.115995 0.962338
0.541287 0.125 0.956071
0.625 0.150667 0.940274
0.75 0.185129 0.913121
0.875 0.219041 0.884961
0.989999 0.25 0.858605
1 0.253298 0.856216
1.125 0.290238 0.826481
1.25 0.328607 0.797445
1.375 0.370025 0.76879
1.38972 0.375 0.765385
1.5 0.41808 0.739522
1.625 0.474057 0.710617
1.67618 0.5 0.69858
1.75 0.543098 0.680789
1.86647 0.625 0.652195
1.875 0.6319 0.650018
1.9375 0.6875 0.633723

