0.047556 0.125 1
0.0737577 0.25 0.992892
0.0997591 0.375 0.983212
0.124425 0.5 0.971378
0.125 0.5035 0.971017
0.151899 0.625 0.956011
0.177595 0.75 0.938387
0.203295 0.875 0.92039
0.230731 1 0.902043
0.25 1.08104 0.889947
0.262417 1.125 0.88313
0.298576 1.25 0.863645
0.339593 1.375 0.84434
0.375 1.4674 0.829823
0.389514 1.5 0.824538
0.449987 1.625 0.804278
0.5 1.71148 0.789921
0.526377 1.75 0.783212
0.625 1.87492 0.761103
0.62508 1.875 0.761087
0.6875 1.9375 0.74892

0.125 0.0319169 1
0.25 0.0559446 0.991531
0.375 0.0847926 0.978973
0.5 0.116081 0.962541
0.541037 0.125 0.956356
0.625 0.150617 0.940629
0.75 0.18494 0.913662
0.875 0.218744 0.885684
0.991187 0.25 0.859216
1 0.252903 0.857122
1.125 0.289792 0.827556
1.25 0.328146 0.79867
1.375 0.369583 0.770151
1.391 0.375 0.766468
1.5 0.417663 0.741027
1.625 0.473715 0.712247
1.67675 0.5 0.700129
1.75 0.542859 0.682557
1.8666 0.625 0.654068
1.875 0.631811 0.651935
1.9375 0.6875 0.635725

