0.125 0.0269507 1
0.25 0.0490841 0.991054
0.375 0.0776037 0.977381
0.5 0.110546 0.959002
0.559953 0.125 0.948653
0.625 0.147394 0.934716
0.75 0.185346 0.904293
0.875 0.222979 0.872679
0.969481 0.25 0.848374
1 0.260725 0.840209
1.125 0.299933 0.807222
1.25 0.339929 0.775002
1.35681 0.375 0.747838
1.375 0.381903 0.743116
1.5 0.429288 0.710941
1.625 0.483711 0.678934
1.65899 0.5 0.670014
1.75 0.549763 0.645594
1.86223 0.625 0.614629
1.875 0.634574 0.610986
1.9375 0.6875 0.592544

0.0503713 0.125 1
0.0762519 0.25 0.993144
0.10126 0.375 0.983954
0.124754 0.5 0.972842
0.125 0.501559 0.972692
0.151017 0.625 0.958635
0.175679 0.75 0.942475
0.200607 0.875 0.925962
0.22752 1 0.90907
0.25 1.09426 0.896039
0.258695 1.125 0.891618
0.294853 1.25 0.873493
0.33604 1.375 0.855423
0.375 1.47519 0.840596
0.386225 1.5 0.836796
0.447346 1.625 0.817628
0.5 1.71473 0.803462
0.524551 1.75 0.797605
0.624449 1.875 0.776498
0.625 1.87562 0.776387
0.6875 1.9375 0.764606

