0.125 0.0286213 1
0.25 0.0514583 0.987594
0.375 0.0801733 0.969308
0.5 0.112602 0.945723
0.553306 0.125 0.934283
0.625 0.148667 0.915435
0.75 0.185339 0.87882
0.875 0.221586 0.841852
0.976562 0.25 0.811883
1 0.258044 0.80475
1.125 0.296365 0.767383
1.25 0.335738 0.73108
1.36859 0.375 0.697077
1.375 0.377458 0.695193
1.5 0.425125 0.658484
1.625 0.480133 0.621181
1.66558 0.5 0.608489
1.75 0.547295 0.580795
1.86385 0.625 0
1.875 0.633597 0
1.9375 0.6875 0

0.0495371 0.125 1
0.0755583 0.25 0.99018
0.100887 0.375 0.977205
0.124725 0.5 0.961812
0.125 0.501721 0.961585
0.151355 0.625 0.942488
0.1763 0.75 0.921005
0.201419 0.875 0.899585
0.228448 1 0.878148
0.25 1.09051 0.862549
0.259748 1.125 0.856414
0.29589 1.25 0.834228
0.337006 1.375 0.812438
0.375 1.47311 0.795125
0.387112 1.5 0.790238
0.448048 1.625 0.767594
0.5 1.71389 0.751118
0.525033 1.75 0.74409
0.6246 1.875 0.719367
0.625 1.87545 0.719272
0.6875 1.9375 0.705432

