0.0473802 0.125 1
0.0735627 0.25 0.992881
0.0995992 0.375 0.98318
0.124338 0.5 0.971312
0.125 0.504021 0.970896
0.151872 0.625 0.955898
0.177653 0.75 0.938202
0.203437 0.875 0.920122
0.230946 1 0.901689
0.25 1.08009 0.889674
0.262691 1.125 0.88268
0.298868 1.25 0.863112
0.339897 1.375 0.843716
0.375 1.46672 0.829244
0.389801 1.5 0.823824
0.450228 1.625 0.803482
0.5 1.71118 0.789116
0.526546 1.75 0.78233
0.625 1.87484 0.760153
0.625155 1.875 0.760122
0.6875 1.9375 0.747922

0.125 0.0320095 1
0.25 0.0560478 0.991544
0.375 0.0848738 0.979015
0.5 0.116118 0.962627
0.540928 0.125 0.956477
0.625 0.150596 0.940779
0.75 0.184861 0.913895
0.875 0.218618 0.885998
0.991693 0.25 0.859487
1 0.252735 0.857519
1.125 0.289602 0.828027
1.25 0.32795 0.799207
1.375 0.369395 0.770749
1.39154 0.375 0.76695
1.5 0.417486 0.741688
1.625 0.47357 0.712965
1.677 0.5 0.700815
1.75 0.542757 0.683334
1.86665 0.625 0.654894
1.875 0.631773 0.65278
1.9375 0.6875 0.636607

