0.0476356 0.125 1
0.0738459 0.25 0.992897
0.0998312 0.375 0.983227
0.124465 0.5 0.971407
0.125 0.503263 0.971072
0.151911 0.625 0.956063
0.177569 0.75 0.938471
0.203231 0.875 0.920512
0.230633 1 0.902206
0.25 1.08147 0.890071
0.262294 1.125 0.883335
0.298445 1.25 0.863889
0.339456 1.375 0.844624
0.375 1.46771 0.830087
0.389384 1.5 0.824862
0.449878 1.625 0.804641
0.5 1.71162 0.790288
0.526301 1.75 0.783615
0.625 1.87495 0.761536
0.625046 1.875 0.761527
0.6875 1.9375 0.749377

0.125 0.0318749 1
0.25 0.0558979 0.991525
0.375 0.0847558 0.978954
0.5 0.116064 0.962502
0.541086 0.125 0.956302
0.625 0.150627 0.940559
0.75 0.184977 0.913557
0.875 0.218801 0.885542
0.990957 0.25 0.859096
1 0.252979 0.856945
1.125 0.289878 0.827343
1.25 0.328235 0.798429
1.375 0.369669 0.769882
1.39075 0.375 0.766254
1.5 0.417744 0.74073
1.625 0.473781 0.711925
1.67664 0.5 0.699823
1.75 0.542905 0.682207
1.86657 0.625 0.653697
1.875 0.631828 0.651556
1.9375 0.6875 0.63533

