0.125 0.0281899 1
0.25 0.05085 0.99118
0.375 0.0795214 0.977808
0.5 0.112087 0.959976
0.555013 0.125 0.95082
0.625 0.148353 0.936292
0.75 0.18535 0.906579
0.875 0.221946 0.875652
0.974712 0.25 0.850521
1 0.258731 0.84389
1.125 0.297271 0.811477
1.25 0.3368 0.779755
1.36562 0.375 0.7508
1.375 0.378587 0.748401
1.5 0.426178 0.71668
1.625 0.481039 0.685126
1.66394 0.5 0.675059
1.75 0.54792 0.652333
1.86345 0.625 0.621615
1.875 0.633845 0.618382
1.9375 0.6875 0.600379

0.0497523 0.125 1
0.0757382 0.25 0.993086
0.100985 0.375 0.983786
0.124734 0.5 0.972515
0.125 0.501674 0.97235
0.151268 0.625 0.958028
0.17614 0.75 0.941514
0.201209 0.875 0.924648
0.228208 1 0.907412
0.25 1.09148 0.894532
0.259476 1.125 0.889621
0.295622 1.25 0.871175
0.336756 1.375 0.852822
0.375 1.47365 0.838023
0.386883 1.5 0.833933
0.447866 1.625 0.814519
0.5 1.71411 0.800294
0.524908 1.75 0.794269
0.624561 1.875 0.772935
0.625 1.87549 0.772845
0.6875 1.9375 0.760925

