0.125 0.0271935 1
0.25 0.0494322 0.99108
0.375 0.0779848 0.977469
0.5 0.110855 0.959208
0.55898 0.125 0.949104
0.625 0.147589 0.935039
0.75 0.185351 0.904702
0.875 0.222777 0.873153
0.970494 0.25 0.848619
1 0.260332 0.840735
1.125 0.299405 0.807773
1.25 0.339307 0.775547
1.35857 0.375 0.747926
1.375 0.381245 0.743658
1.5 0.428668 0.711465
1.625 0.483179 0.679426
1.65998 0.5 0.670236
1.75 0.549397 0.646068
1.86247 0.625 0.615024
1.875 0.63443 0.611451
1.9375 0.6875 0.593026

0.0502499 0.125 1
0.0761516 0.25 0.993132
0.101207 0.375 0.983922
0.12475 0.5 0.972779
0.125 0.50158 0.972628
0.151067 0.625 0.958514
0.175769 0.75 0.942276
0.200725 0.875 0.925688
0.227654 1 0.908722
0.25 1.09371 0.895714
0.258848 1.125 0.891196
0.295004 1.25 0.873
0.33618 1.375 0.85487
0.375 1.47489 0.840043
0.386354 1.5 0.836185
0.447447 1.625 0.816963
0.5 1.71461 0.802782
0.52462 1.75 0.796892
0.624471 1.875 0.775736
0.625 1.87559 0.775628
0.6875 1.9375 0.763818

