0.125 0.0274998 1
0.25 0.04987 0.987441
0.375 0.0784618 0.968806
0.5 0.11124 0.94463
0.557757 0.125 0.931867
0.625 0.147829 0.913689
0.75 0.185355 0.876178
0.875 0.222523 0.838312
0.971782 0.25 0.809049
1 0.259838 0.800254
1.125 0.298743 0.76206
1.25 0.338528 0.72493
1.36076 0.375 0.692397
1.375 0.380421 0.688113
1.5 0.427894 0.650465
1.625 0.482514 0.612007
1.66122 0.5 0.600279
1.75 0.548937 0
1.86278 0.625 0
1.875 0.634249 0
1.9375 0.6875 0

0.0500969 0.125 1
0.0760248 0.25 0.990255
0.101139 0.375 0.977418
0.124746 0.5 0.962217
0.125 0.501607 0.962007
0.151129 0.625 0.9432
0.175883 0.75 0.922086
0.200873 0.875 0.901016
0.227825 1 0.879908
0.25 1.09303 0.8641
0.259041 1.125 0.858491
0.295194 1.25 0.836598
0.336357 1.375 0.815064
0.375 1.47451 0.797687
0.386516 1.5 0.7931
0.447576 1.625 0.770678
0.5 1.71446 0.754244
0.524708 1.75 0.747389
0.624498 1.875 0.722887
0.625 1.87556 0.722769
0.6875 1.9375 0.709076

