0.125 0.0267121 1
0.25 0.0487408 0.99103
0.375 0.0772265 0.97729
0.5 0.110238 0.958794
0.560912 0.125 0.9482
0.625 0.1472 0.934395
0.75 0.185338 0.903894
0.875 0.223176 0.872236
0.968491 0.25 0.848172
1 0.261112 0.839737
1.125 0.300455 0.80675
1.25 0.340544 0.774562
1.35507 0.375 0.747877
1.375 0.382554 0.74271
1.5 0.429901 0.710582
1.625 0.484237 0.678639
1.65799 0.5 0.669996
1.75 0.550126 0.645352
1.86198 0.625 0.6145
1.875 0.634716 0.61079
1.9375 0.6875 0.592349

0.0504908 0.125 1
0.0763505 0.25 0.993155
0.101313 0.375 0.983984
0.124758 0.5 0.972903
0.125 0.501539 0.972755
0.150969 0.625 0.958752
0.175591 0.75 0.942668
0.200491 0.875 0.926234
0.227387 1 0.909415
0.25 1.09479 0.896365
0.258545 1.125 0.892038
0.294705 1.25 0.873982
0.335902 1.375 0.855974
0.375 1.47548 0.841149
0.386099 1.5 0.837404
0.447246 1.625 0.818289
0.5 1.71485 0.804139
0.524483 1.75 0.798317
0.624428 1.875 0.777259
0.625 1.87564 0.777145
0.6875 1.9375 0.765393

