0.125 0.0308477 1
0.25 0.0545482 0.991423
0.375 0.0834224 0.978625
0.5 0.115114 0.961788
0.54454 0.125 0.95488
0.625 0.150169 0.939345
0.75 0.185224 0.911585
0.875 0.219752 0.882765
0.986208 0.25 0.856674
1 0.254596 0.853303
1.125 0.291885 0.822926
1.25 0.33051 0.793244
1.375 0.371987 0.763958
1.38399 0.375 0.761831
1.5 0.419953 0.734007
1.625 0.475673 0.704476
1.67344 0.5 0.692831
1.75 0.544215 0.673982
1.86579 0.625 0.644904
1.875 0.632355 0.642507
1.9375 0.6875 0.625844

0.0484272 0.125 1
0.0746178 0.25 0.992958
0.100368 0.375 0.983414
0.124669 0.5 0.971783
0.125 0.502047 0.971576
0.151793 0.625 0.956726
0.177123 0.75 0.939514
0.202503 0.875 0.921955
0.229688 1 0.904056
0.25 1.08548 0.891594
0.261156 1.125 0.885605
0.297279 1.25 0.866541
0.3383 1.375 0.847645
0.375 1.47029 0.832973
0.388304 1.5 0.828248
0.448993 1.625 0.808362
0.5 1.71274 0.794055
0.525686 1.75 0.78767
0.624809 1.875 0.765899
0.625 1.87522 0.765861
0.6875 1.9375 0.753659

