0.0477789 0.125 1
0.0740045 0.25 0.992905
0.0999608 0.375 0.983252
0.124536 0.5 0.971462
0.125 0.502839 0.97117
0.151932 0.625 0.956156
0.177522 0.75 0.938623
0.203115 0.875 0.920731
0.230458 1 0.902498
0.25 1.08224 0.890296
0.262071 1.125 0.883705
0.298208 1.25 0.864331
0.339209 1.375 0.845138
0.375 1.46827 0.830569
0.389151 1.5 0.825454
0.449682 1.625 0.805302
0.5 1.71187 0.790957
0.526164 1.75 0.784349
0.624986 1.875 0.762328
0.625 1.87502 0.762325
0.6875 1.9375 0.749965

0.125 0.0317994 1
0.25 0.0558136 0.991514
0.375 0.0846894 0.97892
0.5 0.116034 0.962431
0.541175 0.125 0.956202
0.625 0.150644 0.940437
0.75 0.185042 0.913367
0.875 0.218905 0.885289
0.990543 0.25 0.858881
1 0.253117 0.856627
1.125 0.290034 0.826966
1.25 0.328396 0.797998
1.375 0.369823 0.769404
1.39031 0.375 0.765872
1.5 0.417889 0.740201
1.625 0.4739 0.711353
1.67644 0.5 0.699277
1.75 0.542988 0.681585
1.86653 0.625 0.653038
1.875 0.631859 0.650882
1.9375 0.6875 0.634626

