0.0384859 0.125 0
0.0631674 0.25 0.000459942
0.0905146 0.375 0.000463629
0.118825 0.5 0.000493406
0.125 0.531634 0.000508229
0.149718 0.625 0.000558389
0.180197 0.75 0.000650359
0.210771 0.875 0.000785334
0.242431 1 0.000950976
0.25 1.03086 0.000996299
0.277338 1.125 0.00112647
0.315029 1.25 0.00130753
0.356777 1.375 0.00152008
0.375 1.42592 0.00161236
0.405664 1.5 0.00174108
0.463777 1.625 0.00197919
0.5 1.69241 0.00232825
0.53596 1.75 0.00294583
0.625 1.87015 0.00647164
0.629206 1.875 0.00670821
0.6875 1.9375 0.0111613

0.125 0.0367127 0
0.25 0.0611011 0.000459959
0.375 0.0887141 0.000464504
0.5 0.117752 0.000497712
0.535956 0.125 0.00051671
0.625 0.149463 0.000571241
0.75 0.180957 0.000674991
0.875 0.212512 0.000826531
1 0.244972 0.00101176
1.02043 0.25 0.00104512
1.125 0.280519 0.00120771
1.25 0.318539 0.001413
1.375 0.360347 0.00165216
1.41657 0.375 0.00173664
1.5 0.409012 0.00190097
1.625 0.466622 0.00237601
1.68811 0.5 0.00309932
1.75 0.537924 0.00449416
1.86912 0.625 0.0111543
1.875 0.629992 0.0117308
1.9375 0.6875 0.0190001

