0.0418995 0.125 0
0.0672815 0.25 0.000459905
0.0942421 0.375 0.000462246
0.121206 0.5 0.000486666
0.125 0.520761 0.000494418
0.150743 0.625 0.00053822
0.179314 0.75 0.000612026
0.207916 0.875 0.00072032
0.237871 1 0.000853247
0.25 1.05006 0.000912726
0.271492 1.125 0.000994458
0.308462 1.25 0.0011347
0.349914 1.375 0.00130197
0.375 1.44315 0.00139985
0.399221 1.5 0.00147668
0.458234 1.625 0.00165778
0.5 1.70043 0.00178478
0.532122 1.75 0.00187061
0.625 1.87214 0.0026953
0.627585 1.875 0.00273338
0.6875 1.9375 0.00395128

0.125 0.0349019 0
0.25 0.0591982 0.000459958
0.375 0.0873003 0.000465571
0.5 0.117177 0.00050316
0.537734 0.125 0.000525811
0.625 0.149915 0.000587484
0.75 0.182428 0.000706635
0.875 0.214797 0.000878356
1 0.247809 0.00108607
1.00893 0.25 0.00110224
1.125 0.283895 0.00130485
1.25 0.322039 0.0015371
1.375 0.363716 0.00180519
1.40749 0.375 0.00187887
1.5 0.412157 0.00208491
1.625 0.469199 0.00326862
1.6841 0.5 0.00470457
1.75 0.539712 0.00765865
1.86824 0.625 0.0193842
1.875 0.630647 0.0205886
1.9375 0.6875 0.03162

