0.0450567 0.125 0
0.0709477 0.25 0.000459889
0.0974178 0.375 0.000461167
0.123106 0.5 0.000481281
0.125 0.511008 0.000484583
0.151463 0.625 0.000522146
0.178388 0.75 0.000581287
0.20532 0.875 0.000668025
0.233828 1 0.000774359
0.25 1.06745 0.000838977
0.26635 1.125 0.000888107
0.302809 1.25 0.000995582
0.344008 1.375 0.00112672
0.375 1.45725 0.00122025
0.393676 1.5 0.00126517
0.453502 1.625 0.00140383
0.5 1.7069 0.00151024
0.528832 1.75 0.00156753
0.625 1.87376 0.00175831
0.626162 1.875 0.00176044
0.6875 1.9375 0.00200564

0.125 0.0332343 0
0.25 0.0573987 0.000459962
0.375 0.0859271 0.000466631
0.5 0.116588 0.000508528
0.539527 0.125 0.000535093
0.625 0.150313 0.000603516
0.75 0.183816 0.000737613
0.875 0.216972 0.000928663
0.998331 0.25 0.00115449
1 0.250546 0.00115733
1.125 0.287134 0.00137176
1.25 0.325395 0.001638
1.375 0.366942 0.0019337
1.39853 0.375 0.00199206
1.5 0.41518 0.00246232
1.625 0.471679 0.00478079
1.68012 0.5 0.00725305
1.75 0.541437 0.0127998
1.86735 0.625 0.0303931
1.875 0.631284 0.0320737
1.9375 0.6875 0.0465914

