0.0456294 0.125 0
0.0715987 0.25 0.000459887
0.0979674 0.375 0.000460986
0.123422 0.5 0.000480364
0.125 0.50927 0.000483031
0.151573 0.625 0.000519415
0.178211 0.75 0.000576041
0.204854 0.875 0.000659079
0.23311 1 0.000760826
0.25 1.07058 0.00082561
0.265439 1.125 0.000869838
0.301822 1.25 0.000971653
0.342977 1.375 0.00109653
0.375 1.45965 0.00118842
0.392706 1.5 0.00122872
0.45268 1.625 0.00136017
0.5 1.70799 0.00146269
0.528258 1.75 0.00151573
0.625 1.87403 0.00169725
0.625911 1.875 0.00169882
0.6875 1.9375 0.00184875

0.125 0.0329322 0
0.25 0.0570679 0.000459962
0.375 0.0856709 0.000466827
0.5 0.116475 0.000509513
0.539866 0.125 0.000536836
0.625 0.150384 0.000606455
0.75 0.184071 0.000743247
0.875 0.217373 0.000937755
0.996705 0.25 0.00116417
1 0.251079 0.00116988
1.125 0.287736 0.00138843
1.25 0.326018 0.00165927
1.375 0.36754 0.00196016
1.39684 0.375 0.00201528
1.5 0.415742 0.00256653
1.625 0.472139 0.00520915
1.67936 0.5 0.00790018
1.75 0.541759 0.013976
1.86718 0.625 0.0327683
1.875 0.631403 0.0345309
1.9375 0.6875 0.04959

