0.125 0.0270922 0
0.25 0.0492871 0.00045978
0.375 0.0778261 0.000483268
0.5 0.110727 0.000576955
0.559386 0.125 0.000661413
0.625 0.147508 0.000762468
0.75 0.185349 0.000981114
0.875 0.222862 0.00127016
0.97007 0.25 0.00151804
1 0.260496 0.00158802
1.125 0.299625 0.00188981
1.25 0.339566 0.00351062
1.35784 0.375 0.010924
1.375 0.381519 0.0130342
1.5 0.428926 0.0411552
1.625 0.483401 0.0811111
1.65957 0.5 0.0899027
1.75 0.549549 0.0990476
1.86237 0.625 0.0815342
1.875 0.63449 0.0782631
1.9375 0.6875 0.0599069

0.0503006 0.125 0
0.0761935 0.25 0.000458459
0.101229 0.375 0.000461432
0.124752 0.5 0.000487369
0.125 0.501571 0.000487919
0.151046 0.625 0.000527843
0.175732 0.75 0.000579383
0.200675 0.875 0.00065257
0.227598 1 0.000738546
0.25 1.09394 0.000810688
0.258784 1.125 0.000828605
0.294941 1.25 0.000893757
0.336122 1.375 0.00098567
0.375 1.47501 0.00106982
0.3863 1.5 0.00108758
0.447405 1.625 0.00118021
0.5 1.71466 0.00126766
0.524591 1.75 0.00130282
0.624462 1.875 0.00145385
0.625 1.8756 0.00145462
0.6875 1.9375 0.0017829

