0.125 0.0273387 0
0.25 0.04964 0.000459788
0.375 0.0782115 0.00048334
0.5 0.111038 0.000577746
0.5584 0.125 0.000661614
0.625 0.147704 0.00076595
0.75 0.185353 0.000989999
0.875 0.222657 0.00128733
0.971104 0.25 0.00154663
1 0.260098 0.00161738
1.125 0.299091 0.00193517
1.25 0.338937 0.0036984
1.35961 0.375 0.0116063
1.375 0.380854 0.0134905
1.5 0.4283 0.0418229
1.625 0.482863 0.0811147
1.66057 0.5 0.0899899
1.75 0.549178 0.0995377
1.86262 0.625 0.083719
1.875 0.634344 0.0805882
1.9375 0.6875 0.062885

0.0501773 0.125 0
0.0760915 0.25 0.000458472
0.101175 0.375 0.000461618
0.124748 0.5 0.00048814
0.125 0.501593 0.000488709
0.151096 0.625 0.000529877
0.175823 0.75 0.000583275
0.200795 0.875 0.000658746
0.227735 1 0.000747227
0.25 1.09339 0.000820876
0.258939 1.125 0.000839817
0.295094 1.25 0.000907956
0.336264 1.375 0.00100278
0.375 1.47471 0.00108893
0.386431 1.5 0.00110753
0.447508 1.625 0.00120343
0.5 1.71454 0.00129318
0.524662 1.75 0.00132954
0.624484 1.875 0.00148509
0.625 1.87558 0.00148585
0.6875 1.9375 0.00189226

