0.125 0.0287557 0
0.25 0.0516471 0.000460042
0.375 0.0803748 0.000469372
0.5 0.112761 0.000521105
0.552776 0.125 0.000566241
0.625 0.148763 0.000639598
0.75 0.185335 0.000801914
0.875 0.221473 0.00103063
0.977141 0.25 0.00125058
1 0.257831 0.00129669
1.125 0.296085 0.00155448
1.25 0.33541 0.00187286
1.3695 0.375 0.00237508
1.375 0.377109 0.00242668
1.5 0.424801 0.00495537
1.625 0.479854 0.0146483
1.66609 0.5 0.0206044
1.75 0.547102 0.0381407
1.86397 0.625 0.068751
1.875 0.63352 0.0718901
1.9375 0.6875 0.087261

0.04947 0.125 0
0.0755021 0.25 0.000459902
0.100857 0.375 0.000459694
0.124723 0.5 0.000473652
0.125 0.501737 0.00047401
0.151382 0.625 0.000499775
0.17635 0.75 0.000537557
0.201485 0.875 0.000594124
0.228523 1 0.00066386
0.25 1.0902 0.000721607
0.259833 1.125 0.000739957
0.295974 1.25 0.000802729
0.337084 1.375 0.000885395
0.375 1.47294 0.000957956
0.387184 1.5 0.000975535
0.448104 1.625 0.00105926
0.5 1.71382 0.00113268
0.525072 1.75 0.00116281
0.624613 1.875 0.00128414
0.625 1.87543 0.00128457
0.6875 1.9375 0.00134528

