0.125 0.0267545 0
0.25 0.0488019 0.000460025
0.375 0.0772937 0.000469727
0.5 0.110293 0.00052154
0.560741 0.125 0.000573666
0.625 0.147234 0.000636901
0.75 0.18534 0.000787012
0.875 0.223141 0.000994246
0.968666 0.25 0.00117119
1 0.261043 0.0012238
1.125 0.300362 0.00143191
1.25 0.340435 0.00168893
1.35538 0.375 0.00195982
1.375 0.382438 0.00208178
1.5 0.429791 0.00431803
1.625 0.484143 0.0144507
1.65817 0.5 0.0197008
1.75 0.550062 0.0414187
1.86202 0.625 0.0750722
1.875 0.634691 0.0787667
1.9375 0.6875 0.0925861

0.0504696 0.125 0
0.076333 0.25 0.000459892
0.101304 0.375 0.000459123
0.124757 0.5 0.000470913
0.125 0.501542 0.000471187
0.150978 0.625 0.000492022
0.175607 0.75 0.000521942
0.200511 0.875 0.0005682
0.227411 1 0.000626073
0.25 1.0947 0.000677178
0.258572 1.125 0.000689909
0.294732 1.25 0.000738239
0.335927 1.375 0.000806517
0.375 1.47543 0.000869683
0.386121 1.5 0.000882786
0.447264 1.625 0.000951122
0.5 1.71483 0.00101442
0.524495 1.75 0.00103909
0.624431 1.875 0.00114188
0.625 1.87564 0.00114241
0.6875 1.9375 0.00119312

