0.125 0.0305024 0
0.25 0.0540743 0.000459498
0.375 0.0829309 0.000479911
0.5 0.114741 0.000566116
0.545895 0.125 0.000625481
0.625 0.149949 0.000739647
0.75 0.185249 0.0009556
0.875 0.220034 0.00124365
0.9847 0.25 0.00153346
1 0.255122 0.00157047
1.125 0.29256 0.00188128
1.25 0.331295 0.00273208
1.375 0.372797 0.00757059
1.3816 0.375 0.00804644
1.5 0.420728 0.0245152
1.625 0.476342 0.0574576
1.67228 0.5 0.0714164
1.75 0.544677 0.0908628
1.8655 0.625 0.0999102
1.875 0.632543 0.0993386
1.9375 0.6875 0.0912776

0.0485994 0.125 0
0.0747651 0.25 0.000458517
0.10045 0.375 0.000462975
0.124679 0.5 0.000494138
0.125 0.501988 0.000494968
0.151726 0.625 0.000545586
0.176995 0.75 0.000612641
0.202335 0.875 0.000704748
0.229495 1 0.000811194
0.25 1.08626 0.000891837
0.260937 1.125 0.000920877
0.297063 1.25 0.00100913
0.338099 1.375 0.00112409
0.375 1.47073 0.00122205
0.388118 1.5 0.00124843
0.448846 1.625 0.00136729
0.5 1.71292 0.00147277
0.525583 1.75 0.00151906
0.624776 1.875 0.00213942
0.625 1.87525 0.00213975
0.6875 1.9375 0.00333077

