0.125 0.0272866 0
0.25 0.0495655 0.000459787
0.375 0.0781303 0.000483337
0.5 0.110973 0.000577635
0.558608 0.125 0.000661679
0.625 0.147663 0.000765396
0.75 0.185353 0.000988499
0.875 0.2227 0.00128437
0.970885 0.25 0.00154155
1 0.260182 0.00161226
1.125 0.299203 0.00192724
1.25 0.339069 0.00368653
1.35924 0.375 0.0114382
1.375 0.380994 0.0134696
1.5 0.428432 0.0417746
1.625 0.482976 0.0815017
1.66036 0.5 0.0903033
1.75 0.549256 0.0993732
1.86256 0.625 0.0832866
1.875 0.634374 0.0801267
1.9375 0.6875 0.0623642

0.0502034 0.125 0
0.076113 0.25 0.00045847
0.101186 0.375 0.000461581
0.124749 0.5 0.000487986
0.125 0.501588 0.000488552
0.151085 0.625 0.000529472
0.175804 0.75 0.000582503
0.20077 0.875 0.000657521
0.227706 1 0.000745509
0.25 1.0935 0.000818867
0.258907 1.125 0.0008376
0.295061 1.25 0.000905154
0.336234 1.375 0.000999402
0.375 1.47477 0.00108516
0.386403 1.5 0.00110359
0.447486 1.625 0.00119885
0.5 1.71456 0.00128815
0.524647 1.75 0.00132427
0.624479 1.875 0.00147892
0.625 1.87558 0.00147969
0.6875 1.9375 0.00186541

