0.0448498 0.125 0
0.0707114 0.25 0.00045989
0.0972173 0.375 0.000461234
0.12299 0.5 0.000481616
0.125 0.511638 0.000485158
0.151422 0.625 0.000523143
0.178452 0.75 0.000583199
0.205489 0.875 0.000671282
0.234088 1 0.000779281
0.25 1.06632 0.00084378
0.26668 1.125 0.000894748
0.303169 1.25 0.00100428
0.344383 1.375 0.00113767
0.375 1.45637 0.00123174
0.394028 1.5 0.0012784
0.453802 1.625 0.00141967
0.5 1.7065 0.00152747
0.529041 1.75 0.00158634
0.625 1.87366 0.00178051
0.626254 1.875 0.00178285
0.6875 1.9375 0.00207083

0.125 0.0333435 0
0.25 0.0575179 0.000459961
0.375 0.0860192 0.00046656
0.5 0.116628 0.000508171
0.539405 0.125 0.000534465
0.625 0.150288 0.000602449
0.75 0.183724 0.000735565
0.875 0.216827 0.000925356
0.998917 0.25 0.00115092
1 0.250354 0.00115276
1.125 0.286918 0.00136567
1.25 0.325171 0.00163024
1.375 0.366727 0.00192405
1.39913 0.375 0.00198354
1.5 0.414978 0.00242662
1.625 0.471513 0.00463364
1.68039 0.5 0.00707873
1.75 0.541322 0.0123229
1.86741 0.625 0.0297491
1.875 0.631241 0.0310441
1.9375 0.6875 0.0453093

