0.0439329 0.125 0
0.0696576 0.25 0.000458684
0.0963161 0.375 0.000466203
0.122461 0.5 0.000508353
0.125 0.514446 0.000516784
0.15123 0.625 0.000584198
0.178728 0.75 0.000682618
0.20624 0.875 0.000817602
0.235249 1 0.000974641
0.25 1.0613 0.00105869
0.268155 1.125 0.00113488
0.304779 1.25 0.00128464
0.346066 1.375 0.00146834
0.375 1.45241 0.00159287
0.395609 1.5 0.00166487
0.455147 1.625 0.00197639
0.5 1.70469 0.00279521
0.529977 1.75 0.00376783
0.625 1.87321 0.010797
0.626661 1.875 0.0110832
0.6875 1.9375 0.0193096

0.125 0.0338274 0
0.25 0.0580439 0.000459253
0.375 0.0864235 0.000475861
0.5 0.116804 0.000549576
0.538873 0.125 0.000591914
0.625 0.150174 0.000696129
0.75 0.183318 0.000881791
0.875 0.21619 0.00113172
1 0.24954 0.00142018
1.00188 0.25 0.00142482
1.125 0.285967 0.00171698
1.25 0.324186 0.00204142
1.375 0.365781 0.00353775
1.40178 0.375 0.00429014
1.5 0.41409 0.0100344
1.625 0.470785 0.0283508
1.68157 0.5 0.0419852
1.75 0.540814 0.0609747
1.86768 0.625 0.0908458
1.875 0.631053 0.0919923
1.9375 0.6875 0.0996966

