0.125 0.0278264 0
0.25 0.0503349 0.000459769
0.375 0.0789659 0.000483099
0.5 0.111644 0.000577433
0.556456 0.125 0.000658512
0.625 0.14808 0.000766796
0.75 0.185355 0.00099505
0.875 0.22225 0.00129903
0.973163 0.25 0.00157139
1 0.259313 0.00163965
1.125 0.298043 0.00197092
1.25 0.337706 0.00375758
1.36308 0.375 0.0117218
1.375 0.379548 0.0132876
1.5 0.427076 0.040085
1.625 0.481812 0.0791074
1.66252 0.5 0.0888448
1.75 0.548453 0.0999531
1.8631 0.625 0.0873948
1.875 0.634057 0.0848001
1.9375 0.6875 0.0681936

0.0499337 0.125 0
0.0758893 0.25 0.000458488
0.101066 0.375 0.000461901
0.12474 0.5 0.000489338
0.125 0.501638 0.000489942
0.151195 0.625 0.000533023
0.176005 0.75 0.000589238
0.201032 0.875 0.000668161
0.228006 1 0.000760411
0.25 1.09229 0.000836048
0.259247 1.125 0.000856717
0.295396 1.25 0.000929234
0.336546 1.375 0.00102837
0.375 1.4741 0.00111734
0.386689 1.5 0.00113731
0.447713 1.625 0.00123807
0.5 1.71429 0.00133121
0.524803 1.75 0.00136945
0.624528 1.875 0.00157876
0.625 1.87553 0.00157947
0.6875 1.9375 0.00208312

