0.039007 0.125 0
0.0638058 0.25 0.000459935
0.0911044 0.375 0.000463401
0.119213 0.5 0.000492303
0.125 0.529952 0.000505865
0.149892 0.625 0.000555088
0.180071 0.75 0.000644105
0.210332 0.875 0.000774743
0.241721 1 0.000935084
0.25 1.03382 0.000983221
0.276423 1.125 0.00110496
0.313993 1.25 0.00127935
0.355694 1.375 0.00148446
0.375 1.4287 0.00157845
0.404646 1.5 0.00169773
0.462899 1.625 0.00192608
0.5 1.69372 0.00218963
0.535353 1.75 0.0026633
0.625 1.87047 0.00553295
0.628952 1.875 0.00572709
0.6875 1.9375 0.00943315

0.125 0.0364356 0
0.25 0.0608132 0.000459958
0.375 0.0885028 0.000464661
0.5 0.117669 0.000498517
0.536216 0.125 0.000518034
0.625 0.149534 0.000573636
0.75 0.18118 0.000679671
0.875 0.212857 0.00083422
1 0.2454 0.00102282
1.0187 0.25 0.00105385
1.125 0.281027 0.00122217
1.25 0.319066 0.00143148
1.375 0.360854 0.0016749
1.41522 0.375 0.00175803
1.5 0.409484 0.00192818
1.625 0.467009 0.00246813
1.68751 0.5 0.00327939
1.75 0.538192 0.00484611
1.86899 0.625 0.0121989
1.875 0.63009 0.0128279
1.9375 0.6875 0.0206901

