0.125 0.0266201 0
0.25 0.0486082 0.000459735
0.375 0.0770803 0.00048281
0.5 0.110119 0.000573865
0.561282 0.125 0.000657929
0.625 0.147124 0.00075067
0.75 0.185334 0.000953321
0.875 0.223252 0.00121778
0.968111 0.25 0.00143545
1 0.261261 0.00149965
1.125 0.300657 0.00175354
1.25 0.340782 0.00291572
1.3544 0.375 0.00863439
1.375 0.382805 0.0108675
1.5 0.430138 0.0373223
1.625 0.48444 0.0791779
1.65761 0.5 0.0884803
1.75 0.550267 0.0976522
1.86189 0.625 0.0766801
1.875 0.634771 0.0724945
1.9375 0.6875 0.0525711

0.050537 0.125 0
0.0763886 0.25 0.000458427
0.101333 0.375 0.000461012
0.124759 0.5 0.000485655
0.125 0.50153 0.000486166
0.150951 0.625 0.000523311
0.175557 0.75 0.000570671
0.200446 0.875 0.000638701
0.227336 1 0.000718994
0.25 1.095 0.000787484
0.258487 1.125 0.000803258
0.294648 1.25 0.000861552
0.335849 1.375 0.000946813
0.375 1.47559 0.00102625
0.38605 1.5 0.00104224
0.447207 1.625 0.00112739
0.5 1.7149 0.00120961
0.524456 1.75 0.00124213
0.62442 1.875 0.00138304
0.625 1.87565 0.00138381
0.6875 1.9375 0.00157199

