0.0464356 0.125 0
0.072508 0.25 0.00045859
0.0987278 0.375 0.000464528
0.123853 0.5 0.000501052
0.125 0.506842 0.000504441
0.151717 0.625 0.000564273
0.177957 0.75 0.000646922
0.2042 0.875 0.000760002
0.232108 1 0.000891029
0.25 1.07497 0.000976982
0.264168 1.125 0.00102535
0.30045 1.25 0.00114336
0.341546 1.375 0.00129116
0.375 1.46295 0.0014055
0.391357 1.5 0.00144961
0.451539 1.625 0.00160989
0.5 1.70948 0.0017962
0.527463 1.75 0.00205093
0.625 1.87441 0.00456233
0.625561 1.875 0.00456265
0.6875 1.9375 0.00831712

0.125 0.0325072 0
0.25 0.0565997 0.000459344
0.375 0.0853064 0.000477587
0.5 0.116313 0.000556904
0.540351 0.125 0.000604382
0.625 0.150482 0.000715763
0.75 0.184433 0.000916415
0.875 0.217943 0.0011846
0.994405 0.25 0.0014789
1 0.251837 0.00149144
1.125 0.28859 0.00177527
1.25 0.326902 0.00223146
1.375 0.368389 0.00474883
1.39442 0.375 0.00558769
1.5 0.41654 0.0148052
1.625 0.472794 0.0392487
1.67829 0.5 0.053853
1.75 0.542215 0.0749352
1.86694 0.625 0.0978899
1.875 0.631572 0.0986743
1.9375 0.6875 0.0997579

