0.125 0.0269507 0
0.25 0.0490841 0.00046004
0.375 0.0776037 0.000469849
0.5 0.110546 0.000522318
0.559953 0.125 0.000574531
0.625 0.147394 0.000640021
0.75 0.185346 0.000794863
0.875 0.222979 0.00100983
0.969481 0.25 0.00119655
1 0.260725 0.00125102
1.125 0.299933 0.00147462
1.25 0.339929 0.00175109
1.35681 0.375 0.00210014
1.375 0.381903 0.00223384
1.5 0.429288 0.0048719
1.625 0.483711 0.0159926
1.65899 0.5 0.021684
1.75 0.549763 0.0433943
1.86223 0.625 0.0764392
1.875 0.634574 0.0796537
1.9375 0.6875 0.093489

0.0503713 0.125 0
0.0762519 0.25 0.000459897
0.10126 0.375 0.000459212
0.124754 0.5 0.00047131
0.125 0.501559 0.000471594
0.151017 0.625 0.000493144
0.175679 0.75 0.000524224
0.200607 0.875 0.00057201
0.22752 1 0.000631657
0.25 1.09426 0.000683958
0.258695 1.125 0.000697385
0.294853 1.25 0.000747968
0.33604 1.375 0.000818472
0.375 1.47519 0.00088322
0.386225 1.5 0.000896906
0.447346 1.625 0.000967659
0.5 1.71473 0.00103259
0.524551 1.75 0.00105805
0.624449 1.875 0.0011637
0.625 1.87562 0.00116423
0.6875 1.9375 0.00121647

