0.0394958 0.125 0
0.0644011 0.25 0.000459929
0.0916506 0.375 0.000463192
0.119568 0.5 0.000491294
0.125 0.528382 0.000503737
0.15005 0.625 0.000552069
0.17995 0.75 0.000638378
0.209921 0.875 0.00076504
0.24106 1 0.000920508
0.25 1.03659 0.000971061
0.275572 1.125 0.00108526
0.313032 1.25 0.00125354
0.35469 1.375 0.00145185
0.375 1.43126 0.00154714
0.403704 1.5 0.00165812
0.462087 1.625 0.00187771
0.5 1.69491 0.00207055
0.534791 1.75 0.00246192
0.625 1.87077 0.00481545
0.628717 1.875 0.004976
0.6875 1.9375 0.0080829

0.125 0.0361759 0
0.25 0.0605424 0.000459958
0.375 0.0883032 0.00046481
0.5 0.117589 0.000499281
0.536464 0.125 0.000519298
0.625 0.1496 0.000575911
0.75 0.181389 0.000684109
0.875 0.213182 0.000841506
1 0.245803 0.00103329
1.01707 0.25 0.00106204
1.125 0.281506 0.00123586
1.25 0.319562 0.00144896
1.375 0.361332 0.00169644
1.41394 0.375 0.00177821
1.5 0.40993 0.00195398
1.625 0.467374 0.00257916
1.68695 0.5 0.003453
1.75 0.538445 0.00523679
1.86887 0.625 0.013167
1.875 0.630183 0.0138428
1.9375 0.6875 0.022227

