0.125 0.0268082 0
0.25 0.0488791 0.000460029
0.375 0.0773787 0.000469761
0.5 0.110363 0.000521756
0.560526 0.125 0.000573913
0.625 0.147278 0.000637768
0.75 0.185341 0.000789196
0.875 0.223097 0.000998584
0.968888 0.25 0.00117823
1 0.260956 0.00123139
1.125 0.300245 0.00144384
1.25 0.340296 0.00170632
1.35578 0.375 0.00200027
1.375 0.382292 0.00212412
1.5 0.429653 0.0044416
1.625 0.484025 0.0148775
1.65839 0.5 0.0202518
1.75 0.54998 0.0419134
1.86208 0.625 0.0756757
1.875 0.634659 0.0788766
1.9375 0.6875 0.0930956

0.0504427 0.125 0
0.0763108 0.25 0.000459893
0.101292 0.375 0.000459147
0.124756 0.5 0.000471022
0.125 0.501547 0.000471298
0.150989 0.625 0.000492327
0.175627 0.75 0.000522564
0.200537 0.875 0.000569239
0.227441 1 0.000627596
0.25 1.09458 0.00067903
0.258606 1.125 0.00069195
0.294765 1.25 0.000740895
0.335958 1.375 0.000809782
0.375 1.47536 0.000873381
0.38615 1.5 0.000886641
0.447286 1.625 0.000955638
0.5 1.7148 0.00101938
0.52451 1.75 0.00104427
0.624436 1.875 0.00114784
0.625 1.87563 0.00114837
0.6875 1.9375 0.0011995

