0.125 0.027152 0
0.25 0.0493729 0.000460053
0.375 0.0779199 0.000469948
0.5 0.110803 0.000522982
0.559146 0.125 0.00057513
0.625 0.147556 0.000642744
0.75 0.18535 0.000801817
0.875 0.222812 0.00102368
0.970321 0.25 0.00121946
1 0.260399 0.00127523
1.125 0.299495 0.00151258
1.25 0.339413 0.0018062
1.35827 0.375 0.00222924
1.375 0.381357 0.00237476
1.5 0.428774 0.00530833
1.625 0.48327 0.0172035
1.65981 0.5 0.0232234
1.75 0.549459 0.0449615
1.86243 0.625 0.0773045
1.875 0.634454 0.0805419
1.9375 0.6875 0.093659

0.0502707 0.125 0
0.0761687 0.25 0.000459901
0.101216 0.375 0.000459299
0.124751 0.5 0.000471703
0.125 0.501576 0.000471996
0.151058 0.625 0.000494253
0.175754 0.75 0.00052648
0.200704 0.875 0.000575771
0.227631 1 0.000637165
0.25 1.09381 0.000690616
0.258822 1.125 0.00070475
0.294978 1.25 0.00075754
0.336156 1.375 0.000830227
0.375 1.47494 0.00089651
0.386332 1.5 0.000910784
0.44743 1.625 0.000983903
0.5 1.71463 0.00105043
0.524609 1.75 0.00107667
0.624467 1.875 0.00118513
0.625 1.8756 0.00118566
0.6875 1.9375 0.0012394

