0.125 0.0270254 0
0.25 0.0491913 0.000459774
0.375 0.0777212 0.000483213
0.5 0.110641 0.000576564
0.559654 0.125 0.000661025
0.625 0.147454 0.000760959
0.75 0.185348 0.000977531
0.875 0.222917 0.00126341
0.969792 0.25 0.0015073
1 0.260604 0.00157668
1.125 0.299771 0.00187238
1.25 0.339737 0.00345673
1.35736 0.375 0.0106099
1.375 0.381701 0.0128282
1.5 0.429097 0.0406583
1.625 0.483547 0.0809793
1.65929 0.5 0.0897664
1.75 0.54965 0.0988232
1.8623 0.625 0.0810073
1.875 0.634529 0.0773976
1.9375 0.6875 0.0589338

0.050334 0.125 0
0.0762211 0.25 0.000458455
0.101244 0.375 0.000461373
0.124753 0.5 0.000487131
0.125 0.501565 0.000487676
0.151033 0.625 0.000527211
0.175707 0.75 0.00057817
0.200643 0.875 0.000650639
0.227561 1 0.000735825
0.25 1.09409 0.000807468
0.258742 1.125 0.00082508
0.294899 1.25 0.000889282
0.336083 1.375 0.000980271
0.375 1.47509 0.00106377
0.386265 1.5 0.00108128
0.447377 1.625 0.00117287
0.5 1.7147 0.0012596
0.524572 1.75 0.00129439
0.624456 1.875 0.001444
0.625 1.87561 0.00144477
0.6875 1.9375 0.00174707

