0.0436791 0.125 0
0.0693641 0.25 0.000458695
0.096063 0.375 0.00046638
0.122311 0.5 0.000509118
0.125 0.515227 0.000518149
0.151174 0.625 0.000586289
0.178804 0.75 0.000686345
0.206448 0.875 0.000823599
0.235573 1 0.000983328
0.25 1.0599 0.00106684
0.268566 1.125 0.00114624
0.30523 1.25 0.00129932
0.346537 1.375 0.00148678
0.375 1.45129 0.001612
0.396052 1.5 0.00168737
0.455524 1.625 0.00204644
0.5 1.70418 0.00294794
0.530239 1.75 0.00406786
0.625 1.87308 0.0118475
0.626775 1.875 0.0119989
0.6875 1.9375 0.0207961

0.125 0.0339614 0
0.25 0.0581889 0.000459244
0.375 0.0865344 0.000475686
0.5 0.116852 0.000548829
0.538728 0.125 0.000590665
0.625 0.150142 0.000694122
0.75 0.183206 0.000878218
0.875 0.216015 0.00112623
1 0.249322 0.00141261
1.00277 0.25 0.0014194
1.125 0.285706 0.00170714
1.25 0.323916 0.00202848
1.375 0.365521 0.00342082
1.40251 0.375 0.00416393
1.5 0.413846 0.00953878
1.625 0.470585 0.0274189
1.68189 0.5 0.0407822
1.75 0.540675 0.059615
1.86775 0.625 0.0898786
1.875 0.631002 0.0910808
1.9375 0.6875 0.0993836

