0.0431381 0.125 0
0.0687355 0.25 0.000458718
0.095518 0.375 0.000466764
0.121984 0.5 0.000510773
0.125 0.516899 0.000521141
0.15105 0.625 0.000590812
0.178962 0.75 0.000694396
0.206893 0.875 0.000836552
0.236266 1 0.00100208
0.25 1.05692 0.00108427
0.269448 1.125 0.0011708
0.3062 1.25 0.00133103
0.34755 1.375 0.00152666
0.375 1.44887 0.00165316
0.397003 1.5 0.00173611
0.456336 1.625 0.00222267
0.5 1.70307 0.00336169
0.530804 1.75 0.00478109
0.625 1.8728 0.0140514
0.627019 1.875 0.0142265
0.6875 1.9375 0.0243256

0.125 0.0342471 0
0.25 0.058497 0.000459225
0.375 0.0867694 0.000475315
0.5 0.116953 0.000547244
0.538421 0.125 0.000588025
0.625 0.150074 0.000689856
0.75 0.182969 0.000870615
0.875 0.215642 0.00111455
1 0.24886 0.00139647
1.00465 0.25 0.00140773
1.125 0.285151 0.0016862
1.25 0.323341 0.00200099
1.375 0.364968 0.00322849
1.40404 0.375 0.00392728
1.5 0.413328 0.00873366
1.625 0.47016 0.0253179
1.68257 0.5 0.0384459
1.75 0.54038 0.0564201
1.8679 0.625 0.0878796
1.875 0.630893 0.0891881
1.9375 0.6875 0.0983746

