0.125 0.0292513 0
0.25 0.0523407 0.000460026
0.375 0.0811113 0.000469059
0.5 0.113336 0.000519793
0.550826 0.125 0.000562264
0.625 0.14911 0.000636032
0.75 0.185314 0.000796065
0.875 0.221058 0.00102175
0.979288 0.25 0.00124378
1 0.257048 0.0012851
1.125 0.29506 0.00153989
1.25 0.334212 0.00185442
1.37283 0.375 0.00232901
1.375 0.375833 0.00234103
1.5 0.423616 0.00452633
1.625 0.478834 0.0131186
1.66791 0.5 0.0187509
1.75 0.546399 0.0344853
1.86442 0.625 0.0647984
1.875 0.633238 0.0674747
1.9375 0.6875 0.0836331

0.0492228 0.125 0
0.0752941 0.25 0.000459898
0.100743 0.375 0.000459784
0.124712 0.5 0.000474126
0.125 0.501799 0.000474506
0.15148 0.625 0.000501126
0.176533 0.75 0.000540243
0.201726 0.875 0.000598549
0.228799 1 0.00067026
0.25 1.08909 0.000728761
0.260146 1.125 0.000748306
0.296283 1.25 0.000813333
0.337372 1.375 0.000898276
0.375 1.47232 0.000972095
0.387449 1.5 0.000990574
0.448314 1.625 0.00107668
0.5 1.71357 0.00115159
0.525216 1.75 0.00118268
0.624659 1.875 0.00130696
0.625 1.87538 0.00130735
0.6875 1.9375 0.00136969

