0.125 0.0278883 0
0.25 0.0504227 0.000460062
0.375 0.0790609 0.000469847
0.5 0.11172 0.000522987
0.55621 0.125 0.000572626
0.625 0.148127 0.000644322
0.75 0.185354 0.000808618
0.875 0.222198 0.00103947
0.973426 0.25 0.00125231
1 0.259214 0.00130588
1.125 0.297911 0.00156326
1.25 0.337551 0.0018815
1.36351 0.375 0.00241027
1.375 0.379384 0.00252912
1.5 0.426923 0.00565503
1.625 0.48168 0.0173016
1.66277 0.5 0.0235932
1.75 0.548362 0.0438849
1.86316 0.625 0.075078
1.875 0.634021 0.0785219
1.9375 0.6875 0.0920879

0.0499029 0.125 0
0.0758636 0.25 0.000459906
0.101052 0.375 0.000459518
0.124739 0.5 0.000472746
0.125 0.501644 0.000473068
0.151207 0.625 0.000497203
0.176027 0.75 0.000532426
0.201063 0.875 0.000585647
0.228041 1 0.000651567
0.25 1.09215 0.000707613
0.259286 1.125 0.000723844
0.295435 1.25 0.000782167
0.336582 1.375 0.000860361
0.375 1.47402 0.000930282
0.386722 1.5 0.000946235
0.447739 1.625 0.00102525
0.5 1.71426 0.00109567
0.52482 1.75 0.00112399
0.624533 1.875 0.00123954
0.625 1.87552 0.00124003
0.6875 1.9375 0.00129759

