0.125 0.0281899 0
0.25 0.05085 0.00045974
0.375 0.0795214 0.000482753
0.5 0.112087 0.000576378
0.555013 0.125 0.000654722
0.625 0.148353 0.000764763
0.75 0.18535 0.00099328
0.875 0.221946 0.00129795
0.974712 0.25 0.00157578
1 0.258731 0.00164054
1.125 0.297271 0.00197401
1.25 0.3368 0.00364755
1.36562 0.375 0.0114764
1.375 0.378587 0.0126881
1.5 0.426178 0.0382708
1.625 0.481039 0.0767656
1.66394 0.5 0.0873464
1.75 0.54792 0.0997794
1.86345 0.625 0.0901169
1.875 0.633845 0.087768
1.9375 0.6875 0.071926

0.0497523 0.125 0
0.0757382 0.25 0.000458495
0.100985 0.375 0.000462072
0.124734 0.5 0.000490083
0.125 0.501674 0.000490714
0.151268 0.625 0.000534976
0.17614 0.75 0.000592904
0.201209 0.875 0.000673921
0.228208 1 0.000768444
0.25 1.09148 0.00084511
0.259476 1.125 0.000866941
0.295622 1.25 0.000942038
0.336756 1.375 0.00104373
0.375 1.47365 0.00113429
0.386883 1.5 0.00115517
0.447866 1.625 0.00125883
0.5 1.71411 0.00135396
0.524908 1.75 0.0013934
0.624561 1.875 0.00164365
0.625 1.87549 0.00164431
0.6875 1.9375 0.00221282

