0.125 0.026852 0
0.25 0.0489422 0.000459756
0.375 0.0774479 0.000483028
0.5 0.110419 0.000575352
0.56035 0.125 0.000659619
0.625 0.147314 0.000756393
0.75 0.185343 0.000966865
0.875 0.223061 0.00124341
0.96907 0.25 0.00147587
1 0.260885 0.00154312
1.125 0.300149 0.00182078
1.25 0.340183 0.00322142
1.3561 0.375 0.00971867
1.375 0.382172 0.0119101
1.5 0.429541 0.0392109
1.625 0.483928 0.0806334
1.65858 0.5 0.089406
1.75 0.549913 0.0983823
1.86212 0.625 0.0791652
1.875 0.634633 0.0754423
1.9375 0.6875 0.0564362

0.0504208 0.125 0
0.0762927 0.25 0.000458442
0.101282 0.375 0.000461214
0.124756 0.5 0.000486482
0.125 0.501551 0.000487011
0.150997 0.625 0.000525493
0.175643 0.75 0.000574865
0.200559 0.875 0.000645373
0.227465 1 0.000728402
0.25 1.09448 0.000798657
0.258633 1.125 0.000815453
0.294792 1.25 0.000877045
0.335983 1.375 0.000965508
0.375 1.47531 0.00104721
0.386173 1.5 0.00106406
0.447304 1.625 0.0011528
0.5 1.71478 0.00123753
0.524523 1.75 0.00127132
0.62444 1.875 0.00141708
0.625 1.87563 0.00141785
0.6875 1.9375 0.00166537

