0.125 0.0312357 0
0.25 0.0550782 0.000459963
0.375 0.0839691 0.000467789
0.5 0.115527 0.000514278
0.543024 0.125 0.000546662
0.625 0.15041 0.000620469
0.75 0.185193 0.000769069
0.875 0.219436 0.000978946
0.987912 0.25 0.00120371
1 0.254009 0.00122618
1.125 0.291134 0.00146237
1.25 0.329638 0.00175398
1.375 0.371087 0.00207988
1.38663 0.375 0.00211172
1.5 0.419092 0.00327503
1.625 0.474929 0.00809611
1.6747 0.5 0.0121982
1.75 0.543701 0.0221763
1.8661 0.625 0.0470824
1.875 0.632145 0.0491883
1.9375 0.6875 0.066137

0.0482337 0.125 0
0.0744517 0.25 0.000459881
0.100274 0.375 0.000460121
0.124656 0.5 0.000475954
0.125 0.502118 0.000476445
0.151868 0.625 0.000506366
0.177265 0.75 0.000550645
0.202692 0.875 0.000615653
0.229904 1 0.000694933
0.25 1.0846 0.000755797
0.261403 1.125 0.000780357
0.297522 1.25 0.000853914
0.338527 1.375 0.00094746
0.375 1.46979 0.0010257
0.388513 1.5 0.00104789
0.449159 1.625 0.00114298
0.5 1.71253 0.00122339
0.525801 1.75 0.00125828
0.624846 1.875 0.00139386
0.625 1.87517 0.00139405
0.6875 1.9375 0.00146271

