0.125 0.0272146 0
0.25 0.0494625 0.000459786
0.375 0.0780179 0.000483324
0.5 0.110882 0.000577441
0.558896 0.125 0.00066169
0.625 0.147606 0.000764498
0.75 0.185351 0.000986149
0.875 0.22276 0.0012798
0.970583 0.25 0.00153383
1 0.260298 0.0016044
1.125 0.299359 0.00191507
1.25 0.339253 0.00363734
1.35872 0.375 0.0112641
1.375 0.381188 0.0134392
1.5 0.428614 0.0412695
1.625 0.483133 0.0813563
1.66007 0.5 0.0901546
1.75 0.549365 0.0992511
1.86249 0.625 0.0825098
1.875 0.634417 0.0792941
1.9375 0.6875 0.0614074

0.0502393 0.125 0
0.0761428 0.25 0.000458466
0.101202 0.375 0.000461529
0.12475 0.5 0.000487768
0.125 0.501582 0.000488328
0.151071 0.625 0.000528895
0.175777 0.75 0.000581401
0.200735 0.875 0.000655771
0.227666 1 0.000743049
0.25 1.09367 0.000815988
0.258861 1.125 0.000834427
0.295017 1.25 0.000901138
0.336192 1.375 0.000994564
0.375 1.47486 0.00107976
0.386365 1.5 0.00109796
0.447456 1.625 0.00119228
0.5 1.7146 0.00128094
0.524627 1.75 0.00131672
0.624473 1.875 0.00147009
0.625 1.87559 0.00147086
0.6875 1.9375 0.00183661

