0.0470728 0.125 0
0.0732207 0.25 0.000458566
0.0993179 0.375 0.000464104
0.124182 0.5 0.000499185
0.125 0.504936 0.000501523
0.151823 0.625 0.000559185
0.177752 0.75 0.000637716
0.203685 0.875 0.000745056
0.231323 1 0.000869208
0.25 1.07842 0.00095443
0.26317 1.125 0.000996603
0.29938 1.25 0.00110619
0.34043 1.375 0.0012445
0.375 1.4655 0.00135483
0.390305 1.5 0.00139299
0.450652 1.625 0.00154107
0.5 1.71063 0.00166666
0.526843 1.75 0.00182344
0.625 1.8747 0.00360225
0.625287 1.875 0.00363977
0.6875 1.9375 0.00643798

0.125 0.0321714 0
0.25 0.0562278 0.000459363
0.375 0.0850153 0.000477998
0.5 0.116182 0.000558641
0.540739 0.125 0.000607428
0.625 0.150559 0.000720368
0.75 0.184721 0.000924362
0.875 0.218397 0.0011966
0.992578 0.25 0.0014905
1 0.252441 0.00150739
1.125 0.289271 0.00179654
1.25 0.327607 0.00230711
1.375 0.369066 0.00511884
1.39248 0.375 0.0059828
1.5 0.417176 0.01635
1.625 0.473316 0.0424187
1.67742 0.5 0.0574847
1.75 0.54258 0.0778726
1.86675 0.625 0.0991545
1.875 0.631707 0.099698
1.9375 0.6875 0.0989759

