0.125 0.0289039 0
0.25 0.051855 0.000460037
0.375 0.0805961 0.00046928
0.5 0.112934 0.000520723
0.552192 0.125 0.000565061
0.625 0.148868 0.000638569
0.75 0.185329 0.000800257
0.875 0.221349 0.00102815
0.977782 0.25 0.00124882
1 0.257596 0.00129352
1.125 0.295777 0.00155056
1.25 0.33505 0.00186797
1.3705 0.375 0.0023652
1.375 0.376725 0.00239831
1.5 0.424444 0.00485519
1.625 0.479547 0.0143025
1.66664 0.5 0.0201352
1.75 0.546891 0.0370211
1.86411 0.625 0.0674115
1.875 0.633435 0.070575
1.9375 0.6875 0.0862075

0.0493961 0.125 0
0.07544 0.25 0.000459901
0.100823 0.375 0.000459722
0.12472 0.5 0.000473795
0.125 0.501755 0.00047416
0.151411 0.625 0.000500184
0.176405 0.75 0.000538371
0.201557 0.875 0.000595465
0.228606 1 0.000665802
0.25 1.08987 0.000723787
0.259926 1.125 0.000742491
0.296066 1.25 0.000805952
0.33717 1.375 0.000889311
0.375 1.47275 0.000962263
0.387263 1.5 0.000980109
0.448167 1.625 0.00106456
0.5 1.71374 0.00113844
0.525115 1.75 0.00116886
0.624627 1.875 0.00129109
0.625 1.87542 0.0012915
0.6875 1.9375 0.00135271

