0.125 0.0272612 0
0.25 0.0495292 0.000460058
0.375 0.0780906 0.000469975
0.5 0.110941 0.000523198
0.55871 0.125 0.00057517
0.625 0.147643 0.00064372
0.75 0.185352 0.000804474
0.875 0.222721 0.0010291
0.970778 0.25 0.00122883
1 0.260223 0.00128486
1.125 0.299258 0.00152781
1.25 0.339134 0.00182838
1.35906 0.375 0.00228085
1.375 0.381062 0.00243302
1.5 0.428496 0.0054704
1.625 0.483032 0.0174892
1.66026 0.5 0.023579
1.75 0.549295 0.0450736
1.86254 0.625 0.0775033
1.875 0.634389 0.0807599
1.9375 0.6875 0.0935753

0.0502161 0.125 0
0.0761236 0.25 0.000459903
0.101192 0.375 0.00045934
0.124749 0.5 0.000471894
0.125 0.501586 0.000472191
0.15108 0.625 0.000494791
0.175795 0.75 0.000527569
0.200757 0.875 0.000577587
0.227692 1 0.00063982
0.25 1.09356 0.000693801
0.258891 1.125 0.00070829
0.295046 1.25 0.00076213
0.336219 1.375 0.000835857
0.375 1.4748 0.000902857
0.38639 1.5 0.000917422
0.447476 1.625 0.000991665
0.5 1.71458 0.00105894
0.52464 1.75 0.00108556
0.624477 1.875 0.00119536
0.625 1.87559 0.00119589
0.6875 1.9375 0.00125034

