0.0415508 0.125 0
0.0668685 0.25 0.000458791
0.0938758 0.375 0.000467946
0.12098 0.5 0.000515835
0.125 0.521856 0.00053062
0.150651 0.625 0.00060465
0.17941 0.75 0.000718964
0.208205 0.875 0.000876017
0.238327 1 0.00105915
0.25 1.04811 0.00113591
0.272074 1.125 0.00124565
0.309109 1.25 0.0014279
0.350591 1.375 0.00164894
0.375 1.44149 0.00177758
0.399856 1.5 0.00188645
0.458779 1.625 0.00301648
0.5 1.69967 0.00510323
0.5325 1.75 0.00789376
0.625 1.87195 0.0223686
0.627746 1.875 0.0228991
0.6875 1.9375 0.0366818

0.125 0.0350865 0
0.25 0.0593945 0.000459169
0.375 0.087448 0.000474248
0.5 0.117239 0.000542665
0.537545 0.125 0.000580478
0.625 0.14987 0.000677524
0.75 0.182276 0.000848549
0.875 0.214561 0.00108056
1 0.247516 0.00134949
1.01012 0.25 0.00137292
1.125 0.283545 0.00162532
1.25 0.321676 0.0019215
1.375 0.363367 0.00275183
1.40844 0.375 0.00333926
1.5 0.41183 0.00673527
1.625 0.468931 0.0199933
1.68452 0.5 0.0315319
1.75 0.539526 0.0475857
1.86833 0.625 0.080586
1.875 0.630579 0.0821639
1.9375 0.6875 0.0948307

