0.125 0.0280259 0
0.25 0.0506179 0.00046006
0.375 0.0792715 0.000469785
0.5 0.111888 0.000522758
0.555663 0.125 0.000571728
0.625 0.148231 0.000643819
0.75 0.185353 0.000808113
0.875 0.222084 0.00103912
0.974012 0.25 0.00125359
1 0.258993 0.00130615
1.125 0.297619 0.00156446
1.25 0.337207 0.0018838
1.36447 0.375 0.00241672
1.375 0.37902 0.00252351
1.5 0.426582 0.00554365
1.625 0.481387 0.0169059
1.66331 0.5 0.0233608
1.75 0.548159 0.0431178
1.86329 0.625 0.0742935
1.875 0.633941 0.0772629
1.9375 0.6875 0.0916191

0.0498342 0.125 0
0.0758065 0.25 0.000459905
0.101022 0.375 0.000459549
0.124737 0.5 0.000472902
0.125 0.501657 0.000473229
0.151235 0.625 0.000497644
0.176079 0.75 0.000533311
0.201129 0.875 0.000587111
0.228117 1 0.000653694
0.25 1.09185 0.000710066
0.259372 1.125 0.000726644
0.29552 1.25 0.000785752
0.336661 1.375 0.000864732
0.375 1.47385 0.000935137
0.386795 1.5 0.00095136
0.447797 1.625 0.00103121
0.5 1.71419 0.00110216
0.52486 1.75 0.0011308
0.624546 1.875 0.00124736
0.625 1.87551 0.00124785
0.6875 1.9375 0.00130596

