0.0384859 0.125 0
0.0631674 0.25 0.000458962
0.0905146 0.375 0.000470506
0.118825 0.5 0.000526637
0.125 0.531634 0.000552374
0.149718 0.625 0.000634188
0.180197 0.75 0.000771048
0.210771 0.875 0.000959443
0.242431 1 0.00117965
0.25 1.03086 0.00123869
0.277338 1.125 0.0014045
0.315029 1.25 0.00163485
0.356777 1.375 0.00191297
0.375 1.42592 0.00210134
0.405664 1.5 0.00281498
0.463777 1.625 0.00689644
0.5 1.69241 0.0124499
0.53596 1.75 0.0201773
0.625 1.87015 0.046742
0.629206 1.875 0.0479994
0.6875 1.9375 0.065645

0.125 0.0367127 0
0.25 0.0611011 0.000459072
0.375 0.0887141 0.000472289
0.5 0.117752 0.000534192
0.535956 0.125 0.000566813
0.625 0.149463 0.000654695
0.75 0.180957 0.000807437
0.875 0.212512 0.00101692
1 0.244972 0.00126131
1.02043 0.25 0.00130456
1.125 0.280519 0.00151155
1.25 0.318539 0.00177428
1.375 0.360347 0.00217616
1.41657 0.375 0.00255654
1.5 0.409012 0.00419203
1.625 0.466622 0.0119524
1.68811 0.5 0.02035
1.75 0.537924 0.0323519
1.86912 0.625 0.0642423
1.875 0.629992 0.0660634
1.9375 0.6875 0.0826202

