0.125 0.0268362 0
0.25 0.0489195 0.000459755
0.375 0.077423 0.000483017
0.5 0.110399 0.000575268
0.560413 0.125 0.000659539
0.625 0.147301 0.000756059
0.75 0.185342 0.000966063
0.875 0.223074 0.00124189
0.969005 0.25 0.00147343
1 0.260911 0.00154053
1.125 0.300183 0.00181677
1.25 0.340224 0.00319055
1.35598 0.375 0.00958465
1.375 0.382215 0.0119017
1.5 0.429581 0.0391958
1.625 0.483963 0.0806005
1.65851 0.5 0.0893717
1.75 0.549937 0.0983258
1.86211 0.625 0.0791045
1.875 0.634642 0.0753814
1.9375 0.6875 0.0563831

0.0504287 0.125 0
0.0762992 0.25 0.000458441
0.101286 0.375 0.000461201
0.124756 0.5 0.000486428
0.125 0.501549 0.000486957
0.150994 0.625 0.00052535
0.175637 0.75 0.000574592
0.200551 0.875 0.000644942
0.227456 1 0.000727794
0.25 1.09451 0.000797938
0.258623 1.125 0.000814667
0.294782 1.25 0.000876047
0.335974 1.375 0.000964303
0.375 1.47533 0.00104586
0.386164 1.5 0.00106265
0.447298 1.625 0.00115116
0.5 1.71479 0.00123573
0.524518 1.75 0.00126944
0.624439 1.875 0.00141489
0.625 1.87563 0.00141566
0.6875 1.9375 0.00166304

