0.125 0.0265716 0
0.25 0.0485381 0.000460011
0.375 0.077003 0.000469622
0.5 0.110055 0.000520853
0.561478 0.125 0.000572909
0.625 0.147083 0.000634107
0.75 0.185332 0.000779909
0.875 0.223292 0.000980033
0.967911 0.25 0.00114803
1 0.26134 0.00119874
1.125 0.300764 0.00139238
1.25 0.340908 0.00163107
1.35404 0.375 0.00185168
1.375 0.382938 0.00194887
1.5 0.430264 0.00383731
1.625 0.484548 0.0130377
1.6574 0.5 0.0180999
1.75 0.550341 0.0390799
1.86184 0.625 0.0737161
1.875 0.6348 0.0773982
1.9375 0.6875 0.0920472

0.0505613 0.125 0
0.0764086 0.25 0.000459888
0.101344 0.375 0.000459043
0.12476 0.5 0.000470557
0.125 0.501526 0.000470823
0.150941 0.625 0.000491017
0.175539 0.75 0.0005199
0.200423 0.875 0.000564793
0.227309 1 0.000621078
0.25 1.09511 0.000671112
0.258457 1.125 0.000683225
0.294618 1.25 0.000729544
0.335821 1.375 0.000795833
0.375 1.47565 0.000857578
0.386024 1.5 0.00087016
0.447187 1.625 0.000936337
0.5 1.71492 0.000998182
0.524442 1.75 0.00102213
0.624415 1.875 0.00112236
0.625 1.87565 0.0011229
0.6875 1.9375 0.00117225

