0.0379282 0.125 0
0.0624801 0.25 0.000458998
0.0898748 0.375 0.000471018
0.118401 0.5 0.000528769
0.125 0.533442 0.000556893
0.149523 0.625 0.000640013
0.180327 0.75 0.000781259
0.211242 0.875 0.000975757
0.243197 1 0.00120319
0.25 1.02768 0.00125786
0.278327 1.125 0.0014357
0.316153 1.25 0.00167577
0.35795 1.375 0.00196574
0.375 1.42287 0.00221767
0.406768 1.5 0.00314143
0.46473 1.625 0.00812994
0.5 1.69098 0.0145295
0.536618 1.75 0.0235922
0.625 1.86979 0.0519761
0.62948 1.875 0.0532687
0.6875 1.9375 0.0710967

0.125 0.0370097 0
0.25 0.0614082 0.000459056
0.375 0.0889385 0.000471947
0.5 0.11784 0.000532703
0.535682 0.125 0.000564454
0.625 0.149387 0.000650689
0.75 0.180719 0.000800195
0.875 0.212144 0.00100567
1 0.244515 0.00124569
1.02228 0.25 0.00129206
1.125 0.279979 0.00149145
1.25 0.317978 0.00174842
1.375 0.359806 0.00210497
1.418 0.375 0.00245377
1.5 0.408509 0.00387009
1.625 0.466209 0.0107844
1.68874 0.5 0.0186805
1.75 0.537639 0.029984
1.86926 0.625 0.0610225
1.875 0.629889 0.0628493
1.9375 0.6875 0.0797645

