0.125 0.0265716 0
0.25 0.0485381 0.00045973
0.375 0.077003 0.000482759
0.5 0.110055 0.000573525
0.561478 0.125 0.000657514
0.625 0.147083 0.00074938
0.75 0.185332 0.000950283
0.875 0.223292 0.00121203
0.967911 0.25 0.00142644
1 0.26134 0.00148988
1.125 0.300764 0.00173839
1.25 0.340908 0.00285239
1.35404 0.375 0.00838401
1.375 0.382938 0.010552
1.5 0.430264 0.0368666
1.625 0.484548 0.0790738
1.6574 0.5 0.0879554
1.75 0.550341 0.0975188
1.86184 0.625 0.075833
1.875 0.6348 0.0719413
1.9375 0.6875 0.0516308

0.0505613 0.125 0
0.0764086 0.25 0.000458423
0.101344 0.375 0.000460968
0.12476 0.5 0.00048548
0.125 0.501526 0.000485987
0.150941 0.625 0.000522847
0.175539 0.75 0.000569781
0.200423 0.875 0.000637284
0.227309 1 0.000716995
0.25 1.09511 0.000785106
0.258457 1.125 0.000800666
0.294618 1.25 0.000858256
0.335821 1.375 0.000942833
0.375 1.47565 0.00102178
0.386024 1.5 0.0010376
0.447187 1.625 0.00112199
0.5 1.71492 0.00120367
0.524442 1.75 0.00123592
0.624415 1.875 0.0013758
0.625 1.87565 0.00137657
0.6875 1.9375 0.00155308

