0.0428494 0.125 0
0.0683984 0.25 0.000459899
0.0952241 0.375 0.000461904
0.121807 0.5 0.000484974
0.125 0.517795 0.000491203
0.150981 0.625 0.000533161
0.179045 0.75 0.000602371
0.207131 0.875 0.000703909
0.236638 1 0.000828523
0.25 1.05532 0.000890293
0.269921 1.125 0.000961124
0.306722 1.25 0.0010911
0.348095 1.375 0.00124706
0.375 1.44756 0.00134447
0.397515 1.5 0.00141037
0.456773 1.625 0.00157796
0.5 1.70246 0.00169882
0.531108 1.75 0.00177493
0.625 1.87265 0.00226661
0.62715 1.875 0.00229004
0.6875 1.9375 0.00309145

0.125 0.0343997 0
0.25 0.058661 0.000459959
0.375 0.086894 0.000465884
0.5 0.117006 0.000504748
0.538259 0.125 0.000528524
0.625 0.150037 0.000592226
0.75 0.182842 0.000715833
0.875 0.215445 0.000893343
1 0.248614 0.00110745
1.00565 0.25 0.00111799
1.125 0.284857 0.00133279
1.25 0.323036 0.00157281
1.375 0.364675 0.00184937
1.40485 0.375 0.00191916
1.5 0.413054 0.00218489
1.625 0.469935 0.00365009
1.68293 0.5 0.00536383
1.75 0.540223 0.00900557
1.86798 0.625 0.0223841
1.875 0.630835 0.0237347
1.9375 0.6875 0.0358893

