0.125 0.0264419 0
0.25 0.0483507 0.00046
0.375 0.0767959 0.000469529
0.5 0.109885 0.000520264
0.562002 0.125 0.000572155
0.625 0.146975 0.000631764
0.75 0.185326 0.000774047
0.875 0.223399 0.000968356
0.967379 0.25 0.00112927
1 0.26155 0.0011782
1.125 0.301049 0.00135997
1.25 0.341245 0.00158357
1.35309 0.375 0.0017871
1.375 0.383294 0.00184501
1.5 0.4306 0.00346611
1.625 0.484836 0.0119262
1.65685 0.5 0.0164096
1.75 0.55054 0.0372784
1.8617 0.625 0.0724581
1.875 0.634878 0.0761357
1.9375 0.6875 0.0916419

0.0506264 0.125 0
0.0764623 0.25 0.000459885
0.101373 0.375 0.000458984
0.124762 0.5 0.000470292
0.125 0.501514 0.00047055
0.150915 0.625 0.000490269
0.175491 0.75 0.000518378
0.20036 0.875 0.00056225
0.227237 1 0.000617345
0.25 1.0954 0.000666559
0.258375 1.125 0.000678226
0.294538 1.25 0.000723029
0.335746 1.375 0.000787818
0.375 1.47581 0.000848486
0.385956 1.5 0.000860687
0.447133 1.625 0.000925234
0.5 1.71499 0.000985977
0.524405 1.75 0.0010094
0.624404 1.875 0.00110771
0.625 1.87567 0.00110824
0.6875 1.9375 0.00115657

