0.125 0.0279547 0
0.25 0.050517 0.000459759
0.375 0.0791627 0.000482987
0.5 0.111802 0.00057711
0.555946 0.125 0.00065726
0.625 0.148177 0.000766241
0.75 0.185353 0.000994765
0.875 0.222143 0.00129925
0.973709 0.25 0.0015738
1 0.259107 0.00164092
1.125 0.29777 0.00197344
1.25 0.337385 0.0037017
1.36398 0.375 0.0117435
1.375 0.379208 0.013145
1.5 0.426758 0.0397665
1.625 0.481538 0.0783502
1.66303 0.5 0.0882212
1.75 0.548264 0.0998339
1.86322 0.625 0.0884275
1.875 0.633982 0.0859218
1.9375 0.6875 0.0695871

0.0498697 0.125 0
0.075836 0.25 0.000458491
0.101037 0.375 0.000461963
0.124738 0.5 0.00048961
0.125 0.50165 0.000490224
0.151221 0.625 0.000533737
0.176052 0.75 0.00059058
0.201095 0.875 0.00067027
0.228078 1 0.000763356
0.25 1.09201 0.000839385
0.259327 1.125 0.00086047
0.295476 1.25 0.000933942
0.33662 1.375 0.00103402
0.375 1.47394 0.00112358
0.386758 1.5 0.00114388
0.447767 1.625 0.00124571
0.5 1.71423 0.00133958
0.52484 1.75 0.00137826
0.624539 1.875 0.0016021
0.625 1.87552 0.0016028
0.6875 1.9375 0.00213525

