0.0439329 0.125 0
0.0696576 0.25 0.000459893
0.0963161 0.375 0.000461534
0.122461 0.5 0.000483125
0.125 0.514446 0.000487815
0.15123 0.625 0.00052764
0.178728 0.75 0.000591814
0.20624 0.875 0.000685951
0.235249 1 0.000801436
0.25 1.0613 0.000865032
0.268155 1.125 0.000924617
0.304779 1.25 0.00104335
0.346066 1.375 0.00118692
0.375 1.45241 0.00128291
0.395609 1.5 0.00133781
0.455147 1.625 0.00149086
0.5 1.70469 0.00160469
0.529977 1.75 0.001671
0.625 1.87321 0.00194329
0.626661 1.875 0.00195627
0.6875 1.9375 0.0024339

0.125 0.0338274 0
0.25 0.0580439 0.000459961
0.375 0.0864235 0.000466248
0.5 0.116804 0.000506592
0.538873 0.125 0.000531707
0.625 0.150174 0.000597734
0.75 0.183318 0.000726483
0.875 0.21619 0.000910646
1 0.24954 0.00113209
1.00188 0.25 0.00113569
1.125 0.285967 0.00136493
1.25 0.324186 0.00161393
1.375 0.365781 0.00190036
1.40178 0.375 0.00196516
1.5 0.41409 0.00232587
1.625 0.470785 0.00419997
1.68157 0.5 0.0062999
1.75 0.540814 0.0107451
1.86768 0.625 0.0263387
1.875 0.631053 0.0278635
1.9375 0.6875 0.0412998

