0.125 0.0264826 0
0.25 0.0484096 0.00045972
0.375 0.0768611 0.000482655
0.5 0.109939 0.00057285
0.561837 0.125 0.000656643
0.625 0.147009 0.000746833
0.75 0.185328 0.000944328
0.875 0.223365 0.00120077
0.967546 0.25 0.00140891
1 0.261484 0.00147076
1.125 0.300959 0.00170874
1.25 0.341139 0.00273157
1.35339 0.375 0.00790465
1.375 0.383182 0.0100807
1.5 0.430494 0.0359718
1.625 0.484746 0.0783969
1.65702 0.5 0.0877483
1.75 0.550477 0.0972039
1.86174 0.625 0.074779
1.875 0.634854 0.0704981
1.9375 0.6875 0.0501485

0.050606 0.125 0
0.0764455 0.25 0.000458417
0.101364 0.375 0.000460887
0.124761 0.5 0.000485151
0.125 0.501518 0.000485651
0.150923 0.625 0.000521978
0.175506 0.75 0.000568111
0.20038 0.875 0.00063462
0.22726 1 0.000713236
0.25 1.09531 0.000780623
0.258401 1.125 0.000795785
0.294563 1.25 0.000852051
0.33577 1.375 0.000935344
0.375 1.47576 0.00101337
0.385977 1.5 0.00102886
0.44715 1.625 0.00111181
0.5 1.71497 0.00119247
0.524417 1.75 0.00122422
0.624407 1.875 0.00136217
0.625 1.87566 0.00136295
0.6875 1.9375 0.00151763

