0.125 0.0271726 0
0.25 0.0494023 0.000459784
0.375 0.0779521 0.000483306
0.5 0.110829 0.000577281
0.559064 0.125 0.000661609
0.625 0.147572 0.000763824
0.75 0.185351 0.000984469
0.875 0.222795 0.00127658
0.970407 0.25 0.00152853
1 0.260366 0.00159893
1.125 0.29945 0.00190663
1.25 0.33936 0.00359446
1.35842 0.375 0.0111011
1.375 0.381302 0.0132448
1.5 0.428721 0.0412305
1.625 0.483225 0.0812724
1.6599 0.5 0.0900685
1.75 0.549428 0.0992165
1.86245 0.625 0.0820913
1.875 0.634442 0.0788481
1.9375 0.6875 0.0609053

0.0502604 0.125 0
0.0761602 0.25 0.000458464
0.101211 0.375 0.000461496
0.124751 0.5 0.000487632
0.125 0.501578 0.000488189
0.151062 0.625 0.000528536
0.175762 0.75 0.000580712
0.200714 0.875 0.000654679
0.227643 1 0.000741513
0.25 1.09376 0.000814181
0.258835 1.125 0.000832441
0.294991 1.25 0.00089862
0.336168 1.375 0.00099153
0.375 1.47491 0.00107637
0.386343 1.5 0.00109442
0.447439 1.625 0.00118816
0.5 1.71462 0.00127641
0.524614 1.75 0.00131198
0.624469 1.875 0.00146455
0.625 1.87559 0.00146532
0.6875 1.9375 0.00181208

