0.0478451 0.125 0
0.0740771 0.25 0.000459879
0.100019 0.375 0.000460263
0.124566 0.5 0.000476701
0.125 0.50266 0.000477341
0.151938 0.625 0.000508548
0.177496 0.75 0.00055497
0.203056 0.875 0.000622946
0.230371 1 0.000705794
0.25 1.08262 0.000767794
0.261962 1.125 0.000794916
0.298093 1.25 0.000872861
0.33909 1.375 0.000971136
0.375 1.46854 0.00105195
0.389039 1.5 0.0010763
0.449588 1.625 0.00117679
0.5 1.71199 0.00126067
0.526099 1.75 0.00129789
0.624959 1.875 0.00144036
0.625 1.87505 0.00144042
0.6875 1.9375 0.00151277

0.125 0.0317641 0
0.25 0.0557743 0.000459953
0.375 0.0846585 0.000467492
0.5 0.11602 0.000512929
0.541215 0.125 0.000543113
0.625 0.150652 0.000616586
0.75 0.185073 0.000762216
0.875 0.218953 0.000967973
0.990348 0.25 0.00119339
1 0.253182 0.001211
1.125 0.290107 0.00144234
1.25 0.328471 0.00172797
1.375 0.369896 0.00204635
1.3901 0.375 0.00208669
1.5 0.417957 0.00302488
1.625 0.473956 0.00709121
1.67635 0.5 0.0107654
1.75 0.543028 0.0194649
1.86651 0.625 0.0425329
1.875 0.631874 0.0450183
1.9375 0.6875 0.0611502

