0.125 0.0264128 0
0.25 0.0483086 0.000459997
0.375 0.0767494 0.000469505
0.5 0.109847 0.000520119
0.562119 0.125 0.000571955
0.625 0.14695 0.000631189
0.75 0.185325 0.000772618
0.875 0.223422 0.000965518
0.96726 0.25 0.00112475
1 0.261597 0.00117321
1.125 0.301113 0.00135209
1.25 0.341321 0.00157202
1.35287 0.375 0.00177147
1.375 0.383374 0.00182157
1.5 0.430675 0.00338036
1.625 0.484901 0.0115834
1.65673 0.5 0.0159557
1.75 0.550585 0.0368387
1.86167 0.625 0.0718988
1.875 0.634896 0.0760713
1.9375 0.6875 0.0915476

0.050641 0.125 0
0.0764744 0.25 0.000459884
0.101379 0.375 0.00045897
0.124763 0.5 0.00047023
0.125 0.501511 0.000470488
0.150909 0.625 0.000490095
0.175481 0.75 0.000518026
0.200346 0.875 0.000561661
0.227221 1 0.000616482
0.25 1.09546 0.000665503
0.258357 1.125 0.000677066
0.29452 1.25 0.000721519
0.33573 1.375 0.00078596
0.375 1.47585 0.000846376
0.38594 1.5 0.000858489
0.447121 1.625 0.000922658
0.5 1.715 0.000983146
0.524397 1.75 0.00100645
0.624401 1.875 0.0011043
0.625 1.87567 0.00110484
0.6875 1.9375 0.00115293

