0.0462884 0.125 0
0.0723426 0.25 0.000459886
0.0985901 0.375 0.000460779
0.123775 0.5 0.000479315
0.125 0.507284 0.000481309
0.151692 0.625 0.000516297
0.178004 0.75 0.000570041
0.204319 0.875 0.000648837
0.232291 1 0.000745305
0.25 1.07417 0.000809946
0.264399 1.125 0.000848846
0.300699 1.25 0.00094412
0.341805 1.375 0.00106175
0.375 1.46236 0.00115132
0.391602 1.5 0.00118665
0.451746 1.625 0.00130977
0.5 1.70921 0.00140759
0.527607 1.75 0.00145595
0.625 1.87434 0.00162686
0.625625 1.875 0.00162787
0.6875 1.9375 0.00172304

0.125 0.0325848 0
0.25 0.0566854 0.000459962
0.375 0.0853733 0.000467047
0.5 0.116342 0.000510631
0.540262 0.125 0.000538836
0.625 0.150464 0.000609789
0.75 0.184367 0.000749601
0.875 0.217839 0.000947973
0.994826 0.25 0.00117481
1 0.251698 0.00118395
1.125 0.288433 0.00140706
1.25 0.32674 0.00168304
1.375 0.368234 0.00198981
1.39487 0.375 0.00204094
1.5 0.416393 0.00269963
1.625 0.472674 0.00569525
1.67848 0.5 0.00872014
1.75 0.542131 0.0156409
1.86699 0.625 0.0356239
1.875 0.631541 0.0374757
1.9375 0.6875 0.0530972

