0.0425475 0.125 0
0.0680446 0.25 0.000458744
0.0949145 0.375 0.000467194
0.121619 0.5 0.00051262
0.125 0.518735 0.000524542
0.150908 0.625 0.000595858
0.179131 0.75 0.000703366
0.20738 0.875 0.000850973
0.237028 1 0.00102294
0.25 1.05365 0.00110339
0.270418 1.125 0.00119813
0.307271 1.25 0.00136636
0.348669 1.375 0.00157119
0.375 1.44617 0.00169877
0.398053 1.5 0.0017907
0.457234 1.625 0.00246293
0.5 1.70183 0.00388597
0.531428 1.75 0.00573853
0.625 1.87249 0.0168253
0.627287 1.875 0.0172507
0.6875 1.9375 0.0286029

0.125 0.0345593 0
0.25 0.0588321 0.000459204
0.375 0.0870238 0.000474914
0.5 0.117061 0.000545526
0.538091 0.125 0.00058518
0.625 0.149999 0.000685231
0.75 0.18271 0.000862354
0.875 0.215238 0.00110184
1 0.248357 0.00137891
1.0067 0.25 0.00139486
1.125 0.28455 0.00166342
1.25 0.322718 0.00197118
1.375 0.364369 0.00303478
1.40569 0.375 0.00367978
1.5 0.412767 0.00790259
1.625 0.4697 0.0233495
1.6833 0.5 0.0358025
1.75 0.54006 0.0532982
1.86806 0.625 0.0853296
1.875 0.630775 0.0867487
1.9375 0.6875 0.097165

