0.125 0.0266984 0
0.25 0.048721 0.000459742
0.375 0.0772047 0.000482885
0.5 0.11022 0.000574372
0.560967 0.125 0.000658517
0.625 0.147188 0.000752624
0.75 0.185338 0.000957951
0.875 0.223188 0.00122655
0.968434 0.25 0.00144926
1 0.261134 0.00151456
1.125 0.300485 0.00177664
1.25 0.34058 0.00301453
1.35497 0.375 0.00902382
1.375 0.382591 0.0112079
1.5 0.429936 0.038224
1.625 0.484267 0.0798286
1.65793 0.5 0.0886566
1.75 0.550147 0.0979543
1.86197 0.625 0.077633
1.875 0.634725 0.0734995
1.9375 0.6875 0.0539944

0.0504977 0.125 0
0.0763562 0.25 0.000458432
0.101316 0.375 0.000461079
0.124758 0.5 0.000485933
0.125 0.501537 0.00048645
0.150966 0.625 0.000524043
0.175586 0.75 0.00057208
0.200484 0.875 0.000640943
0.22738 1 0.000722156
0.25 1.09482 0.000791241
0.258537 1.125 0.000807357
0.294697 1.25 0.00086676
0.335894 1.375 0.000953097
0.375 1.4755 0.00103329
0.386091 1.5 0.00104958
0.44724 1.625 0.00113593
0.5 1.71486 0.00121899
0.524479 1.75 0.00125194
0.624426 1.875 0.00139447
0.625 1.87564 0.00139525
0.6875 1.9375 0.00160196

