0.125 0.027399 0
0.25 0.0497261 0.000460062
0.375 0.0783053 0.00046998
0.5 0.111114 0.000523326
0.558159 0.125 0.000574941
0.625 0.147751 0.000644455
0.75 0.185354 0.000806725
0.875 0.222606 0.00103387
0.971357 0.25 0.00123764
1 0.26 0.0012936
1.125 0.298961 0.00154185
1.25 0.338784 0.00184896
1.36004 0.375 0.00233258
1.375 0.380691 0.00248125
1.5 0.428148 0.00563609
1.625 0.482732 0.0177853
1.66082 0.5 0.0239487
1.75 0.549088 0.0452154
1.86268 0.625 0.0772495
1.875 0.634308 0.0805432
1.9375 0.6875 0.0935608

0.0501472 0.125 0
0.0760665 0.25 0.000459904
0.101161 0.375 0.000459387
0.124747 0.5 0.00047211
0.125 0.501598 0.000472413
0.151108 0.625 0.000495403
0.175846 0.75 0.000528807
0.200824 0.875 0.000579645
0.227769 1 0.000642826
0.25 1.09325 0.00069738
0.258977 1.125 0.000712286
0.295131 1.25 0.000767299
0.336299 1.375 0.000842189
0.375 1.47463 0.000909977
0.386463 1.5 0.000924882
0.447533 1.625 0.00100038
0.5 1.71451 0.00106848
0.524679 1.75 0.00109554
0.624489 1.875 0.00120684
0.625 1.87557 0.00120736
0.6875 1.9375 0.00126261

