0.125 0.0274645 0
0.25 0.0498197 0.000459787
0.375 0.0784071 0.000483316
0.5 0.111196 0.000577848
0.557897 0.125 0.00066115
0.625 0.147802 0.000766757
0.75 0.185354 0.000992522
0.875 0.222552 0.00129251
0.971633 0.25 0.00155611
1 0.259895 0.00162659
1.125 0.298819 0.00194962
1.25 0.338617 0.00375253
1.36051 0.375 0.0116427
1.375 0.380515 0.0135352
1.5 0.427982 0.0414992
1.625 0.48259 0.0808766
1.66108 0.5 0.0898268
1.75 0.54899 0.0996962
1.86274 0.625 0.0846294
1.875 0.634269 0.0815581
1.9375 0.6875 0.0643408

0.0501145 0.125 0
0.0760394 0.25 0.000458477
0.101147 0.375 0.0004617
0.124746 0.5 0.000488481
0.125 0.501604 0.00048906
0.151121 0.625 0.000530776
0.17587 0.75 0.000584984
0.200856 0.875 0.00066145
0.227805 1 0.000751021
0.25 1.09311 0.000825281
0.259019 1.125 0.000844697
0.295172 1.25 0.000914117
0.336337 1.375 0.00101019
0.375 1.47455 0.00109718
0.386497 1.5 0.00111616
0.447561 1.625 0.00121348
0.5 1.71448 0.00130422
0.524698 1.75 0.00134111
0.624495 1.875 0.00150822
0.625 1.87557 0.00151232
0.6875 1.9375 0.00193867

