0.0444099 0.125 0
0.0702073 0.25 0.000458665
0.0967876 0.375 0.000465875
0.122739 0.5 0.00050693
0.125 0.512982 0.000514281
0.151332 0.625 0.000580313
0.178585 0.75 0.000675685
0.205849 0.875 0.000806441
0.234643 1 0.000958471
0.25 1.06391 0.00104335
0.267386 1.125 0.00111371
0.303938 1.25 0.00125734
0.345186 1.375 0.00143406
0.375 1.45449 0.00155714
0.394783 1.5 0.00162311
0.454443 1.625 0.00186214
0.5 1.70564 0.00253327
0.529488 1.75 0.00329235
0.625 1.87344 0.00920271
0.626448 1.875 0.00944707
0.6875 1.9375 0.0168098

0.125 0.0335756 0
0.25 0.0577707 0.000459271
0.375 0.0862138 0.000476191
0.5 0.116713 0.000550983
0.539149 0.125 0.000594277
0.625 0.150233 0.000699914
0.75 0.183529 0.000888512
0.875 0.216521 0.00114202
1 0.249951 0.00143439
1.0002 0.25 0.00143489
1.125 0.28646 0.00173547
1.25 0.324698 0.00206579
1.375 0.366272 0.00373309
1.40041 0.375 0.00451626
1.5 0.414551 0.0108264
1.625 0.471162 0.0306459
1.68096 0.5 0.0444591
1.75 0.541078 0.0637239
1.86754 0.625 0.092707
1.875 0.631151 0.0937372
1.9375 0.6875 0.100016

