0.0467099 0.125 0
0.0728154 0.25 0.00045858
0.0989829 0.375 0.000464347
0.123996 0.5 0.000500255
0.125 0.50602 0.000503181
0.151764 0.625 0.000562102
0.177869 0.75 0.000643003
0.203978 0.875 0.000753647
0.23177 1 0.000881762
0.25 1.07645 0.000967486
0.263737 1.125 0.00101316
0.299988 1.25 0.00112761
0.341064 1.375 0.0012714
0.375 1.46406 0.00138413
0.390903 1.5 0.00142565
0.451156 1.625 0.00158076
0.5 1.70998 0.0017279
0.527195 1.75 0.00194561
0.625 1.87454 0.00414023
0.625443 1.875 0.00414058
0.6875 1.9375 0.00746479

0.125 0.0323627 0
0.25 0.0564399 0.000459353
0.375 0.0851815 0.000477768
0.5 0.116257 0.000557668
0.540517 0.125 0.000605715
0.625 0.150515 0.000717794
0.75 0.184557 0.000919939
0.875 0.218138 0.00118993
0.99362 0.25 0.00148415
1 0.252096 0.00149854
1.125 0.288882 0.00178475
1.25 0.327205 0.00226079
1.375 0.36868 0.00490311
1.39359 0.375 0.00578056
1.5 0.416813 0.0153652
1.625 0.473018 0.0408389
1.67791 0.5 0.0556912
1.75 0.542372 0.0762044
1.86686 0.625 0.0983525
1.875 0.63163 0.0990463
1.9375 0.6875 0.099457

