0.125 0.0268783 0
0.25 0.0489801 0.000460034
0.375 0.0774895 0.000469804
0.5 0.110453 0.000522031
0.560244 0.125 0.000574217
0.625 0.147336 0.000638876
0.75 0.185344 0.000791983
0.875 0.223039 0.00100412
0.96918 0.25 0.00118725
1 0.260842 0.00124107
1.125 0.300091 0.00145903
1.25 0.340115 0.00172844
1.35629 0.375 0.00204892
1.375 0.3821 0.00218112
1.5 0.429473 0.0046759
1.625 0.48387 0.0153255
1.65869 0.5 0.0208255
1.75 0.549873 0.0424278
1.86215 0.625 0.0758039
1.875 0.634617 0.07951
1.9375 0.6875 0.0932915

0.0504076 0.125 0
0.0762818 0.25 0.000459895
0.101276 0.375 0.000459179
0.124755 0.5 0.000471164
0.125 0.501553 0.000471443
0.151003 0.625 0.000492727
0.175653 0.75 0.000523376
0.200571 0.875 0.000570596
0.227479 1 0.000629583
0.25 1.09442 0.000681443
0.25865 1.125 0.000694611
0.294808 1.25 0.000744356
0.335998 1.375 0.000814034
0.375 1.47527 0.000878198
0.386187 1.5 0.000891666
0.447315 1.625 0.000961522
0.5 1.71477 0.00102585
0.52453 1.75 0.00105101
0.624443 1.875 0.0011556
0.625 1.87562 0.00115613
0.6875 1.9375 0.0012078

