0.0474709 0.125 0
0.0736634 0.25 0.000459881
0.0996818 0.375 0.000460398
0.124383 0.5 0.000477382
0.125 0.503752 0.000478316
0.151886 0.625 0.000510564
0.177623 0.75 0.000558929
0.203363 0.875 0.000629787
0.230835 1 0.000716296
0.25 1.08058 0.000779413
0.26255 1.125 0.000809369
0.298717 1.25 0.000892083
0.33974 1.375 0.000995719
0.375 1.46707 0.0010794
0.389653 1.5 0.00110641
0.450103 1.625 0.00121328
0.5 1.71134 0.00130127
0.526459 1.75 0.00134139
0.625 1.87488 0.00149186
0.625116 1.875 0.00149202
0.6875 1.9375 0.00157576

0.125 0.0319617 0
0.25 0.0559946 0.000459958
0.375 0.084832 0.000467408
0.5 0.116099 0.000512477
0.540984 0.125 0.000542229
0.625 0.150607 0.000615265
0.75 0.184902 0.000759864
0.875 0.218683 0.000964324
0.991432 0.25 0.00119065
1 0.252821 0.00120621
1.125 0.2897 0.00143628
1.25 0.328051 0.00172028
1.375 0.369492 0.00203655
1.39126 0.375 0.00207972
1.5 0.417577 0.00296407
1.625 0.473645 0.00676839
1.67687 0.5 0.0103784
1.75 0.54281 0.0185595
1.86662 0.625 0.0409537
1.875 0.631793 0.0429456
1.9375 0.6875 0.0593666

