0.125 0.0267402 0
0.25 0.0487812 0.000459746
0.375 0.0772709 0.000482921
0.5 0.110275 0.000574625
0.560799 0.125 0.000658794
0.625 0.147223 0.000753608
0.75 0.185339 0.000960293
0.875 0.223153 0.001231
0.968607 0.25 0.0014563
1 0.261066 0.00152213
1.125 0.300394 0.00178836
1.25 0.340472 0.00307731
1.35528 0.375 0.00916468
1.375 0.382477 0.0113819
1.5 0.429828 0.0382645
1.625 0.484175 0.0799169
1.65811 0.5 0.0887492
1.75 0.550084 0.0980446
1.86201 0.625 0.0778036
1.875 0.6347 0.074335
1.9375 0.6875 0.0545219

0.0504768 0.125 0
0.0763389 0.25 0.000458435
0.101307 0.375 0.000461115
0.124757 0.5 0.000486079
0.125 0.501541 0.0004866
0.150975 0.625 0.000524429
0.175601 0.75 0.00057282
0.200504 0.875 0.00064212
0.227403 1 0.000723816
0.25 1.09473 0.000793211
0.258563 1.125 0.000809504
0.294723 1.25 0.000869489
0.335918 1.375 0.000956389
0.375 1.47545 0.00103698
0.386114 1.5 0.00105342
0.447258 1.625 0.00114041
0.5 1.71484 0.00122391
0.524491 1.75 0.00125708
0.62443 1.875 0.00140047
0.625 1.87564 0.00140124
0.6875 1.9375 0.00162087

