0.125 0.0290702 0
0.25 0.0520877 0.000459651
0.375 0.0808433 0.000481718
0.5 0.113127 0.000572783
0.551538 0.125 0.000643875
0.625 0.148985 0.000756369
0.75 0.185322 0.000981615
0.875 0.22121 0.00128218
0.978502 0.25 0.00156727
1 0.257333 0.00162174
1.125 0.295433 0.00195025
1.25 0.334648 0.00326892
1.37162 0.375 0.0101669
1.375 0.376297 0.0105558
1.5 0.424047 0.0325638
1.625 0.479205 0.0694878
1.66725 0.5 0.0818958
1.75 0.546654 0.0978021
1.86426 0.625 0.0952764
1.875 0.633341 0.0935706
1.9375 0.6875 0.080287

0.0493132 0.125 0
0.0753702 0.25 0.000458506
0.100785 0.375 0.000462434
0.124716 0.5 0.000491695
0.125 0.501775 0.000492392
0.151444 0.625 0.000539185
0.176466 0.75 0.000600759
0.201638 0.875 0.000686216
0.228698 1 0.00078553
0.25 1.08949 0.000864025
0.260032 1.125 0.000888564
0.29617 1.25 0.000968992
0.337267 1.375 0.00107604
0.375 1.47254 0.00116971
0.387352 1.5 0.00119267
0.448237 1.625 0.00130241
0.5 1.71366 0.00140171
0.525163 1.75 0.00144378
0.624642 1.875 0.00180707
0.625 1.8754 0.00180762
0.6875 1.9375 0.00258572

