0.125 0.0316732 0
0.25 0.0556729 0.000459377
0.375 0.0845788 0.00047847
0.5 0.115984 0.000560636
0.541319 0.125 0.000611129
0.625 0.150674 0.000725504
0.75 0.185153 0.000932705
0.875 0.219079 0.00120885
0.989845 0.25 0.00149971
1 0.25335 0.00152313
1.125 0.290296 0.0018172
1.25 0.328667 0.00240716
1.375 0.370083 0.00576886
1.38955 0.375 0.00655262
1.5 0.418134 0.0184479
1.625 0.474101 0.0469384
1.67611 0.5 0.0614559
1.75 0.543129 0.0823399
1.86645 0.625 0.0999821
1.875 0.631911 0.100206
1.9375 0.6875 0.0972476

0.0480154 0.125 0
0.0742635 0.25 0.000458525
0.100168 0.375 0.000463409
0.124641 0.5 0.000496111
0.125 0.502203 0.000497076
0.151952 0.625 0.000550774
0.177427 0.75 0.000622254
0.202905 0.875 0.000719704
0.230148 1 0.000831852
0.25 1.08361 0.000913864
0.261681 1.125 0.000946822
0.297797 1.25 0.00104131
0.338783 1.375 0.0011626
0.375 1.46923 0.00126379
0.38875 1.5 0.00129314
0.449348 1.625 0.00141941
0.5 1.7123 0.0015299
0.525932 1.75 0.00157979
0.624889 1.875 0.00250204
0.625 1.87513 0.00250219
0.6875 1.9375 0.00411867

