0.125 0.0282832 0
0.25 0.0509818 0.000460055
0.375 0.079663 0.000469651
0.5 0.112199 0.000522238
0.554643 0.125 0.000569892
0.625 0.148422 0.000642555
0.75 0.185348 0.000806443
0.875 0.221868 0.00103709
0.97511 0.25 0.00125398
1 0.258582 0.00130441
1.125 0.297074 0.00156336
1.25 0.336569 0.00188335
1.36626 0.375 0.00241459
1.375 0.378342 0.00249666
1.5 0.425949 0.00538022
1.625 0.480842 0.0161283
1.6643 0.5 0.0223262
1.75 0.547784 0.0411458
1.86353 0.625 0.0726714
1.875 0.633791 0.0757069
1.9375 0.6875 0.0901471

0.0497058 0.125 0
0.0756994 0.25 0.000459904
0.100964 0.375 0.000459604
0.124732 0.5 0.000473177
0.125 0.501684 0.000473515
0.151287 0.625 0.000498427
0.176174 0.75 0.000534872
0.201255 0.875 0.000589692
0.22826 1 0.00065744
0.25 1.09127 0.00071435
0.259535 1.125 0.00073156
0.29568 1.25 0.000792031
0.33681 1.375 0.000872382
0.375 1.47353 0.000943607
0.386932 1.5 0.000960319
0.447905 1.625 0.00104161
0.5 1.71406 0.00111349
0.524935 1.75 0.00114267
0.624569 1.875 0.00126101
0.625 1.87548 0.00126148
0.6875 1.9375 0.00132055

