0.125 0.026537 0
0.25 0.0484882 0.000460008
0.375 0.0769479 0.000469599
0.5 0.11001 0.000520706
0.561617 0.125 0.000572727
0.625 0.147054 0.000633516
0.75 0.185331 0.000778423
0.875 0.22332 0.000977067
0.967769 0.25 0.00114324
1 0.261396 0.00119352
1.125 0.30084 0.00138414
1.25 0.340998 0.001619
1.35379 0.375 0.00183523
1.375 0.383033 0.00192298
1.5 0.430353 0.00374012
1.625 0.484625 0.0128372
1.65726 0.5 0.0176064
1.75 0.550394 0.038623
1.8618 0.625 0.073649
1.875 0.634821 0.0773235
1.9375 0.6875 0.0919414

0.0505786 0.125 0
0.0764229 0.25 0.000459887
0.101352 0.375 0.000459028
0.12476 0.5 0.000470487
0.125 0.501523 0.000470751
0.150934 0.625 0.00049082
0.175526 0.75 0.000519501
0.200406 0.875 0.000564127
0.22729 1 0.000620101
0.25 1.09518 0.000669922
0.258435 1.125 0.000681918
0.294597 1.25 0.000727841
0.335801 1.375 0.000793736
0.375 1.4757 0.000855203
0.386006 1.5 0.000867684
0.447173 1.625 0.000933434
0.5 1.71494 0.000994993
0.524432 1.75 0.00101881
0.624412 1.875 0.00111853
0.625 1.87566 0.00111907
0.6875 1.9375 0.00116815

