0.125 0.0271318 0
0.25 0.0493438 0.000459782
0.375 0.0778882 0.000483288
0.5 0.110777 0.000577119
0.559227 0.125 0.000661517
0.625 0.14754 0.000763147
0.75 0.18535 0.000982791
0.875 0.222829 0.00127337
0.970236 0.25 0.00152327
1 0.260432 0.00159347
1.125 0.299539 0.00189821
1.25 0.339465 0.00355223
1.35813 0.375 0.0109404
1.375 0.381412 0.0132257
1.5 0.428825 0.0411924
1.625 0.483314 0.0811907
1.65973 0.5 0.0899845
1.75 0.549489 0.0990833
1.86241 0.625 0.0819511
1.875 0.634466 0.0787067
1.9375 0.6875 0.0604052

0.0502808 0.125 0
0.0761771 0.25 0.000458461
0.10122 0.375 0.000461464
0.124751 0.5 0.000487499
0.125 0.501575 0.000488053
0.151054 0.625 0.000528185
0.175747 0.75 0.000580039
0.200695 0.875 0.000653611
0.22762 1 0.000740012
0.25 1.09385 0.000812415
0.258809 1.125 0.0008305
0.294965 1.25 0.000896161
0.336144 1.375 0.000988566
0.375 1.47496 0.00107305
0.386321 1.5 0.00109096
0.447421 1.625 0.00118414
0.5 1.71464 0.00127199
0.524603 1.75 0.00130735
0.624465 1.875 0.00145914
0.625 1.8756 0.00145991
0.6875 1.9375 0.00179733

