0.125 0.0266327 0
0.25 0.0486263 0.000460016
0.375 0.0771003 0.000469661
0.5 0.110135 0.0005211
0.561232 0.125 0.000573197
0.625 0.147134 0.000635099
0.75 0.185335 0.000782417
0.875 0.223242 0.000985042
0.968163 0.25 0.00115615
1 0.261241 0.00120756
1.125 0.300629 0.0014063
1.25 0.34075 0.00165145
1.35449 0.375 0.00188285
1.375 0.382771 0.00199674
1.5 0.430106 0.0039927
1.625 0.484413 0.013618
1.65766 0.5 0.0186239
1.75 0.550248 0.0399938
1.8619 0.625 0.0743367
1.875 0.634764 0.0780191
1.9375 0.6875 0.0922308

0.0505306 0.125 0
0.0763834 0.25 0.000459889
0.101331 0.375 0.00045907
0.124759 0.5 0.000470678
0.125 0.501532 0.000470946
0.150953 0.625 0.000491358
0.175562 0.75 0.000520594
0.200452 0.875 0.000565951
0.227343 1 0.000622775
0.25 1.09497 0.000673179
0.258495 1.125 0.0006855
0.294656 1.25 0.000732504
0.335856 1.375 0.000799472
0.375 1.47558 0.000861703
0.386057 1.5 0.00087446
0.447213 1.625 0.000941373
0.5 1.71489 0.00100372
0.52446 1.75 0.00102791
0.624421 1.875 0.00112901
0.625 1.87565 0.00112955
0.6875 1.9375 0.00117936

