0.125 0.0269223 0
0.25 0.0490433 0.000460038
0.375 0.077559 0.00046983
0.5 0.11051 0.000522199
0.560067 0.125 0.000574395
0.625 0.147371 0.000639549
0.75 0.185345 0.000793683
0.875 0.223002 0.0010075
0.969363 0.25 0.00119277
1 0.260771 0.00124697
1.125 0.299995 0.00146829
1.25 0.340002 0.0017419
1.35661 0.375 0.00207725
1.375 0.381981 0.00221386
1.5 0.42936 0.0047511
1.625 0.483773 0.0157643
1.65887 0.5 0.0213916
1.75 0.549806 0.0429177
1.8622 0.625 0.0763888
1.875 0.634591 0.0795981
1.9375 0.6875 0.0934123

0.0503856 0.125 0
0.0762637 0.25 0.000459896
0.101267 0.375 0.000459199
0.124755 0.5 0.000471252
0.125 0.501557 0.000471533
0.151012 0.625 0.000492977
0.175669 0.75 0.000523883
0.200593 0.875 0.000571442
0.227504 1 0.000630824
0.25 1.09432 0.000682947
0.258677 1.125 0.00069627
0.294836 1.25 0.000746516
0.336024 1.375 0.000816688
0.375 1.47522 0.0008812
0.38621 1.5 0.000894799
0.447334 1.625 0.000965192
0.5 1.71475 0.00102988
0.524543 1.75 0.00105522
0.624446 1.875 0.00116045
0.625 1.87562 0.00116098
0.6875 1.9375 0.00121299

