0.125 0.0278264 0
0.25 0.0503349 0.000460063
0.375 0.0789659 0.000469873
0.5 0.111644 0.000523078
0.556456 0.125 0.000573007
0.625 0.14808 0.000644505
0.75 0.185355 0.000808751
0.875 0.22225 0.00103946
0.973163 0.25 0.00125146
1 0.259313 0.00130546
1.125 0.298043 0.00156227
1.25 0.337706 0.00187983
1.36308 0.375 0.00240654
1.375 0.379548 0.00252634
1.5 0.427076 0.00564853
1.625 0.481812 0.0172804
1.66252 0.5 0.0238593
1.75 0.548453 0.0438231
1.8631 0.625 0.0754808
1.875 0.634057 0.0789045
1.9375 0.6875 0.0923331

0.0499337 0.125 0
0.0758893 0.25 0.000459906
0.101066 0.375 0.000459504
0.12474 0.5 0.000472673
0.125 0.501638 0.000472993
0.151195 0.625 0.000496998
0.176005 0.75 0.000532014
0.201032 0.875 0.000584968
0.228006 1 0.000650579
0.25 1.09229 0.000706472
0.259247 1.125 0.000722545
0.295396 1.25 0.000780503
0.336546 1.375 0.000858329
0.375 1.4741 0.00092802
0.386689 1.5 0.000943851
0.447713 1.625 0.00102248
0.5 1.71429 0.00109264
0.524803 1.75 0.00112082
0.624528 1.875 0.0012359
0.625 1.87553 0.0012364
0.6875 1.9375 0.0012937

