0.125 0.0266984 0
0.25 0.048721 0.000460021
0.375 0.0772047 0.000469698
0.5 0.11022 0.000521344
0.560967 0.125 0.000573466
0.625 0.147188 0.000636098
0.75 0.185338 0.000784958
0.875 0.223188 0.000990128
0.968434 0.25 0.00116443
1 0.261134 0.00121653
1.125 0.300485 0.00142044
1.25 0.34058 0.00167215
1.35497 0.375 0.00192528
1.375 0.382591 0.00204695
1.5 0.429936 0.00419851
1.625 0.484267 0.0140337
1.65793 0.5 0.0191608
1.75 0.550147 0.0404926
1.86197 0.625 0.0749657
1.875 0.634725 0.0786486
1.9375 0.6875 0.092424

0.0504977 0.125 0
0.0763562 0.25 0.000459891
0.101316 0.375 0.000459099
0.124758 0.5 0.000470806
0.125 0.501537 0.000471077
0.150966 0.625 0.000491718
0.175586 0.75 0.000521326
0.200484 0.875 0.000567173
0.22738 1 0.000624567
0.25 1.09482 0.000675354
0.258537 1.125 0.000687897
0.294697 1.25 0.000735622
0.335894 1.375 0.000803304
0.375 1.4755 0.000866043
0.386091 1.5 0.000878987
0.44724 1.625 0.000946676
0.5 1.71486 0.00100954
0.524479 1.75 0.00103399
0.624426 1.875 0.00113601
0.625 1.87564 0.00113654
0.6875 1.9375 0.00118684

