0.0411841 0.125 0
0.0664324 0.25 0.000459911
0.093487 0.375 0.000462514
0.120737 0.5 0.000487989
0.125 0.523012 0.000497005
0.150551 0.625 0.000542176
0.17951 0.75 0.000619569
0.20851 0.875 0.000733129
0.238809 1 0.000872533
0.25 1.04607 0.00092984
0.27269 1.125 0.00102047
0.309796 1.25 0.00116873
0.351309 1.375 0.00134486
0.375 1.43972 0.00144256
0.40053 1.5 0.00152851
0.459357 1.625 0.00172036
0.5 1.69885 0.00185201
0.5329 1.75 0.0019671
0.625 1.87175 0.00314621
0.627917 1.875 0.00319972
0.6875 1.9375 0.00482468

0.125 0.0352806 0
0.25 0.0596004 0.000459958
0.375 0.0876025 0.000465339
0.5 0.117303 0.000501984
0.537347 0.125 0.00052382
0.625 0.149823 0.000583973
0.75 0.182117 0.000699813
0.875 0.214313 0.000867218
1 0.247208 0.00107015
1.01137 0.25 0.00109031
1.125 0.283178 0.00128405
1.25 0.321296 0.00151051
1.375 0.363001 0.00177234
1.40944 0.375 0.00184869
1.5 0.411488 0.00204525
1.625 0.468651 0.00302548
1.68496 0.5 0.00428431
1.75 0.539331 0.00685878
1.86843 0.625 0.0173597
1.875 0.630507 0.0182236
1.9375 0.6875 0.0286489

