0.0458049 0.125 0
0.0717974 0.25 0.000459887
0.0981343 0.375 0.000460931
0.123517 0.5 0.000480084
0.125 0.50874 0.000482567
0.151605 0.625 0.000518583
0.178156 0.75 0.000574441
0.204711 0.875 0.000656352
0.232891 1 0.000756696
0.25 1.07154 0.00082148
0.265162 1.125 0.000864257
0.301521 1.25 0.00096434
0.342664 1.375 0.0010873
0.375 1.46038 0.00117861
0.392411 1.5 0.00121756
0.45243 1.625 0.00134681
0.5 1.70831 0.0014481
0.528084 1.75 0.00149988
0.625 1.87412 0.00167857
0.625835 1.875 0.00167999
0.6875 1.9375 0.00180783

0.125 0.0328397 0
0.25 0.0569662 0.000459962
0.375 0.0855919 0.000466886
0.5 0.11644 0.000509814
0.539971 0.125 0.00053737
0.625 0.150405 0.000607352
0.75 0.18415 0.000744959
0.875 0.217497 0.000940509
0.996205 0.25 0.00116707
1 0.251243 0.00117368
1.125 0.287921 0.00139347
1.25 0.32621 0.00166569
1.375 0.367725 0.00196817
1.39631 0.375 0.00202226
1.5 0.415914 0.00259618
1.625 0.472281 0.00532577
1.67913 0.5 0.00819709
1.75 0.541858 0.0145155
1.86713 0.625 0.0338474
1.875 0.631439 0.0352493
1.9375 0.6875 0.0504524

