0.125 0.0264224 0
0.25 0.0483225 0.000459712
0.375 0.0767647 0.000482575
0.5 0.109859 0.000572347
0.56208 0.125 0.000655958
0.625 0.146958 0.000744959
0.75 0.185325 0.000939976
0.875 0.223415 0.00119256
0.967299 0.25 0.00139619
1 0.261582 0.00145682
1.125 0.301092 0.0016871
1.25 0.341296 0.00264586
1.35294 0.375 0.00756317
1.375 0.383348 0.00964336
1.5 0.43065 0.0351175
1.625 0.484879 0.0782638
1.65677 0.5 0.0871898
1.75 0.55057 0.0969434
1.86168 0.625 0.0738297
1.875 0.63489 0.0695056
1.9375 0.6875 0.048771

0.0506362 0.125 0
0.0764704 0.25 0.000458413
0.101377 0.375 0.000460831
0.124762 0.5 0.000484922
0.125 0.501512 0.000485416
0.150911 0.625 0.000521373
0.175484 0.75 0.000566945
0.20035 0.875 0.000632761
0.227227 1 0.000710611
0.25 1.09544 0.000777489
0.258363 1.125 0.000792375
0.294526 1.25 0.000847712
0.335735 1.375 0.000930103
0.375 1.47584 0.00100748
0.385945 1.5 0.00102275
0.447125 1.625 0.00110468
0.5 1.715 0.00118464
0.5244 1.75 0.00121604
0.624402 1.875 0.00135264
0.625 1.87567 0.00135342
0.6875 1.9375 0.00149768

