0.0464356 0.125 0
0.072508 0.25 0.000459885
0.0987278 0.375 0.000460733
0.123853 0.5 0.00047908
0.125 0.506842 0.000480933
0.151717 0.625 0.000515601
0.177957 0.75 0.000568697
0.2042 0.875 0.00064654
0.232108 1 0.00074182
0.25 1.07497 0.000806374
0.264168 1.125 0.000844125
0.30045 1.25 0.000937919
0.341546 1.375 0.00105391
0.375 1.46295 0.00114289
0.391357 1.5 0.00117715
0.451539 1.625 0.00129837
0.5 1.70948 0.00139509
0.527463 1.75 0.00144244
0.625 1.87441 0.00161095
0.625561 1.875 0.00161184
0.6875 1.9375 0.00170565

0.125 0.0325072 0
0.25 0.0565997 0.000459962
0.375 0.0853064 0.000467096
0.5 0.116313 0.000510877
0.540351 0.125 0.000539279
0.625 0.150482 0.000610519
0.75 0.184433 0.000750986
0.875 0.217943 0.000950194
0.994405 0.25 0.00117707
1 0.251837 0.00118699
1.125 0.28859 0.00141109
1.25 0.326902 0.00168817
1.375 0.368389 0.00199623
1.39442 0.375 0.00204643
1.5 0.41654 0.00273161
1.625 0.472794 0.00582537
1.67829 0.5 0.00893941
1.75 0.542215 0.0160344
1.86694 0.625 0.0363679
1.875 0.631572 0.0382419
1.9375 0.6875 0.0539979

