0.0473802 0.125 0
0.0735627 0.25 0.000459882
0.0995992 0.375 0.000460429
0.124338 0.5 0.000477538
0.125 0.504021 0.000478548
0.151872 0.625 0.000511026
0.177653 0.75 0.00055983
0.203437 0.875 0.000631339
0.230946 1 0.000718671
0.25 1.08009 0.000781992
0.262691 1.125 0.000812623
0.298868 1.25 0.000896393
0.339897 1.375 0.00100121
0.375 1.46672 0.00108547
0.389801 1.5 0.00111312
0.450228 1.625 0.00122137
0.5 1.71118 0.00131025
0.526546 1.75 0.00135102
0.625 1.87484 0.00150323
0.625155 1.875 0.00150345
0.6875 1.9375 0.00158815

0.125 0.0320095 0
0.25 0.0560478 0.000459959
0.375 0.0848738 0.000467384
0.5 0.116118 0.000512352
0.540928 0.125 0.000541991
0.625 0.150596 0.000614896
0.75 0.184861 0.000759188
0.875 0.218618 0.000963261
0.991693 0.25 0.00118973
1 0.252735 0.00120478
1.125 0.289602 0.00143443
1.25 0.32795 0.00171794
1.375 0.369395 0.00203359
1.39154 0.375 0.0020774
1.5 0.417486 0.00292859
1.625 0.47357 0.00668984
1.677 0.5 0.0102504
1.75 0.542757 0.0183379
1.86665 0.625 0.0405623
1.875 0.631773 0.0425452
1.9375 0.6875 0.0589191

