0.0428494 0.125 0
0.0683984 0.25 0.00045873
0.0952241 0.375 0.000466973
0.121807 0.5 0.000511671
0.125 0.517795 0.000522785
0.150981 0.625 0.000593264
0.179045 0.75 0.000698757
0.207131 0.875 0.000843562
0.236638 1 0.00101222
0.25 1.05532 0.0010936
0.269921 1.125 0.00118409
0.306722 1.25 0.0013482
0.348095 1.375 0.00154829
0.375 1.44756 0.00167536
0.397515 1.5 0.0017626
0.456773 1.625 0.00233456
0.5 1.70246 0.00360853
0.531108 1.75 0.00520179
0.625 1.87265 0.0153848
0.62715 1.875 0.0155732
0.6875 1.9375 0.0264044

0.125 0.0343997 0
0.25 0.058661 0.000459215
0.375 0.086894 0.000475118
0.5 0.117006 0.000546403
0.538259 0.125 0.00058663
0.625 0.150037 0.000687591
0.75 0.182842 0.000866571
0.875 0.215445 0.00110833
1 0.248614 0.00138788
1.00565 0.25 0.00140145
1.125 0.284857 0.00167505
1.25 0.323036 0.00198639
1.375 0.364675 0.00312892
1.40485 0.375 0.0038162
1.5 0.413054 0.0083067
1.625 0.469935 0.0241682
1.68293 0.5 0.0369036
1.75 0.540223 0.0551019
1.86798 0.625 0.0863832
1.875 0.630835 0.0882103
1.9375 0.6875 0.0979416

