0.125 0.027769 0
0.25 0.0502533 0.000460064
0.375 0.0788777 0.000469895
0.5 0.111574 0.000523153
0.556684 0.125 0.000573344
0.625 0.148037 0.000644644
0.75 0.185355 0.000808801
0.875 0.222298 0.00103931
0.97292 0.25 0.00125049
1 0.259405 0.00130486
1.125 0.298166 0.00156103
1.25 0.337849 0.00187781
1.36267 0.375 0.00240248
1.375 0.379701 0.00252315
1.5 0.427219 0.00570494
1.625 0.481935 0.0174837
1.6623 0.5 0.0238336
1.75 0.548538 0.0442197
1.86304 0.625 0.0758906
1.875 0.634091 0.0792943
1.9375 0.6875 0.0925853

0.0499624 0.125 0
0.0759132 0.25 0.000459906
0.101079 0.375 0.00045949
0.124741 0.5 0.000472605
0.125 0.501632 0.000472923
0.151183 0.625 0.000496804
0.175983 0.75 0.000531625
0.201004 0.875 0.000584323
0.227974 1 0.000649642
0.25 1.09242 0.000705385
0.25921 1.125 0.00072131
0.295361 1.25 0.000778916
0.336513 1.375 0.000856395
0.375 1.47417 0.000925866
0.386659 1.5 0.00094158
0.447689 1.625 0.00101984
0.5 1.71432 0.00108976
0.524786 1.75 0.0011178
0.624523 1.875 0.00123243
0.625 1.87554 0.00123293
0.6875 1.9375 0.00128999

