0.047556 0.125 0
0.0737577 0.25 0.000458547
0.0997591 0.375 0.000463767
0.124425 0.5 0.0004977
0.125 0.5035 0.000499296
0.151899 0.625 0.000555128
0.177595 0.75 0.000630313
0.203295 0.875 0.000732971
0.230731 1 0.000851476
0.25 1.08104 0.000935522
0.262417 1.125 0.000973093
0.298576 1.25 0.00107566
0.339593 1.375 0.00120607
0.375 1.4674 0.00131248
0.389514 1.5 0.00134624
0.449987 1.625 0.0014842
0.5 1.71148 0.00160289
0.526377 1.75 0.00167514
0.625 1.87492 0.00302243
0.62508 1.875 0.00302253
0.6875 1.9375 0.00520707

0.125 0.0319169 0
0.25 0.0559446 0.000459374
0.375 0.0847926 0.000478276
0.5 0.116081 0.000559811
0.541037 0.125 0.000609539
0.625 0.150617 0.000723431
0.75 0.18494 0.000929509
0.875 0.218744 0.00120428
0.991187 0.25 0.00149721
1 0.252903 0.00151745
1.125 0.289792 0.00180989
1.25 0.328146 0.00235904
1.375 0.369583 0.0054633
1.391 0.375 0.00633534
1.5 0.417663 0.0173729
1.625 0.473715 0.0448759
1.67675 0.5 0.0597189
1.75 0.542859 0.0803823
1.8666 0.625 0.0996266
1.875 0.631811 0.100012
1.9375 0.6875 0.0981751

