0.125 0.0281899 0
0.25 0.05085 0.000460057
0.375 0.0795214 0.000469701
0.5 0.112087 0.000522437
0.555013 0.125 0.000570575
0.625 0.148353 0.000643051
0.75 0.18535 0.000807133
0.875 0.221946 0.00103799
0.974712 0.25 0.00125407
1 0.258731 0.0013053
1.125 0.297271 0.00156415
1.25 0.3368 0.00188407
1.36562 0.375 0.00241322
1.375 0.378587 0.00250613
1.5 0.426178 0.00543431
1.625 0.481039 0.0165239
1.66394 0.5 0.0228531
1.75 0.54792 0.0419381
1.86345 0.625 0.0735515
1.875 0.633845 0.0765605
1.9375 0.6875 0.0907733

0.0497523 0.125 0
0.0757382 0.25 0.000459905
0.100985 0.375 0.000459584
0.124734 0.5 0.000473079
0.125 0.501674 0.000473414
0.151268 0.625 0.000498148
0.17614 0.75 0.000534317
0.201209 0.875 0.000588774
0.228208 1 0.000656109
0.25 1.09148 0.000712832
0.259476 1.125 0.000729814
0.295622 1.25 0.000789804
0.336756 1.375 0.00086967
0.375 1.47365 0.000940608
0.386883 1.5 0.000957143
0.447866 1.625 0.00103793
0.5 1.71411 0.00110948
0.524908 1.75 0.00113847
0.624561 1.875 0.00125618
0.625 1.87549 0.00125665
0.6875 1.9375 0.00131538

