0.125 0.0266327 0
0.25 0.0486263 0.000459736
0.375 0.0771003 0.000482823
0.5 0.110135 0.000573949
0.561232 0.125 0.00065803
0.625 0.147134 0.000750995
0.75 0.185335 0.000954088
0.875 0.223242 0.00121923
0.968163 0.25 0.00143773
1 0.261241 0.00150211
1.125 0.300629 0.00175736
1.25 0.34075 0.00294258
1.35449 0.375 0.00864139
1.375 0.382771 0.0108752
1.5 0.430106 0.0373346
1.625 0.484413 0.0796886
1.65766 0.5 0.0885089
1.75 0.550248 0.0977014
1.8619 0.625 0.0767342
1.875 0.634764 0.072887
1.9375 0.6875 0.0529968

0.0505306 0.125 0
0.0763834 0.25 0.000458428
0.101331 0.375 0.000461022
0.124759 0.5 0.000485701
0.125 0.501532 0.000486213
0.150953 0.625 0.00052343
0.175562 0.75 0.0005709
0.200452 0.875 0.000639064
0.227343 1 0.000719508
0.25 1.09497 0.000788095
0.258495 1.125 0.000803923
0.294656 1.25 0.000862397
0.335856 1.375 0.000947834
0.375 1.47558 0.00102739
0.386057 1.5 0.00104344
0.447213 1.625 0.00112878
0.5 1.71489 0.00121113
0.52446 1.75 0.00124372
0.624421 1.875 0.00138489
0.625 1.87565 0.00138567
0.6875 1.9375 0.00157976

