0.0477789 0.125 0
0.0740045 0.25 0.000458537
0.0999608 0.375 0.000463601
0.124536 0.5 0.000496964
0.125 0.502839 0.000498234
0.151932 0.625 0.000553112
0.177522 0.75 0.000626603
0.203115 0.875 0.000726878
0.230458 1 0.000842487
0.25 1.08224 0.000925682
0.262071 1.125 0.000961091
0.298208 1.25 0.00106
0.339209 1.375 0.00118628
0.375 1.46827 0.00129041
0.389151 1.5 0.0013221
0.449682 1.625 0.00145477
0.5 1.71187 0.00156977
0.526164 1.75 0.00162268
0.624986 1.875 0.00275821
0.625 1.87502 0.00275823
0.6875 1.9375 0.00467999

0.125 0.0317994 0
0.25 0.0558136 0.000459377
0.375 0.0846894 0.000478382
0.5 0.116034 0.00056026
0.541175 0.125 0.000610381
0.625 0.150644 0.000724579
0.75 0.185042 0.000931345
0.875 0.218905 0.00120696
0.990543 0.25 0.00149908
1 0.253117 0.00152087
1.125 0.290034 0.00181435
1.25 0.328396 0.00238751
1.375 0.369823 0.00558388
1.39031 0.375 0.00648167
1.5 0.417889 0.0180207
1.625 0.4739 0.0456746
1.67644 0.5 0.0605934
1.75 0.542988 0.0811279
1.86653 0.625 0.099944
1.875 0.631859 0.100235
1.9375 0.6875 0.0977602

