0.125 0.0267662 0
0.25 0.0488187 0.000460026
0.375 0.0773122 0.000469737
0.5 0.110308 0.0005216
0.560694 0.125 0.000573744
0.625 0.147244 0.000637133
0.75 0.18534 0.000787583
0.875 0.223132 0.000995368
0.968715 0.25 0.00117298
1 0.261024 0.00122574
1.125 0.300337 0.00143496
1.25 0.340404 0.00169336
1.35547 0.375 0.00196985
1.375 0.382406 0.00209384
1.5 0.429761 0.00437153
1.625 0.484117 0.0146527
1.65822 0.5 0.0199644
1.75 0.550044 0.0414312
1.86204 0.625 0.0750933
1.875 0.634684 0.0787903
1.9375 0.6875 0.0929762

0.0504637 0.125 0
0.0763282 0.25 0.000459892
0.101301 0.375 0.000459129
0.124757 0.5 0.000470939
0.125 0.501543 0.000471213
0.15098 0.625 0.000492095
0.175611 0.75 0.000522089
0.200517 0.875 0.000568447
0.227417 1 0.000626435
0.25 1.09467 0.000677621
0.258579 1.125 0.000690397
0.294739 1.25 0.000738874
0.335933 1.375 0.000807298
0.375 1.47541 0.00087057
0.386127 1.5 0.000883708
0.447268 1.625 0.000952203
0.5 1.71483 0.00101562
0.524498 1.75 0.00104033
0.624433 1.875 0.0011433
0.625 1.87564 0.00114384
0.6875 1.9375 0.00119465

