0.125 0.0269364 0
0.25 0.0490636 0.000460039
0.375 0.0775812 0.000469839
0.5 0.110528 0.000522259
0.560011 0.125 0.000574463
0.625 0.147383 0.000639785
0.75 0.185345 0.000794272
0.875 0.222991 0.00100866
0.969421 0.25 0.00119465
1 0.260748 0.00124899
1.125 0.299964 0.00147145
1.25 0.339966 0.00174649
1.35671 0.375 0.00208863
1.375 0.381942 0.00222019
1.5 0.429324 0.00481103
1.625 0.483742 0.0157744
1.65893 0.5 0.0214017
1.75 0.549785 0.0429322
1.86221 0.625 0.0764138
1.875 0.634582 0.0796258
1.9375 0.6875 0.0934504

0.0503785 0.125 0
0.0762578 0.25 0.000459896
0.101264 0.375 0.000459205
0.124754 0.5 0.000471281
0.125 0.501558 0.000471563
0.151015 0.625 0.00049306
0.175674 0.75 0.000524053
0.2006 0.875 0.000571725
0.227512 1 0.000631238
0.25 1.09429 0.000683449
0.258686 1.125 0.000696825
0.294844 1.25 0.000747237
0.336032 1.375 0.000817576
0.375 1.4752 0.000882203
0.386218 1.5 0.000895847
0.44734 1.625 0.000966419
0.5 1.71474 0.00103123
0.524547 1.75 0.00105663
0.624448 1.875 0.00116207
0.625 1.87562 0.0011626
0.6875 1.9375 0.00121472

