0.039956 0.125 0
0.0649586 0.25 0.000459923
0.0921589 0.375 0.000463001
0.119895 0.5 0.000490367
0.125 0.52691 0.000501811
0.150193 0.625 0.000549292
0.179833 0.75 0.000633105
0.209535 0.875 0.000756101
0.240441 1 0.000907078
0.25 1.03918 0.000959706
0.274779 1.125 0.00106711
0.312137 1.25 0.00122977
0.353756 1.375 0.00142185
0.375 1.43362 0.00151809
0.402826 1.5 0.00162173
0.461331 1.625 0.00183338
0.5 1.69601 0.00197985
0.534268 1.75 0.0022891
0.625 1.87104 0.00426399
0.628496 1.875 0.00435429
0.6875 1.9375 0.00702719

0.125 0.0359316 0
0.25 0.0602866 0.000459958
0.375 0.0881139 0.000464952
0.5 0.117513 0.000500007
0.536701 0.125 0.000520506
0.625 0.149661 0.000578077
0.75 0.181587 0.000688332
0.875 0.213489 0.000848431
1 0.246184 0.00104323
1.01552 0.25 0.00106976
1.125 0.281959 0.00124886
1.25 0.320032 0.00146557
1.375 0.361784 0.0017169
1.41273 0.375 0.0017973
1.5 0.410352 0.00197853
1.625 0.46772 0.00267784
1.68642 0.5 0.0036715
1.75 0.538685 0.00560848
1.86875 0.625 0.0142081
1.875 0.63027 0.0149329
1.9375 0.6875 0.0238576

