0.125 0.0265835 0
0.25 0.0485553 0.000460012
0.375 0.0770219 0.00046963
0.5 0.110071 0.000520903
0.56143 0.125 0.000572967
0.625 0.147093 0.000634304
0.75 0.185333 0.000780408
0.875 0.223282 0.000981028
0.96796 0.25 0.00114964
1 0.26132 0.00120049
1.125 0.300737 0.00139514
1.25 0.340877 0.00163512
1.35413 0.375 0.00185721
1.375 0.382906 0.00195921
1.5 0.430233 0.00388332
1.625 0.484522 0.0132225
1.65745 0.5 0.0181091
1.75 0.550323 0.0395151
1.86185 0.625 0.073739
1.875 0.634793 0.0774236
1.9375 0.6875 0.0920832

0.0505553 0.125 0
0.0764037 0.25 0.000459888
0.101342 0.375 0.000459049
0.12476 0.5 0.000470581
0.125 0.501527 0.000470847
0.150943 0.625 0.000491084
0.175543 0.75 0.000520036
0.200428 0.875 0.00056502
0.227316 1 0.00062141
0.25 1.09508 0.000671517
0.258464 1.125 0.000683672
0.294626 1.25 0.000730124
0.335828 1.375 0.000796544
0.375 1.47564 0.000858386
0.386031 1.5 0.000871003
0.447192 1.625 0.000937323
0.5 1.71492 0.000999266
0.524446 1.75 0.00102327
0.624416 1.875 0.00112367
0.625 1.87565 0.0011242
0.6875 1.9375 0.00117364

