0.125 0.0299197 0
0.25 0.0532701 0.00045956
0.375 0.0820908 0.000480647
0.5 0.114096 0.000568864
0.548189 0.125 0.000632914
0.625 0.149566 0.000746628
0.75 0.185283 0.000966661
0.875 0.220509 0.00126024
0.982173 0.25 0.00154876
1 0.256013 0.0015928
1.125 0.293712 0.00191147
1.25 0.332638 0.00293347
1.375 0.374181 0.00866119
1.37747 0.375 0.00887832
1.5 0.422057 0.0280739
1.625 0.477489 0.0623579
1.67029 0.5 0.0762385
1.75 0.54547 0.0942532
1.86501 0.625 0.098562
1.875 0.632864 0.0975632
1.9375 0.6875 0.0872614

0.0488897 0.125 0
0.0750123 0.25 0.000458513
0.100588 0.375 0.000462758
0.124695 0.5 0.000493154
0.125 0.501894 0.000493927
0.151612 0.625 0.000543006
0.17678 0.75 0.000607858
0.202051 0.875 0.000697295
0.229171 1 0.000800882
0.25 1.08758 0.00088073
0.260568 1.125 0.000907911
0.296699 1.25 0.000993035
0.33776 1.375 0.00110482
0.375 1.47147 0.0012011
0.387806 1.5 0.00122607
0.448598 1.625 0.00134126
0.5 1.71322 0.00144426
0.525412 1.75 0.00148882
0.624721 1.875 0.00199055
0.625 1.87531 0.00199097
0.6875 1.9375 0.00298566

