0.125 0.0264518 0
0.25 0.0483651 0.000460001
0.375 0.0768118 0.000469537
0.5 0.109898 0.000520314
0.561961 0.125 0.00057222
0.625 0.146983 0.000631957
0.75 0.185327 0.000774526
0.875 0.22339 0.000969311
0.967419 0.25 0.0011308
1 0.261534 0.00117987
1.125 0.301027 0.00136261
1.25 0.341219 0.00158745
1.35316 0.375 0.00179236
1.375 0.383267 0.00185421
1.5 0.430574 0.00350642
1.625 0.484814 0.0119348
1.65689 0.5 0.0166364
1.75 0.550525 0.0372896
1.86171 0.625 0.0724778
1.875 0.634872 0.0766475
1.9375 0.6875 0.0916739

0.0506214 0.125 0
0.0764582 0.25 0.000459885
0.101371 0.375 0.000458989
0.124762 0.5 0.000470312
0.125 0.501515 0.000470572
0.150917 0.625 0.000490327
0.175495 0.75 0.000518497
0.200365 0.875 0.000562449
0.227243 1 0.000617639
0.25 1.09537 0.000666919
0.258382 1.125 0.000678619
0.294544 1.25 0.000723543
0.335752 1.375 0.000788451
0.375 1.4758 0.000849202
0.385961 1.5 0.000861433
0.447137 1.625 0.000926108
0.5 1.71498 0.000986939
0.524408 1.75 0.00101041
0.624405 1.875 0.00110886
0.625 1.87567 0.0011094
0.6875 1.9375 0.0011578

