0.125 0.0264722 0
0.25 0.0483946 0.000460003
0.375 0.0768444 0.000469552
0.5 0.109925 0.000520412
0.561879 0.125 0.00057235
0.625 0.147 0.000632345
0.75 0.185328 0.00077549
0.875 0.223374 0.000971228
0.967503 0.25 0.00113387
1 0.261501 0.00118325
1.125 0.300982 0.00136793
1.25 0.341166 0.00159525
1.35331 0.375 0.00180294
1.375 0.383211 0.00187295
1.5 0.430521 0.0035546
1.625 0.484769 0.0122781
1.65698 0.5 0.0168746
1.75 0.550493 0.0377223
1.86173 0.625 0.0725178
1.875 0.63486 0.0766924
1.9375 0.6875 0.0917389

0.0506112 0.125 0
0.0764498 0.25 0.000459886
0.101366 0.375 0.000458998
0.124762 0.5 0.000470355
0.125 0.501517 0.000470616
0.150921 0.625 0.000490447
0.175502 0.75 0.00051874
0.200375 0.875 0.000562855
0.227254 1 0.000618236
0.25 1.09533 0.000667647
0.258394 1.125 0.000679419
0.294557 1.25 0.000724584
0.335764 1.375 0.000789734
0.375 1.47578 0.000850659
0.385972 1.5 0.00086295
0.447146 1.625 0.000927886
0.5 1.71497 0.000988895
0.524414 1.75 0.00101244
0.624406 1.875 0.00111121
0.625 1.87566 0.00111174
0.6875 1.9375 0.00116031

