0.0479632 0.125 0
0.0742064 0.25 0.000459877
0.100122 0.375 0.000460216
0.124618 0.5 0.000476466
0.125 0.502343 0.000477023
0.151948 0.625 0.000507851
0.177448 0.75 0.000553592
0.202951 0.875 0.000620553
0.230217 1 0.000702106
0.25 1.08331 0.000763642
0.261767 1.125 0.000789813
0.297887 1.25 0.000866045
0.338877 1.375 0.000962386
0.375 1.46902 0.00104208
0.388838 1.5 0.00106555
0.449421 1.625 0.00116371
0.5 1.71221 0.00124604
0.525983 1.75 0.00128226
0.62491 1.875 0.00142177
0.625 1.8751 0.00142188
0.6875 1.9375 0.00149268

0.125 0.0317011 0
0.25 0.055704 0.000459951
0.375 0.0846033 0.000467512
0.5 0.115995 0.00051304
0.541287 0.125 0.000543348
0.625 0.150667 0.000616908
0.75 0.185129 0.000762753
0.875 0.219041 0.000968778
0.989999 0.25 0.00119374
1 0.253298 0.001212
1.125 0.290238 0.00144353
1.25 0.328607 0.00172946
1.375 0.370025 0.0020483
1.38972 0.375 0.0020877
1.5 0.41808 0.00306235
1.625 0.474057 0.00717317
1.67618 0.5 0.0108966
1.75 0.543098 0.0196915
1.86647 0.625 0.0433689
1.875 0.6319 0.0454137
1.9375 0.6875 0.0615756

