0.125 0.0269223 0
0.25 0.0490433 0.000459763
0.375 0.077559 0.000483103
0.5 0.11051 0.000575846
0.560067 0.125 0.000660197
0.625 0.147371 0.000758253
0.75 0.185345 0.000971217
0.875 0.223002 0.00125158
0.969363 0.25 0.0014887
1 0.260771 0.00155685
1.125 0.299995 0.00184192
1.25 0.340002 0.00330345
1.35661 0.375 0.0100152
1.375 0.381981 0.0122716
1.5 0.42936 0.0397024
1.625 0.483773 0.0807755
1.65887 0.5 0.0895544
1.75 0.549806 0.0985534
1.8622 0.625 0.079741
1.875 0.634591 0.0763663
1.9375 0.6875 0.0574429

0.0503856 0.125 0
0.0762637 0.25 0.000458447
0.101267 0.375 0.000461278
0.124755 0.5 0.000486744
0.125 0.501557 0.00048728
0.151012 0.625 0.000526187
0.175669 0.75 0.000576199
0.200593 0.875 0.0006475
0.227504 1 0.000731401
0.25 1.09432 0.000802218
0.258677 1.125 0.000819343
0.294836 1.25 0.00088199
0.336024 1.375 0.000971473
0.375 1.47522 0.0010539
0.38621 1.5 0.00107102
0.447334 1.625 0.0011609
0.5 1.71475 0.00124645
0.524543 1.75 0.00128064
0.624446 1.875 0.00142795
0.625 1.87562 0.00142873
0.6875 1.9375 0.00169868

