0.125 0.0289039 0
0.25 0.051855 0.000459669
0.375 0.0805961 0.000481924
0.5 0.112934 0.000573522
0.552192 0.125 0.000646006
0.625 0.148868 0.000758162
0.75 0.185329 0.000984273
0.875 0.221349 0.00128598
0.977782 0.25 0.00157009
1 0.257596 0.00162659
1.125 0.295777 0.00195667
1.25 0.33505 0.00334476
1.3705 0.375 0.0104191
1.375 0.376725 0.0109546
1.5 0.424444 0.0335916
1.625 0.479547 0.0713096
1.66664 0.5 0.0830617
1.75 0.546891 0.0982085
1.86411 0.625 0.0943585
1.875 0.633435 0.0926542
1.9375 0.6875 0.0789564

0.0493961 0.125 0
0.07544 0.25 0.000458504
0.100823 0.375 0.000462369
0.12472 0.5 0.000491402
0.125 0.501755 0.000492086
0.151411 0.625 0.000538421
0.176405 0.75 0.000599337
0.201557 0.875 0.000683993
0.228606 1 0.000782446
0.25 1.08987 0.000860643
0.259926 1.125 0.00088467
0.296066 1.25 0.000964148
0.33717 1.375 0.00107023
0.375 1.47275 0.00116337
0.387263 1.5 0.00118593
0.448167 1.625 0.00129458
0.5 1.71374 0.00139313
0.525115 1.75 0.00143472
0.624627 1.875 0.00177505
0.625 1.87542 0.00177563
0.6875 1.9375 0.00251192

