0.125 0.0265955 0
0.25 0.0485727 0.000460013
0.375 0.0770411 0.000469638
0.5 0.110087 0.000520952
0.561382 0.125 0.000573026
0.625 0.147103 0.000634503
0.75 0.185333 0.000780908
0.875 0.223272 0.000982027
0.96801 0.25 0.00115125
1 0.261301 0.00120225
1.125 0.300711 0.00139792
1.25 0.340846 0.00163918
1.35422 0.375 0.00186276
1.375 0.382873 0.00196968
1.5 0.430202 0.00389081
1.625 0.484495 0.0132317
1.6575 0.5 0.0183556
1.75 0.550304 0.0395282
1.86186 0.625 0.0737622
1.875 0.634786 0.0779394
1.9375 0.6875 0.0921196

0.0505493 0.125 0
0.0763988 0.25 0.000459889
0.101339 0.375 0.000459054
0.12476 0.5 0.000470605
0.125 0.501528 0.000470871
0.150946 0.625 0.000491151
0.175548 0.75 0.000520173
0.200434 0.875 0.000565248
0.227323 1 0.000621746
0.25 1.09505 0.000671926
0.258472 1.125 0.000684122
0.294633 1.25 0.00073071
0.335835 1.375 0.000797266
0.375 1.47562 0.000859203
0.386037 1.5 0.000871853
0.447197 1.625 0.00093832
0.5 1.71491 0.00100036
0.524449 1.75 0.00102441
0.624417 1.875 0.00112498
0.625 1.87565 0.00112552
0.6875 1.9375 0.00117505

