0.125 0.0266849 0
0.25 0.0487015 0.000459741
0.375 0.0771832 0.000482873
0.5 0.110203 0.000574288
0.561022 0.125 0.000658422
0.625 0.147177 0.000752296
0.75 0.185337 0.000957174
0.875 0.223199 0.00122508
0.968378 0.25 0.00144694
1 0.261156 0.00151205
1.125 0.300515 0.00177276
1.25 0.340615 0.00300889
1.35487 0.375 0.00889926
1.375 0.382628 0.0112
1.5 0.429971 0.0377966
1.625 0.484297 0.0797999
1.65788 0.5 0.0886264
1.75 0.550168 0.0979028
1.86195 0.625 0.0772671
1.875 0.634733 0.0734434
1.9375 0.6875 0.0539457

0.0505045 0.125 0
0.0763618 0.25 0.000458431
0.101319 0.375 0.000461068
0.124758 0.5 0.000485886
0.125 0.501536 0.000486402
0.150964 0.625 0.000523918
0.175581 0.75 0.000571838
0.200478 0.875 0.00064056
0.227372 1 0.000721615
0.25 1.09485 0.000790599
0.258528 1.125 0.000806656
0.294688 1.25 0.00086587
0.335887 1.375 0.000952021
0.375 1.47551 0.00103209
0.386084 1.5 0.00104832
0.447234 1.625 0.00113447
0.5 1.71487 0.00121739
0.524475 1.75 0.00125026
0.624425 1.875 0.00139252
0.625 1.87564 0.00139329
0.6875 1.9375 0.00159987

