0.125 0.0272362 0
0.25 0.0494933 0.000459786
0.375 0.0780515 0.000483332
0.5 0.110909 0.00057752
0.55881 0.125 0.000661726
0.625 0.147623 0.000764834
0.75 0.185352 0.000986989
0.875 0.222742 0.00128141
0.970673 0.25 0.00153649
1 0.260263 0.00160715
1.125 0.299313 0.0019193
1.25 0.339198 0.00364352
1.35888 0.375 0.0112726
1.375 0.38113 0.013449
1.5 0.42856 0.0417276
1.625 0.483086 0.0813991
1.66016 0.5 0.0901985
1.75 0.549332 0.0993201
1.86251 0.625 0.082854
1.875 0.634404 0.0796657
1.9375 0.6875 0.061846

0.0502286 0.125 0
0.0761339 0.25 0.000458467
0.101197 0.375 0.000461545
0.12475 0.5 0.000487837
0.125 0.501584 0.000488399
0.151075 0.625 0.000529078
0.175785 0.75 0.00058175
0.200745 0.875 0.000656328
0.227678 1 0.000743833
0.25 1.09362 0.000816907
0.258875 1.125 0.000835439
0.29503 1.25 0.000902419
0.336205 1.375 0.000996109
0.375 1.47483 0.00108149
0.386376 1.5 0.00109976
0.447465 1.625 0.00119438
0.5 1.71459 0.00128324
0.524633 1.75 0.00131913
0.624475 1.875 0.00147291
0.625 1.87559 0.00147368
0.6875 1.9375 0.00183957

