0.125 0.026852 0
0.25 0.0489422 0.000460032
0.375 0.0774479 0.000469785
0.5 0.110419 0.000521912
0.56035 0.125 0.000574073
0.625 0.147314 0.000638407
0.75 0.185343 0.00079082
0.875 0.223061 0.00100183
0.96907 0.25 0.00118355
1 0.260885 0.00123708
1.125 0.300149 0.0014528
1.25 0.340183 0.00171938
1.3561 0.375 0.00202718
1.375 0.382172 0.00215512
1.5 0.429541 0.0045608
1.625 0.483928 0.0151055
1.65858 0.5 0.0205427
1.75 0.549913 0.0424004
1.86212 0.625 0.0757569
1.875 0.634633 0.0794576
1.9375 0.6875 0.0928604

0.0504208 0.125 0
0.0762927 0.25 0.000459894
0.101282 0.375 0.000459166
0.124756 0.5 0.000471108
0.125 0.501551 0.000471386
0.150997 0.625 0.000492569
0.175643 0.75 0.000523054
0.200559 0.875 0.000570058
0.227465 1 0.000628795
0.25 1.09448 0.000680484
0.258633 1.125 0.000693553
0.294792 1.25 0.00074298
0.335983 1.375 0.000812345
0.375 1.47531 0.000876281
0.386173 1.5 0.000889668
0.447304 1.625 0.000959179
0.5 1.71478 0.00102328
0.524523 1.75 0.00104833
0.62444 1.875 0.00115251
0.625 1.87563 0.00115304
0.6875 1.9375 0.0012045

