0.125 0.0275389 0
0.25 0.0499258 0.000459784
0.375 0.0785225 0.000483286
0.5 0.111289 0.000577836
0.5576 0.125 0.000660742
0.625 0.14786 0.000767
0.75 0.185355 0.000993529
0.875 0.22249 0.00129471
0.971947 0.25 0.00156049
1 0.259775 0.00163067
1.125 0.298659 0.00195609
1.25 0.338429 0.00376295
1.36104 0.375 0.0118145
1.375 0.380316 0.013559
1.5 0.427795 0.0411295
1.625 0.48243 0.0805316
1.66138 0.5 0.0899828
1.75 0.548879 0.0997998
1.86281 0.625 0.0853576
1.875 0.634226 0.0823467
1.9375 0.6875 0.0652744

0.0500773 0.125 0
0.0760086 0.25 0.00045848
0.10113 0.375 0.000461744
0.124745 0.5 0.00048867
0.125 0.501611 0.000489254
0.151137 0.625 0.000531272
0.175898 0.75 0.000585927
0.200893 0.875 0.00066294
0.227846 1 0.000753107
0.25 1.09294 0.00082769
0.259065 1.125 0.000847374
0.295218 1.25 0.000917492
0.33638 1.375 0.00101425
0.375 1.47446 0.0011017
0.386537 1.5 0.00112089
0.447592 1.625 0.00121897
0.5 1.71444 0.00131025
0.52472 1.75 0.00134744
0.624502 1.875 0.00152241
0.625 1.87556 0.00152667
0.6875 1.9375 0.00196908

