0.125 0.0308477 0
0.25 0.0545482 0.000459461
0.375 0.0834224 0.00047948
0.5 0.115114 0.000564488
0.54454 0.125 0.000621158
0.625 0.150169 0.000735472
0.75 0.185224 0.000948899
0.875 0.219752 0.00123351
0.986208 0.25 0.00152382
1 0.254596 0.00155673
1.125 0.291885 0.00186269
1.25 0.33051 0.00262185
1.375 0.371987 0.00695809
1.38399 0.375 0.00756987
1.5 0.419953 0.0226039
1.625 0.475673 0.0543322
1.67344 0.5 0.068765
1.75 0.544215 0.0886055
1.86579 0.625 0.100308
1.875 0.632355 0.0999679
1.9375 0.6875 0.0933339

0.0484272 0.125 0
0.0746178 0.25 0.00045852
0.100368 0.375 0.000463103
0.124669 0.5 0.00049472
0.125 0.502047 0.000495587
0.151793 0.625 0.000547111
0.177123 0.75 0.000615469
0.202503 0.875 0.00070915
0.229688 1 0.00081728
0.25 1.08548 0.000898358
0.261156 1.125 0.000928527
0.297279 1.25 0.00101862
0.3383 1.375 0.00113544
0.375 1.47029 0.00123437
0.388304 1.5 0.00126161
0.448993 1.625 0.00138264
0.5 1.71274 0.0014896
0.525686 1.75 0.00153692
0.624809 1.875 0.00224067
0.625 1.87522 0.00224095
0.6875 1.9375 0.00352833

