0.125 0.0287557 0
0.25 0.0516471 0.000459684
0.375 0.0803748 0.000482104
0.5 0.112761 0.000574161
0.552776 0.125 0.00064788
0.625 0.148763 0.000759692
0.75 0.185335 0.000986492
0.875 0.221473 0.00128909
0.977141 0.25 0.0015722
1 0.257831 0.00163049
1.125 0.296085 0.00196175
1.25 0.33541 0.00339794
1.3695 0.375 0.0106783
1.375 0.377109 0.0112241
1.5 0.424801 0.0346514
1.625 0.479854 0.0726234
1.66609 0.5 0.083751
1.75 0.547102 0.0986137
1.86397 0.625 0.0935468
1.875 0.63352 0.0915781
1.9375 0.6875 0.0776481

0.04947 0.125 0
0.0755021 0.25 0.000458502
0.100857 0.375 0.00046231
0.124723 0.5 0.000491137
0.125 0.501737 0.00049181
0.151382 0.625 0.000537729
0.17635 0.75 0.000598047
0.201485 0.875 0.000681979
0.228523 1 0.000779647
0.25 1.0902 0.00085756
0.259833 1.125 0.000881134
0.295974 1.25 0.000959742
0.337084 1.375 0.00106496
0.375 1.47294 0.00115759
0.387184 1.5 0.00117981
0.448104 1.625 0.00128747
0.5 1.71382 0.00138534
0.525072 1.75 0.00142649
0.624613 1.875 0.00174537
0.625 1.87543 0.00174596
0.6875 1.9375 0.00244261

