0.0434144 0.125 0
0.069057 0.25 0.000458706
0.0957972 0.375 0.000466567
0.122152 0.5 0.000509924
0.125 0.516044 0.000519599
0.151114 0.625 0.000588491
0.178881 0.75 0.000690267
0.206665 0.875 0.000829909
0.235911 1 0.000992461
0.25 1.05844 0.00107537
0.268997 1.125 0.00115821
0.305704 1.25 0.00131476
0.347031 1.375 0.0015062
0.375 1.45011 0.00163208
0.396516 1.5 0.00171109
0.45592 1.625 0.00212511
0.5 1.70363 0.00314244
0.530515 1.75 0.0043575
0.625 1.87294 0.0128213
0.626894 1.875 0.0131575
0.6875 1.9375 0.0226512

0.125 0.0341012 0
0.25 0.0583398 0.000459235
0.375 0.0866496 0.000475504
0.5 0.116902 0.000548052
0.538577 0.125 0.000589369
0.625 0.150109 0.000692031
0.75 0.18309 0.000874494
0.875 0.215832 0.00112051
1 0.249095 0.00140471
1.00369 0.25 0.00141371
1.125 0.285434 0.00169689
1.25 0.323634 0.00201501
1.375 0.36525 0.00333399
1.40326 0.375 0.00404308
1.5 0.413592 0.00918466
1.625 0.470377 0.0265115
1.68222 0.5 0.0396024
1.75 0.54053 0.0582668
1.86782 0.625 0.0888894
1.875 0.630948 0.0901456
1.9375 0.6875 0.0987746

