0.0434144 0.125 0
0.069057 0.25 0.000459896
0.0957972 0.375 0.000461708
0.122152 0.5 0.000484
0.125 0.516044 0.000489401
0.151114 0.625 0.00053025
0.178881 0.75 0.000596811
0.206665 0.875 0.000694451
0.235911 1 0.000814261
0.25 1.05844 0.000877087
0.268997 1.125 0.000941903
0.305704 1.25 0.00106596
0.347031 1.375 0.00121539
0.375 1.45011 0.00131218
0.396516 1.5 0.00137217
0.45592 1.625 0.00153207
0.5 1.70363 0.00164927
0.530515 1.75 0.00172012
0.625 1.87294 0.00208514
0.626894 1.875 0.00209574
0.6875 1.9375 0.00272035

0.125 0.0341012 0
0.25 0.0583398 0.00045996
0.375 0.0866496 0.000466073
0.5 0.116902 0.000505706
0.538577 0.125 0.000530173
0.625 0.150109 0.000595088
0.75 0.18309 0.000721369
0.875 0.215832 0.000902345
1 0.249095 0.00112028
1.00369 0.25 0.00112726
1.125 0.285434 0.00134952
1.25 0.323634 0.00159422
1.375 0.36525 0.0018759
1.40326 0.375 0.00194316
1.5 0.413592 0.00225594
1.625 0.470377 0.00392634
1.68222 0.5 0.00580814
1.75 0.54053 0.00996119
1.86782 0.625 0.024595
1.875 0.630948 0.025732
1.9375 0.6875 0.0385303

