0.125 0.0274998 0
0.25 0.04987 0.000460064
0.375 0.0784618 0.00046997
0.5 0.11124 0.000523345
0.557757 0.125 0.000574631
0.625 0.147829 0.000644735
0.75 0.185355 0.000807798
0.875 0.222523 0.0010363
0.971782 0.25 0.00124252
1 0.259838 0.00129823
1.125 0.298743 0.00154943
1.25 0.338528 0.00186018
1.36076 0.375 0.00236491
1.375 0.380421 0.00249717
1.5 0.427894 0.00566013
1.625 0.482514 0.0178311
1.66122 0.5 0.0240008
1.75 0.548937 0.0453195
1.86278 0.625 0.0769268
1.875 0.634249 0.0802504
1.9375 0.6875 0.0934449

0.0500969 0.125 0
0.0760248 0.25 0.000459905
0.101139 0.375 0.000459418
0.124746 0.5 0.000472256
0.125 0.501607 0.000472563
0.151129 0.625 0.000495816
0.175883 0.75 0.000529639
0.200873 0.875 0.000581029
0.227825 1 0.000644844
0.25 1.09303 0.000699767
0.259041 1.125 0.000714965
0.295194 1.25 0.000770757
0.336357 1.375 0.000846419
0.375 1.47451 0.000914721
0.386516 1.5 0.000929861
0.447576 1.625 0.00100619
0.5 1.71446 0.00107484
0.524708 1.75 0.00110218
0.624498 1.875 0.00121448
0.625 1.87556 0.001215
0.6875 1.9375 0.00127079

