0.125 0.0269799 0
0.25 0.0491261 0.000460042
0.375 0.0776497 0.000469868
0.5 0.110583 0.000522437
0.559836 0.125 0.000574663
0.625 0.147418 0.000640495
0.75 0.185347 0.000796048
0.875 0.222955 0.00101217
0.969602 0.25 0.00120036
1 0.260678 0.00125509
1.125 0.29987 0.00148098
1.25 0.339854 0.00176032
1.35703 0.375 0.00211815
1.375 0.381824 0.0022617
1.5 0.429213 0.00494208
1.625 0.483647 0.0162238
1.65911 0.5 0.0219797
1.75 0.549719 0.0434243
1.86226 0.625 0.0764908
1.875 0.634556 0.0802028
1.9375 0.6875 0.0935673

0.0503567 0.125 0
0.0762398 0.25 0.000459898
0.101254 0.375 0.000459225
0.124754 0.5 0.000471372
0.125 0.501562 0.000471655
0.151023 0.625 0.000493315
0.17569 0.75 0.000524572
0.200621 0.875 0.000572591
0.227536 1 0.000632507
0.25 1.09419 0.00068499
0.258714 1.125 0.000698523
0.294871 1.25 0.000749449
0.336057 1.375 0.000820294
0.375 1.47515 0.000885281
0.386241 1.5 0.000899057
0.447358 1.625 0.00097018
0.5 1.71472 0.00103536
0.524559 1.75 0.00106094
0.624452 1.875 0.00116703
0.625 1.87561 0.00116756
0.6875 1.9375 0.00122003

