0.125 0.0274299 0
0.25 0.0497702 0.000459787
0.375 0.0783533 0.000483327
0.5 0.111153 0.000577841
0.558036 0.125 0.000661317
0.625 0.147775 0.000766602
0.75 0.185354 0.000991964
0.875 0.222581 0.00129132
0.971487 0.25 0.00155385
1 0.259951 0.00162444
1.125 0.298894 0.00194623
1.25 0.338705 0.00374716
1.36027 0.375 0.0116334
1.375 0.380608 0.0137014
1.5 0.42807 0.0414675
1.625 0.482666 0.0813006
1.66094 0.5 0.0901797
1.75 0.549042 0.0995884
1.86271 0.625 0.0842659
1.875 0.63429 0.0814505
1.9375 0.6875 0.0638781

0.0501318 0.125 0
0.0760537 0.25 0.000458476
0.101154 0.375 0.000461678
0.124747 0.5 0.00048839
0.125 0.501601 0.000488967
0.151114 0.625 0.000530538
0.175857 0.75 0.000584533
0.200839 0.875 0.000660736
0.227786 1 0.000750021
0.25 1.09318 0.000824123
0.258997 1.125 0.000843411
0.29515 1.25 0.000912496
0.336317 1.375 0.00100824
0.375 1.47459 0.00109502
0.386479 1.5 0.00111389
0.447546 1.625 0.00121084
0.5 1.71449 0.00130132
0.524688 1.75 0.00133807
0.624492 1.875 0.00150139
0.625 1.87557 0.00150541
0.6875 1.9375 0.00192397

