0.125 0.0264034 0
0.25 0.048295 0.000459996
0.375 0.0767343 0.000469497
0.5 0.109835 0.00052007
0.562157 0.125 0.00057189
0.625 0.146942 0.000631
0.75 0.185324 0.000772145
0.875 0.22343 0.000964579
0.967221 0.25 0.00112325
1 0.261613 0.00117156
1.125 0.301134 0.00134949
1.25 0.341345 0.00156821
1.3528 0.375 0.00176631
1.375 0.3834 0.00181272
1.5 0.4307 0.00334201
1.625 0.484922 0.0115749
1.65669 0.5 0.0159473
1.75 0.550599 0.0364242
1.86166 0.625 0.0718801
1.875 0.634901 0.0760503
1.9375 0.6875 0.0915168

0.0506458 0.125 0
0.0764783 0.25 0.000459884
0.101381 0.375 0.000458965
0.124763 0.5 0.00047021
0.125 0.501511 0.000470467
0.150907 0.625 0.000490038
0.175477 0.75 0.000517911
0.200341 0.875 0.000561469
0.227216 1 0.000616199
0.25 1.09548 0.000665158
0.258351 1.125 0.000676688
0.294514 1.25 0.000721026
0.335724 1.375 0.000785354
0.375 1.47586 0.000845686
0.385935 1.5 0.000857772
0.447117 1.625 0.000921816
0.5 1.71501 0.00098222
0.524394 1.75 0.00100548
0.6244 1.875 0.00110319
0.625 1.87567 0.00110373
0.6875 1.9375 0.00115174

