0.125 0.0272612 0
0.25 0.0495292 0.000459787
0.375 0.0780906 0.000483335
0.5 0.110941 0.000577578
0.55871 0.125 0.000661705
0.625 0.147643 0.000765116
0.75 0.185352 0.000987745
0.875 0.222721 0.00128289
0.970778 0.25 0.00153902
1 0.260223 0.00160971
1.125 0.299258 0.00192327
1.25 0.339134 0.00364945
1.35906 0.375 0.0114295
1.375 0.381062 0.0134593
1.5 0.428496 0.0417509
1.625 0.483032 0.08145
1.66026 0.5 0.0902505
1.75 0.549295 0.0994001
1.86254 0.625 0.0829359
1.875 0.634389 0.0797481
1.9375 0.6875 0.061918

0.0502161 0.125 0
0.0761236 0.25 0.000458469
0.101192 0.375 0.000461563
0.124749 0.5 0.000487912
0.125 0.501586 0.000488475
0.15108 0.625 0.000529275
0.175795 0.75 0.000582124
0.200757 0.875 0.000656921
0.227692 1 0.000744664
0.25 1.09356 0.000817881
0.258891 1.125 0.000836513
0.295046 1.25 0.000903778
0.336219 1.375 0.000997745
0.375 1.4748 0.00108331
0.38639 1.5 0.00110166
0.447476 1.625 0.0011966
0.5 1.71458 0.00128568
0.52464 1.75 0.00132168
0.624477 1.875 0.0014759
0.625 1.87559 0.00147666
0.6875 1.9375 0.00185237

