0.125 0.02701 0
0.25 0.0491692 0.000459773
0.375 0.077697 0.000483198
0.5 0.110622 0.000576462
0.559715 0.125 0.00066091
0.625 0.147442 0.000760569
0.75 0.185347 0.000976621
0.875 0.22293 0.00126171
0.969728 0.25 0.00150461
1 0.260629 0.00157382
1.125 0.299804 0.00186799
1.25 0.339777 0.00342222
1.35724 0.375 0.010464
1.375 0.381742 0.0126516
1.5 0.429136 0.0406438
1.625 0.483581 0.0809491
1.65923 0.5 0.0897351
1.75 0.549674 0.0988587
1.86229 0.625 0.080663
1.875 0.634539 0.0773392
1.9375 0.6875 0.0588817

0.0503417 0.125 0
0.0762274 0.25 0.000458454
0.101247 0.375 0.000461359
0.124753 0.5 0.000487073
0.125 0.501564 0.000487616
0.151029 0.625 0.00052706
0.175701 0.75 0.000577879
0.200635 0.875 0.000650175
0.227553 1 0.000735172
0.25 1.09412 0.000806695
0.258733 1.125 0.000824235
0.29489 1.25 0.000888207
0.336074 1.375 0.000978973
0.375 1.47511 0.00106231
0.386257 1.5 0.00107977
0.44737 1.625 0.0011711
0.5 1.7147 0.00125766
0.524568 1.75 0.00129236
0.624454 1.875 0.00144164
0.625 1.87561 0.00144241
0.6875 1.9375 0.00174456

