0.0422313 0.125 0
0.067673 0.25 0.000459903
0.0945878 0.375 0.000462124
0.121419 0.5 0.000486067
0.125 0.519722 0.000493267
0.150828 0.625 0.000536427
0.179221 0.75 0.000608609
0.207641 0.875 0.000714513
0.237438 1 0.000844499
0.25 1.0519 0.000904854
0.270941 1.125 0.000982663
0.30785 1.25 0.00111927
0.349274 1.375 0.00128254
0.375 1.44471 0.00138034
0.398621 1.5 0.00145321
0.45772 1.625 0.0016295
0.5 1.70115 0.00175435
0.531765 1.75 0.00183665
0.625 1.87232 0.00252621
0.627432 1.875 0.00255848
0.6875 1.9375 0.00360218

0.125 0.0347264 0
0.25 0.0590109 0.000459959
0.375 0.0871591 0.000465679
0.5 0.117118 0.000503712
0.537916 0.125 0.00052675
0.625 0.149958 0.000589129
0.75 0.182572 0.00070983
0.875 0.215023 0.000883567
1 0.248089 0.00109351
1.00779 0.25 0.00110776
1.125 0.28423 0.00131457
1.25 0.322386 0.00154953
1.375 0.36405 0.00182055
1.40657 0.375 0.00189292
1.5 0.412469 0.00211394
1.625 0.469455 0.00337992
1.68369 0.5 0.00491163
1.75 0.53989 0.00814786
1.86815 0.625 0.0206015
1.875 0.630712 0.0215955
1.9375 0.6875 0.0329996

