0.0467099 0.125 0
0.0728154 0.25 0.000459884
0.0989829 0.375 0.000460646
0.123996 0.5 0.000478641
0.125 0.50602 0.000480238
0.151764 0.625 0.000514298
0.177869 0.75 0.00056618
0.203978 0.875 0.000642235
0.23177 1 0.000735277
0.25 1.07645 0.000799606
0.263737 1.125 0.000835251
0.299988 1.25 0.00092625
0.341064 1.375 0.00103913
0.375 1.46406 0.00112694
0.390903 1.5 0.00115924
0.451156 1.625 0.00127688
0.5 1.70998 0.00137149
0.527195 1.75 0.00141695
0.625 1.87454 0.00158093
0.625443 1.875 0.00158162
0.6875 1.9375 0.00167287

0.125 0.0323627 0
0.25 0.0564399 0.000459961
0.375 0.0851815 0.000467184
0.5 0.116257 0.000511326
0.540517 0.125 0.000540093
0.625 0.150515 0.000611856
0.75 0.184557 0.000753513
0.875 0.218138 0.000954238
0.99362 0.25 0.00118114
1 0.252096 0.00119253
1.125 0.288882 0.00141839
1.25 0.327205 0.00169749
1.375 0.36868 0.00200789
1.39359 0.375 0.00205632
1.5 0.416813 0.00278373
1.625 0.473018 0.00609686
1.67791 0.5 0.00927878
1.75 0.542372 0.0166349
1.86686 0.625 0.0378929
1.875 0.63163 0.0393836
1.9375 0.6875 0.055319

