0.125 0.0267959 0
0.25 0.0488614 0.000460028
0.375 0.0773592 0.000469751
0.5 0.110347 0.000521697
0.560575 0.125 0.000573836
0.625 0.147268 0.000637536
0.75 0.185341 0.000788621
0.875 0.223107 0.000997452
0.968837 0.25 0.00117641
1 0.260976 0.00122942
1.125 0.300272 0.00144076
1.25 0.340328 0.00170185
1.35569 0.375 0.00198987
1.375 0.382325 0.00211173
1.5 0.429685 0.00443354
1.625 0.484052 0.0146729
1.65834 0.5 0.0202422
1.75 0.549999 0.0414624
1.86207 0.625 0.075149
1.875 0.634666 0.0788521
1.9375 0.6875 0.0927036

0.0504489 0.125 0
0.0763159 0.25 0.000459893
0.101295 0.375 0.000459141
0.124756 0.5 0.000470995
0.125 0.501546 0.000471271
0.150986 0.625 0.000492253
0.175622 0.75 0.000522411
0.200531 0.875 0.000568983
0.227434 1 0.00062722
0.25 1.0946 0.000678573
0.258598 1.125 0.000691446
0.294757 1.25 0.000740239
0.335951 1.375 0.000808976
0.375 1.47538 0.000872466
0.386143 1.5 0.000885688
0.447281 1.625 0.000954519
0.5 1.71481 0.00101816
0.524506 1.75 0.00104298
0.624435 1.875 0.00114636
0.625 1.87563 0.00114689
0.6875 1.9375 0.00119792

