0.125 0.0267959 0
0.25 0.0488614 0.000459751
0.375 0.0773592 0.000482973
0.5 0.110347 0.00057498
0.560575 0.125 0.000659192
0.625 0.147268 0.000754973
0.75 0.185341 0.000963524
0.875 0.223107 0.00123711
0.968837 0.25 0.00146594
1 0.260976 0.00153248
1.125 0.300272 0.00180436
1.25 0.340328 0.00314813
1.35569 0.375 0.00943776
1.375 0.382325 0.0117207
1.5 0.429685 0.038736
1.625 0.484052 0.0800328
1.65834 0.5 0.0888709
1.75 0.549999 0.0982514
1.86207 0.625 0.0786399
1.875 0.634666 0.0748904
1.9375 0.6875 0.0554788

0.0504489 0.125 0
0.0763159 0.25 0.000458438
0.101295 0.375 0.000461164
0.124756 0.5 0.000486278
0.125 0.501546 0.000486803
0.150986 0.625 0.000524953
0.175622 0.75 0.000573828
0.200531 0.875 0.000643724
0.227434 1 0.000726076
0.25 1.0946 0.000795895
0.258598 1.125 0.000812438
0.294757 1.25 0.000873214
0.335951 1.375 0.000960884
0.375 1.47538 0.00104203
0.386143 1.5 0.00105866
0.447281 1.625 0.00114651
0.5 1.71481 0.00123062
0.524506 1.75 0.00126409
0.624435 1.875 0.00140865
0.625 1.87563 0.00140943
0.6875 1.9375 0.0016427

