0.0441763 0.125 0
0.0699385 0.25 0.000458675
0.0965573 0.375 0.000466035
0.122603 0.5 0.000507624
0.125 0.513698 0.000515497
0.151283 0.625 0.000582208
0.178656 0.75 0.000679069
0.20604 0.875 0.000811888
0.23494 1 0.000966365
0.25 1.06263 0.00105086
0.267762 1.125 0.00112404
0.304349 1.25 0.00127066
0.345616 1.375 0.00145079
0.375 1.45347 0.00157461
0.395187 1.5 0.00164347
0.454787 1.625 0.00191389
0.5 1.70517 0.00265745
0.529727 1.75 0.00350084
0.625 1.87333 0.00996875
0.626552 1.875 0.0100979
0.6875 1.9375 0.0179081

0.125 0.0336989 0
0.25 0.0579046 0.000459262
0.375 0.0863167 0.000476029
0.5 0.116758 0.000550294
0.539013 0.125 0.000593117
0.625 0.150204 0.000698059
0.75 0.183425 0.000885221
0.875 0.216358 0.00113698
1 0.249749 0.00142744
1.00102 0.25 0.00142998
1.125 0.286218 0.00172642
1.25 0.324447 0.00205385
1.375 0.366031 0.00363338
1.40108 0.375 0.00442203
1.5 0.414325 0.0104227
1.625 0.470977 0.0296555
1.68126 0.5 0.0432109
1.75 0.540948 0.0623447
1.86761 0.625 0.0917891
1.875 0.631103 0.0928783
1.9375 0.6875 0.0997616

