0.125 0.0282832 0
0.25 0.0509818 0.000459731
0.375 0.079663 0.000482653
0.5 0.112199 0.000576048
0.554643 0.125 0.00065365
0.625 0.148422 0.000764046
0.75 0.185348 0.000992415
0.875 0.221868 0.00129694
0.97511 0.25 0.00157585
1 0.258582 0.00163961
1.125 0.297074 0.00197306
1.25 0.336569 0.00359042
1.36626 0.375 0.0113405
1.375 0.378342 0.0123788
1.5 0.425949 0.037929
1.625 0.480842 0.0764317
1.6643 0.5 0.0866134
1.75 0.547784 0.0996422
1.86353 0.625 0.0905743
1.875 0.633791 0.0882591
1.9375 0.6875 0.0728459

0.0497058 0.125 0
0.0756994 0.25 0.000458496
0.100964 0.375 0.000462113
0.124732 0.5 0.000490264
0.125 0.501684 0.000490901
0.151287 0.625 0.000535447
0.176174 0.75 0.000593786
0.201255 0.875 0.000675305
0.22826 1 0.00077037
0.25 1.09127 0.000847266
0.259535 1.125 0.000869388
0.29568 1.25 0.000945095
0.33681 1.375 0.0010474
0.375 1.47353 0.00113833
0.386932 1.5 0.00115943
0.447905 1.625 0.00126378
0.5 1.71406 0.00135939
0.524935 1.75 0.00139911
0.624569 1.875 0.00166066
0.625 1.87548 0.00166131
0.6875 1.9375 0.00225124

