0.125 0.0281054 0
0.25 0.0507304 0.000460059
0.375 0.0793928 0.000469745
0.5 0.111985 0.000522606
0.555348 0.125 0.000571174
0.625 0.14829 0.000643459
0.75 0.185352 0.000807666
0.875 0.222017 0.00103862
0.974351 0.25 0.0012539
1 0.258866 0.00130582
1.125 0.29745 0.00156445
1.25 0.337009 0.00188413
1.36503 0.375 0.00241913
1.375 0.37881 0.00251496
1.5 0.426386 0.00548869
1.625 0.481218 0.0167134
1.66361 0.5 0.023105
1.75 0.548043 0.0423011
1.86336 0.625 0.0739189
1.875 0.633894 0.076908
1.9375 0.6875 0.0909836

0.0497945 0.125 0
0.0757734 0.25 0.000459905
0.101004 0.375 0.000459566
0.124735 0.5 0.000472988
0.125 0.501665 0.000473319
0.151251 0.625 0.00049789
0.176108 0.75 0.000533802
0.201168 0.875 0.000587923
0.228161 1 0.000654873
0.25 1.09167 0.000711418
0.259422 1.125 0.000728191
0.29557 1.25 0.000787731
0.336707 1.375 0.000867145
0.375 1.47375 0.000937809
0.386838 1.5 0.000954185
0.44783 1.625 0.00103449
0.5 1.71415 0.00110574
0.524883 1.75 0.00113454
0.624553 1.875 0.00125167
0.625 1.8755 0.00125215
0.6875 1.9375 0.00131056

