xp yp distance tau_avg0tran tau_avg2tran tau_vartran tau_avg0carte tau_avg2carte tau_varcarte  tau_avg0 tau_avg2 tau_var

 0.045629423  0.125000000  0.000000000  0.000000000  0.000000000  0.000000000  0.000000000  0.000000000  0.000000000  0.000000000  0.000000000  0.000000000 
 0.071598707  0.250000000  0.127669118  0.003732405  0.003691605  0.000000427  0.004601618  0.002573350  0.000000150  0.000000000  0.003290562  0.000000000 
 0.097967442  0.375000000  0.255420088  0.009173045  0.009027210  0.000003670  0.008856579  0.006992040  0.000002181  0.000000000  0.008123839  0.000000000 
 0.123421923  0.500000000  0.382985485  0.016329997  0.016043637  0.000015396  0.009252733  0.014237428  0.000015030  0.000000000  0.014628802  0.000000000 
 0.125000000  0.509270473  0.392389314  0.016929338  0.016635951  0.000016907  0.009252733  0.014922830  0.000016608  0.000000000  0.015229669  0.127819518 
 0.151572893  0.625000000  0.511130385  0.025794907  0.025944212  0.000042226  0.037068893  0.028799669  0.000101108  0.000000000  0.025385583  0.127726017 
 0.178211025  0.750000000  0.638937232  0.037321212  0.038602239  0.000092288  0.062806022  0.044774951  0.000258299  0.000000000  0.037625315  0.015462580 
 0.204854056  0.875000000  0.766745100  0.050294149  0.053030613  0.000182296  0.081964643  0.063928283  0.000511299  0.000000000  0.051606823  0.112850350 
 0.233110363  1.000000000  0.894898988  0.064842063  0.069412730  0.000325903  0.089951718  0.086846502  0.000923761  0.000000000  0.067485213  0.128017195 
 0.250000000  1.070579531  0.967471228  0.073822608  0.079626229  0.000438412  0.089951718  0.101884143  0.001234978  0.000000000  0.077630815  0.128020351 
 0.265439415  1.125000000  1.024039443  0.081410114  0.088222783  0.000535603  0.138859756  0.115816466  0.001570222  0.000000000  0.091092642  0.128348189 
 0.301821791  1.250000000  1.154226528  0.100483157  0.109629012  0.000815155  0.172868399  0.147336357  0.002535826  0.000000000  0.112237745  0.061613311 
 0.342977202  1.375000000  1.285827318  0.121494926  0.133221741  0.001224721  0.187858201  0.181925663  0.003896401  0.000000000  0.135588832  0.067695441 
 0.375000000  1.459650400  1.376332289  0.137129793  0.150893655  0.001591774  0.187858201  0.208181290  0.005140288  0.000000000  0.153331293  0.130266072 
 0.392705800  1.500000000  1.420395716  0.145204611  0.160011587  0.001788213  0.233308210  0.222021074  0.005857602  0.000000000  0.165379414  0.131648074 
 0.452679706  1.625000000  1.559038673  0.172300767  0.190194676  0.002527690  0.252829294  0.266309923  0.008570469  0.000000000  0.195925779  0.081426187 
 0.500000000  1.707985355  1.654567618  0.192268531  0.212461415  0.003181263  0.252829294  0.301143088  0.011241735  0.000000000  0.218877166  0.053065072 
 0.528258484  1.750000000  1.705201325  0.203356797  0.224832158  0.003568007  0.288474391  0.320801193  0.012930711  0.000000000  0.233992611  0.138426704 
 0.625000000  1.874034045  1.862501565  0.239321720  0.264458207  0.005005892  0.288474391  0.385440455  0.019601014  0.000000000  0.275336341  0.090811884 
 0.625911224  1.875000000  1.863829494  0.239635975  0.264805829  0.005019538  0.329230581  0.386032884  0.019669177  0.000000000  0.275738815  0.054903098 
 0.687500000  1.937500000  1.951575875  0.260798378  0.288251901  0.005961135  0.349306292  0.425636466  0.024384744  0.000000000  0.301657509  0.155330695 

 0.125000000  0.032932238  0.000000000  0.000000000  0.000000000  0.000000000  0.000000000  0.000000000  0.000000000  0.000000000  0.000000000  0.000000000 
 0.250000000  0.057067857  0.127308790  0.004332370  0.004269261  0.000000739  0.000000000  0.004955457  0.000001261  0.000000000  0.003588684  0.000000000 
 0.375000000  0.085670911  0.255539577  0.011208022  0.010949783  0.000006775  0.000000000  0.013536111  0.000012468  0.000000000  0.009525238  0.000003699 
 0.500000000  0.116474871  0.384279175  0.020987839  0.020400706  0.000031179  0.000000000  0.026619684  0.000056000  0.000000000  0.018207883  0.000015542 
 0.539866133  0.125000000  0.425046641  0.024744861  0.024069615  0.000047612  0.009182396  0.031651233  0.000082846  0.000000000  0.021896575  0.000017164 
 0.625000000  0.150383773  0.513884197  0.034454770  0.034387356  0.000100493  0.009182396  0.043701997  0.000155232  0.000000000  0.032905636  0.000042730 
 0.750000000  0.184071319  0.643344039  0.051784661  0.054024744  0.000247085  0.009182396  0.066304450  0.000335973  0.000000000  0.051928649  0.000093538 
 0.875000000  0.217373385  0.772704109  0.072216967  0.077652423  0.000539705  0.009182396  0.095337531  0.000698374  0.000000000  0.075024665  0.000185051 
 0.996704679  0.250000000  0.898706192  0.095167248  0.104755452  0.001032411  0.009852822  0.129741483  0.001324382  0.000000000  0.101680369  0.000331295 
 1.000000000  0.251078932  0.902173646  0.095862149  0.105577538  0.001048557  0.009852822  0.129317763  0.001343830  0.000000000  0.102873127  0.000444178 
 1.125000000  0.287735564  1.032437642  0.124380717  0.139117482  0.001808160  0.009852822  0.115695931  0.002203090  0.000000000  0.136107028  0.000545061 
 1.250000000  0.326017867  1.163168414  0.156279716  0.176919248  0.003018886  0.009852822  0.162880736  0.003592266  0.000000000  0.173841076  0.000830764 
 1.375000000  0.367540461  1.294884494  0.191865035  0.219581616  0.004798231  0.009852822  0.217918854  0.005689223  0.000000000  0.216488764  0.001249485 
 1.396835864  0.375000000  1.317959365  0.198492967  0.227669492  0.005180020  0.043125812  0.228088160  0.006146732  0.000000000  0.224857023  0.001621115 
 1.500000000  0.415741511  1.428876946  0.232431479  0.268904384  0.007286460  0.043125812  0.276653092  0.008527420  0.000000000  0.285225310  0.001825743 
 1.625000000  0.472139199  1.566010819  0.278373291  0.323722634  0.010713334  0.043125812  0.344418283  0.012278804  0.000000000  0.340984383  0.002582872 
 1.679363693  0.500000000  1.627097931  0.300100660  0.349890200  0.012605625  0.073276848  0.377620399  0.014390340  0.000000000  0.368358523  0.003248926 
 1.750000000  0.541758538  1.709154396  0.330599765  0.386540400  0.015448408  0.073276848  0.422207882  0.017391506  0.000000000  0.416061619  0.003647917 
 1.867183055  0.625000000  1.852893776  0.386639426  0.452851008  0.021471676  0.077301236  0.506477174  0.023595637  0.000000000  0.485412859  0.005118422 
 1.875000000  0.631402601  1.862998128  0.390678891  0.457641355  0.021938009  0.077301236  0.512291904  0.024052237  0.000000000  0.491119140  0.005133633 
 1.937500000  0.687500000  1.946981270  0.424435707  0.497600718  0.025926042  0.113855944  0.560081517  0.027810471  0.000000000  0.534664131  0.006096402 

