xp yp distance tau_avg0tran tau_avg2tran tau_vartran tau_avg0carte tau_avg2carte tau_varcarte  tau_avg0 tau_avg2 tau_var

 0.125000000  0.030847708  0.000000000  0.000000000  0.000000000  0.000000000  0.000000000  0.000000000  0.000000000  0.000000000  0.000000000  0.000000000 
 0.250000000  0.054548163  0.127227008  0.004467109  0.004399886  0.000000809  0.000000000  0.005121057  0.000001353  0.000000000  0.003652882  0.000000000 
 0.375000000  0.083422368  0.255518550  0.011678646  0.011397716  0.000007480  0.000000000  0.014157189  0.000013558  0.000000000  0.009850377  0.328246920 
 0.500000000  0.115114456  0.384473536  0.022093166  0.021440847  0.000034831  0.000000000  0.028160351  0.000061879  0.000000000  0.019061511  0.075780169 
 0.544540488  0.125000000  0.430097861  0.026620966  0.025853993  0.000056062  0.009424025  0.034260347  0.000096156  0.000000000  0.023489512  0.000000000 
 0.625000000  0.150169266  0.514402221  0.036587270  0.036438079  0.000114614  0.009424025  0.046747202  0.000175192  0.000000000  0.034784529  0.796718872 
 0.750000000  0.185224086  0.644224562  0.055449785  0.057813122  0.000286364  0.009424025  0.071642230  0.000386003  0.000000000  0.055525288  0.518457382 
 0.875000000  0.219752419  0.773905732  0.077856162  0.083726285  0.000634229  0.009424025  0.103793332  0.000817934  0.000000000  0.080922143  0.244512802 
 0.986208229  0.250000000  0.889154100  0.100809424  0.110859936  0.001164059  0.012503201  0.138316303  0.001493407  0.000000000  0.107816278  0.000000000 
 1.000000000  0.254596449  0.903691648  0.104002973  0.114642107  0.001244503  0.012503201  0.141561504  0.001590421  0.000000000  0.113330716  0.967928390 
 1.125000000  0.291884994  1.034134875  0.135533948  0.151763515  0.002173461  0.012503201  0.174449280  0.002655906  0.000000000  0.150197845  0.670928586 
 1.250000000  0.330510115  1.164966446  0.170884980  0.193728757  0.003659126  0.012503201  0.227553800  0.004399954  0.000000000  0.192185017  0.362895993 
 1.375000000  0.371986959  1.296668111  0.210325333  0.241128108  0.005849884  0.012503201  0.289441362  0.007056053  0.000000000  0.239681350  0.031307838 
 1.383993316  0.375000000  1.306152739  0.213332765  0.244815184  0.006040404  0.053669796  0.294104207  0.007291044  0.000000000  0.243514477  0.000000000 
 1.500000000  0.419952838  1.430564588  0.255400727  0.296142482  0.008921196  0.053669796  0.355612925  0.010656632  0.000000000  0.320013785  0.647265580 
 1.625000000  0.475672501  1.567421012  0.306288144  0.357039493  0.013164842  0.053669796  0.432384283  0.015499448  0.000000000  0.382068762  0.200569211 
 1.673435287  0.500000000  1.621622527  0.327633792  0.382857993  0.015235220  0.089613526  0.465294811  0.017906247  0.000000000  0.409146483  0.000000000 
 1.750000000  0.544214726  1.710036877  0.364004782  0.426742875  0.019008511  0.089613526  0.519348148  0.022080336  0.000000000  0.466820326  0.650393112 
 1.865789565  0.625000000  1.851222867  0.424983629  0.499152502  0.026320649  0.094820089  0.612357122  0.030002277  0.000000000  0.542668043  0.000000000 
 1.875000000  0.632355025  1.863009662  0.430195971  0.505356559  0.026990836  0.094820089  0.620108070  0.030697042  0.000000000  0.550087690  0.942836235 
 1.937500000  0.687500000  1.946359636  0.467186966  0.549304963  0.031858152  0.134765355  0.674133213  0.035573129  0.000000000  0.597950527  0.000000000 

 0.048427248  0.125000000  0.000000000  0.000000000  0.000000000  0.000000000  0.000000000  0.000000000  0.000000000  0.000000000  0.000000000  0.000000000 
 0.074617816  0.250000000  0.127714314  0.003632230  0.003595676  0.000000378  0.004332864  0.002520750  0.000000153  0.000000000  0.003238377  0.000000000 
 0.100367741  0.375000000  0.255338992  0.008844232  0.008717636  0.000003195  0.008218255  0.006790749  0.000002085  0.000000000  0.007896088  0.008876540 
 0.124668614  0.500000000  0.382679215  0.015600291  0.015360368  0.000013070  0.008301455  0.013743955  0.000013812  0.000000000  0.014067064  0.015668233 
 0.125000000  0.502047207  0.384753070  0.015723783  0.015482681  0.000013339  0.008301455  0.013800962  0.000014099  0.000000000  0.014191344  0.015796736 
 0.151793022  0.625000000  0.510591281  0.024499713  0.024657582  0.000034286  0.036087166  0.020742615  0.000094183  0.000000000  0.024278300  0.024622459 
 0.177122536  0.750000000  0.638131801  0.035223742  0.036317641  0.000072677  0.061861044  0.035901517  0.000234750  0.000000000  0.035570659  0.035417877 
 0.202502760  0.875000000  0.765682402  0.047173650  0.049440157  0.000139738  0.081379219  0.053788601  0.000448587  0.000000000  0.048287776  0.047450727 
 0.229687529  1.000000000  0.893604299  0.060480606  0.064198497  0.000243987  0.090476717  0.074779330  0.000780970  0.000000000  0.062573224  0.060851372 
 0.250000000  1.085480901  0.981465445  0.070467882  0.075357188  0.000343660  0.090476717  0.091283995  0.001085782  0.000000000  0.073559573  0.070801192 
 0.261156177  1.125000000  1.022529047  0.075527573  0.080992685  0.000393773  0.138099374  0.100343053  0.001272912  0.000000000  0.082337755  0.076008542 
 0.297278802  1.250000000  1.152643781  0.092898047  0.100163571  0.000583462  0.171356470  0.128415811  0.001972790  0.000000000  0.101277373  0.093503414 
 0.338300369  1.375000000  1.284202775  0.111938433  0.121134637  0.000860818  0.186920950  0.158594404  0.002922624  0.000000000  0.122002557  0.112676644 
 0.375000000  1.470290271  1.386315941  0.127963631  0.138859227  0.001143561  0.186920950  0.184279089  0.003907502  0.000000000  0.139674871  0.128722762 
 0.388304181  1.500000000  1.418868503  0.133381000  0.144849575  0.001240992  0.229581725  0.193040390  0.004266715  0.000000000  0.147431434  0.134266910 
 0.448993137  1.625000000  1.557822270  0.157912290  0.171617601  0.001727493  0.248401141  0.230685928  0.006027673  0.000000000  0.174528301  0.158963262 
 0.500000000  1.712735685  1.659307493  0.177076758  0.192503339  0.002187155  0.248401141  0.262020786  0.007900688  0.000000000  0.195985215  0.178205967 
 0.525685589  1.750000000  1.704566510  0.186035578  0.202278224  0.002415151  0.281165642  0.276826491  0.008882005  0.000000000  0.207766389  0.187271321 
 0.624809183  1.875000000  1.864098597  0.218981730  0.237793895  0.003377014  0.281225043  0.331435715  0.013207472  0.000000000  0.244850341  0.220430408 
 0.625000000  1.875215200  1.864386212  0.219043242  0.237862033  0.003378949  0.281225043  0.331705734  0.013217786  0.000000000  0.244926308  0.220480249 
 0.687500000  1.937500000  1.952622521  0.238337375  0.259285473  0.003995680  0.299341211  0.419617246  0.016754883  0.000000000  0.270147737  0.239909372 

