xp yp distance tau_avg0tran tau_avg2tran tau_vartran tau_avg0carte tau_avg2carte tau_varcarte  tau_avg0 tau_avg2 tau_var

 0.044849801  0.125000000  0.000000000  0.000000000  0.000000000  0.000000000  0.000000000  0.000000000  0.000000000  0.000000000  0.000000000  0.000000000 
 0.070711390  0.250000000  0.127647255  0.003758579  0.003716793  0.000000440  0.004684016  0.002587112  0.000000149  0.000000000  0.003303521  0.000000000 
 0.097217316  0.375000000  0.255426612  0.009260609  0.009109968  0.000003797  0.009054875  0.007046780  0.000002208  0.000000000  0.008182758  0.000000000 
 0.122989589  0.500000000  0.383055802  0.016528585  0.016229854  0.000016023  0.009559213  0.014375638  0.000015386  0.000000000  0.014778749  0.000000000 
 0.125000000  0.511637813  0.394865986  0.017295466  0.016987281  0.000018027  0.009559213  0.015277511  0.000017479  0.000000000  0.015546506  0.127819518 
 0.151422088  0.625000000  0.511266640  0.026148599  0.026290498  0.000044398  0.037376059  0.029454160  0.000102887  0.000000000  0.025674164  0.127726017 
 0.178451825  0.750000000  0.639155680  0.037900790  0.039224834  0.000097680  0.063082920  0.045662364  0.000264859  0.000000000  0.038174775  0.015462580 
 0.205489298  0.875000000  0.767046356  0.051169526  0.054023422  0.000194212  0.082109436  0.065185457  0.000529630  0.000000000  0.052514487  0.112850350 
 0.234087972  1.000000000  0.895276166  0.066082774  0.070873999  0.000349262  0.089738758  0.088671999  0.000966700  0.000000000  0.068853366  0.128017195 
 0.250000000  1.066323156  0.963481397  0.074725156  0.080743750  0.000463102  0.089738758  0.103204705  0.001275715  0.000000000  0.078682509  0.128020351 
 0.266680413  1.125000000  1.024483104  0.083103324  0.090274186  0.000576657  0.138902991  0.118701084  0.001663009  0.000000000  0.093631724  0.128348189 
 0.303168652  1.250000000  1.154699814  0.102685447  0.112335711  0.000883019  0.173035704  0.151247876  0.002714676  0.000000000  0.115423542  0.061613311 
 0.344383227  1.375000000  1.286319118  0.124294209  0.136705921  0.001332523  0.187768678  0.187179041  0.004208956  0.000000000  0.139556105  0.067695441 
 0.375000000  1.456373955  1.373262245  0.139729741  0.154241929  0.001718650  0.187768678  0.213412949  0.005514607  0.000000000  0.157199579  0.130266072 
 0.394028459  1.500000000  1.420857561  0.148694677  0.164414942  0.001951742  0.233982372  0.229013570  0.006369199  0.000000000  0.170725360  0.131648074 
 0.453801729  1.625000000  1.559413845  0.176574737  0.195619402  0.002768308  0.253659781  0.275315427  0.009397822  0.000000000  0.202307367  0.081426187 
 0.500000000  1.706496529  1.653093962  0.196735617  0.218223000  0.003475584  0.253659781  0.310997739  0.012298053  0.000000000  0.225633397  0.053065072 
 0.529040608  1.750000000  1.705399879  0.208526910  0.231446957  0.003916619  0.290153174  0.332243290  0.014237067  0.000000000  0.241856496  0.138426704 
 0.625000000  1.873659754  1.861924445  0.245373899  0.272252372  0.005496557  0.290153174  0.399705552  0.021646706  0.000000000  0.284433674  0.090811884 
 0.626253538  1.875000000  1.863759551  0.245820723  0.272749084  0.005517350  0.332050107  0.400564047  0.021751808  0.000000000  0.285009697  0.054903098 
 0.687500000  1.937500000  1.951266003  0.267512160  0.296893116  0.006551182  0.352723897  0.442078300  0.027018053  0.000000000  0.311669920  0.155330695 

 0.125000000  0.033343462  0.000000000  0.000000000  0.000000000  0.000000000  0.000000000  0.000000000  0.000000000  0.000000000  0.000000000  0.000000000 
 0.250000000  0.057517892  0.127316154  0.004302083  0.004240134  0.000000724  0.000000000  0.004917013  0.000001238  0.000000000  0.003573397  0.000000000 
 0.375000000  0.086019150  0.255524273  0.011104592  0.010852129  0.000006622  0.000000000  0.013395907  0.000012200  0.000000000  0.009451434  0.000003833 
 0.500000000  0.116628259  0.384217387  0.020751225  0.020179368  0.000030376  0.000000000  0.026282224  0.000054607  0.000000000  0.018020891  0.000016199 
 0.539405146  0.125000000  0.424502018  0.024406958  0.023750849  0.000046108  0.009077423  0.031170694  0.000080352  0.000000000  0.021611175  0.000018349 
 0.625000000  0.150287835  0.513754210  0.034000848  0.033942897  0.000097364  0.009077423  0.043046138  0.000150697  0.000000000  0.032481849  0.000045011 
 0.750000000  0.183723869  0.643148832  0.051016442  0.053212414  0.000238310  0.009077423  0.065169585  0.000324620  0.000000000  0.051138106  0.000099207 
 0.875000000  0.216826945  0.772457818  0.071057414  0.076370023  0.000518947  0.009077423  0.093580619  0.000672340  0.000000000  0.073760149  0.000197599 
 0.998916734  0.250000000  0.900738013  0.093996190  0.103433790  0.001001313  0.009293705  0.127938272  0.001286014  0.000000000  0.100333485  0.000355923 
 1.000000000  0.250353829  0.901877601  0.094220255  0.103698601  0.001006401  0.009293705  0.126832174  0.001292155  0.000000000  0.100717135  0.000470009 
 1.125000000  0.286918070  1.032115628  0.122153405  0.136514420  0.001730241  0.009293705  0.001470273  0.002110952  0.000000000  0.133213955  0.000588402 
 1.250000000  0.325171442  1.162837931  0.153401175  0.173498185  0.002884293  0.009293705  0.047563679  0.003434314  0.000000000  0.170113717  0.000902485 
 1.375000000  0.366727399  1.294564532  0.188271962  0.215247921  0.004580487  0.009293705  0.101351445  0.005431824  0.000000000  0.211832777  0.001363509 
 1.399130581  0.375000000  1.320073763  0.195458295  0.224002744  0.004983985  0.041223152  0.112353923  0.005915083  0.000000000  0.220884049  0.001754728 
 1.500000000  0.414977939  1.428576645  0.228015811  0.263496767  0.006952080  0.041223152  0.158749005  0.008136871  0.000000000  0.278543430  0.001998822 
 1.625000000  0.471512962  1.565767056  0.273058129  0.317165935  0.010217099  0.041223152  0.224909749  0.011704083  0.000000000  0.333120349  0.002837671 
 1.680387075  0.500000000  1.628050596  0.294781147  0.343287325  0.012057796  0.070396248  0.258041007  0.013754713  0.000000000  0.360438460  0.003560097 
 1.750000000  0.541321856  1.709004010  0.324287740  0.378691304  0.014733627  0.070396248  0.301035447  0.016572329  0.000000000  0.406448466  0.004017199 
 1.867411885  0.625000000  1.853183004  0.379399065  0.443811579  0.020495433  0.074232821  0.383671273  0.022490357  0.000000000  0.474548794  0.005638011 
 1.875000000  0.631240935  1.863007909  0.383250461  0.448372526  0.020928066  0.074232821  0.389167320  0.022912320  0.000000000  0.479977256  0.005661014 
 1.937500000  0.687500000  1.947099124  0.416399596  0.487559100  0.024738300  0.110150950  0.435706603  0.026486757  0.000000000  0.522689879  0.006721401 

