xp yp distance tau_avg0tran tau_avg2tran tau_vartran tau_avg0carte tau_avg2carte tau_varcarte  tau_avg0 tau_avg2 tau_var

 0.125000000  0.027538943  0.000000000  0.000000000  0.000000000  0.000000000  0.000000000  0.000000000  0.000000000  0.000000000  0.000000000  0.000000000 
 0.250000000  0.049925817  0.126988866  0.004631933  0.004562463  0.000000917  0.000000000  0.005310728  0.000001451  0.000000000  0.003720300  0.000000000 
 0.375000000  0.078522514  0.255218235  0.012286985  0.011986762  0.000008542  0.000000000  0.014917533  0.000014681  0.000000000  0.010235633  0.011919367 
 0.500000000  0.111288990  0.384441460  0.023613925  0.022892527  0.000040051  0.000000000  0.030176107  0.000067949  0.000000000  0.020169050  0.022723354 
 0.557600430  0.125000000  0.443651269  0.030169003  0.029266332  0.000073710  0.008949711  0.039051232  0.000119972  0.000000000  0.026494592  0.028865918 
 0.625000000  0.147859872  0.514822019  0.039572367  0.039217202  0.000133782  0.008949711  0.050901773  0.000197350  0.000000000  0.037037814  0.038899096 
 0.750000000  0.185354754  0.645324380  0.060759608  0.063099363  0.000337467  0.008949711  0.079132159  0.000437748  0.000000000  0.060188303  0.062528576 
 0.875000000  0.222489900  0.775723839  0.086391816  0.092482583  0.000758156  0.008949711  0.116281793  0.000952190  0.000000000  0.089040921  0.091574201 
 0.971946803  0.250000000  0.876498282  0.109350710  0.119371643  0.001307761  0.016189929  0.150865242  0.001654275  0.000000000  0.115962219  0.118568022 
 1.000000000  0.259774856  0.906205683  0.116833582  0.128152969  0.001504437  0.016189929  0.160505849  0.001892146  0.000000000  0.128834181  0.126789482 
 1.125000000  0.298659039  1.037113970  0.153542059  0.170892157  0.002655339  0.016189929  0.209172308  0.003260624  0.000000000  0.171347903  0.169002210 
 1.250000000  0.338429087  1.168288117  0.195156868  0.219648198  0.004506549  0.016189929  0.273534571  0.005610789  0.000000000  0.220289839  0.217143481 
 1.361043011  0.375000000  1.285198261  0.236329051  0.268494109  0.006894563  0.021697073  0.339196216  0.008823304  0.000000000  0.269702331  0.266494381 
 1.375000000  0.380315637  1.300133238  0.241954242  0.275188742  0.007239298  0.021697073  0.345790926  0.009278350  0.000000000  0.279496783  0.271940489 
 1.500000000  0.427795243  1.433846786  0.296042897  0.339014535  0.010917030  0.021697073  0.411167420  0.014150084  0.000000000  0.344085412  0.334957037 
 1.625000000  0.482429625  1.570264952  0.356504371  0.410240437  0.016258890  0.021697073  0.507865299  0.021562164  0.000000000  0.417127891  0.405283813 
 1.661381689  0.500000000  1.610667246  0.375420919  0.432914124  0.018177477  0.070542207  0.537393794  0.024282087  0.000000000  0.441032597  0.428538045 
 1.750000000  0.548879100  1.711871847  0.424865391  0.491958418  0.023531822  0.070542207  0.612588125  0.031682733  0.000000000  0.520048117  0.485976121 
 1.862815000  0.625000000  1.847965990  0.494765253  0.574003452  0.032346302  0.078605598  0.721301660  0.043841276  0.000000000  0.606535783  0.567288676 
 1.875000000  0.634225547  1.863249476  0.502764770  0.583430975  0.033425977  0.078605598  0.733257220  0.045296863  0.000000000  0.617845356  0.576351807 
 1.937500000  0.687500000  1.945373878  0.545670077  0.633963098  0.039361279  0.124747374  0.796323846  0.053139194  0.000000000  0.673034590  0.000000000 

 0.050077295  0.125000000  0.000000000  0.000000000  0.000000000  0.000000000  0.000000000  0.000000000  0.000000000  0.000000000  0.000000000  0.000000000 
 0.076008565  0.250000000  0.127661391  0.003545942  0.003513349  0.000000343  0.004230239  0.002477015  0.000000155  0.000000000  0.003187174  0.000000000 
 0.101130237  0.375000000  0.255160796  0.008574474  0.008463087  0.000002852  0.007986501  0.006634385  0.000001999  0.000000000  0.007693073  0.007698131 
 0.124745010  0.500000000  0.382371871  0.015035798  0.014826997  0.000011454  0.008049698  0.013363130  0.000012835  0.000000000  0.013605999  0.013617424 
 0.125000000  0.501610619  0.384002550  0.015128357  0.014918770  0.000011636  0.008049698  0.013370563  0.000013035  0.000000000  0.013699116  0.013711101 
 0.151136566  0.625000000  0.510129706  0.023484503  0.023618668  0.000028998  0.035476618  0.016336260  0.000085458  0.000000000  0.023278575  0.023303221 
 0.175897750  0.750000000  0.637558573  0.033624525  0.034557348  0.000059760  0.060816565  0.030806042  0.000211274  0.000000000  0.033867757  0.033910906 
 0.200892539  0.875000000  0.765033039  0.044896544  0.046827107  0.000113225  0.080092999  0.047699287  0.000396453  0.000000000  0.045747900  0.045813120 
 0.227846432  1.000000000  0.892906071  0.057437933  0.060607876  0.000195992  0.089489381  0.067312433  0.000676756  0.000000000  0.059072260  0.059162837 
 0.250000000  1.092938966  0.988448899  0.067709125  0.071974619  0.000282990  0.089489381  0.084016412  0.000956533  0.000000000  0.070217555  0.070306666 
 0.259065499  1.125000000  1.021766960  0.071587097  0.076252172  0.000314875  0.135072866  0.090851179  0.001082492  0.000000000  0.076842968  0.076983773 
 0.295217980  1.250000000  1.151889986  0.087942833  0.094125020  0.000459946  0.167058069  0.116985573  0.001651130  0.000000000  0.094476281  0.094651534 
 0.336379676  1.375000000  1.283492741  0.105898670  0.113707048  0.000675734  0.182398188  0.144885296  0.002412984  0.000000000  0.113811436  0.114023288 
 0.375000000  1.474457218  1.390185138  0.121727061  0.131044794  0.000908651  0.182398188  0.169602827  0.003236856  0.000000000  0.131062937  0.131288115 
 0.386536882  1.500000000  1.418212506  0.126135419  0.135872439  0.000974085  0.222920159  0.176578775  0.003483965  0.000000000  0.137278372  0.137540815 
 0.447592138  1.625000000  1.557326648  0.149317959  0.160924546  0.001351275  0.241038805  0.211459777  0.004881561  0.000000000  0.162629175  0.162937470 
 0.500000000  1.714438078  1.660988375  0.167825885  0.180906808  0.001720685  0.241038805  0.240743569  0.006387916  0.000000000  0.183154740  0.183488656 
 0.524719735  1.750000000  1.704297908  0.175929945  0.189666846  0.001891833  0.272064158  0.253755435  0.007127966  0.000000000  0.193680924  0.194046347 
 0.624501784  1.875000000  1.864239952  0.207131777  0.222990157  0.002649080  0.272210021  0.303924153  0.010539874  0.000000000  0.228503467  0.228928130 
 0.625000000  1.875558411  1.864988311  0.207283106  0.223156363  0.002653053  0.272210021  0.304192016  0.010560796  0.000000000  0.228688928  0.229111107 
 0.687500000  1.937500000  1.952982688  0.225474710  0.243183111  0.003136718  0.289276386  0.337417711  0.013307772  0.000000000  0.252233257  0.000000000 

