xp yp distance tau_avg0tran tau_avg2tran tau_vartran tau_avg0carte tau_avg2carte tau_varcarte  tau_avg0 tau_avg2 tau_var

 0.125000000  0.028621298  0.000000000  0.000000000  0.000000000  0.000000000  0.000000000  0.000000000  0.000000000  0.000000000  0.000000000  0.000000000 
 0.250000000  0.051458280  0.127068988  0.004576237  0.004507021  0.000000884  0.000000000  0.005249065  0.000001427  0.000000000  0.003697786  0.000000000 
 0.375000000  0.080173326  0.255324802  0.012079844  0.011783328  0.000008226  0.000000000  0.014671985  0.000014446  0.000000000  0.010104986  0.000000000 
 0.500000000  0.112602295  0.384462860  0.023092128  0.022385324  0.000038590  0.000000000  0.029526336  0.000066810  0.000000000  0.019790148  1.665584829 
 0.553306385  0.125000000  0.439191954  0.028931757  0.028064968  0.000068078  0.009124819  0.037438345  0.000113255  0.000000000  0.025451299  0.500000000 
 0.625000000  0.148667343  0.514691077  0.038539609  0.038253842  0.000128800  0.009124819  0.049556637  0.000193244  0.000000000  0.036264023  0.000000000 
 0.750000000  0.185339440  0.644959426  0.058912376  0.061317115  0.000325155  0.009124819  0.076697814  0.000430195  0.000000000  0.058642366  0.000000000 
 0.875000000  0.221585593  0.775108508  0.083406946  0.089583576  0.000729663  0.009124819  0.112196180  0.000929317  0.000000000  0.086400090  4.922904968 
 0.976562038  0.250000000  0.880570473  0.106367385  0.116683113  0.001288388  0.014884599  0.146882416  0.001640990  0.000000000  0.113461225  0.000000000 
 1.000000000  0.258043933  0.905350363  0.112326494  0.123731149  0.001447895  0.014884599  0.154286260  0.001832953  0.000000000  0.123743913  1.625000000 
 1.125000000  0.296364829  1.036092442  0.147189728  0.164686541  0.002557912  0.014884599  0.198670642  0.003127225  0.000000000  0.164479234  0.480133499 
 1.250000000  0.335737715  1.167146721  0.186568237  0.211317866  0.004345153  0.014884599  0.259193868  0.005303404  0.000000000  0.211252678  0.000000000 
 1.368585309  0.375000000  1.292062703  0.228255566  0.261328372  0.006837394  0.017282770  0.325689672  0.008473830  0.000000000  0.261646040  0.000000000 
 1.375000000  0.377457884  1.298932161  0.230706471  0.264277759  0.006992801  0.017282770  0.327390384  0.008665572  0.000000000  0.265908047  2.769395828 
 1.500000000  0.425125212  1.432712482  0.281782974  0.325264694  0.010574102  0.017282770  0.365528524  0.013012450  0.000000000  0.327560136  0.000000000 
 1.625000000  0.480133499  1.569280822  0.338816191  0.393290883  0.015770345  0.017282770  0.456215473  0.019556750  0.000000000  0.397191814  1.500000000 
 1.665584829  0.500000000  1.614467171  0.358769488  0.417490479  0.017862711  0.061350886  0.487459310  0.022248554  0.000000000  0.422622750  0.425125212 
 1.750000000  0.547294918  1.711228375  0.403369670  0.471359459  0.022868076  0.061350886  0.555200428  0.028459213  0.000000000  0.494351543  0.000000000 
 1.863850032  0.625000000  1.849068534  0.470133265  0.550629407  0.031566595  0.068346252  0.658997341  0.039139439  0.000000000  0.577645862  0.000000000 
 1.875000000  0.633596654  1.863147747  0.477093922  0.558917104  0.032537129  0.068346252  0.669511781  0.040293417  0.000000000  0.587595787  2.038110733 
 1.937500000  0.687500000  1.945681502  0.517897042  0.607410837  0.038361413  0.112289597  0.730033373  0.047040576  0.000000000  0.640443694  0.000000000 

 0.049537077  0.125000000  0.000000000  0.000000000  0.000000000  0.000000000  0.000000000  0.000000000  0.000000000  0.000000000  0.000000000  0.000000000 
 0.075558253  0.250000000  0.127679683  0.003573933  0.003539938  0.000000356  0.004262940  0.002491244  0.000000154  0.000000000  0.003203886  0.000000000 
 0.100887159  0.375000000  0.255220083  0.008661682  0.008544978  0.000002974  0.008060007  0.006684365  0.000002026  0.000000000  0.007758819  0.007767029 
 0.124725486  0.500000000  0.382472846  0.015217737  0.014998172  0.000012025  0.008128327  0.013484201  0.000013143  0.000000000  0.013754733  0.013773346 
 0.125000000  0.501721413  0.384216011  0.015318237  0.015097780  0.000012231  0.008128327  0.013504229  0.000013366  0.000000000  0.013855852  0.013875586 
 0.151354694  0.625000000  0.510280200  0.023810790  0.023954766  0.000030862  0.035668230  0.017674275  0.000088252  0.000000000  0.023599973  0.023640271 
 0.176299654  0.750000000  0.637744905  0.034137250  0.035130671  0.000064310  0.061147237  0.032366473  0.000218822  0.000000000  0.034420382  0.034488902 
 0.201419395  0.875000000  0.765243930  0.045625563  0.047681048  0.000122536  0.080503021  0.049582420  0.000413338  0.000000000  0.046575918  0.046678021 
 0.228448404  1.000000000  0.893132817  0.058411194  0.061783534  0.000212801  0.089807485  0.069648033  0.000710807  0.000000000  0.060216551  0.060357212 
 0.250000000  1.090506101  0.986169507  0.068596179  0.073098557  0.000304843  0.089807485  0.086316536  0.001000349  0.000000000  0.071326338  0.071460985 
 0.259747994  1.125000000  1.022014345  0.072846274  0.077805106  0.000342482  0.136045276  0.093853620  0.001145263  0.000000000  0.078628593  0.078848905 
 0.295890493  1.250000000  1.152134598  0.089525391  0.096105015  0.000503183  0.168440680  0.120633990  0.001757883  0.000000000  0.096691419  0.096964099 
 0.337006124  1.375000000  1.283722953  0.107827046  0.116143902  0.000740446  0.183857357  0.149304252  0.002583812  0.000000000  0.116483440  0.116811862 
 0.375000000  1.473107369  1.388930322  0.123723232  0.133623677  0.000991661  0.183857357  0.174397852  0.003466849  0.000000000  0.133887634  0.134233304 
 0.387112421  1.500000000  1.418424802  0.128448293  0.138818274  0.001067331  0.225064126  0.181943523  0.003749865  0.000000000  0.140588400  0.140995321 
 0.448047654  1.625000000  1.557486308  0.152061115  0.164434852  0.001482746  0.243409497  0.217772403  0.005274987  0.000000000  0.166512593  0.166989549 
 0.500000000  1.713889061  1.660444122  0.170781831  0.184722416  0.001884354  0.243409497  0.247811405  0.006914581  0.000000000  0.187351781  0.187866327 
 0.525032713  1.750000000  1.704383132  0.179155551  0.193807774  0.002074678  0.274990994  0.261424097  0.007737420  0.000000000  0.198280536  0.198845145 
 0.624600418  1.875000000  1.864191542  0.210914731  0.227853302  0.002903515  0.275110338  0.313159124  0.011476095  0.000000000  0.233845565  0.234500959 
 0.625000000  1.875448762  1.864792420  0.211038474  0.227989676  0.002907003  0.275110338  0.313447877  0.011494591  0.000000000  0.233997686  0.234648765 
 0.687500000  1.937500000  1.952864016  0.229581746  0.248473917  0.003437131  0.292511566  0.358176080  0.014523728  0.000000000  0.258092282  0.000000000 

