xp yp distance tau_avg0tran tau_avg2tran tau_vartran tau_avg0carte tau_avg2carte tau_varcarte  tau_avg0 tau_avg2 tau_var

 0.125000000  0.026658403  0.000000000  0.000000000  0.000000000  0.000000000  0.000000000  0.000000000  0.000000000  0.000000000  0.000000000  0.000000000 
 0.250000000  0.048663379  0.126922098  0.004678576  0.004610663  0.000000929  0.000000000  0.005353010  0.000001434  0.000000000  0.003738949  0.000000000 
 0.375000000  0.077141160  0.255125000  0.012461710  0.012169520  0.000008572  0.000000000  0.015070969  0.000014278  0.000000000  0.010345409  0.012166702 
 0.500000000  0.110168452  0.384414605  0.024057247  0.023361422  0.000039708  0.000000000  0.030553103  0.000064972  0.000000000  0.020490047  0.023354122 
 0.561128245  0.125000000  0.447316410  0.031239295  0.030359714  0.000075077  0.008787868  0.040177063  0.000117770  0.000000000  0.027393306  0.030342689 
 0.625000000  0.147155310  0.514921579  0.040456567  0.040064039  0.000130403  0.008787868  0.051656528  0.000185507  0.000000000  0.037694611  0.040050963 
 0.750000000  0.185336031  0.645622641  0.062349782  0.064416763  0.000322806  0.008787868  0.080473987  0.000398593  0.000000000  0.061212852  0.064397524 
 0.875000000  0.223220506  0.776237469  0.088974384  0.094339680  0.000713374  0.008787868  0.118551820  0.000863025  0.000000000  0.090495319  0.094314097 
 0.968268831  0.250000000  0.873274658  0.111938698  0.120577909  0.001191074  0.017320898  0.152575269  0.001481005  0.000000000  0.116735387  0.120564128 
 1.000000000  0.261198914  0.906924068  0.120750826  0.130660068  0.001387920  0.017320898  0.163920373  0.001724876  0.000000000  0.131734835  0.130627649 
 1.125000000  0.300572938  1.037978690  0.159086307  0.174060606  0.002391227  0.017320898  0.214989761  0.002984608  0.000000000  0.174803955  0.174022253 
 1.250000000  0.340683102  1.169256354  0.202676264  0.223427334  0.003975157  0.017320898  0.281786617  0.005242486  0.000000000  0.224294541  0.223385551 
 1.354680054  0.375000000  1.279417887  0.243261948  0.269825278  0.005851196  0.025709479  0.345449670  0.008210824  0.000000000  0.271329754  0.269827052 
 1.375000000  0.382700660  1.301148059  0.251827851  0.279650180  0.006259252  0.025709479  0.356249717  0.008867910  0.000000000  0.285894265  0.279605511 
 1.500000000  0.430039239  1.434811595  0.308591227  0.344098042  0.009213139  0.025709479  0.430232691  0.013859926  0.000000000  0.351178241  0.344052885 
 1.625000000  0.484355715  1.571102752  0.372090838  0.415849679  0.013490795  0.025709479  0.530500352  0.021641020  0.000000000  0.424944048  0.415807511 
 1.657766571  0.500000000  1.607412419  0.389947776  0.436380065  0.014863769  0.078920856  0.557678127  0.024213167  0.000000000  0.446703336  0.436373994 
 1.750000000  0.550208327  1.712426139  0.443824165  0.498171983  0.019235922  0.078920856  0.637693830  0.032425523  0.000000000  0.529187645  0.498133033 
 1.861925713  0.625000000  1.847040996  0.516455633  0.580087671  0.026128458  0.087969040  0.748012390  0.045579570  0.000000000  0.616093495  0.580062811 
 1.875000000  0.634748449  1.863349559  0.525410380  0.590262228  0.027040558  0.087969040  0.760571565  0.047309482  0.000000000  0.628191661  0.590227268 
 1.937500000  0.687500000  1.945135720  0.570166720  0.641264922  0.031736424  0.136043271  0.822656680  0.056121225  0.000000000  0.684302772  0.641228912 

 0.050517761  0.125000000  0.000000000  0.000000000  0.000000000  0.000000000  0.000000000  0.000000000  0.000000000  0.000000000  0.000000000  0.000000000 
 0.076372746  0.250000000  0.127645918  0.003523346  0.003492360  0.000000329  0.004204124  0.002465351  0.000000154  0.000000000  0.003173613  0.000000000 
 0.101324970  0.375000000  0.255112044  0.008504278  0.008398882  0.000002708  0.007927962  0.006595492  0.000001977  0.000000000  0.007640080  0.008505320 
 0.124758589  0.500000000  0.382289615  0.014889722  0.014692831  0.000010781  0.007987594  0.013269442  0.000012583  0.000000000  0.013486507  0.014891889 
 0.125000000  0.501533876  0.383842372  0.014976750  0.014779160  0.000010943  0.007987594  0.013270018  0.000012768  0.000000000  0.013574049  0.014978999 
 0.150958346  0.625000000  0.510007817  0.023223202  0.023341450  0.000026776  0.035325707  0.015494282  0.000083081  0.000000000  0.023021288  0.023227073 
 0.175571185  0.750000000  0.637407942  0.033214724  0.034063947  0.000054273  0.060554573  0.029774396  0.000204652  0.000000000  0.033399149  0.033220790 
 0.200464744  0.875000000  0.764862598  0.044314511  0.046076518  0.000101992  0.079766237  0.046385883  0.000381030  0.000000000  0.045026426  0.044323123 
 0.227357454  1.000000000  0.892722748  0.056661397  0.059561921  0.000175751  0.089233267  0.065585965  0.000644309  0.000000000  0.058060011  0.056672884 
 0.250000000  1.094912085  0.990298302  0.066997965  0.070931531  0.000255237  0.089233267  0.082240357  0.000910588  0.000000000  0.069194871  0.067008510 
 0.258511481  1.125000000  1.021566943  0.070583193  0.074861449  0.000281548  0.134293497  0.088501614  0.001019975  0.000000000  0.075277874  0.070598040 
 0.294672041  1.250000000  1.151692214  0.086681623  0.092340568  0.000407407  0.165949100  0.114013065  0.001541843  0.000000000  0.092515690  0.086700273 
 0.335871257  1.375000000  1.283306709  0.104362140  0.111502552  0.000597152  0.181224815  0.141128917  0.002231714  0.000000000  0.111431674  0.104384861 
 0.375000000  1.475546307  1.391198407  0.120133017  0.128674327  0.000805882  0.181224815  0.165325069  0.002978249  0.000000000  0.128509659  0.120156612 
 0.386070322  1.500000000  1.418041192  0.124292735  0.133202398  0.000860939  0.221199726  0.171808621  0.003189535  0.000000000  0.134329166  0.124319983 
 0.447223400  1.625000000  1.557198294  0.147132522  0.157735827  0.001191370  0.239135589  0.205682947  0.004431927  0.000000000  0.159156747  0.147164838 
 0.500000000  1.714879293  1.661427161  0.165468600  0.177420094  0.001520200  0.239135589  0.234005837  0.005764401  0.000000000  0.179379943  0.165503473 
 0.524467151  1.750000000  1.704230263  0.173359954  0.185901587  0.001669514  0.269717006  0.246407296  0.006406835  0.000000000  0.189559366  0.173397960 
 0.624422909  1.875000000  1.864280735  0.204117160  0.218561132  0.002339481  0.269883250  0.294760947  0.009402029  0.000000000  0.223709322  0.204161745 
 0.625000000  1.875645763  1.865146786  0.204289715  0.218749655  0.002343557  0.269883250  0.294945310  0.009423112  0.000000000  0.223919799  0.204333991 
 0.687500000  1.937500000  1.953079696  0.222201184  0.238363813  0.002770758  0.286682860  0.314623003  0.011809644  0.000000000  0.246963895  0.000000000 

