xp yp distance tau_avg0tran tau_avg2tran tau_vartran tau_avg0carte tau_avg2carte tau_varcarte  tau_avg0 tau_avg2 tau_var

 0.125000000  0.026851979  0.000000000  0.000000000  0.000000000  0.000000000  0.000000000  0.000000000  0.000000000  0.000000000  0.000000000  0.000000000 
 0.250000000  0.048942156  0.126936897  0.004668218  0.004599853  0.000000927  0.000000000  0.005344184  0.000001440  0.000000000  0.003734824  0.000000000 
 0.375000000  0.077447912  0.255146016  0.012422809  0.012128144  0.000008581  0.000000000  0.015040057  0.000014406  0.000000000  0.010321002  0.012420189 
 0.500000000  0.110419032  0.384421283  0.023958291  0.023254336  0.000039887  0.000000000  0.030479648  0.000065892  0.000000000  0.020418471  0.023951632 
 0.560349622  0.125000000  0.446507365  0.030998799  0.030110421  0.000075017  0.008825101  0.039941250  0.000118825  0.000000000  0.027191669  0.030982648 
 0.625000000  0.147314156  0.514900295  0.040258663  0.039872510  0.000131659  0.008825101  0.051512183  0.000189167  0.000000000  0.037548079  0.040245356 
 0.750000000  0.185342876  0.645557035  0.061993170  0.064134578  0.000327770  0.008825101  0.080220511  0.000410431  0.000000000  0.061003326  0.061969206 
 0.875000000  0.223060637  0.776123606  0.088394172  0.093963769  0.000728121  0.008825101  0.118121869  0.000890435  0.000000000  0.090223603  0.088355202 
 0.969070149  0.250000000  0.873975138  0.111356426  0.120375432  0.001225970  0.017067032  0.152298011  0.001531989  0.000000000  0.116650403  0.111317340 
 1.000000000  0.260884997  0.906764447  0.119869336  0.130182397  0.001425583  0.017067032  0.163278649  0.001777424  0.000000000  0.131182069  0.119810161 
 1.125000000  0.300148891  1.037786023  0.157836795  0.173493574  0.002475200  0.017067032  0.213885904  0.003073568  0.000000000  0.174193680  0.157752955 
 1.250000000  0.340183044  1.169040483  0.200979733  0.222806335  0.004142780  0.017067032  0.280195034  0.005368988  0.000000000  0.223652077  0.200865938 
 1.356095356  0.375000000  1.280702675  0.241707963  0.269840495  0.006160434  0.024793362  0.344385744  0.008409224  0.000000000  0.271314182  0.241603527 
 1.375000000  0.382172151  1.300922104  0.249598012  0.278981947  0.006566638  0.024793362  0.354248252  0.009024988  0.000000000  0.284822976  0.249448490 
 1.500000000  0.429540781  1.434596287  0.305754771  0.343416386  0.009743695  0.024793362  0.426724975  0.014011494  0.000000000  0.350078810  0.305564627 
 1.625000000  0.483928234  1.570915746  0.368565879  0.415204150  0.014350332  0.024793362  0.526305333  0.021734699  0.000000000  0.423835742  0.368329618 
 1.658576078  0.500000000  1.608140129  0.386673685  0.436262359  0.015868847  0.077005192  0.554062826  0.024350580  0.000000000  0.446124049  0.386454013 
 1.750000000  0.549913266  1.712301867  0.439535071  0.497565321  0.020565976  0.077005192  0.633113735  0.032395758  0.000000000  0.528041855  0.439247625 
 1.862124785  0.625000000  1.847246245  0.511551059  0.579679811  0.028040377  0.085827291  0.743248127  0.045343136  0.000000000  0.615011546  0.511222317 
 1.875000000  0.634632760  1.863326084  0.520286710  0.589705283  0.029012545  0.085827291  0.755713785  0.047009825  0.000000000  0.626963399  0.519943345 
 1.937500000  0.687500000  1.945186911  0.564624416  0.640689036  0.034086700  0.133464746  0.818193804  0.055598498  0.000000000  0.682941745  0.564252993 

 0.050420775  0.125000000  0.000000000  0.000000000  0.000000000  0.000000000  0.000000000  0.000000000  0.000000000  0.000000000  0.000000000  0.000000000 
 0.076292731  0.250000000  0.127649356  0.003528300  0.003496936  0.000000332  0.004209841  0.002467919  0.000000154  0.000000000  0.003176591  0.000000000 
 0.101282245  0.375000000  0.255122788  0.008519652  0.008412854  0.000002742  0.007940771  0.006603928  0.000001982  0.000000000  0.007651691  0.007652477 
 0.124755632  0.500000000  0.382307692  0.014921688  0.014722022  0.000010940  0.008001178  0.013289711  0.000012638  0.000000000  0.013512660  0.013514431 
 0.125000000  0.501550650  0.383877479  0.015009916  0.014809532  0.000011106  0.008001178  0.013291651  0.000012826  0.000000000  0.013601411  0.013603263 
 0.150997435  0.625000000  0.510034558  0.023280329  0.023402487  0.000027300  0.035358582  0.015669682  0.000083606  0.000000000  0.023077516  0.023081325 
 0.175642833  0.750000000  0.637440977  0.033304263  0.034173616  0.000055566  0.060611717  0.029991818  0.000206124  0.000000000  0.033502931  0.033510063 
 0.200558651  0.875000000  0.764899983  0.044441639  0.046244106  0.000104637  0.079837644  0.046666044  0.000384488  0.000000000  0.045187166  0.045198281 
 0.227464854  1.000000000  0.892762971  0.056830978  0.059796047  0.000180514  0.089289465  0.065959027  0.000651646  0.000000000  0.058286266  0.058301965 
 0.250000000  1.094478838  0.989892182  0.067153550  0.071167319  0.000261833  0.089289465  0.082628878  0.000921194  0.000000000  0.069425711  0.069441831 
 0.258633178  1.125000000  1.021610837  0.070802379  0.075173144  0.000289389  0.134464035  0.089015519  0.001034227  0.000000000  0.075626856  0.075651053 
 0.294791988  1.250000000  1.151735622  0.086956956  0.092741006  0.000419773  0.166191789  0.114668765  0.001566881  0.000000000  0.092953784  0.092984221 
 0.335982969  1.375000000  1.283347539  0.104697567  0.111997623  0.000615641  0.181481819  0.141964899  0.002273505  0.000000000  0.111964157  0.112001197 
 0.375000000  1.475307475  1.390976152  0.120481267  0.129208611  0.000830152  0.181481819  0.166287505  0.003038532  0.000000000  0.129082942  0.129122911 
 0.386172810  1.500000000  1.418078781  0.124694990  0.133802246  0.000887552  0.221576258  0.172880062  0.003257902  0.000000000  0.134989065  0.135034983 
 0.447304367  1.625000000  1.557226426  0.147609603  0.158452525  0.001228989  0.239552184  0.206987833  0.004536874  0.000000000  0.159934347  0.159988488 
 0.500000000  1.714782648  1.661330959  0.165983372  0.178204841  0.001567432  0.239552184  0.235540420  0.005910812  0.000000000  0.180226418  0.180285404 
 0.524522561  1.750000000  1.704245034  0.173921008  0.186748057  0.001721814  0.270230580  0.248081869  0.006576057  0.000000000  0.190482768  0.190547086 
 0.624440163  1.875000000  1.864271679  0.204775332  0.219557198  0.002412325  0.270392428  0.296862511  0.009670131  0.000000000  0.224783861  0.224858715 
 0.625000000  1.875626681  1.865112004  0.204943307  0.219740954  0.002416400  0.270392428  0.297068854  0.009691308  0.000000000  0.224988989  0.225063481 
 0.687500000  1.937500000  1.953058338  0.222915936  0.239447736  0.002856884  0.287250277  0.319794332  0.012163320  0.000000000  0.248145547  0.248227888 

