xp yp distance tau_avg0tran tau_avg2tran tau_vartran tau_avg0carte tau_avg2carte tau_varcarte  tau_avg0 tau_avg2 tau_var

 0.125000000  0.027236156  0.000000000  0.000000000  0.000000000  0.000000000  0.000000000  0.000000000  0.000000000  0.000000000  0.000000000  0.000000000 
 0.250000000  0.049493333  0.126966066  0.004647835  0.004578639  0.000000924  0.000000000  0.005326514  0.000001451  0.000000000  0.003726679  0.000000000 
 0.375000000  0.078051516  0.255186852  0.012346424  0.012047296  0.000008588  0.000000000  0.014977611  0.000014633  0.000000000  0.010273022  0.010266763 
 0.500000000  0.110909173  0.384433227  0.023764410  0.023046061  0.000040172  0.000000000  0.030329846  0.000067525  0.000000000  0.020278107  0.020259834 
 0.558809665  0.125000000  0.444907421  0.030530285  0.029627280  0.000074715  0.008896176  0.039471333  0.000120448  0.000000000  0.026798349  0.026747341 
 0.625000000  0.147622694  0.514857022  0.039871811  0.039500282  0.000133784  0.008896176  0.051215971  0.000195630  0.000000000  0.037260847  0.037223467 
 0.750000000  0.185351775  0.645426864  0.061297244  0.063576268  0.000336299  0.008896176  0.079697365  0.000431339  0.000000000  0.060580011  0.060517198 
 0.875000000  0.222741955  0.775899181  0.087263632  0.093204968  0.000753479  0.008896176  0.117235441  0.000938442  0.000000000  0.089655138  0.089559967 
 0.970673147  0.250000000  0.875379592  0.110223404  0.119942156  0.001288183  0.016571851  0.151698085  0.001623220  0.000000000  0.116427898  0.116363098 
 1.000000000  0.260263234  0.906450451  0.118154127  0.129194975  0.001490177  0.016571851  0.161952069  0.001868663  0.000000000  0.130037529  0.129849939 
 1.125000000  0.299312631  1.037407907  0.155408663  0.172290423  0.002619258  0.016571851  0.211600159  0.003226901  0.000000000  0.172887836  0.172653290 
 1.250000000  0.339197961  1.168617052  0.197686049  0.221438142  0.004429848  0.016571851  0.276922607  0.005583465  0.000000000  0.222216432  0.221929879 
 1.358877323  0.375000000  1.283229692  0.238674370  0.269657483  0.006706292  0.023032303  0.342083291  0.008753814  0.000000000  0.271039047  0.270865950 
 1.375000000  0.381129999  1.300478391  0.245272532  0.277444425  0.007091816  0.023032303  0.350125564  0.009284552  0.000000000  0.282477895  0.282029714 
 1.500000000  0.428559884  1.434174292  0.300256869  0.341759228  0.010650148  0.023032303  0.419199443  0.014249983  0.000000000  0.347583065  0.347066145 
 1.625000000  0.483086381  1.570549286  0.361736382  0.413503084  0.015817310  0.023032303  0.517359568  0.021848822  0.000000000  0.421208891  0.420615729 
 1.660158296  0.500000000  1.609564363  0.380311869  0.435560379  0.017607240  0.073327349  0.546205344  0.024542107  0.000000000  0.444496109  0.444014161 
 1.750000000  0.549332282  1.712059269  0.431227564  0.495812289  0.022834950  0.073327349  0.623300186  0.032258560  0.000000000  0.525143018  0.524415549 
 1.862513973  0.625000000  1.847650559  0.502047423  0.578191710  0.031311810  0.081716931  0.732953788  0.044802170  0.000000000  0.612123172  0.611335706 
 1.875000000  0.634404319  1.863282004  0.510363600  0.587912159  0.032377669  0.081716931  0.745214624  0.046350551  0.000000000  0.623763993  0.622924831 
 1.937500000  0.687500000  1.945290548  0.553890293  0.638797956  0.038100782  0.128507773  0.808409216  0.054521206  0.000000000  0.679431535  0.000000000 

 0.050228588  0.125000000  0.000000000  0.000000000  0.000000000  0.000000000  0.000000000  0.000000000  0.000000000  0.000000000  0.000000000  0.000000000 
 0.076133910  0.250000000  0.127656123  0.003538155  0.003506045  0.000000339  0.004221221  0.002473022  0.000000155  0.000000000  0.003182507  0.000000000 
 0.101197379  0.375000000  0.255144073  0.008550261  0.008440690  0.000002809  0.007966275  0.006620781  0.000001992  0.000000000  0.007674800  0.000000000 
 0.124749786  0.500000000  0.382343585  0.014985375  0.014780205  0.000011253  0.008028217  0.013330293  0.000012749  0.000000000  0.013564758  0.500000000 
 0.125000000  0.501583657  0.383946887  0.015075984  0.014870058  0.000011429  0.008028217  0.013334998  0.000012944  0.000000000  0.013655910  1.714590288 
 0.151075234  0.625000000  0.510087727  0.023394235  0.023524076  0.000028338  0.035424292  0.016015721  0.000084659  0.000000000  0.023189673  0.000000000 
 0.175785322  0.750000000  0.637506676  0.033482882  0.034391952  0.000058135  0.060725841  0.030421731  0.000209074  0.000000000  0.033709723  0.000000000 
 0.200745292  0.875000000  0.764974319  0.044695312  0.046577670  0.000109899  0.079980031  0.047221118  0.000391412  0.000000000  0.045507301  0.276288033 
 0.227678185  1.000000000  0.892842926  0.057169410  0.060261993  0.000189996  0.089401126  0.066699066  0.000666323  0.000000000  0.058736767  0.000000000 
 0.250000000  1.093618101  0.989085393  0.067463571  0.071635218  0.000274906  0.089401126  0.083397102  0.000942261  0.000000000  0.069883980  0.447465196 
 0.258874868  1.125000000  1.021698072  0.071239882  0.075793527  0.000305011  0.134803775  0.090035805  0.001062722  0.000000000  0.076322561  1.625000000 
 0.295030151  1.250000000  1.151821876  0.087506580  0.093538031  0.000444428  0.166675232  0.115970597  0.001616917  0.000000000  0.093826894  0.000000000 
 0.336204758  1.375000000  1.283428670  0.105367164  0.112982986  0.000652519  0.181993413  0.143624106  0.002356958  0.000000000  0.113025152  0.000000000 
 0.375000000  1.474832538  1.390534256  0.121176014  0.130270896  0.000878475  0.181993413  0.168193620  0.003158498  0.000000000  0.130224060  0.607702732 
 0.386376323  1.500000000  1.418153486  0.125497997  0.134996153  0.000940651  0.222326289  0.175005103  0.003394294  0.000000000  0.136304172  0.000000000 
 0.447465196  1.625000000  1.557282384  0.148561973  0.159878958  0.001304060  0.240381921  0.209574787  0.004746079  0.000000000  0.161483725  0.386376323 
 0.500000000  1.714590288  1.661139619  0.167010687  0.179766055  0.001661621  0.240381921  0.238578749  0.006202209  0.000000000  0.181912277  1.500000000 
 0.524632708  1.750000000  1.704274501  0.175040962  0.188432691  0.001826183  0.271253797  0.251398891  0.006913148  0.000000000  0.192322471  0.000000000 
 0.624474540  1.875000000  1.864253848  0.206089058  0.221539334  0.002557680  0.271406782  0.301022894  0.010203840  0.000000000  0.226924218  0.000000000 
 0.625000000  1.875588617  1.865042885  0.206247802  0.221713431  0.002561729  0.271406782  0.301271605  0.010225070  0.000000000  0.227118514  0.855429649 
 0.687500000  1.937500000  1.953016002  0.224342507  0.241604525  0.003028719  0.288380877  0.330501492  0.012867248  0.000000000  0.250498882  0.000000000 

