xp yp distance tau_avg0tran tau_avg2tran tau_vartran tau_avg0carte tau_avg2carte tau_varcarte  tau_avg0 tau_avg2 tau_var

 0.125000000  0.027056758  0.000000000  0.000000000  0.000000000  0.000000000  0.000000000  0.000000000  0.000000000  0.000000000  0.000000000  0.000000000 
 0.250000000  0.049236294  0.126952479  0.004657324  0.004588446  0.000000926  0.000000000  0.005335112  0.000001447  0.000000000  0.003730475  0.000000000 
 0.375000000  0.077770498  0.255167926  0.012381958  0.012084463  0.000008594  0.000000000  0.015008800  0.000014552  0.000000000  0.010295351  0.010293350 
 0.500000000  0.110681459  0.384427863  0.023854533  0.023141346  0.000040105  0.000000000  0.030406483  0.000066925  0.000000000  0.020343374  0.020337520 
 0.559527944  0.125000000  0.445653647  0.030747634  0.029849198  0.000075005  0.008863439  0.039700268  0.000120028  0.000000000  0.026980897  0.026964500 
 0.625000000  0.147479701  0.514877394  0.040051487  0.039672144  0.000133109  0.008863439  0.051369499  0.000193251  0.000000000  0.037394382  0.037382403 
 0.750000000  0.185348362  0.645487637  0.061620280  0.063843961  0.000333372  0.008863439  0.079970580  0.000423491  0.000000000  0.060788784  0.060771681 
 0.875000000  0.222890961  0.776003715  0.087788121  0.093582906  0.000744560  0.008863439  0.117697753  0.000920622  0.000000000  0.089952331  0.089930123 
 0.969922652  0.250000000  0.874721545  0.110748827  0.120187556  0.001264712  0.016801625  0.152046115  0.001588361  0.000000000  0.116586739  0.116580051 
 1.000000000  0.260553323  0.906596605  0.118949471  0.129706311  0.001467045  0.016801625  0.162647731  0.001835324  0.000000000  0.130629542  0.130584598 
 1.125000000  0.299702207  1.037583761  0.156534073  0.172938159  0.002566897  0.016801625  0.212785716  0.003172005  0.000000000  0.173595405  0.173545520 
 1.250000000  0.339656685  1.168813942  0.199212119  0.222213093  0.004324668  0.016801625  0.278604221  0.005510532  0.000000000  0.223039237  0.222986341 
 1.357582857  0.375000000  1.282053604  0.240082756  0.269935867  0.006497621  0.023845251  0.343360673  0.008631388  0.000000000  0.271380130  0.271378227 
 1.375000000  0.381615466  1.300684795  0.247276080  0.278362262  0.006898162  0.023845251  0.352257348  0.009203888  0.000000000  0.283791248  0.283703549 
 1.500000000  0.429016487  1.434370459  0.302802784  0.342808843  0.010313688  0.023845251  0.423079311  0.014193987  0.000000000  0.349043419  0.348952774 
 1.625000000  0.483478356  1.570719625  0.364898443  0.414666066  0.015271134  0.023845251  0.521969520  0.021868095  0.000000000  0.422822796  0.422730720 
 1.659423569  0.500000000  1.608902695  0.383260486  0.436287764  0.016950068  0.075024439  0.550338842  0.024531555  0.000000000  0.445674278  0.445625107 
 1.750000000  0.549602781  1.712171886  0.435073546  0.497105160  0.021987709  0.075024439  0.628418197  0.032412962  0.000000000  0.527038758  0.526941989 
 1.862333231  0.625000000  1.847462297  0.506447851  0.579464528  0.030084257  0.083613349  0.738403519  0.045158153  0.000000000  0.614109739  0.614017626 
 1.875000000  0.634510784  1.863302185  0.514957401  0.589337969  0.031118385  0.083613349  0.750787656  0.046761787  0.000000000  0.625913046  0.625808698 
 1.937500000  0.687500000  1.945241840  0.558859595  0.640322404  0.036596635  0.130796249  0.813776235  0.055127447  0.000000000  0.681770491  0.000000000 

 0.050318294  0.125000000  0.000000000  0.000000000  0.000000000  0.000000000  0.000000000  0.000000000  0.000000000  0.000000000  0.000000000  0.000000000 
 0.076208092  0.250000000  0.127652973  0.003533549  0.003501769  0.000000336  0.004215899  0.002470645  0.000000155  0.000000000  0.003179744  0.000000000 
 0.101237039  0.375000000  0.255134141  0.008535952  0.008427609  0.000002779  0.007954347  0.006612852  0.000001987  0.000000000  0.007663998  0.000002782 
 0.124752530  0.500000000  0.382326823  0.014955595  0.014752868  0.000011115  0.008015568  0.013311187  0.000012697  0.000000000  0.013540398  0.000011128 
 0.125000000  0.501568174  0.383914404  0.015045085  0.014841619  0.000011286  0.008015568  0.013314509  0.000012889  0.000000000  0.013630422  0.000011300 
 0.151038886  0.625000000  0.510062885  0.023340958  0.023467522  0.000027882  0.035393521  0.015845956  0.000084173  0.000000000  0.023137208  0.000027927 
 0.175718750  0.750000000  0.637475975  0.033399320  0.034291205  0.000057008  0.060672420  0.030213218  0.000207719  0.000000000  0.033614051  0.000057119 
 0.200658102  0.875000000  0.764939583  0.044576626  0.046424340  0.000107589  0.079913419  0.046955018  0.000388253  0.000000000  0.045359923  0.000107818 
 0.227578542  1.000000000  0.892805568  0.057011060  0.060048269  0.000185833  0.089348950  0.066348498  0.000659672  0.000000000  0.058529931  0.000186245 
 0.250000000  1.094020178  0.989462257  0.067318591  0.071422041  0.000269201  0.089348950  0.083036331  0.000932844  0.000000000  0.069674977  0.000269771 
 0.258761980  1.125000000  1.021657314  0.071035164  0.075509304  0.000298154  0.134644903  0.089557776  0.001049897  0.000000000  0.076002730  0.000298834 
 0.294918916  1.250000000  1.151781578  0.087249389  0.093173284  0.000433616  0.166449170  0.115365126  0.001594487  0.000000000  0.093426177  0.000434690 
 0.336101172  1.375000000  1.283390765  0.105053828  0.112532344  0.000636346  0.181754249  0.142858162  0.002319735  0.000000000  0.112538718  0.000637953 
 0.375000000  1.475054485  1.390740748  0.120850983  0.129786286  0.000857328  0.181754249  0.167320839  0.003105387  0.000000000  0.129702121  0.000859435 
 0.386281265  1.500000000  1.418118579  0.125122230  0.134450320  0.000917362  0.221975579  0.174031522  0.003333799  0.000000000  0.135701307  0.000919675 
 0.447390066  1.625000000  1.557256229  0.148116313  0.159227065  0.001271143  0.239993957  0.208395057  0.004653658  0.000000000  0.160773881  0.001274415 
 0.500000000  1.714680214  1.661229042  0.166530006  0.179053224  0.001620354  0.239993957  0.237202000  0.006074025  0.000000000  0.181140609  0.001624461 
 0.524581239  1.750000000  1.704260712  0.174516888  0.187662925  0.001780418  0.270775313  0.249897029  0.006764858  0.000000000  0.191479912  0.001784967 
 0.624458462  1.875000000  1.864262149  0.205474324  0.220633863  0.002493950  0.270932460  0.299148912  0.009969791  0.000000000  0.225944186  0.002500285 
 0.625000000  1.875606426  1.865075177  0.205637402  0.220812521  0.002498021  0.270932460  0.299380419  0.009991062  0.000000000  0.226143593  0.002504355 
 0.687500000  1.937500000  1.953035762  0.223674983  0.240619286  0.002953388  0.287852159  0.325764491  0.012559033  0.000000000  0.249421697  0.000000000 

