xp yp distance tau_avg0tran tau_avg2tran tau_vartran tau_avg0carte tau_avg2carte tau_varcarte  tau_avg0 tau_avg2 tau_var

 0.125000000  0.026632698  0.000000000  0.000000000  0.000000000  0.000000000  0.000000000  0.000000000  0.000000000  0.000000000  0.000000000  0.000000000 
 0.250000000  0.048626305  0.126920128  0.004679956  0.004612103  0.000000929  0.000000000  0.005354180  0.000001433  0.000000000  0.003739497  0.000000000 
 0.375000000  0.077100291  0.255122186  0.012466897  0.012175043  0.000008571  0.000000000  0.015075061  0.000014261  0.000000000  0.010348661  0.012172300 
 0.500000000  0.110134989  0.384413684  0.024070452  0.023375740  0.000039682  0.000000000  0.030562803  0.000064846  0.000000000  0.020499595  0.023368627 
 0.561231789  0.125000000  0.447424005  0.031271460  0.030393106  0.000075081  0.008782849  0.040208402  0.000117619  0.000000000  0.027420260  0.030376519 
 0.625000000  0.147134039  0.514924378  0.040482998  0.040089672  0.000130229  0.008782849  0.051675555  0.000185004  0.000000000  0.037714160  0.040076941 
 0.750000000  0.185334994  0.645631352  0.062397441  0.064454338  0.000322120  0.008782849  0.080507332  0.000396966  0.000000000  0.061240556  0.064435700 
 0.875000000  0.223241689  0.776252627  0.089051971  0.094389439  0.000711332  0.008782849  0.118608397  0.000859246  0.000000000  0.090530849  0.094364792 
 0.968162787  0.250000000  0.873182045  0.112016611  0.120604303  0.001186293  0.017354819  0.152611298  0.001474025  0.000000000  0.116745652  0.120591298 
 1.000000000  0.261240617  0.906945333  0.120868764  0.130722817  0.001382694  0.017354819  0.164004751  0.001717613  0.000000000  0.131807381  0.130691786 
 1.125000000  0.300629368  1.038004379  0.159253569  0.174134445  0.002379568  0.017354819  0.215134749  0.002972287  0.000000000  0.174883150  0.174097998 
 1.250000000  0.340749674  1.169285143  0.202903447  0.223507136  0.003951860  0.017354819  0.281996119  0.005224894  0.000000000  0.224376618  0.223467855 
 1.354491485  0.375000000  1.279246751  0.243469627  0.269819002  0.005808634  0.025832583  0.345587441  0.008183440  0.000000000  0.271326849  0.269822588 
 1.375000000  0.382770992  1.301178179  0.252126546  0.279734667  0.006216475  0.025832583  0.356513069  0.008845934  0.000000000  0.286032154  0.279693222 
 1.500000000  0.430105623  1.434840317  0.308971299  0.344182329  0.009139276  0.025832583  0.430688257  0.013838524  0.000000000  0.351317833  0.344141178 
 1.625000000  0.484412628  1.571127700  0.372563245  0.415926698  0.013371064  0.025832583  0.531046095  0.021627180  0.000000000  0.425082397  0.415889392 
 1.657658485  0.500000000  1.607315306  0.390386096  0.436385985  0.014724390  0.079178421  0.558145504  0.024193320  0.000000000  0.446770355  0.436384047 
 1.750000000  0.550247614  1.712442743  0.444399049  0.498241104  0.019050589  0.079178421  0.638288662  0.032428039  0.000000000  0.529326693  0.498207987 
 1.861899135  0.625000000  1.847013675  0.517112915  0.580127649  0.025862290  0.088257045  0.748629369  0.045609807  0.000000000  0.616221616  0.580109262 
 1.875000000  0.634763836  1.863352744  0.526097153  0.590321811  0.026765776  0.088257045  0.761200657  0.047348313  0.000000000  0.628338746  0.590293719 
 1.937500000  0.687500000  1.945128981  0.570909604  0.641325773  0.031409013  0.136389806  0.823232565  0.056190366  0.000000000  0.684466525  0.641297184 

 0.050530650  0.125000000  0.000000000  0.000000000  0.000000000  0.000000000  0.000000000  0.000000000  0.000000000  0.000000000  0.000000000  0.000000000 
 0.076383375  0.250000000  0.127645460  0.003522689  0.003491753  0.000000328  0.004203365  0.002465010  0.000000154  0.000000000  0.003173218  0.000000000 
 0.101330647  0.375000000  0.255110617  0.008502239  0.008397028  0.000002703  0.007926262  0.006594375  0.000001977  0.000000000  0.007638540  0.008397948 
 0.124758988  0.500000000  0.382287216  0.014885483  0.014688959  0.000010760  0.007985790  0.013266759  0.000012575  0.000000000  0.013483040  0.014690880 
 0.125000000  0.501531606  0.383837669  0.014972350  0.014775130  0.000010922  0.007985790  0.013267152  0.000012760  0.000000000  0.013570419  0.014777130 
 0.150953167  0.625000000  0.510004269  0.023215629  0.023333359  0.000026707  0.035321350  0.015470583  0.000083011  0.000000000  0.023013837  0.023337375 
 0.175561683  0.750000000  0.637403559  0.033202858  0.034049412  0.000054101  0.060547000  0.029745134  0.000204457  0.000000000  0.033385397  0.034056629 
 0.200452283  0.875000000  0.764857637  0.044297664  0.046054310  0.000101642  0.079756768  0.046348316  0.000380573  0.000000000  0.045005129  0.046065337 
 0.227343198  1.000000000  0.892717409  0.056638924  0.059530897  0.000175122  0.089225805  0.065536094  0.000643340  0.000000000  0.058030035  0.059546303 
 0.250000000  1.094969591  0.990352207  0.066977334  0.070900261  0.000254364  0.089225805  0.082188392  0.000909183  0.000000000  0.069164262  0.070915792 
 0.258495326  1.125000000  1.021561117  0.070554148  0.074820150  0.000280512  0.134270880  0.088433089  0.001018092  0.000000000  0.075231656  0.074840659 
 0.294656116  1.250000000  1.151686452  0.086645140  0.092287514  0.000405773  0.165916915  0.113925747  0.001538535  0.000000000  0.092457669  0.092313861 
 0.335856424  1.375000000  1.283301289  0.104317695  0.111436962  0.000594711  0.181190723  0.141017701  0.002226194  0.000000000  0.111361149  0.111469535 
 0.375000000  1.475578002  1.391227903  0.120086861  0.128603521  0.000802675  0.181190723  0.165197024  0.002970278  0.000000000  0.128433709  0.128638687 
 0.386056714  1.500000000  1.418036202  0.124239434  0.133122927  0.000857425  0.221149791  0.171666181  0.003180503  0.000000000  0.134241771  0.133162394 
 0.447212650  1.625000000  1.557194560  0.147069305  0.157640876  0.001186403  0.239080339  0.205509547  0.004418060  0.000000000  0.159053759  0.157688031 
 0.500000000  1.714892114  1.661439927  0.165400382  0.177316115  0.001513962  0.239080339  0.233801928  0.005745047  0.000000000  0.179267819  0.177367755 
 0.524459796  1.750000000  1.704228305  0.173285610  0.185789440  0.001662609  0.269648902  0.246184860  0.006384473  0.000000000  0.189437063  0.185845135 
 0.624420620  1.875000000  1.864281941  0.204029943  0.218429161  0.002329862  0.269815727  0.294481876  0.009366595  0.000000000  0.223566991  0.218494702 
 0.625000000  1.875648293  1.865151403  0.204203104  0.218618312  0.002333939  0.269815727  0.294663309  0.009387663  0.000000000  0.223778174  0.218683541 
 0.687500000  1.937500000  1.953082533  0.222106468  0.238220197  0.002759386  0.286607619  0.313948866  0.011762901  0.000000000  0.246807369  0.000000000 

