xp yp distance tau_avg0tran tau_avg2tran tau_vartran tau_avg0carte tau_avg2carte tau_varcarte  tau_avg0 tau_avg2 tau_var

 0.125000000  0.026503918  0.000000000  0.000000000  0.000000000  0.000000000  0.000000000  0.000000000  0.000000000  0.000000000  0.000000000  0.000000000 
 0.250000000  0.048440379  0.126910237  0.004686883  0.004619358  0.000000930  0.000000000  0.005359949  0.000001428  0.000000000  0.003742250  0.000000000 
 0.375000000  0.076895063  0.255108010  0.012492954  0.012202927  0.000008562  0.000000000  0.015094983  0.000014166  0.000000000  0.010364996  0.010363614 
 0.500000000  0.109966672  0.384408944  0.024136831  0.023448195  0.000039536  0.000000000  0.030609465  0.000064162  0.000000000  0.020547579  0.020543516 
 0.561751089  0.125000000  0.447963629  0.031433411  0.030561958  0.000075051  0.008757426  0.040362798  0.000116749  0.000000000  0.027555929  0.027544429 
 0.625000000  0.147026832  0.514938296  0.040615951  0.040219019  0.000129253  0.008757426  0.051766419  0.000182276  0.000000000  0.037812413  0.037804094 
 0.750000000  0.185329326  0.645674982  0.062637279  0.064640847  0.000318331  0.008757426  0.080665760  0.000388169  0.000000000  0.061375988  0.061364789 
 0.875000000  0.223347614  0.776328685  0.089442586  0.094631842  0.000700117  0.008757426  0.118877377  0.000838752  0.000000000  0.090698847  0.090685366 
 0.967632934  0.250000000  0.872719608  0.112409070  0.120723796  0.001160505  0.017525475  0.152771618  0.001436494  0.000000000  0.116779908  0.116778227 
 1.000000000  0.261449567  0.907052094  0.121462746  0.131021789  0.001354086  0.017525475  0.164404598  0.001678053  0.000000000  0.132152947  0.132125030 
 1.125000000  0.300912449  1.038133439  0.160096279  0.174477385  0.002315918  0.017525475  0.215825466  0.002904844  0.000000000  0.175248668  0.175220008 
 1.250000000  0.341083727  1.169429789  0.204048358  0.223863416  0.003824840  0.017525475  0.282999397  0.005127494  0.000000000  0.224738351  0.224711295 
 1.353544724  0.375000000  1.278387687  0.244514819  0.269725875  0.005579478  0.026454403  0.346215226  0.008033471  0.000000000  0.271243446  0.271255332 
 1.375000000  0.383123816  1.301329467  0.253632186  0.280093194  0.005983479  0.026454403  0.357770039  0.008722148  0.000000000  0.286652126  0.286604782 
 1.500000000  0.430438828  1.434984659  0.310887575  0.344514334  0.008737443  0.026454403  0.432862283  0.013713111  0.000000000  0.351920426  0.351876377 
 1.625000000  0.484698224  1.571253078  0.374945355  0.416191057  0.012719985  0.026454403  0.533650163  0.021534482  0.000000000  0.425647725  0.425609010 
 1.657115000  0.500000000  1.606827192  0.392594708  0.436284350  0.013970122  0.080480019  0.560346175  0.024068469  0.000000000  0.446968433  0.446961414 
 1.750000000  0.550444766  1.712526282  0.447298151  0.498430564  0.018043292  0.080480019  0.641105436  0.032412068  0.000000000  0.529842682  0.529811858 
 1.861765498  0.625000000  1.846876606  0.520427237  0.580136598  0.024417594  0.089712627  0.751522495  0.045729475  0.000000000  0.616651063  0.616629786 
 1.875000000  0.634840990  1.863368941  0.529560624  0.590425371  0.025272990  0.089712627  0.764146086  0.047511402  0.000000000  0.628857039  0.628828696 
 1.937500000  0.687500000  1.945095444  0.574656049  0.641418303  0.029630954  0.138140516  0.825875972  0.056506727  0.000000000  0.685053720  0.685020591 

 0.050595263  0.125000000  0.000000000  0.000000000  0.000000000  0.000000000  0.000000000  0.000000000  0.000000000  0.000000000  0.000000000  0.000000000 
 0.076436649  0.250000000  0.127643164  0.003519398  0.003488718  0.000000326  0.004199565  0.002463302  0.000000154  0.000000000  0.003171239  0.000000000 
 0.101359112  0.375000000  0.255103468  0.008492033  0.008387769  0.000002680  0.007917745  0.006588796  0.000001974  0.000000000  0.007630831  0.007631482 
 0.124761022  0.500000000  0.382275200  0.014864271  0.014669619  0.000010652  0.007976742  0.013253373  0.000012539  0.000000000  0.013465685  0.013467149 
 0.125000000  0.501520002  0.383813873  0.014950319  0.014754984  0.000010811  0.007976742  0.013252859  0.000012721  0.000000000  0.013552239  0.013553774 
 0.150927273  0.625000000  0.509986507  0.023177742  0.023292794  0.000026352  0.035299549  0.015351800  0.000082663  0.000000000  0.022976560  0.022979705 
 0.175514130  0.750000000  0.637381615  0.033143491  0.033976335  0.000053226  0.060509107  0.029598406  0.000203479  0.000000000  0.033316330  0.033322177 
 0.200389901  0.875000000  0.764832797  0.044213385  0.045942500  0.000099854  0.079709374  0.046159810  0.000378269  0.000000000  0.044897975  0.044907059 
 0.227271807  1.000000000  0.892690675  0.056526507  0.059374585  0.000171905  0.089188407  0.065285525  0.000638441  0.000000000  0.057879064  0.057891874 
 0.250000000  1.095257583  0.990622171  0.066874084  0.070742287  0.000249891  0.089188407  0.081926478  0.000902047  0.000000000  0.069009686  0.069022830 
 0.258414409  1.125000000  1.021531937  0.070408861  0.074611987  0.000275219  0.134157669  0.088088275  0.001008556  0.000000000  0.074999026  0.075018755 
 0.294576341  1.250000000  1.151657589  0.086462642  0.092019998  0.000397426  0.165755816  0.113485808  0.001521757  0.000000000  0.092165449  0.092190243 
 0.335782114  1.375000000  1.283274137  0.104095366  0.111106156  0.000582232  0.181020045  0.140456442  0.002198138  0.000000000  0.111005813  0.111035973 
 0.375000000  1.475736718  1.391375613  0.119855936  0.128246056  0.000786270  0.181020045  0.164549155  0.002929651  0.000000000  0.128050677  0.128083213 
 0.385988542  1.500000000  1.418011207  0.123972807  0.132722064  0.000839466  0.220899850  0.170945973  0.003134510  0.000000000  0.133801422  0.133838799 
 0.447158800  1.625000000  1.557175859  0.146753074  0.157161858  0.001161017  0.238803787  0.204631799  0.004347350  0.000000000  0.158534722  0.158578786 
 0.500000000  1.714956311  1.661503853  0.165059105  0.176791359  0.001482070  0.238803787  0.232767705  0.005646202  0.000000000  0.178702525  0.178750531 
 0.524422958  1.750000000  1.704218500  0.172913704  0.185223636  0.001627317  0.269308042  0.245056622  0.006270281  0.000000000  0.188820598  0.188872940 
 0.624409164  1.875000000  1.864287989  0.203593638  0.217763268  0.002280701  0.269477764  0.293064331  0.009185457  0.000000000  0.222849489  0.222910415 
 0.625000000  1.875660955  1.865174526  0.203769818  0.217955546  0.002284773  0.269477764  0.293230387  0.009206424  0.000000000  0.223064182  0.223124813 
 0.687500000  1.937500000  1.953096751  0.221632634  0.237495528  0.002701255  0.286231046  0.310524479  0.011523821  0.000000000  0.246018193  0.000000000 

