xp yp distance tau_avg0tran tau_avg2tran tau_vartran tau_avg0carte tau_avg2carte tau_varcarte  tau_avg0 tau_avg2 tau_var

 0.125000000  0.026754503  0.000000000  0.000000000  0.000000000  0.000000000  0.000000000  0.000000000  0.000000000  0.000000000  0.000000000  0.000000000 
 0.250000000  0.048801866  0.126929454  0.004673426  0.004605296  0.000000928  0.000000000  0.005348585  0.000001436  0.000000000  0.003736899  0.000000000 
 0.375000000  0.077293668  0.255135471  0.012442363  0.012148984  0.000008576  0.000000000  0.015055384  0.000014340  0.000000000  0.010333273  0.012146433 
 0.500000000  0.110293160  0.384417977  0.024008015  0.023308277  0.000039791  0.000000000  0.030515875  0.000065416  0.000000000  0.020454442  0.023301637 
 0.560741460  0.125000000  0.446914505  0.031119525  0.030235737  0.000075036  0.008806476  0.040058641  0.000118273  0.000000000  0.027292910  0.030220428 
 0.625000000  0.147234460  0.514911059  0.040358067  0.039968728  0.000131002  0.008806476  0.051583169  0.000187279  0.000000000  0.037621715  0.039957053 
 0.750000000  0.185339638  0.645590072  0.062172241  0.064275474  0.000325196  0.008806476  0.080345017  0.000404347  0.000000000  0.061107612  0.064259336 
 0.875000000  0.223141213  0.776180880  0.088685446  0.094150253  0.000720504  0.008806476  0.118333090  0.000876349  0.000000000  0.090357459  0.094130286 
 0.968666051  0.250000000  0.873621752  0.111648656  0.120472829  0.001208007  0.017194513  0.152430439  0.001505786  0.000000000  0.116688296  0.120465438 
 1.000000000  0.261043036  0.906844711  0.120311753  0.130417774  0.001406207  0.017194513  0.163593514  0.001750400  0.000000000  0.131454668  0.130394541 
 1.125000000  0.300362217  1.037882866  0.158463781  0.173770982  0.002432116  0.017194513  0.214429786  0.003027735  0.000000000  0.174492147  0.173746166 
 1.250000000  0.340434564  1.169148981  0.201830889  0.223107013  0.004056946  0.017194513  0.280980252  0.005303510  0.000000000  0.223962684  0.223084228 
 1.355383741  0.375000000  1.280056610  0.242488299  0.269817255  0.006002101  0.025252264  0.344902955  0.008306647  0.000000000  0.271305463  0.269838538 
 1.375000000  0.382438026  1.301035691  0.250716574  0.279301562  0.006409530  0.025252264  0.355234041  0.008943080  0.000000000  0.285343131  0.279282631 
 1.500000000  0.429791453  1.434704487  0.307177439  0.343737196  0.009472866  0.025252264  0.428471941  0.013930719  0.000000000  0.350607574  0.343725388 
 1.625000000  0.484143241  1.571009722  0.370333746  0.415500091  0.013911952  0.025252264  0.528391710  0.021681012  0.000000000  0.424362233  0.415500127 
 1.658169439  0.500000000  1.607774494  0.388316511  0.436291038  0.015355918  0.077964555  0.555856620  0.024274536  0.000000000  0.446382882  0.436325846 
 1.750000000  0.550061667  1.712364276  0.441686062  0.497833938  0.019888091  0.077964555  0.635384942  0.032401857  0.000000000  0.528576358  0.497847349 
 1.862024782  0.625000000  1.847143004  0.514010876  0.579840935  0.027066068  0.086899808  0.745603153  0.045450811  0.000000000  0.615506841  0.579877081 
 1.875000000  0.634690974  1.863337795  0.522856198  0.589940430  0.028007826  0.086899808  0.758112877  0.047148837  0.000000000  0.627531048  0.589968779 
 1.937500000  0.687500000  1.945161039  0.567403851  0.640929555  0.032889281  0.134756330  0.820379086  0.055848178  0.000000000  0.683572460  0.640962355 

 0.050469597  0.125000000  0.000000000  0.000000000  0.000000000  0.000000000  0.000000000  0.000000000  0.000000000  0.000000000  0.000000000  0.000000000 
 0.076333019  0.250000000  0.127647627  0.003525804  0.003494633  0.000000331  0.004206961  0.002466625  0.000000154  0.000000000  0.003175091  0.000000000 
 0.101303756  0.375000000  0.255117379  0.008511906  0.008405824  0.000002724  0.007934319  0.006599681  0.000001980  0.000000000  0.007645841  1.000000000 
 0.124757113  0.500000000  0.382298588  0.014905581  0.014707331  0.000010859  0.007994338  0.013279505  0.000012610  0.000000000  0.013499483  1.000000000 
 0.125000000  0.501542258  0.383859854  0.014993207  0.014794249  0.000011023  0.007994338  0.013280769  0.000012797  0.000000000  0.013587627  0.012346179 
 0.150977735  0.625000000  0.510021088  0.023251540  0.023371687  0.000027032  0.035342011  0.015582976  0.000083340  0.000000000  0.023049178  1.000000000 
 0.175606737  0.750000000  0.637424336  0.033259136  0.034118162  0.000054904  0.060582915  0.029883856  0.000205377  0.000000000  0.033450480  1.000000000 
 0.200511349  0.875000000  0.764881151  0.044377565  0.046159282  0.000103282  0.079801662  0.046526316  0.000382731  0.000000000  0.045105828  1.000000000 
 0.227410763  1.000000000  0.892742711  0.056745506  0.059677480  0.000178074  0.089261165  0.065772190  0.000647913  0.000000000  0.058171700  1.000000000 
 0.250000000  1.094697044  0.990096723  0.067075154  0.071047784  0.000258452  0.089261165  0.082433973  0.000915789  0.000000000  0.069308704  0.757366665 
 0.258571889  1.125000000  1.021588730  0.070691903  0.075015239  0.000285370  0.134378110  0.088757195  0.001026963  0.000000000  0.075450153  1.000000000 
 0.294731584  1.250000000  1.151713760  0.086818178  0.092538083  0.000413433  0.166069510  0.114338419  0.001554108  0.000000000  0.092731875  1.000000000 
 0.335926713  1.375000000  1.283326976  0.104528500  0.111746702  0.000606160  0.181352342  0.141542827  0.002252163  0.000000000  0.111694376  1.000000000 
 0.375000000  1.475427776  1.391088101  0.120305755  0.128937708  0.000817706  0.181352342  0.165800741  0.003007715  0.000000000  0.128792383  0.803306617 
 0.386121199  1.500000000  1.418059850  0.124492239  0.133498192  0.000873905  0.221386542  0.172338021  0.003222946  0.000000000  0.134654703  1.000000000 
 0.447263591  1.625000000  1.557212256  0.147369138  0.158089208  0.001209696  0.239342286  0.206326885  0.004483170  0.000000000  0.159540305  1.000000000 
 0.500000000  1.714831335  1.661379418  0.165723922  0.177806973  0.001543209  0.239342286  0.234762017  0.005835839  0.000000000  0.179797419  0.718603905 
 0.524494653  1.750000000  1.704237591  0.173638220  0.186318941  0.001694992  0.269971806  0.247232156  0.006489384  0.000000000  0.190014811  1.000000000 
 0.624431469  1.875000000  1.864276234  0.204443598  0.219052225  0.002374967  0.270135873  0.295794766  0.009532728  0.000000000  0.224239309  1.000000000 
 0.625000000  1.875636297  1.865129522  0.204613885  0.219238387  0.002379042  0.270135873  0.295989733  0.009553856  0.000000000  0.224447138  0.005081139 
 0.687500000  1.937500000  1.953069091  0.222555689  0.238898232  0.002812714  0.286964369  0.317123319  0.011981996  0.000000000  0.247546684  0.000000000 

