xp yp distance tau_avg0tran tau_avg2tran tau_vartran tau_avg0carte tau_avg2carte tau_varcarte  tau_avg0 tau_avg2 tau_var

 0.125000000  0.027622617  0.000000000  0.000000000  0.000000000  0.000000000  0.000000000  0.000000000  0.000000000  0.000000000  0.000000000  0.000000000 
 0.250000000  0.050045038  0.126995137  0.004627564  0.004558060  0.000000915  0.000000000  0.005306167  0.000001450  0.000000000  0.003718544  0.000000000 
 0.375000000  0.078651952  0.255226785  0.012270676  0.011970419  0.000008523  0.000000000  0.014899766  0.000014680  0.000000000  0.010225367  0.011919367 
 0.500000000  0.111392968  0.384443557  0.023572695  0.022851361  0.000039980  0.000000000  0.030129814  0.000067972  0.000000000  0.020139154  0.022723354 
 0.557266912  0.125000000  0.443304839  0.030070372  0.029169059  0.000073353  0.008964136  0.038930194  0.000119655  0.000000000  0.026411596  0.028865918 
 0.625000000  0.147924514  0.514812214  0.039490449  0.039140268  0.000133601  0.008964136  0.050806408  0.000197459  0.000000000  0.036976696  0.038899096 
 0.750000000  0.185354986  0.645296083  0.060612689  0.062963935  0.000337193  0.008964136  0.078959909  0.000438431  0.000000000  0.060074113  0.062528576 
 0.875000000  0.222420146  0.775675629  0.086153815  0.092270131  0.000757809  0.008964136  0.115991666  0.000953400  0.000000000  0.088853877  0.091574201 
 0.972300222  0.250000000  0.876809113  0.109112597  0.119189542  0.001309980  0.016085694  0.150596885  0.001658427  0.000000000  0.115802517  0.118568022 
 1.000000000  0.259640194  0.906138468  0.116473406  0.127837605  0.001504473  0.016085694  0.160064616  0.001893458  0.000000000  0.128470466  0.126789482 
 1.125000000  0.298479316  1.037033378  0.153033370  0.170458865  0.002657085  0.016085694  0.208434508  0.003260679  0.000000000  0.170869295  0.169002210 
 1.250000000  0.338217827  1.168197966  0.194468039  0.219079241  0.004511909  0.016085694  0.272513454  0.005603374  0.000000000  0.219674621  0.217143481 
 1.361637196  0.375000000  1.285738563  0.235687824  0.268062991  0.006920537  0.021336113  0.338282883  0.008820833  0.000000000  0.269212953  0.266494381 
 1.375000000  0.380091729  1.300038570  0.241050976  0.274456337  0.007251916  0.021336113  0.344480247  0.009254526  0.000000000  0.278556782  0.271940489 
 1.500000000  0.427585293  1.433757076  0.294896374  0.338105731  0.010943605  0.021336113  0.408656562  0.014092571  0.000000000  0.342961231  0.334957037 
 1.625000000  0.482249229  1.570187079  0.355081250  0.409137802  0.016305703  0.021336113  0.504916573  0.021444307  0.000000000  0.415792336  0.405283813 
 1.661716062  0.500000000  1.610968926  0.374087907  0.431961100  0.018250170  0.069789725  0.534612200  0.024167586  0.000000000  0.439847013  0.428538045 
 1.750000000  0.548754628  1.711820637  0.423135177  0.490634641  0.023609621  0.069789725  0.609248076  0.031476268  0.000000000  0.518349928  0.485976121 
 1.862897292  0.625000000  1.848052628  0.492784214  0.572529375  0.032469589  0.077765187  0.717642854  0.043522382  0.000000000  0.604648430  0.567288676 
 1.875000000  0.634176357  1.863240816  0.500698323  0.581871171  0.033547046  0.077765187  0.729499525  0.044952724  0.000000000  0.615858358  0.576351807 
 1.937500000  0.687500000  1.945397136  0.543434588  0.632276456  0.039509453  0.123730330  0.792454895  0.052705280  0.000000000  0.670891129  0.000000000 

 0.050035504  0.125000000  0.000000000  0.000000000  0.000000000  0.000000000  0.000000000  0.000000000  0.000000000  0.000000000  0.000000000  0.000000000 
 0.075973887  0.250000000  0.127662836  0.003548098  0.003515382  0.000000345  0.004232740  0.002478116  0.000000155  0.000000000  0.003188464  0.000000000 
 0.101111626  0.375000000  0.255165408  0.008581179  0.008469332  0.000002863  0.007992113  0.006638184  0.000002001  0.000000000  0.007698131  0.000000000 
 0.124743647  0.500000000  0.382379686  0.015049768  0.014840043  0.000011504  0.008055669  0.013372310  0.000012858  0.000000000  0.013617424  0.000000000 
 0.125000000  0.501618320  0.384018184  0.015142883  0.014932364  0.000011688  0.008055669  0.013380572  0.000013061  0.000000000  0.013711101  0.000000000 
 0.151153500  0.625000000  0.510141316  0.023509525  0.023644689  0.000029163  0.035491171  0.016430820  0.000085676  0.000000000  0.023303221  0.000000000 
 0.175928827  0.750000000  0.637572933  0.033663804  0.034602334  0.000060164  0.060841767  0.030917980  0.000211868  0.000000000  0.033910906  0.000000000 
 0.200933246  0.875000000  0.765049287  0.044952359  0.046894570  0.000114051  0.080124344  0.047836645  0.000397801  0.000000000  0.045813120  0.000000000 
 0.227892940  1.000000000  0.892923542  0.057512421  0.060701122  0.000197482  0.089513820  0.067485982  0.000679514  0.000000000  0.059162837  0.000000000 
 0.250000000  1.092751178  0.988272917  0.067777178  0.072065141  0.000284974  0.089513820  0.084189723  0.000960216  0.000000000  0.070306666  0.000000000 
 0.259118201  1.125000000  1.021786020  0.071683429  0.076375596  0.000317325  0.135147446  0.091078470  0.001087657  0.000000000  0.076983773  0.000000000 
 0.295269906  1.250000000  1.151908830  0.088063878  0.094282712  0.000463793  0.167164159  0.117265540  0.001660003  0.000000000  0.094651534  0.000000000 
 0.336428036  1.375000000  1.283510470  0.106046149  0.113901366  0.000681489  0.182510301  0.145229336  0.002427376  0.000000000  0.114023288  0.000000000 
 0.375000000  1.474353332  1.390088521  0.121879896  0.131251650  0.000916097  0.182510301  0.169982479  0.003256690  0.000000000  0.131288115  0.000000000 
 0.386581282  1.500000000  1.418228842  0.126312291  0.136107488  0.000982375  0.223084714  0.177003030  0.003506744  0.000000000  0.137540815  0.000000000 
 0.447627252  1.625000000  1.557338908  0.149527731  0.161204843  0.001362973  0.241220805  0.211964146  0.004915695  0.000000000  0.162937470  0.000000000 
 0.500000000  1.714395914  1.660946506  0.168052043  0.181212159  0.001735294  0.241220805  0.241316679  0.006434283  0.000000000  0.183488656  0.000000000 
 0.524743822  1.750000000  1.704304407  0.176176617  0.189997609  0.001908101  0.272288728  0.254378413  0.007181599  0.000000000  0.194046347  0.000000000 
 0.624509339  1.875000000  1.864236138  0.207421097  0.223378831  0.002671725  0.272432600  0.304684139  0.010623191  0.000000000  0.228928130  0.000000000 
 0.625000000  1.875550029  1.864973213  0.207570354  0.223542817  0.002675670  0.272432600  0.304955667  0.010643986  0.000000000  0.229111107  0.000000000 
 0.687500000  1.937500000  1.952973491  0.225788846  0.243606000  0.003163468  0.289524570  0.339159800  0.013416608  0.000000000  0.252699380  0.000000000 

