xp yp distance tau_avg0tran tau_avg2tran tau_vartran tau_avg0carte tau_avg2carte tau_varcarte  tau_avg0 tau_avg2 tau_var

 0.125000000  0.031235703  0.000000000  0.000000000  0.000000000  0.000000000  0.000000000  0.000000000  0.000000000  0.000000000  0.000000000  0.000000000 
 0.250000000  0.055078221  0.127253549  0.004448777  0.004381964  0.000000796  0.000000000  0.005099251  0.000001340  0.000000000  0.003645232  0.000000000 
 0.375000000  0.083969135  0.255548852  0.011611844  0.011333857  0.000007355  0.000000000  0.014069993  0.000013395  0.000000000  0.009807768  0.323369329 
 0.500000000  0.115527479  0.384471035  0.021928324  0.021285933  0.000034193  0.000000000  0.027930761  0.000060970  0.000000000  0.018940842  0.072124345 
 0.543023733  0.125000000  0.428525209  0.026247273  0.025497228  0.000054158  0.009468542  0.033742387  0.000093322  0.000000000  0.023170639  0.000000000 
 0.625000000  0.150410141  0.514349352  0.036268240  0.036140502  0.000112183  0.009468542  0.046279500  0.000171909  0.000000000  0.034540538  0.794607040 
 0.750000000  0.185192827  0.644098477  0.054887743  0.057236967  0.000279671  0.009468542  0.070806472  0.000377871  0.000000000  0.055010138  0.518775441 
 0.875000000  0.219435900  0.773703986  0.076960780  0.082762133  0.000617782  0.009468542  0.102414528  0.000797974  0.000000000  0.080017325  0.247367639 
 0.987912204  0.250000000  0.890679753  0.099911833  0.109885533  0.001141082  0.012124154  0.136896523  0.001465428  0.000000000  0.106865251  0.000000000 
 1.000000000  0.254008951  0.903414999  0.102667364  0.113147842  0.001209522  0.012124154  0.139486001  0.001548036  0.000000000  0.111623143  0.973202806 
 1.125000000  0.291133927  1.033811563  0.133673197  0.149640935  0.002107260  0.012124154  0.169524201  0.002575843  0.000000000  0.147857139  0.677634249 
 1.250000000  0.329638001  1.164607448  0.168390872  0.190840187  0.003541001  0.012124154  0.221456250  0.004251625  0.000000000  0.189060381  0.370667351 
 1.375000000  0.371086520  1.296300196  0.207103069  0.237341394  0.005652349  0.012124154  0.281966222  0.006796220  0.000000000  0.235629889  0.039337548 
 1.386634190  0.375000000  1.308574955  0.210925640  0.242022946  0.005890581  0.051656736  0.287876486  0.007088283  0.000000000  0.240491488  0.000000000 
 1.500000000  0.419091802  1.430213328  0.251307491  0.291248166  0.008609247  0.051656736  0.346605187  0.010242326  0.000000000  0.313535180  0.654930224 
 1.625000000  0.474928849  1.567117586  0.301231810  0.350957895  0.012690730  0.051656736  0.421486258  0.014855821  0.000000000  0.374351951  0.207189545 
 1.674704931  0.500000000  1.622787531  0.322738895  0.376947339  0.014736726  0.086380697  0.454565739  0.017212037  0.000000000  0.401589276  0.000000000 
 1.750000000  0.543700861  1.709845630  0.357875328  0.419304518  0.018312344  0.086380697  0.506568085  0.021126010  0.000000000  0.457118114  0.654968588 
 1.866104018  0.625000000  1.851583744  0.417927379  0.490557697  0.025371298  0.091322344  0.597823186  0.028684239  0.000000000  0.531718784  0.000000000 
 1.875000000  0.632145471  1.862994101  0.422879722  0.496447253  0.025995648  0.091322344  0.605148667  0.029323038  0.000000000  0.538756406  0.944708370 
 1.937500000  0.687500000  1.946482867  0.459267606  0.539641737  0.030690380  0.130633663  0.658023984  0.033961203  0.000000000  0.585804324  0.000000000 

 0.048233729  0.125000000  0.000000000  0.000000000  0.000000000  0.000000000  0.000000000  0.000000000  0.000000000  0.000000000  0.000000000  0.000000000 
 0.074451688  0.250000000  0.127719933  0.003642507  0.003605511  0.000000382  0.004345443  0.002525948  0.000000153  0.000000000  0.003244413  0.000000000 
 0.100274305  0.375000000  0.255359298  0.008876540  0.008748219  0.000003233  0.008246881  0.006809726  0.000002096  0.000000000  0.007920332  1.000000000 
 0.124656240  0.500000000  0.382715016  0.015668233  0.015424728  0.000013252  0.008333322  0.013790577  0.000013935  0.000000000  0.014122478  1.000000000 
 0.125000000  0.502118101  0.384860831  0.015796736  0.015551990  0.000013535  0.008333322  0.013855502  0.000014235  0.000000000  0.014251806  0.017624184 
 0.151867926  0.625000000  0.510645753  0.024622459  0.024782521  0.000034889  0.036163833  0.021277357  0.000095261  0.000000000  0.024399104  1.000000000 
 0.177265492  0.750000000  0.638199806  0.035417877  0.036528825  0.000074159  0.061990417  0.036520173  0.000237650  0.000000000  0.035775607  1.000000000 
 0.202691706  0.875000000  0.765759566  0.047450727  0.049753318  0.000142797  0.081536790  0.054527644  0.000455010  0.000000000  0.048592886  1.000000000 
 0.229903894  1.000000000  0.893687292  0.060851372  0.064628597  0.000249553  0.090595578  0.075683586  0.000793747  0.000000000  0.062993358  1.000000000 
 0.250000000  1.084600890  0.980642246  0.070801192  0.075755624  0.000350447  0.090595578  0.092152494  0.001100984  0.000000000  0.073953715  0.668851282 
 0.261402603  1.125000000  1.022619710  0.076008542  0.081560966  0.000402951  0.138465325  0.101490540  0.001296175  0.000000000  0.083002738  1.000000000 
 0.297521880  1.250000000  1.152733514  0.093503414  0.100887371  0.000597856  0.171875229  0.129792826  0.002011913  0.000000000  0.102098997  1.000000000 
 0.338527149  1.375000000  1.284287428  0.112676644  0.122024833  0.000882435  0.187464007  0.160238078  0.002984156  0.000000000  0.122990819  1.000000000 
 0.375000000  1.469792656  1.385854727  0.128722762  0.139789310  0.001170618  0.187464007  0.186017421  0.003986499  0.000000000  0.140707195  0.753829602 
 0.388513413  1.500000000  1.418946962  0.134266910  0.145925603  0.001272205  0.230384920  0.195001408  0.004360164  0.000000000  0.148657912  1.000000000 
 0.449159446  1.625000000  1.557881987  0.158963262  0.172899066  0.001771506  0.249288082  0.232965983  0.006163266  0.000000000  0.175964120  1.000000000 
 0.500000000  1.712530866  1.659106561  0.178205967  0.193889230  0.002241434  0.249288082  0.264519477  0.008077036  0.000000000  0.197529028  0.698386660 
 0.525800886  1.750000000  1.704599657  0.187271321  0.203789349  0.002476383  0.282264580  0.279538921  0.009087274  0.000000000  0.209465107  1.000000000 
 0.624846475  1.875000000  1.864083288  0.220430408  0.239566809  0.003462145  0.282312720  0.334647333  0.013516692  0.000000000  0.246819745  1.000000000 
 0.625000000  1.875173271  1.864314789  0.220480249  0.239622064  0.003463741  0.282312720  0.334910554  0.013525202  0.000000000  0.246881344  0.001003987 
 0.687500000  1.937500000  1.952580701  0.239909372  0.261213256  0.004096055  0.300557411  0.441521651  0.017152588  0.000000000  0.272303992  0.000000000 

