xp yp distance tau_avg0tran tau_avg2tran tau_vartran tau_avg0carte tau_avg2carte tau_varcarte  tau_avg0 tau_avg2 tau_var

 0.125000000  0.027040950  0.000000000  0.000000000  0.000000000  0.000000000  0.000000000  0.000000000  0.000000000  0.000000000  0.000000000  0.000000000 
 0.250000000  0.049213616  0.126951279  0.004658163  0.004589323  0.000000926  0.000000000  0.005335818  0.000001446  0.000000000  0.003730811  0.000000000 
 0.375000000  0.077745666  0.255166246  0.012385101  0.012087812  0.000008593  0.000000000  0.015011252  0.000014541  0.000000000  0.010297325  0.010293350 
 0.500000000  0.110661297  0.384427372  0.023862509  0.023149993  0.000040089  0.000000000  0.030412267  0.000066850  0.000000000  0.020349148  0.020337520 
 0.559591303  0.125000000  0.445719474  0.030766905  0.029869182  0.000075010  0.008860517  0.039719026  0.000119945  0.000000000  0.026997076  0.026964500 
 0.625000000  0.147467011  0.514879175  0.040067400  0.039687494  0.000133006  0.008860517  0.051380832  0.000192953  0.000000000  0.037406198  0.037382403 
 0.750000000  0.185348000  0.645492993  0.061648906  0.063866471  0.000332969  0.008860517  0.079990499  0.000422538  0.000000000  0.060805584  0.060771681 
 0.875000000  0.222904076  0.776012949  0.087834623  0.093612777  0.000743376  0.008860517  0.117731537  0.000918428  0.000000000  0.089974045  0.089930123 
 0.969856682  0.250000000  0.874663743  0.110795429  0.120203005  0.001261878  0.016821995  0.152067056  0.001584229  0.000000000  0.116593021  0.116580051 
 1.000000000  0.260578907  0.906609523  0.119020020  0.129744207  0.001464058  0.016821995  0.162698093  0.001831132  0.000000000  0.130673534  0.130584598 
 1.125000000  0.299736614  1.037599317  0.156633943  0.172983113  0.002560285  0.016821995  0.212873354  0.003164904  0.000000000  0.173644029  0.173545520 
 1.250000000  0.339697214  1.168831362  0.199347587  0.222262326  0.004311552  0.016821995  0.278730446  0.005500404  0.000000000  0.223090499  0.222986341 
 1.357468404  0.375000000  1.281949638  0.240207538  0.269933584  0.006473007  0.023917671  0.343444754  0.008615331  0.000000000  0.271380751  0.271378227 
 1.375000000  0.381658344  1.300703049  0.247453982  0.278415291  0.006874263  0.023917671  0.352415627  0.009191242  0.000000000  0.283876454  0.283703549 
 1.500000000  0.429056843  1.434387819  0.303028903  0.342863056  0.010272580  0.023917671  0.423372165  0.014181391  0.000000000  0.349131063  0.348952774 
 1.625000000  0.483512992  1.570734701  0.365179325  0.414717533  0.015204733  0.023917671  0.522317244  0.021859643  0.000000000  0.422911293  0.422730720 
 1.659358481  0.500000000  1.608844105  0.383522148  0.436296684  0.016871693  0.075175676  0.550640455  0.024519620  0.000000000  0.445720279  0.445625107 
 1.750000000  0.549626684  1.712181865  0.435415213  0.497153558  0.021885178  0.075175676  0.628796317  0.032413810  0.000000000  0.527130934  0.526941989 
 1.862317221  0.625000000  1.847445662  0.506838715  0.579496936  0.029936672  0.083782370  0.738795951  0.045174727  0.000000000  0.614196750  0.614017626 
 1.875000000  0.634520183  1.863303996  0.515365513  0.589382374  0.030966482  0.083782370  0.751186991  0.046783151  0.000000000  0.626012012  0.625808698 
 1.937500000  0.687500000  1.945237573  0.559301061  0.640368179  0.036415518  0.131000089  0.814138782  0.055165749  0.000000000  0.681879954  0.000000000 

 0.050326202  0.125000000  0.000000000  0.000000000  0.000000000  0.000000000  0.000000000  0.000000000  0.000000000  0.000000000  0.000000000  0.000000000 
 0.076214627  0.250000000  0.127652695  0.003533144  0.003501395  0.000000336  0.004215431  0.002470434  0.000000155  0.000000000  0.003179500  0.000000000 
 0.101240530  0.375000000  0.255133266  0.008534692  0.008426467  0.000002777  0.007953298  0.006612161  0.000001987  0.000000000  0.007663047  0.008427609 
 0.124752770  0.500000000  0.382325346  0.014952974  0.014750482  0.000011101  0.008014456  0.013309523  0.000012693  0.000000000  0.013538255  0.014752868 
 0.125000000  0.501566819  0.383911551  0.015042366  0.014839137  0.000011273  0.008014456  0.013312736  0.000012884  0.000000000  0.013628179  0.014841619 
 0.151035684  0.625000000  0.510060697  0.023336270  0.023462500  0.000027837  0.035390817  0.015832221  0.000084129  0.000000000  0.023132593  0.023467522 
 0.175712886  0.750000000  0.637473272  0.033391970  0.034282135  0.000056897  0.060667724  0.030196000  0.000207596  0.000000000  0.033605476  0.034291205 
 0.200650422  0.875000000  0.764936524  0.044566188  0.046410446  0.000107363  0.079907560  0.046932587  0.000387963  0.000000000  0.045346601  0.046424340 
 0.227569764  1.000000000  0.892802278  0.056997134  0.060028833  0.000185425  0.089344356  0.066318326  0.000659054  0.000000000  0.058511149  0.060048269 
 0.250000000  1.094055595  0.989495454  0.067305834  0.071402445  0.000268637  0.089344356  0.083004837  0.000931950  0.000000000  0.069655796  0.071422041 
 0.258752035  1.125000000  1.021653725  0.071017161  0.075483402  0.000297482  0.134630923  0.089515844  0.001048691  0.000000000  0.075973742  0.075509304 
 0.294909117  1.250000000  1.151778029  0.087226772  0.093139981  0.000432554  0.166429277  0.115311348  0.001592364  0.000000000  0.093389756  0.093173284 
 0.336092046  1.375000000  1.283387427  0.105026274  0.112491153  0.000634758  0.181733198  0.142789269  0.002316182  0.000000000  0.112494429  0.112532344 
 0.375000000  1.475074028  1.390758931  0.120822395  0.129741814  0.000855246  0.181733198  0.167241287  0.003100258  0.000000000  0.129654422  0.129786286 
 0.386272891  1.500000000  1.418115505  0.125089186  0.134400399  0.000915076  0.221944716  0.173942839  0.003327971  0.000000000  0.135646403  0.134450320 
 0.447383448  1.625000000  1.557253926  0.148077123  0.159167406  0.001267911  0.239959814  0.208286766  0.004644698  0.000000000  0.160709174  0.159227065 
 0.500000000  1.714688129  1.661236915  0.166487732  0.178987892  0.001616297  0.239959814  0.237074300  0.006061514  0.000000000  0.181070164  0.179053224 
 0.524576707  1.750000000  1.704259500  0.174470802  0.187592459  0.001775924  0.270733209  0.249757526  0.006750381  0.000000000  0.191403062  0.187662925 
 0.624457047  1.875000000  1.864262882  0.205420264  0.220550941  0.002487690  0.270890721  0.298973351  0.009946827  0.000000000  0.225854768  0.220633863 
 0.625000000  1.875607992  1.865078021  0.205583722  0.220729995  0.002491762  0.270890721  0.299202962  0.009968093  0.000000000  0.226054620  0.220812521 
 0.687500000  1.937500000  1.953037504  0.223616280  0.240529058  0.002945988  0.287805637  0.325301073  0.012528715  0.000000000  0.249323362  0.000000000 

