xp yp distance tau_avg0tran tau_avg2tran tau_vartran tau_avg0carte tau_avg2carte tau_varcarte  tau_avg0 tau_avg2 tau_var

 0.125000000  0.026559914  0.000000000  0.000000000  0.000000000  0.000000000  0.000000000  0.000000000  0.000000000  0.000000000  0.000000000  0.000000000 
 0.250000000  0.048521263  0.126914542  0.004683868  0.004616196  0.000000930  0.000000000  0.005357462  0.000001430  0.000000000  0.003741053  0.000000000 
 0.375000000  0.076984399  0.255114191  0.012481609  0.012190758  0.000008566  0.000000000  0.015086446  0.000014209  0.000000000  0.010357885  0.012188225 
 0.500000000  0.110039999  0.384411030  0.024107922  0.023416537  0.000039604  0.000000000  0.030589598  0.000064471  0.000000000  0.020526684  0.023409956 
 0.561525170  0.125000000  0.447728865  0.031362824  0.030488208  0.000075075  0.008768537  0.040296241  0.000117153  0.000000000  0.027496807  0.030472870 
 0.625000000  0.147073581  0.514932265  0.040558030  0.040162581  0.000129700  0.008768537  0.051727885  0.000183508  0.000000000  0.037769626  0.040150832 
 0.750000000  0.185331889  0.645656013  0.062532772  0.064560137  0.000320054  0.008768537  0.080598759  0.000392133  0.000000000  0.061317836  0.064543202 
 0.875000000  0.223301597  0.776295588  0.089272346  0.094527951  0.000705207  0.008768537  0.118763585  0.000848001  0.000000000  0.090627980  0.094505946 
 0.967863030  0.250000000  0.872920363  0.112237982  0.120674620  0.001172116  0.017451126  0.152706318  0.001453368  0.000000000  0.116768750  0.120663787 
 1.000000000  0.261358708  0.907005625  0.121203826  0.130895155  0.001367051  0.017451126  0.164235746  0.001695941  0.000000000  0.132006597  0.130868027 
 1.125000000  0.300789284  1.038077248  0.159728874  0.174334158  0.002344729  0.017451126  0.215532914  0.002935408  0.000000000  0.175096548  0.174303054 
 1.250000000  0.340938366  1.169366809  0.203549138  0.223717986  0.003882300  0.017451126  0.282573282  0.005171856  0.000000000  0.224591840  0.223685696 
 1.353956808  0.375000000  1.278761566  0.244059368  0.269779767  0.005682564  0.026182981  0.345955842  0.008101451  0.000000000  0.271294662  0.269788322 
 1.375000000  0.382970308  1.301263604  0.252975605  0.279951402  0.006088833  0.026182981  0.357237143  0.008778946  0.000000000  0.286398012  0.279918941 
 1.500000000  0.430293818  1.434921805  0.310051833  0.344389624  0.008919044  0.026182981  0.431940162  0.013771605  0.000000000  0.351679504  0.344359611 
 1.625000000  0.484573948  1.571198481  0.373906390  0.416102549  0.013014168  0.026182981  0.532545820  0.021579891  0.000000000  0.425429756  0.416078728 
 1.657351722  0.500000000  1.607039756  0.391631744  0.436357076  0.014310199  0.079911754  0.559419530  0.024128299  0.000000000  0.446912261  0.436366512 
 1.750000000  0.550358974  1.712489885  0.446033646  0.498382303  0.018498322  0.079911754  0.639915854  0.032425269  0.000000000  0.529657658  0.498365339 
 1.861823704  0.625000000  1.846936245  0.518981689  0.580174316  0.025069822  0.089077101  0.750307244  0.045684432  0.000000000  0.616510578  0.580173801 
 1.875000000  0.634807429  1.863361847  0.528049934  0.590422746  0.025947196  0.089077101  0.762909933  0.047447409  0.000000000  0.628679269  0.590413643 
 1.937500000  0.687500000  1.945109979  0.573021931  0.641424256  0.030433874  0.137376271  0.824778892  0.056375810  0.000000000  0.684849176  0.641416181 

 0.050567159  0.125000000  0.000000000  0.000000000  0.000000000  0.000000000  0.000000000  0.000000000  0.000000000  0.000000000  0.000000000  0.000000000 
 0.076413479  0.250000000  0.127644163  0.003520829  0.003490036  0.000000327  0.004201217  0.002464045  0.000000154  0.000000000  0.003172099  0.000000000 
 0.101346729  0.375000000  0.255106577  0.008496469  0.008391790  0.000002690  0.007921449  0.006591218  0.000001975  0.000000000  0.007634182  0.007635592 
 0.124760129  0.500000000  0.382280423  0.014873490  0.014678017  0.000010700  0.007980678  0.013259181  0.000012555  0.000000000  0.013473227  0.013476402 
 0.125000000  0.501525102  0.383824273  0.014959897  0.014763735  0.000010860  0.007980678  0.013259061  0.000012738  0.000000000  0.013560143  0.013563469 
 0.150938520  0.625000000  0.509994228  0.023194206  0.023310440  0.000026508  0.035309024  0.015403479  0.000082815  0.000000000  0.022992757  0.022999578 
 0.175534796  0.750000000  0.637391154  0.033169288  0.034008169  0.000053611  0.060525575  0.029662252  0.000203905  0.000000000  0.033346401  0.033359035 
 0.200417017  0.875000000  0.764843596  0.044250006  0.045991240  0.000100639  0.079729974  0.046241860  0.000379274  0.000000000  0.044944671  0.044964269 
 0.227302844  1.000000000  0.892702298  0.056575355  0.059442750  0.000173318  0.089204671  0.065394656  0.000640581  0.000000000  0.057944887  0.057972496 
 0.250000000  1.095132379  0.990504805  0.066918958  0.070811268  0.000251857  0.089204671  0.082040726  0.000905172  0.000000000  0.069077170  0.069105434 
 0.258449589  1.125000000  1.021544623  0.070471990  0.074702782  0.000277543  0.134206877  0.088238560  0.001012726  0.000000000  0.075100422  0.075142967 
 0.294611027  1.250000000  1.151670138  0.086541939  0.092136703  0.000401092  0.165825837  0.113677672  0.001529099  0.000000000  0.092292857  0.092346299 
 0.335814425  1.375000000  1.283285943  0.104191971  0.111250488  0.000587713  0.181094236  0.140701409  0.002210425  0.000000000  0.111160771  0.111225754 
 0.375000000  1.475667718  1.391311397  0.119956284  0.128402096  0.000793478  0.181094236  0.164832283  0.002947469  0.000000000  0.128217791  0.128287834 
 0.386018184  1.500000000  1.418022075  0.124088661  0.132896974  0.000847353  0.221008484  0.171260608  0.003154672  0.000000000  0.133993457  0.134073986 
 0.447182214  1.625000000  1.557183990  0.146890482  0.157370884  0.001172166  0.238923989  0.205015471  0.004378369  0.000000000  0.158761099  0.158856016 
 0.500000000  1.714928404  1.661476063  0.165207401  0.177020384  0.001496079  0.238923989  0.233220210  0.005689597  0.000000000  0.178949122  0.179052496 
 0.524438975  1.750000000  1.704222762  0.173075305  0.185470541  0.001642817  0.269456189  0.245550272  0.006320411  0.000000000  0.189089487  0.189202221 
 0.624414144  1.875000000  1.864285357  0.203783224  0.218053865  0.002302293  0.269624654  0.293685003  0.009265019  0.000000000  0.223162466  0.223293675 
 0.625000000  1.875655452  1.865164473  0.203958093  0.218244788  0.002306368  0.269624654  0.293857897  0.009286035  0.000000000  0.223375637  0.223506204 
 0.687500000  1.937500000  1.953090568  0.221838529  0.237811778  0.002726787  0.286394713  0.312024337  0.011628860  0.000000000  0.246362458  0.000000000 

