xp yp distance tau_avg0tran tau_avg2tran tau_vartran tau_avg0carte tau_avg2carte tau_varcarte  tau_avg0 tau_avg2 tau_var

 0.125000000  0.026965232  0.000000000  0.000000000  0.000000000  0.000000000  0.000000000  0.000000000  0.000000000  0.000000000  0.000000000  0.000000000 
 0.250000000  0.049104926  0.126945524  0.004662185  0.004593533  0.000000927  0.000000000  0.005339180  0.000001444  0.000000000  0.003732417  0.000000000 
 0.375000000  0.077626559  0.255158174  0.012400178  0.012103920  0.000008589  0.000000000  0.015022856  0.000014488  0.000000000  0.010306795  0.010304953 
 0.500000000  0.110564499  0.384424983  0.023900791  0.023191623  0.000040011  0.000000000  0.030439486  0.000066475  0.000000000  0.020376859  0.020371468 
 0.559894951  0.125000000  0.446034956  0.030859484  0.029965373  0.000075021  0.008846434  0.039808254  0.000119518  0.000000000  0.027074783  0.027059657 
 0.625000000  0.147406021  0.514887677  0.040143809  0.039761310  0.000132484  0.008846434  0.051433992  0.000191473  0.000000000  0.037462909  0.037451876 
 0.750000000  0.185346125  0.645518652  0.061786393  0.063973912  0.000330947  0.008846434  0.080083736  0.000417805  0.000000000  0.060885227  0.060869865 
 0.875000000  0.222966858  0.776057227  0.088058019  0.093754161  0.000737444  0.008846434  0.117889727  0.000907504  0.000000000  0.090075504  0.090056133 
 0.969541052  0.250000000  0.874387290  0.111019347  0.120273739  0.001247816  0.016919841  0.152162206  0.001563757  0.000000000  0.116618645  0.116614266 
 1.000000000  0.260701501  0.906671490  0.119359012  0.129921840  0.001449105  0.016919841  0.162933575  0.001810209  0.000000000  0.130879748  0.130840286 
 1.125000000  0.299901598  1.037673962  0.157113920  0.173191565  0.002527218  0.016919841  0.213283957  0.003129375  0.000000000  0.173868966  0.173826331 
 1.250000000  0.339891590  1.168914960  0.199998745  0.222486986  0.004245986  0.016919841  0.279323321  0.005449444  0.000000000  0.223323340  0.223279804 
 1.356919298  0.375000000  1.281450895  0.240806801  0.269906425  0.006350842  0.024266342  0.343831195  0.008535031  0.000000000  0.271365630  0.271370990 
 1.375000000  0.381863952  1.300790637  0.248309222  0.278652620  0.006754814  0.024266342  0.353158003  0.009127074  0.000000000  0.284266580  0.284193199 
 1.500000000  0.429250421  1.434471143  0.304116068  0.343099444  0.010067224  0.024266342  0.424740459  0.014116329  0.000000000  0.349526164  0.349452716 
 1.625000000  0.483679116  1.570807061  0.366529879  0.414932633  0.014873059  0.024266342  0.523943055  0.021813173  0.000000000  0.423302423  0.423230827 
 1.659045933  0.500000000  1.608562814  0.384779699  0.436305124  0.016481350  0.075903954  0.552042188  0.024455891  0.000000000  0.445904947  0.445873850 
 1.750000000  0.549741332  1.712229792  0.437058113  0.497344761  0.021373123  0.075903954  0.630559226  0.032410650  0.000000000  0.527525972  0.527455455 
 1.862240344  0.625000000  1.847365879  0.508718043  0.579602484  0.029200173  0.084596334  0.740618431  0.045246221  0.000000000  0.614558747  0.614495762 
 1.875000000  0.634565245  1.863312751  0.517327934  0.589544527  0.030208008  0.084596334  0.753040429  0.046877735  0.000000000  0.626429759  0.626356146 
 1.937500000  0.687500000  1.945217197  0.561423861  0.640532395  0.035511370  0.131981460  0.815806984  0.055341995  0.000000000  0.682344246  0.000000000 

 0.050364086  0.125000000  0.000000000  0.000000000  0.000000000  0.000000000  0.000000000  0.000000000  0.000000000  0.000000000  0.000000000  0.000000000 
 0.076245924  0.250000000  0.127651359  0.003531202  0.003499607  0.000000334  0.004213190  0.002469427  0.000000154  0.000000000  0.003178334  0.000000000 
 0.101257249  0.375000000  0.255129069  0.008528662  0.008421008  0.000002763  0.007948275  0.006608857  0.000001985  0.000000000  0.007658495  0.007659379 
 0.124753918  0.500000000  0.382318272  0.014940429  0.014739068  0.000011037  0.008009131  0.013301570  0.000012671  0.000000000  0.013527992  0.013529985 
 0.125000000  0.501560340  0.383897898  0.015029354  0.014827263  0.000011206  0.008009131  0.013304269  0.000012861  0.000000000  0.013617445  0.013619530 
 0.151020351  0.625000000  0.510050220  0.023313835  0.023438438  0.000027622  0.035377882  0.015766997  0.000083919  0.000000000  0.023110503  0.023114793 
 0.175684807  0.750000000  0.637460327  0.033356791  0.034238637  0.000056364  0.060645254  0.030114075  0.000207005  0.000000000  0.033564363  0.033572356 
 0.200613641  0.875000000  0.764921877  0.044516230  0.046343778  0.000106272  0.079879518  0.046825656  0.000386569  0.000000000  0.045282691  0.045295122 
 0.227527722  1.000000000  0.892786523  0.056930485  0.059935538  0.000183458  0.089322356  0.066174221  0.000656083  0.000000000  0.058421012  0.058438549 
 0.250000000  1.094225217  0.989654447  0.067244768  0.071308275  0.000265914  0.089322356  0.082854175  0.000927643  0.000000000  0.069563637  0.069581582 
 0.258704404  1.125000000  1.021636535  0.070931004  0.075359059  0.000294240  0.134564003  0.089315229  0.001042891  0.000000000  0.075834670  0.075861723 
 0.294862180  1.250000000  1.151761032  0.087118536  0.092980085  0.000427433  0.166334048  0.115053758  0.001582146  0.000000000  0.093214981  0.093248985 
 0.336048337  1.375000000  1.283371440  0.104894414  0.112293365  0.000627098  0.181632413  0.142458903  0.002299074  0.000000000  0.112281863  0.112323223 
 0.375000000  1.475167604  1.390846000  0.120685569  0.129528178  0.000845194  0.181632413  0.166859288  0.003075533  0.000000000  0.129425391  0.129469968 
 0.386232785  1.500000000  1.418100786  0.124931055  0.134160682  0.000904047  0.221796972  0.173517077  0.003299890  0.000000000  0.135382892  0.135434165 
 0.447351755  1.625000000  1.557242902  0.147889578  0.158880913  0.001252314  0.239796366  0.207766505  0.004601495  0.000000000  0.160398579  0.160459017 
 0.500000000  1.714726024  1.661274614  0.166285420  0.178674110  0.001596719  0.239796366  0.236460175  0.006001153  0.000000000  0.180731976  0.180797791 
 0.524555004  1.750000000  1.704253697  0.174250255  0.187254064  0.001754241  0.270531657  0.249086595  0.006680547  0.000000000  0.191034164  0.191105950 
 0.624450276  1.875000000  1.864266401  0.205161556  0.220152707  0.002457490  0.270690912  0.298128365  0.009836002  0.000000000  0.225425516  0.225509050 
 0.625000000  1.875615488  1.865091641  0.205326829  0.220333653  0.002461564  0.270690912  0.298348721  0.009857238  0.000000000  0.225627491  0.225710613 
 0.687500000  1.937500000  1.953045850  0.223335348  0.240095735  0.002910284  0.287582936  0.323077839  0.012382371  0.000000000  0.248851275  0.000000000 

