xp yp distance tau_avg0tran tau_avg2tran tau_vartran tau_avg0carte tau_avg2carte tau_varcarte  tau_avg0 tau_avg2 tau_var

 0.125000000  0.028105398  0.000000000  0.000000000  0.000000000  0.000000000  0.000000000  0.000000000  0.000000000  0.000000000  0.000000000  0.000000000 
 0.250000000  0.050730445  0.127031070  0.004602564  0.004533086  0.000000901  0.000000000  0.005278938  0.000001441  0.000000000  0.003708462  0.000000000 
 0.375000000  0.079392773  0.255275092  0.012177556  0.011878435  0.000008392  0.000000000  0.014791903  0.000014602  0.000000000  0.010166683  0.011862655 
 0.500000000  0.111984778  0.384454187  0.023337760  0.022621253  0.000039391  0.000000000  0.029845327  0.000067640  0.000000000  0.019968660  0.022581991 
 0.555347800  0.125000000  0.441311685  0.029511218  0.028623786  0.000070941  0.009044392  0.038213018  0.000116955  0.000000000  0.025940511  0.028530699 
 0.625000000  0.148290104  0.514754573  0.039024697  0.038705116  0.000131689  0.009044392  0.050217728  0.000196297  0.000000000  0.036628351  0.038630281 
 0.750000000  0.185351571  0.645133070  0.059778663  0.062169519  0.000332736  0.009044392  0.077894501  0.000437050  0.000000000  0.059390260  0.062029638 
 0.875000000  0.222017077  0.775399563  0.084804700  0.090989898  0.000747931  0.009044392  0.114200965  0.000947823  0.000000000  0.087697783  0.090760732 
 0.974350753  0.250000000  0.878615919  0.107763687  0.118026143  0.001307169  0.015495256  0.148874171  0.001660666  0.000000000  0.114735632  0.117810587 
 1.000000000  0.258865944  0.905754247  0.114434354  0.125897816  0.001485962  0.015495256  0.157337943  0.001876088  0.000000000  0.126236025  0.125546432 
 1.125000000  0.297450070  1.036573721  0.150156991  0.167750367  0.002627747  0.015495256  0.203862746  0.003216809  0.000000000  0.167872414  0.167255262 
 1.250000000  0.337009348  1.167684119  0.190576507  0.215462487  0.004467048  0.015495256  0.266238297  0.005490258  0.000000000  0.215753363  0.214795190 
 1.365029010  0.375000000  1.288824380  0.232044838  0.265051382  0.006942905  0.019319252  0.332459884  0.008702376  0.000000000  0.265818394  0.264465950 
 1.375000000  0.378809599  1.299498352  0.235951821  0.269738007  0.007190147  0.019319252  0.336418912  0.009014733  0.000000000  0.272628985  0.268861259 
 1.500000000  0.426385520  1.433246130  0.288428429  0.332180772  0.010871415  0.019319252  0.391649060  0.013626006  0.000000000  0.335782212  0.331072902 
 1.625000000  0.481217817  1.569743679  0.347056047  0.401860851  0.016216440  0.019319252  0.485249862  0.020595804  0.000000000  0.407164275  0.400491464 
 1.663614163  0.500000000  1.612683450  0.366549088  0.425426379  0.018259763  0.065588338  0.515779867  0.023316519  0.000000000  0.431962500  0.424170480 
 1.750000000  0.548043004  1.711530014  0.413380701  0.481815562  0.023510076  0.065588338  0.587085375  0.030085904  0.000000000  0.507261095  0.480147920 
 1.863364584  0.625000000  1.848547925  0.481610433  0.562568186  0.032402274  0.073074450  0.693371387  0.041467266  0.000000000  0.592219224  0.560670248 
 1.875000000  0.633894399  1.863193513  0.489048842  0.571400249  0.033439651  0.073074450  0.704597785  0.042757735  0.000000000  0.602824954  0.569412449 
 1.937500000  0.687500000  1.945533118  0.530831578  0.620939511  0.039407223  0.118042764  0.766546616  0.050007334  0.000000000  0.656845870  0.618785846 

 0.049794494  0.125000000  0.000000000  0.000000000  0.000000000  0.000000000  0.000000000  0.000000000  0.000000000  0.000000000  0.000000000  0.000000000 
 0.075773389  0.250000000  0.127671073  0.003560561  0.003527198  0.000000350  0.004247257  0.002484460  0.000000155  0.000000000  0.003195914  0.000000000 
 0.101003686  0.375000000  0.255191926  0.008619985  0.008505690  0.000002919  0.008024718  0.006660344  0.000002013  0.000000000  0.007727396  0.000000000 
 0.124735335  0.500000000  0.382424749  0.015130681  0.014916014  0.000011768  0.008090455  0.013425934  0.000012995  0.000000000  0.013683580  0.000000000 
 0.125000000  0.501665400  0.384111048  0.015227181  0.015011674  0.000011963  0.008090455  0.013439488  0.000013207  0.000000000  0.013780669  0.000000000 
 0.151251002  0.625000000  0.510208386  0.023654553  0.023794483  0.000030027  0.035575968  0.017010897  0.000086922  0.000000000  0.023446075 15.406115456 
 0.176108129  0.750000000  0.637655931  0.033891595  0.034858788  0.000062274  0.060988337  0.031597369  0.000215243  0.000000000  0.034157742 13.910587634 
 0.201168199  0.875000000  0.765143213  0.045276160  0.047277255  0.000118367  0.080306327  0.048660470  0.000405380  0.000000000  0.046183851 12.499126585 
 0.228161376  1.000000000  0.893024532  0.057944637  0.061228546  0.000205270  0.089655304  0.068513246  0.000694861  0.000000000  0.059675870 11.135185662 
 0.250000000  1.091666750  0.987256791  0.068171515  0.072571800  0.000295180  0.089655304  0.085205597  0.000980200  0.000000000  0.070806179  9.951057285 
 0.259422468  1.125000000  1.021896196  0.072242515  0.077072632  0.000330117  0.135579669  0.092406150  0.001116075  0.000000000  0.077783234  7.781446542 
 0.295569709  1.250000000  1.152017767  0.088766478  0.095171932  0.000483841  0.167778840  0.118885335  0.001708477  0.000000000  0.095644250  6.968575679 
 0.336707274  1.375000000  1.283612977  0.106902239  0.114996131  0.000711489  0.183159395  0.147199607  0.002505264  0.000000000  0.115221503  6.170394852 
 0.375000000  1.473752441  1.389529818  0.122766516  0.132412395  0.000954694  0.183159395  0.172131308  0.003362344  0.000000000  0.132557002  5.525464463 
 0.386837750  1.500000000  1.418323337  0.127339041  0.137431127  0.001025597  0.224037998  0.179406099  0.003628603  0.000000000  0.139025070  5.116279735 
 0.447830167  1.625000000  1.557409910  0.150745482  0.162782440  0.001423930  0.242275007  0.214800528  0.005096710  0.000000000  0.164679513  4.430298217 
 0.500000000  1.714151745  1.660704271  0.169364544  0.182928190  0.001811262  0.242275007  0.244506619  0.006677748  0.000000000  0.185372717  4.119619014 
 0.524883144  1.750000000  1.704342193  0.177608554  0.191858800  0.001992872  0.273589920  0.257841287  0.007463265  0.000000000  0.196110125  3.967893396 
 0.624553153  1.875000000  1.864214364  0.209100519  0.225565018  0.002789700  0.273722116  0.308870668  0.011057421  0.000000000  0.231325547  3.559966880 
 0.625000000  1.875501363  1.864885956  0.209237626  0.225715903  0.002793449  0.273722116  0.309154968  0.011077255  0.000000000  0.231493878  4.148413627 
 0.687500000  1.937500000  1.952920501  0.227612219  0.245984533  0.003302786  0.290962728  0.348508319  0.013981619  0.000000000  0.255329451  0.000000000 

