xp yp distance tau_avg0tran tau_avg2tran tau_vartran tau_avg0carte tau_avg2carte tau_varcarte  tau_avg0 tau_avg2 tau_var

 0.125000000  0.026865067  0.000000000  0.000000000  0.000000000  0.000000000  0.000000000  0.000000000  0.000000000  0.000000000  0.000000000  0.000000000 
 0.250000000  0.048960978  0.126937895  0.004667520  0.004599119  0.000000927  0.000000000  0.005343619  0.000001440  0.000000000  0.003734545  0.000000000 
 0.375000000  0.077468586  0.255147426  0.012420189  0.012125323  0.000008582  0.000000000  0.015038145  0.000014416  0.000000000  0.010319358  0.012122465 
 0.500000000  0.110435884  0.384421719  0.023951632  0.023247016  0.000039903  0.000000000  0.030475256  0.000065965  0.000000000  0.020413652  0.023239603 
 0.560297049  0.125000000  0.446452740  0.030982648  0.030093522  0.000075023  0.008827583  0.039926241  0.000118918  0.000000000  0.027178121  0.030076407 
 0.625000000  0.147324811  0.514898843  0.040245356  0.039859585  0.000131767  0.008827583  0.051503716  0.000189457  0.000000000  0.037538216  0.039846492 
 0.750000000  0.185343279  0.645552599  0.061969206  0.064116274  0.000328177  0.008827583  0.080205792  0.000411355  0.000000000  0.060990099  0.064097679 
 0.875000000  0.223049808  0.776115926  0.088355202  0.093940435  0.000729309  0.008827583  0.118096864  0.000892582  0.000000000  0.090207691  0.093916655 
 0.969124490  0.250000000  0.874022680  0.111317340  0.120365290  0.001228704  0.017049972  0.152284860  0.001535952  0.000000000  0.116648798  0.120354793 
 1.000000000  0.260863785  0.906753689  0.119810161  0.130154185  0.001428568  0.017049972  0.163241646  0.001781564  0.000000000  0.131149313  0.130125316 
 1.125000000  0.300120283  1.037773049  0.157752955  0.173461926  0.002481780  0.017049972  0.213820777  0.003080652  0.000000000  0.174159867  0.173429381 
 1.250000000  0.340149321  1.169025949  0.200865938  0.222774588  0.004155810  0.017049972  0.280100083  0.005379321  0.000000000  0.223619879  0.222741671 
 1.356190727  0.375000000  1.280789272  0.241603527  0.269855368  0.006184189  0.024732124  0.344329241  0.008425216  0.000000000  0.271328140  0.269869433 
 1.375000000  0.382136496  1.300906884  0.249448490  0.278951476  0.006590361  0.024732124  0.354130066  0.009038329  0.000000000  0.284767006  0.278919504 
 1.500000000  0.429507178  1.434581794  0.305564627  0.343390240  0.009784416  0.024732124  0.426508646  0.014025717  0.000000000  0.350026200  0.343362236 
 1.625000000  0.483899408  1.570903159  0.368329618  0.415186790  0.014416078  0.024732124  0.526047930  0.021746535  0.000000000  0.423788885  0.415167184 
 1.658630517  0.500000000  1.608189092  0.386454013  0.436282436  0.015945546  0.076877202  0.553846053  0.024365749  0.000000000  0.446114613  0.436300636 
 1.750000000  0.549893371  1.712293515  0.439247625  0.497557868  0.020667421  0.076877202  0.632838037  0.032400931  0.000000000  0.528002942  0.497547730 
 1.862138173  0.625000000  1.847260087  0.511222317  0.579692836  0.028185947  0.085684214  0.742967800  0.045335890  0.000000000  0.614983554  0.579702901 
 1.875000000  0.634624951  1.863324528  0.519943345  0.589709083  0.029162711  0.085684214  0.755429464  0.046998517  0.000000000  0.626926744  0.589709734 
 1.937500000  0.687500000  1.945190399  0.564252993  0.640695319  0.034265592  0.133292391  0.817947292  0.055572805  0.000000000  0.682899414  0.640698203 

 0.050414223  0.125000000  0.000000000  0.000000000  0.000000000  0.000000000  0.000000000  0.000000000  0.000000000  0.000000000  0.000000000  0.000000000 
 0.076287322  0.250000000  0.127649588  0.003528635  0.003497244  0.000000333  0.004210227  0.002468094  0.000000154  0.000000000  0.003176793  0.000000000 
 0.101279357  0.375000000  0.255123514  0.008520693  0.008413793  0.000002744  0.007941638  0.006604495  0.000001983  0.000000000  0.007652477  0.007653274 
 0.124755433  0.500000000  0.382308915  0.014923852  0.014723986  0.000010951  0.008002097  0.013291076  0.000012642  0.000000000  0.013514431  0.013516227 
 0.125000000  0.501551773  0.383879841  0.015012160  0.014811575  0.000011118  0.008002097  0.013293100  0.000012830  0.000000000  0.013603263  0.013605141 
 0.151000081  0.625000000  0.510036367  0.023284198  0.023406650  0.000027338  0.035360810  0.015680665  0.000083642  0.000000000  0.023081325  0.023085189 
 0.175647682  0.750000000  0.637443213  0.033310327  0.034181174  0.000055661  0.060615588  0.030005697  0.000206227  0.000000000  0.033510063  0.033517293 
 0.200565004  0.875000000  0.764902512  0.044450250  0.046255712  0.000104832  0.079842479  0.046684271  0.000384731  0.000000000  0.045198281  0.045209549 
 0.227472118  1.000000000  0.892765692  0.056842466  0.059812306  0.000180864  0.089293265  0.065983745  0.000652166  0.000000000  0.058301965  0.058317877 
 0.250000000  1.094449535  0.989864714  0.067164084  0.071183801  0.000262319  0.089293265  0.082654872  0.000921955  0.000000000  0.069441831  0.069458162 
 0.258641407  1.125000000  1.021613806  0.070817228  0.075194826  0.000289965  0.134475580  0.089050127  0.001035245  0.000000000  0.075651053  0.075675581 
 0.294800099  1.250000000  1.151738557  0.086975610  0.092768903  0.000420683  0.166208217  0.114713374  0.001568678  0.000000000  0.092984221  0.093015071 
 0.335990522  1.375000000  1.283350301  0.104720291  0.112032143  0.000617002  0.181499212  0.142022338  0.002276522  0.000000000  0.112001197  0.112038738 
 0.375000000  1.475291317  1.390961116  0.120504855  0.129245955  0.000831941  0.181499212  0.166354240  0.003042912  0.000000000  0.129122911  0.129163414 
 0.386179740  1.500000000  1.418081323  0.124722241  0.133844090  0.000889512  0.221601748  0.172954386  0.003262869  0.000000000  0.135034983  0.135081520 
 0.447309842  1.625000000  1.557228329  0.147641924  0.158502544  0.001231761  0.239580384  0.207078874  0.004544531  0.000000000  0.159988488  0.160043359 
 0.500000000  1.714776108  1.661324450  0.166018243  0.178259657  0.001570915  0.239580384  0.235648264  0.005921536  0.000000000  0.180285404  0.180345181 
 0.524526309  1.750000000  1.704246034  0.173959017  0.186807143  0.001725668  0.270265349  0.248199714  0.006588460  0.000000000  0.190547086  0.190612268 
 0.624441331  1.875000000  1.864271068  0.204819919  0.219626744  0.002417693  0.270426898  0.297011320  0.009689846  0.000000000  0.224858715  0.224934574 
 0.625000000  1.875625388  1.865109652  0.204987583  0.219810177  0.002421768  0.270426898  0.297219375  0.009711032  0.000000000  0.225063481  0.225138972 
 0.687500000  1.937500000  1.953056895  0.222964356  0.239523413  0.002863232  0.287288692  0.320183048  0.012189372  0.000000000  0.248227888  0.000000000 

