xp yp distance tau_avg0tran tau_avg2tran tau_vartran tau_avg0carte tau_avg2carte tau_varcarte  tau_avg0 tau_avg2 tau_var

 0.042547459  0.125000000  0.000000000  0.000000000  0.000000000  0.000000000  0.000000000  0.000000000  0.000000000  0.000000000  0.000000000  0.000000000 
 0.068044622  0.250000000  0.127573921  0.003837921  0.003793253  0.000000481  0.004937488  0.002628611  0.000000147  0.000000000  0.003342241  0.000000000 
 0.094914479  0.375000000  0.255429266  0.009528055  0.009362943  0.000004197  0.009669501  0.007215529  0.000002300  0.000000000  0.008361571  0.000000000 
 0.121618789  0.500000000  0.383249922  0.017140085  0.016802992  0.000017995  0.010517069  0.014812743  0.000016590  0.000000000  0.015238481  0.500000000 
 0.125000000  0.518735256  0.402287842  0.018448014  0.018092365  0.000021779  0.010517069  0.016400861  0.000020575  0.000000000  0.016542051  1.701825836 
 0.150907578  0.625000000  0.511665164  0.027247085  0.027360285  0.000051310  0.038397359  0.030856035  0.000109106  0.000000000  0.026564792  0.000000000 
 0.179131468  0.750000000  0.639811908  0.039711450  0.041162583  0.000115025  0.064064712  0.047833236  0.000287492  0.000000000  0.039887092  0.000000000 
 0.207380018  0.875000000  0.767964085  0.053918511  0.057131112  0.000233007  0.082706998  0.068576743  0.000592543  0.000000000  0.055363045  0.000000000 
 0.237028213  1.000000000  0.896432040  0.069995111  0.075469218  0.000426137  0.089196074  0.093922982  0.001113984  0.000000000  0.073169862  0.000000000 
 0.250000000  1.053652073  0.951629976  0.077509235  0.084153185  0.000539804  0.089196074  0.106776823  0.001408834  0.000000000  0.081884648  0.457234092 
 0.270417916  1.125000000  1.025841957  0.088462541  0.096757591  0.000713262  0.139133220  0.127549240  0.001986660  0.000000000  0.101761341  1.625000000 
 0.307271116  1.250000000  1.156161404  0.109680505  0.120922215  0.001110873  0.173569582  0.163434660  0.003339178  0.000000000  0.125637983  0.000000000 
 0.348669307  1.375000000  1.287838320  0.133205028  0.147786602  0.001697031  0.187352427  0.203746931  0.005302582  0.000000000  0.152286794  0.000000000 
 0.375000000  1.446172308  1.363725097  0.147838556  0.164656731  0.002133327  0.187352427  0.229547990  0.006772848  0.000000000  0.169368916  0.000000000 
 0.398053398  1.500000000  1.422281732  0.159825496  0.178452293  0.002507698  0.235922108  0.251380815  0.008165627  0.000000000  0.188065274  0.000000000 
 0.457234092  1.625000000  1.560583412  0.190225160  0.212939940  0.003590136  0.255999881  0.304220370  0.012317265  0.000000000  0.222988042  0.398053398 
 0.500000000  1.701825836  1.648510267  0.210893315  0.236470375  0.004468639  0.255999881  0.342291059  0.015953414  0.000000000  0.247356796  1.500000000 
 0.531427802  1.750000000  1.706029454  0.225047767  0.252582319  0.005110840  0.295179711  0.368971764  0.018830533  0.000000000  0.267366255  0.000000000 
 0.625000000  1.872489708  1.860170573  0.264682206  0.297113831  0.007173737  0.295179711  0.445314973  0.028801868  0.000000000  0.313851182  0.000000000 
 0.627287248  1.875000000  1.863566611  0.265583486  0.298129900  0.007224534  0.340746248  0.447139077  0.029067084  0.000000000  0.315035313  0.000000000 
 0.687500000  1.937500000  1.950352701  0.288957886  0.324494084  0.008572537  0.363346805  0.494728747  0.036263248  0.000000000  0.344054573  0.000000000 

 0.125000000  0.034559283  0.000000000  0.000000000  0.000000000  0.000000000  0.000000000  0.000000000  0.000000000  0.000000000  0.000000000  0.000000000 
 0.250000000  0.058832144  0.127334880  0.004215271  0.004156730  0.000000680  0.000000000  0.004806357  0.000001170  0.000000000  0.003529171  0.000000000 
 0.375000000  0.087023827  0.255474535  0.010809684  0.010573968  0.000006182  0.000000000  0.012994569  0.000011420  0.000000000  0.009240859  0.000000000 
 0.500000000  0.117060989  0.384032814  0.020079818  0.019551790  0.000028079  0.000000000  0.025321376  0.000050599  0.000000000  0.017490333  0.537916095 
 0.538090855  0.125000000  0.422942210  0.023456430  0.022854711  0.000041896  0.008776517  0.029815251  0.000073329  0.000000000  0.020809181  0.125000000 
 0.625000000  0.149998608  0.513375223  0.032718789  0.032684712  0.000088495  0.008776517  0.041186916  0.000137789  0.000000000  0.031285039  0.000000000 
 0.750000000  0.182710087  0.642584514  0.048855729  0.050915807  0.000213607  0.008776517  0.061967208  0.000292615  0.000000000  0.048907999  0.000000000 
 0.875000000  0.215238117  0.771747484  0.067804372  0.072748052  0.000460878  0.008776517  0.088636044  0.000599801  0.000000000  0.070195857  0.069539249 
 1.000000000  0.248357099  0.901060542  0.089665853  0.098450619  0.000888227  0.008776517  0.121156227  0.001145485  0.000000000  0.095375829  0.000000000 
 1.006696399  0.250000000  0.907955532  0.090922539  0.099962459  0.000918037  0.032569731  0.123008044  0.001183791  0.000000000  0.096935757  0.625000000 
 1.125000000  0.284549978  1.031200990  0.115418783  0.129286182  0.001559799  0.032569731  0.156254075  0.001945189  0.000000000  0.144441435  0.149958148 
 1.250000000  0.322718115  1.161898376  0.144853029  0.164032242  0.002554598  0.032569731  0.197634349  0.003068921  0.000000000  0.178997081  0.000000000 
 1.375000000  0.364369140  1.293654999  0.177732289  0.203141860  0.004034328  0.032569731  0.247648661  0.004770684  0.000000000  0.218104995  0.000000000 
 1.405693078  0.375000000  1.326136998  0.186382372  0.213606393  0.004487476  0.060845517  0.260770973  0.005300194  0.000000000  0.228915023  0.234421611 
 1.500000000  0.412767350  1.427725227  0.215187180  0.248334689  0.006103172  0.060845517  0.301243608  0.007073573  0.000000000  0.279245760  0.000000000 
 1.625000000  0.469700142  1.565080033  0.257719740  0.298732929  0.008943002  0.060845517  0.362862689  0.010084235  0.000000000  0.330496383  0.750000000 
 1.683304674  0.500000000  1.630787844  0.279370862  0.324611551  0.010641349  0.087345922  0.395643142  0.011926384  0.000000000  0.357559524  0.182572167 
 1.750000000  0.540059773  1.708589206  0.306165119  0.356583580  0.012889780  0.087345922  0.434265091  0.014224842  0.000000000  0.398937857  0.000000000 
 1.868061345  0.625000000  1.854031027  0.358661806  0.418298179  0.017965606  0.090674855  0.512246681  0.019292347  0.000000000  0.463484695  0.000000000 
 1.875000000  0.630775065  1.863058558  0.362004659  0.422237680  0.018313268  0.090674855  0.516889870  0.019621118  0.000000000  0.468162136  0.461556435 
 1.937500000  0.687500000  1.947462161  0.393450767  0.459240733  0.021658178  0.124807004  0.559908051  0.022656566  0.000000000  0.508524000  0.000000000 

