xp yp distance tau_avg0tran tau_avg2tran tau_vartran tau_avg0carte tau_avg2carte tau_varcarte  tau_avg0 tau_avg2 tau_var

 0.125000000  0.029251259  0.000000000  0.000000000  0.000000000  0.000000000  0.000000000  0.000000000  0.000000000  0.000000000  0.000000000  0.000000000 
 0.250000000  0.052340699  0.127114603  0.004544617  0.004475873  0.000000862  0.000000000  0.005212428  0.000001407  0.000000000  0.003684882  0.000000000 
 0.375000000  0.081111316  0.255382870  0.011962959  0.011670452  0.000008014  0.000000000  0.014524378  0.000014213  0.000000000  0.010031019  0.000000000 
 0.500000000  0.113336246  0.384469841  0.022799490  0.022107082  0.000037533  0.000000000  0.029133286  0.000065529  0.000000000  0.019577132  0.000000000 
 0.550825962  0.125000000  0.436616956  0.028248202  0.027409321  0.000064536  0.009216075  0.036506630  0.000108397  0.000000000  0.024872866  0.000000000 
 0.625000000  0.149110062  0.514611078  0.037964196  0.037719089  0.000124861  0.009216075  0.048743946  0.000188520  0.000000000  0.035829846  0.000000000 
 0.750000000  0.185313594  0.644748296  0.057887929  0.060291539  0.000314495  0.009216075  0.075229568  0.000418852  0.000000000  0.057734102  0.000000000 
 0.875000000  0.221058262  0.774758608  0.081758707  0.087874951  0.000703524  0.009216075  0.109744990  0.000900044  0.000000000  0.084808342  0.000000000 
 0.979288134  0.250000000  0.882988175  0.104722037  0.115013344  0.001256767  0.014166383  0.144411957  0.001604595  0.000000000  0.111853492  0.000000000 
 1.000000000  0.257047934  0.904866355  0.109847035  0.121082537  0.001392362  0.014166383  0.150562372  0.001767755  0.000000000  0.120701112  0.000000000 
 1.125000000  0.295060042  1.035518261  0.143707505  0.160924103  0.002453532  0.014166383  0.192140839  0.002997423  0.000000000  0.160313120  0.000000000 
 1.250000000  0.334212454  1.166506471  0.181872550  0.206203583  0.004159583  0.014166383  0.250448909  0.005047139  0.000000000  0.205698938  0.000000000 
 1.372834404  0.375000000  1.295935659  0.223767413  0.256550054  0.006636087  0.014951581  0.317102250  0.008144253  0.000000000  0.256309205  0.000000000 
 1.375000000  0.375832663  1.298255818  0.224570196  0.257517790  0.006686407  0.014951581  0.316251421  0.008205082  0.000000000  0.257698615  0.000000000 
 1.500000000  0.423616341  1.432077639  0.274019124  0.316676862  0.010101013  0.014951581  0.271462973  0.012234378  0.000000000  0.317472124  0.000000000 
 1.625000000  0.478834332  1.568730581  0.329196944  0.382614202  0.015050279  0.014951581  0.358657789  0.018277088  0.000000000  0.384906150  0.000000000 
 1.667913075  0.500000000  1.616579484  0.349636280  0.407439280  0.017162538  0.056505292  0.390598173  0.020913282  0.000000000  0.410956097  0.000000000 
 1.750000000  0.546398590  1.710872073  0.391688304  0.458300876  0.021815379  0.056505292  0.454158668  0.026494064  0.000000000  0.478418574  0.000000000 
 1.864423987  0.625000000  1.849692210  0.456728532  0.535642895  0.030157486  0.062943093  0.554850350  0.036365610  0.000000000  0.559588379  0.000000000 
 1.875000000  0.633238097  1.863098115  0.463145465  0.543292322  0.031038478  0.062943093  0.564511239  0.037371604  0.000000000  0.568764382  0.000000000 
 1.937500000  0.687500000  1.945866492  0.502804068  0.590469861  0.036611189  0.105687787  0.623128427  0.043557527  0.000000000  0.620161122  0.000000000 

 0.049222799  0.125000000  0.000000000  0.000000000  0.000000000  0.000000000  0.000000000  0.000000000  0.000000000  0.000000000  0.000000000  0.000000000 
 0.075294144  0.250000000  0.127689917  0.003590339  0.003555606  0.000000362  0.004282349  0.002499555  0.000000154  0.000000000  0.003213636  0.000000000 
 0.100743024  0.375000000  0.255254197  0.008712931  0.008593392  0.000003038  0.008103777  0.006714063  0.000002042  0.000000000  0.007797405  0.000000000 
 0.124711932  0.500000000  0.382531487  0.015324898  0.015099538  0.000012325  0.008175646  0.013556440  0.000013327  0.000000000  0.013842282  0.000000000 
 0.125000000  0.501798791  0.384353199  0.015430888  0.015204567  0.000012546  0.008175646  0.013585407  0.000013565  0.000000000  0.013948933  0.000000000 
 0.151480458  0.625000000  0.510368089  0.024003387  0.024151662  0.000031840  0.035783320  0.018519743  0.000089893  0.000000000  0.023789672  0.000000000 
 0.176533320  0.750000000  0.637853954  0.034440446  0.035463409  0.000066693  0.061344611  0.033341935  0.000223229  0.000000000  0.034742443  0.000000000 
 0.201726266  0.875000000  0.765367422  0.046057113  0.048174280  0.000127421  0.080746487  0.050745199  0.000423101  0.000000000  0.047055460  0.000000000 
 0.228799151  1.000000000  0.893265589  0.058987690  0.062460713  0.000221639  0.089994829  0.071070024  0.000730269  0.000000000  0.060876902  0.000000000 
 0.250000000  1.089086114  0.984839667  0.069119509  0.073736243  0.000316007  0.089994829  0.087700243  0.001024457  0.000000000  0.071956572  0.000000000 
 0.260146095  1.125000000  1.022159239  0.073592671  0.078698555  0.000356998  0.136619275  0.095655806  0.001180709  0.000000000  0.079664143  0.000000000 
 0.296282868  1.250000000  1.152277902  0.090463848  0.097242544  0.000525882  0.169256113  0.122800062  0.001817652  0.000000000  0.097972591  0.000000000 
 0.337371785  1.375000000  1.283857912  0.108970800  0.117542686  0.000774449  0.184715955  0.151896970  0.002678308  0.000000000  0.118026063  0.000000000 
 0.375000000  1.472315273  1.388194602  0.124904927  0.135095212  0.001034815  0.184715955  0.177169660  0.003590992  0.000000000  0.135509483  0.000000000 
 0.387448782  1.500000000  1.418549442  0.129820296  0.140508564  0.001116359  0.226327950  0.185050268  0.003894653  0.000000000  0.142500008  0.000000000 
 0.448314228  1.625000000  1.557580383  0.153688442  0.166447904  0.001551829  0.244806399  0.221395804  0.005486594  0.000000000  0.168752733  0.000000000 
 0.500000000  1.713565703  1.660124533  0.172533881  0.186905537  0.001970010  0.244806399  0.251814885  0.007193459  0.000000000  0.189767328  0.000000000 
 0.525216385  1.750000000  1.704433946  0.181069013  0.196181811  0.002170770  0.276717274  0.265762456  0.008060579  0.000000000  0.200932061  0.000000000 
 0.624658781  1.875000000  1.864164313  0.213158500  0.230639885  0.003037174  0.276820384  0.318323209  0.011966763  0.000000000  0.236922929  0.000000000 
 0.625000000  1.875383669  1.864677764  0.213265372  0.230757848  0.003040289  0.276820384  0.318611118  0.011983312  0.000000000  0.237054494  0.000000000 
 0.687500000  1.937500000  1.952795234  0.232017344  0.251505052  0.003594848  0.294420326  0.370881955  0.015157186  0.000000000  0.261464708  0.000000000 

