xp yp distance tau_avg0tran tau_avg2tran tau_vartran tau_avg0carte tau_avg2carte tau_varcarte  tau_avg0 tau_avg2 tau_var

 0.125000000  0.027010009  0.000000000  0.000000000  0.000000000  0.000000000  0.000000000  0.000000000  0.000000000  0.000000000  0.000000000  0.000000000 
 0.250000000  0.049169215  0.126948928  0.004659806  0.004591041  0.000000926  0.000000000  0.005337197  0.000001445  0.000000000  0.003731467  0.000000000 
 0.375000000  0.077697027  0.255162953  0.012391257  0.012094382  0.000008592  0.000000000  0.015016023  0.000014520  0.000000000  0.010301192  0.010297325 
 0.500000000  0.110621786  0.384426404  0.023878136  0.023166962  0.000040059  0.000000000  0.030423489  0.000066699  0.000000000  0.020360461  0.020349148 
 0.559715352  0.125000000  0.445848356  0.030804681  0.029908394  0.000075017  0.008854779  0.039755615  0.000119777  0.000000000  0.027028787  0.026997076 
 0.625000000  0.147442130  0.514882656  0.040098586  0.039717599  0.000132798  0.008854779  0.051402784  0.000192360  0.000000000  0.037429350  0.037406198 
 0.750000000  0.185347262  0.645503477  0.061705015  0.063910454  0.000332162  0.008854779  0.080029043  0.000420639  0.000000000  0.060838300  0.060805584 
 0.875000000  0.222929738  0.776031032  0.087925780  0.093670899  0.000741005  0.008854779  0.117796922  0.000914049  0.000000000  0.090016025  0.089974045 
 0.969727631  0.250000000  0.874550691  0.110886790  0.120232577  0.001256231  0.016861923  0.152106991  0.001576002  0.000000000  0.116604405  0.116593021 
 1.000000000  0.260628994  0.906634827  0.119158331  0.129817589  0.001458079  0.016861923  0.162795495  0.001822754  0.000000000  0.130758721  0.130673534 
 1.125000000  0.299803997  1.037629793  0.156829757  0.173069699  0.002547056  0.016861923  0.213043016  0.003150694  0.000000000  0.173737574  0.173644029 
 1.250000000  0.339776594  1.168865491  0.199613218  0.222356412  0.004285317  0.016861923  0.278975116  0.005480078  0.000000000  0.223188241  0.223090499 
 1.357244195  0.375000000  1.281745983  0.240452106  0.269925794  0.006423954  0.024059793  0.343605993  0.008583208  0.000000000  0.271378261  0.271380751 
 1.375000000  0.381742318  1.300738810  0.247802843  0.278515677  0.006826465  0.024059793  0.352722215  0.009165754  0.000000000  0.284039554  0.283876454 
 1.500000000  0.429135891  1.434421834  0.303472342  0.342964408  0.010190385  0.024059793  0.423938237  0.014155768  0.000000000  0.349297565  0.349131063 
 1.625000000  0.483580833  1.570764240  0.365730178  0.414811846  0.015071972  0.024059793  0.522989634  0.021841877  0.000000000  0.423077817  0.422911293 
 1.659230919  0.500000000  1.608729288  0.384035185  0.436307127  0.016715226  0.075472504  0.551221927  0.024494918  0.000000000  0.445803023  0.445720279 
 1.750000000  0.549673503  1.712201424  0.436085291  0.497239981  0.021680199  0.075472504  0.629526467  0.032413997  0.000000000  0.527301853  0.527130934 
 1.862285844  0.625000000  1.847413080  0.507605249  0.579550207  0.029641735  0.084114112  0.739552277  0.045205560  0.000000000  0.614355861  0.614196750 
 1.875000000  0.634538589  1.863307558  0.516165907  0.589458951  0.030662828  0.084114112  0.751956398  0.046823391  0.000000000  0.626194214  0.626012012 
 1.937500000  0.687500000  1.945229235  0.560166869  0.640446519  0.036053506  0.131400114  0.814834342  0.055239253  0.000000000  0.682081941  0.000000000 

 0.050341681  0.125000000  0.000000000  0.000000000  0.000000000  0.000000000  0.000000000  0.000000000  0.000000000  0.000000000  0.000000000  0.000000000 
 0.076227417  0.250000000  0.127652150  0.003532350  0.003500664  0.000000335  0.004214515  0.002470023  0.000000154  0.000000000  0.003179024  0.000000000 
 0.101247363  0.375000000  0.255131551  0.008532228  0.008424235  0.000002771  0.007951245  0.006610810  0.000001986  0.000000000  0.007661187  0.008425343 
 0.124753240  0.500000000  0.382322456  0.014947846  0.014745815  0.000011075  0.008012279  0.013306270  0.000012684  0.000000000  0.013534060  0.014748131 
 0.125000000  0.501564170  0.383905970  0.015037047  0.014834282  0.000011246  0.008012279  0.013309271  0.000012875  0.000000000  0.013623792  0.014836691 
 0.151029418  0.625000000  0.510056415  0.023327099  0.023452668  0.000027750  0.035385528  0.015805458  0.000084043  0.000000000  0.023123563  0.023457549 
 0.175701411  0.750000000  0.637467981  0.033377589  0.034264372  0.000056680  0.060658537  0.030162415  0.000207355  0.000000000  0.033588683  0.034273192 
 0.200635391  0.875000000  0.764930538  0.044545765  0.046383228  0.000106919  0.079896097  0.046888791  0.000387394  0.000000000  0.045320505  0.046396743 
 0.227552583  1.000000000  0.892795839  0.056969887  0.059990749  0.000184624  0.089335365  0.066259359  0.000657842  0.000000000  0.058474351  0.060009661 
 0.250000000  1.094124913  0.989560429  0.067280873  0.071364027  0.000267529  0.089335365  0.082943237  0.000930195  0.000000000  0.069618195  0.071383109 
 0.258732571  1.125000000  1.021646700  0.070981938  0.075432648  0.000296162  0.134603569  0.089433823  0.001046326  0.000000000  0.075916959  0.075457852 
 0.294889936  1.250000000  1.151771083  0.087182523  0.093074720  0.000430470  0.166390352  0.115206091  0.001588198  0.000000000  0.093318404  0.093107129 
 0.336074185  1.375000000  1.283380894  0.104972367  0.112410430  0.000631639  0.181692004  0.142654352  0.002309209  0.000000000  0.112407656  0.112450518 
 0.375000000  1.475112272  1.390794516  0.120766461  0.129654642  0.000851154  0.181692004  0.167085389  0.003090188  0.000000000  0.129560947  0.129697936 
 0.386256502  1.500000000  1.418109490  0.125024539  0.134302566  0.000910585  0.221884325  0.173769063  0.003316531  0.000000000  0.135538833  0.134351151 
 0.447370496  1.625000000  1.557249421  0.148000451  0.159050485  0.001261560  0.239893005  0.208074494  0.004627101  0.000000000  0.160582389  0.159108550 
 0.500000000  1.714703618  1.661252323  0.166405025  0.178859845  0.001608327  0.239893005  0.236823854  0.006036937  0.000000000  0.180932127  0.178923437 
 0.524567837  1.750000000  1.704257128  0.174380638  0.187454358  0.001767096  0.270650823  0.249483922  0.006721946  0.000000000  0.191252482  0.187522942 
 0.624454280  1.875000000  1.864264319  0.205314500  0.220388423  0.002475395  0.270809048  0.298628897  0.009901711  0.000000000  0.225679556  0.220469133 
 0.625000000  1.875611056  1.865083588  0.205478701  0.220568252  0.002479467  0.270809048  0.298854762  0.009922966  0.000000000  0.225880278  0.220648578 
 0.687500000  1.937500000  1.953040914  0.223501431  0.240352221  0.002931452  0.287714605  0.324393396  0.012469145  0.000000000  0.249130672  0.240440043 

