xp yp distance tau_avg0tran tau_avg2tran tau_vartran tau_avg0carte tau_avg2carte tau_varcarte  tau_avg0 tau_avg2 tau_var

 0.125000000  0.026766214  0.000000000  0.000000000  0.000000000  0.000000000  0.000000000  0.000000000  0.000000000  0.000000000  0.000000000  0.000000000 
 0.250000000  0.048818730  0.126930349  0.004672800  0.004604634  0.000000928  0.000000000  0.005348092  0.000001437  0.000000000  0.003736650  0.000000000 
 0.375000000  0.077312222  0.255136742  0.012440010  0.012146433  0.000008577  0.000000000  0.015053750  0.000014350  0.000000000  0.010331797  0.012143304 
 0.500000000  0.110308316  0.384418380  0.024002030  0.023301637  0.000039809  0.000000000  0.030512201  0.000065489  0.000000000  0.020450113  0.023293554 
 0.560694359  0.125000000  0.446865564  0.031104981  0.030220428  0.000075048  0.008808727  0.040045563  0.000118371  0.000000000  0.027280716  0.030201569 
 0.625000000  0.147244066  0.514909770  0.040346098  0.039957053  0.000131112  0.008808727  0.051576182  0.000187565  0.000000000  0.037612853  0.039942532 
 0.750000000  0.185340050  0.645586103  0.062150674  0.064259336  0.000325604  0.008808727  0.080332981  0.000405256  0.000000000  0.061096216  0.064237571 
 0.875000000  0.223131541  0.776173992  0.088650357  0.094130286  0.000721693  0.008808727  0.118312618  0.000878468  0.000000000  0.090344516  0.094100756 
 0.968714536  0.250000000  0.873664137  0.111613443  0.120465438  0.001210689  0.017179160  0.152421334  0.001509659  0.000000000  0.116689093  0.120448378 
 1.000000000  0.261024046  0.906835056  0.120258445  0.130394541  0.001409186  0.017179160  0.163563412  0.001754508  0.000000000  0.131427682  0.130356261 
 1.125000000  0.300336567  1.037871212  0.158388219  0.173746166  0.002438664  0.017179160  0.214376198  0.003034800  0.000000000  0.174465925  0.173699745 
 1.250000000  0.340404316  1.169135924  0.201728297  0.223084228  0.004069899  0.017179160  0.280901375  0.005313935  0.000000000  0.223940235  0.223031828 
 1.355469347  0.375000000  1.280134323  0.242394317  0.269838538  0.006025376  0.025196875  0.344860551  0.008322594  0.000000000  0.271326821  0.269832526 
 1.375000000  0.382406056  1.301022024  0.250581734  0.279282631  0.006433093  0.025196875  0.355136491  0.008956765  0.000000000  0.285302164  0.279224256 
 1.500000000  0.429761302  1.434691465  0.307005919  0.343725388  0.009513265  0.025196875  0.428292957  0.013945787  0.000000000  0.350572911  0.343663167 
 1.625000000  0.484117384  1.570998411  0.370120594  0.415500127  0.013977153  0.025196875  0.528178766  0.021694626  0.000000000  0.424336675  0.415437208 
 1.658218398  0.500000000  1.607818507  0.388118518  0.436325846  0.015431548  0.077848736  0.555681407  0.024291395  0.000000000  0.446392089  0.436302035 
 1.750000000  0.550043819  1.712356760  0.441426704  0.497847349  0.019988646  0.077848736  0.635159913  0.032410203  0.000000000  0.528564622  0.497783463 
 1.862036822  0.625000000  1.847155419  0.513714298  0.579877081  0.027210138  0.086770320  0.745378445  0.045448499  0.000000000  0.615508944  0.579824497 
 1.875000000  0.634683976  1.863336376  0.522546374  0.589968779  0.028156604  0.086770320  0.757885696  0.047142860  0.000000000  0.627526170  0.589904431 
 1.937500000  0.687500000  1.945164137  0.567068714  0.640962355  0.033066444  0.134600431  0.820190480  0.055829198  0.000000000  0.683564381  0.640894588 

 0.050463730  0.125000000  0.000000000  0.000000000  0.000000000  0.000000000  0.000000000  0.000000000  0.000000000  0.000000000  0.000000000  0.000000000 
 0.076328178  0.250000000  0.127647835  0.003526104  0.003494908  0.000000331  0.004207307  0.002466781  0.000000154  0.000000000  0.003175272  0.000000000 
 0.101301171  0.375000000  0.255118029  0.008512837  0.008406661  0.000002727  0.007935094  0.006600187  0.000001980  0.000000000  0.007646544  1.000000000 
 0.124756934  0.500000000  0.382299682  0.014907515  0.014709082  0.000010869  0.007995159  0.013280719  0.000012613  0.000000000  0.013501065  1.000000000 
 0.125000000  0.501543272  0.383861978  0.014995213  0.014796071  0.000011034  0.007995159  0.013282057  0.000012800  0.000000000  0.013589282  0.012356346 
 0.150980100  0.625000000  0.510022706  0.023254996  0.023375417  0.000027067  0.035344001  0.015592615  0.000083373  0.000000000  0.023052580  1.000000000 
 0.175611071  0.750000000  0.637426335  0.033264554  0.034124962  0.000054991  0.060586373  0.029896099  0.000205470  0.000000000  0.033456887  1.000000000 
 0.200517030  0.875000000  0.764883413  0.044385257  0.046169745  0.000103461  0.079805982  0.046542474  0.000382951  0.000000000  0.045115840  1.000000000 
 0.227417260  1.000000000  0.892745145  0.056755766  0.059692153  0.000178396  0.089264565  0.065794216  0.000648385  0.000000000  0.058185860  1.000000000 
 0.250000000  1.094670833  0.990072154  0.067084567  0.071062713  0.000258901  0.089264565  0.082457253  0.000916483  0.000000000  0.069323297  0.757102980 
 0.258579251  1.125000000  1.021591385  0.070705164  0.075034817  0.000285900  0.134388427  0.088788181  0.001027890  0.000000000  0.075471960  1.000000000 
 0.294738840  1.250000000  1.151716386  0.086834837  0.092563286  0.000414270  0.166084193  0.114378489  0.001555746  0.000000000  0.092759329  1.000000000 
 0.335933472  1.375000000  1.283329446  0.104548794  0.111777897  0.000607413  0.181367891  0.141594596  0.002254919  0.000000000  0.111727804  1.000000000 
 0.375000000  1.475413327  1.391074655  0.120326825  0.128971501  0.000819354  0.181367891  0.165861135  0.003011730  0.000000000  0.128828501  0.803161253 
 0.386127399  1.500000000  1.418062124  0.124516577  0.133536013  0.000875708  0.221409323  0.172405241  0.003227494  0.000000000  0.134696144  1.000000000 
 0.447268490  1.625000000  1.557213958  0.147398002  0.158134427  0.001212246  0.239367490  0.206409393  0.004490193  0.000000000  0.159589184  1.000000000 
 0.500000000  1.714825488  1.661373597  0.165755067  0.177856553  0.001546413  0.239367490  0.234860050  0.005845695  0.000000000  0.179850699  0.718545080 
 0.524498006  1.750000000  1.704238485  0.173672166  0.186372362  0.001698537  0.270002878  0.247339304  0.006500781  0.000000000  0.190072888  1.000000000 
 0.624432513  1.875000000  1.864275686  0.204483419  0.219115111  0.002379905  0.270166679  0.295930375  0.009550868  0.000000000  0.224306910  1.000000000 
 0.625000000  1.875635142  1.865127418  0.204653429  0.219300987  0.002383981  0.270166679  0.296126968  0.009572007  0.000000000  0.224514417  0.005069523 
 0.687500000  1.937500000  1.953067799  0.222598933  0.238966663  0.002818554  0.286998698  0.317477597  0.012005983  0.000000000  0.247621060  0.000000000 

