xp yp distance tau_avg0tran tau_avg2tran tau_vartran tau_avg0carte tau_avg2carte tau_varcarte  tau_avg0 tau_avg2 tau_var

 0.041899508  0.125000000  0.000000000  0.000000000  0.000000000  0.000000000  0.000000000  0.000000000  0.000000000  0.000000000  0.000000000  0.000000000 
 0.067281480  0.250000000  0.127550949  0.003860840  0.003815364  0.000000494  0.005011711  0.002640542  0.000000146  0.000000000  0.003353274  0.000000000 
 0.094242112  0.375000000  0.255425401  0.009605876  0.009436577  0.000004316  0.009850787  0.007265040  0.000002329  0.000000000  0.008413292  0.000000000 
 0.121206454  0.500000000  0.383300636  0.017319404  0.016970904  0.000018589  0.010801845  0.014943997  0.000016975  0.000000000  0.015372752  0.500000000 
 0.125000000  0.520760964  0.404405342  0.018793078  0.018422855  0.000022975  0.010801845  0.016739145  0.000021610  0.000000000  0.016839517  1.700431166 
 0.150743022  0.625000000  0.511776101  0.027571887  0.027675077  0.000053420  0.038717117  0.031196847  0.000111147  0.000000000  0.026826519  0.000000000 
 0.179313558  0.750000000  0.639999638  0.040249860  0.041737369  0.000120374  0.064387353  0.048414333  0.000294860  0.000000000  0.040395651  0.000000000 
 0.207916179  0.875000000  0.768230329  0.054740024  0.058058519  0.000245110  0.082922896  0.069539254  0.000612975  0.000000000  0.056215397  0.000000000 
 0.237870869  1.000000000  0.896769363  0.071168923  0.076847194  0.000450372  0.089066186  0.095462910  0.001161850  0.000000000  0.074468608  0.000000000 
 0.250000000  1.050055844  0.948273765  0.078326831  0.085147139  0.000562764  0.089066186  0.107787545  0.001450283  0.000000000  0.082816415  0.458234148 
 0.271491687  1.125000000  1.026238623  0.090076539  0.098712018  0.000756799  0.139224459  0.130260152  0.002093567  0.000000000  0.104241595  1.625000000 
 0.308461803  1.250000000  1.156591181  0.111794100  0.123520146  0.001184127  0.173726074  0.167180586  0.003545792  0.000000000  0.128758886  0.000000000 
 0.349913819  1.375000000  1.288285029  0.135903073  0.151147834  0.001815017  0.187182153  0.208855966  0.005665303  0.000000000  0.156180434  0.000000000 
 0.375000000  1.443147065  1.360902789  0.150244008  0.167748815  0.002263378  0.187182153  0.234421723  0.007175387  0.000000000  0.173020660  0.000000000 
 0.399221076  1.500000000  1.422700173  0.163202148  0.182721347  0.002688622  0.236442354  0.258342999  0.008764463  0.000000000  0.193426844  0.000000000 
 0.458234148  1.625000000  1.560930208  0.194371705  0.218215973  0.003858837  0.256612208  0.313212528  0.013295055  0.000000000  0.229377416  0.399221076 
 0.500000000  1.700431166  1.647152289  0.215161362  0.241986341  0.004789741  0.256612208  0.351925837  0.017157267  0.000000000  0.254019459  1.500000000 
 0.532121943  1.750000000  1.706219103  0.230068696  0.259025882  0.005502441  0.296601116  0.380375871  0.020365997  0.000000000  0.275256787  0.000000000 
 0.625000000  1.872141444  1.859662467  0.270541032  0.304682158  0.007722775  0.296601116  0.459404570  0.031183568  0.000000000  0.322923659  0.000000000 
 0.627584785  1.875000000  1.863516356  0.271589543  0.305868846  0.007785026  0.343290060  0.461556549  0.031511317  0.000000000  0.324308645  0.000000000 
 0.687500000  1.937500000  1.950096278  0.295473251  0.332907387  0.009235630  0.366480808  0.511003979  0.039351762  0.000000000  0.354043950  0.000000000 

 0.125000000  0.034901950  0.000000000  0.000000000  0.000000000  0.000000000  0.000000000  0.000000000  0.000000000  0.000000000  0.000000000  0.000000000 
 0.250000000  0.059198183  0.127339338  0.004191500  0.004133904  0.000000669  0.000000000  0.004775989  0.000001151  0.000000000  0.003516953  0.000000000 
 0.375000000  0.087300337  0.255459325  0.010729341  0.010498210  0.000006063  0.000000000  0.012885051  0.000011207  0.000000000  0.009183446  0.988208629 
 0.500000000  0.117177375  0.383980286  0.019897752  0.019381608  0.000027458  0.000000000  0.025060549  0.000049512  0.000000000  0.017346457  0.972250471 
 0.537734182  0.125000000  0.422516788  0.023200900  0.022613805  0.000040780  0.008694060  0.029450627  0.000071458  0.000000000  0.020593797  0.952397949 
 0.625000000  0.149915475  0.513269770  0.032372683  0.032344402  0.000086122  0.008694060  0.040684439  0.000134321  0.000000000  0.030961961  0.945828066 
 0.750000000  0.182427704  0.642428761  0.048274772  0.050296308  0.000207048  0.008694060  0.061105617  0.000284096  0.000000000  0.048307707  0.927173356 
 0.875000000  0.214797137  0.771551882  0.066931881  0.071772716  0.000445556  0.008694060  0.087309110  0.000580680  0.000000000  0.069238003  0.897361617 
 1.000000000  0.247809163  0.900837588  0.088448591  0.097041977  0.000857141  0.008694060  0.119245500  0.001106905  0.000000000  0.093981551  0.867247629 
 1.008925357  0.250000000  0.910027897  0.090098716  0.099024141  0.000895539  0.031691925  0.121672662  0.001156328  0.000000000  0.096024431  0.837078268 
 1.125000000  0.283895143  1.030950200  0.113765255  0.127312253  0.001502459  0.031691925  0.153660194  0.001877762  0.000000000  0.141775592  0.834303431 
 1.250000000  0.322039386  1.161640610  0.142716582  0.161442790  0.002456569  0.031691925  0.194180865  0.002956562  0.000000000  0.175704287  0.806057229 
 1.375000000  0.363716307  1.293405422  0.175065075  0.199865050  0.003876455  0.031691925  0.243269086  0.004591124  0.000000000  0.214113231  0.775736869 
 1.407485383  0.375000000  1.327794691  0.184081617  0.210754569  0.004337911  0.059017204  0.256920892  0.005131014  0.000000000  0.225355256  0.745375342 
 1.500000000  0.412156509  1.427492036  0.211910857  0.244252076  0.005861774  0.059017204  0.295874239  0.006804923  0.000000000  0.273793209  0.736549634 
 1.625000000  0.469199291  1.564892469  0.253773823  0.293782929  0.008585795  0.059017204  0.356289556  0.009693227  0.000000000  0.324152664  0.710801142 
 1.684099066  0.500000000  1.631536173  0.275390496  0.319579075  0.010240087  0.084818830  0.388958204  0.011488629  0.000000000  0.351123980  0.664457216 
 1.750000000  0.539711653  1.708477374  0.301475651  0.350656828  0.012375563  0.084818830  0.426444347  0.013671262  0.000000000  0.391293536  0.633851631 
 1.868237378  0.625000000  1.854265507  0.353268482  0.411454747  0.017260353  0.088016525  0.503174794  0.018546649  0.000000000  0.454879667  0.591394510 
 1.875000000  0.630646961  1.863075798  0.356479809  0.415233770  0.017586221  0.088016525  0.507595567  0.018854481  0.000000000  0.459363354  0.491116196 
 1.937500000  0.687500000  1.947565549  0.387469604  0.451648368  0.020802079  0.121669620  0.549626266  0.021768182  0.000000000  0.499092733  0.484721177 

