xp yp distance tau_avg0tran tau_avg2tran tau_vartran tau_avg0carte tau_avg2carte tau_varcarte  tau_avg0 tau_avg2 tau_var

 0.125000000  0.026514794  0.000000000  0.000000000  0.000000000  0.000000000  0.000000000  0.000000000  0.000000000  0.000000000  0.000000000  0.000000000 
 0.250000000  0.048456095  0.126911074  0.004686297  0.004618743  0.000000930  0.000000000  0.005359468  0.000001428  0.000000000  0.003742018  0.000000000 
 0.375000000  0.076912428  0.255109213  0.012490748  0.012200557  0.000008563  0.000000000  0.015093341  0.000014174  0.000000000  0.010363614  0.010357885 
 0.500000000  0.109980932  0.384409352  0.024131210  0.023442026  0.000039550  0.000000000  0.030605661  0.000064224  0.000000000  0.020543516  0.020526684 
 0.561707192  0.125000000  0.447918012  0.031419680  0.030547592  0.000075057  0.008759591  0.040349946  0.000116831  0.000000000  0.027544429  0.027496807 
 0.625000000  0.147035928  0.514937127  0.040604687  0.040208032  0.000129343  0.008759591  0.051759062  0.000182521  0.000000000  0.037804094  0.037769626 
 0.750000000  0.185329836  0.645671297  0.062616952  0.064625222  0.000318675  0.008759591  0.080652992  0.000388957  0.000000000  0.061364789  0.061317836 
 0.875000000  0.223338681  0.776322253  0.089409471  0.094611860  0.000701133  0.008759591  0.118855688  0.000840592  0.000000000  0.090685366  0.090627980 
 0.967677592  0.250000000  0.872758564  0.112375784  0.120714607  0.001162811  0.017511016  0.152759510  0.001439844  0.000000000  0.116778227  0.116768750 
 1.000000000  0.261431918  0.907043062  0.121412375  0.130997631  0.001356673  0.017511016  0.164372455  0.001681617  0.000000000  0.132125030  0.132006597 
 1.125000000  0.300888516  1.038122516  0.160024796  0.174450333  0.002321661  0.017511016  0.215769656  0.002910941  0.000000000  0.175220008  0.175096548 
 1.250000000  0.341055479  1.169417546  0.203951220  0.223836402  0.003836288  0.017511016  0.282917953  0.005136371  0.000000000  0.224711295  0.224591840 
 1.353624816  0.375000000  1.278460349  0.244426232  0.269738080  0.005599946  0.026401557  0.346166609  0.008047034  0.000000000  0.271255332  0.271294662 
 1.375000000  0.383093988  1.301316664  0.253504420  0.280067487  0.006004465  0.026401557  0.357668316  0.008733566  0.000000000  0.286604782  0.286398012 
 1.500000000  0.430410646  1.434972439  0.310724935  0.344492665  0.008773604  0.026401557  0.432686129  0.013724988  0.000000000  0.351876377  0.351679504 
 1.625000000  0.484674073  1.571242463  0.374743160  0.416177300  0.012778556  0.026401557  0.533439239  0.021543968  0.000000000  0.425609010  0.425429756 
 1.657161030  0.500000000  1.606868519  0.392407343  0.436302178  0.014037740  0.080369361  0.560170057  0.024080812  0.000000000  0.446961414  0.446912261 
 1.750000000  0.550428094  1.712519203  0.447052057  0.498425622  0.018133874  0.080369361  0.640878900  0.032415451  0.000000000  0.529811858  0.529657658 
 1.861776816  0.625000000  1.846888194  0.520145916  0.580149326  0.024547383  0.089588866  0.751291952  0.045721645  0.000000000  0.616629786  0.616510578 
 1.875000000  0.634834470  1.863367557  0.529266615  0.590430368  0.025407185  0.089588866  0.763911725  0.047499883  0.000000000  0.628828696  0.628679269 
 1.937500000  0.687500000  1.945098261  0.574338018  0.641425457  0.029790753  0.137991706  0.825669636  0.056482177  0.000000000  0.685020591  0.684849176 

 0.050589803  0.125000000  0.000000000  0.000000000  0.000000000  0.000000000  0.000000000  0.000000000  0.000000000  0.000000000  0.000000000  0.000000000 
 0.076432148  0.250000000  0.127643358  0.003519676  0.003488974  0.000000326  0.004199886  0.002463446  0.000000154  0.000000000  0.003171406  0.000000000 
 0.101356706  0.375000000  0.255104072  0.008492894  0.008388550  0.000002682  0.007918464  0.006589266  0.000001974  0.000000000  0.007631482  0.007632142 
 0.124760847  0.500000000  0.382276214  0.014866061  0.014671249  0.000010662  0.007977507  0.013254500  0.000012542  0.000000000  0.013467149  0.013468636 
 0.125000000  0.501521000  0.383815901  0.014952179  0.014756683  0.000010821  0.007977507  0.013254062  0.000012724  0.000000000  0.013553774  0.013555332 
 0.150929456  0.625000000  0.509988006  0.023180938  0.023296223  0.000026382  0.035301389  0.015361844  0.000082693  0.000000000  0.022979705  0.022982896 
 0.175518143  0.750000000  0.637383467  0.033148499  0.033982526  0.000053302  0.060512305  0.029610816  0.000203562  0.000000000  0.033322177  0.033328106 
 0.200395167  0.875000000  0.764834895  0.044220495  0.045951984  0.000100008  0.079713374  0.046175761  0.000378465  0.000000000  0.044907059  0.044916269 
 0.227277835  1.000000000  0.892692932  0.056535991  0.059387852  0.000172181  0.089191567  0.065306749  0.000638858  0.000000000  0.057891874  0.057904858 
 0.250000000  1.095233266  0.990599376  0.066882798  0.070755724  0.000250276  0.089191567  0.081948720  0.000902657  0.000000000  0.069022830  0.069036148 
 0.258421242  1.125000000  1.021534401  0.070421118  0.074629661  0.000275673  0.134167225  0.088117516  0.001009369  0.000000000  0.075018755  0.075038754 
 0.294583079  1.250000000  1.151660027  0.086478038  0.092042718  0.000398143  0.165769413  0.113523154  0.001523189  0.000000000  0.092190243  0.092215376 
 0.335788390  1.375000000  1.283276430  0.104114123  0.111134257  0.000583304  0.181034454  0.140504149  0.002200537  0.000000000  0.111035973  0.111066543 
 0.375000000  1.475723317  1.391363141  0.119875420  0.128276446  0.000787680  0.181034454  0.164604339  0.002933132  0.000000000  0.128083213  0.128116185 
 0.385994299  1.500000000  1.418013318  0.123995301  0.132756120  0.000841008  0.220920946  0.171007285  0.003138448  0.000000000  0.133838799  0.133876683 
 0.447163348  1.625000000  1.557177439  0.146779753  0.157202558  0.001163197  0.238827130  0.204706591  0.004353411  0.000000000  0.158578786  0.158623447 
 0.500000000  1.714950891  1.661498456  0.165087899  0.176835958  0.001484810  0.238827130  0.232855972  0.005654686  0.000000000  0.178750531  0.178799184 
 0.524426069  1.750000000  1.704219328  0.172945080  0.185271713  0.001630348  0.269336811  0.245152916  0.006280081  0.000000000  0.188872940  0.188925989 
 0.624410131  1.875000000  1.864287478  0.203630448  0.217819855  0.002284924  0.269506289  0.293185459  0.009201017  0.000000000  0.222910415  0.222972163 
 0.625000000  1.875659886  1.865172574  0.203806374  0.218011870  0.002288997  0.269506289  0.293352863  0.009221994  0.000000000  0.223124813  0.223186262 
 0.687500000  1.937500000  1.953095550  0.221672611  0.237557111  0.002706248  0.286262828  0.310817320  0.011544367  0.000000000  0.246085213  0.000000000 

