xp yp distance tau_avg0tran tau_avg2tran tau_vartran tau_avg0carte tau_avg2carte tau_varcarte  tau_avg0 tau_avg2 tau_var

 0.037928184  0.125000000  0.000000000  0.000000000  0.000000000  0.000000000  0.000000000  0.000000000  0.000000000  0.000000000  0.000000000  0.000000000 
 0.062480086  0.250000000  0.127388366  0.004007758  0.003957329  0.000000577  0.005497629  0.002716440  0.000000143  0.000000000  0.003422460  0.000000000 
 0.089874809  0.375000000  0.255355045  0.010110741  0.009914457  0.000005139  0.011051830  0.007590177  0.000002552  0.000000000  0.008745685  0.000000000 
 0.118400784  0.500000000  0.383568661  0.018497717  0.018072265  0.000022711  0.012713676  0.015837690  0.000019884  0.000000000  0.016249406  0.000000000 
 0.125000000  0.533441542  0.417655116  0.021137958  0.020663707  0.000032042  0.012713676  0.019063694  0.000030058  0.000000000  0.018852704  0.000000000 
 0.149522902  0.625000000  0.512440789  0.029736104  0.029755914  0.000068339  0.041021182  0.033256578  0.000127127  0.000000000  0.028552017  0.000000000 
 0.180327498  0.750000000  0.641180539  0.043871592  0.045590813  0.000158868  0.066856795  0.052219257  0.000352316  0.000000000  0.043812871  0.000000000 
 0.211242420  0.875000000  0.769946731  0.060313162  0.064342270  0.000333939  0.084748638  0.076121637  0.000772487  0.000000000  0.062019107  0.000000000 
 0.243196901  1.000000000  0.898966454  0.079186139  0.086264060  0.000631475  0.088485007  0.106216156  0.001536863  0.000000000  0.083398721  0.000000000 
 0.250000000  1.027681701  0.927471870  0.083708625  0.091617965  0.000719837  0.088485007  0.114618555  0.001752457  0.000000000  0.088860243  0.000000000 
 0.278326596  1.125000000  1.028828899  0.101177772  0.112198635  0.001088788  0.140018033  0.151001650  0.002955749  0.000000000  0.121707418  0.000000000 
 0.316153327  1.250000000  1.159426991  0.126410873  0.141558533  0.001751316  0.174651531  0.195423574  0.005217728  0.000000000  0.150790280  0.000000000 
 0.357950325  1.375000000  1.291229832  0.154626544  0.174592087  0.002739568  0.185359582  0.247029584  0.008612611  0.000000000  0.183716729  0.000000000 
 0.375000000  1.422872416  1.342047740  0.166314696  0.188475705  0.003223364  0.185359582  0.269643674  0.010239137  0.000000000  0.197961378  0.004030981 
 0.406767839  1.500000000  1.425461526  0.186719314  0.212644634  0.004120519  0.239117220  0.311103359  0.013687428  0.000000000  0.232156951  0.010191500 
 0.464729851  1.625000000  1.563246122  0.223315077  0.255301472  0.006003823  0.259555935  0.380726502  0.021390916  0.000000000  0.275454401  0.018688582 
 0.500000000  1.690982034  1.638063314  0.244541937  0.280226675  0.007299804  0.259555935  0.422943656  0.026830345  0.000000000  0.301453763  0.021530161 
 0.536617727  1.750000000  1.707518179  0.265145531  0.304392525  0.008644755  0.305101933  0.465345788  0.033046078  0.000000000  0.332292011  0.030091521 
 0.625000000  1.869793354  1.856386825  0.311355699  0.357832580  0.012115389  0.305101933  0.563060008  0.050695072  0.000000000  0.388161820  0.044471911 
 0.629480301  1.875000000  1.863255759  0.313546073  0.360372478  0.012292806  0.359720884  0.567937629  0.051671596  0.000000000  0.391155266  0.061244640 
 0.687500000  1.937500000  1.948534921  0.340962433  0.392131187  0.014561697  0.387092117  0.630578084  0.064814597  0.000000000  0.425894317  0.080535012 

 0.125000000  0.037009705  0.000000000  0.000000000  0.000000000  0.000000000  0.000000000  0.000000000  0.000000000  0.000000000  0.000000000  0.000000000 
 0.250000000  0.061408171  0.127358883  0.004051370  0.003999380  0.000000601  0.000000000  0.004596655  0.000001041  0.000000000  0.003443934  0.000000000 
 0.375000000  0.088938537  0.255354669  0.010259357  0.010054960  0.000005376  0.000000000  0.012244035  0.000009963  0.000000000  0.008847044  0.002108871 
 0.500000000  0.117840375  0.383652433  0.018840196  0.018392336  0.000023914  0.000000000  0.023546114  0.000043265  0.000000000  0.016510457  0.002997874 
 0.535682125  0.125000000  0.420045760  0.021737011  0.021232921  0.000034570  0.008206621  0.027363162  0.000060987  0.000000000  0.019361747  0.003971361 
 0.625000000  0.149387205  0.512633116  0.030375844  0.030375932  0.000072777  0.008206621  0.037786984  0.000114697  0.000000000  0.029097837  0.005008030 
 0.750000000  0.180718652  0.641499945  0.044943346  0.046732919  0.000170633  0.008206621  0.056171350  0.000236577  0.000000000  0.044865519  0.005513703 
 0.875000000  0.212144045  0.770389647  0.061947346  0.066181410  0.000361292  0.008206621  0.079739400  0.000475359  0.000000000  0.063763978  0.006287177 
 1.000000000  0.244514848  0.899513111  0.081510756  0.088985026  0.000687354  0.008206621  0.108374040  0.000896453  0.000000000  0.086029133  0.007552806 
 1.022279230  0.250000000  0.922457631  0.085277329  0.093465174  0.000764812  0.026814405  0.113851997  0.000997476  0.000000000  0.090614411  0.008812505 
 1.125000000  0.279978580  1.029463574  0.104374941  0.116069362  0.001191937  0.026814405  0.138976489  0.001512795  0.000000000  0.126806688  0.009548105 
 1.250000000  0.317977696  1.160111700  0.130597111  0.146708663  0.001928334  0.026814405  0.174622306  0.002353126  0.000000000  0.157184629  0.011627857 
 1.375000000  0.359806274  1.291924559  0.159942170  0.181229412  0.003028022  0.026814405  0.218475435  0.003631733  0.000000000  0.191629185  0.013238382 
 1.418000881  0.375000000  1.337530755  0.170835729  0.194243261  0.003508816  0.048954171  0.234768264  0.004201014  0.000000000  0.205012546  0.014144645 
 1.500000000  0.408508512  1.426112219  0.193348427  0.221056282  0.004566925  0.048954171  0.265508333  0.005374217  0.000000000  0.243259487  0.017747909 
 1.625000000  0.466209386  1.563787166  0.231416151  0.265656622  0.006672032  0.048954171  0.319080686  0.007618314  0.000000000  0.288556701  0.018452937 
 1.688737039  0.500000000  1.635927417  0.252710347  0.290804714  0.008066415  0.070913958  0.350887486  0.009144596  0.000000000  0.314817741  0.022407212 
 1.750000000  0.537639413  1.707829265  0.274897242  0.316972578  0.009620151  0.070913958  0.382157661  0.010739153  0.000000000  0.348378330  0.019467789 
 1.869257463  0.625000000  1.855660975  0.322647609  0.372488173  0.013469912  0.073402913  0.451688419  0.014595032  0.000000000  0.406433588  0.000109501 
 1.875000000  0.629888573  1.863202519  0.325148220  0.375402996  0.013687173  0.073402913  0.454913661  0.014800044  0.000000000  0.409876750  0.000343408 
 1.937500000  0.687500000  1.948204439  0.353534733  0.408450156  0.016207004  0.104318497  0.491072460  0.017073244  0.000000000  0.445987382  0.000779119 

