xp yp distance tau_avg0tran tau_avg2tran tau_vartran tau_avg0carte tau_avg2carte tau_varcarte  tau_avg0 tau_avg2 tau_var

 0.125000000  0.026412809  0.000000000  0.000000000  0.000000000  0.000000000  0.000000000  0.000000000  0.000000000  0.000000000  0.000000000  0.000000000 
 0.250000000  0.048308645  0.126903222  0.004691800  0.004624531  0.000000930  0.000000000  0.005363913  0.000001424  0.000000000  0.003744201  0.000000000 
 0.375000000  0.076749377  0.255097899  0.012511461  0.012222890  0.000008551  0.000000000  0.015108383  0.000014089  0.000000000  0.010376593  0.010375376 
 0.500000000  0.109846903  0.384405463  0.024184020  0.023500263  0.000039408  0.000000000  0.030640152  0.000063617  0.000000000  0.020581678  0.020578100 
 0.562119075  0.125000000  0.448346028  0.031548817  0.030683127  0.000074971  0.008739156  0.040468797  0.000115997  0.000000000  0.027652558  0.027642408 
 0.625000000  0.146950323  0.514948035  0.040710551  0.040311530  0.000128442  0.008739156  0.051825339  0.000180100  0.000000000  0.037882241  0.037874913 
 0.750000000  0.185324820  0.645705835  0.062808044  0.064770590  0.000315241  0.008739156  0.080767471  0.000381194  0.000000000  0.061467739  0.061458312 
 0.875000000  0.223422332  0.776382613  0.089720873  0.094794982  0.000691029  0.008739156  0.119050245  0.000822424  0.000000000  0.090805756  0.090795096 
 0.967259582  0.250000000  0.872394086  0.112688900  0.120793084  0.001140109  0.017646906  0.152860847  0.001406943  0.000000000  0.116783773  0.116784287 
 1.000000000  0.261597386  0.907127849  0.121886147  0.131214818  0.001331006  0.017646906  0.164659901  0.001646354  0.000000000  0.132375963  0.132353573 
 1.125000000  0.301113067  1.038225100  0.160697297  0.174687749  0.002264763  0.017646906  0.216271456  0.002850425  0.000000000  0.175469977  0.175448478 
 1.250000000  0.341320562  1.169532535  0.204865209  0.224063630  0.003722947  0.017646906  0.283653478  0.005047686  0.000000000  0.224935422  0.224917431 
 1.352872964  0.375000000  1.277778326  0.245259128  0.269587199  0.005398772  0.026899424  0.346585236  0.007912362  0.000000000  0.271103246  0.271121578 
 1.375000000  0.383373858  1.301436881  0.254706756  0.280269874  0.005796841  0.026899424  0.358584121  0.008618425  0.000000000  0.287006075  0.286972828 
 1.500000000  0.430675152  1.435087218  0.312255668  0.344642057  0.008416095  0.026899424  0.434276738  0.013602769  0.000000000  0.352231415  0.352204048 
 1.625000000  0.484900706  1.571342165  0.376646322  0.416234019  0.012199655  0.026899424  0.535342523  0.021440947  0.000000000  0.425895629  0.425876522 
 1.656728562  0.500000000  1.606480326  0.394170188  0.436057322  0.013371261  0.081412184  0.561741130  0.023949841  0.000000000  0.446945396  0.446955157 
 1.750000000  0.550584557  1.712585738  0.449368548  0.498378781  0.017238879  0.081412184  0.642908611  0.032366336  0.000000000  0.529993165  0.529987075 
 1.861670483  0.625000000  1.846779460  0.522793865  0.579916469  0.023265981  0.090755231  0.753338639  0.045775451  0.000000000  0.616702775  0.616708719 
 1.875000000  0.634895634  1.863380652  0.532034194  0.590267758  0.024081610  0.090755231  0.765989083  0.047588384  0.000000000  0.628964199  0.628964670 
 1.937500000  0.687500000  1.945071957  0.577331723  0.641232296  0.028212588  0.139393859  0.827462784  0.056693399  0.000000000  0.685192222  0.685190197 

 0.050641024  0.125000000  0.000000000  0.000000000  0.000000000  0.000000000  0.000000000  0.000000000  0.000000000  0.000000000  0.000000000  0.000000000 
 0.076474372  0.250000000  0.127641537  0.003517073  0.003486579  0.000000324  0.004196875  0.002462092  0.000000154  0.000000000  0.003169839  0.000000000 
 0.101379288  0.375000000  0.255098411  0.008484821  0.008381248  0.000002663  0.007911716  0.006584873  0.000001971  0.000000000  0.007625383  0.007627120 
 0.124762507  0.500000000  0.382266705  0.014849287  0.014655997  0.000010574  0.007970326  0.013243968  0.000012513  0.000000000  0.013453425  0.013457333 
 0.125000000  0.501511481  0.383796730  0.014934740  0.014740776  0.000010730  0.007970326  0.013242818  0.000012694  0.000000000  0.013539379  0.013543481 
 0.150909019  0.625000000  0.509973953  0.023150987  0.023264049  0.000026093  0.035284145  0.015267502  0.000082416  0.000000000  0.022950245  0.022958633 
 0.175480551  0.750000000  0.637366104  0.033101574  0.033924301  0.000052586  0.060482340  0.029494239  0.000202782  0.000000000  0.033267238  0.033282921 
 0.200345817  0.875000000  0.764815237  0.044153882  0.045862705  0.000098546  0.079675878  0.046025871  0.000376621  0.000000000  0.044821581  0.044846009 
 0.227221331  1.000000000  0.892671771  0.056447140  0.059262886  0.000169552  0.089161932  0.065107147  0.000634922  0.000000000  0.057771254  0.057805746 
 0.250000000  1.095461220  0.990813059  0.066801140  0.070628904  0.000246606  0.089161932  0.081739075  0.000896876  0.000000000  0.068898818  0.068934337 
 0.258357182  1.125000000  1.021511300  0.070306290  0.074463132  0.000271346  0.134077665  0.087842240  0.001001678  0.000000000  0.074833056  0.074886140 
 0.294519912  1.250000000  1.151637173  0.086333804  0.091828576  0.000391316  0.165641978  0.113171267  0.001509626  0.000000000  0.091956747  0.092023521 
 0.335729542  1.375000000  1.283254929  0.103938408  0.110869353  0.000573100  0.180899409  0.140054120  0.002177796  0.000000000  0.110751864  0.110833133 
 0.375000000  1.475848945  1.391480058  0.119692868  0.127989761  0.000774248  0.180899409  0.164082817  0.002900057  0.000000000  0.127776516  0.127864295 
 0.385940310  1.500000000  1.417993524  0.123784572  0.132435050  0.000826324  0.220723240  0.170428140  0.003101055  0.000000000  0.133486696  0.133587417 
 0.447120704  1.625000000  1.557162631  0.146529817  0.156818806  0.001142437  0.238608368  0.203999543  0.004295797  0.000000000  0.158163612  0.158282391 
 0.500000000  1.715001695  1.661549053  0.164818139  0.176415326  0.001458716  0.238608368  0.232020373  0.005573956  0.000000000  0.178298098  0.178427566 
 0.524396902  1.750000000  1.704211568  0.172651133  0.184818383  0.001601486  0.269067210  0.244241291  0.006186829  0.000000000  0.188379722  0.188520842 
 0.624401065  1.875000000  1.864292275  0.203285590  0.217286241  0.002244717  0.269238971  0.292037547  0.009052847  0.000000000  0.222336261  0.222500550 
 0.625000000  1.875669902  1.865190880  0.203463895  0.217480709  0.002248782  0.269238971  0.292191895  0.009073716  0.000000000  0.222553415  0.222716921 
 0.687500000  1.937500000  1.953106812  0.221298080  0.236976381  0.002658701  0.285964991  0.308037389  0.011348644  0.000000000  0.245453567  0.000000000 

