xp yp distance tau_avg0tran tau_avg2tran tau_vartran tau_avg0carte tau_avg2carte tau_varcarte  tau_avg0 tau_avg2 tau_var

 0.125000000  0.027312455  0.000000000  0.000000000  0.000000000  0.000000000  0.000000000  0.000000000  0.000000000  0.000000000  0.000000000  0.000000000 
 0.250000000  0.049602472  0.126971827  0.004643814  0.004574524  0.000000922  0.000000000  0.005322657  0.000001451  0.000000000  0.003725068  0.000000000 
 0.375000000  0.078170591  0.255194826  0.012331383  0.012031819  0.000008579  0.000000000  0.014963179  0.000014654  0.000000000  0.010263565  0.010252869 
 0.500000000  0.111005413  0.384435398  0.023726298  0.023006634  0.000040164  0.000000000  0.030293419  0.000067689  0.000000000  0.020250497  0.020219291 
 0.558504597  0.125000000  0.444590501  0.030438594  0.029534902  0.000074511  0.008909866  0.039368563  0.000120441  0.000000000  0.026721295  0.026634332 
 0.625000000  0.147682948  0.514848274  0.039795906  0.039428206  0.000133893  0.008909866  0.051142004  0.000196285  0.000000000  0.037204368  0.037140546 
 0.750000000  0.185352848  0.645401027  0.061160874  0.063458372  0.000336956  0.008909866  0.079564761  0.000433613  0.000000000  0.060484978  0.060374214 
 0.875000000  0.222678500  0.775854867  0.087042368  0.093030835  0.000755654  0.008909866  0.117011443  0.000943477  0.000000000  0.089510988  0.089338850 
 0.970993296  0.250000000  0.875660564  0.110001843  0.119813250  0.001295046  0.016474911  0.151511491  0.001633723  0.000000000  0.116329403  0.116202365 
 1.000000000  0.260140015  0.906388545  0.117818800  0.128949241  0.001496148  0.016474911  0.161613191  0.001877728  0.000000000  0.129753485  0.129415727 
 1.125000000  0.299147461  1.037333498  0.154934444  0.171966855  0.002633365  0.016474911  0.211028968  0.003241043  0.000000000  0.172532396  0.172102695 
 1.250000000  0.339003571  1.168533763  0.197043267  0.221032673  0.004458842  0.016474911  0.276120739  0.005599492  0.000000000  0.221781799  0.221247368 
 1.359425335  0.375000000  1.283727716  0.238079654  0.269430792  0.006769532  0.022691507  0.341425713  0.008784484  0.000000000  0.270775074  0.270416319 
 1.375000000  0.380924186  1.300391035  0.244428939  0.276942897  0.007146175  0.022691507  0.349102532  0.009296530  0.000000000  0.281798457  0.280969244 
 1.500000000  0.428366484  1.434091340  0.299185266  0.341159777  0.010746250  0.022691507  0.417332752  0.014243189  0.000000000  0.346798907  0.345830105 
 1.625000000  0.482920307  1.570477261  0.360405681  0.412804161  0.015974611  0.022691507  0.515145607  0.021800447  0.000000000  0.420308502  0.419182710 
 1.660468558  0.500000000  1.609843929  0.379069360  0.435028806  0.017802710  0.072616232  0.544175853  0.024502803  0.000000000  0.443763295  0.442817868 
 1.750000000  0.549217681  1.712011728  0.429609247  0.494999745  0.023080817  0.072616232  0.620813195  0.032142840  0.000000000  0.524037977  0.522638401 
 1.862590307  0.625000000  1.847730324  0.500195431  0.577330136  0.031671966  0.080922419  0.730265994  0.044593330  0.000000000  0.610926392  0.609396343 
 1.875000000  0.634359159  1.863273629  0.508430675  0.586979872  0.032745069  0.080922419  0.742458931  0.046118164  0.000000000  0.622488930  0.620865808 
 1.937500000  0.687500000  1.945311419  0.551799337  0.637794340  0.038540939  0.127548223  0.805666877  0.054205687  0.000000000  0.678050857  0.000000000 

 0.050190453  0.125000000  0.000000000  0.000000000  0.000000000  0.000000000  0.000000000  0.000000000  0.000000000  0.000000000  0.000000000  0.000000000 
 0.076102344  0.250000000  0.127657456  0.003540115  0.003507877  0.000000340  0.004223489  0.002474030  0.000000155  0.000000000  0.003183683  0.000000000 
 0.101180487  0.375000000  0.255148292  0.008556355  0.008446301  0.000002821  0.007971360  0.006624186  0.000001994  0.000000000  0.007679400  0.000000000 
 0.124748603  0.500000000  0.382350714  0.014998062  0.014791930  0.000011306  0.008033613  0.013338507  0.000012770  0.000000000  0.013575136  0.000000000 
 0.125000000  0.501590333  0.383960794  0.015089154  0.014882258  0.000011484  0.008033613  0.013343858  0.000012967  0.000000000  0.013666774  0.000000000 
 0.151090694  0.625000000  0.510098300  0.023416941  0.023547987  0.000028515  0.035437430  0.016093046  0.000084862  0.000000000  0.023212033  0.000000000 
 0.175813647  0.750000000  0.637519744  0.033518502  0.034434065  0.000058572  0.060748634  0.030515276  0.000209637  0.000000000  0.033749865  0.000000000 
 0.200782387  0.875000000  0.764989105  0.044745911  0.046641408  0.000110792  0.080008432  0.047338627  0.000392710  0.000000000  0.045568695  0.000000000 
 0.227720573  1.000000000  0.892858827  0.057236924  0.060350555  0.000191605  0.089423341  0.066851343  0.000669027  0.000000000  0.058822592  0.000000000 
 0.250000000  1.093447027  0.988925052  0.067525345  0.071722695  0.000277092  0.089423341  0.083551985  0.000946014  0.000000000  0.069969871  0.000000000 
 0.258922894  1.125000000  1.021715419  0.071327175  0.075911095  0.000307660  0.134871468  0.090240233  0.001067882  0.000000000  0.076455515  0.000000000 
 0.295077471  1.250000000  1.151839027  0.087616253  0.093688658  0.000448601  0.166771548  0.116226805  0.001625886  0.000000000  0.093993065  0.000000000 
 0.336248824  1.375000000  1.283444804  0.105500780  0.113168904  0.000658761  0.182095278  0.143944721  0.002371726  0.000000000  0.113226557  0.000000000 
 0.375000000  1.474738049  1.390446356  0.121314577  0.130470101  0.000886609  0.182095278  0.168554670  0.003179326  0.000000000  0.130439432  0.000000000 
 0.386416767  1.500000000  1.418168345  0.125658238  0.135221230  0.000949640  0.222475705  0.175408112  0.003418080  0.000000000  0.136553738  0.000000000 
 0.447497167  1.625000000  1.557293524  0.148752019  0.160147619  0.001316758  0.240547199  0.210059767  0.004782184  0.000000000  0.161777327  0.000000000 
 0.500000000  1.714551985  1.661101546  0.167215642  0.180059437  0.001677521  0.240547199  0.239139340  0.006251947  0.000000000  0.182231030  0.000000000 
 0.524654618  1.750000000  1.704280383  0.175264444  0.188749854  0.001843838  0.271457666  0.252009652  0.006970683  0.000000000  0.192670788  0.000000000 
 0.624481392  1.875000000  1.864250333  0.206351194  0.221912271  0.002582263  0.271608868  0.301778952  0.010294184  0.000000000  0.227329238  0.000000000 
 0.625000000  1.875581024  1.865029141  0.206508081  0.222084402  0.002586297  0.271608868  0.302033451  0.010315360  0.000000000  0.227521330  0.000000000 
 0.687500000  1.937500000  1.953007602  0.224627145  0.242010311  0.003057770  0.288606159  0.332345043  0.012985912  0.000000000  0.250943834  0.000000000 

