xp yp distance tau_avg0tran tau_avg2tran tau_vartran tau_avg0carte tau_avg2carte tau_varcarte  tau_avg0 tau_avg2 tau_var

 0.125000000  0.026878342  0.000000000  0.000000000  0.000000000  0.000000000  0.000000000  0.000000000  0.000000000  0.000000000  0.000000000  0.000000000 
 0.250000000  0.048980066  0.126938908  0.004666812  0.004598375  0.000000927  0.000000000  0.005343044  0.000001441  0.000000000  0.003734263  0.000000000 
 0.375000000  0.077489550  0.255148855  0.012417533  0.012122465  0.000008583  0.000000000  0.015036196  0.000014427  0.000000000  0.010317690  0.012414252 
 0.500000000  0.110452967  0.384422158  0.023944881  0.023239603  0.000039920  0.000000000  0.030470770  0.000066039  0.000000000  0.020408767  0.023936543 
 0.560243731  0.125000000  0.446397341  0.030966280  0.030076407  0.000075028  0.008830096  0.039910973  0.000119010  0.000000000  0.027164390  0.030946071 
 0.625000000  0.147335609  0.514897369  0.040231867  0.039846492  0.000131874  0.008830096  0.051495055  0.000189748  0.000000000  0.037528217  0.040215211 
 0.750000000  0.185343681  0.645548100  0.061944916  0.064097679  0.000328584  0.008830096  0.080190721  0.000412282  0.000000000  0.060976628  0.061914925 
 0.875000000  0.223038822  0.776108138  0.088315707  0.093916655  0.000730498  0.008830096  0.118071264  0.000894733  0.000000000  0.090191386  0.088266947 
 0.969179631  0.250000000  0.874070927  0.111277729  0.120354793  0.001231447  0.017032681  0.152271188  0.001539929  0.000000000  0.116646885  0.111228830 
 1.000000000  0.260842271  0.906742780  0.119750192  0.130125316  0.001431557  0.017032681  0.163203737  0.001785711  0.000000000  0.131115794  0.119676159 
 1.125000000  0.300091274  1.037759895  0.157667994  0.173429381  0.002488368  0.017032681  0.213754126  0.003087743  0.000000000  0.174125057  0.157563116 
 1.250000000  0.340115126  1.169011213  0.200750627  0.222741671  0.004168857  0.017032681  0.280003009  0.005389650  0.000000000  0.223586406  0.200608290 
 1.356287424  0.375000000  1.280877075  0.241497673  0.269869433  0.006208022  0.024670097  0.344270894  0.008441227  0.000000000  0.271341161  0.241366976 
 1.375000000  0.382100341  1.300891453  0.249296982  0.278919504  0.006614116  0.024670097  0.354009158  0.009051636  0.000000000  0.284709072  0.249109973 
 1.500000000  0.429473107  1.434567102  0.305371965  0.343362236  0.009825198  0.024670097  0.426287279  0.014039845  0.000000000  0.349971250  0.305134168 
 1.625000000  0.483870179  1.570890399  0.368090232  0.415167184  0.014481923  0.024670097  0.525784549  0.021758155  0.000000000  0.423739260  0.367794773 
 1.658685698  0.500000000  1.608238725  0.386231406  0.436300636  0.016022422  0.076747572  0.553623701  0.024380716  0.000000000  0.446102778  0.385956618 
 1.750000000  0.549873198  1.712285048  0.438956382  0.497547730  0.020769025  0.076747572  0.632555551  0.032405707  0.000000000  0.527960507  0.438596924 
 1.862151745  0.625000000  1.847274123  0.510889226  0.579702901  0.028331776  0.085539308  0.742680048  0.045328017  0.000000000  0.614951673  0.510478110 
 1.875000000  0.634617033  1.863322954  0.519595445  0.589709734  0.029313122  0.085539308  0.755137522  0.046986530  0.000000000  0.626885975  0.519166063 
 1.937500000  0.687500000  1.945193940  0.563876665  0.640698203  0.034444785  0.133117818  0.817693119  0.055546251  0.000000000  0.682852648  0.563412197 

 0.050407576  0.125000000  0.000000000  0.000000000  0.000000000  0.000000000  0.000000000  0.000000000  0.000000000  0.000000000  0.000000000  0.000000000 
 0.076281836  0.250000000  0.127649823  0.003528975  0.003497556  0.000000333  0.004210620  0.002468271  0.000000154  0.000000000  0.003176997  0.000000000 
 0.101276427  0.375000000  0.255124250  0.008521749  0.008414747  0.000002747  0.007942517  0.006605071  0.000001983  0.000000000  0.007653274  0.007654259 
 0.124755232  0.500000000  0.382310155  0.014926048  0.014725979  0.000010963  0.008003028  0.013292461  0.000012645  0.000000000  0.013516227  0.013518447 
 0.125000000  0.501552910  0.383882237  0.015014438  0.014813648  0.000011130  0.008003028  0.013294572  0.000012834  0.000000000  0.013605141  0.013607463 
 0.151002767  0.625000000  0.510038203  0.023288123  0.023410872  0.000027377  0.035363070  0.015691829  0.000083679  0.000000000  0.023085189  0.023089965 
 0.175652600  0.750000000  0.637445480  0.033316480  0.034188836  0.000055757  0.060619516  0.030019800  0.000206331  0.000000000  0.033517293  0.033526033 
 0.200571449  0.875000000  0.764905078  0.044458987  0.046267476  0.000105028  0.079847384  0.046702780  0.000384978  0.000000000  0.045209549  0.045223033 
 0.227479486  1.000000000  0.892768452  0.056854122  0.059828785  0.000181218  0.089297120  0.066008833  0.000652693  0.000000000  0.058317877  0.058336817 
 0.250000000  1.094419811  0.989836852  0.067174771  0.071200498  0.000262811  0.089297120  0.082681238  0.000922724  0.000000000  0.069458162  0.069477378 
 0.258649756  1.125000000  1.021616818  0.070832294  0.075216800  0.000290548  0.134487292  0.089085233  0.001036277  0.000000000  0.075675581  0.075704830 
 0.294808326  1.250000000  1.151741535  0.086994535  0.092797174  0.000421604  0.166224884  0.114758610  0.001570499  0.000000000  0.093015071  0.093051740 
 0.335998184  1.375000000  1.283353102  0.104743347  0.112067123  0.000618380  0.181516857  0.142080561  0.002279577  0.000000000  0.112038738  0.112083269 
 0.375000000  1.475274926  1.390945864  0.120528786  0.129283791  0.000833751  0.181516857  0.166421855  0.003047345  0.000000000  0.129163414  0.129211263 
 0.386186769  1.500000000  1.418083902  0.124749891  0.133886492  0.000891495  0.221627607  0.173029696  0.003267896  0.000000000  0.135081520  0.135136703 
 0.447315396  1.625000000  1.557230260  0.147674717  0.158553229  0.001234565  0.239608993  0.207171101  0.004552279  0.000000000  0.160043359  0.160108353 
 0.500000000  1.714769473  1.661317847  0.166053623  0.178315199  0.001574437  0.239608993  0.235757478  0.005932384  0.000000000  0.180345181  0.180415877 
 0.524530111  1.750000000  1.704247049  0.173997582  0.186867016  0.001729566  0.270300623  0.248319054  0.006601007  0.000000000  0.190612268  0.190689426 
 0.624442515  1.875000000  1.864270449  0.204865158  0.219697214  0.002423124  0.270461868  0.297161978  0.009709786  0.000000000  0.224934574  0.225024341 
 0.625000000  1.875624077  1.865107265  0.205032505  0.219880320  0.002427199  0.270461868  0.297371760  0.009730982  0.000000000  0.225138972  0.225228281 
 0.687500000  1.937500000  1.953055431  0.223013482  0.239600095  0.002869652  0.287327666  0.320576818  0.012215720  0.000000000  0.248311334  0.248410021 

