xp yp distance tau_avg0tran tau_avg2tran tau_vartran tau_avg0carte tau_avg2carte tau_varcarte  tau_avg0 tau_avg2 tau_var

 0.125000000  0.027769014  0.000000000  0.000000000  0.000000000  0.000000000  0.000000000  0.000000000  0.000000000  0.000000000  0.000000000  0.000000000 
 0.250000000  0.050253321  0.127006079  0.004619945  0.004550413  0.000000911  0.000000000  0.005298058  0.000001448  0.000000000  0.003715477  0.000000000 
 0.375000000  0.078877671  0.255241618  0.012242264  0.011942130  0.000008488  0.000000000  0.014867931  0.000014668  0.000000000  0.010207474  0.011919367 
 0.500000000  0.111573879  0.384447043  0.023500926  0.022780319  0.000039830  0.000000000  0.030046380  0.000067948  0.000000000  0.020087095  0.022723354 
 0.556684040  0.125000000  0.442699435  0.029899043  0.029000952  0.000072678  0.008989003  0.038715635  0.000118978  0.000000000  0.026267355  0.028865918 
 0.625000000  0.148036693  0.514794925  0.039347983  0.039006799  0.000133163  0.008989003  0.050634131  0.000197401  0.000000000  0.036870296  0.038899096 
 0.750000000  0.185354796  0.645246604  0.060357339  0.062725030  0.000336312  0.008989003  0.078648399  0.000438887  0.000000000  0.059870717  0.062528576 
 0.875000000  0.222298022  0.775591539  0.085740408  0.091890604  0.000756104  0.008989003  0.115467441  0.000953770  0.000000000  0.088515683  0.091574201 
 0.972919994  0.250000000  0.877354620  0.108699106  0.118855129  0.001311697  0.015904684  0.150102836  0.001662682  0.000000000  0.115502744  0.118568022 
 1.000000000  0.259404919  0.906021313  0.115848109  0.127268699  0.001501920  0.015904684  0.159266806  0.001892274  0.000000000  0.127814681  0.126789482 
 1.125000000  0.298165821  1.036893034  0.152150676  0.169671123  0.002654622  0.015904684  0.207099906  0.003254591  0.000000000  0.169998392  0.169002210 
 1.250000000  0.337849491  1.168041018  0.193273191  0.218036397  0.004510665  0.015904684  0.270672939  0.005580518  0.000000000  0.218545438  0.217143481 
 1.362672277  0.375000000  1.286679976  0.234572992  0.267235657  0.006948260  0.020712791  0.336608172  0.008801982  0.000000000  0.268277002  0.266494381 
 1.375000000  0.379701183  1.299873682  0.239484651  0.273105085  0.007255113  0.020712791  0.342116339  0.009198405  0.000000000  0.276839796  0.271940489 
 1.500000000  0.427219394  1.433600943  0.292908787  0.336419128  0.010958443  0.020712791  0.403983522  0.013972818  0.000000000  0.340895271  0.334957037 
 1.625000000  0.481934767  1.570051565  0.352614554  0.407079079  0.016337129  0.020712791  0.499457785  0.021213976  0.000000000  0.413324081  0.405283813 
 1.662297222  0.500000000  1.611493517  0.371774659  0.430148141  0.018320018  0.068490712  0.529428739  0.023940174  0.000000000  0.437625076  0.428538045 
 1.750000000  0.548537658  1.711731641  0.420136510  0.488151429  0.023668682  0.068490712  0.603070462  0.031086241  0.000000000  0.515194637  0.485976121 
 1.863040340  0.625000000  1.848203646  0.489350182  0.569744734  0.032575970  0.076314584  0.710869451  0.042932967  0.000000000  0.601127233  0.567288676 
 1.875000000  0.634090521  1.863225997  0.497117000  0.578934118  0.033645624  0.076314584  0.722544422  0.044319818  0.000000000  0.612158330  0.576351807 
 1.937500000  0.687500000  1.945438055  0.539560230  0.629098567  0.039634231  0.121973474  0.785254803  0.051917069  0.000000000  0.666901858  0.000000000 

 0.049962403  0.125000000  0.000000000  0.000000000  0.000000000  0.000000000  0.000000000  0.000000000  0.000000000  0.000000000  0.000000000  0.000000000 
 0.075913165  0.250000000  0.127665352  0.003551872  0.003518950  0.000000346  0.004237127  0.002480041  0.000000155  0.000000000  0.003190722  0.000000000 
 0.101078998  0.375000000  0.255173466  0.008592925  0.008480301  0.000002881  0.008001960  0.006644863  0.000002005  0.000000000  0.007706992  0.000000000 
 0.124741210  0.500000000  0.382393355  0.015074248  0.014862960  0.000011588  0.008066155  0.013388457  0.000012900  0.000000000  0.013637442  0.000000000 
 0.125000000  0.501632105  0.384045850  0.015168357  0.014956260  0.000011775  0.008066155  0.013398233  0.000013105  0.000000000  0.013732120  0.000000000 
 0.151183105  0.625000000  0.510161640  0.023553384  0.023690159  0.000029440  0.035516733  0.016600851  0.000086056  0.000000000  0.023346421  0.000000000 
 0.175983199  0.750000000  0.637598074  0.033732668  0.034680605  0.000060841  0.060886002  0.031118277  0.000212900  0.000000000  0.033986094  0.000000000 
 0.201004477  0.875000000  0.765077736  0.045050228  0.047011688  0.000115435  0.080179322  0.048081101  0.000400131  0.000000000  0.045926446  0.000000000 
 0.227974322  1.000000000  0.892954132  0.057643044  0.060862793  0.000199979  0.089556635  0.067793015  0.000684261  0.000000000  0.059319974  0.000000000 
 0.250000000  1.092422511  0.987964926  0.067896449  0.072221370  0.000288275  0.089556635  0.084494994  0.000966485  0.000000000  0.070460562  0.000000000 
 0.259210431  1.125000000  1.021819392  0.071852371  0.076589440  0.000321428  0.135278164  0.091478191  0.001096502  0.000000000  0.077228300  0.000000000 
 0.295360781  1.250000000  1.151941826  0.088276170  0.094555746  0.000470231  0.167350086  0.117755800  0.001675152  0.000000000  0.094955570  0.000000000 
 0.336512672  1.375000000  1.283541514  0.106304810  0.114237682  0.000691121  0.182706725  0.145829066  0.002451850  0.000000000  0.114390573  0.000000000 
 0.375000000  1.474171392  1.389919329  0.122147882  0.131609043  0.000928529  0.182706725  0.170640867  0.003290190  0.000000000  0.131677876  0.000000000 
 0.386658999  1.500000000  1.418257452  0.126622507  0.136514217  0.000996250  0.223373088  0.177739002  0.003545288  0.000000000  0.137995793  0.000000000 
 0.447688725  1.625000000  1.557360391  0.149895653  0.161689753  0.001382549  0.241539732  0.212836333  0.004973238  0.000000000  0.163471731  0.000000000 
 0.500000000  1.714322036  1.660873171  0.168448659  0.181740068  0.001759720  0.241539732  0.242303282  0.006512122  0.000000000  0.184066952  0.000000000 
 0.524786006  1.750000000  1.704315814  0.176609256  0.190569764  0.001935323  0.272682303  0.255450233  0.007271643  0.000000000  0.194679465  0.000000000 
 0.624522584  1.875000000  1.864229493  0.207928525  0.224051043  0.002709614  0.272822670  0.305986558  0.010762621  0.000000000  0.229663763  0.000000000 
 0.625000000  1.875535327  1.864946781  0.208074133  0.224211108  0.002713507  0.272822670  0.306263367  0.010783165  0.000000000  0.229842356  0.000000000 
 0.687500000  1.937500000  1.952957409  0.226339786  0.244337376  0.003208220  0.289959548  0.342108895  0.013598446  0.000000000  0.253506647  0.000000000 

