xp yp distance tau_avg0tran tau_avg2tran tau_vartran tau_avg0carte tau_avg2carte tau_varcarte  tau_avg0 tau_avg2 tau_var

 0.047283657  0.125000000  0.000000000  0.000000000  0.000000000  0.000000000  0.000000000  0.000000000  0.000000000  0.000000000  0.000000000  0.000000000 
 0.073455454  0.250000000  0.127710465  0.003677931  0.003639312  0.000000400  0.004432149  0.002544552  0.000000152  0.000000000  0.003263285  0.000000000 
 0.099511101  0.375000000  0.255397179  0.008991866  0.008856390  0.000003403  0.008451102  0.006879678  0.000002130  0.000000000  0.008001315  0.795338991 
 0.124289010  0.500000000  0.382829297  0.015921669  0.015661349  0.000014088  0.008629969  0.013959896  0.000014350  0.000000000  0.014319437  0.993897930 
 0.125000000  0.504308368  0.387195936  0.016189354  0.015926239  0.000014711  0.008629969  0.014210354  0.000015003  0.000000000  0.014588552  1.000000000 
 0.151856569  0.625000000  0.510839559  0.025072380  0.025233127  0.000037736  0.036478211  0.026029337  0.000097809  0.000000000  0.024793280  0.214723025 
 0.177684056  0.750000000  0.638479909  0.036142514  0.037326903  0.000081201  0.062306654  0.041551765  0.000245938  0.000000000  0.036500961  0.421738280 
 0.203514321  0.875000000  0.766120822  0.048520825  0.051001480  0.000157989  0.081749571  0.059986702  0.000476491  0.000000000  0.049754716  0.628775723 
 0.231063928  1.000000000  0.894120747  0.062336408  0.066432089  0.000278599  0.090453897  0.081790078  0.000841950  0.000000000  0.064700003  0.849516784 
 0.250000000  1.079562767  0.975905885  0.071969960  0.077281676  0.000385593  0.090453897  0.097806466  0.001153824  0.000000000  0.075419557  1.000000000 
 0.262841021  1.125000000  1.023122767  0.077999545  0.084049356  0.000453001  0.138829886  0.108716708  0.001395014  0.000000000  0.085985178  0.104005462 
 0.299028383  1.250000000  1.153255488  0.096059271  0.104134896  0.000679332  0.172547410  0.138183383  0.002197546  0.000000000  0.105831026  0.393591596 
 0.340063824  1.375000000  1.284818809  0.115881249  0.126157809  0.001009892  0.187991195  0.170100422  0.003304317  0.000000000  0.127608547  0.721932749 
 0.375000000  1.466335877  1.382608271  0.131839339  0.143977761  0.001331320  0.187991195  0.196193888  0.004405077  0.000000000  0.145420136  1.000000000 
 0.389958945  1.500000000  1.419446338  0.138214912  0.151093363  0.001463301  0.231876918  0.206753074  0.004885571  0.000000000  0.154702058  0.121014814 
 0.450360822  1.625000000  1.558274962  0.163750585  0.179215684  0.002050567  0.251040622  0.246967210  0.007000282  0.000000000  0.183165871  0.604016720 
 0.500000000  1.711004913  1.657576992  0.183282262  0.200717191  0.002591131  0.251040622  0.279849543  0.009197702  0.000000000  0.205275970  1.000000000 
 0.526638929  1.750000000  1.704802508  0.193017677  0.211443953  0.002877705  0.284978730  0.296441603  0.010432534  0.000000000  0.218270054  0.213901800 
 0.625000000  1.874795427  1.863701214  0.227204514  0.248653612  0.004031441  0.284978730  0.355145186  0.015660230  0.000000000  0.257097714  1.000000000 
 0.625196425  1.875000000  1.863984821  0.227267760  0.248722755  0.004033765  0.323465081  0.355258955  0.015671527  0.000000000  0.257177481  0.001922123 
 0.687500000  1.937500000  1.952234384  0.247368665  0.270748630  0.004791232  0.342351931  0.390865657  0.019321768  0.000000000  0.281592202  0.000000000 

 0.125000000  0.032060306  0.000000000  0.000000000  0.000000000  0.000000000  0.000000000  0.000000000  0.000000000  0.000000000  0.000000000  0.000000000 
 0.250000000  0.056104345  0.127291460  0.004398261  0.004332779  0.000000770  0.000000000  0.005038280  0.000001308  0.000000000  0.003621699  0.000000000 
 0.375000000  0.084918306  0.255569456  0.011433991  0.011163783  0.000007096  0.000000000  0.013839116  0.000013017  0.000000000  0.009686429  0.320276405 
 0.500000000  0.116137936  0.384409145  0.021506788  0.020887670  0.000032860  0.000000000  0.027351834  0.000058894  0.000000000  0.018618081  0.070726027 
 0.540868856  0.125000000  0.426227795  0.025490874  0.024775160  0.000050830  0.009411005  0.032702348  0.000088155  0.000000000  0.022527216  0.000000000 
 0.625000000  0.150584537  0.514163101  0.035454072  0.035363124  0.000107066  0.009411005  0.045129306  0.000164733  0.000000000  0.033838778  0.795422408 
 0.750000000  0.184816653  0.643765716  0.053481586  0.055801224  0.000265555  0.009411005  0.068782665  0.000359918  0.000000000  0.053660410  0.521838765 
 0.875000000  0.218548421  0.773237072  0.074783593  0.080451984  0.000583604  0.009411005  0.099182683  0.000754168  0.000000000  0.077788596  0.252199883 
 0.991971290  0.250000000  0.894362976  0.097739575  0.107591395  0.001095386  0.011112014  0.133638059  0.001404561  0.000000000  0.104572417  0.000000000 
 1.000000000  0.252642253  0.902815294  0.099504634  0.109681869  0.001138137  0.011112014  0.134770581  0.001456000  0.000000000  0.107616156  0.979644551 
 1.125000000  0.289498301  1.033135547  0.129327426  0.144799096  0.001974007  0.011112014  0.155250851  0.002404939  0.000000000  0.142456856  0.684895991 
 1.250000000  0.327841947  1.163884295  0.162676460  0.184382420  0.003306121  0.011112014  0.204834485  0.003941892  0.000000000  0.182009047  0.378177159 
 1.375000000  0.369291549  1.295577384  0.199851654  0.229032194  0.005264027  0.011112014  0.262618267  0.006264268  0.000000000  0.226680098  0.046543443 
 1.391837340  0.375000000  1.313356091  0.205176476  0.235546447  0.005585729  0.047434078  0.270819516  0.006652250  0.000000000  0.233431358  0.000000000 
 1.500000000  0.417388409  1.429528111  0.242250993  0.280700207  0.008002743  0.047434078  0.324290279  0.009405580  0.000000000  0.299930338  0.661717203 
 1.625000000  0.473489891  1.566540432  0.290192520  0.338019139  0.011777430  0.047434078  0.395563190  0.013578600  0.000000000  0.358265323  0.212757045 
 1.677129106  0.500000000  1.625023161  0.311890537  0.364213818  0.013767675  0.079795799  0.428830433  0.015820374  0.000000000  0.385685678  0.000000000 
 1.750000000  0.542701483  1.709483708  0.344633403  0.403650185  0.016981498  0.079795799  0.476989530  0.019252905  0.000000000  0.437178563  0.658860511 
 1.866681708  0.625000000  1.852269095  0.402721122  0.472526179  0.023560119  0.084248407  0.564790283  0.026113130  0.000000000  0.509233894  0.000000000 
 1.875000000  0.631752419  1.862983065  0.407189228  0.477835764  0.024103215  0.084248407  0.571325474  0.026652795  0.000000000  0.515569103  0.946156105 
 1.937500000  0.687500000  1.946732947  0.442292271  0.519472390  0.028470181  0.122212113  0.621787609  0.030835747  0.000000000  0.560926256  0.000000000 

