xp yp distance tau_avg0tran tau_avg2tran tau_vartran tau_avg0carte tau_avg2carte tau_varcarte  tau_avg0 tau_avg2 tau_var

 0.047906473  0.125000000  0.000000000  0.000000000  0.000000000  0.000000000  0.000000000  0.000000000  0.000000000  0.000000000  0.000000000  0.000000000 
 0.074144312  0.250000000  0.127724016  0.003657708  0.003620026  0.000000389  0.004370348  0.002533754  0.000000152  0.000000000  0.003253047  0.000000000 
 0.100072695  0.375000000  0.255384820  0.008924954  0.008793817  0.000003297  0.008304375  0.006838521  0.000002111  0.000000000  0.007955835  0.000000000 
 0.124592972  0.500000000  0.382767095  0.015771726  0.015522054  0.000013561  0.008406883  0.013860839  0.000014116  0.000000000  0.014205444  0.000000000 
 0.125000000  0.502495380  0.385295453  0.015924497  0.015673313  0.000013904  0.008406883  0.013959252  0.000014479  0.000000000  0.014359179  0.978716762 
 0.151943075  0.625000000  0.510727950  0.024808424  0.024970983  0.000035928  0.036281509  0.022837633  0.000096696  0.000000000  0.024575271  0.000000000 
 0.177470804  0.750000000  0.638307983  0.035713909  0.036853628  0.000076727  0.062157004  0.038203019  0.000241718  0.000000000  0.036083696  0.000000000 
 0.203001855  0.875000000  0.765888681  0.047878516  0.050245583  0.000148216  0.081712588  0.056390058  0.000464485  0.000000000  0.049064684  0.000000000 
 0.230290922  1.000000000  0.893832783  0.061431618  0.065319098  0.000259650  0.090678355  0.077802068  0.000813447  0.000000000  0.063660014  0.000000000 
 0.250000000  1.082977744  0.979119088  0.071295365  0.076373278  0.000362806  0.090678355  0.094164257  0.001123765  0.000000000  0.074558737  0.339010085 
 0.261860670  1.125000000  1.022783095  0.076770878  0.082490264  0.000419971  0.138860961  0.104012407  0.001333816  0.000000000  0.084101739  0.000000000 
 0.297985902  1.250000000  1.152898553  0.094470055  0.102083351  0.000625073  0.172463118  0.132715464  0.002078327  0.000000000  0.103464290  0.000000000 
 0.338979304  1.375000000  1.284448767  0.113868169  0.123517795  0.000924175  0.188052548  0.163644138  0.003093285  0.000000000  0.124653313  0.000000000 
 0.375000000  1.468788885  1.384916899  0.129920229  0.141332183  0.001223318  0.188052548  0.189569239  0.004128821  0.000000000  0.142429615  0.251674969 
 0.388934559  1.500000000  1.419097385  0.135711711  0.147757501  0.001333677  0.231368351  0.199007231  0.004532831  0.000000000  0.150768972  0.000000000 
 0.449501457  1.625000000  1.557997886  0.160692236  0.175106353  0.001859871  0.250390927  0.237635991  0.006426214  0.000000000  0.178455205  0.000000000 
 0.500000000  1.712103596  1.658681248  0.180053132  0.196278581  0.002351590  0.250390927  0.269621301  0.008426180  0.000000000  0.200210284  0.304051043 
 0.526038452  1.750000000  1.704661008  0.189321249  0.206425041  0.002601559  0.283715483  0.285091973  0.009499920  0.000000000  0.212456871  0.000000000 
 0.624933484  1.875000000  1.864051182  0.222847598  0.242686445  0.003638565  0.283736605  0.341282966  0.014160900  0.000000000  0.250308786  0.000000000 
 0.625000000  1.875075167  1.864151553  0.222869455  0.242710732  0.003639293  0.283736605  0.341541670  0.014164784  0.000000000  0.250335853  0.999625933 
 0.687500000  1.937500000  1.952486766  0.242533445  0.264611164  0.004304793  0.302200920  0.584046583  0.017985975  0.000000000  0.276131596  0.000000000 

 0.125000000  0.031731348  0.000000000  0.000000000  0.000000000  0.000000000  0.000000000  0.000000000  0.000000000  0.000000000  0.000000000  0.000000000 
 0.250000000  0.055737765  0.127284359  0.004423768  0.004357536  0.000000781  0.000000000  0.005069447  0.000001323  0.000000000  0.003634395  0.000000000 
 0.375000000  0.084629796  0.255579914  0.011521807  0.011247721  0.000007201  0.000000000  0.013953015  0.000013188  0.000000000  0.009749070  0.253242462 
 0.500000000  0.116007353  0.384457961  0.021709176  0.021079496  0.000033408  0.000000000  0.027627695  0.000059818  0.000000000  0.018778120  0.000000000 
 0.541252694  0.125000000  0.426679431  0.025783209  0.025053892  0.000051925  0.009499942  0.033102094  0.000089946  0.000000000  0.022774527  0.000000000 
 0.625000000  0.150660270  0.514269731  0.035845158  0.035743013  0.000109191  0.009499942  0.045667885  0.000167803  0.000000000  0.034204172  0.795323372 
 0.750000000  0.185101946  0.643927855  0.054147704  0.056480448  0.000271453  0.009499942  0.069720020  0.000367681  0.000000000  0.054323449  0.000000000 
 0.875000000  0.218998619  0.773442273  0.075792954  0.081512466  0.000597681  0.009499942  0.100640629  0.000772996  0.000000000  0.078835611  0.990166798 
 0.990166798  0.250000000  0.892708684  0.098743478  0.108630888  0.001113344  0.011615905  0.135082705  0.001430383  0.000000000  0.105632282  0.250000000 
 1.000000000  0.253242462  0.903062690  0.100940065  0.111230914  0.001166998  0.011615905  0.136841651  0.001495138  0.000000000  0.109424459  0.000000000 
 1.125000000  0.290174952  1.033404582  0.131278673  0.146933603  0.002027179  0.011615905  0.162202968  0.002476634  0.000000000  0.144861597  0.000000000 
 1.250000000  0.328541713  1.164160111  0.165200881  0.187178275  0.003398575  0.011615905  0.212697769  0.004069273  0.000000000  0.185089028  0.377264261 
 1.375000000  0.369962966  1.295844279  0.203004107  0.232566321  0.005414803  0.011615905  0.271522941  0.006478878  0.000000000  0.230512367  0.000000000 
 1.389900188  0.375000000  1.311572830  0.207791041  0.238422304  0.005707224  0.049165172  0.278900795  0.006834306  0.000000000  0.236585274  0.875000000 
 1.500000000  0.418020769  1.429779239  0.246128424  0.285109496  0.008235123  0.049165172  0.334305670  0.009738759  0.000000000  0.305497590  0.218998619 
 1.625000000  0.474008591  1.566745060  0.294859150  0.343356797  0.012123423  0.049165172  0.406897614  0.014078740  0.000000000  0.364791940  0.000000000 
 1.676260880  0.500000000  1.624218803  0.316530546  0.369517717  0.014136706  0.082413491  0.440138253  0.016368342  0.000000000  0.392185215  0.000000000 
 1.750000000  0.543064045  1.709611835  0.350173271  0.410034245  0.017480570  0.082413491  0.489688716  0.019978012  0.000000000  0.445145417  0.658387661 
 1.866486194  0.625000000  1.852028597  0.409063084  0.479849376  0.024236472  0.087039268  0.578792943  0.027101747  0.000000000  0.518199056  0.000000000 
 1.875000000  0.631887250  1.862979355  0.413704462  0.485364053  0.024807750  0.087039268  0.585611048  0.027676392  0.000000000  0.524782022  0.750000000 
 1.937500000  0.687500000  1.946639548  0.449336893  0.527622716  0.029296294  0.125556595  0.637047098  0.032031946  0.000000000  0.570817537  0.185101946 

