xp yp distance tau_avg0tran tau_avg2tran tau_vartran tau_avg0carte tau_avg2carte tau_varcarte  tau_avg0 tau_avg2 tau_var

 0.125000000  0.026403401  0.000000000  0.000000000  0.000000000  0.000000000  0.000000000  0.000000000  0.000000000  0.000000000  0.000000000  0.000000000 
 0.250000000  0.048295033  0.126902496  0.004692309  0.004625067  0.000000930  0.000000000  0.005364315  0.000001424  0.000000000  0.003744403  0.000000000 
 0.375000000  0.076734310  0.255096850  0.012513376  0.012224964  0.000008550  0.000000000  0.015109727  0.000014081  0.000000000  0.010377792  0.010375376 
 0.500000000  0.109834502  0.384405097  0.024188903  0.023505683  0.000039393  0.000000000  0.030643189  0.000063557  0.000000000  0.020585206  0.020578100 
 0.562157104  0.125000000  0.448385547  0.031560774  0.030695728  0.000074959  0.008737256  0.040479556  0.000115912  0.000000000  0.027662566  0.027642408 
 0.625000000  0.146942391  0.514949036  0.040720345  0.040321134  0.000128352  0.008737256  0.051831121  0.000179862  0.000000000  0.037889466  0.037874913 
 0.750000000  0.185324331  0.645709020  0.062825729  0.064783858  0.000314900  0.008737256  0.080777390  0.000380432  0.000000000  0.061476984  0.061458312 
 0.875000000  0.223430036  0.776388187  0.089749701  0.094811355  0.000690027  0.008737256  0.119067114  0.000820638  0.000000000  0.090816128  0.090795096 
 0.967221105  0.250000000  0.872360554  0.112717900  0.120799384  0.001137884  0.017659476  0.152868704  0.001403727  0.000000000  0.116783040  0.116784287 
 1.000000000  0.261612648  0.907135682  0.121930019  0.131233712  0.001328466  0.017659476  0.164684710  0.001642877  0.000000000  0.132397787  0.132353573 
 1.125000000  0.301133798  1.038234581  0.160759588  0.174707667  0.002259144  0.017659476  0.216315119  0.002844437  0.000000000  0.175490746  0.175448478 
 1.250000000  0.341345040  1.169543164  0.204949885  0.224081413  0.003711767  0.017659476  0.283717884  0.005038843  0.000000000  0.224952493  0.224917431 
 1.352803511  0.375000000  1.277715334  0.245336219  0.269568851  0.005379093  0.026945616  0.346619318  0.007899030  0.000000000  0.271084279  0.271121578 
 1.375000000  0.383399696  1.301447991  0.254818163  0.280283833  0.005776375  0.026945616  0.358663948  0.008606822  0.000000000  0.287037890  0.286972828 
 1.500000000  0.430699581  1.435097828  0.312397528  0.344649287  0.008380885  0.026945616  0.434416120  0.013590172  0.000000000  0.352257093  0.352204048 
 1.625000000  0.484921633  1.571351382  0.376822713  0.416230453  0.012142661  0.026945616  0.535509112  0.021429724  0.000000000  0.425912758  0.425876522 
 1.656688570  0.500000000  1.606444439  0.394333492  0.436025288  0.013305855  0.081508974  0.561876377  0.023935900  0.000000000  0.446933958  0.446955157 
 1.750000000  0.550599005  1.712591894  0.449583262  0.498363119  0.017150799  0.081508974  0.643084426  0.032359675  0.000000000  0.529996770  0.529987075 
 1.861660650  0.625000000  1.846769421  0.523039288  0.579881179  0.023139987  0.090863496  0.753513513  0.045778003  0.000000000  0.616694103  0.616708719 
 1.875000000  0.634901278  1.863381874  0.532290727  0.590238672  0.023951197  0.090863496  0.766166156  0.047594147  0.000000000  0.628960836  0.628964670 
 1.937500000  0.687500000  1.945069544  0.577609217  0.641199135  0.028057361  0.139523978  0.827611018  0.056710537  0.000000000  0.685191125  0.685190197 

 0.050645751  0.125000000  0.000000000  0.000000000  0.000000000  0.000000000  0.000000000  0.000000000  0.000000000  0.000000000  0.000000000  0.000000000 
 0.076478269  0.250000000  0.127641369  0.003516833  0.003486359  0.000000324  0.004196597  0.002461966  0.000000154  0.000000000  0.003169694  0.000000000 
 0.101381373  0.375000000  0.255097889  0.008484077  0.008380577  0.000002661  0.007911093  0.006584469  0.000001971  0.000000000  0.007624821  0.007627120 
 0.124762663  0.500000000  0.382265828  0.014847741  0.014654594  0.000010566  0.007969662  0.013243000  0.000012511  0.000000000  0.013452160  0.013457333 
 0.125000000  0.501510583  0.383794942  0.014933131  0.014739311  0.000010722  0.007969662  0.013241785  0.000012691  0.000000000  0.013538051  0.013543481 
 0.150907138  0.625000000  0.509972658  0.023148226  0.023261078  0.000026065  0.035282554  0.015258777  0.000082390  0.000000000  0.022947530  0.022958633 
 0.175477087  0.750000000  0.637364503  0.033097249  0.033918908  0.000052519  0.060479577  0.029483456  0.000202709  0.000000000  0.033262155  0.033282921 
 0.200341268  0.875000000  0.764813425  0.044147744  0.045854425  0.000098408  0.079672420  0.046012001  0.000376450  0.000000000  0.044813657  0.044846009 
 0.227216120  1.000000000  0.892669819  0.056438952  0.059251287  0.000169304  0.089159197  0.065088657  0.000634555  0.000000000  0.057760063  0.057805746 
 0.250000000  1.095482243  0.990832765  0.066793612  0.070617103  0.000246260  0.089159197  0.081719598  0.000896335  0.000000000  0.068887283  0.068934337 
 0.258351274  1.125000000  1.021509169  0.070295709  0.074447669  0.000270938  0.134069408  0.087816708  0.001000960  0.000000000  0.074815835  0.074886140 
 0.294514085  1.250000000  1.151635065  0.086320513  0.091808684  0.000390673  0.165630228  0.113138591  0.001508359  0.000000000  0.091935080  0.092023521 
 0.335724114  1.375000000  1.283252946  0.103922215  0.110844739  0.000572140  0.180886957  0.140012269  0.002175667  0.000000000  0.110725491  0.110833133 
 0.375000000  1.475860531  1.391490841  0.119676044  0.127963099  0.000772982  0.180886957  0.164034202  0.002896953  0.000000000  0.127748021  0.127864295 
 0.385935330  1.500000000  1.417991698  0.123765153  0.132405215  0.000824941  0.220705012  0.170374187  0.003097547  0.000000000  0.133454009  0.133587417 
 0.447116770  1.625000000  1.557161265  0.146506784  0.156783140  0.001140482  0.238588199  0.203933605  0.004290386  0.000000000  0.158125061  0.158282391 
 0.500000000  1.715006380  1.661553720  0.164793279  0.176376219  0.001456258  0.238588199  0.231942306  0.005566363  0.000000000  0.178256074  0.178427566 
 0.524394211  1.750000000  1.704210852  0.172624045  0.184776248  0.001598769  0.269042356  0.244156117  0.006178059  0.000000000  0.188333919  0.188520842 
 0.624400229  1.875000000  1.864292718  0.203253809  0.217236639  0.002240932  0.269214327  0.291930153  0.009038897  0.000000000  0.222282936  0.222500550 
 0.625000000  1.875670825  1.865192569  0.203432333  0.217431332  0.002244995  0.269214327  0.292083245  0.009059755  0.000000000  0.222500343  0.222716921 
 0.687500000  1.937500000  1.953107851  0.221263564  0.236922398  0.002654224  0.285937534  0.307776589  0.011330209  0.000000000  0.245394895  0.000000000 

