xp yp distance tau_avg0tran tau_avg2tran tau_vartran tau_avg0carte tau_avg2carte tau_varcarte  tau_avg0 tau_avg2 tau_var

 0.045446301  0.125000000  0.000000000  0.000000000  0.000000000  0.000000000  0.000000000  0.000000000  0.000000000  0.000000000  0.000000000  0.000000000 
 0.071390998  0.250000000  0.127664119  0.003738523  0.003697491  0.000000430  0.004620823  0.002576570  0.000000150  0.000000000  0.003293600  0.000000000 
 0.097792568  0.375000000  0.255421870  0.009193483  0.009046520  0.000003699  0.008902729  0.007004793  0.000002187  0.000000000  0.008137608  0.000000000 
 0.123321770  0.500000000  0.383002198  0.016376277  0.016087031  0.000015542  0.009323950  0.014269462  0.000015112  0.000000000  0.014663776  0.000000000 
 0.125000000  0.509824875  0.392969376  0.017014300  0.016717483  0.000017164  0.009323950  0.015005033  0.000016805  0.000000000  0.015303216  0.127819518 
 0.151538487  0.625000000  0.511162441  0.025877199  0.026024870  0.000042730  0.037139348  0.028969667  0.000101513  0.000000000  0.025452806  0.127726017 
 0.178268039  0.750000000  0.638988373  0.037455909  0.038747090  0.000093538  0.062868621  0.044998492  0.000259795  0.000000000  0.037753119  0.015462580 
 0.205003041  0.875000000  0.766815445  0.050497393  0.053261387  0.000185051  0.081996112  0.064236826  0.000515484  0.000000000  0.051817709  0.112850350 
 0.233339208  1.000000000  0.894986964  0.065129905  0.069752142  0.000331295  0.089900349  0.087285953  0.000933569  0.000000000  0.067802816  0.128017195 
 0.250000000  1.069581188  0.966535017  0.074032862  0.079887391  0.000444178  0.089900349  0.102207635  0.001244376  0.000000000  0.077876699  0.128020351 
 0.265729893  1.125000000  1.024142952  0.081802670  0.088698868  0.000545061  0.138868276  0.116498574  0.001591355  0.000000000  0.091680387  0.128348189 
 0.302136332  1.250000000  1.154336764  0.100993393  0.110256759  0.000830764  0.172906894  0.148255595  0.002576561  0.000000000  0.112975042  0.061613311 
 0.343305493  1.375000000  1.285941855  0.122143204  0.134029469  0.001249485  0.187839012  0.183154487  0.003967578  0.000000000  0.136506908  0.067695441 
 0.375000000  1.458888373  1.375617943  0.137734162  0.151673209  0.001621115  0.187839012  0.209410332  0.005226220  0.000000000  0.154229901  0.130266072 
 0.393014771  1.500000000  1.420503329  0.146012589  0.161032019  0.001825743  0.233466866  0.223650017  0.005974089  0.000000000  0.166614182  0.131648074 
 0.452941514  1.625000000  1.559125890  0.173289953  0.191451475  0.002582872  0.253025452  0.268404234  0.008758710  0.000000000  0.197400042  0.081426187 
 0.500000000  1.707639600  1.654224811  0.193303881  0.213798399  0.003248926  0.253025452  0.303439281  0.011483055  0.000000000  0.220440401  0.053065072 
 0.528441065  1.750000000  1.705247332  0.204553278  0.226364545  0.003647917  0.288867183  0.323460494  0.013228261  0.000000000  0.235809081  0.138426704 
 0.625000000  1.873947060  1.862366719  0.240722749  0.266264470  0.005118422  0.288867183  0.388757103  0.020067555  0.000000000  0.277439038  0.090811884 
 0.625991299  1.875000000  1.863812871  0.241067268  0.266646018  0.005133633  0.329887034  0.389409554  0.020143746  0.000000000  0.277880961  0.054903098 
 0.687500000  1.937500000  1.951503066  0.262352205  0.290253943  0.006096402  0.350100943  0.429457269  0.024984911  0.000000000  0.303971562  0.155330695 

 0.125000000  0.033028811  0.000000000  0.000000000  0.000000000  0.000000000  0.000000000  0.000000000  0.000000000  0.000000000  0.000000000  0.000000000 
 0.250000000  0.057173796  0.127310566  0.004325213  0.004262376  0.000000735  0.000000000  0.004946385  0.000001255  0.000000000  0.003585078  0.000000000 
 0.375000000  0.085753078  0.255536053  0.011183557  0.010926675  0.000006739  0.000000000  0.013502994  0.000012405  0.000000000  0.009507782  0.000003731 
 0.500000000  0.116511213  0.384264693  0.020931818  0.020348284  0.000030990  0.000000000  0.026539893  0.000055672  0.000000000  0.018163609  0.000015695 
 0.539757158  0.125000000  0.424917997  0.024664728  0.023993998  0.000047256  0.009157589  0.031537400  0.000082256  0.000000000  0.021828879  0.000017436 
 0.625000000  0.150361322  0.513853585  0.034347202  0.034282086  0.000099754  0.009157589  0.043546795  0.000154163  0.000000000  0.032805206  0.000043259 
 0.750000000  0.183989501  0.643297991  0.051602464  0.053832374  0.000245012  0.009157589  0.066035662  0.000333291  0.000000000  0.051741358  0.000094850 
 0.875000000  0.217244627  0.772645985  0.071941821  0.077348739  0.000534796  0.009157589  0.094921197  0.000692207  0.000000000  0.074725108  0.000187950 
 0.997225292  0.250000000  0.899184266  0.094889881  0.104443512  0.001025113  0.009719599  0.129315267  0.001315341  0.000000000  0.101362407  0.000336972 
 1.000000000  0.250907965  0.902103753  0.095472339  0.105132425  0.001038575  0.009719599  0.128728404  0.001331563  0.000000000  0.102361595  0.000450205 
 1.125000000  0.287542802  1.032361617  0.123851778  0.138500821  0.001789698  0.009719599  0.104698876  0.002181179  0.000000000  0.135420837  0.000555031 
 1.250000000  0.325818309  1.163090399  0.155596027  0.176108806  0.002986976  0.009719599  0.151624755  0.003554636  0.000000000  0.172957215  0.000847235 
 1.375000000  0.367348797  1.294808968  0.191011583  0.218554990  0.004746584  0.009719599  0.206366293  0.005627812  0.000000000  0.215384905  0.001275637 
 1.397378292  0.375000000  1.318459103  0.197773738  0.226803587  0.005133812  0.042671852  0.216736439  0.006091739  0.000000000  0.223917894  0.001651970 
 1.500000000  0.415561449  1.428806038  0.231382524  0.267623222  0.007207124  0.042671852  0.264783345  0.008434146  0.000000000  0.283639220  0.001865399 
 1.625000000  0.471991521  1.565953233  0.277110672  0.322169325  0.010595573  0.042671852  0.332168288  0.012141414  0.000000000  0.339118257  0.002641204 
 1.679605745  0.500000000  1.627323114  0.298838010  0.348327626  0.012475894  0.072589652  0.365355687  0.014238586  0.000000000  0.366480865  0.003320342 
 1.750000000  0.541655530  1.709118800  0.329100400  0.384681009  0.015278781  0.072589652  0.409563537  0.017195538  0.000000000  0.413780544  0.003732413 
 1.867237224  0.625000000  1.852962004  0.384919953  0.450710302  0.021240122  0.076569152  0.493446595  0.023331157  0.000000000  0.482836019  0.005237371 
 1.875000000  0.631364446  1.863000274  0.388914474  0.455445866  0.021698362  0.076569152  0.499185225  0.023779375  0.000000000  0.488475943  0.005254284 
 1.937500000  0.687500000  1.947008907  0.422527066  0.495222341  0.025644253  0.112972811  0.546680030  0.027493528  0.000000000  0.531823863  0.006239421 

