xp yp distance tau_avg0tran tau_avg2tran tau_vartran tau_avg0carte tau_avg2carte tau_varcarte  tau_avg0 tau_avg2 tau_var

 0.125000000  0.027499780  0.000000000  0.000000000  0.000000000  0.000000000  0.000000000  0.000000000  0.000000000  0.000000000  0.000000000  0.000000000 
 0.250000000  0.049869974  0.126985927  0.004633982  0.004564530  0.000000918  0.000000000  0.005312849  0.000001451  0.000000000  0.003721123  0.000000000 
 0.375000000  0.078461826  0.255214215  0.012294635  0.011994451  0.000008550  0.000000000  0.014925763  0.000014680  0.000000000  0.010240448  0.011919367 
 0.500000000  0.111240179  0.384440453  0.023633275  0.022911921  0.000040081  0.000000000  0.030197492  0.000067930  0.000000000  0.020183079  0.022723354 
 0.557756625  0.125000000  0.443813514  0.030215344  0.029312139  0.000073871  0.008942905  0.039107583  0.000120105  0.000000000  0.026533577  0.028865918 
 0.625000000  0.147829484  0.514826589  0.039610831  0.039253369  0.000133852  0.008942905  0.050945784  0.000197268  0.000000000  0.037066497  0.038899096 
 0.750000000  0.185354559  0.645337628  0.060828617  0.063162551  0.000337547  0.008942905  0.079211609  0.000437338  0.000000000  0.060241336  0.062528576 
 0.875000000  0.222522535  0.775746440  0.086503641  0.092581135  0.000758184  0.008942905  0.116415673  0.000951409  0.000000000  0.089127180  0.091574201 
 0.971781597  0.250000000  0.876353044  0.109462606  0.119455035  0.001306460  0.016238910  0.150987994  0.001651965  0.000000000  0.116034550  0.118568022 
 1.000000000  0.259837930  0.906237206  0.117002860  0.128298585  0.001504098  0.016238910  0.160709394  0.001891105  0.000000000  0.129002158  0.126789482 
 1.125000000  0.298743292  1.037151785  0.153781199  0.171091478  0.002653841  0.016238910  0.209512524  0.003259841  0.000000000  0.171567961  0.169002210 
 1.250000000  0.338528149  1.168330422  0.195480757  0.219908887  0.004502722  0.016238910  0.274006258  0.005613055  0.000000000  0.220571517  0.217143481 
 1.360764264  0.375000000  1.284944822  0.236630187  0.268687118  0.006880220  0.021867202  0.339614602  0.008822695  0.000000000  0.269921782  0.266494381 
 1.375000000  0.380420606  1.300177653  0.242379031  0.275523236  0.007231039  0.021867202  0.346396227  0.009287750  0.000000000  0.279928220  0.271940489 
 1.500000000  0.427893711  1.433888893  0.296582166  0.339428370  0.010900635  0.021867202  0.412309188  0.014174718  0.000000000  0.344599830  0.334957037 
 1.625000000  0.482514223  1.570301504  0.357173794  0.410741006  0.016230658  0.021867202  0.509209754  0.021614486  0.000000000  0.417737324  0.405283813 
 1.661224636  0.500000000  1.610525584  0.376047560  0.433342662  0.018136298  0.070896932  0.538657835  0.024332470  0.000000000  0.441569810  0.428538045 
 1.750000000  0.548937473  1.711895902  0.425679315  0.492557958  0.023485740  0.070896932  0.614111710  0.031776027  0.000000000  0.520820932  0.485976121 
 1.862776350  0.625000000  1.847925360  0.495697076  0.574668678  0.032274883  0.079001803  0.722969894  0.043986959  0.000000000  0.607392913  0.567288676 
 1.875000000  0.634248603  1.863253578  0.503736875  0.584136056  0.033355092  0.079001803  0.734970751  0.045454472  0.000000000  0.618748599  0.576351807 
 1.937500000  0.687500000  1.945363025  0.546721695  0.634725275  0.039275043  0.125226652  0.798083656  0.053339129  0.000000000  0.674009223  0.000000000 

 0.050096857  0.125000000  0.000000000  0.000000000  0.000000000  0.000000000  0.000000000  0.000000000  0.000000000  0.000000000  0.000000000  0.000000000 
 0.076024790  0.250000000  0.127660713  0.003544934  0.003512398  0.000000343  0.004229070  0.002476500  0.000000155  0.000000000  0.003186570  0.000000000 
 0.101138938  0.375000000  0.255158637  0.008571338  0.008460169  0.000002847  0.007983877  0.006632611  0.000001998  0.000000000  0.007690706  0.007698131 
 0.124745640  0.500000000  0.382368213  0.015029265  0.014820902  0.000011430  0.008046909  0.013358845  0.000012824  0.000000000  0.013600656  0.013617424 
 0.125000000  0.501607057  0.383995275  0.015121567  0.014912421  0.000011611  0.008046909  0.013365898  0.000013024  0.000000000  0.013693513  0.013711101 
 0.151128637  0.625000000  0.510124273  0.023472803  0.023606486  0.000028920  0.035469821  0.016292568  0.000085356  0.000000000  0.023267052  0.023303221 
 0.175883206  0.750000000  0.637551855  0.033606161  0.034536247  0.000059568  0.060804790  0.030754204  0.000210995  0.000000000  0.033847532  0.033910906 
 0.200873489  0.875000000  0.765025438  0.044870451  0.046795434  0.000112831  0.080078348  0.047635521  0.000395820  0.000000000  0.045717294  0.045813120 
 0.227824666  1.000000000  0.892897897  0.057403112  0.060564076  0.000195282  0.089477951  0.067231647  0.000675457  0.000000000  0.059029726  0.059162837 
 0.250000000  1.093026842  0.988531253  0.067677303  0.071932013  0.000282043  0.089477951  0.083935577  0.000954791  0.000000000  0.070175626  0.070306666 
 0.259040836  1.125000000  1.021758043  0.071542067  0.076194182  0.000313709  0.135037992  0.090745096  0.001080054  0.000000000  0.076776879  0.076983773 
 0.295193679  1.250000000  1.151881169  0.087886253  0.094050908  0.000458114  0.167008459  0.116854655  0.001646937  0.000000000  0.094393986  0.094651534 
 0.336357045  1.375000000  1.283484447  0.105829734  0.113615707  0.000672993  0.182345753  0.144724097  0.002406171  0.000000000  0.113711927  0.114023288 
 0.375000000  1.474505815  1.390230338  0.121655611  0.130947486  0.000905101  0.182345753  0.169424538  0.003227441  0.000000000  0.130957094  0.131288115 
 0.386516105  1.500000000  1.418204865  0.126052745  0.135761943  0.000970136  0.222843207  0.176379571  0.003473160  0.000000000  0.137155100  0.137540815 
 0.447575708  1.625000000  1.557320914  0.149219906  0.160792767  0.001345701  0.240953693  0.211222632  0.004865347  0.000000000  0.162484342  0.162937470 
 0.500000000  1.714457797  1.661007961  0.167720166  0.180763209  0.001713722  0.240953693  0.240473583  0.006365853  0.000000000  0.182997826  0.183488656 
 0.524708467  1.750000000  1.704294870  0.175814643  0.189511334  0.001884083  0.271959145  0.253461887  0.007102447  0.000000000  0.193509236  0.194046347 
 0.624498252  1.875000000  1.864241741  0.206996540  0.222807404  0.002638292  0.272105936  0.303565453  0.010500181  0.000000000  0.228303931  0.228928130 
 0.625000000  1.875562329  1.864995375  0.207148835  0.222974644  0.002642278  0.272105936  0.303831470  0.010521157  0.000000000  0.228490549  0.229111107 
 0.687500000  1.937500000  1.952986994  0.225327870  0.242984268  0.003123974  0.289160334  0.336593390  0.013255886  0.000000000  0.252014217  0.000000000 

