xp yp distance tau_avg0tran tau_avg2tran tau_vartran tau_avg0carte tau_avg2carte tau_varcarte  tau_avg0 tau_avg2 tau_var

 0.039495794  0.125000000  0.000000000  0.000000000  0.000000000  0.000000000  0.000000000  0.000000000  0.000000000  0.000000000  0.000000000  0.000000000 
 0.064401118  0.250000000  0.127456954  0.003948363  0.003899888  0.000000542  0.005299127  0.002685877  0.000000144  0.000000000  0.003394801  0.000000000 
 0.091650623  0.375000000  0.255392624  0.009905383  0.009720036  0.000004794  0.010558246  0.007457146  0.000002454  0.000000000  0.008611117  0.000000000 
 0.119567774  0.500000000  0.383472159  0.018015321  0.017621777  0.000020977  0.011922759  0.015465531  0.000018611  0.000000000  0.015891649  0.000000000 
 0.125000000  0.528382175  0.412369510  0.020161932  0.019732049  0.000028067  0.011922759  0.018090462  0.000026232  0.000000000  0.018016566  0.974151109 
 0.150050127  0.625000000  0.512181899  0.028843829  0.028901464  0.000062005  0.040037464  0.032428957  0.000120035  0.000000000  0.027844468  0.955622778 
 0.179949621  0.750000000  0.640708083  0.042371301  0.043997199  0.000142389  0.065776014  0.050642290  0.000326824  0.000000000  0.042398015  0.950724669 
 0.209921129  0.875000000  0.769251038  0.057994718  0.061729802  0.000295559  0.083919997  0.073350078  0.000701610  0.000000000  0.059600151  0.932154419 
 0.241059930  1.000000000  0.898071164  0.075839706  0.082332298  0.000552567  0.088670501  0.101656688  0.001369916  0.000000000  0.079658605  0.904810137 
 0.250000000  1.036585313  0.935732948  0.081503692  0.088982479  0.000654265  0.088670501  0.111760667  0.001622301  0.000000000  0.086403727  0.877086969 
 0.275572436  1.125000000  1.027771561  0.096527444  0.106539954  0.000942755  0.139658388  0.141717500  0.002566941  0.000000000  0.114306181  0.849207410 
 0.313031822  1.250000000  1.158263728  0.120271690  0.133967331  0.001500089  0.174302796  0.182916218  0.004462613  0.000000000  0.141443624  0.841603894 
 0.354690126  1.375000000  1.290022653  0.146749235  0.164704062  0.002327835  0.186267430  0.230245740  0.007279269  0.000000000  0.172024599  0.820744205 
 0.375000000  1.431256639  1.349833191  0.159684590  0.179911398  0.002807971  0.186267430  0.254383215  0.008894205  0.000000000  0.187556982  0.792629253 
 0.403703523  1.500000000  1.424328438  0.176807068  0.199992489  0.003479952  0.238195602  0.287756951  0.011448111  0.000000000  0.215535169  0.764870615 
 0.462086757  1.625000000  1.562290759  0.211102684  0.239599745  0.005040536  0.258599709  0.351035158  0.017698068  0.000000000  0.255697021  0.752847837 
 0.500000000  1.694910293  1.641819767  0.232231616  0.264148107  0.006183574  0.258599709  0.391980501  0.022476693  0.000000000  0.281241042  0.736576700 
 0.534790892  1.750000000  1.706975595  0.250338882  0.285168979  0.007230366  0.301820151  0.428150797  0.027268733  0.000000000  0.307807653  0.708174762 
 0.625000000  1.870767247  1.857715143  0.294151296  0.335339087  0.010140916  0.301820151  0.517997614  0.041838107  0.000000000  0.360226671  0.692192222 
 0.628716535  1.875000000  1.863347977  0.295835967  0.337273836  0.010261777  0.353073110  0.521633237  0.042492669  0.000000000  0.362497695  0.678641003 
 0.687500000  1.937500000  1.949148594  0.321766307  0.367038046  0.012163318  0.378667687  0.578662455  0.053224496  0.000000000  0.395124062  0.648955689 

 0.125000000  0.036175871  0.000000000  0.000000000  0.000000000  0.000000000  0.000000000  0.000000000  0.000000000  0.000000000  0.000000000  0.000000000 
 0.250000000  0.060542371  0.127352763  0.004105609  0.004051444  0.000000627  0.000000000  0.004666122  0.000001083  0.000000000  0.003472402  0.000000000 
 0.375000000  0.088303188  0.255398314  0.010440523  0.010225853  0.000005638  0.000000000  0.012491158  0.000010440  0.000000000  0.008976843  0.000000000 
 0.500000000  0.117588865  0.383783090  0.019246321  0.018772429  0.000025261  0.000000000  0.024127456  0.000045646  0.000000000  0.016831577  0.088502824 
 0.536464002  0.125000000  0.420992610  0.022294920  0.021759390  0.000036896  0.008395628  0.028158320  0.000064923  0.000000000  0.019830920  0.000000000 
 0.625000000  0.149599758  0.512882604  0.031139896  0.031130142  0.000077805  0.008395628  0.038895064  0.000122116  0.000000000  0.029811156  0.250000000 
 0.750000000  0.181389380  0.641861595  0.046213870  0.048093850  0.000184256  0.008395628  0.058051398  0.000254403  0.000000000  0.046177987  0.060542371 
 0.875000000  0.213181947  0.770841312  0.063844494  0.068312759  0.000392647  0.008395628  0.082617489  0.000514601  0.000000000  0.065847119  0.000000000 
 1.000000000  0.245803085  0.900027761  0.084147979  0.092052300  0.000750290  0.008395628  0.112501565  0.000974463  0.000000000  0.089051992  0.000000000 
 1.017066904  0.250000000  0.917603122  0.087135765  0.095620330  0.000814874  0.028642955  0.116866429  0.001058213  0.000000000  0.092713811  0.245399833 
 1.125000000  0.281505979  1.030040571  0.107937498  0.120339757  0.001306493  0.028642955  0.144536127  0.001647519  0.000000000  0.132449086  0.000000000 
 1.250000000  0.319562079  1.160705282  0.135192297  0.152301902  0.002122654  0.028642955  0.182029939  0.002574925  0.000000000  0.164171318  0.125000000 
 1.375000000  0.361332148  1.292499586  0.165674573  0.188301560  0.003339660  0.028642955  0.227863395  0.003983385  0.000000000  0.200117993  0.036175871 
 1.413941775  0.375000000  1.333770303  0.175897568  0.200568229  0.003818486  0.052706751  0.243228549  0.004547209  0.000000000  0.212752287  0.000000000 
 1.500000000  0.409929940  1.426647204  0.200381738  0.229854334  0.005042028  0.052706751  0.276999539  0.005897708  0.000000000  0.254751326  0.000000000 
 1.625000000  0.467374092  1.564214753  0.239887787  0.276325139  0.007373746  0.052706751  0.333168758  0.008376038  0.000000000  0.301968313  0.409484148 
 1.686951488  0.500000000  1.634232156  0.261330163  0.301755263  0.008868260  0.076098290  0.365348254  0.010004901  0.000000000  0.328536826  0.467008876 
 1.750000000  0.538445369  1.708077679  0.284969769  0.329750842  0.010630562  0.076098290  0.398928217  0.011808863  0.000000000  0.364551856  0.000000000 
 1.868866376  0.625000000  1.855118216  0.334263044  0.387284997  0.014862173  0.078848667  0.471208364  0.016037147  0.000000000  0.424719746  0.000000000 
 1.875000000  0.630182624  1.863148218  0.337025890  0.390517969  0.015117608  0.078848667  0.474873211  0.016278039  0.000000000  0.428545357  0.000000000 
 1.937500000  0.687500000  1.947951117  0.366402509  0.424847325  0.017893586  0.110806341  0.513318144  0.018784081  0.000000000  0.466033875  0.630090218 

