xp yp distance tau_avg0tran tau_avg2tran tau_vartran tau_avg0carte tau_avg2carte tau_varcarte  tau_avg0 tau_avg2 tau_var

 0.041550841  0.125000000  0.000000000  0.000000000  0.000000000  0.000000000  0.000000000  0.000000000  0.000000000  0.000000000  0.000000000  0.000000000 
 0.066868507  0.250000000  0.127538168  0.003873287  0.003827376  0.000000500  0.005052205  0.002647011  0.000000146  0.000000000  0.003359237  0.000000000 
 0.093875779  0.375000000  0.255422462  0.009648244  0.009476670  0.000004382  0.009949935  0.007292068  0.000002346  0.000000000  0.008441393  0.000000000 
 0.120979544  0.500000000  0.383327169  0.017417293  0.017062532  0.000018917  0.010958020  0.015016205  0.000017191  0.000000000  0.015445949  0.500000000 
 0.125000000  0.521856087  0.405549964  0.018982782  0.018604469  0.000023647  0.010958020  0.016925515  0.000022201  0.000000000  0.017002929  1.699665006 
 0.150650694  0.625000000  0.511835545  0.027749705  0.027847131  0.000054589  0.038895337  0.031376907  0.000112303  0.000000000  0.026969496  0.000000000 
 0.179409753  0.750000000  0.640101221  0.040545199  0.042052435  0.000123349  0.064569774  0.048728387  0.000299029  0.000000000  0.040674542  0.000000000 
 0.208205439  0.875000000  0.768375114  0.055191440  0.058567977  0.000251867  0.083048103  0.070066060  0.000624530  0.000000000  0.056684080  0.000000000 
 0.238327206  1.000000000  0.896953186  0.071814816  0.077605483  0.000463952  0.089000396  0.096311178  0.001188934  0.000000000  0.075184168  0.000000000 
 0.250000000  1.048114784  0.946463656  0.078773344  0.085688770  0.000575403  0.089000396  0.108339633  0.001473396  0.000000000  0.083323815  0.458778819 
 0.272073857  1.125000000  1.026454852  0.090965864  0.099789589  0.000781292  0.139278186  0.131774508  0.002154407  0.000000000  0.105614748  1.625000000 
 0.309109494  1.250000000  1.156826009  0.112960022  0.124954347  0.001225466  0.173810647  0.169271285  0.003663451  0.000000000  0.130487622  0.000000000 
 0.350590819  1.375000000  1.288529085  0.137392460  0.153005130  0.001881760  0.187078695  0.211706588  0.005872044  0.000000000  0.158338011  0.000000000 
 0.375000000  1.441488996  1.359357009  0.151562068  0.169444263  0.002336116  0.187078695  0.237121967  0.007401928  0.000000000  0.175030474  0.000000000 
 0.399856239  1.500000000  1.422928780  0.165067440  0.185082523  0.002791166  0.236715505  0.262238732  0.009106495  0.000000000  0.196409835  0.000000000 
 0.458778819  1.625000000  1.561120207  0.196663345  0.221135773  0.004011388  0.256930403  0.318239477  0.013854417  0.000000000  0.232931175  0.399856239 
 0.500000000  1.699665006  1.646408243  0.217513718  0.245030662  0.004971320  0.256930403  0.357292436  0.017841944  0.000000000  0.257715751  1.500000000 
 0.532499757  1.750000000  1.706323564  0.232844052  0.262592955  0.005724999  0.297365062  0.386744640  0.021243913  0.000000000  0.279647442  0.000000000 
 0.625000000  1.871950327  1.859386222  0.273777723  0.308869763  0.008034631  0.297365062  0.467256708  0.032543325  0.000000000  0.327966788  0.000000000 
 0.627746170  1.875000000  1.863490117  0.274909404  0.310153286  0.008103713  0.344675825  0.469596734  0.032908629  0.000000000  0.329465987  0.000000000 
 0.687500000  1.937500000  1.949958436  0.299074222  0.337564688  0.009612554  0.368193710  0.520074489  0.041117295  0.000000000  0.359597072  0.000000000 

 0.125000000  0.035086454  0.000000000  0.000000000  0.000000000  0.000000000  0.000000000  0.000000000  0.000000000  0.000000000  0.000000000  0.000000000 
 0.250000000  0.059394482  0.127341589  0.004178822  0.004121731  0.000000663  0.000000000  0.004759785  0.000001141  0.000000000  0.003510417  0.000000000 
 0.375000000  0.087448024  0.255450922  0.010686562  0.010457873  0.000006000  0.000000000  0.012826723  0.000011093  0.000000000  0.009152866  0.988208629 
 0.500000000  0.117239034  0.383951911  0.019800959  0.019291124  0.000027129  0.000000000  0.024921880  0.000048934  0.000000000  0.017269964  0.972250471 
 0.537544724  0.125000000  0.422290390  0.023065455  0.022486101  0.000040191  0.008650061  0.029257366  0.000070471  0.000000000  0.020479670  0.952397949 
 0.625000000  0.149870406  0.513213227  0.032188956  0.032163645  0.000084868  0.008650061  0.040417698  0.000132487  0.000000000  0.030790457  0.945828066 
 0.750000000  0.182276225  0.642345473  0.047966791  0.049967628  0.000203593  0.008650061  0.060648930  0.000279604  0.000000000  0.047989439  0.927173356 
 0.875000000  0.214560877  0.771447366  0.066469732  0.071255601  0.000437501  0.008650061  0.086606368  0.000570627  0.000000000  0.068730505  0.897361617 
 1.000000000  0.247515638  0.900718462  0.087804158  0.096295478  0.000840823  0.008650061  0.118234166  0.001086667  0.000000000  0.093243120  0.867247629 
 1.010118480  0.250000000  0.911137469  0.089659958  0.098522862  0.000883557  0.031229827  0.120961176  0.001141724  0.000000000  0.095537323  0.837078268 
 1.125000000  0.283544753  1.030816264  0.112890569  0.126267147  0.001472417  0.031229827  0.152288822  0.001842455  0.000000000  0.140368702  0.834303431 
 1.250000000  0.321676159  1.161502928  0.141586711  0.160072061  0.002405265  0.031229827  0.192354889  0.002897836  0.000000000  0.173965838  0.806057229 
 1.375000000  0.363366871  1.293272103  0.173654658  0.198130641  0.003793881  0.031229827  0.240953609  0.004497389  0.000000000  0.212005021  0.775736869 
 1.408440411  0.375000000  1.328678187  0.182860780  0.209238909  0.004259113  0.058056742  0.254877827  0.005042113  0.000000000  0.223469017  0.745375342 
 1.500000000  0.411829752  1.427367543  0.210178640  0.242091619  0.005735567  0.058056742  0.293036074  0.006664792  0.000000000  0.270917292  0.736549634 
 1.625000000  0.468931389  1.564792420  0.251687551  0.291163395  0.008399091  0.058056742  0.352814372  0.009489445  0.000000000  0.320805162  0.710801142 
 1.684521913  0.500000000  1.631934931  0.273283349  0.316912098  0.010029816  0.083491368  0.385419065  0.011260011  0.000000000  0.347723894  0.664457216 
 1.750000000  0.539525555  1.708417931  0.298996090  0.347520226  0.012106784  0.083491368  0.422309178  0.013382889  0.000000000  0.387259252  0.633851631 
 1.868330931  0.625000000  1.854390840  0.350415650  0.407831487  0.016891463  0.086620403  0.498375630  0.018158164  0.000000000  0.450335476  0.591394510 
 1.875000000  0.630578555  1.863085479  0.353558157  0.411526590  0.017206125  0.086620403  0.502680134  0.018455274  0.000000000  0.454717901  0.491116196 
 1.937500000  0.687500000  1.947621276  0.384306325  0.447629287  0.020354426  0.120019738  0.544183429  0.021305662  0.000000000  0.494112074  0.484721177 

