xp yp distance tau_avg0tran tau_avg2tran tau_vartran tau_avg0carte tau_avg2carte tau_varcarte  tau_avg0 tau_avg2 tau_var

 0.043679140  0.125000000  0.000000000  0.000000000  0.000000000  0.000000000  0.000000000  0.000000000  0.000000000  0.000000000  0.000000000  0.000000000 
 0.069364138  0.250000000  0.127611595  0.003798526  0.003755272  0.000000461  0.004810950  0.002608045  0.000000148  0.000000000  0.003323120  0.000000000 
 0.096062999  0.375000000  0.255431113  0.009394884  0.009236955  0.000003996  0.009361799  0.007131221  0.000002252  0.000000000  0.008272744  0.375000000 
 0.122310576  0.500000000  0.383157129  0.016834669  0.016516825  0.000017000  0.010036051  0.014592340  0.000015968  0.000000000  0.015009233  0.500000000 
 0.125000000  0.515226897  0.398619709  0.017867662  0.017536126  0.000019844  0.010036051  0.015833955  0.000018948  0.000000000  0.016041121  0.518735256 
 0.151173791  0.625000000  0.511470060  0.026696675  0.026825276  0.000047807  0.037873490  0.030222674  0.000105858  0.000000000  0.026119591  0.625000000 
 0.178803527  0.750000000  0.639487255  0.038802202  0.040190574  0.000106200  0.063550759  0.046806043  0.000275717  0.000000000  0.039027749  0.750000000 
 0.206447880  0.875000000  0.767507606  0.052535400  0.055568683  0.000213181  0.082380883  0.066924556  0.000559856  0.000000000  0.053929455  0.875000000 
 0.235572743  1.000000000  0.895855795  0.068023658  0.073154691  0.000386692  0.089446878  0.091321041  0.001037453  0.000000000  0.070992970  1.000000000 
 0.250000000  1.059900370  0.957469106  0.076117871  0.082454749  0.000501239  0.089446878  0.105037270  0.001340810  0.000000000  0.080290641  1.053652073 
 0.268566392  1.125000000  1.025164547  0.085758142  0.093485589  0.000642881  0.139001350  0.123081407  0.001817454  0.000000000  0.097639283  1.125000000 
 0.305230399  1.250000000  1.155430619  0.106146080  0.116582703  0.000993091  0.173301311  0.157263825  0.003012512  0.000000000  0.120455949  1.250000000 
 0.346536760  1.375000000  1.287078693  0.128698985  0.142181093  0.001508124  0.187589618  0.195338084  0.004730013  0.000000000  0.145825839  1.375000000 
 0.375000000  1.451289369  1.368504880  0.143769772  0.159431213  0.001920988  0.187589618  0.221424946  0.006123133  0.000000000  0.163237730  1.446172308 
 0.396051754  1.500000000  1.421569952  0.154192795  0.171344319  0.002218993  0.234982312  0.239982765  0.007223525  0.000000000  0.179229144  1.500000000 
 0.455524036  1.625000000  1.559996655  0.183313821  0.204164134  0.003162621  0.254876120  0.289486306  0.010783457  0.000000000  0.212452757  1.625000000 
 0.500000000  1.704175040  1.650808540  0.203745847  0.227252207  0.003954232  0.254876120  0.326402912  0.014045409  0.000000000  0.236321536  1.701825836 
 0.530239431  1.750000000  1.705711638  0.216681540  0.241870362  0.004488924  0.292700168  0.350258778  0.016419365  0.000000000  0.254365458  1.750000000 
 0.625000000  1.873077453  1.861042333  0.254910288  0.284520761  0.006300903  0.292700168  0.422118298  0.025052227  0.000000000  0.298875893  1.872489708 
 0.626774711  1.875000000  1.863658778  0.255575619  0.285265709  0.006335088  0.336403825  0.423431588  0.025227984  0.000000000  0.299741922  1.875000000 
 0.687500000  1.937500000  1.950801252  0.278099162  0.310506347  0.007519759  0.358025715  0.467941109  0.031411746  0.000000000  0.327567562  0.000000000 

 0.125000000  0.033961363  0.000000000  0.000000000  0.000000000  0.000000000  0.000000000  0.000000000  0.000000000  0.000000000  0.000000000  0.000000000 
 0.250000000  0.058188852  0.127326239  0.004257468  0.004197261  0.000000701  0.000000000  0.004860205  0.000001203  0.000000000  0.003550745  0.000000000 
 0.375000000  0.086534372  0.255499827  0.010952743  0.010708875  0.000006396  0.000000000  0.013189438  0.000011800  0.000000000  0.009343038  0.500000000 
 0.500000000  0.116852052  0.384123937  0.020404909  0.019855630  0.000029191  0.000000000  0.025786940  0.000052543  0.000000000  0.017747224  0.538577263 
 0.538727876  0.125000000  0.423699655  0.023915094  0.023287095  0.000043920  0.008922809  0.030469636  0.000076710  0.000000000  0.021196015  0.625000000 
 0.625000000  0.150141932  0.513560637  0.033338440  0.033293313  0.000092773  0.008922809  0.042086204  0.000144026  0.000000000  0.031863471  0.750000000 
 0.750000000  0.183206243  0.642859704  0.049898363  0.052025714  0.000225488  0.008922809  0.063513384  0.000308020  0.000000000  0.049984850  0.875000000 
 0.875000000  0.216014630  0.772093562  0.069372538  0.074497450  0.000488736  0.008922809  0.091020947  0.000634574  0.000000000  0.071916010  1.000000000 
 1.000000000  0.249322147  0.901455035  0.091855738  0.100979186  0.000944902  0.008922809  0.124593931  0.001215960  0.000000000  0.097881349  1.003689450 
 1.002765300  0.250000000  0.904302204  0.092388568  0.101621833  0.000957963  0.034165079  0.125381560  0.001232702  0.000000000  0.098545762  1.125000000 
 1.125000000  0.285705658  1.031645110  0.118397906  0.132835219  0.001664703  0.034165079  0.160930357  0.002068788  0.000000000  0.149262985  1.250000000 
 1.250000000  0.323915637  1.162354722  0.148703862  0.168689425  0.002734292  0.034165079  0.203859611  0.003275577  0.000000000  0.184948006  1.375000000 
 1.375000000  0.365520551  1.294096776  0.182540718  0.209036196  0.004324034  0.034165079  0.255544059  0.005101718  0.000000000  0.225314359  1.403258387 
 1.402506241  0.375000000  1.323190646  0.190504248  0.218697609  0.004758253  0.064180700  0.267664937  0.005608318  0.000000000  0.235305614  1.500000000 
 1.500000000  0.413845884  1.428138422  0.221095531  0.255681274  0.006546489  0.064180700  0.310926993  0.007569623  0.000000000  0.289116981  1.625000000 
 1.625000000  0.470584563  1.565412883  0.264835384  0.307639833  0.009599309  0.064180700  0.374712464  0.010807377  0.000000000  0.341971217  1.682223856 
 1.681889571  0.500000000  1.629457330  0.286532231  0.333643158  0.011375094  0.091956348  0.407664278  0.012732935  0.000000000  0.369174716  1.750000000 
 1.750000000  0.540675116  1.708788885  0.314620614  0.367246911  0.013834502  0.091956348  0.448361392  0.015249610  0.000000000  0.412762195  1.867821278 
 1.867746900  0.625000000  1.853616433  0.368379611  0.430601284  0.019259641  0.095526414  0.528582597  0.020672643  0.000000000  0.479028466  1.875000000 
 1.875000000  0.631001936  1.863030821  0.371964069  0.434835796  0.019648546  0.095526414  0.533634879  0.021041391  0.000000000  0.484062457  1.937500000 
 1.937500000  0.687500000  1.947282119  0.404230810  0.472894684  0.023229887  0.130519540  0.578402091  0.024302985  0.000000000  0.525559455  0.000000000 

