xp yp distance tau_avg0tran tau_avg2tran tau_vartran tau_avg0carte tau_avg2carte tau_varcarte  tau_avg0 tau_avg2 tau_var

 0.125000000  0.028903889  0.000000000  0.000000000  0.000000000  0.000000000  0.000000000  0.000000000  0.000000000  0.000000000  0.000000000  0.000000000 
 0.250000000  0.051854974  0.127089545  0.004561982  0.004492962  0.000000874  0.000000000  0.005232626  0.000001419  0.000000000  0.003691980  0.000000000 
 0.375000000  0.080596126  0.255351206  0.012027087  0.011732289  0.000008132  0.000000000  0.014605781  0.000014345  0.000000000  0.010071623  0.000000000 
 0.500000000  0.112934218  0.384466473  0.022959882  0.022259300  0.000038122  0.000000000  0.029350009  0.000066261  0.000000000  0.019693931  0.000000000 
 0.552192073  0.125000000  0.438035079  0.028621940  0.027767460  0.000066485  0.009166669  0.037017768  0.000111099  0.000000000  0.025189308  0.000000000 
 0.625000000  0.148868322  0.514655514  0.038279236  0.038011859  0.000127067  0.009166669  0.049191712  0.000191216  0.000000000  0.036067829  0.000000000 
 0.750000000  0.185329296  0.644864587  0.058448392  0.060854445  0.000320490  0.009166669  0.076038048  0.000425377  0.000000000  0.058233448  0.000000000 
 0.875000000  0.221349070  0.774950805  0.082659805  0.088814220  0.000718255  0.009166669  0.111093580  0.000916774  0.000000000  0.085684763  0.000000000 
 0.977781507  0.250000000  0.881650917  0.105621420  0.115935035  0.001274994  0.014558759  0.145774578  0.001625804  0.000000000  0.112743131  0.000000000 
 1.000000000  0.257596085  0.905132015  0.111201742  0.122539823  0.001423731  0.014558759  0.152610025  0.001804771  0.000000000  0.122374824  0.000000000 
 1.125000000  0.295776769  1.035833065  0.145608995  0.162995566  0.002512669  0.014558759  0.195763781  0.003070632  0.000000000  0.162606584  0.000000000 
 1.250000000  0.335049793  1.166857378  0.184435550  0.209021346  0.004264944  0.014558759  0.255284547  0.005190426  0.000000000  0.208758569  0.000000000 
 1.370503907  0.375000000  1.293810954  0.226223762  0.259202664  0.006753730  0.016216600  0.321871422  0.008330172  0.000000000  0.259269773  0.000000000 
 1.375000000  0.376725435  1.298626759  0.227918347  0.261243935  0.006860773  0.016216600  0.322399651  0.008460927  0.000000000  0.262210823  0.000000000 
 1.500000000  0.424444312  1.432425456  0.278253939  0.321412514  0.010371017  0.016216600  0.341772095  0.012663697  0.000000000  0.323021153  0.000000000 
 1.625000000  0.479547355  1.569031991  0.334442800  0.388504693  0.015461889  0.016216600  0.430879074  0.018979498  0.000000000  0.391668840  0.000000000 
 1.666639663  0.500000000  1.615423501  0.354623981  0.413002640  0.017567413  0.059134128  0.462456589  0.021648564  0.000000000  0.417395876  0.000000000 
 1.750000000  0.546890529  1.711066940  0.398057995  0.465508206  0.022418224  0.059134128  0.528294549  0.027569053  0.000000000  0.487190306  0.000000000 
 1.864110009  0.625000000  1.849349924  0.464039656  0.543922034  0.030967266  0.065873930  0.630699925  0.037879327  0.000000000  0.569537545  0.000000000 
 1.875000000  0.633435132  1.863124660  0.470751220  0.551919165  0.031897969  0.065873930  0.640827489  0.038964464  0.000000000  0.579135573  0.000000000 
 1.937500000  0.687500000  1.945763997  0.511034116  0.599824172  0.037615930  0.109272599  0.700507577  0.045452901  0.000000000  0.631331973  0.000000000 

 0.049396097  0.125000000  0.000000000  0.000000000  0.000000000  0.000000000  0.000000000  0.000000000  0.000000000  0.000000000  0.000000000  0.000000000 
 0.075439977  0.250000000  0.127684313  0.003581282  0.003546953  0.000000359  0.004271611  0.002494968  0.000000154  0.000000000  0.003208257  0.000000000 
 0.100822761  0.375000000  0.255235423  0.008684625  0.008566640  0.000003003  0.008079547  0.006697640  0.000002033  0.000000000  0.007776098  0.008712931 
 0.124719621  0.500000000  0.382499164  0.015265689  0.015043510  0.000012161  0.008149403  0.013516465  0.000013225  0.000000000  0.013793914  0.015324898 
 0.125000000  0.501754864  0.384276285  0.015368566  0.015145465  0.000012373  0.008149403  0.013540364  0.000013455  0.000000000  0.013897429  0.015430888 
 0.151411232  0.625000000  0.510319599  0.023896935  0.024042903  0.000031305  0.035719520  0.018049806  0.000088985  0.000000000  0.023684824  0.024003387 
 0.176404503  0.750000000  0.637793767  0.034272813  0.035279720  0.000065388  0.061235314  0.032800152  0.000220791  0.000000000  0.034564582  0.034440446 
 0.201557034  0.875000000  0.765299256  0.045818473  0.047902068  0.000124744  0.080611781  0.050099953  0.000417705  0.000000000  0.046790735  0.046057113 
 0.228605706  1.000000000  0.893192300  0.058668863  0.062087042  0.000216793  0.089891312  0.070281772  0.000719520  0.000000000  0.060512446  0.058987690 
 0.250000000  1.089869504  0.985573270  0.068830275  0.073384935  0.000309907  0.089891312  0.086934146  0.001011197  0.000000000  0.071609316  0.069119509 
 0.259926488  1.125000000  1.022079254  0.073179831  0.078205551  0.000349037  0.136302008  0.094657837  0.001161148  0.000000000  0.079092216  0.073592671 
 0.296066409  1.250000000  1.152198791  0.089944743  0.096614905  0.000513434  0.168805466  0.121601641  0.001784690  0.000000000  0.097265167  0.090463848 
 0.337170047  1.375000000  1.283783399  0.108338114  0.116770935  0.000755799  0.184241636  0.150463874  0.002626247  0.000000000  0.117174409  0.108970800 
 0.375000000  1.472752662  1.388600804  0.124251460  0.134283858  0.001011177  0.184241636  0.175639723  0.003522774  0.000000000  0.134614639  0.124904927 
 0.387263170  1.500000000  1.418480609  0.129061331  0.139575993  0.001089465  0.225629560  0.183334920  0.003814997  0.000000000  0.141444558  0.129820296 
 0.448167093  1.625000000  1.557528399  0.152788229  0.165337301  0.001513935  0.244034522  0.219396702  0.005370308  0.000000000  0.167516036  0.153688442 
 0.500000000  1.713744368  1.660301027  0.171564810  0.185701421  0.001923049  0.244034522  0.249608766  0.007040451  0.000000000  0.188434148  0.172533881 
 0.525114961  1.750000000  1.704405813  0.180010520  0.194872081  0.002118060  0.275763239  0.263371895  0.007883228  0.000000000  0.199468345  0.181069013 
 0.624626510  1.875000000  1.864179241  0.211917314  0.229102644  0.002963861  0.275875376  0.315480552  0.011697784  0.000000000  0.235224294  0.213158500 
 0.625000000  1.875419681  1.864741048  0.212033565  0.229230853  0.002967188  0.275875376  0.315769596  0.011715446  0.000000000  0.235367297  0.213265372 
 0.687500000  1.937500000  1.952833136  0.230670079  0.249832948  0.003508346  0.293365385  0.363688860  0.014810130  0.000000000  0.259603374  0.000000000 

