xp yp distance tau_avg0tran tau_avg2tran tau_vartran tau_avg0carte tau_avg2carte tau_varcarte  tau_avg0 tau_avg2 tau_var

 0.047709820  0.125000000  0.000000000  0.000000000  0.000000000  0.000000000  0.000000000  0.000000000  0.000000000  0.000000000  0.000000000  0.000000000 
 0.073928099  0.250000000  0.127719999  0.003664119  0.003626122  0.000000392  0.004389626  0.002537193  0.000000152  0.000000000  0.003256302  0.000000000 
 0.099898427  0.375000000  0.255389330  0.008946158  0.008813569  0.000003332  0.008349861  0.006851550  0.000002117  0.000000000  0.007970269  0.000000000 
 0.124501734  0.500000000  0.382787613  0.015819208  0.015565991  0.000013735  0.008475300  0.013891991  0.000014190  0.000000000  0.014241578  0.000000000 
 0.125000000  0.503043448  0.385871579  0.016006405  0.015751300  0.000014160  0.008475300  0.014035913  0.000014637  0.000000000  0.014429902  0.973892083 
 0.151922056  0.625000000  0.510764324  0.024892077  0.025054393  0.000036526  0.036339038  0.024175232  0.000097052  0.000000000  0.024644886  0.000000000 
 0.177545019  0.750000000  0.638363447  0.035849490  0.037004660  0.000078212  0.062196848  0.039589570  0.000243053  0.000000000  0.036217195  0.000000000 
 0.203170939  0.875000000  0.765963164  0.048081436  0.050487313  0.000151460  0.081713998  0.057853880  0.000468276  0.000000000  0.049285771  0.000000000 
 0.230542533  1.000000000  0.893924893  0.061717189  0.065675548  0.000265941  0.090594602  0.079388811  0.000822468  0.000000000  0.063993584  0.000000000 
 0.250000000  1.081868076  0.978073422  0.071505858  0.076664721  0.000370493  0.090594602  0.095638136  0.001133368  0.000000000  0.074835691  0.348267550 
 0.262178364  1.125000000  1.022891671  0.077158469  0.082990015  0.000430942  0.138836453  0.105825469  0.001353248  0.000000000  0.084705600  0.000000000 
 0.298322020  1.250000000  1.153012245  0.094970904  0.102741027  0.000643111  0.172473798  0.134773936  0.002116329  0.000000000  0.104223097  0.000000000 
 0.339327822  1.375000000  1.284566324  0.114502162  0.124364561  0.000952682  0.188016591  0.166019826  0.003160890  0.000000000  0.125601133  0.000000000 
 0.375000000  1.468003697  1.384176524  0.130524008  0.142184381  0.001259553  0.188016591  0.192007007  0.004218582  0.000000000  0.143392329  0.258283489 
 0.389263280  1.500000000  1.419208004  0.136499633  0.148827995  0.001376806  0.231511592  0.201799941  0.004646685  0.000000000  0.152029342  0.000000000 
 0.449776238  1.625000000  1.558084993  0.161654394  0.176425497  0.001923394  0.250578613  0.240947529  0.006612199  0.000000000  0.179965057  0.000000000 
 0.500000000  1.711754189  1.658328275  0.181068991  0.197706601  0.002431688  0.250578613  0.273238622  0.008678451  0.000000000  0.201836761  0.307004700 
 0.526229906  1.750000000  1.704704454  0.190483690  0.208037059  0.002693603  0.284096289  0.289070898  0.009804291  0.000000000  0.214320678  0.000000000 
 0.625000000  1.874984876  1.864005273  0.224231866  0.244620077  0.003770250  0.284096289  0.346125988  0.014655253  0.000000000  0.252501519  0.000383622 
 0.625014586  1.875000000  1.864026285  0.224236482  0.244625103  0.003770410  0.322028731  0.346134158  0.014656028  0.000000000  0.252507311  0.000000000 
 0.687500000  1.937500000  1.952404319  0.244076497  0.266286410  0.004478086  0.340625681  0.380629404  0.018030083  0.000000000  0.276539728  0.000000000 

 0.125000000  0.031835823  0.000000000  0.000000000  0.000000000  0.000000000  0.000000000  0.000000000  0.000000000  0.000000000  0.000000000  0.000000000 
 0.250000000  0.055854247  0.127286624  0.004415613  0.004349598  0.000000777  0.000000000  0.005059601  0.000001319  0.000000000  0.003630340  0.000000000 
 0.375000000  0.084721429  0.255576586  0.011493712  0.011220761  0.000007170  0.000000000  0.013917099  0.000013139  0.000000000  0.009729023  0.253050691 
 0.500000000  0.116048668  0.384442391  0.021644392  0.021017829  0.000033248  0.000000000  0.027540721  0.000059550  0.000000000  0.018726877  0.000000000 
 0.541132082  0.125000000  0.426537220  0.025689739  0.024964461  0.000051600  0.009471313  0.032975957  0.000089415  0.000000000  0.022695449  0.000000000 
 0.625000000  0.150635762  0.514235680  0.035719895  0.035621555  0.000108574  0.009471313  0.045498139  0.000166911  0.000000000  0.034087065  0.795323372 
 0.750000000  0.185010626  0.643876072  0.053934270  0.056265176  0.000269758  0.009471313  0.069424573  0.000365427  0.000000000  0.054113229  0.000000000 
 0.875000000  0.218854755  0.773376748  0.075469475  0.081177926  0.000593632  0.009471313  0.100180873  0.000767418  0.000000000  0.078505414  0.990742618 
 0.990742618  0.250000000  0.893236582  0.098422450  0.108307272  0.001108519  0.011453519  0.134631166  0.001422892  0.000000000  0.105302382  0.250000000 
 1.000000000  0.253050691  0.902983676  0.100479900  0.110743391  0.001158688  0.011453519  0.136188549  0.001483354  0.000000000  0.108853370  0.000000000 
 1.125000000  0.289958826  1.033318669  0.130653123  0.146263438  0.002011935  0.011453519  0.160170273  0.002454887  0.000000000  0.144104489  0.000000000 
 1.250000000  0.328318228  1.164072039  0.164391580  0.186301782  0.003372028  0.011453519  0.210378006  0.004030187  0.000000000  0.184121246  0.377264261 
 1.375000000  0.369748503  1.295759045  0.201993499  0.231459402  0.005371384  0.011453519  0.268875247  0.006412310  0.000000000  0.229309711  0.000000000 
 1.390520222  0.375000000  1.312143658  0.206954686  0.237529433  0.005673668  0.048607603  0.276520776  0.006778554  0.000000000  0.235603307  0.875000000 
 1.500000000  0.417818697  1.429699017  0.244885397  0.283729009  0.008168144  0.048607603  0.331309017  0.009634668  0.000000000  0.303747065  0.218854755 
 1.625000000  0.473842773  1.566679662  0.293363269  0.341686652  0.012023591  0.048607603  0.403487046  0.013921555  0.000000000  0.362741668  0.000000000 
 1.676539116  0.500000000  1.624476557  0.315044490  0.367863278  0.014031494  0.081570617  0.436741842  0.016196249  0.000000000  0.390148552  0.000000000 
 1.750000000  0.542948066  1.709570844  0.348397680  0.408037310  0.017336474  0.081570617  0.485850410  0.019748924  0.000000000  0.442644035  0.658387661 
 1.866548976  0.625000000  1.852105695  0.407031126  0.477560988  0.024041693  0.086140513  0.574548633  0.026788289  0.000000000  0.515386674  0.000000000 
 1.875000000  0.631844044  1.862980471  0.411616600  0.483010161  0.024604368  0.086140513  0.581276695  0.027351592  0.000000000  0.521890629  0.750000000 
 1.937500000  0.687500000  1.946669391  0.447079651  0.525074784  0.029058081  0.124480733  0.632410716  0.031651667  0.000000000  0.567713638  0.185010626 

