xp yp distance tau_avg0tran tau_avg2tran tau_vartran tau_avg0carte tau_avg2carte tau_varcarte  tau_avg0 tau_avg2 tau_var

 0.125000000  0.026583474  0.000000000  0.000000000  0.000000000  0.000000000  0.000000000  0.000000000  0.000000000  0.000000000  0.000000000  0.000000000 
 0.250000000  0.048555277  0.126916351  0.004682601  0.004614869  0.000000929  0.000000000  0.005356405  0.000001431  0.000000000  0.003740549  0.000000000 
 0.375000000  0.077021942  0.255116784  0.012476842  0.012185658  0.000008568  0.000000000  0.015082795  0.000014226  0.000000000  0.010354897  0.012474408 
 0.500000000  0.110070787  0.384411896  0.024095779  0.023403289  0.000039631  0.000000000  0.030581038  0.000064595  0.000000000  0.020517906  0.024089580 
 0.561430168  0.125000000  0.447630145  0.031333201  0.030457331  0.000075080  0.008773186  0.040267961  0.000117310  0.000000000  0.027471991  0.031318082 
 0.625000000  0.147093189  0.514929718  0.040533711  0.040138926  0.000129877  0.008773186  0.051711208  0.000184004  0.000000000  0.037751653  0.040521296 
 0.750000000  0.185332922  0.645648030  0.062488902  0.064525992  0.000320743  0.008773186  0.080569671  0.000393735  0.000000000  0.061293018  0.062466508 
 0.875000000  0.223282216  0.776281674  0.089200898  0.094483519  0.000707247  0.008773186  0.118714202  0.000851733  0.000000000  0.090597126  0.089164430 
 0.967959981  0.250000000  0.873004981  0.112166199  0.120652607  0.001176813  0.017419910  0.152676747  0.001460205  0.000000000  0.116762283  0.112129565 
 1.000000000  0.261320480  0.906986095  0.121095182  0.130840274  0.001372258  0.017419910  0.164162318  0.001703143  0.000000000  0.131943162  0.121039734 
 1.125000000  0.300737497  1.038053639  0.159574739  0.174271098  0.002356314  0.017419910  0.215406124  0.002947682  0.000000000  0.175029308  0.159496080 
 1.250000000  0.340877255  1.169340349  0.203339731  0.223652293  0.003905422  0.017419910  0.282389176  0.005189570  0.000000000  0.224525082  0.203232872 
 1.354130005  0.375000000  1.278918721  0.243868189  0.269796095  0.005724309  0.026069259  0.345840260  0.008128743  0.000000000  0.271309129  0.243770602 
 1.375000000  0.382905761  1.301235929  0.252700222  0.279885052  0.006131250  0.026069259  0.357006429  0.008801436  0.000000000  0.286283751  0.252559704 
 1.500000000  0.430232862  1.434895401  0.309701349  0.344327831  0.008992202  0.026069259  0.431541265  0.013794337  0.000000000  0.351568121  0.309522519 
 1.625000000  0.484521701  1.571175546  0.373470708  0.416052771  0.013132708  0.026069259  0.532067983  0.021596574  0.000000000  0.425324832  0.373248413 
 1.657451139  0.500000000  1.607129046  0.391227781  0.436374155  0.014447565  0.079673716  0.559015384  0.024150842  0.000000000  0.446874423  0.391021635 
 1.750000000  0.550322907  1.712474604  0.445503410  0.498345820  0.018681724  0.079673716  0.639398709  0.032427848  0.000000000  0.529561148  0.445232876 
 1.861848150  0.625000000  1.846961321  0.518375508  0.580170463  0.025332884  0.088810904  0.749775728  0.045662149  0.000000000  0.616429535  0.518066219 
 1.875000000  0.634793314  1.863358886  0.527416477  0.590401538  0.026219001  0.088810904  0.762368746  0.047417184  0.000000000  0.628581898  0.527093281 
 1.937500000  0.687500000  1.945116117  0.572336719  0.641404864  0.030757627  0.137056096  0.824292540  0.056317551  0.000000000  0.684739027  0.571987118 

 0.050555338  0.125000000  0.000000000  0.000000000  0.000000000  0.000000000  0.000000000  0.000000000  0.000000000  0.000000000  0.000000000  0.000000000 
 0.076403733  0.250000000  0.127644583  0.003521431  0.003490591  0.000000328  0.004201913  0.002464357  0.000000154  0.000000000  0.003172461  0.000000000 
 0.101341521  0.375000000  0.255107885  0.008498336  0.008393484  0.000002694  0.007923007  0.006592239  0.000001976  0.000000000  0.007635592  0.008499291 
 0.124759758  0.500000000  0.382282622  0.014877371  0.014681556  0.000010719  0.007982333  0.013261631  0.000012562  0.000000000  0.013476402  0.014879355 
 0.125000000  0.501527221  0.383828623  0.014963927  0.014767422  0.000010880  0.007982333  0.013261676  0.000012745  0.000000000  0.013563469  0.014965987 
 0.150943258  0.625000000  0.509997477  0.023201138  0.023317861  0.000026573  0.035313013  0.015425205  0.000082878  0.000000000  0.022999578  0.023204681 
 0.175543496  0.750000000  0.637395169  0.033180150  0.034021535  0.000053771  0.060532508  0.029689090  0.000204084  0.000000000  0.033359035  0.033185702 
 0.200428430  0.875000000  0.764848140  0.044265426  0.046011688  0.000100966  0.079738645  0.046276339  0.000379695  0.000000000  0.044964269  0.044273308 
 0.227315905  1.000000000  0.892707189  0.056595923  0.059471336  0.000173905  0.089211513  0.065440483  0.000641476  0.000000000  0.057972496  0.056606437 
 0.250000000  1.095079690  0.990455414  0.066937849  0.070840154  0.000252675  0.089211513  0.082088619  0.000906477  0.000000000  0.069105434  0.066947504 
 0.258464393  1.125000000  1.021549962  0.070498573  0.074740849  0.000278511  0.134227589  0.088301620  0.001014469  0.000000000  0.075142967  0.070512160 
 0.294625622  1.250000000  1.151675419  0.086575330  0.092185623  0.000402617  0.165855311  0.113758123  0.001532166  0.000000000  0.092346299  0.086592398 
 0.335828020  1.375000000  1.283290910  0.104232649  0.111310981  0.000589992  0.181125462  0.140804037  0.002215553  0.000000000  0.111225754  0.104253442 
 0.375000000  1.475638680  1.391284373  0.119998535  0.128467459  0.000796475  0.181125462  0.164950728  0.002954893  0.000000000  0.128287834  0.120020131 
 0.386030656  1.500000000  1.418026648  0.124137443  0.132970277  0.000850634  0.221054213  0.171392284  0.003163077  0.000000000  0.134073986  0.124162379 
 0.447192066  1.625000000  1.557187411  0.146948340  0.157458477  0.001176804  0.238974586  0.205175939  0.004391290  0.000000000  0.158856016  0.146977915 
 0.500000000  1.714916659  1.661464367  0.165269842  0.177116340  0.001501906  0.238974586  0.233409262  0.005707657  0.000000000  0.179052496  0.165301759 
 0.524445714  1.750000000  1.704224556  0.173143349  0.185574004  0.001649265  0.269518552  0.245756509  0.006341275  0.000000000  0.189202221  0.173178131 
 0.624416240  1.875000000  1.864284251  0.203863051  0.218175630  0.002311274  0.269686487  0.293944100  0.009298113  0.000000000  0.223293675  0.203903855 
 0.625000000  1.875653135  1.865160243  0.204037368  0.218365980  0.002315350  0.269686487  0.294119800  0.009319147  0.000000000  0.223506204  0.204077890 
 0.687500000  1.937500000  1.953087967  0.221925222  0.237944291  0.002737407  0.286463610  0.312650110  0.011672538  0.000000000  0.246506773  0.000000000 

