xp yp distance tau_avg0tran tau_avg2tran tau_vartran tau_avg0carte tau_avg2carte tau_varcarte  tau_avg0 tau_avg2 tau_var

 0.125000000  0.027429856  0.000000000  0.000000000  0.000000000  0.000000000  0.000000000  0.000000000  0.000000000  0.000000000  0.000000000  0.000000000 
 0.250000000  0.049770197  0.126980671  0.004637646  0.004568241  0.000000920  0.000000000  0.005316575  0.000001452  0.000000000  0.003722594  0.000000000 
 0.375000000  0.078353299  0.255207009  0.012308323  0.012008285  0.000008563  0.000000000  0.014940104  0.000014675  0.000000000  0.010249060  0.010240448 
 0.500000000  0.111152797  0.384438611  0.023667908  0.022946899  0.000040124  0.000000000  0.030234525  0.000067870  0.000000000  0.020208183  0.020183079 
 0.558035659  0.125000000  0.444103364  0.030298370  0.029394583  0.000074135  0.008930666  0.039206653  0.000120289  0.000000000  0.026603407  0.026533577 
 0.625000000  0.147775016  0.514834717  0.039679703  0.039318271  0.000133924  0.008930666  0.051021783  0.000197016  0.000000000  0.037117830  0.037066497 
 0.750000000  0.185354072  0.645361287  0.060952219  0.063274209  0.000337514  0.008930666  0.079348617  0.000436289  0.000000000  0.060334220  0.060241336 
 0.875000000  0.222580780  0.775786851  0.086703990  0.092753184  0.000757756  0.008930666  0.116646670  0.000949261  0.000000000  0.089276017  0.089127180 
 0.971486969  0.250000000  0.876094123  0.109663111  0.119596585  0.001303203  0.016326672  0.151195676  0.001646547  0.000000000  0.116154485  0.116034550 
 1.000000000  0.259950617  0.906293589  0.117306220  0.128550321  0.001502358  0.016326672  0.161060241  0.001887740  0.000000000  0.129292695  0.129002158 
 1.125000000  0.298893933  1.037219453  0.154209856  0.171433327  0.002648782  0.016326672  0.210099953  0.003255744  0.000000000  0.171945027  0.171567961 
 1.250000000  0.338705306  1.168406135  0.196061428  0.220352207  0.004491314  0.016326672  0.274822891  0.005612726  0.000000000  0.221049834  0.220571517 
 1.360265560  0.375000000  1.284491441  0.237169480  0.268999407  0.006847062  0.022172848  0.340327324  0.008815265  0.000000000  0.270278275  0.269921782 
 1.375000000  0.380608294  1.300257122  0.243140708  0.276088080  0.007208187  0.022172848  0.347442928  0.009298048  0.000000000  0.280663838  0.279928220 
 1.500000000  0.428069843  1.433964260  0.297549247  0.340122723  0.010857795  0.022172848  0.414266880  0.014209847  0.000000000  0.345471406  0.344599830 
 1.625000000  0.482665528  1.570366932  0.358374378  0.411575314  0.016158648  0.022172848  0.511519098  0.021696369  0.000000000  0.418763776  0.417737324 
 1.660943350  0.500000000  1.610271923  0.377170782  0.434042473  0.018038348  0.071534319  0.540817593  0.024409742  0.000000000  0.442461470  0.441569810 
 1.750000000  0.549041875  1.711938989  0.427139128  0.493551975  0.023370537  0.071534319  0.616724526  0.031928352  0.000000000  0.522114824  0.520820932 
 1.862707132  0.625000000  1.847852691  0.497368195  0.575762997  0.032100726  0.079713772  0.725823498  0.044230838  0.000000000  0.608821749  0.607392913 
 1.875000000  0.634289817  1.863260978  0.505480413  0.585300065  0.033180180  0.079713772  0.737900812  0.045719693  0.000000000  0.620257333  0.618748599 
 1.937500000  0.687500000  1.945343702  0.548607828  0.635982633  0.039063682  0.126087589  0.801073421  0.053679980  0.000000000  0.675638210  0.000000000 

 0.050131789  0.125000000  0.000000000  0.000000000  0.000000000  0.000000000  0.000000000  0.000000000  0.000000000  0.000000000  0.000000000  0.000000000 
 0.076053748  0.250000000  0.127659500  0.003543135  0.003510706  0.000000342  0.004226984  0.002475579  0.000000155  0.000000000  0.003185492  0.000000000 
 0.101154461  0.375000000  0.255154778  0.008565742  0.008454976  0.000002837  0.007979199  0.006629454  0.000001997  0.000000000  0.007686484  0.008571338 
 0.124746756  0.500000000  0.382361682  0.015017608  0.014810053  0.000011385  0.008041937  0.013351222  0.000012804  0.000000000  0.013591123  0.015029265 
 0.125000000  0.501600755  0.383982345  0.015109455  0.014901123  0.000011565  0.008041937  0.013357618  0.000013003  0.000000000  0.013683521  0.015121567 
 0.151114477  0.625000000  0.510114575  0.023451931  0.023584693  0.000028775  0.035457707  0.016216276  0.000085173  0.000000000  0.023246495  0.023472803 
 0.175857239  0.750000000  0.637539864  0.033573406  0.034498344  0.000059211  0.060783796  0.030663285  0.000210493  0.000000000  0.033811251  0.033606161 
 0.200839479  0.875000000  0.765011870  0.044823911  0.046738422  0.000112100  0.080052219  0.047523137  0.000394674  0.000000000  0.045662244  0.044870451 
 0.227785807  1.000000000  0.892883308  0.057341006  0.060485138  0.000193963  0.089457554  0.067088509  0.000673098  0.000000000  0.058953108  0.057403112 
 0.250000000  1.093183715  0.988678272  0.067620532  0.071854933  0.000280275  0.089457554  0.083791797  0.000951598  0.000000000  0.070099813  0.067677303 
 0.258996805  1.125000000  1.021742127  0.071461757  0.076089598  0.000311540  0.134975778  0.090556140  0.001075608  0.000000000  0.076657918  0.071542067 
 0.295150296  1.250000000  1.151865433  0.087785345  0.093917164  0.000454705  0.166919952  0.116620592  0.001639268  0.000000000  0.094245717  0.087886253 
 0.336316644  1.375000000  1.283469643  0.105706792  0.113450810  0.000667893  0.182252193  0.144434747  0.002393667  0.000000000  0.113532537  0.105829734 
 0.375000000  1.474592545  1.390311007  0.121528171  0.130771562  0.000898486  0.182252193  0.169103080  0.003210066  0.000000000  0.130766031  0.121655611 
 0.386479017  1.500000000  1.418191226  0.125905302  0.135562427  0.000962791  0.222705916  0.176020484  0.003453247  0.000000000  0.136932855  0.126052745 
 0.447546382  1.625000000  1.557310683  0.149045038  0.160554768  0.001335332  0.240801839  0.210793992  0.004835370  0.000000000  0.162223140  0.149219906 
 0.500000000  1.714492980  1.661042912  0.167531616  0.180503725  0.001700760  0.240801839  0.239983699  0.006324928  0.000000000  0.182714689  0.167720166 
 0.524688357  1.750000000  1.704289455  0.175609013  0.189230447  0.001869665  0.271771796  0.252928967  0.007055107  0.000000000  0.193199540  0.175814643 
 0.624491952  1.875000000  1.864244941  0.206755352  0.222477266  0.002618220  0.271920239  0.302912075  0.010426356  0.000000000  0.227943957  0.206996540 
 0.625000000  1.875569316  1.865007983  0.206909367  0.222646342  0.002622225  0.271920239  0.303174306  0.010447419  0.000000000  0.228132629  0.207148835 
 0.687500000  1.937500000  1.952994685  0.225065989  0.242625060  0.003100259  0.288953293  0.335064803  0.013159257  0.000000000  0.251618980  0.000000000 

