xp yp distance tau_avg0tran tau_avg2tran tau_vartran tau_avg0carte tau_avg2carte tau_varcarte  tau_avg0 tau_avg2 tau_var

 0.125000000  0.026684867  0.000000000  0.000000000  0.000000000  0.000000000  0.000000000  0.000000000  0.000000000  0.000000000  0.000000000  0.000000000 
 0.250000000  0.048701533  0.126924125  0.004677156  0.004609182  0.000000929  0.000000000  0.005351799  0.000001434  0.000000000  0.003738384  0.000000000 
 0.375000000  0.077183202  0.255127891  0.012456376  0.012163847  0.000008573  0.000000000  0.015066721  0.000014296  0.000000000  0.010342063  0.012160953 
 0.500000000  0.110202856  0.384415545  0.024043669  0.023346727  0.000039732  0.000000000  0.030542998  0.000065099  0.000000000  0.020480228  0.023339235 
 0.561021682  0.125000000  0.447205680  0.031206238  0.030325440  0.000075069  0.008793017  0.040144642  0.000117917  0.000000000  0.027365601  0.030307964 
 0.625000000  0.147177165  0.514918691  0.040429392  0.040037711  0.000130576  0.008793017  0.051636666  0.000186011  0.000000000  0.037674507  0.040024281 
 0.750000000  0.185337067  0.645613673  0.062300791  0.064377977  0.000323492  0.008793017  0.080439128  0.000400228  0.000000000  0.061184125  0.064358119 
 0.875000000  0.223198686  0.776221874  0.088894639  0.094288033  0.000715415  0.008793017  0.118492686  0.000866817  0.000000000  0.090458123  0.094261483 
 0.968378097  0.250000000  0.873370108  0.111858631  0.120549949  0.001195882  0.017286025  0.152536931  0.001488031  0.000000000  0.116723752  0.120535365 
 1.000000000  0.261155982  0.906902193  0.120629624  0.130594519  0.001393147  0.017286025  0.163832100  0.001732155  0.000000000  0.131659047  0.130560666 
 1.125000000  0.300514871  1.037952267  0.158914437  0.173982921  0.002402901  0.017286025  0.214838292  0.002996934  0.000000000  0.174720492  0.173942594 
 1.250000000  0.340614605  1.169226746  0.202442841  0.223342481  0.003998495  0.017286025  0.281568087  0.005260018  0.000000000  0.224206975  0.223298102 
 1.354874040  0.375000000  1.279593950  0.243048465  0.269827889  0.005894013  0.025583097  0.345303956  0.008238216  0.000000000  0.271328447  0.269827767 
 1.375000000  0.382628287  1.301117077  0.251520977  0.279559184  0.006302115  0.025583097  0.355974762  0.008889680  0.000000000  0.285747931  0.279511167 
 1.500000000  0.429970940  1.434782057  0.308200778  0.344005664  0.009287181  0.025583097  0.429756720  0.013880830  0.000000000  0.351028543  0.343956341 
 1.625000000  0.484297156  1.571077096  0.371605551  0.415762836  0.013610834  0.025583097  0.529930215  0.021653826  0.000000000  0.424793695  0.415715606 
 1.657877706  0.500000000  1.607512283  0.389497393  0.436365786  0.015003737  0.078656468  0.557187967  0.024232027  0.000000000  0.446625779  0.436355396 
 1.750000000  0.550167906  1.712409070  0.443233625  0.498091071  0.019421764  0.078656468  0.637071103  0.032421179  0.000000000  0.529033285  0.498046040 
 1.861953041  0.625000000  1.847069108  0.515780427  0.580034606  0.026395477  0.087673416  0.747364712  0.045546503  0.000000000  0.615948401  0.580002990 
 1.875000000  0.634732614  1.863346297  0.524704910  0.590188760  0.027316136  0.087673416  0.759910903  0.047267594  0.000000000  0.628026667  0.590146636 
 1.937500000  0.687500000  1.945142673  0.569403612  0.641189068  0.032064822  0.135687520  0.822048608  0.056048238  0.000000000  0.684119711  0.641145316 

 0.050504494  0.125000000  0.000000000  0.000000000  0.000000000  0.000000000  0.000000000  0.000000000  0.000000000  0.000000000  0.000000000  0.000000000 
 0.076361805  0.250000000  0.127646389  0.003524023  0.003492985  0.000000329  0.004204905  0.002465702  0.000000154  0.000000000  0.003174020  0.000000000 
 0.101319126  0.375000000  0.255113513  0.008506378  0.008400791  0.000002712  0.007929713  0.006596644  0.000001978  0.000000000  0.007641666  0.008404787 
 0.124758181  0.500000000  0.382292086  0.014894087  0.014696819  0.000010802  0.007989452  0.013272208  0.000012590  0.000000000  0.013490079  0.014705165 
 0.125000000  0.501536199  0.383847201  0.014981281  0.014783312  0.000010965  0.007989452  0.013272973  0.000012776  0.000000000  0.013577787  0.014791996 
 0.150963682  0.625000000  0.510011471  0.023231001  0.023349778  0.000026847  0.035330194  0.015518688  0.000083152  0.000000000  0.023028964  0.023367177 
 0.175580972  0.750000000  0.637412456  0.033226947  0.034078895  0.000054448  0.060562373  0.029804525  0.000204852  0.000000000  0.033413296  0.034110086 
 0.200477575  0.875000000  0.764867706  0.044331864  0.046099349  0.000102350  0.079775988  0.046424553  0.000381499  0.000000000  0.045048325  0.046146959 
 0.227372132  1.000000000  0.892728244  0.056684544  0.059593808  0.000176396  0.089240950  0.065637276  0.000645305  0.000000000  0.058090825  0.059660280 
 0.250000000  1.094852875  0.990242798  0.067019211  0.070963643  0.000256130  0.089240950  0.082293771  0.000912027  0.000000000  0.069226310  0.071030501 
 0.258528115  1.125000000  1.021572942  0.070613109  0.074903892  0.000282608  0.134316788  0.088572083  0.001021907  0.000000000  0.075325393  0.074992352 
 0.294688438  1.250000000  1.151698147  0.086719202  0.092395085  0.000409078  0.165982245  0.114102821  0.001545236  0.000000000  0.092575333  0.092508694 
 0.335886529  1.375000000  1.283312290  0.104407921  0.111569947  0.000599651  0.181259922  0.141243179  0.002237375  0.000000000  0.111504161  0.111710376 
 0.375000000  1.475513673  1.391168037  0.120180557  0.128747058  0.000809163  0.181259922  0.165456516  0.002986415  0.000000000  0.128587700  0.128898539 
 0.386084332  1.500000000  1.418046330  0.124347637  0.133284052  0.000864536  0.221251150  0.171954877  0.003198790  0.000000000  0.134418992  0.133454185 
 0.447234467  1.625000000  1.557202138  0.147197637  0.157833384  0.001196453  0.239192487  0.205860928  0.004446130  0.000000000  0.159262592  0.158036637 
 0.500000000  1.714866090  1.661414016  0.165538866  0.177526913  0.001526584  0.239192487  0.234215004  0.005784214  0.000000000  0.179495165  0.177749428 
 0.524474724  1.750000000  1.704232280  0.173436532  0.186016807  0.001676582  0.269787142  0.246635465  0.006429728  0.000000000  0.189685056  0.186256854 
 0.624425265  1.875000000  1.864279495  0.204206995  0.218696715  0.002349325  0.269952788  0.295047080  0.009438290  0.000000000  0.223855590  0.218979172 
 0.625000000  1.875643158  1.865142033  0.204378927  0.218884589  0.002353401  0.269952788  0.295234417  0.009459387  0.000000000  0.224065340  0.219165688 
 0.687500000  1.937500000  1.953076775  0.222298744  0.238511359  0.002782397  0.286760347  0.315314465  0.011857471  0.000000000  0.247124744  0.000000000 

