xp yp distance tau_avg0tran tau_avg2tran tau_vartran tau_avg0carte tau_avg2carte tau_varcarte  tau_avg0 tau_avg2 tau_var

 0.125000000  0.027072794  0.000000000  0.000000000  0.000000000  0.000000000  0.000000000  0.000000000  0.000000000  0.000000000  0.000000000  0.000000000 
 0.250000000  0.049259295  0.126953696  0.004656474  0.004587558  0.000000926  0.000000000  0.005334393  0.000001448  0.000000000  0.003730136  0.000000000 
 0.375000000  0.077795679  0.255169628  0.012378772  0.012081069  0.000008595  0.000000000  0.015006301  0.000014562  0.000000000  0.010293350  0.010288484 
 0.500000000  0.110701897  0.384428357  0.023846447  0.023132588  0.000040120  0.000000000  0.030400582  0.000067001  0.000000000  0.020337520  0.020323291 
 0.559463677  0.125000000  0.445586878  0.030728103  0.029828958  0.000074999  0.008866397  0.039681196  0.000120110  0.000000000  0.026964500  0.026924665 
 0.625000000  0.147492560  0.514875584  0.040035356  0.039656592  0.000133212  0.008866397  0.051357924  0.000193549  0.000000000  0.037382403  0.037353288 
 0.750000000  0.185348719  0.645482203  0.061591266  0.063821099  0.000333774  0.008866397  0.079950221  0.000424445  0.000000000  0.060771681  0.060726227 
 0.875000000  0.222877654  0.775994351  0.087740992  0.093552483  0.000745743  0.008866397  0.117663227  0.000922818  0.000000000  0.089930123  0.089865523 
 0.969989606  0.250000000  0.874780215  0.110701599  0.120171655  0.001267552  0.016780981  0.152024510  0.001592505  0.000000000  0.116580051  0.116545692 
 1.000000000  0.260527372  0.906583506  0.118877976  0.129667594  0.001470029  0.016780981  0.162596239  0.001839518  0.000000000  0.130584598  0.130455789 
 1.125000000  0.299667314  1.037567990  0.156432871  0.172892072  0.002573507  0.016780981  0.212696164  0.003179102  0.000000000  0.173545520  0.173391824 
 1.250000000  0.339615586  1.168796282  0.199074852  0.222162363  0.004337781  0.016780981  0.278475345  0.005520636  0.000000000  0.222986341  0.222807955 
 1.357698906  0.375000000  1.282159023  0.239956276  0.269937042  0.006522291  0.023771912  0.343274228  0.008647439  0.000000000  0.271378227  0.271305459 
 1.375000000  0.381571983  1.300666287  0.247095824  0.278307297  0.006922058  0.023771912  0.352095672  0.009216465  0.000000000  0.283703549  0.283418393 
 1.500000000  0.428975565  1.434352859  0.302573683  0.342752210  0.010354797  0.023771912  0.422779707  0.014206436  0.000000000  0.348952774  0.348636200 
 1.625000000  0.483443233  1.570704342  0.364613863  0.414611649  0.015337537  0.023771912  0.521613882  0.021876251  0.000000000  0.422730720  0.422381414 
 1.659489543  0.500000000  1.608962088  0.382995336  0.436276305  0.017028525  0.074871291  0.550029755  0.024543204  0.000000000  0.445625107  0.445371248 
 1.750000000  0.549578542  1.712161771  0.434727386  0.497053210  0.022090249  0.074871291  0.628031128  0.032411598  0.000000000  0.526941989  0.526532556 
 1.862349459  0.625000000  1.847479165  0.506051838  0.579428162  0.030231897  0.083442196  0.738001300  0.045140790  0.000000000  0.614017626  0.613589154 
 1.875000000  0.634501251  1.863300352  0.514543925  0.589289374  0.031270314  0.083442196  0.750378289  0.046739576  0.000000000  0.625808698  0.625344935 
 1.937500000  0.687500000  1.945246172  0.558412325  0.640272101  0.036777796  0.130589817  0.813403557  0.055088092  0.000000000  0.681655232  0.000000000 

 0.050310273  0.125000000  0.000000000  0.000000000  0.000000000  0.000000000  0.000000000  0.000000000  0.000000000  0.000000000  0.000000000  0.000000000 
 0.076201463  0.250000000  0.127653256  0.003533961  0.003502148  0.000000336  0.004216374  0.002470858  0.000000155  0.000000000  0.003179991  0.000000000 
 0.101233496  0.375000000  0.255135030  0.008537230  0.008428767  0.000002782  0.007955412  0.006613553  0.000001988  0.000000000  0.007664963  0.008540341 
 0.124752287  0.500000000  0.382328322  0.014958254  0.014755290  0.000011128  0.008016697  0.013312876  0.000012702  0.000000000  0.013542574  0.014964727 
 0.125000000  0.501569550  0.383917299  0.015047844  0.014844138  0.000011300  0.008016697  0.013316309  0.000012894  0.000000000  0.013632697  0.015054559 
 0.151042134  0.625000000  0.510065104  0.023345714  0.023472618  0.000027927  0.035396265  0.015859932  0.000084217  0.000000000  0.023141891  0.023357293 
 0.175724699  0.750000000  0.637478718  0.033406779  0.034300403  0.000057119  0.060677186  0.030230728  0.000207844  0.000000000  0.033622750  0.033424937 
 0.200665894  0.875000000  0.764942686  0.044587220  0.046438426  0.000107818  0.079919364  0.046977813  0.000388548  0.000000000  0.045373432  0.044613009 
 0.227587448  1.000000000  0.892808906  0.057025193  0.060067974  0.000186245  0.089353612  0.066379140  0.000660299  0.000000000  0.058548974  0.057059600 
 0.250000000  1.093984245  0.989428576  0.067331536  0.071441899  0.000269771  0.089353612  0.083068298  0.000933749  0.000000000  0.069694416  0.067363047 
 0.258772070  1.125000000  1.021660956  0.071053434  0.075535562  0.000298834  0.134659089  0.089600336  0.001051119  0.000000000  0.076032124  0.071097916 
 0.294928858  1.250000000  1.151785179  0.087272341  0.093207045  0.000434690  0.166469356  0.115419689  0.001596639  0.000000000  0.093463104  0.087328223 
 0.336110431  1.375000000  1.283394152  0.105081791  0.112574101  0.000637953  0.181775609  0.142928033  0.002323334  0.000000000  0.112583620  0.105149870 
 0.375000000  1.475034657  1.390722300  0.120879995  0.129831361  0.000859435  0.181775609  0.167401482  0.003110579  0.000000000  0.129750474  0.120950624 
 0.386289761  1.500000000  1.418121698  0.125155764  0.134500925  0.000919675  0.222006896  0.174121428  0.003339699  0.000000000  0.135756971  0.125237408 
 0.447396779  1.625000000  1.557258565  0.148156084  0.159287540  0.001274415  0.240028601  0.208504815  0.004662730  0.000000000  0.160839483  0.148252914 
 0.500000000  1.714672182  1.661221054  0.166572906  0.179119445  0.001624461  0.240028601  0.237331387  0.006086688  0.000000000  0.181212023  0.166677351 
 0.524585837  1.750000000  1.704261943  0.174563657  0.187734354  0.001784967  0.270818037  0.250038372  0.006779510  0.000000000  0.191557822  0.174677525 
 0.624459897  1.875000000  1.864261405  0.205529185  0.220717918  0.002500285  0.270974814  0.299326744  0.009993031  0.000000000  0.226034837  0.205662753 
 0.625000000  1.875604836  1.865072292  0.205691878  0.220896173  0.002504355  0.270974814  0.299560161  0.010014306  0.000000000  0.226233792  0.205824506 
 0.687500000  1.937500000  1.953033995  0.223734557  0.240710746  0.002960878  0.287899368  0.326234474  0.012589713  0.000000000  0.249521386  0.223879596 

