##### Y Mean #####
0   0.00295314
1   -0.0281758
2   -0.0646034
3   -0.104807
4   -0.147926
5   -0.192082
6   -0.236622
7   -0.279817
8   -0.321137
9   -0.358597
10   -0.39264
11   -0.422548
12   -0.448804
13   -0.471104
14   -0.489746
15   -0.504624
16   -0.515949
17   -0.523722
18   -0.528234
19   -0.529653
20   -0.52827
21   -0.524373
22   -0.518163
23   -0.509955
24   -0.49994
25   -0.488486
26   -0.475809
27   -0.462303
28   -0.448127
29   -0.433593
30   -0.418799
31   -0.403965
32   -0.389139
33   -0.374449
34   -0.359912
35   -0.345595
36   -0.331509
37   -0.317692
38   -0.304154
39   -0.290922
40   -0.278009
41   -0.265433
42   -0.253208
43   0.0318667
44   0.000185257
45   -0.0396043
46   -0.0819647
47   -0.130404
48   -0.177178
49   -0.227563
50   -0.273242
51   -0.321055
52   -0.360079
53   -0.399061
54   -0.430657
55   -0.460577
56   -0.48459
57   -0.505852
58   -0.522142
59   -0.535271
60   -0.543944
61   -0.549504
62   -0.551466
63   -0.550431
64   -0.546806
65   -0.540365
66   -0.532039
67   -0.521286
68   -0.509346
69   -0.495566
70   -0.481388
71   -0.466004
72   -0.450704
73   -0.434746
74   -0.419131
75   -0.403275
76   -0.387831
77   -0.372409
78   -0.357379
79   -0.342524
80   -0.328035
81   -0.31382
82   -0.299965
83   -0.286449
84   -0.273306
85   -0.260543
86   0.066143
87   0.0364628
88   -0.00435774
89   -0.0495169
90   -0.100402
91   -0.151658
92   -0.204355
93   -0.254722
94   -0.304529
95   -0.350282
96   -0.392299
97   -0.429638
98   -0.462821
99   -0.491144
100   -0.515277
101   -0.534484
102   -0.549649
103   -0.560493
104   -0.5676
105   -0.571155
106   -0.571306
107   -0.568437
108   -0.562579
109   -0.55419
110   -0.5434
111   -0.530763
112   -0.516481
113   -0.501204
114   -0.485038
115   -0.468468
116   -0.451583
117   -0.434732
118   -0.417959
119   -0.40143
120   -0.385157
121   -0.369202
122   -0.353576
123   -0.338297
124   -0.323387
125   -0.308852
126   -0.294718
127   -0.280986
128   -0.267681
129   0.104605
130   0.0755491
131   0.0351206
132   -0.011364
133   -0.0654187
134   -0.118773
135   -0.17534
136   -0.227952
137   -0.281302
138   -0.330217
139   -0.378062
140   -0.418391
141   -0.457774
142   -0.48842
143   -0.518313
144   -0.539323
145   -0.558745
146   -0.571662
147   -0.581706
148   -0.587487
149   -0.589551
150   -0.588302
151   -0.583297
152   -0.575618
153   -0.564794
154   -0.55215
155   -0.537106
156   -0.521362
157   -0.504029
158   -0.486605
159   -0.468387
160   -0.450558
161   -0.432564
162   -0.41509
163   -0.397775
164   -0.380956
165   -0.364446
166   -0.348397
167   -0.332734
168   -0.317521
169   -0.302743
170   -0.288424
171   -0.274569
172   0.146712
173   0.12192
174   0.0812424
175   0.0345858
176   -0.02119
177   -0.0775749
178   -0.136205
179   -0.192415
180   -0.248226
181   -0.300687
182   -0.350569
183   -0.395791
184   -0.437181
185   -0.473597
186   -0.505917
187   -0.53353
188   -0.556554
189   -0.575111
190   -0.589189
191   -0.598789
192   -0.60422
193   -0.605072
194   -0.602114
195   -0.595367
196   -0.585429
197   -0.57302
198   -0.558116
199   -0.541642
200   -0.523696
201   -0.504946
202   -0.485692
203   -0.46643
204   -0.447375
205   -0.428641
206   -0.410358
207   -0.392488
208   -0.375126
209   -0.358207
210   -0.341806
211   -0.325869
212   -0.310459
213   -0.295534
214   -0.281145
215   0.190689
216   0.167031
217   0.128583
218   0.0811465
219   0.0245102
220   -0.0333965
221   -0.0943624
222   -0.152587
223   -0.210884
224   -0.265313
225   -0.317788
226   -0.365489
227   -0.410089
228   -0.449546
229   -0.485945
230   -0.517114
231   -0.54629
232   -0.567865
233   -0.589016
234   -0.600572
235   -0.612537
236   -0.614672
237   -0.61615
238   -0.610845
239   -0.602828
240   -0.591899
241   -0.57731
242   -0.56118
243   -0.542341
244   -0.522881
245   -0.502216
246   -0.481954
247   -0.46158
248   -0.441832
249   -0.422428
250   -0.403637
251   -0.385343
252   -0.367624
253   -0.350447
254   -0.333828
255   -0.31777
256   -0.30227
257   -0.287339
258   0.236011
259   0.218405
260   0.179561
261   0.132826
262   0.0751786
263   0.0154957
264   -0.0468818
265   -0.107643
266   -0.167743
267   -0.224679
268   -0.279077
269   -0.329411
270   -0.376147
271   -0.418488
272   -0.457052
273   -0.49129
274   -0.522084
275   -0.548254
276   -0.570765
277   -0.58862
278   -0.602658
279   -0.612523
280   -0.617759
281   -0.619067
282   -0.615343
283   -0.607407
284   -0.59525
285   -0.57911
286   -0.560275
287   -0.539795
288   -0.518301
289   -0.496595
290   -0.475246
291   -0.454203
292   -0.433879
293   -0.414044
294   -0.394947
295   -0.376387
296   -0.35852
297   -0.341211
298   -0.324565
299   -0.308492
300   -0.293068
301   0.280394
302   0.264109
303   0.229268
304   0.18274
305   0.125389
306   0.0650966
307   0.00133963
308   -0.0607214
309   -0.122745
310   -0.181197
311   -0.237698
312   -0.289679
313   -0.338663
314   -0.382771
315   -0.423548
316   -0.459562
317   -0.492206
318   -0.520646
319   -0.545538
320   -0.566567
321   -0.584443
322   -0.598355
323   -0.610515
324   -0.615347
325   -0.620238
326   -0.614068
327   -0.608022
328   -0.592458
329   -0.574632
330   -0.554443
331   -0.53209
332   -0.509874
333   -0.487386
334   -0.46549
335   -0.444179
336   -0.423551
337   -0.403641
338   -0.384394
339   -0.365849
340   -0.347954
341   -0.330734
342   -0.314162
343   -0.298247
344   0.323187
345   0.315269
346   0.280636
347   0.235951
348   0.179006
349   0.117266
350   0.0529683
351   -0.0109888
352   -0.0741928
353   -0.134694
354   -0.192596
355   -0.246633
356   -0.29709
357   -0.343211
358   -0.38547
359   -0.423406
360   -0.457686
361   -0.488019
362   -0.514853
363   -0.538115
364   -0.558116
365   -0.574764
366   -0.588605
367   -0.598512
368   -0.605132
369   -0.607334
370   -0.604507
371   -0.597607
372   -0.583509
373   -0.56535
374   -0.543863
375   -0.520606
376   -0.497664
377   -0.47475
378   -0.452893
379   -0.431519
380   -0.411083
381   -0.39123
382   -0.372196
383   -0.353782
384   -0.336117
385   -0.319085
386   -0.302771
387   0.361222
388   0.353506
389   0.328522
390   0.287245
391   0.231824
392   0.16995
393   0.104453
394   0.0395766
395   -0.0251941
396   -0.0868784
397   -0.146499
398   -0.201811
399   -0.253996
400   -0.301428
401   -0.345335
402   -0.384628
403   -0.420444
404   -0.452176
405   -0.480596
406   -0.505392
407   -0.527092
408   -0.545444
409   -0.560827
410   -0.573326
411   -0.582582
412   -0.58886
413   -0.592154
414   -0.589549
415   -0.585221
416   -0.56886
417   -0.550856
418   -0.527998
419   -0.504849
420   -0.481751
421   -0.459521
422   -0.437831
423   -0.417003
424   -0.396805
425   -0.377384
426   -0.358628
427   -0.340588
428   -0.323222
429   -0.306541
430   0.395831
431   0.393725
432   0.373047
433   0.340366
434   0.284719
435   0.222425
436   0.157029
437   0.0909635
438   0.0254937
439   -0.0377841
440   -0.0984272
441   -0.155421
442   -0.208727
443   -0.257794
444   -0.302859
445   -0.343692
446   -0.380704
447   -0.413842
448   -0.443478
449   -0.469628
450   -0.492599
451   -0.512383
452   -0.529388
453   -0.54354
454   -0.55496
455   -0.563537
456   -0.569124
457   -0.570981
458   -0.569207
459   -0.562635
460   -0.547586
461   -0.529181
462   -0.507456
463   -0.484835
464   -0.463124
465   -0.441581
466   -0.420836
467   -0.400594
468   -0.381086
469   -0.362176
470   -0.343955
471   -0.326361
472   -0.30944
473   0.426591
474   0.426555
475   0.413417
476   0.383609
477   0.333921
478   0.273504
479   0.208127
480   0.141955
481   0.0754903
482   0.0114675
483   -0.0505316
484   -0.108481
485   -0.163202
486   -0.213287
487   -0.259706
488   -0.30158
489   -0.339832
490   -0.374002
491   -0.404787
492   -0.432013
493   -0.456124
494   -0.477171
495   -0.495369
496   -0.511034
497   -0.523871
498   -0.53432
499   -0.541594
500   -0.546289
501   -0.54709
502   -0.544772
503   -0.537576
504   -0.52258
505   -0.505126
506   -0.4842
507   -0.463608
508   -0.442718
509   -0.422446
510   -0.402496
511   -0.38316
512   -0.364329
513   -0.346092
514   -0.328429
515   -0.311366
516   0.454121
517   0.458501
518   0.450536
519   0.430397
520   0.38118
521   0.322525
522   0.258522
523   0.192269
524   0.125746
525   0.0606793
526   -0.00193295
527   -0.0612127
528   -0.116735
529   -0.168171
530   -0.215462
531   -0.25861
532   -0.297765
533   -0.333099
534   -0.364817
535   -0.393152
536   -0.418302
537   -0.440507
538   -0.459957
539   -0.476847
540   -0.491174
541   -0.503048
542   -0.512251
543   -0.518844
544   -0.522299
545   -0.522701
546   -0.518484
547   -0.509993
548   -0.495284
549   -0.478273
550   -0.459572
551   -0.440469
552   -0.421193
553   -0.402118
554   -0.383289
555   -0.364867
556   -0.34683
557   -0.329293
558   -0.312216
559   0.478105
560   0.485401
561   0.483138
562   0.464971
563   0.424139
564   0.369188
565   0.306727
566   0.241354
567   0.174549
568   0.109292
569   0.0457396
570   -0.0141101
571   -0.0707501
572   -0.122901
573   -0.171307
574   -0.215234
575   -0.255438
576   -0.291592
577   -0.324304
578   -0.353545
579   -0.379697
580   -0.40297
581   -0.423478
582   -0.44162
583   -0.457129
584   -0.470525
585   -0.481155
586   -0.489659
587   -0.494928
588   -0.49763
589   -0.496068
590   -0.490968
591   -0.481131
592   -0.467476
593   -0.451877
594   -0.434811
595   -0.417252
596   -0.399332
597   -0.381442
598   -0.363643
599   -0.346077
600   -0.328812
601   -0.311906
602   0.498597
603   0.509313
604   0.512244
605   0.503997
606   0.464801
607   0.413749
608   0.353672
609   0.289118
610   0.222844
611   0.157059
612   0.0933576
613   0.0325416
614   -0.0245393
615   -0.0777729
616   -0.126766
617   -0.171764
618   -0.212646
619   -0.249828
620   -0.283312
621   -0.313574
622   -0.340643
623   -0.364989
624   -0.3866
625   -0.405903
626   -0.422732
627   -0.437461
628   -0.449698
629   -0.459802
630   -0.467009
631   -0.471729
632   -0.472621
633   -0.470499
634   -0.463518
635   -0.4536
636   -0.440657
637   -0.42628
638   -0.410531
639   -0.394296
640   -0.377521
641   -0.360719
642   -0.343769
643   -0.327034
644   -0.310384
645   0.515431
646   0.5291
647   0.536265
648   0.529761
649   0.501335
650   0.455726
651   0.398388
652   0.335342
653   0.269324
654   0.203909
655   0.139689
656   0.0787422
657   0.0208442
658   -0.0327781
659   -0.0826716
660   -0.128203
661   -0.169987
662   -0.207816
663   -0.242206
664   -0.27325
665   -0.301271
666   -0.326569
667   -0.349217
668   -0.369654
669   -0.387649
670   -0.403717
671   -0.417314
672   -0.42897
673   -0.437831
674   -0.444346
675   -0.44747
676   -0.447527
677   -0.443778
678   -0.436671
679   -0.426847
680   -0.41487
681   -0.401423
682   -0.386877
683   -0.371625
684   -0.355897
685   -0.339875
686   -0.323741
687   -0.3076
688   0.528517
689   0.544506
690   0.556209
691   0.558872
692   0.534799
693   0.496929
694   0.441956
695   0.379959
696   0.315027
697   0.249499
698   0.185651
699   0.124078
700   0.0661201
701   0.0116621
702   -0.0385326
703   -0.0849554
704   -0.127203
705   -0.165941
706   -0.200953
707   -0.232948
708   -0.261769
709   -0.288097
710   -0.311736
711   -0.333307
712   -0.352486
713   -0.369829
714   -0.384802
715   -0.397922
716   -0.408352
717   -0.416633
718   -0.421588
719   -0.423944
720   -0.422426
721   -0.418236
722   -0.41084
723   -0.401546
724   -0.390137
725   -0.377637
726   -0.363855
727   -0.349534
728   -0.334454
729   -0.319206
730   -0.303572
731   0.537987
732   0.556481
733   0.570806
734   0.575644
735   0.564214
736   0.532966
737   0.482707
738   0.42294
739   0.358765
740   0.294247
741   0.230274
742   0.169
743   0.110487
744   0.0559537
745   0.00505446
746   -0.0416577
747   -0.0846638
748   -0.123868
749   -0.159693
750   -0.192338
751   -0.222057
752   -0.249225
753   -0.273871
754   -0.296462
755   -0.316776
756   -0.335301
757   -0.351567
758   -0.366014
759   -0.377964
760   -0.387747
761   -0.39461
762   -0.398778
763   -0.399745
764   -0.397811
765   -0.393102
766   -0.386044
767   -0.376987
768   -0.366324
769   -0.354341
770   -0.341346
771   -0.327516
772   -0.313116
773   -0.298288
774   0.543724
775   0.563879
776   0.581348
777   0.591993
778   0.58869
779   0.571165
780   0.522122
781   0.463547
782   0.401609
783   0.337476
784   0.274425
785   0.212812
786   0.154589
787   0.0994386
788   0.0485198
789   0.00109705
790   -0.0421483
791   -0.082126
792   -0.118404
793   -0.151908
794   -0.182297
795   -0.21043
796   -0.23595
797   -0.259623
798   -0.280986
799   -0.300717
800   -0.318182
801   -0.333989
802   -0.347286
803   -0.358667
804   -0.36709
805   -0.373245
806   -0.376094
807   -0.376565
808   -0.373957
809   -0.369331
810   -0.36224
811   -0.353676
812   -0.34328
813   -0.331902
814   -0.319205
815   -0.305945
816   -0.291822
817   0.545878
818   0.567786
819   0.587898
820   0.60287
821   0.608562
822   0.595499
823   0.556715
824   0.502862
825   0.442578
826   0.380127
827   0.31726
828   0.256302
829   0.197743
830   0.142821
831   0.0914003
832   0.0439474
833   0.000110795
834   -0.0401329
835   -0.0771056
836   -0.111112
837   -0.142319
838   -0.171176
839   -0.197646
840   -0.222227
841   -0.244672
842   -0.26546
843   -0.284148
844   -0.301142
845   -0.315858
846   -0.32859
847   -0.338732
848   -0.346499
849   -0.351454
850   -0.353843
851   -0.353561
852   -0.350932
853   -0.34606
854   -0.339287
855   -0.330762
856   -0.320803
857   -0.309538
858   -0.297279
859   -0.284185
860   0.544626
861   0.567256
862   0.590385
863   0.609581
864   0.623423
865   0.624789
866   0.588266
867   0.538754
868   0.48197
869   0.420766
870   0.359263
871   0.2983
872   0.240385
873   0.185103
874   0.133979
875   0.0860345
876   0.0422114
877   0.00136169
878   -0.0358785
879   -0.0706244
880   -0.102364
881   -0.1321
882   -0.159327
883   -0.184917
884   -0.208297
885   -0.230219
886   -0.249984
887   -0.268258
888   -0.284193
889   -0.298417
890   -0.309972
891   -0.319532
892   -0.326153
893   -0.330636
894   -0.332204
895   -0.331766
896   -0.328712
897   -0.323966
898   -0.317018
899   -0.30875
900   -0.298706
901   -0.287747
902   -0.275492
903   0.540449
904   0.564517
905   0.589417
906   0.612961
907   0.632408
908   0.636558
909   0.614537
910   0.57245
911   0.519063
912   0.460351
913   0.399559
914   0.339761
915   0.28186
916   0.22721
917   0.175864
918   0.128196
919   0.0839961
920   0.0430979
921   0.00531386
922   -0.0297847
923   -0.0622403
924   -0.0925862
925   -0.120686
926   -0.147087
927   -0.171479
928   -0.194362
929   -0.215282
930   -0.234651
931   -0.251921
932   -0.267402
933   -0.280541
934   -0.291575
935   -0.300069
936   -0.306251
937   -0.309887
938   -0.31124
939   -0.310244
940   -0.307184
941   -0.302083
942   -0.295237
943   -0.286712
944   -0.276835
945   -0.265763
946   0.533438
947   0.557289
948   0.584382
949   0.610034
950   0.635695
951   0.6525
952   0.635968
953   0.603529
954   0.554073
955   0.497298
956   0.438516
957   0.379176
958   0.322454
959   0.267795
960   0.217146
961   0.169262
962   0.125358
963   0.0840577
964   0.0461949
965   0.0105017
966   -0.0223546
967   -0.0534698
968   -0.0822206
969   -0.109537
970   -0.134765
971   -0.158697
972   -0.180598
973   -0.201163
974   -0.219559
975   -0.236431
976   -0.250875
977   -0.263549
978   -0.273551
979   -0.281612
980   -0.286908
981   -0.290253
982   -0.290926
983   -0.289788
984   -0.286204
985   -0.281054
986   -0.273774
987   -0.265287
988   -0.255137
989   0.524191
990   0.548976
991   0.576327
992   0.604711
993   0.632191
994   0.651013
995   0.652052
996   0.628752
997   0.585448
998   0.53239
999   0.475117
1000   0.417741
1001   0.361517
1002   0.307995
1003   0.257474
1004   0.210207
1005   0.166183
1006   0.125051
1007   0.0868238
1008   0.0509174
1009   0.0174764
1010   -0.0141442
1011   -0.0436592
1012   -0.0716913
1013   -0.0978315
1014   -0.122634
1015   -0.145593
1016   -0.167166
1017   -0.186793
1018   -0.204829
1019   -0.220723
1020   -0.234749
1021   -0.24644
1022   -0.256031
1023   -0.263194
1024   -0.268159
1025   -0.270738
1026   -0.27117
1027   -0.269373
1028   -0.265607
1029   -0.259877
1030   -0.252505
1031   -0.243638
1032   0.512676
1033   0.53648
1034   0.564724
1035   0.593341
1036   0.623528
1037   0.648079
1038   0.658683
1039   0.654036
1040   0.614112
1041   0.563704
1042   0.509903
1043   0.453524
1044   0.399153
1045   0.346007
1046   0.296634
1047   0.249474
1048   0.206038
1049   0.164745
1050   0.126621
1051   0.0903024
1052   0.0565894
1053   0.0243523
1054   -0.00570008
1055   -0.0345084
1056   -0.0613729
1057   -0.0870913
1058   -0.110922
1059   -0.133563
1060   -0.154208
1061   -0.1735
1062   -0.19058
1063   -0.206084
1064   -0.219137
1065   -0.230417
1066   -0.239078
1067   -0.24586
1068   -0.24997
1069   -0.25221
1070   -0.251849
1071   -0.249749
1072   -0.245253
1073   -0.239316
1074   -0.231415
1075   0.499488
1076   0.52338
1077   0.550548
1078   0.579889
1079   0.610443
1080   0.638083
1081   0.658753
1082   0.66011
1083   0.635755
1084   0.592716
1085   0.541659
1086   0.48801
1087   0.434603
1088   0.383111
1089   0.334282
1090   0.28808
1091   0.244838
1092   0.203917
1093   0.165658
1094   0.129266
1095   0.0951583
1096   0.0625404
1097   0.0318995
1098   0.00250323
1099   -0.0251044
1100   -0.0515637
1101   -0.0762879
1102   -0.099809
1103   -0.121522
1104   -0.141848
1105   -0.160204
1106   -0.176914
1107   -0.191464
1108   -0.204113
1109   -0.214449
1110   -0.222696
1111   -0.228561
1112   -0.232254
1113   -0.233599
1114   -0.232826
1115   -0.229874
1116   -0.225056
1117   -0.218495
1118   0.484742
1119   0.50693
1120   0.533818
1121   0.561775
1122   0.593082
1123   0.62191
1124   0.649706
1125   0.667728
1126   0.649631
1127   0.616207
1128   0.569641
1129   0.517985
1130   0.467272
1131   0.416769
1132   0.369629
1133   0.323987
1134   0.281638
1135   0.240893
1136   0.20293
1137   0.166401
1138   0.132185
1139   0.099202
1140   0.0681908
1141   0.0382565
1142   0.0100959
1143   -0.017054
1144   -0.0424812
1145   -0.0668571
1146   -0.0894237
1147   -0.110799
1148   -0.130175
1149   -0.148156
1150   -0.163898
1151   -0.17803
1152   -0.189697
1153   -0.199579
1154   -0.206835
1155   -0.212211
1156   -0.214901
1157   -0.215738
1158   -0.213987
1159   -0.210614
1160   -0.205038
1161   0.46915
1162   0.490884
1163   0.515873
1164   0.54346
1165   0.573399
1166   0.603755
1167   0.632649
1168   0.652768
1169   0.655773
1170   0.632018
1171   0.591942
1172   0.544936
1173   0.49633
1174   0.448329
1175   0.402408
1176   0.358127
1177   0.31643
1178   0.276294
1179   0.238556
1180   0.202157
1181   0.167871
1182   0.134719
1183   0.103427
1184   0.0731239
1185   0.0445113
1186   0.0168374
1187   -0.00921023
1188   -0.0342585
1189   -0.0576358
1190   -0.0798459
1191   -0.100251
1192   -0.119243
1193   -0.136245
1194   -0.151554
1195   -0.164683
1196   -0.175861
1197   -0.184704
1198   -0.191406
1199   -0.1957
1200   -0.197791
1201   -0.197553
1202   -0.195279
1203   -0.191067
1204   0.452838
1205   0.472656
1206   0.496717
1207   0.522133
1208   0.55131
1209   0.580007
1210   0.609974
1211   0.63407
1212   0.645316
1213   0.643025
1214   0.60851
1215   0.564904
1216   0.520664
1217   0.474527
1218   0.431
1219   0.387978
1220   0.347562
1221   0.308158
1222   0.271016
1223   0.234961
1224   0.20086
1225   0.167778
1226   0.136408
1227   0.105964
1228   0.0770825
1229   0.0490778
1230   0.0225948
1231   -0.00298086
1232   -0.026962
1233   -0.0499198
1234   -0.0711107
1235   -0.0910918
1236   -0.109065
1237   -0.125603
1238   -0.139864
1239   -0.152465
1240   -0.162539
1241   -0.170772
1242   -0.176304
1243   -0.179925
1244   -0.180834
1245   -0.179987
1246   -0.176752
1247   0.436394
1248   0.455503
1249   0.477376
1250   0.501632
1251   0.528188
1252   0.555926
1253   0.583597
1254   0.60843
1255   0.626477
1256   0.629504
1257   0.61536
1258   0.579685
1259   0.539459
1260   0.496644
1261   0.455377
1262   0.414226
1263   0.375247
1264   0.336865
1265   0.300597
1266   0.265078
1267   0.231478
1268   0.198622
1269   0.167479
1270   0.137038
1271   0.108156
1272   0.0799678
1273   0.0532689
1274   0.0273311
1275   0.00290629
1276   -0.0206011
1277   -0.0424844
1278   -0.0632132
1279   -0.0821392
1280   -0.0996171
1281   -0.115075
1282   -0.12877
1283   -0.140227
1284   -0.149636
1285   -0.156641
1286   -0.161422
1287   -0.163784
1288   -0.163995
1289   -0.162118
1290   0.419864
1291   0.437194
1292   0.457838
1293   0.479671
1294   0.504506
1295   0.529317
1296   0.555444
1297   0.578388
1298   0.598974
1299   0.611237
1300   0.60316
1301   0.583335
1302   0.548759
1303   0.510096
1304   0.472424
1305   0.43403
1306   0.39702
1307   0.360424
1308   0.325342
1309   0.291
1310   0.25812
1311   0.226021
1312   0.195279
1313   0.165277
1314   0.13655
1315   0.108532
1316   0.0817745
1317   0.0557525
1318   0.0310637
1319   0.0072091
1320   -0.0151495
1321   -0.0365034
1322   -0.0561191
1323   -0.0745021
1324   -0.0908474
1325   -0.1057
1326   -0.118192
1327   -0.128941
1328   -0.137049
1329   -0.143249
1330   -0.146681
1331   -0.148274
1332   -0.14734
1333   0.403637
1334   0.420186
1335   0.438773
1336   0.459152
1337   0.481173
1338   0.504184
1339   0.52709
1340   0.549097
1341   0.567441
1342   0.581015
1343   0.58345
1344   0.570881
1345   0.549055
1346   0.516222
1347   0.483292
1348   0.447847
1349   0.413753
1350   0.379079
1351   0.345972
1352   0.312925
1353   0.281411
1354   0.250171
1355   0.220359
1356   0.19089
1357   0.162754
1358   0.135008
1359   0.108548
1360   0.0825645
1361   0.0578926
1362   0.033849
1363   0.0112186
1364   -0.0105542
1365   -0.0307411
1366   -0.0497698
1367   -0.0669808
1368   -0.0826802
1369   -0.096296
1370   -0.108034
1371   -0.117442
1372   -0.124681
1373   -0.129474
1374   -0.132057
1375   -0.132447
1376   0.387682
1377   0.402765
1378   0.420126
1379   0.438378
1380   0.458608
1381   0.478951
1382   0.49999
1383   0.519436
1384   0.536953
1385   0.549802
1386   0.555125
1387   0.551953
1388   0.535257
1389   0.511905
1390   0.483831
1391   0.453762
1392   0.422839
1393   0.391549
1394   0.360593
1395   0.329838
1396   0.299809
1397   0.270173
1398   0.241381
1399   0.213036
1400   0.185572
1401   0.158576
1402   0.132507
1403   0.106951
1404   0.0824161
1405   0.0584937
1406   0.0357549
1407   0.0137901
1408   -0.00675001
1409   -0.0262916
1410   -0.0440931
1411   -0.0606173
1412   -0.0750287
1413   -0.0878583
1414   -0.0981973
1415   -0.1067
1416   -0.112458
1417   -0.116346
1418   -0.117621
1419   0.372196
1420   0.386514
1421   0.402177
1422   0.419037
1423   0.436909
1424   0.455446
1425   0.473739
1426   0.491483
1427   0.506582
1428   0.518965
1429   0.52479
1430   0.525162
1431   0.516226
1432   0.499332
1433   0.47807
1434   0.452783
1435   0.426476
1436   0.398414
1437   0.370646
1438   0.342127
1439   0.314377
1440   0.28632
1441   0.25919
1442   0.231958
1443   0.2057
1444   0.179466
1445   0.154236
1446   0.129151
1447   0.105128
1448   0.0814127
1449   0.0588694
1450   0.0368552
1451   0.0161839
1452   -0.0036626
1453   -0.021932
1454   -0.0390063
1455   -0.0542125
1456   -0.0677989
1457   -0.0792058
1458   -0.0885904
1459   -0.0955755
1460   -0.100358
1461   -0.102892
1462   0.357108
1463   0.370273
1464   0.384839
1465   0.400003
1466   0.416309
1467   0.432714
1468   0.449305
1469   0.464918
1470   0.478904
1471   0.490188
1472   0.496999
1473   0.499182
1474   0.493774
1475   0.482647
1476   0.466142
1477   0.446261
1478   0.423864
1479   0.399918
1480   0.375063
1481   0.349595
1482   0.323989
1483   0.298211
1484   0.272657
1485   0.247141
1486   0.222036
1487   0.197084
1488   0.172671
1489   0.148508
1490   0.125019
1491   0.101898
1492   0.079625
1493   0.0578811
1494   0.0372203
1495   0.0173047
1496   -0.00121609
1497   -0.0187144
1498   -0.0344249
1499   -0.0487818
1500   -0.0609015
1501   -0.0713378
1502   -0.0791463
1503   -0.08512
1504   -0.0884488
1505   0.342496
1506   0.354932
1507   0.368164
1508   0.382107
1509   0.396583
1510   0.411421
1511   0.425932
1512   0.440015
1513   0.452282
1514   0.462816
1515   0.469526
1516   0.472737
1517   0.470446
1518   0.463008
1519   0.451228
1520   0.43548
1521   0.417453
1522   0.396977
1523   0.375647
1524   0.35287
1525   0.330019
1526   0.306286
1527   0.28288
1528   0.25891
1529   0.235478
1530   0.211685
1531   0.188564
1532   0.165246
1533   0.142718
1534   0.120169
1535   0.0985435
1536   0.0771137
1537   0.0567796
1538   0.0369184
1539   0.018378
1540   0.00066725
1541   -0.0154348
1542   -0.0302635
1543   -0.0431411
1544   -0.0542541
1545   -0.0631014
1546   -0.069839
1547   -0.0743257
1548   0.328293
1549   0.339813
1550   0.35209
1551   0.36471
1552   0.377886
1553   0.391078
1554   0.404184
1555   0.41662
1556   0.427847
1557   0.43735
1558   0.444065
1559   0.447765
1560   0.44712
1561   0.442553
1562   0.433869
1563   0.421953
1564   0.407226
1565   0.390393
1566   0.371948
1567   0.352257
1568   0.33175
1569   0.310536
1570   0.288984
1571   0.267048
1572   0.245068
1573   0.22291
1574   0.200913
1575   0.178895
1576   0.157214
1577   0.135663
1578   0.114637
1579   0.093908
1580   0.0739296
1581   0.0544538
1582   0.0360149
1583   0.0183353
1584   0.00206381
1585   -0.0131285
1586   -0.0264434
1587   -0.0383123
1588   -0.0477957
1589   -0.0555606
1590   -0.0607176
1591   0.31452
1592   0.325353
1593   0.336584
1594   0.348168
1595   0.359951
1596   0.371863
1597   0.383414
1598   0.3946
1599   0.404518
1600   0.413254
1601   0.41957
1602   0.423589
1603   0.424215
1604   0.421551
1605   0.415594
1606   0.406468
1607   0.394962
1608   0.38098
1609   0.3656
1610   0.34843
1611   0.330596
1612   0.311478
1613   0.292183
1614   0.271947
1615   0.25185
1616   0.231057
1617   0.210621
1618   0.189686
1619   0.169285
1620   0.148574
1621   0.128562
1622   0.108447
1623   0.0892112
1624   0.0701204
1625   0.052119
1626   0.0345757
1627   0.0183801
1628   0.00304938
1629   -0.0106122
1630   -0.022892
1631   -0.03314
1632   -0.0414923
1633   -0.0476635
1634   0.301138
1635   0.311219
1636   0.321628
1637   0.332179
1638   0.342908
1639   0.353561
1640   0.36399
1641   0.373903
1642   0.38292
1643   0.390751
1644   0.396784
1645   0.400802
1646   0.402159
1647   0.400862
1648   0.396687
1649   0.389915
1650   0.380713
1651   0.369421
1652   0.35637
1653   0.341801
1654   0.326069
1655   0.309288
1656   0.291793
1657   0.273592
1658   0.255002
1659   0.235959
1660   0.216771
1661   0.197333
1662   0.177955
1663   0.158507
1664   0.139316
1665   0.120236
1666   0.101625
1667   0.0833216
1668   0.065737
1669   0.0486881
1670   0.0326696
1671   0.0174623
1672   0.00369719
1673   -0.00892025
1674   -0.019554
1675   -0.0286909
1676   -0.0353646
1677   0.288148
1678   0.297591
1679   0.307172
1680   0.316864
1681   0.326538
1682   0.336182
1683   0.345447
1684   0.35438
1685   0.362378
1686   0.369539
1687   0.375082
1688   0.379099
1689   0.380904
1690   0.380539
1691   0.377812
1692   0.372716
1693   0.365592
1694   0.356299
1695   0.345533
1696   0.332954
1697   0.319447
1698   0.304478
1699   0.289027
1700   0.272409
1701   0.255649
1702   0.237962
1703   0.220396
1704   0.202109
1705   0.184157
1706   0.165677
1707   0.147727
1708   0.129445
1709   0.111883
1710   0.094206
1711   0.0774513
1712   0.0608383
1713   0.0453722
1714   0.0303695
1715   0.0167747
1716   0.00407788
1717   -0.00690001
1718   -0.016385
1719   -0.0238665
1720   0.275534
1721   0.284344
1722   0.293228
1723   0.302114
1724   0.31096
1725   0.319653
1726   0.328053
1727   0.336016
1728   0.343284
1729   0.349685
1730   0.354865
1731   0.35865
1732   0.360694
1733   0.360893
1734   0.359084
1735   0.355289
1736   0.349573
1737   0.342033
1738   0.332884
1739   0.322226
1740   0.310336
1741   0.297271
1742   0.283324
1743   0.268502
1744   0.253093
1745   0.237062
1746   0.220689
1747   0.203911
1748   0.187006
1749   0.16989
1750   0.152847
1751   0.135784
1752   0.118994
1753   0.102378
1754   0.0862508
1755   0.0705096
1756   0.0555012
1757   0.0411136
1758   0.0277587
1759   0.0152871
1760   0.00425688
1761   -0.00561
1762   -0.0133763
1763   0.263293
1764   0.271525
1765   0.279749
1766   0.287943
1767   0.295996
1768   0.303925
1769   0.311461
1770   0.318688
1771   0.325163
1772   0.331015
1773   0.335691
1774   0.33931
1775   0.341378
1776   0.341946
1777   0.340797
1778   0.337882
1779   0.333358
1780   0.327037
1781   0.319404
1782   0.310107
1783   0.299866
1784   0.288166
1785   0.275877
1786   0.262345
1787   0.248536
1788   0.233689
1789   0.218828
1790   0.203122
1791   0.187628
1792   0.171475
1793   0.155738
1794   0.139528
1795   0.123932
1796   0.108055
1797   0.0929942
1798   0.0778638
1799   0.0637619
1800   0.049827
1801   0.0371523
1802   0.0249232
1803   0.0141958
1804   0.00429322
1805   -0.00394688
1806   0.251419
1807   0.259109
1808   0.266757
1809   0.274324
1810   0.281751
1811   0.288971
1812   0.295876
1813   0.30237
1814   0.30829
1815   0.313507
1816   0.317819
1817   0.321084
1818   0.323109
1819   0.323777
1820   0.322982
1821   0.320674
1822   0.316862
1823   0.311564
1824   0.304885
1825   0.296881
1826   0.287711
1827   0.277438
1828   0.266246
1829   0.254183
1830   0.241439
1831   0.228047
1832   0.214193
1833   0.199896
1834   0.185338
1835   0.170531
1836   0.155653
1837   0.140714
1838   0.125892
1839   0.111199
1840   0.0968163
1841   0.0827607
1842   0.0692213
1843   0.0562226
1844   0.043962
1845   0.032476
1846   0.0219701
1847   0.0124942
1848   0.00423534
