##### Y Mean #####
0   0.00317809
1   -0.0281736
2   -0.0648748
3   -0.105399
4   -0.148887
5   -0.193453
6   -0.238442
7   -0.282104
8   -0.323898
9   -0.361797
10   -0.396251
11   -0.426528
12   -0.453117
13   -0.47571
14   -0.494606
15   -0.509696
16   -0.521189
17   -0.529084
18   -0.533675
19   -0.53513
20   -0.533746
21   -0.529813
22   -0.523534
23   -0.515228
24   -0.505089
25   -0.493492
26   -0.480655
27   -0.466983
28   -0.452634
29   -0.437927
30   -0.422961
31   -0.40796
32   -0.39297
33   -0.378122
34   -0.363432
35   -0.348968
36   -0.33474
37   -0.320784
38   -0.307113
39   -0.293751
40   -0.280712
41   -0.268014
42   -0.25567
43   0.032382
44   0.000492427
45   -0.039573
46   -0.0822486
47   -0.131074
48   -0.178263
49   -0.229143
50   -0.275305
51   -0.323686
52   -0.363154
53   -0.402624
54   -0.434611
55   -0.464923
56   -0.489265
57   -0.510826
58   -0.527364
59   -0.540695
60   -0.549519
61   -0.555179
62   -0.557203
63   -0.556173
64   -0.552532
65   -0.546018
66   -0.537604
67   -0.526711
68   -0.514629
69   -0.500667
70   -0.486317
71   -0.470736
72   -0.455257
73   -0.439103
74   -0.423312
75   -0.407274
76   -0.391664
77   -0.376075
78   -0.360889
79   -0.34588
80   -0.331245
81   -0.316886
82   -0.302894
83   -0.289245
84   -0.275973
85   -0.263085
86   0.0669874
87   0.0371354
88   -0.00394196
89   -0.0494053
90   -0.100663
91   -0.152328
92   -0.205506
93   -0.25637
94   -0.306737
95   -0.353035
96   -0.395579
97   -0.43341
98   -0.46705
99   -0.49578
100   -0.520277
101   -0.539786
102   -0.555203
103   -0.566244
104   -0.573496
105   -0.577149
106   -0.577344
107   -0.574476
108   -0.568569
109   -0.560091
110   -0.54917
111   -0.536376
112   -0.521908
113   -0.506435
114   -0.490061
115   -0.473282
116   -0.456187
117   -0.439132
118   -0.422161
119   -0.405444
120   -0.388991
121   -0.372863
122   -0.35707
123   -0.341632
124   -0.326568
125   -0.311885
126   -0.297608
127   -0.28374
128   -0.270304
129   0.105803
130   0.0766058
131   0.0359553
132   -0.0108058
133   -0.0652181
134   -0.118959
135   -0.175994
136   -0.22909
137   -0.282993
138   -0.332482
139   -0.380934
140   -0.4218
141   -0.461756
142   -0.49285
143   -0.523229
144   -0.544577
145   -0.564343
146   -0.577511
147   -0.587766
148   -0.593707
149   -0.595858
150   -0.594659
151   -0.589625
152   -0.581883
153   -0.570927
154   -0.558132
155   -0.542884
156   -0.526939
157   -0.509368
158   -0.491719
159   -0.473259
160   -0.455207
161   -0.436987
162   -0.419306
163   -0.401787
164   -0.38478
165   -0.368085
166   -0.351863
167   -0.336033
168   -0.32066
169   -0.30573
170   -0.291265
171   -0.277271
172   0.148277
173   0.1234
174   0.0825361
175   0.0356486
176   -0.020451
177   -0.0771922
178   -0.136267
179   -0.192945
180   -0.249305
181   -0.302337
182   -0.352828
183   -0.398643
184   -0.440622
185   -0.477591
186   -0.510437
187   -0.538535
188   -0.56199
189   -0.580926
190   -0.595319
191   -0.605167
192   -0.610776
193   -0.611722
194   -0.60879
195   -0.602001
196   -0.59196
197   -0.579405
198   -0.564305
199   -0.547607
200   -0.529411
201   -0.5104
202   -0.490878
203   -0.471355
204   -0.45205
205   -0.433077
206   -0.414568
207   -0.396484
208   -0.378921
209   -0.361809
210   -0.345226
211   -0.329116
212   -0.313542
213   -0.298461
214   -0.283925
215   0.192611
216   0.168899
217   0.130322
218   0.0826894
219   0.025779
220   -0.0324586
221   -0.0938291
222   -0.152506
223   -0.21132
224   -0.266309
225   -0.319375
226   -0.367683
227   -0.412888
228   -0.452942
229   -0.489931
230   -0.521656
231   -0.551404
232   -0.573421
233   -0.595062
234   -0.60691
235   -0.619221
236   -0.62148
237   -0.623089
238   -0.617786
239   -0.609712
240   -0.598679
241   -0.583898
242   -0.567554
243   -0.548436
244   -0.528695
245   -0.507722
246   -0.487173
247   -0.466512
248   -0.446499
249   -0.426841
250   -0.407813
251   -0.389295
252   -0.371366
253   -0.35399
254   -0.337184
255   -0.320949
256   -0.305284
257   -0.290196
258   0.238277
259   0.220666
260   0.181727
261   0.134853
262   0.0769668
263   0.0170009
264   -0.045755
265   -0.106932
266   -0.16753
267   -0.224995
268   -0.279973
269   -0.330898
270   -0.378245
271   -0.421191
272   -0.460363
273   -0.495189
274   -0.526568
275   -0.553275
276   -0.576296
277   -0.594597
278   -0.609033
279   -0.61923
280   -0.624706
281   -0.626179
282   -0.622514
283   -0.614542
284   -0.602254
285   -0.58589
286   -0.566773
287   -0.545977
288   -0.524151
289   -0.502112
290   -0.480449
291   -0.459103
292   -0.438499
293   -0.418398
294   -0.399056
295   -0.380264
296   -0.362182
297   -0.34467
298   -0.327837
299   -0.311586
300   -0.295998
301   0.282975
302   0.266707
303   0.231823
304   0.185187
305   0.127653
306   0.0671074
307   0.00302229
308   -0.059429
309   -0.121906
310   -0.180861
311   -0.237907
312   -0.290462
313   -0.340038
314   -0.384746
315   -0.426126
316   -0.462736
317   -0.495965
318   -0.524979
319   -0.550413
320   -0.57196
321   -0.590322
322   -0.604669
323   -0.617265
324   -0.622346
325   -0.627527
326   -0.621358
327   -0.615337
328   -0.59956
329   -0.581467
330   -0.560966
331   -0.538249
332   -0.515683
333   -0.492843
334   -0.470618
335   -0.448996
336   -0.428079
337   -0.407901
338   -0.388404
339   -0.369625
340   -0.351514
341   -0.334093
342   -0.317334
343   -0.301245
344   0.326058
345   0.318189
346   0.283541
347   0.238798
348   0.181701
349   0.119761
350   0.0551664
351   -0.00913293
352   -0.0727605
353   -0.133721
354   -0.192141
355   -0.246716
356   -0.297745
357   -0.344443
358   -0.387295
359   -0.425816
360   -0.460687
361   -0.491596
362   -0.518997
363   -0.542803
364   -0.563326
365   -0.58046
366   -0.594763
367   -0.605057
368   -0.612006
369   -0.614441
370   -0.611726
371   -0.604843
372   -0.590578
373   -0.572148
374   -0.550312
375   -0.526665
376   -0.503352
377   -0.480072
378   -0.457886
379   -0.436198
380   -0.415477
381   -0.395355
382   -0.376075
383   -0.35743
384   -0.339555
385   -0.322325
386   -0.30583
387   0.364352
388   0.356703
389   0.331733
390   0.290418
391   0.234894
392   0.172852
393   0.107112
394   0.0419277
395   -0.023215
396   -0.0853248
397   -0.145417
398   -0.201237
399   -0.253956
400   -0.301944
401   -0.346416
402   -0.386283
403   -0.422673
404   -0.454982
405   -0.483966
406   -0.509318
407   -0.53155
408   -0.550413
409   -0.566271
410   -0.579218
411   -0.588864
412   -0.595482
413   -0.59906
414   -0.596581
415   -0.592355
416   -0.57576
417   -0.557491
418   -0.534245
419   -0.510708
420   -0.487233
421   -0.464655
422   -0.442637
423   -0.421509
424   -0.401029
425   -0.38135
426   -0.362354
427   -0.344092
428   -0.326521
429   -0.309652
430   0.399193
431   0.39718
432   0.376528
433   0.343836
434   0.288117
435   0.225705
436   0.160099
437   0.0937754
438   0.027969
439   -0.0356849
440   -0.0967646
441   -0.154222
442   -0.208032
443   -0.257617
444   -0.303227
445   -0.344607
446   -0.382181
447   -0.415877
448   -0.446073
449   -0.47277
450   -0.49628
451   -0.516576
452   -0.534079
453   -0.548698
454   -0.56055
455   -0.569511
456   -0.57543
457   -0.577533
458   -0.57592
459   -0.569386
460   -0.554147
461   -0.535465
462   -0.513385
463   -0.490389
464   -0.468338
465   -0.446463
466   -0.425416
467   -0.404886
468   -0.385115
469   -0.365958
470   -0.347511
471   -0.329706
472   -0.312592
473   0.430152
474   0.430215
475   0.417126
476   0.387324
477   0.337597
478   0.277088
479   0.211551
480   0.145155
481   0.0784065
482   0.0140445
483   -0.0483411
484   -0.106719
485   -0.1619
486   -0.212474
487   -0.2594
488   -0.301799
489   -0.340584
490   -0.375297
491   -0.406622
492   -0.434389
493   -0.459026
494   -0.480593
495   -0.499285
496   -0.515435
497   -0.528715
498   -0.539582
499   -0.547211
500   -0.552219
501   -0.553239
502   -0.551071
503   -0.543901
504   -0.528713
505   -0.511012
506   -0.489749
507   -0.468839
508   -0.447628
509   -0.427058
510   -0.406824
511   -0.387224
512   -0.368146
513   -0.349681
514   -0.331805
515   -0.314545
516   0.45785
517   0.462347
518   0.454436
519   0.434319
520   0.385089
521   0.326382
522   0.262249
523   0.195819
524   0.129047
525   0.0636905
526   0.000728127
527   -0.058933
528   -0.114882
529   -0.166766
530   -0.214535
531   -0.258175
532   -0.297841
533   -0.333691
534   -0.365934
535   -0.394789
536   -0.420461
537   -0.443174
538   -0.463125
539   -0.480497
540   -0.495285
541   -0.507587
542   -0.51718
543   -0.524116
544   -0.527849
545   -0.528459
546   -0.524338
547   -0.51583
548   -0.500941
549   -0.483691
550   -0.464716
551   -0.445332
552   -0.425779
553   -0.406436
554   -0.387354
555   -0.368691
556   -0.350429
557   -0.33268
558   -0.315406
559   0.48197
560   0.489385
561   0.487193
562   0.469062
563   0.428238
564   0.373255
565   0.310705
566   0.245187
567   0.178181
568   0.112669
569   0.0488149
570   -0.0113806
571   -0.0684018
572   -0.120968
573   -0.169813
574   -0.214204
575   -0.254885
576   -0.291535
577   -0.324744
578   -0.354493
579   -0.381147
580   -0.404925
581   -0.425923
582   -0.444552
583   -0.46052
584   -0.474363
585   -0.485393
586   -0.494272
587   -0.499846
588   -0.502804
589   -0.501392
590   -0.496359
591   -0.486465
592   -0.472656
593   -0.456856
594   -0.439557
595   -0.421759
596   -0.403597
597   -0.385472
598   -0.367445
599   -0.349662
600   -0.33219
601   -0.31509
602   0.502572
603   0.51342
604   0.516422
605   0.508219
606   0.469049
607   0.417994
608   0.357853
609   0.293194
610   0.226751
611   0.160757
612   0.0967883
613   0.0356715
614   -0.0217571
615   -0.0753643
616   -0.124766
617   -0.170192
618   -0.211527
619   -0.249173
620   -0.283137
621   -0.313883
622   -0.341443
623   -0.366278
624   -0.388377
625   -0.40816
626   -0.425455
627   -0.440633
628   -0.45329
629   -0.463783
630   -0.471328
631   -0.476335
632   -0.477429
633   -0.475437
634   -0.468465
635   -0.458481
636   -0.445401
637   -0.430853
638   -0.414906
639   -0.398465
640   -0.381479
641   -0.364468
642   -0.347314
643   -0.330382
644   -0.313543
645   0.51949
646   0.533286
647   0.540535
648   0.534086
649   0.505695
650   0.460094
651   0.402725
652   0.3396
653   0.273456
654   0.207864
655   0.143421
656   0.0822068
657   0.0240044
658   -0.0299599
659   -0.0802229
660   -0.126154
661   -0.168355
662   -0.206626
663   -0.241467
664   -0.272979
665   -0.301468
666   -0.327248
667   -0.350368
668   -0.371284
669   -0.389739
670   -0.406263
671   -0.420284
672   -0.432346
673   -0.441562
674   -0.448392
675   -0.451754
676   -0.451983
677   -0.448313
678   -0.441204
679   -0.431313
680   -0.419218
681   -0.405623
682   -0.390909
683   -0.375476
684   -0.359563
685   -0.343355
686   -0.327037
687   -0.310716
688   0.532636
689   0.548762
690   0.560547
691   0.563266
692   0.539236
693   0.501391
694   0.446406
695   0.384365
696   0.319333
697   0.253668
698   0.189629
699   0.12783
700   0.0695988
701   0.0148383
702   -0.0356968
703   -0.0824834
704   -0.125124
705   -0.164272
706   -0.199715
707   -0.232153
708   -0.261429
709   -0.288219
710   -0.312324
711   -0.334362
712   -0.354002
713   -0.371798
714   -0.387203
715   -0.400734
716   -0.411536
717   -0.42015
718   -0.425371
719   -0.427937
720   -0.42654
721   -0.422407
722   -0.414996
723   -0.405642
724   -0.394128
725   -0.381502
726   -0.36757
727   -0.353092
728   -0.337846
729   -0.32243
730   -0.306627
731   0.542145
732   0.56077
733   0.575187
734   0.580088
735   0.568698
736   0.537479
737   0.487231
738   0.427441
739   0.363202
740   0.298574
741   0.234449
742   0.172979
743   0.114232
744   0.0594264
745   0.00822414
746   -0.0388246
747   -0.0821898
748   -0.121781
749   -0.158008
750   -0.191078
751   -0.221228
752   -0.248846
753   -0.273941
754   -0.296993
755   -0.317757
756   -0.336734
757   -0.353429
758   -0.368294
759   -0.380623
760   -0.390753
761   -0.397905
762   -0.402308
763   -0.403439
764   -0.401604
765   -0.396932
766   -0.389859
767   -0.380745
768   -0.369993
769   -0.357896
770   -0.344771
771   -0.330797
772   -0.316246
773   -0.301263
774   0.547904
775   0.568195
776   0.585753
777   0.596464
778   0.593197
779   0.575696
780   0.526682
781   0.468114
782   0.406134
783   0.341925
784   0.278748
785   0.216976
786   0.158547
787   0.10316
788   0.0519656
789   0.00424024
790   -0.0393397
791   -0.079674
792   -0.116334
793   -0.150236
794   -0.181041
795   -0.209603
796   -0.235561
797   -0.259679
798   -0.281487
799   -0.301661
800   -0.319555
801   -0.335778
802   -0.34946
803   -0.361197
804   -0.369924
805   -0.376337
806   -0.379377
807   -0.379988
808   -0.377453
809   -0.372858
810   -0.365747
811   -0.357133
812   -0.346654
813   -0.335175
814   -0.322357
815   -0.308967
816   -0.294702
817   0.550062
818   0.5721
819   0.592306
820   0.607342
821   0.61307
822   0.600035
823   0.561285
824   0.50745
825   0.447152
826   0.384647
827   0.321688
828   0.260597
829   0.201869
830   0.146737
831   0.0950751
832   0.0473452
833   0.00320607
834   -0.0373713
835   -0.0746968
836   -0.109082
837   -0.140681
838   -0.169951
839   -0.196839
840   -0.221854
841   -0.244729
842   -0.265953
843   -0.285063
844   -0.302472
845   -0.317572
846   -0.330666
847   -0.341123
848   -0.349164
849   -0.354338
850   -0.356893
851   -0.356723
852   -0.354158
853   -0.349305
854   -0.342514
855   -0.33394
856   -0.323905
857   -0.312544
858   -0.300174
859   -0.286955
860   0.5488
861   0.571563
862   0.594781
863   0.614043
864   0.627913
865   0.629296
866   0.592819
867   0.543342
868   0.486558
869   0.425329
870   0.363756
871   0.302691
872   0.244631
873   0.189173
874   0.137832
875   0.0896421
876   0.0455399
877   0.00438586
878   -0.0331861
879   -0.0682849
880   -0.100399
881   -0.130525
882   -0.158156
883   -0.184162
884   -0.207961
885   -0.230305
886   -0.250486
887   -0.269166
888   -0.285485
889   -0.300072
890   -0.31195
891   -0.321797
892   -0.328654
893   -0.33333
894   -0.335036
895   -0.334694
896   -0.331689
897   -0.326959
898   -0.319988
899   -0.311674
900   -0.301555
901   -0.290505
902   -0.27814
903   0.5446
904   0.568793
905   0.593786
906   0.61739
907   0.636866
908   0.641038
909   0.619053
910   0.577004
911   0.523636
912   0.464915
913   0.404082
914   0.344205
915   0.28619
916   0.231387
917   0.179855
918   0.131966
919   0.0875169
920   0.0463368
921   0.00824897
922   -0.0271821
923   -0.0599864
924   -0.090705
925   -0.119187
926   -0.145988
927   -0.170782
928   -0.194076
929   -0.215399
930   -0.235168
931   -0.252816
932   -0.268659
933   -0.282125
934   -0.293455
935   -0.302201
936   -0.308594
937   -0.312394
938   -0.313868
939   -0.312951
940   -0.309932
941   -0.304838
942   -0.297968
943   -0.289392
944   -0.279442
945   -0.268279
946   0.537554
947   0.561533
948   0.588713
949   0.614428
950   0.64011
951   0.656924
952   0.64043
953   0.60803
954   0.558604
955   0.501841
956   0.443035
957   0.383643
958   0.326828
959   0.272045
960   0.221233
961   0.173157
962   0.129026
963   0.0874712
964   0.0493257
965   0.0133262
966   -0.0198595
967   -0.0513234
968   -0.0804394
969   -0.108136
970   -0.133751
971   -0.158077
972   -0.18037
973   -0.201323
974   -0.220092
975   -0.237322
976   -0.252094
977   -0.265071
978   -0.275335
979   -0.283623
980   -0.289101
981   -0.292591
982   -0.293365
983   -0.292294
984   -0.288738
985   -0.28359
986   -0.276278
987   -0.267739
988   -0.257512
989   0.52826
990   0.553167
991   0.580608
992   0.609051
993   0.636558
994   0.655393
995   0.656449
996   0.633181
997   0.589916
998   0.536882
999   0.479607
1000   0.422197
1001   0.365906
1002   0.312281
1003   0.261625
1004   0.214186
1005   0.169964
1006   0.128599
1007   0.0901164
1008   0.0539246
1009   0.0201799
1010   -0.01177
1011   -0.0416269
1012   -0.070021
1013   -0.0965285
1014   -0.121711
1015   -0.145045
1016   -0.166997
1017   -0.186987
1018   -0.205376
1019   -0.221598
1020   -0.235928
1021   -0.24789
1022   -0.257719
1023   -0.26508
1024   -0.270208
1025   -0.27291
1026   -0.27343
1027   -0.271684
1028   -0.267939
1029   -0.262198
1030   -0.254791
1031   -0.245864
1032   0.516691
1033   0.540618
1034   0.568947
1035   0.597628
1036   0.62784
1037   0.652402
1038   0.663012
1039   0.658374
1040   0.618497
1041   0.568128
1042   0.514337
1043   0.457946
1044   0.403526
1045   0.350302
1046   0.300813
1047   0.253508
1048   0.209893
1049   0.168395
1050   0.130036
1051   0.093458
1052   0.0594612
1053   0.0269195
1054   -0.00345608
1055   -0.0326039
1056   -0.059819
1057   -0.0858977
1058   -0.110091
1059   -0.133095
1060   -0.154095
1061   -0.173732
1062   -0.191136
1063   -0.206946
1064   -0.220273
1065   -0.231802
1066   -0.240672
1067   -0.247634
1068   -0.251883
1069   -0.254231
1070   -0.253939
1071   -0.25188
1072   -0.247389
1073   -0.241435
1074   -0.233488
1075   0.50344
1076   0.527449
1077   0.554707
1078   0.584109
1079   0.614694
1080   0.642344
1081   0.663009
1082   0.664373
1083   0.640051
1084   0.597051
1085   0.54602
1086   0.492372
1087   0.438938
1088   0.387384
1089   0.338464
1090   0.292137
1091   0.248742
1092   0.207637
1093   0.169168
1094   0.132538
1095   0.0981715
1096   0.0652693
1097   0.0343292
1098   0.00461239
1099   -0.0233242
1100   -0.0501273
1101   -0.0751959
1102   -0.0990674
1103   -0.121122
1104   -0.141786
1105   -0.16046
1106   -0.177475
1107   -0.192303
1108   -0.205204
1109   -0.215761
1110   -0.224198
1111   -0.230218
1112   -0.234034
1113   -0.235466
1114   -0.23475
1115   -0.231822
1116   -0.227001
1117   -0.220411
1118   0.488624
1119   0.51093
1120   0.537906
1121   0.565929
1122   0.597267
1123   0.62611
1124   0.653893
1125   0.671899
1126   0.653833
1127   0.620445
1128   0.573912
1129   0.522273
1130   0.471545
1131   0.421003
1132   0.373789
1133   0.328044
1134   0.285561
1135   0.244655
1136   0.206503
1137   0.169761
1138   0.135307
1139   0.102064
1140   0.0707728
1141   0.0405411
1142   0.0120695
1143   -0.0154038
1144   -0.0411598
1145   -0.0658697
1146   -0.0887665
1147   -0.110469
1148   -0.130158
1149   -0.148439
1150   -0.164458
1151   -0.178848
1152   -0.190741
1153   -0.200825
1154   -0.208246
1155   -0.21376
1156   -0.216551
1157   -0.217461
1158   -0.215748
1159   -0.212388
1160   -0.206795
1161   0.472955
1162   0.494802
1163   0.519881
1164   0.547535
1165   0.577513
1166   0.607883
1167   0.636772
1168   0.656877
1169   0.65988
1170   0.636154
1171   0.596115
1172   0.549134
1173   0.50053
1174   0.452502
1175   0.406527
1176   0.36216
1177   0.320352
1178   0.280075
1179   0.242172
1180   0.20558
1181   0.17108
1182   0.137688
1183   0.10614
1184   0.0755588
1185   0.0466573
1186   0.0186778
1187   -0.00767963
1188   -0.0330472
1189   -0.0567401
1190   -0.0792666
1191   -0.0999763
1192   -0.119264
1193   -0.136541
1194   -0.15211
1195   -0.165471
1196   -0.176856
1197   -0.185876
1198   -0.192726
1199   -0.197136
1200   -0.199312
1201   -0.199127
1202   -0.196878
1203   -0.192664
1204   0.456559
1205   0.476492
1206   0.500642
1207   0.526129
1208   0.555347
1209   0.584067
1210   0.614031
1211   0.638114
1212   0.64935
1213   0.647056
1214   0.612579
1215   0.569008
1216   0.524777
1217   0.478629
1218   0.435061
1219   0.391973
1220   0.351463
1221   0.311939
1222   0.27465
1223   0.238424
1224   0.204129
1225   0.17083
1226   0.139224
1227   0.108525
1228   0.0793725
1229   0.051083
1230   0.0243066
1231   -0.0015707
1232   -0.0258544
1233   -0.0491156
1234   -0.0706021
1235   -0.0908722
1236   -0.109118
1237   -0.125914
1238   -0.140409
1239   -0.153224
1240   -0.163482
1241   -0.171874
1242   -0.177531
1243   -0.181251
1244   -0.182224
1245   -0.181417
1246   -0.17819
1247   0.440027
1248   0.459247
1249   0.481211
1250   0.505538
1251   0.532142
1252   0.559908
1253   0.587586
1254   0.612411
1255   0.630443
1256   0.633465
1257   0.619331
1258   0.583686
1259   0.543479
1260   0.500663
1261   0.45937
1262   0.418168
1263   0.379113
1264   0.340628
1265   0.304235
1266   0.268563
1267   0.234791
1268   0.201738
1269   0.170381
1270   0.139703
1271   0.110572
1272   0.082117
1273   0.0551442
1274   0.0289203
1275   0.00420894
1276   -0.01959
1277   -0.0417579
1278   -0.0627683
1279   -0.0819618
1280   -0.0996959
1281   -0.115389
1282   -0.129301
1283   -0.140948
1284   -0.150523
1285   -0.157664
1286   -0.162554
1287   -0.164993
1288   -0.165252
1289   -0.163397
1290   0.423404
1291   0.440844
1292   0.461578
1293   0.483485
1294   0.508372
1295   0.533219
1296   0.55936
1297   0.582307
1298   0.60288
1299   0.615128
1300   0.607058
1301   0.587244
1302   0.552689
1303   0.514032
1304   0.476343
1305   0.437911
1306   0.400838
1307   0.364157
1308   0.328965
1309   0.294491
1310   0.261457
1311   0.229181
1312   0.198243
1313   0.168025
1314   0.139067
1315   0.110803
1316   0.083788
1317   0.0574979
1318   0.0325367
1319   0.00840501
1320   -0.0142278
1321   -0.0358539
1322   -0.0557311
1323   -0.0743667
1324   -0.0909463
1325   -0.106018
1326   -0.118704
1327   -0.129626
1328   -0.137877
1329   -0.144196
1330   -0.147713
1331   -0.149367
1332   -0.148465
1333   0.407079
1334   0.423734
1335   0.442411
1336   0.462866
1337   0.484944
1338   0.507996
1339   0.530927
1340   0.552943
1341   0.571286
1342   0.584851
1343   0.587281
1344   0.574718
1345   0.5529
1346   0.520075
1347   0.487135
1348   0.451661
1349   0.417518
1350   0.382771
1351   0.349572
1352   0.316408
1353   0.284759
1354   0.253359
1355   0.223371
1356   0.193705
1357   0.165358
1358   0.137382
1359   0.110684
1360   0.0844478
1361   0.0595202
1362   0.0352124
1363   0.0123207
1364   -0.00971511
1365   -0.0301556
1366   -0.0494322
1367   -0.0668754
1368   -0.0827936
1369   -0.0966066
1370   -0.108522
1371   -0.11808
1372   -0.125444
1373   -0.130333
1374   -0.132986
1375   -0.133419
1376   0.391023
1377   0.406209
1378   0.423659
1379   0.441988
1380   0.462278
1381   0.48267
1382   0.503739
1383   0.523204
1384   0.540727
1385   0.553576
1386   0.558896
1387   0.555721
1388   0.539033
1389   0.515683
1390   0.487601
1391   0.457509
1392   0.426546
1393   0.395195
1394   0.364158
1395   0.333302
1396   0.303151
1397   0.273374
1398   0.244422
1399   0.215898
1400   0.188239
1401   0.161033
1402   0.134741
1403   0.108952
1404   0.0841746
1405   0.0600035
1406   0.0370149
1407   0.0147988
1408   -0.00598707
1409   -0.0257699
1410   -0.0437999
1411   -0.0605418
1412   -0.0751509
1413   -0.0881617
1414   -0.0986552
1415   -0.107292
1416   -0.113152
1417   -0.11712
1418   -0.118444
1419   0.375432
1420   0.389849
1421   0.405601
1422   0.422538
1423   0.440474
1424   0.459062
1425   0.477393
1426   0.495163
1427   0.510279
1428   0.522667
1429   0.528497
1430   0.528868
1431   0.519934
1432   0.503039
1433   0.481769
1434   0.456462
1435   0.430121
1436   0.402006
1437   0.374169
1438   0.345561
1439   0.317705
1440   0.28952
1441   0.262247
1442   0.234852
1443   0.208418
1444   0.181989
1445   0.156554
1446   0.13125
1447   0.107003
1448   0.0830516
1449   0.0602728
1450   0.0380177
1451   0.0171109
1452   -0.00296995
1453   -0.0214624
1454   -0.0387517
1455   -0.0541555
1456   -0.0679242
1457   -0.0794906
1458   -0.0890129
1459   -0.096109
1460   -0.100978
1461   -0.103571
1462   0.360238
1463   0.373499
1464   0.388152
1465   0.403393
1466   0.419764
1467   0.436224
1468   0.452857
1469   0.468503
1470   0.48251
1471   0.493809
1472   0.500627
1473   0.502814
1474   0.497409
1475   0.48628
1476   0.469768
1477   0.44987
1478   0.427442
1479   0.403451
1480   0.378535
1481   0.352989
1482   0.327287
1483   0.301396
1484   0.275713
1485   0.25005
1486   0.224783
1487   0.199653
1488   0.17505
1489   0.150686
1490   0.126986
1491   0.103646
1492   0.0811489
1493   0.0591772
1494   0.0382904
1495   0.0181496
1496   -0.00058826
1497   -0.0182972
1498   -0.0342033
1499   -0.0487435
1500   -0.0610242
1501   -0.0716039
1502   -0.0795276
1503   -0.0855961
1504   -0.0889903
1505   0.345517
1506   0.358046
1507   0.371363
1508   0.385382
1509   0.399925
1510   0.414819
1511   0.429377
1512   0.443497
1513   0.455792
1514   0.466346
1515   0.47307
1516   0.476287
1517   0.474002
1518   0.466562
1519   0.454776
1520   0.439013
1521   0.42096
1522   0.400443
1523   0.379062
1524   0.356214
1525   0.33328
1526   0.309445
1527   0.285923
1528   0.261819
1529   0.238241
1530   0.214284
1531   0.19099
1532   0.167485
1533   0.144762
1534   0.122007
1535   0.100173
1536   0.0785264
1537   0.0579785
1538   0.0379008
1539   0.0191515
1540   0.00123531
1541   -0.015059
1542   -0.0300695
1543   -0.0431102
1544   -0.0543686
1545   -0.0633375
1546   -0.0701741
1547   -0.0747351
1548   0.331206
1549   0.342814
1550   0.355173
1551   0.367868
1552   0.38111
1553   0.394361
1554   0.407516
1555   0.419993
1556   0.431253
1557   0.44078
1558   0.447514
1559   0.451225
1560   0.450587
1561   0.446022
1562   0.437332
1563   0.425403
1564   0.410654
1565   0.393785
1566   0.375294
1567   0.355542
1568   0.334959
1569   0.313655
1570   0.291998
1571   0.269941
1572   0.247828
1573   0.225521
1574   0.203364
1575   0.181174
1576   0.159312
1577   0.13757
1578   0.116347
1579   0.0954162
1580   0.0752345
1581   0.0555536
1582   0.0369137
1583   0.0190361
1584   0.00257686
1585   -0.0127948
1586   -0.0262719
1587   -0.038289
1588   -0.0478964
1589   -0.0557672
1590   -0.0610024
1591   0.317324
1592   0.328241
1593   0.339552
1594   0.351209
1595   0.363058
1596   0.375028
1597   0.386631
1598   0.39786
1599   0.407814
1600   0.416578
1601   0.422917
1602   0.426951
1603   0.427587
1604   0.424926
1605   0.418966
1606   0.409829
1607   0.398304
1608   0.384291
1609   0.36887
1610   0.351644
1611   0.333745
1612   0.314544
1613   0.295156
1614   0.27481
1615   0.254592
1616   0.233663
1617   0.213082
1618   0.191988
1619   0.171421
1620   0.150531
1621   0.130338
1622   0.110032
1623   0.0906064
1624   0.0713202
1625   0.0531286
1626   0.0353946
1627   0.0190181
1628   0.00351192
1629   -0.0103101
1630   -0.0227379
1631   -0.0331136
1632   -0.0415743
1633   -0.047831
1634   0.303833
1635   0.313994
1636   0.324479
1637   0.335101
1638   0.345896
1639   0.356607
1640   0.367088
1641   0.377046
1642   0.386101
1643   0.393963
1644   0.40002
1645   0.404057
1646   0.405426
1647   0.404134
1648   0.399959
1649   0.393178
1650   0.38396
1651   0.372641
1652   0.359552
1653   0.344935
1654   0.329143
1655   0.312289
1656   0.294708
1657   0.276409
1658   0.257708
1659   0.238542
1660   0.21922
1661   0.199637
1662   0.180105
1663   0.160493
1664   0.141132
1665   0.121875
1666   0.103085
1667   0.0845997
1668   0.0668341
1669   0.0496048
1670   0.0334121
1671   0.0180357
1672   0.00411353
1673   -0.00865092
1674   -0.0194126
1675   -0.0286624
1676   -0.0354239
1677   0.290735
1678   0.300254
1679   0.309908
1680   0.319669
1681   0.329406
1682   0.339108
1683   0.348425
1684   0.357404
1685   0.365441
1686   0.372635
1687   0.378204
1688   0.382241
1689   0.384061
1690   0.383703
1691   0.380977
1692   0.375874
1693   0.368736
1694   0.359419
1695   0.348621
1696   0.335997
1697   0.322437
1698   0.307402
1699   0.291874
1700   0.275165
1701   0.258306
1702   0.240505
1703   0.222818
1704   0.204396
1705   0.186304
1706   0.167672
1707   0.149566
1708   0.131118
1709   0.113391
1710   0.0955424
1711   0.0786193
1712   0.0618346
1713   0.0462045
1714   0.0310389
1715   0.017293
1716   0.00445216
1717   -0.00665352
1718   -0.0162518
1719   -0.0238266
1720   0.278014
1721   0.286897
1722   0.29585
1723   0.304802
1724   0.313709
1725   0.322458
1726   0.330909
1727   0.338917
1728   0.346225
1729   0.35266
1730   0.357867
1731   0.361674
1732   0.363733
1733   0.36394
1734   0.362134
1735   0.358334
1736   0.352605
1737   0.345045
1738   0.335867
1739   0.325169
1740   0.313229
1741   0.300105
1742   0.286087
1743   0.271184
1744   0.255683
1745   0.239548
1746   0.223063
1747   0.206162
1748   0.189127
1749   0.171872
1750   0.154684
1751   0.137469
1752   0.120524
1753   0.10375
1754   0.0874638
1755   0.0715632
1756   0.0563989
1757   0.0418584
1758   0.0283583
1759   0.0157485
1760   0.0045931
1761   -0.00538806
1762   -0.0132477
1763   0.265668
1764   0.273969
1765   0.282258
1766   0.290515
1767   0.298627
1768   0.30661
1769   0.314196
1770   0.321467
1771   0.327981
1772   0.333866
1773   0.33857
1774   0.342211
1775   0.344296
1776   0.344872
1777   0.343728
1778   0.340809
1779   0.336274
1780   0.329933
1781   0.322275
1782   0.312941
1783   0.302656
1784   0.290899
1785   0.278547
1786   0.264939
1787   0.251047
1788   0.236104
1789   0.221141
1790   0.205321
1791   0.189709
1792   0.173426
1793   0.157557
1794   0.141205
1795   0.125467
1796   0.109442
1797   0.094235
1798   0.0789541
1799   0.0647084
1800   0.0506282
1801   0.0378183
1802   0.0254564
1803   0.0146097
1804   0.0045952
1805   -0.0037407
1806   0.253691
1807   0.261446
1808   0.269156
1809   0.276782
1810   0.284264
1811   0.291536
1812   0.298489
1813   0.305026
1814   0.310983
1815   0.316233
1816   0.320573
1817   0.323859
1818   0.325899
1819   0.326578
1820   0.325787
1821   0.323476
1822   0.319654
1823   0.314338
1824   0.307635
1825   0.299597
1826   0.290386
1827   0.280062
1828   0.26881
1829   0.256679
1830   0.243857
1831   0.230378
1832   0.216428
1833   0.202027
1834   0.187359
1835   0.172433
1836   0.157432
1837   0.142363
1838   0.127409
1839   0.112579
1840   0.0980595
1841   0.0838661
1842   0.0701909
1843   0.0570588
1844   0.0446697
1845   0.033061
1846   0.0224405
1847   0.0128594
1848   0.0045067
