##### Y Mean #####
0   -0.0027548
1   -0.0135626
2   -0.0259856
3   -0.0394289
4   -0.053488
5   -0.0674122
6   -0.080958
7   -0.0936388
8   -0.105403
9   -0.11598
10   -0.125431
11   -0.133619
12   -0.140655
13   -0.14648
14   -0.151224
15   -0.154873
16   -0.157559
17   -0.159296
18   -0.160209
19   -0.160326
20   -0.159763
21   -0.158555
22   -0.156805
23   -0.154552
24   -0.151883
25   -0.148838
26   -0.145489
27   -0.141873
28   -0.13805
29   -0.134051
30   -0.129926
31   -0.125702
32   -0.121416
33   -0.117091
34   -0.112758
35   -0.108433
36   -0.104139
37   -0.0998903
38   -0.0957032
39   -0.0915893
40   -0.0875596
41   -0.0836233
42   -0.079788
43   0.0059662
44   -0.00532106
45   -0.0191818
46   -0.0336957
47   -0.0498776
48   -0.0649165
49   -0.0803986
50   -0.093985
51   -0.107277
52   -0.118503
53   -0.129087
54   -0.137693
55   -0.145532
56   -0.151588
57   -0.15687
58   -0.160601
59   -0.163616
60   -0.165321
61   -0.166401
62   -0.166403
63   -0.165885
64   -0.164505
65   -0.162713
66   -0.16025
67   -0.157478
68   -0.154204
69   -0.150711
70   -0.14686
71   -0.142868
72   -0.138637
73   -0.13433
74   -0.129882
75   -0.125409
76   -0.120873
77   -0.116353
78   -0.111829
79   -0.107354
80   -0.10292
81   -0.0985589
82   -0.0942722
83   -0.0900777
84   -0.0859813
85   -0.0819923
86   0.0165379
87   0.00554673
88   -0.00905819
89   -0.0249592
90   -0.0424537
91   -0.0595874
92   -0.0763402
93   -0.0918114
94   -0.106119
95   -0.118835
96   -0.130163
97   -0.139888
98   -0.148235
99   -0.155096
100   -0.160693
101   -0.164975
102   -0.16815
103   -0.170204
104   -0.171324
105   -0.17152
106   -0.170954
107   -0.16965
108   -0.167749
109   -0.165278
110   -0.162356
111   -0.159015
112   -0.155349
113   -0.15139
114   -0.147215
115   -0.142852
116   -0.138359
117   -0.133763
118   -0.129108
119   -0.124416
120   -0.11972
121   -0.115038
122   -0.110393
123   -0.105802
124   -0.101278
125   -0.096837
126   -0.0924873
127   -0.0882411
128   -0.0841047
129   0.0286828
130   0.017519
131   0.00254062
132   -0.0143754
133   -0.0335396
134   -0.0519663
135   -0.0706738
136   -0.0873345
137   -0.103351
138   -0.117029
139   -0.129723
140   -0.140174
141   -0.149564
142   -0.156939
143   -0.163298
144   -0.167913
145   -0.171618
146   -0.173858
147   -0.175323
148   -0.175591
149   -0.175226
150   -0.17391
151   -0.1721
152   -0.16956
153   -0.166651
154   -0.163201
155   -0.159494
156   -0.155404
157   -0.151149
158   -0.146642
159   -0.142045
160   -0.1373
161   -0.132525
162   -0.127683
163   -0.122857
164   -0.118027
165   -0.113246
166   -0.108508
167   -0.103845
168   -0.0992597
169   -0.0947697
170   -0.0903825
171   -0.0861081
172   0.0423516
173   0.0321713
174   0.0165786
175   -0.00106022
176   -0.021518
177   -0.0417665
178   -0.0617749
179   -0.0803331
180   -0.0975113
181   -0.112851
182   -0.126511
183   -0.138317
184   -0.148462
185   -0.156892
186   -0.163806
187   -0.16921
188   -0.173296
189   -0.1761
190   -0.177802
191   -0.178454
192   -0.178214
193   -0.177143
194   -0.175376
195   -0.172974
196   -0.17005
197   -0.166661
198   -0.162899
199   -0.158814
200   -0.154479
201   -0.149937
202   -0.145244
203   -0.140436
204   -0.135554
205   -0.130629
206   -0.125688
207   -0.12076
208   -0.115859
209   -0.111011
210   -0.106224
211   -0.10152
212   -0.096902
213   -0.0923901
214   -0.0879854
215   0.057108
216   0.0470218
217   0.0314752
218   0.012938
219   -0.00865468
220   -0.0299642
221   -0.0516362
222   -0.0713304
223   -0.0901901
224   -0.106606
225   -0.121766
226   -0.134501
227   -0.145892
228   -0.155065
229   -0.162963
230   -0.168925
231   -0.173755
232   -0.176954
233   -0.179197
234   -0.180109
235   -0.180248
236   -0.179333
237   -0.177817
238   -0.175495
239   -0.172727
240   -0.169362
241   -0.165685
242   -0.161586
243   -0.157283
244   -0.152701
245   -0.148001
246   -0.143134
247   -0.138216
248   -0.133217
249   -0.128218
250   -0.123203
251   -0.118225
252   -0.113281
253   -0.1084
254   -0.103589
255   -0.0988648
256   -0.0942376
257   -0.0897186
258   0.0728088
259   0.0646607
260   0.048407
261   0.0293246
262   0.00674665
263   -0.0160725
264   -0.0387765
265   -0.0601933
266   -0.0801563
267   -0.0982471
268   -0.114465
269   -0.128685
270   -0.140998
271   -0.151408
272   -0.160051
273   -0.166997
274   -0.172399
275   -0.176353
276   -0.179014
277   -0.18049
278   -0.180921
279   -0.180415
280   -0.179095
281   -0.177062
282   -0.174416
283   -0.171249
284   -0.167641
285   -0.163671
286   -0.159398
287   -0.154891
288   -0.150192
289   -0.145359
290   -0.140419
291   -0.135421
292   -0.130379
293   -0.125336
294   -0.120298
295   -0.1153
296   -0.110341
297   -0.105456
298   -0.100637
299   -0.0959178
300   -0.0912911
301   0.0886224
302   0.0807845
303   0.0654352
304   0.0459138
305   0.0226444
306   -0.000876372
307   -0.0249489
308   -0.0473469
309   -0.0688825
310   -0.0880618
311   -0.105817
312   -0.121074
313   -0.134752
314   -0.146059
315   -0.155843
316   -0.163517
317   -0.16983
318   -0.174349
319   -0.177717
320   -0.179616
321   -0.180584
322   -0.180388
323   -0.179468
324   -0.177657
325   -0.175306
326   -0.172294
327   -0.168899
328   -0.165033
329   -0.16091
330   -0.156469
331   -0.151868
332   -0.147071
333   -0.142187
334   -0.137197
335   -0.132176
336   -0.127117
337   -0.122067
338   -0.117029
339   -0.112031
340   -0.107082
341   -0.102198
342   -0.0973945
343   -0.0926842
344   0.104206
345   0.0997248
346   0.083992
347   0.0644148
348   0.0408996
349   0.015968
350   -0.00881697
351   -0.0328016
352   -0.0553389
353   -0.07615
354   -0.0949793
355   -0.111767
356   -0.126449
357   -0.139095
358   -0.149742
359   -0.15853
360   -0.165547
361   -0.170964
362   -0.174888
363   -0.177494
364   -0.178892
365   -0.179246
366   -0.178655
367   -0.177269
368   -0.175168
369   -0.172483
370   -0.169276
371   -0.165659
372   -0.161675
373   -0.157421
374   -0.152921
375   -0.148257
376   -0.143439
377   -0.138538
378   -0.133551
379   -0.12854
380   -0.123493
381   -0.118466
382   -0.11344
383   -0.108468
384   -0.103529
385   -0.098673
386   -0.0938827
387   0.118115
388   0.113498
389   0.101677
390   0.0833041
391   0.0596839
392   0.034226
393   0.00812018
394   -0.0167853
395   -0.0408216
396   -0.0627034
397   -0.083055
398   -0.100912
399   -0.117003
400   -0.130617
401   -0.142487
402   -0.1521
403   -0.160136
404   -0.166229
405   -0.17098
406   -0.174129
407   -0.176189
408   -0.176976
409   -0.176912
410   -0.175869
411   -0.174187
412   -0.171775
413   -0.1689
414   -0.165501
415   -0.161779
416   -0.157696
417   -0.153399
418   -0.148865
419   -0.144198
420   -0.139389
421   -0.134507
422   -0.129551
423   -0.124565
424   -0.119558
425   -0.114552
426   -0.109564
427   -0.104608
428   -0.099704
429   -0.0948674
430   0.130906
431   0.128584
432   0.118419
433   0.1034
434   0.0793486
435   0.0530058
436   0.0264612
437   0.000257886
438   -0.0246463
439   -0.0480275
440   -0.0693989
441   -0.0887463
442   -0.105839
443   -0.12081
444   -0.133581
445   -0.144366
446   -0.153172
447   -0.160246
448   -0.165638
449   -0.169595
450   -0.172182
451   -0.173629
452   -0.173998
453   -0.173495
454   -0.172169
455   -0.170199
456   -0.167618
457   -0.16458
458   -0.161101
459   -0.157311
460   -0.15321
461   -0.148909
462   -0.144396
463   -0.139766
464   -0.134995
465   -0.130167
466   -0.125251
467   -0.120322
468   -0.115345
469   -0.11039
470   -0.105421
471   -0.10051
472   -0.0956255
473   0.142364
474   0.140834
475   0.133902
476   0.120069
477   0.098159
478   0.0722728
479   0.0450219
480   0.018244
481   -0.00790131
482   -0.0322026
483   -0.0549772
484   -0.0753241
485   -0.0937806
486   -0.109701
487   -0.1237
488   -0.13533
489   -0.145197
490   -0.152998
491   -0.159285
492   -0.163857
493   -0.167193
494   -0.169158
495   -0.170153
496   -0.170089
497   -0.169286
498   -0.16769
499   -0.165549
500   -0.162829
501   -0.159717
502   -0.156195
503   -0.152398
504   -0.148318
505   -0.144051
506   -0.139596
507   -0.135015
508   -0.130316
509   -0.125536
510   -0.120689
511   -0.115796
512   -0.110877
513   -0.105944
514   -0.101025
515   -0.0961377
516   0.152748
517   0.153042
518   0.148378
519   0.138703
520   0.116783
521   0.0911798
522   0.0641162
523   0.0366072
524   0.00988146
525   -0.0156541
526   -0.0392877
527   -0.0609855
528   -0.0803512
529   -0.0975633
530   -0.112422
531   -0.125211
532   -0.135849
533   -0.144657
534   -0.151617
535   -0.157051
536   -0.160971
537   -0.163672
538   -0.165173
539   -0.165737
540   -0.165377
541   -0.16432
542   -0.162564
543   -0.160306
544   -0.157529
545   -0.1544
546   -0.150889
547   -0.147139
548   -0.143109
549   -0.138923
550   -0.13453
551   -0.13004
552   -0.125397
553   -0.120701
554   -0.115893
555   -0.111068
556   -0.106169
557   -0.101294
558   -0.0963946
559   0.161923
560   0.163511
561   0.161316
562   0.152502
563   0.134118
564   0.109946
565   0.0830075
566   0.0554209
567   0.0278482
568   0.00166838
569   -0.0231439
570   -0.0456665
571   -0.0662637
572   -0.0843222
573   -0.100343
574   -0.113929
575   -0.12561
576   -0.135138
577   -0.143013
578   -0.14909
579   -0.153805
580   -0.157078
581   -0.159273
582   -0.160348
583   -0.160595
584   -0.159994
585   -0.15877
586   -0.156918
587   -0.154604
588   -0.151832
589   -0.148721
590   -0.145278
591   -0.141586
592   -0.137655
593   -0.133537
594   -0.129249
595   -0.124819
596   -0.120268
597   -0.115611
598   -0.110876
599   -0.10607
600   -0.101231
601   -0.0963771
602   0.169867
603   0.172889
604   0.173049
605   0.168638
606   0.150947
607   0.128288
608   0.102065
609   0.074257
610   0.0464268
611   0.0193217
612   -0.00610102
613   -0.0297666
614   -0.051101
615   -0.0703229
616   -0.087097
617   -0.101774
618   -0.11417
619   -0.124683
620   -0.133219
621   -0.140171
622   -0.145491
623   -0.149542
624   -0.152291
625   -0.154059
626   -0.154813
627   -0.154829
628   -0.154068
629   -0.152765
630   -0.150869
631   -0.14858
632   -0.145839
633   -0.142816
634   -0.139441
635   -0.135866
636   -0.132011
637   -0.128012
638   -0.123787
639   -0.119459
640   -0.114946
641   -0.110368
642   -0.105646
643   -0.100906
644   -0.0960806
645   0.176506
646   0.180896
647   0.182858
648   0.179248
649   0.166437
650   0.146145
651   0.120747
652   0.0932292
653   0.0649103
654   0.0374911
655   0.0111647
656   -0.0130833
657   -0.0354657
658   -0.0553734
659   -0.0731952
660   -0.0885698
661   -0.101947
662   -0.11313
663   -0.122561
664   -0.130147
665   -0.136278
666   -0.140925
667   -0.144411
668   -0.146738
669   -0.148163
670   -0.148701
671   -0.148549
672   -0.147727
673   -0.146379
674   -0.144528
675   -0.142273
676   -0.139637
677   -0.136687
678   -0.133443
679   -0.129947
680   -0.12622
681   -0.122285
682   -0.118166
683   -0.113874
684   -0.109441
685   -0.104872
686   -0.100214
687   -0.0954869
688   0.18174
689   0.187132
690   0.191135
691   0.1915
692   0.180841
693   0.164215
694   0.139531
695   0.111977
696   0.0837724
697   0.0557205
698   0.0290918
699   0.00392802
700   -0.0189784
701   -0.0398931
702   -0.0583223
703   -0.074685
704   -0.088684
705   -0.100795
706   -0.110838
707   -0.119282
708   -0.12601
709   -0.131451
710   -0.135515
711   -0.138578
712   -0.140557
713   -0.141775
714   -0.142148
715   -0.141949
716   -0.14109
717   -0.139804
718   -0.137993
719   -0.135861
720   -0.133303
721   -0.130497
722   -0.127334
723   -0.123976
724   -0.12031
725   -0.116488
726   -0.112398
727   -0.108188
728   -0.103755
729   -0.0992525
730   -0.0945969
731   0.185611
732   0.192184
733   0.197352
734   0.198852
735   0.193795
736   0.180009
737   0.157426
738   0.130683
739   0.102353
740   0.0743671
741   0.0471069
742   0.0216134
743   -0.00215436
744   -0.0235753
745   -0.0429172
746   -0.0598493
747   -0.0747374
748   -0.087438
749   -0.0983266
750   -0.107367
751   -0.114897
752   -0.120935
753   -0.125759
754   -0.12941
755   -0.132107
756   -0.133897
757   -0.134942
758   -0.135288
759   -0.13505
760   -0.13427
761   -0.133025
762   -0.131352
763   -0.129297
764   -0.126894
765   -0.124168
766   -0.121149
767   -0.117848
768   -0.114296
769   -0.110496
770   -0.106486
771   -0.102269
772   -0.0978971
773   -0.0933944
774   0.188024
775   0.195335
776   0.20198
777   0.205977
778   0.204761
779   0.197381
780   0.175121
781   0.148657
782   0.121094
783   0.0928318
784   0.0655913
785   0.0393983
786   0.0153187
787   -0.00694625
788   -0.0267307
789   -0.0445254
790   -0.0599159
791   -0.0734588
792   -0.0848877
793   -0.0947447
794   -0.102842
795   -0.10967
796   -0.115078
797   -0.11949
798   -0.122773
799   -0.125289
800   -0.126907
801   -0.127937
802   -0.128247
803   -0.128101
804   -0.127365
805   -0.126268
806   -0.124672
807   -0.122781
808   -0.120455
809   -0.117877
810   -0.114909
811   -0.111723
812   -0.108183
813   -0.104461
814   -0.100431
815   -0.0962732
816   -0.0918869
817   0.189037
818   0.197221
819   0.205092
820   0.211222
821   0.213855
822   0.208304
823   0.190902
824   0.166556
825   0.139451
826   0.111651
827   0.0840242
828   0.0577323
829   0.0329735
830   0.0103941
831   -0.0101488
832   -0.0283605
833   -0.0445228
834   -0.0585522
835   -0.0707534
836   -0.0811524
837   -0.0900205
838   -0.0974308
839   -0.103602
840   -0.108619
841   -0.112649
842   -0.115773
843   -0.11811
844   -0.119734
845   -0.120723
846   -0.121141
847   -0.121035
848   -0.120459
849   -0.119435
850   -0.11801
851   -0.11619
852   -0.114014
853   -0.111478
854   -0.108622
855   -0.105437
856   -0.101969
857   -0.0982159
858   -0.094238
859   -0.0900609
860   0.188689
861   0.197185
862   0.206521
863   0.214517
864   0.220876
865   0.221914
866   0.205533
867   0.183194
868   0.157496
869   0.129933
870   0.102598
871   0.0758535
872   0.0510118
873   0.0277811
874   0.0069902
875   -0.01193
876   -0.0284504
877   -0.0432134
878   -0.055865
879   -0.0670171
880   -0.0764109
881   -0.084587
882   -0.0913359
883   -0.09712
884   -0.101755
885   -0.105632
886   -0.108578
887   -0.110926
888   -0.112509
889   -0.113612
890   -0.114067
891   -0.114125
892   -0.113617
893   -0.112765
894   -0.111402
895   -0.109731
896   -0.107585
897   -0.105158
898   -0.102288
899   -0.0991698
900   -0.0956532
901   -0.0919473
902   -0.0879314
903   0.187201
904   0.196444
905   0.206557
906   0.216581
907   0.225313
908   0.227521
909   0.218014
910   0.199113
911   0.174809
912   0.148156
913   0.120785
914   0.0942599
915   0.0689908
916   0.045695
917   0.0243429
918   0.00519012
919   -0.0119565
920   -0.027085
921   -0.0404151
922   -0.0520433
923   -0.0621584
924   -0.0708925
925   -0.0783892
926   -0.0847817
927   -0.0901711
928   -0.0946777
929   -0.0983674
930   -0.101343
931   -0.103642
932   -0.105349
933   -0.106481
934   -0.107105
935   -0.107222
936   -0.106887
937   -0.106086
938   -0.104869
939   -0.103215
940   -0.10117
941   -0.0987158
942   -0.0959013
943   -0.09272
944   -0.0892401
945   -0.0854884
946   0.184565
947   0.193695
948   0.204855
949   0.215759
950   0.227269
951   0.23511
952   0.228313
953   0.214216
954   0.191489
955   0.165437
956   0.138756
957   0.112078
958   0.0870471
959   0.0633352
960   0.0419746
961   0.0222968
962   0.00495776
963   -0.0107738
964   -0.0244541
965   -0.0367536
966   -0.0473436
967   -0.0567994
968   -0.064856
969   -0.0719975
970   -0.0779946
971   -0.0832554
972   -0.08757
973   -0.0912861
974   -0.0942036
975   -0.0966231
976   -0.0983483
977   -0.0996438
978   -0.100314
979   -0.100597
980   -0.100298
981   -0.0996357
982   -0.0984181
983   -0.0968567
984   -0.094764
985   -0.0923549
986   -0.0894565
987   -0.0863027
988   -0.082755
989   0.18105
990   0.19068
991   0.20191
992   0.214054
993   0.226261
994   0.235053
995   0.236307
996   0.226342
997   0.206608
998   0.182179
999   0.155931
1000   0.129915
1001   0.104758
1002   0.0812735
1003   0.0595795
1004   0.0398719
1005   0.0220751
1006   0.00610543
1007   -0.00814076
1008   -0.0208449
1009   -0.0320865
1010   -0.0420647
1011   -0.0508285
1012   -0.0585638
1013   -0.065295
1014   -0.071184
1015   -0.0762362
1016   -0.0805872
1017   -0.0842279
1018   -0.0872686
1019   -0.0896885
1020   -0.0915752
1021   -0.0928994
1022   -0.09373
1023   -0.0940321
1024   -0.0938614
1025   -0.0931822
1026   -0.0920439
1027   -0.0904168
1028   -0.0883544
1029   -0.0858432
1030   -0.0829576
1031   -0.0797254
1032   0.176611
1033   0.185777
1034   0.197446
1035   0.209635
1036   0.223014
1037   0.234161
1038   0.239988
1039   0.238971
1040   0.220617
1041   0.197317
1042   0.17253
1043   0.146703
1044   0.12216
1045   0.09851
1046   0.0770719
1047   0.0570479
1048   0.0392333
1049   0.0228145
1050   0.00832254
1051   -0.00494603
1052   -0.0166014
1053   -0.0272267
1054   -0.0365131
1055   -0.0449446
1056   -0.05226
1057   -0.0588666
1058   -0.0645303
1059   -0.0696
1060   -0.0738551
1061   -0.0776
1062   -0.0806191
1063   -0.0831829
1064   -0.085076
1065   -0.0865445
1066   -0.0873715
1067   -0.0877875
1068   -0.087576
1069   -0.0869615
1070   -0.0857331
1071   -0.0841217
1072   -0.0819326
1073   -0.0794208
1074   -0.076431
1075   0.17152
1076   0.180783
1077   0.191922
1078   0.20444
1079   0.217952
1080   0.230605
1081   0.240653
1082   0.24213
1083   0.2314
1084   0.21157
1085   0.187911
1086   0.163171
1087   0.138799
1088   0.115681
1089   0.0941711
1090   0.0743272
1091   0.0562533
1092   0.0397252
1093   0.024809
1094   0.0112165
1095   -0.000985322
1096   -0.0120751
1097   -0.021986
1098   -0.0309651
1099   -0.0389482
1100   -0.0461455
1101   -0.0524955
1102   -0.0581719
1103   -0.0631144
1104   -0.067463
1105   -0.0711571
1106   -0.0743065
1107   -0.0768504
1108   -0.0788728
1109   -0.080314
1110   -0.0812386
1111   -0.0815916
1112   -0.0814269
1113   -0.0807003
1114   -0.0794682
1115   -0.0777086
1116   -0.0755002
1117   -0.0728706
1118   0.165811
1119   0.174278
1120   0.185321
1121   0.197149
1122   0.21101
1123   0.224086
1124   0.237313
1125   0.246295
1126   0.238469
1127   0.223394
1128   0.201682
1129   0.177672
1130   0.154381
1131   0.13146
1132   0.110519
1133   0.090633
1134   0.0727293
1135   0.0559543
1136   0.0409104
1137   0.0269105
1138   0.0143831
1139   0.00277623
1140   -0.00758178
1141   -0.0171464
1142   -0.0256469
1143   -0.0334694
1144   -0.0403739
1145   -0.0466953
1146   -0.0522073
1147   -0.057206
1148   -0.0614684
1149   -0.065261
1150   -0.0683578
1151   -0.0710044
1152   -0.0729694
1153   -0.0744857
1154   -0.0753186
1155   -0.0756984
1156   -0.0753932
1157   -0.0746441
1158   -0.0732357
1159   -0.0714395
1160   -0.0690837
1161   0.159822
1162   0.168146
1163   0.178288
1164   0.189965
1165   0.203114
1166   0.216844
1167   0.230299
1168   0.240041
1169   0.242026
1170   0.231425
1171   0.212845
1172   0.190933
1173   0.168441
1174   0.14652
1175   0.125896
1176   0.106433
1177   0.0885403
1178   0.0718061
1179   0.0565452
1180   0.0423402
1181   0.0294418
1182   0.0174796
1183   0.00665129
1184   -0.00335901
1185   -0.0123931
1186   -0.0207148
1187   -0.0281927
1188   -0.0350431
1189   -0.041152
1190   -0.0466929
1191   -0.051563
1192   -0.0558976
1193   -0.0596014
1194   -0.0627766
1195   -0.0653351
1196   -0.0673525
1197   -0.0687503
1198   -0.0695875
1199   -0.0698018
1200   -0.0694509
1201   -0.0685013
1202   -0.067034
1203   -0.0650739
1204   0.153587
1205   0.161033
1206   0.170784
1207   0.181415
1208   0.194185
1209   0.207019
1210   0.220805
1211   0.232079
1212   0.237909
1213   0.237517
1214   0.221385
1215   0.200993
1216   0.180449
1217   0.159216
1218   0.139555
1219   0.120443
1220   0.102949
1221   0.0862787
1222   0.0710618
1223   0.0567087
1224   0.0436403
1225   0.0313857
1226   0.0202553
1227   0.0098537
1228   0.000433587
1229   -0.00834808
1230   -0.0162662
1231   -0.0236247
1232   -0.030208
1233   -0.0362902
1234   -0.0416541
1235   -0.0465506
1236   -0.0507543
1237   -0.0545
1238   -0.0575506
1239   -0.0601324
1240   -0.0619983
1241   -0.0633763
1242   -0.0640167
1243   -0.0641635
1244   -0.0635814
1245   -0.0625524
1246   -0.0608882
1247   0.147378
1248   0.154566
1249   0.16329
1250   0.17339
1251   0.184863
1252   0.197174
1253   0.209747
1254   0.221269
1255   0.229913
1256   0.231769
1257   0.225398
1258   0.208745
1259   0.189979
1260   0.170199
1261   0.151409
1262   0.133018
1263   0.115957
1264   0.0995617
1265   0.0844736
1266   0.0701342
1267   0.0569919
1268   0.0445859
1269   0.0332413
1270   0.0225772
1271   0.0128418
1272   0.00372027
1273   -0.00458765
1274   -0.0123404
1275   -0.0193695
1276   -0.0258837
1277   -0.0317352
1278   -0.0370881
1279   -0.0418093
1280   -0.0460226
1281   -0.0496075
1282   -0.0526533
1283   -0.055054
1284   -0.0568742
1285   -0.0580291
1286   -0.0585761
1287   -0.0584661
1288   -0.0577792
1289   -0.0565345
1290   0.141194
1291   0.147579
1292   0.155769
1293   0.164711
1294   0.175353
1295   0.186203
1296   0.197964
1297   0.208446
1298   0.21813
1299   0.224058
1300   0.220469
1301   0.211388
1302   0.19518
1303   0.177221
1304   0.16002
1305   0.142745
1306   0.126449
1307   0.11066
1308   0.0959251
1309   0.0818661
1310   0.068829
1311   0.0564799
1312   0.0450736
1313   0.0343068
1314   0.0243916
1315   0.01505
1316   0.00647651
1317   -0.00158522
1318   -0.00894302
1319   -0.0158353
1320   -0.022062
1321   -0.0278473
1322   -0.0329765
1323   -0.0376636
1324   -0.0416754
1325   -0.045222
1326   -0.0480515
1327   -0.0503801
1328   -0.051945
1329   -0.0529836
1330   -0.053242
1331   -0.0530048
1332   -0.0520667
1333   0.135212
1334   0.141304
1335   0.148538
1336   0.156816
1337   0.16609
1338   0.176053
1339   0.186197
1340   0.196144
1341   0.204577
1342   0.210941
1343   0.212117
1344   0.206367
1345   0.196206
1346   0.180964
1347   0.165866
1348   0.149861
1349   0.134744
1350   0.119689
1351   0.105644
1352   0.0919861
1353   0.0793164
1354   0.0671373
1355   0.0558724
1356   0.0451092
1357   0.0351708
1358   0.0257108
1359   0.0169905
1360   0.00871936
1361   0.00111852
1362   -0.00605225
1363   -0.0125994
1364   -0.0187162
1365   -0.0242293
1366   -0.0292873
1367   -0.033734
1368   -0.0376763
1369   -0.0409761
1370   -0.0437063
1371   -0.045754
1372   -0.0471759
1373   -0.047901
1374   -0.0480048
1375   -0.0474964
1376   0.129399
1377   0.134846
1378   0.141549
1379   0.148824
1380   0.157249
1381   0.165902
1382   0.175108
1383   0.183742
1384   0.191671
1385   0.197546
1386   0.199989
1387   0.198538
1388   0.190734
1389   0.179906
1390   0.16702
1391   0.153416
1392   0.139663
1393   0.126012
1394   0.112806
1395   0.0999929
1396   0.0878172
1397   0.0761258
1398   0.0651134
1399   0.0545926
1400   0.044733
1401   0.0353376
1402   0.0265677
1403   0.0182269
1404   0.0104792
1405   0.00313284
1406   -0.00363679
1407   -0.0100167
1408   -0.0158124
1409   -0.0212079
1410   -0.025984
1411   -0.0303258
1412   -0.0339864
1413   -0.0371605
1414   -0.0395788
1415   -0.0414621
1416   -0.0425392
1417   -0.0430875
1418   -0.0428831
1419   0.123839
1420   0.128998
1421   0.134929
1422   0.141575
1423   0.148867
1424   0.156647
1425   0.164486
1426   0.172248
1427   0.178917
1428   0.184467
1429   0.187031
1430   0.18714
1431   0.182926
1432   0.175085
1433   0.16532
1434   0.153879
1435   0.142154
1436   0.129888
1437   0.117987
1438   0.106052
1439   0.0947125
1440   0.0835598
1441   0.0730639
1442   0.0628432
1443   0.0532709
1444   0.0440026
1445   0.0353493
1446   0.0270064
1447   0.019243
1448   0.0117953
1449   0.00490198
1450   -0.00165836
1451   -0.00767031
1452   -0.0133113
1453   -0.0183859
1454   -0.0230257
1455   -0.0270558
1456   -0.0305642
1457   -0.0334037
1458   -0.035632
1459   -0.0371489
1460   -0.0380215
1461   -0.0382417
1462   0.118486
1463   0.123155
1464   0.128618
1465   0.13448
1466   0.141041
1467   0.147786
1468   0.154787
1469   0.161471
1470   0.167543
1471   0.172473
1472   0.175413
1473   0.17628
1474   0.173662
1475   0.168467
1476   0.16088
1477   0.151883
1478   0.141903
1479   0.131425
1480   0.120759
1481   0.110065
1482   0.0995636
1483   0.0892521
1484   0.0793002
1485   0.0696292
1486   0.060384
1487   0.0514491
1488   0.0429607
1489   0.0347862
1490   0.0270637
1491   0.0196531
1492   0.012703
1493   0.00606956
1494   -7.99424e-05
1495   -0.00589253
1496   -0.011174
1497   -0.0160767
1498   -0.0203722
1499   -0.024225
1500   -0.0273708
1501   -0.0300025
1502   -0.0318361
1503   -0.0331292
1504   -0.033636
1505   0.113367
1506   0.117763
1507   0.122635
1508   0.127954
1509   0.13365
1510   0.139651
1511   0.145628
1512   0.151547
1513   0.156732
1514   0.161239
1515   0.164043
1516   0.165324
1517   0.1641
1518   0.160587
1519   0.155146
1520   0.148025
1521   0.139988
1522   0.13104
1523   0.121877
1524   0.11231
1525   0.102908
1526   0.0933872
1527   0.0842155
1528   0.0750769
1529   0.0663665
1530   0.0577675
1531   0.0496248
1532   0.0416365
1533   0.0341108
1534   0.0267698
1535   0.0198939
1536   0.0132359
1537   0.00705303
1538   0.00113526
1539   -0.00428086
1540   -0.00936103
1541   -0.0138903
1542   -0.0179837
1543   -0.0214543
1544   -0.0243696
1545   -0.0265907
1546   -0.028174
1547   -0.0290835
1548   0.108441
1549   0.112464
1550   0.116937
1551   0.121661
1552   0.126762
1553   0.131979
1554   0.137279
1555   0.142381
1556   0.147034
1557   0.150989
1558   0.153741
1559   0.155182
1560   0.154682
1561   0.152456
1562   0.148421
1563   0.14302
1564   0.136466
1565   0.129114
1566   0.121205
1567   0.112934
1568   0.104498
1569   0.095969
1570   0.0875051
1571   0.0790993
1572   0.0708854
1573   0.0628114
1574   0.0549987
1575   0.0473698
1576   0.0400433
1577   0.0329275
1578   0.0261462
1579   0.0195987
1580   0.0134225
1581   0.00751005
1582   0.00202148
1583   -0.0031584
1584   -0.00783532
1585   -0.0121371
1586   -0.0158237
1587   -0.0190498
1588   -0.0215312
1589   -0.0234888
1590   -0.0246516
1591   0.10371
1592   0.107476
1593   0.111503
1594   0.115778
1595   0.120238
1596   0.12486
1597   0.129412
1598   0.133906
1599   0.137901
1600   0.141458
1601   0.143966
1602   0.145516
1603   0.145557
1604   0.144186
1605   0.141369
1606   0.137229
1607   0.132101
1608   0.126015
1609   0.119425
1610   0.112233
1611   0.104897
1612   0.0972176
1613   0.089622
1614   0.0818542
1615   0.0743055
1616   0.0666923
1617   0.059376
1618   0.0520654
1619   0.045097
1620   0.0381855
1621   0.0316462
1622   0.0252098
1623   0.0191724
1624   0.0132898
1625   0.00783949
1626   0.00261236
1627   -0.00213403
1628   -0.00656049
1629   -0.0104356
1630   -0.0138582
1631   -0.0166411
1632   -0.0188348
1633   -0.0203595
1634   0.0991489
1635   0.102622
1636   0.106315
1637   0.110141
1638   0.114135
1639   0.118176
1640   0.122205
1641   0.126086
1642   0.129643
1643   0.132741
1644   0.135091
1645   0.136597
1646   0.136954
1647   0.136177
1648   0.134165
1649   0.13107
1650   0.126977
1651   0.122068
1652   0.1165
1653   0.11041
1654   0.10396
1655   0.0972239
1656   0.0903459
1657   0.0833476
1658   0.0763546
1659   0.069352
1660   0.062452
1661   0.0556158
1662   0.0489485
1663   0.0423966
1664   0.0360639
1665   0.0298875
1666   0.0239766
1667   0.0182614
1668   0.0128643
1669   0.00770855
1670   0.00294104
1671   -0.00152557
1672   -0.00550238
1673   -0.00909798
1674   -0.0120593
1675   -0.0145509
1676   -0.0162773
1677   0.0947522
1678   0.0979893
1679   0.101344
1680   0.104812
1681   0.108338
1682   0.111929
1683   0.115417
1684   0.118842
1685   0.121906
1686   0.124681
1687   0.126774
1688   0.128264
1689   0.128797
1690   0.128438
1691   0.127062
1692   0.124725
1693   0.121545
1694   0.117526
1695   0.112941
1696   0.107713
1697   0.102187
1698   0.0962024
1699   0.0901305
1700   0.0837504
1701   0.0774339
1702   0.0709211
1703   0.0645761
1704   0.0581177
1705   0.0518988
1706   0.0456307
1707   0.0396538
1708   0.0336824
1709   0.0280446
1710   0.0224654
1711   0.0172606
1712   0.0121748
1713   0.00750943
1714   0.00304134
1715   -0.000948657
1716   -0.00462805
1717   -0.00775347
1718   -0.010403
1719   -0.012426
1720   0.0905067
1721   0.0935079
1722   0.0965902
1723   0.0997254
1724   0.102902
1725   0.106073
1726   0.109179
1727   0.112157
1728   0.114889
1729   0.1173
1730   0.119224
1731   0.120588
1732   0.121228
1733   0.121107
1734   0.120151
1735   0.118385
1736   0.115841
1737   0.112585
1738   0.108716
1739   0.104303
1740   0.0994678
1741   0.0942593
1742   0.0888017
1743   0.0831162
1744   0.0773183
1745   0.0714066
1746   0.0654858
1747   0.0595376
1748   0.0536583
1749   0.047818
1750   0.0421077
1751   0.0364905
1752   0.0310557
1753   0.0257626
1754   0.0207029
1755   0.0158335
1756   0.0112548
1757   0.00691997
1758   0.00294932
1759   -0.000715213
1760   -0.00390718
1761   -0.00672329
1762   -0.00887699
1763   0.0864064
1764   0.0891982
1765   0.0920251
1766   0.0948856
1767   0.0977306
1768   0.10058
1769   0.103305
1770   0.105962
1771   0.108332
1772   0.1105
1773   0.112186
1774   0.113479
1775   0.114119
1776   0.114172
1777   0.113503
1778   0.112141
1779   0.110118
1780   0.107411
1781   0.104193
1782   0.100375
1783   0.0962266
1784   0.0915924
1785   0.0867962
1786   0.081627
1787   0.0764343
1788   0.0709675
1789   0.0655846
1790   0.0600101
1791   0.0546012
1792   0.0490691
1793   0.0437662
1794   0.038399
1795   0.0333136
1796   0.0282178
1797   0.0234521
1798   0.0187297
1799   0.0143867
1800   0.0101453
1801   0.00633752
1802   0.00270164
1803   -0.000442174
1804   -0.00331167
1805   -0.00565294
1806   0.0824454
1807   0.0850429
1808   0.0876565
1809   0.0902738
1810   0.0928731
1811   0.0954297
1812   0.0978976
1813   0.100238
1814   0.102377
1815   0.104262
1816   0.105799
1817   0.106929
1818   0.107563
1819   0.107657
1820   0.107162
1821   0.106064
1822   0.104373
1823   0.102108
1824   0.0993203
1825   0.0960482
1826   0.0923669
1827   0.0883158
1828   0.0839766
1829   0.0793819
1830   0.07461
1831   0.0696833
1832   0.0646733
1833   0.0595929
1834   0.0545063
1835   0.0494192
1836   0.0443898
1837   0.039419
1838   0.0345612
1839   0.0298149
1840   0.0252327
1841   0.0208132
1842   0.0166087
1843   0.0126199
1844   0.0089007
1845   0.00545536
1846   0.00234068
1847   -0.000434334
1848   -0.00281752
