##### Y Mean #####
0   0.00438358
1   -0.0281274
2   -0.0662528
3   -0.108447
4   -0.153856
5   -0.200563
6   -0.247893
7   -0.294002
8   -0.338279
9   -0.37848
10   -0.415092
11   -0.447305
12   -0.475646
13   -0.499778
14   -0.520005
15   -0.536206
16   -0.548579
17   -0.557118
18   -0.562122
19   -0.563776
20   -0.562383
21   -0.558265
22   -0.551622
23   -0.542807
24   -0.532018
25   -0.519676
26   -0.506008
27   -0.491467
28   -0.476214
29   -0.460607
30   -0.444742
31   -0.428866
32   -0.413021
33   -0.39735
34   -0.381862
35   -0.366629
36   -0.351655
37   -0.336977
38   -0.322605
39   -0.308563
40   -0.294864
41   -0.281526
42   -0.268562
43   0.0351005
44   0.0021281
45   -0.0393728
46   -0.0836894
47   -0.134525
48   -0.183883
49   -0.237343
50   -0.286032
51   -0.337385
52   -0.379185
53   -0.421217
54   -0.455253
55   -0.48763
56   -0.513694
57   -0.536824
58   -0.554662
59   -0.569055
60   -0.578672
61   -0.584858
62   -0.587205
63   -0.586209
64   -0.582483
65   -0.575588
66   -0.566713
67   -0.55509
68   -0.542266
69   -0.527352
70   -0.512111
71   -0.495499
72   -0.479079
73   -0.461907
74   -0.445197
75   -0.428208
76   -0.41173
77   -0.395267
78   -0.379267
79   -0.363453
80   -0.348054
81   -0.332946
82   -0.318234
83   -0.303885
84   -0.289937
85   -0.276397
86   0.0714202
87   0.0406734
88   -0.00174018
89   -0.0487878
90   -0.101987
91   -0.155789
92   -0.211475
93   -0.264932
94   -0.318232
95   -0.367383
96   -0.412691
97   -0.453103
98   -0.489138
99   -0.520009
100   -0.546414
101   -0.567506
102   -0.584248
103   -0.596323
104   -0.604336
105   -0.6085
106   -0.608928
107   -0.606068
108   -0.599906
109   -0.590963
110   -0.579358
111   -0.565739
112   -0.550304
113   -0.533808
114   -0.516345
115   -0.498476
116   -0.480283
117   -0.462168
118   -0.444165
119   -0.426463
120   -0.409063
121   -0.39203
122   -0.375368
123   -0.359094
124   -0.343227
125   -0.327769
126   -0.312748
127   -0.298161
128   -0.284035
129   0.112079
130   0.0821447
131   0.0403383
132   -0.00786379
133   -0.0641407
134   -0.119899
135   -0.179378
136   -0.235005
137   -0.291795
138   -0.344291
139   -0.39592
140   -0.439602
141   -0.482562
142   -0.516009
143   -0.548932
144   -0.572059
145   -0.59362
146   -0.608109
147   -0.619473
148   -0.62625
149   -0.628859
150   -0.627917
151   -0.622734
152   -0.614655
153   -0.603007
154   -0.589429
155   -0.573115
156   -0.556122
157   -0.53731
158   -0.518488
159   -0.498759
160   -0.479545
161   -0.460144
162   -0.441383
163   -0.422799
164   -0.404801
165   -0.387144
166   -0.370014
167   -0.353309
168   -0.337103
169   -0.321374
170   -0.306145
171   -0.291421
172   0.156461
173   0.131147
174   0.0893086
175   0.041217
176   -0.0165716
177   -0.0751736
178   -0.136568
179   -0.195691
180   -0.254929
181   -0.310952
182   -0.364631
183   -0.413555
184   -0.458619
185   -0.498487
186   -0.5341
187   -0.564742
188   -0.59045
189   -0.611366
190   -0.627412
191   -0.638551
192   -0.645088
193   -0.646519
194   -0.643717
195   -0.63671
196   -0.626129
197   -0.612811
198   -0.596687
199   -0.578826
200   -0.55932
201   -0.538942
202   -0.518025
203   -0.49714
204   -0.476526
205   -0.456304
206   -0.436617
207   -0.417412
208   -0.398792
209   -0.380673
210   -0.36314
211   -0.346123
212   -0.329692
213   -0.313794
214   -0.298487
215   0.202659
216   0.178662
217   0.139412
218   0.0907564
219   0.0324149
220   -0.0275518
221   -0.0910378
222   -0.152086
223   -0.213601
224   -0.271525
225   -0.327685
226   -0.379175
227   -0.427561
228   -0.470743
229   -0.510832
230   -0.54547
231   -0.578214
232   -0.602541
233   -0.626742
234   -0.640109
235   -0.654219
236   -0.657124
237   -0.659397
238   -0.654116
239   -0.645738
240   -0.634165
241   -0.618372
242   -0.600914
243   -0.580335
244   -0.559129
245   -0.536544
246   -0.514498
247   -0.492337
248   -0.470941
249   -0.44995
250   -0.429685
251   -0.409991
252   -0.39096
253   -0.372543
254   -0.354758
255   -0.3376
256   -0.321065
257   -0.305158
258   0.25011
259   0.232472
260   0.193045
261   0.145441
262   0.0863054
263   0.0248587
264   -0.0398769
265   -0.103234
266   -0.166441
267   -0.226674
268   -0.284692
269   -0.338718
270   -0.389273
271   -0.435391
272   -0.477753
273   -0.515663
274   -0.550108
275   -0.579634
276   -0.605317
277   -0.625956
278   -0.642462
279   -0.654391
280   -0.661106
281   -0.663431
282   -0.660067
283   -0.651895
284   -0.638916
285   -0.62138
286   -0.600781
287   -0.578338
288   -0.554771
289   -0.531002
290   -0.507693
291   -0.484763
292   -0.462696
293   -0.441203
294   -0.420579
295   -0.40057
296   -0.381365
297   -0.36279
298   -0.344972
299   -0.327791
300   -0.311342
301   0.296452
302   0.280272
303   0.245164
304   0.197963
305   0.139466
306   0.0775954
307   0.0117912
308   -0.0527048
309   -0.117558
310   -0.179152
311   -0.239054
312   -0.29462
313   -0.347303
314   -0.395163
315   -0.439707
316   -0.479447
317   -0.515743
318   -0.547764
319   -0.576039
320   -0.600297
321   -0.621206
322   -0.637824
323   -0.652697
324   -0.659055
325   -0.665732
326   -0.659551
327   -0.653639
328   -0.63674
329   -0.617241
330   -0.595117
331   -0.57049
332   -0.546099
333   -0.521416
334   -0.49747
335   -0.474223
336   -0.451795
337   -0.43021
338   -0.409402
339   -0.389406
340   -0.370159
341   -0.351685
342   -0.333945
343   -0.316946
344   0.341041
345   0.333429
346   0.298701
347   0.253651
348   0.195756
349   0.132768
350   0.066617
351   0.000522531
352   -0.0653268
353   -0.128697
354   -0.189833
355   -0.247232
356   -0.301266
357   -0.350991
358   -0.396956
359   -0.438548
360   -0.47652
361   -0.510452
362   -0.540823
363   -0.567475
364   -0.590732
365   -0.610406
366   -0.627118
367   -0.639432
368   -0.648077
369   -0.651713
370   -0.649563
371   -0.642744
372   -0.627595
373   -0.60774
374   -0.584078
375   -0.558391
376   -0.533137
377   -0.507947
378   -0.484037
379   -0.460704
380   -0.438491
381   -0.416959
382   -0.396393
383   -0.376538
384   -0.357557
385   -0.339291
386   -0.321849
387   0.38069
388   0.373385
389   0.348482
390   0.306967
391   0.250904
392   0.187978
393   0.120964
394   0.0541599
395   -0.0129357
396   -0.0772791
397   -0.139845
398   -0.198332
399   -0.253857
400   -0.304759
401   -0.352202
402   -0.395085
403   -0.434487
404   -0.46982
405   -0.501761
406   -0.530024
407   -0.555045
408   -0.576576
409   -0.594909
410   -0.610197
411   -0.62187
412   -0.630248
413   -0.6353
414   -0.633451
415   -0.62974
416   -0.611903
417   -0.592234
418   -0.566953
419   -0.541389
420   -0.51594
421   -0.491542
422   -0.467809
423   -0.445106
424   -0.423155
425   -0.402122
426   -0.381867
427   -0.362446
428   -0.343802
429   -0.325943
430   0.416734
431   0.415203
432   0.394683
433   0.361928
434   0.305829
435   0.242792
436   0.176084
437   0.108406
438   0.0408315
439   -0.0247981
440   -0.0881705
441   -0.148061
442   -0.204522
443   -0.256829
444   -0.305295
445   -0.349549
446   -0.390071
447   -0.426693
448   -0.459826
449   -0.489388
450   -0.515712
451   -0.538693
452   -0.558793
453   -0.575844
454   -0.589946
455   -0.600904
456   -0.608544
457   -0.611912
458   -0.611117
459   -0.60476
460   -0.588513
461   -0.568378
462   -0.544434
463   -0.519476
464   -0.495644
465   -0.472033
466   -0.449399
467   -0.427363
468   -0.406214
469   -0.385763
470   -0.366132
471   -0.34722
472   -0.329094
473   0.448723
474   0.449302
475   0.436463
476   0.406687
477   0.356756
478   0.29576
479   0.229381
480   0.161811
481   0.0935658
482   0.0274213
483   -0.0369956
484   -0.0976231
485   -0.155221
486   -0.208363
487   -0.257952
488   -0.30311
489   -0.34469
490   -0.382252
491   -0.416404
492   -0.447003
493   -0.474392
494   -0.498674
495   -0.519951
496   -0.538625
497   -0.554216
498   -0.567254
499   -0.576726
500   -0.583352
501   -0.5855
502   -0.584093
503   -0.577041
504   -0.560842
505   -0.54184
506   -0.518811
507   -0.49623
508   -0.473339
509   -0.451211
510   -0.429488
511   -0.408509
512   -0.388137
513   -0.368473
514   -0.349482
515   -0.331187
516   0.477296
517   0.482407
518   0.474772
519   0.454766
520   0.405462
521   0.346479
522   0.281656
523   0.214298
524   0.146214
525   0.0793315
526   0.0145286
527   -0.0471372
528   -0.105327
529   -0.159561
530   -0.209847
531   -0.256063
532   -0.298413
533   -0.336964
534   -0.371959
535   -0.40354
536   -0.431937
537   -0.45731
538   -0.479876
539   -0.499762
540   -0.516948
541   -0.531476
542   -0.543094
543   -0.551802
544   -0.556973
545   -0.558654
546   -0.555017
547   -0.546409
548   -0.530568
549   -0.512069
550   -0.491651
551   -0.470797
552   -0.449794
553   -0.429049
554   -0.408637
555   -0.388713
556   -0.369271
557   -0.350412
558   -0.332106
559   0.502127
560   0.510156
561   0.508332
562   0.490386
563   0.449599
564   0.39444
565   0.33142
566   0.265135
567   0.197069
568   0.130218
569   0.0647777
570   0.00276442
571   -0.0562596
572   -0.111007
573   -0.162157
574   -0.208984
575   -0.252168
576   -0.291411
577   -0.327228
578   -0.359636
579   -0.388913
580   -0.415332
581   -0.438885
582   -0.460056
583   -0.478412
584   -0.494574
585   -0.507684
586   -0.518506
587   -0.52566
588   -0.529941
589   -0.5293
590   -0.524604
591   -0.514405
592   -0.499782
593   -0.482932
594   -0.464411
595   -0.445361
596   -0.425927
597   -0.40657
598   -0.387349
599   -0.368429
600   -0.349877
601   -0.331756
602   0.523303
603   0.53483
604   0.538201
605   0.530224
606   0.491188
607   0.440112
608   0.379624
609   0.314413
610   0.247077
611   0.179981
612   0.114609
613   0.0519102
614   -0.00734509
615   -0.0629148
616   -0.114465
617   -0.162133
618   -0.205842
619   -0.245918
620   -0.282394
621   -0.315672
622   -0.3458
623   -0.373192
624   -0.397837
625   -0.420118
626   -0.439844
627   -0.457353
628   -0.472195
629   -0.484707
630   -0.494004
631   -0.5005
632   -0.502635
633   -0.501312
634   -0.494378
635   -0.484045
636   -0.470242
637   -0.454796
638   -0.43781
639   -0.420287
640   -0.402195
641   -0.384093
642   -0.365871
643   -0.347909
644   -0.330078
645   0.540653
646   0.555111
647   0.562795
648   0.556626
649   0.528414
650   0.482853
651   0.425311
652   0.361772
653   0.294956
654   0.228431
655   0.162819
656   0.100198
657   0.040396
658   -0.0153641
659   -0.0675661
660   -0.115593
661   -0.159985
662   -0.200566
663   -0.237766
664   -0.271726
665   -0.302667
666   -0.330956
667   -0.356544
668   -0.379954
669   -0.400805
670   -0.419703
671   -0.435926
672   -0.450098
673   -0.461152
674   -0.469615
675   -0.474215
676   -0.475331
677   -0.472066
678   -0.464938
679   -0.454692
680   -0.441983
681   -0.427613
682   -0.412011
683   -0.395636
684   -0.378752
685   -0.36157
686   -0.344288
687   -0.327023
688   0.554118
689   0.570949
690   0.583158
691   0.586168
692   0.562362
693   0.524636
694   0.469581
695   0.407307
696   0.341749
697   0.275361
698   0.210315
699   0.147326
700   0.0876603
701   0.0313118
702   -0.0210092
703   -0.0697023
704   -0.114401
705   -0.155696
706   -0.193394
707   -0.228146
708   -0.259803
709   -0.289003
710   -0.315543
711   -0.340012
712   -0.362053
713   -0.382203
714   -0.399857
715   -0.415528
716   -0.42826
717   -0.438603
718   -0.445209
719   -0.448859
720   -0.448089
721   -0.444249
722   -0.436752
723   -0.42708
724   -0.41502
725   -0.401728
726   -0.387016
727   -0.371713
728   -0.355594
729   -0.3393
730   -0.322609
731   0.56383
732   0.583133
733   0.598027
734   0.603247
735   0.592067
736   0.56099
737   0.510793
738   0.450881
739   0.386302
740   0.321096
741   0.25617
742   0.193668
743   0.133695
744   0.077457
745   0.0246661
746   -0.0241466
747   -0.069392
748   -0.111008
749   -0.149338
750   -0.184626
751   -0.217034
752   -0.246997
753   -0.274434
754   -0.299884
755   -0.322993
756   -0.344324
757   -0.363254
758   -0.380293
759   -0.394589
760   -0.406524
761   -0.415176
762   -0.420801
763   -0.422783
764   -0.421462
765   -0.416978
766   -0.409824
767   -0.40041
768   -0.389188
769   -0.376497
770   -0.362687
771   -0.347964
772   -0.332625
773   -0.316828
774   0.5697
775   0.590695
776   0.608717
777   0.619769
778   0.616688
779   0.599308
780   0.550439
781   0.491901
782   0.429693
783   0.365084
784   0.301246
785   0.238635
786   0.179129
787   0.122501
788   0.0698607
789   0.0205502
790   -0.0247811
791   -0.0669808
792   -0.105634
793   -0.141619
794   -0.174597
795   -0.205396
796   -0.23364
797   -0.260075
798   -0.284201
799   -0.306681
800   -0.326811
801   -0.345199
802   -0.360883
803   -0.37447
804   -0.384777
805   -0.392536
806   -0.39657
807   -0.397902
808   -0.395752
809   -0.39131
810   -0.384096
811   -0.375218
812   -0.364305
813   -0.352299
814   -0.338846
815   -0.324774
816   -0.309766
817   0.571879
818   0.594592
819   0.615288
820   0.630651
821   0.636561
822   0.623671
823   0.585095
824   0.531351
825   0.470975
826   0.408187
827   0.344746
828   0.282954
829   0.223334
830   0.167103
831   0.114177
832   0.0649973
833   0.0192755
834   -0.0230466
835   -0.0622152
836   -0.098581
837   -0.132225
838   -0.16365
839   -0.19272
840   -0.219995
841   -0.245111
842   -0.268607
843   -0.28991
844   -0.309476
845   -0.326579
846   -0.341552
847   -0.353653
848   -0.363122
849   -0.369431
850   -0.372853
851   -0.373264
852   -0.37103
853   -0.366277
854   -0.359393
855   -0.350559
856   -0.340133
857   -0.328269
858   -0.315313
859   -0.301443
860   0.570567
861   0.59402
862   0.617704
863   0.637307
864   0.651315
865   0.652781
866   0.616542
867   0.567247
868   0.510461
869   0.449093
870   0.387154
871   0.325557
872   0.266736
873   0.21035
874   0.157877
875   0.108403
876   0.0628408
877   0.0200962
878   -0.0192089
879   -0.0561503
880   -0.0902153
881   -0.122378
882   -0.152117
883   -0.180286
884   -0.206271
885   -0.230817
886   -0.253158
887   -0.273958
888   -0.292277
889   -0.308751
890   -0.32231
891   -0.333657
892   -0.341739
893   -0.34742
894   -0.349844
895   -0.350009
896   -0.347257
897   -0.342607
898   -0.335518
899   -0.32696
900   -0.31645
901   -0.304927
902   -0.291986
903   0.566243
904   0.591093
905   0.616565
906   0.640481
907   0.660104
908   0.664387
909   0.642589
910   0.600732
911   0.547465
912   0.488695
913   0.427646
914   0.367351
915   0.308739
916   0.253134
917   0.200634
918   0.151586
919   0.105835
920   0.0631824
921   0.0235085
922   -0.0136582
923   -0.0482811
924   -0.0809434
925   -0.111418
926   -0.140305
927   -0.167192
928   -0.192629
929   -0.216047
930   -0.2379
931   -0.25752
932   -0.275248
933   -0.29042
934   -0.303293
935   -0.313351
936   -0.320843
937   -0.325497
938   -0.327606
939   -0.327099
940   -0.324297
941   -0.319234
942   -0.312241
943   -0.303399
944   -0.293069
945   -0.281427
946   0.559017
947   0.583663
948   0.611296
949   0.637339
950   0.663132
951   0.679988
952   0.663691
953   0.631491
954   0.582216
955   0.525516
956   0.466586
957   0.40692
958   0.349617
959   0.294185
960   0.242522
961   0.193438
962   0.148122
963   0.105242
964   0.0656209
965   0.0280238
966   -0.00687972
967   -0.040162
968   -0.071182
969   -0.100855
970   -0.128489
971   -0.154869
972   -0.179203
973   -0.202181
974   -0.222893
975   -0.24199
976   -0.258474
977   -0.273027
978   -0.284654
979   -0.29413
980   -0.300554
981   -0.304805
982   -0.306105
983   -0.30539
984   -0.301981
985   -0.296838
986   -0.28936
987   -0.280549
988   -0.269919
989   0.549485
990   0.575025
991   0.602933
992   0.631681
993   0.65933
994   0.678228
995   0.679367
996   0.656269
997   0.613207
998   0.560292
999   0.503013
1000   0.445419
1001   0.388782
1002   0.334615
1003   0.283254
1004   0.234923
1005   0.189662
1006   0.147085
1007   0.107269
1008   0.0695894
1009   0.0342611
1010   0.000594462
1011   -0.0310442
1012   -0.0613245
1013   -0.0897457
1014   -0.116906
1015   -0.142199
1016   -0.166121
1017   -0.188005
1018   -0.208236
1019   -0.226165
1020   -0.242087
1021   -0.255457
1022   -0.26653
1023   -0.274929
1024   -0.280907
1025   -0.284252
1026   -0.285232
1027   -0.283756
1028   -0.280117
1029   -0.274322
1030   -0.266727
1031   -0.257492
1032   0.537633
1033   0.5622
1034   0.590978
1035   0.619985
1036   0.650328
1037   0.674943
1038   0.685582
1039   0.680994
1040   0.64136
1041   0.591196
1042   0.537459
1043   0.481002
1044   0.426325
1045   0.372691
1046   0.3226
1047   0.274541
1048   0.229995
1049   0.187424
1050   0.14784
1051   0.10991
1052   0.0744344
1053   0.0403046
1054   0.008245
1055   -0.0226718
1056   -0.0517139
1057   -0.0796709
1058   -0.105752
1059   -0.130651
1060   -0.153498
1061   -0.174937
1062   -0.194033
1063   -0.211439
1064   -0.226198
1065   -0.239021
1066   -0.248987
1067   -0.256886
1068   -0.261861
1069   -0.264776
1070   -0.264845
1071   -0.263001
1072   -0.258541
1073   -0.252498
1074   -0.244313
1075   0.524054
1076   0.548674
1077   0.576398
1078   0.606118
1079   0.636867
1080   0.664566
1081   0.685206
1082   0.686607
1083   0.66245
1084   0.619655
1085   0.568764
1086   0.515119
1087   0.461544
1088   0.409672
1089   0.360278
1090   0.313299
1091   0.269107
1092   0.227037
1093   0.18748
1094   0.149607
1095   0.113895
1096   0.0795103
1097   0.0470117
1098   0.0156245
1099   -0.0140263
1100   -0.0426212
1101   -0.0694846
1102   -0.0951831
1103   -0.11902
1104   -0.141444
1105   -0.161784
1106   -0.180386
1107   -0.196661
1108   -0.210885
1109   -0.222595
1110   -0.232027
1111   -0.238858
1112   -0.243317
1113   -0.245209
1114   -0.244788
1115   -0.241988
1116   -0.237151
1117   -0.230411
1118   0.508876
1119   0.5318
1120   0.55923
1121   0.587599
1122   0.619103
1123   0.648022
1124   0.675736
1125   0.693654
1126   0.675746
1127   0.642552
1128   0.59619
1129   0.544644
1130   0.493843
1131   0.443093
1132   0.39549
1133   0.349215
1134   0.306034
1135   0.264292
1136   0.225156
1137   0.1873
1138   0.151607
1139   0.117009
1140   0.0842613
1141   0.0524794
1142   0.0223874
1143   -0.00677077
1144   -0.0342414
1145   -0.0606928
1146   -0.0853118
1147   -0.108719
1148   -0.130041
1149   -0.149892
1150   -0.167359
1151   -0.183093
1152   -0.196171
1153   -0.207307
1154   -0.215596
1155   -0.221833
1156   -0.225152
1157   -0.226447
1158   -0.224932
1159   -0.221644
1160   -0.215962
1161   0.492807
1162   0.515248
1163   0.540798
1164   0.568795
1165   0.598975
1166   0.629423
1167   0.658277
1168   0.678313
1169   0.681308
1170   0.657734
1171   0.617892
1172   0.571035
1173   0.522446
1174   0.474279
1175   0.428025
1176   0.383216
1177   0.34083
1178   0.299816
1179   0.261055
1180   0.223455
1181   0.187843
1182   0.153202
1183   0.120321
1184   0.0882915
1185   0.0578851
1186   0.0283123
1187   0.000340187
1188   -0.0266926
1189   -0.0520317
1190   -0.0762093
1191   -0.0985075
1192   -0.11934
1193   -0.138058
1194   -0.154977
1195   -0.169551
1196   -0.182024
1197   -0.191969
1198   -0.199596
1199   -0.204611
1200   -0.207234
1201   -0.20733
1202   -0.205214
1203   -0.200992
1204   0.475982
1205   0.496512
1206   0.521125
1207   0.546981
1208   0.576414
1209   0.605255
1210   0.635198
1211   0.659216
1212   0.6704
1213   0.668089
1214   0.633813
1215   0.590424
1216   0.546243
1217   0.500043
1218   0.456262
1219   0.412835
1220   0.371832
1221   0.331686
1222   0.293636
1223   0.256523
1224   0.221216
1225   0.18679
1226   0.153952
1227   0.121922
1228   0.0913601
1229   0.0615864
1230   0.0332803
1231   0.0058299
1232   -0.0200317
1233   -0.0448769
1234   -0.0679069
1235   -0.0896862
1236   -0.109355
1237   -0.127502
1238   -0.143222
1239   -0.157156
1240   -0.168375
1241   -0.177602
1242   -0.183914
1243   -0.188154
1244   -0.189463
1245   -0.188865
1246   -0.185682
1247   0.458989
1248   0.478784
1249   0.501224
1250   0.525921
1251   0.55278
1252   0.580688
1253   0.608404
1254   0.633188
1255   0.651144
1256   0.65414
1257   0.640057
1258   0.604576
1259   0.564468
1260   0.521648
1261   0.480224
1262   0.438755
1263   0.399308
1264   0.360289
1265   0.323244
1266   0.286782
1267   0.252115
1268   0.218034
1269   0.185563
1270   0.153653
1271   0.123226
1272   0.0933791
1273   0.0649787
1274   0.0372621
1275   0.0110563
1276   -0.0142644
1277   -0.0379184
1278   -0.0603999
1279   -0.0809909
1280   -0.100065
1281   -0.116989
1282   -0.132036
1283   -0.14468
1284   -0.155125
1285   -0.162979
1286   -0.168435
1287   -0.171279
1288   -0.171798
1289   -0.17006
1290   0.441881
1291   0.459894
1292   0.481095
1293   0.503395
1294   0.528551
1295   0.553589
1296   0.579802
1297   0.602766
1298   0.62327
1299   0.635443
1300   0.62741
1301   0.607658
1302   0.573209
1303   0.534593
1304   0.496815
1305   0.45819
1306   0.420792
1307   0.383669
1308   0.347909
1309   0.312747
1310   0.278908
1311   0.245716
1312   0.213757
1313   0.182419
1314   0.152256
1315   0.122706
1316   0.0943498
1317   0.0666619
1318   0.0402791
1319   0.0147011
1320   -0.00936362
1321   -0.0324116
1322   -0.0536555
1323   -0.0736123
1324   -0.0914176
1325   -0.107636
1326   -0.121338
1327   -0.133168
1328   -0.142167
1329   -0.149109
1330   -0.153075
1331   -0.155054
1332   -0.154312
1333   0.425047
1334   0.442252
1335   0.461404
1336   0.482251
1337   0.504633
1338   0.527897
1339   0.550959
1340   0.573024
1341   0.591365
1342   0.604879
1343   0.607286
1344   0.594761
1345   0.572983
1346   0.540205
1347   0.507215
1348   0.471597
1349   0.437199
1350   0.402079
1351   0.368399
1352   0.334629
1353   0.302274
1354   0.270045
1355   0.239143
1356   0.208446
1357   0.179002
1358   0.149829
1359   0.12189
1360   0.0943364
1361   0.0680747
1362   0.0423878
1363   0.0181314
1364   -0.00527828
1365   -0.0270445
1366   -0.0476174
1367   -0.066275
1368   -0.083339
1369   -0.0981846
1370   -0.111028
1371   -0.121375
1372   -0.129397
1373   -0.134791
1374   -0.137809
1375   -0.138466
1376   0.408463
1377   0.424192
1378   0.442106
1379   0.46084
1380   0.481444
1381   0.502084
1382   0.523313
1383   0.542881
1384   0.560437
1385   0.573285
1386   0.578592
1387   0.575408
1388   0.558759
1389   0.535425
1390   0.507307
1391   0.477099
1392   0.445924
1393   0.414261
1394   0.382806
1395   0.351425
1396   0.320644
1397   0.290131
1398   0.260346
1399   0.230892
1400   0.202221
1401   0.173918
1402   0.146467
1403   0.119454
1404   0.0934172
1405   0.0679476
1406   0.0436546
1407   0.0201247
1408   -0.00194559
1409   -0.0229905
1410   -0.0422155
1411   -0.0600977
1412   -0.075742
1413   -0.0897026
1414   -0.101006
1415   -0.110344
1416   -0.116741
1417   -0.12113
1418   -0.122715
1419   0.392329
1420   0.407265
1421   0.423481
1422   0.44082
1423   0.459091
1424   0.477944
1425   0.496477
1426   0.514381
1427   0.529585
1428   0.542007
1429   0.547864
1430   0.548228
1431   0.539308
1432   0.522413
1433   0.501107
1434   0.475699
1435   0.449183
1436   0.420798
1437   0.392605
1438   0.363531
1439   0.335125
1440   0.306276
1441   0.278261
1442   0.250015
1443   0.222664
1444   0.19522
1445   0.168722
1446   0.142272
1447   0.116854
1448   0.0916731
1449   0.067664
1450   0.0441501
1451   0.0220124
1452   0.000705642
1453   -0.0189541
1454   -0.0373687
1455   -0.0538079
1456   -0.0685323
1457   -0.0809349
1458   -0.0911799
1459   -0.0988589
1460   -0.104179
1461   -0.107089
1462   0.376581
1463   0.390347
1464   0.40545
1465   0.421096
1466   0.437807
1467   0.454554
1468   0.47141
1469   0.487226
1470   0.501351
1471   0.512724
1472   0.519589
1473   0.521793
1474   0.516405
1475   0.505272
1476   0.488724
1477   0.468738
1478   0.446157
1479   0.421934
1480   0.396703
1481   0.370753
1482   0.344557
1483   0.31808
1484   0.291722
1485   0.265295
1486   0.239184
1487   0.213131
1488   0.187541
1489   0.162122
1490   0.137322
1491   0.112835
1492   0.0891718
1493   0.0660098
1494   0.0439415
1495   0.0226228
1496   0.00274879
1497   -0.016063
1498   -0.0329937
1499   -0.0484945
1500   -0.06162
1501   -0.0729522
1502   -0.0814813
1503   -0.0880476
1504   -0.0917859
1505   0.361297
1506   0.374309
1507   0.388068
1508   0.402485
1509   0.417377
1510   0.432568
1511   0.447373
1512   0.461686
1513   0.474134
1514   0.484789
1515   0.491592
1516   0.494846
1517   0.492589
1518   0.485146
1519   0.473333
1520   0.457489
1521   0.439306
1522   0.418583
1523   0.396931
1524   0.373721
1525   0.350356
1526   0.325989
1527   0.301869
1528   0.277066
1529   0.25273
1530   0.227921
1531   0.203727
1532   0.179239
1533   0.155503
1534   0.13167
1535   0.108747
1536   0.0859698
1537   0.064304
1538   0.0430935
1539   0.0232512
1540   0.00425925
1541   -0.0130422
1542   -0.029006
1543   -0.0429014
1544   -0.054923
1545   -0.0645307
1546   -0.0718875
1547   -0.0768397
1548   0.346418
1549   0.358492
1550   0.371278
1551   0.384367
1552   0.397956
1553   0.411513
1554   0.424926
1555   0.437619
1556   0.449049
1557   0.458707
1558   0.465537
1559   0.469311
1560   0.468713
1561   0.464157
1562   0.455446
1563   0.443451
1564   0.428586
1565   0.41154
1566   0.392806
1567   0.372738
1568   0.351765
1569   0.329991
1570   0.307789
1571   0.285107
1572   0.262297
1573   0.23922
1574   0.21623
1575   0.193141
1576   0.170334
1577   0.147596
1578   0.125348
1579   0.10336
1580   0.0821147
1581   0.0613606
1582   0.0416688
1583   0.0227545
1584   0.00531172
1585   -0.0110001
1586   -0.0253277
1587   -0.0381226
1588   -0.0483812
1589   -0.0568084
1590   -0.062455
1591   0.331968
1592   0.343328
1593   0.355054
1594   0.367093
1595   0.379289
1596   0.391568
1597   0.40344
1598   0.414895
1599   0.425042
1600   0.433953
1601   0.440412
1602   0.444524
1603   0.445218
1604   0.442574
1605   0.436607
1606   0.427412
1607   0.415791
1608   0.401619
1609   0.385989
1610   0.368477
1611   0.350235
1612   0.330608
1613   0.310735
1614   0.289817
1615   0.268976
1616   0.247335
1617   0.226
1618   0.204072
1619   0.18264
1620   0.160819
1621   0.139679
1622   0.118377
1623   0.0979585
1624   0.0776505
1625   0.0584635
1626   0.0397307
1627   0.0224063
1628   0.00598056
1629   -0.00868317
1630   -0.0218872
1631   -0.0329334
1632   -0.0419636
1633   -0.0486703
1634   0.31791
1635   0.328495
1636   0.339378
1637   0.350372
1638   0.361506
1639   0.372525
1640   0.383278
1641   0.393473
1642   0.402728
1643   0.410754
1644   0.416942
1645   0.421075
1646   0.422511
1647   0.421252
1648   0.417075
1649   0.410252
1650   0.400949
1651   0.389494
1652   0.376216
1653   0.361347
1654   0.345244
1655   0.32801
1656   0.309987
1657   0.291175
1658   0.271899
1659   0.252092
1660   0.232073
1661   0.211731
1662   0.191395
1663   0.170929
1664   0.150683
1665   0.130504
1666   0.110778
1667   0.0913389
1668   0.0726259
1669   0.054452
1670   0.0373468
1671   0.0210838
1672   0.00633803
1673   -0.00719778
1674   -0.0186308
1675   -0.0284741
1676   -0.0356969
1677   0.30425
1678   0.31417
1679   0.324206
1680   0.334325
1681   0.344395
1682   0.354399
1683   0.363989
1684   0.373206
1685   0.381453
1686   0.388817
1687   0.394531
1688   0.398672
1689   0.400571
1690   0.400252
1691   0.397538
1692   0.3924
1693   0.385195
1694   0.375753
1695   0.364792
1696   0.351938
1697   0.338103
1698   0.322719
1699   0.306798
1700   0.289617
1701   0.272242
1702   0.253848
1703   0.235531
1704   0.216405
1705   0.197583
1706   0.178154
1707   0.159237
1708   0.139925
1709   0.121335
1710   0.102586
1711   0.0847816
1712   0.0670978
1713   0.0506078
1714   0.0345887
1715   0.0200503
1716   0.00645385
1717   -0.00532256
1718   -0.0155163
1719   -0.0235806
1720   0.290973
1721   0.300236
1722   0.309553
1723   0.318848
1724   0.328075
1725   0.337119
1726   0.345838
1727   0.354084
1728   0.361601
1729   0.368212
1730   0.373566
1731   0.377486
1732   0.379629
1733   0.379885
1734   0.378094
1735   0.374271
1736   0.368481
1737   0.360814
1738   0.351484
1739   0.340583
1740   0.328389
1741   0.314953
1742   0.300571
1743   0.285243
1744   0.269264
1745   0.252594
1746   0.235524
1747   0.217985
1748   0.200268
1749   0.182288
1750   0.164342
1751   0.146336
1752   0.128581
1753   0.110977
1754   0.0938595
1755   0.0771245
1756   0.0611433
1757   0.0458014
1758   0.03154
1759   0.0182049
1760   0.00639273
1761   -0.00418849
1762   -0.012539
1763   0.278078
1764   0.286739
1765   0.295373
1766   0.303957
1767   0.312377
1768   0.320643
1769   0.32849
1770   0.335993
1771   0.342715
1772   0.348775
1773   0.353629
1774   0.357383
1775   0.359557
1776   0.360183
1777   0.359063
1778   0.356123
1779   0.35154
1780   0.345099
1781   0.337308
1782   0.327783
1783   0.317272
1784   0.305224
1785   0.292545
1786   0.278541
1787   0.264219
1788   0.248777
1789   0.233286
1790   0.21687
1791   0.20064
1792   0.183678
1793   0.16712
1794   0.150026
1795   0.133549
1796   0.116744
1797   0.100775
1798   0.0847058
1799   0.0697067
1800   0.0548649
1801   0.0413462
1802   0.0282874
1803   0.0168153
1804   0.00621273
1805   -0.00262637
1806   0.265564
1807   0.273657
1808   0.281693
1809   0.289629
1810   0.297403
1811   0.304946
1812   0.312148
1813   0.318909
1814   0.325066
1815   0.330488
1816   0.334972
1817   0.338373
1818   0.3405
1819   0.341232
1820   0.340464
1821   0.33814
1822   0.33427
1823   0.328867
1824   0.322037
1825   0.313827
1826   0.304401
1827   0.293815
1828   0.282254
1829   0.269764
1830   0.256538
1831   0.242606
1832   0.22816
1833   0.213219
1834   0.197971
1835   0.182429
1836   0.166781
1837   0.151037
1838   0.135388
1839   0.119846
1840   0.104609
1841   0.0896951
1842   0.0753081
1843   0.0614767
1844   0.0484139
1845   0.0361613
1846   0.0249402
1847   0.0148064
1848   0.00596122
