##### Y Mean #####
0   -0.00350476
1   -0.0200558
2   -0.039099
3   -0.0596999
4   -0.0812394
5   -0.102569
6   -0.123317
7   -0.142741
8   -0.160762
9   -0.176967
10   -0.191447
11   -0.203992
12   -0.214771
13   -0.223695
14   -0.23096
15   -0.236546
16   -0.240654
17   -0.243305
18   -0.244691
19   -0.244856
20   -0.243978
21   -0.242112
22   -0.239414
23   -0.235946
24   -0.231841
25   -0.22716
26   -0.222017
27   -0.216464
28   -0.210598
29   -0.204464
30   -0.19814
31   -0.191665
32   -0.1851
33   -0.178477
34   -0.171843
35   -0.165225
36   -0.158657
37   -0.15216
38   -0.14576
39   -0.139473
40   -0.133317
41   -0.127306
42   -0.12145
43   0.00987738
44   -0.00740936
45   -0.0286915
46   -0.0509364
47   -0.0757397
48   -0.0987846
49   -0.122501
50   -0.143321
51   -0.163682
52   -0.180887
53   -0.1971
54   -0.210289
55   -0.222295
56   -0.231572
57   -0.239656
58   -0.245364
59   -0.249971
60   -0.252568
61   -0.254205
62   -0.254188
63   -0.253373
64   -0.251236
65   -0.248467
66   -0.244673
67   -0.240404
68   -0.235368
69   -0.229998
70   -0.224082
71   -0.217953
72   -0.211461
73   -0.204855
74   -0.198035
75   -0.191182
76   -0.184233
77   -0.177314
78   -0.17039
79   -0.163544
80   -0.156763
81   -0.150097
82   -0.143546
83   -0.137138
84   -0.130883
85   -0.124792
86   0.0260924
87   0.00928731
88   -0.0131583
89   -0.0375752
90   -0.0644111
91   -0.0906859
92   -0.116363
93   -0.140077
94   -0.162001
95   -0.181489
96   -0.198844
97   -0.213742
98   -0.226525
99   -0.237028
100   -0.245588
101   -0.252133
102   -0.256976
103   -0.2601
104   -0.26179
105   -0.262061
106   -0.261165
107   -0.259137
108   -0.256194
109   -0.252379
110   -0.247875
111   -0.242729
112   -0.237089
113   -0.231003
114   -0.224589
115   -0.21789
116   -0.210997
117   -0.203948
118   -0.196813
119   -0.189625
120   -0.182433
121   -0.175267
122   -0.168161
123   -0.161139
124   -0.154224
125   -0.147437
126   -0.140792
127   -0.134308
128   -0.127993
129   0.0446931
130   0.0276148
131   0.00459112
132   -0.0214
133   -0.0508222
134   -0.0791026
135   -0.107789
136   -0.133343
137   -0.157887
138   -0.178855
139   -0.198298
140   -0.214308
141   -0.228679
142   -0.239964
143   -0.249681
144   -0.256727
145   -0.262371
146   -0.26577
147   -0.267976
148   -0.268348
149   -0.267747
150   -0.265692
151   -0.262879
152   -0.258949
153   -0.254457
154   -0.249137
155   -0.243427
156   -0.237134
157   -0.230593
158   -0.223669
159   -0.216612
160   -0.209333
161   -0.202011
162   -0.194592
163   -0.187199
164   -0.179805
165   -0.17249
166   -0.165244
167   -0.158115
168   -0.151109
169   -0.14425
170   -0.137551
171   -0.131026
172   0.0655941
173   0.0500722
174   0.0260716
175   -0.0010791
176   -0.032508
177   -0.0636142
178   -0.0943169
179   -0.122792
180   -0.149127
181   -0.172639
182   -0.193562
183   -0.211638
184   -0.227158
185   -0.240045
186   -0.250601
187   -0.258839
188   -0.265052
189   -0.2693
190   -0.271855
191   -0.272801
192   -0.27238
193   -0.270686
194   -0.267928
195   -0.264198
196   -0.259673
197   -0.254438
198   -0.248636
199   -0.242344
200   -0.235674
201   -0.228692
202   -0.221482
203   -0.214103
204   -0.206614
205   -0.199066
206   -0.191497
207   -0.183951
208   -0.176452
209   -0.169037
210   -0.161719
211   -0.154531
212   -0.147477
213   -0.140588
214   -0.133865
215   0.0880953
216   0.0726945
217   0.0488071
218   0.0202702
219   -0.0129308
220   -0.0456979
221   -0.078976
222   -0.109214
223   -0.138133
224   -0.163302
225   -0.186515
226   -0.206009
227   -0.223422
228   -0.237436
229   -0.24948
230   -0.258558
231   -0.265891
232   -0.270728
233   -0.274093
234   -0.275423
235   -0.275564
236   -0.274096
237   -0.271708
238   -0.268089
239   -0.26379
240   -0.258583
241   -0.252901
242   -0.24658
243   -0.239952
244   -0.232902
245   -0.225677
246   -0.218203
247   -0.210656
248   -0.202992
249   -0.195331
250   -0.187653
251   -0.180035
252   -0.172472
253   -0.165011
254   -0.157659
255   -0.150443
256   -0.143379
257   -0.136482
258   0.111978
259   0.0995899
260   0.0745947
261   0.0452072
262   0.0104729
263   -0.024648
264   -0.0595331
265   -0.0924305
266   -0.123049
267   -0.150782
268   -0.175612
269   -0.197366
270   -0.216177
271   -0.232064
272   -0.245232
273   -0.255794
274   -0.263983
275   -0.269954
276   -0.27394
277   -0.276111
278   -0.276683
279   -0.275823
280   -0.273719
281   -0.270527
282   -0.266403
283   -0.261487
284   -0.255901
285   -0.249767
286   -0.243178
287   -0.236236
288   -0.229008
289   -0.22158
290   -0.213996
291   -0.206329
292   -0.198601
293   -0.190878
294   -0.183166
295   -0.175522
296   -0.167941
297   -0.160477
298   -0.153117
299   -0.145912
300   -0.138852
301   0.135947
302   0.123997
303   0.100479
304   0.0704376
305   0.0346151
306   -0.00161999
307   -0.0386375
308   -0.0730611
309   -0.106099
310   -0.135503
311   -0.162679
312   -0.186011
313   -0.206894
314   -0.224136
315   -0.239027
316   -0.250681
317   -0.260241
318   -0.267053
319   -0.272098
320   -0.274896
321   -0.276269
322   -0.275864
323   -0.274355
324   -0.271487
325   -0.267799
326   -0.263107
327   -0.257835
328   -0.251852
329   -0.245481
330   -0.238634
331   -0.23155
332   -0.224171
333   -0.216669
334   -0.209011
335   -0.201314
336   -0.193563
337   -0.185833
338   -0.178126
339   -0.170485
340   -0.162924
341   -0.155465
342   -0.148134
343   -0.140947
344   0.159499
345   0.152675
346   0.128591
347   0.098547
348   0.0623043
349   0.0238517
350   -0.0142782
351   -0.0511552
352   -0.0857335
353   -0.117634
354   -0.146445
355   -0.172105
356   -0.194505
357   -0.213771
358   -0.229959
359   -0.24329
360   -0.253903
361   -0.262061
362   -0.267933
363   -0.271788
364   -0.273796
365   -0.274212
366   -0.273186
367   -0.270951
368   -0.267629
369   -0.263422
370   -0.258426
371   -0.252812
372   -0.246647
373   -0.240076
374   -0.233138
375   -0.225959
376   -0.218553
377   -0.211028
378   -0.203379
379   -0.195701
380   -0.187974
381   -0.180284
382   -0.172601
383   -0.165005
384   -0.157462
385   -0.150051
386   -0.142743
387   0.180444
388   0.173382
389   0.15534
390   0.127166
391   0.0907793
392   0.0514965
393   0.0112952
394   -0.0270122
395   -0.0639001
396   -0.0974399
397   -0.128572
398   -0.155854
399   -0.18039
400   -0.201116
401   -0.219147
402   -0.233714
403   -0.245857
404   -0.255022
405   -0.262131
406   -0.266792
407   -0.269788
408   -0.270843
409   -0.270602
410   -0.268873
411   -0.266175
412   -0.262372
413   -0.257869
414   -0.252577
415   -0.246801
416   -0.240483
417   -0.233848
418   -0.226862
419   -0.219683
420   -0.212295
421   -0.204803
422   -0.197208
423   -0.189573
424   -0.181912
425   -0.17426
426   -0.16664
427   -0.159072
428   -0.151589
429   -0.144212
430   0.199674
431   0.196035
432   0.180612
433   0.157689
434   0.120543
435   0.0798519
436   0.0389596
437   -0.0013578
438   -0.0395749
439   -0.0754074
440   -0.108087
441   -0.137631
442   -0.163678
443   -0.186452
444   -0.205834
445   -0.222163
446   -0.235454
447   -0.246089
448   -0.254151
449   -0.260018
450   -0.263795
451   -0.265834
452   -0.266235
453   -0.26531
454   -0.263139
455   -0.259994
456   -0.255929
457   -0.251175
458   -0.24576
459   -0.239881
460   -0.233539
461   -0.226903
462   -0.219954
463   -0.212835
464   -0.205511
465   -0.198109
466   -0.190579
467   -0.183038
468   -0.175429
469   -0.16786
470   -0.160274
471   -0.152782
472   -0.145333
473   0.216918
474   0.214525
475   0.203966
476   0.18277
477   0.14895
478   0.108954
479   0.0669426
480   0.0257404
481   -0.0143872
482   -0.0516207
483   -0.086439
484   -0.117495
485   -0.145606
486   -0.169808
487   -0.19104
488   -0.208632
489   -0.223514
490   -0.235231
491   -0.244631
492   -0.251411
493   -0.256305
494   -0.259114
495   -0.260446
496   -0.260173
497   -0.258784
498   -0.256195
499   -0.252786
500   -0.248506
501   -0.243642
502   -0.238163
503   -0.232278
504   -0.225974
505   -0.219394
506   -0.21254
507   -0.205503
508   -0.198296
509   -0.190974
510   -0.183557
511   -0.176077
512   -0.168563
513   -0.161033
514   -0.15353
515   -0.146078
516   0.232557
517   0.232896
518   0.225826
519   0.211014
520   0.177069
521   0.137442
522   0.0957143
523   0.0533742
524   0.0123678
525   -0.0267519
526   -0.0628681
527   -0.0959733
528   -0.125451
529   -0.151602
530   -0.17412
531   -0.193453
532   -0.209483
533   -0.222707
534   -0.233107
535   -0.241175
536   -0.246935
537   -0.250841
538   -0.252926
539   -0.253592
540   -0.25286
541   -0.251077
542   -0.248244
543   -0.244656
544   -0.240294
545   -0.235406
546   -0.229951
547   -0.224144
548   -0.217923
549   -0.211474
550   -0.204722
551   -0.197832
552   -0.190718
553   -0.18353
554   -0.17618
555   -0.168811
556   -0.161335
557   -0.153899
558   -0.146432
559   0.246394
560   0.248741
561   0.245368
562   0.231757
563   0.203216
564   0.16576
565   0.124186
566   0.0817324
567   0.0394197
568   -0.000676671
569   -0.0385917
570   -0.0729414
571   -0.104285
572   -0.131704
573   -0.155971
574   -0.176493
575   -0.194086
576   -0.208382
577   -0.22015
578   -0.229171
579   -0.236121
580   -0.240877
581   -0.244
582   -0.245426
583   -0.245602
584   -0.2445
585   -0.242464
586   -0.239485
587   -0.235819
588   -0.231468
589   -0.226616
590   -0.221272
591   -0.21556
592   -0.209499
593   -0.203164
594   -0.19658
595   -0.18979
596   -0.182825
597   -0.175706
598   -0.168474
599   -0.161141
600   -0.153763
601   -0.146366
602   0.258378
603   0.26288
604   0.26313
605   0.256279
606   0.228648
607   0.193388
608   0.152922
609   0.110115
610   0.0674181
611   0.0259025
612   -0.0129334
613   -0.04902
614   -0.0814678
615   -0.110643
616   -0.136032
617   -0.158193
618   -0.176849
619   -0.192619
620   -0.205367
621   -0.215699
622   -0.223548
623   -0.229467
624   -0.233415
625   -0.235878
626   -0.236813
627   -0.236638
628   -0.235295
629   -0.233142
630   -0.230104
631   -0.226483
632   -0.222188
633   -0.217479
634   -0.212249
635   -0.206726
636   -0.20079
637   -0.194646
638   -0.188168
639   -0.181543
640   -0.174645
641   -0.167655
642   -0.160452
643   -0.153225
644   -0.145874
645   0.268396
646   0.275021
647   0.277994
648   0.272265
649   0.252057
650   0.220394
651   0.181143
652   0.138782
653   0.0953146
654   0.0533174
655   0.0130936
656   -0.0238696
657   -0.0579071
658   -0.0881059
659   -0.115074
660   -0.138272
661   -0.1584
662   -0.175167
663   -0.189255
664   -0.200528
665   -0.209592
666   -0.216399
667   -0.221452
668   -0.224751
669   -0.226693
670   -0.227301
671   -0.226875
672   -0.225446
673   -0.223235
674   -0.220274
675   -0.216715
676   -0.212592
677   -0.208005
678   -0.202986
679   -0.197594
680   -0.191865
681   -0.185828
682   -0.179523
683   -0.172962
684   -0.166194
685   -0.159227
686   -0.152128
687   -0.144928
688   0.276285
689   0.284396
690   0.290551
691   0.291048
692   0.273947
693   0.247658
694   0.209555
695   0.167136
696   0.123821
697   0.0808402
698   0.0401598
699   0.00180134
700   -0.0330166
701   -0.0647359
702   -0.092606
703   -0.117289
704   -0.138341
705   -0.156497
706   -0.171496
707   -0.184057
708   -0.19401
709   -0.202009
710   -0.207927
711   -0.212332
712   -0.215106
713   -0.216738
714   -0.217103
715   -0.216616
716   -0.215142
717   -0.213036
718   -0.21015
719   -0.20679
720   -0.202798
721   -0.198443
722   -0.193561
723   -0.188391
724   -0.182767
725   -0.176913
726   -0.170663
727   -0.164236
728   -0.157477
729   -0.150618
730   -0.14353
731   0.282124
732   0.292079
733   0.299935
734   0.30202
735   0.293676
736   0.27184
737   0.23675
738   0.195498
739   0.151948
740   0.10906
741   0.0674031
742   0.0285544
743   -0.00757277
744   -0.0400443
745   -0.0692921
746   -0.0948213
747   -0.11721
748   -0.136245
749   -0.152513
750   -0.165964
751   -0.177122
752   -0.186015
753   -0.193076
754   -0.198366
755   -0.202223
756   -0.204716
757   -0.206096
758   -0.206432
759   -0.205899
760   -0.20456
761   -0.202531
762   -0.199868
763   -0.196641
764   -0.1929
765   -0.188681
766   -0.18403
767   -0.17896
768   -0.173521
769   -0.167713
770   -0.161593
771   -0.155165
772   -0.148508
773   -0.141656
774   0.285748
775   0.296803
776   0.306919
777   0.312892
778   0.310416
779   0.298382
780   0.263756
781   0.222808
782   0.180396
783   0.137045
784   0.0954251
785   0.0555024
786   0.0189164
787   -0.0148351
788   -0.0447385
789   -0.0715691
790   -0.0947049
791   -0.115008
792   -0.132084
793   -0.146763
794   -0.158773
795   -0.168856
796   -0.176797
797   -0.183235
798   -0.187978
799   -0.191569
800   -0.193818
801   -0.195189
802   -0.195488
803   -0.19511
804   -0.193855
805   -0.192067
806   -0.189539
807   -0.186576
808   -0.182967
809   -0.178987
810   -0.174427
811   -0.169545
812   -0.164136
813   -0.158457
814   -0.152316
815   -0.145988
816   -0.139316
817   0.287245
818   0.29965
819   0.311592
820   0.320771
821   0.324378
822   0.31524
823   0.287911
824   0.250127
825   0.20833
826   0.165675
827   0.123438
828   0.0833709
829   0.0457414
830   0.0115227
831   -0.0195337
832   -0.0469859
833   -0.0712896
834   -0.0923204
835   -0.110563
836   -0.126058
837   -0.139232
838   -0.150194
839   -0.159289
840   -0.166644
841   -0.172516
842   -0.17703
843   -0.180369
844   -0.182642
845   -0.183972
846   -0.184451
847   -0.184154
848   -0.183159
849   -0.181502
850   -0.179249
851   -0.17641
852   -0.173044
853   -0.169143
854   -0.164766
855   -0.1599
856   -0.15461
857   -0.148894
858   -0.142842
859   -0.136492
860   0.286671
861   0.299541
862   0.313726
863   0.325792
864   0.335204
865   0.336301
866   0.310423
867   0.275527
868   0.23588
869   0.193538
870   0.151753
871   0.110975
872   0.0732262
873   0.0380086
874   0.00658347
875   -0.0219465
876   -0.0467866
877   -0.0689302
878   -0.0878521
879   -0.104488
880   -0.118458
881   -0.130583
882   -0.140555
883   -0.149073
884   -0.155866
885   -0.161524
886   -0.16579
887   -0.169165
888   -0.171399
889   -0.17292
890   -0.173478
891   -0.173448
892   -0.172577
893   -0.171198
894   -0.169057
895   -0.166461
896   -0.163156
897   -0.159434
898   -0.155049
899   -0.150295
900   -0.144942
901   -0.139308
902   -0.133207
903   0.284364
904   0.298391
905   0.313768
906   0.328984
907   0.342151
908   0.34506
909   0.329661
910   0.299996
911   0.262399
912   0.221443
913   0.179563
914   0.139112
915   0.100688
916   0.0653724
917   0.0330821
918   0.00420119
919   -0.0215965
920   -0.0442942
921   -0.0642506
922   -0.0816108
923   -0.0966796
924   -0.109654
925   -0.120765
926   -0.130211
927   -0.138154
928   -0.144772
929   -0.15017
930   -0.154501
931   -0.157826
932   -0.16027
933   -0.161858
934   -0.162693
935   -0.162774
936   -0.162183
937   -0.160901
938   -0.158997
939   -0.156444
940   -0.153306
941   -0.149556
942   -0.145267
943   -0.140428
944   -0.13514
945   -0.129445
946   0.280313
947   0.294159
948   0.31117
949   0.327763
950   0.345316
951   0.357117
952   0.345719
953   0.323133
954   0.288017
955   0.247966
956   0.207122
957   0.166411
958   0.128347
959   0.0923798
960   0.0600759
961   0.0303851
962   0.0042921
963   -0.0193313
964   -0.0398252
965   -0.0582136
966   -0.0740108
967   -0.0880895
968   -0.100059
969   -0.110649
970   -0.119522
971   -0.127291
972   -0.133646
973   -0.139107
974   -0.143377
975   -0.146907
976   -0.149403
977   -0.151261
978   -0.152188
979   -0.15254
980   -0.152024
981   -0.150968
982   -0.149081
983   -0.146682
984   -0.143486
985   -0.139817
986   -0.135412
987   -0.130624
988   -0.125243
989   0.274937
990   0.289573
991   0.306699
992   0.32525
993   0.343899
994   0.357095
995   0.358284
996   0.342144
997   0.311387
998   0.273765
999   0.233533
1000   0.193825
1001   0.15554
1002   0.119916
1003   0.0870837
1004   0.0573404
1005   0.0305347
1006   0.00653936
1007   -0.0148292
1008   -0.0338442
1009   -0.0506444
1010   -0.0655285
1011   -0.0785831
1012   -0.0900867
1013   -0.100084
1014   -0.108817
1015   -0.116299
1016   -0.122734
1017   -0.128109
1018   -0.132589
1019   -0.136146
1020   -0.138908
1021   -0.140833
1022   -0.142022
1023   -0.142423
1024   -0.142119
1025   -0.141054
1026   -0.139302
1027   -0.136817
1028   -0.133679
1029   -0.129866
1030   -0.12549
1031   -0.120591
1032   0.268156
1033   0.282081
1034   0.299902
1035   0.318526
1036   0.339037
1037   0.356041
1038   0.36423
1039   0.36179
1040   0.333185
1041   0.297181
1042   0.259166
1043   0.219702
1044   0.182349
1045   0.146443
1046   0.113991
1047   0.0837432
1048   0.0568959
1049   0.0321965
1050   0.0104374
1051   -0.00945455
1052   -0.0269005
1053   -0.0427845
1054   -0.0566489
1055   -0.0692237
1056   -0.0801221
1057   -0.0899565
1058   -0.0983793
1059   -0.105914
1060   -0.112232
1061   -0.117789
1062   -0.122264
1063   -0.12606
1064   -0.128856
1065   -0.131019
1066   -0.132224
1067   -0.132814
1068   -0.132465
1069   -0.131513
1070   -0.129638
1071   -0.127189
1072   -0.12387
1073   -0.120066
1074   -0.11554
1075   0.260389
1076   0.274484
1077   0.291489
1078   0.310637
1079   0.331319
1080   0.350586
1081   0.365613
1082   0.367201
1083   0.350111
1084   0.319366
1085   0.283002
1086   0.245186
1087   0.208051
1088   0.172941
1089   0.140347
1090   0.110354
1091   0.0830837
1092   0.0581952
1093   0.0357656
1094   0.0153585
1095   -0.00294005
1096   -0.0195505
1097   -0.0343819
1098   -0.0478064
1099   -0.0597337
1100   -0.07048
1101   -0.0799567
1102   -0.088425
1103   -0.0957961
1104   -0.10228
1105   -0.107787
1106   -0.112481
1107   -0.116271
1108   -0.119282
1109   -0.121424
1110   -0.122793
1111   -0.123305
1112   -0.123041
1113   -0.121933
1114   -0.120064
1115   -0.117401
1116   -0.114062
1117   -0.110087
1118   0.251679
1119   0.264555
1120   0.281418
1121   0.299497
1122   0.32071
1123   0.34066
1124   0.360712
1125   0.374142
1126   0.361492
1127   0.33782
1128   0.304459
1129   0.267716
1130   0.232214
1131   0.197366
1132   0.165618
1133   0.135524
1134   0.108486
1135   0.0831892
1136   0.0605373
1137   0.0394823
1138   0.0206631
1139   0.00324313
1140   -0.0122897
1141   -0.0266229
1142   -0.0393545
1143   -0.0510656
1144   -0.0613995
1145   -0.070859
1146   -0.0791072
1147   -0.0865876
1148   -0.0929672
1149   -0.0986451
1150   -0.103283
1151   -0.107247
1152   -0.110191
1153   -0.112464
1154   -0.11371
1155   -0.114277
1156   -0.113813
1157   -0.112682
1158   -0.110557
1159   -0.107847
1160   -0.104293
1161   0.242542
1162   0.255206
1163   0.270679
1164   0.288524
1165   0.308636
1166   0.329623
1167   0.350146
1168   0.36484
1169   0.367468
1170   0.350715
1171   0.321993
1172   0.288427
1173   0.254093
1174   0.220744
1175   0.189436
1176   0.159954
1177   0.132894
1178   0.107625
1179   0.0846097
1180   0.0632113
1181   0.0438001
1182   0.0258133
1183   0.00954327
1184   -0.00548916
1185   -0.0190491
1186   -0.0315363
1187   -0.0427548
1188   -0.053032
1189   -0.0621972
1190   -0.0705125
1191   -0.0778231
1192   -0.0843332
1193   -0.0898988
1194   -0.0946736
1195   -0.0985239
1196   -0.101563
1197   -0.103672
1198   -0.104938
1199   -0.105267
1200   -0.104745
1201   -0.10332
1202   -0.101114
1203   -0.0981634
1204   0.233029
1205   0.244344
1206   0.259216
1207   0.275445
1208   0.294978
1209   0.3146
1210   0.335716
1211   0.352951
1212   0.361516
1213   0.360492
1214   0.335584
1215   0.304262
1216   0.272883
1217   0.240533
1218   0.210661
1219   0.181671
1220   0.155181
1221   0.12997
1222   0.106986
1223   0.0853301
1224   0.0656306
1225   0.0471728
1226   0.030419
1227   0.0147711
1228   0.00060462
1229   -0.0125976
1230   -0.024501
1231   -0.0355625
1232   -0.0454613
1233   -0.0546082
1234   -0.0626791
1235   -0.07005
1236   -0.076383
1237   -0.0820298
1238   -0.0866341
1239   -0.0905349
1240   -0.0933601
1241   -0.0954514
1242   -0.0964322
1243   -0.0966689
1244   -0.095806
1245   -0.0942684
1246   -0.0917711
1247   0.223559
1248   0.234482
1249   0.247773
1250   0.263189
1251   0.280725
1252   0.299567
1253   0.318818
1254   0.33645
1255   0.349583
1256   0.352156
1257   0.342219
1258   0.316593
1259   0.287882
1260   0.257714
1261   0.229129
1262   0.201193
1263   0.175325
1264   0.150492
1265   0.127671
1266   0.106002
1267   0.0861626
1268   0.0674468
1269   0.0503454
1270   0.034276
1271   0.019613
1272   0.00587636
1273   -0.00663284
1274   -0.0183076
1275   -0.0288939
1276   -0.0387085
1277   -0.0475281
1278   -0.0556011
1279   -0.0627262
1280   -0.0690903
1281   -0.0745108
1282   -0.0791221
1283   -0.082763
1284   -0.0855305
1285   -0.0872956
1286   -0.0881441
1287   -0.0880008
1288   -0.0869861
1289   -0.0851282
1290   0.214131
1291   0.223823
1292   0.236295
1293   0.249931
1294   0.266194
1295   0.282787
1296   0.300801
1297   0.316846
1298   0.331647
1299   0.34067
1300   0.335024
1301   0.320992
1302   0.296214
1303   0.268803
1304   0.24261
1305   0.216342
1306   0.191604
1307   0.167663
1308   0.145348
1309   0.124078
1310   0.104373
1311   0.0857207
1312   0.0685032
1313   0.0522594
1314   0.0373047
1315   0.023219
1316   0.0102914
1317   -0.00186445
1318   -0.0129621
1319   -0.0233599
1320   -0.032759
1321   -0.0414957
1322   -0.049248
1323   -0.056337
1324   -0.0624118
1325   -0.0677875
1326   -0.0720847
1327   -0.0756273
1328   -0.0780189
1329   -0.0796163
1330   -0.0800358
1331   -0.079706
1332   -0.0783168
1333   0.205017
1334   0.214262
1335   0.225269
1336   0.237886
1337   0.252044
1338   0.267278
1339   0.282799
1340   0.298036
1341   0.310943
1342   0.320701
1343   0.322513
1344   0.313634
1345   0.298111
1346   0.274822
1347   0.251823
1348   0.22746
1349   0.204497
1350   0.181645
1351   0.160358
1352   0.139673
1353   0.120506
1354   0.10209
1355   0.0850709
1356   0.0688138
1357   0.0538098
1358   0.0395285
1359   0.0263663
1360   0.0138795
1361   0.00240362
1362   -0.00842762
1363   -0.0183204
1364   -0.0275688
1365   -0.0359097
1366   -0.0435685
1367   -0.0503077
1368   -0.0562895
1369   -0.0613036
1370   -0.0654601
1371   -0.0685872
1372   -0.0707696
1373   -0.0718996
1374   -0.0720904
1375   -0.0713551
1376   0.196165
1377   0.204425
1378   0.214619
1379   0.225698
1380   0.238554
1381   0.251772
1382   0.265856
1383   0.279073
1384   0.291227
1385   0.300243
1386   0.30402
1387   0.301828
1388   0.289917
1389   0.273406
1390   0.253776
1391   0.233078
1392   0.21218
1393   0.191457
1394   0.171432
1395   0.152018
1396   0.133585
1397   0.115898
1398   0.0992462
1399   0.0833446
1400   0.0684463
1401   0.0542521
1402   0.0410025
1403   0.0284007
1404   0.0166917
1405   0.00558632
1406   -0.00465269
1407   -0.0143064
1408   -0.023083
1409   -0.0312586
1410   -0.0385034
1411   -0.0450948
1412   -0.0506609
1413   -0.0554937
1414   -0.0591865
1415   -0.0620713
1416   -0.0637382
1417   -0.064605
1418   -0.0643333
1419   0.187708
1420   0.19553
1421   0.204541
1422   0.214657
1423   0.225774
1424   0.237654
1425   0.249637
1426   0.26152
1427   0.271739
1428   0.280269
1429   0.284227
1430   0.284465
1431   0.278082
1432   0.266161
1433   0.251315
1434   0.233921
1435   0.216117
1436   0.197496
1437   0.179452
1438   0.161364
1439   0.144194
1440   0.127313
1441   0.111437
1442   0.0959788
1443   0.0815078
1444   0.0674951
1445   0.0544145
1446   0.0417996
1447   0.0300596
1448   0.0187919
1449   0.00835964
1450   -0.00157504
1451   -0.0106842
1452   -0.0192381
1453   -0.0269391
1454   -0.0339873
1455   -0.0401166
1456   -0.04546
1457   -0.0497937
1458   -0.0532045
1459   -0.0555401
1460   -0.056901
1461   -0.0572743
1462   0.179571
1463   0.186646
1464   0.194943
1465   0.20386
1466   0.213858
1467   0.22415
1468   0.23485
1469   0.245078
1470   0.254388
1471   0.261966
1472   0.266517
1473   0.267918
1474   0.263988
1475   0.256129
1476   0.244619
1477   0.230966
1478   0.215823
1479   0.199931
1480   0.183764
1481   0.167563
1482   0.15166
1483   0.136053
1484   0.120995
1485   0.106365
1486   0.0923825
1487   0.0788696
1488   0.0660311
1489   0.0536656
1490   0.0419805
1491   0.0307639
1492   0.020239
1493   0.010189
1494   0.000865696
1495   -0.00795186
1496   -0.0159711
1497   -0.0234206
1498   -0.0299558
1499   -0.0358236
1500   -0.0406244
1501   -0.0446483
1502   -0.047466
1503   -0.0494654
1504   -0.0502751
1505   0.171796
1506   0.178458
1507   0.185853
1508   0.193942
1509   0.202616
1510   0.211769
1511   0.220899
1512   0.229957
1513   0.237905
1514   0.244839
1515   0.249179
1516   0.251215
1517   0.249423
1518   0.244143
1519   0.23592
1520   0.225138
1521   0.212965
1522   0.199406
1523   0.185529
1524   0.17104
1525   0.156809
1526   0.142399
1527   0.128524
1528   0.114697
1529   0.101522
1530   0.0885119
1531   0.0761936
1532   0.064104
1533   0.0527132
1534   0.0415963
1535   0.0311802
1536   0.0210878
1537   0.0117109
1538   0.00272946
1539   -0.00549624
1540   -0.0132184
1541   -0.0201096
1542   -0.0263448
1543   -0.0316392
1544   -0.0360949
1545   -0.0395008
1546   -0.0419414
1547   -0.0433619
1548   0.16432
1549   0.170415
1550   0.177204
1551   0.184384
1552   0.192151
1553   0.200105
1554   0.208201
1555   0.216006
1556   0.223142
1557   0.229227
1558   0.233489
1559   0.235764
1560   0.23508
1561   0.231767
1562   0.225694
1563   0.217541
1564   0.207631
1565   0.196509
1566   0.184543
1567   0.172028
1568   0.159265
1569   0.146362
1570   0.133558
1571   0.120843
1572   0.108417
1573   0.0962016
1574   0.0843793
1575   0.0728321
1576   0.0617389
1577   0.0509605
1578   0.0406836
1579   0.0307564
1580   0.021386
1581   0.0124107
1582   0.00407222
1583   -0.00380249
1584   -0.0109198
1585   -0.0174717
1586   -0.0230951
1587   -0.0280225
1588   -0.0318238
1589   -0.0348319
1590   -0.0366368
1591   0.157147
1592   0.162853
1593   0.168962
1594   0.175459
1595   0.182247
1596   0.189294
1597   0.196244
1598   0.203121
1599   0.209246
1600   0.214722
1601   0.218606
1602   0.221043
1603   0.221181
1604   0.219172
1605   0.214959
1606   0.208733
1607   0.201
1608   0.191809
1609   0.181853
1610   0.170982
1611   0.159891
1612   0.148279
1613   0.136795
1614   0.125046
1615   0.113629
1616   0.102109
1617   0.0910386
1618   0.0799706
1619   0.0694186
1620   0.0589465
1621   0.0490349
1622   0.0392728
1623   0.0301116
1624   0.0211787
1625   0.0128974
1626   0.00494897
1627   -0.00227415
1628   -0.00901644
1629   -0.0149257
1630   -0.0201516
1631   -0.0244097
1632   -0.027776
1633   -0.0301288
1634   0.150235
1635   0.155497
1636   0.1611
1637   0.166915
1638   0.172992
1639   0.179152
1640   0.185304
1641   0.191242
1642   0.196698
1643   0.201466
1644   0.205106
1645   0.20747
1646   0.208086
1647   0.20698
1648   0.203994
1649   0.199359
1650   0.193204
1651   0.185807
1652   0.177408
1653   0.168214
1654   0.158472
1655   0.148294
1656   0.137898
1657   0.127318
1658   0.116742
1659   0.106149
1660   0.0957074
1661   0.0853581
1662   0.0752603
1663   0.0653324
1664   0.0557318
1665   0.046363
1666   0.0373916
1667   0.0287122
1668   0.02051
1669   0.0126698
1670   0.00541379
1671   -0.00138912
1672   -0.00745275
1673   -0.0129404
1674   -0.0174687
1675   -0.0212856
1676   -0.0239436
1677   0.143575
1678   0.148481
1679   0.153571
1680   0.15884
1681   0.164206
1682   0.16968
1683   0.175005
1684   0.180246
1685   0.184947
1686   0.189219
1687   0.192461
1688   0.194795
1689   0.195674
1690   0.195202
1691   0.193182
1692   0.1897
1693   0.184935
1694   0.178894
1695   0.171991
1696   0.164109
1697   0.155771
1698   0.146735
1699   0.137564
1700   0.127921
1701   0.118373
1702   0.108521
1703   0.0989213
1704   0.0891432
1705   0.0797249
1706   0.0702255
1707   0.0611642
1708   0.0521046
1709   0.0435472
1710   0.0350727
1711   0.0271625
1712   0.0194275
1713   0.012327
1714   0.00552171
1715   -0.000560976
1716   -0.0061753
1717   -0.0109511
1718   -0.0150066
1719   -0.0181127
1720   0.137147
1721   0.141697
1722   0.146375
1723   0.151139
1724   0.155973
1725   0.160808
1726   0.16555
1727   0.170108
1728   0.174299
1729   0.178013
1730   0.180993
1731   0.183128
1732   0.184167
1733   0.184052
1734   0.182667
1735   0.180053
1736   0.176254
1737   0.171372
1738   0.165558
1739   0.158912
1740   0.151625
1741   0.143768
1742   0.135529
1743   0.126941
1744   0.118178
1745   0.109239
1746   0.100281
1747   0.0912764
1748   0.0823718
1749   0.0735214
1750   0.064863
1751   0.056341
1752   0.0480907
1753   0.0400505
1754   0.03236
1755   0.0249541
1756   0.0179854
1757   0.0113834
1758   0.00533093
1759   -0.000259384
1760   -0.00513483
1761   -0.0094412
1762   -0.012744
1763   0.130941
1764   0.135175
1765   0.139467
1766   0.143815
1767   0.148145
1768   0.152489
1769   0.156651
1770   0.160719
1771   0.164356
1772   0.167697
1773   0.170308
1774   0.172331
1775   0.173364
1776   0.17351
1777   0.172557
1778   0.170555
1779   0.167546
1780   0.163496
1781   0.158668
1782   0.152928
1783   0.146683
1784   0.139697
1785   0.132461
1786   0.124656
1787   0.116811
1788   0.108545
1789   0.100403
1790   0.0919643
1791   0.0837734
1792   0.0753893
1793   0.0673494
1794   0.0592056
1795   0.051486
1796   0.0437449
1797   0.0365015
1798   0.0293188
1799   0.0227091
1800   0.0162495
1801   0.0104458
1802   0.0049003
1803   9.97522e-05
1804   -0.00428591
1805   -0.00787104
1806   0.124947
1807   0.128888
1808   0.132857
1809   0.136837
1810   0.140795
1811   0.144694
1812   0.148465
1813   0.152048
1814   0.155333
1815   0.158238
1816   0.160621
1817   0.16239
1818   0.163411
1819   0.163613
1820   0.162921
1821   0.161316
1822   0.158808
1823   0.155427
1824   0.151251
1825   0.146337
1826   0.140799
1827   0.134696
1828   0.128153
1829   0.121218
1830   0.11401
1831   0.106563
1832   0.0989853
1833   0.091296
1834   0.0835929
1835   0.075884
1836   0.0682582
1837   0.0607166
1838   0.0533421
1839   0.0461325
1840   0.0391679
1841   0.0324463
1842   0.0260478
1843   0.0199733
1844   0.0143056
1845   0.0090512
1846   0.00429684
1847   5.66125e-05
1848   -0.00358993
