##### Y Mean #####
0   -0.00362914
1   -0.0218924
2   -0.042912
3   -0.0656488
4   -0.0894197
5   -0.112958
6   -0.135853
7   -0.157289
8   -0.177176
9   -0.19506
10   -0.21104
11   -0.224886
12   -0.236782
13   -0.24663
14   -0.254646
15   -0.26081
16   -0.265341
17   -0.268264
18   -0.26979
19   -0.269968
20   -0.268994
21   -0.266929
22   -0.263947
23   -0.260114
24   -0.25558
25   -0.250409
26   -0.244728
27   -0.238597
28   -0.232119
29   -0.225348
30   -0.218367
31   -0.211221
32   -0.203976
33   -0.196668
34   -0.189348
35   -0.182047
36   -0.174802
37   -0.167636
38   -0.160578
39   -0.153645
40   -0.146857
41   -0.140229
42   -0.133774
43   0.0111468
44   -0.00792865
45   -0.0314315
46   -0.0559838
47   -0.0833605
48   -0.108794
49   -0.134966
50   -0.157945
51   -0.180414
52   -0.199403
53   -0.217296
54   -0.231853
55   -0.245102
56   -0.255339
57   -0.264259
58   -0.270556
59   -0.275636
60   -0.278497
61   -0.280298
62   -0.280273
63   -0.279368
64   -0.277002
65   -0.273939
66   -0.269744
67   -0.265026
68   -0.259463
69   -0.25353
70   -0.246997
71   -0.240228
72   -0.23306
73   -0.225767
74   -0.21824
75   -0.210676
76   -0.203008
77   -0.195373
78   -0.187735
79   -0.180183
80   -0.172703
81   -0.165351
82   -0.158128
83   -0.151062
84   -0.144165
85   -0.137451
86   0.0290483
87   0.0105142
88   -0.0142806
89   -0.0412459
90   -0.0708728
91   -0.0998778
92   -0.128219
93   -0.154393
94   -0.17859
95   -0.200098
96   -0.219252
97   -0.235693
98   -0.249798
99   -0.261387
100   -0.27083
101   -0.278047
102   -0.283386
103   -0.286827
104   -0.288683
105   -0.288974
106   -0.287975
107   -0.285728
108   -0.282469
109   -0.27825
110   -0.27327
111   -0.267582
112   -0.261351
113   -0.254628
114   -0.247544
115   -0.240145
116   -0.232535
117   -0.224754
118   -0.216879
119   -0.208946
120   -0.201011
121   -0.193104
122   -0.185265
123   -0.177519
124   -0.169893
125   -0.162409
126   -0.155082
127   -0.147933
128   -0.140972
129   0.049574
130   0.0307356
131   0.0053014
132   -0.0234075
133   -0.0558982
134   -0.0871247
135   -0.118792
136   -0.147002
137   -0.174091
138   -0.197236
139   -0.218692
140   -0.23636
141   -0.252215
142   -0.264664
143   -0.27538
144   -0.283149
145   -0.289367
146   -0.293107
147   -0.295529
148   -0.295927
149   -0.295252
150   -0.292971
151   -0.289854
152   -0.285504
153   -0.280534
154   -0.274653
155   -0.268342
156   -0.261388
157   -0.254162
158   -0.246514
159   -0.238722
160   -0.230685
161   -0.222603
162   -0.214415
163   -0.206257
164   -0.198099
165   -0.190029
166   -0.182036
167   -0.174175
168   -0.166448
169   -0.158886
170   -0.1515
171   -0.144307
172   0.0726266
173   0.0555228
174   0.0289985
175   -0.00100732
176   -0.0357206
177   -0.0700771
178   -0.103977
179   -0.135415
180   -0.164485
181   -0.190437
182   -0.213525
183   -0.23347
184   -0.250591
185   -0.264803
186   -0.276442
187   -0.28552
188   -0.292362
189   -0.297034
190   -0.299837
191   -0.300864
192   -0.300382
193   -0.298495
194   -0.295435
195   -0.291303
196   -0.286294
197   -0.280504
198   -0.274088
199   -0.267133
200   -0.259762
201   -0.252049
202   -0.244087
203   -0.235939
204   -0.227671
205   -0.219339
206   -0.210987
207   -0.202661
208   -0.194388
209   -0.186209
210   -0.178139
211   -0.170212
212   -0.162434
213   -0.154839
214   -0.147427
215   0.0974224
216   0.0804446
217   0.0540605
218   0.0225221
219   -0.0141577
220   -0.050359
221   -0.0871095
222   -0.120502
223   -0.152426
224   -0.180208
225   -0.205821
226   -0.227329
227   -0.246534
228   -0.261986
229   -0.27526
230   -0.28526
231   -0.293332
232   -0.298649
233   -0.30234
234   -0.303785
235   -0.303919
236   -0.302276
237   -0.29962
238   -0.295606
239   -0.290843
240   -0.285079
241   -0.278793
242   -0.271804
243   -0.264477
244   -0.256688
245   -0.248707
246   -0.240453
247   -0.23212
248   -0.22366
249   -0.215205
250   -0.206733
251   -0.198328
252   -0.189985
253   -0.181757
254   -0.17365
255   -0.165694
256   -0.157906
257   -0.150303
258   0.123721
259   0.110082
260   0.0824682
261   0.049987
262   0.0116073
263   -0.0272052
264   -0.0657379
265   -0.102072
266   -0.135874
267   -0.166485
268   -0.193881
269   -0.217879
270   -0.238621
271   -0.256134
272   -0.270642
273   -0.282272
274   -0.291282
275   -0.297842
276   -0.302212
277   -0.304579
278   -0.305181
279   -0.304204
280   -0.301856
281   -0.298309
282   -0.293735
283   -0.288288
284   -0.282105
285   -0.275319
286   -0.268032
287   -0.26036
288   -0.252373
289   -0.244169
290   -0.235794
291   -0.22733
292   -0.218801
293   -0.210278
294   -0.20177
295   -0.193338
296   -0.184977
297   -0.176745
298   -0.168631
299   -0.160689
300   -0.152906
301   0.150085
302   0.136918
303   0.110966
304   0.0777703
305   0.0381804
306   -0.001875
307   -0.0427729
308   -0.0807986
309   -0.117274
310   -0.149731
311   -0.179713
312   -0.205448
313   -0.228471
314   -0.247473
315   -0.263873
316   -0.276701
317   -0.287215
318   -0.294697
319   -0.300227
320   -0.303279
321   -0.304758
322   -0.304277
323   -0.302579
324   -0.299384
325   -0.295285
326   -0.290083
327   -0.284241
328   -0.277619
329   -0.270571
330   -0.263
331   -0.25517
332   -0.247018
333   -0.238732
334   -0.230278
335   -0.22178
336   -0.213227
337   -0.204699
338   -0.196198
339   -0.18777
340   -0.179432
341   -0.171209
342   -0.163127
343   -0.155205
344   0.175969
345   0.168452
346   0.141884
347   0.108715
348   0.0686462
349   0.0261248
350   -0.0160076
351   -0.0567486
352   -0.0949254
353   -0.130137
354   -0.16192
355   -0.190217
356   -0.214907
357   -0.236135
358   -0.253958
359   -0.268628
360   -0.280294
361   -0.289251
362   -0.295686
363   -0.299895
364   -0.302068
365   -0.302485
366   -0.301315
367   -0.298811
368   -0.295111
369   -0.290439
370   -0.284898
371   -0.278679
372   -0.271854
373   -0.264586
374   -0.256916
375   -0.248982
376   -0.240801
377   -0.23249
378   -0.224047
379   -0.215572
380   -0.207047
381   -0.198564
382   -0.190091
383   -0.181714
384   -0.173398
385   -0.165229
386   -0.157174
387   0.198963
388   0.191174
389   0.171289
390   0.140191
391   0.0999706
392   0.0565252
393   0.0120908
394   -0.0302349
395   -0.070965
396   -0.107984
397   -0.142326
398   -0.172409
399   -0.199448
400   -0.222277
401   -0.242126
402   -0.25815
403   -0.271494
404   -0.281554
405   -0.289344
406   -0.294434
407   -0.297688
408   -0.298803
409   -0.298491
410   -0.29654
411   -0.293522
412   -0.28929
413   -0.284289
414   -0.278421
415   -0.272023
416   -0.265031
417   -0.257692
418   -0.249969
419   -0.242036
420   -0.233876
421   -0.225605
422   -0.217221
423   -0.208798
424   -0.200346
425   -0.191907
426   -0.183504
427   -0.175161
428   -0.166913
429   -0.158782
430   0.220063
431   0.216021
432   0.199054
433   0.17379
434   0.132697
435   0.0876804
436   0.0424773
437   -0.00207396
438   -0.0442706
439   -0.0838186
440   -0.119863
441   -0.152435
442   -0.181133
443   -0.206213
444   -0.227543
445   -0.245499
446   -0.260102
447   -0.271772
448   -0.280603
449   -0.287015
450   -0.291122
451   -0.293315
452   -0.293702
453   -0.292632
454   -0.29019
455   -0.286679
456   -0.282156
457   -0.276878
458   -0.270874
459   -0.264362
460   -0.257344
461   -0.250006
462   -0.242324
463   -0.23446
464   -0.226373
465   -0.218202
466   -0.209894
467   -0.201574
468   -0.193182
469   -0.184837
470   -0.176474
471   -0.168215
472   -0.160006
473   0.238991
474   0.236335
475   0.224706
476   0.201318
477   0.163911
478   0.11966
479   0.0732097
480   0.0276804
481   -0.0166278
482   -0.057719
483   -0.0961195
484   -0.130353
485   -0.161322
486   -0.187968
487   -0.211329
488   -0.230669
489   -0.247016
490   -0.25987
491   -0.270167
492   -0.277576
493   -0.282907
494   -0.28594
495   -0.287348
496   -0.28699
497   -0.285404
498   -0.2825
499   -0.278696
500   -0.273936
501   -0.268536
502   -0.262464
503   -0.255947
504   -0.248972
505   -0.241697
506   -0.234123
507   -0.226351
508   -0.218395
509   -0.210314
510   -0.202132
511   -0.193883
512   -0.185598
513   -0.177297
514   -0.169027
515   -0.160815
516   0.256161
517   0.2565
518   0.248727
519   0.232388
520   0.194807
521   0.150941
522   0.104803
523   0.0580118
524   0.0127374
525   -0.0304338
526   -0.0702605
527   -0.106749
528   -0.139217
529   -0.168004
530   -0.192774
531   -0.214024
532   -0.231626
533   -0.246132
534   -0.257523
535   -0.266342
536   -0.272619
537   -0.276854
538   -0.279085
539   -0.279755
540   -0.278888
541   -0.276867
542   -0.273694
543   -0.269693
544   -0.264843
545   -0.259418
546   -0.253374
547   -0.246944
548   -0.240063
549   -0.232935
550   -0.225477
551   -0.217869
552   -0.210018
553   -0.202089
554   -0.193983
555   -0.185857
556   -0.177616
557   -0.169422
558   -0.161193
559   0.271359
560   0.273923
561   0.270202
562   0.255149
563   0.223527
564   0.182051
565   0.136069
566   0.0891543
567   0.0424352
568   -0.00181026
569   -0.0436198
570   -0.0814757
571   -0.115995
572   -0.146173
573   -0.172863
574   -0.195414
575   -0.21473
576   -0.230408
577   -0.243297
578   -0.253159
579   -0.260739
580   -0.265903
581   -0.269271
582   -0.270771
583   -0.270901
584   -0.269625
585   -0.267326
586   -0.263992
587   -0.259906
588   -0.255071
589   -0.249688
590   -0.243768
591   -0.237447
592   -0.230745
593   -0.223745
594   -0.216474
595   -0.20898
596   -0.201296
597   -0.193446
598   -0.185472
599   -0.177389
600   -0.169258
601   -0.161108
602   0.284523
603   0.289451
604   0.289734
605   0.282146
606   0.251478
607   0.212385
608   0.16763
609   0.12032
610   0.0731808
611   0.0273686
612   -0.0154524
613   -0.0552203
614   -0.0909506
615   -0.123057
616   -0.150975
617   -0.175323
618   -0.195802
619   -0.213096
620   -0.227056
621   -0.238354
622   -0.246916
623   -0.253355
624   -0.257626
625   -0.260264
626   -0.261223
627   -0.260965
628   -0.259426
629   -0.256999
630   -0.253602
631   -0.249568
632   -0.244797
633   -0.239575
634   -0.233784
635   -0.227674
636   -0.221114
637   -0.214328
638   -0.207177
639   -0.199868
640   -0.192261
641   -0.184554
642   -0.176615
643   -0.168651
644   -0.160552
645   0.295529
646   0.30281
647   0.306083
648   0.299699
649   0.277206
650   0.242074
651   0.198643
652   0.151826
653   0.103829
654   0.057485
655   0.0131313
656   -0.0275991
657   -0.0650784
658   -0.0983061
659   -0.127957
660   -0.153441
661   -0.175533
662   -0.193916
663   -0.209346
664   -0.221673
665   -0.231567
666   -0.238977
667   -0.24446
668   -0.248013
669   -0.250078
670   -0.250677
671   -0.250144
672   -0.248513
673   -0.246024
674   -0.242715
675   -0.238754
676   -0.234177
677   -0.229092
678   -0.223537
679   -0.217576
680   -0.211247
681   -0.204583
682   -0.197626
683   -0.19039
684   -0.182928
685   -0.17525
686   -0.167428
687   -0.159497
688   0.304193
689   0.313098
690   0.319901
691   0.320432
692   0.301305
693   0.272024
694   0.229879
695   0.182996
696   0.135161
697   0.0877262
698   0.0428706
699   0.000602908
700   -0.0377306
701   -0.072629
702   -0.103266
703   -0.130379
704   -0.153481
705   -0.173388
706   -0.189814
707   -0.203552
708   -0.21442
709   -0.223137
710   -0.229567
711   -0.234334
712   -0.237312
713   -0.239036
714   -0.239371
715   -0.238774
716   -0.237097
717   -0.234727
718   -0.231506
719   -0.227767
720   -0.223339
721   -0.218515
722   -0.213114
723   -0.207402
724   -0.201192
725   -0.194732
726   -0.187839
727   -0.180755
728   -0.173307
729   -0.16575
730   -0.157943
731   0.310607
732   0.321559
733   0.330212
734   0.332447
735   0.323039
736   0.298703
737   0.259818
738   0.2142
739   0.16609
740   0.118757
741   0.0728195
742   0.0300155
743   -0.0097597
744   -0.0454806
745   -0.0776314
746   -0.10567
747   -0.130239
748   -0.151107
749   -0.168925
750   -0.183638
751   -0.195828
752   -0.205525
753   -0.213209
754   -0.218948
755   -0.223114
756   -0.225785
757   -0.227235
758   -0.227542
759   -0.226899
760   -0.225374
761   -0.223096
762   -0.220125
763   -0.216538
764   -0.212389
765   -0.207719
766   -0.202578
767   -0.19698
768   -0.190978
769   -0.184572
770   -0.177826
771   -0.170743
772   -0.16341
773   -0.155863
774   0.314581
775   0.326735
776   0.337886
777   0.344436
778   0.341495
779   0.327968
780   0.289587
781   0.244266
782   0.1974
783   0.149542
784   0.103647
785   0.0596571
786   0.0193816
787   -0.0177477
788   -0.0506148
789   -0.0800827
790   -0.105469
791   -0.127729
792   -0.146431
793   -0.162493
794   -0.175617
795   -0.186622
796   -0.195271
797   -0.202272
798   -0.207411
799   -0.211288
800   -0.213695
801   -0.215141
802   -0.215413
803   -0.214945
804   -0.213519
805   -0.211511
806   -0.208694
807   -0.205403
808   -0.201405
809   -0.197003
810   -0.191966
811   -0.186579
812   -0.180614
813   -0.174354
814   -0.167589
815   -0.160619
816   -0.153272
817   0.316216
818   0.329866
819   0.34301
820   0.353076
821   0.356915
822   0.346619
823   0.31624
824   0.274383
825   0.228168
826   0.181072
827   0.134488
828   0.0903406
829   0.0489124
830   0.011272
831   -0.0228646
832   -0.0530127
833   -0.0796835
834   -0.102741
835   -0.122726
836   -0.139681
837   -0.154085
838   -0.166055
839   -0.175974
840   -0.183982
841   -0.190364
842   -0.195257
843   -0.198862
844   -0.201301
845   -0.202707
846   -0.203184
847   -0.202812
848   -0.201677
849   -0.19982
850   -0.197311
851   -0.194162
852   -0.190436
853   -0.186127
854   -0.181296
855   -0.175929
856   -0.1701
857   -0.163803
858   -0.157138
859   -0.150147
860   0.315569
861   0.329727
862   0.345346
863   0.358605
864   0.368885
865   0.369933
866   0.341119
867   0.302388
868   0.258541
869   0.211775
870   0.165691
871   0.120753
872   0.0791953
873   0.0404521
874   0.00591223
875   -0.025423
876   -0.0526818
877   -0.0769634
878   -0.0976939
879   -0.115906
880   -0.131185
881   -0.144434
882   -0.155318
883   -0.164607
884   -0.172002
885   -0.178153
886   -0.18278
887   -0.186432
888   -0.188835
889   -0.190459
890   -0.19103
891   -0.190958
892   -0.189966
893   -0.18842
894   -0.186041
895   -0.183164
896   -0.179511
897   -0.175403
898   -0.170568
899   -0.165328
900   -0.159433
901   -0.153229
902   -0.146513
903   0.313014
904   0.328452
905   0.345388
906   0.362136
907   0.376599
908   0.379656
909   0.36239
910   0.329422
911   0.287809
912   0.242569
913   0.196365
914   0.151785
915   0.109476
916   0.0706244
917   0.0351279
918   0.00340708
919   -0.024908
920   -0.0497992
921   -0.0716698
922   -0.0906791
923   -0.107168
924   -0.121354
925   -0.133493
926   -0.143804
927   -0.152466
928   -0.159675
929   -0.165549
930   -0.170255
931   -0.17386
932   -0.176501
933   -0.178206
934   -0.179088
935   -0.179145
936   -0.178468
937   -0.177035
938   -0.174922
939   -0.172098
940   -0.168634
941   -0.164499
942   -0.159773
943   -0.154444
944   -0.148624
945   -0.142355
946   0.308539
947   0.323775
948   0.342523
949   0.360801
950   0.380148
951   0.393103
952   0.380206
953   0.354961
954   0.316105
955   0.271856
956   0.226791
957   0.181914
958   0.139999
959   0.100425
960   0.0649126
961   0.032296
962   0.00365481
963   -0.0222587
964   -0.0447228
965   -0.0648667
966   -0.0821601
967   -0.0975634
968   -0.11065
969   -0.122223
970   -0.131911
971   -0.14039
972   -0.147319
973   -0.153271
974   -0.157918
975   -0.161756
976   -0.164463
977   -0.166472
978   -0.167462
979   -0.167825
980   -0.167236
981   -0.166057
982   -0.163969
983   -0.161319
984   -0.157795
985   -0.153753
986   -0.148903
987   -0.143634
988   -0.137713
989   0.302609
990   0.318724
991   0.337602
992   0.358061
993   0.378629
994   0.393105
995   0.394178
996   0.376082
997   0.341966
998   0.300381
999   0.255974
1000   0.2122
1001   0.170031
1002   0.130832
1003   0.0947313
1004   0.0620543
1005   0.0326225
1006   0.00629616
1007   -0.0171359
1008   -0.0379735
1009   -0.0563754
1010   -0.0726691
1011   -0.0869542
1012   -0.0995355
1013   -0.110465
1014   -0.120008
1015   -0.128181
1016   -0.135206
1017   -0.141072
1018   -0.145959
1019   -0.149834
1020   -0.152841
1021   -0.154932
1022   -0.156217
1023   -0.15664
1024   -0.15629
1025   -0.155107
1026   -0.153171
1027   -0.150432
1028   -0.146976
1029   -0.142779
1030   -0.137964
1031   -0.132577
1032   0.295131
1033   0.310461
1034   0.330114
1035   0.350654
1036   0.373301
1037   0.392051
1038   0.400845
1039   0.39786
1040   0.366134
1041   0.326299
1042   0.284331
1043   0.240811
1044   0.199667
1045   0.160149
1046   0.124463
1047   0.0912223
1048   0.0617399
1049   0.0346311
1050   0.0107635
1051   -0.0110461
1052   -0.0301647
1053   -0.0475646
1054   -0.0627464
1055   -0.0765116
1056   -0.0884377
1057   -0.0991968
1058   -0.108409
1059   -0.116648
1060   -0.123555
1061   -0.12963
1062   -0.134518
1063   -0.138666
1064   -0.141717
1065   -0.144076
1066   -0.145385
1067   -0.146022
1068   -0.145629
1069   -0.144574
1070   -0.142509
1071   -0.139812
1072   -0.136161
1073   -0.131977
1074   -0.127
1075   0.28657
1076   0.302095
1077   0.320844
1078   0.341972
1079   0.364796
1080   0.386026
1081   0.402493
1082   0.404024
1083   0.384949
1084   0.350899
1085   0.310729
1086   0.269021
1087   0.228104
1088   0.189457
1089   0.153604
1090   0.120637
1091   0.0906787
1092   0.0633541
1093   0.0387394
1094   0.0163552
1095   -0.00370946
1096   -0.0219161
1097   -0.0381685
1098   -0.0528749
1099   -0.0659386
1100   -0.0777064
1101   -0.0880826
1102   -0.0973535
1103   -0.105423
1104   -0.11252
1105   -0.118548
1106   -0.123686
1107   -0.127833
1108   -0.131128
1109   -0.13347
1110   -0.134966
1111   -0.135522
1112   -0.135227
1113   -0.134006
1114   -0.13195
1115   -0.129022
1116   -0.125351
1117   -0.120983
1118   0.27697
1119   0.291149
1120   0.309744
1121   0.329687
1122   0.353096
1123   0.375092
1124   0.397155
1125   0.41187
1126   0.397694
1127   0.371381
1128   0.334529
1129   0.293991
1130   0.254869
1131   0.216496
1132   0.181568
1133   0.148478
1134   0.118767
1135   0.0909815
1136   0.0661126
1137   0.0430053
1138   0.0223589
1139   0.00325298
1140   -0.0137789
1141   -0.0294921
1142   -0.0434473
1143   -0.0562821
1144   -0.0676069
1145   -0.0779727
1146   -0.0870113
1147   -0.0952087
1148   -0.1022
1149   -0.108423
1150   -0.113507
1151   -0.117853
1152   -0.12108
1153   -0.123572
1154   -0.124938
1155   -0.125559
1156   -0.125049
1157   -0.123806
1158   -0.121472
1159   -0.118495
1160   -0.11459
1161   0.266899
1162   0.280847
1163   0.297905
1164   0.317587
1165   0.339777
1166   0.362929
1167   0.385553
1168   0.401697
1169   0.404465
1170   0.385809
1171   0.354026
1172   0.31698
1173   0.279128
1174   0.242399
1175   0.207941
1176   0.175515
1177   0.145766
1178   0.118
1179   0.0927194
1180   0.0692233
1181   0.0479157
1182   0.0281767
1183   0.0103257
1184   -0.00616465
1185   -0.0210376
1186   -0.0347327
1187   -0.0470358
1188   -0.0583065
1189   -0.0683579
1190   -0.0774782
1191   -0.0854972
1192   -0.0926393
1193   -0.0987462
1194   -0.103987
1195   -0.108214
1196   -0.111551
1197   -0.113868
1198   -0.115261
1199   -0.115624
1200   -0.115053
1201   -0.113491
1202   -0.11107
1203   -0.107831
1204   0.256413
1205   0.268872
1206   0.285265
1207   0.30316
1208   0.32471
1209   0.346357
1210   0.369666
1211   0.388679
1212   0.398015
1213   0.396747
1214   0.369195
1215   0.334598
1216   0.299997
1217   0.264352
1218   0.231466
1219   0.199566
1220   0.170434
1221   0.142717
1222   0.117461
1223   0.0936697
1224   0.0720345
1225   0.051768
1226   0.0333762
1227   0.0162013
1228   0.000653868
1229   -0.0138339
1230   -0.0268962
1231   -0.0390345
1232   -0.0498977
1233   -0.0599366
1234   -0.0687958
1235   -0.076888
1236   -0.0838423
1237   -0.0900445
1238   -0.0951035
1239   -0.0993911
1240   -0.102498
1241   -0.1048
1242   -0.105883
1243   -0.106148
1244   -0.105206
1245   -0.103522
1246   -0.100783
1247   0.245977
1248   0.258003
1249   0.272649
1250   0.289647
1251   0.30899
1252   0.329782
1253   0.35103
1254   0.370487
1255   0.38495
1256   0.387703
1257   0.376679
1258   0.348358
1259   0.316685
1260   0.283434
1261   0.251951
1262   0.221198
1263   0.192737
1264   0.165424
1265   0.140335
1266   0.116518
1267   0.0947199
1268   0.0741601
1269   0.055378
1270   0.0377316
1271   0.0216317
1272   0.00654968
1273   -0.00718406
1274   -0.0200023
1275   -0.0316259
1276   -0.0424034
1277   -0.0520895
1278   -0.0609575
1279   -0.0687858
1280   -0.07578
1281   -0.081739
1282   -0.0868104
1283   -0.0908168
1284   -0.0938646
1285   -0.0958115
1286   -0.0967516
1287   -0.096602
1288   -0.0954947
1289   -0.0934606
1290   0.235587
1291   0.246255
1292   0.259997
1293   0.275026
1294   0.292965
1295   0.311271
1296   0.331156
1297   0.348864
1298   0.365192
1299   0.375135
1300   0.368857
1301   0.353331
1302   0.326001
1303   0.295782
1304   0.266926
1305   0.237999
1306   0.210772
1307   0.184431
1308   0.159889
1309   0.136503
1310   0.114842
1311   0.0943453
1312   0.0754279
1313   0.0575832
1314   0.0411562
1315   0.0256848
1316   0.0114855
1317   -0.00186618
1318   -0.0140567
1319   -0.0254792
1320   -0.0358065
1321   -0.0454073
1322   -0.0539286
1323   -0.0617224
1324   -0.0684037
1325   -0.0743179
1326   -0.0790483
1327   -0.0829502
1328   -0.085588
1329   -0.0873533
1330   -0.0878242
1331   -0.0874716
1332   -0.0859543
1333   0.225547
1334   0.235722
1335   0.247845
1336   0.261751
1337   0.277363
1338   0.294168
1339   0.311295
1340   0.328115
1341   0.34236
1342   0.353136
1343   0.355142
1344   0.345321
1345   0.328203
1346   0.30252
1347   0.27718
1348   0.250342
1349   0.225062
1350   0.199912
1351   0.176494
1352   0.153744
1353   0.13267
1354   0.112426
1355   0.0937207
1356   0.0758551
1357   0.0593689
1358   0.0436771
1359   0.0292156
1360   0.0154954
1361   0.0028855
1362   -0.00901764
1363   -0.0198907
1364   -0.0300576
1365   -0.0392284
1366   -0.0476517
1367   -0.0550657
1368   -0.0616487
1369   -0.0671692
1370   -0.0717481
1371   -0.0751963
1372   -0.0776066
1373   -0.0788602
1374   -0.0790814
1375   -0.0782843
1376   0.215796
1377   0.224884
1378   0.236111
1379   0.248318
1380   0.262492
1381   0.27707
1382   0.29261
1383   0.307197
1384   0.320617
1385   0.330577
1386   0.334759
1387   0.332352
1388   0.319221
1389   0.301024
1390   0.279397
1391   0.256599
1392   0.233591
1393   0.210782
1394   0.188749
1395   0.167394
1396   0.147124
1397   0.127676
1398   0.109371
1399   0.0918928
1400   0.0755182
1401   0.0599186
1402   0.0453568
1403   0.031507
1404   0.018637
1405   0.00642969
1406   -0.00482722
1407   -0.0154421
1408   -0.0250949
1409   -0.0340884
1410   -0.0420606
1411   -0.0493156
1412   -0.0554452
1413   -0.0607693
1414   -0.0648412
1415   -0.068025
1416   -0.0698704
1417   -0.070836
1418   -0.07055
1419   0.206483
1420   0.215089
1421   0.225011
1422   0.236155
1423   0.248409
1424   0.261509
1425   0.274727
1426   0.287842
1427   0.299124
1428   0.30855
1429   0.312931
1430   0.31322
1431   0.3062
1432   0.293074
1433   0.276728
1434   0.257574
1435   0.237976
1436   0.217482
1437   0.197629
1438   0.17773
1439   0.158848
1440   0.140284
1441   0.122829
1442   0.105835
1443   0.0899273
1444   0.0745237
1445   0.0601453
1446   0.0462776
1447   0.0333714
1448   0.0209825
1449   0.00951099
1450   -0.00141546
1451   -0.0114357
1452   -0.0208474
1453   -0.0293228
1454   -0.0370821
1455   -0.0438322
1456   -0.0497194
1457   -0.0544971
1458   -0.0582608
1459   -0.0608424
1460   -0.0623524
1461   -0.0627765
1462   0.197524
1463   0.205308
1464   0.214442
1465   0.224263
1466   0.235281
1467   0.246629
1468   0.258431
1469   0.269718
1470   0.279998
1471   0.288373
1472   0.293413
1473   0.294985
1474   0.290677
1475   0.282036
1476   0.269371
1477   0.254346
1478   0.237682
1479   0.220195
1480   0.202409
1481   0.184588
1482   0.167099
1483   0.149935
1484   0.133379
1485   0.117295
1486   0.101922
1487   0.0870661
1488   0.0729514
1489   0.0593562
1490   0.0465079
1491   0.0341734
1492   0.0225978
1493   0.0115431
1494   0.00128544
1495   -0.00841754
1496   -0.0172445
1497   -0.0254463
1498   -0.0326442
1499   -0.0391089
1500   -0.0444015
1501   -0.0488401
1502   -0.051953
1503   -0.0541659
1504   -0.0550705
1505   0.188967
1506   0.196296
1507   0.204435
1508   0.213344
1509   0.222901
1510   0.232991
1511   0.24306
1512   0.253057
1513   0.261832
1514   0.269497
1515   0.274303
1516   0.276576
1517   0.274628
1518   0.268836
1519   0.259798
1520   0.24794
1521   0.234551
1522   0.219637
1523   0.204374
1524   0.188439
1525   0.172789
1526   0.156944
1527   0.141688
1528   0.126485
1529   0.112
1530   0.0976954
1531   0.0841517
1532   0.070858
1533   0.0583321
1534   0.0461054
1535   0.0346484
1536   0.0235451
1537   0.0132275
1538   0.00334282
1539   -0.00571208
1540   -0.0142149
1541   -0.0218051
1542   -0.0286749
1543   -0.0345109
1544   -0.0394254
1545   -0.0431856
1546   -0.0458842
1547   -0.047461
1548   0.180741
1549   0.187445
1550   0.194918
1551   0.202823
1552   0.211381
1553   0.220148
1554   0.229077
1555   0.237689
1556   0.245569
1557   0.252296
1558   0.257017
1559   0.259551
1560   0.258825
1561   0.255201
1562   0.248535
1563   0.239578
1564   0.228684
1565   0.216457
1566   0.203299
1567   0.189538
1568   0.175506
1569   0.161319
1570   0.147243
1571   0.133262
1572   0.119601
1573   0.10617
1574   0.0931703
1575   0.0804725
1576   0.0682725
1577   0.0564173
1578   0.0451121
1579   0.0341898
1580   0.0238782
1581   0.0139995
1582   0.00481959
1583   -0.00385157
1584   -0.0116912
1585   -0.0189098
1586   -0.0251083
1587   -0.0305417
1588   -0.0347372
1589   -0.0380603
1590   -0.0400601
1591   0.172849
1592   0.179127
1593   0.18585
1594   0.193004
1595   0.200481
1596   0.208249
1597   0.215913
1598   0.223501
1599   0.230265
1600   0.236319
1601   0.24062
1602   0.243332
1603   0.243511
1604   0.241325
1605   0.23671
1606   0.229877
1607   0.221383
1608   0.211285
1609   0.200343
1610   0.188393
1611   0.176202
1612   0.163437
1613   0.150812
1614   0.137895
1615   0.125343
1616   0.112677
1617   0.100504
1618   0.0883326
1619   0.0767275
1620   0.0652082
1621   0.0543043
1622   0.0435626
1623   0.0334807
1624   0.0236479
1625   0.0145305
1626   0.00577759
1627   -0.00217855
1628   -0.00960713
1629   -0.0161201
1630   -0.0218822
1631   -0.0265801
1632   -0.0302974
1633   -0.0328998
1634   0.165246
1635   0.171035
1636   0.177202
1637   0.183604
1638   0.190299
1639   0.197088
1640   0.203872
1641   0.210424
1642   0.216449
1643   0.221721
1644   0.225753
1645   0.228381
1646   0.229086
1647   0.227894
1648   0.224631
1649   0.219552
1650   0.212797
1651   0.204674
1652   0.195448
1653   0.185346
1654   0.17464
1655   0.163454
1656   0.152028
1657   0.140397
1658   0.128771
1659   0.117124
1660   0.105643
1661   0.0942615
1662   0.0831554
1663   0.0722345
1664   0.061672
1665   0.0513628
1666   0.041489
1667   0.0319348
1668   0.0229042
1669   0.0142702
1670   0.0062776
1671   -0.00121758
1672   -0.0079005
1673   -0.0139504
1674   -0.0189455
1675   -0.0231582
1676   -0.0260961
1677   0.157922
1678   0.16332
1679   0.168921
1680   0.174724
1681   0.180634
1682   0.186667
1683   0.192539
1684   0.198323
1685   0.203514
1686   0.208237
1687   0.211827
1688   0.214422
1689   0.215414
1690   0.21492
1691   0.21272
1692   0.208911
1693   0.203687
1694   0.197059
1695   0.189481
1696   0.180823
1697   0.171664
1698   0.161735
1699   0.151657
1700   0.141059
1701   0.130563
1702   0.119732
1703   0.109176
1704   0.098423
1705   0.0880644
1706   0.0776144
1707   0.0676452
1708   0.0576756
1709   0.0482574
1710   0.0389283
1711   0.0302189
1712   0.0217005
1713   0.0138792
1714   0.00638139
1715   -0.00032216
1716   -0.00651128
1717   -0.0117783
1718   -0.0162531
1719   -0.0196837
1720   0.150854
1721   0.15586
1722   0.161009
1723   0.166255
1724   0.17158
1725   0.176908
1726   0.182138
1727   0.187167
1728   0.191797
1729   0.195903
1730   0.199204
1731   0.201576
1732   0.202743
1733   0.20264
1734   0.20114
1735   0.198284
1736   0.194125
1737   0.188773
1738   0.182393
1739   0.175098
1740   0.167095
1741   0.158464
1742   0.149412
1743   0.139974
1744   0.130342
1745   0.120514
1746   0.110665
1747   0.100763
1748   0.0909696
1749   0.0812336
1750   0.0717074
1751   0.0623294
1752   0.0532487
1753   0.0443978
1754   0.0359301
1755   0.0277741
1756   0.0200979
1757   0.0128242
1758   0.00615418
1759   -8.02006e-06
1760   -0.00538423
1761   -0.0101346
1762   -0.0137809
1763   0.14403
1764   0.148689
1765   0.153413
1766   0.158201
1767   0.162971
1768   0.16776
1769   0.17235
1770   0.176839
1771   0.180856
1772   0.18455
1773   0.187443
1774   0.189691
1775   0.190849
1776   0.191033
1777   0.190006
1778   0.187824
1779   0.184533
1780   0.180097
1781   0.174803
1782   0.168503
1783   0.161647
1784   0.153975
1785   0.146027
1786   0.13745
1787   0.128828
1788   0.119742
1789   0.11079
1790   0.101511
1791   0.092502
1792   0.0832789
1793   0.0744332
1794   0.0654713
1795   0.0569749
1796   0.0484529
1797   0.0404776
1798   0.0325673
1799   0.0252866
1800   0.01817
1801   0.0117743
1802   0.00566179
1803   0.000368642
1804   -0.00446841
1805   -0.00842476
1806   0.13744
1807   0.141777
1808   0.146147
1809   0.15053
1810   0.15489
1811   0.159188
1812   0.163347
1813   0.167302
1814   0.170931
1815   0.174144
1816   0.176784
1817   0.17875
1818   0.179894
1819   0.180137
1820   0.179396
1821   0.17765
1822   0.17491
1823   0.171209
1824   0.166631
1825   0.161241
1826   0.155163
1827   0.148462
1828   0.141275
1829   0.133656
1830   0.125735
1831   0.117549
1832   0.109218
1833   0.100763
1834   0.0922909
1835   0.0838109
1836   0.0754208
1837   0.0671216
1838   0.059005
1839   0.0510683
1840   0.0433999
1841   0.0359976
1842   0.0289498
1843   0.0222575
1844   0.016012
1845   0.0102206
1846   0.00497891
1847   0.000302628
1848   -0.00372058
