##### Y Mean #####
0   0.00228253
1   -0.0281706
2   -0.0637685
3   -0.103
4   -0.145003
5   -0.187916
6   -0.231098
7   -0.272878
8   -0.312765
9   -0.3489
10   -0.381703
11   -0.410499
12   -0.435748
13   -0.457163
14   -0.47504
15   -0.48928
16   -0.500099
17   -0.507502
18   -0.511777
19   -0.513083
20   -0.511707
21   -0.507919
22   -0.501921
23   -0.494007
24   -0.48437
25   -0.473348
26   -0.461153
27   -0.448151
28   -0.434499
29   -0.420488
30   -0.406216
31   -0.391889
32   -0.377559
33   -0.363345
34   -0.34927
35   -0.335398
36   -0.321744
37   -0.308344
38   -0.295212
39   -0.282372
40   -0.26984
41   -0.257633
42   -0.245766
43   0.0303162
44   -0.000733992
45   -0.0396863
46   -0.0810916
47   -0.12836
48   -0.173875
49   -0.222762
50   -0.266981
51   -0.313077
52   -0.350761
53   -0.38827
54   -0.418688
55   -0.447422
56   -0.470443
57   -0.490804
58   -0.506346
59   -0.518865
60   -0.52708
61   -0.532339
62   -0.534115
63   -0.533063
64   -0.529487
65   -0.523269
66   -0.515209
67   -0.504878
68   -0.493369
69   -0.480142
70   -0.466481
71   -0.451696
72   -0.436941
73   -0.421573
74   -0.406491
75   -0.391186
76   -0.376245
77   -0.361329
78   -0.346769
79   -0.33238
80   -0.318333
81   -0.30455
82   -0.291111
83   -0.277998
84   -0.265245
85   -0.25286
86   0.0635947
87   0.0344355
88   -0.00560613
89   -0.0498433
90   -0.0995989
91   -0.149613
92   -0.200855
93   -0.249721
94   -0.297832
95   -0.34194
96   -0.382366
97   -0.418219
98   -0.450024
99   -0.477116
100   -0.50015
101   -0.518446
102   -0.532848
103   -0.543099
104   -0.549769
105   -0.553029
106   -0.553046
107   -0.550172
108   -0.544463
109   -0.536342
110   -0.525948
111   -0.51379
112   -0.500069
113   -0.485386
114   -0.469852
115   -0.453914
116   -0.437666
117   -0.421429
118   -0.405254
119   -0.389295
120   -0.37357
121   -0.358139
122   -0.343015
123   -0.328219
124   -0.313773
125   -0.299685
126   -0.28598
127   -0.272663
128   -0.259756
129   0.100984
130   0.0723572
131   0.0326016
132   -0.0130449
133   -0.0660159
134   -0.1182
135   -0.173349
136   -0.224496
137   -0.276175
138   -0.323354
139   -0.369362
140   -0.408073
141   -0.445723
142   -0.475017
143   -0.503443
144   -0.523432
145   -0.541817
146   -0.553976
147   -0.563382
148   -0.56868
149   -0.570477
150   -0.569077
151   -0.564159
152   -0.556673
153   -0.54625
154   -0.534059
155   -0.519635
156   -0.5045
157   -0.487886
158   -0.471142
159   -0.45366
160   -0.436504
161   -0.419194
162   -0.402346
163   -0.385647
164   -0.369401
165   -0.353447
166   -0.337922
167   -0.322764
168   -0.308032
169   -0.293716
170   -0.279836
171   -0.266403
172   0.14198
173   0.117442
174   0.0773317
175   0.0313748
176   -0.0234205
177   -0.0787261
178   -0.136013
179   -0.190808
180   -0.244954
181   -0.295687
182   -0.343731
183   -0.387162
184   -0.426776
185   -0.461524
186   -0.492251
187   -0.518399
188   -0.540123
189   -0.557535
190   -0.570658
191   -0.579509
192   -0.584397
193   -0.584964
194   -0.581925
195   -0.575304
196   -0.56568
197   -0.553714
198   -0.539404
199   -0.523604
200   -0.506417
201   -0.48846
202   -0.470015
203   -0.451542
204   -0.433245
205   -0.415234
206   -0.397632
207   -0.380411
208   -0.363659
209   -0.347322
210   -0.331469
211   -0.316056
212   -0.301139
213   -0.286685
214   -0.272741
215   0.184871
216   0.16138
217   0.123322
218   0.0764793
219   0.0206724
220   -0.0362328
221   -0.095975
222   -0.152829
223   -0.209566
224   -0.2623
225   -0.312993
226   -0.35886
227   -0.40163
228   -0.439288
229   -0.473904
230   -0.503394
231   -0.530843
232   -0.55108
233   -0.570747
234   -0.581422
235   -0.592336
236   -0.594093
237   -0.595169
238   -0.589857
239   -0.582014
240   -0.571397
241   -0.557393
242   -0.541907
243   -0.523914
244   -0.505303
245   -0.485571
246   -0.466177
247   -0.446672
248   -0.427724
249   -0.409091
250   -0.391016
251   -0.373401
252   -0.356318
253   -0.339741
254   -0.323688
255   -0.308161
256   -0.293163
257   -0.278704
258   0.229154
259   0.211564
260   0.173002
261   0.126689
262   0.0697653
263   0.0109387
264   -0.0502951
265   -0.109798
266   -0.168392
267   -0.223732
268   -0.276378
269   -0.324928
270   -0.369819
271   -0.410335
272   -0.447063
273   -0.479525
274   -0.508553
275   -0.533097
276   -0.554067
277   -0.570571
278   -0.583407
279   -0.592266
280   -0.596774
281   -0.597575
282   -0.59367
283   -0.585839
284   -0.574074
285   -0.558609
286   -0.540631
287   -0.521104
288   -0.500619
289   -0.479915
290   -0.45952
291   -0.439393
292   -0.419915
293   -0.400884
294   -0.382528
295   -0.364669
296   -0.347451
297   -0.330756
298   -0.314678
299   -0.29914
300   -0.284212
301   0.272579
302   0.256242
303   0.22153
304   0.175328
305   0.118533
306   0.0590052
307   -0.00376028
308   -0.0646422
309   -0.125296
310   -0.182228
311   -0.237085
312   -0.287333
313   -0.334531
314   -0.376825
315   -0.415784
316   -0.449996
317   -0.480875
318   -0.507582
319   -0.530836
320   -0.5503
321   -0.566706
322   -0.579299
323   -0.590142
324   -0.594213
325   -0.598219
326   -0.59204
327   -0.585908
328   -0.570989
329   -0.55397
330   -0.534721
331   -0.513474
332   -0.492314
333   -0.470893
334   -0.449993
335   -0.429621
336   -0.409866
337   -0.390768
338   -0.372278
339   -0.354435
340   -0.337195
341   -0.320583
342   -0.304576
343   -0.289186
344   0.314495
345   0.306425
346   0.271837
347   0.227328
348   0.170842
349   0.109706
350   0.0463045
351   -0.0166189
352   -0.078544
353   -0.137658
354   -0.193998
355   -0.246411
356   -0.295141
357   -0.339521
358   -0.379989
359   -0.416159
360   -0.448655
361   -0.477248
362   -0.50237
363   -0.52399
364   -0.542411
365   -0.557588
366   -0.570032
367   -0.57876
368   -0.584382
369   -0.585873
370   -0.582699
371   -0.575742
372   -0.562146
373   -0.544802
374   -0.52437
375   -0.502291
376   -0.480472
377   -0.458662
378   -0.437802
379   -0.417378
380   -0.397803
381   -0.378765
382   -0.360472
383   -0.342756
384   -0.325728
385   -0.309294
386   -0.293525
387   0.351739
388   0.343822
389   0.318796
390   0.277633
391   0.22252
392   0.161154
393   0.0963886
394   0.0324438
395   -0.0312041
396   -0.091604
397   -0.149803
398   -0.203582
399   -0.254154
400   -0.299911
401   -0.342111
402   -0.379669
403   -0.413752
404   -0.443744
405   -0.47046
406   -0.493576
407   -0.513665
408   -0.530472
409   -0.544418
410   -0.555556
411   -0.563632
412   -0.568876
413   -0.571307
414   -0.56831
415   -0.563667
416   -0.548009
417   -0.530802
418   -0.509118
419   -0.487141
420   -0.465184
421   -0.444004
422   -0.423305
423   -0.403386
424   -0.384037
425   -0.365398
426   -0.347367
427   -0.329995
428   -0.313248
429   -0.297138
430   0.385647
431   0.383259
432   0.362502
433   0.329853
434   0.274422
435   0.212485
436   0.147721
437   0.0824334
438   0.0179792
439   -0.0441639
440   -0.10349
441   -0.159086
442   -0.210869
443   -0.258372
444   -0.301795
445   -0.340976
446   -0.376292
447   -0.407746
448   -0.435688
449   -0.460185
450   -0.481529
451   -0.499758
452   -0.515258
453   -0.527998
454   -0.538107
455   -0.545515
456   -0.550093
457   -0.551201
458   -0.548933
459   -0.542239
460   -0.52776
461   -0.510186
462   -0.489537
463   -0.468049
464   -0.447365
465   -0.426824
466   -0.406995
467   -0.387622
468   -0.368909
469   -0.350746
470   -0.333207
471   -0.316252
472   -0.299914
473   0.415806
474   0.415468
475   0.402181
476   0.372355
477   0.32278
478   0.26264
479   0.197744
480   0.132245
481   0.0666388
482   0.00363903
483   -0.0571941
484   -0.113852
485   -0.167184
486   -0.215795
487   -0.260683
488   -0.30097
489   -0.337614
490   -0.370143
491   -0.399299
492   -0.424889
493   -0.447409
494   -0.466884
495   -0.483583
496   -0.497782
497   -0.509273
498   -0.518454
499   -0.524648
500   -0.528392
501   -0.528523
502   -0.525746
503   -0.518469
504   -0.504044
505   -0.487336
506   -0.467428
507   -0.4478
508   -0.427879
509   -0.408506
510   -0.389415
511   -0.370874
512   -0.35279
513   -0.335245
514   -0.318225
515   -0.301758
516   0.442826
517   0.446846
518   0.438717
519   0.41851
520   0.36933
521   0.31083
522   0.24722
523   0.181498
524   0.115727
525   0.0515352
526   -0.010021
527   -0.0681502
528   -0.122385
529   -0.172472
530   -0.218316
531   -0.259983
532   -0.297593
533   -0.331371
534   -0.361502
535   -0.388261
536   -0.411836
537   -0.4325
538   -0.450433
539   -0.465863
540   -0.478794
541   -0.489367
542   -0.497386
543   -0.502939
544   -0.505546
545   -0.505311
546   -0.500801
547   -0.492354
548   -0.47819
549   -0.461896
550   -0.444026
551   -0.425771
552   -0.407331
553   -0.389065
554   -0.371003
555   -0.353309
556   -0.335952
557   -0.319055
558   -0.302574
559   0.466395
560   0.473331
561   0.470851
562   0.452573
563   0.411714
564   0.35686
565   0.294665
566   0.229729
567   0.163531
568   0.0990406
569   0.0363974
570   -0.0224091
571   -0.0778994
572   -0.128797
573   -0.175878
574   -0.218404
575   -0.257166
576   -0.291826
577   -0.323032
578   -0.350737
579   -0.375372
580   -0.397115
581   -0.41614
582   -0.432805
583   -0.446923
584   -0.458966
585   -0.46838
586   -0.475746
587   -0.480086
588   -0.482008
589   -0.479986
590   -0.474679
591   -0.465011
592   -0.451821
593   -0.436826
594   -0.420463
595   -0.403627
596   -0.386439
597   -0.36926
598   -0.352151
599   -0.33524
600   -0.318598
601   -0.302281
602   0.486552
603   0.496871
604   0.499584
605   0.491201
606   0.451923
607   0.400877
608   0.340996
609   0.276755
610   0.210991
611   0.145836
612   0.0829397
613   0.0230311
614   -0.0330009
615   -0.085107
616   -0.132865
617   -0.176573
618   -0.216086
619   -0.251867
620   -0.283901
621   -0.312699
622   -0.338281
623   -0.361146
624   -0.381279
625   -0.399129
626   -0.414543
627   -0.427913
628   -0.438874
629   -0.447796
630   -0.453975
631   -0.457821
632   -0.458098
633   -0.455579
634   -0.448568
635   -0.438845
636   -0.426317
637   -0.412457
638   -0.397306
639   -0.381695
640   -0.365558
641   -0.349385
642   -0.333051
643   -0.316911
644   -0.300832
645   0.503134
646   0.516416
647   0.523324
648   0.516654
649   0.488119
650   0.442482
651   0.385239
652   0.322427
653   0.256792
654   0.19191
655   0.12836
656   0.0682196
657   0.0112399
658   -0.0413502
659   -0.0901284
660   -0.134453
661   -0.174974
662   -0.211469
663   -0.244497
664   -0.274126
665   -0.300726
666   -0.32457
667   -0.345784
668   -0.364771
669   -0.381371
670   -0.396056
671   -0.408367
672   -0.41879
673   -0.426575
674   -0.432133
675   -0.43453
676   -0.434063
677   -0.430073
678   -0.422972
679   -0.413349
680   -0.401724
681   -0.388723
682   -0.374689
683   -0.35998
684   -0.344812
685   -0.329353
686   -0.313775
687   -0.298179
688   0.516034
689   0.531611
690   0.543065
691   0.545553
692   0.521347
693   0.483403
694   0.428466
695   0.366598
696   0.301965
697   0.23685
698   0.173578
699   0.112688
700   0.055554
701   0.00200896
702   -0.0471578
703   -0.0924822
704   -0.133543
705   -0.171041
706   -0.20475
707   -0.235406
708   -0.262847
709   -0.287776
710   -0.310002
711   -0.33016
712   -0.347941
713   -0.363912
714   -0.377573
715   -0.389443
716   -0.398746
717   -0.406014
718   -0.410159
719   -0.411878
720   -0.409991
721   -0.405626
722   -0.398277
723   -0.389164
724   -0.378068
725   -0.365953
726   -0.352619
727   -0.338775
728   -0.324199
729   -0.309457
730   -0.294336
731   0.525387
732   0.543483
733   0.557529
734   0.562177
735   0.550621
736   0.519287
737   0.468994
738   0.409293
739   0.345309
740   0.281121
741   0.217606
742   0.156924
743   0.0991157
744   0.0454063
745   -0.00457807
746   -0.0502732
747   -0.0921943
748   -0.130228
749   -0.164838
750   -0.196198
751   -0.224608
752   -0.250415
753   -0.273701
754   -0.294898
755   -0.313846
756   -0.331
757   -0.345963
758   -0.359142
759   -0.369943
760   -0.378672
761   -0.384658
762   -0.388111
763   -0.388581
764   -0.386345
765   -0.381523
766   -0.374509
767   -0.365624
768   -0.355231
769   -0.34359
770   -0.330991
771   -0.317593
772   -0.303648
773   -0.289291
774   0.531059
775   0.550803
776   0.567999
777   0.578443
778   0.575027
779   0.557429
780   0.508298
781   0.449701
782   0.387892
783   0.323985
784   0.261312
785   0.200181
786   0.142577
787   0.0881409
788   0.0380551
789   -0.0084532
790   -0.050687
791   -0.0895863
792   -0.124711
793   -0.157008
794   -0.186136
795   -0.212972
796   -0.237163
797   -0.259488
798   -0.279503
799   -0.297891
800   -0.314053
801   -0.328597
802   -0.340727
803   -0.351029
804   -0.358529
805   -0.363899
806   -0.366167
807   -0.366217
808   -0.363383
809   -0.358667
810   -0.351634
811   -0.343221
812   -0.333074
813   -0.322002
814   -0.309671
815   -0.296805
816   -0.283111
817   0.533202
818   0.554715
819   0.57454
820   0.589318
821   0.594902
822   0.581751
823   0.542863
824   0.488953
825   0.428711
826   0.36642
827   0.303829
828   0.243273
829   0.185227
830   0.130938
831   0.0802461
832   0.0336307
833   -0.00929113
834   -0.0485255
835   -0.0844307
836   -0.117289
837   -0.14731
838   -0.174915
839   -0.200117
840   -0.223384
841   -0.244525
842   -0.26399
843   -0.281401
844   -0.297139
845   -0.310686
846   -0.322324
847   -0.331508
848   -0.338443
849   -0.342737
850   -0.344619
851   -0.343999
852   -0.341176
853   -0.336246
854   -0.329525
855   -0.32115
856   -0.311417
857   -0.300442
858   -0.288522
859   -0.275805
860   0.53198
861   0.554207
862   0.577062
863   0.596057
864   0.609816
865   0.611131
866   0.574467
867   0.524847
868   0.468061
869   0.406935
870   0.345641
871   0.284984
872   0.227506
873   0.172759
874   0.122289
875   0.0750867
876   0.0321079
877   -0.00782086
878   -0.0440566
879   -0.0777339
880   -0.108341
881   -0.136894
882   -0.162896
883   -0.187229
884   -0.209336
885   -0.229977
886   -0.248484
887   -0.265524
888   -0.280294
889   -0.293419
890   -0.303995
891   -0.312683
892   -0.31859
893   -0.322489
894   -0.323639
895   -0.322906
896   -0.319704
897   -0.314911
898   -0.308031
899   -0.299905
900   -0.290087
901   -0.279402
902   -0.267479
903   0.527876
904   0.55156
905   0.576179
906   0.59954
907   0.618899
908   0.622982
909   0.60085
910   0.55865
911   0.505201
912   0.446516
913   0.385848
914   0.326289
915   0.268732
916   0.214545
917   0.163758
918   0.116762
919   0.0733149
920   0.03327
921   -0.00359427
922   -0.0376857
923   -0.0690853
924   -0.0983019
925   -0.125244
926   -0.150431
927   -0.173605
928   -0.195242
929   -0.214942
930   -0.233099
931   -0.249221
932   -0.263605
933   -0.275752
934   -0.285889
935   -0.29362
936   -0.299163
937   -0.302303
938   -0.303287
939   -0.302053
940   -0.298867
941   -0.293749
942   -0.286974
943   -0.278603
944   -0.268947
945   -0.258152
946   0.520971
947   0.544433
948   0.57126
949   0.596719
950   0.622314
951   0.639092
952   0.622444
953   0.589888
954   0.540342
955   0.48353
956   0.424818
957   0.365636
958   0.309194
959   0.254911
960   0.204755
961   0.157454
962   0.114237
963   0.0737054
964   0.0366989
965   0.00193339
966   -0.029925
967   -0.0599834
968   -0.0876272
969   -0.113794
970   -0.137847
971   -0.160584
972   -0.181298
973   -0.200686
974   -0.217952
975   -0.233738
976   -0.247186
977   -0.258945
978   -0.268155
979   -0.275526
980   -0.280273
981   -0.283176
982   -0.283545
983   -0.282202
984   -0.278532
985   -0.27338
986   -0.266197
987   -0.257868
988   -0.247951
989   0.511864
990   0.53628
991   0.563358
992   0.591563
993   0.618959
994   0.637742
995   0.638731
996   0.615331
997   0.571909
998   0.51878
999   0.46151
1000   0.404239
1001   0.348216
1002   0.295008
1003   0.244895
1004   0.198145
1005   0.154724
1006   0.114295
1007   0.0768425
1008   0.0418006
1009   0.00928006
1010   -0.0213426
1011   -0.0498214
1012   -0.0767566
1013   -0.101784
1014   -0.125436
1015   -0.147255
1016   -0.167683
1017   -0.186208
1018   -0.203174
1019   -0.218076
1020   -0.231178
1021   -0.242051
1022   -0.25092
1023   -0.257482
1024   -0.261955
1025   -0.264161
1026   -0.264328
1027   -0.262374
1028   -0.258548
1029   -0.25285
1030   -0.245588
1031   -0.236899
1032   0.500515
1033   0.523946
1034   0.551928
1035   0.580354
1036   0.610463
1037   0.634981
1038   0.645568
1039   0.64089
1040   0.600826
1041   0.550299
1042   0.496466
1043   0.440125
1044   0.385904
1045   0.332995
1046   0.283972
1047   0.237251
1048   0.194355
1049   0.153686
1050   0.116273
1051   0.0807406
1052   0.0478873
1053   0.0165738
1054   -0.0124991
1055   -0.0402785
1056   -0.0660803
1057   -0.0907063
1058   -0.113439
1059   -0.134978
1060   -0.15455
1061   -0.172796
1062   -0.188892
1063   -0.20347
1064   -0.215692
1065   -0.226223
1066   -0.234248
1067   -0.240488
1068   -0.244178
1069   -0.246091
1070   -0.245522
1071   -0.243298
1072   -0.238786
1073   -0.232901
1074   -0.225139
1075   0.487519
1076   0.511054
1077   0.537952
1078   0.567106
1079   0.597565
1080   0.625175
1081   0.645858
1082   0.647193
1083   0.622742
1084   0.579584
1085   0.528447
1086   0.474797
1087   0.421472
1088   0.370165
1089   0.321612
1090   0.275791
1091   0.233011
1092   0.192652
1093   0.155026
1094   0.119357
1095   0.086032
1096   0.0542763
1097   0.0245421
1098   -0.00388247
1099   -0.0304929
1100   -0.0559104
1101   -0.079591
1102   -0.10205
1103   -0.122728
1104   -0.142031
1105   -0.15942
1106   -0.17521
1107   -0.18892
1108   -0.200802
1109   -0.210472
1110   -0.218143
1111   -0.223538
1112   -0.226861
1113   -0.22794
1114   -0.226998
1115   -0.223973
1116   -0.219166
1117   -0.212693
1118   0.472986
1119   0.494813
1120   0.521437
1121   0.549193
1122   0.580402
1123   0.609185
1124   0.63702
1125   0.655093
1126   0.636904
1127   0.603368
1128   0.556704
1129   0.504996
1130   0.454326
1131   0.403946
1132   0.357032
1133   0.311699
1134   0.269757
1135   0.229499
1136   0.192109
1137   0.156228
1138   0.122734
1139   0.0905392
1140   0.0603757
1141   0.0313433
1142   0.00412521
1143   -0.0220449
1144   -0.0464753
1145   -0.0698393
1146   -0.0914054
1147   -0.111791
1148   -0.130219
1149   -0.14729
1150   -0.162193
1151   -0.175546
1152   -0.186528
1153   -0.195801
1154   -0.202555
1155   -0.207514
1156   -0.2099
1157   -0.210515
1158   -0.208652
1159   -0.205238
1160   -0.199715
1161   0.457628
1162   0.479016
1163   0.50373
1164   0.531118
1165   0.560939
1166   0.591249
1167   0.620164
1168   0.640322
1169   0.643331
1170   0.61949
1171   0.5793
1172   0.532224
1173   0.483611
1174   0.435692
1175   0.389936
1176   0.345913
1177   0.304554
1178   0.264847
1179   0.22761
1180   0.191798
1181   0.15816
1182   0.125735
1183   0.0952183
1184   0.0657586
1185   0.0380216
1186   0.0112741
1187   -0.0138348
1188   -0.0379156
1189   -0.0603367
1190   -0.0815885
1191   -0.101072
1192   -0.119168
1193   -0.135336
1194   -0.149863
1195   -0.16229
1196   -0.17284
1197   -0.181148
1198   -0.187402
1199   -0.191347
1200   -0.193181
1201   -0.192782
1202   -0.190433
1203   -0.186227
1204   0.441566
1205   0.461037
1206   0.48483
1207   0.510031
1208   0.539084
1209   0.567709
1210   0.597689
1211   0.621822
1212   0.633099
1213   0.630818
1214   0.596187
1215   0.552479
1216   0.508212
1217   0.462107
1218   0.418706
1219   0.375883
1220   0.335756
1221   0.296715
1222   0.260018
1223   0.22448
1224   0.190969
1225   0.158543
1226   0.127891
1227   0.098221
1228   0.0701596
1229   0.043018
1230   0.0174243
1231   -0.00723755
1232   -0.0303024
1233   -0.0523411
1234   -0.0726367
1235   -0.091743
1236   -0.108892
1237   -0.124648
1238   -0.138201
1239   -0.150155
1240   -0.159674
1241   -0.167426
1242   -0.17258
1243   -0.175902
1244   -0.176619
1245   -0.175653
1246   -0.172393
1247   0.425391
1248   0.444167
1249   0.465764
1250   0.489804
1251   0.516213
1252   0.543869
1253   0.571517
1254   0.596375
1255   0.614466
1256   0.617509
1257   0.603338
1258   0.567569
1259   0.527287
1260   0.484478
1261   0.443289
1262   0.402296
1263   0.363548
1264   0.325478
1265   0.289591
1266   0.254533
1267   0.221455
1268   0.189198
1269   0.158705
1270   0.128981
1271   0.100853
1272   0.0734746
1273   0.0476056
1274   0.0225349
1275   -0.00102223
1276   -0.0236467
1277   -0.0446682
1278   -0.0645446
1279   -0.0826613
1280   -0.099364
1281   -0.11411
1282   -0.12715
1283   -0.13803
1284   -0.146938
1285   -0.153532
1286   -0.157988
1287   -0.160117
1288   -0.16018
1289   -0.158237
1290   0.409144
1291   0.426143
1292   0.446516
1293   0.468121
1294   0.492799
1295   0.517501
1296   0.543586
1297   0.566521
1298   0.587147
1299   0.599455
1300   0.591358
1301   0.571499
1302   0.536865
1303   0.49818
1304   0.460562
1305   0.422284
1306   0.385465
1307   0.349129
1308   0.314379
1309   0.280439
1310   0.248029
1311   0.216465
1312   0.186318
1313   0.156968
1314   0.128942
1315   0.101672
1316   0.0756948
1317   0.0504848
1318   0.0266214
1319   0.00360582
1320   -0.0179226
1321   -0.0384527
1322   -0.0572772
1323   -0.0748958
1324   -0.0905325
1325   -0.104722
1326   -0.116629
1327   -0.126854
1328   -0.134532
1329   -0.140373
1330   -0.143548
1331   -0.144954
1332   -0.14393
1333   0.393215
1334   0.409445
1335   0.427757
1336   0.447909
1337   0.469754
1338   0.492642
1339   0.515473
1340   0.537452
1341   0.555798
1342   0.569404
1343   0.571853
1344   0.559265
1345   0.537417
1346   0.50456
1347   0.471662
1348   0.436304
1349   0.402361
1350   0.367907
1351   0.335082
1352   0.30239
1353   0.271288
1354   0.240532
1355   0.211253
1356   0.182385
1357   0.154888
1358   0.127837
1359   0.1021
1360   0.0768812
1361   0.0529839
1362   0.0297403
1363   0.007901
1364   -0.013076
1365   -0.0324954
1366   -0.0507744
1367   -0.0672835
1368   -0.0823212
1369   -0.0953412
1370   -0.106544
1371   -0.115497
1372   -0.122358
1373   -0.126861
1374   -0.129235
1375   -0.129498
1376   0.377567
1377   0.392337
1378   0.409429
1379   0.427446
1380   0.447494
1381   0.467694
1382   0.488641
1383   0.508029
1384   0.525528
1385   0.538379
1386   0.543711
1387   0.540547
1388   0.523831
1389   0.500472
1390   0.472422
1391   0.442423
1392   0.411627
1393   0.38052
1394   0.34981
1395   0.319363
1396   0.289703
1397   0.260497
1398   0.232191
1399   0.204388
1400   0.177514
1401   0.151156
1402   0.125761
1403   0.100916
1404   0.0771121
1405   0.0539429
1406   0.0319602
1407   0.0107564
1408   -0.00904039
1409   -0.0278521
1410   -0.0449631
1411   -0.0608288
1412   -0.074643
1413   -0.0869251
1414   -0.0967975
1415   -0.104897
1416   -0.110346
1417   -0.113993
1418   -0.11512
1419   0.362398
1420   0.376415
1421   0.391811
1422   0.408438
1423   0.426116
1424   0.4445
1425   0.462677
1426   0.480345
1427   0.495394
1428   0.507758
1429   0.51357
1430   0.513949
1431   0.505007
1432   0.488115
1433   0.466877
1434   0.441652
1435   0.41545
1436   0.387548
1437   0.35999
1438   0.331744
1439   0.304317
1440   0.276648
1441   0.249951
1442   0.223215
1443   0.197492
1444   0.171848
1445   0.147237
1446   0.122817
1447   0.0994749
1448   0.0764721
1449   0.054642
1450   0.0333567
1451   0.0133978
1452   -0.00573986
1453   -0.0233347
1454   -0.0397594
1455   -0.0543683
1456   -0.067404
1457   -0.0783293
1458   -0.0872981
1459   -0.0939485
1460   -0.0984723
1461   -0.100825
1462   0.347634
1463   0.360506
1464   0.374811
1465   0.389741
1466   0.405851
1467   0.42209
1468   0.438554
1469   0.454069
1470   0.467989
1471   0.479231
1472   0.486017
1473   0.488192
1474   0.482777
1475   0.471655
1476   0.455173
1477   0.435347
1478   0.413042
1479   0.389234
1480   0.364564
1481   0.339335
1482   0.314018
1483   0.288584
1484   0.263424
1485   0.238354
1486   0.21374
1487   0.189325
1488   0.165487
1489   0.141937
1490   0.119086
1491   0.0966305
1492   0.0750336
1493   0.0539789
1494   0.0340019
1495   0.0147673
1496   -0.00309713
1497   -0.0199588
1498   -0.0350783
1499   -0.0488816
1500   -0.0605148
1501   -0.0705183
1502   -0.0779789
1503   -0.083667
1504   -0.086799
1505   0.333349
1506   0.345506
1507   0.358482
1508   0.372195
1509   0.38647
1510   0.401137
1511   0.415505
1512   0.429479
1513   0.441658
1514   0.452135
1515   0.458802
1516   0.461993
1517   0.459688
1518   0.452254
1519   0.440493
1520   0.424796
1521   0.406847
1522   0.386493
1523   0.365325
1524   0.34276
1525   0.320163
1526   0.296741
1527   0.273685
1528   0.250123
1529   0.227133
1530   0.203836
1531   0.181238
1532   0.158492
1533   0.136552
1534   0.114628
1535   0.093634
1536   0.0728591
1537   0.0531719
1538   0.0339656
1539   0.0160567
1540   -0.00103319
1541   -0.0165543
1542   -0.0308337
1543   -0.0432192
1544   -0.0538931
1545   -0.0623733
1546   -0.0688124
1547   -0.073075
1548   0.319476
1549   0.330727
1550   0.342757
1551   0.35515
1552   0.368125
1553   0.381141
1554   0.394099
1555   0.406412
1556   0.417542
1557   0.426971
1558   0.433632
1559   0.437297
1560   0.436632
1561   0.432062
1562   0.423393
1563   0.411518
1564   0.396862
1565   0.380134
1566   0.361834
1567   0.34233
1568   0.322052
1569   0.301113
1570   0.279881
1571   0.25831
1572   0.236736
1573   0.215027
1574   0.193514
1575   0.172018
1576   0.150887
1577   0.129913
1578   0.109481
1579   0.0893646
1580   0.0700014
1581   0.0511461
1582   0.0333148
1583   0.0162335
1584   0.000529311
1585   -0.0141213
1586   -0.0269464
1587   -0.0383678
1588   -0.0474769
1589   -0.0549224
1590   -0.0598436
1591   0.306034
1592   0.316611
1593   0.327602
1594   0.338965
1595   0.350548
1596   0.362283
1597   0.373679
1598   0.384735
1599   0.394543
1600   0.403196
1601   0.409445
1602   0.413421
1603   0.414016
1604   0.411344
1605   0.405394
1606   0.396304
1607   0.384856
1608   0.370971
1609   0.355714
1610   0.338714
1611   0.321081
1612   0.302214
1613   0.283202
1614   0.263301
1615   0.243568
1616   0.223189
1617   0.203192
1618   0.182742
1619   0.162843
1620   0.142672
1621   0.123209
1622   0.103672
1623   0.0850101
1624   0.0665099
1625   0.0490836
1626   0.0321167
1627   0.0164678
1628   0.00166698
1629   -0.0115099
1630   -0.0233431
1631   -0.0332057
1632   -0.0412309
1633   -0.0471441
1634   0.292981
1635   0.302817
1636   0.312997
1637   0.323333
1638   0.333867
1639   0.344342
1640   0.354615
1641   0.364393
1642   0.373296
1643   0.381033
1644   0.386992
1645   0.390957
1646   0.392277
1647   0.390964
1648   0.386792
1649   0.380047
1650   0.370898
1651   0.359688
1652   0.346749
1653   0.332329
1654   0.316781
1655   0.300222
1656   0.282987
1657   0.265086
1658   0.24683
1659   0.228162
1660   0.20938
1661   0.190383
1662   0.171472
1663   0.152519
1664   0.133842
1665   0.115295
1666   0.0972263
1667   0.0794742
1668   0.0624368
1669   0.0459331
1670   0.030441
1671   0.0157445
1672   0.00245369
1673   -0.00971992
1674   -0.0199677
1675   -0.0287637
1676   -0.0351727
1677   0.280319
1678   0.289529
1679   0.29889
1680   0.308376
1681   0.317858
1682   0.327329
1683   0.336436
1684   0.345233
1685   0.353111
1686   0.360175
1687   0.365636
1688   0.369595
1689   0.371356
1690   0.370971
1691   0.368239
1692   0.363166
1693   0.356084
1694   0.346867
1695   0.336198
1696   0.323756
1697   0.31041
1698   0.295647
1699   0.280427
1700   0.264085
1701   0.247625
1702   0.230284
1703   0.213085
1704   0.195207
1705   0.17768
1706   0.159663
1707   0.142182
1708   0.124401
1709   0.107338
1710   0.0901817
1711   0.0739361
1712   0.057842
1713   0.0428719
1714   0.0283611
1715   0.0152226
1716   0.00296064
1717   -0.00763156
1718   -0.0167744
1719   -0.0239749
1720   0.268028
1721   0.276617
1722   0.285292
1723   0.293981
1724   0.302641
1725   0.311165
1726   0.319411
1727   0.327237
1728   0.334386
1729   0.340687
1730   0.345784
1731   0.349505
1732   0.351504
1733   0.351676
1734   0.349861
1735   0.346082
1736   0.340403
1737   0.332929
1738   0.32387
1739   0.313333
1740   0.301592
1741   0.288711
1742   0.274978
1743   0.260404
1744   0.245274
1745   0.229555
1746   0.213523
1747   0.197116
1748   0.180607
1749   0.163912
1750   0.147309
1751   0.130704
1752   0.114382
1753   0.0982467
1754   0.0825993
1755   0.0673399
1756   0.0528026
1757   0.038877
1758   0.0259604
1759   0.0139063
1760   0.00325377
1761   -0.00626827
1762   -0.0137527
1763   0.256104
1764   0.264129
1765   0.272154
1766   0.28016
1767   0.288036
1768   0.295801
1769   0.303188
1770   0.310282
1771   0.316638
1772   0.322391
1773   0.326981
1774   0.330537
1775   0.332555
1776   0.333096
1777   0.331936
1778   0.329035
1779   0.324542
1780   0.318281
1781   0.310728
1782   0.301544
1783   0.291437
1784   0.279908
1785   0.267811
1786   0.254511
1787   0.240953
1788   0.226397
1789   0.211844
1790   0.196484
1791   0.181349
1792   0.16559
1793   0.150253
1794   0.134472
1795   0.119304
1796   0.103879
1797   0.0892581
1798   0.0745824
1799   0.0609151
1800   0.0474192
1801   0.0351528
1802   0.0233249
1803   0.0129572
1804   0.00339265
1805   -0.0045584
1806   0.244544
1807   0.252037
1808   0.259498
1809   0.266887
1810   0.274145
1811   0.281209
1812   0.287972
1813   0.294337
1814   0.300143
1815   0.305262
1816   0.309493
1817   0.312692
1818   0.314669
1819   0.315309
1820   0.314503
1821   0.312204
1822   0.308422
1823   0.303177
1824   0.296575
1825   0.288672
1826   0.27963
1827   0.269511
1828   0.2585
1829   0.246647
1830   0.234139
1831   0.221011
1832   0.207445
1833   0.193463
1834   0.179242
1835   0.164793
1836   0.15029
1837   0.135742
1838   0.121322
1839   0.10704
1840   0.0930724
1841   0.0794328
1842   0.0663041
1843   0.0537085
1844   0.041836
1845   0.0307207
1846   0.0205604
1847   0.0114023
1848   0.00342637
