##### Y Mean #####
0   -0.00370006
1   -0.0272317
2   -0.0543411
3   -0.0836568
4   -0.114298
5   -0.144634
6   -0.174141
7   -0.201767
8   -0.227397
9   -0.25045
10   -0.271047
11   -0.288895
12   -0.304229
13   -0.316921
14   -0.32725
15   -0.335187
16   -0.341018
17   -0.344772
18   -0.346723
19   -0.346935
20   -0.345659
21   -0.342977
22   -0.339111
23   -0.334149
24   -0.328283
25   -0.321599
26   -0.314259
27   -0.306341
28   -0.29798
29   -0.289243
30   -0.280239
31   -0.271025
32   -0.261687
33   -0.252273
34   -0.242846
35   -0.233446
36   -0.224122
37   -0.214903
38   -0.205824
39   -0.19691
40   -0.188185
41   -0.179667
42   -0.171374
43   0.0153783
44   -0.00920107
45   -0.0395623
46   -0.0712228
47   -0.106528
48   -0.139318
49   -0.173049
50   -0.202676
51   -0.231633
52   -0.256118
53   -0.279177
54   -0.297947
55   -0.315019
56   -0.328213
57   -0.339699
58   -0.347805
59   -0.354335
60   -0.358004
61   -0.360301
62   -0.360243
63   -0.359048
64   -0.355969
65   -0.351992
66   -0.346556
67   -0.340446
68   -0.333249
69   -0.325579
70   -0.317137
71   -0.308395
72   -0.299143
73   -0.289734
74   -0.280026
75   -0.270275
76   -0.260394
77   -0.25056
78   -0.240725
79   -0.231005
80   -0.221382
81   -0.211926
82   -0.202638
83   -0.193556
84   -0.184693
85   -0.176068
86   0.0384822
87   0.0146417
88   -0.017417
89   -0.0522536
90   -0.0904887
91   -0.12791
92   -0.164457
93   -0.198211
94   -0.229406
95   -0.257135
96   -0.281823
97   -0.303013
98   -0.321186
99   -0.336112
100   -0.348266
101   -0.357547
102   -0.364401
103   -0.368805
104   -0.371163
105   -0.3715
106   -0.370175
107   -0.367238
108   -0.362998
109   -0.357521
110   -0.351065
111   -0.3437
112   -0.335638
113   -0.326945
114   -0.317791
115   -0.308236
116   -0.298413
117   -0.288375
118   -0.278221
119   -0.267997
120   -0.257774
121   -0.247593
122   -0.237502
123   -0.227536
124   -0.217727
125   -0.208104
126   -0.198687
127   -0.1895
128   -0.180558
129   0.0649334
130   0.040689
131   0.00780092
132   -0.0293089
133   -0.0712738
134   -0.111592
135   -0.152446
136   -0.188846
137   -0.223773
138   -0.253621
139   -0.281269
140   -0.304041
141   -0.324455
142   -0.340483
143   -0.354263
144   -0.364242
145   -0.372214
146   -0.376992
147   -0.380063
148   -0.380525
149   -0.379601
150   -0.376608
151   -0.372538
152   -0.366881
153   -0.360428
154   -0.352804
155   -0.344629
156   -0.335632
157   -0.326288
158   -0.316407
159   -0.306345
160   -0.295973
161   -0.285549
162   -0.274993
163   -0.264483
164   -0.253976
165   -0.243588
166   -0.233303
167   -0.223191
168   -0.213257
169   -0.203537
170   -0.194047
171   -0.184808
172   0.0945932
173   0.0726551
174   0.0383131
175   -0.000538384
176   -0.0454
177   -0.0897994
178   -0.133561
179   -0.174142
180   -0.211636
181   -0.2451
182   -0.274852
183   -0.300544
184   -0.32258
185   -0.34086
186   -0.355813
187   -0.367459
188   -0.376217
189   -0.382174
190   -0.385719
191   -0.386972
192   -0.386281
193   -0.383779
194   -0.379767
195   -0.374377
196   -0.367861
197   -0.360342
198   -0.352023
199   -0.343015
200   -0.333477
201   -0.323505
202   -0.313218
203   -0.302699
204   -0.292032
205   -0.281289
206   -0.270525
207   -0.2598
208   -0.24915
209   -0.238626
210   -0.228245
211   -0.218053
212   -0.208057
213   -0.198299
214   -0.18878
215   0.126407
216   0.104599
217   0.0705021
218   0.0296657
219   -0.017775
220   -0.0646
221   -0.112072
222   -0.155204
223   -0.196384
224   -0.232217
225   -0.265214
226   -0.292913
227   -0.317615
228   -0.337476
229   -0.354512
230   -0.367326
231   -0.377643
232   -0.384409
233   -0.389074
234   -0.390846
235   -0.390926
236   -0.388721
237   -0.385211
238   -0.379957
239   -0.373741
240   -0.366245
241   -0.35808
242   -0.349018
243   -0.339528
244   -0.329449
245   -0.319132
246   -0.308471
247   -0.297716
248   -0.286804
249   -0.275907
250   -0.264992
251   -0.254171
252   -0.243435
253   -0.232852
254   -0.222429
255   -0.212204
256   -0.202199
257   -0.192435
258   0.160068
259   0.142624
260   0.106912
261   0.0648459
262   0.0151835
263   -0.0350625
264   -0.084867
265   -0.131815
266   -0.17543
267   -0.214907
268   -0.250194
269   -0.281082
270   -0.307746
271   -0.330235
272   -0.348836
273   -0.36372
274   -0.375218
275   -0.383557
276   -0.389071
277   -0.392003
278   -0.392663
279   -0.391292
280   -0.388159
281   -0.383486
282   -0.377499
283   -0.370394
284   -0.362349
285   -0.353536
286   -0.344088
287   -0.334151
288   -0.323819
289   -0.313217
290   -0.302402
291   -0.291481
292   -0.280485
293   -0.269505
294   -0.258549
295   -0.247697
296   -0.236944
297   -0.226362
298   -0.215934
299   -0.205732
300   -0.195739
301   0.193695
302   0.176809
303   0.14337
304   0.100416
305   0.0491558
306   -0.00274592
307   -0.0556478
308   -0.104807
309   -0.151881
310   -0.193741
311   -0.232348
312   -0.265461
313   -0.295036
314   -0.31942
315   -0.340426
316   -0.356824
317   -0.370226
318   -0.379722
319   -0.386699
320   -0.390485
321   -0.392246
322   -0.39149
323   -0.38917
324   -0.384931
325   -0.379536
326   -0.372729
327   -0.365108
328   -0.356494
329   -0.347341
330   -0.337526
331   -0.327388
332   -0.316846
333   -0.306141
334   -0.295228
335   -0.28427
336   -0.273248
337   -0.262265
338   -0.251325
339   -0.240486
340   -0.229767
341   -0.219201
342   -0.20882
343   -0.198649
344   0.226619
345   0.216988
346   0.182797
347   0.140001
348   0.0880596
349   0.0329012
350   -0.0216194
351   -0.0743094
352   -0.123582
353   -0.168988
354   -0.209902
355   -0.246291
356   -0.277989
357   -0.305204
358   -0.32801
359   -0.346742
360   -0.361595
361   -0.372954
362   -0.381062
363   -0.386306
364   -0.388931
365   -0.389302
366   -0.387637
367   -0.384263
368   -0.379362
369   -0.373218
370   -0.365969
371   -0.357859
372   -0.348981
373   -0.339545
374   -0.329604
375   -0.319335
376   -0.308759
377   -0.298028
378   -0.287135
379   -0.276212
380   -0.265233
381   -0.254315
382   -0.243417
383   -0.232649
384   -0.221965
385   -0.211474
386   -0.201134
387   0.255769
388   0.245755
389   0.220239
390   0.180142
391   0.128034
392   0.0716551
393   0.0141019
394   -0.0406563
395   -0.0932378
396   -0.140971
397   -0.185168
398   -0.223837
399   -0.25853
400   -0.287777
401   -0.313154
402   -0.333593
403   -0.350567
404   -0.36331
405   -0.373126
406   -0.379471
407   -0.383455
408   -0.384694
409   -0.384106
410   -0.38142
411   -0.377372
412   -0.371776
413   -0.365204
414   -0.35753
415   -0.349189
416   -0.340097
417   -0.330573
418   -0.320568
419   -0.310306
420   -0.299763
421   -0.289089
422   -0.27828
423   -0.26743
424   -0.256552
425   -0.245698
426   -0.234898
427   -0.22418
428   -0.213588
429   -0.203152
430   0.282478
431   0.277168
432   0.255527
433   0.22311
434   0.16974
435   0.111262
436   0.0526939
437   -0.00496287
438   -0.0594331
439   -0.11042
440   -0.15679
441   -0.198638
442   -0.235435
443   -0.267543
444   -0.294788
445   -0.317674
446   -0.336229
447   -0.351003
448   -0.362122
449   -0.370129
450   -0.375178
451   -0.377771
452   -0.378055
453   -0.376475
454   -0.373147
455   -0.368456
456   -0.362481
457   -0.35555
458   -0.347703
459   -0.339217
460   -0.330096
461   -0.320577
462   -0.310633
463   -0.300465
464   -0.290024
465   -0.279486
466   -0.268783
467   -0.258075
468   -0.247282
469   -0.236556
470   -0.225814
471   -0.215212
472   -0.204677
473   0.306465
474   0.302991
475   0.28811
476   0.257984
477   0.209432
478   0.151935
479   0.091709
480   0.0327855
481   -0.0244192
482   -0.0773825
483   -0.126774
484   -0.170737
485   -0.210428
486   -0.244517
487   -0.274338
488   -0.298966
489   -0.319723
490   -0.33598
491   -0.348946
492   -0.3582
493   -0.364786
494   -0.36843
495   -0.369996
496   -0.369306
497   -0.367053
498   -0.363122
499   -0.358053
500   -0.351773
501   -0.344687
502   -0.336755
503   -0.328269
504   -0.31921
505   -0.309781
506   -0.299982
507   -0.289943
508   -0.279679
509   -0.269267
510   -0.258735
511   -0.248125
512   -0.237478
513   -0.226817
514   -0.216203
515   -0.205666
516   0.328239
517   0.32854
518   0.318653
519   0.297636
520   0.248711
521   0.191624
522   0.131796
523   0.0712208
524   0.0127852
525   -0.0428523
526   -0.0940569
527   -0.140899
528   -0.182487
529   -0.219295
530   -0.250888
531   -0.277931
532   -0.300262
533   -0.318602
534   -0.332935
535   -0.343963
536   -0.351733
537   -0.356888
538   -0.359484
539   -0.360087
540   -0.358736
541   -0.355919
542   -0.351642
543   -0.346321
544   -0.339929
545   -0.332817
546   -0.324929
547   -0.316562
548   -0.307635
549   -0.298403
550   -0.288764
551   -0.278945
552   -0.268828
553   -0.25862
554   -0.248195
555   -0.237754
556   -0.227172
557   -0.216656
558   -0.206101
559   0.347541
560   0.350748
561   0.345967
562   0.326443
563   0.285188
564   0.231158
565   0.171475
566   0.110749
567   0.0504388
568   -0.00656831
569   -0.0603187
570   -0.108897
571   -0.153099
572   -0.191662
573   -0.22569
574   -0.254367
575   -0.278862
576   -0.298669
577   -0.314889
578   -0.327222
579   -0.336631
580   -0.342949
581   -0.346975
582   -0.348621
583   -0.348526
584   -0.346647
585   -0.343475
586   -0.338995
587   -0.333571
588   -0.327206
589   -0.320157
590   -0.312438
591   -0.304224
592   -0.295535
593   -0.286482
594   -0.277095
595   -0.267434
596   -0.257541
597   -0.247445
598   -0.2372
599   -0.226824
600   -0.216391
601   -0.20594
602   0.36426
603   0.370458
604   0.37086
605   0.360983
606   0.320753
607   0.269633
608   0.21155
609   0.150292
610   0.0894563
611   0.030428
612   -0.0246057
613   -0.0756283
614   -0.121359
615   -0.16237
616   -0.197941
617   -0.228889
618   -0.25484
619   -0.276684
620   -0.294245
621   -0.308385
622   -0.319025
623   -0.326949
624   -0.332108
625   -0.335189
626   -0.336139
627   -0.335545
628   -0.333334
629   -0.330003
630   -0.325452
631   -0.320105
632   -0.313836
633   -0.307005
634   -0.299466
635   -0.291533
636   -0.283043
637   -0.274275
638   -0.265056
639   -0.255644
640   -0.245862
641   -0.235961
642   -0.225771
643   -0.215556
644   -0.205174
645   0.378247
646   0.387516
647   0.391718
648   0.383249
649   0.353493
650   0.30744
651   0.250996
652   0.190378
653   0.128408
654   0.0686957
655   0.011682
656   -0.0405605
657   -0.088524
658   -0.130947
659   -0.168714
660   -0.201086
661   -0.229075
662   -0.252283
663   -0.271695
664   -0.287126
665   -0.299445
666   -0.308588
667   -0.315277
668   -0.319511
669   -0.321859
670   -0.322349
671   -0.321413
672   -0.319091
673   -0.315695
674   -0.311269
675   -0.30603
676   -0.300022
677   -0.293385
678   -0.286162
679   -0.278437
680   -0.270256
681   -0.261659
682   -0.252701
683   -0.243396
684   -0.233812
685   -0.223959
686   -0.213929
687   -0.203765
688   0.389242
689   0.400544
690   0.409369
691   0.409988
692   0.384317
693   0.345498
694   0.290782
695   0.230069
696   0.168286
697   0.107147
698   0.0494953
699   -0.00471921
700   -0.0537548
701   -0.0983017
702   -0.137303
703   -0.171737
704   -0.200989
705   -0.226121
706   -0.246781
707   -0.263992
708   -0.277535
709   -0.28833
710   -0.296213
711   -0.301984
712   -0.305487
713   -0.307403
714   -0.307569
715   -0.306561
716   -0.304198
717   -0.300969
718   -0.296674
719   -0.291736
720   -0.285938
721   -0.27965
722   -0.272643
723   -0.265252
724   -0.25724
725   -0.24892
726   -0.240058
727   -0.23096
728   -0.221405
729   -0.211718
730   -0.201716
731   0.397386
732   0.411375
733   0.422486
734   0.425105
735   0.412169
736   0.379844
737   0.329081
738   0.269916
739   0.207717
740   0.146698
741   0.0876365
742   0.0327484
743   -0.018133
744   -0.06371
745   -0.104636
746   -0.140227
747   -0.171338
748   -0.197674
749   -0.220096
750   -0.238533
751   -0.253748
752   -0.26578
753   -0.275253
754   -0.282253
755   -0.287264
756   -0.290384
757   -0.291968
758   -0.292112
759   -0.291066
760   -0.288914
761   -0.285823
762   -0.281867
763   -0.277144
764   -0.271722
765   -0.26565
766   -0.258992
767   -0.251765
768   -0.244034
769   -0.235798
770   -0.227137
771   -0.218054
772   -0.208657
773   -0.198993
774   0.402403
775   0.417895
776   0.43224
777   0.440544
778   0.435891
779   0.417437
780   0.367309
781   0.308382
782   0.247737
783   0.185988
784   0.126988
785   0.0705666
786   0.0190638
787   -0.0283115
788   -0.0701317
789   -0.107539
790   -0.139673
791   -0.167775
792   -0.191309
793   -0.211456
794   -0.227851
795   -0.241542
796   -0.25224
797   -0.260844
798   -0.267094
799   -0.271749
800   -0.274553
801   -0.276149
802   -0.276272
803   -0.275471
804   -0.27347
805   -0.270745
806   -0.26701
807   -0.262685
808   -0.257476
809   -0.251767
810   -0.245261
811   -0.23832
812   -0.230652
813   -0.222618
814   -0.213945
815   -0.205017
816   -0.195614
817   0.404435
818   0.421878
819   0.438706
820   0.451435
821   0.455817
822   0.441681
823   0.401649
824   0.347075
825   0.287154
826   0.22637
827   0.166446
828   0.109831
829   0.0568381
830   0.00882245
831   -0.0346224
832   -0.0728843
833   -0.106654
834   -0.135761
835   -0.160927
836   -0.182206
837   -0.200229
838   -0.215147
839   -0.227462
840   -0.237349
841   -0.245184
842   -0.251136
843   -0.25547
844   -0.258335
845   -0.259909
846   -0.260317
847   -0.259665
848   -0.258059
849   -0.255552
850   -0.252231
851   -0.248111
852   -0.24327
853   -0.237698
854   -0.231473
855   -0.224576
856   -0.217096
857   -0.209027
858   -0.200495
859   -0.191551
860   0.403539
861   0.421614
862   0.441627
863   0.458502
864   0.471326
865   0.472025
866   0.433868
867   0.383075
868   0.326193
869   0.265763
870   0.206488
871   0.148828
872   0.095678
873   0.0462387
874   0.00228826
875   -0.0374938
876   -0.0720063
877   -0.102677
878   -0.128789
879   -0.151672
880   -0.170811
881   -0.187362
882   -0.200911
883   -0.212435
884   -0.221568
885   -0.229129
886   -0.234772
887   -0.23919
888   -0.24204
889   -0.243917
890   -0.244475
891   -0.244232
892   -0.242836
893   -0.24075
894   -0.237619
895   -0.233867
896   -0.22914
897   -0.223844
898   -0.217631
899   -0.210911
900   -0.203361
901   -0.195423
902   -0.186837
903   0.400201
904   0.419942
905   0.441647
906   0.463074
907   0.481456
908   0.484784
909   0.461461
910   0.418051
911   0.363928
912   0.30545
913   0.245963
914   0.188754
915   0.134606
916   0.0850279
917   0.0398363
918   -0.000436762
919   -0.0363088
920   -0.067758
921   -0.0953337
922   -0.119237
923   -0.139929
924   -0.157681
925   -0.172838
926   -0.185674
927   -0.196429
928   -0.205349
929   -0.212591
930   -0.218362
931   -0.222753
932   -0.225936
933   -0.227949
934   -0.22893
935   -0.22888
936   -0.22791
937   -0.225993
938   -0.223225
939   -0.219562
940   -0.215094
941   -0.209782
942   -0.203724
943   -0.196903
944   -0.189462
945   -0.181453
946   0.394406
947   0.413875
948   0.437952
949   0.461393
950   0.486245
951   0.502675
952   0.484797
953   0.451005
954   0.400511
955   0.343275
956   0.285233
957   0.227602
958   0.173953
959   0.123423
960   0.0782085
961   0.0367723
962   0.000478102
963   -0.0322917
964   -0.0606344
965   -0.0860004
966   -0.10773
967   -0.127049
968   -0.143428
969   -0.157887
970   -0.169965
971   -0.180516
972   -0.189116
973   -0.196487
974   -0.20222
975   -0.206939
976   -0.210239
977   -0.212668
978   -0.213818
979   -0.214183
980   -0.213352
981   -0.211783
982   -0.209067
983   -0.205646
984   -0.201121
985   -0.195942
986   -0.189741
987   -0.183009
988   -0.17545
989   0.38676
990   0.407393
991   0.431648
992   0.457982
993   0.484465
994   0.502793
995   0.503224
996   0.478779
997   0.434132
998   0.380267
999   0.323001
1000   0.266771
1001   0.212755
1002   0.162696
1003   0.116698
1004   0.0751731
1005   0.0378434
1006   0.00453098
1007   -0.0250701
1008   -0.0513395
1009   -0.0745044
1010   -0.0949786
1011   -0.112905
1012   -0.128668
1013   -0.142346
1014   -0.154271
1015   -0.164471
1016   -0.173226
1017   -0.180525
1018   -0.186595
1019   -0.191397
1020   -0.195109
1021   -0.197672
1022   -0.199225
1023   -0.199693
1024   -0.19919
1025   -0.197637
1026   -0.195136
1027   -0.191618
1028   -0.187195
1029   -0.181834
1030   -0.175689
1031   -0.168818
1032   0.377136
1033   0.396753
1034   0.422038
1035   0.448478
1036   0.477747
1037   0.501884
1038   0.512243
1039   0.507229
1040   0.465725
1041   0.41399
1042   0.359834
1043   0.303873
1044   0.251161
1045   0.200654
1046   0.155171
1047   0.112892
1048   0.0754765
1049   0.0411332
1050   0.0109512
1051   -0.0165877
1052   -0.0406928
1053   -0.0626042
1054   -0.0816987
1055   -0.0989945
1056   -0.113964
1057   -0.127459
1058   -0.139003
1059   -0.149323
1060   -0.157966
1061   -0.165564
1062   -0.171672
1063   -0.176851
1064   -0.180651
1065   -0.183583
1066   -0.185192
1067   -0.185957
1068   -0.185421
1069   -0.184052
1070   -0.181402
1071   -0.177955
1072   -0.173298
1073   -0.167965
1074   -0.161625
1075   0.366134
1076   0.386031
1077   0.410144
1078   0.437376
1079   0.466821
1080   0.494086
1081   0.514864
1082   0.515951
1083   0.490522
1084   0.446169
1085   0.394233
1086   0.340582
1087   0.288104
1088   0.238692
1089   0.192951
1090   0.150993
1091   0.11293
1092   0.0782785
1093   0.0471053
1094   0.0187999
1095   -0.00654527
1096   -0.0295165
1097   -0.0500048
1098   -0.068528
1099   -0.084972
1100   -0.0997762
1101   -0.112824
1102   -0.124479
1103   -0.13462
1104   -0.143539
1105   -0.151113
1106   -0.157568
1107   -0.162778
1108   -0.166915
1109   -0.169852
1110   -0.171722
1111   -0.172406
1112   -0.172014
1113   -0.170449
1114   -0.167828
1115   -0.1641
1116   -0.159429
1117   -0.153871
1118   0.3538
1119   0.37196
1120   0.39588
1121   0.421566
1122   0.451758
1123   0.480053
1124   0.508252
1125   0.52681
1126   0.507695
1127   0.473041
1128   0.425405
1129   0.373198
1130   0.323003
1131   0.273887
1132   0.229299
1133   0.187136
1134   0.14935
1135   0.114064
1136   0.0825272
1137   0.0532576
1138   0.0271329
1139   0.00297929
1140   -0.018536
1141   -0.0383725
1142   -0.0559811
1143   -0.0721696
1144   -0.0864505
1145   -0.0995204
1146   -0.110917
1147   -0.121255
1148   -0.130074
1149   -0.137926
1150   -0.144342
1151   -0.149831
1152   -0.153908
1153   -0.157058
1154   -0.158785
1155   -0.159569
1156   -0.158921
1157   -0.157344
1158   -0.15438
1159   -0.150602
1160   -0.145642
1161   0.340863
1162   0.358734
1163   0.380657
1164   0.406001
1165   0.434602
1166   0.464429
1167   0.493519
1168   0.514064
1169   0.517122
1170   0.492422
1171   0.451123
1172   0.403369
1173   0.354731
1174   0.307689
1175   0.263646
1176   0.222287
1177   0.184401
1178   0.149091
1179   0.116981
1180   0.087171
1181   0.0601625
1182   0.0351625
1183   0.0125692
1184   -0.00829083
1185   -0.0270968
1186   -0.0444092
1187   -0.0599592
1188   -0.074205
1189   -0.0869108
1190   -0.098443
1191   -0.108586
1192   -0.117625
1193   -0.125359
1194   -0.132
1195   -0.137362
1196   -0.141601
1197   -0.144549
1198   -0.146327
1199   -0.1468
1200   -0.146087
1201   -0.144115
1202   -0.141052
1203   -0.136949
1204   0.327392
1205   0.343338
1206   0.364399
1207   0.387414
1208   0.41519
1209   0.443082
1210   0.473172
1211   0.497681
1212   0.509271
1213   0.507112
1214   0.471352
1215   0.426647
1216   0.382164
1217   0.336443
1218   0.294373
1219   0.253627
1220   0.21648
1221   0.181181
1222   0.149054
1223   0.118822
1224   0.0913532
1225   0.0656427
1226   0.0423241
1227   0.0205604
1228   0.000864951
1229   -0.0174828
1230   -0.0340252
1231   -0.049397
1232   -0.0631578
1233   -0.0758773
1234   -0.0871084
1235   -0.0973718
1236   -0.1062
1237   -0.114078
1238   -0.120513
1239   -0.125972
1240   -0.129937
1241   -0.132882
1242   -0.134281
1243   -0.134642
1244   -0.133468
1245   -0.131351
1246   -0.127892
1247   0.313991
1248   0.329383
1249   0.348179
1250   0.370036
1251   0.394947
1252   0.421761
1253   0.449181
1254   0.474286
1255   0.492835
1256   0.496062
1257   0.481644
1258   0.44499
1259   0.404206
1260   0.361514
1261   0.321187
1262   0.281855
1263   0.245514
1264   0.210678
1265   0.17872
1266   0.148409
1267   0.120694
1268   0.0945709
1269   0.0707234
1270   0.0483263
1271   0.027901
1272   0.00876909
1273   -0.00864995
1274   -0.0249103
1275   -0.0396572
1276   -0.0533363
1277   -0.0656351
1278   -0.0769024
1279   -0.0868556
1280   -0.0957562
1281   -0.103347
1282   -0.109816
1283   -0.114936
1284   -0.118841
1285   -0.121348
1286   -0.122577
1287   -0.122421
1288   -0.121045
1289   -0.11849
1290   0.300656
1291   0.314294
1292   0.331921
1293   0.351228
1294   0.374326
1295   0.397916
1296   0.423583
1297   0.446435
1298   0.467486
1299   0.480271
1300   0.472012
1301   0.451861
1302   0.416694
1303   0.377867
1304   0.340873
1305   0.303837
1306   0.269031
1307   0.235399
1308   0.204099
1309   0.174303
1310   0.146729
1311   0.120655
1312   0.0966051
1313   0.0739296
1314   0.0530614
1315   0.0334119
1316   0.0153776
1317   -0.00158018
1318   -0.017068
1319   -0.0315836
1320   -0.044715
1321   -0.0569282
1322   -0.0677775
1323   -0.0777073
1324   -0.0862299
1325   -0.0937815
1326   -0.0998332
1327   -0.104834
1328   -0.10823
1329   -0.110517
1330   -0.111158
1331   -0.11075
1332   -0.108859
1333   0.287779
1334   0.300785
1335   0.31632
1336   0.334177
1337   0.354257
1338   0.375909
1339   0.397993
1340   0.41971
1341   0.438099
1342   0.452045
1343   0.454682
1344   0.441953
1345   0.419953
1346   0.386923
1347   0.354425
1348   0.320028
1349   0.287693
1350   0.255547
1351   0.225659
1352   0.196642
1353   0.169793
1354   0.144014
1355   0.120212
1356   0.0974852
1357   0.0765225
1358   0.0565704
1359   0.0381857
1360   0.0207398
1361   0.00470374
1362   -0.01044
1363   -0.0242784
1364   -0.0372262
1365   -0.0489129
1366   -0.059656
1367   -0.0691205
1368   -0.0775339
1369   -0.0845996
1370   -0.0904712
1371   -0.094906
1372   -0.0980217
1373   -0.0996654
1374   -0.0999947
1375   -0.0990265
1376   0.275283
1377   0.286887
1378   0.301268
1379   0.316926
1380   0.33515
1381   0.353914
1382   0.37395
1383   0.392773
1384   0.41012
1385   0.423019
1386   0.428489
1387   0.425458
1388   0.408598
1389   0.385247
1390   0.357515
1391   0.328312
1392   0.298873
1393   0.269718
1394   0.241583
1395   0.214336
1396   0.188494
1397   0.163715
1398   0.140405
1399   0.118157
1400   0.0973182
1401   0.0774695
1402   0.0589408
1403   0.041317
1404   0.0249353
1405   0.00939303
1406   -0.0049469
1407   -0.0184749
1408   -0.0307864
1409   -0.042264
1410   -0.052449
1411   -0.0617256
1412   -0.069575
1413   -0.0764021
1414   -0.0816383
1415   -0.0857447
1416   -0.0881482
1417   -0.0894305
1418   -0.0891183
1419   0.263358
1420   0.274346
1421   0.287043
1422   0.301334
1423   0.317073
1424   0.333928
1425   0.350956
1426   0.367881
1427   0.382457
1428   0.394679
1429   0.400397
1430   0.400892
1431   0.391957
1432   0.375164
1433   0.354247
1434   0.329731
1435   0.304673
1436   0.278479
1437   0.253132
1438   0.227735
1439   0.203659
1440   0.179995
1441   0.157761
1442   0.136115
1443   0.115863
1444   0.0962498
1445   0.0779448
1446   0.0602853
1447   0.0438484
1448   0.0280631
1449   0.0134417
1450   -0.000493559
1451   -0.0132802
1452   -0.0252995
1453   -0.0361316
1454   -0.0460582
1455   -0.0547036
1456   -0.0622545
1457   -0.0683948
1458   -0.0732453
1459   -0.0765909
1460   -0.0785713
1461   -0.0791672
1462   0.251897
1463   0.261828
1464   0.273515
1465   0.286097
1466   0.300244
1467   0.314833
1468   0.330036
1469   0.344594
1470   0.357883
1471   0.368741
1472   0.375329
1473   0.377476
1474   0.37205
1475   0.361053
1476   0.344883
1477   0.32569
1478   0.304402
1479   0.282071
1480   0.259369
1481   0.236633
1482   0.214332
1483   0.192455
1484   0.171359
1485   0.15087
1486   0.131289
1487   0.112369
1488   0.09439
1489   0.0770711
1490   0.0606985
1491   0.0449761
1492   0.0302136
1493   0.0161089
1494   0.0030122
1495   -0.00938347
1496   -0.0206702
1497   -0.0311651
1498   -0.0403868
1499   -0.0486776
1500   -0.0554786
1501   -0.0611927
1502   -0.0652191
1503   -0.068098
1504   -0.0693095
1505   0.240961
1506   0.250311
1507   0.260718
1508   0.272128
1509   0.284391
1510   0.29736
1511   0.310321
1512   0.323217
1513   0.334557
1514   0.344501
1515   0.350779
1516   0.353831
1517   0.351447
1518   0.344128
1519   0.332635
1520   0.317522
1521   0.30045
1522   0.281423
1523   0.261961
1524   0.241639
1525   0.221693
1526   0.201497
1527   0.182061
1528   0.16269
1529   0.14424
1530   0.126016
1531   0.108761
1532   0.0918191
1533   0.0758534
1534   0.0602608
1535   0.0456453
1536   0.031472
1537   0.0182952
1538   0.00566191
1539   -0.00591861
1540   -0.0168024
1541   -0.0265268
1542   -0.0353381
1543   -0.0428342
1544   -0.0491581
1545   -0.0540117
1546   -0.0575123
1547   -0.0595821
1548   0.230455
1549   0.239007
1550   0.248559
1551   0.25868
1552   0.269657
1553   0.28092
1554   0.292414
1555   0.30352
1556   0.313707
1557   0.322435
1558   0.328603
1559   0.331978
1560   0.331167
1561   0.326638
1562   0.318198
1563   0.306819
1564   0.292954
1565   0.277382
1566   0.26062
1567   0.243088
1568   0.225212
1569   0.207139
1570   0.189208
1571   0.171399
1572   0.153996
1573   0.136885
1574   0.12032
1575   0.104136
1576   0.0885803
1577   0.0734589
1578   0.0590317
1579   0.0450867
1580   0.0319128
1581   0.0192851
1582   0.00754127
1583   -0.00355895
1584   -0.0136046
1585   -0.0228621
1586   -0.0308228
1587   -0.0378096
1588   -0.0432199
1589   -0.0475176
1590   -0.0501279
1591   0.220385
1592   0.228393
1593   0.236985
1594   0.246142
1595   0.255729
1596   0.265707
1597   0.275568
1598   0.285355
1599   0.294098
1600   0.301955
1601   0.307572
1602   0.311169
1603   0.311514
1604   0.308833
1605   0.303029
1606   0.294381
1607   0.2836
1608   0.270763
1609   0.256845
1610   0.241636
1611   0.22612
1612   0.209866
1613   0.193793
1614   0.177341
1615   0.161356
1616   0.145218
1617   0.129708
1618   0.114191
1619   0.0993931
1620   0.0846961
1621   0.0707796
1622   0.057061
1623   0.044179
1624   0.0316063
1625   0.0199416
1626   0.00873447
1627   -0.00146031
1628   -0.0109875
1629   -0.0193495
1630   -0.0267568
1631   -0.0328079
1632   -0.0376088
1633   -0.0409874
1634   0.210688
1635   0.218075
1636   0.225955
1637   0.234149
1638   0.242732
1639   0.25145
1640   0.26018
1641   0.268629
1642   0.276419
1643   0.283261
1644   0.288525
1645   0.292003
1646   0.293018
1647   0.291606
1648   0.287537
1649   0.281139
1650   0.272591
1651   0.262289
1652   0.250571
1653   0.237732
1654   0.224118
1655   0.209886
1656   0.195345
1657   0.180539
1658   0.165735
1659   0.150899
1660   0.136269
1661   0.121761
1662   0.107598
1663   0.0936637
1664   0.0801803
1665   0.0670131
1666   0.0543946
1667   0.0421773
1668   0.0306215
1669   0.0195663
1670   0.00932419
1671   -0.000287417
1672   -0.00886654
1673   -0.0166403
1674   -0.0230703
1675   -0.0285023
1676   -0.0323083
1677   0.201354
1678   0.208242
1679   0.215401
1680   0.222827
1681   0.230403
1682   0.23815
1683   0.245705
1684   0.253164
1685   0.259875
1686   0.266006
1687   0.270693
1688   0.27412
1689   0.275494
1690   0.274973
1691   0.272261
1692   0.267492
1693   0.260906
1694   0.252521
1695   0.242916
1696   0.231927
1697   0.220293
1698   0.207671
1699   0.194855
1700   0.181368
1701   0.168009
1702   0.154213
1703   0.140766
1704   0.127058
1705   0.113849
1706   0.100514
1707   0.0877882
1708   0.0750528
1709   0.063016
1710   0.0510847
1711   0.0399398
1712   0.0290315
1713   0.0190092
1714   0.00939423
1715   0.000790238
1716   -0.00716058
1717   -0.013936
1718   -0.0197015
1719   -0.0241343
1720   0.192349
1721   0.198739
1722   0.205321
1723   0.212036
1724   0.218862
1725   0.225704
1726   0.232433
1727   0.23892
1728   0.244907
1729   0.250237
1730   0.254546
1731   0.257677
1732   0.259269
1733   0.259241
1734   0.257422
1735   0.25387
1736   0.248646
1737   0.241894
1738   0.233822
1739   0.224577
1740   0.214423
1741   0.20346
1742   0.191955
1743   0.179952
1744   0.167696
1745   0.155182
1746   0.142636
1747   0.130015
1748   0.117526
1749   0.105103
1750   0.0929417
1751   0.0809622
1752   0.0693558
1753   0.058036
1754   0.0471997
1755   0.0367556
1756   0.0269193
1757   0.0175923
1758   0.00903249
1759   0.00111822
1760   -0.00579472
1761   -0.0119097
1762   -0.0166159
1763   0.183658
1764   0.189608
1765   0.195648
1766   0.201778
1767   0.207893
1768   0.214044
1769   0.21995
1770   0.225742
1771   0.230937
1772   0.235734
1773   0.239511
1774   0.242476
1775   0.244046
1776   0.244379
1777   0.24316
1778   0.240468
1779   0.23635
1780   0.230769
1781   0.224084
1782   0.216112
1783   0.207423
1784   0.197686
1785   0.187592
1786   0.176688
1787   0.165722
1788   0.154155
1789   0.142755
1790   0.130927
1791   0.119441
1792   0.107672
1793   0.0963803
1794   0.0849314
1795   0.0740724
1796   0.0631727
1797   0.0529669
1798   0.0428372
1799   0.0335082
1800   0.0243831
1801   0.0161762
1802   0.00832732
1803   0.00152317
1804   -0.00470019
1805   -0.00979943
1806   0.175267
1807   0.180808
1808   0.186397
1809   0.19201
1810   0.197603
1811   0.203124
1812   0.208478
1813   0.213581
1814   0.218277
1815   0.22245
1816   0.225899
1817   0.228494
1818   0.230041
1819   0.23044
1820   0.229583
1821   0.22744
1822   0.224024
1823   0.219377
1824   0.213607
1825   0.206794
1826   0.199097
1827   0.1906
1828   0.181476
1829   0.171795
1830   0.161722
1831   0.151305
1832   0.140695
1833   0.129921
1834   0.119119
1835   0.108299
1836   0.0975887
1837   0.0869876
1838   0.0766135
1839   0.0664633
1840   0.0566504
1841   0.047172
1842   0.0381419
1843   0.0295619
1844   0.021549
1845   0.0141134
1846   0.00737776
1847   0.00136281
1848   -0.00381883
