##### Y Mean #####
0   0.00442848
1   -0.0281245
2   -0.0663015
3   -0.108556
4   -0.154034
5   -0.200819
6   -0.248235
7   -0.294433
8   -0.3388
9   -0.379085
10   -0.415777
11   -0.44806
12   -0.476465
13   -0.500653
14   -0.520929
15   -0.53717
16   -0.549575
17   -0.558138
18   -0.563157
19   -0.564819
20   -0.563425
21   -0.559301
22   -0.552644
23   -0.543811
24   -0.532998
25   -0.520629
26   -0.506931
27   -0.492358
28   -0.477073
29   -0.461433
30   -0.445535
31   -0.429627
32   -0.413752
33   -0.398051
34   -0.382534
35   -0.367273
36   -0.352271
37   -0.337567
38   -0.323169
39   -0.309103
40   -0.29538
41   -0.282019
42   -0.269032
43   0.0352003
44   0.00218866
45   -0.0393642
46   -0.0837403
47   -0.134649
48   -0.184086
49   -0.237639
50   -0.28642
51   -0.337881
52   -0.379766
53   -0.421893
54   -0.456003
55   -0.488456
56   -0.514583
57   -0.53777
58   -0.555655
59   -0.570087
60   -0.579733
61   -0.585938
62   -0.588297
63   -0.587302
64   -0.583573
65   -0.576664
66   -0.567773
67   -0.556124
68   -0.543272
69   -0.528323
70   -0.51305
71   -0.4964
72   -0.479947
73   -0.462738
74   -0.445994
75   -0.428971
76   -0.412461
77   -0.395967
78   -0.379937
79   -0.364094
80   -0.348666
81   -0.333531
82   -0.318793
83   -0.304418
84   -0.290446
85   -0.276882
86   0.0715821
87   0.0408029
88   -0.00165908
89   -0.0487642
90   -0.102034
91   -0.155914
92   -0.21169
93   -0.265242
94   -0.318648
95   -0.367903
96   -0.413312
97   -0.453819
98   -0.489941
99   -0.52089
100   -0.547365
101   -0.568515
102   -0.585305
103   -0.597418
104   -0.605459
105   -0.609641
106   -0.610078
107   -0.607218
108   -0.601046
109   -0.592087
110   -0.580457
111   -0.566808
112   -0.551338
113   -0.534805
114   -0.517302
115   -0.499394
116   -0.481161
117   -0.463007
118   -0.444966
119   -0.427229
120   -0.409795
121   -0.392729
122   -0.376035
123   -0.359731
124   -0.343834
125   -0.328348
126   -0.313299
127   -0.298686
128   -0.284535
129   0.112308
130   0.0823468
131   0.0404984
132   -0.00775592
133   -0.0641005
134   -0.119932
135   -0.1795
136   -0.235219
137   -0.292114
138   -0.344719
139   -0.396465
140   -0.440249
141   -0.483318
142   -0.516851
143   -0.549867
144   -0.573059
145   -0.594685
146   -0.609223
147   -0.620627
148   -0.627435
149   -0.630061
150   -0.629128
151   -0.623939
152   -0.615848
153   -0.604175
154   -0.590569
155   -0.574216
156   -0.557184
157   -0.538328
158   -0.519463
159   -0.499688
160   -0.480432
161   -0.460988
162   -0.442187
163   -0.423564
164   -0.40553
165   -0.387839
166   -0.370675
167   -0.353938
168   -0.337702
169   -0.321944
170   -0.306687
171   -0.291937
172   0.156759
173   0.131429
174   0.0895553
175   0.04142
176   -0.01643
177   -0.0750995
178   -0.136578
179   -0.19579
180   -0.255133
181   -0.311265
182   -0.36506
183   -0.414098
184   -0.459274
185   -0.499248
186   -0.534962
187   -0.565696
188   -0.591487
189   -0.612475
190   -0.628581
191   -0.639767
192   -0.646337
193   -0.647786
194   -0.644989
195   -0.637974
196   -0.627373
197   -0.614027
198   -0.597866
199   -0.579963
200   -0.560409
201   -0.539982
202   -0.519014
203   -0.49808
204   -0.477418
205   -0.45715
206   -0.437421
207   -0.418174
208   -0.399516
209   -0.381361
210   -0.363793
211   -0.346742
212   -0.330281
213   -0.314353
214   -0.299017
215   0.203025
216   0.179018
217   0.139743
218   0.0910499
219   0.0326564
220   -0.0273732
221   -0.0909361
222   -0.15207
223   -0.213684
224   -0.271715
225   -0.327988
226   -0.379594
227   -0.428096
228   -0.471392
229   -0.511594
230   -0.546338
231   -0.579191
232   -0.603603
233   -0.627897
234   -0.641319
235   -0.655494
236   -0.658423
237   -0.660719
238   -0.655439
239   -0.64705
240   -0.635457
241   -0.619628
242   -0.602129
243   -0.581497
244   -0.560238
245   -0.537594
246   -0.515494
247   -0.493278
248   -0.471832
249   -0.450792
250   -0.430482
251   -0.410745
252   -0.391674
253   -0.373219
254   -0.355398
255   -0.338207
256   -0.32164
257   -0.305704
258   0.25054
259   0.232901
260   0.193457
261   0.145826
262   0.0866448
263   0.0251442
264   -0.0396635
265   -0.1031
266   -0.166402
267   -0.226736
268   -0.284865
269   -0.339004
270   -0.389676
271   -0.43591
272   -0.478389
273   -0.516411
274   -0.550968
275   -0.580596
276   -0.606377
277   -0.627101
278   -0.643682
279   -0.655674
280   -0.662433
281   -0.664789
282   -0.661435
283   -0.653256
284   -0.640251
285   -0.622672
286   -0.602019
287   -0.579517
288   -0.555887
289   -0.532055
290   -0.508686
291   -0.485698
292   -0.463578
293   -0.442034
294   -0.421363
295   -0.401311
296   -0.382065
297   -0.36345
298   -0.345597
299   -0.328382
300   -0.311901
301   0.296942
302   0.280765
303   0.245648
304   0.198427
305   0.139895
306   0.0779762
307   0.0121093
308   -0.0524613
309   -0.117401
310   -0.179092
311   -0.239097
312   -0.294774
313   -0.34757
314   -0.395546
315   -0.440204
316   -0.480059
317   -0.516467
318   -0.548598
319   -0.576977
320   -0.601333
321   -0.622335
322   -0.639035
323   -0.653992
324   -0.660395
325   -0.667126
326   -0.660943
327   -0.655035
328   -0.638094
329   -0.618545
330   -0.596361
331   -0.571664
332   -0.547207
333   -0.522457
334   -0.498449
335   -0.475142
336   -0.452659
337   -0.431023
338   -0.410167
339   -0.390127
340   -0.370839
341   -0.352326
342   -0.334551
343   -0.317518
344   0.341586
345   0.333982
346   0.299252
347   0.254191
348   0.196266
349   0.13324
350   0.0670321
351   0.000872161
352   -0.0650583
353   -0.128516
354   -0.189752
355   -0.247254
356   -0.301397
357   -0.351233
358   -0.397312
359   -0.439016
360   -0.477101
361   -0.511143
362   -0.541623
363   -0.568379
364   -0.591735
365   -0.611501
366   -0.628301
367   -0.640688
368   -0.649394
369   -0.653074
370   -0.650943
371   -0.644126
372   -0.628944
373   -0.609037
374   -0.585308
375   -0.559547
376   -0.534223
377   -0.508963
378   -0.48499
379   -0.461597
380   -0.439329
381   -0.417746
382   -0.397133
383   -0.377235
384   -0.358213
385   -0.33991
386   -0.322433
387   0.381283
388   0.373991
389   0.34909
390   0.307567
391   0.251485
392   0.188527
393   0.121466
394   0.0546028
395   -0.0125641
396   -0.0769891
397   -0.139645
398   -0.19823
399   -0.253858
400   -0.304866
401   -0.352418
402   -0.395411
403   -0.434923
404   -0.470366
405   -0.502415
406   -0.530784
407   -0.555906
408   -0.577534
409   -0.595958
410   -0.61133
411   -0.623077
412   -0.631518
413   -0.636623
414   -0.634796
415   -0.631103
416   -0.61322
417   -0.5935
418   -0.568145
419   -0.542507
420   -0.516986
421   -0.492522
422   -0.468727
423   -0.445966
424   -0.423962
425   -0.402879
426   -0.382578
427   -0.363115
428   -0.344432
429   -0.326537
430   0.417371
431   0.415858
432   0.395342
433   0.362585
434   0.306472
435   0.243412
436   0.176664
437   0.108936
438   0.0412967
439   -0.0244051
440   -0.0878613
441   -0.147841
442   -0.204399
443   -0.256805
444   -0.305375
445   -0.349734
446   -0.390364
447   -0.427093
448   -0.460333
449   -0.489999
450   -0.516426
451   -0.539504
452   -0.559699
453   -0.576838
454   -0.591022
455   -0.602051
456   -0.609754
457   -0.613168
458   -0.612401
459   -0.60605
460   -0.589766
461   -0.569577
462   -0.545565
463   -0.520536
464   -0.496639
465   -0.472965
466   -0.450273
467   -0.428182
468   -0.406983
469   -0.386485
470   -0.36681
471   -0.347858
472   -0.329695
473   0.449397
474   0.449995
475   0.437165
476   0.407389
477   0.357451
478   0.296437
479   0.230027
480   0.162414
481   0.0941142
482   0.0279046
483   -0.0365866
484   -0.0972963
485   -0.154983
486   -0.208219
487   -0.257904
488   -0.303164
489   -0.344846
490   -0.382512
491   -0.416767
492   -0.447469
493   -0.474958
494   -0.499339
495   -0.520709
496   -0.539475
497   -0.55515
498   -0.568267
499   -0.577805
500   -0.584489
501   -0.586678
502   -0.585298
503   -0.578249
504   -0.562013
505   -0.542964
506   -0.51987
507   -0.497228
508   -0.474277
509   -0.452091
510   -0.430314
511   -0.409285
512   -0.388866
513   -0.369157
514   -0.350126
515   -0.331794
516   0.478002
517   0.483135
518   0.47551
519   0.455508
520   0.406201
521   0.347208
522   0.28236
523   0.214967
524   0.146835
525   0.079897
526   0.0150267
527   -0.0467124
528   -0.104984
529   -0.159304
530   -0.209682
531   -0.255992
532   -0.29844
533   -0.337089
534   -0.372184
535   -0.403866
536   -0.432362
537   -0.457832
538   -0.480492
539   -0.500469
540   -0.517742
541   -0.532351
542   -0.544042
543   -0.552814
544   -0.558037
545   -0.559756
546   -0.556136
547   -0.547523
548   -0.531648
549   -0.513103
550   -0.492633
551   -0.471725
552   -0.450669
553   -0.429873
554   -0.409413
555   -0.389443
556   -0.369958
557   -0.351058
558   -0.332714
559   0.502859
560   0.51091
561   0.509099
562   0.491159
563   0.450373
564   0.395208
565   0.33217
566   0.265858
567   0.197752
568   0.130853
569   0.0653544
570   0.00327464
571   -0.0558226
572   -0.11065
573   -0.161884
574   -0.2088
575   -0.252076
576   -0.291413
577   -0.327325
578   -0.35983
579   -0.389202
580   -0.415717
581   -0.439362
582   -0.460626
583   -0.479068
584   -0.495315
585   -0.5085
586   -0.519392
587   -0.526603
588   -0.530931
589   -0.530319
590   -0.525634
591   -0.515423
592   -0.500771
593   -0.483882
594   -0.465317
595   -0.446221
596   -0.426741
597   -0.407338
598   -0.388074
599   -0.369113
600   -0.350522
601   -0.332363
602   0.524055
603   0.535607
604   0.538991
605   0.531022
606   0.49199
607   0.440914
608   0.380413
609   0.315181
610   0.247813
611   0.180677
612   0.115253
613   0.0524966
614   -0.00682547
615   -0.0624669
616   -0.114096
617   -0.161846
618   -0.205641
619   -0.245806
620   -0.282374
621   -0.315743
622   -0.345965
623   -0.373449
624   -0.398188
625   -0.420559
626   -0.440373
627   -0.457967
628   -0.472888
629   -0.485473
630   -0.494833
631   -0.501382
632   -0.503555
633   -0.502255
634   -0.495322
635   -0.484977
636   -0.471147
637   -0.455668
638   -0.438644
639   -0.421082
640   -0.402949
641   -0.384808
642   -0.366547
643   -0.348547
644   -0.330681
645   0.541421
646   0.555903
647   0.563603
648   0.557443
649   0.529238
650   0.483678
651   0.42613
652   0.362575
653   0.295735
654   0.229176
655   0.16352
656   0.100848
657   0.0409877
658   -0.014838
659   -0.0671108
660   -0.115214
661   -0.159686
662   -0.200351
663   -0.237637
664   -0.271687
665   -0.302716
666   -0.331097
667   -0.356775
668   -0.380275
669   -0.401212
670   -0.420196
671   -0.436499
672   -0.450748
673   -0.461868
674   -0.47039
675   -0.475034
676   -0.476183
677   -0.472932
678   -0.465803
679   -0.455543
680   -0.442812
681   -0.428414
682   -0.412779
683   -0.396371
684   -0.379451
685   -0.362233
686   -0.344916
687   -0.327617
688   0.554897
689   0.571754
690   0.583978
691   0.586999
692   0.5632
693   0.525479
694   0.470421
695   0.408139
696   0.342561
697   0.276147
698   0.211063
699   0.148031
700   0.088313
701   0.0319064
702   -0.0204798
703   -0.0692424
704   -0.114016
705   -0.15539
706   -0.19317
707   -0.228005
708   -0.259749
709   -0.289036
710   -0.315665
711   -0.340222
712   -0.36235
713   -0.382585
714   -0.400321
715   -0.41607
716   -0.428871
717   -0.439277
718   -0.445932
719   -0.449622
720   -0.448874
721   -0.445045
722   -0.437544
723   -0.427861
724   -0.415781
725   -0.402464
726   -0.387725
727   -0.372391
728   -0.35624
729   -0.339915
730   -0.323191
731   0.564617
732   0.583944
733   0.598855
734   0.604087
735   0.592915
736   0.561842
737   0.511647
738   0.451731
739   0.387139
740   0.321912
741   0.256956
742   0.194417
743   0.134399
744   0.0781086
745   0.0252597
746   -0.0236173
747   -0.0689312
748   -0.110621
749   -0.149027
750   -0.184396
751   -0.216886
752   -0.246934
753   -0.274456
754   -0.299994
755   -0.323187
756   -0.344604
757   -0.363615
758   -0.380732
759   -0.395099
760   -0.4071
761   -0.415806
762   -0.421475
763   -0.423488
764   -0.422185
765   -0.417708
766   -0.410551
767   -0.401126
768   -0.389888
769   -0.377174
770   -0.363339
771   -0.348589
772   -0.333221
773   -0.317394
774   0.570491
775   0.591511
776   0.60955
777   0.620614
778   0.61754
779   0.600164
780   0.551301
781   0.492763
782   0.430547
783   0.365923
784   0.302061
785   0.23942
786   0.179874
787   0.1232
788   0.0705075
789   0.0211393
790   -0.0242558
791   -0.0665234
792   -0.10525
793   -0.14131
794   -0.174367
795   -0.205247
796   -0.233574
797   -0.260093
798   -0.284303
799   -0.306866
800   -0.327078
801   -0.345544
802   -0.361301
803   -0.374955
804   -0.385319
805   -0.393126
806   -0.397197
807   -0.398554
808   -0.396419
809   -0.391982
810   -0.384764
811   -0.375877
812   -0.364948
813   -0.352922
814   -0.339447
815   -0.32535
816   -0.310314
817   0.572671
818   0.595408
819   0.616122
820   0.631497
821   0.637413
822   0.624528
823   0.585958
824   0.532218
825   0.471838
826   0.409041
827   0.345582
828   0.283764
829   0.224111
830   0.167841
831   0.114869
832   0.0656355
833   0.0198561
834   -0.0225294
835   -0.0617651
836   -0.0982028
837   -0.131921
838   -0.163424
839   -0.192574
840   -0.219931
841   -0.245128
842   -0.268706
843   -0.290089
844   -0.309733
845   -0.326909
846   -0.34195
847   -0.35411
848   -0.36363
849   -0.36998
850   -0.373434
851   -0.373867
852   -0.371644
853   -0.366895
854   -0.360007
855   -0.351164
856   -0.340724
857   -0.328841
858   -0.315864
859   -0.30197
860   0.571357
861   0.594835
862   0.618536
863   0.638151
864   0.652163
865   0.653633
866   0.617402
867   0.568114
868   0.511328
869   0.449954
870   0.388003
871   0.326385
872   0.267537
873   0.211117
874   0.158603
875   0.109082
876   0.0634667
877   0.0206642
878   -0.0187039
879   -0.0557122
880   -0.089848
881   -0.122085
882   -0.1519
883   -0.180147
884   -0.206212
885   -0.230837
886   -0.253257
887   -0.274134
888   -0.292526
889   -0.309068
890   -0.322688
891   -0.334089
892   -0.342216
893   -0.347933
894   -0.350383
895   -0.350566
896   -0.347823
897   -0.343176
898   -0.336083
899   -0.327516
900   -0.316991
901   -0.305451
902   -0.29249
903   0.567029
904   0.591903
905   0.617392
906   0.641319
907   0.660947
908   0.665234
909   0.643443
910   0.601593
911   0.548329
912   0.489557
913   0.4285
914   0.36819
915   0.309556
916   0.253922
917   0.201387
918   0.152296
919   0.106498
920   0.0637922
921   0.0240606
922   -0.013169
923   -0.047858
924   -0.0805908
925   -0.111138
926   -0.140101
927   -0.167063
928   -0.192578
929   -0.216072
930   -0.238001
931   -0.257692
932   -0.275489
933   -0.290722
934   -0.303651
935   -0.313756
936   -0.321288
937   -0.325974
938   -0.328106
939   -0.327614
940   -0.324819
941   -0.319758
942   -0.31276
943   -0.303908
944   -0.293565
945   -0.281906
946   0.559796
947   0.584466
948   0.612116
949   0.638171
950   0.663967
951   0.680824
952   0.664535
953   0.632342
954   0.583073
955   0.526375
956   0.46744
957   0.407764
958   0.350444
959   0.294988
960   0.243293
961   0.194173
962   0.148814
963   0.105886
964   0.0662112
965   0.0285561
966   -0.00640979
967   -0.0397581
968   -0.0708472
969   -0.100592
970   -0.128299
971   -0.154754
972   -0.179162
973   -0.202213
974   -0.222996
975   -0.24216
976   -0.258707
977   -0.273317
978   -0.284993
979   -0.294512
980   -0.300971
981   -0.305249
982   -0.306568
983   -0.305866
984   -0.302463
985   -0.29732
986   -0.289836
987   -0.281015
988   -0.27037
989   0.550255
990   0.575818
991   0.603743
992   0.632502
993   0.660156
994   0.679057
995   0.680199
996   0.657107
997   0.614052
998   0.561142
999   0.503862
1000   0.446262
1001   0.389612
1002   0.335425
1003   0.284038
1004   0.235675
1005   0.190376
1006   0.147755
1007   0.107891
1008   0.0701574
1009   0.0347715
1010   0.00104263
1011   -0.0306607
1012   -0.0610094
1013   -0.0895
1014   -0.116732
1015   -0.142096
1016   -0.166089
1017   -0.188042
1018   -0.20834
1019   -0.226331
1020   -0.24231
1021   -0.255732
1022   -0.26685
1023   -0.275287
1024   -0.281296
1025   -0.284665
1026   -0.285661
1027   -0.284195
1028   -0.28056
1029   -0.274763
1030   -0.267161
1031   -0.257914
1032   0.538393
1033   0.562983
1034   0.591777
1035   0.620796
1036   0.651144
1037   0.675761
1038   0.686401
1039   0.681815
1040   0.642189
1041   0.592033
1042   0.538298
1043   0.481839
1044   0.427152
1045   0.373504
1046   0.323391
1047   0.275304
1048   0.230724
1049   0.188115
1050   0.148486
1051   0.110507
1052   0.0749777
1053   0.0407903
1054   0.00866963
1055   -0.0223113
1056   -0.0514197
1057   -0.0794448
1058   -0.105595
1059   -0.130563
1060   -0.153476
1061   -0.174981
1062   -0.194138
1063   -0.211602
1064   -0.226413
1065   -0.239283
1066   -0.249289
1067   -0.257222
1068   -0.262223
1069   -0.265158
1070   -0.265241
1071   -0.263405
1072   -0.258947
1073   -0.2529
1074   -0.244706
1075   0.524802
1076   0.549445
1077   0.577186
1078   0.606917
1079   0.637672
1080   0.665372
1081   0.686012
1082   0.687414
1083   0.663263
1084   0.620476
1085   0.569589
1086   0.515944
1087   0.462365
1088   0.410481
1089   0.36107
1090   0.314067
1091   0.269847
1092   0.227742
1093   0.188145
1094   0.150227
1095   0.114466
1096   0.0800275
1097   0.0474724
1098   0.0160246
1099   -0.0136883
1100   -0.0423483
1101   -0.0692767
1102   -0.0950416
1103   -0.118943
1104   -0.141431
1105   -0.161831
1106   -0.180491
1107   -0.196819
1108   -0.211091
1109   -0.222842
1110   -0.232311
1111   -0.239172
1112   -0.243654
1113   -0.245563
1114   -0.245152
1115   -0.242358
1116   -0.237519
1117   -0.230774
1118   0.509611
1119   0.532558
1120   0.560004
1121   0.588385
1122   0.619896
1123   0.648817
1124   0.676529
1125   0.694444
1126   0.676541
1127   0.643355
1128   0.596999
1129   0.545456
1130   0.494652
1131   0.443895
1132   0.396278
1133   0.349984
1134   0.306778
1135   0.265006
1136   0.225833
1137   0.187938
1138   0.152199
1139   0.117552
1140   0.0847517
1141   0.0529136
1142   0.0227628
1143   -0.00645649
1144   -0.0339893
1145   -0.0605039
1146   -0.0851855
1147   -0.108655
1148   -0.130035
1149   -0.149944
1150   -0.167463
1151   -0.183247
1152   -0.196367
1153   -0.207542
1154   -0.215862
1155   -0.222125
1156   -0.225464
1157   -0.226774
1158   -0.225266
1159   -0.22198
1160   -0.216295
1161   0.493528
1162   0.515991
1163   0.541558
1164   0.569567
1165   0.599755
1166   0.630205
1167   0.659058
1168   0.679092
1169   0.682086
1170   0.658518
1171   0.618683
1172   0.571831
1173   0.523242
1174   0.47507
1175   0.428806
1176   0.383981
1177   0.341574
1178   0.300534
1179   0.261742
1180   0.224105
1181   0.188452
1182   0.153766
1183   0.120837
1184   0.0887548
1185   0.0582939
1186   0.0286633
1187   0.000632599
1188   -0.0264606
1189   -0.0518595
1190   -0.0760971
1191   -0.098453
1192   -0.119341
1193   -0.138112
1194   -0.15508
1195   -0.169698
1196   -0.18221
1197   -0.19219
1198   -0.199845
1199   -0.204882
1200   -0.207522
1201   -0.207627
1202   -0.205516
1203   -0.201294
1204   0.476687
1205   0.497239
1206   0.521869
1207   0.547738
1208   0.577179
1209   0.606025
1210   0.635966
1211   0.659982
1212   0.671164
1213   0.668852
1214   0.634585
1215   0.591202
1216   0.547022
1217   0.500821
1218   0.457033
1219   0.413593
1220   0.372572
1221   0.332404
1222   0.294326
1223   0.257181
1224   0.221837
1225   0.18737
1226   0.154488
1227   0.122409
1228   0.0917968
1229   0.0619693
1230   0.0336077
1231   0.00610015
1232   -0.0198188
1233   -0.0447215
1234   -0.0678075
1235   -0.0896417
1236   -0.109362
1237   -0.127559
1238   -0.143323
1239   -0.157298
1240   -0.168551
1241   -0.177809
1242   -0.184145
1243   -0.188404
1244   -0.189725
1245   -0.189135
1246   -0.185954
1247   0.459677
1248   0.479493
1249   0.501951
1250   0.526661
1251   0.553529
1252   0.581442
1253   0.60916
1254   0.633943
1255   0.651896
1256   0.654891
1257   0.64081
1258   0.605335
1259   0.565231
1260   0.52241
1261   0.480982
1262   0.439504
1263   0.400042
1264   0.361004
1265   0.323936
1266   0.287445
1267   0.252745
1268   0.218627
1269   0.186116
1270   0.154161
1271   0.123687
1272   0.0937898
1273   0.0653376
1274   0.0375668
1275   0.0113068
1276   -0.0140692
1277   -0.0377772
1278   -0.0603122
1279   -0.080954
1280   -0.100077
1281   -0.117046
1282   -0.132134
1283   -0.144815
1284   -0.155291
1285   -0.163171
1286   -0.168648
1287   -0.171507
1288   -0.172035
1289   -0.170302
1290   0.442552
1291   0.460586
1292   0.481804
1293   0.504118
1294   0.529284
1295   0.554329
1296   0.580545
1297   0.603509
1298   0.624011
1299   0.636181
1300   0.628149
1301   0.6084
1302   0.573954
1303   0.535341
1304   0.497559
1305   0.458927
1306   0.421518
1307   0.384379
1308   0.348598
1309   0.313412
1310   0.279544
1311   0.246318
1312   0.214322
1313   0.182943
1314   0.152737
1315   0.123141
1316   0.0947353
1317   0.0669967
1318   0.0405623
1319   0.0149317
1320   -0.00918503
1321   -0.0322847
1322   -0.0535783
1323   -0.0735832
1324   -0.0914332
1325   -0.107693
1326   -0.121432
1327   -0.133296
1328   -0.142321
1329   -0.149286
1330   -0.153269
1331   -0.15526
1332   -0.154524
1333   0.4257
1334   0.442925
1335   0.462094
1336   0.482955
1337   0.505348
1338   0.52862
1339   0.551687
1340   0.573754
1341   0.592095
1342   0.605607
1343   0.608013
1344   0.595489
1345   0.573713
1346   0.540937
1347   0.507945
1348   0.472322
1349   0.437915
1350   0.402781
1351   0.369084
1352   0.335292
1353   0.302912
1354   0.270653
1355   0.239718
1356   0.208984
1357   0.179499
1358   0.150283
1359   0.122299
1360   0.0946977
1361   0.0683875
1362   0.0426506
1363   0.0183446
1364   -0.00511508
1365   -0.0269296
1366   -0.0475497
1367   -0.0662514
1368   -0.0833572
1369   -0.0982404
1370   -0.111117
1371   -0.121494
1372   -0.129539
1373   -0.134952
1374   -0.137983
1375   -0.138649
1376   0.409097
1377   0.424845
1378   0.442776
1379   0.461525
1380   0.482141
1381   0.50279
1382   0.524025
1383   0.543596
1384   0.561153
1385   0.574002
1386   0.579308
1387   0.576123
1388   0.559476
1389   0.536143
1390   0.508024
1391   0.477812
1392   0.446629
1393   0.414955
1394   0.383485
1395   0.352084
1396   0.321281
1397   0.290741
1398   0.260927
1399   0.231439
1400   0.202731
1401   0.174389
1402   0.146895
1403   0.119838
1404   0.0937552
1405   0.0682384
1406   0.043898
1407   0.0203203
1408   -0.00179668
1409   -0.0228875
1410   -0.042156
1411   -0.0600797
1412   -0.0757618
1413   -0.0897571
1414   -0.10109
1415   -0.110453
1416   -0.116871
1417   -0.121274
1418   -0.12287
1419   0.392943
1420   0.407898
1421   0.424131
1422   0.441484
1423   0.459768
1424   0.478631
1425   0.497171
1426   0.51508
1427   0.530287
1428   0.542711
1429   0.548569
1430   0.548932
1431   0.540013
1432   0.523118
1433   0.501811
1434   0.476399
1435   0.449877
1436   0.421482
1437   0.393276
1438   0.364185
1439   0.335759
1440   0.306887
1441   0.278845
1442   0.250568
1443   0.223184
1444   0.195703
1445   0.169166
1446   0.142675
1447   0.117214
1448   0.0919887
1449   0.0679348
1450   0.0443752
1451   0.0221927
1452   0.000841299
1453   -0.0188609
1454   -0.0373166
1455   -0.0537935
1456   -0.0685527
1457   -0.0809859
1458   -0.0912573
1459   -0.0989576
1460   -0.104295
1461   -0.107216
1462   0.377174
1463   0.390959
1464   0.406078
1465   0.42174
1466   0.438463
1467   0.455221
1468   0.472084
1469   0.487907
1470   0.502036
1471   0.513412
1472   0.520278
1473   0.522483
1474   0.517096
1475   0.505962
1476   0.489414
1477   0.469424
1478   0.446838
1479   0.422607
1480   0.397365
1481   0.3714
1482   0.345187
1483   0.318688
1484   0.292306
1485   0.265851
1486   0.23971
1487   0.213623
1488   0.187997
1489   0.162539
1490   0.1377
1491   0.113172
1492   0.0894657
1493   0.0662604
1494   0.0441491
1495   0.0227875
1496   0.00287215
1497   -0.0159799
1498   -0.0329479
1499   -0.0484837
1500   -0.06164
1501   -0.0729997
1502   -0.081551
1503   -0.0881354
1504   -0.0918864
1505   0.36187
1506   0.3749
1507   0.388675
1508   0.403106
1509   0.418011
1510   0.433213
1511   0.448027
1512   0.462347
1513   0.474801
1514   0.48546
1515   0.492266
1516   0.495521
1517   0.493265
1518   0.485823
1519   0.474008
1520   0.458161
1521   0.439974
1522   0.419244
1523   0.397582
1524   0.374359
1525   0.350978
1526   0.326592
1527   0.30245
1528   0.277623
1529   0.253259
1530   0.228419
1531   0.204192
1532   0.179669
1533   0.155896
1534   0.132023
1535   0.109061
1536   0.0862427
1537   0.0645362
1538   0.0432844
1539   0.0234023
1540   0.00437119
1541   -0.012967
1542   -0.0289656
1543   -0.0428921
1544   -0.0549416
1545   -0.0645726
1546   -0.0719485
1547   -0.076915
1548   0.346971
1549   0.359062
1550   0.371864
1551   0.384966
1552   0.398569
1553   0.412137
1554   0.425559
1555   0.43826
1556   0.449696
1557   0.459359
1558   0.466192
1559   0.469969
1560   0.469373
1561   0.464817
1562   0.456106
1563   0.444108
1564   0.429239
1565   0.412187
1566   0.393444
1567   0.373364
1568   0.352378
1569   0.330586
1570   0.308365
1571   0.285661
1572   0.262825
1573   0.23972
1574   0.216699
1575   0.193579
1576   0.170737
1577   0.147962
1578   0.125677
1579   0.103651
1580   0.0823671
1581   0.061574
1582   0.0418438
1583   0.0228917
1584   0.00541309
1585   -0.0109331
1586   -0.0252917
1587   -0.0381149
1588   -0.0483973
1589   -0.0568449
1590   -0.0625065
1591   0.3325
1592   0.343876
1593   0.355617
1594   0.367671
1595   0.37988
1596   0.392169
1597   0.404052
1598   0.415515
1599   0.425668
1600   0.434585
1601   0.441048
1602   0.445163
1603   0.445859
1604   0.443217
1605   0.437249
1606   0.428052
1607   0.416428
1608   0.40225
1609   0.386612
1610   0.36909
1611   0.350836
1612   0.331193
1613   0.311304
1614   0.290365
1615   0.2695
1616   0.247834
1617   0.226472
1618   0.204513
1619   0.183051
1620   0.161195
1621   0.140021
1622   0.118682
1623   0.0982281
1624   0.0778829
1625   0.0586596
1626   0.0398905
1627   0.0225314
1628   0.00607216
1629   -0.00862228
1630   -0.0218546
1631   -0.0329254
1632   -0.0419763
1633   -0.0486995
1634   0.318422
1635   0.329022
1636   0.339919
1637   0.350927
1638   0.362074
1639   0.373104
1640   0.383867
1641   0.39407
1642   0.403333
1643   0.411364
1644   0.417558
1645   0.421695
1646   0.423133
1647   0.421875
1648   0.417698
1649   0.410874
1650   0.401568
1651   0.390108
1652   0.376823
1653   0.361945
1654   0.34583
1655   0.328583
1656   0.310544
1657   0.291714
1658   0.272417
1659   0.252587
1660   0.232542
1661   0.212173
1662   0.191808
1663   0.171311
1664   0.151032
1665   0.13082
1666   0.11106
1667   0.0915861
1668   0.0728386
1669   0.0546303
1670   0.0374918
1671   0.0211965
1672   0.00642066
1673   -0.00714331
1674   -0.0186008
1675   -0.0284658
1676   -0.0357056
1677   0.304741
1678   0.314676
1679   0.324726
1680   0.334858
1681   0.34494
1682   0.354955
1683   0.364556
1684   0.373781
1685   0.382036
1686   0.389406
1687   0.395125
1688   0.39927
1689   0.401172
1690   0.400854
1691   0.398141
1692   0.393002
1693   0.385795
1694   0.376348
1695   0.365381
1696   0.352519
1697   0.338674
1698   0.323277
1699   0.307342
1700   0.290144
1701   0.272751
1702   0.254336
1703   0.235996
1704   0.216844
1705   0.197995
1706   0.178537
1707   0.159591
1708   0.140248
1709   0.121626
1710   0.102844
1711   0.0850078
1712   0.0672912
1713   0.0507699
1714   0.0347197
1715   0.0201524
1716   0.00652827
1717   -0.00527264
1718   -0.0154881
1719   -0.0235703
1720   0.291444
1721   0.300721
1722   0.310051
1723   0.319359
1724   0.328597
1725   0.337653
1726   0.346381
1727   0.354636
1728   0.36216
1729   0.368778
1730   0.374137
1731   0.378062
1732   0.380207
1733   0.380465
1734   0.378675
1735   0.374852
1736   0.369059
1737   0.361389
1738   0.352053
1739   0.341145
1740   0.328942
1741   0.315494
1742   0.301099
1743   0.285756
1744   0.26976
1745   0.25307
1746   0.23598
1747   0.218417
1748   0.200676
1749   0.182669
1750   0.164696
1751   0.14666
1752   0.128876
1753   0.111242
1754   0.0940942
1755   0.0773287
1756   0.0613177
1757   0.0459466
1758   0.0316575
1759   0.0182959
1760   0.00645969
1761   -0.00414345
1762   -0.0125119
1763   0.27853
1764   0.287203
1765   0.29585
1766   0.304446
1767   0.312877
1768   0.321153
1769   0.32901
1770   0.336522
1771   0.343252
1772   0.349317
1773   0.354177
1774   0.357935
1775   0.360113
1776   0.360741
1777   0.359622
1778   0.356681
1779   0.352097
1780   0.345652
1781   0.337856
1782   0.328324
1783   0.317805
1784   0.305747
1785   0.293056
1786   0.279038
1787   0.2647
1788   0.24924
1789   0.233729
1790   0.217292
1791   0.20104
1792   0.184053
1793   0.16747
1794   0.150349
1795   0.133845
1796   0.117011
1797   0.101014
1798   0.0849169
1799   0.0698904
1800   0.0550207
1801   0.0414762
1802   0.028392
1803   0.016897
1804   0.00627296
1805   -0.00258453
1806   0.265996
1807   0.274101
1808   0.282149
1809   0.290096
1810   0.297881
1811   0.305434
1812   0.312645
1813   0.319414
1814   0.325578
1815   0.331007
1816   0.335496
1817   0.338901
1818   0.341031
1819   0.341766
1820   0.340998
1821   0.338674
1822   0.334803
1823   0.329397
1824   0.322562
1825   0.314346
1826   0.304912
1827   0.294316
1828   0.282744
1829   0.270241
1830   0.257
1831   0.243052
1832   0.228588
1833   0.213628
1834   0.198359
1835   0.182794
1836   0.167123
1837   0.151354
1838   0.13568
1839   0.120113
1840   0.104849
1841   0.0899089
1842   0.075496
1843   0.0616391
1844   0.0485518
1845   0.0362756
1846   0.0250325
1847   0.0148786
1848   0.00601541
