##### Y Mean #####
0   0.00244663
1   -0.0281735
2   -0.0639764
3   -0.103448
4   -0.145726
5   -0.188946
6   -0.232464
7   -0.274593
8   -0.314833
9   -0.351295
10   -0.384403
11   -0.413473
12   -0.43897
13   -0.460603
14   -0.478668
15   -0.493066
16   -0.50401
17   -0.511504
18   -0.515837
19   -0.51717
20   -0.515793
21   -0.511978
22   -0.505927
23   -0.497941
24   -0.48821
25   -0.477082
26   -0.464768
27   -0.451642
28   -0.437861
29   -0.42372
30   -0.40932
31   -0.394867
32   -0.380415
33   -0.366083
34   -0.351894
35   -0.337913
36   -0.324152
37   -0.310649
38   -0.297417
39   -0.28448
40   -0.271854
41   -0.259557
42   -0.247601
43   0.0306976
44   -0.000508565
45   -0.0396678
46   -0.081309
47   -0.128866
48   -0.174693
49   -0.223949
50   -0.268528
51   -0.315048
52   -0.353062
53   -0.390934
54   -0.421642
55   -0.450668
56   -0.473934
57   -0.494517
58   -0.510243
59   -0.522912
60   -0.53124
61   -0.536573
62   -0.538396
63   -0.537347
64   -0.53376
65   -0.527486
66   -0.51936
67   -0.508926
68   -0.49731
69   -0.483946
70   -0.470158
71   -0.455225
72   -0.440336
73   -0.424822
74   -0.409608
75   -0.394167
76   -0.379103
77   -0.364061
78   -0.349385
79   -0.334882
80   -0.320726
81   -0.306836
82   -0.293294
83   -0.280082
84   -0.267233
85   -0.254754
86   0.0642226
87   0.0349346
88   -0.00529942
89   -0.0497643
90   -0.099799
91   -0.150119
92   -0.201721
93   -0.250957
94   -0.299487
95   -0.344
96   -0.384818
97   -0.421038
98   -0.453182
99   -0.480577
100   -0.503882
101   -0.522403
102   -0.536993
103   -0.54739
104   -0.554167
105   -0.5575
106   -0.55755
107   -0.554677
108   -0.548931
109   -0.540744
110   -0.530253
111   -0.517976
112   -0.504117
113   -0.489287
114   -0.473597
115   -0.457504
116   -0.441098
117   -0.42471
118   -0.408387
119   -0.392287
120   -0.376428
121   -0.360867
122   -0.345619
123   -0.330704
124   -0.316143
125   -0.301945
126   -0.288135
127   -0.274715
128   -0.26171
129   0.101877
130   0.0731441
131   0.0332222
132   -0.0126313
133   -0.0658698
134   -0.118343
135   -0.173842
136   -0.22535
137   -0.277442
138   -0.325049
139   -0.37151
140   -0.410619
141   -0.448697
142   -0.478324
143   -0.507112
144   -0.527352
145   -0.545993
146   -0.558338
147   -0.567902
148   -0.573319
149   -0.575181
150   -0.573819
151   -0.56888
152   -0.561346
153   -0.550824
154   -0.538522
155   -0.523944
156   -0.508659
157   -0.491867
158   -0.474956
159   -0.457292
160   -0.43997
161   -0.422491
162   -0.405489
163   -0.388637
164   -0.372251
165   -0.356159
166   -0.340505
167   -0.325223
168   -0.310372
169   -0.295942
170   -0.281954
171   -0.268417
172   0.143147
173   0.118547
174   0.0782961
175   0.0321664
176   -0.0228709
177   -0.078443
178   -0.136061
179   -0.191205
180   -0.245762
181   -0.296921
182   -0.345418
183   -0.389291
184   -0.429343
185   -0.464502
186   -0.495621
187   -0.52213
188   -0.544175
189   -0.56187
190   -0.575228
191   -0.584264
192   -0.589286
193   -0.589923
194   -0.586905
195   -0.580253
196   -0.570551
197   -0.558476
198   -0.54402
199   -0.528053
200   -0.510679
201   -0.492526
202   -0.473881
203   -0.455214
204   -0.43673
205   -0.41854
206   -0.40077
207   -0.383389
208   -0.366487
209   -0.350006
210   -0.334018
211   -0.318475
212   -0.303437
213   -0.288867
214   -0.274813
215   0.186307
216   0.162774
217   0.12462
218   0.0776307
219   0.0216192
220   -0.0355332
221   -0.0955773
222   -0.152769
223   -0.209891
224   -0.263043
225   -0.314175
226   -0.360495
227   -0.403715
228   -0.441817
229   -0.476872
230   -0.506776
231   -0.534651
232   -0.555218
233   -0.575251
234   -0.586144
235   -0.597318
236   -0.599167
237   -0.600344
238   -0.595033
239   -0.587148
240   -0.576453
241   -0.562306
242   -0.546661
243   -0.528459
244   -0.509638
245   -0.489676
246   -0.470067
247   -0.450348
248   -0.431203
249   -0.41238
250   -0.394128
251   -0.376346
252   -0.359106
253   -0.342381
254   -0.326188
255   -0.31053
256   -0.295409
257   -0.280833
258   0.230847
259   0.213252
260   0.17462
261   0.128204
262   0.0711013
263   0.0120635
264   -0.0494524
265   -0.109265
266   -0.168231
267   -0.223965
268   -0.277042
269   -0.326031
270   -0.371377
271   -0.412343
272   -0.449524
273   -0.482424
274   -0.511887
275   -0.536831
276   -0.558182
277   -0.575019
278   -0.588152
279   -0.597259
280   -0.601947
281   -0.602874
282   -0.599014
283   -0.591158
284   -0.579297
285   -0.563665
286   -0.545476
287   -0.525714
288   -0.50498
289   -0.484028
290   -0.463398
291   -0.443045
292   -0.423358
293   -0.404129
294   -0.38559
295   -0.367559
296   -0.350181
297   -0.333334
298   -0.317116
299   -0.301446
300   -0.286396
301   0.274508
302   0.258184
303   0.22344
304   0.177158
305   0.120225
306   0.0605091
307   -0.00250077
308   -0.0636733
309   -0.124665
310   -0.181971
311   -0.237234
312   -0.287909
313   -0.335547
314   -0.378288
315   -0.417695
316   -0.452351
317   -0.483665
318   -0.510799
319   -0.534457
320   -0.554307
321   -0.571075
322   -0.583994
323   -0.595162
324   -0.599422
325   -0.603647
326   -0.597471
327   -0.591362
328   -0.576284
329   -0.559066
330   -0.539584
331   -0.518065
332   -0.496644
333   -0.47496
334   -0.453814
335   -0.43321
336   -0.41324
337   -0.393943
338   -0.375266
339   -0.35725
340   -0.339848
341   -0.323086
342   -0.30694
343   -0.29142
344   0.316641
345   0.308608
346   0.274009
347   0.229457
348   0.172858
349   0.111573
350   0.0479505
351   -0.0152277
352   -0.077468
353   -0.136924
354   -0.193649
355   -0.246462
356   -0.295617
357   -0.340427
358   -0.381336
359   -0.417941
360   -0.450877
361   -0.479898
362   -0.505443
363   -0.527467
364   -0.546278
365   -0.561818
366   -0.574607
367   -0.583626
368   -0.589496
369   -0.591162
370   -0.588075
371   -0.581133
372   -0.567414
373   -0.549869
374   -0.529177
375   -0.506808
376   -0.484711
377   -0.462629
378   -0.441523
379   -0.420865
380   -0.401078
381   -0.381839
382   -0.363363
383   -0.345475
384   -0.32829
385   -0.311708
386   -0.295805
387   0.35408
388   0.346213
389   0.321197
390   0.280007
391   0.224817
392   0.163326
393   0.0983806
394   0.0342063
395   -0.0297183
396   -0.0904346
397   -0.148984
398   -0.203141
399   -0.25411
400   -0.30028
401   -0.3429
402   -0.380886
403   -0.415396
404   -0.445817
405   -0.472953
406   -0.496483
407   -0.516969
408   -0.534157
409   -0.548458
410   -0.559933
411   -0.5683
412   -0.5738
413   -0.576444
414   -0.573545
415   -0.56898
416   -0.55315
417   -0.535747
418   -0.513774
419   -0.491508
420   -0.469269
421   -0.44783
422   -0.426886
423   -0.406743
424   -0.387185
425   -0.368353
426   -0.350144
427   -0.332607
428   -0.315707
429   -0.299456
430   0.388161
431   0.385843
432   0.365106
433   0.332449
434   0.276965
435   0.21494
436   0.150021
437   0.0845411
438   0.0198367
439   -0.0425859
440   -0.102236
441   -0.158177
442   -0.210335
443   -0.258223
444   -0.302051
445   -0.341639
446   -0.377373
447   -0.409242
448   -0.437602
449   -0.462506
450   -0.484252
451   -0.502864
452   -0.518735
453   -0.531824
454   -0.542257
455   -0.549954
456   -0.554782
457   -0.556076
458   -0.55393
459   -0.547267
460   -0.532649
461   -0.51487
462   -0.493955
463   -0.472188
464   -0.451251
465   -0.430463
466   -0.410408
467   -0.390821
468   -0.371912
469   -0.353564
470   -0.335858
471   -0.318744
472   -0.302263
473   0.418469
474   0.418205
475   0.404956
476   0.375134
477   0.325532
478   0.265324
479   0.200309
480   0.134644
481   0.0688266
482   0.00557483
483   -0.0555455
484   -0.112522
485   -0.166196
486   -0.21517
487   -0.260435
488   -0.301113
489   -0.338153
490   -0.371087
491   -0.400645
492   -0.426638
493   -0.44955
494   -0.469413
495   -0.486482
496   -0.501043
497   -0.512867
498   -0.522361
499   -0.528822
500   -0.532801
501   -0.533099
502   -0.530436
503   -0.523179
504   -0.508614
505   -0.491722
506   -0.471563
507   -0.451698
508   -0.431538
509   -0.411943
510   -0.39264
511   -0.373904
512   -0.355636
513   -0.337919
514   -0.320742
515   -0.304127
516   0.445615
517   0.449724
518   0.441636
519   0.421445
520   0.372257
521   0.313719
522   0.250012
523   0.184159
524   0.118203
525   0.0537959
526   -0.00802044
527   -0.066433
528   -0.120985
529   -0.171404
530   -0.217604
531   -0.259637
532   -0.297627
533   -0.331789
534   -0.362311
535   -0.389459
536   -0.413423
537   -0.434467
538   -0.452774
539   -0.468565
540   -0.481841
541   -0.492735
542   -0.501047
543   -0.506858
544   -0.509674
545   -0.509598
546   -0.50516
547   -0.496703
548   -0.482405
549   -0.465934
550   -0.447859
551   -0.429396
552   -0.410749
553   -0.392284
554   -0.374033
555   -0.356159
556   -0.338634
557   -0.32158
558   -0.304952
559   0.469286
560   0.476312
561   0.473885
562   0.455635
563   0.414783
564   0.359905
565   0.297645
566   0.232601
567   0.166254
568   0.101575
569   0.0387075
570   -0.0203559
571   -0.0761294
572   -0.127336
573   -0.174743
574   -0.217614
575   -0.256732
576   -0.29176
577   -0.323338
578   -0.351421
579   -0.376431
580   -0.398551
581   -0.417942
582   -0.434972
583   -0.449434
584   -0.461811
585   -0.471526
586   -0.479173
587   -0.483743
588   -0.485858
589   -0.48395
590   -0.478695
591   -0.468986
592   -0.455682
593   -0.440537
594   -0.424001
595   -0.406987
596   -0.389618
597   -0.372265
598   -0.354985
599   -0.337913
600   -0.321117
601   -0.304655
602   0.489526
603   0.499943
604   0.50271
605   0.494361
606   0.455103
607   0.404057
608   0.344127
609   0.27981
610   0.21392
611   0.14861
612   0.0855152
613   0.0253832
614   -0.0309072
615   -0.0832911
616   -0.131353
617   -0.175379
618   -0.21523
619   -0.251356
620   -0.283748
621   -0.312907
622   -0.338855
623   -0.362086
624   -0.382584
625   -0.400793
626   -0.416556
627   -0.430262
628   -0.441539
629   -0.450753
630   -0.457186
631   -0.461249
632   -0.461678
633   -0.459257
634   -0.452254
635   -0.442484
636   -0.429853
637   -0.415866
638   -0.400567
639   -0.384803
640   -0.368508
641   -0.35218
642   -0.335695
643   -0.319407
644   -0.303188
645   0.506171
646   0.519549
647   0.526519
648   0.519891
649   0.491383
650   0.445754
651   0.388487
652   0.325617
653   0.259888
654   0.194875
655   0.131161
656   0.0708213
657   0.0136154
658   -0.0392291
659   -0.0882821
660   -0.132904
661   -0.173736
662   -0.210561
663   -0.243924
664   -0.273902
665   -0.300853
666   -0.325056
667   -0.346624
668   -0.365969
669   -0.382914
670   -0.39794
671   -0.410569
672   -0.421297
673   -0.429348
674   -0.435143
675   -0.43772
676   -0.437383
677   -0.433453
678   -0.42635
679   -0.416678
680   -0.404966
681   -0.391855
682   -0.377695
683   -0.362852
684   -0.347546
685   -0.331948
686   -0.316233
687   -0.300502
688   0.519116
689   0.534795
690   0.546311
691   0.548842
692   0.524669
693   0.486744
694   0.431798
695   0.369899
696   0.305192
697   0.239975
698   0.176562
699   0.115503
700   0.0581666
701   0.00439655
702   -0.0450235
703   -0.0906187
704   -0.131972
705   -0.169776
706   -0.203806
707   -0.234792
708   -0.262574
709   -0.287849
710   -0.310423
711   -0.33093
712   -0.349057
713   -0.365367
714   -0.379352
715   -0.391531
716   -0.401113
717   -0.408631
718   -0.412976
719   -0.414853
720   -0.413057
721   -0.408736
722   -0.401375
723   -0.392218
724   -0.381045
725   -0.368835
726   -0.355391
727   -0.341429
728   -0.326728
729   -0.311861
730   -0.296614
731   0.528498
732   0.546693
733   0.560807
734   0.565503
735   0.553978
736   0.522666
737   0.472381
738   0.412664
739   0.348633
740   0.284364
741   0.220736
742   0.159909
743   0.101927
744   0.0480142
745   -0.00219566
746   -0.0481415
747   -0.0903302
748   -0.128652
749   -0.163562
750   -0.195239
751   -0.223973
752   -0.250116
753   -0.273737
754   -0.295278
755   -0.314564
756   -0.332057
757   -0.347341
758   -0.360834
759   -0.371919
760   -0.380908
761   -0.387111
762   -0.390741
763   -0.391334
764   -0.389173
765   -0.384378
766   -0.377354
767   -0.368427
768   -0.357967
769   -0.346242
770   -0.333546
771   -0.320041
772   -0.305984
773   -0.29151
774   0.534187
775   0.554032
776   0.571296
777   0.581789
778   0.578402
779   0.560821
780   0.511712
781   0.453121
782   0.39128
783   0.327318
784   0.264552
785   0.203302
786   0.145546
787   0.0909335
788   0.0406423
789   -0.00609139
790   -0.0485746
791   -0.08774
792   -0.123149
793   -0.155744
794   -0.185183
795   -0.212339
796   -0.236858
797   -0.259516
798   -0.279864
799   -0.298585
800   -0.315068
801   -0.329925
802   -0.342342
803   -0.352911
804   -0.36064
805   -0.366204
806   -0.368615
807   -0.368769
808   -0.365991
809   -0.361298
810   -0.35425
811   -0.3458
812   -0.335592
813   -0.324444
814   -0.312023
815   -0.29906
816   -0.28526
817   0.536332
818   0.557943
819   0.577838
820   0.592665
821   0.598275
822   0.585146
823   0.546284
824   0.492388
825   0.432137
826   0.369806
827   0.307147
828   0.246492
829   0.188319
830   0.133875
831   0.083003
832   0.0361811
833   -0.00696637
834   -0.0464497
835   -0.0826184
836   -0.11576
837   -0.146074
838   -0.173988
839   -0.199503
840   -0.223094
841   -0.244557
842   -0.264349
843   -0.282076
844   -0.298124
845   -0.31196
846   -0.323869
847   -0.333289
848   -0.340429
849   -0.344887
850   -0.346894
851   -0.346358
852   -0.343583
853   -0.338667
854   -0.331934
855   -0.323521
856   -0.313732
857   -0.302686
858   -0.290682
859   -0.277872
860   0.535102
861   0.557429
862   0.580352
863   0.599397
864   0.613176
865   0.614504
866   0.577875
867   0.528281
868   0.471497
869   0.410351
870   0.349005
871   0.288273
872   0.230688
873   0.175809
874   0.125178
875   0.0777923
876   0.0346052
877   -0.00555081
878   -0.0420345
879   -0.0759755
880   -0.106862
881   -0.135707
882   -0.162012
883   -0.186655
884   -0.209077
885   -0.230034
886   -0.248852
887   -0.266196
888   -0.281254
889   -0.294651
890   -0.305469
891   -0.314372
892   -0.320455
893   -0.324499
894   -0.325752
895   -0.325092
896   -0.321926
897   -0.317145
898   -0.310248
899   -0.302087
900   -0.292214
901   -0.281461
902   -0.269456
903   0.53098
904   0.55476
905   0.579448
906   0.602854
907   0.622235
908   0.626335
909   0.60423
910   0.562058
911   0.508625
912   0.449933
913   0.389235
914   0.329617
915   0.271975
916   0.217674
917   0.166749
918   0.119587
919   0.0759542
920   0.0356987
921   -0.00139259
922   -0.0357327
923   -0.067393
924   -0.0968884
925   -0.124116
926   -0.149603
927   -0.173078
928   -0.195023
929   -0.215024
930   -0.233481
931   -0.249886
932   -0.264541
933   -0.276933
934   -0.287291
935   -0.295211
936   -0.300912
937   -0.304175
938   -0.305249
939   -0.304074
940   -0.300919
941   -0.295805
942   -0.289013
943   -0.280604
944   -0.270893
945   -0.26003
946   0.524049
947   0.547607
948   0.5745
949   0.600007
950   0.625618
951   0.642403
952   0.625783
953   0.593257
954   0.543733
955   0.48693
956   0.428201
957   0.36898
958   0.312469
959   0.258093
960   0.207815
961   0.160371
962   0.116984
963   0.0762629
964   0.0390451
965   0.0040505
966   -0.0280543
967   -0.0583736
968   -0.0862908
969   -0.112742
970   -0.137085
971   -0.160117
972   -0.181124
973   -0.200802
974   -0.218348
975   -0.234402
976   -0.248096
977   -0.260081
978   -0.269486
979   -0.277028
980   -0.281911
981   -0.284923
982   -0.285367
983   -0.284074
984   -0.280426
985   -0.275273
986   -0.268067
987   -0.259699
988   -0.249724
989   0.514907
990   0.539415
991   0.56656
992   0.594809
993   0.622226
994   0.641019
995   0.64202
996   0.618645
997   0.575252
998   0.522141
999   0.46487
1000   0.407574
1001   0.351501
1002   0.298215
1003   0.248002
1004   0.201124
1005   0.157555
1006   0.116951
1007   0.0793078
1008   0.0440525
1009   0.0113046
1010   -0.0195645
1011   -0.0482992
1012   -0.0755053
1013   -0.100807
1014   -0.124743
1015   -0.146844
1016   -0.167555
1017   -0.186352
1018   -0.203583
1019   -0.21873
1020   -0.232059
1021   -0.243134
1022   -0.252182
1023   -0.258892
1024   -0.263486
1025   -0.265784
1026   -0.266017
1027   -0.264102
1028   -0.26029
1029   -0.254584
1030   -0.247295
1031   -0.238562
1032   0.503518
1033   0.527041
1034   0.555087
1035   0.58356
1036   0.613689
1037   0.638215
1038   0.648806
1039   0.644136
1040   0.604107
1041   0.553609
1042   0.499784
1043   0.443434
1044   0.389176
1045   0.336208
1046   0.287099
1047   0.240269
1048   0.197239
1049   0.156417
1050   0.118828
1051   0.0831018
1052   0.0500361
1053   0.0184945
1054   -0.0108203
1055   -0.0388538
1056   -0.064918
1057   -0.0898138
1058   -0.112818
1059   -0.134629
1060   -0.154466
1061   -0.17297
1062   -0.189309
1063   -0.204116
1064   -0.216543
1065   -0.227258
1066   -0.235441
1067   -0.241814
1068   -0.245608
1069   -0.247602
1070   -0.247084
1071   -0.24489
1072   -0.240382
1073   -0.234484
1074   -0.226688
1075   0.490474
1076   0.514097
1077   0.541062
1078   0.570262
1079   0.600745
1080   0.628362
1081   0.649042
1082   0.650382
1083   0.625955
1084   0.582827
1085   0.531709
1086   0.478059
1087   0.424714
1088   0.373362
1089   0.32474
1090   0.278825
1091   0.235931
1092   0.195433
1093   0.157651
1094   0.121804
1095   0.088285
1096   0.0563164
1097   0.0263582
1098   -0.00230634
1099   -0.0291631
1100   -0.0548378
1101   -0.0787761
1102   -0.101498
1103   -0.122431
1104   -0.141987
1105   -0.159614
1106   -0.175631
1107   -0.189549
1108   -0.20162
1109   -0.211455
1110   -0.219267
1111   -0.224779
1112   -0.228193
1113   -0.229337
1114   -0.228437
1115   -0.22543
1116   -0.22062
1117   -0.214125
1118   0.475888
1119   0.497804
1120   0.524494
1121   0.552299
1122   0.583533
1123   0.612327
1124   0.640152
1125   0.658213
1126   0.640047
1127   0.606538
1128   0.559898
1129   0.508203
1130   0.457522
1131   0.407112
1132   0.360142
1133   0.314733
1134   0.27269
1135   0.232311
1136   0.19478
1137   0.158739
1138   0.125067
1139   0.0926772
1140   0.0623043
1141   0.0330491
1142   0.00559827
1143   -0.0208138
1144   -0.0454904
1145   -0.0691042
1146   -0.0909173
1147   -0.111548
1148   -0.13021
1149   -0.147505
1150   -0.162615
1151   -0.17616
1152   -0.187311
1153   -0.196734
1154   -0.203613
1155   -0.208674
1156   -0.211135
1157   -0.211805
1158   -0.209969
1159   -0.206566
1160   -0.201029
1161   0.460472
1162   0.481946
1163   0.506728
1164   0.534165
1165   0.564015
1166   0.594337
1167   0.623246
1168   0.643395
1169   0.646403
1170   0.622583
1171   0.582421
1172   0.535362
1173   0.486751
1174   0.438812
1175   0.393015
1176   0.348928
1177   0.307486
1178   0.267672
1179   0.230312
1180   0.194354
1181   0.160557
1182   0.127952
1183   0.0972436
1184   0.0675756
1185   0.0396224
1186   0.012646
1187   -0.0126947
1188   -0.0370144
1189   -0.0596716
1190   -0.0811599
1191   -0.100871
1192   -0.119188
1193   -0.135561
1194   -0.150282
1195   -0.162882
1196   -0.173587
1197   -0.182027
1198   -0.188391
1199   -0.192423
1200   -0.19432
1201   -0.193961
1202   -0.19163
1203   -0.187422
1204   0.444348
1205   0.463905
1206   0.487764
1207   0.513019
1208   0.542102
1209   0.570745
1210   0.600722
1211   0.624846
1212   0.636115
1213   0.633832
1214   0.599229
1215   0.555546
1216   0.511286
1217   0.465173
1218   0.421741
1219   0.378868
1220   0.33867
1221   0.299539
1222   0.262732
1223   0.227066
1224   0.19341
1225   0.160821
1226   0.129992
1227   0.100131
1228   0.0718669
1229   0.0445121
1230   0.0186988
1231   -0.00618864
1232   -0.0294798
1233   -0.0517453
1234   -0.0722619
1235   -0.0915841
1236   -0.108936
1237   -0.124885
1238   -0.138613
1239   -0.150726
1240   -0.160382
1241   -0.168253
1242   -0.1735
1243   -0.176896
1244   -0.17766
1245   -0.176724
1246   -0.17347
1247   0.428107
1248   0.446966
1249   0.468631
1250   0.492724
1251   0.519169
1252   0.546845
1253   0.574499
1254   0.599351
1255   0.617431
1256   0.62047
1257   0.606305
1258   0.57056
1259   0.530292
1260   0.487481
1261   0.446272
1262   0.40524
1263   0.366435
1264   0.328288
1265   0.292307
1266   0.257135
1267   0.223928
1268   0.191523
1269   0.160869
1270   0.130968
1271   0.102654
1272   0.0750754
1273   0.0490014
1274   0.0237166
1275   -5.46832e-05
1276   -0.0228971
1277   -0.0441313
1278   -0.064218
1279   -0.0825345
1280   -0.0994284
1281   -0.11435
1282   -0.127551
1283   -0.138574
1284   -0.147605
1285   -0.154301
1286   -0.158837
1287   -0.161023
1288   -0.161123
1289   -0.159196
1290   0.411791
1291   0.428871
1292   0.449311
1293   0.470972
1294   0.495689
1295   0.520418
1296   0.546513
1297   0.56945
1298   0.590066
1299   0.602363
1300   0.594271
1301   0.57442
1302   0.5398
1303   0.501121
1304   0.463489
1305   0.425183
1306   0.388316
1307   0.351916
1308   0.317084
1309   0.283044
1310   0.250519
1311   0.218822
1312   0.188528
1313   0.159017
1314   0.130818
1315   0.103363
1316   0.0771932
1317   0.0517827
1318   0.0277155
1319   0.00449281
1320   -0.0172405
1321   -0.0379739
1322   -0.0569936
1323   -0.0748008
1324   -0.0906123
1325   -0.104965
1326   -0.117017
1327   -0.127371
1328   -0.135155
1329   -0.141084
1330   -0.144322
1331   -0.145775
1332   -0.144773
1333   0.395788
1334   0.412097
1335   0.430476
1336   0.450684
1337   0.472573
1338   0.495491
1339   0.51834
1340   0.540327
1341   0.558672
1342   0.57227
1343   0.574715
1344   0.562132
1345   0.540289
1346   0.507438
1347   0.474532
1348   0.439152
1349   0.405172
1350   0.370663
1351   0.337768
1352   0.304989
1353   0.273785
1354   0.242909
1355   0.213499
1356   0.184482
1357   0.156827
1358   0.129605
1359   0.103689
1360   0.0782814
1361   0.0541929
1362   0.0307518
1363   0.00871727
1364   -0.0124561
1365   -0.0320648
1366   -0.0505288
1367   -0.0672111
1368   -0.082412
1369   -0.0955788
1370   -0.106914
1371   -0.115979
1372   -0.122933
1373   -0.127507
1374   -0.129933
1375   -0.130227
1376   0.380064
1377   0.394911
1378   0.412069
1379   0.430144
1380   0.450237
1381   0.470473
1382   0.491442
1383   0.510845
1384   0.528348
1385   0.541198
1386   0.546528
1387   0.543362
1388   0.52665
1389   0.503293
1390   0.475237
1391   0.445221
1392   0.414393
1393   0.383241
1394   0.35247
1395   0.321947
1396   0.292196
1397   0.262883
1398   0.234457
1399   0.20652
1400   0.1795
1401   0.152985
1402   0.127423
1403   0.102403
1404   0.0784184
1405   0.0550633
1406   0.032894
1407   0.0115025
1408   -0.00847772
1409   -0.0274695
1410   -0.0447508
1411   -0.0607789
1412   -0.0747403
1413   -0.0871574
1414   -0.0971448
1415   -0.105344
1416   -0.110869
1417   -0.114575
1418   -0.115738
1419   0.364816
1420   0.378908
1421   0.394369
1422   0.411054
1423   0.42878
1424   0.447201
1425   0.465407
1426   0.483094
1427   0.498155
1428   0.510524
1429   0.516338
1430   0.516716
1431   0.507775
1432   0.490882
1433   0.469639
1434   0.444398
1435   0.41817
1436   0.390228
1437   0.362618
1438   0.334305
1439   0.306798
1440   0.279033
1441   0.252229
1442   0.225371
1443   0.199515
1444   0.173726
1445   0.148961
1446   0.124377
1447   0.100867
1448   0.0776886
1449   0.0556825
1450   0.0342174
1451   0.0140827
1452   -0.00522984
1453   -0.0229911
1454   -0.039576
1455   -0.0543321
1456   -0.0675036
1457   -0.0785476
1458   -0.0876189
1459   -0.0943517
1460   -0.0989393
1461   -0.101337
1462   0.349972
1463   0.362917
1464   0.377286
1465   0.392274
1466   0.408432
1467   0.424712
1468   0.441208
1469   0.456747
1470   0.470683
1471   0.481935
1472   0.488727
1473   0.490904
1474   0.48549
1475   0.474367
1476   0.45788
1477   0.43804
1478   0.415712
1479   0.391869
1480   0.367154
1481   0.341865
1482   0.316477
1483   0.290958
1484   0.265701
1485   0.24052
1486   0.215784
1487   0.191237
1488   0.167257
1489   0.143556
1490   0.120547
1491   0.0979277
1492   0.0761638
1493   0.0549391
1494   0.0347934
1495   0.0153908
1496   -0.00263554
1497   -0.0196542
1498   -0.0349194
1499   -0.0488592
1500   -0.0606123
1501   -0.0707224
1502   -0.0782688
1503   -0.0840272
1504   -0.0872076
1505   0.335606
1506   0.347833
1507   0.360872
1508   0.374641
1509   0.388966
1510   0.403675
1511   0.418078
1512   0.432079
1513   0.44428
1514   0.454771
1515   0.461448
1516   0.464644
1517   0.462342
1518   0.454907
1519   0.443141
1520   0.427432
1521   0.409463
1522   0.389079
1523   0.367871
1524   0.345253
1525   0.322594
1526   0.299095
1527   0.275952
1528   0.252289
1529   0.22919
1530   0.20577
1531   0.183043
1532   0.160156
1533   0.13807
1534   0.115993
1535   0.0948426
1536   0.0739061
1537   0.0540594
1538   0.0346915
1539   0.0166269
1540   -0.000616125
1541   -0.0162805
1542   -0.0306953
1543   -0.0432021
1544   -0.0539842
1545   -0.0625548
1546   -0.0690674
1547   -0.0733852
1548   0.321652
1549   0.332969
1550   0.34506
1551   0.357509
1552   0.370534
1553   0.383593
1554   0.396587
1555   0.408931
1556   0.420085
1557   0.429532
1558   0.436206
1559   0.43988
1560   0.439219
1561   0.43465
1562   0.425977
1563   0.414092
1564   0.399419
1565   0.382665
1566   0.364328
1567   0.344778
1568   0.324443
1569   0.303437
1570   0.282125
1571   0.260464
1572   0.23879
1573   0.21697
1574   0.195338
1575   0.173713
1576   0.152445
1577   0.131329
1578   0.11075
1579   0.0904829
1580   0.0709679
1581   0.0519595
1582   0.0339784
1583   0.0167496
1584   0.0009055
1585   -0.0138786
1586   -0.0268244
1587   -0.0383562
1588   -0.0475575
1589   -0.0550817
1590   -0.0600609
1591   0.308128
1592   0.318768
1593   0.329819
1594   0.341236
1595   0.352868
1596   0.364647
1597   0.376081
1598   0.387169
1599   0.397004
1600   0.405678
1601   0.411943
1602   0.41593
1603   0.416532
1604   0.413862
1605   0.40791
1606   0.398811
1607   0.387349
1608   0.373439
1609   0.358152
1610   0.34111
1611   0.323427
1612   0.304498
1613   0.285416
1614   0.265432
1615   0.245609
1616   0.225128
1617   0.205023
1618   0.184453
1619   0.16443
1620   0.144126
1621   0.124527
1622   0.104847
1623   0.086044
1624   0.0673981
1625   0.0498299
1626   0.0327209
1627   0.0169372
1628   0.00200574
1629   -0.0112906
1630   -0.0232339
1631   -0.0331914
1632   -0.0412972
1633   -0.0472739
1634   0.294994
1635   0.304891
1636   0.315127
1637   0.325516
1638   0.336098
1639   0.346617
1640   0.356928
1641   0.366739
1642   0.37567
1643   0.38343
1644   0.389408
1645   0.393386
1646   0.394715
1647   0.393405
1648   0.389233
1649   0.382481
1650   0.373319
1651   0.362088
1652   0.349122
1653   0.334664
1654   0.319071
1655   0.302458
1656   0.285158
1657   0.267183
1658   0.248844
1659   0.230083
1660   0.211202
1661   0.192095
1662   0.173069
1663   0.153994
1664   0.13519
1665   0.116512
1666   0.0983089
1667   0.0804209
1668   0.0632485
1669   0.0466103
1670   0.0309884
1671   0.016166
1672   0.0027583
1673   -0.00952468
1674   -0.0198676
1675   -0.0287475
1676   -0.0352218
1677   0.282251
1678   0.291518
1679   0.300934
1680   0.31047
1681   0.32
1682   0.329513
1683   0.338659
1684   0.34749
1685   0.355397
1686   0.362485
1687   0.367966
1688   0.37194
1689   0.373711
1690   0.373331
1691   0.3706
1692   0.365522
1693   0.358429
1694   0.349193
1695   0.3385
1696   0.326024
1697   0.312638
1698   0.297824
1699   0.282547
1700   0.266137
1701   0.249603
1702   0.232177
1703   0.214886
1704   0.196907
1705   0.179276
1706   0.161144
1707   0.143548
1708   0.125643
1709   0.108456
1710   0.091172
1711   0.0748008
1712   0.0585788
1713   0.0434864
1714   0.0288543
1715   0.0156033
1716   0.00323423
1717   -0.007453
1718   -0.0166802
1719   -0.0239499
1720   0.26988
1721   0.278524
1722   0.28725
1723   0.295988
1724   0.304694
1725   0.313259
1726   0.321543
1727   0.329403
1728   0.336581
1729   0.342907
1730   0.348024
1731   0.351761
1732   0.353771
1733   0.353949
1734   0.352136
1735   0.348353
1736   0.342665
1737   0.335174
1738   0.326093
1739   0.315526
1740   0.303748
1741   0.290821
1742   0.277035
1743   0.2624
1744   0.247201
1745   0.231405
1746   0.215289
1747   0.19879
1748   0.182183
1749   0.165385
1750   0.148673
1751   0.131955
1752   0.115517
1753   0.0992636
1754   0.0834977
1755   0.0681195
1756   0.0534661
1757   0.0394266
1758   0.0264019
1759   0.0142449
1760   0.00349934
1761   -0.00610766
1762   -0.0136615
1763   0.257878
1764   0.265954
1765   0.274028
1766   0.282081
1767   0.29
1768   0.297806
1769   0.305229
1770   0.312356
1771   0.318741
1772   0.324518
1773   0.32913
1774   0.332701
1775   0.334731
1776   0.335279
1777   0.334121
1778   0.331217
1779   0.326716
1780   0.32044
1781   0.312867
1782   0.303656
1783   0.293516
1784   0.281944
1785   0.269799
1786   0.256442
1787   0.242821
1788   0.228194
1789   0.213565
1790   0.19812
1791   0.182896
1792   0.167039
1793   0.151604
1794   0.135717
1795   0.120443
1796   0.104907
1797   0.0901774
1798   0.0753896
1799   0.0616152
1800   0.0480111
1801   0.0356441
1802   0.0237172
1803   0.0132609
1804   0.00361307
1805   -0.00440919
1806   0.24624
1807   0.253782
1808   0.261289
1809   0.268722
1810   0.276022
1811   0.283124
1812   0.289922
1813   0.296319
1814   0.302153
1815   0.307296
1816   0.311547
1817   0.314762
1818   0.316751
1819   0.317397
1820   0.316594
1821   0.314293
1822   0.310504
1823   0.305245
1824   0.298624
1825   0.290696
1826   0.281622
1827   0.271465
1828   0.260409
1829   0.248504
1830   0.235938
1831   0.222745
1832   0.209108
1833   0.195048
1834   0.180744
1835   0.166206
1836   0.151611
1837   0.136966
1838   0.122448
1839   0.108064
1840   0.0939938
1841   0.0802516
1842   0.0670216
1843   0.0543266
1844   0.0423585
1845   0.0311519
1846   0.0209064
1847   0.0116699
1848   0.00362432
