##### Y Mean #####
0   0.00131081
1   -0.0281318
2   -0.0624891
3   -0.100269
4   -0.140603
5   -0.181663
6   -0.222822
7   -0.262498
8   -0.300256
9   -0.334427
10   -0.365391
11   -0.39254
12   -0.416297
13   -0.436402
14   -0.453144
15   -0.466438
16   -0.476507
17   -0.483362
18   -0.487287
19   -0.488426
20   -0.487063
21   -0.483437
22   -0.477756
23   -0.470282
24   -0.461206
25   -0.450829
26   -0.439353
27   -0.427103
28   -0.414233
29   -0.401001
30   -0.387507
31   -0.373936
32   -0.360343
33   -0.346839
34   -0.333452
35   -0.320243
36   -0.307231
37   -0.294452
38   -0.281922
39   -0.269665
40   -0.2577
41   -0.246042
42   -0.234706
43   0.0280304
44   -0.00207548
45   -0.0397753
46   -0.0797533
47   -0.125271
48   -0.16891
49   -0.215563
50   -0.257609
51   -0.301153
52   -0.336851
53   -0.372181
54   -0.40085
55   -0.427827
56   -0.449378
57   -0.468403
58   -0.482833
59   -0.49445
60   -0.501987
61   -0.506799
62   -0.508301
63   -0.507224
64   -0.503724
65   -0.497837
66   -0.490173
67   -0.480472
68   -0.469605
69   -0.4572
70   -0.444311
71   -0.430419
72   -0.416477
73   -0.401989
74   -0.3877
75   -0.373217
76   -0.359025
77   -0.344861
78   -0.331002
79   -0.317306
80   -0.303916
81   -0.290776
82   -0.277954
83   -0.265441
84   -0.253268
85   -0.241442
86   0.0598184
87   0.0314376
88   -0.00743899
89   -0.0502989
90   -0.0983665
91   -0.146528
92   -0.195602
93   -0.24223
94   -0.287822
95   -0.329485
96   -0.36755
97   -0.401202
98   -0.430962
99   -0.456229
100   -0.477633
101   -0.494577
102   -0.507849
103   -0.51722
104   -0.523242
105   -0.526065
106   -0.525883
107   -0.523003
108   -0.517515
109   -0.509793
110   -0.499989
111   -0.488543
112   -0.475661
113   -0.461862
114   -0.44727
115   -0.432275
116   -0.416976
117   -0.401656
118   -0.38637
119   -0.37126
120   -0.356351
121   -0.341698
122   -0.327321
123   -0.313243
124   -0.299487
125   -0.286063
126   -0.272997
127   -0.260295
128   -0.247979
129   0.0956054
130   0.0676195
131   0.0288693
132   -0.0155255
133   -0.0668791
134   -0.117316
135   -0.170353
136   -0.219317
137   -0.268511
138   -0.313108
139   -0.356386
140   -0.392698
141   -0.427775
142   -0.455069
143   -0.481312
144   -0.499791
145   -0.516632
146   -0.527672
147   -0.53613
148   -0.54071
149   -0.542109
150   -0.540483
151   -0.535694
152   -0.528493
153   -0.518665
154   -0.507153
155   -0.493652
156   -0.479424
157   -0.463884
158   -0.448154
159   -0.431768
160   -0.415615
161   -0.399323
162   -0.383407
163   -0.367625
164   -0.352231
165   -0.337104
166   -0.322358
167   -0.307951
168   -0.293933
169   -0.280302
170   -0.267077
171   -0.254269
172   0.134941
173   0.110784
174   0.0715191
175   0.0266064
176   -0.0267263
177   -0.0804232
178   -0.135708
179   -0.188397
180   -0.240069
181   -0.288232
182   -0.333545
183   -0.374319
184   -0.411297
185   -0.443573
186   -0.471936
187   -0.495912
188   -0.515704
189   -0.531414
190   -0.543116
191   -0.550847
192   -0.554925
193   -0.55506
194   -0.551898
195   -0.545464
196   -0.536307
197   -0.525001
198   -0.511578
199   -0.496783
200   -0.480727
201   -0.46395
202   -0.446711
203   -0.429414
204   -0.412246
205   -0.395311
206   -0.378723
207   -0.362466
208   -0.346621
209   -0.331149
210   -0.31611
211   -0.301475
212   -0.287292
213   -0.273538
214   -0.260254
215   0.176211
216   0.152966
217   0.115491
218   0.0695335
219   0.0149626
220   -0.0404512
221   -0.0983725
222   -0.153187
223   -0.207606
224   -0.257822
225   -0.305868
226   -0.349015
227   -0.389072
228   -0.42406
229   -0.456035
230   -0.483031
231   -0.507917
232   -0.526162
233   -0.543617
234   -0.552979
235   -0.562319
236   -0.563507
237   -0.563967
238   -0.55865
239   -0.551064
240   -0.540913
241   -0.527779
242   -0.513251
243   -0.496517
244   -0.47917
245   -0.46083
246   -0.442727
247   -0.424518
248   -0.40676
249   -0.389275
250   -0.372263
251   -0.355658
252   -0.33952
253   -0.323836
254   -0.308621
255   -0.293885
256   -0.279632
257   -0.265873
258   0.21894
259   0.201371
260   0.163231
261   0.117546
262   0.0616992
263   0.00414648
264   -0.0553868
265   -0.113019
266   -0.169378
267   -0.222348
268   -0.272394
269   -0.318296
270   -0.360451
271   -0.398261
272   -0.432268
273   -0.462096
274   -0.488502
275   -0.51063
276   -0.529309
277   -0.543801
278   -0.554845
279   -0.5622
280   -0.565613
281   -0.565648
282   -0.561465
283   -0.55378
284   -0.542594
285   -0.52813
286   -0.511424
287   -0.493318
288   -0.474335
289   -0.455125
290   -0.436148
291   -0.417386
292   -0.399167
293   -0.381332
294   -0.364077
295   -0.347261
296   -0.331006
297   -0.315222
298   -0.299987
299   -0.285245
300   -0.271054
301   0.260932
302   0.244517
303   0.209996
304   0.164278
305   0.108308
306   0.0499169
307   -0.011376
308   -0.0705069
309   -0.129128
310   -0.183804
311   -0.236224
312   -0.283901
313   -0.328452
314   -0.368056
315   -0.404318
316   -0.43586
317   -0.46412
318   -0.488254
319   -0.509078
320   -0.526212
321   -0.540436
322   -0.551061
323   -0.559946
324   -0.56286
325   -0.565532
326   -0.559321
327   -0.553042
328   -0.539079
329   -0.523253
330   -0.505403
331   -0.485803
332   -0.466216
333   -0.446383
334   -0.426964
335   -0.40799
336   -0.389533
337   -0.371643
338   -0.354277
339   -0.337478
340   -0.32121
341   -0.3055
342   -0.290332
343   -0.275721
344   0.301535
345   0.29324
346   0.258715
347   0.214466
348   0.158661
349   0.0984209
350   0.0363494
351   -0.0250406
352   -0.0850686
353   -0.142126
354   -0.196149
355   -0.246155
356   -0.292325
357   -0.334125
358   -0.37194
359   -0.405491
360   -0.435342
361   -0.461352
362   -0.483933
363   -0.503113
364   -0.519186
365   -0.532172
366   -0.542532
367   -0.549497
368   -0.553616
369   -0.554032
370   -0.550323
371   -0.543262
372   -0.530402
373   -0.514263
374   -0.495397
375   -0.475073
376   -0.454923
377   -0.434758
378   -0.415379
379   -0.396368
380   -0.378073
381   -0.360244
382   -0.343054
383   -0.326373
384   -0.310292
385   -0.294744
386   -0.279786
387   0.337598
388   0.329378
389   0.304287
390   0.263291
391   0.208633
392   0.148019
393   0.0843385
394   0.0217743
395   -0.0402098
396   -0.098706
397   -0.154799
398   -0.206306
399   -0.254487
400   -0.297763
401   -0.337432
402   -0.37242
403   -0.403934
404   -0.431343
405   -0.455531
406   -0.476149
407   -0.493843
408   -0.508348
409   -0.520152
410   -0.52926
411   -0.535568
412   -0.539258
413   -0.540395
414   -0.53679
415   -0.53166
416   -0.517031
417   -0.501001
418   -0.481061
419   -0.460826
420   -0.440566
421   -0.420949
422   -0.401721
423   -0.383153
424   -0.365066
425   -0.347588
426   -0.330635
427   -0.314256
428   -0.298427
429   -0.283164
430   0.370456
431   0.367645
432   0.346766
433   0.314163
434   0.259049
435   0.197639
436   0.133811
437   0.0696748
438   0.00672465
439   -0.0537377
440   -0.111113
441   -0.164638
442   -0.214165
443   -0.259351
444   -0.300342
445   -0.337074
446   -0.369874
447   -0.398829
448   -0.424258
449   -0.446298
450   -0.465222
451   -0.481137
452   -0.494391
453   -0.505024
454   -0.513172
455   -0.518831
456   -0.521893
457   -0.521869
458   -0.518844
459   -0.511949
460   -0.498308
461   -0.481962
462   -0.46291
463   -0.443107
464   -0.423949
465   -0.404898
466   -0.38643
467   -0.368348
468   -0.350816
469   -0.333761
470   -0.317236
471   -0.301228
472   -0.285757
473   0.399716
474   0.398924
475   0.385413
476   0.355554
477   0.306145
478   0.246412
479   0.182226
480   0.117723
481   0.0533868
482   -0.00809853
483   -0.0672056
484   -0.12195
485   -0.173227
486   -0.219652
487   -0.262272
488   -0.300208
489   -0.334467
490   -0.364561
491   -0.391298
492   -0.414456
493   -0.434609
494   -0.451742
495   -0.466208
496   -0.478218
497   -0.4877
498   -0.49498
499   -0.499552
500   -0.501865
501   -0.500983
502   -0.497505
503   -0.490094
504   -0.476508
505   -0.460902
506   -0.442506
507   -0.42431
508   -0.405829
509   -0.387791
510   -0.369976
511   -0.352618
512   -0.335643
513   -0.319124
514   -0.30306
515   -0.287477
516   0.425972
517   0.429454
518   0.421077
519   0.400763
520   0.351636
521   0.293361
522   0.23033
523   0.165392
524   0.100732
525   0.0378342
526   -0.0221589
527   -0.078585
528   -0.130914
529   -0.179
530   -0.222701
531   -0.262172
532   -0.297491
533   -0.328959
534   -0.356732
535   -0.38115
536   -0.40238
537   -0.42075
538   -0.436421
539   -0.449672
540   -0.460516
541   -0.469143
542   -0.475385
543   -0.479377
544   -0.480706
545   -0.479508
546   -0.474546
547   -0.466154
548   -0.452791
549   -0.437561
550   -0.420923
551   -0.403929
552   -0.386731
553   -0.369666
554   -0.352743
555   -0.33613
556   -0.319783
557   -0.303838
558   -0.288241
559   0.44892
560   0.455317
561   0.45251
562   0.434061
563   0.393158
564   0.338443
565   0.276639
566   0.212347
567   0.147044
568   0.083688
569   0.0223899
570   -0.0348725
571   -0.0886604
572   -0.137701
573   -0.182819
574   -0.223266
575   -0.25989
576   -0.292331
577   -0.321302
578   -0.346721
579   -0.369098
580   -0.388561
581   -0.405376
582   -0.419835
583   -0.431875
584   -0.441892
585   -0.449484
586   -0.455142
587   -0.458086
588   -0.458832
589   -0.456111
590   -0.450487
591   -0.441062
592   -0.428559
593   -0.414458
594   -0.39914
595   -0.383376
596   -0.367277
597   -0.351155
598   -0.335068
599   -0.319132
600   -0.303415
601   -0.287973
602   0.468577
603   0.478299
604   0.480684
605   0.472094
606   0.43269
607   0.381649
608   0.322052
609   0.258273
610   0.19326
611   0.129037
612   0.0673306
613   0.0087648
614   -0.0457141
615   -0.0961499
616   -0.142076
617   -0.18387
618   -0.221354
619   -0.255053
620   -0.284932
621   -0.311552
622   -0.33492
623   -0.355578
624   -0.373506
625   -0.389188
626   -0.402488
627   -0.413823
628   -0.422873
629   -0.430023
630   -0.43466
631   -0.437191
632   -0.43654
633   -0.433419
634   -0.426357
635   -0.41692
636   -0.405005
637   -0.391911
638   -0.377648
639   -0.362963
640   -0.347774
641   -0.332536
642   -0.317118
643   -0.301861
644   -0.286631
645   0.484782
646   0.497483
647   0.504004
648   0.497082
649   0.468381
650   0.422698
651   0.36559
652   0.303121
653   0.238049
654   0.173954
655   0.111396
656   0.0524488
657   -0.00317123
658   -0.0542318
659   -0.101356
660   -0.14389
661   -0.182537
662   -0.217051
663   -0.248052
664   -0.275574
665   -0.300061
666   -0.321735
667   -0.340812
668   -0.357634
669   -0.37215
670   -0.384765
671   -0.395151
672   -0.403726
673   -0.409898
674   -0.414018
675   -0.415323
676   -0.414068
677   -0.409712
678   -0.402613
679   -0.393286
680   -0.382183
681   -0.369844
682   -0.356569
683   -0.342666
684   -0.328331
685   -0.313707
686   -0.298956
687   -0.284169
688   0.497405
689   0.512362
690   0.52344
691   0.525666
692   0.501257
693   0.463198
694   0.408309
695   0.346629
696   0.282436
697   0.217929
698   0.15551
699   0.0956293
700   0.0397158
701   -0.0124762
702   -0.0601183
703   -0.103812
704   -0.14311
705   -0.178766
706   -0.210535
707   -0.239198
708   -0.264585
709   -0.287429
710   -0.307546
711   -0.325593
712   -0.341285
713   -0.355206
714   -0.366902
715   -0.376902
716   -0.384515
717   -0.390266
718   -0.393195
719   -0.393958
720   -0.391516
721   -0.386885
722   -0.379601
723   -0.370754
724   -0.360124
725   -0.348578
726   -0.335912
727   -0.322776
728   -0.308948
729   -0.294958
730   -0.2806
731   0.506581
732   0.524083
733   0.537707
734   0.542068
735   0.530321
736   0.498854
737   0.448506
738   0.3889
739   0.325195
740   0.261493
741   0.198656
742   0.138849
743   0.0820847
744   0.0295967
745   -0.0190303
746   -0.0632154
747   -0.103524
748   -0.139818
749   -0.172618
750   -0.202065
751   -0.228527
752   -0.252303
753   -0.273558
754   -0.292673
755   -0.309583
756   -0.324687
757   -0.3377
758   -0.348982
759   -0.358063
760   -0.365213
761   -0.369886
762   -0.372268
763   -0.371991
764   -0.3693
765   -0.364307
766   -0.357356
767   -0.348725
768   -0.338732
769   -0.327601
770   -0.315589
771   -0.302834
772   -0.289566
773   -0.275906
774   0.512157
775   0.531284
776   0.548071
777   0.558211
778   0.554625
779   0.536913
780   0.487646
781   0.429014
782   0.36739
783   0.303818
784   0.241703
785   0.181284
786   0.124599
787   0.0712219
788   0.0223727
789   -0.0227771
790   -0.0635071
791   -0.100802
792   -0.134209
793   -0.164709
794   -0.191958
795   -0.216858
796   -0.239066
797   -0.259379
798   -0.277379
799   -0.29376
800   -0.307973
801   -0.320631
802   -0.331013
803   -0.3397
804   -0.34582
805   -0.350015
806   -0.351414
807   -0.350832
808   -0.347658
809   -0.342805
810   -0.335857
811   -0.327667
812   -0.317892
813   -0.307273
814   -0.295487
815   -0.283207
816   -0.27015
817   0.514282
818   0.535205
819   0.554598
820   0.569086
821   0.574503
822   0.561218
823   0.522172
824   0.468175
825   0.407992
826   0.345936
827   0.283751
828   0.223791
829   0.166505
830   0.113156
831   0.0635465
832   0.0181757
833   -0.0233855
834   -0.0611175
835   -0.095433
836   -0.12658
837   -0.154833
838   -0.180571
839   -0.20388
840   -0.225185
841   -0.244378
842   -0.261866
843   -0.277368
844   -0.291226
845   -0.303029
846   -0.313029
847   -0.320781
848   -0.326471
849   -0.329776
850   -0.330902
851   -0.329775
852   -0.326661
853   -0.321642
854   -0.315
855   -0.306847
856   -0.297449
857   -0.286907
858   -0.27549
859   -0.263333
860   0.513106
861   0.53473
862   0.557176
863   0.575868
864   0.5895
865   0.590734
866   0.553859
867   0.504074
868   0.447284
869   0.38627
870   0.325284
871   0.26508
872   0.208252
873   0.154299
874   0.104801
875   0.0587024
876   0.01698
877   -0.0215774
878   -0.0563168
879   -0.0884011
880   -0.117319
881   -0.144107
882   -0.168281
883   -0.190735
884   -0.210942
885   -0.229669
886   -0.246296
887   -0.261491
888   -0.274521
889   -0.286003
890   -0.295117
891   -0.3025
892   -0.307342
893   -0.310367
894   -0.310893
895   -0.30972
896   -0.306298
897   -0.301434
898   -0.294655
899   -0.286738
900   -0.277258
901   -0.26698
902   -0.255552
903   0.509113
904   0.532224
905   0.556422
906   0.579506
907   0.59873
908   0.602711
909   0.580411
910   0.53804
911   0.484499
912   0.425852
913   0.365365
914   0.306161
915   0.249115
916   0.195616
917   0.145661
918   0.0996626
919   0.0573378
920   0.0185641
921   -0.0169292
922   -0.0495189
923   -0.0793429
924   -0.106874
925   -0.132086
926   -0.155462
927   -0.176818
928   -0.196593
929   -0.214471
930   -0.230815
931   -0.245222
932   -0.257968
933   -0.268633
934   -0.27743
935   -0.284023
936   -0.288612
937   -0.291012
938   -0.291446
939   -0.289856
940   -0.286484
941   -0.281338
942   -0.27467
943   -0.266529
944   -0.2572
945   -0.246818
946   0.502367
947   0.525248
948   0.551677
949   0.576847
950   0.60234
951   0.619075
952   0.602252
953   0.56952
954   0.519839
955   0.462969
956   0.404361
957   0.345413
958   0.289389
959   0.235664
960   0.186241
961   0.139809
962   0.0976156
963   0.0582297
964   0.0225003
965   -0.0108815
966   -0.0412507
967   -0.0697317
968   -0.0957227
969   -0.120173
970   -0.142472
971   -0.163424
972   -0.182365
973   -0.199993
974   -0.21557
975   -0.229736
976   -0.241698
977   -0.252089
978   -0.260118
979   -0.266461
980   -0.270389
981   -0.272635
982   -0.27255
983   -0.2709
984   -0.267105
985   -0.261948
986   -0.25491
987   -0.246816
988   -0.237248
989   0.493471
990   0.517336
991   0.544004
992   0.57194
993   0.599209
994   0.617932
995   0.618844
996   0.595295
997   0.551695
998   0.498462
999   0.441194
1000   0.38408
1001   0.328356
1002   0.275614
1003   0.22611
1004   0.180132
1005   0.13761
1006   0.0982292
1007   0.0619321
1008   0.0281802
1009   -0.00296634
1010   -0.0320992
1011   -0.0590306
1012   -0.0843278
1013   -0.107692
1014   -0.129626
1015   -0.149744
1016   -0.168461
1017   -0.185342
1018   -0.20071
1019   -0.214131
1020   -0.225855
1021   -0.235507
1022   -0.243301
1023   -0.248966
1024   -0.252706
1025   -0.254358
1026   -0.25413
1027   -0.251945
1028   -0.248029
1029   -0.242379
1030   -0.235281
1031   -0.226859
1032   0.482372
1033   0.505246
1034   0.532835
1035   0.560974
1036   0.590965
1037   0.615434
1038   0.625992
1039   0.621269
1040   0.580994
1041   0.53029
1042   0.47641
1043   0.420126
1044   0.366128
1045   0.313574
1046   0.265072
1047   0.219005
1048   0.176915
1049   0.137177
1050   0.100826
1051   0.066468
1052   0.0348984
1053   0.00496395
1054   -0.0226461
1055   -0.0488889
1056   -0.0731036
1057   -0.0960984
1058   -0.117192
1059   -0.137086
1060   -0.155056
1061   -0.171739
1062   -0.186369
1063   -0.199566
1064   -0.21055
1065   -0.219961
1066   -0.227041
1067   -0.232473
1068   -0.235538
1069   -0.236965
1070   -0.236087
1071   -0.23368
1072   -0.229143
1073   -0.223338
1074   -0.215784
1075   0.469664
1076   0.492667
1077   0.519159
1078   0.548035
1079   0.578349
1080   0.605913
1081   0.626614
1082   0.627916
1083   0.603322
1084   0.559988
1085   0.508732
1086   0.45508
1087   0.401879
1088   0.35085
1089   0.302709
1090   0.257454
1091   0.215367
1092   0.175845
1093   0.139166
1094   0.104577
1095   0.0724211
1096   0.0419531
1097   0.0135734
1098   -0.0134001
1099   -0.0385212
1100   -0.0623829
1101   -0.0845051
1102   -0.105379
1103   -0.124511
1104   -0.14229
1105   -0.158237
1106   -0.172653
1107   -0.185112
1108   -0.195852
1109   -0.204529
1110   -0.211342
1111   -0.21604
1112   -0.218812
1113   -0.219498
1114   -0.218304
1115   -0.215172
1116   -0.210381
1117   -0.204041
1118   0.455449
1119   0.476739
1120   0.502969
1121   0.530423
1122   0.561486
1123   0.590201
1124   0.618093
1125   0.636241
1126   0.617915
1127   0.584213
1128   0.537403
1129   0.485619
1130   0.435016
1131   0.384819
1132   0.338244
1133   0.293374
1134   0.25204
1135   0.212509
1136   0.175976
1137   0.141063
1138   0.108649
1139   0.077631
1140   0.0487339
1141   0.0210486
1142   -0.00476168
1143   -0.0294687
1144   -0.052411
1145   -0.0742645
1146   -0.0943377
1147   -0.113247
1148   -0.130262
1149   -0.145976
1150   -0.159628
1151   -0.171821
1152   -0.181783
1153   -0.19015
1154   -0.196159
1155   -0.200498
1156   -0.202431
1157   -0.202719
1158   -0.200689
1159   -0.197218
1160   -0.191774
1161   0.440442
1162   0.461314
1163   0.48562
1164   0.51271
1165   0.542354
1166   0.572595
1167   0.601538
1168   0.621755
1169   0.624772
1170   0.600802
1171   0.560446
1172   0.513265
1173   0.464644
1174   0.41685
1175   0.371341
1176   0.327705
1177   0.286852
1178   0.247787
1179   0.211298
1180   0.176363
1181   0.143695
1182   0.112356
1183   0.0829988
1184   0.0547985
1185   0.0283694
1186   0.00300505
1187   -0.0207023
1188   -0.0433394
1189   -0.0643338
1190   -0.0841564
1191   -0.102266
1192   -0.119028
1193   -0.133951
1194   -0.147314
1195   -0.158697
1196   -0.168311
1197   -0.175824
1198   -0.181413
1199   -0.184841
1200   -0.186294
1201   -0.185658
1202   -0.183198
1203   -0.179003
1204   0.424757
1205   0.44371
1206   0.467102
1207   0.491983
1208   0.520849
1209   0.549368
1210   0.579366
1211   0.603555
1212   0.614878
1213   0.612614
1214   0.577812
1215   0.533952
1216   0.489647
1217   0.443593
1218   0.400382
1219   0.357858
1220   0.318163
1221   0.279666
1222   0.243635
1223   0.208871
1224   0.176243
1225   0.144798
1226   0.115218
1227   0.0867052
1228   0.0598689
1229   0.0340161
1230   0.00974983
1231   -0.0135482
1232   -0.0352461
1233   -0.055914
1234   -0.0748751
1235   -0.0926779
1236   -0.108599
1237   -0.123191
1238   -0.13569
1239   -0.146682
1240   -0.155376
1241   -0.162413
1242   -0.167007
1243   -0.169886
1244   -0.170318
1245   -0.169177
1246   -0.165883
1247   0.408985
1248   0.427263
1249   0.448448
1250   0.472168
1251   0.498357
1252   0.52589
1253   0.553504
1254   0.578399
1255   0.596557
1256   0.599625
1257   0.585413
1258   0.549509
1259   0.509146
1260   0.466347
1261   0.425278
1262   0.384522
1263   0.346121
1264   0.308519
1265   0.273203
1266   0.238836
1267   0.20654
1268   0.175178
1269   0.145655
1270   0.117003
1271   0.090003
1272   0.0638329
1273   0.0392029
1274   0.015426
1275   -0.00683658
1276   -0.0281446
1277   -0.0478815
1278   -0.066488
1279   -0.0833994
1280   -0.0989483
1281   -0.112635
1282   -0.1247
1283   -0.134725
1284   -0.142888
1285   -0.148872
1286   -0.152845
1287   -0.154631
1288   -0.154475
1289   -0.152436
1290   0.393162
1291   0.409666
1292   0.429634
1293   0.450901
1294   0.475347
1295   0.499884
1296   0.525907
1297   0.548829
1298   0.569516
1299   0.581893
1300   0.573768
1301   0.55386
1302   0.51914
1303   0.480426
1304   0.442893
1305   0.404789
1306   0.368258
1307   0.332312
1308   0.298062
1309   0.264723
1310   0.233017
1311   0.202253
1312   0.172996
1313   0.144622
1314   0.117643
1315   0.0914889
1316   0.0666767
1317   0.0426784
1318   0.0200461
1319   -0.00171842
1320   -0.0220096
1321   -0.0413125
1322   -0.0589588
1323   -0.0754398
1324   -0.0900226
1325   -0.103227
1326   -0.114264
1327   -0.123711
1328   -0.130749
1329   -0.136059
1330   -0.138853
1331   -0.139985
1332   -0.138826
1333   0.377678
1334   0.393432
1335   0.411335
1336   0.431147
1337   0.452732
1338   0.475437
1339   0.498157
1340   0.520096
1341   0.538446
1342   0.552098
1343   0.554571
1344   0.541956
1345   0.52008
1346   0.487189
1347   0.454342
1348   0.419117
1349   0.385401
1350   0.351278
1351   0.318876
1352   0.286717
1353   0.256232
1354   0.2262
1355   0.19772
1356   0.169749
1357   0.143207
1358   0.117197
1359   0.0925372
1360   0.0684598
1361   0.0457179
1362   0.0236669
1363   0.00300666
1364   -0.016785
1365   -0.0350617
1366   -0.0522252
1367   -0.0676902
1368   -0.0817443
1369   -0.0938789
1370   -0.104288
1371   -0.112566
1372   -0.118867
1373   -0.12294
1374   -0.125005
1375   -0.12508
1376   0.36249
1377   0.376792
1378   0.393484
1379   0.411152
1380   0.43093
1381   0.450917
1382   0.471727
1383   0.49103
1384   0.508503
1385   0.521357
1386   0.526706
1387   0.523555
1388   0.506811
1389   0.483446
1390   0.455434
1391   0.425543
1392   0.394938
1393   0.364109
1394   0.333769
1395   0.303784
1396   0.274677
1397   0.246114
1398   0.218536
1399   0.191543
1400   0.165552
1401   0.140147
1402   0.115758
1403   0.0919732
1404   0.0692604
1405   0.0472142
1406   0.0263582
1407   0.00628766
1408   -0.0124024
1409   -0.0301282
1410   -0.0462121
1411   -0.0610993
1412   -0.0740261
1413   -0.0854954
1414   -0.0946755
1415   -0.102178
1416   -0.107169
1417   -0.11046
1418   -0.111367
1419   0.347794
1420   0.361364
1421   0.37636
1422   0.392641
1423   0.410032
1424   0.428188
1425   0.446193
1426   0.463749
1427   0.478725
1428   0.491064
1429   0.496856
1430   0.497247
1431   0.488299
1432   0.471414
1433   0.450215
1434   0.425085
1435   0.399043
1436   0.371383
1437   0.344141
1438   0.316305
1439   0.289363
1440   0.262275
1441   0.236226
1442   0.210233
1443   0.185308
1444   0.160547
1445   0.13686
1446   0.113432
1447   0.0911052
1448   0.0691653
1449   0.0483979
1450   0.0281982
1451   0.00929986
1452   -0.00878333
1453   -0.0253752
1454   -0.0408343
1455   -0.0545559
1456   -0.066774
1457   -0.0769847
1458   -0.0853372
1459   -0.0914915
1460   -0.0956321
1461   -0.0977186
1462   0.333513
1463   0.34595
1464   0.359868
1465   0.37445
1466   0.390268
1467   0.406261
1468   0.422536
1469   0.437907
1470   0.451729
1471   0.46291
1472   0.469662
1473   0.471827
1474   0.466403
1475   0.455292
1476   0.438848
1477   0.419106
1478   0.396941
1479   0.373341
1480   0.348952
1481   0.32408
1482   0.299199
1483   0.27428
1484   0.24971
1485   0.225307
1486   0.201427
1487   0.177816
1488   0.154837
1489   0.132201
1490   0.110303
1491   0.0888383
1492   0.0682491
1493   0.048221
1494   0.0292616
1495   0.0110403
1496   -0.00584822
1497   -0.0217637
1498   -0.0360054
1499   -0.0489869
1500   -0.0598983
1501   -0.0692599
1502   -0.0762052
1503   -0.0814705
1504   -0.0843117
1505   0.319718
1506   0.33146
1507   0.344055
1508   0.357426
1509   0.371401
1510   0.385815
1511   0.399973
1512   0.413784
1513   0.425835
1514   0.436229
1515   0.442832
1516   0.445997
1517   0.443674
1518   0.436249
1519   0.424519
1520   0.408899
1521   0.39107
1522   0.370903
1523   0.349976
1524   0.327733
1525   0.305517
1526   0.282562
1527   0.26003
1528   0.237078
1529   0.21475
1530   0.192195
1531   0.170379
1532   0.148484
1533   0.127422
1534   0.106431
1535   0.0863771
1536   0.0665775
1537   0.0478533
1538   0.0296211
1539   0.0126513
1540   -0.00351605
1541   -0.0181743
1542   -0.0316382
1543   -0.0432934
1544   -0.0533164
1545   -0.0612527
1546   -0.0672497
1547   -0.0711811
1548   0.306338
1549   0.317189
1550   0.328851
1551   0.340907
1552   0.353585
1553   0.366339
1554   0.379077
1555   0.391208
1556   0.402195
1557   0.411515
1558   0.418098
1559   0.421714
1560   0.42102
1561   0.416449
1562   0.407806
1563   0.395996
1564   0.381447
1565   0.364881
1566   0.346798
1567   0.327575
1568   0.307642
1569   0.287117
1570   0.266362
1571   0.245338
1572   0.224372
1573   0.203335
1574   0.182546
1575   0.161829
1576   0.141517
1577   0.121405
1578   0.101859
1579   0.0826536
1580   0.0642061
1581   0.0462737
1582   0.0293459
1583   0.0131538
1584   -0.00170789
1585   -0.0155542
1586   -0.0276527
1587   -0.0384106
1588   -0.046965
1589   -0.0539375
1590   -0.05851
1591   0.29339
1592   0.303586
1593   0.314222
1594   0.325257
1595   0.336542
1596   0.348014
1597   0.35918
1598   0.370045
1599   0.379691
1600   0.388222
1601   0.394371
1602   0.398285
1603   0.398837
1604   0.396157
1605   0.39022
1606   0.381187
1607   0.369829
1608   0.356089
1609   0.341021
1610   0.324275
1611   0.306946
1612   0.288455
1613   0.269868
1614   0.250468
1615   0.23128
1616   0.211521
1617   0.19218
1618   0.172454
1619   0.153304
1620   0.133939
1621   0.115293
1622   0.0966152
1623   0.0788086
1624   0.061187
1625   0.0446158
1626   0.0285053
1627   0.0136685
1628   -0.000345712
1629   -0.0128034
1630   -0.0239744
1631   -0.0332657
1632   -0.0408066
1633   -0.0463378
1634   0.28083
1635   0.290302
1636   0.30014
1637   0.310157
1638   0.3204
1639   0.330613
1640   0.340654
1641   0.350232
1642   0.358966
1643   0.366566
1644   0.372417
1645   0.376304
1646   0.377572
1647   0.376237
1648   0.372073
1649   0.365371
1650   0.356302
1651   0.345218
1652   0.332451
1653   0.318255
1654   0.302983
1655   0.286759
1656   0.269913
1657   0.252461
1658   0.234708
1659   0.216598
1660   0.198424
1661   0.180084
1662   0.161871
1663   0.143657
1664   0.125745
1665   0.107993
1666   0.0907301
1667   0.0737983
1668   0.0575746
1669   0.0418809
1670   0.0271706
1671   0.0132324
1672   0.000645413
1673   -0.01087
1674   -0.0205456
1675   -0.0288366
1676   -0.0348538
1677   0.268656
1678   0.277521
1679   0.286554
1680   0.295734
1681   0.304932
1682   0.314144
1683   0.323019
1684   0.331614
1685   0.339315
1686   0.346237
1687   0.351578
1688   0.355452
1689   0.357149
1690   0.356738
1691   0.354001
1692   0.348966
1693   0.341949
1694   0.332846
1695   0.322326
1696   0.310089
1697   0.296988
1698   0.282533
1699   0.267659
1700   0.251731
1701   0.235722
1702   0.218898
1703   0.202247
1704   0.18498
1705   0.168088
1706   0.150759
1707   0.133979
1708   0.116943
1709   0.100623
1710   0.0842418
1711   0.0687531
1712   0.0534302
1713   0.0391967
1714   0.0254161
1715   0.0129547
1716   0.0013377
1717   -0.00868274
1718   -0.0173188
1719   -0.0241031
1720   0.256847
1721   0.26511
1722   0.273473
1723   0.281868
1724   0.290254
1725   0.298526
1726   0.306545
1727   0.314169
1728   0.321142
1729   0.327295
1730   0.33227
1731   0.335898
1732   0.33783
1733   0.337966
1734   0.336144
1735   0.332391
1736   0.326772
1737   0.319396
1738   0.310475
1739   0.300121
1740   0.288606
1741   0.276
1742   0.262589
1743   0.248387
1744   0.233675
1745   0.218423
1746   0.2029
1747   0.187048
1748   0.171128
1749   0.155063
1750   0.139114
1751   0.123192
1752   0.107568
1753   0.0921457
1754   0.0772123
1755   0.0626688
1756   0.0488314
1757   0.0355915
1758   0.0233255
1759   0.0118904
1760   0.00179796
1761   -0.00721307
1762   -0.01428
1763   0.245399
1764   0.253115
1765   0.260844
1766   0.268571
1767   0.276183
1768   0.283707
1769   0.290871
1770   0.297769
1771   0.303949
1772   0.309556
1773   0.314021
1774   0.317484
1775   0.31943
1776   0.319934
1777   0.318759
1778   0.315882
1779   0.311436
1780   0.305269
1781   0.297836
1782   0.288824
1783   0.278919
1784   0.267646
1785   0.255838
1786   0.242885
1787   0.229703
1788   0.215583
1789   0.201491
1790   0.186649
1791   0.172049
1792   0.156877
1793   0.142136
1794   0.126995
1795   0.112464
1796   0.0977093
1797   0.0837436
1798   0.0697437
1799   0.0567222
1800   0.043878
1801   0.0322176
1802   0.0209846
1803   0.0111503
1804   0.00208674
1805   -0.00543612
1806   0.234304
1807   0.241507
1808   0.248689
1809   0.255813
1810   0.262822
1811   0.269655
1812   0.276206
1813   0.282381
1814   0.288019
1815   0.292994
1816   0.297103
1817   0.300208
1818   0.302116
1819   0.302714
1820   0.301894
1821   0.299612
1822   0.295878
1823   0.290714
1824   0.284227
1825   0.276478
1826   0.267628
1827   0.257742
1828   0.247002
1829   0.235464
1830   0.223309
1831   0.210577
1832   0.197443
1833   0.183931
1834   0.170211
1835   0.156296
1836   0.142352
1837   0.128387
1838   0.114566
1839   0.100896
1840   0.0875444
1841   0.0745233
1842   0.0620046
1843   0.0500075
1844   0.0387111
1845   0.0281457
1846   0.0184979
1847   0.00981075
1848   0.00225413
