##### Y Mean #####
0   0.00465509
1   -0.0281084
2   -0.066544
3   -0.109102
4   -0.15493
5   -0.202104
6   -0.249948
7   -0.296592
8   -0.341414
9   -0.382121
10   -0.419208
11   -0.451847
12   -0.480574
13   -0.505044
14   -0.525564
15   -0.542009
16   -0.554576
17   -0.563257
18   -0.568352
19   -0.57005
20   -0.568655
21   -0.564498
22   -0.557775
23   -0.54885
24   -0.537918
25   -0.525413
26   -0.511564
27   -0.496833
28   -0.481383
29   -0.465579
30   -0.449517
31   -0.43345
32   -0.417418
33   -0.401567
34   -0.385905
35   -0.370503
36   -0.355365
37   -0.340529
38   -0.326003
39   -0.311812
40   -0.297969
41   -0.284491
42   -0.27139
43   0.0357021
44   0.00249388
45   -0.0393195
46   -0.0839939
47   -0.135268
48   -0.1851
49   -0.239123
50   -0.288366
51   -0.34037
52   -0.382683
53   -0.42528
54   -0.459766
55   -0.492598
56   -0.519041
57   -0.542516
58   -0.560639
59   -0.575266
60   -0.585057
61   -0.591359
62   -0.593778
63   -0.592789
64   -0.589045
65   -0.582067
66   -0.573091
67   -0.561309
68   -0.548322
69   -0.5332
70   -0.517764
71   -0.500926
72   -0.484302
73   -0.466907
74   -0.449996
75   -0.432799
76   -0.416131
77   -0.399477
78   -0.383299
79   -0.367308
80   -0.351741
81   -0.336469
82   -0.321599
83   -0.307097
84   -0.293001
85   -0.279317
86   0.0723955
87   0.0414537
88   -0.00125087
89   -0.048644
90   -0.102267
91   -0.156535
92   -0.212769
93   -0.266794
94   -0.320736
95   -0.370513
96   -0.416429
97   -0.457409
98   -0.493971
99   -0.525312
100   -0.552136
101   -0.573577
102   -0.590609
103   -0.602912
104   -0.611093
105   -0.61537
106   -0.615849
107   -0.612991
108   -0.606772
109   -0.597728
110   -0.585972
111   -0.572174
112   -0.556527
113   -0.539808
114   -0.522107
115   -0.504
116   -0.485567
117   -0.467219
118   -0.448991
119   -0.431073
120   -0.413467
121   -0.396235
122   -0.379383
123   -0.362925
124   -0.346882
125   -0.331254
126   -0.316069
127   -0.301325
128   -0.287048
129   0.113456
130   0.0833613
131   0.0413028
132   -0.00721356
133   -0.0638975
134   -0.120096
135   -0.180109
136   -0.23629
137   -0.293713
138   -0.346868
139   -0.399194
140   -0.443495
141   -0.487114
142   -0.52108
143   -0.554561
144   -0.57808
145   -0.600034
146   -0.614815
147   -0.626422
148   -0.633382
149   -0.636092
150   -0.635206
151   -0.629989
152   -0.621836
153   -0.610037
154   -0.596288
155   -0.579741
156   -0.562519
157   -0.543436
158   -0.524357
159   -0.504351
160   -0.484883
161   -0.465224
162   -0.446226
163   -0.427408
164   -0.409193
165   -0.391326
166   -0.373997
167   -0.357099
168   -0.340711
169   -0.324806
170   -0.309409
171   -0.294525
172   0.158254
173   0.132845
174   0.0907939
175   0.0424394
176   -0.0157182
177   -0.0747268
178   -0.136629
179   -0.196287
180   -0.256156
181   -0.312835
182   -0.367213
183   -0.41682
184   -0.462562
185   -0.503068
186   -0.539289
187   -0.570489
188   -0.596692
189   -0.618043
190   -0.63445
191   -0.645872
192   -0.65261
193   -0.654146
194   -0.651372
195   -0.644317
196   -0.633618
197   -0.620133
198   -0.603785
199   -0.585669
200   -0.565877
201   -0.545201
202   -0.523978
203   -0.502796
204   -0.481895
205   -0.461399
206   -0.441455
207   -0.422003
208   -0.403152
209   -0.384813
210   -0.367071
211   -0.349854
212   -0.333236
213   -0.317158
214   -0.301681
215   0.204859
216   0.1808
217   0.141402
218   0.092523
219   0.0338685
220   -0.0264766
221   -0.0904259
222   -0.151993
223   -0.214101
224   -0.272669
225   -0.329508
226   -0.381697
227   -0.430783
228   -0.474652
229   -0.515423
230   -0.550701
231   -0.584103
232   -0.608936
233   -0.633697
234   -0.647396
235   -0.661897
236   -0.664943
237   -0.667356
238   -0.662081
239   -0.653635
240   -0.641944
241   -0.625931
242   -0.608228
243   -0.587329
244   -0.565803
245   -0.542865
246   -0.520492
247   -0.498002
248   -0.476304
249   -0.45502
250   -0.434484
251   -0.414532
252   -0.39526
253   -0.376614
254   -0.358614
255   -0.341253
256   -0.324527
257   -0.308441
258   0.252698
259   0.235055
260   0.195521
261   0.147757
262   0.0883476
263   0.0265765
264   -0.0385931
265   -0.102428
266   -0.166208
267   -0.227048
268   -0.285735
269   -0.340442
270   -0.391702
271   -0.438518
272   -0.481582
273   -0.520169
274   -0.555288
275   -0.585432
276   -0.611699
277   -0.63285
278   -0.649808
279   -0.662115
280   -0.669099
281   -0.671607
282   -0.668306
283   -0.660087
284   -0.646955
285   -0.629161
286   -0.608237
287   -0.585435
288   -0.561487
289   -0.537339
290   -0.51367
291   -0.490393
292   -0.468005
293   -0.446207
294   -0.425302
295   -0.405027
296   -0.385575
297   -0.366766
298   -0.348732
299   -0.331347
300   -0.314709
301   0.299399
302   0.283237
303   0.24808
304   0.200755
305   0.142047
306   0.0798857
307   0.0137041
308   -0.0512407
309   -0.116616
310   -0.17879
311   -0.239319
312   -0.295548
313   -0.348914
314   -0.397468
315   -0.442706
316   -0.483135
317   -0.520105
318   -0.552787
319   -0.581687
320   -0.606539
321   -0.628007
322   -0.64512
323   -0.660493
324   -0.667124
325   -0.674124
326   -0.667935
327   -0.662041
328   -0.644894
329   -0.625086
330   -0.602606
331   -0.577561
332   -0.552771
333   -0.527685
334   -0.503361
335   -0.479758
336   -0.456999
337   -0.435105
338   -0.41401
339   -0.393746
340   -0.374251
341   -0.355545
342   -0.33759
343   -0.320391
344   0.344316
345   0.336759
346   0.302014
347   0.256896
348   0.198825
349   0.135606
350   0.0691137
351   0.00262474
352   -0.063713
353   -0.127613
354   -0.189347
355   -0.247367
356   -0.302061
357   -0.352452
358   -0.399103
359   -0.44137
360   -0.480024
361   -0.51462
362   -0.545644
363   -0.57292
364   -0.596776
365   -0.617006
366   -0.634245
367   -0.646998
368   -0.65601
369   -0.659905
370   -0.657873
371   -0.651063
372   -0.635717
373   -0.615548
374   -0.591484
375   -0.565351
376   -0.539672
377   -0.514063
378   -0.489775
379   -0.466081
380   -0.443541
381   -0.4217
382   -0.400851
383   -0.380731
384   -0.361507
385   -0.343014
386   -0.325364
387   0.38426
388   0.37703
389   0.352141
390   0.31058
391   0.254398
392   0.191278
393   0.123984
394   0.056823
395   -0.0107022
396   -0.075537
397   -0.138647
398   -0.197721
399   -0.253864
400   -0.305407
401   -0.353504
402   -0.39705
403   -0.437115
404   -0.473112
405   -0.505703
406   -0.534605
407   -0.560236
408   -0.582351
409   -0.601226
410   -0.617024
411   -0.629139
412   -0.637898
413   -0.64327
414   -0.641552
415   -0.637949
416   -0.619835
417   -0.599857
418   -0.574129
419   -0.54812
420   -0.522238
421   -0.497442
422   -0.473333
423   -0.450285
424   -0.42801
425   -0.40668
426   -0.386148
427   -0.366474
428   -0.347594
429   -0.329518
430   0.420566
431   0.419139
432   0.398647
433   0.365877
434   0.309694
435   0.246519
436   0.179568
437   0.111592
438   0.0436279
439   -0.0224366
440   -0.0863138
441   -0.14674
442   -0.203784
443   -0.256691
444   -0.305785
445   -0.350672
446   -0.391842
447   -0.429107
448   -0.462885
449   -0.493075
450   -0.520017
451   -0.543585
452   -0.564253
453   -0.581835
454   -0.596427
455   -0.607818
456   -0.615832
457   -0.619473
458   -0.61885
459   -0.612527
460   -0.596056
461   -0.575599
462   -0.551246
463   -0.525859
464   -0.501636
465   -0.477644
466   -0.454661
467   -0.432295
468   -0.410844
469   -0.390108
470   -0.370217
471   -0.351062
472   -0.332714
473   0.452778
474   0.45347
475   0.440684
476   0.410913
477   0.360936
478   0.299832
479   0.233267
480   0.165438
481   0.0968629
482   0.0303258
483   -0.0345385
484   -0.0956614
485   -0.153792
486   -0.207499
487   -0.257674
488   -0.303439
489   -0.345634
490   -0.383822
491   -0.418594
492   -0.449815
493   -0.477807
494   -0.502683
495   -0.524524
496   -0.54375
497   -0.559844
498   -0.573355
499   -0.583226
500   -0.590203
501   -0.592593
502   -0.591347
503   -0.584318
504   -0.567894
505   -0.548605
506   -0.525188
507   -0.50224
508   -0.478981
509   -0.45651
510   -0.434461
511   -0.413179
512   -0.392523
513   -0.372595
514   -0.353359
515   -0.334838
516   0.481542
517   0.486786
518   0.479211
519   0.459228
520   0.409907
521   0.350861
522   0.285886
523   0.218322
524   0.149949
525   0.0827303
526   0.0175218
527   -0.0445856
528   -0.103269
529   -0.158021
530   -0.20886
531   -0.255643
532   -0.298582
533   -0.337727
534   -0.373326
535   -0.405506
536   -0.434499
537   -0.460455
538   -0.483592
539   -0.504026
540   -0.521735
541   -0.536748
542   -0.548805
543   -0.557898
544   -0.563379
545   -0.56529
546   -0.561755
547   -0.553121
548   -0.53707
549   -0.518295
550   -0.497561
551   -0.476383
552   -0.455062
553   -0.43401
554   -0.413306
555   -0.393105
556   -0.373405
557   -0.354301
558   -0.335769
559   0.506528
560   0.51469
561   0.512945
562   0.495038
563   0.454258
564   0.399059
565   0.335934
566   0.26948
567   0.201179
568   0.134034
569   0.0682436
570   0.0058298
571   -0.0536353
572   -0.108863
573   -0.16052
574   -0.207883
575   -0.251617
576   -0.29143
577   -0.327819
578   -0.360809
579   -0.390661
580   -0.417657
581   -0.441769
582   -0.463494
583   -0.482371
584   -0.499039
585   -0.512601
586   -0.523844
587   -0.53134
588   -0.535906
589   -0.535431
590   -0.530805
591   -0.520536
592   -0.505734
593   -0.488653
594   -0.469863
595   -0.450538
596   -0.430826
597   -0.411198
598   -0.391715
599   -0.372545
600   -0.353756
601   -0.33541
602   0.527828
603   0.539503
604   0.542954
605   0.535025
606   0.496016
607   0.444935
608   0.38437
609   0.319035
610   0.251502
611   0.184163
612   0.118482
613   0.055434
614   -0.00422354
615   -0.0602252
616   -0.112248
617   -0.160409
618   -0.204639
619   -0.245249
620   -0.282276
621   -0.316109
622   -0.3468
623   -0.37475
624   -0.399952
625   -0.422778
626   -0.443034
627   -0.461051
628   -0.476367
629   -0.489318
630   -0.498995
631   -0.505812
632   -0.508173
633   -0.506992
634   -0.500064
635   -0.489654
636   -0.475691
637   -0.460047
638   -0.442833
639   -0.425074
640   -0.406738
641   -0.388397
642   -0.36994
643   -0.351752
644   -0.333704
645   0.545272
646   0.559874
647   0.567653
648   0.561543
649   0.53337
650   0.487815
651   0.430234
652   0.366603
653   0.299638
654   0.232907
655   0.167036
656   0.104106
657   0.0439518
658   -0.0122035
659   -0.064832
660   -0.11332
661   -0.158192
662   -0.199281
663   -0.236998
664   -0.271494
665   -0.302971
666   -0.331809
667   -0.357937
668   -0.381891
669   -0.403263
670   -0.422678
671   -0.439381
672   -0.454011
673   -0.465464
674   -0.474282
675   -0.479149
676   -0.480458
677   -0.477279
678   -0.470146
679   -0.45982
680   -0.446975
681   -0.432435
682   -0.416638
683   -0.400057
684   -0.38296
685   -0.365563
686   -0.34807
687   -0.330598
688   0.558807
689   0.575792
690   0.588092
691   0.591165
692   0.567406
693   0.529705
694   0.474633
695   0.412307
696   0.346632
697   0.280084
698   0.214815
699   0.151564
700   0.0915831
701   0.0348851
702   -0.0178285
703   -0.0669405
704   -0.112091
705   -0.153857
706   -0.192049
707   -0.227307
708   -0.259485
709   -0.289212
710   -0.316283
711   -0.341284
712   -0.363848
713   -0.38451
714   -0.402655
715   -0.418791
716   -0.431942
717   -0.442661
718   -0.449567
719   -0.453453
720   -0.452817
721   -0.449041
722   -0.441523
723   -0.431781
724   -0.4196
725   -0.406162
726   -0.39128
727   -0.375795
728   -0.359484
729   -0.342999
730   -0.326112
731   0.568563
732   0.588013
733   0.60301
734   0.6083
735   0.597165
736   0.566117
737   0.51593
738   0.45599
739   0.391336
740   0.326001
741   0.260898
742   0.198169
743   0.137926
744   0.0813733
745   0.0282332
746   -0.0209668
747   -0.0666248
748   -0.108685
749   -0.147475
750   -0.183249
751   -0.21615
752   -0.246626
753   -0.274574
754   -0.300548
755   -0.324168
756   -0.346012
757   -0.365428
758   -0.38294
759   -0.397664
760   -0.409992
761   -0.41897
762   -0.424861
763   -0.427027
764   -0.425817
765   -0.421374
766   -0.414201
767   -0.404721
768   -0.393396
769   -0.380574
770   -0.366613
771   -0.351727
772   -0.336214
773   -0.320239
774   0.574458
775   0.595606
776   0.613728
777   0.624853
778   0.621813
779   0.604457
780   0.55562
781   0.497087
782   0.434828
783   0.37013
784   0.306147
785   0.243351
786   0.183607
787   0.126706
788   0.0737484
789   0.0240901
790   -0.0216252
791   -0.0642337
792   -0.103324
793   -0.139764
794   -0.173218
795   -0.204504
796   -0.233247
797   -0.260189
798   -0.284819
799   -0.307802
800   -0.32842
801   -0.347279
802   -0.363399
803   -0.377389
804   -0.38804
805   -0.396091
806   -0.400342
807   -0.40183
808   -0.399764
809   -0.395354
810   -0.388117
811   -0.379182
812   -0.368174
813   -0.356051
814   -0.342459
815   -0.328238
816   -0.313067
817   0.576642
818   0.599501
819   0.620304
820   0.635737
821   0.641686
822   0.628827
823   0.590288
824   0.536563
825   0.476169
826   0.413318
827   0.34977
828   0.287824
829   0.228008
830   0.171535
831   0.118332
832   0.0688339
833   0.0227652
834   -0.0199389
835   -0.059511
836   -0.0963098
837   -0.130401
838   -0.162296
839   -0.191843
840   -0.219611
841   -0.245215
842   -0.269207
843   -0.290988
844   -0.311024
845   -0.328563
846   -0.343946
847   -0.356404
848   -0.366184
849   -0.37274
850   -0.376352
851   -0.376889
852   -0.374727
853   -0.369995
854   -0.363091
855   -0.3542
856   -0.343688
857   -0.331714
858   -0.318629
859   -0.304616
860   0.575319
861   0.598922
862   0.622707
863   0.642384
864   0.656421
865   0.657905
866   0.621716
867   0.572461
868   0.515673
869   0.454274
870   0.392255
871   0.33054
872   0.271552
873   0.214962
874   0.162241
875   0.112485
876   0.0666033
877   0.0235105
878   -0.0161737
879   -0.0535178
880   -0.0880091
881   -0.120617
882   -0.150815
883   -0.179456
884   -0.205918
885   -0.230944
886   -0.253757
887   -0.275019
888   -0.293774
889   -0.310659
890   -0.324584
891   -0.336258
892   -0.344607
893   -0.350508
894   -0.353088
895   -0.353363
896   -0.350666
897   -0.346034
898   -0.338919
899   -0.330307
900   -0.319711
901   -0.308085
902   -0.295018
903   0.570969
904   0.595962
905   0.621538
906   0.645521
907   0.665175
908   0.669481
909   0.647724
910   0.605908
911   0.552663
912   0.493881
913   0.432784
914   0.372398
915   0.313654
916   0.257874
917   0.205161
918   0.155859
919   0.109823
920   0.0668486
921   0.0268279
922   -0.010718
923   -0.0457381
924   -0.0788247
925   -0.109734
926   -0.139077
927   -0.16642
928   -0.192324
929   -0.216199
930   -0.238507
931   -0.258557
932   -0.276696
933   -0.292239
934   -0.305449
935   -0.315793
936   -0.323525
937   -0.328366
938   -0.330613
939   -0.330196
940   -0.327442
941   -0.322386
942   -0.315366
943   -0.306465
944   -0.296052
945   -0.284306
946   0.563704
947   0.588494
948   0.616226
949   0.64234
950   0.668156
951   0.685021
952   0.668766
953   0.636609
954   0.587368
955   0.530681
956   0.471723
957   0.411997
958   0.354588
959   0.299013
960   0.247163
961   0.197859
962   0.152284
963   0.109114
964   0.0691704
965   0.0312243
966   -0.00405429
967   -0.0377335
968   -0.069169
969   -0.0992732
970   -0.127348
971   -0.154176
972   -0.178955
973   -0.202374
974   -0.22351
975   -0.243014
976   -0.259872
977   -0.27477
978   -0.286694
979   -0.296429
980   -0.30306
981   -0.307477
982   -0.308892
983   -0.308255
984   -0.304879
985   -0.299737
986   -0.292223
987   -0.283352
988   -0.272634
989   0.55412
990   0.579797
991   0.607807
992   0.636621
993   0.6643
994   0.683212
995   0.684369
996   0.661308
997   0.618289
998   0.565401
999   0.50812
1000   0.450487
1001   0.393773
1002   0.339487
1003   0.287972
1004   0.239446
1005   0.193958
1006   0.151117
1007   0.11101
1008   0.0730049
1009   0.0373309
1010   0.00328965
1011   -0.0287377
1012   -0.0594296
1013   -0.0882681
1014   -0.11586
1015   -0.141581
1016   -0.165932
1017   -0.188229
1018   -0.208862
1019   -0.227164
1020   -0.243433
1021   -0.257112
1022   -0.268456
1023   -0.277082
1024   -0.283246
1025   -0.286732
1026   -0.287812
1027   -0.286396
1028   -0.28278
1029   -0.276974
1030   -0.269338
1031   -0.260035
1032   0.542207
1033   0.566913
1034   0.595788
1035   0.624867
1036   0.655238
1037   0.679864
1038   0.690509
1039   0.685931
1040   0.64635
1041   0.596231
1042   0.542505
1043   0.486035
1044   0.431301
1045   0.377578
1046   0.327356
1047   0.279131
1048   0.234382
1049   0.191578
1050   0.151726
1051   0.113501
1052   0.0777026
1053   0.0432262
1054   0.0107993
1055   -0.0205034
1056   -0.0499441
1057   -0.0783108
1058   -0.104804
1059   -0.130117
1060   -0.153366
1061   -0.175199
1062   -0.194665
1063   -0.212419
1064   -0.227491
1065   -0.240597
1066   -0.250803
1067   -0.258907
1068   -0.264041
1069   -0.26708
1070   -0.267229
1071   -0.265432
1072   -0.260979
1073   -0.254916
1074   -0.246679
1075   0.528557
1076   0.55331
1077   0.581135
1078   0.610925
1079   0.641709
1080   0.669418
1081   0.690053
1082   0.691462
1083   0.66734
1084   0.624591
1085   0.57373
1086   0.520085
1087   0.466481
1088   0.414539
1089   0.365042
1090   0.31792
1091   0.273555
1092   0.231275
1093   0.19148
1094   0.153335
1095   0.11733
1096   0.0826221
1097   0.0497836
1098   0.018032
1099   -0.0119927
1100   -0.0409785
1101   -0.0682335
1102   -0.0943309
1103   -0.118557
1104   -0.141365
1105   -0.162069
1106   -0.181018
1107   -0.19761
1108   -0.212123
1109   -0.224085
1110   -0.233735
1111   -0.240744
1112   -0.245344
1113   -0.247337
1114   -0.24698
1115   -0.24421
1116   -0.239369
1117   -0.232597
1118   0.5133
1119   0.536359
1120   0.563888
1121   0.592332
1122   0.623872
1123   0.652807
1124   0.680506
1125   0.698405
1126   0.680531
1127   0.64738
1128   0.601056
1129   0.54953
1130   0.498713
1131   0.447918
1132   0.400231
1133   0.353841
1134   0.310508
1135   0.268584
1136   0.229233
1137   0.191135
1138   0.15517
1139   0.120277
1140   0.0872121
1141   0.0550922
1142   0.0246467
1143   -0.0048791
1144   -0.0327239
1145   -0.0595554
1146   -0.0845505
1147   -0.10833
1148   -0.130008
1149   -0.150203
1150   -0.167987
1151   -0.184015
1152   -0.197352
1153   -0.208719
1154   -0.217198
1155   -0.223593
1156   -0.227029
1157   -0.228409
1158   -0.226938
1159   -0.223665
1160   -0.217964
1161   0.497144
1162   0.519715
1163   0.545368
1164   0.573439
1165   0.603664
1166   0.634128
1167   0.662974
1168   0.682996
1169   0.685989
1170   0.662448
1171   0.622649
1172   0.57582
1173   0.527235
1174   0.479038
1175   0.432723
1176   0.387818
1177   0.345306
1178   0.304133
1179   0.265185
1180   0.227365
1181   0.19151
1182   0.156597
1183   0.123426
1184   0.0910803
1185   0.0603457
1186   0.0304253
1187   0.00210082
1188   -0.0252955
1189   -0.0509941
1190   -0.0755325
1191   -0.0981779
1192   -0.119348
1193   -0.138381
1194   -0.155596
1195   -0.170436
1196   -0.183146
1197   -0.193295
1198   -0.201092
1199   -0.20624
1200   -0.208962
1201   -0.20912
1202   -0.207033
1203   -0.20281
1204   0.480226
1205   0.500886
1206   0.5256
1207   0.551537
1208   0.581016
1209   0.609885
1210   0.639822
1211   0.663826
1212   0.674999
1213   0.672684
1214   0.638454
1215   0.595105
1216   0.550934
1217   0.504724
1218   0.460897
1219   0.417397
1220   0.376287
1221   0.336006
1222   0.297789
1223   0.260483
1224   0.224956
1225   0.190285
1226   0.157178
1227   0.124858
1228   0.093989
1229   0.0638914
1230   0.0352515
1231   0.00745762
1232   -0.0187487
1233   -0.0439399
1234   -0.0673073
1235   -0.0894168
1236   -0.109397
1237   -0.12784
1238   -0.143828
1239   -0.158008
1240   -0.169437
1241   -0.178847
1242   -0.185303
1243   -0.189657
1244   -0.191041
1245   -0.190489
1246   -0.187317
1247   0.463132
1248   0.483053
1249   0.505597
1250   0.530375
1251   0.55729
1252   0.585229
1253   0.612953
1254   0.637729
1255   0.655668
1256   0.658659
1257   0.644587
1258   0.609142
1259   0.569057
1260   0.526236
1261   0.484785
1262   0.443258
1263   0.403726
1264   0.364591
1265   0.327405
1266   0.290771
1267   0.255909
1268   0.221605
1269   0.188891
1270   0.156712
1271   0.126003
1272   0.0958519
1273   0.0671399
1274   0.0390973
1275   0.0125652
1276   -0.0130881
1277   -0.037067
1278   -0.0598703
1279   -0.0807671
1280   -0.100134
1281   -0.117329
1282   -0.132624
1283   -0.145487
1284   -0.156123
1285   -0.164134
1286   -0.169714
1287   -0.172648
1288   -0.173224
1289   -0.171512
1290   0.445919
1291   0.464057
1292   0.485361
1293   0.507746
1294   0.532961
1295   0.558041
1296   0.584271
1297   0.607238
1298   0.627727
1299   0.639884
1300   0.631859
1301   0.612122
1302   0.577696
1303   0.539091
1304   0.501293
1305   0.462627
1306   0.425159
1307   0.387941
1308   0.352056
1309   0.316746
1310   0.282732
1311   0.24934
1312   0.217159
1313   0.185576
1314   0.155151
1315   0.125321
1316   0.0966715
1317   0.0686784
1318   0.0419851
1319   0.016091
1320   -0.00828684
1321   -0.0316459
1322   -0.053189
1323   -0.0734352
1324   -0.0915091
1325   -0.107979
1326   -0.121903
1327   -0.133933
1328   -0.143096
1329   -0.150175
1330   -0.154241
1331   -0.156291
1332   -0.155585
1333   0.428974
1334   0.4463
1335   0.465556
1336   0.486489
1337   0.508937
1338   0.532248
1339   0.555339
1340   0.577414
1341   0.595756
1342   0.609258
1343   0.611661
1344   0.599144
1345   0.577376
1346   0.54461
1347   0.511609
1348   0.47596
1349   0.441508
1350   0.406307
1351   0.372523
1352   0.338621
1353   0.306113
1354   0.273704
1355   0.242603
1356   0.211681
1357   0.181998
1358   0.152564
1359   0.124354
1360   0.0965127
1361   0.0699595
1362   0.0439712
1363   0.0194164
1364   -0.00429394
1365   -0.0263504
1366   -0.0472073
1367   -0.066131
1368   -0.0834464
1369   -0.0985185
1370   -0.111565
1371   -0.122086
1372   -0.130253
1373   -0.135758
1374   -0.138856
1375   -0.139564
1376   0.412276
1377   0.428123
1378   0.446139
1379   0.464962
1380   0.485635
1381   0.50633
1382   0.527594
1383   0.547184
1384   0.564747
1385   0.577596
1386   0.582901
1387   0.579714
1388   0.563075
1389   0.539745
1390   0.511621
1391   0.481388
1392   0.450168
1393   0.418437
1394   0.386892
1395   0.355397
1396   0.324479
1397   0.293806
1398   0.26384
1399   0.234184
1400   0.205291
1401   0.17675
1402   0.149045
1403   0.121766
1404   0.0954535
1405   0.0697001
1406   0.0451218
1407   0.0213044
1408   -0.00104708
1409   -0.0223685
1410   -0.0418554
1411   -0.0599877
1412   -0.0758592
1413   -0.0900284
1414   -0.10151
1415   -0.111002
1416   -0.117518
1417   -0.121999
1418   -0.123642
1419   0.396023
1420   0.411073
1421   0.42739
1422   0.444817
1423   0.463162
1424   0.482074
1425   0.500651
1426   0.518584
1427   0.533809
1428   0.546238
1429   0.552102
1430   0.552465
1431   0.543548
1432   0.526654
1433   0.505341
1434   0.479912
1435   0.453358
1436   0.424915
1437   0.396645
1438   0.36747
1439   0.338945
1440   0.309952
1441   0.281776
1442   0.253345
1443   0.225794
1444   0.198128
1445   0.171398
1446   0.144698
1447   0.119024
1448   0.0935746
1449   0.0692964
1450   0.045507
1451   0.0230998
1452   0.00152443
1453   -0.0183912
1454   -0.0370527
1455   -0.0537192
1456   -0.0686534
1457   -0.0812398
1458   -0.0916438
1459   -0.0994511
1460   -0.104871
1461   -0.107851
1462   0.380154
1463   0.394031
1464   0.409233
1465   0.424968
1466   0.441753
1467   0.458564
1468   0.475468
1469   0.491322
1470   0.505472
1471   0.516863
1472   0.523738
1473   0.525947
1474   0.520563
1475   0.50943
1476   0.492876
1477   0.472871
1478   0.450257
1479   0.425985
1480   0.400686
1481   0.374648
1482   0.348345
1483   0.32174
1484   0.295236
1485   0.268643
1486   0.242349
1487   0.216094
1488   0.190288
1489   0.164639
1490   0.139599
1491   0.114862
1492   0.090943
1493   0.0675205
1494   0.0451935
1495   0.0236166
1496   0.00349354
1497   -0.0155602
1498   -0.0327158
1499   -0.0484275
1500   -0.0617387
1501   -0.0732364
1502   -0.0818989
1503   -0.0885748
1504   -0.0923891
1505   0.364748
1506   0.377865
1507   0.391722
1508   0.406226
1509   0.421194
1510   0.43645
1511   0.45131
1512   0.465665
1513   0.478147
1514   0.488825
1515   0.495646
1516   0.498909
1517   0.496659
1518   0.489216
1519   0.477397
1520   0.461536
1521   0.443326
1522   0.422559
1523   0.400849
1524   0.377561
1525   0.354102
1526   0.32962
1527   0.30537
1528   0.280415
1529   0.255914
1530   0.230919
1531   0.206529
1532   0.181827
1533   0.157869
1534   0.1338
1535   0.110639
1536   0.0876145
1537   0.0657039
1538   0.0442452
1539   0.0241632
1540   0.00493527
1541   -0.0125873
1542   -0.0287605
1543   -0.0428437
1544   -0.0550331
1545   -0.0647814
1546   -0.0722529
1547   -0.0772914
1548   0.349745
1549   0.361921
1550   0.374801
1551   0.387976
1552   0.401642
1553   0.415266
1554   0.428736
1555   0.441475
1556   0.452943
1557   0.462631
1558   0.469482
1559   0.473271
1560   0.472683
1561   0.468129
1562   0.459415
1563   0.447405
1564   0.432516
1565   0.415433
1566   0.396646
1567   0.376509
1568   0.355453
1569   0.333576
1570   0.311256
1571   0.288439
1572   0.265477
1573   0.242232
1574   0.21906
1575   0.195776
1576   0.172761
1577   0.149806
1578   0.127333
1579   0.105114
1580   0.0836362
1581   0.062647
1582   0.0427245
1583   0.0235827
1584   0.00592406
1585   -0.0105943
1586   -0.0251088
1587   -0.0380747
1588   -0.0484766
1589   -0.0570264
1590   -0.0627637
1591   0.335171
1592   0.346628
1593   0.358445
1594   0.370568
1595   0.382841
1596   0.395187
1597   0.407119
1598   0.418624
1599   0.428813
1600   0.437757
1601   0.444242
1602   0.448372
1603   0.449079
1604   0.44644
1605   0.440472
1606   0.431265
1607   0.419625
1608   0.405418
1609   0.389743
1610   0.37217
1611   0.353854
1612   0.334134
1613   0.314157
1614   0.293114
1615   0.272137
1616   0.250341
1617   0.228841
1618   0.206731
1619   0.185111
1620   0.163086
1621   0.14174
1622   0.120219
1623   0.0995834
1624   0.0790515
1625   0.0596462
1626   0.0406943
1627   0.0231618
1628   0.00653406
1629   -0.00831466
1630   -0.0216894
1631   -0.0328832
1632   -0.0420387
1633   -0.0488446
1634   0.32099
1635   0.331667
1636   0.342637
1637   0.353713
1638   0.364922
1639   0.376009
1640   0.386821
1641   0.397068
1642   0.406368
1643   0.41443
1644   0.420648
1645   0.424803
1646   0.426253
1647   0.425002
1648   0.420826
1649   0.413995
1650   0.404674
1651   0.39319
1652   0.379871
1653   0.364948
1654   0.348777
1655   0.331462
1656   0.313342
1657   0.294419
1658   0.275019
1659   0.255072
1660   0.2349
1661   0.214393
1662   0.193881
1663   0.173229
1664   0.152789
1665   0.132409
1666   0.112478
1667   0.0928293
1668   0.0739086
1669   0.0555275
1670   0.0382219
1671   0.0217642
1672   0.00683741
1673   -0.00686802
1674   -0.0184488
1675   -0.0284227
1676   -0.0357472
1677   0.307206
1678   0.317215
1679   0.327334
1680   0.337532
1681   0.347675
1682   0.357745
1683   0.367396
1684   0.376665
1685   0.384959
1686   0.39236
1687   0.398106
1688   0.402271
1689   0.404188
1690   0.403878
1691   0.401168
1692   0.396023
1693   0.388804
1694   0.379336
1695   0.368339
1696   0.355435
1697   0.341542
1698   0.326082
1699   0.310075
1700   0.292792
1701   0.275305
1702   0.256782
1703   0.238328
1704   0.219048
1705   0.200067
1706   0.180463
1707   0.16137
1708   0.141868
1709   0.123089
1710   0.104143
1711   0.0861453
1712   0.0682642
1713   0.0515855
1714   0.0353789
1715   0.0206664
1716   0.00690369
1717   -0.00502028
1718   -0.0153451
1719   -0.0235172
1720   0.293808
1721   0.303154
1722   0.312551
1723   0.321922
1724   0.331219
1725   0.340329
1726   0.349106
1727   0.357405
1728   0.364967
1729   0.371618
1730   0.377005
1731   0.38095
1732   0.383111
1733   0.383379
1734   0.381592
1735   0.377765
1736   0.371962
1737   0.364273
1738   0.354911
1739   0.343966
1740   0.331717
1741   0.318213
1742   0.303752
1743   0.288332
1744   0.27225
1745   0.255463
1746   0.238266
1747   0.220587
1748   0.202722
1749   0.184582
1750   0.166471
1751   0.148292
1752   0.130359
1753   0.112574
1754   0.095274
1755   0.0783559
1756   0.0621953
1757   0.0466774
1758   0.0322488
1759   0.0187542
1760   0.00679753
1761   -0.00391575
1762   -0.0123744
1763   0.280794
1764   0.289533
1765   0.298244
1766   0.3069
1767   0.315386
1768   0.323715
1769   0.33162
1770   0.339174
1771   0.345942
1772   0.35204
1773   0.356928
1774   0.360707
1775   0.362902
1776   0.363539
1777   0.362425
1778   0.359481
1779   0.354888
1780   0.348426
1781   0.340607
1782   0.331041
1783   0.320481
1784   0.30837
1785   0.29562
1786   0.28153
1787   0.267115
1788   0.251564
1789   0.235957
1790   0.219411
1791   0.203047
1792   0.185937
1793   0.169228
1794   0.151972
1795   0.135333
1796   0.118357
1797   0.10222
1798   0.0859785
1799   0.0708141
1800   0.0558049
1801   0.0421305
1802   0.0289185
1803   0.0173088
1804   0.00657687
1805   -0.00237302
1806   0.268163
1807   0.27633
1808   0.284437
1809   0.292441
1810   0.300279
1811   0.307882
1812   0.315139
1813   0.321949
1814   0.32815
1815   0.33361
1816   0.338126
1817   0.341553
1818   0.343699
1819   0.344444
1820   0.343681
1821   0.341355
1822   0.337476
1823   0.332055
1824   0.325197
1825   0.316951
1826   0.307478
1827   0.296835
1828   0.285207
1829   0.272639
1830   0.259325
1831   0.245295
1832   0.230741
1833   0.215682
1834   0.200308
1835   0.184631
1836   0.168841
1837   0.152949
1838   0.137148
1839   0.121451
1840   0.106056
1841   0.0909842
1842   0.076441
1843   0.0624561
1844   0.0492453
1845   0.0368511
1846   0.0254978
1847   0.0152425
1848   0.0062889
