##### Y Mean #####
0   -0.00372913
1   -0.0246499
2   -0.0487396
3   -0.0747936
4   -0.102029
5   -0.128996
6   -0.155225
7   -0.179784
8   -0.202568
9   -0.223059
10   -0.241368
11   -0.257233
12   -0.270864
13   -0.282148
14   -0.291332
15   -0.298391
16   -0.303579
17   -0.306923
18   -0.308665
19   -0.308862
20   -0.307738
21   -0.305364
22   -0.301938
23   -0.297537
24   -0.292333
25   -0.2864
26   -0.279883
27   -0.272852
28   -0.265425
29   -0.257663
30   -0.249662
31   -0.241473
32   -0.233172
33   -0.224801
34   -0.216418
35   -0.208058
36   -0.199762
37   -0.19156
38   -0.183481
39   -0.175547
40   -0.16778
41   -0.160197
42   -0.152812
43   0.0132143
44   -0.00863742
45   -0.035595
46   -0.0637309
47   -0.0951048
48   -0.124248
49   -0.154232
50   -0.180563
51   -0.206305
52   -0.228066
53   -0.248565
54   -0.265248
55   -0.280426
56   -0.292156
57   -0.302372
58   -0.309583
59   -0.315396
60   -0.318667
61   -0.32072
62   -0.320681
63   -0.319632
64   -0.316909
65   -0.313388
66   -0.308569
67   -0.303151
68   -0.296765
69   -0.289959
70   -0.282464
71   -0.274701
72   -0.266482
73   -0.258122
74   -0.249495
75   -0.240828
76   -0.232044
77   -0.223299
78   -0.214551
79   -0.205905
80   -0.197343
81   -0.188928
82   -0.180661
83   -0.172577
84   -0.164686
85   -0.157006
86   0.0337373
87   0.0125241
88   -0.0159279
89   -0.0468576
90   -0.0808225
91   -0.11407
92   -0.146548
93   -0.176544
94   -0.20427
95   -0.228916
96   -0.250862
97   -0.269699
98   -0.285858
99   -0.299131
100   -0.309944
101   -0.318205
102   -0.324311
103   -0.32824
104   -0.330353
105   -0.33067
106   -0.32951
107   -0.326917
108   -0.323167
109   -0.318316
110   -0.312594
111   -0.306063
112   -0.29891
113   -0.291195
114   -0.283069
115   -0.274584
116   -0.265858
117   -0.256939
118   -0.247914
119   -0.238825
120   -0.229735
121   -0.220681
122   -0.211705
123   -0.202838
124   -0.194109
125   -0.185544
126   -0.177161
127   -0.168982
128   -0.161019
129   0.0572513
130   0.0356843
131   0.00649748
132   -0.0264412
133   -0.0637042
134   -0.0995113
135   -0.135809
136   -0.168147
137   -0.19919
138   -0.225715
139   -0.250295
140   -0.270539
141   -0.288696
142   -0.302953
143   -0.315217
144   -0.324104
145   -0.33121
146   -0.335478
147   -0.338231
148   -0.338666
149   -0.337869
150   -0.335233
151   -0.331639
152   -0.326633
153   -0.320919
154   -0.314161
155   -0.306912
156   -0.29893
157   -0.290637
158   -0.281865
159   -0.272928
160   -0.263715
161   -0.254451
162   -0.245069
163   -0.235724
164   -0.22638
165   -0.217139
166   -0.207989
167   -0.198991
168   -0.190149
169   -0.181496
170   -0.173046
171   -0.164819
172   0.0836388
173   0.0640906
174   0.0336333
175   -0.000822406
176   -0.0406458
177   -0.0800596
178   -0.118929
179   -0.154975
180   -0.188292
181   -0.218033
182   -0.244484
183   -0.267329
184   -0.286933
185   -0.303201
186   -0.316515
187   -0.326893
188   -0.334707
189   -0.340032
190   -0.343215
191   -0.34436
192   -0.343778
193   -0.341586
194   -0.33805
195   -0.333288
196   -0.327523
197   -0.320864
198   -0.313492
199   -0.305504
200   -0.297042
201   -0.288191
202   -0.279058
203   -0.269714
204   -0.260237
205   -0.250689
206   -0.24112
207   -0.231583
208   -0.22211
209   -0.212746
210   -0.203508
211   -0.194437
212   -0.185538
213   -0.176849
214   -0.168372
215   0.111982
216   0.0925643
217   0.0622962
218   0.0260806
219   -0.0160155
220   -0.0575642
221   -0.0997155
222   -0.138015
223   -0.174605
224   -0.206448
225   -0.235787
226   -0.260421
227   -0.282403
228   -0.300084
229   -0.315261
230   -0.326687
231   -0.335898
232   -0.341952
233   -0.346141
234   -0.347757
235   -0.34787
236   -0.34595
237   -0.342869
238   -0.338234
239   -0.332744
240   -0.326111
241   -0.318881
242   -0.310849
243   -0.302434
244   -0.293492
245   -0.284334
246   -0.274867
247   -0.265313
248   -0.255616
249   -0.245929
250   -0.236224
251   -0.226599
252   -0.217048
253   -0.207629
254   -0.198353
255   -0.18925
256   -0.18034
257   -0.171645
258   0.142007
259   0.126441
260   0.0947515
261   0.0574493
262   0.0133922
263   -0.0311725
264   -0.0753814
265   -0.117062
266   -0.155811
267   -0.190894
268   -0.222272
269   -0.249749
270   -0.273485
271   -0.293514
272   -0.310094
273   -0.323374
274   -0.333647
275   -0.341113
276   -0.346068
277   -0.348728
278   -0.349367
279   -0.348199
280   -0.345462
281   -0.341353
282   -0.336072
283   -0.329794
284   -0.322676
285   -0.314872
286   -0.306498
287   -0.297687
288   -0.288519
289   -0.279106
290   -0.269501
291   -0.259798
292   -0.250024
293   -0.240261
294   -0.230517
295   -0.220863
296   -0.211294
297   -0.201874
298   -0.19259
299   -0.183505
300   -0.174605
301   0.172054
302   0.157007
303   0.127279
304   0.0891735
305   0.0437133
306   -0.00229922
307   -0.0492396
308   -0.0928723
309   -0.134691
310   -0.171889
311   -0.206225
312   -0.235687
313   -0.262023
314   -0.283747
315   -0.30248
316   -0.317119
317   -0.3291
318   -0.337608
319   -0.343878
320   -0.34731
321   -0.348941
322   -0.34833
323   -0.346327
324   -0.342613
325   -0.337867
326   -0.331862
327   -0.325128
328   -0.317506
329   -0.309399
330   -0.3007
331   -0.291708
332   -0.282353
333   -0.272847
334   -0.263153
335   -0.253414
336   -0.243615
337   -0.233848
338   -0.224114
339   -0.214469
340   -0.204927
341   -0.19552
342   -0.186275
343   -0.177216
344   0.201514
345   0.192928
346   0.162513
347   0.124493
348   0.0784557
349   0.0295835
350   -0.0187837
351   -0.0655407
352   -0.109311
353   -0.149664
354   -0.186057
355   -0.218443
356   -0.246677
357   -0.270935
358   -0.291284
359   -0.308015
360   -0.321301
361   -0.331482
362   -0.338773
363   -0.343516
364   -0.345929
365   -0.346333
366   -0.344923
367   -0.341989
368   -0.337692
369   -0.332285
370   -0.325888
371   -0.318721
372   -0.310865
373   -0.302507
374   -0.293694
375   -0.284585
376   -0.275197
377   -0.265666
378   -0.255987
379   -0.246277
380   -0.236513
381   -0.226799
382   -0.217101
383   -0.207516
384   -0.198003
385   -0.18866
386   -0.179449
387   0.227642
388   0.218729
389   0.195998
390   0.160364
391   0.114166
392   0.0642215
393   0.0131881
394   -0.0353961
395   -0.0820995
396   -0.124523
397   -0.163842
398   -0.198263
399   -0.229174
400   -0.255253
401   -0.277905
402   -0.29617
403   -0.311361
404   -0.322789
405   -0.331615
406   -0.337352
407   -0.340987
408   -0.342178
409   -0.341738
410   -0.339427
411   -0.335899
412   -0.330987
413   -0.325201
414   -0.318429
415   -0.311055
416   -0.303009
417   -0.294571
418   -0.285699
419   -0.276593
420   -0.267232
421   -0.257749
422   -0.248142
423   -0.238493
424   -0.228816
425   -0.219156
426   -0.209542
427   -0.199998
428   -0.190565
429   -0.181268
430   0.251599
431   0.246923
432   0.227586
433   0.198707
434   0.151448
435   0.099671
436   0.0477462
437   -0.00340103
438   -0.0517841
439   -0.0971022
440   -0.138362
441   -0.175622
442   -0.20842
443   -0.237059
444   -0.26139
445   -0.28185
446   -0.298463
447   -0.311717
448   -0.321719
449   -0.328952
450   -0.333549
451   -0.335959
452   -0.336307
453   -0.334992
454   -0.332114
455   -0.328017
456   -0.32277
457   -0.316666
458   -0.309738
459   -0.302236
460   -0.294161
461   -0.285726
462   -0.276905
463   -0.26788
464   -0.258605
465   -0.24924
466   -0.239723
467   -0.230197
468   -0.220592
469   -0.211043
470   -0.201477
471   -0.192033
472   -0.182647
473   0.273104
474   0.270038
475   0.256762
476   0.229975
477   0.186969
478   0.136066
479   0.0826904
480   0.0304199
481   -0.0203881
482   -0.0674689
483   -0.111421
484   -0.150574
485   -0.185958
486   -0.216376
487   -0.243014
488   -0.265042
489   -0.283633
490   -0.298224
491   -0.309887
492   -0.318245
493   -0.324226
494   -0.327584
495   -0.329087
496   -0.328575
497   -0.326665
498   -0.323254
499   -0.318821
500   -0.313304
501   -0.30706
502   -0.300055
503   -0.292549
504   -0.284527
505   -0.276168
506   -0.267473
507   -0.258558
508   -0.249437
509   -0.24018
510   -0.230811
511   -0.221368
512   -0.211889
513   -0.202395
514   -0.192939
515   -0.18355
516   0.292617
517   0.292944
518   0.284097
519   0.265396
520   0.222124
521   0.171625
522   0.118604
523   0.0648769
524   0.0129681
525   -0.0364927
526   -0.0820681
527   -0.123793
528   -0.160879
529   -0.193731
530   -0.221965
531   -0.24616
532   -0.26617
533   -0.282633
534   -0.295529
535   -0.305484
536   -0.312534
537   -0.317251
538   -0.319683
539   -0.320335
540   -0.319238
541   -0.316827
542   -0.313108
543   -0.308451
544   -0.302831
545   -0.296561
546   -0.289592
547   -0.282189
548   -0.274279
549   -0.266091
550   -0.257534
551   -0.248811
552   -0.239815
553   -0.230735
554   -0.221457
555   -0.212161
556   -0.202736
557   -0.193367
558   -0.18396
559   0.309903
560   0.312796
561   0.308539
562   0.291238
563   0.254788
564   0.207016
565   0.154149
566   0.100284
567   0.0467146
568   -0.00397059
569   -0.0518135
570   -0.0950929
571   -0.134516
572   -0.168946
573   -0.199362
574   -0.225028
575   -0.246982
576   -0.264768
577   -0.279362
578   -0.290493
579   -0.299018
580   -0.304784
581   -0.308503
582   -0.310094
583   -0.310126
584   -0.308559
585   -0.305832
586   -0.30193
587   -0.297178
588   -0.291578
589   -0.285361
590   -0.278538
591   -0.271265
592   -0.263563
593   -0.255528
594   -0.24719
595   -0.238602
596   -0.229802
597   -0.220817
598   -0.211694
599   -0.202451
600   -0.193156
601   -0.183841
602   0.324876
603   0.330452
604   0.330791
605   0.322054
606   0.286607
607   0.241492
608   0.19004
609   0.135712
610   0.0816677
611   0.0291865
612   -0.0198066
613   -0.0652679
614   -0.106064
615   -0.142687
616   -0.174492
617   -0.202197
618   -0.225465
619   -0.245081
620   -0.260885
621   -0.273642
622   -0.283276
623   -0.290487
624   -0.295226
625   -0.298107
626   -0.299078
627   -0.298665
628   -0.2968
629   -0.293928
630   -0.289959
631   -0.285271
632   -0.27975
633   -0.273722
634   -0.267053
635   -0.260026
636   -0.252493
637   -0.244708
638   -0.236513
639   -0.228142
640   -0.219435
641   -0.210618
642   -0.20154
643   -0.192437
644   -0.183182
645   0.337398
646   0.345687
647   0.349429
648   0.342007
649   0.315896
650   0.275303
651   0.225337
652   0.171575
653   0.116536
654   0.0634455
655   0.0126942
656   -0.0338609
657   -0.0766518
658   -0.114544
659   -0.148319
660   -0.177307
661   -0.202404
662   -0.223251
663   -0.240719
664   -0.254639
665   -0.265783
666   -0.274092
667   -0.280205
668   -0.284122
669   -0.286348
670   -0.286908
671   -0.286186
672   -0.284218
673   -0.281283
674   -0.277419
675   -0.27282
676   -0.267527
677   -0.261663
678   -0.255269
679   -0.24842
680   -0.241157
681   -0.233517
682   -0.225549
683   -0.217268
684   -0.208732
685   -0.199953
686   -0.191014
687   -0.181952
688   0.347249
689   0.357372
690   0.36519
691   0.365769
692   0.343403
693   0.309374
694   0.260913
695   0.207072
696   0.152207
697   0.0978577
698   0.0465351
699   -0.00177726
700   -0.045534
701   -0.0853278
702   -0.120215
703   -0.151054
704   -0.177291
705   -0.199866
706   -0.218459
707   -0.233979
708   -0.246224
709   -0.256016
710   -0.263202
711   -0.268497
712   -0.271759
713   -0.273598
714   -0.273863
715   -0.273071
716   -0.271059
717   -0.268266
718   -0.264511
719   -0.260173
720   -0.255058
721   -0.249498
722   -0.243289
723   -0.23673
724   -0.229611
725   -0.222212
726   -0.214323
727   -0.20622
728   -0.197705
729   -0.18907
730   -0.180151
731   0.354545
732   0.367034
733   0.376927
734   0.37937
735   0.368233
736   0.339926
737   0.295086
738   0.242656
739   0.187449
740   0.133211
741   0.0806418
742   0.0317228
743   -0.0136804
744   -0.0544031
745   -0.0910131
746   -0.122896
747   -0.1508
748   -0.17446
749   -0.194634
750   -0.211257
751   -0.225002
752   -0.235905
753   -0.244517
754   -0.250915
755   -0.255528
756   -0.258443
757   -0.259977
758   -0.260216
759   -0.259382
760   -0.25755
761   -0.25487
762   -0.251408
763   -0.247253
764   -0.242466
765   -0.237091
766   -0.231185
767   -0.224765
768   -0.217889
769   -0.210558
770   -0.202843
771   -0.194748
772   -0.186369
773   -0.17775
774   0.359054
775   0.3729
776   0.385659
777   0.393097
778   0.389349
779   0.373402
780   0.329132
781   0.276975
782   0.223171
783   0.168307
784   0.115791
785   0.0655101
786   0.0195442
787   -0.0227847
788   -0.0602026
789   -0.0937115
790   -0.122538
791   -0.147781
792   -0.168955
793   -0.187111
794   -0.201916
795   -0.214304
796   -0.224014
797   -0.231847
798   -0.237568
799   -0.241857
800   -0.244481
801   -0.246018
802   -0.246227
803   -0.245601
804   -0.243894
805   -0.241531
806   -0.238256
807   -0.234447
808   -0.229841
809   -0.224781
810   -0.219002
811   -0.21283
812   -0.206004
813   -0.198846
814   -0.191114
815   -0.183152
816   -0.174763
817   0.360896
818   0.376466
819   0.391472
820   0.402893
821   0.40704
822   0.39486
823   0.359662
824   0.311425
825   0.258315
826   0.204317
827   0.150994
828   0.100538
829   0.0532488
830   0.0103425
831   -0.0285248
832   -0.0628031
833   -0.0930923
834   -0.119239
835   -0.141873
836   -0.161043
837   -0.177305
838   -0.190792
839   -0.201947
840   -0.210928
841   -0.218065
842   -0.223512
843   -0.227503
844   -0.230172
845   -0.231676
846   -0.232129
847   -0.231625
848   -0.23026
849   -0.22808
850   -0.225166
851   -0.221529
852   -0.217242
853   -0.212296
854   -0.206761
855   -0.200619
856   -0.193954
857   -0.186759
858   -0.179148
859   -0.171167
860   0.36013
861   0.376272
862   0.394112
863   0.409205
864   0.420793
865   0.421703
866   0.388234
867   0.343468
868   0.293065
869   0.239413
870   0.186665
871   0.135291
872   0.0878582
873   0.0436873
874   0.0043643
875   -0.0312696
876   -0.0622257
877   -0.0897683
878   -0.11325
879   -0.133854
880   -0.151112
881   -0.166058
882   -0.178314
883   -0.188756
884   -0.19705
885   -0.203933
886   -0.209091
887   -0.213145
888   -0.215787
889   -0.21755
890   -0.218124
891   -0.217973
892   -0.216783
893   -0.21497
894   -0.212214
895   -0.208897
896   -0.204702
897   -0.199993
898   -0.194462
899   -0.188472
900   -0.181738
901   -0.174655
902   -0.16699
903   0.357186
904   0.374802
905   0.394148
906   0.413264
907   0.429717
908   0.432945
909   0.412684
910   0.374499
911   0.326602
912   0.274692
913   0.221781
914   0.170813
915   0.122506
916   0.078211
917   0.0377884
918   0.0017154
919   -0.0304499
920   -0.0586876
921   -0.0834728
922   -0.104986
923   -0.123628
924   -0.139644
925   -0.153334
926   -0.164944
927   -0.174685
928   -0.182779
929   -0.189361
930   -0.194621
931   -0.198636
932   -0.201562
933   -0.203432
934   -0.204372
935   -0.204382
936   -0.203561
937   -0.201887
938   -0.199445
939   -0.196198
940   -0.192227
941   -0.187496
942   -0.182095
943   -0.17601
944   -0.169367
945   -0.162215
946   0.352051
947   0.36943
948   0.39087
949   0.411755
950   0.433882
951   0.448604
952   0.433263
953   0.403775
954   0.359071
955   0.308281
956   0.256664
957   0.205338
958   0.157479
959   0.112347
960   0.0719051
961   0.0348022
962   0.00226251
963   -0.0271476
964   -0.0526136
965   -0.075427
966   -0.094991
967   -0.112401
968   -0.127176
969   -0.140231
970   -0.151148
971   -0.160694
972   -0.168484
973   -0.175168
974   -0.180377
975   -0.184672
976   -0.187688
977   -0.189917
978   -0.190994
979   -0.191362
980   -0.190655
981   -0.189281
982   -0.186876
983   -0.183836
984   -0.179806
985   -0.175187
986   -0.169652
987   -0.16364
988   -0.156887
989   0.34526
990   0.36366
991   0.385253
992   0.408674
993   0.432223
994   0.448658
995   0.44946
996   0.428222
997   0.38883
998   0.341063
999   0.290167
1000   0.240096
1001   0.191928
1002   0.147221
1003   0.106094
1004   0.0689171
1005   0.0354645
1006   0.0055769
1007   -0.0210028
1008   -0.044615
1009   -0.0654518
1010   -0.0838848
1011   -0.100035
1012   -0.114247
1013   -0.126586
1014   -0.137351
1015   -0.146566
1016   -0.15448
1017   -0.161083
1018   -0.166579
1019   -0.170932
1020   -0.174304
1021   -0.176639
1022   -0.178064
1023   -0.178513
1024   -0.178088
1025   -0.176719
1026   -0.174498
1027   -0.171364
1028   -0.167417
1029   -0.162629
1030   -0.157139
1031   -0.150997
1032   0.336702
1033   0.354202
1034   0.376697
1035   0.400212
1036   0.426188
1037   0.447651
1038   0.45729
1039   0.453348
1040   0.416719
1041   0.3709
1042   0.322783
1043   0.272977
1044   0.225976
1045   0.180886
1046   0.140226
1047   0.102391
1048   0.0688719
1049   0.038078
1050   0.0109908
1051   -0.0137424
1052   -0.0354076
1053   -0.0551131
1054   -0.0722957
1055   -0.0878673
1056   -0.101352
1057   -0.113511
1058   -0.123919
1059   -0.133224
1060   -0.141021
1061   -0.147876
1062   -0.153391
1063   -0.158067
1064   -0.161503
1065   -0.164156
1066   -0.16562
1067   -0.166324
1068   -0.165859
1069   -0.164646
1070   -0.162284
1071   -0.159206
1072   -0.155043
1073   -0.150275
1074   -0.144605
1075   0.326912
1076   0.344648
1077   0.366105
1078   0.390308
1079   0.416465
1080   0.440739
1081   0.459402
1082   0.460757
1083   0.438521
1084   0.399296
1085   0.353195
1086   0.305453
1087   0.258686
1088   0.214583
1089   0.173712
1090   0.136178
1091   0.102098
1092   0.0710435
1093   0.0430879
1094   0.0176849
1095   -0.00507341
1096   -0.0257121
1097   -0.0441275
1098   -0.0607839
1099   -0.075575
1100   -0.088895
1101   -0.100637
1102   -0.111127
1103   -0.120255
1104   -0.128284
1105   -0.135102
1106   -0.140914
1107   -0.145604
1108   -0.149329
1109   -0.151975
1110   -0.153663
1111   -0.154284
1112   -0.15394
1113   -0.152544
1114   -0.1502
1115   -0.146865
1116   -0.142685
1117   -0.137711
1118   0.315935
1119   0.332129
1120   0.353411
1121   0.376249
1122   0.403073
1123   0.428244
1124   0.45341
1125   0.470082
1126   0.453458
1127   0.422974
1128   0.380686
1129   0.334256
1130   0.289531
1131   0.245717
1132   0.205889
1133   0.168193
1134   0.134378
1135   0.102778
1136   0.0745149
1137   0.0482691
1138   0.0248311
1139   0.0031517
1140   -0.0161668
1141   -0.0339837
1142   -0.0498032
1143   -0.0643498
1144   -0.0771834
1145   -0.0889295
1146   -0.0991717
1147   -0.108461
1148   -0.116385
1149   -0.123439
1150   -0.129202
1151   -0.13413
1152   -0.13779
1153   -0.140616
1154   -0.142166
1155   -0.142869
1156   -0.142288
1157   -0.140874
1158   -0.138219
1159   -0.134834
1160   -0.130392
1161   0.304419
1162   0.320353
1163   0.339866
1164   0.362404
1165   0.387823
1166   0.414338
1167   0.440222
1168   0.458594
1169   0.461531
1170   0.439858
1171   0.403288
1172   0.360837
1173   0.317532
1174   0.275582
1175   0.236266
1176   0.199307
1177   0.165427
1178   0.133827
1179   0.105073
1180   0.0783645
1181   0.0541549
1182   0.0317365
1183   0.0114695
1184   -0.00724761
1185   -0.0241252
1186   -0.0396642
1187   -0.0536225
1188   -0.0664097
1189   -0.077814
1190   -0.0881633
1191   -0.0972644
1192   -0.105372
1193   -0.112307
1194   -0.11826
1195   -0.123064
1196   -0.126859
1197   -0.129496
1198   -0.131083
1199   -0.131501
1200   -0.130856
1201   -0.129084
1202   -0.126335
1203   -0.122655
1204   0.292429
1205   0.306654
1206   0.325404
1207   0.345883
1208   0.37057
1209   0.395364
1210   0.422084
1211   0.443862
1212   0.454353
1213   0.452658
1214   0.420973
1215   0.381279
1216   0.341684
1217   0.300941
1218   0.263403
1219   0.227019
1220   0.193819
1221   0.162253
1222   0.133505
1223   0.10644
1224   0.081838
1225   0.0588016
1226   0.0379023
1227   0.0183911
1228   0.000731698
1229   -0.0157218
1230   -0.0305562
1231   -0.0443411
1232   -0.0566794
1233   -0.0680828
1234   -0.0781489
1235   -0.0873455
1236   -0.0952522
1237   -0.102306
1238   -0.108063
1239   -0.112945
1240   -0.116487
1241   -0.119114
1242   -0.120355
1243   -0.120667
1244   -0.119605
1245   -0.117698
1246   -0.114591
1247   0.280497
1248   0.294228
1249   0.310972
1250   0.330422
1251   0.352573
1252   0.376398
1253   0.400751
1254   0.423049
1255   0.43957
1256   0.442574
1257   0.42984
1258   0.39732
1259   0.361046
1260   0.323021
1261   0.287061
1262   0.251961
1263   0.219505
1264   0.188375
1265   0.159799
1266   0.132683
1267   0.107878
1268   0.0844903
1269   0.0631321
1270   0.0430692
1271   0.0247687
1272   0.00762609
1273   -0.00798279
1274   -0.0225523
1275   -0.0357646
1276   -0.0480179
1277   -0.0590324
1278   -0.0691197
1279   -0.0780274
1280   -0.0859895
1281   -0.0927765
1282   -0.0985565
1283   -0.103126
1284   -0.106607
1285   -0.108837
1286   -0.109921
1287   -0.109765
1288   -0.108518
1289   -0.106217
1290   0.268621
1291   0.280795
1292   0.296501
1293   0.313691
1294   0.334232
1295   0.355201
1296   0.377995
1297   0.398291
1298   0.416994
1299   0.428365
1300   0.421088
1301   0.403228
1302   0.371939
1303   0.337369
1304   0.304395
1305   0.271362
1306   0.240294
1307   0.210256
1308   0.182285
1309   0.155645
1310   0.130981
1311   0.107651
1312   0.0861251
1313   0.0658246
1314   0.0471397
1315   0.0295437
1316   0.0133945
1317   -0.00179068
1318   -0.0156573
1319   -0.028652
1320   -0.040404
1321   -0.0513317
1322   -0.0610349
1323   -0.0699126
1324   -0.0775276
1325   -0.0842715
1326   -0.0896707
1327   -0.0941281
1328   -0.0971481
1329   -0.0991753
1330   -0.0997295
1331   -0.0993457
1332   -0.0976356
1333   0.257148
1334   0.268759
1335   0.282609
1336   0.298511
1337   0.316378
1338   0.335626
1339   0.35525
1340   0.374533
1341   0.390861
1342   0.403226
1343   0.40554
1344   0.394247
1345   0.374657
1346   0.345261
1347   0.316299
1348   0.285635
1349   0.256781
1350   0.228085
1351   0.201385
1352   0.175455
1353   0.15145
1354   0.128395
1355   0.107101
1356   0.0867652
1357   0.0680041
1358   0.0501473
1359   0.0336919
1360   0.0180784
1361   0.00372758
1362   -0.00982177
1363   -0.0222008
1364   -0.0337795
1365   -0.0442271
1366   -0.053827
1367   -0.0622805
1368   -0.0697908
1369   -0.0760934
1370   -0.0813258
1371   -0.0852718
1372   -0.088037
1373   -0.0894853
1374   -0.0897579
1375   -0.0888704
1376   0.24601
1377   0.256375
1378   0.269199
1379   0.283151
1380   0.299369
1381   0.316059
1382   0.333863
1383   0.350582
1384   0.365975
1385   0.377407
1386   0.382228
1387   0.379494
1388   0.364473
1389   0.343666
1390   0.318949
1391   0.292908
1392   0.266641
1393   0.240615
1394   0.215489
1395   0.191144
1396   0.168046
1397   0.145892
1398   0.125045
1399   0.105144
1400   0.0865019
1401   0.0687436
1402   0.0521665
1403   0.0363995
1404   0.021746
1405   0.00784504
1406   -0.00497701
1407   -0.0170704
1408   -0.0280719
1409   -0.0383252
1410   -0.0474188
1411   -0.0556978
1412   -0.0626978
1413   -0.0687819
1414   -0.0734415
1415   -0.0770903
1416   -0.0792153
1417   -0.0803381
1418   -0.080035
1419   0.235376
1420   0.245191
1421   0.256518
1422   0.269255
1423   0.283269
1424   0.298264
1425   0.313402
1426   0.328434
1427   0.341372
1428   0.352198
1429   0.357243
1430   0.357623
1431   0.349625
1432   0.334638
1433   0.315974
1434   0.294103
1435   0.271737
1436   0.248353
1437   0.225713
1438   0.203026
1439   0.181507
1440   0.160355
1441   0.140473
1442   0.121117
1443   0.103002
1444   0.0854608
1445   0.0690881
1446   0.0532947
1447   0.0385957
1448   0.0244825
1449   0.0114123
1450   -0.00104077
1451   -0.0124642
1452   -0.0231979
1453   -0.0328675
1454   -0.0417245
1455   -0.0494338
1456   -0.0561623
1457   -0.0616283
1458   -0.06594
1459   -0.0689056
1460   -0.0706506
1461   -0.0711581
1462   0.22515
1463   0.234024
1464   0.244452
1465   0.255671
1466   0.26827
1467   0.281254
1468   0.29477
1469   0.307704
1470   0.319495
1471   0.329115
1472   0.334925
1473   0.336775
1474   0.33189
1475   0.322049
1476   0.307604
1477   0.290463
1478   0.271453
1479   0.25151
1480   0.231229
1481   0.210914
1482   0.190982
1483   0.171426
1484   0.152564
1485   0.134243
1486   0.116734
1487   0.0998134
1488   0.0837366
1489   0.0682506
1490   0.053613
1491   0.0395589
1492   0.0263661
1493   0.0137641
1494   0.00206676
1495   -0.00900124
1496   -0.0190745
1497   -0.0284376
1498   -0.0366598
1499   -0.0440481
1500   -0.0501028
1501   -0.0551851
1502   -0.0587578
1503   -0.0613049
1504   -0.0623613
1505   0.215387
1506   0.223743
1507   0.233032
1508   0.243207
1509   0.254132
1510   0.265677
1511   0.277204
1512   0.28866
1513   0.298724
1514   0.307531
1515   0.31307
1516   0.315724
1517   0.313545
1518   0.30697
1519   0.296681
1520   0.283168
1521   0.267909
1522   0.250906
1523   0.233511
1524   0.215349
1525   0.197518
1526   0.179463
1527   0.162084
1528   0.144765
1529   0.128266
1530   0.111971
1531   0.0965434
1532   0.0813973
1533   0.0671251
1534   0.0531902
1535   0.0401306
1536   0.0274702
1537   0.0157027
1538   0.00442485
1539   -0.00590968
1540   -0.0156183
1541   -0.0242887
1542   -0.0321405
1543   -0.0388156
1544   -0.0444417
1545   -0.0487529
1546   -0.0518547
1547   -0.0536777
1548   0.206005
1549   0.213648
1550   0.222175
1551   0.231203
1552   0.240985
1553   0.251013
1554   0.261235
1555   0.271102
1556   0.280142
1557   0.287872
1558   0.293314
1559   0.296263
1560   0.295482
1561   0.29139
1562   0.283818
1563   0.273626
1564   0.261221
1565   0.247293
1566   0.232304
1567   0.216627
1568   0.200642
1569   0.184481
1570   0.168447
1571   0.152522
1572   0.13696
1573   0.12166
1574   0.10685
1575   0.0923819
1576   0.0784788
1577   0.064966
1578   0.0520768
1579   0.0396214
1580   0.0278585
1581   0.0165865
1582   0.00610764
1583   -0.00379368
1584   -0.0127499
1585   -0.021
1586   -0.0280893
1587   -0.0343074
1588   -0.0391155
1589   -0.0429294
1590   -0.0452351
1591   0.197008
1592   0.204165
1593   0.211836
1594   0.220005
1595   0.228549
1596   0.237434
1597   0.246206
1598   0.254902
1599   0.26266
1600   0.269618
1601   0.274576
1602   0.277725
1603   0.277978
1604   0.275531
1605   0.270305
1606   0.262544
1607   0.252885
1608   0.241392
1609   0.228936
1610   0.21533
1611   0.201448
1612   0.18691
1613   0.172533
1614   0.15782
1615   0.143524
1616   0.129094
1617   0.115227
1618   0.101356
1619   0.0881306
1620   0.0749987
1621   0.0625663
1622   0.0503148
1623   0.0388132
1624   0.0275917
1625   0.0171838
1626   0.00718799
1627   -0.00190133
1628   -0.0103917
1629   -0.0178396
1630   -0.024433
1631   -0.0298139
1632   -0.0340772
1633   -0.0370697
1634   0.188342
1635   0.194943
1636   0.201979
1637   0.209289
1638   0.216939
1639   0.224703
1640   0.232469
1641   0.239976
1642   0.246889
1643   0.252948
1644   0.257595
1645   0.260644
1646   0.261496
1647   0.260183
1648   0.256503
1649   0.250747
1650   0.243076
1651   0.233842
1652   0.223347
1653   0.211851
1654   0.199666
1655   0.186931
1656   0.173922
1657   0.160677
1658   0.147436
1659   0.134169
1660   0.121089
1661   0.10812
1662   0.0954615
1663   0.0830115
1664   0.070967
1665   0.0592084
1666   0.047943
1667   0.037039
1668   0.026729
1669   0.0168688
1670   0.00773752
1671   -0.000828593
1672   -0.00847042
1673   -0.0153916
1674   -0.0211112
1675   -0.025939
1676   -0.0293137
1677   0.179997
1678   0.186152
1679   0.192543
1680   0.199168
1681   0.205922
1682   0.212821
1683   0.219543
1684   0.22617
1685   0.232125
1686   0.237555
1687   0.241693
1688   0.2447
1689   0.245877
1690   0.24536
1691   0.242892
1692   0.238589
1693   0.232667
1694   0.225141
1695   0.216529
1696   0.206683
1697   0.196264
1698   0.184965
1699   0.173494
1700   0.161427
1701   0.149475
1702   0.137138
1703   0.125114
1704   0.11286
1705   0.101054
1706   0.0891399
1707   0.077772
1708   0.0663996
1709   0.0556537
1710   0.0450057
1711   0.0350623
1712   0.0253336
1713   0.0163981
1714   0.00782886
1715   0.000164093
1716   -0.00691562
1717   -0.0129446
1718   -0.0180709
1719   -0.0220064
1720   0.171944
1721   0.177653
1722   0.183529
1723   0.189519
1724   0.195605
1725   0.201698
1726   0.207684
1727   0.213448
1728   0.21876
1729   0.22348
1730   0.227285
1731   0.230034
1732   0.231407
1733   0.231334
1734   0.229664
1735   0.226448
1736   0.221742
1737   0.215673
1738   0.208428
1739   0.200139
1740   0.19104
1741   0.181221
1742   0.170921
1743   0.160178
1744   0.149212
1745   0.138019
1746   0.126799
1747   0.115516
1748   0.104354
1749   0.0932544
1750   0.082391
1751   0.0716934
1752   0.0613321
1753   0.0512298
1754   0.041562
1755   0.0322471
1756   0.0234773
1757   0.0151645
1758   0.0075385
1759   0.000490404
1760   -0.00566231
1761   -0.0111018
1762   -0.0152826
1763   0.164171
1764   0.169486
1765   0.174877
1766   0.180345
1767   0.185796
1768   0.191274
1769   0.196528
1770   0.201673
1771   0.206283
1772   0.21053
1773   0.213865
1774   0.216469
1775   0.217828
1776   0.21808
1777   0.216948
1778   0.2145
1779   0.210782
1780   0.205759
1781   0.199754
1782   0.1926
1783   0.184809
1784   0.176085
1785   0.167044
1786   0.157282
1787   0.147469
1788   0.137121
1789   0.126925
1790   0.116351
1791   0.106084
1792   0.0955689
1793   0.085482
1794   0.0752586
1795   0.0655642
1796   0.055837
1797   0.0467314
1798   0.037697
1799   0.0293792
1800   0.021246
1801   0.013934
1802   0.00694345
1803   0.000886638
1804   -0.00465071
1805   -0.00918384
1806   0.156665
1807   0.161614
1808   0.166602
1809   0.171608
1810   0.176592
1811   0.181508
1812   0.18627
1813   0.190804
1814   0.194969
1815   0.198664
1816   0.201708
1817   0.203986
1818   0.205328
1819   0.205643
1820   0.204836
1821   0.202882
1822   0.199792
1823   0.195605
1824   0.190417
1825   0.184299
1826   0.177395
1827   0.169778
1828   0.161605
1829   0.152935
1830   0.14392
1831   0.134599
1832   0.12511
1833   0.115477
1834   0.105821
1835   0.0961534
1836   0.0865856
1837   0.0771188
1838   0.0678574
1839   0.0587986
1840   0.0500435
1841   0.0415895
1842   0.033538
1843   0.0258902
1844   0.0187504
1845   0.0121274
1846   0.00613053
1847   0.000777895
1848   -0.00383019
