##### Y Mean #####
0   0.000955639
1   -0.0281079
2   -0.0620001
3   -0.0992353
4   -0.138945
5   -0.179311
6   -0.219714
7   -0.258604
8   -0.295568
9   -0.329007
10   -0.359287
11   -0.385823
12   -0.409024
13   -0.428641
14   -0.444961
15   -0.457902
16   -0.467692
17   -0.474344
18   -0.478139
19   -0.479217
20   -0.477858
21   -0.474294
22   -0.468731
23   -0.461422
24   -0.452556
25   -0.442419
26   -0.431213
27   -0.419245
28   -0.406667
29   -0.393726
30   -0.380523
31   -0.367234
32   -0.353917
33   -0.340679
34   -0.327549
35   -0.314588
36   -0.301816
37   -0.289268
38   -0.276962
39   -0.264924
40   -0.253169
41   -0.241717
42   -0.23058
43   0.027183
44   -0.00256869
45   -0.0397986
46   -0.0792417
47   -0.124104
48   -0.16704
49   -0.212857
50   -0.254093
51   -0.296684
52   -0.331642
53   -0.366161
54   -0.394179
55   -0.420503
56   -0.441505
57   -0.460033
58   -0.474049
59   -0.48533
60   -0.492613
61   -0.49726
62   -0.49866
63   -0.497574
64   -0.494102
65   -0.48834
66   -0.480823
67   -0.471358
68   -0.460731
69   -0.448634
70   -0.436034
71   -0.422476
72   -0.408837
73   -0.394678
74   -0.380687
75   -0.366511
76   -0.352599
77   -0.338716
78   -0.325118
79   -0.311681
80   -0.298536
81   -0.285636
82   -0.273045
83   -0.260756
84   -0.248798
85   -0.237181
86   0.0584124
87   0.0303235
88   -0.00811622
89   -0.05046
90   -0.0978952
91   -0.145363
92   -0.193626
93   -0.239417
94   -0.28407
95   -0.32482
96   -0.362006
97   -0.394838
98   -0.423836
99   -0.448423
100   -0.469219
101   -0.485661
102   -0.498511
103   -0.507554
104   -0.513335
105   -0.515995
106   -0.51574
107   -0.512857
108   -0.507451
109   -0.499879
110   -0.490296
111   -0.479116
112   -0.466547
113   -0.45308
114   -0.43884
115   -0.424198
116   -0.409254
117   -0.394275
118   -0.379323
119   -0.36453
120   -0.349926
121   -0.335563
122   -0.321466
123   -0.307656
124   -0.294156
125   -0.280981
126   -0.268153
127   -0.255681
128   -0.243585
129   0.093599
130   0.0658534
131   0.0274799
132   -0.0164459
133   -0.0671939
134   -0.116977
135   -0.169225
136   -0.217373
137   -0.265638
138   -0.309272
139   -0.35153
140   -0.386949
141   -0.421066
142   -0.447616
143   -0.473045
144   -0.490962
145   -0.507227
146   -0.51785
147   -0.525955
148   -0.530267
149   -0.531517
150   -0.529806
151   -0.525065
152   -0.51797
153   -0.508365
154   -0.497106
155   -0.483951
156   -0.470063
157   -0.454924
158   -0.439573
159   -0.423597
160   -0.407819
161   -0.391908
162   -0.37634
163   -0.360901
164   -0.345825
165   -0.331006
166   -0.316551
167   -0.302424
168   -0.288673
169   -0.275297
170   -0.262316
171   -0.249741
172   0.132312
173   0.108297
174   0.06935
175   0.0248281
176   -0.0279572
177   -0.0810522
178   -0.135589
179   -0.187491
180   -0.238238
181   -0.285443
182   -0.329737
183   -0.36952
184   -0.405517
185   -0.436872
186   -0.464354
187   -0.48752
188   -0.506591
189   -0.521666
190   -0.532837
191   -0.54015
192   -0.543924
193   -0.543895
194   -0.540685
195   -0.534322
196   -0.525339
197   -0.51428
198   -0.501189
199   -0.48677
200   -0.471136
201   -0.454801
202   -0.438013
203   -0.421155
204   -0.404409
205   -0.387876
206   -0.371667
207   -0.355771
208   -0.340264
209   -0.325115
210   -0.31038
211   -0.296035
212   -0.282125
213   -0.268633
214   -0.255595
215   0.172974
216   0.149822
217   0.112565
218   0.0669388
219   0.0128301
220   -0.0420262
221   -0.0992675
222   -0.153321
223   -0.206875
224   -0.256151
225   -0.30321
226   -0.345343
227   -0.38439
228   -0.418384
229   -0.449374
230   -0.475441
231   -0.499371
232   -0.516872
233   -0.533499
234   -0.54237
235   -0.551119
236   -0.552093
237   -0.552318
238   -0.547001
239   -0.53951
240   -0.529532
241   -0.516724
242   -0.502553
243   -0.48629
244   -0.469416
245   -0.451596
246   -0.433976
247   -0.41625
248   -0.398938
249   -0.381881
250   -0.365266
251   -0.349039
252   -0.333253
253   -0.317902
254   -0.303
255   -0.288559
256   -0.274584
257   -0.261086
258   0.215121
259   0.19756
260   0.159577
261   0.114128
262   0.058683
263   0.00160601
264   -0.0572925
265   -0.114227
266   -0.169751
267   -0.221838
268   -0.270916
269   -0.31583
270   -0.356966
271   -0.393768
272   -0.426762
273   -0.455609
274   -0.481037
275   -0.502264
276   -0.520087
277   -0.533827
278   -0.5442
279   -0.550993
280   -0.553994
281   -0.553738
282   -0.549449
283   -0.541816
284   -0.530843
285   -0.516752
286   -0.500521
287   -0.482947
288   -0.464525
289   -0.445874
290   -0.427427
291   -0.409174
292   -0.391426
293   -0.374037
294   -0.357193
295   -0.340767
296   -0.324871
297   -0.309427
298   -0.294506
299   -0.280061
300   -0.266144
301   0.256576
302   0.240131
303   0.205682
304   0.160145
305   0.104482
306   0.0465149
307   -0.0142286
308   -0.0727065
309   -0.13057
310   -0.184405
311   -0.235917
312   -0.282637
313   -0.326201
314   -0.364804
315   -0.400062
316   -0.430608
317   -0.457893
318   -0.481068
319   -0.500985
320   -0.51725
321   -0.53066
322   -0.540549
323   -0.548702
324   -0.551177
325   -0.553345
326   -0.547118
327   -0.540777
328   -0.527169
329   -0.511787
330   -0.494461
331   -0.475475
332   -0.456477
333   -0.437237
334   -0.418371
335   -0.399919
336   -0.381947
337   -0.364508
338   -0.347562
339   -0.331152
340   -0.315247
341   -0.299872
342   -0.285018
343   -0.270697
344   0.296687
345   0.288306
346   0.253805
347   0.209653
348   0.154102
349   0.094195
350   0.0326191
351   -0.0281995
352   -0.0875206
353   -0.143812
354   -0.196972
355   -0.246081
356   -0.291298
357   -0.332138
358   -0.368964
359   -0.401541
360   -0.430406
361   -0.455454
362   -0.477088
363   -0.495357
364   -0.510553
365   -0.52272
366   -0.532301
367   -0.538604
368   -0.542157
369   -0.542166
370   -0.538251
371   -0.531146
372   -0.518558
373   -0.502866
374   -0.484585
375   -0.464916
376   -0.44539
377   -0.425838
378   -0.407013
379   -0.388529
380   -0.370712
381   -0.353334
382   -0.336555
383   -0.320261
384   -0.304533
385   -0.289316
386   -0.27466
387   0.332307
388   0.323972
389   0.298856
390   0.257922
391   0.203434
392   0.143099
393   0.0798224
394   0.0177723
395   -0.0435923
396   -0.10138
397   -0.156688
398   -0.207349
399   -0.254641
400   -0.296993
401   -0.33572
402   -0.369751
403   -0.400308
404   -0.426754
405   -0.45
406   -0.469686
407   -0.486485
408   -0.50013
409   -0.511132
410   -0.51948
411   -0.525125
412   -0.528231
413   -0.528881
414   -0.525041
415   -0.519723
416   -0.505474
417   -0.489881
418   -0.470592
419   -0.451007
420   -0.43138
421   -0.412346
422   -0.393668
423   -0.375604
424   -0.357988
425   -0.340943
426   -0.324392
427   -0.308383
428   -0.292897
429   -0.277949
430   0.364771
431   0.361801
432   0.340876
433   0.308288
434   0.253292
435   0.192078
436   0.128598
437   0.0648895
438   0.00249915
439   -0.0573377
440   -0.113986
441   -0.166742
442   -0.215429
443   -0.259752
444   -0.299837
445   -0.335657
446   -0.367521
447   -0.395545
448   -0.420036
449   -0.441159
450   -0.459179
451   -0.474229
452   -0.486643
453   -0.496488
454   -0.503901
455   -0.508902
456   -0.511394
457   -0.510942
458   -0.507629
459   -0.500653
460   -0.487321
461   -0.47143
462   -0.452974
463   -0.4338
464   -0.415212
465   -0.396717
466   -0.378756
467   -0.361156
468   -0.344064
469   -0.327423
470   -0.311277
471   -0.295622
472   -0.280474
473   0.393694
474   0.392731
475   0.379135
476   0.349263
477   0.299914
478   0.240332
479   0.17641
480   0.112277
481   0.0484127
482   -0.0125092
483   -0.0709741
484   -0.125007
485   -0.175518
486   -0.22113
487   -0.262907
488   -0.299966
489   -0.333337
490   -0.362523
491   -0.388358
492   -0.410608
493   -0.429878
494   -0.446135
495   -0.459766
496   -0.470957
497   -0.479685
498   -0.486251
499   -0.490213
500   -0.491987
501   -0.490722
502   -0.486977
503   -0.479511
504   -0.466235
505   -0.45104
506   -0.433207
507   -0.415544
508   -0.397601
509   -0.380062
510   -0.362723
511   -0.345806
512   -0.329244
513   -0.313108
514   -0.2974
515   -0.282147
516   0.419663
517   0.422942
518   0.414471
519   0.394117
520   0.345007
521   0.286816
522   0.223999
523   0.159352
524   0.0951048
525   0.0326884
526   -0.0267234
527   -0.0825158
528   -0.134135
529   -0.181478
530   -0.224381
531   -0.263033
532   -0.297499
533   -0.328106
534   -0.355
535   -0.378544
536   -0.398897
537   -0.416409
538   -0.431235
539   -0.44367
540   -0.453731
541   -0.461628
542   -0.467202
543   -0.470606
544   -0.471453
545   -0.469891
546   -0.464755
547   -0.456381
548   -0.443315
549   -0.428481
550   -0.412303
551   -0.395778
552   -0.379043
553   -0.362427
554   -0.345929
555   -0.32972
556   -0.313749
557   -0.298159
558   -0.282891
559   0.442378
560   0.448572
561   0.445641
562   0.427127
563   0.386207
564   0.331542
565   0.269882
566   0.205829
567   0.140859
568   0.0779242
569   0.0171262
570   -0.0395619
571   -0.0927164
572   -0.141066
573   -0.185453
574   -0.225126
575   -0.260953
576   -0.292566
577   -0.320703
578   -0.345269
579   -0.366802
580   -0.385413
581   -0.401401
582   -0.415034
583   -0.426295
584   -0.435552
585   -0.442459
586   -0.447476
587   -0.449893
588   -0.450195
589   -0.44721
590   -0.441463
591   -0.432127
592   -0.419879
593   -0.406111
594   -0.391183
595   -0.375818
596   -0.360125
597   -0.344397
598   -0.328693
599   -0.313119
600   -0.297748
601   -0.282632
602   0.461848
603   0.471345
604   0.473606
605   0.464937
606   0.425485
607   0.374445
608   0.314952
609   0.251344
610   0.18661
611   0.122732
612   0.0614682
613   0.00340185
614   -0.0504992
615   -0.100313
616   -0.145558
617   -0.186639
618   -0.223366
619   -0.256289
620   -0.285362
621   -0.311169
622   -0.33371
623   -0.353543
624   -0.370646
625   -0.385516
626   -0.398023
627   -0.408595
628   -0.416927
629   -0.423412
630   -0.427468
631   -0.429504
632   -0.428503
633   -0.425154
634   -0.418071
635   -0.408739
636   -0.397052
637   -0.384243
638   -0.370311
639   -0.355971
640   -0.341136
641   -0.326247
642   -0.311171
643   -0.296243
644   -0.28133
645   0.477911
646   0.490394
647   0.496768
648   0.489751
649   0.460987
650   0.415285
651   0.358226
652   0.295884
653   0.23102
654   0.167218
655   0.105028
656   0.0465243
657   -0.0085898
658   -0.0590809
659   -0.10559
660   -0.147456
661   -0.185404
662   -0.219179
663   -0.249424
664   -0.276158
665   -0.299855
666   -0.320718
667   -0.338994
668   -0.355006
669   -0.368741
670   -0.380579
671   -0.390243
672   -0.398124
673   -0.403689
674   -0.407269
675   -0.408162
676   -0.406611
677   -0.402116
678   -0.395015
679   -0.385799
680   -0.37489
681   -0.362797
682   -0.349805
683   -0.336203
684   -0.322179
685   -0.307867
686   -0.293424
687   -0.278938
688   0.490429
689   0.505153
690   0.51609
691   0.518217
692   0.49373
693   0.455628
694   0.400756
695   0.339144
696   0.275114
697   0.210832
698   0.14873
699   0.0892247
700   0.0337653
701   -0.0179228
702   -0.0649968
703   -0.108083
704   -0.146723
705   -0.181692
706   -0.212737
707   -0.240655
708   -0.265273
709   -0.287338
710   -0.306665
711   -0.323921
712   -0.338831
713   -0.351982
714   -0.362942
715   -0.37224
716   -0.379218
717   -0.384399
718   -0.386871
719   -0.387274
720   -0.384622
721   -0.379891
722   -0.37263
723   -0.363882
724   -0.353425
725   -0.342091
726   -0.329675
727   -0.316802
728   -0.303253
729   -0.289545
730   -0.275471
731   0.499539
732   0.516818
733   0.530283
734   0.534536
735   0.522717
736   0.491199
737   0.440828
738   0.381256
739   0.317655
740   0.254133
741   0.191547
742   0.132067
743   0.0756902
744   0.0236572
745   -0.024464
746   -0.0680859
747   -0.107793
748   -0.143437
749   -0.175562
750   -0.204293
751   -0.230026
752   -0.253043
753   -0.273538
754   -0.291873
755   -0.308018
756   -0.322354
757   -0.334636
758   -0.345206
759   -0.353641
760   -0.360199
761   -0.364378
762   -0.366358
763   -0.3658
764   -0.362939
765   -0.35788
766   -0.350952
767   -0.342415
768   -0.332572
769   -0.32163
770   -0.309838
771   -0.297322
772   -0.284307
773   -0.270908
774   0.50508
775   0.523975
776   0.540608
777   0.550633
778   0.546982
779   0.529226
780   0.479909
781   0.421261
782   0.359706
783   0.296257
784   0.23435
785   0.174196
786   0.117852
787   0.0648702
788   0.0164819
789   -0.0281611
790   -0.0683298
791   -0.105026
792   -0.13779
793   -0.167619
794   -0.194165
795   -0.218341
796   -0.239807
797   -0.259365
798   -0.276611
799   -0.29224
800   -0.305721
801   -0.317671
802   -0.327398
803   -0.335479
804   -0.341082
805   -0.344836
806   -0.345908
807   -0.345089
808   -0.341787
809   -0.336882
810   -0.329966
811   -0.321859
812   -0.312222
813   -0.301772
814   -0.290189
815   -0.278127
816   -0.265309
817   0.507199
818   0.5279
819   0.547131
820   0.561508
821   0.566862
822   0.553526
823   0.514419
824   0.460389
825   0.400228
826   0.338258
827   0.276225
828   0.216486
829   0.159483
830   0.106484
831   0.0572783
832   0.0123721
833   -0.0286811
834   -0.0658518
835   -0.0995731
836   -0.130081
837   -0.157672
838   -0.182711
839   -0.205311
840   -0.225881
841   -0.244344
842   -0.261092
843   -0.275877
844   -0.289031
845   -0.300179
846   -0.309566
847   -0.31678
848   -0.322004
849   -0.324937
850   -0.32578
851   -0.324462
852   -0.32124
853   -0.316187
854   -0.309574
855   -0.301503
856   -0.292232
857   -0.281851
858   -0.270622
859   -0.258674
860   0.50604
861   0.527438
862   0.549729
863   0.568308
864   0.58189
865   0.583094
866   0.546139
867   0.496292
868   0.439499
869   0.378526
870   0.317655
871   0.25762
872   0.201033
873   0.147376
874   0.0982411
875   0.0525545
876   0.0113015
877   -0.0267434
878   -0.0609233
879   -0.0924118
880   -0.120698
881   -0.146824
882   -0.170314
883   -0.192064
884   -0.211559
885   -0.229569
886   -0.245491
887   -0.259995
888   -0.272372
889   -0.283239
890   -0.291805
891   -0.2987
892   -0.303141
893   -0.305839
894   -0.306131
895   -0.304794
896   -0.301289
897   -0.296398
898   -0.289657
899   -0.281818
900   -0.272464
901   -0.262338
902   -0.251095
903   0.502088
904   0.524984
905   0.549023
906   0.572004
907   0.591177
908   0.595119
909   0.572755
910   0.530319
911   0.476743
912   0.41811
913   0.357691
914   0.298618
915   0.241763
916   0.18852
917   0.138876
918   0.0932506
919   0.0513452
920   0.0130467
921   -0.0219338
922   -0.0539616
923   -0.0831958
924   -0.110096
925   -0.134661
926   -0.157358
927   -0.178032
928   -0.19711
929   -0.214304
930   -0.22997
931   -0.243734
932   -0.255866
933   -0.265976
934   -0.274271
935   -0.280437
936   -0.28467
937   -0.286792
938   -0.287021
939   -0.285298
940   -0.281855
941   -0.276699
942   -0.270071
943   -0.262016
944   -0.25281
945   -0.242582
946   0.495403
947   0.518065
948   0.544345
949   0.569405
950   0.594861
951   0.611579
952   0.59469
953   0.561891
954   0.51216
955   0.455268
956   0.396698
957   0.337837
958   0.281969
959   0.228452
960   0.179303
961   0.133196
962   0.0913851
963   0.0524278
964   0.0171763
965   -0.0156875
966   -0.0454992
967   -0.0733896
968   -0.0987615
969   -0.122569
970   -0.14421
971   -0.164494
972   -0.18277
973   -0.199739
974   -0.214684
975   -0.228243
976   -0.239648
977   -0.249527
978   -0.257113
979   -0.263072
980   -0.266693
981   -0.268693
982   -0.268439
983   -0.266675
984   -0.262833
985   -0.257674
986   -0.25069
987   -0.242685
988   -0.233247
989   0.486586
990   0.510244
991   0.536758
992   0.564593
993   0.591813
994   0.610513
995   0.611397
996   0.587791
997   0.544125
998   0.490852
999   0.433585
1000   0.37653
1001   0.320917
1002   0.26835
1003   0.219073
1004   0.173384
1005   0.131198
1006   0.0922099
1007   0.0563453
1008   0.0230763
1009   -0.00755562
1010   -0.0361305
1011   -0.0624823
1012   -0.0871659
1013   -0.109907
1014   -0.131197
1015   -0.150678
1016   -0.168754
1017   -0.185019
1018   -0.19979
1019   -0.212656
1020   -0.223864
1021   -0.233059
1022   -0.24045
1023   -0.24578
1024   -0.249246
1025   -0.250691
1026   -0.250316
1027   -0.248044
1028   -0.244095
1029   -0.238463
1030   -0.231427
1031   -0.223105
1032   0.47558
1033   0.498246
1034   0.525688
1035   0.553719
1036   0.583666
1037   0.608115
1038   0.618662
1039   0.613922
1040   0.573568
1041   0.522797
1042   0.4689
1043   0.412637
1044   0.358723
1045   0.306301
1046   0.257995
1047   0.212173
1048   0.170385
1049   0.130995
1050   0.095042
1051   0.0611234
1052   0.0300347
1053   0.000616833
1054   -0.0264453
1055   -0.0521124
1056   -0.0757325
1057   -0.0981162
1058   -0.118596
1059   -0.137874
1060   -0.155243
1061   -0.171341
1062   -0.185423
1063   -0.198103
1064   -0.208623
1065   -0.217616
1066   -0.224343
1067   -0.229472
1068   -0.232304
1069   -0.23355
1070   -0.232556
1071   -0.230081
1072   -0.225536
1073   -0.21976
1074   -0.212285
1075   0.462982
1076   0.485785
1077   0.512124
1078   0.540896
1079   0.571156
1080   0.598702
1081   0.61941
1082   0.620698
1083   0.596051
1084   0.552651
1085   0.501351
1086   0.447699
1087   0.394544
1088   0.343619
1089   0.295633
1090   0.250591
1091   0.208762
1092   0.169554
1093   0.13323
1094   0.0990452
1095   0.0673278
1096   0.0373422
1097   0.00947002
1098   -0.0169599
1099   -0.041523
1100   -0.0648019
1101   -0.0863405
1102   -0.106621
1103   -0.125174
1104   -0.142382
1105   -0.157789
1106   -0.171692
1107   -0.183683
1108   -0.193996
1109   -0.202301
1110   -0.208794
1111   -0.213232
1112   -0.215798
1113   -0.216337
1114   -0.21505
1115   -0.211878
1116   -0.207094
1117   -0.200804
1118   0.448886
1119   0.469975
1120   0.496057
1121   0.523397
1122   0.554406
1123   0.583095
1124   0.611009
1125   0.629183
1126   0.610807
1127   0.577043
1128   0.530179
1129   0.478366
1130   0.427789
1131   0.37766
1132   0.331213
1133   0.286517
1134   0.245411
1135   0.206153
1136   0.169941
1137   0.135391
1138   0.10338
1139   0.0728041
1140   0.0443816
1141   0.0172009
1142   -0.00808193
1143   -0.0322409
1144   -0.0546258
1145   -0.0759138
1146   -0.0954281
1147   -0.113785
1148   -0.130271
1149   -0.145477
1150   -0.158662
1151   -0.170421
1152   -0.180001
1153   -0.18803
1154   -0.193761
1155   -0.197869
1156   -0.199634
1157   -0.199799
1158   -0.197708
1159   -0.194215
1160   -0.188801
1161   0.434011
1162   0.45469
1163   0.478843
1164   0.505821
1165   0.535398
1166   0.565614
1167   0.594567
1168   0.614806
1169   0.617826
1170   0.593808
1171   0.55339
1172   0.506171
1173   0.457547
1174   0.4098
1175   0.364384
1176   0.320893
1177   0.28023
1178   0.241406
1179   0.205198
1180   0.170592
1181   0.138287
1182   0.107355
1183   0.0784328
1184   0.0507043
1185   0.0247653
1186   -8.09426e-05
1187   -0.0232633
1188   -0.0453599
1189   -0.0658202
1190   -0.085108
1191   -0.102703
1192   -0.118966
1193   -0.133425
1194   -0.146352
1195   -0.157344
1196   -0.16661
1197   -0.173826
1198   -0.179167
1199   -0.182402
1200   -0.183713
1201   -0.182988
1202   -0.180488
1203   -0.176297
1204   0.418467
1205   0.437226
1206   0.460468
1207   0.485229
1208   0.514026
1209   0.542505
1210   0.572509
1211   0.59672
1212   0.60806
1213   0.605802
1214   0.570937
1215   0.52702
1216   0.482702
1217   0.436667
1218   0.393528
1219   0.351117
1220   0.311584
1221   0.273292
1222   0.23751
1223   0.203037
1224   0.170739
1225   0.139662
1226   0.110485
1227   0.0824054
1228   0.0560281
1229   0.0306581
1230   0.00688895
1231   -0.0158984
1232   -0.0370847
1233   -0.0572397
1234   -0.0757015
1235   -0.0930169
1236   -0.108478
1237   -0.122635
1238   -0.134742
1239   -0.145374
1240   -0.153761
1241   -0.160531
1242   -0.164916
1243   -0.16763
1244   -0.167956
1245   -0.16675
1246   -0.163443
1247   0.402847
1248   0.420939
1249   0.44197
1250   0.465569
1251   0.491676
1252   0.519162
1253   0.546765
1254   0.571673
1255   0.589856
1256   0.592934
1257   0.578708
1258   0.542753
1259   0.502361
1260   0.459566
1261   0.418543
1262   0.377876
1263   0.339605
1264   0.30218
1265   0.267078
1266   0.232971
1267   0.200968
1268   0.169942
1269   0.140783
1270   0.112533
1271   0.0859547
1272   0.0602374
1273   0.0360714
1274   0.0127789
1275   -0.00899913
1276   -0.0298147
1277   -0.049071
1278   -0.0672027
1279   -0.0836636
1280   -0.0987813
1281   -0.112072
1282   -0.123774
1283   -0.133479
1284   -0.141364
1285   -0.147122
1286   -0.150914
1287   -0.152572
1288   -0.152336
1289   -0.150261
1290   0.387183
1291   0.403501
1292   0.423319
1293   0.444459
1294   0.468817
1295   0.493293
1296   0.519293
1297   0.54221
1298   0.562921
1299   0.575323
1300   0.567188
1301   0.547262
1302   0.512511
1303   0.473788
1304   0.436287
1305   0.398249
1306   0.361827
1307   0.326027
1308   0.291965
1309   0.258852
1310   0.227411
1311   0.196947
1312   0.168024
1313   0.140015
1314   0.113428
1315   0.0876926
1316   0.0633166
1317   0.039772
1318   0.0176004
1319   -0.00369607
1320   -0.0235245
1321   -0.0423686
1322   -0.0595745
1323   -0.0756306
1324   -0.0898197
1325   -0.102657
1326   -0.113369
1327   -0.122526
1328   -0.129326
1329   -0.134437
1330   -0.137089
1331   -0.138119
1332   -0.136911
1333   0.371866
1334   0.387442
1335   0.405192
1336   0.424878
1337   0.446365
1338   0.469001
1339   0.49168
1340   0.513604
1341   0.531955
1342   0.545626
1343   0.548108
1344   0.535484
1345   0.513597
1346   0.480695
1347   0.447867
1348   0.412693
1349   0.379064
1350   0.345065
1351   0.312823
1352   0.280863
1353   0.250611
1354   0.220851
1355   0.19267
1356   0.165035
1357   0.138851
1358   0.11323
1359   0.0889746
1360   0.0653246
1361   0.0430151
1362   0.0214102
1363   0.00119103
1364   -0.0181576
1365   -0.0360072
1366   -0.0527539
1367   -0.067829
1368   -0.0815161
1369   -0.0933204
1370   -0.103433
1371   -0.11146
1372   -0.117552
1373   -0.121465
1374   -0.123416
1375   -0.12342
1376   0.35685
1377   0.370977
1378   0.387519
1379   0.405057
1380   0.424734
1381   0.444642
1382   0.465402
1383   0.484672
1384   0.502137
1385   0.514993
1386   0.520347
1387   0.517203
1388   0.500449
1389   0.477082
1390   0.449085
1391   0.419236
1392   0.388702
1393   0.357979
1394   0.327779
1395   0.297967
1396   0.269068
1397   0.240747
1398   0.213442
1399   0.186753
1400   0.161092
1401   0.136044
1402   0.112032
1403   0.0886441
1404   0.0663397
1405   0.0447135
1406   0.0242788
1407   0.00463198
1408   -0.0136446
1409   -0.0309647
1410   -0.0466652
1411   -0.0611871
1412   -0.0737829
1413   -0.084949
1414   -0.0938711
1415   -0.101151
1416   -0.105972
1417   -0.10913
1418   -0.109956
1419   0.342332
1420   0.355734
1421   0.370582
1422   0.386733
1423   0.404017
1424   0.422088
1425   0.440029
1426   0.457543
1427   0.472492
1428   0.484822
1429   0.490608
1430   0.491003
1431   0.482054
1432   0.465172
1433   0.443989
1434   0.418896
1435   0.392914
1436   0.365345
1437   0.338222
1438   0.310541
1439   0.283781
1440   0.256911
1441   0.231106
1442   0.205392
1443   0.180766
1444   0.156336
1445   0.132994
1446   0.109939
1447   0.0879916
1448   0.0664493
1449   0.0460793
1450   0.0262854
1451   0.0077833
1452   -0.00990605
1453   -0.0261234
1454   -0.0412222
1455   -0.0546128
1456   -0.066526
1457   -0.0764704
1458   -0.0845933
1459   -0.090563
1460   -0.0945611
1461   -0.0965486
1462   0.328232
1463   0.340507
1464   0.354279
1465   0.368731
1466   0.384441
1467   0.400342
1468   0.416547
1469   0.431864
1470   0.445651
1471   0.456809
1472   0.463548
1473   0.46571
1474   0.460284
1475   0.449178
1476   0.432748
1477   0.413039
1478   0.390928
1479   0.367407
1480   0.343123
1481   0.318387
1482   0.293668
1483   0.268943
1484   0.244595
1485   0.220442
1486   0.196838
1487   0.173528
1488   0.15087
1489   0.128577
1490   0.107035
1491   0.0859413
1492   0.065729
1493   0.0460846
1494   0.0275055
1495   0.00966251
1496   -0.00686162
1497   -0.0224241
1498   -0.0363382
1499   -0.0490133
1500   -0.0596557
1501   -0.0687782
1502   -0.0755317
1503   -0.0806398
1504   -0.0833729
1505   0.31462
1506   0.326207
1507   0.33866
1508   0.351903
1509   0.365767
1510   0.380087
1511   0.394166
1512   0.407916
1513   0.41992
1514   0.430283
1515   0.436864
1516   0.440019
1517   0.43769
1518   0.430269
1519   0.418552
1520   0.402962
1521   0.385179
1522   0.365082
1523   0.344246
1524   0.322124
1525   0.300052
1526   0.277272
1527   0.254938
1528   0.232214
1529   0.210135
1530   0.187857
1531   0.166335
1532   0.144759
1533   0.124025
1534   0.103383
1535   0.0836808
1536   0.0642457
1537   0.0458813
1538   0.0280129
1539   0.0113936
1540   -0.00442941
1541   -0.0187658
1542   -0.0319257
1543   -0.0433087
1544   -0.0530891
1545   -0.0608229
1546   -0.0666556
1547   -0.0704638
1548   0.301425
1549   0.312127
1550   0.323652
1551   0.335582
1552   0.348149
1553   0.360805
1554   0.373462
1555   0.385525
1556   0.396458
1557   0.405739
1558   0.412293
1559   0.415892
1560   0.415188
1561   0.410617
1562   0.401984
1563   0.390198
1564   0.375692
1565   0.359186
1566   0.341185
1567   0.322069
1568   0.302266
1569   0.281896
1570   0.261321
1571   0.240503
1572   0.219764
1573   0.198979
1574   0.178462
1575   0.158037
1576   0.138031
1577   0.118241
1578   0.0990257
1579   0.0801615
1580   0.0620561
1581   0.0444684
1582   0.0278779
1583   0.0120176
1584   -0.00252985
1585   -0.0160763
1586   -0.027904
1587   -0.0384147
1588   -0.0467626
1589   -0.0535591
1590   -0.0580019
1591   0.288663
1592   0.298716
1593   0.309219
1594   0.320131
1595   0.331306
1596   0.342681
1597   0.35376
1598   0.364554
1599   0.374141
1600   0.382626
1601   0.388739
1602   0.39263
1603   0.393166
1604   0.390483
1605   0.384553
1606   0.375542
1607   0.364218
1608   0.350533
1609   0.335537
1610   0.318887
1611   0.301672
1612   0.283324
1613   0.264896
1614   0.245684
1615   0.226701
1616   0.207174
1617   0.188079
1618   0.168623
1619   0.149754
1620   0.13069
1621   0.112351
1622   0.093994
1623   0.0765069
1624   0.0592134
1625   0.0429614
1626   0.0271705
1627   0.0126366
1628   -0.00108436
1629   -0.013274
1630   -0.0241983
1631   -0.0332768
1632   -0.0406375
1633   -0.0460268
1634   0.276287
1635   0.285623
1636   0.295334
1637   0.305232
1638   0.315367
1639   0.325482
1640   0.335437
1641   0.34494
1642   0.353611
1643   0.36116
1644   0.366971
1645   0.37083
1646   0.37208
1647   0.370737
1648   0.366577
1649   0.359892
1650   0.350854
1651   0.339817
1652   0.327114
1653   0.313003
1654   0.297836
1655   0.281738
1656   0.265038
1657   0.247755
1658   0.23019
1659   0.21229
1660   0.194343
1661   0.17625
1662   0.158298
1663   0.14036
1664   0.122735
1665   0.10528
1666   0.0883182
1667   0.0716927
1668   0.0557727
1669   0.0403813
1670   0.0259626
1671   0.0123072
1672   -1.75468e-05
1673   -0.0112877
1674   -0.0207503
1675   -0.0288534
1676   -0.0347248
1677   0.264295
1678   0.273032
1679   0.281943
1680   0.291008
1681   0.3001
1682   0.309217
1683   0.318004
1684   0.326525
1685   0.33416
1686   0.341029
1687   0.346325
1688   0.350169
1689   0.351843
1690   0.351422
1691   0.348685
1692   0.343664
1693   0.336672
1694   0.327613
1695   0.317149
1696   0.304991
1697   0.291981
1698   0.277642
1699   0.262899
1700   0.247126
1701   0.231286
1702   0.214657
1703   0.198211
1704   0.181173
1705   0.164518
1706   0.147447
1707   0.130929
1708   0.114171
1709   0.0981297
1710   0.0820373
1711   0.0668312
1712   0.051796
1713   0.0378373
1714   0.0243289
1715   0.01212
1716   0.000743219
1717   -0.00906428
1718   -0.0175117
1719   -0.0241412
1720   0.252667
1721   0.260808
1722   0.269055
1723   0.27734
1724   0.285625
1725   0.293803
1726   0.301737
1727   0.309286
1728   0.316194
1729   0.322291
1730   0.327221
1731   0.330816
1732   0.332724
1733   0.332847
1734   0.331022
1735   0.32728
1736   0.321684
1737   0.314345
1738   0.305477
1739   0.295191
1740   0.283762
1741   0.27126
1742   0.257969
1743   0.243908
1744   0.229352
1745   0.214275
1746   0.198944
1747   0.183299
1748   0.167601
1749   0.15177
1750   0.136066
1751   0.1204
1752   0.105036
1753   0.0898807
1754   0.0752139
1755   0.0609374
1756   0.0473611
1757   0.0343769
1758   0.0223534
1759   0.011149
1760   0.00126511
1761   -0.00755566
1762   -0.0144673
1763   0.241397
1764   0.248998
1765   0.256617
1766   0.264239
1767   0.271754
1768   0.279188
1769   0.286269
1770   0.293094
1771   0.299208
1772   0.304761
1773   0.30918
1774   0.312609
1775   0.314529
1776   0.31502
1777   0.313839
1778   0.310972
1779   0.306545
1780   0.300413
1781   0.293026
1782   0.284078
1783   0.27425
1784   0.263074
1785   0.251375
1786   0.238552
1787   0.225511
1788   0.211555
1789   0.197635
1790   0.182987
1791   0.168588
1792   0.153635
1793   0.139117
1794   0.124215
1795   0.109922
1796   0.0954181
1797   0.081697
1798   0.0679494
1799   0.0551687
1800   0.0425675
1801   0.031133
1802   0.0201217
1803   0.0104861
1804   0.00160908
1805   -0.00575441
1806   0.230476
1807   0.237571
1808   0.244649
1809   0.251674
1810   0.258591
1811   0.265338
1812   0.27181
1813   0.277914
1814   0.283489
1815   0.288411
1816   0.292476
1817   0.295546
1818   0.297429
1819   0.298012
1820   0.297187
1821   0.294912
1822   0.291196
1823   0.286063
1824   0.27962
1825   0.271929
1826   0.263151
1827   0.253353
1828   0.242716
1829   0.231296
1830   0.219274
1831   0.206689
1832   0.193718
1833   0.180382
1834   0.16685
1835   0.153135
1836   0.1394
1837   0.125652
1838   0.112055
1839   0.0986133
1840   0.0854922
1841   0.0727019
1842   0.0604108
1843   0.0486369
1844   0.0375552
1845   0.0271948
1846   0.0177379
1847   0.00922615
1848   0.00182562
