##### Y Mean #####
0   0.00289925
1   -0.028176
2   -0.0645377
3   -0.104664
4   -0.147695
5   -0.191752
6   -0.236184
7   -0.279266
8   -0.320472
9   -0.357826
10   -0.39177
11   -0.42159
12   -0.447765
13   -0.469995
14   -0.488576
15   -0.503404
16   -0.514688
17   -0.522432
18   -0.526925
19   -0.528334
20   -0.526952
21   -0.523064
22   -0.516871
23   -0.508686
24   -0.498701
25   -0.487282
26   -0.474643
27   -0.461177
28   -0.447042
29   -0.43255
30   -0.417798
31   -0.403004
32   -0.388218
33   -0.373565
34   -0.359065
35   -0.344783
36   -0.330732
37   -0.316948
38   -0.303443
39   -0.290241
40   -0.277359
41   -0.264812
42   -0.252616
43   0.0317429
44   0.000111579
45   -0.0396115
46   -0.0818961
47   -0.130242
48   -0.176916
49   -0.227182
50   -0.272745
51   -0.320421
52   -0.359339
53   -0.398203
54   -0.429705
55   -0.45953
56   -0.483465
57   -0.504655
58   -0.520886
59   -0.533966
60   -0.542602
61   -0.548138
62   -0.550086
63   -0.549049
64   -0.545428
65   -0.539005
66   -0.5307
67   -0.51998
68   -0.508075
69   -0.494339
70   -0.480201
71   -0.464866
72   -0.449609
73   -0.433697
74   -0.418125
75   -0.402313
76   -0.386909
77   -0.371527
78   -0.356534
79   -0.341717
80   -0.327263
81   -0.313082
82   -0.29926
83   -0.285776
84   -0.272664
85   -0.259932
86   0.06594
87   0.0363011
88   -0.00445757
89   -0.0495435
90   -0.100339
91   -0.151496
92   -0.204077
93   -0.254325
94   -0.303997
95   -0.349619
96   -0.39151
97   -0.42873
98   -0.461804
99   -0.490028
100   -0.514074
101   -0.533208
102   -0.548312
103   -0.559109
104   -0.566182
105   -0.569713
106   -0.569853
107   -0.566983
108   -0.561137
109   -0.552769
110   -0.542011
111   -0.529412
112   -0.515175
113   -0.499945
114   -0.483829
115   -0.46731
116   -0.450476
117   -0.433673
118   -0.416947
119   -0.400464
120   -0.384235
121   -0.368322
122   -0.352735
123   -0.337495
124   -0.322622
125   -0.308122
126   -0.294022
127   -0.280324
128   -0.26705
129   0.104317
130   0.0752949
131   0.0349198
132   -0.0114982
133   -0.0654667
134   -0.118728
135   -0.175182
136   -0.227678
137   -0.280895
138   -0.329672
139   -0.37737
140   -0.41757
141   -0.456815
142   -0.487353
143   -0.51713
144   -0.538059
145   -0.557398
146   -0.570255
147   -0.580248
148   -0.585991
149   -0.588033
150   -0.586772
151   -0.581774
152   -0.574111
153   -0.563319
154   -0.55071
155   -0.535716
156   -0.52002
157   -0.502744
158   -0.485374
159   -0.467215
160   -0.449439
161   -0.431499
162   -0.414076
163   -0.396809
164   -0.380036
165   -0.36357
166   -0.347563
167   -0.33194
168   -0.316765
169   -0.302025
170   -0.28774
171   -0.273919
172   0.146336
173   0.121563
174   0.0809311
175   0.0343302
176   -0.0213677
177   -0.0776668
178   -0.13619
179   -0.192288
180   -0.247966
181   -0.300289
182   -0.350025
183   -0.395105
184   -0.436353
185   -0.472637
186   -0.504829
187   -0.532325
188   -0.555246
189   -0.573712
190   -0.587714
191   -0.597255
192   -0.602642
193   -0.603472
194   -0.600508
195   -0.59377
196   -0.583857
197   -0.571484
198   -0.556627
199   -0.540206
200   -0.52232
201   -0.503634
202   -0.484444
203   -0.465245
204   -0.44625
205   -0.427574
206   -0.409345
207   -0.391527
208   -0.374213
209   -0.357341
210   -0.340983
211   -0.325088
212   -0.309717
213   -0.294829
214   -0.280476
215   0.190226
216   0.166582
217   0.128164
218   0.0807752
219   0.0242048
220   -0.0336222
221   -0.0944908
222   -0.152606
223   -0.210779
224   -0.265073
225   -0.317406
226   -0.364961
227   -0.409415
228   -0.448729
229   -0.484986
230   -0.516021
231   -0.54506
232   -0.566528
233   -0.587561
234   -0.599048
235   -0.610929
236   -0.613034
237   -0.61448
238   -0.609174
239   -0.601172
240   -0.590267
241   -0.575725
242   -0.559646
243   -0.540875
244   -0.521482
245   -0.500891
246   -0.480698
247   -0.460393
248   -0.440708
249   -0.421366
250   -0.402632
251   -0.384393
252   -0.366724
253   -0.349595
254   -0.333021
255   -0.317005
256   -0.301545
257   -0.286651
258   0.235466
259   0.217861
260   0.179039
261   0.132338
262   0.0747481
263   0.0151334
264   -0.0471531
265   -0.107814
266   -0.167794
267   -0.224603
268   -0.278861
269   -0.329053
270   -0.375643
271   -0.417838
272   -0.456256
273   -0.490352
274   -0.521006
275   -0.547046
276   -0.569434
277   -0.587182
278   -0.601125
279   -0.61091
280   -0.616088
281   -0.617356
282   -0.613618
283   -0.60569
284   -0.593564
285   -0.577478
286   -0.558712
287   -0.538307
288   -0.516894
289   -0.495267
290   -0.473994
291   -0.453024
292   -0.432767
293   -0.412996
294   -0.393958
295   -0.375454
296   -0.357639
297   -0.340379
298   -0.323778
299   -0.307747
300   -0.292363
301   0.279773
302   0.263483
303   0.228653
304   0.182151
305   0.124844
306   0.0646124
307   0.000934407
308   -0.0610327
309   -0.122947
310   -0.181278
311   -0.237648
312   -0.289491
313   -0.338333
314   -0.382296
315   -0.422929
316   -0.458799
317   -0.491302
318   -0.519604
319   -0.544366
320   -0.565271
321   -0.583029
322   -0.596836
323   -0.608892
324   -0.613664
325   -0.618484
326   -0.612314
327   -0.606262
328   -0.590749
329   -0.572988
330   -0.552873
331   -0.530608
332   -0.508476
333   -0.486073
334   -0.464256
335   -0.44302
336   -0.422461
337   -0.402616
338   -0.38343
339   -0.36494
340   -0.347097
341   -0.329926
342   -0.313399
343   -0.297526
344   0.322496
345   0.314566
346   0.279936
347   0.235266
348   0.178357
349   0.116665
350   0.0524389
351   -0.0114358
352   -0.074538
353   -0.134928
354   -0.192706
355   -0.246614
356   -0.296933
357   -0.342916
358   -0.385031
359   -0.422827
360   -0.456965
361   -0.487159
362   -0.513857
363   -0.536989
364   -0.556863
365   -0.573394
366   -0.587124
367   -0.596937
368   -0.603479
369   -0.605625
370   -0.60277
371   -0.595866
372   -0.581808
373   -0.563714
374   -0.542311
375   -0.519148
376   -0.496295
377   -0.473469
378   -0.451691
379   -0.430393
380   -0.410026
381   -0.390238
382   -0.371263
383   -0.352904
384   -0.33529
385   -0.318306
386   -0.302035
387   0.360468
388   0.352736
389   0.327749
390   0.286481
391   0.231084
392   0.169251
393   0.103812
394   0.0390102
395   -0.025671
396   -0.0872529
397   -0.146761
398   -0.20195
399   -0.254006
400   -0.301306
401   -0.345076
402   -0.384231
403   -0.419908
404   -0.451502
405   -0.479786
406   -0.504449
407   -0.52602
408   -0.54425
409   -0.559518
410   -0.571909
411   -0.581072
412   -0.587268
413   -0.590493
414   -0.587857
415   -0.583504
416   -0.5672
417   -0.54926
418   -0.526495
419   -0.503439
420   -0.480433
421   -0.458285
422   -0.436674
423   -0.415919
424   -0.395788
425   -0.37643
426   -0.357731
427   -0.339745
428   -0.322428
429   -0.305792
430   0.395022
431   0.392893
432   0.372209
433   0.339531
434   0.283901
435   0.221636
436   0.15629
437   0.0902862
438   0.0248973
439   -0.03829
440   -0.0988282
441   -0.155711
442   -0.208895
443   -0.257837
444   -0.302772
445   -0.343473
446   -0.38035
447   -0.413354
448   -0.442855
449   -0.468873
450   -0.491715
451   -0.511375
452   -0.52826
453   -0.5423
454   -0.553616
455   -0.5621
456   -0.567607
457   -0.569405
458   -0.567592
459   -0.561011
460   -0.546008
461   -0.527669
462   -0.50603
463   -0.483499
464   -0.461869
465   -0.440406
466   -0.419734
467   -0.399561
468   -0.380117
469   -0.361266
470   -0.343099
471   -0.325556
472   -0.308682
473   0.425734
474   0.425674
475   0.412524
476   0.382715
477   0.333036
478   0.272641
479   0.207302
480   0.141184
481   0.0747877
482   0.0108464
483   -0.0510597
484   -0.108906
485   -0.163516
486   -0.213484
487   -0.259781
488   -0.301528
489   -0.339652
490   -0.373692
491   -0.404347
492   -0.431443
493   -0.455427
494   -0.476349
495   -0.494428
496   -0.509977
497   -0.522706
498   -0.533055
499   -0.540243
500   -0.544863
501   -0.545611
502   -0.543257
503   -0.536055
504   -0.521104
505   -0.503709
506   -0.482864
507   -0.46235
508   -0.441537
509   -0.421336
510   -0.401455
511   -0.382182
512   -0.36341
513   -0.345228
514   -0.327617
515   -0.310601
516   0.453223
517   0.457574
518   0.449596
519   0.429452
520   0.380238
521   0.321596
522   0.257624
523   0.191413
524   0.12495
525   0.0599537
526   -0.00257438
527   -0.0617624
528   -0.117182
529   -0.168511
530   -0.215686
531   -0.258716
532   -0.297748
533   -0.332958
534   -0.36455
535   -0.392759
536   -0.417784
537   -0.439866
538   -0.459196
539   -0.47597
540   -0.490186
541   -0.501957
542   -0.511066
543   -0.517577
544   -0.520964
545   -0.521316
546   -0.517076
547   -0.508588
548   -0.493923
549   -0.476969
550   -0.458334
551   -0.439299
552   -0.420089
553   -0.401079
554   -0.382311
555   -0.363947
556   -0.345964
557   -0.328478
558   -0.311449
559   0.477174
560   0.484442
561   0.482162
562   0.463986
563   0.423152
564   0.368209
565   0.305769
566   0.240431
567   0.173675
568   0.108479
569   0.0449984
570   -0.0147681
571   -0.0713164
572   -0.123367
573   -0.171668
574   -0.215483
575   -0.255572
576   -0.291608
577   -0.324199
578   -0.353318
579   -0.37935
580   -0.402501
581   -0.422891
582   -0.440915
583   -0.456314
584   -0.469603
585   -0.480137
586   -0.48855
587   -0.493746
588   -0.496386
589   -0.494788
590   -0.489671
591   -0.479848
592   -0.46623
593   -0.450679
594   -0.433669
595   -0.416167
596   -0.398305
597   -0.380472
598   -0.362729
599   -0.345214
600   -0.327999
601   -0.31114
602   0.49764
603   0.508324
604   0.511238
605   0.50298
606   0.463778
607   0.412726
608   0.352665
609   0.288136
610   0.221903
611   0.156168
612   0.0925308
613   0.0317873
614   -0.02521
615   -0.0783538
616   -0.127248
617   -0.172144
618   -0.212916
619   -0.249987
620   -0.283356
621   -0.313501
622   -0.340451
623   -0.36468
624   -0.386173
625   -0.405361
626   -0.422078
627   -0.436699
628   -0.448835
629   -0.458845
630   -0.46597
631   -0.470621
632   -0.471465
633   -0.469311
634   -0.462328
635   -0.452425
636   -0.439516
637   -0.42518
638   -0.409478
639   -0.393293
640   -0.376569
641   -0.359817
642   -0.342916
643   -0.326228
644   -0.309623
645   0.514454
646   0.528092
647   0.535236
648   0.52872
649   0.500285
650   0.454674
651   0.397343
652   0.334316
653   0.268329
654   0.202956
655   0.13879
656   0.0779073
657   0.0200825
658   -0.0334576
659   -0.0832622
660   -0.128698
661   -0.17038
662   -0.208103
663   -0.242385
664   -0.273317
665   -0.301224
666   -0.326407
667   -0.348941
668   -0.369263
669   -0.387147
670   -0.403105
671   -0.4166
672   -0.428158
673   -0.436934
674   -0.443373
675   -0.44644
676   -0.446455
677   -0.442687
678   -0.435581
679   -0.425773
680   -0.413824
681   -0.400412
682   -0.385907
683   -0.370698
684   -0.355014
685   -0.339038
686   -0.322948
687   -0.30685
688   0.527525
689   0.543481
690   0.555165
691   0.557813
692   0.53373
693   0.495855
694   0.440885
695   0.378898
696   0.313989
697   0.248494
698   0.184692
699   0.123174
700   0.0652818
701   0.0108965
702   -0.0392163
703   -0.0855517
704   -0.127705
705   -0.166344
706   -0.201252
707   -0.233141
708   -0.261852
709   -0.288068
710   -0.311595
711   -0.333054
712   -0.352122
713   -0.369357
714   -0.384225
715   -0.397246
716   -0.407587
717   -0.415787
718   -0.420677
719   -0.422983
720   -0.421436
721   -0.417232
722   -0.40984
723   -0.400561
724   -0.389176
725   -0.376707
726   -0.36296
727   -0.348678
728   -0.333638
729   -0.31843
730   -0.302837
731   0.536985
732   0.555448
733   0.569751
734   0.574574
735   0.563134
736   0.531879
737   0.481618
738   0.421856
739   0.357696
740   0.293204
741   0.229268
742   0.168041
743   0.109584
744   0.0551169
745   0.00429048
746   -0.0423407
747   -0.0852605
748   -0.124371
749   -0.1601
750   -0.192643
751   -0.222257
752   -0.249317
753   -0.273855
754   -0.296336
755   -0.316541
756   -0.334957
757   -0.351119
758   -0.365466
759   -0.377325
760   -0.387024
761   -0.393817
762   -0.397928
763   -0.398857
764   -0.396899
765   -0.39218
766   -0.385126
767   -0.376083
768   -0.365441
769   -0.353485
770   -0.340522
771   -0.326726
772   -0.312362
773   -0.297572
774   0.542718
775   0.56284
776   0.580288
777   0.590916
778   0.587604
779   0.570074
780   0.521024
781   0.462447
782   0.40052
783   0.336405
784   0.273383
785   0.211809
786   0.153635
787   0.0985419
788   0.0476894
789   0.000339492
790   -0.0428253
791   -0.0827173
792   -0.118904
793   -0.152312
794   -0.1826
795   -0.21063
796   -0.236044
797   -0.25961
798   -0.280866
799   -0.300491
800   -0.317852
801   -0.333559
802   -0.346763
803   -0.358059
804   -0.366408
805   -0.372501
806   -0.375303
807   -0.375741
808   -0.373115
809   -0.368483
810   -0.361396
811   -0.352844
812   -0.342468
813   -0.331114
814   -0.318446
815   -0.305218
816   -0.291129
817   0.544871
818   0.566747
819   0.586837
820   0.601793
821   0.607477
822   0.594407
823   0.555614
824   0.501757
825   0.441477
826   0.379038
827   0.316193
828   0.255267
829   0.196749
830   0.141878
831   0.0905149
832   0.0431287
833   -0.000635142
834   -0.0407986
835   -0.0776863
836   -0.111601
837   -0.142715
838   -0.171471
839   -0.19784
840   -0.222317
841   -0.244659
842   -0.265341
843   -0.283929
844   -0.300823
845   -0.315445
846   -0.328091
847   -0.338157
848   -0.345857
849   -0.35076
850   -0.353109
851   -0.3528
852   -0.350156
853   -0.345279
854   -0.33851
855   -0.329997
856   -0.320056
857   -0.308814
858   -0.296582
859   -0.283518
860   0.543621
861   0.566219
862   0.589326
863   0.608506
864   0.622342
865   0.623704
866   0.58717
867   0.537649
868   0.480865
869   0.419667
870   0.358181
871   0.297242
872   0.239362
873   0.184123
874   0.133051
875   0.0851653
876   0.0414094
877   0.000632979
878   -0.0365273
879   -0.0711882
880   -0.102838
881   -0.132479
882   -0.159609
883   -0.1851
884   -0.208378
885   -0.230198
886   -0.249864
887   -0.268039
888   -0.283882
889   -0.298019
890   -0.309496
891   -0.318987
892   -0.325551
893   -0.329988
894   -0.331523
895   -0.331061
896   -0.327995
897   -0.323245
898   -0.316303
899   -0.308046
900   -0.29802
901   -0.287083
902   -0.274854
903   0.53945
904   0.563487
905   0.588365
906   0.611895
907   0.631335
908   0.63548
909   0.613449
910   0.571354
911   0.517961
912   0.459252
913   0.39847
914   0.338691
915   0.280817
916   0.226204
917   0.174902
918   0.127288
919   0.0831479
920   0.0423177
921   0.00460671
922   -0.0304118
923   -0.0627835
924   -0.0930395
925   -0.121048
926   -0.147352
927   -0.171647
928   -0.194431
929   -0.215254
930   -0.234527
931   -0.251706
932   -0.267099
933   -0.28016
934   -0.291123
935   -0.299556
936   -0.305687
937   -0.309284
938   -0.310607
939   -0.309592
940   -0.306522
941   -0.30142
942   -0.29458
943   -0.286067
944   -0.276208
945   -0.265158
946   0.532447
947   0.556267
948   0.583339
949   0.608975
950   0.634631
951   0.651434
952   0.634893
953   0.602445
954   0.552982
955   0.496204
956   0.437427
957   0.3781
958   0.3214
959   0.266771
960   0.216161
961   0.168324
962   0.124475
963   0.0832354
964   0.0454407
965   0.00982129
966   -0.0229557
967   -0.0539869
968   -0.0826497
969   -0.109875
970   -0.135009
971   -0.158846
972   -0.180653
973   -0.201125
974   -0.219431
975   -0.236217
976   -0.250581
977   -0.263183
978   -0.273122
979   -0.281128
980   -0.286381
981   -0.28969
982   -0.290339
983   -0.289185
984   -0.285594
985   -0.280444
986   -0.273172
987   -0.264697
988   -0.254566
989   0.523211
990   0.547967
991   0.575296
992   0.603666
993   0.63114
994   0.649959
995   0.650994
996   0.627686
997   0.584372
998   0.531309
999   0.474036
1000   0.416668
1001   0.360461
1002   0.306963
1003   0.256475
1004   0.209249
1005   0.165273
1006   0.124196
1007   0.0860308
1008   0.0501931
1009   0.0168253
1010   -0.014716
1011   -0.0441487
1012   -0.0720937
1013   -0.0981454
1014   -0.122857
1015   -0.145725
1016   -0.167207
1017   -0.186747
1018   -0.204698
1019   -0.220513
1020   -0.234465
1021   -0.246091
1022   -0.255624
1023   -0.26274
1024   -0.267666
1025   -0.270215
1026   -0.270626
1027   -0.268816
1028   -0.265046
1029   -0.259318
1030   -0.251955
1031   -0.243102
1032   0.51171
1033   0.535484
1034   0.563707
1035   0.592309
1036   0.622489
1037   0.647038
1038   0.657641
1039   0.652991
1040   0.613056
1041   0.562639
1042   0.508835
1043   0.452459
1044   0.3981
1045   0.344973
1046   0.295628
1047   0.248503
1048   0.205109
1049   0.163867
1050   0.125798
1051   0.0895426
1052   0.0558978
1053   0.0237341
1054   -0.00624044
1055   -0.034967
1056   -0.0617471
1057   -0.0873786
1058   -0.111122
1059   -0.133676
1060   -0.154236
1061   -0.173444
1062   -0.190446
1063   -0.205876
1064   -0.218863
1065   -0.230084
1066   -0.238694
1067   -0.245433
1068   -0.24951
1069   -0.251724
1070   -0.251346
1071   -0.249236
1072   -0.244739
1073   -0.238806
1074   -0.230916
1075   0.498537
1076   0.5224
1077   0.549547
1078   0.578873
1079   0.60942
1080   0.637057
1081   0.657728
1082   0.659083
1083   0.634721
1084   0.591673
1085   0.540609
1086   0.48696
1087   0.433559
1088   0.382082
1089   0.333275
1090   0.287104
1091   0.243898
1092   0.203022
1093   0.164813
1094   0.128479
1095   0.0944328
1096   0.0618834
1097   0.0313145
1098   0.00199547
1099   -0.0255329
1100   -0.0519095
1101   -0.0765508
1102   -0.0999874
1103   -0.121618
1104   -0.141863
1105   -0.160142
1106   -0.176779
1107   -0.191262
1108   -0.20385
1109   -0.214134
1110   -0.222334
1111   -0.228162
1112   -0.231826
1113   -0.233149
1114   -0.232362
1115   -0.229405
1116   -0.224588
1117   -0.218034
1118   0.483808
1119   0.505966
1120   0.532834
1121   0.560775
1122   0.592074
1123   0.620898
1124   0.648698
1125   0.666724
1126   0.64862
1127   0.615186
1128   0.568613
1129   0.516952
1130   0.466243
1131   0.41575
1132   0.368628
1133   0.32301
1134   0.280693
1135   0.239987
1136   0.202069
1137   0.165592
1138   0.131434
1139   0.0985132
1140   0.0675692
1141   0.0377066
1142   0.00962087
1143   -0.0174512
1144   -0.0427992
1145   -0.0670947
1146   -0.0895817
1147   -0.110879
1148   -0.130179
1149   -0.148088
1150   -0.163763
1151   -0.177833
1152   -0.189445
1153   -0.199279
1154   -0.206495
1155   -0.211838
1156   -0.214503
1157   -0.215323
1158   -0.213563
1159   -0.210187
1160   -0.204615
1161   0.468234
1162   0.48994
1163   0.514907
1164   0.542479
1165   0.572408
1166   0.602761
1167   0.631657
1168   0.651779
1169   0.654784
1170   0.631022
1171   0.590937
1172   0.543926
1173   0.495319
1174   0.447324
1175   0.401417
1176   0.357155
1177   0.315486
1178   0.275384
1179   0.237686
1180   0.201333
1181   0.167099
1182   0.134004
1183   0.102774
1184   0.0725379
1185   0.0439948
1186   0.0163946
1187   -0.00957847
1188   -0.0345498
1189   -0.0578511
1190   -0.079985
1191   -0.100317
1192   -0.119238
1193   -0.136173
1194   -0.151421
1195   -0.164494
1196   -0.175622
1197   -0.184422
1198   -0.191088
1199   -0.195355
1200   -0.197425
1201   -0.197174
1202   -0.194894
1203   -0.190682
1204   0.451941
1205   0.471732
1206   0.495772
1207   0.521171
1208   0.550338
1209   0.579029
1210   0.608998
1211   0.633096
1212   0.644345
1213   0.642055
1214   0.60753
1215   0.563916
1216   0.519674
1217   0.47354
1218   0.430023
1219   0.387016
1220   0.346623
1221   0.307248
1222   0.270141
1223   0.234127
1224   0.200074
1225   0.167043
1226   0.135731
1227   0.105348
1228   0.0765315
1229   0.0485953
1230   0.022183
1231   -0.00332002
1232   -0.0272284
1233   -0.0501131
1234   -0.0712327
1235   -0.0911443
1236   -0.109052
1237   -0.125528
1238   -0.139732
1239   -0.152282
1240   -0.162312
1241   -0.170507
1242   -0.176008
1243   -0.179605
1244   -0.1805
1245   -0.179643
1246   -0.176406
1247   0.435519
1248   0.454602
1249   0.476453
1250   0.500692
1251   0.527236
1252   0.554968
1253   0.582636
1254   0.607472
1255   0.625522
1256   0.62855
1257   0.614405
1258   0.578722
1259   0.538491
1260   0.495677
1261   0.454415
1262   0.413277
1263   0.374317
1264   0.335959
1265   0.299722
1266   0.264239
1267   0.23068
1268   0.197872
1269   0.166781
1270   0.136397
1271   0.107575
1272   0.0794508
1273   0.0528178
1274   0.0269489
1275   0.00259307
1276   -0.0208441
1277   -0.0426589
1278   -0.0633199
1279   -0.0821815
1280   -0.0995977
1281   -0.114999
1282   -0.128642
1283   -0.140053
1284   -0.149422
1285   -0.156394
1286   -0.16115
1287   -0.163493
1288   -0.163692
1289   -0.16181
1290   0.419012
1291   0.436316
1292   0.456938
1293   0.478753
1294   0.503575
1295   0.528378
1296   0.554501
1297   0.577444
1298   0.598033
1299   0.6103
1300   0.602222
1301   0.582394
1302   0.547813
1303   0.509148
1304   0.47148
1305   0.433096
1306   0.396101
1307   0.359526
1308   0.32447
1309   0.290159
1310   0.257317
1311   0.22526
1312   0.194566
1313   0.164615
1314   0.135944
1315   0.107985
1316   0.0812902
1317   0.0553327
1318   0.0307096
1319   0.00692163
1320   -0.015371
1321   -0.0366593
1322   -0.0562121
1323   -0.0745342
1324   -0.0908232
1325   -0.105623
1326   -0.118069
1327   -0.128776
1328   -0.13685
1329   -0.143021
1330   -0.146433
1331   -0.14801
1332   -0.14707
1333   0.402809
1334   0.419332
1335   0.437897
1336   0.458258
1337   0.480265
1338   0.503266
1339   0.526166
1340   0.548171
1341   0.566515
1342   0.580092
1343   0.582528
1344   0.569957
1345   0.548129
1346   0.515295
1347   0.482367
1348   0.446929
1349   0.412847
1350   0.37819
1351   0.345106
1352   0.312087
1353   0.280605
1354   0.249403
1355   0.219634
1356   0.190213
1357   0.162128
1358   0.134437
1359   0.108035
1360   0.0821116
1361   0.0575012
1362   0.0335213
1363   0.0109538
1364   -0.0107558
1365   -0.0308815
1366   -0.0498507
1367   -0.0670058
1368   -0.0826525
1369   -0.0962209
1370   -0.107916
1371   -0.117288
1372   -0.124497
1373   -0.129266
1374   -0.131833
1375   -0.132213
1376   0.386878
1377   0.401936
1378   0.419276
1379   0.437508
1380   0.457724
1381   0.478056
1382   0.499088
1383   0.518529
1384   0.536044
1385   0.548894
1386   0.554217
1387   0.551046
1388   0.534348
1389   0.510996
1390   0.482923
1391   0.45286
1392   0.421947
1393   0.390671
1394   0.359735
1395   0.329004
1396   0.299005
1397   0.269403
1398   0.24065
1399   0.212347
1400   0.18493
1401   0.157985
1402   0.131969
1403   0.10647
1404   0.0819932
1405   0.0581307
1406   0.035452
1407   0.0135478
1408   -0.00693318
1409   -0.0264167
1410   -0.0441633
1411   -0.060635
1412   -0.0749989
1413   -0.0877849
1414   -0.0980867
1415   -0.106558
1416   -0.112291
1417   -0.116159
1418   -0.117423
1419   0.371417
1420   0.385711
1421   0.401353
1422   0.418194
1423   0.436051
1424   0.454575
1425   0.472859
1426   0.490598
1427   0.505693
1428   0.518073
1429   0.523897
1430   0.524271
1431   0.515334
1432   0.498439
1433   0.477179
1434   0.451897
1435   0.425599
1436   0.397549
1437   0.369798
1438   0.3413
1439   0.313577
1440   0.28555
1441   0.258454
1442   0.231262
1443   0.205047
1444   0.178859
1445   0.153678
1446   0.128646
1447   0.104678
1448   0.0810187
1449   0.0585321
1450   0.0365759
1451   0.0159612
1452   -0.00382885
1453   -0.0220445
1454   -0.0390672
1455   -0.0542258
1456   -0.0677684
1457   -0.0791369
1458   -0.0884883
1459   -0.0954468
1460   -0.100209
1461   -0.102728
1462   0.356355
1463   0.369496
1464   0.384042
1465   0.399187
1466   0.415478
1467   0.431869
1468   0.44845
1469   0.464056
1470   0.478036
1471   0.489317
1472   0.496125
1473   0.498308
1474   0.492899
1475   0.481772
1476   0.465269
1477   0.445393
1478   0.423003
1479   0.399068
1480   0.374227
1481   0.348778
1482   0.323195
1483   0.297445
1484   0.271922
1485   0.246441
1486   0.221375
1487   0.196465
1488   0.172098
1489   0.147984
1490   0.124546
1491   0.101478
1492   0.0792587
1493   0.0575696
1494   0.0369633
1495   0.0171018
1496   -0.00136674
1497   -0.0188144
1498   -0.0344778
1499   -0.0487907
1500   -0.0608715
1501   -0.0712734
1502   -0.0790541
1503   -0.0850051
1504   -0.0883182
1505   0.341768
1506   0.354183
1507   0.367394
1508   0.381319
1509   0.395779
1510   0.410603
1511   0.425102
1512   0.439177
1513   0.451437
1514   0.461967
1515   0.468673
1516   0.471882
1517   0.46959
1518   0.462152
1519   0.450373
1520   0.43463
1521   0.416609
1522   0.396142
1523   0.374826
1524   0.352065
1525   0.329235
1526   0.305526
1527   0.282148
1528   0.25821
1529   0.234813
1530   0.21106
1531   0.18798
1532   0.164708
1533   0.142226
1534   0.119727
1535   0.0981518
1536   0.0767741
1537   0.0564915
1538   0.0366825
1539   0.0181924
1540   0.000530984
1541   -0.0155248
1542   -0.0303098
1543   -0.0431482
1544   -0.0542262
1545   -0.0630442
1546   -0.0697581
1547   -0.0742269
1548   0.327592
1549   0.33909
1550   0.351347
1551   0.363949
1552   0.377109
1553   0.390288
1554   0.403382
1555   0.415808
1556   0.427027
1557   0.436524
1558   0.443235
1559   0.446932
1560   0.446286
1561   0.441719
1562   0.433035
1563   0.421122
1564   0.406402
1565   0.389576
1566   0.371143
1567   0.351467
1568   0.330978
1569   0.309786
1570   0.28826
1571   0.266352
1572   0.244405
1573   0.222282
1574   0.200324
1575   0.178347
1576   0.15671
1577   0.135205
1578   0.114225
1579   0.0935455
1580   0.073616
1581   0.0541896
1582   0.0357991
1583   0.0181671
1584   0.00194077
1585   -0.0132084
1586   -0.0264843
1587   -0.0383175
1588   -0.0477711
1589   -0.0555105
1590   -0.0606487
1591   0.313845
1592   0.324658
1593   0.33587
1594   0.347436
1595   0.359203
1596   0.371101
1597   0.38264
1598   0.393815
1599   0.403724
1600   0.412454
1601   0.418765
1602   0.42278
1603   0.423404
1604   0.420739
1605   0.414782
1606   0.405659
1607   0.394157
1608   0.380183
1609   0.364813
1610   0.347656
1611   0.329839
1612   0.310741
1613   0.291468
1614   0.271259
1615   0.25119
1616   0.23043
1617   0.210029
1618   0.189133
1619   0.168772
1620   0.148103
1621   0.128135
1622   0.108066
1623   0.088876
1624   0.0698321
1625   0.0518765
1626   0.0343791
1627   0.018227
1628   0.00293848
1629   -0.0106844
1630   -0.0229287
1631   -0.033146
1632   -0.0414722
1633   -0.0476228
1634   0.300489
1635   0.31055
1636   0.320941
1637   0.331475
1638   0.342189
1639   0.352828
1640   0.363244
1641   0.373147
1642   0.382155
1643   0.389978
1644   0.396005
1645   0.400019
1646   0.401373
1647   0.400074
1648   0.3959
1649   0.389129
1650   0.379932
1651   0.368646
1652   0.355604
1653   0.341047
1654   0.32533
1655   0.308566
1656   0.291091
1657   0.272915
1658   0.254351
1659   0.235338
1660   0.216183
1661   0.196779
1662   0.177439
1663   0.15803
1664   0.13888
1665   0.119842
1666   0.101274
1667   0.0830145
1668   0.0654734
1669   0.0484679
1670   0.0324914
1671   0.0173247
1672   0.00359739
1673   -0.00898469
1674   -0.0195877
1675   -0.0286974
1676   -0.03535
1677   0.287526
1678   0.296949
1679   0.306513
1680   0.316189
1681   0.325848
1682   0.335478
1683   0.34473
1684   0.353653
1685   0.361641
1686   0.368794
1687   0.37433
1688   0.378343
1689   0.380144
1690   0.379778
1691   0.37705
1692   0.371956
1693   0.364835
1694   0.355548
1695   0.34479
1696   0.332222
1697   0.318727
1698   0.303775
1699   0.288342
1700   0.271746
1701   0.25501
1702   0.237351
1703   0.219813
1704   0.201559
1705   0.183641
1706   0.165198
1707   0.147285
1708   0.129042
1709   0.11152
1710   0.0938848
1711   0.0771706
1712   0.0605989
1713   0.0451723
1714   0.0302088
1715   0.0166503
1716   0.00398818
1717   -0.00695898
1718   -0.0164167
1719   -0.0238758
1720   0.274937
1721   0.283729
1722   0.292597
1723   0.301467
1724   0.310298
1725   0.318978
1726   0.327365
1727   0.335318
1728   0.342576
1729   0.348969
1730   0.354143
1731   0.357923
1732   0.359963
1733   0.360159
1734   0.35835
1735   0.354556
1736   0.348843
1737   0.341309
1738   0.332167
1739   0.321518
1740   0.30964
1741   0.29659
1742   0.28266
1743   0.267857
1744   0.25247
1745   0.236464
1746   0.220118
1747   0.203369
1748   0.186496
1749   0.169414
1750   0.152406
1751   0.135379
1752   0.118626
1753   0.102049
1754   0.0859593
1755   0.0702565
1756   0.0552856
1757   0.0409348
1758   0.0276148
1759   0.0151765
1760   0.00417632
1761   -0.00566309
1762   -0.0134069
1763   0.262721
1764   0.270937
1765   0.279144
1766   0.287324
1767   0.295363
1768   0.303279
1769   0.310803
1770   0.318019
1771   0.324485
1772   0.330329
1773   0.334998
1774   0.338612
1775   0.340676
1776   0.341242
1777   0.340092
1778   0.337178
1779   0.332656
1780   0.32634
1781   0.318713
1782   0.309425
1783   0.299195
1784   0.287508
1785   0.275235
1786   0.261721
1787   0.247932
1788   0.233108
1789   0.218271
1790   0.202593
1791   0.187128
1792   0.171006
1793   0.155301
1794   0.139125
1795   0.123563
1796   0.107722
1797   0.092696
1798   0.0776018
1799   0.0635345
1800   0.0496346
1801   0.0369924
1802   0.0247953
1803   0.0140965
1804   0.00422087
1805   -0.0039962
1806   0.250872
1807   0.258546
1808   0.26618
1809   0.273732
1810   0.281146
1811   0.288353
1812   0.295247
1813   0.301731
1814   0.307642
1815   0.312851
1816   0.317157
1817   0.320416
1818   0.322437
1819   0.323103
1820   0.322308
1821   0.32
1822   0.31619
1823   0.310896
1824   0.304224
1825   0.296227
1826   0.287068
1827   0.276807
1828   0.265629
1829   0.253583
1830   0.240857
1831   0.227487
1832   0.213655
1833   0.199383
1834   0.184852
1835   0.170074
1836   0.155226
1837   0.140318
1838   0.125528
1839   0.110867
1840   0.0965176
1841   0.082495
1842   0.0689883
1843   0.0560217
1844   0.0437921
1845   0.0323356
1846   0.0218572
1847   0.0124067
1848   0.00417033
