##### Y Mean #####
0   0.00445049
1   -0.0281231
2   -0.0663253
3   -0.108609
4   -0.154122
5   -0.200945
6   -0.248402
7   -0.294644
8   -0.339055
9   -0.379381
10   -0.416111
11   -0.448429
12   -0.476866
13   -0.501081
14   -0.521381
15   -0.537642
16   -0.550063
17   -0.558638
18   -0.563664
19   -0.565329
20   -0.563935
21   -0.559808
22   -0.553144
23   -0.544303
24   -0.533478
25   -0.521096
26   -0.507383
27   -0.492795
28   -0.477493
29   -0.461837
30   -0.445923
31   -0.43
32   -0.414109
33   -0.398394
34   -0.382863
35   -0.367588
36   -0.352573
37   -0.337856
38   -0.323446
39   -0.309367
40   -0.295633
41   -0.28226
42   -0.269262
43   0.0352491
44   0.00221833
45   -0.03936
46   -0.0837652
47   -0.13471
48   -0.184185
49   -0.237784
50   -0.28661
51   -0.338124
52   -0.380051
53   -0.422223
54   -0.45637
55   -0.48886
56   -0.515018
57   -0.538233
58   -0.556141
59   -0.570592
60   -0.580252
61   -0.586467
62   -0.588832
63   -0.587837
64   -0.584107
65   -0.577191
66   -0.568292
67   -0.556629
68   -0.543764
69   -0.528799
70   -0.51351
71   -0.496842
72   -0.480371
73   -0.463144
74   -0.446384
75   -0.429344
76   -0.412819
77   -0.396309
78   -0.380265
79   -0.364407
80   -0.348966
81   -0.333818
82   -0.319067
83   -0.30468
84   -0.290695
85   -0.277119
86   0.0716614
87   0.0408663
88   -0.00161936
89   -0.0487526
90   -0.102057
91   -0.155974
92   -0.211796
93   -0.265393
94   -0.318852
95   -0.368158
96   -0.413616
97   -0.454169
98   -0.490335
99   -0.521321
100   -0.54783
101   -0.569008
102   -0.585822
103   -0.597954
104   -0.606008
105   -0.6102
106   -0.610641
107   -0.607781
108   -0.601605
109   -0.592637
110   -0.580994
111   -0.567331
112   -0.551844
113   -0.535293
114   -0.517771
115   -0.499843
116   -0.48159
117   -0.463417
118   -0.445359
119   -0.427604
120   -0.410153
121   -0.393071
122   -0.376361
123   -0.360042
124   -0.344131
125   -0.328631
126   -0.313569
127   -0.298944
128   -0.28478
129   0.11242
130   0.0824457
131   0.0405768
132   -0.0077031
133   -0.0640808
134   -0.119948
135   -0.179559
136   -0.235323
137   -0.29227
138   -0.344929
139   -0.396731
140   -0.440565
141   -0.483689
142   -0.517264
143   -0.550325
144   -0.573549
145   -0.595207
146   -0.609769
147   -0.621192
148   -0.628014
149   -0.630649
150   -0.629721
151   -0.624529
152   -0.616432
153   -0.604747
154   -0.591127
155   -0.574754
156   -0.557705
157   -0.538826
158   -0.51994
159   -0.500143
160   -0.480866
161   -0.461401
162   -0.442581
163   -0.423939
164   -0.405887
165   -0.388179
166   -0.370999
167   -0.354246
168   -0.337996
169   -0.322223
170   -0.306952
171   -0.292189
172   0.156905
173   0.131567
174   0.0896761
175   0.0415194
176   -0.0163606
177   -0.0750632
178   -0.136583
179   -0.195839
180   -0.255233
181   -0.311418
182   -0.36527
183   -0.414363
184   -0.459595
185   -0.499621
186   -0.535384
187   -0.566164
188   -0.591994
189   -0.613018
190   -0.629153
191   -0.640363
192   -0.646949
193   -0.648406
194   -0.645611
195   -0.638593
196   -0.627982
197   -0.614622
198   -0.598443
199   -0.580519
200   -0.560942
201   -0.540491
202   -0.519498
203   -0.49854
204   -0.477854
205   -0.457564
206   -0.437814
207   -0.418548
208   -0.399871
209   -0.381697
210   -0.364113
211   -0.347046
212   -0.330569
213   -0.314626
214   -0.299277
215   0.203204
216   0.179191
217   0.139905
218   0.0911935
219   0.0327746
220   -0.0272858
221   -0.0908864
222   -0.152063
223   -0.213725
224   -0.271808
225   -0.328136
226   -0.379799
227   -0.428358
228   -0.47171
229   -0.511967
230   -0.546764
231   -0.57967
232   -0.604123
233   -0.628462
234   -0.641912
235   -0.656118
236   -0.659059
237   -0.661367
238   -0.656087
239   -0.647692
240   -0.63609
241   -0.620243
242   -0.602724
243   -0.582066
244   -0.56078
245   -0.538108
246   -0.515981
247   -0.493738
248   -0.472268
249   -0.451204
250   -0.430872
251   -0.411114
252   -0.392024
253   -0.37355
254   -0.355712
255   -0.338504
256   -0.321921
257   -0.30597
258   0.250751
259   0.233111
260   0.193658
261   0.146015
262   0.0868109
263   0.0252839
264   -0.039559
265   -0.103034
266   -0.166383
267   -0.226766
268   -0.28495
269   -0.339144
270   -0.389873
271   -0.436165
272   -0.4787
273   -0.516777
274   -0.551389
275   -0.581068
276   -0.606896
277   -0.627661
278   -0.644279
279   -0.656302
280   -0.663083
281   -0.665454
282   -0.662105
283   -0.653922
284   -0.640905
285   -0.623305
286   -0.602625
287   -0.580094
288   -0.556433
289   -0.53257
290   -0.509172
291   -0.486156
292   -0.464009
293   -0.442441
294   -0.421747
295   -0.401673
296   -0.382407
297   -0.363773
298   -0.345902
299   -0.328671
300   -0.312175
301   0.297181
302   0.281006
303   0.245885
304   0.198654
305   0.140105
306   0.0781625
307   0.0122649
308   -0.0523421
309   -0.117325
310   -0.179062
311   -0.239119
312   -0.294849
313   -0.347701
314   -0.395733
315   -0.440448
316   -0.480358
317   -0.516821
318   -0.549006
319   -0.577436
320   -0.60184
321   -0.622888
322   -0.639628
323   -0.654625
324   -0.661051
325   -0.667808
326   -0.661625
327   -0.655718
328   -0.638757
329   -0.619182
330   -0.59697
331   -0.572239
332   -0.54775
333   -0.522967
334   -0.498928
335   -0.475592
336   -0.453082
337   -0.431421
338   -0.410542
339   -0.39048
340   -0.371172
341   -0.35264
342   -0.334847
343   -0.317798
344   0.341852
345   0.334253
346   0.299521
347   0.254455
348   0.196516
349   0.133471
350   0.0672353
351   0.00104323
352   -0.0649269
353   -0.128428
354   -0.189712
355   -0.247265
356   -0.301462
357   -0.351352
358   -0.397486
359   -0.439245
360   -0.477386
361   -0.511482
362   -0.542015
363   -0.568821
364   -0.592226
365   -0.612038
366   -0.62888
367   -0.641303
368   -0.650039
369   -0.653739
370   -0.651619
371   -0.644802
372   -0.629605
373   -0.609672
374   -0.58591
375   -0.560113
376   -0.534754
377   -0.50946
378   -0.485456
379   -0.462034
380   -0.43974
381   -0.418132
382   -0.397496
383   -0.377575
384   -0.358534
385   -0.340212
386   -0.322719
387   0.381574
388   0.374288
389   0.349388
390   0.307861
391   0.251769
392   0.188795
393   0.121712
394   0.0548195
395   -0.0123823
396   -0.0768473
397   -0.139548
398   -0.19818
399   -0.253858
400   -0.304918
401   -0.352523
402   -0.39557
403   -0.435136
404   -0.470633
405   -0.502735
406   -0.531156
407   -0.556328
408   -0.578003
409   -0.596471
410   -0.611885
411   -0.623667
412   -0.63214
413   -0.637271
414   -0.635455
415   -0.631771
416   -0.613865
417   -0.59412
418   -0.568728
419   -0.543054
420   -0.517498
421   -0.493002
422   -0.469176
423   -0.446387
424   -0.424356
425   -0.403249
426   -0.382926
427   -0.363443
428   -0.34474
429   -0.326828
430   0.417683
431   0.416178
432   0.395664
433   0.362906
434   0.306786
435   0.243715
436   0.176947
437   0.109195
438   0.0415243
439   -0.0242128
440   -0.0877101
441   -0.147733
442   -0.204338
443   -0.256793
444   -0.305415
445   -0.349825
446   -0.390508
447   -0.427289
448   -0.460582
449   -0.490299
450   -0.516776
451   -0.539902
452   -0.560143
453   -0.577325
454   -0.591549
455   -0.602613
456   -0.610346
457   -0.613782
458   -0.61303
459   -0.606682
460   -0.590379
461   -0.570164
462   -0.546119
463   -0.521055
464   -0.497126
465   -0.473421
466   -0.450701
467   -0.428583
468   -0.407359
469   -0.386838
470   -0.367143
471   -0.348171
472   -0.32999
473   0.449727
474   0.450334
475   0.437508
476   0.407733
477   0.357791
478   0.296768
479   0.230343
480   0.162709
481   0.0943826
482   0.0281411
483   -0.0363865
484   -0.0971365
485   -0.154866
486   -0.208148
487   -0.257881
488   -0.30319
489   -0.344922
490   -0.382639
491   -0.416944
492   -0.447697
493   -0.475235
494   -0.499665
495   -0.521081
496   -0.539892
497   -0.555607
498   -0.568762
499   -0.578333
500   -0.585046
501   -0.587255
502   -0.585887
503   -0.578841
504   -0.562587
505   -0.543514
506   -0.520389
507   -0.497717
508   -0.474735
509   -0.452522
510   -0.430718
511   -0.409664
512   -0.389222
513   -0.369493
514   -0.350441
515   -0.33209
516   0.478347
517   0.483491
518   0.475871
519   0.455871
520   0.406563
521   0.347564
522   0.282704
523   0.215295
524   0.147139
525   0.0801736
526   0.0152704
527   -0.0465046
528   -0.104817
529   -0.159179
530   -0.209602
531   -0.255958
532   -0.298453
533   -0.337151
534   -0.372295
535   -0.404025
536   -0.432569
537   -0.458087
538   -0.480794
539   -0.500815
540   -0.518131
541   -0.532779
542   -0.544506
543   -0.55331
544   -0.558557
545   -0.560296
546   -0.556684
547   -0.548069
548   -0.532177
549   -0.513609
550   -0.493113
551   -0.472179
552   -0.451097
553   -0.430276
554   -0.409792
555   -0.3898
556   -0.370294
557   -0.351374
558   -0.333012
559   0.503217
560   0.511279
561   0.509474
562   0.491538
563   0.450753
564   0.395584
565   0.332538
566   0.266211
567   0.198087
568   0.131163
569   0.0656366
570   0.00352423
571   -0.0556088
572   -0.110475
573   -0.16175
574   -0.20871
575   -0.25203
576   -0.291414
577   -0.327373
578   -0.359925
579   -0.389343
580   -0.415906
581   -0.439597
582   -0.460905
583   -0.47939
584   -0.495678
585   -0.5089
586   -0.519826
587   -0.527065
588   -0.531416
589   -0.530817
590   -0.526138
591   -0.515922
592   -0.501255
593   -0.484347
594   -0.46576
595   -0.446641
596   -0.427139
597   -0.407715
598   -0.388429
599   -0.369448
600   -0.350837
601   -0.33266
602   0.524423
603   0.535987
604   0.539378
605   0.531413
606   0.492383
607   0.441306
608   0.3808
609   0.315558
610   0.248173
611   0.181017
612   0.115568
613   0.0527834
614   -0.00657129
615   -0.0622478
616   -0.113915
617   -0.161705
618   -0.205543
619   -0.245751
620   -0.282363
621   -0.315779
622   -0.346046
623   -0.373575
624   -0.398359
625   -0.420775
626   -0.440632
627   -0.458267
628   -0.473227
629   -0.485847
630   -0.495238
631   -0.501814
632   -0.504005
633   -0.502717
634   -0.495784
635   -0.485433
636   -0.47159
637   -0.456095
638   -0.439052
639   -0.421472
640   -0.403319
641   -0.385158
642   -0.366877
643   -0.34886
644   -0.330975
645   0.541796
646   0.55629
647   0.563998
648   0.557843
649   0.529641
650   0.484082
651   0.42653
652   0.362968
653   0.296116
654   0.22954
655   0.163863
656   0.101166
657   0.0412772
658   -0.0145806
659   -0.0668881
660   -0.115029
661   -0.15954
662   -0.200246
663   -0.237575
664   -0.271667
665   -0.302741
666   -0.331166
667   -0.356887
668   -0.380432
669   -0.401412
670   -0.420438
671   -0.43678
672   -0.451066
673   -0.462218
674   -0.47077
675   -0.475435
676   -0.476599
677   -0.473356
678   -0.466227
679   -0.45596
680   -0.443218
681   -0.428806
682   -0.413155
683   -0.39673
684   -0.379793
685   -0.362558
686   -0.345224
687   -0.327907
688   0.555279
689   0.572148
690   0.58438
691   0.587406
692   0.563611
693   0.525892
694   0.470832
695   0.408546
696   0.342958
697   0.276531
698   0.21143
699   0.148376
700   0.0886323
701   0.0321973
702   -0.0202208
703   -0.0690175
704   -0.113828
705   -0.15524
706   -0.19306
707   -0.227937
708   -0.259723
709   -0.289053
710   -0.315725
711   -0.340326
712   -0.362496
713   -0.382773
714   -0.400549
715   -0.416335
716   -0.42917
717   -0.439607
718   -0.446287
719   -0.449996
720   -0.449259
721   -0.445435
722   -0.437932
723   -0.428243
724   -0.416153
725   -0.402825
726   -0.388071
727   -0.372723
728   -0.356556
729   -0.340215
730   -0.323475
731   0.565002
732   0.584341
733   0.599261
734   0.604498
735   0.593329
736   0.562259
737   0.512065
738   0.452146
739   0.387549
740   0.322311
741   0.257341
742   0.194783
743   0.134743
744   0.0784274
745   0.0255501
746   -0.0233583
747   -0.0687059
748   -0.110432
749   -0.148875
750   -0.184284
751   -0.216814
752   -0.246904
753   -0.274468
754   -0.300048
755   -0.323283
756   -0.344741
757   -0.363791
758   -0.380947
759   -0.395349
760   -0.407382
761   -0.416114
762   -0.421805
763   -0.423833
764   -0.422539
765   -0.418065
766   -0.410907
767   -0.401477
768   -0.39023
769   -0.377505
770   -0.363658
771   -0.348895
772   -0.333513
773   -0.317672
774   0.570878
775   0.591911
776   0.609958
777   0.621028
778   0.617957
779   0.600583
780   0.551722
781   0.493185
782   0.430964
783   0.366334
784   0.30246
785   0.239803
786   0.180238
787   0.123542
788   0.0708239
789   0.0214275
790   -0.0239989
791   -0.0662997
792   -0.105061
793   -0.141159
794   -0.174255
795   -0.205174
796   -0.233541
797   -0.260102
798   -0.284353
799   -0.306957
800   -0.327209
801   -0.345713
802   -0.361505
803   -0.375192
804   -0.385584
805   -0.393415
806   -0.397503
807   -0.398873
808   -0.396745
809   -0.392311
810   -0.385091
811   -0.376199
812   -0.365263
813   -0.353227
814   -0.33974
815   -0.325631
816   -0.310583
817   0.573059
818   0.595807
819   0.61653
820   0.63191
821   0.63783
822   0.624948
823   0.586381
824   0.532642
825   0.472261
826   0.409458
827   0.345991
828   0.28416
829   0.224492
830   0.168201
831   0.115207
832   0.0659478
833   0.0201402
834   -0.0222764
835   -0.0615449
836   -0.0980179
837   -0.131772
838   -0.163314
839   -0.192502
840   -0.219899
841   -0.245136
842   -0.268755
843   -0.290176
844   -0.309859
845   -0.32707
846   -0.342144
847   -0.354333
848   -0.363879
849   -0.37025
850   -0.373719
851   -0.374161
852   -0.371945
853   -0.367197
854   -0.360308
855   -0.35146
856   -0.341013
857   -0.329121
858   -0.316134
859   -0.302228
860   0.571744
861   0.595234
862   0.618943
863   0.638564
864   0.652579
865   0.65405
866   0.617823
867   0.568538
868   0.511752
869   0.450376
870   0.388418
871   0.326791
872   0.267928
873   0.211492
874   0.158958
875   0.109414
876   0.0637729
877   0.0209421
878   -0.0184568
879   -0.0554979
880   -0.0896684
881   -0.121941
882   -0.151794
883   -0.18008
884   -0.206183
885   -0.230847
886   -0.253306
887   -0.27422
888   -0.292647
889   -0.309223
890   -0.322872
891   -0.3343
892   -0.342449
893   -0.348184
894   -0.350647
895   -0.350839
896   -0.348101
897   -0.343455
898   -0.33636
899   -0.327788
900   -0.317257
901   -0.305708
902   -0.292737
903   0.567413
904   0.592299
905   0.617796
906   0.641729
907   0.66136
908   0.665648
909   0.643861
910   0.602014
911   0.548752
912   0.489979
913   0.428918
914   0.368601
915   0.309956
916   0.254308
917   0.201755
918   0.152644
919   0.106823
920   0.0640905
921   0.0243308
922   -0.0129297
923   -0.047651
924   -0.0804183
925   -0.111001
926   -0.140001
927   -0.167
928   -0.192553
929   -0.216084
930   -0.23805
931   -0.257777
932   -0.275606
933   -0.29087
934   -0.303827
935   -0.313955
936   -0.321506
937   -0.326207
938   -0.32835
939   -0.327866
940   -0.325075
941   -0.320014
942   -0.313014
943   -0.304158
944   -0.293807
945   -0.28214
946   0.560177
947   0.584859
948   0.612517
949   0.638578
950   0.664376
951   0.681234
952   0.664947
953   0.632758
954   0.583492
955   0.526795
956   0.467858
957   0.408177
958   0.350848
959   0.295381
960   0.243671
961   0.194533
962   0.149153
963   0.106201
964   0.0665
965   0.0288165
966   -0.00617987
967   -0.0395604
968   -0.0706833
969   -0.100463
970   -0.128206
971   -0.154697
972   -0.179141
973   -0.202229
974   -0.223046
975   -0.242243
976   -0.25882
977   -0.273459
978   -0.285159
979   -0.294699
980   -0.301174
981   -0.305466
982   -0.306794
983   -0.306099
984   -0.302698
985   -0.297556
986   -0.290069
987   -0.281243
988   -0.270591
989   0.550632
990   0.576206
991   0.60414
992   0.632904
993   0.66056
994   0.679462
995   0.680606
996   0.657517
997   0.614465
998   0.561557
999   0.504277
1000   0.446674
1001   0.390018
1002   0.335821
1003   0.284422
1004   0.236043
1005   0.190725
1006   0.148083
1007   0.108196
1008   0.0704352
1009   0.0350213
1010   0.00126192
1011   -0.030473
1012   -0.0608552
1013   -0.0893797
1014   -0.116647
1015   -0.142046
1016   -0.166074
1017   -0.18806
1018   -0.208391
1019   -0.226413
1020   -0.24242
1021   -0.255867
1022   -0.267007
1023   -0.275462
1024   -0.281486
1025   -0.284866
1026   -0.28587
1027   -0.28441
1028   -0.280776
1029   -0.274978
1030   -0.267373
1031   -0.258121
1032   0.538765
1033   0.563367
1034   0.592169
1035   0.621194
1036   0.651544
1037   0.676161
1038   0.686802
1039   0.682217
1040   0.642595
1041   0.592442
1042   0.538708
1043   0.482248
1044   0.427557
1045   0.373901
1046   0.323778
1047   0.275677
1048   0.231081
1049   0.188453
1050   0.148802
1051   0.110799
1052   0.0752436
1053   0.041028
1054   0.00887742
1055   -0.0221349
1056   -0.0512757
1057   -0.0793342
1058   -0.105517
1059   -0.130519
1060   -0.153465
1061   -0.175002
1062   -0.19419
1063   -0.211681
1064   -0.226518
1065   -0.239411
1066   -0.249437
1067   -0.257386
1068   -0.262401
1069   -0.265346
1070   -0.265435
1071   -0.263603
1072   -0.259145
1073   -0.253096
1074   -0.244899
1075   0.525169
1076   0.549822
1077   0.577571
1078   0.607308
1079   0.638066
1080   0.665767
1081   0.686406
1082   0.687809
1083   0.663661
1084   0.620877
1085   0.569993
1086   0.516348
1087   0.462766
1088   0.410877
1089   0.361458
1090   0.314443
1091   0.270208
1092   0.228086
1093   0.188471
1094   0.15053
1095   0.114745
1096   0.0802806
1097   0.0476979
1098   0.0162204
1099   -0.0135229
1100   -0.0422147
1101   -0.069175
1102   -0.0949723
1103   -0.118906
1104   -0.141425
1105   -0.161855
1106   -0.180542
1107   -0.196896
1108   -0.211192
1109   -0.222964
1110   -0.23245
1111   -0.239325
1112   -0.243819
1113   -0.245736
1114   -0.24533
1115   -0.242538
1116   -0.2377
1117   -0.230952
1118   0.509971
1119   0.532929
1120   0.560383
1121   0.58877
1122   0.620284
1123   0.649206
1124   0.676917
1125   0.69483
1126   0.676931
1127   0.643748
1128   0.597395
1129   0.545854
1130   0.495048
1131   0.444288
1132   0.396664
1133   0.35036
1134   0.307142
1135   0.265355
1136   0.226165
1137   0.188249
1138   0.152489
1139   0.117818
1140   0.0849917
1141   0.0531261
1142   0.0229465
1143   -0.00630267
1144   -0.0338659
1145   -0.0604114
1146   -0.0851236
1147   -0.108623
1148   -0.130033
1149   -0.149969
1150   -0.167515
1151   -0.183322
1152   -0.196463
1153   -0.207657
1154   -0.215993
1155   -0.222269
1156   -0.225617
1157   -0.226933
1158   -0.225429
1159   -0.222144
1160   -0.216457
1161   0.49388
1162   0.516354
1163   0.54193
1164   0.569945
1165   0.600136
1166   0.630588
1167   0.65944
1168   0.679473
1169   0.682467
1170   0.658901
1171   0.61907
1172   0.57222
1173   0.523632
1174   0.475457
1175   0.429188
1176   0.384355
1177   0.341938
1178   0.300885
1179   0.262077
1180   0.224423
1181   0.188751
1182   0.154042
1183   0.12109
1184   0.0889816
1185   0.0584939
1186   0.0288351
1187   0.00077573
1188   -0.0263471
1189   -0.0517752
1190   -0.0760421
1191   -0.0984262
1192   -0.119342
1193   -0.138138
1194   -0.155131
1195   -0.16977
1196   -0.182302
1197   -0.192298
1198   -0.199967
1199   -0.205015
1200   -0.207662
1201   -0.207773
1202   -0.205664
1203   -0.201442
1204   0.477032
1205   0.497595
1206   0.522233
1207   0.548109
1208   0.577553
1209   0.606401
1210   0.636343
1211   0.660357
1212   0.671538
1213   0.669226
1214   0.634962
1215   0.591583
1216   0.547404
1217   0.501202
1218   0.45741
1219   0.413964
1220   0.372934
1221   0.332755
1222   0.294664
1223   0.257503
1224   0.222142
1225   0.187655
1226   0.15475
1227   0.122648
1228   0.0920106
1229   0.0621567
1230   0.0337679
1231   0.00623245
1232   -0.0197145
1233   -0.0446453
1234   -0.0677589
1235   -0.0896199
1236   -0.109366
1237   -0.127586
1238   -0.143372
1239   -0.157367
1240   -0.168638
1241   -0.17791
1242   -0.184258
1243   -0.188526
1244   -0.189854
1245   -0.189267
1246   -0.186087
1247   0.460014
1248   0.479841
1249   0.502306
1250   0.527024
1251   0.553896
1252   0.581812
1253   0.60953
1254   0.634312
1255   0.652264
1256   0.655259
1257   0.641178
1258   0.605706
1259   0.565604
1260   0.522783
1261   0.481353
1262   0.43987
1263   0.400401
1264   0.361354
1265   0.324274
1266   0.287769
1267   0.253054
1268   0.218918
1269   0.186387
1270   0.15441
1271   0.123913
1272   0.0939908
1273   0.0655132
1274   0.0377159
1275   0.0114294
1276   -0.0139736
1277   -0.0377081
1278   -0.0602692
1279   -0.0809359
1280   -0.100082
1281   -0.117074
1282   -0.132182
1283   -0.14488
1284   -0.155372
1285   -0.163265
1286   -0.168752
1287   -0.171618
1288   -0.172151
1289   -0.17042
1290   0.44288
1291   0.460924
1292   0.482151
1293   0.504472
1294   0.529643
1295   0.554691
1296   0.580908
1297   0.603873
1298   0.624373
1299   0.636542
1300   0.628511
1301   0.608763
1302   0.574319
1303   0.535707
1304   0.497923
1305   0.459288
1306   0.421873
1307   0.384727
1308   0.348935
1309   0.313737
1310   0.279854
1311   0.246612
1312   0.214599
1313   0.1832
1314   0.152973
1315   0.123353
1316   0.094924
1317   0.0671606
1318   0.0407009
1319   0.0150446
1320   -0.00909758
1321   -0.0322225
1322   -0.0535405
1323   -0.0735689
1324   -0.0914407
1325   -0.107721
1326   -0.121478
1327   -0.133358
1328   -0.142397
1329   -0.149373
1330   -0.153364
1331   -0.15536
1332   -0.154628
1333   0.426019
1334   0.443254
1335   0.462432
1336   0.4833
1337   0.505698
1338   0.528974
1339   0.552043
1340   0.574111
1341   0.592452
1342   0.605963
1343   0.608369
1344   0.595846
1345   0.57407
1346   0.541295
1347   0.508303
1348   0.472677
1349   0.438265
1350   0.403125
1351   0.36942
1352   0.335617
1353   0.303224
1354   0.270951
1355   0.239999
1356   0.209247
1357   0.179743
1358   0.150505
1359   0.122499
1360   0.0948746
1361   0.0685407
1362   0.0427792
1363   0.018449
1364   -0.00503516
1365   -0.0268732
1366   -0.0475164
1367   -0.0662398
1368   -0.0833661
1369   -0.0982677
1370   -0.111161
1371   -0.121552
1372   -0.129609
1373   -0.135031
1374   -0.138068
1375   -0.138738
1376   0.409407
1377   0.425165
1378   0.443104
1379   0.46186
1380   0.482481
1381   0.503135
1382   0.524373
1383   0.543946
1384   0.561503
1385   0.574352
1386   0.579659
1387   0.576474
1388   0.559827
1389   0.536494
1390   0.508375
1391   0.478161
1392   0.446974
1393   0.415295
1394   0.383817
1395   0.352407
1396   0.321593
1397   0.29104
1398   0.261211
1399   0.231706
1400   0.20298
1401   0.174619
1402   0.147104
1403   0.120026
1404   0.0939207
1405   0.0683808
1406   0.0440172
1407   0.0204161
1408   -0.00172374
1409   -0.0228371
1410   -0.0421269
1411   -0.0600709
1412   -0.0757715
1413   -0.0897837
1414   -0.101131
1415   -0.110507
1416   -0.116934
1417   -0.121345
1418   -0.122945
1419   0.393243
1420   0.408208
1421   0.424449
1422   0.441809
1423   0.460099
1424   0.478966
1425   0.497511
1426   0.515421
1427   0.530631
1428   0.543055
1429   0.548913
1430   0.549277
1431   0.540357
1432   0.523463
1433   0.502155
1434   0.476741
1435   0.450216
1436   0.421817
1437   0.393605
1438   0.364506
1439   0.33607
1440   0.307186
1441   0.279131
1442   0.250839
1443   0.223439
1444   0.195939
1445   0.169383
1446   0.142872
1447   0.11739
1448   0.0921432
1449   0.0680674
1450   0.0444854
1451   0.0222809
1452   0.000907747
1453   -0.0188153
1454   -0.037291
1455   -0.0537864
1456   -0.0685627
1457   -0.0810108
1458   -0.0912951
1459   -0.0990058
1460   -0.104351
1461   -0.107278
1462   0.377465
1463   0.391259
1464   0.406386
1465   0.422055
1466   0.438784
1467   0.455547
1468   0.472414
1469   0.48824
1470   0.502371
1471   0.513749
1472   0.520616
1473   0.522821
1474   0.517434
1475   0.506301
1476   0.489752
1477   0.46976
1478   0.447171
1479   0.422936
1480   0.397689
1481   0.371717
1482   0.345495
1483   0.318985
1484   0.292591
1485   0.266123
1486   0.239967
1487   0.213864
1488   0.18822
1489   0.162744
1490   0.137885
1491   0.113336
1492   0.0896096
1493   0.0663831
1494   0.0442508
1495   0.0228682
1496   0.00293257
1497   -0.0159391
1498   -0.0329254
1499   -0.0484784
1500   -0.0616498
1501   -0.0730229
1502   -0.081585
1503   -0.0881784
1504   -0.0919355
1505   0.362151
1506   0.375189
1507   0.388972
1508   0.403411
1509   0.418322
1510   0.433529
1511   0.448347
1512   0.462671
1513   0.475127
1514   0.485788
1515   0.492595
1516   0.495852
1517   0.493596
1518   0.486154
1519   0.474339
1520   0.45849
1521   0.440301
1522   0.419567
1523   0.397901
1524   0.374671
1525   0.351282
1526   0.326887
1527   0.302735
1528   0.277895
1529   0.253518
1530   0.228663
1531   0.20442
1532   0.179879
1533   0.156088
1534   0.132196
1535   0.109215
1536   0.0863763
1537   0.0646499
1538   0.043378
1539   0.0234763
1540   0.00442603
1541   -0.0129301
1542   -0.0289457
1543   -0.0428876
1544   -0.0549507
1545   -0.0645931
1546   -0.0719783
1547   -0.0769518
1548   0.347242
1549   0.359341
1550   0.37215
1551   0.38526
1552   0.398869
1553   0.412442
1554   0.425869
1555   0.438573
1556   0.450013
1557   0.459678
1558   0.466513
1559   0.470291
1560   0.469695
1561   0.46514
1562   0.456428
1563   0.444429
1564   0.429559
1565   0.412503
1566   0.393756
1567   0.373671
1568   0.352678
1569   0.330878
1570   0.308646
1571   0.285931
1572   0.263084
1573   0.239965
1574   0.216929
1575   0.193793
1576   0.170934
1577   0.148142
1578   0.125839
1579   0.103793
1580   0.0824907
1581   0.0616784
1582   0.0419295
1583   0.0229589
1584   0.00546275
1585   -0.0109002
1586   -0.025274
1587   -0.0381112
1588   -0.0484052
1589   -0.0568627
1590   -0.0625317
1591   0.332761
1592   0.344145
1593   0.355893
1594   0.367953
1595   0.380168
1596   0.392463
1597   0.404351
1598   0.415818
1599   0.425975
1600   0.434894
1601   0.44136
1602   0.445476
1603   0.446173
1604   0.443531
1605   0.437563
1606   0.428365
1607   0.41674
1608   0.402559
1609   0.386917
1610   0.36939
1611   0.351131
1612   0.33148
1613   0.311582
1614   0.290633
1615   0.269757
1616   0.248078
1617   0.226703
1618   0.204729
1619   0.183251
1620   0.161379
1621   0.140189
1622   0.118832
1623   0.0983601
1624   0.0779967
1625   0.0587556
1626   0.0399687
1627   0.0225928
1628   0.00611705
1629   -0.00859244
1630   -0.0218386
1631   -0.0329214
1632   -0.0419826
1633   -0.0487138
1634   0.318672
1635   0.32928
1636   0.340184
1637   0.351199
1638   0.362351
1639   0.373388
1640   0.384155
1641   0.394362
1642   0.403629
1643   0.411663
1644   0.417859
1645   0.421998
1646   0.423437
1647   0.42218
1648   0.418003
1649   0.411178
1650   0.401871
1651   0.390408
1652   0.37712
1653   0.362238
1654   0.346118
1655   0.328864
1656   0.310817
1657   0.291978
1658   0.272671
1659   0.252829
1660   0.232772
1661   0.21239
1662   0.19201
1663   0.171498
1664   0.151203
1665   0.130975
1666   0.111198
1667   0.0917072
1668   0.0729428
1669   0.0547177
1670   0.0375629
1671   0.0212517
1672   0.00646115
1673   -0.00711661
1674   -0.0185862
1675   -0.0284617
1676   -0.0357097
1677   0.304982
1678   0.314924
1679   0.32498
1680   0.335118
1681   0.345207
1682   0.355227
1683   0.364833
1684   0.374062
1685   0.382321
1686   0.389694
1687   0.395416
1688   0.399563
1689   0.401466
1690   0.401149
1691   0.398437
1692   0.393296
1693   0.386088
1694   0.37664
1695   0.365669
1696   0.352803
1697   0.338954
1698   0.323551
1699   0.307608
1700   0.290402
1701   0.273
1702   0.254574
1703   0.236223
1704   0.217059
1705   0.198197
1706   0.178725
1707   0.159764
1708   0.140406
1709   0.121769
1710   0.102971
1711   0.0851186
1712   0.067386
1713   0.0508493
1714   0.0347838
1715   0.0202023
1716   0.00656474
1717   -0.00524816
1718   -0.0154743
1719   -0.0235653
1720   0.291674
1721   0.300958
1722   0.310295
1723   0.319609
1724   0.328853
1725   0.337914
1726   0.346647
1727   0.354906
1728   0.362434
1729   0.369055
1730   0.374417
1731   0.378343
1732   0.380491
1733   0.380749
1734   0.37896
1735   0.375136
1736   0.369343
1737   0.36167
1738   0.352332
1739   0.34142
1740   0.329212
1741   0.31576
1742   0.301358
1743   0.286007
1744   0.270003
1745   0.253304
1746   0.236202
1747   0.218628
1748   0.200875
1749   0.182855
1750   0.164869
1751   0.146819
1752   0.12902
1753   0.111372
1754   0.0942091
1755   0.0774287
1756   0.0614031
1757   0.0460177
1758   0.031715
1759   0.0183405
1760   0.0064925
1761   -0.00412137
1762   -0.0124986
1763   0.27875
1764   0.28743
1765   0.296084
1766   0.304686
1767   0.313121
1768   0.321403
1769   0.329265
1770   0.33678
1771   0.343514
1772   0.349583
1773   0.354445
1774   0.358205
1775   0.360385
1776   0.361014
1777   0.359895
1778   0.356954
1779   0.352369
1780   0.345922
1781   0.338124
1782   0.328589
1783   0.318066
1784   0.306003
1785   0.293306
1786   0.279281
1787   0.264935
1788   0.249466
1789   0.233946
1790   0.217498
1791   0.201235
1792   0.184237
1793   0.167641
1794   0.150507
1795   0.13399
1796   0.117142
1797   0.101132
1798   0.0850203
1799   0.0699803
1800   0.055097
1801   0.0415399
1802   0.0284432
1803   0.016937
1804   0.00630247
1805   -0.00256402
1806   0.266207
1807   0.274319
1808   0.282372
1809   0.290325
1810   0.298115
1811   0.305672
1812   0.312888
1813   0.319662
1814   0.325829
1815   0.331261
1816   0.335752
1817   0.33916
1818   0.341291
1819   0.342027
1820   0.34126
1821   0.338935
1822   0.335063
1823   0.329656
1824   0.322819
1825   0.3146
1826   0.305163
1827   0.294562
1828   0.282984
1829   0.270475
1830   0.257227
1831   0.243271
1832   0.228798
1833   0.213828
1834   0.198549
1835   0.182973
1836   0.16729
1837   0.151509
1838   0.135823
1839   0.120243
1840   0.104967
1841   0.0900136
1842   0.075588
1843   0.0617186
1844   0.0486193
1845   0.0363316
1846   0.0250778
1847   0.0149139
1848   0.00604197
