##### Y Mean #####
0   -0.00357525
1   -0.021017
2   -0.0410881
3   -0.0628001
4   -0.0855003
5   -0.107978
6   -0.129844
7   -0.150315
8   -0.169306
9   -0.186385
10   -0.201644
11   -0.214866
12   -0.226226
13   -0.235631
14   -0.243287
15   -0.249173
16   -0.253501
17   -0.256294
18   -0.257752
19   -0.257925
20   -0.256997
21   -0.255027
22   -0.252182
23   -0.248524
24   -0.244196
25   -0.23926
26   -0.233837
27   -0.227984
28   -0.221799
29   -0.215334
30   -0.208669
31   -0.201845
32   -0.194925
33   -0.187947
34   -0.180956
35   -0.173983
36   -0.167062
37   -0.160217
38   -0.153474
39   -0.146852
40   -0.140367
41   -0.134034
42   -0.127866
43   0.0105317
44   -0.00768554
45   -0.0301224
46   -0.0535675
47   -0.0797093
48   -0.103997
49   -0.12899
50   -0.150933
51   -0.172391
52   -0.190524
53   -0.207611
54   -0.221512
55   -0.234164
56   -0.24394
57   -0.252459
58   -0.258474
59   -0.263327
60   -0.266061
61   -0.267783
62   -0.267762
63   -0.266901
64   -0.264645
65   -0.261724
66   -0.257721
67   -0.253218
68   -0.247908
69   -0.242246
70   -0.236009
71   -0.229547
72   -0.222703
73   -0.21574
74   -0.208552
75   -0.20133
76   -0.194007
77   -0.186715
78   -0.179419
79   -0.172206
80   -0.165062
81   -0.158039
82   -0.151138
83   -0.144388
84   -0.137798
85   -0.131383
86   0.0276238
87   0.00991901
88   -0.013748
89   -0.03949
90   -0.0677775
91   -0.0954723
92   -0.122535
93   -0.147529
94   -0.170635
95   -0.191174
96   -0.209464
97   -0.225165
98   -0.238636
99   -0.249703
100   -0.258723
101   -0.265618
102   -0.270719
103   -0.274008
104   -0.275785
105   -0.276066
106   -0.275117
107   -0.272975
108   -0.269868
109   -0.265843
110   -0.261091
111   -0.255664
112   -0.249717
113   -0.2433
114   -0.236537
115   -0.229474
116   -0.222208
117   -0.214778
118   -0.207258
119   -0.199683
120   -0.192104
121   -0.184553
122   -0.177065
123   -0.169667
124   -0.162382
125   -0.155232
126   -0.148232
127   -0.141402
128   -0.134751
129   0.0472259
130   0.0292318
131   0.00495481
132   -0.0224494
133   -0.0534673
134   -0.0832798
135   -0.113517
136   -0.140452
137   -0.16632
138   -0.18842
139   -0.20891
140   -0.225783
141   -0.240925
142   -0.252816
143   -0.263053
144   -0.270475
145   -0.276418
146   -0.279995
147   -0.282313
148   -0.282699
149   -0.28206
150   -0.279888
151   -0.276917
152   -0.272768
153   -0.268028
154   -0.262417
155   -0.256394
156   -0.249758
157   -0.24286
158   -0.23556
159   -0.228121
160   -0.220447
161   -0.21273
162   -0.204911
163   -0.197121
164   -0.189329
165   -0.181621
166   -0.173986
167   -0.166477
168   -0.159095
169   -0.15187
170   -0.144814
171   -0.137941
172   0.0692465
173   0.052901
174   0.0275885
175   -0.00104631
176   -0.034183
177   -0.0669793
178   -0.0993445
179   -0.129361
180   -0.157119
181   -0.181899
182   -0.203949
183   -0.222997
184   -0.23935
185   -0.252926
186   -0.264046
187   -0.272721
188   -0.279262
189   -0.283731
190   -0.286415
191   -0.287403
192   -0.286951
193   -0.285157
194   -0.282242
195   -0.278304
196   -0.273527
197   -0.268004
198   -0.261883
199   -0.255246
200   -0.248211
201   -0.24085
202   -0.233248
203   -0.22547
204   -0.217576
205   -0.20962
206   -0.201643
207   -0.193692
208   -0.18579
209   -0.177978
210   -0.170268
211   -0.162695
212   -0.155265
213   -0.148008
214   -0.140927
215   0.0929422
216   0.0767206
217   0.0515349
218   0.0214378
219   -0.0135719
220   -0.0481244
221   -0.0832082
222   -0.115087
223   -0.145569
224   -0.172096
225   -0.196558
226   -0.2171
227   -0.235446
228   -0.250207
229   -0.262892
230   -0.27245
231   -0.280168
232   -0.285255
233   -0.28879
234   -0.29018
235   -0.290318
236   -0.28876
237   -0.286233
238   -0.282409
239   -0.277869
240   -0.272373
241   -0.266377
242   -0.259709
243   -0.252717
244   -0.245283
245   -0.237665
246   -0.229785
247   -0.22183
248   -0.213751
249   -0.205678
250   -0.197586
251   -0.189559
252   -0.18159
253   -0.17373
254   -0.165985
255   -0.158384
256   -0.150943
257   -0.143679
258   0.118083
259   0.105044
260   0.0786867
261   0.0476911
262   0.0110616
263   -0.0259783
264   -0.06276
265   -0.0974443
266   -0.129719
267   -0.158948
268   -0.185113
269   -0.208035
270   -0.227851
271   -0.244584
272   -0.25845
273   -0.269568
274   -0.278184
275   -0.284463
276   -0.288649
277   -0.290922
278   -0.291511
279   -0.290591
280   -0.28836
281   -0.284984
282   -0.280627
283   -0.275435
284   -0.269539
285   -0.263066
286   -0.256114
287   -0.248793
288   -0.24117
289   -0.233339
290   -0.225343
291   -0.217262
292   -0.209117
293   -0.200978
294   -0.192852
295   -0.184798
296   -0.176811
297   -0.168947
298   -0.161195
299   -0.153607
300   -0.14617
301   0.1433
302   0.130716
303   0.105932
304   0.0742508
305   0.0364699
306   -0.00175082
307   -0.0407857
308   -0.0770822
309   -0.111908
310   -0.1429
311   -0.171535
312   -0.196118
313   -0.218115
314   -0.236273
315   -0.251949
316   -0.264215
317   -0.274272
318   -0.281433
319   -0.286732
320   -0.289662
321   -0.291091
322   -0.290647
323   -0.289041
324   -0.286003
325   -0.282103
326   -0.277146
327   -0.271578
328   -0.265263
329   -0.25854
330   -0.251317
331   -0.243845
332   -0.236065
333   -0.228155
334   -0.220083
335   -0.211969
336   -0.203801
337   -0.195656
338   -0.187535
339   -0.179485
340   -0.17152
341   -0.163663
342   -0.155941
343   -0.148371
344   0.168068
345   0.160883
346   0.135506
347   0.103837
348   0.0656056
349   0.0250386
350   -0.0151721
351   -0.054058
352   -0.0905077
353   -0.124131
354   -0.154487
355   -0.18152
356   -0.205112
357   -0.225399
358   -0.242439
359   -0.256467
360   -0.267629
361   -0.276204
362   -0.282369
363   -0.28641
364   -0.288504
365   -0.288922
366   -0.287822
367   -0.285448
368   -0.28193
369   -0.277482
370   -0.272203
371   -0.266275
372   -0.259767
373   -0.252834
374   -0.245515
375   -0.237944
376   -0.230135
377   -0.222201
378   -0.214139
379   -0.206047
380   -0.197905
381   -0.189802
382   -0.181708
383   -0.173705
384   -0.16576
385   -0.157955
386   -0.150258
387   0.190082
388   0.182641
389   0.16364
390   0.133945
391   0.0955652
392   0.0541193
393   0.0117177
394   -0.0286787
395   -0.0675647
396   -0.102914
397   -0.135717
398   -0.164456
399   -0.190295
400   -0.212116
401   -0.231094
402   -0.24642
403   -0.259189
404   -0.268821
405   -0.276286
406   -0.281171
407   -0.284302
408   -0.285389
409   -0.285113
410   -0.28327
411   -0.280406
412   -0.27638
413   -0.271619
414   -0.266028
415   -0.259929
416   -0.253261
417   -0.24626
418   -0.238891
419   -0.23132
420   -0.22353
421   -0.215633
422   -0.207628
423   -0.199583
424   -0.19151
425   -0.183449
426   -0.175422
427   -0.16745
428   -0.159569
429   -0.151799
430   0.210287
431   0.206439
432   0.190211
433   0.16607
434   0.126873
435   0.0839344
436   0.0408015
437   -0.00171686
438   -0.0420035
439   -0.0797687
440   -0.114199
441   -0.145319
442   -0.172746
443   -0.196721
444   -0.217118
445   -0.234294
446   -0.248269
447   -0.259445
448   -0.267908
449   -0.27406
450   -0.27801
451   -0.28013
452   -0.280525
453   -0.279526
454   -0.277215
455   -0.273881
456   -0.269578
457   -0.264553
458   -0.258832
459   -0.252624
460   -0.245931
461   -0.23893
462   -0.2316
463   -0.224094
464   -0.216373
465   -0.208571
466   -0.200636
467   -0.19269
468   -0.184674
469   -0.176701
470   -0.16871
471   -0.160819
472   -0.152974
473   0.22841
474   0.22588
475   0.214764
476   0.192427
477   0.156743
478   0.114536
479   0.0702182
480   0.0267666
481   -0.0155351
482   -0.0547753
483   -0.0914576
484   -0.124167
485   -0.153766
486   -0.179241
487   -0.201582
488   -0.220086
489   -0.235731
490   -0.248041
491   -0.25791
492   -0.265019
493   -0.270141
494   -0.273069
495   -0.274442
496   -0.274126
497   -0.272635
498   -0.269883
499   -0.26627
500   -0.261742
501   -0.256599
502   -0.250812
503   -0.244599
504   -0.237947
505   -0.231006
506   -0.223777
507   -0.216358
508   -0.208761
509   -0.201044
510   -0.19323
511   -0.185349
512   -0.177434
513   -0.169503
514   -0.161601
515   -0.153753
516   0.244847
517   0.245187
518   0.23775
519   0.222143
520   0.18631
521   0.144481
522   0.100461
523   0.0558076
524   0.0125815
525   -0.0286457
526   -0.0666928
527   -0.101559
528   -0.132594
529   -0.160118
530   -0.183809
531   -0.204142
532   -0.220991
533   -0.234884
534   -0.245801
535   -0.254262
536   -0.260293
537   -0.264372
538   -0.266535
539   -0.267204
540   -0.266403
541   -0.264497
542   -0.261489
543   -0.257687
544   -0.253071
545   -0.247905
546   -0.242144
547   -0.236014
548   -0.22945
549   -0.222648
550   -0.215529
551   -0.208265
552   -0.200768
553   -0.193195
554   -0.185451
555   -0.177688
556   -0.169814
557   -0.161983
558   -0.15412
559   0.259394
560   0.261855
561   0.2583
562   0.243939
563   0.213798
564   0.174255
565   0.13039
566   0.0856177
567   0.0410134
568   -0.00124131
569   -0.041183
570   -0.0773579
571   -0.110355
572   -0.139211
573   -0.164741
574   -0.186321
575   -0.204812
576   -0.219829
577   -0.232183
578   -0.241644
579   -0.248923
580   -0.253893
581   -0.257145
582   -0.258612
583   -0.258765
584   -0.257574
585   -0.255403
586   -0.25224
587   -0.248357
588   -0.243755
589   -0.238627
590   -0.232984
591   -0.226956
592   -0.220561
593   -0.213881
594   -0.206939
595   -0.199783
596   -0.192444
597   -0.184945
598   -0.177326
599   -0.169603
600   -0.161833
601   -0.154044
602   0.271993
603   0.276717
604   0.276984
605   0.26975
606   0.240543
607   0.203294
608   0.160599
609   0.115452
610   0.0704445
611   0.0266938
612   -0.014216
613   -0.0522189
614   -0.0863761
615   -0.117078
616   -0.143785
617   -0.167086
618   -0.186693
619   -0.203259
620   -0.21664
621   -0.227477
622   -0.235699
623   -0.241891
624   -0.246008
625   -0.248564
626   -0.249514
627   -0.249296
628   -0.247853
629   -0.245559
630   -0.242335
631   -0.2385
632   -0.233958
633   -0.228983
634   -0.223462
635   -0.217633
636   -0.211374
637   -0.204895
638   -0.198068
639   -0.191087
640   -0.183819
641   -0.176456
642   -0.16887
643   -0.16126
644   -0.15352
645   0.282526
646   0.289493
647   0.292622
648   0.286554
649   0.265161
650   0.231698
651   0.190276
652   0.145598
653   0.0997756
654   0.0555172
655   0.0131442
656   -0.0257801
657   -0.06161
658   -0.0933867
659   -0.121753
660   -0.146143
661   -0.167296
662   -0.184906
663   -0.199694
664   -0.211519
665   -0.221017
666   -0.22814
667   -0.233419
668   -0.236852
669   -0.23886
670   -0.239464
671   -0.238985
672   -0.237452
673   -0.235097
674   -0.231956
675   -0.228189
676   -0.22383
677   -0.218985
678   -0.213687
679   -0.208
680   -0.201959
681   -0.195595
682   -0.188951
683   -0.182039
684   -0.17491
685   -0.167572
686   -0.160097
687   -0.152517
688   0.290819
689   0.299344
690   0.305836
691   0.306351
692   0.288202
693   0.260363
694   0.22016
695   0.17542
696   0.129755
697   0.0844572
698   0.041604
699   0.00121043
700   -0.0354384
701   -0.068814
702   -0.0981262
703   -0.124076
704   -0.146198
705   -0.165268
706   -0.181012
707   -0.194188
708   -0.204619
709   -0.212995
710   -0.219181
711   -0.223777
712   -0.226659
713   -0.22834
714   -0.228692
715   -0.228148
716   -0.22657
717   -0.224328
718   -0.221269
719   -0.217712
720   -0.213494
721   -0.208895
722   -0.203744
723   -0.198292
724   -0.192363
725   -0.186194
726   -0.179609
727   -0.17284
728   -0.165723
729   -0.1585
730   -0.151038
731   0.296958
732   0.307432
733   0.315703
734   0.317867
735   0.308975
736   0.285844
737   0.248784
738   0.205263
739   0.159342
740   0.114142
741   0.0702573
742   0.0293495
743   -0.0086775
744   -0.042842
745   -0.0736029
746   -0.10044
747   -0.123967
748   -0.143958
749   -0.161036
750   -0.175147
751   -0.186844
752   -0.196158
753   -0.203546
754   -0.209072
755   -0.213091
756   -0.215679
757   -0.217097
758   -0.21742
759   -0.216831
760   -0.215396
761   -0.213238
762   -0.210416
763   -0.207002
764   -0.20305
765   -0.198596
766   -0.19369
767   -0.188346
768   -0.182613
769   -0.176494
770   -0.170049
771   -0.16328
772   -0.156271
773   -0.149057
774   0.300765
775   0.312392
776   0.323046
777   0.32932
778   0.326608
779   0.313803
780   0.277228
781   0.234008
782   0.189281
783   0.143586
784   0.0997412
785   0.0577009
786   0.0191934
787   -0.016318
788   -0.0477662
789   -0.075972
790   -0.100282
791   -0.121606
792   -0.139532
793   -0.154934
794   -0.167526
795   -0.178091
796   -0.186403
797   -0.193137
798   -0.198087
799   -0.201829
800   -0.204163
801   -0.205574
802   -0.20586
803   -0.205436
804   -0.204093
805   -0.202192
806   -0.199515
807   -0.196381
808   -0.19257
809   -0.188371
810   -0.183563
811   -0.178418
812   -0.172719
813   -0.166738
814   -0.160272
815   -0.15361
816   -0.146587
817   0.302334
818   0.315387
819   0.327955
820   0.337597
821   0.341328
822   0.331592
823   0.302682
824   0.262783
825   0.21869
826   0.173725
827   0.129227
828   0.0870355
829   0.0474276
830   0.0114261
831   -0.0212358
832   -0.0500938
833   -0.0756323
834   -0.0977209
835   -0.116873
836   -0.133131
837   -0.146948
838   -0.158438
839   -0.167964
840   -0.175661
841   -0.181801
842   -0.186514
843   -0.189993
844   -0.192354
845   -0.193725
846   -0.194204
847   -0.19387
848   -0.192803
849   -0.191042
850   -0.188656
851   -0.185656
852   -0.182104
853   -0.17799
854   -0.173377
855   -0.168251
856   -0.16268
857   -0.156661
858   -0.15029
859   -0.143606
860   0.301722
861   0.315263
862   0.330195
863   0.342882
864   0.352749
865   0.353824
866   0.326424
867   0.289539
868   0.247709
869   0.203067
870   0.159045
871   0.116101
872   0.0763691
873   0.0393146
874   0.00626596
875   -0.0237268
876   -0.0498287
877   -0.0730881
878   -0.0929543
879   -0.110414
880   -0.125068
881   -0.13778
882   -0.14823
883   -0.157151
884   -0.16426
885   -0.170177
886   -0.174632
887   -0.178153
888   -0.180476
889   -0.182052
890   -0.182618
891   -0.182567
892   -0.181634
893   -0.180169
894   -0.177904
895   -0.175162
896   -0.171676
897   -0.167753
898   -0.163134
899   -0.158127
900   -0.152492
901   -0.146561
902   -0.14014
903   0.299286
904   0.314048
905   0.330237
906   0.34625
907   0.360093
908   0.363083
909   0.346719
910   0.315341
911   0.275658
912   0.232475
913   0.188345
914   0.145745
915   0.105298
916   0.0681399
917   0.0341786
918   0.00381683
919   -0.023294
920   -0.0471364
921   -0.0680922
922   -0.0863137
923   -0.102125
924   -0.115732
925   -0.127381
926   -0.13728
927   -0.145599
928   -0.152526
929   -0.158174
930   -0.162702
931   -0.166174
932   -0.168721
933   -0.170372
934   -0.171232
935   -0.171301
936   -0.170666
937   -0.169306
938   -0.167294
939   -0.1646
940   -0.161292
941   -0.157342
942   -0.152825
943   -0.147731
944   -0.142166
945   -0.136172
946   0.295015
947   0.309585
948   0.3275
949   0.34497
950   0.363456
951   0.375859
952   0.363689
953   0.339727
954   0.302668
955   0.260435
956   0.217395
957   0.174516
958   0.134446
959   0.0966002
960   0.0626242
961   0.031408
962   0.00398582
963   -0.0208325
964   -0.0423549
965   -0.06166
966   -0.0782387
967   -0.0930096
968   -0.105563
969   -0.116667
970   -0.125967
971   -0.134107
972   -0.140763
973   -0.14648
974   -0.150949
975   -0.15464
976   -0.157247
977   -0.159184
978   -0.160145
979   -0.160503
980   -0.159949
981   -0.15883
982   -0.156838
983   -0.154309
984   -0.150942
985   -0.147079
986   -0.142442
987   -0.137403
988   -0.131741
989   0.289351
990   0.304757
991   0.322795
992   0.342338
993   0.361985
994   0.375849
995   0.376984
996   0.359832
997   0.327332
998   0.287651
999   0.245247
1000   0.203423
1001   0.163116
1002   0.125629
1003   0.0910938
1004   0.059821
1005   0.0316458
1006   0.00643425
1007   -0.0160112
1008   -0.0359778
1009   -0.0536143
1010   -0.0692348
1011   -0.0829323
1012   -0.0949992
1013   -0.105484
1014   -0.114641
1015   -0.122484
1016   -0.129227
1017   -0.134859
1018   -0.139553
1019   -0.143276
1020   -0.146167
1021   -0.148178
1022   -0.149418
1023   -0.149831
1024   -0.149503
1025   -0.148377
1026   -0.14653
1027   -0.143912
1028   -0.140608
1029   -0.136596
1030   -0.131991
1031   -0.126838
1032   0.282207
1033   0.296864
1034   0.315638
1035   0.335259
1036   0.35688
1037   0.374793
1038   0.383302
1039   0.380585
1040   0.35036
1041   0.312366
1042   0.272295
1043   0.230721
1044   0.191394
1045   0.153607
1046   0.119469
1047   0.0876614
1048   0.05944
1049   0.0334838
1050   0.0106245
1051   -0.0102683
1052   -0.0285875
1053   -0.0452631
1054   -0.0598155
1055   -0.0730121
1056   -0.0844475
1057   -0.0947651
1058   -0.1036
1059   -0.111503
1060   -0.118129
1061   -0.123957
1062   -0.128648
1063   -0.132628
1064   -0.135557
1065   -0.137823
1066   -0.139082
1067   -0.139698
1068   -0.139326
1069   -0.13832
1070   -0.136346
1071   -0.133768
1072   -0.130276
1073   -0.126274
1074   -0.121513
1075   0.274027
1076   0.288866
1077   0.306779
1078   0.326957
1079   0.348753
1080   0.369041
1081   0.38482
1082   0.386383
1083   0.368266
1084   0.335804
1085   0.297462
1086   0.257621
1087   0.218516
1088   0.181564
1089   0.147273
1090   0.115729
1091   0.0870579
1092   0.0608989
1093   0.0373293
1094   0.0158906
1095   -0.00332964
1096   -0.0207733
1097   -0.0363466
1098   -0.0504404
1099   -0.0629611
1100   -0.074241
1101   -0.0841875
1102   -0.093075
1103   -0.100811
1104   -0.107615
1105   -0.113394
1106   -0.11832
1107   -0.122296
1108   -0.125456
1109   -0.127703
1110   -0.129138
1111   -0.129673
1112   -0.129393
1113   -0.128226
1114   -0.12626
1115   -0.123458
1116   -0.119946
1117   -0.115766
1118   0.264854
1119   0.278408
1120   0.296172
1121   0.315221
1122   0.337576
1123   0.35859
1124   0.379689
1125   0.39379
1126   0.380352
1127   0.35531
1128   0.320134
1129   0.281417
1130   0.244031
1131   0.207347
1132   0.173942
1133   0.142287
1134   0.113856
1135   0.0872616
1136   0.0634534
1137   0.0413279
1138   0.0215553
1139   0.0032556
1140   -0.0130596
1141   -0.0281131
1142   -0.0414834
1143   -0.0537811
1144   -0.0646322
1145   -0.0745649
1146   -0.0832257
1147   -0.0910804
1148   -0.0977795
1149   -0.103742
1150   -0.108612
1151   -0.112776
1152   -0.115868
1153   -0.118255
1154   -0.119564
1155   -0.120159
1156   -0.119671
1157   -0.118481
1158   -0.116247
1159   -0.113398
1160   -0.109661
1161   0.255231
1162   0.268563
1163   0.28486
1164   0.303661
1165   0.324854
1166   0.346967
1167   0.368583
1168   0.384033
1169   0.386737
1170   0.368998
1171   0.338686
1172   0.30331
1173   0.267145
1174   0.232036
1175   0.199087
1176   0.168072
1177   0.139611
1178   0.11304
1179   0.0888431
1180   0.0663507
1181   0.0459505
1182   0.0270496
1183   0.00995476
1184   -0.00583834
1185   -0.0200834
1186   -0.0332009
1187   -0.0449854
1188   -0.055781
1189   -0.0654087
1190   -0.074144
1191   -0.0818242
1192   -0.088664
1193   -0.094512
1194   -0.0995297
1195   -0.103576
1196   -0.106771
1197   -0.108988
1198   -0.110321
1199   -0.110668
1200   -0.11012
1201   -0.108623
1202   -0.106305
1203   -0.103204
1204   0.245211
1205   0.257122
1206   0.272785
1207   0.289881
1208   0.310463
1209   0.331138
1210   0.353395
1211   0.371554
1212   0.380523
1213   0.379375
1214   0.353093
1215   0.320068
1216   0.287013
1217   0.252948
1218   0.221506
1219   0.191001
1220   0.163134
1221   0.136617
1222   0.112449
1223   0.0896794
1224   0.0689705
1225   0.0495696
1226   0.0319614
1227   0.015517
1228   0.000630216
1229   -0.0132426
1230   -0.0257506
1231   -0.0373738
1232   -0.0477756
1233   -0.0573878
1234   -0.0658699
1235   -0.0736169
1236   -0.0802739
1237   -0.0862102
1238   -0.0910516
1239   -0.095154
1240   -0.0981261
1241   -0.100327
1242   -0.101361
1243   -0.101612
1244   -0.100708
1245   -0.0990936
1246   -0.0964703
1247   0.235238
1248   0.246735
1249   0.260732
1250   0.276971
1251   0.295447
1252   0.315303
1253   0.335592
1254   0.354173
1255   0.367999
1256   0.370667
1257   0.360166
1258   0.333139
1259   0.302887
1260   0.271115
1261   0.241021
1262   0.211618
1263   0.184399
1264   0.158274
1265   0.134271
1266   0.111482
1267   0.090622
1268   0.0709449
1269   0.0529671
1270   0.0360753
1271   0.020663
1272   0.00622473
1273   -0.00692308
1274   -0.0191942
1275   -0.0303214
1276   -0.0406381
1277   -0.0499095
1278   -0.058397
1279   -0.0658887
1280   -0.0725812
1281   -0.0782823
1282   -0.0831333
1283   -0.0869646
1284   -0.089878
1285   -0.0917377
1286   -0.0926337
1287   -0.092487
1288   -0.0914238
1289   -0.0894739
1290   0.225309
1291   0.23551
1292   0.248643
1293   0.263004
1294   0.280139
1295   0.297622
1296   0.316609
1297   0.333519
1298   0.349114
1299   0.358616
1300   0.352642
1301   0.337834
1302   0.311728
1303   0.282856
1304   0.255277
1305   0.227624
1306   0.20159
1307   0.176399
1308   0.152923
1309   0.130551
1310   0.109826
1311   0.0902124
1312   0.0721088
1313   0.0550303
1314   0.039308
1315   0.0244998
1316   0.0109091
1317   -0.00187017
1318   -0.0135376
1319   -0.0244696
1320   -0.0343526
1321   -0.0435397
1322   -0.0516928
1323   -0.0591491
1324   -0.0655399
1325   -0.0711961
1326   -0.0757188
1327   -0.0794485
1328   -0.0819682
1329   -0.0836528
1330   -0.0840989
1331   -0.083757
1332   -0.0823008
1333   0.215713
1334   0.225443
1335   0.237031
1336   0.250319
1337   0.265233
1338   0.281284
1339   0.29764
1340   0.3137
1341   0.327303
1342   0.33759
1343   0.339503
1344   0.330134
1345   0.313781
1346   0.289247
1347   0.265029
1348   0.239377
1349   0.215208
1350   0.191159
1351   0.168762
1352   0.147001
1353   0.12684
1354   0.107472
1355   0.0895736
1356   0.072478
1357   0.0567014
1358   0.0416848
1359   0.0278453
1360   0.0147155
1361   0.00264848
1362   -0.00874148
1363   -0.0191452
1364   -0.0288723
1365   -0.0376456
1366   -0.0457027
1367   -0.0527935
1368   -0.0590884
1369   -0.0643662
1370   -0.0687426
1371   -0.0720367
1372   -0.0743376
1373   -0.0755317
1374   -0.0757381
1375   -0.0749703
1376   0.206394
1377   0.215084
1378   0.225817
1379   0.237482
1380   0.251024
1381   0.26495
1382   0.279791
1383   0.29372
1384   0.306532
1385   0.316039
1386   0.320026
1387   0.317722
1388   0.305176
1389   0.287787
1390   0.267118
1391   0.245327
1392   0.22333
1393   0.20152
1394   0.18045
1395   0.160024
1396   0.140634
1397   0.122029
1398   0.104516
1399   0.0877926
1400   0.0721248
1401   0.0571981
1402   0.0432645
1403   0.0300123
1404   0.0176981
1405   0.00601847
1406   -0.004751
1407   -0.0149055
1408   -0.0241387
1409   -0.0327404
1410   -0.040364
1411   -0.0473011
1412   -0.0531605
1413   -0.0582491
1414   -0.0621392
1415   -0.0651794
1416   -0.066939
1417   -0.067857
1418   -0.0675776
1419   0.197491
1420   0.205721
1421   0.215206
1422   0.225858
1423   0.237566
1424   0.250081
1425   0.262706
1426   0.27523
1427   0.286002
1428   0.294997
1429   0.299174
1430   0.299438
1431   0.292723
1432   0.280175
1433   0.264548
1434   0.246237
1435   0.227498
1436   0.207902
1437   0.188916
1438   0.169884
1439   0.151823
1440   0.134064
1441   0.117366
1442   0.101107
1443   0.0858874
1444   0.0711498
1445   0.0573928
1446   0.044125
1447   0.0317773
1448   0.0199253
1449   0.0089515
1450   -0.00149991
1451   -0.0110838
1452   -0.0200845
1453   -0.0281888
1454   -0.0356073
1455   -0.0420598
1456   -0.0476863
1457   -0.0522511
1458   -0.0558454
1459   -0.0583088
1460   -0.0597471
1461   -0.0601465
1462   0.188925
1463   0.196369
1464   0.205103
1465   0.21449
1466   0.225019
1467   0.23586
1468   0.247134
1469   0.257912
1470   0.267726
1471   0.275719
1472   0.280524
1473   0.282012
1474   0.277885
1475   0.269618
1476   0.257507
1477   0.24314
1478   0.227204
1479   0.210482
1480   0.193471
1481   0.176426
1482   0.159697
1483   0.143278
1484   0.127439
1485   0.112052
1486   0.0973448
1487   0.0831321
1488   0.0696284
1489   0.0566222
1490   0.0443309
1491   0.0325318
1492   0.0214595
1493   0.010886
1494   0.00107599
1495   -0.00820276
1496   -0.0166426
1497   -0.0244839
1498   -0.0313641
1499   -0.0375426
1500   -0.0425993
1501   -0.046839
1502   -0.0498101
1503   -0.0519204
1504   -0.0527793
1505   0.180743
1506   0.187752
1507   0.195535
1508   0.20405
1509   0.213184
1510   0.222825
1511   0.232443
1512   0.24199
1513   0.250368
1514   0.257681
1515   0.262263
1516   0.264422
1517   0.262548
1518   0.257001
1519   0.248353
1520   0.23701
1521   0.224204
1522   0.209939
1523   0.19534
1524   0.180097
1525   0.165127
1526   0.149969
1527   0.135374
1528   0.12083
1529   0.106972
1530   0.093288
1531   0.0803311
1532   0.0676141
1533   0.0556318
1534   0.0439366
1535   0.0329783
1536   0.0223593
1537   0.0124924
1538   0.00304046
1539   -0.00561707
1540   -0.0137457
1541   -0.0210008
1542   -0.0275664
1543   -0.0331426
1544   -0.037837
1545   -0.0414272
1546   -0.0440019
1547   -0.0455034
1548   0.172877
1549   0.179288
1550   0.186434
1551   0.193991
1552   0.20217
1553   0.210547
1554   0.219076
1555   0.227301
1556   0.234824
1557   0.241243
1558   0.245743
1559   0.248152
1560   0.247445
1561   0.243969
1562   0.237587
1563   0.229015
1564   0.218592
1565   0.206894
1566   0.194307
1567   0.181143
1568   0.167719
1569   0.154146
1570   0.140679
1571   0.127305
1572   0.114235
1573   0.101386
1574   0.0889504
1575   0.0768037
1576   0.0651338
1577   0.0537943
1578   0.0429817
1579   0.0325362
1580   0.0226755
1581   0.0132297
1582   0.00445306
1583   -0.00383636
1584   -0.0113297
1585   -0.0182287
1586   -0.0241514
1587   -0.029342
1588   -0.0333483
1589   -0.0365202
1590   -0.0384263
1591   0.165329
1592   0.171333
1593   0.177762
1594   0.1846
1595   0.191747
1596   0.199169
1597   0.206491
1598   0.213738
1599   0.220195
1600   0.225971
1601   0.230072
1602   0.232651
1603   0.23281
1604   0.230708
1605   0.226285
1606   0.219742
1607   0.211612
1608   0.201948
1609   0.191478
1610   0.180045
1611   0.168381
1612   0.156168
1613   0.144089
1614   0.131731
1615   0.119723
1616   0.107606
1617   0.0959611
1618   0.0843179
1619   0.0732172
1620   0.0621995
1621   0.051771
1622   0.0414986
1623   0.0318578
1624   0.0224563
1625   0.0137396
1626   0.00537231
1627   -0.00223243
1628   -0.00933195
1629   -0.0155554
1630   -0.0210603
1631   -0.0255472
1632   -0.029096
1633   -0.0315784
1634   0.158056
1635   0.163593
1636   0.16949
1637   0.17561
1638   0.182009
1639   0.188496
1640   0.194977
1641   0.201235
1642   0.206986
1643   0.212017
1644   0.21586
1645   0.21836
1646   0.219022
1647   0.217871
1648   0.21474
1649   0.209873
1650   0.203405
1651   0.195629
1652   0.186799
1653   0.177131
1654   0.166887
1655   0.156183
1656   0.145251
1657   0.134123
1658   0.123
1659   0.111858
1660   0.100874
1661   0.0899874
1662   0.0793643
1663   0.068919
1664   0.0588173
1665   0.0489587
1666   0.0395173
1667   0.0303823
1668   0.0217487
1669   0.0134952
1670   0.00585576
1671   -0.00130751
1672   -0.00769345
1673   -0.0134737
1674   -0.0182448
1675   -0.0222676
1676   -0.025071
1677   0.151051
1678   0.156213
1679   0.161569
1680   0.167116
1681   0.172765
1682   0.17853
1683   0.18414
1684   0.189663
1685   0.194619
1686   0.199125
1687   0.202548
1688   0.205017
1689   0.205954
1690   0.20547
1691   0.203355
1692   0.199703
1693   0.194698
1694   0.188351
1695   0.181096
1696   0.172809
1697   0.164043
1698   0.154542
1699   0.144898
1700   0.134757
1701   0.124715
1702   0.114353
1703   0.104255
1704   0.0939687
1705   0.0840605
1706   0.0740658
1707   0.0645315
1708   0.054998
1709   0.0459922
1710   0.0370727
1711   0.0287463
1712   0.0206034
1713   0.0131277
1714   0.0059619
1715   -0.000443927
1716   -0.00635737
1717   -0.0113888
1718   -0.0156623
1719   -0.0189371
1720   0.144289
1721   0.149076
1722   0.154
1723   0.159015
1724   0.164105
1725   0.169196
1726   0.174192
1727   0.178995
1728   0.183414
1729   0.187332
1730   0.190478
1731   0.192736
1732   0.193841
1733   0.193732
1734   0.192286
1735   0.189545
1736   0.185559
1737   0.180431
1738   0.174322
1739   0.167337
1740   0.159677
1741   0.151416
1742   0.142754
1743   0.133722
1744   0.124507
1745   0.115104
1746   0.105682
1747   0.09621
1748   0.0868421
1749   0.0775303
1750   0.0684199
1751   0.059452
1752   0.0507692
1753   0.0423068
1754   0.0342116
1755   0.0264151
1756   0.0190781
1757   0.0121265
1758   0.00575258
1759   -0.000135354
1760   -0.00527136
1761   -0.0098087
1762   -0.0132901
1763   0.137761
1764   0.142216
1765   0.146733
1766   0.15131
1767   0.155869
1768   0.160445
1769   0.16483
1770   0.169117
1771   0.172951
1772   0.176475
1773   0.179233
1774   0.181373
1775   0.18247
1776   0.182635
1777   0.181643
1778   0.179547
1779   0.17639
1780   0.172139
1781   0.167068
1782   0.161035
1783   0.154472
1784   0.147128
1785   0.139521
1786   0.131313
1787   0.123064
1788   0.11437
1789   0.105806
1790   0.096929
1791   0.0883121
1792   0.0794909
1793   0.0710312
1794   0.0624613
1795   0.0543372
1796   0.0461894
1797   0.0385648
1798   0.0310033
1799   0.0240443
1800   0.0172427
1801   0.0111308
1802   0.00529024
1803   0.000233374
1804   -0.00438713
1805   -0.00816534
1806   0.131456
1807   0.135604
1808   0.139781
1809   0.143971
1810   0.148138
1811   0.152245
1812   0.156218
1813   0.159994
1814   0.163458
1815   0.166523
1816   0.169039
1817   0.170911
1818   0.171995
1819   0.172218
1820   0.1715
1821   0.169821
1822   0.167191
1823   0.163643
1824   0.159258
1825   0.154095
1826   0.148275
1827   0.141861
1828   0.134982
1829   0.12769
1830   0.120111
1831   0.112279
1832   0.104308
1833   0.0962197
1834   0.0881159
1835   0.0800053
1836   0.0719814
1837   0.0640452
1838   0.0562841
1839   0.0486959
1840   0.0413648
1841   0.0342888
1842   0.0275523
1843   0.0211562
1844   0.0151877
1845   0.00965383
1846   0.00464588
1847   0.000178784
1848   -0.00366369
