##### Y Mean #####
0   -0.000431575
1   -0.00176144
2   -0.00328776
3   -0.00494018
4   -0.00666894
5   -0.00838148
6   -0.0100477
7   -0.0116074
8   -0.0130543
9   -0.014355
10   -0.0155171
11   -0.0165239
12   -0.0173893
13   -0.0181059
14   -0.0186898
15   -0.0191395
16   -0.019471
17   -0.0196861
18   -0.0198002
19   -0.0198166
20   -0.0197496
21   -0.0196035
22   -0.0193907
23   -0.019116
24   -0.0187902
25   -0.0184178
26   -0.018008
27   -0.017565
28   -0.0170963
29   -0.0166057
30   -0.0160992
31   -0.0155801
32   -0.0150531
33   -0.014521
34   -0.0139874
35   -0.0134546
36   -0.0129252
37   -0.0124012
38   -0.0118844
39   -0.0113764
40   -0.0108785
41   -0.0103919
42   -0.00991763
43   0.000638394
44   -0.000750191
45   -0.00244879
46   -0.00423232
47   -0.00622061
48   -0.00806919
49   -0.00997332
50   -0.0116432
51   -0.0132782
52   -0.0146577
53   -0.0159596
54   -0.0170174
55   -0.017982
56   -0.018727
57   -0.0193778
58   -0.0198378
59   -0.0202106
60   -0.0204224
61   -0.0205579
62   -0.020561
63   -0.0205005
64   -0.0203339
65   -0.0201167
66   -0.0198171
67   -0.0194792
68   -0.0190795
69   -0.0186525
70   -0.0181812
71   -0.0176922
72   -0.0171735
73   -0.016645
74   -0.0160987
75   -0.015549
76   -0.0149909
77   -0.0144346
78   -0.0138774
79   -0.0133258
80   -0.0127789
81   -0.0122407
82   -0.0117114
83   -0.0111931
84   -0.0106867
85   -0.0101934
86   0.00193624
87   0.000580835
88   -0.00120629
89   -0.00315455
90   -0.00530139
91   -0.00740491
92   -0.00946333
93   -0.0113642
94   -0.0131229
95   -0.014686
96   -0.016079
97   -0.0172751
98   -0.0183025
99   -0.0191474
100   -0.0198376
101   -0.0203666
102   -0.0207599
103   -0.0210159
104   -0.0211574
105   -0.0211855
106   -0.0211202
107   -0.0209641
108   -0.0207345
109   -0.0204349
110   -0.0200796
111   -0.0196723
112   -0.0192249
113   -0.018741
114   -0.0182301
115   -0.0176956
116   -0.0171447
117   -0.0165806
118   -0.0160087
119   -0.0154318
120   -0.0148539
121   -0.0142774
122   -0.0137049
123   -0.0131387
124   -0.0125804
125   -0.012032
126   -0.0114945
127   -0.0109696
128   -0.0104579
129   0.00343052
130   0.00205501
131   0.000223074
132   -0.00184744
133   -0.00419589
134   -0.00645519
135   -0.00875206
136   -0.010797
137   -0.0127655
138   -0.0144458
139   -0.0160075
140   -0.0172929
141   -0.0184498
142   -0.0193586
143   -0.0201441
144   -0.0207151
145   -0.0211754
146   -0.0214556
147   -0.0216411
148   -0.0216793
149   -0.0216402
150   -0.021484
151   -0.021267
152   -0.0209599
153   -0.0206074
154   -0.0201878
155   -0.0197361
156   -0.0192369
157   -0.0187169
158   -0.0181653
159   -0.0176021
160   -0.0170201
161   -0.0164338
162   -0.0158387
163   -0.015245
164   -0.0146503
165   -0.0140612
166   -0.0134769
167   -0.0129015
168   -0.0123353
169   -0.0117805
170   -0.011238
171   -0.0107092
172   0.00511632
173   0.00385574
174   0.00195291
175   -0.000199665
176   -0.00270371
177   -0.00518247
178   -0.00763625
179   -0.0099126
180   -0.0120226
181   -0.0139073
182   -0.0155878
183   -0.0170411
184   -0.0182919
185   -0.0193324
186   -0.0201877
187   -0.0208578
188   -0.0213666
189   -0.0217183
190   -0.0219347
191   -0.0220222
192   -0.0220002
193   -0.0218758
194   -0.0216657
195   -0.0213771
196   -0.021024
197   -0.0206131
198   -0.0201558
199   -0.0196582
200   -0.0191291
201   -0.018574
202   -0.0179994
203   -0.0174102
204   -0.0168111
205   -0.0162061
206   -0.0155986
207   -0.0149919
208   -0.0143882
209   -0.0137904
210   -0.0131997
211   -0.0126188
212   -0.0120481
213   -0.0114901
214   -0.0109452
215   0.006944
216   0.0056979
217   0.00379597
218   0.00153471
219   -0.00110445
220   -0.00370898
221   -0.00636389
222   -0.00877687
223   -0.0110926
224   -0.0131088
225   -0.0149747
226   -0.0165429
227   -0.0179488
228   -0.0190822
229   -0.020061
230   -0.0208017
231   -0.0214047
232   -0.021807
233   -0.0220926
234   -0.0222142
235   -0.0222409
236   -0.0221376
237   -0.0219604
238   -0.0216832
239   -0.0213509
240   -0.0209444
241   -0.0204987
242   -0.0200005
243   -0.0194763
244   -0.018917
245   -0.0183424
246   -0.0177464
247   -0.0171433
248   -0.0165296
249   -0.0159151
250   -0.0152981
251   -0.0146849
252   -0.0140752
253   -0.013473
254   -0.0128788
255   -0.0122949
256   -0.0117227
257   -0.0111635
258   0.00889597
259   0.00788262
260   0.00589746
261   0.00357184
262   0.000814902
263   -0.00196989
264   -0.00474825
265   -0.00737046
266   -0.00982058
267   -0.0120429
268   -0.0140394
269   -0.0157921
270   -0.0173131
271   -0.0186015
272   -0.0196744
273   -0.0205393
274   -0.0212151
275   -0.0217135
276   -0.022053
277   -0.0222467
278   -0.0223118
279   -0.0222613
280   -0.0221102
281   -0.0218707
282   -0.0215551
283   -0.0211746
284   -0.0207389
285   -0.0202577
286   -0.0197384
287   -0.0191892
288   -0.0186155
289   -0.0180243
290   -0.017419
291   -0.0168058
292   -0.0161863
293   -0.015566
294   -0.0149455
295   -0.0143294
296   -0.0137175
297   -0.0131141
298   -0.0125185
299   -0.0119347
300   -0.0113621
301   0.010873
302   0.00990259
303   0.00801757
304   0.00563637
305   0.00279833
306   -6.763e-05
307   -0.00300968
308   -0.0057495
309   -0.00839162
310   -0.0107472
311   -0.0129339
312   -0.0148155
313   -0.016507
314   -0.0179081
315   -0.0191245
316   -0.0200818
317   -0.0208733
318   -0.021444
319   -0.0218738
320   -0.0221224
321   -0.0222566
322   -0.0222467
323   -0.0221474
324   -0.0219372
325   -0.02166
326   -0.0213003
327   -0.0208924
328   -0.0204255
329   -0.0199257
330   -0.0193858
331   -0.018825
332   -0.0182389
333   -0.0176412
334   -0.0170293
335   -0.0164128
336   -0.0157907
337   -0.0151689
338   -0.0145479
339   -0.0139311
340   -0.0133198
341   -0.0127161
342   -0.0121219
343   -0.0115387
344   0.0128302
345   0.0122741
346   0.0103404
347   0.00794312
348   0.00508006
349   0.00204778
350   -0.000979078
351   -0.00391099
352   -0.00667549
353   -0.00923204
354   -0.011552
355   -0.0136242
356   -0.0154417
357   -0.0170109
358   -0.0183367
359   -0.019435
360   -0.0203165
361   -0.0210015
362   -0.0215031
363   -0.0218423
364   -0.0220323
365   -0.0220933
366   -0.0220369
367   -0.0218817
368   -0.0216373
369   -0.0213199
370   -0.0209368
371   -0.0205022
372   -0.0200209
373   -0.0195051
374   -0.0189576
375   -0.0183888
376   -0.0177997
377   -0.0171994
378   -0.0165874
379   -0.0159715
380   -0.0153502
381   -0.0147306
382   -0.0141105
383   -0.0134963
384   -0.0128855
385   -0.0122847
386   -0.0116915
387   0.0145877
388   0.0140196
389   0.01256
390   0.0103073
391   0.0074298
392   0.00433619
393   0.00115313
394   -0.00188939
395   -0.00483644
396   -0.00752474
397   -0.0100332
398   -0.0122389
399   -0.0142327
400   -0.015924
401   -0.0174042
402   -0.0186074
403   -0.0196185
404   -0.0203903
405   -0.0209976
406   -0.0214071
407   -0.0216821
408   -0.0217993
409   -0.0218108
410   -0.0217005
411   -0.0215101
412   -0.0212284
413   -0.0208882
414   -0.0204818
415   -0.0200343
416   -0.0195406
417   -0.0190192
418   -0.0184672
419   -0.0178975
420   -0.017309
421   -0.0167103
422   -0.0161015
423   -0.015488
424   -0.0148709
425   -0.0142532
426   -0.013637
427   -0.013024
428   -0.0124171
429   -0.011818
430   0.0162086
431   0.0159347
432   0.0146689
433   0.012814
434   0.00989616
435   0.00670035
436   0.00346592
437   0.00026662
438   -0.00278715
439   -0.00566031
440   -0.00829605
441   -0.0106876
442   -0.0128078
443   -0.0146699
444   -0.0162647
445   -0.0176165
446   -0.0187263
447   -0.0196233
448   -0.0203133
449   -0.0208262
450   -0.0211696
451   -0.0213716
452   -0.0214394
453   -0.0213984
454   -0.0212543
455   -0.0210293
456   -0.0207273
457   -0.0203672
458   -0.019951
459   -0.0194948
460   -0.0189985
461   -0.0184762
462   -0.0179261
463   -0.0173603
464   -0.0167757
465   -0.016183
466   -0.0155782
467   -0.0149709
468   -0.0143566
469   -0.0137445
470   -0.0131298
471   -0.0125219
472   -0.0119167
473   0.0176585
474   0.0174785
475   0.0166214
476   0.0149235
477   0.0122637
478   0.00912486
479   0.0058082
480   0.00253885
481   -0.000666339
482   -0.00365372
483   -0.00646336
484   -0.00898032
485   -0.0112713
486   -0.0132538
487   -0.0150037
488   -0.0164636
489   -0.0177084
490   -0.0186989
491   -0.0195034
492   -0.0200958
493   -0.0205352
494   -0.0208044
495   -0.0209525
496   -0.0209684
497   -0.0208915
498   -0.0207148
499   -0.020469
500   -0.0201499
501   -0.0197805
502   -0.0193586
503   -0.018901
504   -0.0184069
505   -0.0178878
506   -0.0173441
507   -0.0167835
508   -0.0162069
509   -0.0156191
510   -0.015022
511   -0.0144182
512   -0.0138103
513   -0.0132
514   -0.0125909
515   -0.011985
516   0.0189713
517   0.0190236
518   0.0184437
519   0.0172558
520   0.0146088
521   0.0115131
522   0.00821998
523   0.00486296
524   0.0015851
525   -0.00155462
526   -0.0044722
527   -0.00715777
528   -0.00956396
529   -0.0117092
530   -0.013569
531   -0.0151761
532   -0.01652
533   -0.017639
534   -0.0185305
535   -0.0192333
536   -0.0197482
537   -0.0201117
538   -0.0203253
539   -0.0204218
540   -0.0204018
541   -0.020294
542   -0.0200977
543   -0.0198374
544   -0.0195108
545   -0.0191388
546   -0.0187175
547   -0.018265
548   -0.017776
549   -0.017266
550   -0.0167289
551   -0.0161785
552   -0.0156078
553   -0.0150293
554   -0.014436
555   -0.0138397
556   -0.0132334
557   -0.0126294
558   -0.012022
559   0.0201288
560   0.0203373
561   0.0200716
562   0.0190049
563   0.0167952
564   0.0138783
565   0.0106055
566   0.00723818
567   0.00385729
568   0.000637079
569   -0.00242627
570   -0.00521576
571   -0.00777615
572   -0.0100291
573   -0.0120358
574   -0.0137452
575   -0.0152219
576   -0.0164339
577   -0.0174423
578   -0.0182281
579   -0.018845
580   -0.0192823
581   -0.0195848
582   -0.0197469
583   -0.0198046
584   -0.0197552
585   -0.0196266
586   -0.019418
587   -0.0191502
588   -0.0188235
589   -0.0184527
590   -0.0180389
591   -0.0175923
592   -0.0171144
593   -0.0166118
594   -0.0160865
595   -0.0155423
596   -0.0149818
597   -0.0144072
598   -0.0138218
599   -0.0132269
600   -0.0126272
601   -0.0120251
602   0.0211309
603   0.0215208
604   0.0215431
605   0.021016
606   0.0189114
607   0.0161969
608   0.0130101
609   0.00961746
610   0.0062037
611   0.00286997
612   -0.000270231
613   -0.00320212
614   -0.00585644
615   -0.00825607
616   -0.0103595
617   -0.0122075
618   -0.0137765
619   -0.0151142
620   -0.0162079
621   -0.0171058
622   -0.0178006
623   -0.0183374
624   -0.0187111
625   -0.0189616
626   -0.0190841
627   -0.0191134
628   -0.0190436
629   -0.0189047
630   -0.0186897
631   -0.018424
632   -0.0180998
633   -0.0177388
634   -0.0173321
635   -0.0168987
636   -0.0164288
637   -0.0159396
638   -0.0154208
639   -0.014888
640   -0.0143311
641   -0.0137651
642   -0.0131804
643   -0.0125926
644   -0.0119937
645   0.0219678
646   0.0225229
647   0.0227711
648   0.0223558
649   0.0208593
650   0.0184399
651   0.0153609
652   0.0120039
653   0.00853292
654   0.00516076
655   0.00190984
656   -0.0010958
657   -0.00388116
658   -0.00636871
659   -0.00860461
660   -0.0105425
661   -0.0122363
662   -0.0136606
663   -0.0148684
664   -0.0158479
665   -0.0166464
666   -0.0172597
667   -0.0177274
668   -0.0180493
669   -0.0182571
670   -0.0183527
671   -0.0183601
672   -0.0182821
673   -0.0181363
674   -0.0179257
675   -0.0176627
676   -0.0173502
677   -0.0169966
678   -0.0166047
679   -0.0161795
680   -0.0157241
681   -0.0152413
682   -0.0147344
683   -0.0142047
684   -0.0136564
685   -0.0130905
686   -0.0125127
687   -0.0119256
688   0.0226288
689   0.0233135
690   0.023806
691   0.023861
692   0.0226537
693   0.0207182
694   0.0177199
695   0.0143587
696   0.0109052
697   0.00745706
698   0.00416801
699   0.00104858
700   -0.00180434
701   -0.00441874
702   -0.0067332
703   -0.00879645
704   -0.0105706
705   -0.0121129
706   -0.0133998
707   -0.0144887
708   -0.0153637
709   -0.0160781
710   -0.0166195
711   -0.0170348
712   -0.017313
713   -0.0174946
714   -0.0175683
715   -0.0175688
716   -0.0174845
717   -0.0173449
718   -0.0171375
719   -0.0168881
720   -0.0165834
721   -0.0162461
722   -0.0158625
723   -0.0154528
724   -0.0150035
725   -0.0145332
726   -0.0140284
727   -0.0135077
728   -0.0129582
729   -0.0123994
730   -0.0118208
731   0.0231167
732   0.0239425
733   0.0245901
734   0.0248054
735   0.0242615
736   0.0226609
737   0.0199506
738   0.0166999
739   0.013237
740   0.00979744
741   0.00643163
742   0.00326935
743   0.000308956
744   -0.00237097
745   -0.00480047
746   -0.0069373
747   -0.00882413
748   -0.0104424
749   -0.0118366
750   -0.013002
751   -0.0139787
752   -0.0147692
753   -0.0154067
754   -0.0158968
755   -0.0162656
756   -0.0165193
757   -0.0166776
758   -0.0167465
759   -0.0167402
760   -0.016664
761   -0.0165274
762   -0.0163352
763   -0.0160934
764   -0.0158063
765   -0.0154769
766   -0.0151094
767   -0.0147052
768   -0.0142684
769   -0.0137994
770   -0.0133032
771   -0.0127802
772   -0.0122373
773   -0.0116773
774   0.0234231
775   0.0243431
776   0.0251741
777   0.0256913
778   0.0256189
779   0.0248037
780   0.0221396
781   0.0189419
782   0.0155777
783   0.0121096
784   0.00874486
785   0.00549672
786   0.00249525
787   -0.000290288
788   -0.00277729
789   -0.00502288
790   -0.00697453
791   -0.00869936
792   -0.0101628
793   -0.0114314
794   -0.0124804
795   -0.0133705
796   -0.0140819
797   -0.0146677
798   -0.0151103
799   -0.0154552
800   -0.0156854
801   -0.0158401
802   -0.0159022
803   -0.0159052
804   -0.015832
805   -0.0157118
806   -0.015527
807   -0.0153036
808   -0.0150238
809   -0.0147111
810   -0.0143479
811   -0.0139564
812   -0.0135194
813   -0.0130587
814   -0.0125586
815   -0.0120419
816   -0.011496
817   0.0235547
818   0.0245811
819   0.0255685
820   0.0263536
821   0.026734
822   0.0261342
823   0.0240847
824   0.0211578
825   0.0178614
826   0.0144516
827   0.0110424
828   0.00778091
829   0.00469616
830   0.00186995
831   -0.000711557
832   -0.00301077
833   -0.0050593
834   -0.00684626
835   -0.00840683
836   -0.00974415
837   -0.01089
838   -0.0118536
839   -0.0126608
840   -0.0133225
841   -0.0138586
842   -0.0142796
843   -0.0145997
844   -0.0148284
845   -0.0149753
846   -0.0150485
847   -0.0150539
848   -0.0149984
849   -0.0148848
850   -0.0147191
851   -0.0145022
852   -0.0142392
853   -0.0139297
854   -0.0135789
855   -0.0131858
856   -0.0127562
857   -0.0122902
858   -0.0117953
859   -0.0112751
860   0.0235174
861   0.0245834
862   0.0257502
863   0.0267606
864   0.0275874
865   0.0277814
866   0.0258735
867   0.0232185
868   0.0200951
869   0.0167202
870   0.013346
871   0.0100309
872   0.00693484
873   0.00402855
874   0.00141496
875   -0.000972485
876   -0.00306668
877   -0.00494536
878   -0.00656279
879   -0.00799429
880   -0.00920604
881   -0.0102653
882   -0.0111447
883   -0.0119021
884   -0.0125135
885   -0.0130283
886   -0.0134241
887   -0.0137432
888   -0.0139637
889   -0.0141222
890   -0.0141972
891   -0.0142205
892   -0.0141707
893   -0.0140763
894   -0.0139159
895   -0.0137155
896   -0.0134541
897   -0.0131563
898   -0.0128019
899   -0.0124156
900   -0.0119785
901   -0.0115171
902   -0.0110163
903   0.0233377
904   0.0244941
905   0.0257555
906   0.0270093
907   0.0281125
908   0.028449
909   0.0273951
910   0.0251678
911   0.0222265
912   0.0189642
913   0.0155907
914   0.0123035
915   0.0091573
916   0.0062427
917   0.00356064
918   0.00114381
919   -0.00102772
920   -0.00295217
921   -0.00465371
922   -0.00614447
923   -0.00744573
924   -0.00857427
925   -0.00954644
926   -0.0103793
927   -0.0110844
928   -0.0116773
929   -0.0121654
930   -0.012562
931   -0.0128716
932   -0.0131049
933   -0.0132639
934   -0.0133573
935   -0.0133851
936   -0.0133545
937   -0.0132639
938   -0.0131195
939   -0.0129191
940   -0.0126685
941   -0.0123654
942   -0.0120164
943   -0.0116206
944   -0.0111868
945   -0.0107185
946   0.0230148
947   0.024158
948   0.0255444
949   0.026903
950   0.0283309
951   0.0293237
952   0.0286253
953   0.0270298
954   0.0242724
955   0.0210846
956   0.0177987
957   0.0144958
958   0.0113794
959   0.00841508
960   0.00573192
961   0.00325108
962   0.00105586
963   -0.000942578
964   -0.0026871
965   -0.00426047
966   -0.00562001
967   -0.00683753
968   -0.00787852
969   -0.00880388
970   -0.00958379
971   -0.0102699
972   -0.0108351
973   -0.0113234
974   -0.0117092
975   -0.0120308
976   -0.012263
977   -0.0124397
978   -0.0125358
979   -0.0125819
980   -0.0125531
981   -0.0124775
982   -0.0123309
983   -0.0121401
984   -0.0118815
985   -0.0115825
986   -0.0112215
987   -0.0108278
988   -0.0103843
989   0.0225812
990   0.0237824
991   0.0251763
992   0.0266798
993   0.0281919
994   0.029312
995   0.0295657
996   0.0284606
997   0.0261058
998   0.0231266
999   0.0199
1000   0.0166796
1001   0.0135507
1002   0.0106149
1003   0.00789269
1004   0.00540892
1005   0.00315879
1006   0.00113195
1007   -0.000681186
1008   -0.00230348
1009   -0.00374255
1010   -0.00502363
1011   -0.00615132
1012   -0.00714927
1013   -0.0080195
1014   -0.00878266
1015   -0.00943879
1016   -0.0100052
1017   -0.0104804
1018   -0.0108785
1019   -0.0111967
1020   -0.0114462
1021   -0.0116234
1022   -0.011737
1023   -0.0117827
1024   -0.0117678
1025   -0.0116878
1026   -0.0115491
1027   -0.0113482
1028   -0.0110918
1029   -0.0107785
1030   -0.0104177
1031   -0.0100131
1032   0.0220322
1033   0.0231761
1034   0.0246211
1035   0.0261298
1036   0.0277791
1037   0.0291659
1038   0.0299804
1039   0.0299719
1040   0.0277832
1041   0.0249605
1042   0.0219165
1043   0.0187249
1044   0.0156727
1045   0.0127196
1046   0.0100303
1047   0.00751009
1048   0.00525953
1049   0.00317947
1050   0.0013379
1051   -0.000352238
1052   -0.00184063
1053   -0.00320021
1054   -0.00439098
1055   -0.00547391
1056   -0.00641517
1057   -0.00726635
1058   -0.00799721
1059   -0.0086521
1060   -0.00920266
1061   -0.00968766
1062   -0.0100795
1063   -0.0104127
1064   -0.0106599
1065   -0.0108525
1066   -0.0109629
1067   -0.0110206
1068   -0.0109983
1069   -0.0109244
1070   -0.0107726
1071   -0.010572
1072   -0.0102982
1073   -0.00998356
1074   -0.00960854
1075   0.0214018
1076   0.0225552
1077   0.0239353
1078   0.0254822
1079   0.0271515
1080   0.0287284
1081   0.0300159
1082   0.0302875
1083   0.0290563
1084   0.0266682
1085   0.0237731
1086   0.0207179
1087   0.0176918
1088   0.0148068
1089   0.0121128
1090   0.00961746
1091   0.00733829
1092   0.00524755
1093   0.00335645
1094   0.00162895
1095   7.53339e-05
1096   -0.00133942
1097   -0.00260564
1098   -0.0037545
1099   -0.0047771
1100   -0.0057
1101   -0.00651493
1102   -0.0072439
1103   -0.00787901
1104   -0.00843801
1105   -0.00891315
1106   -0.00931838
1107   -0.00964601
1108   -0.00990678
1109   -0.0100932
1110   -0.0102136
1111   -0.0102612
1112   -0.0102428
1113   -0.010153
1114   -0.00999911
1115   -0.00977845
1116   -0.00950106
1117   -0.00917048
1118   0.0206951
1119   0.0217503
1120   0.0231182
1121   0.0245816
1122   0.0262939
1123   0.0279176
1124   0.0295759
1125   0.0307264
1126   0.0298543
1127   0.02808
1128   0.0254214
1129   0.0224608
1130   0.0195711
1131   0.0167153
1132   0.0140947
1133   0.0115986
1134   0.00934407
1135   0.00722678
1136   0.00532342
1137   0.00354886
1138   0.00195805
1139   0.000481957
1140   -0.000837083
1141   -0.00205645
1142   -0.00314114
1143   -0.00414004
1144   -0.00502216
1145   -0.00583005
1146   -0.00653461
1147   -0.00717353
1148   -0.00771827
1149   -0.00820282
1150   -0.0085984
1151   -0.00893631
1152   -0.00918724
1153   -0.00938088
1154   -0.00948754
1155   -0.00953656
1156   -0.00949872
1157   -0.00940462
1158   -0.00922718
1159   -0.00900075
1160   -0.00870377
1161   0.0199538
1162   0.0209906
1163   0.0222487
1164   0.0236937
1165   0.0253191
1166   0.0270184
1167   0.0286892
1168   0.0299212
1169   0.030223
1170   0.0289897
1171   0.0267385
1172   0.0240416
1173   0.0212573
1174   0.0185287
1175   0.0159525
1176   0.0135132
1177   0.0112648
1178   0.00915709
1179   0.00723104
1180   0.00543506
1181   0.00380166
1182   0.00228482
1183   0.000910086
1184   -0.000361938
1185   -0.00151084
1186   -0.00256965
1187   -0.00352148
1188   -0.00439348
1189   -0.0051711
1190   -0.00587617
1191   -0.00649566
1192   -0.00704664
1193   -0.00751713
1194   -0.00792005
1195   -0.00824438
1196   -0.00849975
1197   -0.00867638
1198   -0.00878181
1199   -0.00880833
1200   -0.00876333
1201   -0.0086427
1202   -0.00845677
1203   -0.00820873
1204   0.0191821
1205   0.0201112
1206   0.0213215
1207   0.0226393
1208   0.0242174
1209   0.0258049
1210   0.0275055
1211   0.0289013
1212   0.0296705
1213   0.0296809
1214   0.0277227
1215   0.0252246
1216   0.0226835
1217   0.0200466
1218   0.0175939
1219   0.0152039
1220   0.0130099
1221   0.010915
1222   0.00899898
1223   0.00718877
1224   0.00553811
1225   0.00398825
1226   0.00257913
1227   0.00126105
1228   6.66614e-05
1229   -0.00104737
1230   -0.00205197
1231   -0.00298569
1232   -0.0038208
1233   -0.00459213
1234   -0.00527186
1235   -0.00589199
1236   -0.00642376
1237   -0.00689712
1238   -0.00728198
1239   -0.0076072
1240   -0.00784153
1241   -0.00801397
1242   -0.00809306
1243   -0.00810976
1244   -0.00803445
1245   -0.00790282
1246   -0.0076912
1247   0.0184133
1248   0.0193102
1249   0.0203948
1250   0.0216471
1251   0.0230665
1252   0.024587
1253   0.0261387
1254   0.027563
1255   0.0286451
1256   0.0289114
1257   0.0281524
1258   0.0261189
1259   0.023804
1260   0.0213515
1261   0.0190123
1262   0.0167172
1263   0.0145822
1264   0.0125267
1265   0.010631
1266   0.0088269
1267   0.00717061
1268   0.00560552
1269   0.00417257
1270   0.00282473
1271   0.00159331
1272   0.000439286
1273   -0.000612142
1274   -0.00159313
1275   -0.00248245
1276   -0.00330616
1277   -0.00404568
1278   -0.00472154
1279   -0.00531709
1280   -0.00584784
1281   -0.00629878
1282   -0.00668114
1283   -0.00698173
1284   -0.00720874
1285   -0.00735165
1286   -0.00741778
1287   -0.00740105
1288   -0.00731166
1289   -0.00715208
1290   0.0176471
1291   0.0184453
1292   0.0194641
1293   0.0205745
1294   0.0218915
1295   0.0232331
1296   0.024684
1297   0.0259789
1298   0.0271789
1299   0.0279192
1300   0.0274989
1301   0.0263985
1302   0.0243968
1303   0.0221725
1304   0.0200342
1305   0.0178818
1306   0.0158463
1307   0.0138702
1308   0.0120225
1309   0.0102568
1310   0.00861708
1311   0.00706201
1312   0.00562429
1313   0.00426605
1314   0.00301464
1315   0.0018351
1316   0.000752534
1317   -0.000265474
1318   -0.00119419
1319   -0.00206388
1320   -0.00284893
1321   -0.00357784
1322   -0.00422326
1323   -0.00481248
1324   -0.00531586
1325   -0.00576022
1326   -0.00611368
1327   -0.00640377
1328   -0.00659732
1329   -0.0067245
1330   -0.0067533
1331   -0.00671976
1332   -0.00659804
1333   0.0169052
1334   0.0176669
1335   0.0185683
1336   0.0195968
1337   0.0207463
1338   0.0219787
1339   0.0232321
1340   0.0244597
1341   0.0255021
1342   0.0262873
1343   0.0264333
1344   0.0257359
1345   0.0244801
1346   0.0225957
1347   0.0207199
1348   0.0187292
1349   0.0168428
1350   0.0149618
1351   0.0132025
1352   0.0114901
1353   0.00989868
1354   0.00836768
1355   0.0069498
1356   0.00559448
1357   0.00434203
1358   0.0031498
1359   0.00205043
1360   0.001008
1361   5.01631e-05
1362   -0.000852898
1363   -0.00167698
1364   -0.00244616
1365   -0.00313879
1366   -0.00377343
1367   -0.00433057
1368   -0.00482364
1369   -0.00523541
1370   -0.0055751
1371   -0.00582865
1372   -0.00600324
1373   -0.00609008
1374   -0.00609877
1375   -0.00603049
1376   0.0161834
1377   0.0168655
1378   0.0177013
1379   0.0186067
1380   0.0196516
1381   0.0207236
1382   0.0218613
1383   0.0229277
1384   0.0239053
1385   0.0246289
1386   0.0249277
1387   0.0247468
1388   0.0237812
1389   0.0224384
1390   0.0208373
1391   0.019144
1392   0.0174287
1393   0.0157232
1394   0.0140706
1395   0.012465
1396   0.0109372
1397   0.0094688
1398   0.00808447
1399   0.00676103
1400   0.00552025
1401   0.00433754
1402   0.00323358
1403   0.00218368
1404   0.00120887
1405   0.00028487
1406   -0.000565878
1407   -0.00136713
1408   -0.00209415
1409   -0.00277033
1410   -0.0033679
1411   -0.00391043
1412   -0.00436671
1413   -0.00476154
1414   -0.00506094
1415   -0.00529295
1416   -0.00542342
1417   -0.00548745
1418   -0.00545685
1419   0.0154922
1420   0.0161383
1421   0.0168788
1422   0.0177064
1423   0.0186123
1424   0.0195767
1425   0.020547
1426   0.0215053
1427   0.0223283
1428   0.02301
1429   0.0233235
1430   0.0233294
1431   0.0228022
1432   0.0218256
1433   0.0206087
1434   0.019183
1435   0.0177191
1436   0.0161866
1437   0.014697
1438   0.0132021
1439   0.0117797
1440   0.01038
1441   0.00906136
1442   0.00777699
1443   0.00657327
1444   0.00540792
1445   0.0043196
1446   0.00327077
1447   0.00229491
1448   0.00135939
1449   0.000493946
1450   -0.000328912
1451   -0.00108235
1452   -0.00178846
1453   -0.00242288
1454   -0.00300205
1455   -0.0035042
1456   -0.00394035
1457   -0.00429217
1458   -0.00456696
1459   -0.00475225
1460   -0.00485655
1461   -0.00487891
1462   0.0148257
1463   0.0154112
1464   0.0160936
1465   0.0168245
1466   0.01764
1467   0.0184772
1468   0.0193438
1469   0.0201698
1470   0.020918
1471   0.0215235
1472   0.021881
1473   0.02198
1474   0.0216479
1475   0.0209962
1476   0.0200477
1477   0.0189234
1478   0.0176757
1479   0.0163648
1480   0.0150293
1481   0.0136892
1482   0.012372
1483   0.0110779
1484   0.00982815
1485   0.00861321
1486   0.00745147
1487   0.00632861
1488   0.00526199
1489   0.004235
1490   0.00326526
1491   0.00233508
1492   0.0014634
1493   0.00063198
1494   -0.000137935
1495   -0.000865039
1496   -0.00152475
1497   -0.00213646
1498   -0.00267135
1499   -0.00315035
1500   -0.00354013
1501   -0.00386523
1502   -0.00408989
1503   -0.00424669
1504   -0.00430471
1505   0.0141876
1506   0.0147388
1507   0.0153479
1508   0.0160115
1509   0.0167204
1510   0.0174653
1511   0.018206
1512   0.0189373
1513   0.0195765
1514   0.0201291
1515   0.0204701
1516   0.0206195
1517   0.020459
1518   0.020014
1519   0.01933
1520   0.0184371
1521   0.0174297
1522   0.0163085
1523   0.0151596
1524   0.01396
1525   0.01278
1526   0.0115851
1527   0.0104331
1528   0.00928545
1529   0.00819106
1530   0.00711106
1531   0.00608824
1532   0.0050854
1533   0.00414082
1534   0.00322017
1535   0.00235826
1536   0.00152447
1537   0.000750776
1538   1.1098e-05
1539   -0.000665155
1540   -0.00129862
1541   -0.00186254
1542   -0.00237129
1543   -0.0028016
1544   -0.00316194
1545   -0.00343503
1546   -0.00362799
1547   -0.0037364
1548   0.0135728
1549   0.0140774
1550   0.0146368
1551   0.0152265
1552   0.0158616
1553   0.0165098
1554   0.0171666
1555   0.0177971
1556   0.0183702
1557   0.0188551
1558   0.0191892
1559   0.019359
1560   0.0192879
1561   0.0190019
1562   0.0184915
1563   0.0178113
1564   0.0169874
1565   0.016064
1566   0.0150709
1567   0.0140323
1568   0.012973
1569   0.0119017
1570   0.0108384
1571   0.0097825
1572   0.0087507
1573   0.00773666
1574   0.00675572
1575   0.00579823
1576   0.00487919
1577   0.00398708
1578   0.00313758
1579   0.00231796
1580   0.0015456
1581   0.000806853
1582   0.000121927
1583   -0.000523826
1584   -0.00110593
1585   -0.00164066
1586   -0.00209781
1587   -0.00249702
1588   -0.00280257
1589   -0.00304242
1590   -0.00318246
1591   0.0129816
1592   0.0134539
1593   0.0139577
1594   0.0144914
1595   0.0150471
1596   0.0156215
1597   0.0161859
1598   0.0167412
1599   0.0172333
1600   0.017669
1601   0.0179736
1602   0.0181572
1603   0.0181535
1604   0.0179732
1605   0.0176138
1606   0.0170895
1607   0.0164424
1608   0.015676
1609   0.0148466
1610   0.0139423
1611   0.0130197
1612   0.0120545
1613   0.0110997
1614   0.0101237
1615   0.00917519
1616   0.00821918
1617   0.00730054
1618   0.00638335
1619   0.00550936
1620   0.00464332
1621   0.00382432
1622   0.00301906
1623   0.00226426
1624   0.00152961
1625   0.000849614
1626   0.000198229
1627   -0.000392508
1628   -0.000942656
1629   -0.0014234
1630   -0.00184711
1631   -0.00219047
1632   -0.00245985
1633   -0.00264531
1634   0.0124111
1635   0.0128466
1636   0.0133086
1637   0.0137865
1638   0.014284
1639   0.0147864
1640   0.0152859
1641   0.0157655
1642   0.0162035
1643   0.0165828
1644   0.016868
1645   0.0170471
1646   0.0170827
1647   0.0169767
1648   0.0167172
1649   0.0163227
1650   0.0158041
1651   0.0151838
1652   0.0144815
1653   0.0137142
1654   0.0129021
1655   0.0120545
1656   0.0111893
1657   0.0103095
1658   0.00943062
1659   0.00855102
1660   0.00768476
1661   0.00682705
1662   0.00599108
1663   0.00517016
1664   0.00437736
1665   0.00360475
1666   0.00286605
1667   0.00215245
1668   0.00147931
1669   0.000836894
1670   0.000243632
1671   -0.00031157
1672   -0.000805007
1673   -0.00125047
1674   -0.0016162
1675   -0.00192301
1676   -0.0021338
1677   0.0118606
1678   0.0122663
1679   0.012686
1680   0.0131191
1681   0.0135585
1682   0.0140048
1683   0.0144374
1684   0.0148606
1685   0.0152379
1686   0.0155774
1687   0.0158315
1688   0.016009
1689   0.0160672
1690   0.0160135
1691   0.0158333
1692   0.015533
1693   0.015128
1694   0.0146184
1695   0.0140386
1696   0.0133786
1697   0.0126815
1698   0.0119277
1699   0.0111631
1700   0.0103606
1701   0.00956635
1702   0.0087482
1703   0.0079514
1704   0.0071412
1705   0.00636139
1706   0.00557625
1707   0.00482803
1708   0.00408132
1709   0.00337682
1710   0.00268042
1711   0.00203133
1712   0.00139777
1713   0.000817225
1714   0.000261868
1715   -0.000233337
1716   -0.000689335
1717   -0.00107577
1718   -0.00140246
1719   -0.00165061
1720   0.0113287
1721   0.0117047
1722   0.0120902
1723   0.0124817
1724   0.0128774
1725   0.0132716
1726   0.0136565
1727   0.0140245
1728   0.0143606
1729   0.0146557
1730   0.014889
1731   0.0150517
1732   0.0151236
1733   0.0151002
1734   0.0149725
1735   0.0147437
1736   0.014418
1737   0.0140036
1738   0.013513
1739   0.0129546
1740   0.012344
1741   0.011687
1742   0.0109993
1743   0.0102836
1744   0.00955425
1745   0.00881128
1746   0.00806773
1747   0.00732138
1748   0.00658424
1749   0.00585266
1750   0.00513795
1751   0.00443555
1752   0.00375656
1753   0.0030959
1754   0.002465
1755   0.00185842
1756   0.00128869
1757   0.000749871
1758   0.00025698
1759   -0.000197342
1760   -0.000592279
1761   -0.000940059
1762   -0.00120477
1763   0.0108148
1764   0.0111643
1765   0.0115177
1766   0.0118747
1767   0.0122291
1768   0.0125831
1769   0.0129208
1770   0.013249
1771   0.0135405
1772   0.0138056
1773   0.01401
1774   0.0141643
1775   0.0142369
1776   0.0142356
1777   0.0141442
1778   0.013966
1779   0.0137057
1780   0.0133598
1781   0.0129506
1782   0.0124666
1783   0.0119418
1784   0.0113566
1785   0.0107517
1786   0.0101006
1787   0.00944699
1788   0.00875982
1789   0.00808357
1790   0.00738413
1791   0.00670585
1792   0.00601296
1793   0.00534919
1794   0.00467815
1795   0.0040428
1796   0.00340687
1797   0.00281262
1798   0.00222439
1799   0.00168398
1800   0.00115674
1801   0.000684025
1802   0.000233122
1803   -0.000156026
1804   -0.000510702
1805   -0.00079918
1806   0.0103181
1807   0.0106431
1808   0.0109696
1809   0.0112961
1810   0.0116196
1811   0.0119371
1812   0.0122428
1813   0.0125316
1814   0.0127945
1815   0.0130248
1816   0.013211
1817   0.0133456
1818   0.013418
1819   0.0134224
1820   0.0133531
1821   0.0132086
1822   0.0129899
1823   0.0126996
1824   0.0123444
1825   0.0119289
1826   0.0114627
1827   0.0109506
1828   0.0104029
1829   0.00982381
1830   0.00922305
1831   0.0086035
1832   0.00797409
1833   0.00733646
1834   0.00669866
1835   0.00606139
1836   0.00543192
1837   0.00481037
1838   0.00420351
1839   0.00361115
1840   0.0030398
1841   0.00248926
1842   0.00196603
1843   0.00147015
1844   0.00100831
1845   0.000580984
1846   0.000195224
1847   -0.000147897
1848   -0.000441902
