##### Y Mean #####
0   0.00406071
1   -0.0281457
2   -0.0658969
3   -0.107652
4   -0.152556
5   -0.198699
6   -0.245413
7   -0.290877
8   -0.334499
9   -0.374092
10   -0.410134
11   -0.441835
12   -0.469713
13   -0.493438
14   -0.513313
15   -0.529221
16   -0.541361
17   -0.54973
18   -0.554625
19   -0.556226
20   -0.554835
21   -0.550766
22   -0.544218
23   -0.535537
24   -0.524919
25   -0.512773
26   -0.499324
27   -0.485012
28   -0.469997
29   -0.454627
30   -0.438998
31   -0.423352
32   -0.407733
33   -0.392279
34   -0.377001
35   -0.361971
36   -0.347193
37   -0.332706
38   -0.318518
39   -0.304656
40   -0.291131
41   -0.277962
42   -0.265161
43   0.0343798
44   0.00169182
45   -0.0394321
46   -0.0833173
47   -0.133625
48   -0.182412
49   -0.235193
50   -0.283216
51   -0.333785
52   -0.374969
53   -0.416323
54   -0.449818
55   -0.481649
56   -0.507259
57   -0.529974
58   -0.547469
59   -0.561581
60   -0.570988
61   -0.577035
62   -0.579297
63   -0.578291
64   -0.574588
65   -0.567793
66   -0.55904
67   -0.547609
68   -0.53498
69   -0.520316
70   -0.50531
71   -0.488969
72   -0.472797
73   -0.455893
74   -0.439425
75   -0.422686
76   -0.406437
77   -0.390205
78   -0.374419
79   -0.358818
80   -0.343619
81   -0.328709
82   -0.314187
83   -0.300023
84   -0.286253
85   -0.272885
86   0.0702488
87   0.0397372
88   -0.00232534
89   -0.0489565
90   -0.101646
91   -0.154885
92   -0.209911
93   -0.262685
94   -0.315211
95   -0.36361
96   -0.408188
97   -0.447918
98   -0.483321
99   -0.513626
100   -0.539527
101   -0.560201
102   -0.576592
103   -0.588395
104   -0.596207
105   -0.600235
106   -0.600602
107   -0.59774
108   -0.591645
109   -0.582824
110   -0.571399
111   -0.557998
112   -0.542817
113   -0.526591
114   -0.509414
115   -0.491832
116   -0.473928
117   -0.456092
118   -0.438361
119   -0.420919
120   -0.403768
121   -0.386974
122   -0.370541
123   -0.354487
124   -0.338832
125   -0.323578
126   -0.308754
127   -0.294356
128   -0.280412
129   0.110423
130   0.0806826
131   0.0391799
132   -0.00864322
133   -0.0644297
134   -0.119657
135   -0.178492
136   -0.233453
137   -0.289482
138   -0.341185
139   -0.391977
140   -0.434914
141   -0.477081
142   -0.509906
143   -0.542158
144   -0.564815
145   -0.585902
146   -0.600042
147   -0.611113
148   -0.617669
149   -0.620158
150   -0.619149
151   -0.614005
152   -0.606015
153   -0.59455
154   -0.581178
155   -0.565144
156   -0.548427
157   -0.529942
158   -0.511428
159   -0.492034
160   -0.473126
161   -0.454036
162   -0.435559
163   -0.417256
164   -0.399519
165   -0.382116
166   -0.365225
167   -0.348751
168   -0.332765
169   -0.317247
170   -0.302219
171   -0.287688
172   0.154304
173   0.129105
174   0.0875223
175   0.0397475
176   -0.0175967
177   -0.0757088
178   -0.136492
179   -0.194971
180   -0.25345
181   -0.308685
182   -0.361522
183   -0.409626
184   -0.453875
185   -0.492977
186   -0.527859
187   -0.557829
188   -0.582943
189   -0.603337
190   -0.618947
191   -0.629747
192   -0.63604
193   -0.637344
194   -0.634509
195   -0.627559
196   -0.61712
197   -0.604003
198   -0.588148
199   -0.570594
200   -0.551432
201   -0.531415
202   -0.510865
203   -0.490339
204   -0.470069
205   -0.450176
206   -0.4308
207   -0.41189
208   -0.393549
209   -0.375696
210   -0.358414
211   -0.341636
212   -0.325431
213   -0.309749
214   -0.294645
215   0.200012
216   0.17609
217   0.137017
218   0.0886304
219   0.0306658
220   -0.0288455
221   -0.0917738
222   -0.152197
223   -0.212999
224   -0.27015
225   -0.325493
226   -0.376142
227   -0.423688
228   -0.466044
229   -0.505314
230   -0.539183
231   -0.571136
232   -0.594855
233   -0.618382
234   -0.631349
235   -0.644986
236   -0.647722
237   -0.649823
238   -0.644536
239   -0.636238
240   -0.624807
241   -0.609281
242   -0.592117
243   -0.571923
244   -0.551103
245   -0.528942
246   -0.507291
247   -0.485524
248   -0.464493
249   -0.443853
250   -0.423915
251   -0.40453
252   -0.38579
253   -0.367648
254   -0.350121
255   -0.333207
256   -0.316901
257   -0.301211
258   0.246993
259   0.229363
260   0.190065
261   0.142653
262   0.0838463
263   0.0227899
264   -0.0414236
265   -0.104206
266   -0.166724
267   -0.226226
268   -0.283442
269   -0.336649
270   -0.386357
271   -0.431637
272   -0.473156
273   -0.510251
274   -0.543887
275   -0.572669
276   -0.597651
277   -0.617674
278   -0.633635
279   -0.645108
280   -0.651499
281   -0.653602
282   -0.65016
283   -0.642043
284   -0.629247
285   -0.61202
286   -0.591812
287   -0.569804
288   -0.546695
289   -0.523382
290   -0.500506
291   -0.477993
292   -0.456312
293   -0.435186
294   -0.4149
295   -0.395213
296   -0.376304
297   -0.358009
298   -0.340451
299   -0.323516
300   -0.307294
301   0.292904
302   0.276701
303   0.241652
304   0.1946
305   0.136357
306   0.074836
307   0.00948537
308   -0.054471
309   -0.118697
310   -0.179594
311   -0.238742
312   -0.293513
313   -0.345375
314   -0.392402
315   -0.43611
316   -0.475023
317   -0.510509
318   -0.541736
319   -0.569262
320   -0.592805
321   -0.613042
322   -0.629062
323   -0.643335
324   -0.649361
325   -0.655647
326   -0.649472
327   -0.643536
328   -0.626933
329   -0.607806
330   -0.58611
331   -0.561985
332   -0.538076
333   -0.513878
334   -0.490386
335   -0.467567
336   -0.445537
337   -0.424323
338   -0.403861
339   -0.384187
340   -0.36524
341   -0.347044
342   -0.329563
343   -0.312804
344   0.337097
345   0.329417
346   0.294711
347   0.249743
348   0.192058
349   0.129347
350   0.0636068
351   -0.00201361
352   -0.0672762
353   -0.13001
354   -0.190429
355   -0.247081
356   -0.300321
357   -0.349246
358   -0.394389
359   -0.43517
360   -0.472322
361   -0.505456
362   -0.535043
363   -0.560944
364   -0.58348
365   -0.602485
366   -0.618563
367   -0.630346
368   -0.638547
369   -0.64187
370   -0.639575
371   -0.632743
372   -0.617829
373   -0.598351
374   -0.575171
375   -0.550022
376   -0.52528
377   -0.500593
378   -0.477137
379   -0.454238
380   -0.432419
381   -0.411259
382   -0.391032
383   -0.371497
384   -0.352807
385   -0.334815
386   -0.317623
387   0.37639
388   0.368995
389   0.344075
390   0.302613
391   0.246693
392   0.184001
393   0.117323
394   0.0509469
395   -0.0156326
396   -0.0793858
397   -0.141298
398   -0.19908
399   -0.253864
400   -0.303995
401   -0.350654
402   -0.39274
403   -0.431346
404   -0.46588
405   -0.49704
406   -0.524536
407   -0.548821
408   -0.569649
409   -0.587331
410   -0.602003
411   -0.613143
412   -0.62106
413   -0.625726
414   -0.623716
415   -0.619873
416   -0.602366
417   -0.583069
418   -0.558324
419   -0.533295
420   -0.508366
421   -0.484449
422   -0.461168
423   -0.43888
424   -0.417317
425   -0.396641
426   -0.376719
427   -0.357604
428   -0.339243
429   -0.321646
430   0.412118
431   0.410461
432   0.389907
433   0.357169
434   0.301171
435   0.238299
436   0.171883
437   0.104563
438   0.0374557
439   -0.0276516
440   -0.0904179
441   -0.149665
442   -0.205426
443   -0.257013
444   -0.304724
445   -0.348219
446   -0.387962
447   -0.423811
448   -0.45617
449   -0.484975
450   -0.510558
451   -0.532831
452   -0.552248
453   -0.568658
454   -0.582169
455   -0.592603
456   -0.599792
457   -0.60283
458   -0.601824
459   -0.595424
460   -0.579445
461   -0.559694
462   -0.536242
463   -0.511802
464   -0.48844
465   -0.465287
466   -0.443071
467   -0.421433
468   -0.400647
469   -0.380538
470   -0.361219
471   -0.342599
472   -0.324741
473   0.443836
474   0.44428
475   0.431376
476   0.401594
477   0.351718
478   0.290851
479   0.224695
480   0.157436
481   0.0895863
482   0.0239132
483   -0.0399666
484   -0.0999994
485   -0.156958
486   -0.209422
487   -0.258306
488   -0.302736
489   -0.343578
490   -0.380387
491   -0.413793
492   -0.443645
493   -0.470309
494   -0.493876
495   -0.514471
496   -0.532482
497   -0.547465
498   -0.559933
499   -0.568922
500   -0.575125
501   -0.576979
502   -0.575375
503   -0.568294
504   -0.552364
505   -0.533707
506   -0.511144
507   -0.489003
508   -0.466556
509   -0.444839
510   -0.423509
511   -0.402894
512   -0.382863
513   -0.363515
514   -0.344819
515   -0.326797
516   0.47218
517   0.47713
518   0.469423
519   0.449389
520   0.400105
521   0.341196
522   0.276556
523   0.209443
524   0.141707
525   0.0752278
526   0.0109116
527   -0.0502241
528   -0.107822
529   -0.161434
530   -0.211055
531   -0.256591
532   -0.298231
533   -0.336069
534   -0.370338
535   -0.401201
536   -0.428879
537   -0.453552
538   -0.475429
539   -0.494653
540   -0.511209
541   -0.525153
542   -0.53624
543   -0.544484
544   -0.549279
545   -0.550681
546   -0.546919
547   -0.538339
548   -0.522751
549   -0.504582
550   -0.484545
551   -0.464079
552   -0.443458
553   -0.423084
554   -0.403023
555   -0.383432
556   -0.364301
557   -0.345734
558   -0.327701
559   0.496824
560   0.504692
561   0.502772
562   0.484778
563   0.443982
564   0.38887
565   0.325975
566   0.259894
567   0.192108
568   0.125612
569   0.0605915
570   -0.000941132
571   -0.0594356
572   -0.113607
573   -0.164147
574   -0.210331
575   -0.252854
576   -0.291413
577   -0.326541
578   -0.358248
579   -0.386834
580   -0.412557
581   -0.435437
582   -0.45594
583   -0.473668
584   -0.489222
585   -0.501786
586   -0.512099
587   -0.518839
588   -0.522774
589   -0.521933
590   -0.51715
591   -0.507033
592   -0.492626
593   -0.476053
594   -0.457855
595   -0.439135
596   -0.420037
597   -0.401005
598   -0.382099
599   -0.363479
600   -0.345212
601   -0.32736
602   0.517849
603   0.529198
604   0.532473
605   0.524437
606   0.485367
607   0.434297
608   0.373902
609   0.308837
610   0.241738
611   0.174934
612   0.109933
613   0.0476529
614   -0.0111194
615   -0.0661704
616   -0.117153
617   -0.164229
618   -0.207311
619   -0.246746
620   -0.282559
621   -0.315169
622   -0.344621
623   -0.371339
624   -0.395315
625   -0.416939
626   -0.436026
627   -0.452922
628   -0.467191
629   -0.479173
630   -0.488011
631   -0.494117
632   -0.495981
633   -0.494483
634   -0.48754
635   -0.477301
636   -0.463689
637   -0.44848
638   -0.431768
639   -0.414531
640   -0.396731
641   -0.378917
642   -0.360976
643   -0.343286
644   -0.325717
645   0.535085
646   0.54937
647   0.556941
648   0.550698
649   0.522441
650   0.47687
651   0.419374
652   0.355945
653   0.289308
654   0.22303
655   0.157727
656   0.0954784
657   0.0360994
658   -0.0191861
659   -0.0708758
660   -0.118349
661   -0.162163
662   -0.202134
663   -0.238712
664   -0.272027
665   -0.302322
666   -0.329951
667   -0.354889
668   -0.377643
669   -0.397864
670   -0.416139
671   -0.431784
672   -0.445402
673   -0.455974
674   -0.464009
675   -0.468285
676   -0.469169
677   -0.465799
678   -0.458677
679   -0.448525
680   -0.435978
681   -0.421813
682   -0.406445
683   -0.390319
684   -0.373691
685   -0.356766
686   -0.339739
687   -0.322723
688   0.548467
689   0.565113
690   0.577211
691   0.580146
692   0.556281
693   0.518525
694   0.463489
695   0.401278
696   0.335859
697   0.269663
698   0.204883
699   0.142209
700   0.0829228
701   0.0269939
702   -0.0248554
703   -0.0730451
704   -0.117201
705   -0.15793
706   -0.195033
707   -0.229175
708   -0.260205
709   -0.28877
710   -0.31467
711   -0.3385
712   -0.359909
713   -0.379441
714   -0.396505
715   -0.411614
716   -0.423839
717   -0.433729
718   -0.439971
719   -0.443338
720   -0.442403
721   -0.438488
722   -0.431013
723   -0.421426
724   -0.40951
725   -0.396394
726   -0.381888
727   -0.366802
728   -0.350914
729   -0.334852
730   -0.318394
731   0.558125
732   0.577251
733   0.59202
734   0.597157
735   0.585922
736   0.554808
737   0.504599
738   0.44472
739   0.380232
740   0.315179
741   0.250465
742   0.188236
743   0.128587
744   0.0727275
745   0.0203561
746   -0.027991
747   -0.0727404
748   -0.113823
749   -0.151598
750   -0.186302
751   -0.218115
752   -0.247461
753   -0.274282
754   -0.299101
755   -0.321594
756   -0.342306
757   -0.360649
758   -0.377117
759   -0.390897
760   -0.402358
761   -0.410616
762   -0.415921
763   -0.41768
764   -0.416224
765   -0.411691
766   -0.404559
767   -0.395225
768   -0.384127
769   -0.371592
770   -0.357963
771   -0.343438
772   -0.328306
773   -0.312724
774   0.563966
775   0.584776
776   0.602677
777   0.61364
778   0.610511
779   0.5931
780   0.544194
781   0.485648
782   0.423501
783   0.358998
784   0.295336
785   0.232946
786   0.173725
787   0.117424
788   0.065166
789   0.0162739
790   -0.0285955
791   -0.0703035
792   -0.108432
793   -0.143868
794   -0.176274
795   -0.206484
796   -0.234126
797   -0.259952
798   -0.283469
799   -0.305343
800   -0.324886
801   -0.342704
802   -0.357863
803   -0.370964
804   -0.380856
805   -0.388261
806   -0.392035
807   -0.393177
808   -0.390927
809   -0.386445
810   -0.379258
811   -0.37045
812   -0.359652
813   -0.347784
814   -0.3345
815   -0.320607
816   -0.305795
817   0.56614
818   0.588675
819   0.609244
820   0.624521
821   0.630383
822   0.617456
823   0.578835
824   0.525068
825   0.464713
826   0.402
827   0.338687
828   0.277081
829   0.217696
830   0.161755
831   0.109163
832   0.0603653
833   0.0150607
834   -0.0268015
835   -0.0654846
836   -0.101329
837   -0.134435
838   -0.165292
839   -0.193789
840   -0.220469
841   -0.244996
842   -0.267895
843   -0.288622
844   -0.307621
845   -0.324197
846   -0.338677
847   -0.350346
848   -0.359439
849   -0.36545
850   -0.368645
851   -0.368903
852   -0.366582
853   -0.361803
854   -0.354944
855   -0.346178
856   -0.335856
857   -0.324124
858   -0.311323
859   -0.297624
860   0.564841
861   0.588113
862   0.611674
863   0.631188
864   0.64516
865   0.646605
866   0.610304
867   0.560962
868   0.504177
869   0.442846
870   0.381004
871   0.319548
872   0.260927
873   0.204787
874   0.152612
875   0.103476
876   0.0582994
877   0.0159739
878   -0.0228748
879   -0.0593311
880   -0.0928825
881   -0.124509
882   -0.153694
883   -0.181294
884   -0.206704
885   -0.230671
886   -0.252445
887   -0.272688
888   -0.290481
889   -0.306459
890   -0.319576
891   -0.330529
892   -0.338289
893   -0.343706
894   -0.345941
895   -0.345973
896   -0.343154
897   -0.338483
898   -0.331425
899   -0.322931
900   -0.312524
901   -0.301126
902   -0.288337
903   0.560549
904   0.585227
905   0.610573
906   0.634408
907   0.653992
908   0.658246
909   0.6364
910   0.594493
911   0.5412
912   0.482443
913   0.421451
914   0.361266
915   0.302812
916   0.247419
917   0.195174
918   0.146431
919   0.101023
920   0.0587587
921   0.0195023
922   -0.0172075
923   -0.0513519
924   -0.0835028
925   -0.113454
926   -0.141792
927   -0.168128
928   -0.193002
929   -0.215869
930   -0.237175
931   -0.256276
932   -0.273509
933   -0.288232
934   -0.300699
935   -0.310412
936   -0.317615
937   -0.322044
938   -0.323986
939   -0.323371
940   -0.320512
941   -0.315441
942   -0.30848
943   -0.299708
944   -0.289479
945   -0.277963
946   0.55337
947   0.577841
948   0.605355
949   0.631312
950   0.657076
951   0.673922
952   0.657573
953   0.625321
954   0.576007
955   0.51929
956   0.460393
957   0.400799
958   0.343626
959   0.288365
960   0.236926
961   0.188107
962   0.143103
963   0.100572
964   0.0613396
965   0.0241629
966   -0.0102887
967   -0.0430927
968   -0.0736119
969   -0.102765
970   -0.129868
971   -0.155708
972   -0.179506
973   -0.201951
974   -0.222153
975   -0.240758
976   -0.256792
977   -0.270931
978   -0.282199
979   -0.291362
980   -0.297537
981   -0.301588
982   -0.302749
983   -0.30194
984   -0.298493
985   -0.293348
986   -0.285914
987   -0.277174
988   -0.26665
989   0.5439
990   0.569274
991   0.597059
992   0.625728
993   0.65334
994   0.672222
995   0.673339
996   0.650197
997   0.607081
998   0.554135
999   0.496857
1000   0.439312
1001   0.382766
1002   0.328742
1003   0.277566
1004   0.22947
1005   0.184482
1006   0.142225
1007   0.10276
1008   0.0654715
1009   0.0305597
1010   -0.00265543
1011   -0.0338256
1012   -0.0636099
1013   -0.0915278
1014   -0.118168
1015   -0.142946
1016   -0.166349
1017   -0.187736
1018   -0.207482
1019   -0.224962
1020   -0.240465
1021   -0.253465
1022   -0.26421
1023   -0.272336
1024   -0.27809
1025   -0.281266
1026   -0.282124
1027   -0.280577
1028   -0.27691
1029   -0.271129
1030   -0.263583
1031   -0.254429
1032   0.532123
1033   0.556521
1034   0.585181
1035   0.614103
1036   0.644412
1037   0.669013
1038   0.679645
1039   0.675044
1040   0.635346
1041   0.585128
1042   0.531377
1043   0.474937
1044   0.420328
1045   0.366802
1046   0.316869
1047   0.269008
1048   0.224707
1049   0.182419
1050   0.143157
1051   0.105582
1052   0.0704959
1053   0.0367837
1054   0.00516693
1055   -0.0252847
1056   -0.0538464
1057   -0.0813095
1058   -0.106894
1059   -0.131295
1060   -0.153656
1061   -0.174621
1062   -0.193272
1063   -0.210257
1064   -0.22464
1065   -0.237122
1066   -0.246799
1067   -0.254451
1068   -0.259235
1069   -0.262
1070   -0.261974
1071   -0.260073
1072   -0.255605
1073   -0.249585
1074   -0.241463
1075   0.51863
1076   0.543089
1077   0.57069
1078   0.600327
1079   0.631033
1080   0.658719
1081   0.679367
1082   0.680758
1083   0.656557
1084   0.613709
1085   0.56278
1086   0.509134
1087   0.455596
1088   0.403808
1089   0.354539
1090   0.307731
1091   0.263749
1092   0.221932
1093   0.182662
1094   0.145115
1095   0.109757
1096   0.075762
1097   0.0436731
1098   0.0127251
1099   -0.0164749
1100   -0.0445986
1101   -0.07099
1102   -0.096208
1103   -0.119576
1104   -0.141537
1105   -0.161438
1106   -0.179623
1107   -0.195517
1108   -0.209392
1109   -0.220798
1110   -0.229969
1111   -0.236586
1112   -0.240875
1113   -0.242646
1114   -0.242146
1115   -0.239313
1116   -0.234479
1117   -0.227779
1118   0.503546
1119   0.526308
1120   0.553618
1121   0.581896
1122   0.613357
1123   0.642256
1124   0.669989
1125   0.68793
1126   0.66998
1127   0.636735
1128   0.590328
1129   0.538757
1130   0.487975
1131   0.43728
1132   0.389779
1133   0.343643
1134   0.300646
1135   0.259123
1136   0.220246
1137   0.182683
1138   0.147315
1139   0.113073
1140   0.0807087
1141   0.0493344
1142   0.0196684
1143   -0.00904665
1144   -0.0360664
1145   -0.0620596
1146   -0.0862256
1147   -0.109184
1148   -0.130076
1149   -0.149514
1150   -0.1666
1151   -0.18198
1152   -0.194745
1153   -0.205604
1154   -0.213664
1155   -0.21971
1156   -0.22289
1157   -0.224084
1158   -0.222516
1159   -0.219208
1160   -0.213549
1161   0.487582
1162   0.509868
1163   0.535294
1164   0.5632
1165   0.593327
1166   0.623755
1167   0.652618
1168   0.672673
1169   0.67567
1170   0.652055
1171   0.612161
1172   0.565271
1173   0.516678
1174   0.468547
1175   0.422366
1176   0.377673
1177   0.335438
1178   0.294618
1179   0.256083
1180   0.218748
1181   0.183428
1182   0.149115
1183   0.116585
1184   0.0849356
1185   0.0549249
1186   0.0257711
1187   -0.00177633
1188   -0.028371
1189   -0.053277
1190   -0.0770201
1191   -0.0989001
1192   -0.119325
1193   -0.137664
1194   -0.154228
1195   -0.168482
1196   -0.180668
1197   -0.190369
1198   -0.197791
1199   -0.202646
1200   -0.205152
1201   -0.205173
1202   -0.203021
1203   -0.198801
1204   0.47087
1205   0.491243
1206   0.515734
1207   0.541493
1208   0.570869
1209   0.599679
1210   0.629627
1211   0.653662
1212   0.66486
1213   0.662553
1214   0.628224
1215   0.584787
1216   0.540592
1217   0.494406
1218   0.45068
1219   0.407342
1220   0.366468
1221   0.326485
1222   0.288635
1223   0.251755
1224   0.216714
1225   0.182584
1226   0.15007
1227   0.118389
1228   0.0881984
1229   0.058815
1230   0.0309113
1231   0.0038747
1232   -0.0215717
1233   -0.046
1234   -0.0686236
1235   -0.0900055
1236   -0.109299
1237   -0.127091
1238   -0.142487
1239   -0.156127
1240   -0.167092
1241   -0.176099
1242   -0.182238
1243   -0.18634
1244   -0.187561
1245   -0.186907
1246   -0.183712
1247   0.453998
1248   0.473641
1249   0.495956
1250   0.520556
1251   0.547348
1252   0.575218
1253   0.602924
1254   0.627719
1255   0.645695
1256   0.648698
1257   0.634601
1258   0.599076
1259   0.558942
1260   0.516122
1261   0.474732
1262   0.433333
1263   0.393988
1264   0.35511
1265   0.318236
1266   0.281981
1267   0.247549
1268   0.213738
1269   0.18156
1270   0.149974
1271   0.119888
1272   0.0904067
1273   0.0623818
1274   0.0350579
1275   0.00924535
1276   -0.0156747
1277   -0.0389375
1278   -0.0610315
1279   -0.0812544
1280   -0.0999751
1281   -0.116575
1282   -0.131322
1283   -0.143704
1284   -0.153919
1285   -0.161585
1286   -0.166891
1287   -0.169628
1288   -0.170078
1289   -0.168309
1290   0.437017
1291   0.454879
1292   0.475957
1293   0.498154
1294   0.523239
1295   0.548227
1296   0.574421
1297   0.59738
1298   0.617902
1299   0.630095
1300   0.622051
1301   0.602283
1302   0.567805
1303   0.529178
1304   0.491423
1305   0.452848
1306   0.415535
1307   0.378528
1308   0.342917
1309   0.307936
1310   0.274308
1311   0.241356
1312   0.209666
1313   0.178622
1314   0.148776
1315   0.119564
1316   0.0915603
1317   0.0642402
1318   0.0382315
1319   0.0130342
1320   -0.0106535
1321   -0.0333269
1322   -0.0542108
1323   -0.0738194
1324   -0.0913015
1325   -0.107217
1326   -0.120651
1327   -0.132242
1328   -0.141043
1329   -0.14782
1330   -0.151668
1331   -0.153561
1332   -0.152776
1333   0.420317
1334   0.437377
1335   0.456404
1336   0.477147
1337   0.499449
1338   0.522658
1339   0.545685
1340   0.567737
1341   0.586079
1342   0.599605
1343   0.602018
1344   0.589483
1345   0.567694
1346   0.534903
1347   0.501925
1348   0.466345
1349   0.432013
1350   0.396991
1351   0.363437
1352   0.329826
1353   0.297656
1354   0.265645
1355   0.234983
1356   0.204557
1357   0.175401
1358   0.146542
1359   0.11893
1360   0.091723
1361   0.0658124
1362   0.0404886
1363   0.0165915
1364   -0.00645629
1365   -0.0278732
1366   -0.0481045
1367   -0.0664418
1368   -0.0832037
1369   -0.0977768
1370   -0.110375
1371   -0.120514
1372   -0.128362
1373   -0.133623
1374   -0.136543
1375   -0.137142
1376   0.403872
1377   0.419457
1378   0.437249
1379   0.455877
1380   0.476398
1381   0.496972
1382   0.518159
1383   0.5377
1384   0.555246
1385   0.568095
1386   0.573405
1387   0.570223
1388   0.553563
1389   0.530224
1390   0.502115
1391   0.471937
1392   0.440817
1393   0.409236
1394   0.37789
1395   0.346646
1396   0.316031
1397   0.285711
1398   0.256145
1399   0.226935
1400   0.19853
1401   0.170516
1402   0.143369
1403   0.116678
1404   0.090973
1405   0.0658452
1406   0.0418957
1407   0.0187119
1408   -0.00301993
1409   -0.0237322
1410   -0.042642
1411   -0.0602235
1412   -0.0755946
1413   -0.0893045
1414   -0.100394
1415   -0.109546
1416   -0.115802
1417   -0.120079
1418   -0.121596
1419   0.38788
1420   0.40268
1421   0.418773
1422   0.436006
1423   0.454189
1424   0.472972
1425   0.491452
1426   0.50932
1427   0.524501
1428   0.536914
1429   0.542763
1430   0.543128
1431   0.534204
1432   0.517308
1433   0.496012
1434   0.470629
1435   0.444159
1436   0.415844
1437   0.387744
1438   0.358792
1439   0.33053
1440   0.301856
1441   0.274036
1442   0.246013
1443   0.218903
1444   0.191726
1445   0.165507
1446   0.139359
1447   0.114249
1448   0.0893918
1449   0.0657066
1450   0.0425244
1451   0.020711
1452   -0.00027255
1453   -0.0196245
1454   -0.0377423
1455   -0.0539082
1456   -0.0683803
1457   -0.0805621
1458   -0.0906162
1459   -0.0981411
1460   -0.103342
1461   -0.106168
1462   0.372277
1463   0.385911
1464   0.400895
1465   0.416434
1466   0.433056
1467   0.449727
1468   0.466524
1469   0.482295
1470   0.496388
1471   0.507742
1472   0.514594
1473   0.516793
1474   0.5114
1475   0.500267
1476   0.483729
1477   0.463765
1478   0.441223
1479   0.417061
1480   0.391912
1481   0.366068
1482   0.340002
1483   0.313678
1484   0.287497
1485   0.261271
1486   0.235382
1487   0.209572
1488   0.184241
1489   0.159099
1490   0.134589
1491   0.110404
1492   0.0870477
1493   0.0641993
1494   0.0424424
1495   0.0214341
1496   0.00185975
1497   -0.0166611
1498   -0.0333214
1499   -0.0485686
1500   -0.061471
1501   -0.0726044
1502   -0.0809736
1503   -0.0874081
1504   -0.0910553
1505   0.357142
1506   0.370026
1507   0.383669
1508   0.397981
1509   0.412781
1510   0.427893
1511   0.442633
1512   0.456895
1513   0.469302
1514   0.47993
1515   0.486712
1516   0.489956
1517   0.487691
1518   0.480249
1519   0.468442
1520   0.452619
1521   0.434469
1522   0.4138
1523   0.392219
1524   0.369104
1525   0.345851
1526   0.321624
1527   0.297661
1528   0.273041
1529   0.248905
1530   0.224319
1531   0.200362
1532   0.176132
1533   0.152663
1534   0.129113
1535   0.106477
1536   0.0839981
1537   0.0626269
1538   0.041715
1539   0.022161
1540   0.00345283
1541   -0.0135829
1542   -0.029295
1543   -0.0429646
1544   -0.0547846
1545   -0.0642235
1546   -0.0714427
1547   -0.0762914
1548   0.342412
1549   0.354363
1550   0.367037
1551   0.380021
1552   0.393519
1553   0.406995
1554   0.42034
1555   0.432976
1556   0.44436
1557   0.453984
1558   0.460788
1559   0.464545
1560   0.463936
1561   0.459377
1562   0.450672
1563   0.438693
1564   0.423858
1565   0.406858
1566   0.388187
1567   0.368202
1568   0.347331
1569   0.32568
1570   0.303621
1571   0.281104
1572   0.258476
1573   0.235602
1574   0.21283
1575   0.189978
1576   0.16742
1577   0.144944
1578   0.122966
1579   0.101256
1580   0.0802913
1581   0.0598202
1582   0.0404058
1583   0.0217649
1584   0.00458174
1585   -0.0114819
1586   -0.0255849
1587   -0.0381743
1588   -0.0482608
1589   -0.0565409
1590   -0.0620786
1591   0.328111
1592   0.339355
1593   0.350971
1594   0.362909
1595   0.375014
1596   0.387211
1597   0.399012
1598   0.410407
1599   0.420503
1600   0.429375
1601   0.435802
1602   0.439893
1603   0.440571
1604   0.437922
1605   0.431957
1606   0.422776
1607   0.41118
1608   0.397049
1609   0.381473
1610   0.364036
1611   0.345884
1612   0.326369
1613   0.306623
1614   0.285855
1615   0.265177
1616   0.243723
1617   0.222587
1618   0.200878
1619   0.179674
1620   0.158098
1621   0.137207
1622   0.116167
1623   0.0960107
1624   0.0759721
1625   0.0570476
1626   0.0385784
1627   0.0215041
1628   0.00532111
1629   -0.00912035
1630   -0.0221193
1631   -0.0329883
1632   -0.0418679
1633   -0.0484556
1634   0.314203
1635   0.324675
1636   0.335453
1637   0.346349
1638   0.357394
1639   0.368332
1640   0.379013
1641   0.389145
1642   0.398347
1643   0.406329
1644   0.412483
1645   0.41659
1646   0.418008
1647   0.416739
1648   0.412563
1649   0.40575
1650   0.396469
1651   0.385049
1652   0.37182
1653   0.357017
1654   0.340995
1655   0.323861
1656   0.305953
1657   0.287276
1658   0.268152
1659   0.248513
1660   0.228677
1661   0.208535
1662   0.18841
1663   0.168169
1664   0.148156
1665   0.12822
1666   0.108741
1667   0.0895528
1668   0.0710896
1669   0.053165
1670   0.0363006
1671   0.0202717
1672   0.00574338
1673   -0.00758867
1674   -0.0188443
1675   -0.0285307
1676   -0.0356315
1677   0.30069
1678   0.310505
1679   0.32044
1680   0.330464
1681   0.340446
1682   0.35037
1683   0.359889
1684   0.369042
1685   0.377234
1686   0.384552
1687   0.390228
1688   0.394341
1689   0.396219
1690   0.395889
1691   0.393172
1692   0.388042
1693   0.380855
1694   0.371445
1695   0.360526
1696   0.347732
1697   0.333969
1698   0.318676
1699   0.302858
1700   0.285801
1701   0.268562
1702   0.250324
1703   0.232172
1704   0.213231
1705   0.194601
1706   0.175382
1707   0.156679
1708   0.137594
1709   0.119232
1710   0.10072
1711   0.0831479
1712   0.0657013
1713   0.0494382
1714   0.0336444
1715   0.0193153
1716   0.00591843
1717   -0.00568076
1718   -0.0157171
1719   -0.023652
1720   0.287559
1721   0.296722
1722   0.305943
1723   0.315148
1724   0.32429
1725   0.333257
1726   0.341904
1727   0.350088
1728   0.357549
1729   0.364114
1730   0.369428
1731   0.373318
1732   0.375438
1733   0.375681
1734   0.373886
1735   0.370069
1736   0.364294
1737   0.356655
1738   0.347364
1739   0.336516
1740   0.324388
1741   0.311034
1742   0.296747
1743   0.281531
1744   0.265678
1745   0.249148
1746   0.232232
1747   0.21486
1748   0.197323
1749   0.179533
1750   0.161787
1751   0.143989
1752   0.126448
1753   0.109063
1754   0.0921645
1755   0.0756496
1756   0.0598839
1757   0.0447536
1758   0.0306933
1759   0.0175498
1760   0.00591109
1761   -0.00451153
1762   -0.0127323
1763   0.274809
1764   0.283375
1765   0.291918
1766   0.300416
1767   0.308754
1768   0.316945
1769   0.324724
1770   0.332165
1771   0.338832
1772   0.344845
1773   0.34966
1774   0.353383
1775   0.355534
1776   0.356146
1777   0.355019
1778   0.352085
1779   0.347514
1780   0.341099
1781   0.333342
1782   0.323867
1783   0.313415
1784   0.301443
1785   0.28885
1786   0.27495
1787   0.26074
1788   0.24543
1789   0.230077
1790   0.213818
1791   0.197751
1792   0.180967
1793   0.164591
1794   0.147692
1795   0.13141
1796   0.11481
1797   0.099042
1798   0.083181
1799   0.0683807
1800   0.0537399
1801   0.0404084
1802   0.0275337
1803   0.0162268
1804   0.00577963
1805   -0.00292645
1806   0.262437
1807   0.27044
1808   0.27839
1809   0.286244
1810   0.293941
1811   0.301412
1812   0.308548
1813   0.31525
1814   0.321354
1815   0.326731
1816   0.331176
1817   0.334547
1818   0.33665
1819   0.337368
1820   0.336593
1821   0.334272
1822   0.330415
1823   0.325035
1824   0.318237
1825   0.310072
1826   0.300703
1827   0.290185
1828   0.278705
1829   0.266309
1830   0.253188
1831   0.239376
1832   0.22506
1833   0.210261
1834   0.195166
1835   0.179786
1836   0.164308
1837   0.148742
1838   0.133276
1839   0.117922
1840   0.102874
1841   0.0881503
1842   0.0739511
1843   0.0603043
1844   0.0474194
1845   0.0353368
1846   0.0242743
1847   0.0142866
1848   0.0055716
