##### Y Mean #####
0   0.00374346
1   -0.0281594
2   -0.0655376
3   -0.106855
4   -0.151256
5   -0.196839
6   -0.242939
7   -0.287761
8   -0.330732
9   -0.369722
10   -0.405197
11   -0.436391
12   -0.463809
13   -0.487131
14   -0.506657
15   -0.522273
16   -0.534183
17   -0.542383
18   -0.547169
19   -0.548718
20   -0.547329
21   -0.543309
22   -0.536856
23   -0.528309
24   -0.517861
25   -0.50591
26   -0.492679
27   -0.478594
28   -0.463816
29   -0.448682
30   -0.433289
31   -0.417872
32   -0.402477
33   -0.387238
34   -0.37217
35   -0.357341
36   -0.342759
37   -0.328461
38   -0.314457
39   -0.300772
40   -0.287421
41   -0.274419
42   -0.261782
43   0.0336662
44   0.00126181
45   -0.0394862
46   -0.0829416
47   -0.132722
48   -0.180942
49   -0.233046
50   -0.280407
51   -0.330197
52   -0.370769
53   -0.411452
54   -0.444409
55   -0.475699
56   -0.500857
57   -0.52316
58   -0.540314
59   -0.554148
60   -0.563347
61   -0.569256
62   -0.571433
63   -0.570419
64   -0.566737
65   -0.560042
66   -0.55141
67   -0.54017
68   -0.527736
69   -0.513322
70   -0.498549
71   -0.482478
72   -0.466553
73   -0.449915
74   -0.433688
75   -0.417199
76   -0.401177
77   -0.385173
78   -0.369601
79   -0.354211
80   -0.339213
81   -0.324499
82   -0.310166
83   -0.296185
84   -0.282592
85   -0.269395
86   0.0690862
87   0.038809
88   -0.00290364
89   -0.0491198
90   -0.1013
91   -0.15398
92   -0.208349
93   -0.260443
94   -0.312201
95   -0.359851
96   -0.403704
97   -0.442758
98   -0.477532
99   -0.507276
100   -0.532677
101   -0.552935
102   -0.56898
103   -0.580511
104   -0.588123
105   -0.592018
106   -0.592323
107   -0.589459
108   -0.583431
109   -0.574733
110   -0.563487
111   -0.550301
112   -0.535374
113   -0.519416
114   -0.502524
115   -0.485228
116   -0.467612
117   -0.450053
118   -0.432593
119   -0.415408
120   -0.398506
121   -0.381949
122   -0.365744
123   -0.349909
124   -0.334465
125   -0.319414
126   -0.304785
127   -0.290576
128   -0.276813
129   0.108778
130   0.0792302
131   0.0380304
132   -0.00941533
133   -0.0647133
134   -0.119412
135   -0.177607
136   -0.231904
137   -0.287177
138   -0.338091
139   -0.38805
140   -0.430249
141   -0.471629
142   -0.503836
143   -0.535422
144   -0.557612
145   -0.578228
146   -0.592022
147   -0.602802
148   -0.609139
149   -0.611508
150   -0.610432
151   -0.605327
152   -0.597425
153   -0.586141
154   -0.572974
155   -0.55722
156   -0.540777
157   -0.522617
158   -0.504411
159   -0.485349
160   -0.466746
161   -0.447965
162   -0.429772
163   -0.411747
164   -0.39427
165   -0.37712
166   -0.360467
167   -0.344222
168   -0.328454
169   -0.313146
170   -0.298318
171   -0.283979
172   0.152158
173   0.127074
174   0.0857469
175   0.0382875
176   -0.0186141
177   -0.0762386
178   -0.136414
179   -0.194252
180   -0.251977
181   -0.306428
182   -0.358429
183   -0.405717
184   -0.449157
185   -0.487499
186   -0.521656
187   -0.550959
188   -0.575482
189   -0.595357
190   -0.610534
191   -0.620995
192   -0.627045
193   -0.628223
194   -0.625354
195   -0.618461
196   -0.608164
197   -0.595246
198   -0.57966
199   -0.56241
200   -0.543592
201   -0.523933
202   -0.503749
203   -0.48358
204   -0.463653
205   -0.444087
206   -0.42502
207   -0.406404
208   -0.38834
209   -0.370751
210   -0.353717
211   -0.337177
212   -0.321197
213   -0.305729
214   -0.290827
215   0.197379
216   0.173531
217   0.134634
218   0.0865161
219   0.0289265
220   -0.0301316
221   -0.0925055
222   -0.152307
223   -0.212401
224   -0.268782
225   -0.323314
226   -0.373129
227   -0.419841
228   -0.461377
229   -0.499834
230   -0.532939
231   -0.564106
232   -0.587219
233   -0.610076
234   -0.622645
235   -0.635811
236   -0.638378
237   -0.640306
238   -0.635013
239   -0.626794
240   -0.615505
241   -0.600244
242   -0.583372
243   -0.563561
244   -0.543125
245   -0.521386
246   -0.500127
247   -0.478754
248   -0.458086
249   -0.437795
250   -0.418181
251   -0.399105
252   -0.380653
253   -0.362784
254   -0.345514
255   -0.328841
256   -0.312764
257   -0.297288
258   0.243893
259   0.226269
260   0.187099
261   0.139878
262   0.0813992
263   0.020731
264   -0.0429636
265   -0.105174
266   -0.167009
267   -0.225785
268   -0.282204
269   -0.334598
270   -0.383464
271   -0.427912
272   -0.468595
273   -0.504881
274   -0.537713
275   -0.565756
276   -0.59004
277   -0.60945
278   -0.624869
279   -0.635889
280   -0.641955
281   -0.643835
282   -0.640315
283   -0.632251
284   -0.619636
285   -0.602717
286   -0.582897
287   -0.56132
288   -0.538668
289   -0.515808
290   -0.493364
291   -0.471266
292   -0.449968
293   -0.429208
294   -0.409258
295   -0.389889
296   -0.371275
297   -0.353259
298   -0.335959
299   -0.319267
300   -0.303271
301   0.289372
302   0.273146
303   0.238156
304   0.191253
305   0.133262
306   0.0720883
307   0.00718841
308   -0.0562319
309   -0.119835
310   -0.18004
311   -0.238438
312   -0.29242
313   -0.343467
314   -0.389668
315   -0.432546
316   -0.470639
317   -0.50532
318   -0.535759
319   -0.562539
320   -0.585372
321   -0.604941
322   -0.620366
323   -0.634042
324   -0.639735
325   -0.64563
326   -0.639459
327   -0.633495
328   -0.617186
329   -0.598428
330   -0.577157
331   -0.553534
332   -0.530102
333   -0.506388
334   -0.483346
335   -0.460954
336   -0.43932
337   -0.418475
338   -0.398356
339   -0.379001
340   -0.360352
341   -0.342432
342   -0.325208
343   -0.308687
344   0.333171
345   0.325424
346   0.290739
347   0.245851
348   0.188376
349   0.125939
350   0.0606076
351   -0.00454209
352   -0.0692221
353   -0.131324
354   -0.19103
355   -0.246942
356   -0.299394
357   -0.347525
358   -0.391851
359   -0.431827
360   -0.468166
361   -0.500507
362   -0.529316
363   -0.554471
364   -0.576289
365   -0.594629
366   -0.610076
367   -0.62133
368   -0.629088
369   -0.632097
370   -0.629655
371   -0.622806
372   -0.608124
373   -0.589021
374   -0.566319
375   -0.541705
376   -0.517471
377   -0.493286
378   -0.470282
379   -0.447813
380   -0.426385
381   -0.405595
382   -0.385706
383   -0.366487
384   -0.348088
385   -0.330367
386   -0.313423
387   0.37211
388   0.364625
389   0.339687
390   0.298278
391   0.242499
392   0.180039
393   0.113695
394   0.0477437
395   -0.0183236
396   -0.0814911
397   -0.142754
398   -0.199837
399   -0.253885
400   -0.303252
401   -0.349131
402   -0.390426
403   -0.428242
404   -0.461984
405   -0.492369
406   -0.519101
407   -0.542655
408   -0.562784
409   -0.579817
410   -0.593876
411   -0.604486
412   -0.611942
413   -0.616222
414   -0.614048
415   -0.610071
416   -0.592891
417   -0.57396
418   -0.549749
419   -0.525252
420   -0.50084
421   -0.4774
422   -0.454569
423   -0.432694
424   -0.411517
425   -0.391196
426   -0.371603
427   -0.352792
428   -0.334713
429   -0.317375
430   0.407523
431   0.405739
432   0.38515
433   0.352429
434   0.296531
435   0.233824
436   0.167696
437   0.100731
438   0.0340882
439   -0.030501
440   -0.092666
441   -0.151275
442   -0.20634
443   -0.257214
444   -0.304176
445   -0.346917
446   -0.385887
447   -0.420969
448   -0.452557
449   -0.480612
450   -0.505456
451   -0.527026
452   -0.545762
453   -0.561535
454   -0.574457
455   -0.584368
456   -0.591107
457   -0.593815
458   -0.592594
459   -0.586149
460   -0.570435
461   -0.551066
462   -0.528102
463   -0.504177
464   -0.481281
465   -0.458583
466   -0.436784
467   -0.41554
468   -0.395116
469   -0.375346
470   -0.356338
471   -0.338008
472   -0.320414
473   0.438971
474   0.43928
475   0.42631
476   0.396521
477   0.346699
478   0.28596
479   0.220025
480   0.153074
481   0.0856171
482   0.0204116
483   -0.0429353
484   -0.102378
485   -0.158703
486   -0.210493
487   -0.258679
488   -0.302385
489   -0.342494
490   -0.378557
491   -0.411221
492   -0.440331
493   -0.466273
494   -0.489128
495   -0.509047
496   -0.526396
497   -0.540774
498   -0.552674
499   -0.56118
500   -0.56696
501   -0.568519
502   -0.566716
503   -0.559605
504   -0.543941
505   -0.525625
506   -0.503525
507   -0.481823
508   -0.459816
509   -0.438507
510   -0.417567
511   -0.397314
512   -0.377623
513   -0.358589
514   -0.340185
515   -0.322434
516   0.467085
517   0.471875
518   0.464096
519   0.444033
520   0.394768
521   0.335932
522   0.271473
523   0.204604
524   0.137212
525   0.071133
526   0.00729966
527   -0.0533102
528   -0.11032
529   -0.163316
530   -0.212277
531   -0.257137
532   -0.298074
533   -0.335203
534   -0.368751
535   -0.398899
536   -0.425863
537   -0.449839
538   -0.471031
539   -0.489596
540   -0.505524
541   -0.518885
542   -0.529442
543   -0.537222
544   -0.541641
545   -0.542763
546   -0.538875
547   -0.530322
548   -0.514984
549   -0.497142
550   -0.477484
551   -0.457403
552   -0.437163
553   -0.417156
554   -0.397443
555   -0.378183
556   -0.359361
557   -0.341086
558   -0.323323
559   0.491544
560   0.499251
561   0.497234
562   0.479192
563   0.438387
564   0.383321
565   0.32055
566   0.25467
567   0.187162
568   0.121018
569   0.0564129
570   -0.00464282
571   -0.0626119
572   -0.116211
573   -0.166147
574   -0.211692
575   -0.253559
576   -0.291437
577   -0.325882
578   -0.356892
579   -0.38479
580   -0.409822
581   -0.432032
582   -0.451869
583   -0.468972
584   -0.483918
585   -0.495938
586   -0.505742
587   -0.512069
588   -0.515658
589   -0.514615
590   -0.509745
591   -0.499708
592   -0.485514
593   -0.469217
594   -0.451339
595   -0.432948
596   -0.414183
597   -0.395474
598   -0.376881
599   -0.358559
600   -0.340576
601   -0.322991
602   0.512418
603   0.523589
604   0.526768
605   0.518673
606   0.479568
607   0.428504
608   0.3682
609   0.30328
610   0.236415
611   0.1699
612   0.105268
613   0.0434025
614   -0.0148907
615   -0.0694269
616   -0.119846
617   -0.166334
618   -0.208793
619   -0.247591
620   -0.282746
621   -0.314693
622   -0.343471
623   -0.36952
624   -0.392828
625   -0.413797
626   -0.432248
627   -0.448534
628   -0.462231
629   -0.473684
630   -0.482064
631   -0.487781
632   -0.489371
633   -0.487699
634   -0.480747
635   -0.470599
636   -0.457177
637   -0.442204
638   -0.425764
639   -0.408811
640   -0.3913
641   -0.373772
642   -0.356112
643   -0.338692
644   -0.321383
645   0.529541
646   0.543653
647   0.55111
648   0.544794
649   0.51649
650   0.470909
651   0.413459
652   0.350139
653   0.283678
654   0.217644
655   0.152649
656   0.0907686
657   0.0318092
658   -0.0230053
659   -0.0741865
660   -0.12111
661   -0.16435
662   -0.203715
663   -0.239675
664   -0.272348
665   -0.302001
666   -0.328972
667   -0.353264
668   -0.375365
669   -0.394958
670   -0.412611
671   -0.427679
672   -0.440745
673   -0.450836
674   -0.458443
675   -0.462396
676   -0.463047
677   -0.459572
678   -0.452455
679   -0.442396
680   -0.430011
681   -0.416049
682   -0.400913
683   -0.385035
684   -0.368661
685   -0.351992
686   -0.335217
687   -0.318448
688   0.542839
689   0.559301
690   0.571288
691   0.574146
692   0.550224
693   0.512436
694   0.457419
695   0.395269
696   0.329989
697   0.263982
698   0.199467
699   0.137105
700   0.0781947
701   0.0226823
702   -0.0286987
703   -0.0763885
704   -0.120005
705   -0.160171
706   -0.196683
707   -0.230218
708   -0.260624
709   -0.288558
710   -0.31382
711   -0.337013
712   -0.357794
713   -0.376709
714   -0.393183
715   -0.407732
716   -0.419452
717   -0.428889
718   -0.43477
719   -0.437852
720   -0.436754
721   -0.432762
722   -0.42531
723   -0.415806
724   -0.404034
725   -0.391092
726   -0.376791
727   -0.361922
728   -0.346261
729   -0.33043
730   -0.314205
731   0.552445
732   0.571392
733   0.586037
734   0.59109
735   0.579801
736   0.54865
737   0.498428
738   0.438581
739   0.374182
740   0.309281
741   0.244777
742   0.182819
743   0.123492
744   0.0680075
745   0.0160526
746   -0.031832
747   -0.0760884
748   -0.11664
749   -0.153864
750   -0.187986
751   -0.219208
752   -0.24794
753   -0.274147
754   -0.298338
755   -0.320216
756   -0.340313
757   -0.35807
758   -0.373969
759   -0.387233
760   -0.398222
761   -0.406088
762   -0.411072
763   -0.412608
764   -0.411018
765   -0.406436
766   -0.399325
767   -0.39007
768   -0.379095
769   -0.366716
770   -0.353267
771   -0.338938
772   -0.324013
773   -0.308644
774   0.558256
775   0.578882
776   0.596662
777   0.607535
778   0.604358
779   0.586915
780   0.537971
781   0.479418
782   0.41733
783   0.352933
784   0.289444
785   0.227275
786   0.168336
787   0.112361
788   0.0604813
789   0.0120047
790   -0.0324056
791   -0.0736246
792   -0.11123
793   -0.146121
794   -0.177957
795   -0.207581
796   -0.234625
797   -0.259844
798   -0.282753
799   -0.304023
800   -0.322981
801   -0.340232
802   -0.354867
803   -0.367483
804   -0.376961
805   -0.384015
806   -0.387528
807   -0.388481
808   -0.38613
809   -0.381608
810   -0.374449
811   -0.36571
812   -0.355025
813   -0.343296
814   -0.330178
815   -0.316464
816   -0.301846
817   0.560425
818   0.582783
819   0.603223
820   0.618415
821   0.62423
822   0.611265
823   0.572598
824   0.518807
825   0.458473
826   0.395835
827   0.332648
828   0.271226
829   0.212075
830   0.156422
831   0.104161
832   0.0557439
833   0.0108542
834   -0.0305508
835   -0.0687508
836   -0.104076
837   -0.136646
838   -0.166939
839   -0.194864
840   -0.220953
841   -0.244892
842   -0.267196
843   -0.287349
844   -0.305783
845   -0.321835
846   -0.335822
847   -0.34706
848   -0.35578
849   -0.361494
850   -0.364461
851   -0.364568
852   -0.36216
853   -0.357355
854   -0.35052
855   -0.341822
856   -0.331602
857   -0.320003
858   -0.307355
859   -0.293827
860   0.559138
861   0.58223
862   0.60567
863   0.625094
864   0.63903
865   0.640454
866   0.60409
867   0.5547
868   0.497916
869   0.436621
870   0.374876
871   0.313559
872   0.255138
873   0.199241
874   0.147363
875   0.0985641
876   0.0537696
877   0.0118609
878   -0.0265337
879   -0.0625071
880   -0.0955474
881   -0.126641
882   -0.155273
883   -0.182306
884   -0.207144
885   -0.230535
886   -0.251742
887   -0.27143
888   -0.2887
889   -0.304183
890   -0.31686
891   -0.32742
892   -0.334859
893   -0.340013
894   -0.34206
895   -0.341959
896   -0.339074
897   -0.334382
898   -0.327355
899   -0.318925
900   -0.308621
901   -0.297347
902   -0.284709
903   0.554879
904   0.579385
905   0.604606
906   0.628359
907   0.647905
908   0.65213
909   0.630235
910   0.588277
911   0.534958
912   0.476214
913   0.415279
914   0.355204
915   0.296906
916   0.241723
917   0.189732
918   0.141293
919   0.0962264
920   0.0543476
921   0.0155068
922   -0.0207483
923   -0.0544162
924   -0.0860579
925   -0.115487
926   -0.143279
927   -0.169067
928   -0.19338
929   -0.215697
930   -0.236457
931   -0.255042
932   -0.271781
933   -0.286057
934   -0.298121
935   -0.30749
936   -0.314404
937   -0.31861
938   -0.320386
939   -0.319663
940   -0.316747
941   -0.311668
942   -0.30474
943   -0.296038
944   -0.285908
945   -0.274517
946   0.547747
947   0.572043
948   0.599439
949   0.62531
950   0.651046
951   0.66788
952   0.65148
953   0.619176
954   0.569822
955   0.513089
956   0.454224
957   0.394702
958   0.337656
959   0.282565
960   0.23135
961   0.182795
962   0.138102
963   0.0959183
964   0.0570721
965   0.020314
966   -0.0136876
967   -0.0460152
968   -0.0760358
969   -0.104671
970   -0.131245
971   -0.156548
972   -0.17981
973   -0.201726
974   -0.221418
975   -0.239534
976   -0.25512
977   -0.268846
978   -0.279757
979   -0.288608
980   -0.294536
981   -0.298387
982   -0.29941
983   -0.298509
984   -0.295023
985   -0.289876
986   -0.282486
987   -0.273818
988   -0.263399
989   0.53834
990   0.563548
991   0.591211
992   0.619799
993   0.647374
994   0.66624
995   0.667335
996   0.644149
997   0.60098
998   0.548003
999   0.490726
1000   0.433229
1001   0.376774
1002   0.322891
1003   0.271901
1004   0.224038
1005   0.179323
1006   0.137383
1007   0.098267
1008   0.0613685
1009   0.0268715
1010   -0.00589386
1011   -0.0365973
1012   -0.0658875
1013   -0.0933042
1014   -0.119426
1015   -0.143691
1016   -0.166579
1017   -0.187469
1018   -0.206733
1019   -0.223766
1020   -0.238852
1021   -0.251482
1022   -0.261901
1023   -0.269756
1024   -0.275287
1025   -0.278294
1026   -0.279032
1027   -0.277414
1028   -0.273719
1029   -0.267952
1030   -0.260455
1031   -0.251382
1032   0.526636
1033   0.550867
1034   0.57941
1035   0.608246
1036   0.638521
1037   0.663108
1038   0.673732
1039   0.669118
1040   0.629357
1041   0.579085
1042   0.52532
1043   0.468898
1044   0.414355
1045   0.360937
1046   0.311162
1047   0.263499
1048   0.219442
1049   0.177434
1050   0.138493
1051   0.101273
1052   0.0665735
1053   0.0332773
1054   0.00210161
1055   -0.0278866
1056   -0.0559698
1057   -0.0829409
1058   -0.108031
1059   -0.131936
1060   -0.153812
1061   -0.174306
1062   -0.192513
1063   -0.209081
1064   -0.223088
1065   -0.235231
1066   -0.244621
1067   -0.252027
1068   -0.25662
1069   -0.259237
1070   -0.259117
1071   -0.257159
1072   -0.252683
1073   -0.246686
1074   -0.238626
1075   0.513229
1076   0.537528
1077   0.565008
1078   0.594561
1079   0.625225
1080   0.652898
1081   0.673552
1082   0.674933
1083   0.650689
1084   0.607787
1085   0.556822
1086   0.503175
1087   0.449674
1088   0.397969
1089   0.348824
1090   0.302187
1091   0.258413
1092   0.21685
1093   0.177864
1094   0.140643
1095   0.105637
1096   0.0720307
1097   0.0403501
1098   0.00983968
1099   -0.0189113
1100   -0.0465657
1101   -0.0724869
1102   -0.0972263
1103   -0.120128
1104   -0.141627
1105   -0.161092
1106   -0.178861
1107   -0.194376
1108   -0.207905
1109   -0.219009
1110   -0.227918
1111   -0.234322
1112   -0.238443
1113   -0.240093
1114   -0.239516
1115   -0.236649
1116   -0.23182
1117   -0.225159
1118   0.49824
1119   0.52084
1120   0.548032
1121   0.576219
1122   0.607637
1123   0.636516
1124   0.664266
1125   0.682231
1126   0.664239
1127   0.630944
1128   0.584492
1129   0.532896
1130   0.482133
1131   0.431492
1132   0.384093
1133   0.338096
1134   0.295281
1135   0.253978
1136   0.215358
1137   0.178087
1138   0.143044
1139   0.109157
1140   0.077174
1141   0.0462057
1142   0.0169642
1143   -0.0113095
1144   -0.03788
1145   -0.0634171
1146   -0.0871318
1147   -0.109644
1148   -0.130108
1149   -0.149135
1150   -0.165841
1151   -0.180868
1152   -0.193324
1153   -0.203906
1154   -0.211739
1155   -0.217596
1156   -0.220637
1157   -0.22173
1158   -0.22011
1159   -0.216784
1160   -0.211148
1161   0.482381
1162   0.504511
1163   0.529813
1164   0.55763
1165   0.587704
1166   0.618111
1167   0.646984
1168   0.667056
1169   0.670055
1170   0.646401
1171   0.606456
1172   0.559533
1173   0.510936
1174   0.462841
1175   0.416733
1176   0.372156
1177   0.330073
1178   0.289445
1179   0.251135
1180   0.214063
1181   0.179035
1182   0.145049
1183   0.112868
1184   0.0815984
1185   0.0519819
1186   0.0232455
1187   -0.003879
1188   -0.0300375
1189   -0.0545122
1190   -0.0778226
1191   -0.0992864
1192   -0.119307
1193   -0.137268
1194   -0.153478
1195   -0.167414
1196   -0.179315
1197   -0.188774
1198   -0.195992
1199   -0.200689
1200   -0.203076
1201   -0.203024
1202   -0.200838
1203   -0.19662
1204   0.465781
1205   0.485997
1206   0.510368
1207   0.53603
1208   0.56535
1209   0.594127
1210   0.624081
1211   0.648133
1212   0.659345
1213   0.657042
1214   0.622661
1215   0.579175
1216   0.534967
1217   0.488795
1218   0.445125
1219   0.401875
1220   0.36113
1221   0.321311
1222   0.28366
1223   0.247012
1224   0.212236
1225   0.178401
1226   0.14621
1227   0.114878
1228   0.085056
1229   0.0560614
1230   0.0285583
1231   0.00193387
1232   -0.0230991
1233   -0.0471124
1234   -0.0693316
1235   -0.090318
1236   -0.109239
1237   -0.126676
1238   -0.141752
1239   -0.155098
1240   -0.165811
1241   -0.174599
1242   -0.180566
1243   -0.184532
1244   -0.185665
1245   -0.184956
1246   -0.18175
1247   0.449029
1248   0.468522
1249   0.490712
1250   0.515215
1251   0.541941
1252   0.569774
1253   0.59747
1254   0.622276
1255   0.640271
1256   0.643281
1257   0.62917
1258   0.593603
1259   0.553442
1260   0.510623
1261   0.469267
1262   0.427938
1263   0.388696
1264   0.349957
1265   0.313254
1266   0.277206
1267   0.243009
1268   0.209467
1269   0.177581
1270   0.146317
1271   0.11657
1272   0.0874539
1273   0.0598029
1274   0.0328701
1275   0.00744911
1276   -0.0170723
1277   -0.0399456
1278   -0.0616542
1279   -0.0815108
1280   -0.0998804
1281   -0.116158
1282   -0.130608
1283   -0.142727
1284   -0.152714
1285   -0.160194
1286   -0.165351
1287   -0.167982
1288   -0.168364
1289   -0.166564
1290   0.432176
1291   0.449888
1292   0.470843
1293   0.492937
1294   0.517952
1295   0.54289
1296   0.569065
1297   0.59202
1298   0.612559
1299   0.624772
1300   0.616719
1301   0.596934
1302   0.562428
1303   0.523791
1304   0.486058
1305   0.447534
1306   0.410306
1307   0.373415
1308   0.337952
1309   0.303151
1310   0.269734
1311   0.237022
1312   0.205599
1313   0.174848
1314   0.145318
1315   0.116443
1316   0.0887907
1317   0.0618367
1318   0.0362005
1319   0.0113821
1320   -0.0119303
1321   -0.0342311
1322   -0.0547568
1323   -0.0740192
1324   -0.0911801
1325   -0.106795
1326   -0.119963
1327   -0.131316
1328   -0.13992
1329   -0.146534
1330   -0.150264
1331   -0.152072
1332   -0.151245
1333   0.415609
1334   0.432525
1335   0.451428
1336   0.472068
1337   0.494291
1338   0.517443
1339   0.540436
1340   0.562475
1341   0.580817
1342   0.594357
1343   0.596776
1344   0.584231
1345   0.562431
1346   0.529628
1347   0.496663
1348   0.46112
1349   0.426855
1350   0.391931
1351   0.358503
1352   0.32505
1353   0.293065
1354   0.261271
1355   0.230848
1356   0.200692
1357   0.171823
1358   0.143279
1359   0.115991
1360   0.0891295
1361   0.0635683
1362   0.0386059
1363   0.0150664
1364   -0.00762134
1365   -0.0286908
1366   -0.0485823
1367   -0.0666013
1368   -0.0830628
1369   -0.0973652
1370   -0.10972
1371   -0.119652
1372   -0.127328
1373   -0.132456
1374   -0.135281
1375   -0.13582
1376   0.399302
1377   0.414746
1378   0.432416
1379   0.450937
1380   0.471376
1381   0.491885
1382   0.51303
1383   0.532544
1384   0.550082
1385   0.56293
1386   0.568244
1387   0.565064
1388   0.548393
1389   0.525051
1390   0.496951
1391   0.466803
1392   0.435739
1393   0.404238
1394   0.373002
1395   0.341896
1396   0.311445
1397   0.281318
1398   0.25197
1399   0.223004
1400   0.194864
1401   0.167137
1402   0.140294
1403   0.113924
1404   0.0885485
1405   0.0637609
1406   0.0401532
1407   0.0173137
1408   -0.00408149
1409   -0.0244629
1410   -0.0430596
1411   -0.0603421
1412   -0.0754418
1413   -0.0889027
1414   -0.09978
1415   -0.108748
1416   -0.114863
1417   -0.11903
1418   -0.120478
1419   0.383453
1420   0.398116
1421   0.414088
1422   0.431215
1423   0.449311
1424   0.468024
1425   0.486451
1426   0.504284
1427   0.519441
1428   0.531845
1429   0.537688
1430   0.538055
1431   0.529127
1432   0.512231
1433   0.490944
1434   0.465588
1435   0.439163
1436   0.410919
1437   0.382912
1438   0.354082
1439   0.325964
1440   0.297463
1441   0.269837
1442   0.242038
1443   0.215168
1444   0.188256
1445   0.162316
1446   0.136468
1447   0.111665
1448   0.0871299
1449   0.0637671
1450   0.0409147
1451   0.019424
1452   -0.00123828
1453   -0.0202842
1454   -0.038107
1455   -0.0540015
1456   -0.0682231
1457   -0.0801855
1458   -0.0900501
1459   -0.0974221
1460   -0.102505
1461   -0.105248
1462   0.367995
1463   0.381496
1464   0.396362
1465   0.411796
1466   0.428328
1467   0.444924
1468   0.461662
1469   0.477388
1470   0.491451
1471   0.502785
1472   0.509625
1473   0.511819
1474   0.506422
1475   0.49529
1476   0.47876
1477   0.458819
1478   0.436318
1479   0.412216
1480   0.38715
1481   0.361411
1482   0.335475
1483   0.309304
1484   0.2833
1485   0.257274
1486   0.231606
1487   0.206037
1488   0.180965
1489   0.1561
1490   0.131878
1491   0.107993
1492   0.0849425
1493   0.062406
1494   0.0409588
1495   0.0202593
1496   0.000982729
1497   -0.017249
1498   -0.0336407
1499   -0.048636
1500   -0.0613169
1501   -0.072253
1502   -0.0804633
1503   -0.0867673
1504   -0.0903242
1505   0.353007
1506   0.365765
1507   0.379291
1508   0.393499
1509   0.408207
1510   0.423242
1511   0.437917
1512   0.452128
1513   0.464496
1514   0.475097
1515   0.481858
1516   0.485093
1517   0.48282
1518   0.475378
1519   0.463578
1520   0.447776
1521   0.429661
1522   0.409045
1523   0.387535
1524   0.364514
1525   0.341375
1526   0.317286
1527   0.29348
1528   0.269043
1529   0.245105
1530   0.220743
1531   0.197022
1532   0.173049
1533   0.149845
1534   0.126578
1535   0.104228
1536   0.0820447
1537   0.0609665
1538   0.0403516
1539   0.021084
1540   0.00265791
1541   -0.0141137
1542   -0.0295759
1543   -0.0430214
1544   -0.0546413
1545   -0.0639126
1546   -0.0709954
1547   -0.0757414
1548   0.338426
1549   0.350255
1550   0.362816
1551   0.375698
1552   0.389105
1553   0.402501
1554   0.415778
1555   0.428357
1556   0.439697
1557   0.449286
1558   0.456065
1559   0.459805
1560   0.459186
1561   0.454624
1562   0.445924
1563   0.433962
1564   0.419158
1565   0.402204
1566   0.383597
1567   0.363694
1568   0.342925
1569   0.321397
1570   0.299481
1571   0.277127
1572   0.254682
1573   0.232009
1574   0.209456
1575   0.18684
1576   0.164528
1577   0.142313
1578   0.120604
1579   0.0991716
1580   0.0784855
1581   0.0582957
1582   0.039157
1583   0.020788
1584   0.00386264
1585   -0.0119545
1586   -0.0258344
1587   -0.0382199
1588   -0.0481356
1589   -0.0562697
1590   -0.0616996
1591   0.324274
1592   0.335401
1593   0.346909
1594   0.358747
1595   0.37076
1596   0.382877
1597   0.394607
1598   0.405943
1599   0.415988
1600   0.424822
1601   0.431217
1602   0.435287
1603   0.43595
1604   0.433297
1605   0.427333
1606   0.418167
1607   0.406596
1608   0.392507
1609   0.376986
1610   0.359624
1611   0.341561
1612   0.322157
1613   0.302538
1614   0.28192
1615   0.261406
1616   0.240138
1617   0.219199
1618   0.197708
1619   0.176731
1620   0.155399
1621   0.134756
1622   0.113978
1623   0.0940813
1624   0.0743105
1625   0.0556469
1626   0.0374395
1627   0.0206137
1628   0.00467187
1629   -0.00954887
1630   -0.0223442
1631   -0.0330374
1632   -0.0417677
1633   -0.0482373
1634   0.310514
1635   0.320876
1636   0.331549
1637   0.342348
1638   0.353303
1639   0.364161
1640   0.37477
1641   0.38484
1642   0.39399
1643   0.401929
1644   0.408048
1645   0.41213
1646   0.41353
1647   0.412253
1648   0.408076
1649   0.401275
1650   0.392016
1651   0.380631
1652   0.367452
1653   0.352715
1654   0.336774
1655   0.319739
1656   0.301947
1657   0.283405
1658   0.26443
1659   0.24496
1660   0.225306
1661   0.205362
1662   0.185448
1663   0.165431
1664   0.14565
1665   0.125956
1666   0.106722
1667   0.087784
1668   0.0695692
1669   0.0518922
1670   0.0352671
1671   0.0194705
1672   0.00515824
1673   -0.00797152
1674   -0.0190511
1675   -0.0285818
1676   -0.0355616
1677   0.297149
1678   0.306858
1679   0.316693
1680   0.326623
1681   0.336518
1682   0.346363
1683   0.35581
1684   0.364901
1685   0.373037
1686   0.380311
1687   0.385949
1688   0.390035
1689   0.391892
1690   0.391552
1691   0.388831
1692   0.38371
1693   0.37654
1694   0.367163
1695   0.356287
1696   0.343553
1697   0.329862
1698   0.31466
1699   0.298945
1700   0.282012
1701   0.264907
1702   0.246825
1703   0.228838
1704   0.210081
1705   0.191643
1706   0.172632
1707   0.154142
1708   0.135284
1709   0.117147
1710   0.0988713
1711   0.0815304
1712   0.0643195
1713   0.0482818
1714   0.0327119
1715   0.0185905
1716   0.00539182
1717   -0.00603146
1718   -0.0159116
1719   -0.0237181
1720   0.284164
1721   0.293226
1722   0.302352
1723   0.311467
1724   0.320525
1725   0.329414
1726   0.337992
1727   0.346113
1728   0.353519
1729   0.360037
1730   0.365314
1731   0.369174
1732   0.371272
1733   0.371502
1734   0.369702
1735   0.365891
1736   0.360133
1737   0.352521
1738   0.34327
1739   0.332475
1740   0.320414
1741   0.307141
1742   0.29295
1743   0.277844
1744   0.262116
1745   0.245727
1746   0.228964
1747   0.21176
1748   0.194401
1749   0.176801
1750   0.159254
1751   0.141663
1752   0.124334
1753   0.107166
1754   0.0904859
1755   0.0741897
1756   0.0586382
1757   0.043718
1758   0.0298573
1759   0.016904
1760   0.00543758
1761   -0.00482766
1762   -0.0129197
1763   0.271557
1764   0.280028
1765   0.288481
1766   0.296893
1767   0.30515
1768   0.313268
1769   0.320977
1770   0.328358
1771   0.334971
1772   0.340938
1773   0.345713
1774   0.349407
1775   0.351534
1776   0.352133
1777   0.351
1778   0.34807
1779   0.343512
1780   0.337123
1781   0.329401
1782   0.319975
1783   0.309583
1784   0.297687
1785   0.28518
1786   0.271383
1787   0.257286
1788   0.242106
1789   0.226892
1790   0.210789
1791   0.194883
1792   0.178278
1793   0.162082
1794   0.145378
1795   0.129289
1796   0.112894
1797   0.0973257
1798   0.0816713
1799   0.0670685
1800   0.0526274
1801   0.0394817
1802   0.0267898
1803   0.0156469
1804   0.00535398
1805   -0.00322012
1806   0.259325
1807   0.26724
1808   0.275105
1809   0.282877
1810   0.290498
1811   0.297898
1812   0.304969
1813   0.311612
1814   0.317663
1815   0.322995
1816   0.327402
1817   0.330742
1818   0.332823
1819   0.333527
1820   0.332746
1821   0.330428
1822   0.326583
1823   0.321226
1824   0.314461
1825   0.306342
1826   0.297028
1827   0.286579
1828   0.27518
1829   0.262878
1830   0.249863
1831   0.236169
1832   0.221983
1833   0.207326
1834   0.192382
1835   0.177164
1836   0.161856
1837   0.146466
1838   0.131182
1839   0.116015
1840   0.101155
1841   0.0866204
1842   0.0726078
1843   0.0591443
1844   0.0464361
1845   0.0345224
1846   0.0236174
1847   0.0137746
1848   0.00518881
