##### Y Mean #####
0   0.00469281
1   -0.0281055
2   -0.0665839
3   -0.109192
4   -0.155078
5   -0.202317
6   -0.250231
7   -0.296949
8   -0.341846
9   -0.382623
10   -0.419776
11   -0.452474
12   -0.481254
13   -0.505771
14   -0.526331
15   -0.54281
16   -0.555404
17   -0.564105
18   -0.569212
19   -0.570917
20   -0.569521
21   -0.565359
22   -0.558625
23   -0.549684
24   -0.538733
25   -0.526205
26   -0.512331
27   -0.497574
28   -0.482097
29   -0.466265
30   -0.450176
31   -0.434083
32   -0.418026
33   -0.40215
34   -0.386463
35   -0.371038
36   -0.355877
37   -0.34102
38   -0.326473
39   -0.312261
40   -0.298398
41   -0.2849
42   -0.271781
43   0.0357853
44   0.00254462
45   -0.0393119
46   -0.0840356
47   -0.13537
48   -0.185267
49   -0.239369
50   -0.288688
51   -0.340781
52   -0.383166
53   -0.42584
54   -0.460389
55   -0.493284
56   -0.519779
57   -0.543302
58   -0.561464
59   -0.576123
60   -0.585939
61   -0.592257
62   -0.594685
63   -0.593698
64   -0.589951
65   -0.582961
66   -0.573972
67   -0.562167
68   -0.549158
69   -0.534007
70   -0.518545
71   -0.501676
72   -0.485023
73   -0.467598
74   -0.450659
75   -0.433433
76   -0.416739
77   -0.400058
78   -0.383856
79   -0.367841
80   -0.35225
81   -0.336956
82   -0.322064
83   -0.30754
84   -0.293424
85   -0.27972
86   0.0725303
87   0.0415616
88   -0.0011831
89   -0.0486239
90   -0.102305
91   -0.156638
92   -0.212947
93   -0.26705
94   -0.321082
95   -0.370945
96   -0.416945
97   -0.458003
98   -0.494638
99   -0.526044
100   -0.552926
101   -0.574415
102   -0.591488
103   -0.603822
104   -0.612026
105   -0.616318
106   -0.616804
107   -0.613946
108   -0.60772
109   -0.598662
110   -0.586886
111   -0.573062
112   -0.557387
113   -0.540637
114   -0.522902
115   -0.504763
116   -0.486296
117   -0.467917
118   -0.449657
119   -0.43171
120   -0.414075
121   -0.396816
122   -0.379937
123   -0.363455
124   -0.347386
125   -0.331735
126   -0.316528
127   -0.301762
128   -0.287464
129   0.113646
130   0.0835294
131   0.0414361
132   -0.00712361
133   -0.0638637
134   -0.120123
135   -0.18021
136   -0.236467
137   -0.293978
138   -0.347223
139   -0.399646
140   -0.444032
141   -0.487743
142   -0.521779
143   -0.555338
144   -0.578911
145   -0.60092
146   -0.615741
147   -0.627381
148   -0.634367
149   -0.63709
150   -0.636212
151   -0.630991
152   -0.622827
153   -0.611008
154   -0.597235
155   -0.580656
156   -0.563402
157   -0.544282
158   -0.525167
159   -0.505123
160   -0.48562
161   -0.465925
162   -0.446895
163   -0.428045
164   -0.4098
165   -0.391904
166   -0.374547
167   -0.357623
168   -0.341209
169   -0.32528
170   -0.30986
171   -0.294954
172   0.158502
173   0.133079
174   0.090999
175   0.0426082
176   -0.0156003
177   -0.074665
178   -0.136637
179   -0.196369
180   -0.256325
181   -0.313094
182   -0.367569
183   -0.417271
184   -0.463107
185   -0.503701
186   -0.540005
187   -0.571283
188   -0.597554
189   -0.618965
190   -0.635422
191   -0.646883
192   -0.653649
193   -0.655199
194   -0.652428
195   -0.645367
196   -0.634652
197   -0.621143
198   -0.604765
199   -0.586614
200   -0.566783
201   -0.546065
202   -0.5248
203   -0.503577
204   -0.482636
205   -0.462103
206   -0.442123
207   -0.422638
208   -0.403755
209   -0.385384
210   -0.367614
211   -0.35037
212   -0.333725
213   -0.317623
214   -0.302123
215   0.205163
216   0.181095
217   0.141677
218   0.0927669
219   0.0340692
220   -0.0263281
221   -0.0903414
222   -0.15198
223   -0.21417
224   -0.272827
225   -0.32976
226   -0.382046
227   -0.431228
228   -0.475192
229   -0.516057
230   -0.551423
231   -0.584916
232   -0.609819
233   -0.634657
234   -0.648402
235   -0.662957
236   -0.666022
237   -0.668455
238   -0.663181
239   -0.654726
240   -0.643019
241   -0.626974
242   -0.609237
243   -0.588295
244   -0.566724
245   -0.543738
246   -0.52132
247   -0.498784
248   -0.477044
249   -0.455721
250   -0.435147
251   -0.415159
252   -0.395854
253   -0.377177
254   -0.359147
255   -0.341758
256   -0.325006
257   -0.308895
258   0.253055
259   0.235411
260   0.195862
261   0.148077
262   0.0886294
263   0.0268135
264   -0.038416
265   -0.102317
266   -0.166176
267   -0.2271
268   -0.285879
269   -0.340681
270   -0.392038
271   -0.438951
272   -0.482111
273   -0.520792
274   -0.556003
275   -0.586233
276   -0.612581
277   -0.633802
278   -0.650823
279   -0.663182
280   -0.670203
281   -0.672736
282   -0.669443
283   -0.661219
284   -0.648065
285   -0.630236
286   -0.609267
287   -0.586415
288   -0.562414
289   -0.538214
290   -0.514495
291   -0.49117
292   -0.468738
293   -0.446898
294   -0.425954
295   -0.405642
296   -0.386156
297   -0.367315
298   -0.349251
299   -0.331838
300   -0.315174
301   0.299805
302   0.283646
303   0.248482
304   0.20114
305   0.142404
306   0.0802016
307   0.0139679
308   -0.0510389
309   -0.116487
310   -0.17874
311   -0.239356
312   -0.295677
313   -0.349137
314   -0.397786
315   -0.443121
316   -0.483645
317   -0.520708
318   -0.553482
319   -0.582467
320   -0.607401
321   -0.628947
322   -0.646128
323   -0.66157
324   -0.668239
325   -0.675283
326   -0.669093
327   -0.663201
328   -0.646021
329   -0.62617
330   -0.603641
331   -0.578538
332   -0.553692
333   -0.52855
334   -0.504175
335   -0.480523
336   -0.457717
337   -0.435781
338   -0.414646
339   -0.394346
340   -0.374816
341   -0.356079
342   -0.338093
343   -0.320867
344   0.344768
345   0.337218
346   0.302471
347   0.257343
348   0.199248
349   0.135998
350   0.069458
351   0.00291454
352   -0.0634907
353   -0.127464
354   -0.18928
355   -0.247386
356   -0.302172
357   -0.352655
358   -0.3994
359   -0.441761
360   -0.480509
361   -0.515197
362   -0.546311
363   -0.573673
364   -0.597612
365   -0.617919
366   -0.63523
367   -0.648044
368   -0.657106
369   -0.661037
370   -0.659021
371   -0.652212
372   -0.636839
373   -0.616626
374   -0.592507
375   -0.566312
376   -0.540574
377   -0.514908
378   -0.490567
379   -0.466824
380   -0.444238
381   -0.422354
382   -0.401467
383   -0.38131
384   -0.362053
385   -0.343528
386   -0.325849
387   0.384752
388   0.377532
389   0.352645
390   0.311078
391   0.25488
392   0.191733
393   0.1244
394   0.0571902
395   -0.0103945
396   -0.0752972
397   -0.138482
398   -0.197637
399   -0.253866
400   -0.305497
401   -0.353685
402   -0.397323
403   -0.437479
404   -0.473568
405   -0.506249
406   -0.535239
407   -0.560955
408   -0.58315
409   -0.6021
410   -0.617968
411   -0.630144
412   -0.638955
413   -0.644372
414   -0.642672
415   -0.639083
416   -0.62093
417   -0.600909
418   -0.57512
419   -0.54905
420   -0.523108
421   -0.498257
422   -0.474096
423   -0.451
424   -0.428681
425   -0.407309
426   -0.38674
427   -0.36703
428   -0.348118
429   -0.330011
430   0.421094
431   0.419682
432   0.399194
433   0.366422
434   0.310227
435   0.247033
436   0.180049
437   0.112031
438   0.0440133
439   -0.0221114
440   -0.0860583
441   -0.146559
442   -0.203684
443   -0.256673
444   -0.305854
445   -0.350828
446   -0.392088
447   -0.429442
448   -0.463309
449   -0.493586
450   -0.520612
451   -0.544261
452   -0.565008
453   -0.582663
454   -0.597324
455   -0.608774
456   -0.616839
457   -0.620517
458   -0.619919
459   -0.6136
460   -0.597098
461   -0.576596
462   -0.552187
463   -0.52674
464   -0.502463
465   -0.478419
466   -0.455388
467   -0.432976
468   -0.411483
469   -0.390709
470   -0.370782
471   -0.351593
472   -0.333214
473   0.453338
474   0.454045
475   0.441267
476   0.411495
477   0.361512
478   0.300393
479   0.233803
480   0.165938
481   0.0973173
482   0.0307259
483   -0.0342003
484   -0.0953916
485   -0.153596
486   -0.207381
487   -0.257637
488   -0.303486
489   -0.345766
490   -0.38404
491   -0.418898
492   -0.450204
493   -0.47828
494   -0.503238
495   -0.525157
496   -0.544459
497   -0.560623
498   -0.574198
499   -0.584125
500   -0.591149
501   -0.593573
502   -0.592349
503   -0.585323
504   -0.568868
505   -0.549539
506   -0.526068
507   -0.50307
508   -0.47976
509   -0.457242
510   -0.435147
511   -0.413824
512   -0.393129
513   -0.373165
514   -0.353895
515   -0.335342
516   0.482128
517   0.48739
518   0.479823
519   0.459843
520   0.41052
521   0.351466
522   0.286469
523   0.218877
524   0.150464
525   0.0831986
526   0.017934
527   -0.0442344
528   -0.102986
529   -0.157809
530   -0.208725
531   -0.255587
532   -0.298607
533   -0.337834
534   -0.373516
535   -0.405778
536   -0.434854
537   -0.46089
538   -0.484106
539   -0.504616
540   -0.522397
541   -0.537477
542   -0.549595
543   -0.55874
544   -0.564264
545   -0.566207
546   -0.562686
547   -0.554048
548   -0.537968
549   -0.519155
550   -0.498377
551   -0.477155
552   -0.45579
553   -0.434695
554   -0.413951
555   -0.393712
556   -0.373975
557   -0.354838
558   -0.336274
559   0.507135
560   0.515316
561   0.513582
562   0.49568
563   0.454901
564   0.399696
565   0.336557
566   0.270079
567   0.201746
568   0.134559
569   0.0687211
570   0.0062519
571   -0.0532742
572   -0.108568
573   -0.160296
574   -0.207732
575   -0.251543
576   -0.291434
577   -0.327902
578   -0.360973
579   -0.390903
580   -0.41798
581   -0.442168
582   -0.46397
583   -0.482919
584   -0.499656
585   -0.51328
586   -0.524582
587   -0.532125
588   -0.53673
589   -0.536278
590   -0.531662
591   -0.521383
592   -0.506556
593   -0.489443
594   -0.470616
595   -0.451253
596   -0.431502
597   -0.411837
598   -0.392318
599   -0.373114
600   -0.354292
601   -0.335915
602   0.528452
603   0.540148
604   0.54361
605   0.535687
606   0.496682
607   0.4456
608   0.385024
609   0.319673
610   0.252112
611   0.18474
612   0.119015
613   0.0559194
614   -0.00379375
615   -0.0598552
616   -0.111943
617   -0.160173
618   -0.204475
619   -0.245158
620   -0.282262
621   -0.316171
622   -0.346939
623   -0.374966
624   -0.400245
625   -0.423147
626   -0.443475
627   -0.461562
628   -0.476944
629   -0.489956
630   -0.499685
631   -0.506546
632   -0.508938
633   -0.507777
634   -0.50085
635   -0.490429
636   -0.476444
637   -0.460773
638   -0.443527
639   -0.425735
640   -0.407365
641   -0.388992
642   -0.370502
643   -0.352283
644   -0.334205
645   0.54591
646   0.560531
647   0.568323
648   0.562221
649   0.534053
650   0.4885
651   0.430913
652   0.367269
653   0.300284
654   0.233524
655   0.167618
656   0.104644
657   0.0444415
658   -0.0117683
659   -0.0644557
660   -0.113007
661   -0.157946
662   -0.199105
663   -0.236893
664   -0.271464
665   -0.303015
666   -0.331928
667   -0.35813
668   -0.382159
669   -0.403604
670   -0.42309
671   -0.439859
672   -0.454553
673   -0.46606
674   -0.474927
675   -0.479831
676   -0.481166
677   -0.477999
678   -0.470865
679   -0.460528
680   -0.447665
681   -0.433101
682   -0.417277
683   -0.400668
684   -0.383541
685   -0.366115
686   -0.348592
687   -0.331091
688   0.559454
689   0.57646
690   0.588772
691   0.591854
692   0.568101
693   0.530404
694   0.47533
695   0.412997
696   0.347305
697   0.280735
698   0.215436
699   0.152148
700   0.0921236
701   0.0353773
702   -0.0173906
703   -0.0665604
704   -0.111773
705   -0.153604
706   -0.191865
707   -0.227193
708   -0.259443
709   -0.289242
710   -0.316387
711   -0.34146
712   -0.364096
713   -0.38483
714   -0.403042
715   -0.419242
716   -0.432451
717   -0.443222
718   -0.450169
719   -0.454087
720   -0.45347
721   -0.449703
722   -0.442182
723   -0.43243
724   -0.420233
725   -0.406774
726   -0.391868
727   -0.376358
728   -0.360022
729   -0.343509
730   -0.326595
731   0.569216
732   0.588687
733   0.603698
734   0.608997
735   0.597868
736   0.566824
737   0.516639
738   0.456695
739   0.39203
740   0.326678
741   0.26155
742   0.19879
743   0.138509
744   0.0819128
745   0.0287245
746   -0.0205289
747   -0.0662439
748   -0.108365
749   -0.147219
750   -0.18306
751   -0.216029
752   -0.246576
753   -0.274595
754   -0.300641
755   -0.324331
756   -0.346246
757   -0.365729
758   -0.383306
759   -0.39809
760   -0.410471
761   -0.419494
762   -0.425421
763   -0.427613
764   -0.426418
765   -0.421981
766   -0.414805
767   -0.405316
768   -0.393977
769   -0.381137
770   -0.367156
771   -0.352246
772   -0.33671
773   -0.32071
774   0.575114
775   0.596283
776   0.61442
777   0.625555
778   0.622519
779   0.605167
780   0.556334
781   0.497802
782   0.435536
783   0.370826
784   0.306822
785   0.244001
786   0.184224
787   0.127285
788   0.0742841
789   0.0245777
790   -0.0211907
791   -0.0638555
792   -0.103006
793   -0.139509
794   -0.173028
795   -0.204382
796   -0.233194
797   -0.260205
798   -0.284906
799   -0.307958
800   -0.328643
801   -0.347566
802   -0.363747
803   -0.377792
804   -0.38849
805   -0.396582
806   -0.400862
807   -0.402372
808   -0.400318
809   -0.395913
810   -0.388672
811   -0.379729
812   -0.368708
813   -0.356569
814   -0.342958
815   -0.328716
816   -0.313522
817   0.577299
818   0.600178
819   0.620996
820   0.636439
821   0.642393
822   0.629538
823   0.591004
824   0.537282
825   0.476885
826   0.414026
827   0.350463
828   0.288495
829   0.228652
830   0.172146
831   0.118905
832   0.0693625
833   0.023246
834   -0.0195109
835   -0.0591386
836   -0.0959973
837   -0.13015
838   -0.16211
839   -0.191723
840   -0.219559
841   -0.24523
842   -0.26929
843   -0.291137
844   -0.311238
845   -0.328838
846   -0.344276
847   -0.356784
848   -0.366607
849   -0.373197
850   -0.376835
851   -0.37739
852   -0.375238
853   -0.370509
854   -0.363601
855   -0.354702
856   -0.344179
857   -0.332189
858   -0.319087
859   -0.305054
860   0.575975
861   0.599598
862   0.623397
863   0.643084
864   0.657125
865   0.658611
866   0.62243
867   0.57318
868   0.516392
869   0.454989
870   0.392958
871   0.331227
872   0.272216
873   0.215598
874   0.162842
875   0.113047
876   0.0671219
877   0.023981
878   -0.0157555
879   -0.0531553
880   -0.0877053
881   -0.120374
882   -0.150636
883   -0.179342
884   -0.20587
885   -0.230962
886   -0.25384
887   -0.275165
888   -0.29398
889   -0.310922
890   -0.324898
891   -0.336617
892   -0.345003
893   -0.350934
894   -0.353536
895   -0.353826
896   -0.351137
897   -0.346507
898   -0.339388
899   -0.330769
900   -0.320162
901   -0.308521
902   -0.295437
903   0.571621
904   0.596633
905   0.622224
906   0.646216
907   0.665875
908   0.670184
909   0.648432
910   0.606622
911   0.55338
912   0.494596
913   0.433492
914   0.373093
915   0.314332
916   0.258527
917   0.205785
918   0.156448
919   0.110373
920   0.067354
921   0.0272854
922   -0.0103128
923   -0.0453878
924   -0.0785329
925   -0.109503
926   -0.138907
927   -0.166313
928   -0.192282
929   -0.21622
930   -0.238591
931   -0.2587
932   -0.276896
933   -0.292491
934   -0.305747
935   -0.31613
936   -0.323895
937   -0.328762
938   -0.331029
939   -0.330624
940   -0.327876
941   -0.322821
942   -0.315797
943   -0.306889
944   -0.296464
945   -0.284703
946   0.56435
947   0.589161
948   0.616906
949   0.64303
950   0.668849
951   0.685715
952   0.669466
953   0.637315
954   0.588078
955   0.531393
956   0.472432
957   0.412697
958   0.355273
959   0.299679
960   0.247803
961   0.198469
962   0.152858
963   0.109648
964   0.0696598
965   0.0316655
966   -0.00366481
967   -0.0373988
968   -0.0688915
969   -0.0990552
970   -0.127191
971   -0.154081
972   -0.178921
973   -0.202401
974   -0.223596
975   -0.243155
976   -0.260065
977   -0.27501
978   -0.286976
979   -0.296746
980   -0.303406
981   -0.307846
982   -0.309277
983   -0.30865
984   -0.305279
985   -0.300137
986   -0.292618
987   -0.283739
988   -0.273009
989   0.554759
990   0.580456
991   0.60848
992   0.637303
993   0.664986
994   0.6839
995   0.685059
996   0.662003
997   0.61899
998   0.566106
999   0.508824
1000   0.451185
1001   0.394462
1002   0.340159
1003   0.288623
1004   0.24007
1005   0.19455
1006   0.151673
1007   0.111526
1008   0.0734759
1009   0.0377543
1010   0.0036613
1011   -0.0284197
1012   -0.0591683
1013   -0.0880644
1014   -0.115716
1015   -0.141495
1016   -0.165906
1017   -0.18826
1018   -0.208949
1019   -0.227302
1020   -0.243619
1021   -0.25734
1022   -0.268722
1023   -0.277379
1024   -0.283569
1025   -0.287075
1026   -0.288168
1027   -0.286761
1028   -0.283148
1029   -0.27734
1030   -0.269698
1031   -0.260386
1032   0.542838
1033   0.567563
1034   0.596452
1035   0.62554
1036   0.655915
1037   0.680543
1038   0.691189
1039   0.686613
1040   0.647038
1041   0.596925
1042   0.543202
1043   0.486729
1044   0.431987
1045   0.378253
1046   0.328012
1047   0.279764
1048   0.234987
1049   0.19215
1050   0.152262
1051   0.113996
1052   0.0781533
1053   0.0436292
1054   0.0111516
1055   -0.0202043
1056   -0.0496999
1057   -0.0781232
1058   -0.104673
1059   -0.130043
1060   -0.153348
1061   -0.175235
1062   -0.194752
1063   -0.212554
1064   -0.227669
1065   -0.240814
1066   -0.251053
1067   -0.259186
1068   -0.264342
1069   -0.267398
1070   -0.267557
1071   -0.265767
1072   -0.261316
1073   -0.25525
1074   -0.247006
1075   0.529178
1076   0.55395
1077   0.581789
1078   0.611588
1079   0.642377
1080   0.670087
1081   0.690721
1082   0.692131
1083   0.668015
1084   0.625272
1085   0.574415
1086   0.520771
1087   0.467162
1088   0.415211
1089   0.365699
1090   0.318558
1091   0.274169
1092   0.231859
1093   0.192032
1094   0.15385
1095   0.117804
1096   0.0830514
1097   0.0501661
1098   0.0183642
1099   -0.011712
1100   -0.0407518
1101   -0.0680608
1102   -0.0942131
1103   -0.118493
1104   -0.141354
1105   -0.162108
1106   -0.181105
1107   -0.197741
1108   -0.212294
1109   -0.22429
1110   -0.233971
1111   -0.241004
1112   -0.245624
1113   -0.247631
1114   -0.247283
1115   -0.244516
1116   -0.239675
1117   -0.232898
1118   0.51391
1119   0.536988
1120   0.56453
1121   0.592985
1122   0.62453
1123   0.653467
1124   0.681164
1125   0.69906
1126   0.681191
1127   0.648046
1128   0.601727
1129   0.550204
1130   0.499385
1131   0.448584
1132   0.400886
1133   0.354479
1134   0.311125
1135   0.269176
1136   0.229795
1137   0.191664
1138   0.155662
1139   0.120728
1140   0.0876193
1141   0.0554528
1142   0.0249586
1143   -0.00461793
1144   -0.0325143
1145   -0.0593983
1146   -0.0844453
1147   -0.108276
1148   -0.130004
1149   -0.150246
1150   -0.168073
1151   -0.184142
1152   -0.197515
1153   -0.208914
1154   -0.217419
1155   -0.223836
1156   -0.227288
1157   -0.22868
1158   -0.227214
1159   -0.223944
1160   -0.21824
1161   0.497742
1162   0.520332
1163   0.545999
1164   0.57408
1165   0.604311
1166   0.634777
1167   0.663622
1168   0.683642
1169   0.686635
1170   0.663098
1171   0.623306
1172   0.576481
1173   0.527896
1174   0.479695
1175   0.433371
1176   0.388453
1177   0.345924
1178   0.304728
1179   0.265755
1180   0.227905
1181   0.192017
1182   0.157066
1183   0.123855
1184   0.0914653
1185   0.0606854
1186   0.0307171
1187   0.002344
1188   -0.0251025
1189   -0.0508507
1190   -0.0754388
1191   -0.0981321
1192   -0.119349
1193   -0.138425
1194   -0.155681
1195   -0.170557
1196   -0.183301
1197   -0.193478
1198   -0.201299
1199   -0.206465
1200   -0.2092
1201   -0.209366
1202   -0.207284
1203   -0.20306
1204   0.480811
1205   0.50149
1206   0.526218
1207   0.552166
1208   0.581651
1209   0.610523
1210   0.64046
1211   0.664462
1212   0.675633
1213   0.673318
1214   0.639094
1215   0.59575
1216   0.551582
1217   0.50537
1218   0.461537
1219   0.418026
1220   0.376901
1221   0.336602
1222   0.298363
1223   0.26103
1224   0.225472
1225   0.190767
1226   0.157624
1227   0.125263
1228   0.094352
1229   0.0642098
1230   0.0355238
1231   0.00768255
1232   -0.0185713
1233   -0.0438103
1234   -0.0672242
1235   -0.0893792
1236   -0.109402
1237   -0.127886
1238   -0.143911
1239   -0.158125
1240   -0.169583
1241   -0.179019
1242   -0.185495
1243   -0.189865
1244   -0.191258
1245   -0.190713
1246   -0.187542
1247   0.463704
1248   0.483642
1249   0.5062
1250   0.53099
1251   0.557912
1252   0.585855
1253   0.613581
1254   0.638355
1255   0.656292
1256   0.659282
1257   0.645212
1258   0.609772
1259   0.56969
1260   0.526869
1261   0.485414
1262   0.44388
1263   0.404336
1264   0.365185
1265   0.32798
1266   0.291322
1267   0.256433
1268   0.222097
1269   0.18935
1270   0.157135
1271   0.126386
1272   0.0961934
1273   0.0674385
1274   0.039351
1275   0.0127738
1276   -0.0129254
1277   -0.0369491
1278   -0.0597969
1279   -0.0807359
1280   -0.100144
1281   -0.117375
1282   -0.132705
1283   -0.145598
1284   -0.15626
1285   -0.164293
1286   -0.169891
1287   -0.172836
1288   -0.173421
1289   -0.171712
1290   0.446476
1291   0.464632
1292   0.485949
1293   0.508347
1294   0.53357
1295   0.558656
1296   0.584887
1297   0.607855
1298   0.628342
1299   0.640497
1300   0.632473
1301   0.612738
1302   0.578316
1303   0.539711
1304   0.501911
1305   0.463239
1306   0.425762
1307   0.38853
1308   0.352629
1309   0.317298
1310   0.28326
1311   0.24984
1312   0.217629
1313   0.186012
1314   0.155551
1315   0.125682
1316   0.0969923
1317   0.0689571
1318   0.0422209
1319   0.0162832
1320   -0.00813781
1321   -0.0315398
1322   -0.0531242
1323   -0.0734103
1324   -0.0915213
1325   -0.108026
1326   -0.121981
1327   -0.134039
1328   -0.143224
1329   -0.150322
1330   -0.154401
1331   -0.156461
1332   -0.155761
1333   0.429516
1334   0.446858
1335   0.466129
1336   0.487073
1337   0.509531
1338   0.532848
1339   0.555943
1340   0.57802
1341   0.596361
1342   0.609863
1343   0.612265
1344   0.599749
1345   0.577983
1346   0.545217
1347   0.512216
1348   0.476562
1349   0.442102
1350   0.40689
1351   0.373092
1352   0.339172
1353   0.306644
1354   0.274209
1355   0.24308
1356   0.212128
1357   0.182411
1358   0.152941
1359   0.124694
1360   0.0968135
1361   0.0702201
1362   0.0441902
1363   0.0195942
1364   -0.00415764
1365   -0.0262542
1366   -0.0471503
1367   -0.0661107
1368   -0.0834608
1369   -0.0985643
1370   -0.111639
1371   -0.122184
1372   -0.13037
1373   -0.135891
1374   -0.139
1375   -0.139715
1376   0.412802
1377   0.428665
1378   0.446695
1379   0.46553
1380   0.486213
1381   0.506915
1382   0.528184
1383   0.547778
1384   0.565342
1385   0.578191
1386   0.583495
1387   0.580309
1388   0.56367
1389   0.540342
1390   0.512216
1391   0.48198
1392   0.450754
1393   0.419014
1394   0.387456
1395   0.355945
1396   0.325008
1397   0.294314
1398   0.264323
1399   0.234638
1400   0.205716
1401   0.177141
1402   0.149402
1403   0.122085
1404   0.095735
1405   0.0699424
1406   0.0453248
1407   0.0214677
1408   -0.000922613
1409   -0.0222822
1410   -0.0418053
1411   -0.0599721
1412   -0.075875
1413   -0.0900731
1414   -0.101579
1415   -0.111092
1416   -0.117625
1417   -0.122119
1418   -0.12377
1419   0.396533
1420   0.411599
1421   0.42793
1422   0.445369
1423   0.463724
1424   0.482644
1425   0.501227
1426   0.519164
1427   0.534391
1428   0.546822
1429   0.552687
1430   0.553049
1431   0.544134
1432   0.527239
1433   0.505926
1434   0.480493
1435   0.453935
1436   0.425483
1437   0.397203
1438   0.368014
1439   0.339472
1440   0.31046
1441   0.282261
1442   0.253805
1443   0.226226
1444   0.19853
1445   0.171768
1446   0.145034
1447   0.119324
1448   0.0938375
1449   0.0695222
1450   0.0456948
1451   0.0232503
1452   0.00163791
1453   -0.018313
1454   -0.0370086
1455   -0.0537065
1456   -0.0686697
1457   -0.0812815
1458   -0.0917075
1459   -0.0995325
1460   -0.104966
1461   -0.107955
1462   0.380647
1463   0.394539
1464   0.409755
1465   0.425502
1466   0.442298
1467   0.459117
1468   0.476028
1469   0.491888
1470   0.506041
1471   0.517435
1472   0.524311
1473   0.52652
1474   0.521137
1475   0.510004
1476   0.493449
1477   0.473441
1478   0.450823
1479   0.426544
1480   0.401236
1481   0.375186
1482   0.348869
1483   0.322246
1484   0.295721
1485   0.269105
1486   0.242786
1487   0.216504
1488   0.190668
1489   0.164987
1490   0.139914
1491   0.115142
1492   0.0911879
1493   0.0677295
1494   0.0453667
1495   0.0237542
1496   0.00359681
1497   -0.0154904
1498   -0.032677
1499   -0.0484179
1500   -0.0617548
1501   -0.0732753
1502   -0.0819562
1503   -0.0886473
1504   -0.0924721
1505   0.365224
1506   0.378356
1507   0.392226
1508   0.406742
1509   0.421721
1510   0.436986
1511   0.451853
1512   0.466214
1513   0.478701
1514   0.489382
1515   0.496205
1516   0.49947
1517   0.49722
1518   0.489778
1519   0.477958
1520   0.462095
1521   0.443881
1522   0.423108
1523   0.40139
1524   0.378091
1525   0.354619
1526   0.330122
1527   0.305853
1528   0.280878
1529   0.256354
1530   0.231334
1531   0.206916
1532   0.182184
1533   0.158196
1534   0.134095
1535   0.110901
1536   0.0878421
1537   0.0658976
1538   0.0444046
1539   0.0242896
1540   0.00502904
1541   -0.0125241
1542   -0.0287262
1543   -0.0428353
1544   -0.055048
1545   -0.0648157
1546   -0.072303
1547   -0.0773534
1548   0.350204
1549   0.362394
1550   0.375287
1551   0.388474
1552   0.40215
1553   0.415784
1554   0.429261
1555   0.442008
1556   0.453481
1557   0.463172
1558   0.470027
1559   0.473818
1560   0.47323
1561   0.468678
1562   0.459962
1563   0.447951
1564   0.433059
1565   0.41597
1566   0.397177
1567   0.37703
1568   0.355962
1569   0.334072
1570   0.311735
1571   0.288899
1572   0.265916
1573   0.242648
1574   0.219451
1575   0.19614
1576   0.173097
1577   0.150111
1578   0.127608
1579   0.105357
1580   0.0838467
1581   0.0628251
1582   0.0428707
1583   0.0236975
1584   0.00600903
1585   -0.0105379
1586   -0.0250782
1587   -0.0380677
1588   -0.0484894
1589   -0.0570562
1590   -0.062806
1591   0.335613
1592   0.347084
1593   0.358913
1594   0.371048
1595   0.383331
1596   0.395686
1597   0.407627
1598   0.419138
1599   0.429333
1600   0.438282
1601   0.444771
1602   0.448903
1603   0.449612
1604   0.446974
1605   0.441006
1606   0.431797
1607   0.420154
1608   0.405943
1609   0.390262
1610   0.37268
1611   0.354354
1612   0.334621
1613   0.314629
1614   0.29357
1615   0.272573
1616   0.250756
1617   0.229234
1618   0.207099
1619   0.185453
1620   0.1634
1621   0.142025
1622   0.120474
1623   0.0998082
1624   0.0792454
1625   0.05981
1626   0.0408278
1627   0.0232665
1628   0.00661089
1629   -0.00826338
1630   -0.0216617
1631   -0.0328759
1632   -0.0420488
1633   -0.0488684
1634   0.321415
1635   0.332105
1636   0.343087
1637   0.354174
1638   0.365393
1639   0.37649
1640   0.38731
1641   0.397564
1642   0.40687
1643   0.414937
1644   0.421159
1645   0.425317
1646   0.42677
1647   0.42552
1648   0.421344
1649   0.414511
1650   0.405188
1651   0.3937
1652   0.380376
1653   0.365445
1654   0.349265
1655   0.331938
1656   0.313806
1657   0.294868
1658   0.27545
1659   0.255484
1660   0.235291
1661   0.214761
1662   0.194225
1663   0.173547
1664   0.15308
1665   0.132672
1666   0.112713
1667   0.0930355
1668   0.0740861
1669   0.0556764
1670   0.0383432
1671   0.0218586
1672   0.00690674
1673   -0.00682213
1674   -0.0184233
1675   -0.0284152
1676   -0.0357539
1677   0.307615
1678   0.317635
1679   0.327766
1680   0.337974
1681   0.348128
1682   0.358207
1683   0.367867
1684   0.377143
1685   0.385443
1686   0.39285
1687   0.3986
1688   0.402768
1689   0.404688
1690   0.404379
1691   0.401669
1692   0.396523
1693   0.389302
1694   0.37983
1695   0.368829
1696   0.355918
1697   0.342017
1698   0.326547
1699   0.310528
1700   0.293231
1701   0.275729
1702   0.257188
1703   0.238714
1704   0.219414
1705   0.20041
1706   0.180782
1707   0.161664
1708   0.142137
1709   0.123332
1710   0.104358
1711   0.086334
1712   0.0684257
1713   0.0517209
1714   0.0354884
1715   0.0207518
1716   0.00696617
1717   -0.00497821
1718   -0.0153211
1719   -0.0235082
1720   0.294199
1721   0.303557
1722   0.312965
1723   0.322346
1724   0.331653
1725   0.340772
1726   0.349557
1727   0.357864
1728   0.365432
1729   0.372088
1730   0.377479
1731   0.381429
1732   0.383592
1733   0.383861
1734   0.382075
1735   0.378248
1736   0.372443
1737   0.364751
1738   0.355384
1739   0.344433
1740   0.332176
1741   0.318664
1742   0.304191
1743   0.288759
1744   0.272662
1745   0.255859
1746   0.238644
1747   0.220946
1748   0.203061
1749   0.1849
1750   0.166766
1751   0.148562
1752   0.130605
1753   0.112795
1754   0.0954697
1755   0.0785263
1756   0.062341
1757   0.0467987
1758   0.032347
1759   0.0188304
1760   0.00685376
1761   -0.00387777
1762   -0.0123514
1763   0.281169
1764   0.289919
1765   0.29864
1766   0.307306
1767   0.315802
1768   0.324139
1769   0.332052
1770   0.339613
1771   0.346388
1772   0.352491
1773   0.357383
1774   0.361166
1775   0.363363
1776   0.364002
1777   0.362889
1778   0.359945
1779   0.355351
1780   0.348886
1781   0.341062
1782   0.331491
1783   0.320924
1784   0.308805
1785   0.296045
1786   0.281943
1787   0.267515
1788   0.251949
1789   0.236326
1790   0.219762
1791   0.20338
1792   0.186249
1793   0.16952
1794   0.152241
1795   0.135579
1796   0.11858
1797   0.10242
1798   0.0861546
1799   0.0709673
1800   0.0559351
1801   0.0422392
1802   0.029006
1803   0.0173773
1804   0.00662746
1805   -0.00233774
1806   0.268521
1807   0.276699
1808   0.284816
1809   0.292829
1810   0.300676
1811   0.308287
1812   0.315551
1813   0.322369
1814   0.328576
1815   0.334041
1816   0.338562
1817   0.341992
1818   0.344141
1819   0.344888
1820   0.344126
1821   0.341799
1822   0.337919
1823   0.332495
1824   0.325633
1825   0.317382
1826   0.307903
1827   0.297252
1828   0.285615
1829   0.273037
1830   0.25971
1831   0.245667
1832   0.231097
1833   0.216022
1834   0.200631
1835   0.184935
1836   0.169126
1837   0.153214
1838   0.137392
1839   0.121673
1840   0.106257
1841   0.0911626
1842   0.0765977
1843   0.0625916
1844   0.0493604
1845   0.0369466
1846   0.0255752
1847   0.015303
1848   0.00633443
