##### Y Mean #####
0   0.00343816
1   -0.0281686
2   -0.0651832
3   -0.106075
4   -0.149985
5   -0.195021
6   -0.240524
7   -0.284723
8   -0.327061
9   -0.365464
10   -0.40039
11   -0.43109
12   -0.458062
13   -0.480992
14   -0.500179
15   -0.515512
16   -0.527197
17   -0.535234
18   -0.539915
19   -0.541413
20   -0.540027
21   -0.536053
22   -0.529694
23   -0.521276
24   -0.510994
25   -0.499234
26   -0.486214
27   -0.472351
28   -0.457804
29   -0.442899
30   -0.427736
31   -0.412542
32   -0.397365
33   -0.382336
34   -0.367471
35   -0.352839
36   -0.338447
37   -0.324333
38   -0.310508
39   -0.296997
40   -0.283813
41   -0.270975
42   -0.258495
43   0.0329747
44   0.000846827
45   -0.0395346
46   -0.082571
47   -0.131839
48   -0.179504
49   -0.230951
50   -0.277667
51   -0.326699
52   -0.366678
53   -0.406708
54   -0.439143
55   -0.469907
56   -0.494626
57   -0.51653
58   -0.533352
59   -0.546916
60   -0.555913
61   -0.561688
62   -0.563783
63   -0.56276
64   -0.5591
65   -0.552502
66   -0.543987
67   -0.532934
68   -0.520689
69   -0.506518
70   -0.491973
71   -0.476165
72   -0.460479
73   -0.444101
74   -0.428109
75   -0.411862
76   -0.396062
77   -0.380281
78   -0.364916
79   -0.349731
80   -0.334928
81   -0.320406
82   -0.306256
83   -0.292453
84   -0.279033
85   -0.266002
86   0.0679571
87   0.0379083
88   -0.00346312
89   -0.0492748
90   -0.10096
91   -0.153094
92   -0.206823
93   -0.258256
94   -0.309266
95   -0.356189
96   -0.399338
97   -0.437734
98   -0.471898
99   -0.501097
100   -0.526011
101   -0.545866
102   -0.561573
103   -0.572841
104   -0.580259
105   -0.584024
106   -0.58427
107   -0.581404
108   -0.575441
109   -0.566861
110   -0.55579
111   -0.542814
112   -0.528134
113   -0.512437
114   -0.495823
115   -0.478805
116   -0.461469
117   -0.444181
118   -0.426984
119   -0.41005
120   -0.39339
121   -0.377063
122   -0.36108
123   -0.345458
124   -0.330218
125   -0.315365
126   -0.300926
127   -0.2869
128   -0.273312
129   0.107178
130   0.0778187
131   0.036914
132   -0.0101639
133   -0.064986
134   -0.11917
135   -0.176741
136   -0.230393
137   -0.284929
138   -0.335078
139   -0.384226
140   -0.425708
141   -0.466322
142   -0.49793
143   -0.528867
144   -0.550604
145   -0.570763
146   -0.58422
147   -0.594718
148   -0.600842
149   -0.603094
150   -0.601952
151   -0.596885
152   -0.589069
153   -0.577961
154   -0.564994
155   -0.549512
156   -0.533337
157   -0.515493
158   -0.497587
159   -0.478848
160   -0.460541
161   -0.442062
162   -0.424144
163   -0.406391
164   -0.389167
165   -0.372262
166   -0.35584
167   -0.339818
168   -0.324263
169   -0.309158
170   -0.294525
171   -0.280372
172   0.150072
173   0.125099
174   0.0840204
175   0.0368684
176   -0.0196023
177   -0.0767521
178   -0.136336
179   -0.19355
180   -0.250541
181   -0.30423
182   -0.355419
183   -0.401915
184   -0.444568
185   -0.482172
186   -0.515624
187   -0.544279
188   -0.568227
189   -0.587597
190   -0.602353
191   -0.612485
192   -0.618297
193   -0.619351
194   -0.616448
195   -0.609611
196   -0.599452
197   -0.586729
198   -0.571404
199   -0.554451
200   -0.535967
201   -0.516656
202   -0.496828
203   -0.477007
204   -0.457414
205   -0.438166
206   -0.4194
207   -0.40107
208   -0.383275
209   -0.365942
210   -0.349151
211   -0.332842
212   -0.317081
213   -0.301821
214   -0.287116
215   0.194816
216   0.171041
217   0.132316
218   0.0844589
219   0.0272344
220   -0.0313827
221   -0.0932172
222   -0.152414
223   -0.21182
224   -0.267452
225   -0.321196
226   -0.3702
227   -0.416102
228   -0.45684
229   -0.494508
230   -0.526871
231   -0.557274
232   -0.579798
233   -0.602002
234   -0.614183
235   -0.62689
236   -0.629292
237   -0.631049
238   -0.62575
239   -0.61761
240   -0.606458
241   -0.591455
242   -0.574867
243   -0.555428
244   -0.535366
245   -0.514039
246   -0.493161
247   -0.472171
248   -0.451855
249   -0.431904
250   -0.412606
251   -0.393829
252   -0.375659
253   -0.358055
254   -0.341034
255   -0.324597
256   -0.308741
257   -0.293474
258   0.240874
259   0.223257
260   0.184212
261   0.137177
262   0.0790169
263   0.0187262
264   -0.0444636
265   -0.106119
266   -0.167288
267   -0.225359
268   -0.281003
269   -0.332607
270   -0.380656
271   -0.424296
272   -0.464166
273   -0.499667
274   -0.531717
275   -0.559042
276   -0.582646
277   -0.601461
278   -0.616351
279   -0.626929
280   -0.632678
281   -0.63434
282   -0.630743
283   -0.622728
284   -0.61029
285   -0.59367
286   -0.574227
287   -0.553071
288   -0.530862
289   -0.508444
290   -0.486419
291   -0.464725
292   -0.443801
293   -0.423395
294   -0.403772
295   -0.384713
296   -0.366385
297   -0.34864
298   -0.331591
299   -0.315137
300   -0.29936
301   0.285934
302   0.269685
303   0.234753
304   0.187993
305   0.130248
306   0.0694118
307   0.00495009
308   -0.057949
309   -0.120946
310   -0.180479
311   -0.23815
312   -0.291364
313   -0.34162
314   -0.387018
315   -0.42909
316   -0.466385
317   -0.500286
318   -0.529958
319   -0.556014
320   -0.578156
321   -0.597075
322   -0.611921
323   -0.625017
324   -0.630382
325   -0.635893
326   -0.629725
327   -0.623731
328   -0.607708
329   -0.589308
330   -0.568451
331   -0.545315
332   -0.522349
333   -0.499104
334   -0.476502
335   -0.454523
336   -0.433275
337   -0.412788
338   -0.393004
339   -0.373959
340   -0.355599
341   -0.337948
342   -0.320974
343   -0.304685
344   0.329349
345   0.321536
346   0.286871
347   0.242061
348   0.184789
349   0.12262
350   0.0576844
351   -0.00700785
352   -0.0711218
353   -0.132609
354   -0.191624
355   -0.246817
356   -0.298503
357   -0.345863
358   -0.389396
359   -0.428589
360   -0.464139
361   -0.495709
362   -0.523761
363   -0.548191
364   -0.569313
365   -0.587004
366   -0.601836
367   -0.612575
368   -0.619899
369   -0.6226
370   -0.620012
371   -0.613146
372   -0.598689
373   -0.579948
374   -0.557712
375   -0.533617
376   -0.509879
377   -0.48618
378   -0.463616
379   -0.441567
380   -0.420519
381   -0.400089
382   -0.380527
383   -0.361617
384   -0.343499
385   -0.326042
386   -0.30934
387   0.367941
388   0.360368
389   0.335412
390   0.294054
391   0.238413
392   0.176178
393   0.110159
394   0.0446199
395   -0.02095
396   -0.0835485
397   -0.144182
398   -0.200585
399   -0.253918
400   -0.302543
401   -0.347665
402   -0.388192
403   -0.425241
404   -0.458212
405   -0.487843
406   -0.513833
407   -0.536677
408   -0.556125
409   -0.572527
410   -0.585988
411   -0.596081
412   -0.603087
413   -0.60699
414   -0.604653
415   -0.600543
416   -0.583679
417   -0.565104
418   -0.541412
419   -0.517431
420   -0.493523
421   -0.470546
422   -0.448152
423   -0.426679
424   -0.405877
425   -0.385901
426   -0.366629
427   -0.348114
428   -0.330308
429   -0.313222
430   0.403047
431   0.40114
432   0.380517
433   0.347812
434   0.29201
435   0.229462
436   0.163615
437   0.0969953
438   0.0308022
439   -0.0332837
440   -0.0948648
441   -0.152854
442   -0.207244
443   -0.257425
444   -0.303659
445   -0.345668
446   -0.383887
447   -0.418223
448   -0.449063
449   -0.476388
450   -0.500514
451   -0.5214
452   -0.539473
453   -0.554626
454   -0.566973
455   -0.576374
456   -0.582673
457   -0.585056
458   -0.583626
459   -0.577134
460   -0.561676
461   -0.542677
462   -0.520188
463   -0.496763
464   -0.474321
465   -0.452066
466   -0.430671
467   -0.409811
468   -0.389738
469   -0.370297
470   -0.351591
471   -0.333543
472   -0.316208
473   0.434232
474   0.434409
475   0.421375
476   0.391579
477   0.341809
478   0.281194
479   0.215473
480   0.148821
481   0.0817449
482   0.0169933
483   -0.0458364
484   -0.104706
485   -0.160415
486   -0.211552
487   -0.259059
488   -0.302063
489   -0.341459
490   -0.376796
491   -0.40874
492   -0.437128
493   -0.462368
494   -0.484531
495   -0.50379
496   -0.520495
497   -0.534283
498   -0.545629
499   -0.553664
500   -0.55903
501   -0.5603
502   -0.558302
503   -0.551159
504   -0.535752
505   -0.517767
506   -0.496117
507   -0.474841
508   -0.453262
509   -0.43235
510   -0.41179
511   -0.391888
512   -0.372527
513   -0.353799
514   -0.335679
515   -0.318192
516   0.462123
517   0.466755
518   0.458905
519   0.438814
520   0.389568
521   0.330801
522   0.266518
523   0.199886
524   0.132827
525   0.0671368
526   0.00377213
527   -0.0563272
528   -0.112766
529   -0.165164
530   -0.213484
531   -0.257687
532   -0.297941
533   -0.334382
534   -0.367228
535   -0.396681
536   -0.42295
537   -0.446247
538   -0.466772
539   -0.484697
540   -0.500012
541   -0.512804
542   -0.522844
543   -0.53017
544   -0.534222
545   -0.535069
546   -0.531057
547   -0.522528
548   -0.507432
549   -0.489909
550   -0.470618
551   -0.450912
552   -0.431041
553   -0.411391
554   -0.392018
555   -0.373079
556   -0.354558
557   -0.336566
558   -0.319066
559   0.486399
560   0.49395
561   0.491839
562   0.47375
563   0.432934
564   0.377913
565   0.315261
566   0.249576
567   0.182339
568   0.116534
569   0.0523337
570   -0.00825916
571   -0.0657182
572   -0.118761
573   -0.168111
574   -0.213035
575   -0.254264
576   -0.291481
577   -0.325262
578   -0.355594
579   -0.382823
580   -0.407181
581   -0.42874
582   -0.447928
583   -0.464421
584   -0.478774
585   -0.490263
586   -0.49957
587   -0.505493
588   -0.508744
589   -0.507504
590   -0.502546
591   -0.492586
592   -0.4786
593   -0.46257
594   -0.445004
595   -0.426931
596   -0.40849
597   -0.390095
598   -0.371807
599   -0.353775
600   -0.336067
601   -0.318742
602   0.507128
603   0.518125
604   0.521209
605   0.513056
606   0.473917
607   0.422858
608   0.362641
609   0.297862
610   0.231224
611   0.16499
612   0.100715
613   0.0392522
614   -0.0185757
615   -0.0726122
616   -0.122484
617   -0.168401
618   -0.210255
619   -0.248433
620   -0.282948
621   -0.314249
622   -0.342373
623   -0.367769
624   -0.390428
625   -0.410759
626   -0.428589
627   -0.44428
628   -0.457419
629   -0.468356
630   -0.476288
631   -0.481624
632   -0.482948
633   -0.481105
634   -0.474142
635   -0.464083
636   -0.450845
637   -0.4361
638   -0.419925
639   -0.403248
640   -0.386019
641   -0.368769
642   -0.351381
643   -0.334224
644   -0.317167
645   0.52414
646   0.538083
647   0.545428
648   0.539041
649   0.51069
650   0.465099
651   0.407692
652   0.344478
653   0.278187
654   0.212391
655   0.147694
656   0.0861716
657   0.0276196
658   -0.0267376
659   -0.0774248
660   -0.123815
661   -0.166496
662   -0.205272
663   -0.240631
664   -0.27268
665   -0.301707
666   -0.328038
667   -0.3517
668   -0.373164
669   -0.392146
670   -0.409193
671   -0.423698
672   -0.436225
673   -0.445846
674   -0.453036
675   -0.456672
676   -0.457097
677   -0.453517
678   -0.446405
679   -0.436436
680   -0.424208
681   -0.410443
682   -0.395534
683   -0.379895
684   -0.363769
685   -0.347348
686   -0.330819
687   -0.314291
688   0.537357
689   0.553638
690   0.565517
691   0.568301
692   0.544321
693   0.506502
694   0.451503
695   0.389412
696   0.324265
697   0.258443
698   0.194183
699   0.132124
700   0.0735796
701   0.0184716
702   -0.0324544
703   -0.0796583
704   -0.12275
705   -0.162368
706   -0.198306
707   -0.231251
708   -0.26105
709   -0.288369
710   -0.313009
711   -0.335582
712   -0.35575
713   -0.374063
714   -0.389964
715   -0.403966
716   -0.415193
717   -0.424188
718   -0.429715
719   -0.43252
720   -0.431261
721   -0.427194
722   -0.419764
723   -0.410341
724   -0.398708
725   -0.385936
726   -0.371833
727   -0.357174
728   -0.341737
729   -0.326128
730   -0.310131
731   0.546911
732   0.565685
733   0.580208
734   0.585179
735   0.573836
736   0.542648
737   0.492412
738   0.432597
739   0.368283
740   0.30353
741   0.23923
742   0.177534
743   0.11852
744   0.0634002
745   0.0118502
746   -0.0355849
747   -0.0793621
748   -0.119397
749   -0.156085
750   -0.189642
751   -0.220288
752   -0.248421
753   -0.27403
754   -0.29761
755   -0.318889
756   -0.338384
757   -0.355571
758   -0.370914
759   -0.383676
760   -0.394204
761   -0.401686
762   -0.406359
763   -0.407678
764   -0.405956
765   -0.401326
766   -0.394235
767   -0.385056
768   -0.374201
769   -0.361974
770   -0.348699
771   -0.334561
772   -0.319837
773   -0.304676
774   0.552694
775   0.57314
776   0.590801
777   0.601587
778   0.598362
779   0.580888
780   0.531906
781   0.473345
782   0.411316
783   0.34702
784   0.283699
785   0.221743
786   0.163079
787   0.10742
788   0.055909
789   0.0078364
790   -0.0361274
791   -0.0768708
792   -0.113968
793   -0.148327
794   -0.179609
795   -0.208663
796   -0.235123
797   -0.25975
798   -0.282068
799   -0.302749
800   -0.321136
801   -0.337835
802   -0.351958
803   -0.364102
804   -0.373176
805   -0.379886
806   -0.383145
807   -0.383914
808   -0.381465
809   -0.376904
810   -0.369771
811   -0.361099
812   -0.350525
813   -0.33893
814   -0.325973
815   -0.312434
816   -0.298005
817   0.554857
818   0.577043
819   0.597358
820   0.612465
821   0.618234
822   0.605232
823   0.56652
824   0.512706
825   0.452391
826   0.389825
827   0.326761
828   0.265517
829   0.206593
830   0.151221
831   0.0992818
832   0.0512341
833   0.00674796
834   -0.0342121
835   -0.071942
836   -0.106762
837   -0.138811
838   -0.168554
839   -0.195921
840   -0.221433
841   -0.244801
842   -0.266525
843   -0.286117
844   -0.304
845   -0.319541
846   -0.333048
847   -0.343867
848   -0.352222
849   -0.357646
850   -0.360392
851   -0.36035
852   -0.357858
853   -0.353027
854   -0.346216
855   -0.337585
856   -0.327464
857   -0.315993
858   -0.303494
859   -0.290133
860   0.553583
861   0.576498
862   0.599819
863   0.619157
864   0.633057
865   0.634459
866   0.598034
867   0.548598
868   0.491814
869   0.430555
870   0.368902
871   0.307721
872   0.249494
873   0.193833
874   0.142244
875   0.0937725
876   0.0493501
877   0.00784711
878   -0.0301053
879   -0.0656087
880   -0.0981511
881   -0.128724
882   -0.156819
883   -0.1833
884   -0.20758
885   -0.230409
886   -0.251064
887   -0.270211
888   -0.28697
889   -0.301971
890   -0.314219
891   -0.324397
892   -0.331523
893   -0.33642
894   -0.338284
895   -0.338054
896   -0.335104
897   -0.330391
898   -0.323395
899   -0.315027
900   -0.304822
901   -0.293669
902   -0.281177
903   0.549356
904   0.573694
905   0.598792
906   0.622465
907   0.641974
908   0.646171
909   0.624227
910   0.58222
911   0.528875
912   0.470144
913   0.409264
914   0.349295
915   0.291149
916   0.236171
917   0.184427
918   0.136283
919   0.0915485
920   0.0500452
921   0.0116091
922   -0.0242032
923   -0.057407
924   -0.0885527
925   -0.117473
926   -0.144732
927   -0.169986
928   -0.193752
929   -0.215535
930   -0.235763
931   -0.253844
932   -0.270102
933   -0.283943
934   -0.295612
935   -0.304647
936   -0.311281
937   -0.315269
938   -0.316882
939   -0.316055
940   -0.313084
941   -0.307997
942   -0.3011
943   -0.292465
944   -0.282432
945   -0.271164
946   0.54227
947   0.566396
948   0.593675
949   0.619463
950   0.64517
951   0.661993
952   0.645543
953   0.613187
954   0.563795
955   0.507046
956   0.448213
957   0.388761
958   0.331839
959   0.276913
960   0.225915
961   0.177617
962   0.133226
963   0.0913808
964   0.0529111
965   0.0165607
966   -0.0170024
967   -0.048866
968   -0.0784006
969   -0.106531
970   -0.13259
971   -0.157368
972   -0.18011
973   -0.201508
974   -0.220705
975   -0.238345
976   -0.253493
977   -0.266817
978   -0.27738
979   -0.285929
980   -0.291614
981   -0.295271
982   -0.296161
983   -0.295168
984   -0.291645
985   -0.286497
986   -0.279149
987   -0.27055
988   -0.260234
989   0.532924
990   0.55797
991   0.585513
992   0.614024
993   0.641563
994   0.660412
995   0.661486
996   0.638256
997   0.595035
998   0.542027
999   0.484752
1000   0.427301
1001   0.370935
1002   0.31719
1003   0.26638
1004   0.218745
1005   0.174295
1006   0.132664
1007   0.0938882
1008   0.0573695
1009   0.0232767
1010   -0.00905055
1011   -0.0392992
1012   -0.0681079
1013   -0.0950361
1014   -0.120653
1015   -0.144418
1016   -0.166803
1017   -0.187209
1018   -0.206004
1019   -0.222601
1020   -0.237281
1021   -0.249551
1022   -0.259653
1023   -0.267243
1024   -0.272558
1025   -0.275401
1026   -0.276021
1027   -0.274334
1028   -0.270612
1029   -0.264859
1030   -0.257411
1031   -0.248416
1032   0.521292
1033   0.54536
1034   0.573788
1035   0.60254
1036   0.632781
1037   0.657355
1038   0.667972
1039   0.663345
1040   0.623522
1041   0.573198
1042   0.519419
1043   0.463013
1044   0.408536
1045   0.355222
1046   0.305601
1047   0.258131
1048   0.214311
1049   0.172578
1050   0.133949
1051   0.0970738
1052   0.062752
1053   0.0298611
1054   -0.000884663
1055   -0.0304214
1056   -0.0580381
1057   -0.0845298
1058   -0.109138
1059   -0.132559
1060   -0.153964
1061   -0.173998
1062   -0.191773
1063   -0.207934
1064   -0.221576
1065   -0.233388
1066   -0.242499
1067   -0.249666
1068   -0.254074
1069   -0.256547
1070   -0.256334
1071   -0.254322
1072   -0.249838
1073   -0.243864
1074   -0.235865
1075   0.507969
1076   0.532112
1077   0.559472
1078   0.588944
1079   0.619566
1080   0.647227
1081   0.667887
1082   0.669259
1083   0.644973
1084   0.602018
1085   0.551018
1086   0.49737
1087   0.443905
1088   0.392281
1089   0.343257
1090   0.296787
1091   0.253216
1092   0.211899
1093   0.173191
1094   0.136288
1095   0.101625
1096   0.0683971
1097   0.0371143
1098   0.00703028
1099   -0.0212832
1100   -0.0484802
1101   -0.0739433
1102   -0.0982163
1103   -0.120663
1104   -0.141713
1105   -0.160754
1106   -0.178117
1107   -0.193262
1108   -0.206454
1109   -0.217264
1110   -0.225919
1111   -0.232117
1112   -0.236074
1113   -0.237607
1114   -0.236955
1115   -0.234055
1116   -0.22923
1117   -0.222607
1118   0.493073
1119   0.515515
1120   0.54259
1121   0.570689
1122   0.602065
1123   0.630924
1124   0.658692
1125   0.676679
1126   0.658647
1127   0.625302
1128   0.578806
1129   0.527188
1130   0.476444
1131   0.425856
1132   0.378556
1133   0.332694
1134   0.290058
1135   0.248968
1136   0.210599
1137   0.173612
1138   0.138886
1139   0.105345
1140   0.0737334
1141   0.0431608
1142   0.0143329
1143   -0.0135107
1144   -0.0396437
1145   -0.0647363
1146   -0.0880115
1147   -0.110089
1148   -0.130136
1149   -0.148762
1150   -0.165099
1151   -0.179783
1152   -0.191937
1153   -0.202251
1154   -0.209863
1155   -0.215535
1156   -0.218442
1157   -0.219436
1158   -0.217767
1159   -0.214422
1160   -0.208809
1161   0.477315
1162   0.499294
1163   0.524476
1164   0.552205
1165   0.582227
1166   0.612615
1167   0.641496
1168   0.661586
1169   0.664587
1170   0.640895
1171   0.600899
1172   0.553944
1173   0.505344
1174   0.457285
1175   0.411248
1176   0.366784
1177   0.324849
1178   0.284409
1179   0.246318
1180   0.209503
1181   0.174759
1182   0.141092
1183   0.109251
1184   0.0783515
1185   0.0491191
1186   0.0207894
1187   -0.00592296
1188   -0.0316564
1189   -0.055711
1190   -0.0786002
1191   -0.0996587
1192   -0.119285
1193   -0.136879
1194   -0.152744
1195   -0.166371
1196   -0.177995
1197   -0.187218
1198   -0.194238
1199   -0.19878
1200   -0.201054
1201   -0.20093
1202   -0.19871
1203   -0.194494
1204   0.460825
1205   0.480889
1206   0.505141
1207   0.530709
1208   0.559975
1209   0.588721
1210   0.61868
1211   0.642749
1212   0.653974
1213   0.651676
1214   0.617242
1215   0.573711
1216   0.529491
1217   0.483331
1218   0.439716
1219   0.396553
1220   0.355934
1221   0.316273
1222   0.278817
1223   0.242396
1224   0.207878
1225   0.174331
1226   0.142454
1227   0.111462
1228   0.082
1229   0.0533842
1230   0.0262716
1231   4.85809e-05
1232   -0.0245818
1233   -0.0481909
1234   -0.0700163
1235   -0.0906177
1236   -0.109176
1237   -0.126268
1238   -0.141032
1239   -0.154092
1240   -0.164561
1241   -0.173136
1242   -0.178936
1243   -0.18277
1244   -0.183817
1245   -0.183055
1246   -0.179837
1247   0.444191
1248   0.463538
1249   0.485606
1250   0.510014
1251   0.536675
1252   0.564472
1253   0.592158
1254   0.616974
1255   0.63499
1256   0.638006
1257   0.623882
1258   0.588273
1259   0.548087
1260   0.50527
1261   0.463948
1262   0.422687
1263   0.383545
1264   0.344942
1265   0.308406
1266   0.27256
1267   0.238591
1268   0.205311
1269   0.17371
1270   0.142761
1271   0.113345
1272   0.0845837
1273   0.0572971
1274   0.0307452
1275   0.00570555
1276   -0.0184276
1277   -0.0409218
1278   -0.0622551
1279   -0.0817552
1280   -0.0997832
1281   -0.115746
1282   -0.129907
1283   -0.141773
1284   -0.151538
1285   -0.158835
1286   -0.163849
1287   -0.166376
1288   -0.166693
1289   -0.164863
1290   0.427461
1291   0.445028
1292   0.465864
1293   0.487858
1294   0.512803
1295   0.537693
1296   0.563849
1297   0.5868
1298   0.607357
1299   0.619589
1300   0.611527
1301   0.591726
1302   0.557193
1303   0.518546
1304   0.480836
1305   0.442362
1306   0.405217
1307   0.368438
1308   0.333121
1309   0.298495
1310   0.265284
1311   0.232806
1312   0.201644
1313   0.171179
1314   0.141956
1315   0.113409
1316   0.0860997
1317   0.0595025
1318   0.034229
1319   0.00977967
1320   -0.0131675
1321   -0.0351056
1322   -0.0552827
1323   -0.0742082
1324   -0.0910566
1325   -0.106379
1326   -0.119288
1327   -0.130409
1328   -0.138824
1329   -0.145279
1330   -0.148895
1331   -0.150619
1332   -0.149752
1333   0.411025
1334   0.4278
1335   0.446582
1336   0.467122
1337   0.489268
1338   0.512366
1339   0.535326
1340   0.557352
1341   0.575695
1342   0.589248
1343   0.591673
1344   0.579118
1345   0.557308
1346   0.524493
1347   0.491541
1348   0.456036
1349   0.421836
1350   0.387007
1351   0.353702
1352   0.320404
1353   0.288599
1354   0.257017
1355   0.226828
1356   0.196934
1357   0.168346
1358   0.140107
1359   0.113137
1360   0.0866107
1361   0.06139
1362   0.0367794
1363   0.0135881
1364   -0.00874922
1365   -0.0294806
1366   -0.0490415
1367   -0.0667509
1368   -0.0829203
1369   -0.0969595
1370   -0.109078
1371   -0.118809
1372   -0.126317
1373   -0.131316
1374   -0.134049
1375   -0.134531
1376   0.394852
1377   0.410158
1378   0.42771
1379   0.446128
1380   0.466486
1381   0.486932
1382   0.508036
1383   0.527524
1384   0.545054
1385   0.557903
1386   0.563219
1387   0.560042
1388   0.543362
1389   0.520015
1390   0.491925
1391   0.461807
1392   0.430797
1393   0.399376
1394   0.368247
1395   0.337275
1396   0.306986
1397   0.277046
1398   0.247911
1399   0.219182
1400   0.191301
1401   0.163854
1402   0.137307
1403   0.111249
1404   0.086195
1405   0.0617387
1406   0.0384637
1407   0.0159593
1408   -0.00510834
1409   -0.025168
1410   -0.0434599
1411   -0.0604517
1412   -0.0752876
1413   -0.0885065
1414   -0.0991773
1415   -0.107967
1416   -0.113945
1417   -0.118004
1418   -0.119386
1419   0.379142
1420   0.393673
1421   0.409527
1422   0.426552
1423   0.444561
1424   0.463207
1425   0.481582
1426   0.499382
1427   0.514517
1428   0.526912
1429   0.532748
1430   0.533117
1431   0.524185
1432   0.50729
1433   0.486012
1434   0.460682
1435   0.434302
1436   0.406127
1437   0.378211
1438   0.3495
1439   0.321523
1440   0.293192
1441   0.265755
1442   0.238173
1443   0.211537
1444   0.184885
1445   0.159217
1446   0.13366
1447   0.109156
1448   0.0849351
1449   0.0618861
1450   0.0393548
1451   0.018178
1452   -0.0021717
1453   -0.02092
1454   -0.0384559
1455   -0.0540866
1456   -0.0680646
1457   -0.079814
1458   -0.0894944
1459   -0.096718
1460   -0.101686
1461   -0.104348
1462   0.363826
1463   0.377198
1464   0.391949
1465   0.407279
1466   0.423725
1467   0.440248
1468   0.45693
1469   0.472612
1470   0.486645
1471   0.49796
1472   0.504788
1473   0.506978
1474   0.501577
1475   0.490446
1476   0.473926
1477   0.454008
1478   0.431546
1479   0.407504
1480   0.382518
1481   0.356883
1482   0.331072
1483   0.305052
1484   0.27922
1485   0.253389
1486   0.227936
1487   0.202603
1488   0.177783
1489   0.153187
1490   0.129245
1491   0.105653
1492   0.0829006
1493   0.0606677
1494   0.0395217
1495   0.0191226
1496   0.000135664
1497   -0.017815
1498   -0.0339455
1499   -0.048696
1500   -0.0611617
1501   -0.071906
1502   -0.0799622
1503   -0.0861394
1504   -0.0896087
1505   0.348981
1506   0.361616
1507   0.37503
1508   0.389136
1509   0.403755
1510   0.418715
1511   0.433327
1512   0.447489
1513   0.459817
1514   0.470393
1515   0.477134
1516   0.480359
1517   0.478079
1518   0.470639
1519   0.458846
1520   0.443065
1521   0.424983
1522   0.40442
1523   0.382979
1524   0.360051
1525   0.337022
1526   0.313069
1527   0.289416
1528   0.265158
1529   0.241413
1530   0.217269
1531   0.193777
1532   0.170055
1533   0.14711
1534   0.124118
1535   0.102045
1536   0.0801507
1537   0.0593575
1538   0.0390314
1539   0.0200426
1540   0.00189065
1541   -0.0146243
1542   -0.0298436
1543   -0.0430713
1544   -0.0544967
1545   -0.0636053
1546   -0.0705557
1547   -0.0752021
1548   0.334545
1549   0.346256
1550   0.358708
1551   0.37149
1552   0.384808
1553   0.398126
1554   0.411337
1555   0.423861
1556   0.435158
1557   0.444714
1558   0.451468
1559   0.455193
1560   0.454563
1561   0.449999
1562   0.441305
1563   0.42936
1564   0.414586
1565   0.397678
1566   0.379132
1567   0.35931
1568   0.338642
1569   0.317233
1570   0.295456
1571   0.273262
1572   0.250995
1573   0.228519
1574   0.206179
1575   0.183791
1576   0.161722
1577   0.139761
1578   0.118313
1579   0.0971501
1580   0.0767351
1581   0.0568189
1582   0.0379484
1583   0.0198436
1584   0.003169
1585   -0.0124086
1586   -0.0260718
1587   -0.0382591
1588   -0.0480089
1589   -0.0560014
1590   -0.0613265
1591   0.320538
1592   0.331553
1593   0.342954
1594   0.354695
1595   0.36662
1596   0.378658
1597   0.39032
1598   0.401598
1599   0.411594
1600   0.42039
1601   0.426755
1602   0.430806
1603   0.431454
1604   0.428797
1605   0.422835
1606   0.413684
1607   0.402138
1608   0.388089
1609   0.372622
1610   0.355333
1611   0.337358
1612   0.318063
1613   0.298568
1614   0.278096
1615   0.257741
1616   0.236655
1617   0.215908
1618   0.19463
1619   0.173874
1620   0.152779
1621   0.132378
1622   0.111854
1623   0.0922105
1624   0.0727003
1625   0.0542905
1626   0.0363376
1627   0.0197535
1628   0.00404597
1629   -0.00996031
1630   -0.0225579
1631   -0.0330803
1632   -0.0416655
1633   -0.0480206
1634   0.306923
1635   0.317177
1636   0.327749
1637   0.338453
1638   0.349321
1639   0.360101
1640   0.37064
1641   0.38065
1642   0.389749
1643   0.397646
1644   0.403733
1645   0.40779
1646   0.409173
1647   0.407888
1648   0.403712
1649   0.396921
1650   0.387684
1651   0.376335
1652   0.363204
1653   0.348531
1654   0.33267
1655   0.315732
1656   0.298054
1657   0.279642
1658   0.260814
1659   0.241507
1660   0.222032
1661   0.202282
1662   0.182573
1663   0.162774
1664   0.143219
1665   0.12376
1666   0.104764
1667   0.0860696
1668   0.0680962
1669   0.05066
1670   0.0342675
1671   0.0186968
1672   0.00459441
1673   -0.00833884
1674   -0.0192474
1675   -0.028627
1676   -0.0354893
1677   0.293701
1678   0.303308
1679   0.313046
1680   0.322885
1681   0.332696
1682   0.342463
1683   0.35184
1684   0.360871
1685   0.368954
1686   0.376184
1687   0.381785
1688   0.385845
1689   0.387681
1690   0.387332
1691   0.384608
1692   0.379497
1693   0.372344
1694   0.362999
1695   0.352165
1696   0.33949
1697   0.325869
1698   0.310756
1699   0.295142
1700   0.278329
1701   0.261357
1702   0.243425
1703   0.225599
1704   0.207022
1705   0.188771
1706   0.169963
1707   0.151679
1708   0.133042
1709   0.115125
1710   0.0970791
1711   0.0799629
1712   0.0629812
1713   0.0471626
1714   0.0318102
1715   0.0178908
1716   0.00488459
1717   -0.00636782
1718   -0.0160964
1719   -0.0237781
1720   0.280858
1721   0.289824
1722   0.298857
1723   0.307885
1724   0.316861
1725   0.325675
1726   0.334184
1727   0.342245
1728   0.349598
1729   0.356071
1730   0.36131
1731   0.365142
1732   0.367219
1733   0.367436
1734   0.365633
1735   0.361828
1736   0.356085
1737   0.348501
1738   0.339289
1739   0.328546
1740   0.31655
1741   0.303357
1742   0.289259
1743   0.274262
1744   0.258656
1745   0.242403
1746   0.22579
1747   0.208748
1748   0.191563
1749   0.174149
1750   0.156795
1751   0.139406
1752   0.122283
1753   0.105327
1754   0.0888587
1755   0.0727753
1756   0.057432
1757   0.0427161
1758   0.0290493
1759   0.0162808
1760   0.00498167
1761   -0.00513074
1762   -0.0130977
1763   0.268391
1764   0.276771
1765   0.285136
1766   0.293465
1767   0.301644
1768   0.309688
1769   0.317332
1770   0.324653
1771   0.331213
1772   0.337136
1773   0.341873
1774   0.345538
1775   0.347642
1776   0.348229
1777   0.34709
1778   0.344166
1779   0.33962
1780   0.333257
1781   0.325569
1782   0.316192
1783   0.305858
1784   0.294037
1785   0.281613
1786   0.267917
1787   0.25393
1788   0.238878
1789   0.223798
1790   0.207847
1791   0.192099
1792   0.175667
1793   0.159647
1794   0.143132
1795   0.127232
1796   0.111036
1797   0.0956618
1798   0.0802082
1799   0.0657974
1800   0.0515504
1801   0.0385854
1802   0.026071
1803   0.0150874
1804   0.00494428
1805   -0.00350166
1806   0.256297
1807   0.264125
1808   0.271907
1809   0.279601
1810   0.287147
1811   0.294478
1812   0.301485
1813   0.308071
1814   0.314072
1815   0.31936
1816   0.32373
1817   0.327041
1818   0.329101
1819   0.329791
1820   0.329004
1821   0.32669
1822   0.322857
1823   0.317522
1824   0.310791
1825   0.302715
1826   0.293456
1827   0.283074
1828   0.271754
1829   0.259543
1830   0.246632
1831   0.233054
1832   0.218995
1833   0.204475
1834   0.189679
1835   0.174619
1836   0.159475
1837   0.144258
1838   0.129151
1839   0.114166
1840   0.0994887
1841   0.0851375
1842   0.0713063
1843   0.058021
1844   0.0454845
1845   0.0337348
1846   0.0229829
1847   0.0132808
1848   0.00482047
