##### Y Mean #####
0   0.00411408
1   -0.028143
2   -0.0659564
3   -0.107785
4   -0.152772
5   -0.199009
6   -0.245826
7   -0.291397
8   -0.335128
9   -0.374821
10   -0.410958
11   -0.442744
12   -0.470699
13   -0.494492
14   -0.514425
15   -0.530381
16   -0.542561
17   -0.550958
18   -0.555871
19   -0.557481
20   -0.556089
21   -0.552012
22   -0.545448
23   -0.536745
24   -0.526098
25   -0.51392
26   -0.500435
27   -0.486084
28   -0.47103
29   -0.45562
30   -0.439952
31   -0.424268
32   -0.408612
33   -0.393121
34   -0.377809
35   -0.362745
36   -0.347934
37   -0.333415
38   -0.319197
39   -0.305305
40   -0.291751
41   -0.278554
42   -0.265726
43   0.0344993
44   0.00176403
45   -0.0394226
46   -0.0833796
47   -0.133775
48   -0.182657
49   -0.235551
50   -0.283684
51   -0.334383
52   -0.37567
53   -0.417137
54   -0.450721
55   -0.482643
56   -0.508328
57   -0.531112
58   -0.548664
59   -0.562822
60   -0.572265
61   -0.578335
62   -0.580611
63   -0.579607
64   -0.5759
65   -0.569088
66   -0.560315
67   -0.548852
68   -0.53619
69   -0.521485
70   -0.50644
71   -0.490054
72   -0.473841
73   -0.456892
74   -0.440384
75   -0.423604
76   -0.407317
77   -0.391046
78   -0.375225
79   -0.359588
80   -0.344356
81   -0.329413
82   -0.314859
83   -0.300664
84   -0.286865
85   -0.273468
86   0.0704433
87   0.0398926
88   -0.00222837
89   -0.0489288
90   -0.101703
91   -0.155036
92   -0.210171
93   -0.263059
94   -0.315714
95   -0.364237
96   -0.408936
97   -0.44878
98   -0.484287
99   -0.514687
100   -0.540671
101   -0.561415
102   -0.577864
103   -0.589712
104   -0.597557
105   -0.601608
106   -0.601985
107   -0.599124
108   -0.593017
109   -0.584177
110   -0.572722
111   -0.559284
112   -0.544061
113   -0.52779
114   -0.510565
115   -0.492936
116   -0.474984
117   -0.457101
118   -0.439325
119   -0.42184
120   -0.404648
121   -0.387814
122   -0.371343
123   -0.355252
124   -0.339562
125   -0.324274
126   -0.309417
127   -0.294988
128   -0.281014
129   0.110698
130   0.0809254
131   0.0393722
132   -0.00851393
133   -0.0643819
134   -0.119698
135   -0.17864
136   -0.233711
137   -0.289867
138   -0.341701
139   -0.392632
140   -0.435693
141   -0.477992
142   -0.51092
143   -0.543284
144   -0.566018
145   -0.587184
146   -0.601382
147   -0.612502
148   -0.619095
149   -0.621604
150   -0.620606
151   -0.615455
152   -0.60745
153   -0.595955
154   -0.582549
155   -0.566468
156   -0.549705
157   -0.531166
158   -0.512601
159   -0.493151
160   -0.474192
161   -0.45505
162   -0.436527
163   -0.418176
164   -0.400396
165   -0.382951
166   -0.366021
167   -0.349508
168   -0.333486
169   -0.317932
170   -0.302871
171   -0.288308
172   0.154662
173   0.129444
174   0.087819
175   0.0399915
176   -0.0174265
177   -0.07562
178   -0.136505
179   -0.195091
180   -0.253696
181   -0.309062
182   -0.362039
183   -0.410279
184   -0.454663
185   -0.493892
186   -0.528896
187   -0.558977
188   -0.58419
189   -0.604671
190   -0.620353
191   -0.631209
192   -0.637543
193   -0.638868
194   -0.636039
195   -0.62908
196   -0.618617
197   -0.605466
198   -0.589567
199   -0.571961
200   -0.552743
201   -0.532665
202   -0.512054
203   -0.491469
204   -0.471142
205   -0.451194
206   -0.431766
207   -0.412808
208   -0.39442
209   -0.376523
210   -0.359199
211   -0.342381
212   -0.326139
213   -0.310421
214   -0.295283
215   0.200452
216   0.176517
217   0.137415
218   0.0889836
219   0.0309564
220   -0.0286305
221   -0.0916516
222   -0.152178
223   -0.213099
224   -0.270378
225   -0.325857
226   -0.376646
227   -0.424331
228   -0.466824
229   -0.50623
230   -0.540227
231   -0.572311
232   -0.596131
233   -0.61977
234   -0.632804
235   -0.64652
236   -0.649284
237   -0.651414
238   -0.646127
239   -0.637816
240   -0.626362
241   -0.610792
242   -0.593578
243   -0.57332
244   -0.552436
245   -0.530205
246   -0.508488
247   -0.486656
248   -0.465564
249   -0.444866
250   -0.424873
251   -0.405437
252   -0.386649
253   -0.368461
254   -0.350891
255   -0.333936
256   -0.317593
257   -0.301866
258   0.247511
259   0.22988
260   0.19056
261   0.143116
262   0.084255
263   0.0231338
264   -0.0411664
265   -0.104044
266   -0.166677
267   -0.2263
268   -0.28365
269   -0.336993
270   -0.386841
271   -0.43226
272   -0.473919
273   -0.51115
274   -0.54492
275   -0.573825
276   -0.598924
277   -0.619049
278   -0.635101
279   -0.64665
280   -0.653094
281   -0.655235
282   -0.651805
283   -0.643679
284   -0.630853
285   -0.613575
286   -0.593302
287   -0.571221
288   -0.548036
289   -0.524648
290   -0.5017
291   -0.479118
292   -0.457372
293   -0.436186
294   -0.415843
295   -0.396102
296   -0.377145
297   -0.358803
298   -0.341202
299   -0.324226
300   -0.307966
301   0.293493
302   0.277294
303   0.242235
304   0.195159
305   0.136874
306   0.0752947
307   0.00986879
308   -0.0541772
309   -0.118507
310   -0.17952
311   -0.238793
312   -0.293696
313   -0.345694
314   -0.39286
315   -0.436706
316   -0.475757
317   -0.511378
318   -0.542737
319   -0.570387
320   -0.594048
321   -0.614397
322   -0.630516
323   -0.644889
324   -0.650971
325   -0.657322
326   -0.651146
327   -0.645214
328   -0.628562
329   -0.609374
330   -0.587606
331   -0.563398
332   -0.539408
333   -0.51513
334   -0.491562
335   -0.468673
336   -0.446577
337   -0.425301
338   -0.404782
339   -0.385054
340   -0.366057
341   -0.347815
342   -0.330291
343   -0.313492
344   0.337753
345   0.330084
346   0.295374
347   0.250392
348   0.192673
349   0.129915
350   0.0641074
351   -0.00159175
352   -0.0669518
353   -0.129791
354   -0.190329
355   -0.247106
356   -0.300477
357   -0.349535
358   -0.394814
359   -0.43573
360   -0.473018
361   -0.506285
362   -0.536002
363   -0.562028
364   -0.584683
365   -0.603799
366   -0.619983
367   -0.631855
368   -0.64013
369   -0.643505
370   -0.641234
371   -0.634404
372   -0.619451
373   -0.599911
374   -0.57665
375   -0.551412
376   -0.526585
377   -0.501815
378   -0.478283
379   -0.455312
380   -0.433427
381   -0.412206
382   -0.391922
383   -0.372334
384   -0.353596
385   -0.335559
386   -0.318325
387   0.377105
388   0.369725
389   0.344808
390   0.303337
391   0.247393
392   0.184662
393   0.117929
394   0.0514814
395   -0.0151838
396   -0.0790351
397   -0.141056
398   -0.198955
399   -0.253862
400   -0.304121
401   -0.35091
402   -0.393128
403   -0.431866
404   -0.466533
405   -0.497823
406   -0.525446
407   -0.549853
408   -0.570798
409   -0.588588
410   -0.603362
411   -0.614592
412   -0.622585
413   -0.627315
414   -0.625333
415   -0.621511
416   -0.60395
417   -0.584591
418   -0.559757
419   -0.534639
420   -0.509624
421   -0.485627
422   -0.462271
423   -0.439914
424   -0.418287
425   -0.397552
426   -0.377574
427   -0.358408
428   -0.340001
429   -0.322359
430   0.412886
431   0.411249
432   0.390701
433   0.35796
434   0.301945
435   0.239047
436   0.172582
437   0.105202
438   0.0380174
439   -0.0271766
440   -0.0900436
441   -0.149398
442   -0.205274
443   -0.256981
444   -0.304818
445   -0.348439
446   -0.388311
447   -0.424288
448   -0.456775
449   -0.485707
450   -0.511412
451   -0.533803
452   -0.553333
453   -0.56985
454   -0.58346
455   -0.593981
456   -0.601245
457   -0.604338
458   -0.603367
459   -0.596975
460   -0.580951
461   -0.561137
462   -0.537603
463   -0.513077
464   -0.489636
465   -0.466407
466   -0.444122
467   -0.422418
468   -0.401572
469   -0.381406
470   -0.362035
471   -0.343367
472   -0.325464
473   0.444649
474   0.445115
475   0.432222
476   0.402441
477   0.352555
478   0.291667
479   0.225474
480   0.158163
481   0.0902484
482   0.024497
483   -0.0394719
484   -0.0996034
485   -0.156668
486   -0.209245
487   -0.258246
488   -0.302797
489   -0.343761
490   -0.380696
491   -0.414225
492   -0.444201
493   -0.470985
494   -0.494671
495   -0.51538
496   -0.533501
497   -0.548585
498   -0.561148
499   -0.570217
500   -0.576491
501   -0.578394
502   -0.576822
503   -0.569747
504   -0.553772
505   -0.535058
506   -0.512417
507   -0.490204
508   -0.467683
509   -0.445897
510   -0.424502
511   -0.403826
512   -0.383739
513   -0.364339
514   -0.345593
515   -0.327526
516   0.47303
517   0.478007
518   0.470312
519   0.450283
520   0.400996
521   0.342074
522   0.277404
523   0.210251
524   0.142456
525   0.0759106
526   0.0115137
527   -0.04971
528   -0.107406
529   -0.161122
530   -0.210853
531   -0.256502
532   -0.29826
533   -0.336216
534   -0.370606
535   -0.401588
536   -0.429386
537   -0.454175
538   -0.476166
539   -0.4955
540   -0.512161
541   -0.526202
542   -0.537377
543   -0.545698
544   -0.550556
545   -0.552005
546   -0.548264
547   -0.539679
548   -0.524049
549   -0.505825
550   -0.485725
551   -0.465195
552   -0.444511
553   -0.424074
554   -0.403955
555   -0.384309
556   -0.365127
557   -0.346511
558   -0.328433
559   0.497706
560   0.5056
561   0.503696
562   0.48571
563   0.444916
564   0.389796
565   0.326881
566   0.260766
567   0.192933
568   0.126378
569   0.0612882
570   -0.000324224
571   -0.0589065
572   -0.113173
573   -0.163815
574   -0.210106
575   -0.252739
576   -0.291411
577   -0.326654
578   -0.358477
579   -0.387177
580   -0.413016
581   -0.436008
582   -0.456622
583   -0.474455
584   -0.49011
585   -0.502765
586   -0.513162
587   -0.519971
588   -0.523964
589   -0.523156
590   -0.518388
591   -0.508257
592   -0.493814
593   -0.477196
594   -0.458944
595   -0.440169
596   -0.421015
597   -0.401929
598   -0.382971
599   -0.364301
600   -0.345987
601   -0.32809
602   0.518756
603   0.530134
604   0.533426
605   0.525399
606   0.486335
607   0.435264
608   0.374854
609   0.309765
610   0.242626
611   0.175774
612   0.110711
613   0.0483615
614   -0.010491
615   -0.0656281
616   -0.116705
617   -0.163879
618   -0.207065
619   -0.246606
620   -0.28253
621   -0.315251
622   -0.344815
623   -0.371645
624   -0.395732
625   -0.417465
626   -0.436659
627   -0.453657
628   -0.468021
629   -0.480092
630   -0.489006
631   -0.495177
632   -0.497086
633   -0.495617
634   -0.488676
635   -0.478421
636   -0.464777
637   -0.449529
638   -0.432772
639   -0.415487
640   -0.397638
641   -0.379777
642   -0.361789
643   -0.344054
644   -0.326442
645   0.536011
646   0.550325
647   0.557914
648   0.551684
649   0.523434
650   0.477865
651   0.420362
652   0.356914
653   0.290247
654   0.223928
655   0.158574
656   0.0962637
657   0.0368146
658   -0.0185497
659   -0.0703245
660   -0.11789
661   -0.161799
662   -0.201872
663   -0.238554
664   -0.271976
665   -0.302378
666   -0.330116
667   -0.355163
668   -0.378026
669   -0.398351
670   -0.41673
671   -0.432471
672   -0.446181
673   -0.456833
674   -0.46494
675   -0.46927
676   -0.470193
677   -0.46684
678   -0.459717
679   -0.449549
680   -0.436976
681   -0.422776
682   -0.40737
683   -0.391203
684   -0.374532
685   -0.357564
686   -0.340494
687   -0.323437
688   0.549406
689   0.566084
690   0.5782
691   0.581147
692   0.557292
693   0.519541
694   0.464502
695   0.402281
696   0.336839
697   0.270611
698   0.205787
699   0.14306
700   0.0837112
701   0.0277126
702   -0.024215
703   -0.0724883
704   -0.116734
705   -0.157557
706   -0.194759
707   -0.229002
708   -0.260137
709   -0.288807
710   -0.314813
711   -0.33875
712   -0.360264
713   -0.379898
714   -0.397061
715   -0.412263
716   -0.424573
717   -0.434538
718   -0.440841
719   -0.444255
720   -0.443348
721   -0.439445
722   -0.431967
723   -0.422365
724   -0.410425
725   -0.39728
726   -0.38274
727   -0.367618
728   -0.351691
729   -0.335591
730   -0.319095
731   0.559074
732   0.578229
733   0.593018
734   0.59817
735   0.586944
736   0.555836
737   0.505629
738   0.445745
739   0.381241
740   0.316163
741   0.251414
742   0.18914
743   0.129437
744   0.0735146
745   0.0210735
746   -0.0273509
747   -0.0721827
748   -0.113354
749   -0.151221
750   -0.186022
751   -0.217934
752   -0.247383
753   -0.274306
754   -0.29923
755   -0.321825
756   -0.342641
757   -0.361081
758   -0.377644
759   -0.391509
760   -0.403049
761   -0.411373
762   -0.416731
763   -0.418527
764   -0.417094
765   -0.412569
766   -0.405433
767   -0.396086
768   -0.384968
769   -0.372407
770   -0.358748
771   -0.34419
772   -0.329024
773   -0.313406
774   0.564919
775   0.58576
776   0.603682
777   0.614659
778   0.611538
779   0.594132
780   0.545232
781   0.486688
782   0.424531
783   0.360011
784   0.296319
785   0.233893
786   0.174624
787   0.118269
788   0.0659473
789   0.0169856
790   -0.0279605
791   -0.0697502
792   -0.107966
793   -0.143493
794   -0.175994
795   -0.206302
796   -0.234044
797   -0.259972
798   -0.283589
799   -0.305564
800   -0.325205
801   -0.343118
802   -0.358364
803   -0.371546
804   -0.381507
805   -0.388971
806   -0.392788
807   -0.393962
808   -0.391729
809   -0.387253
810   -0.380062
811   -0.371242
812   -0.360425
813   -0.348534
814   -0.335222
815   -0.3213
816   -0.306455
817   0.567094
818   0.589659
819   0.610249
820   0.62554
821   0.631411
822   0.61849
823   0.579876
824   0.526112
825   0.465754
826   0.403029
827   0.339695
828   0.278057
829   0.218634
830   0.162645
831   0.109997
832   0.061136
833   0.0157621
834   -0.0261765
835   -0.0649403
836   -0.100871
837   -0.134066
838   -0.165018
839   -0.19361
840   -0.22039
841   -0.245014
842   -0.268013
843   -0.288835
844   -0.307928
845   -0.324593
846   -0.339154
847   -0.350895
848   -0.360051
849   -0.366111
850   -0.369344
851   -0.369628
852   -0.367321
853   -0.362546
854   -0.355683
855   -0.346906
856   -0.336566
857   -0.324813
858   -0.311986
859   -0.298259
860   0.565793
861   0.589095
862   0.612677
863   0.632206
864   0.646183
865   0.647632
866   0.611341
867   0.562007
868   0.505222
869   0.443885
870   0.382027
871   0.320547
872   0.261893
873   0.205712
874   0.153488
875   0.104296
876   0.059055
877   0.0166598
878   -0.0222647
879   -0.0588016
880   -0.0924385
881   -0.124154
882   -0.153431
883   -0.181125
884   -0.206632
885   -0.230695
886   -0.252563
887   -0.272899
888   -0.290779
889   -0.30684
890   -0.32003
891   -0.331049
892   -0.338862
893   -0.344323
894   -0.34659
895   -0.346643
896   -0.343836
897   -0.339168
898   -0.332105
899   -0.323601
900   -0.313177
901   -0.301758
902   -0.288944
903   0.561496
904   0.586202
905   0.611569
906   0.635417
907   0.655009
908   0.659267
909   0.637429
910   0.59553
911   0.542241
912   0.483482
913   0.422481
914   0.362278
915   0.303798
916   0.248369
917   0.196082
918   0.147289
919   0.101824
920   0.0594946
921   0.0201688
922   -0.0166169
923   -0.0508409
924   -0.0830768
925   -0.113115
926   -0.141544
927   -0.167972
928   -0.19294
929   -0.215898
930   -0.237295
931   -0.256483
932   -0.273798
933   -0.288595
934   -0.30113
935   -0.3109
936   -0.318151
937   -0.322618
938   -0.324588
939   -0.323991
940   -0.321141
941   -0.316072
942   -0.309105
943   -0.300322
944   -0.290075
945   -0.278539
946   0.554309
947   0.578809
948   0.606343
949   0.632314
950   0.658083
951   0.67493
952   0.65859
953   0.626347
954   0.577039
955   0.520326
956   0.461423
957   0.401817
958   0.344622
959   0.289332
960   0.237856
961   0.188994
962   0.143938
963   0.101349
964   0.0620517
965   0.0248051
966   -0.0097216
967   -0.0426051
968   -0.0732077
969   -0.102447
970   -0.129639
971   -0.155569
972   -0.179455
973   -0.201989
974   -0.222276
975   -0.240963
976   -0.257072
977   -0.271279
978   -0.282607
979   -0.291822
980   -0.298039
981   -0.302122
982   -0.303307
983   -0.302513
984   -0.299072
985   -0.293928
986   -0.286487
987   -0.277735
988   -0.267193
989   0.544829
990   0.57023
991   0.598036
992   0.626717
993   0.654336
994   0.67322
995   0.674341
996   0.651206
997   0.6081
998   0.555159
999   0.49788
1000   0.440327
1001   0.383767
1002   0.329718
1003   0.278512
1004   0.230377
1005   0.185344
1006   0.143033
1007   0.10351
1008   0.0661563
1009   0.0311752
1010   -0.00211496
1011   -0.033363
1012   -0.0632298
1013   -0.0912314
1014   -0.117958
1015   -0.142822
1016   -0.166311
1017   -0.18778
1018   -0.207608
1019   -0.225162
1020   -0.240735
1021   -0.253796
1022   -0.264596
1023   -0.272767
1024   -0.278558
1025   -0.281762
1026   -0.282641
1027   -0.281106
1028   -0.277443
1029   -0.27166
1030   -0.264106
1031   -0.254938
1032   0.533039
1033   0.557465
1034   0.586145
1035   0.615081
1036   0.645395
1037   0.669999
1038   0.680632
1039   0.676033
1040   0.636346
1041   0.586137
1042   0.532388
1043   0.475946
1044   0.421325
1045   0.367781
1046   0.317822
1047   0.269928
1048   0.225587
1049   0.183251
1050   0.143935
1051   0.106302
1052   0.0711508
1053   0.0373691
1054   0.00567868
1055   -0.0248503
1056   -0.0534919
1057   -0.0810371
1058   -0.106704
1059   -0.131188
1060   -0.15363
1061   -0.174674
1062   -0.193399
1063   -0.210454
1064   -0.224899
1065   -0.237438
1066   -0.247163
1067   -0.254856
1068   -0.259671
1069   -0.262461
1070   -0.262451
1071   -0.26056
1072   -0.256093
1073   -0.250069
1074   -0.241936
1075   0.519531
1076   0.544018
1077   0.571639
1078   0.60129
1079   0.632003
1080   0.659691
1081   0.680338
1082   0.681731
1083   0.657537
1084   0.614697
1085   0.563775
1086   0.510129
1087   0.456585
1088   0.404783
1089   0.355493
1090   0.308657
1091   0.26464
1092   0.222781
1093   0.183463
1094   0.145862
1095   0.110445
1096   0.076385
1097   0.0442281
1098   0.013207
1099   -0.0160679
1100   -0.04427
1101   -0.0707399
1102   -0.0960377
1103   -0.119484
1104   -0.141521
1105   -0.161496
1106   -0.17975
1107   -0.195707
1108   -0.209641
1109   -0.221097
1110   -0.230311
1111   -0.236964
1112   -0.241281
1113   -0.243072
1114   -0.242585
1115   -0.239757
1116   -0.234923
1117   -0.228216
1118   0.504432
1119   0.527221
1120   0.554551
1121   0.582844
1122   0.614312
1123   0.643215
1124   0.670944
1125   0.688882
1126   0.670939
1127   0.637702
1128   0.591303
1129   0.539736
1130   0.48895
1131   0.438246
1132   0.390728
1133   0.344569
1134   0.301541
1135   0.259983
1136   0.221062
1137   0.18345
1138   0.148028
1139   0.113727
1140   0.0812991
1141   0.049857
1142   0.0201202
1143   -0.00866853
1144   -0.0357632
1145   -0.0618326
1146   -0.0860739
1147   -0.109107
1148   -0.13007
1149   -0.149577
1150   -0.166726
1151   -0.182165
1152   -0.194982
1153   -0.205887
1154   -0.213985
1155   -0.220063
1156   -0.223266
1157   -0.224477
1158   -0.222918
1159   -0.219613
1160   -0.21395
1161   0.488451
1162   0.510762
1163   0.536209
1164   0.56413
1165   0.594266
1166   0.624697
1167   0.653559
1168   0.67361
1169   0.676607
1170   0.652999
1171   0.613114
1172   0.566229
1173   0.517637
1174   0.4695
1175   0.423306
1176   0.378594
1177   0.336335
1178   0.295482
1179   0.256909
1180   0.21953
1181   0.184161
1182   0.149794
1183   0.117205
1184   0.0854932
1185   0.0554167
1186   0.0261933
1187   -0.00142482
1188   -0.0280923
1189   -0.0530703
1190   -0.0768856
1191   -0.0988352
1192   -0.119328
1193   -0.13773
1194   -0.154352
1195   -0.16866
1196   -0.180893
1197   -0.190636
1198   -0.198091
1199   -0.202973
1200   -0.205498
1201   -0.205531
1202   -0.203386
1203   -0.199165
1204   0.47172
1205   0.492119
1206   0.51663
1207   0.542405
1208   0.571791
1209   0.600606
1210   0.630553
1211   0.654585
1212   0.665781
1213   0.663473
1214   0.629153
1215   0.585724
1216   0.541531
1217   0.495343
1218   0.451608
1219   0.408255
1220   0.367359
1221   0.32735
1222   0.289466
1223   0.252547
1224   0.217462
1225   0.183283
1226   0.150715
1227   0.118976
1228   0.0887236
1229   0.0592753
1230   0.0313047
1231   0.00419932
1232   -0.0213161
1233   -0.0458137
1234   -0.0685049
1235   -0.0899528
1236   -0.109309
1237   -0.127159
1238   -0.14261
1239   -0.156298
1240   -0.167305
1241   -0.176349
1242   -0.182517
1243   -0.186642
1244   -0.187877
1245   -0.187232
1246   -0.18404
1247   0.454827
1248   0.474496
1249   0.496832
1250   0.521448
1251   0.548251
1252   0.576127
1253   0.603835
1254   0.628628
1255   0.646601
1256   0.649602
1257   0.635508
1258   0.59999
1259   0.55986
1260   0.51704
1261   0.475645
1262   0.434234
1263   0.394872
1264   0.35597
1265   0.319068
1266   0.282779
1267   0.248308
1268   0.214452
1269   0.182225
1270   0.150585
1271   0.120442
1272   0.0909004
1273   0.062813
1274   0.0354238
1275   0.00954591
1276   -0.0154408
1277   -0.0387685
1278   -0.060927
1279   -0.081211
1280   -0.0999904
1281   -0.116644
1282   -0.131441
1283   -0.143866
1284   -0.154119
1285   -0.161817
1286   -0.167148
1287   -0.169903
1288   -0.170365
1289   -0.1686
1290   0.437825
1291   0.455713
1292   0.476811
1293   0.499025
1294   0.524122
1295   0.549118
1296   0.575315
1297   0.598276
1298   0.618794
1299   0.630984
1300   0.622942
1301   0.603176
1302   0.568703
1303   0.530078
1304   0.492319
1305   0.453736
1306   0.416409
1307   0.379383
1308   0.343746
1309   0.308735
1310   0.275072
1311   0.24208
1312   0.210346
1313   0.179252
1314   0.149354
1315   0.120086
1316   0.0920235
1317   0.0646422
1318   0.0385713
1319   0.0133108
1320   -0.0104396
1321   -0.0331752
1322   -0.0541189
1323   -0.0737854
1324   -0.0913213
1325   -0.107287
1326   -0.120766
1327   -0.132396
1328   -0.14123
1329   -0.148035
1330   -0.151902
1331   -0.153809
1332   -0.153032
1333   0.421103
1334   0.438187
1335   0.457235
1336   0.477996
1337   0.500311
1338   0.523529
1339   0.546562
1340   0.568616
1341   0.586957
1342   0.600482
1343   0.602894
1344   0.59036
1345   0.568573
1346   0.535784
1347   0.502804
1348   0.467217
1349   0.432875
1350   0.397836
1351   0.364262
1352   0.330624
1353   0.298423
1354   0.266376
1355   0.235674
1356   0.205203
1357   0.175999
1358   0.147088
1359   0.119421
1360   0.0921569
1361   0.0661878
1362   0.0408037
1363   0.0168469
1364   -0.00626102
1365   -0.027736
1366   -0.048024
1367   -0.0664146
1368   -0.0832266
1369   -0.097845
1370   -0.110484
1371   -0.120658
1372   -0.128534
1373   -0.133817
1374   -0.136754
1375   -0.137362
1376   0.404635
1377   0.420244
1378   0.438056
1379   0.456702
1380   0.477237
1381   0.497822
1382   0.519016
1383   0.538561
1384   0.556109
1385   0.568958
1386   0.574267
1387   0.571084
1388   0.554426
1389   0.531089
1390   0.502978
1391   0.472795
1392   0.441666
1393   0.410071
1394   0.378707
1395   0.34744
1396   0.316797
1397   0.286445
1398   0.256843
1399   0.227592
1400   0.199143
1401   0.171081
1402   0.143883
1403   0.117139
1404   0.0913787
1405   0.0661941
1406   0.0421875
1407   0.0189461
1408   -0.00284192
1409   -0.0236094
1410   -0.0425717
1411   -0.060203
1412   -0.0756196
1413   -0.0893711
1414   -0.100496
1415   -0.109679
1416   -0.115958
1417   -0.120254
1418   -0.121782
1419   0.388619
1420   0.403442
1421   0.419556
1422   0.436806
1423   0.455004
1424   0.473798
1425   0.492287
1426   0.510161
1427   0.525346
1428   0.53776
1429   0.543611
1430   0.543976
1431   0.535052
1432   0.518157
1433   0.496858
1434   0.471472
1435   0.444994
1436   0.416667
1437   0.388552
1438   0.359579
1439   0.331293
1440   0.30259
1441   0.274738
1442   0.246678
1443   0.219528
1444   0.192306
1445   0.166041
1446   0.139842
1447   0.114681
1448   0.0897704
1449   0.0660313
1450   0.042794
1451   0.0209267
1452   -0.000110527
1453   -0.0195136
1454   -0.0376807
1455   -0.053892
1456   -0.068406
1457   -0.0806245
1458   -0.0907103
1459   -0.0982607
1460   -0.103482
1461   -0.106321
1462   0.372993
1463   0.386648
1464   0.401652
1465   0.417209
1466   0.433845
1467   0.450529
1468   0.467336
1469   0.483115
1470   0.497213
1471   0.50857
1472   0.515424
1473   0.517624
1474   0.512232
1475   0.501099
1476   0.484559
1477   0.464591
1478   0.442043
1479   0.417871
1480   0.392708
1481   0.366846
1482   0.340759
1483   0.314409
1484   0.288199
1485   0.261939
1486   0.236013
1487   0.210163
1488   0.184789
1489   0.159601
1490   0.135042
1491   0.110807
1492   0.0874001
1493   0.0644996
1494   0.0426909
1495   0.0216311
1496   0.00200695
1497   -0.0165623
1498   -0.0332674
1499   -0.0485568
1500   -0.0614962
1501   -0.0726626
1502   -0.0810583
1503   -0.0875147
1504   -0.0911771
1505   0.357832
1506   0.370738
1507   0.3844
1508   0.398729
1509   0.413545
1510   0.42867
1511   0.443421
1512   0.457691
1513   0.470105
1514   0.480738
1515   0.487523
1516   0.490769
1517   0.488505
1518   0.481063
1519   0.469254
1520   0.453428
1521   0.435273
1522   0.414595
1523   0.393002
1524   0.369871
1525   0.346599
1526   0.322349
1527   0.29836
1528   0.27371
1529   0.24954
1530   0.224917
1531   0.200921
1532   0.176648
1533   0.153134
1534   0.129538
1535   0.106854
1536   0.0843252
1537   0.062905
1538   0.0419435
1539   0.0223416
1540   0.00358632
1541   -0.0134935
1542   -0.0292475
1543   -0.0429546
1544   -0.054808
1545   -0.0642749
1546   -0.071517
1547   -0.0763829
1548   0.343078
1549   0.355049
1550   0.367742
1551   0.380744
1552   0.394257
1553   0.407746
1554   0.421102
1555   0.433747
1556   0.445139
1557   0.454769
1558   0.461577
1559   0.465337
1560   0.46473
1561   0.460171
1562   0.451465
1563   0.439483
1564   0.424644
1565   0.407636
1566   0.388955
1567   0.368955
1568   0.348068
1569   0.326396
1570   0.304313
1571   0.281768
1572   0.259111
1573   0.236202
1574   0.213395
1575   0.190503
1576   0.167903
1577   0.145384
1578   0.123361
1579   0.101605
1580   0.0805937
1581   0.0600756
1582   0.0406151
1583   0.0219288
1584   0.00470254
1585   -0.0114023
1586   -0.0255426
1587   -0.0381661
1588   -0.0482812
1589   -0.0565857
1590   -0.0621415
1591   0.328752
1592   0.340015
1593   0.351649
1594   0.363605
1595   0.375724
1596   0.387935
1597   0.399748
1598   0.411153
1599   0.421257
1600   0.430136
1601   0.436568
1602   0.440662
1603   0.441343
1604   0.438695
1605   0.432729
1606   0.423546
1607   0.411946
1608   0.397808
1609   0.382223
1610   0.364774
1611   0.346607
1612   0.327073
1613   0.307306
1614   0.286513
1615   0.265808
1616   0.244323
1617   0.223153
1618   0.201408
1619   0.180166
1620   0.158549
1621   0.137618
1622   0.116534
1623   0.0963338
1624   0.0762505
1625   0.0572823
1626   0.0387693
1627   0.0216535
1628   0.0054302
1629   -0.00904816
1630   -0.0220811
1631   -0.0329796
1632   -0.0418842
1633   -0.0484916
1634   0.314819
1635   0.32531
1636   0.336106
1637   0.347018
1638   0.358077
1639   0.369029
1640   0.379721
1641   0.389864
1642   0.399075
1643   0.407064
1644   0.413224
1645   0.417335
1646   0.418756
1647   0.417489
1648   0.413313
1649   0.406498
1650   0.397213
1651   0.385787
1652   0.372551
1653   0.357736
1654   0.341701
1655   0.32455
1656   0.306623
1657   0.287924
1658   0.268774
1659   0.249107
1660   0.229241
1661   0.209065
1662   0.188905
1663   0.168627
1664   0.148575
1665   0.128599
1666   0.109079
1667   0.089849
1668   0.0713444
1669   0.0533783
1670   0.036474
1671   0.0204061
1672   0.00584173
1673   -0.00752415
1674   -0.0188092
1675   -0.0285216
1676   -0.0356428
1677   0.301282
1678   0.311114
1679   0.321066
1680   0.331106
1681   0.341103
1682   0.35104
1683   0.36057
1684   0.369734
1685   0.377935
1686   0.385261
1687   0.390943
1688   0.395061
1689   0.396942
1690   0.396614
1691   0.393897
1692   0.388766
1693   0.381576
1694   0.372161
1695   0.361235
1696   0.348431
1697   0.334656
1698   0.319348
1699   0.303512
1700   0.286435
1701   0.269173
1702   0.250909
1703   0.23273
1704   0.213758
1705   0.195096
1706   0.175842
1707   0.157103
1708   0.137981
1709   0.119581
1710   0.101029
1711   0.0834188
1712   0.0659328
1713   0.0496321
1714   0.0338009
1715   0.019437
1716   0.00600697
1717   -0.00562164
1718   -0.0156841
1719   -0.0236405
1720   0.288127
1721   0.297306
1722   0.306543
1723   0.315763
1724   0.324919
1725   0.333898
1726   0.342558
1727   0.350752
1728   0.358222
1729   0.364795
1730   0.370116
1731   0.374011
1732   0.376135
1733   0.376379
1734   0.374585
1735   0.370767
1736   0.36499
1737   0.357346
1738   0.348049
1739   0.337192
1740   0.325053
1741   0.311685
1742   0.297382
1743   0.282147
1744   0.266273
1745   0.24972
1746   0.232779
1747   0.215379
1748   0.197812
1749   0.179991
1750   0.162211
1751   0.144379
1752   0.126802
1753   0.109381
1754   0.0924456
1755   0.0758942
1756   0.0600927
1757   0.0449272
1758   0.0308335
1759   0.0176582
1760   0.00599072
1761   -0.00445822
1762   -0.0127005
1763   0.275352
1764   0.283934
1765   0.292492
1766   0.301005
1767   0.309356
1768   0.31756
1769   0.32535
1770   0.332801
1771   0.339478
1772   0.345498
1773   0.350319
1774   0.354048
1775   0.356202
1776   0.356817
1777   0.355691
1778   0.352756
1779   0.348183
1780   0.341763
1781   0.334001
1782   0.324517
1783   0.314056
1784   0.302071
1785   0.289464
1786   0.275546
1787   0.261318
1788   0.245985
1789   0.23061
1790   0.214324
1791   0.19823
1792   0.181417
1793   0.165011
1794   0.148079
1795   0.131765
1796   0.115131
1797   0.0993294
1798   0.0834339
1799   0.0686006
1800   0.0539264
1801   0.0405638
1802   0.0276585
1803   0.0163242
1804   0.00585123
1805   -0.00287693
1806   0.262956
1807   0.270975
1808   0.278939
1809   0.286807
1810   0.294516
1811   0.301999
1812   0.309146
1813   0.315858
1814   0.321971
1815   0.327355
1816   0.331807
1817   0.335182
1818   0.33729
1819   0.33801
1820   0.337236
1821   0.334915
1822   0.331055
1823   0.325671
1824   0.318868
1825   0.310696
1826   0.301317
1827   0.290788
1828   0.279294
1829   0.266883
1830   0.253745
1831   0.239912
1832   0.225575
1833   0.210752
1834   0.195631
1835   0.180225
1836   0.164719
1837   0.149123
1838   0.133626
1839   0.118241
1840   0.103162
1841   0.0884065
1842   0.0741761
1843   0.0604987
1844   0.0475842
1845   0.0354734
1846   0.0243846
1847   0.0143726
1848   0.005636
