##### Y Mean #####
0   -0.00369788
1   -0.0234104
2   -0.0461037
3   -0.0706492
4   -0.0963092
5   -0.121717
6   -0.146431
7   -0.169569
8   -0.191036
9   -0.210342
10   -0.227591
11   -0.242538
12   -0.25538
13   -0.266011
14   -0.274664
15   -0.281316
16   -0.286205
17   -0.289358
18   -0.291001
19   -0.291191
20   -0.290135
21   -0.287901
22   -0.284677
23   -0.280535
24   -0.275636
25   -0.270049
26   -0.263913
27   -0.257291
28   -0.250296
29   -0.242985
30   -0.235448
31   -0.227733
32   -0.219912
33   -0.212025
34   -0.204125
35   -0.196246
36   -0.188428
37   -0.180697
38   -0.173082
39   -0.165603
40   -0.158281
41   -0.151132
42   -0.144169
43   0.0122594
44   -0.00833002
45   -0.0337156
46   -0.0602217
47   -0.0897778
48   -0.117234
49   -0.145485
50   -0.170291
51   -0.194545
52   -0.215045
53   -0.234359
54   -0.250075
55   -0.264376
56   -0.275427
57   -0.285054
58   -0.29185
59   -0.297329
60   -0.300414
61   -0.302353
62   -0.302321
63   -0.301337
64   -0.298777
65   -0.295464
66   -0.29093
67   -0.285831
68   -0.279819
69   -0.27341
70   -0.266353
71   -0.259042
72   -0.251301
73   -0.243427
74   -0.2353
75   -0.227135
76   -0.218858
77   -0.210617
78   -0.202374
79   -0.194225
80   -0.186155
81   -0.178223
82   -0.170431
83   -0.162809
84   -0.15537
85   -0.148129
86   0.0315898
87   0.0115941
88   -0.0151933
89   -0.0443191
90   -0.0763107
91   -0.107628
92   -0.138225
93   -0.166483
94   -0.192605
95   -0.215824
96   -0.236499
97   -0.254247
98   -0.269472
99   -0.281979
100   -0.29217
101   -0.299956
102   -0.305714
103   -0.309421
104   -0.311417
105   -0.311723
106   -0.310637
107   -0.308202
108   -0.304676
109   -0.300112
110   -0.294728
111   -0.288581
112   -0.281848
113   -0.274584
114   -0.266932
115   -0.258941
116   -0.250723
117   -0.242321
118   -0.233819
119   -0.225256
120   -0.216691
121   -0.208159
122   -0.199699
123   -0.191342
124   -0.183114
125   -0.17504
126   -0.167137
127   -0.159426
128   -0.151918
129   0.0537451
130   0.0334182
131   0.0059393
132   -0.0250744
133   -0.0601661
134   -0.0938893
135   -0.128081
136   -0.158541
137   -0.187786
138   -0.212773
139   -0.235933
140   -0.255006
141   -0.272116
142   -0.285551
143   -0.297112
144   -0.305491
145   -0.312194
146   -0.316222
147   -0.318825
148   -0.319244
149   -0.318503
150   -0.316029
151   -0.312652
152   -0.307945
153   -0.302571
154   -0.296212
155   -0.28939
156   -0.281876
157   -0.274069
158   -0.265808
159   -0.257392
160   -0.248714
161   -0.239988
162   -0.231148
163   -0.222343
164   -0.213538
165   -0.20483
166   -0.196206
167   -0.187724
168   -0.179389
169   -0.171231
170   -0.163265
171   -0.155508
172   0.0786169
173   0.0601785
174   0.0315119
175   -0.000917755
176   -0.0384158
177   -0.0755283
178   -0.112137
179   -0.146087
180   -0.177472
181   -0.20549
182   -0.230412
183   -0.251938
184   -0.270413
185   -0.285747
186   -0.2983
187   -0.308087
188   -0.31546
189   -0.320489
190   -0.3235
191   -0.324592
192   -0.324057
193   -0.322004
194   -0.318686
195   -0.314211
196   -0.308791
197   -0.302527
198   -0.295591
199   -0.288074
200   -0.280108
201   -0.271775
202   -0.263174
203   -0.254375
204   -0.245448
205   -0.236453
206   -0.227437
207   -0.218451
208   -0.209523
209   -0.200698
210   -0.191991
211   -0.183439
212   -0.17505
213   -0.166858
214   -0.158865
215   0.105349
216   0.0870399
217   0.0585391
218   0.0244529
219   -0.015178
220   -0.0542927
221   -0.0939867
222   -0.130054
223   -0.164521
224   -0.194517
225   -0.222162
226   -0.245375
227   -0.266095
228   -0.282763
229   -0.297076
230   -0.307854
231   -0.316548
232   -0.322268
233   -0.326232
234   -0.327771
235   -0.327895
236   -0.326102
237   -0.323216
238   -0.318864
239   -0.313706
240   -0.307469
241   -0.300669
242   -0.293112
243   -0.285192
244   -0.276775
245   -0.268153
246   -0.259238
247   -0.250239
248   -0.241105
249   -0.231978
250   -0.222833
251   -0.213763
252   -0.204761
253   -0.195884
254   -0.187139
255   -0.178557
256   -0.170157
257   -0.161958
258   0.133684
259   0.118992
260   0.0891569
261   0.0540497
262   0.0125769
263   -0.029369
264   -0.0709948
265   -0.110242
266   -0.146741
267   -0.17979
268   -0.209358
269   -0.235254
270   -0.257629
271   -0.276515
272   -0.292155
273   -0.304685
274   -0.314385
275   -0.321441
276   -0.326132
277   -0.32866
278   -0.329284
279   -0.328204
280   -0.325645
281   -0.321793
282   -0.316835
283   -0.310936
284   -0.304245
285   -0.296904
286   -0.289026
287   -0.280733
288   -0.272102
289   -0.26324
290   -0.254194
291   -0.245055
292   -0.235847
293   -0.226648
294   -0.217466
295   -0.208367
296   -0.199347
297   -0.190467
298   -0.181715
299   -0.173149
300   -0.164756
301   0.162061
302   0.147868
303   0.119856
304   0.0839852
305   0.0411976
306   -0.00210213
307   -0.0462921
308   -0.087373
309   -0.126761
310   -0.161803
311   -0.194159
312   -0.221928
313   -0.246758
314   -0.267246
315   -0.28492
316   -0.298737
317   -0.310053
318   -0.318096
319   -0.324033
320   -0.327293
321   -0.328857
322   -0.328307
323   -0.326445
324   -0.322968
325   -0.318518
326   -0.312879
327   -0.306553
328   -0.299386
329   -0.291762
330   -0.283577
331   -0.275114
332   -0.266306
333   -0.257356
334   -0.248225
335   -0.239051
336   -0.229819
337   -0.220614
338   -0.211441
339   -0.202349
340   -0.193354
341   -0.184485
342   -0.175769
343   -0.167226
344   0.189902
345   0.181801
346   0.153134
347   0.117319
348   0.0740005
349   0.0280213
350   -0.0175076
351   -0.0615264
352   -0.102752
353   -0.140767
354   -0.175064
355   -0.205592
356   -0.232217
357   -0.255098
358   -0.274301
359   -0.290097
360   -0.302649
361   -0.312277
362   -0.31918
363   -0.323684
364   -0.325989
365   -0.326402
366   -0.325103
367   -0.322367
368   -0.318343
369   -0.313272
370   -0.307266
371   -0.300531
372   -0.293145
373   -0.285283
374   -0.276991
375   -0.268417
376   -0.259578
377   -0.250602
378   -0.241485
379   -0.232337
380   -0.223136
381   -0.213982
382   -0.204841
383   -0.195805
384   -0.186836
385   -0.178026
386   -0.16934
387   0.214612
388   0.206209
389   0.184771
390   0.151198
391   0.107722
392   0.0607386
393   0.01271
394   -0.0330253
395   -0.0770112
396   -0.116977
397   -0.154033
398   -0.186484
399   -0.215636
400   -0.24024
401   -0.26162
402   -0.278869
403   -0.293223
404   -0.304032
405   -0.31239
406   -0.317836
407   -0.321301
408   -0.322459
409   -0.32208
410   -0.319936
411   -0.316642
412   -0.312041
413   -0.306614
414   -0.300254
415   -0.293326
416   -0.285759
417   -0.277822
418   -0.269474
419   -0.260902
420   -0.252087
421   -0.243155
422   -0.234105
423   -0.225013
424   -0.215893
425   -0.206788
426   -0.197724
427   -0.188726
428   -0.179831
429   -0.171063
430   0.237277
431   0.232891
432   0.214627
433   0.187389
434   0.14294
435   0.0942433
436   0.0453795
437   -0.00276493
438   -0.0483337
439   -0.0910278
440   -0.129917
441   -0.165047
442   -0.195983
443   -0.223008
444   -0.245977
445   -0.265302
446   -0.281005
447   -0.293542
448   -0.303016
449   -0.309878
450   -0.314257
451   -0.316571
452   -0.31694
453   -0.315738
454   -0.313062
455   -0.309233
456   -0.304318
457   -0.298591
458   -0.292085
459   -0.285034
460   -0.277441
461   -0.269505
462   -0.261203
463   -0.252707
464   -0.243972
465   -0.23515
466   -0.226183
467   -0.217205
468   -0.208151
469   -0.199149
470   -0.19013
471   -0.181224
472   -0.172373
473   0.257616
474   0.254737
475   0.242208
476   0.216965
477   0.17651
478   0.128639
479   0.0784171
480   0.0292155
481   -0.0186354
482   -0.0629926
483   -0.104422
484   -0.14134
485   -0.174719
486   -0.203426
487   -0.228578
488   -0.249388
489   -0.266963
490   -0.280768
491   -0.291814
492   -0.299745
493   -0.305434
494   -0.308648
495   -0.310112
496   -0.309673
497   -0.307913
498   -0.304735
499   -0.300591
500   -0.29542
501   -0.289561
502   -0.282982
503   -0.275927
504   -0.268382
505   -0.260517
506   -0.252332
507   -0.243937
508   -0.235346
509   -0.226624
510   -0.217795
511   -0.208894
512   -0.199957
513   -0.191005
514   -0.182088
515   -0.173234
516   0.276069
517   0.276403
518   0.268041
519   0.250413
520   0.209736
521   0.162261
522   0.112375
523   0.0618061
524   0.0129153
525   -0.0336856
526   -0.0766487
527   -0.115995
528   -0.150985
529   -0.181993
530   -0.208656
531   -0.231517
532   -0.250437
533   -0.266015
534   -0.278232
535   -0.287675
536   -0.294378
537   -0.29888
538   -0.301225
539   -0.301888
540   -0.300899
541   -0.298669
542   -0.2952
543   -0.290844
544   -0.285576
545   -0.279692
546   -0.273145
547   -0.266186
548   -0.258744
549   -0.251039
550   -0.242982
551   -0.234766
552   -0.226291
553   -0.217734
554   -0.208989
555   -0.200225
556   -0.191337
557   -0.182502
558   -0.17363
559   0.292409
560   0.295154
561   0.291139
562   0.274862
563   0.240614
564   0.195714
565   0.145984
566   0.0952829
567   0.0448298
568   -0.00292739
569   -0.0480288
570   -0.0888451
571   -0.126043
572   -0.158544
573   -0.18727
574   -0.211526
575   -0.232286
576   -0.249119
577   -0.262943
578   -0.273503
579   -0.281603
580   -0.2871
581   -0.290663
582   -0.292218
583   -0.292297
584   -0.290866
585   -0.288337
586   -0.284696
587   -0.280249
588   -0.274999
589   -0.269162
590   -0.262751
591   -0.255912
592   -0.248665
593   -0.241102
594   -0.233249
595   -0.225159
596   -0.216866
597   -0.208396
598   -0.199796
599   -0.19108
600   -0.182313
601   -0.173527
602   0.306563
603   0.311846
604   0.312159
605   0.303945
606   0.270681
607   0.228315
608   0.179914
609   0.128782
610   0.0778785
611   0.0284295
612   -0.0177592
613   -0.060635
614   -0.0991323
615   -0.133707
616   -0.16375
617   -0.189935
618   -0.211941
619   -0.230507
620   -0.245479
621   -0.257578
622   -0.266731
623   -0.273596
624   -0.278127
625   -0.280901
626   -0.281871
627   -0.281532
628   -0.279819
629   -0.277152
630   -0.273446
631   -0.269057
632   -0.263879
633   -0.258219
634   -0.25195
635   -0.245341
636   -0.238251
637   -0.23092
638   -0.2232
639   -0.215312
640   -0.207104
641   -0.198792
642   -0.190232
643   -0.181646
644   -0.172916
645   0.318399
646   0.32623
647   0.329759
648   0.322812
649   0.298357
650   0.260258
651   0.213271
652   0.162671
653   0.110835
654   0.0608127
655   0.0129682
656   -0.0309418
657   -0.0713223
658   -0.107099
659   -0.139005
660   -0.166407
661   -0.190145
662   -0.209878
663   -0.226425
664   -0.239628
665   -0.250209
666   -0.258115
667   -0.263947
668   -0.267704
669   -0.269861
670   -0.270443
671   -0.26981
672   -0.267998
673   -0.265269
674   -0.26166
675   -0.257353
676   -0.252386
677   -0.246878
678   -0.240867
679   -0.234422
680   -0.227584
681   -0.220388
682   -0.212879
683   -0.205073
684   -0.197025
685   -0.188746
686   -0.180314
687   -0.171766
688   0.327712
689   0.337283
690   0.344639
691   0.345196
692   0.324317
693   0.292463
694   0.24688
695   0.196207
696   0.144541
697   0.0933357
698   0.0449515
699   -0.000616004
700   -0.041912
701   -0.0794859
702   -0.112447
703   -0.141599
704   -0.166418
705   -0.187788
706   -0.205402
707   -0.220119
708   -0.231744
709   -0.241054
710   -0.247901
711   -0.252962
712   -0.2561
713   -0.25789
714   -0.258191
715   -0.257491
716   -0.255634
717   -0.253036
718   -0.249526
719   -0.245462
720   -0.240661
721   -0.235437
722   -0.229596
723   -0.223422
724   -0.216717
725   -0.209744
726   -0.202308
727   -0.194668
728   -0.186638
729   -0.178492
730   -0.170078
731   0.334609
732   0.3464
733   0.355729
734   0.358081
735   0.347742
736   0.321255
737   0.279132
738   0.229805
739   0.177828
740   0.126729
741   0.077174
742   0.0310317
743   -0.0118177
744   -0.0502726
745   -0.0848622
746   -0.115005
747   -0.1414
748   -0.163798
749   -0.182909
750   -0.198671
751   -0.211716
752   -0.222077
753   -0.230273
754   -0.236377
755   -0.240791
756   -0.2436
757   -0.245101
758   -0.245374
759   -0.244629
760   -0.24294
761   -0.240445
762   -0.237208
763   -0.233313
764   -0.228817
765   -0.223763
766   -0.218206
767   -0.212159
768   -0.205681
769   -0.19877
770   -0.191496
771   -0.18386
772   -0.175956
773   -0.167823
774   0.338876
775   0.351955
776   0.363982
777   0.371017
778   0.367649
779   0.352818
780   0.311235
781   0.262194
782   0.211548
783   0.159871
784   0.110363
785   0.0629394
786   0.0195553
787   -0.0204161
788   -0.0557723
789   -0.0874518
790   -0.114722
791   -0.138617
792   -0.158675
793   -0.175887
794   -0.189935
795   -0.201701
796   -0.210935
797   -0.218396
798   -0.223857
799   -0.227964
800   -0.230494
801   -0.231992
802   -0.232233
803   -0.231682
804   -0.230105
805   -0.227905
806   -0.224841
807   -0.221268
808   -0.216939
809   -0.212179
810   -0.206738
811   -0.200922
812   -0.194488
813   -0.187738
814   -0.180445
815   -0.172933
816   -0.165017
817   0.340625
818   0.355323
819   0.369484
820   0.380291
821   0.384306
822   0.372996
823   0.340002
824   0.294675
825   0.244705
826   0.193847
827   0.143587
828   0.0959956
829   0.051366
830   0.0108472
831   -0.0258767
832   -0.0582854
833   -0.0869378
834   -0.111688
835   -0.133126
836   -0.151298
837   -0.166722
838   -0.179527
839   -0.190126
840   -0.198671
841   -0.20547
842   -0.21067
843   -0.21449
844   -0.217058
845   -0.218521
846   -0.218988
847   -0.218547
848   -0.217288
849   -0.215256
850   -0.212528
851   -0.209114
852   -0.205083
853   -0.200426
854   -0.195211
855   -0.189422
856   -0.183136
857   -0.176349
858   -0.169168
859   -0.161636
860   0.339914
861   0.355155
862   0.371987
863   0.386248
864   0.397247
865   0.39823
866   0.366892
867   0.324882
868   0.277467
869   0.226948
870   0.177229
871   0.128778
872   0.0840108
873   0.042301
874   0.005145
875   -0.0285428
876   -0.0578264
877   -0.0838951
878   -0.106134
879   -0.125659
880   -0.142025
881   -0.156206
882   -0.167846
883   -0.17777
884   -0.185661
885   -0.192217
886   -0.197137
887   -0.201013
888   -0.203549
889   -0.205252
890   -0.205827
891   -0.205714
892   -0.204616
893   -0.202926
894   -0.200342
895   -0.197226
896   -0.193278
897   -0.188842
898   -0.183627
899   -0.177978
900   -0.171625
901   -0.16494
902   -0.157706
903   0.337147
904   0.353774
905   0.372026
906   0.390067
907   0.405619
908   0.408777
909   0.389893
910   0.354094
911   0.309061
912   0.260187
913   0.210326
914   0.162259
915   0.116674
916   0.0748474
917   0.0366569
918   0.00255432
919   -0.027869
920   -0.054594
921   -0.0780626
922   -0.0984459
923   -0.116117
924   -0.131308
925   -0.1443
926   -0.155326
927   -0.164582
928   -0.172279
929   -0.178543
930   -0.183555
931   -0.187387
932   -0.190187
933   -0.191985
934   -0.192901
935   -0.192934
936   -0.19218
937   -0.190616
938   -0.188325
939   -0.18527
940   -0.18153
941   -0.177069
942   -0.171975
943   -0.166233
944   -0.159963
945   -0.153212
946   0.332312
947   0.348719
948   0.368935
949   0.388636
950   0.4095
951   0.423422
952   0.40921
953   0.381669
954   0.339631
955   0.291819
956   0.24318
957   0.194785
958   0.149623
959   0.107012
960   0.0688039
961   0.0337325
962   0.00295679
963   -0.0248723
964   -0.0489819
965   -0.07059
966   -0.0891294
967   -0.105634
968   -0.119649
969   -0.132036
970   -0.142401
971   -0.151466
972   -0.15887
973   -0.165225
974   -0.170182
975   -0.174272
976   -0.17715
977   -0.179282
978   -0.180321
979   -0.180688
980   -0.180036
981   -0.178752
982   -0.176491
983   -0.173628
984   -0.169828
985   -0.165471
986   -0.160247
987   -0.154572
988   -0.148196
989   0.325912
990   0.343275
991   0.363634
992   0.385709
993   0.407902
994   0.42345
995   0.424389
996   0.404596
997   0.367613
998   0.322661
999   0.274717
1000   0.227507
1001   0.182063
1002   0.139853
1003   0.101005
1004   0.0658656
1005   0.0342328
1006   0.00595582
1007   -0.0192011
1008   -0.04156
1009   -0.0612974
1010   -0.0787652
1011   -0.094074
1012   -0.107551
1013   -0.119255
1014   -0.12947
1015   -0.138216
1016   -0.14573
1017   -0.152001
1018   -0.157223
1019   -0.161362
1020   -0.16457
1021   -0.166796
1022   -0.168159
1023   -0.168597
1024   -0.168207
1025   -0.166923
1026   -0.164832
1027   -0.161877
1028   -0.158153
1029   -0.153633
1030   -0.148449
1031   -0.142649
1032   0.317846
1033   0.334361
1034   0.355563
1035   0.377726
1036   0.402186
1037   0.422415
1038   0.431683
1039   0.428194
1040   0.393803
1041   0.350711
1042   0.305391
1043   0.258442
1044   0.214101
1045   0.171539
1046   0.133133
1047   0.0973797
1048   0.0656878
1049   0.0365612
1050   0.0109297
1051   -0.0124821
1052   -0.032997
1053   -0.0516614
1054   -0.0679409
1055   -0.0826974
1056   -0.0954789
1057   -0.107007
1058   -0.116876
1059   -0.1257
1060   -0.133096
1061   -0.1396
1062   -0.144832
1063   -0.14927
1064   -0.152533
1065   -0.155054
1066   -0.156449
1067   -0.157123
1068   -0.156691
1069   -0.15555
1070   -0.153323
1071   -0.150418
1072   -0.146487
1073   -0.141984
1074   -0.136628
1075   0.308614
1076   0.325346
1077   0.345572
1078   0.368376
1079   0.393016
1080   0.415907
1081   0.433577
1082   0.435025
1083   0.414239
1084   0.377374
1085   0.333972
1086   0.288974
1087   0.244863
1088   0.203235
1089   0.16464
1090   0.129175
1091   0.0969617
1092   0.0675955
1093   0.0411512
1094   0.0171132
1095   -0.00442755
1096   -0.0239674
1097   -0.0414057
1098   -0.0571815
1099   -0.0711927
1100   -0.0838121
1101   -0.0949377
1102   -0.104877
1103   -0.113528
1104   -0.121137
1105   -0.127598
1106   -0.133105
1107   -0.13755
1108   -0.141081
1109   -0.143591
1110   -0.145192
1111   -0.145784
1112   -0.145462
1113   -0.144146
1114   -0.141932
1115   -0.138782
1116   -0.134833
1117   -0.130133
1118   0.298263
1119   0.313541
1120   0.333602
1121   0.355123
1122   0.380393
1123   0.40412
1124   0.427878
1125   0.443666
1126   0.428168
1127   0.399591
1128   0.359778
1129   0.316027
1130   0.273847
1131   0.232503
1132   0.194896
1133   0.159288
1134   0.127332
1135   0.0974594
1136   0.0707326
1137   0.0459067
1138   0.0237312
1139   0.00321535
1140   -0.0150696
1141   -0.0319358
1142   -0.0469129
1143   -0.0606861
1144   -0.072838
1145   -0.0839606
1146   -0.093659
1147   -0.102455
1148   -0.109958
1149   -0.116636
1150   -0.122092
1151   -0.126757
1152   -0.130222
1153   -0.132896
1154   -0.134363
1155   -0.135029
1156   -0.134481
1157   -0.133144
1158   -0.130634
1159   -0.127434
1160   -0.123235
1161   0.287403
1162   0.302435
1163   0.320832
1164   0.342071
1165   0.366022
1166   0.391007
1167   0.415408
1168   0.432771
1169   0.435638
1170   0.415346
1171   0.380958
1172   0.340966
1173   0.300139
1174   0.26056
1175   0.223447
1176   0.188544
1177   0.156536
1178   0.126672
1179   0.0994915
1180   0.0742369
1181   0.0513405
1182   0.0301343
1183   0.01096
1184   -0.00675009
1185   -0.0227213
1186   -0.0374266
1187   -0.0506365
1188   -0.0627381
1189   -0.0735308
1190   -0.0833242
1191   -0.091936
1192   -0.0996071
1193   -0.106167
1194   -0.111798
1195   -0.11634
1196   -0.119929
1197   -0.12242
1198   -0.123919
1199   -0.124312
1200   -0.123701
1201   -0.122023
1202   -0.119423
1203   -0.115942
1204   0.276096
1205   0.289519
1206   0.307198
1207   0.326502
1208   0.349763
1209   0.373124
1210   0.398292
1211   0.418812
1212   0.428783
1213   0.427291
1214   0.397489
1215   0.360115
1216   0.32279
1217   0.284363
1218   0.248936
1219   0.214585
1220   0.18323
1221   0.153408
1222   0.126242
1223   0.10066
1224   0.077401
1225   0.0556184
1226   0.0358539
1227   0.0173998
1228   0.000695961
1229   -0.0148682
1230   -0.0289009
1231   -0.0419409
1232   -0.0536119
1233   -0.0643978
1234   -0.0739177
1235   -0.0826144
1236   -0.0900899
1237   -0.0967581
1238   -0.102199
1239   -0.106812
1240   -0.110156
1241   -0.112636
1242   -0.113805
1243   -0.114095
1244   -0.113087
1245   -0.111281
1246   -0.10834
1247   0.264843
1248   0.2778
1249   0.293591
1250   0.311926
1251   0.3328
1252   0.355245
1253   0.378185
1254   0.39919
1255   0.414776
1256   0.41767
1257   0.405718
1258   0.37511
1259   0.340927
1260   0.305071
1261   0.271144
1262   0.238017
1263   0.207373
1264   0.177974
1265   0.150978
1266   0.125357
1267   0.101914
1268   0.0798068
1269   0.059615
1270   0.0406461
1271   0.0233417
1272   0.00713176
1273   -0.0076284
1274   -0.0214052
1275   -0.0338984
1276   -0.0454835
1277   -0.0558965
1278   -0.0654316
1279   -0.0738504
1280   -0.0813739
1281   -0.0877856
1282   -0.0932442
1283   -0.0975585
1284   -0.100843
1285   -0.102944
1286   -0.103962
1287   -0.103808
1288   -0.102625
1289   -0.100444
1290   0.253642
1291   0.265133
1292   0.279947
1293   0.296155
1294   0.315512
1295   0.33527
1296   0.356739
1297   0.375858
1298   0.39348
1299   0.404202
1300   0.397381
1301   0.380585
1302   0.351096
1303   0.318503
1304   0.2874
1305   0.256231
1306   0.226905
1307   0.198544
1308   0.172128
1309   0.146963
1310   0.12366
1311   0.101613
1312   0.0812688
1313   0.0620805
1314   0.0444181
1315   0.0277842
1316   0.0125179
1317   -0.00183703
1318   -0.0149446
1319   -0.0272273
1320   -0.0383339
1321   -0.0486604
1322   -0.057828
1323   -0.0662144
1324   -0.0734059
1325   -0.0797735
1326   -0.0848691
1327   -0.0890743
1328   -0.0919206
1329   -0.0938284
1330   -0.0943443
1331   -0.0939739
1332   -0.0923506
1333   0.242819
1334   0.253779
1335   0.266845
1336   0.28184
1337   0.298682
1338   0.316818
1339   0.335306
1340   0.353468
1341   0.368848
1342   0.380489
1343   0.382662
1344   0.372039
1345   0.353573
1346   0.325865
1347   0.298548
1348   0.269621
1349   0.242389
1350   0.215302
1351   0.190091
1352   0.165602
1353   0.142926
1354   0.121145
1355   0.101024
1356   0.0818072
1357   0.0640766
1358   0.0472005
1359   0.0316483
1360   0.0168924
1361   0.00333025
1362   -0.00947325
1363   -0.0211699
1364   -0.0321087
1365   -0.0419776
1366   -0.0510439
1367   -0.059026
1368   -0.0661155
1369   -0.0720631
1370   -0.0769987
1371   -0.0807184
1372   -0.0833221
1373   -0.0846814
1374   -0.08493
1375   -0.0840828
1376   0.232312
1377   0.242097
1378   0.254196
1379   0.267355
1380   0.282644
1381   0.298373
1382   0.315147
1383   0.330896
1384   0.34539
1385   0.356152
1386   0.360681
1387   0.358095
1388   0.343932
1389   0.324311
1390   0.300997
1391   0.276429
1392   0.251641
1393   0.227075
1394   0.203352
1395   0.180363
1396   0.158547
1397   0.13762
1398   0.117925
1399   0.0991212
1400   0.0815065
1401   0.0647263
1402   0.0490623
1403   0.034164
1404   0.0203186
1405   0.0071852
1406   -0.00492745
1407   -0.0163506
1408   -0.0267406
1409   -0.0364225
1410   -0.0450073
1411   -0.0528217
1412   -0.0594265
1413   -0.0651654
1414   -0.0695579
1415   -0.0729951
1416   -0.0749926
1417   -0.0760434
1418   -0.0757473
1419   0.222277
1420   0.231543
1421   0.242233
1422   0.254246
1423   0.26746
1424   0.281593
1425   0.295858
1426   0.310018
1427   0.322202
1428   0.33239
1429   0.337131
1430   0.337468
1431   0.329913
1432   0.31577
1433   0.298159
1434   0.277521
1435   0.256411
1436   0.234339
1437   0.212963
1438   0.19154
1439   0.171217
1440   0.151238
1441   0.132456
1442   0.11417
1443   0.0970561
1444   0.0804835
1445   0.0650144
1446   0.0500938
1447   0.0362073
1448   0.0228758
1449   0.0105303
1450   -0.00123057
1451   -0.0120176
1452   -0.0221517
1453   -0.0312794
1454   -0.0396382
1455   -0.046912
1456   -0.0532584
1457   -0.0584116
1458   -0.062474
1459   -0.0652647
1460   -0.0669024
1461   -0.0673712
1462   0.212626
1463   0.221005
1464   0.230846
1465   0.24143
1466   0.253311
1467   0.265551
1468   0.278288
1469   0.290472
1470   0.301575
1471   0.310627
1472   0.316086
1473   0.317807
1474   0.313183
1475   0.303885
1476   0.290248
1477   0.274067
1478   0.256121
1479   0.237292
1480   0.218143
1481   0.198959
1482   0.180134
1483   0.161663
1484   0.143846
1485   0.126539
1486   0.109998
1487   0.0940134
1488   0.0788258
1489   0.0641969
1490   0.0503704
1491   0.0370958
1492   0.0246363
1493   0.012736
1494   0.00169164
1495   -0.0087571
1496   -0.0182648
1497   -0.0271008
1498   -0.0348579
1499   -0.0418267
1500   -0.047535
1501   -0.0523247
1502   -0.055688
1503   -0.0580827
1504   -0.0590695
1505   0.20341
1506   0.2113
1507   0.220067
1508   0.229667
1509   0.239971
1510   0.250854
1511   0.261718
1512   0.27251
1513   0.281987
1514   0.290273
1515   0.295478
1516   0.297957
1517   0.295881
1518   0.28966
1519   0.279938
1520   0.267175
1521   0.252763
1522   0.236708
1523   0.22028
1524   0.203127
1525   0.186286
1526   0.169232
1527   0.152815
1528   0.136455
1529   0.120869
1530   0.105477
1531   0.0909028
1532   0.0765965
1533   0.063116
1534   0.0499556
1535   0.0376227
1536   0.0256685
1537   0.0145587
1538   0.00391297
1539   -0.00584084
1540   -0.0150021
1541   -0.023182
1542   -0.0305878
1543   -0.0368816
1544   -0.0421841
1545   -0.0462447
1546   -0.0491628
1547   -0.0508732
1548   0.194552
1549   0.201769
1550   0.209818
1551   0.218336
1552   0.227561
1553   0.237016
1554   0.24665
1555   0.255947
1556   0.264458
1557   0.271731
1558   0.276844
1559   0.279602
1560   0.278845
1561   0.274963
1562   0.267801
1563   0.258168
1564   0.246448
1565   0.233291
1566   0.219132
1567   0.204324
1568   0.189224
1569   0.173958
1570   0.158811
1571   0.143767
1572   0.129067
1573   0.114614
1574   0.100625
1575   0.086959
1576   0.073828
1577   0.0610668
1578   0.048896
1579   0.037136
1580   0.0260315
1581   0.0153917
1582   0.0055024
1583   -0.00384049
1584   -0.0122897
1585   -0.0200713
1586   -0.0267558
1587   -0.0326172
1588   -0.0371466
1589   -0.0407371
1590   -0.0429032
1591   0.186056
1592   0.192814
1593   0.200055
1594   0.207763
1595   0.215822
1596   0.2242
1597   0.232468
1598   0.24066
1599   0.247965
1600   0.254511
1601   0.259169
1602   0.262118
1603   0.262335
1604   0.260005
1605   0.255055
1606   0.247713
1607   0.238582
1608   0.227721
1609   0.215951
1610   0.203095
1611   0.189979
1612   0.176245
1613   0.162662
1614   0.148763
1615   0.135258
1616   0.121627
1617   0.108528
1618   0.0954276
1619   0.0829367
1620   0.0705361
1621   0.0587969
1622   0.0472303
1623   0.0363727
1624   0.0257814
1625   0.0159592
1626   0.0065277
1627   -0.00204707
1628   -0.0100551
1629   -0.0170783
1630   -0.0232939
1631   -0.0283641
1632   -0.0323789
1633   -0.0351936
1634   0.177872
1635   0.184104
1636   0.190746
1637   0.197644
1638   0.20486
1639   0.212181
1640   0.2195
1641   0.226573
1642   0.233081
1643   0.238782
1644   0.243148
1645   0.246004
1646   0.246787
1647   0.245528
1648   0.242035
1649   0.236585
1650   0.229329
1651   0.220598
1652   0.210677
1653   0.199812
1654   0.188298
1655   0.176264
1656   0.163972
1657   0.151459
1658   0.13895
1659   0.126417
1660   0.114062
1661   0.101812
1662   0.089858
1663   0.0781014
1664   0.0667291
1665   0.055628
1666   0.044994
1667   0.0347025
1668   0.0249732
1669   0.0156697
1670   0.00705549
1671   -0.00102421
1672   -0.00823038
1673   -0.0147556
1674   -0.0201458
1675   -0.0246937
1676   -0.0278695
1677   0.169989
1678   0.175801
1679   0.181834
1680   0.188085
1681   0.194456
1682   0.200961
1683   0.207297
1684   0.21354
1685   0.219148
1686   0.224255
1687   0.228143
1688   0.230961
1689   0.232052
1690   0.231544
1691   0.229196
1692   0.225116
1693   0.219509
1694   0.212389
1695   0.204245
1696   0.194938
1697   0.185089
1698   0.17441
1699   0.163571
1700   0.152169
1701   0.140877
1702   0.129222
1703   0.117864
1704   0.10629
1705   0.0951407
1706   0.0838906
1707   0.073157
1708   0.0624211
1709   0.0522775
1710   0.0422281
1711   0.0328448
1712   0.0236656
1713   0.015236
1714   0.00715342
1715   -7.46609e-05
1716   -0.00674966
1717   -0.0124323
1718   -0.0172622
1719   -0.0209679
1720   0.162383
1721   0.167773
1722   0.173319
1723   0.178971
1724   0.184711
1725   0.190457
1726   0.196099
1727   0.201529
1728   0.20653
1729   0.21097
1730   0.214545
1731   0.217121
1732   0.218399
1733   0.218311
1734   0.216717
1735   0.213663
1736   0.209203
1737   0.203458
1738   0.196605
1739   0.188765
1740   0.180162
1741   0.170882
1742   0.161146
1743   0.150994
1744   0.140633
1745   0.130059
1746   0.119461
1747   0.108804
1748   0.0982621
1749   0.0877808
1750   0.0775239
1751   0.067425
1752   0.0576448
1753   0.0481104
1754   0.0389873
1755   0.0301985
1756   0.0219254
1757   0.0140845
1758   0.00689278
1759   0.000247233
1760   -0.00555252
1761   -0.0106787
1762   -0.0146162
1763   0.15504
1764   0.160057
1765   0.165146
1766   0.170305
1767   0.175447
1768   0.180611
1769   0.185563
1770   0.19041
1771   0.19475
1772   0.198745
1773   0.201877
1774   0.204319
1775   0.205585
1776   0.205804
1777   0.204719
1778   0.20239
1779   0.198865
1780   0.194106
1781   0.188422
1782   0.181655
1783   0.174287
1784   0.166039
1785   0.157493
1786   0.148268
1787   0.138995
1788   0.129219
1789   0.119587
1790   0.109599
1791   0.0999032
1792   0.0899739
1793   0.0804499
1794   0.0707988
1795   0.061648
1796   0.0524678
1797   0.0438752
1798   0.0353511
1799   0.0275043
1800   0.0198328
1801   0.0129371
1802   0.00634545
1803   0.000635734
1804   -0.00458324
1805   -0.00885402
1806   0.147949
1807   0.15262
1808   0.157328
1809   0.162051
1810   0.166751
1811   0.171387
1812   0.175874
1813   0.180145
1814   0.184066
1815   0.18754
1816   0.1904
1817   0.192536
1818   0.193786
1819   0.194067
1820   0.193289
1821   0.191428
1822   0.188495
1823   0.184527
1824   0.179615
1825   0.173826
1826   0.167295
1827   0.160094
1828   0.152367
1829   0.144173
1830   0.135653
1831   0.126847
1832   0.117883
1833   0.108783
1834   0.0996644
1835   0.0905353
1836   0.0815017
1837   0.0725646
1838   0.0638226
1839   0.055273
1840   0.0470112
1841   0.0390347
1842   0.0314389
1843   0.0242251
1844   0.0174915
1845   0.0112464
1846   0.00559269
1847   0.000547525
1848   -0.00379458
