##### Y Mean #####
0   0.000294434
1   -0.0280491
2   -0.0610578
3   -0.0972597
4   -0.135784
5   -0.174834
6   -0.213804
7   -0.251206
8   -0.286667
9   -0.318724
10   -0.347712
11   -0.373089
12   -0.395242
13   -0.413936
14   -0.429458
15   -0.441734
16   -0.450997
17   -0.457263
18   -0.460812
19   -0.461775
20   -0.460426
21   -0.456978
22   -0.45164
23   -0.444644
24   -0.436176
25   -0.426497
26   -0.415801
27   -0.404366
28   -0.392342
29   -0.379954
30   -0.367303
31   -0.354549
32   -0.341756
33   -0.32902
34   -0.316377
35   -0.303885
36   -0.291567
37   -0.279457
38   -0.267577
39   -0.255951
40   -0.244597
41   -0.233531
42   -0.22277
43   0.0255876
44   -0.00349122
45   -0.0398283
46   -0.0782559
47   -0.121872
48   -0.163477
49   -0.207709
50   -0.247409
51   -0.288196
52   -0.321758
53   -0.354745
54   -0.381534
55   -0.406623
56   -0.426588
57   -0.444177
58   -0.45741
59   -0.468056
60   -0.474862
61   -0.479195
62   -0.480402
63   -0.479301
64   -0.475882
65   -0.470357
66   -0.46312
67   -0.454101
68   -0.443929
69   -0.432416
70   -0.420363
71   -0.407438
72   -0.394376
73   -0.380841
74   -0.367413
75   -0.353818
76   -0.340436
77   -0.327086
78   -0.313984
79   -0.301036
80   -0.288356
81   -0.27591
82   -0.263755
83   -0.25189
84   -0.240341
85   -0.229119
86   0.0557565
87   0.0282217
88   -0.00938795
89   -0.050752
90   -0.0969864
91   -0.143139
92   -0.189863
93   -0.23407
94   -0.276943
95   -0.315968
96   -0.351492
97   -0.382774
98   -0.410332
99   -0.433634
100   -0.453282
101   -0.468772
102   -0.480826
103   -0.489251
104   -0.494576
105   -0.496929
106   -0.496533
107   -0.493646
108   -0.488397
109   -0.481107
110   -0.471941
111   -0.461267
112   -0.449292
113   -0.436453
114   -0.422882
115   -0.408908
116   -0.394637
117   -0.380308
118   -0.365986
119   -0.351794
120   -0.337766
121   -0.323955
122   -0.310385
123   -0.297082
124   -0.28407
125   -0.271364
126   -0.258987
127   -0.246948
128   -0.235269
129   0.089803
130   0.0625138
131   0.0248558
132   -0.01818
133   -0.0677789
134   -0.116322
135   -0.167073
136   -0.213675
137   -0.260181
138   -0.301992
139   -0.34232
140   -0.376053
141   -0.408354
142   -0.433499
143   -0.457387
144   -0.474244
145   -0.489416
146   -0.499255
147   -0.506692
148   -0.510496
149   -0.511464
150   -0.50959
151   -0.504941
152   -0.498045
153   -0.488862
154   -0.478084
155   -0.465585
156   -0.45234
157   -0.437962
158   -0.423331
159   -0.408132
160   -0.393064
161   -0.377874
162   -0.362966
163   -0.348176
164   -0.333702
165   -0.319467
166   -0.305563
167   -0.291967
168   -0.27872
169   -0.265827
170   -0.253307
171   -0.241173
172   0.127335
173   0.103591
174   0.0652449
175   0.0214648
176   -0.0302824
177   -0.0822364
178   -0.135356
179   -0.185766
180   -0.234764
181   -0.280153
182   -0.32252
183   -0.360431
184   -0.394572
185   -0.424187
186   -0.450005
187   -0.47164
188   -0.489347
189   -0.503219
190   -0.513384
191   -0.519904
192   -0.523099
193   -0.522758
194   -0.519456
195   -0.513226
196   -0.504573
197   -0.493983
198   -0.48152
199   -0.467814
200   -0.452982
201   -0.437483
202   -0.42155
203   -0.405525
204   -0.389579
205   -0.373808
206   -0.358317
207   -0.343102
208   -0.328236
209   -0.313697
210   -0.299538
211   -0.285742
212   -0.27235
213   -0.259351
214   -0.246778
215   0.166843
216   0.143866
217   0.107023
218   0.0620246
219   0.0087918
220   -0.0450081
221   -0.100961
222   -0.153574
223   -0.20549
224   -0.252988
225   -0.298181
226   -0.338397
227   -0.375535
228   -0.407649
229   -0.436781
230   -0.46109
231   -0.483213
232   -0.499304
233   -0.514361
234   -0.522301
235   -0.529926
236   -0.530493
237   -0.530263
238   -0.524948
239   -0.517637
240   -0.507989
241   -0.495795
242   -0.482302
243   -0.466931
244   -0.450952
245   -0.434119
246   -0.417414
247   -0.400605
248   -0.384135
249   -0.36789
250   -0.352027
251   -0.336513
252   -0.321395
253   -0.306674
254   -0.292365
255   -0.278481
256   -0.265031
257   -0.252027
258   0.207883
259   0.190338
260   0.152654
261   0.107649
262   0.052966
263   -0.00321012
264   -0.0609071
265   -0.116521
266   -0.170467
267   -0.220882
268   -0.268128
269   -0.311178
270   -0.350389
271   -0.385286
272   -0.416364
273   -0.443356
274   -0.466936
275   -0.486458
276   -0.502659
277   -0.514977
278   -0.524077
279   -0.529802
280   -0.532017
281   -0.531205
282   -0.526711
283   -0.519171
284   -0.508601
285   -0.495215
286   -0.479883
287   -0.463315
288   -0.445958
289   -0.428365
290   -0.410923
291   -0.393635
292   -0.376777
293   -0.360234
294   -0.344168
295   -0.328478
296   -0.313263
297   -0.298461
298   -0.284135
299   -0.270251
300   -0.256853
301   0.248319
302   0.231817
303   0.197502
304   0.152307
305   0.0972261
306   0.0400618
307   -0.0196428
308   -0.0768856
309   -0.133317
310   -0.185562
311   -0.235357
312   -0.280267
313   -0.321968
314   -0.35868
315   -0.39204
316   -0.420705
317   -0.446146
318   -0.467507
319   -0.485709
320   -0.500328
321   -0.512197
322   -0.52069
323   -0.527459
324   -0.529091
325   -0.530297
326   -0.524031
327   -0.517565
328   -0.504628
329   -0.490084
330   -0.473749
331   -0.455929
332   -0.438044
333   -0.419928
334   -0.402111
335   -0.384647
336   -0.367593
337   -0.351007
338   -0.334854
339   -0.319181
340   -0.303962
341   -0.289224
342   -0.274962
343   -0.26119
344   0.287494
345   0.278952
346   0.244494
347   0.200524
348   0.145452
349   0.0861765
350   0.0255376
351   -0.0342009
352   -0.0921861
353   -0.147029
354   -0.19856
355   -0.245975
356   -0.289391
357   -0.328416
358   -0.363375
359   -0.394109
360   -0.421111
361   -0.444341
362   -0.464182
363   -0.480728
364   -0.494265
365   -0.50488
366   -0.512983
367   -0.518028
368   -0.5205
369   -0.519734
370   -0.51542
371   -0.508222
372   -0.496145
373   -0.481297
374   -0.464121
375   -0.445693
376   -0.427348
377   -0.40896
378   -0.391182
379   -0.373696
380   -0.356783
381   -0.340259
382   -0.324259
383   -0.308695
384   -0.293635
385   -0.279043
386   -0.264958
387   0.322272
388   0.313721
389   0.288556
390   0.247737
391   0.193568
392   0.133761
393   0.0712478
394   0.0101688
395   -0.0500253
396   -0.106474
397   -0.160301
398   -0.209364
399   -0.254976
400   -0.295581
401   -0.332529
402   -0.364751
403   -0.393501
404   -0.418127
405   -0.43959
406   -0.457512
407   -0.472619
408   -0.484633
409   -0.494115
410   -0.50102
411   -0.505405
412   -0.507396
413   -0.50712
414   -0.502825
415   -0.497145
416   -0.483608
417   -0.468837
418   -0.450778
419   -0.432425
420   -0.413998
421   -0.396068
422   -0.37843
423   -0.36132
424   -0.344595
425   -0.328369
426   -0.312579
427   -0.29727
428   -0.282432
429   -0.268081
430   0.353988
431   0.350715
432   0.329701
433   0.297142
434   0.242367
435   0.181521
436   0.118698
437   0.0557985
438   -0.00553486
439   -0.0641906
440   -0.119468
441   -0.170768
442   -0.217869
443   -0.260564
444   -0.298937
445   -0.333035
446   -0.363128
447   -0.389391
448   -0.41211
449   -0.431498
450   -0.447806
451   -0.461218
452   -0.472039
453   -0.480387
454   -0.486404
455   -0.490154
456   -0.49156
457   -0.49029
458   -0.486421
459   -0.479285
460   -0.466532
461   -0.451501
462   -0.434172
463   -0.416188
464   -0.398679
465   -0.381236
466   -0.364235
467   -0.347547
468   -0.331289
469   -0.31543
470   -0.299999
471   -0.285013
472   -0.270475
473   0.38227
474   0.380983
475   0.367224
476   0.337325
477   0.288089
478   0.228791
479   0.165366
480   0.101931
481   0.0389574
482   -0.0209009
483   -0.0781534
484   -0.130842
485   -0.179909
486   -0.223983
487   -0.264166
488   -0.299571
489   -0.331264
490   -0.358733
491   -0.382861
492   -0.403394
493   -0.420989
494   -0.435588
495   -0.447635
496   -0.457271
497   -0.464569
498   -0.469777
499   -0.472579
500   -0.473324
501   -0.471327
502   -0.467067
503   -0.459493
504   -0.446798
505   -0.432376
506   -0.415609
507   -0.398957
508   -0.38203
509   -0.365435
510   -0.348996
511   -0.332914
512   -0.317135
513   -0.301723
514   -0.286689
515   -0.272061
516   0.407694
517   0.410588
518   0.401938
519   0.381504
520   0.332427
521   0.27439
522   0.211978
523   0.147879
524   0.0844106
525   0.022902
526   -0.0354123
527   -0.0900086
528   -0.140289
529   -0.186226
530   -0.227621
531   -0.264728
532   -0.297581
533   -0.326559
534   -0.351789
535   -0.373679
536   -0.392373
537   -0.40826
538   -0.421481
539   -0.432368
540   -0.440943
541   -0.447451
542   -0.451756
543   -0.45404
544   -0.453966
545   -0.451706
546   -0.446238
547   -0.43789
548   -0.425384
549   -0.411299
550   -0.395989
551   -0.380353
552   -0.364495
553   -0.348727
554   -0.333032
555   -0.317586
556   -0.302329
557   -0.28741
558   -0.272766
559   0.429967
560   0.435775
561   0.432608
562   0.413969
563   0.373013
564   0.318441
565   0.257052
566   0.193449
567   0.129106
568   0.0669658
569   0.00711151
570   -0.0484923
571   -0.100451
572   -0.147495
573   -0.190501
574   -0.228711
575   -0.263033
576   -0.293079
577   -0.319639
578   -0.342589
579   -0.362525
580   -0.379519
581   -0.393939
582   -0.406005
583   -0.415787
584   -0.423599
585   -0.429204
586   -0.432998
587   -0.434413
588   -0.433868
589   -0.430375
590   -0.424392
591   -0.41522
592   -0.403453
593   -0.390315
594   -0.376123
595   -0.361515
596   -0.34659
597   -0.331607
598   -0.316625
599   -0.301739
600   -0.287022
601   -0.272522
602   0.44908
603   0.45815
604   0.460174
605   0.451355
606   0.411808
607   0.360767
608   0.30147
609   0.238182
610   0.173974
611   0.110749
612   0.0503194
613   -0.00680447
614   -0.0596143
615   -0.108254
616   -0.15221
617   -0.191943
618   -0.227239
619   -0.258694
620   -0.286245
621   -0.310512
622   -0.331486
623   -0.349754
624   -0.365292
625   -0.378621
626   -0.389622
627   -0.398744
628   -0.405712
629   -0.410931
630   -0.413882
631   -0.414973
632   -0.413304
633   -0.409519
634   -0.402391
635   -0.393257
636   -0.381999
637   -0.36973
638   -0.356424
639   -0.342737
640   -0.328571
641   -0.314343
642   -0.299913
643   -0.285608
644   -0.271294
645   0.464874
646   0.476941
647   0.483038
648   0.475838
649   0.446951
650   0.401212
651   0.344243
652   0.282139
653   0.217668
654   0.154416
655   0.0929206
656   0.0352551
657   -0.0189037
658   -0.0683191
659   -0.113664
660   -0.154269
661   -0.190895
662   -0.223271
663   -0.252084
664   -0.277328
665   -0.299528
666   -0.318852
667   -0.335611
668   -0.350084
669   -0.362335
670   -0.372698
671   -0.380989
672   -0.387551
673   -0.391962
674   -0.394513
675   -0.394621
676   -0.392503
677   -0.387742
678   -0.380638
679   -0.371626
680   -0.361084
681   -0.349457
682   -0.337
683   -0.323968
684   -0.310532
685   -0.296809
686   -0.28295
687   -0.269036
688   0.477195
689   0.491476
690   0.502143
691   0.504079
692   0.479445
693   0.441256
694   0.386413
695   0.32493
696   0.261206
697   0.197349
698   0.135844
699   0.0770475
700   0.0224458
701   -0.0282904
702   -0.0742907
703   -0.116228
704   -0.153624
705   -0.187291
706   -0.216965
707   -0.243473
708   -0.266634
709   -0.287221
710   -0.305049
711   -0.320805
712   -0.334229
713   -0.345919
714   -0.355478
715   -0.363442
716   -0.369213
717   -0.373309
718   -0.374911
719   -0.37463
720   -0.371578
721   -0.366654
722   -0.359435
723   -0.350873
724   -0.340743
725   -0.32981
726   -0.317865
727   -0.305492
728   -0.292472
729   -0.279295
730   -0.265759
731   0.486179
732   0.503032
733   0.516196
734   0.520241
735   0.508283
736   0.476667
737   0.426253
738   0.366742
739   0.303335
740   0.240153
741   0.17804
742   0.119175
743   0.0635321
744   0.0123587
745   -0.034806
746   -0.0773628
747   -0.115932
748   -0.150346
749   -0.181191
750   -0.208567
751   -0.232918
752   -0.254495
753   -0.273548
754   -0.290402
755   -0.305096
756   -0.317972
757   -0.328865
758   -0.338083
759   -0.345291
760   -0.350722
761   -0.353962
762   -0.355177
763   -0.354084
764   -0.350897
765   -0.345713
766   -0.338828
767   -0.330468
768   -0.320907
769   -0.310325
770   -0.298947
771   -0.286885
772   -0.274348
773   -0.261443
774   0.491652
775   0.510106
776   0.526446
777   0.536251
778   0.532476
779   0.514636
780   0.465219
781   0.406542
782   0.345115
783   0.281898
784   0.220382
785   0.160728
786   0.10503
787   0.052794
788   0.00527766
789   -0.0384066
790   -0.0775129
791   -0.113074
792   -0.144623
793   -0.173178
794   -0.198392
795   -0.221193
796   -0.241251
797   -0.259379
798   -0.275191
799   -0.289391
800   -0.301485
801   -0.31209
802   -0.320571
803   -0.327501
804   -0.332119
805   -0.335035
806   -0.335486
807   -0.334216
808   -0.330671
809   -0.325666
810   -0.318809
811   -0.310859
812   -0.301484
813   -0.291354
814   -0.280156
815   -0.268508
816   -0.256141
817   0.493759
818   0.514038
819   0.53296
820   0.547127
821   0.55236
822   0.538926
823   0.499704
824   0.445609
825   0.385486
826   0.323679
827   0.26193
828   0.20261
829   0.146141
830   0.0938046
831   0.045363
832   0.00133596
833   -0.0387552
834   -0.0748629
835   -0.107458
836   -0.136753
837   -0.163089
838   -0.186803
839   -0.208058
840   -0.227233
841   -0.24431
842   -0.259651
843   -0.273077
844   -0.284894
845   -0.294798
846   -0.303018
847   -0.309212
848   -0.31355
849   -0.315778
850   -0.316082
851   -0.314402
852   -0.310973
853   -0.305856
854   -0.299297
855   -0.291383
856   -0.282349
857   -0.272274
858   -0.261401
859   -0.249849
860   0.492634
861   0.513601
862   0.535599
863   0.55396
864   0.567449
865   0.568592
866   0.531485
867   0.481519
868   0.42472
869   0.363825
870   0.303169
871   0.243452
872   0.187323
873   0.134226
874   0.0857768
875   0.0408705
876   0.000506507
877   -0.0365673
878   -0.0696866
879   -0.100045
880   -0.127133
881   -0.152006
882   -0.174196
883   -0.194611
884   -0.212754
885   -0.229402
886   -0.243986
887   -0.257177
888   -0.268316
889   -0.278013
890   -0.285538
891   -0.291505
892   -0.295188
893   -0.297264
894   -0.297112
895   -0.295462
896   -0.2918
897   -0.286858
898   -0.280189
899   -0.272498
900   -0.263382
901   -0.253545
902   -0.242652
903   0.488761
904   0.511248
905   0.534986
906   0.557768
907   0.576843
908   0.58071
909   0.558225
910   0.515665
911   0.462022
912   0.403413
913   0.343121
914   0.284298
915   0.227803
916   0.175045
917   0.12599
918   0.0810705
919   0.0399597
920   0.00256202
921   -0.0314461
922   -0.0624084
923   -0.0905238
924   -0.116227
925   -0.139563
926   -0.160972
927   -0.180352
928   -0.198106
929   -0.214004
930   -0.228381
931   -0.240924
932   -0.251891
933   -0.260946
934   -0.268289
935   -0.273646
936   -0.277201
937   -0.278797
938   -0.278636
939   -0.276661
940   -0.273085
941   -0.26791
942   -0.261358
943   -0.253466
944   -0.244492
945   -0.234555
946   0.482191
947   0.504438
948   0.530434
949   0.555286
950   0.580668
951   0.597353
952   0.580338
953   0.547412
954   0.497584
955   0.44065
956   0.382153
957   0.323457
958   0.267883
959   0.214761
960   0.166131
961   0.120639
962   0.0795537
963   0.041409
964   0.00706368
965   -0.0248177
966   -0.0535717
967   -0.0803412
968   -0.104538
969   -0.127125
970   -0.147519
971   -0.166533
972   -0.183548
973   -0.199266
974   -0.213011
975   -0.225417
976   -0.235766
977   -0.244674
978   -0.25142
979   -0.256648
980   -0.259689
981   -0.261223
982   -0.260647
983   -0.258666
984   -0.254735
985   -0.249574
986   -0.242693
987   -0.234855
988   -0.225664
989   0.473525
990   0.49679
991   0.523012
992   0.550654
993   0.577782
994   0.596437
995   0.597265
996   0.573552
997   0.52976
998   0.476411
999   0.419146
1000   0.362201
1001   0.306799
1002   0.254563
1003   0.205718
1004   0.160576
1005   0.119027
1006   0.0807836
1007   0.0457394
1008   0.0133868
1009   -0.0162688
1010   -0.0437849
1011   -0.0690364
1012   -0.0925555
1013   -0.114114
1014   -0.134182
1015   -0.152453
1016   -0.169314
1017   -0.184409
1018   -0.198045
1019   -0.209859
1020   -0.220088
1021   -0.228417
1022   -0.235045
1023   -0.239739
1024   -0.242686
1025   -0.243738
1026   -0.243084
1027   -0.240649
1028   -0.236637
1029   -0.23104
1030   -0.22412
1031   -0.215989
1032   0.462698
1033   0.484967
1034   0.51213
1035   0.539956
1036   0.569817
1037   0.594229
1038   0.604754
1039   0.599981
1040   0.559477
1041   0.508581
1042   0.454651
1043   0.398428
1044   0.344672
1045   0.292502
1046   0.244567
1047   0.199209
1048   0.157994
1049   0.119264
1050   0.0840666
1051   0.0509822
1052   0.020806
1053   -0.0076313
1054   -0.0336533
1055   -0.0582277
1056   -0.0807192
1057   -0.101943
1058   -0.121257
1059   -0.139366
1060   -0.155597
1061   -0.170585
1062   -0.183625
1063   -0.195325
1064   -0.204967
1065   -0.213167
1066   -0.219223
1067   -0.223781
1068   -0.226171
1069   -0.227073
1070   -0.225861
1071   -0.223257
1072   -0.218696
1073   -0.212978
1074   -0.20565
1075   0.450306
1076   0.472731
1077   0.498781
1078   0.527353
1079   0.55751
1080   0.585022
1081   0.605742
1082   0.607006
1083   0.582257
1084   0.538732
1085   0.487348
1086   0.433696
1087   0.380629
1088   0.329902
1089   0.282209
1090   0.237571
1091   0.196235
1092   0.157622
1093   0.12197
1094   0.0885539
1095   0.0576683
1096   0.0285985
1097   0.00168971
1098   -0.0237083
1099   -0.0472123
1100   -0.0693852
1101   -0.0898159
1102   -0.10897
1103   -0.126425
1104   -0.14255
1105   -0.156933
1106   -0.169862
1107   -0.180966
1108   -0.19047
1109   -0.198071
1110   -0.203957
1111   -0.207902
1112   -0.210079
1113   -0.21034
1114   -0.208876
1115   -0.20563
1116   -0.20086
1117   -0.194664
1118   0.436438
1119   0.457145
1120   0.482946
1121   0.510072
1122   0.540976
1123   0.569615
1124   0.597569
1125   0.615796
1126   0.597323
1127   0.563441
1128   0.516475
1129   0.464609
1130   0.414081
1131   0.364084
1132   0.317878
1133   0.273512
1134   0.232839
1135   0.194099
1136   0.158497
1137   0.124636
1138   0.0933933
1139   0.0636548
1140   0.0361331
1141   0.00991057
1142   -0.0143711
1143   -0.03749
1144   -0.0588171
1145   -0.079032
1146   -0.0974859
1147   -0.114794
1148   -0.130278
1149   -0.144522
1150   -0.15682
1151   -0.167756
1152   -0.176615
1153   -0.184003
1154   -0.189208
1155   -0.192877
1156   -0.194324
1157   -0.194258
1158   -0.19205
1159   -0.188518
1160   -0.183162
1161   0.421814
1162   0.442127
1163   0.465989
1164   0.492754
1165   0.522205
1166   0.552372
1167   0.581345
1168   0.601625
1169   0.604651
1170   0.580543
1171   0.540007
1172   0.492716
1173   0.444088
1174   0.396431
1175   0.351192
1176   0.307979
1177   0.267676
1178   0.229309
1179   0.193635
1180   0.159654
1181   0.128039
1182   0.0978807
1183   0.069783
1184   0.0429504
1185   0.0179416
1186   -0.00592138
1187   -0.0281076
1188   -0.0491786
1189   -0.0686257
1190   -0.0868992
1191   -0.10352
1192   -0.118836
1193   -0.132413
1194   -0.144516
1195   -0.154769
1196   -0.163374
1197   -0.170028
1198   -0.174899
1199   -0.177769
1200   -0.178812
1201   -0.177921
1202   -0.175345
1203   -0.171163
1204   0.406539
1205   0.42493
1206   0.447888
1207   0.472421
1208   0.501085
1209   0.529488
1210   0.559505
1211   0.583756
1212   0.595129
1213   0.592883
1214   0.557899
1215   0.513876
1216   0.469533
1217   0.423537
1218   0.380534
1219   0.338338
1220   0.299114
1221   0.26121
1222   0.225904
1223   0.191982
1224   0.160313
1225   0.129935
1226   0.101521
1227   0.0742646
1228   0.0487586
1229   0.0243049
1230   0.00147923
1231   -0.0203394
1232   -0.0405551
1233   -0.0597374
1234   -0.0772527
1235   -0.093644
1236   -0.108236
1237   -0.121568
1238   -0.13293
1239   -0.142881
1240   -0.150685
1241   -0.156951
1242   -0.160942
1243   -0.163344
1244   -0.16347
1245   -0.162141
1246   -0.158812
1247   0.391207
1248   0.408945
1249   0.429684
1250   0.453056
1251   0.479007
1252   0.506406
1253   0.533985
1254   0.558919
1255   0.57715
1256   0.580246
1257   0.565993
1258   0.529943
1259   0.489497
1260   0.446712
1261   0.405776
1262   0.36528
1263   0.327258
1264   0.290168
1265   0.255474
1266   0.221859
1267   0.190414
1268   0.160026
1269   0.131558
1270   0.104071
1271   0.0782947
1272   0.0534367
1273   0.0301514
1274   0.00777772
1275   -0.0130811
1276   -0.0329627
1277   -0.0513081
1278   -0.0685398
1279   -0.084147
1280   -0.0984481
1281   -0.11099
1282   -0.122002
1283   -0.131103
1284   -0.138463
1285   -0.143791
1286   -0.147244
1287   -0.14866
1288   -0.148271
1289   -0.14613
1290   0.375845
1291   0.391813
1292   0.411343
1293   0.432243
1294   0.456437
1295   0.480797
1296   0.506753
1297   0.529661
1298   0.550416
1299   0.562867
1300   0.554714
1301   0.534756
1302   0.499947
1303   0.461206
1304   0.423767
1305   0.385856
1306   0.349642
1307   0.314121
1308   0.280416
1309   0.247733
1310   0.216793
1311   0.1869
1312   0.158611
1313   0.131296
1314   0.105455
1315   0.0805135
1316   0.0569654
1317   0.0342813
1318   0.0129837
1319   -0.00742523
1320   -0.0263763
1321   -0.0443509
1322   -0.0607225
1323   -0.0759736
1324   -0.0894174
1325   -0.101558
1326   -0.111656
1327   -0.120264
1328   -0.126614
1329   -0.131351
1330   -0.133735
1331   -0.134573
1332   -0.133272
1333   0.360845
1334   0.376085
1335   0.393544
1336   0.41299
1337   0.434293
1338   0.456799
1339   0.4794
1340   0.501296
1341   0.519651
1342   0.533357
1343   0.535857
1344   0.523216
1345   0.501311
1346   0.468388
1347   0.435599
1348   0.400522
1349   0.367057
1350   0.333296
1351   0.301358
1352   0.269779
1353   0.239967
1354   0.210724
1355   0.183113
1356   0.156116
1357   0.130613
1358   0.105731
1359   0.0822415
1360   0.0594022
1361   0.037913
1362   0.017154
1363   -0.00222923
1364   -0.0207382
1365   -0.0377786
1366   -0.0537361
1367   -0.068073
1368   -0.0810652
1369   -0.0922445
1370   -0.101797
1371   -0.109349
1372   -0.115046
1373   -0.118657
1374   -0.120391
1375   -0.120265
1376   0.346157
1377   0.359954
1378   0.376212
1379   0.393503
1380   0.412989
1381   0.432746
1382   0.45341
1383   0.472621
1384   0.490068
1385   0.502928
1386   0.508296
1387   0.505163
1388   0.488392
1389   0.465022
1390   0.437056
1391   0.407287
1392   0.376892
1393   0.346369
1394   0.316434
1395   0.286953
1396   0.25845
1397   0.230588
1398   0.203801
1399   0.17769
1400   0.152657
1401   0.128287
1402   0.10499
1403   0.0823556
1404   0.0608257
1405   0.039996
1406   0.0203601
1407   0.00151605
1408   -0.0159771
1409   -0.032529
1410   -0.0475034
1411   -0.061334
1412   -0.0733035
1413   -0.0838963
1414   -0.0923306
1415   -0.0991896
1416   -0.103689
1417   -0.106597
1418   -0.10727
1419   0.331977
1420   0.345062
1421   0.359627
1422   0.375534
1423   0.392614
1424   0.410525
1425   0.428345
1426   0.44578
1427   0.460679
1428   0.472993
1429   0.478767
1430   0.479172
1431   0.470221
1432   0.453347
1433   0.432194
1434   0.407172
1435   0.381306
1436   0.353912
1437   0.327017
1438   0.29963
1439   0.273216
1440   0.246762
1441   0.22142
1442   0.196234
1443   0.172177
1444   0.148375
1445   0.125691
1446   0.10334
1447   0.0821132
1448   0.0613247
1449   0.0417081
1450   0.0226831
1451   0.00493177
1452   -0.0120118
1453   -0.0275201
1454   -0.041937
1455   -0.0547012
1456   -0.0660378
1457   -0.0754787
1458   -0.0831677
1459   -0.0887887
1460   -0.0925178
1461   -0.0943189
1462   0.31822
1463   0.330187
1464   0.343685
1465   0.357891
1466   0.373395
1467   0.389123
1468   0.405195
1469   0.420411
1470   0.43413
1471   0.445247
1472   0.451964
1473   0.454121
1474   0.448691
1475   0.437595
1476   0.421195
1477   0.401548
1478   0.37954
1479   0.35617
1480   0.332088
1481   0.307609
1482   0.283202
1483   0.258845
1484   0.234919
1485   0.211241
1486   0.188161
1487   0.165422
1488   0.143374
1489   0.121731
1490   0.100865
1491   0.0804747
1492   0.0609768
1493   0.0420594
1494   0.0242006
1495   0.00707424
1496   -0.0087601
1497   -0.0236543
1498   -0.036949
1499   -0.0490444
1500   -0.0591784
1501   -0.067849
1502   -0.0742401
1503   -0.0790513
1504   -0.0815807
1505   0.304958
1506   0.31625
1507   0.328434
1508   0.341436
1509   0.355088
1510   0.36923
1511   0.38316
1512   0.396796
1513   0.408711
1514   0.419017
1515   0.425555
1516   0.428693
1517   0.426353
1518   0.418942
1519   0.40725
1520   0.391717
1521   0.374022
1522   0.354061
1523   0.3334
1524   0.311509
1525   0.289711
1526   0.267264
1527   0.245305
1528   0.223017
1529   0.201409
1530   0.179659
1531   0.158693
1532   0.137722
1533   0.117612
1534   0.0976307
1535   0.0785952
1536   0.0598508
1537   0.042168
1538   0.0249885
1539   0.00903289
1540   -0.00613865
1541   -0.0198661
1542   -0.032451
1543   -0.0433194
1544   -0.0526416
1545   -0.0599928
1546   -0.065515
1547   -0.069091
1548   0.292113
1549   0.302532
1550   0.313797
1551   0.325488
1552   0.337846
1553   0.350318
1554   0.36282
1555   0.374756
1556   0.385589
1557   0.394794
1558   0.401295
1559   0.404861
1560   0.404139
1561   0.39957
1562   0.390958
1563   0.379221
1564   0.364794
1565   0.348405
1566   0.330562
1567   0.311648
1568   0.292093
1569   0.272019
1570   0.251786
1571   0.231358
1572   0.211053
1573   0.190745
1574   0.170744
1575   0.150872
1576   0.131448
1577   0.11227
1578   0.0936817
1579   0.0754632
1580   0.0580059
1581   0.0410707
1582   0.0251188
1583   0.00988635
1584   -0.00406655
1585   -0.0170459
1586   -0.0283615
1587   -0.0384051
1588   -0.0463629
1589   -0.0528269
1590   -0.0570252
1591   0.279702
1592   0.289486
1593   0.299737
1594   0.310418
1595   0.321383
1596   0.332573
1597   0.343491
1598   0.35415
1599   0.363624
1600   0.372024
1601   0.378069
1602   0.381919
1603   0.382426
1604   0.379739
1605   0.373821
1606   0.364853
1607   0.353596
1608   0.340017
1609   0.325157
1610   0.308692
1611   0.291694
1612   0.273616
1613   0.255492
1614   0.236638
1615   0.218044
1616   0.198957
1617   0.18033
1618   0.161388
1619   0.143051
1620   0.124559
1621   0.106799
1622   0.0890512
1623   0.0721692
1624   0.055497
1625   0.0398493
1626   0.0246631
1627   0.0107023
1628   -0.00246406
1629   -0.014147
1630   -0.024605
1631   -0.0332816
1632   -0.0403018
1633   -0.045423
1634   0.267676
1635   0.276756
1636   0.286225
1637   0.295898
1638   0.305828
1639   0.315758
1640   0.32555
1641   0.334912
1642   0.343466
1643   0.350919
1644   0.356656
1645   0.360461
1646   0.361677
1647   0.360321
1648   0.356169
1649   0.349517
1650   0.340539
1651   0.329593
1652   0.317015
1653   0.303066
1654   0.288098
1655   0.27224
1656   0.255819
1657   0.238856
1658   0.22165
1659   0.204148
1660   0.186633
1661   0.169008
1662   0.151551
1663   0.134137
1664   0.117055
1665   0.100162
1666   0.0837714
1667   0.067726
1668   0.052381
1669   0.0375617
1670   0.0236946
1671   0.0105739
1672   -0.00125489
1673   -0.0120616
1674   -0.0211216
1675   -0.0288696
1676   -0.0344659
1677   0.256032
1678   0.264525
1679   0.273205
1680   0.282053
1681   0.290945
1682   0.29988
1683   0.308504
1684   0.316883
1685   0.324394
1686   0.331163
1687   0.336377
1688   0.340163
1689   0.341794
1690   0.341356
1691   0.338618
1692   0.333627
1693   0.326684
1694   0.317708
1695   0.307353
1696   0.295343
1697   0.28251
1698   0.268391
1699   0.253896
1700   0.238419
1701   0.222901
1702   0.20664
1703   0.190584
1704   0.173981
1705   0.157776
1706   0.141194
1707   0.125173
1708   0.108943
1709   0.0934278
1710   0.077883
1711   0.0632119
1712   0.0487212
1713   0.0352823
1714   0.0222888
1715   0.0105571
1716   -0.000365536
1717   -0.00977067
1718   -0.0178617
1719   -0.0241988
1720   0.244746
1721   0.252657
1722   0.260684
1723   0.268761
1724   0.276853
1725   0.284854
1726   0.292628
1727   0.300035
1728   0.30682
1729   0.312814
1730   0.31766
1731   0.32119
1732   0.323053
1733   0.323153
1734   0.321325
1735   0.317604
1736   0.312052
1737   0.304787
1738   0.296018
1739   0.285865
1740   0.274599
1741   0.262295
1742   0.249234
1743   0.235439
1744   0.221181
1745   0.206437
1746   0.191468
1747   0.176218
1748   0.160939
1749   0.145554
1750   0.130314
1751   0.115132
1752   0.100262
1753   0.0856111
1754   0.0714489
1755   0.057678
1756   0.0445956
1757   0.032095
1758   0.02053
1759   0.00976161
1760   0.000271919
1761   -0.00818943
1762   -0.0148076
1763   0.233813
1764   0.241197
1765   0.248607
1766   0.256032
1767   0.263361
1768   0.270625
1769   0.27755
1770   0.284237
1771   0.290229
1772   0.29568
1773   0.300012
1774   0.303376
1775   0.305247
1776   0.305714
1777   0.304525
1778   0.301677
1779   0.297287
1780   0.291223
1781   0.283924
1782   0.2751
1783   0.265417
1784   0.254426
1785   0.242933
1786   0.230359
1787   0.217587
1788   0.203941
1789   0.190349
1790   0.176069
1791   0.16205
1792   0.147514
1793   0.133419
1794   0.11897
1795   0.105128
1796   0.0910985
1797   0.0778404
1798   0.0645701
1799   0.0522451
1800   0.0401035
1801   0.0290962
1802   0.0185039
1803   0.0092439
1804   0.000719233
1805   -0.00634322
1806   0.223224
1807   0.230114
1808   0.236995
1809   0.243833
1810   0.250574
1811   0.257159
1812   0.263482
1813   0.269453
1814   0.27491
1815   0.279731
1816   0.283712
1817   0.286717
1818   0.288553
1819   0.289108
1820   0.288276
1821   0.286015
1822   0.282334
1823   0.277261
1824   0.270903
1825   0.263324
1826   0.254684
1827   0.245052
1828   0.23461
1829   0.223415
1830   0.211646
1831   0.199343
1832   0.186679
1833   0.173677
1834   0.160501
1835   0.147165
1836   0.133827
1837   0.120492
1838   0.107318
1839   0.0943095
1840   0.0816241
1841   0.0692706
1842   0.0574101
1843   0.0460583
1844   0.0353828
1845   0.0254098
1846   0.0163137
1847   0.00813341
1848   0.00102774
