##### Y Mean #####
0   0.00174631
1   -0.0281539
2   -0.0630729
3   -0.10151
4   -0.142599
5   -0.184497
6   -0.226571
7   -0.267198
8   -0.305918
9   -0.340977
10   -0.372771
11   -0.400663
12   -0.425094
13   -0.44579
14   -0.463045
15   -0.476766
16   -0.487173
17   -0.494276
18   -0.498359
19   -0.499573
20   -0.498204
21   -0.494505
22   -0.48868
23   -0.481007
24   -0.471677
25   -0.461008
26   -0.449207
27   -0.436617
28   -0.423394
29   -0.409809
30   -0.395963
31   -0.38205
32   -0.368123
33   -0.354298
34   -0.340601
35   -0.327092
36   -0.31379
37   -0.30073
38   -0.287927
39   -0.275407
40   -0.263186
41   -0.25128
42   -0.239704
43   0.0290606
44   -0.00147284
45   -0.0397399
46   -0.080364
47   -0.126674
48   -0.171162
49   -0.218826
50   -0.261854
51   -0.306551
52   -0.343146
53   -0.379459
54   -0.408918
55   -0.436689
56   -0.458904
57   -0.478532
58   -0.493464
59   -0.505488
60   -0.513331
61   -0.518345
62   -0.519971
63   -0.518905
64   -0.51537
65   -0.509333
66   -0.50149
67   -0.491505
68   -0.480347
69   -0.46757
70   -0.454332
71   -0.440036
72   -0.425726
73   -0.41084
74   -0.396193
75   -0.381338
76   -0.366807
77   -0.352303
78   -0.338127
79   -0.324118
80   -0.310431
81   -0.297
82   -0.2839
83   -0.271116
84   -0.25868
85   -0.246602
86   0.0615234
87   0.0327902
88   -0.00661398
89   -0.0500973
90   -0.098929
91   -0.147929
92   -0.197983
93   -0.245623
94   -0.292354
95   -0.335121
96   -0.374253
97   -0.408899
98   -0.439583
99   -0.465673
100   -0.487814
101   -0.505369
102   -0.519151
103   -0.528919
104   -0.535233
105   -0.538254
106   -0.538162
107   -0.535284
108   -0.529696
109   -0.521794
110   -0.511724
111   -0.499955
112   -0.486694
113   -0.472495
114   -0.457477
115   -0.442055
116   -0.426327
117   -0.410592
118   -0.394904
119   -0.37941
120   -0.364132
121   -0.349127
122   -0.334413
123   -0.320011
124   -0.305942
125   -0.292219
126   -0.278864
127   -0.265884
128   -0.253301
129   0.0980358
130   0.0697597
131   0.0305543
132   -0.014407
133   -0.0664925
134   -0.11772
135   -0.171712
136   -0.221663
137   -0.271981
138   -0.317745
139   -0.362257
140   -0.399652
141   -0.435891
142   -0.464088
143   -0.491318
144   -0.510478
145   -0.528017
146   -0.539562
147   -0.548448
148   -0.553352
149   -0.554932
150   -0.553408
151   -0.548561
152   -0.541231
153   -0.531134
154   -0.519315
155   -0.505397
156   -0.490758
157   -0.474732
158   -0.458544
159   -0.441662
160   -0.425056
161   -0.408303
162   -0.391966
163   -0.375769
164   -0.35999
165   -0.344489
166   -0.329391
167   -0.314645
168   -0.300304
169   -0.286363
170   -0.272843
171   -0.259752
172   0.138123
173   0.113793
174   0.0741459
175   0.0287607
176   -0.0252337
177   -0.0796583
178   -0.135849
179   -0.18949
180   -0.24228
181   -0.291605
182   -0.338151
183   -0.380125
184   -0.418294
185   -0.451686
186   -0.481117
187   -0.506074
188   -0.526739
189   -0.543219
190   -0.555563
191   -0.563801
192   -0.568246
193   -0.568576
194   -0.565471
195   -0.558953
196   -0.549584
197   -0.537979
198   -0.524155
199   -0.508906
200   -0.492338
201   -0.475027
202   -0.457243
203   -0.439414
204   -0.421736
205   -0.404314
206   -0.387268
207   -0.370575
208   -0.35432
209   -0.338457
210   -0.32305
211   -0.308064
212   -0.293549
213   -0.279479
214   -0.265896
215   0.180127
216   0.15677
217   0.119031
218   0.0726737
219   0.0175438
220   -0.0385444
221   -0.0972889
222   -0.153025
223   -0.208492
224   -0.259846
225   -0.309087
226   -0.353463
227   -0.394746
228   -0.430939
229   -0.464106
230   -0.492229
231   -0.518273
232   -0.537419
233   -0.555874
234   -0.56583
235   -0.575883
236   -0.577329
237   -0.57807
238   -0.572755
239   -0.565053
240   -0.554691
241   -0.541164
242   -0.526203
243   -0.5089
244   -0.490981
245   -0.472012
246   -0.453325
247   -0.434529
248   -0.416233
249   -0.398229
250   -0.380737
251   -0.363676
252   -0.34711
253   -0.331023
254   -0.315429
255   -0.300336
256   -0.285747
257   -0.271671
258   0.223559
259   0.205981
260   0.16765
261   0.121681
262   0.0653474
263   0.00721882
264   -0.053083
265   -0.111561
266   -0.168929
267   -0.22297
268   -0.274191
269   -0.321288
270   -0.364679
271   -0.403711
272   -0.438946
273   -0.469964
274   -0.497554
275   -0.520774
276   -0.540489
277   -0.555891
278   -0.567746
279   -0.575781
280   -0.579691
281   -0.580074
282   -0.576018
283   -0.568268
284   -0.556821
285   -0.541906
286   -0.524625
287   -0.505876
288   -0.486214
289   -0.466328
290   -0.44671
291   -0.42733
292   -0.408543
293   -0.390167
294   -0.372414
295   -0.355127
296   -0.338437
297   -0.322241
298   -0.306625
299   -0.291524
300   -0.277
301   0.2662
302   0.249821
303   0.215214
304   0.169277
305   0.112934
306   0.0540291
307   -0.00792911
308   -0.0678511
309   -0.127391
310   -0.183085
311   -0.236606
312   -0.285444
313   -0.33119
314   -0.372009
315   -0.409489
316   -0.442237
317   -0.47168
318   -0.496976
319   -0.518897
320   -0.537084
321   -0.552295
322   -0.56381
323   -0.57358
324   -0.57702
325   -0.580298
326   -0.574104
327   -0.567895
328   -0.5535
329   -0.537136
330   -0.518653
331   -0.498308
332   -0.47801
333   -0.457459
334   -0.43737
335   -0.417764
336   -0.398721
337   -0.380285
338   -0.362411
339   -0.34514
340   -0.328433
341   -0.312315
342   -0.296769
343   -0.281805
344   0.307398
345   0.299205
346   0.264651
347   0.220285
348   0.164173
349   0.103528
350   0.0408557
351   -0.0212269
352   -0.0821116
353   -0.140098
354   -0.195167
355   -0.24626
356   -0.293586
357   -0.336551
358   -0.375564
359   -0.410298
360   -0.441343
361   -0.468519
362   -0.492249
363   -0.512531
364   -0.529665
365   -0.543642
366   -0.554945
367   -0.562708
368   -0.567509
369   -0.568414
370   -0.564949
371   -0.557938
372   -0.544747
373   -0.528064
374   -0.50849
375   -0.487373
376   -0.466469
377   -0.44556
378   -0.425511
379   -0.405862
380   -0.386988
381   -0.368613
382   -0.350925
383   -0.333776
384   -0.317268
385   -0.301319
386   -0.285995
387   0.343996
388   0.335913
389   0.310851
390   0.269781
391   0.214917
392   0.153964
393   0.0897935
394   0.0266059
395   -0.0361294
396   -0.0954851
397   -0.152529
398   -0.205062
399   -0.254322
400   -0.298719
401   -0.33953
402   -0.375679
403   -0.408353
404   -0.436928
405   -0.462258
406   -0.484005
407   -0.502781
408   -0.518327
409   -0.5311
410   -0.541127
411   -0.548236
412   -0.552631
413   -0.554354
414   -0.551028
415   -0.54612
416   -0.531028
417   -0.514468
418   -0.493741
419   -0.472718
420   -0.451691
421   -0.431367
422   -0.411474
423   -0.392296
424   -0.373639
425   -0.355636
426   -0.338196
427   -0.321368
428   -0.305124
429   -0.289478
430   0.377329
431   0.37471
432   0.353886
433   0.321263
434   0.266007
435   0.204359
436   0.140108
437   0.0754523
438   0.0118232
439   -0.0493978
440   -0.107653
441   -0.162114
442   -0.212659
443   -0.258891
444   -0.30098
445   -0.338818
446   -0.372754
447   -0.402838
448   -0.429402
449   -0.452552
450   -0.47257
451   -0.489532
452   -0.503801
453   -0.515388
454   -0.524424
455   -0.530876
456   -0.534625
457   -0.535115
458   -0.532435
459   -0.525634
460   -0.511616
461   -0.494716
462   -0.474942
463   -0.454378
464   -0.43453
465   -0.414806
466   -0.395723
467   -0.377057
468   -0.358992
469   -0.341436
470   -0.324454
471   -0.308017
472   -0.292155
473   0.406997
474   0.40641
475   0.393001
476   0.363157
477   0.313674
478   0.253758
479   0.189251
480   0.124299
481   0.0593896
482   -0.00277927
483   -0.0626654
484   -0.118274
485   -0.170478
486   -0.21789
487   -0.261534
488   -0.300531
489   -0.335868
490   -0.367062
491   -0.394891
492   -0.419148
493   -0.440371
494   -0.458564
495   -0.47404
496   -0.48704
497   -0.497432
498   -0.505573
499   -0.51088
500   -0.513842
501   -0.513421
502   -0.510263
503   -0.502913
504   -0.48895
505   -0.472847
506   -0.453768
507   -0.434925
508   -0.415793
509   -0.397152
510   -0.37876
511   -0.360868
512   -0.343392
513   -0.326409
514   -0.309913
515   -0.293931
516   0.433598
517   0.437324
518   0.42906
519   0.408795
520   0.359644
521   0.301269
522   0.237977
523   0.172685
524   0.107523
525   0.044042
526   -0.0166566
527   -0.0738514
528   -0.127041
529   -0.17603
530   -0.220699
531   -0.261161
532   -0.297515
533   -0.330026
534   -0.358865
535   -0.384341
536   -0.406631
537   -0.426038
538   -0.442732
539   -0.45697
540   -0.468758
541   -0.478267
542   -0.485314
543   -0.490014
544   -0.491923
545   -0.491163
546   -0.486407
547   -0.477992
548   -0.464268
549   -0.448558
550   -0.431363
551   -0.4138
552   -0.39604
553   -0.378433
554   -0.360995
555   -0.343894
556   -0.32709
557   -0.310715
558   -0.294718
559   0.456827
560   0.463469
561   0.46081
562   0.442439
563   0.401557
564   0.346779
565   0.284799
566   0.220217
567   0.154511
568   0.090643
569   0.0287379
570   -0.0292214
571   -0.0837777
572   -0.133656
573   -0.179661
574   -0.221047
575   -0.258637
576   -0.29208
577   -0.322061
578   -0.348513
579   -0.371911
580   -0.392405
581   -0.41022
582   -0.425677
583   -0.438658
584   -0.449593
585   -0.45801
586   -0.464443
587   -0.46802
588   -0.469299
589   -0.466897
590   -0.461417
591   -0.451884
592   -0.439071
593   -0.424566
594   -0.408776
595   -0.392528
596   -0.375937
597   -0.359337
598   -0.342789
599   -0.326412
600   -0.310277
601   -0.294439
602   0.476711
603   0.486703
604   0.489237
605   0.480741
606   0.441395
607   0.390353
608   0.330628
609   0.266641
610   0.20129
611   0.136646
612   0.0744028
613   0.015231
614   -0.039949
615   -0.0911388
616   -0.137892
617   -0.18055
618   -0.218951
619   -0.253591
620   -0.284443
621   -0.312048
622   -0.336417
623   -0.358073
624   -0.376999
625   -0.393663
626   -0.407919
627   -0.420175
628   -0.430091
629   -0.438045
630   -0.443381
631   -0.446508
632   -0.446279
633   -0.443431
634   -0.436393
635   -0.426828
636   -0.414637
637   -0.401197
638   -0.386532
639   -0.371429
640   -0.355812
641   -0.340151
642   -0.324319
643   -0.308663
644   -0.29305
645   0.493087
646   0.506051
647   0.512747
648   0.50594
649   0.477315
650   0.431654
651   0.374485
652   0.311862
653   0.246536
654   0.182086
655   0.119081
656   0.059595
657   0.00336122
658   -0.0483899
659   -0.0962613
660   -0.139604
661   -0.179097
662   -0.214507
663   -0.246424
664   -0.274898
665   -0.300341
666   -0.322996
667   -0.34304
668   -0.360842
669   -0.376302
670   -0.389853
671   -0.401112
672   -0.410524
673   -0.417427
674   -0.422199
675   -0.423999
676   -0.423102
677   -0.418913
678   -0.411813
679   -0.402353
680   -0.391015
681   -0.378376
682   -0.364759
683   -0.350492
684   -0.33578
685   -0.320779
686   -0.305654
687   -0.290501
688   0.505835
689   0.521073
690   0.532321
691   0.534667
692   0.51035
693   0.472344
694   0.417434
695   0.35567
696   0.291279
697   0.226497
698   0.163694
699   0.103357
700   0.0468928
701   -0.00591007
702   -0.0542407
703   -0.0986713
704   -0.138765
705   -0.175254
706   -0.2079
707   -0.237464
708   -0.26378
709   -0.287568
710   -0.308638
711   -0.327641
712   -0.344278
713   -0.359128
714   -0.371714
715   -0.382561
716   -0.39094
717   -0.397378
718   -0.400858
719   -0.402055
720   -0.399864
721   -0.395355
722   -0.388042
723   -0.379075
724   -0.368235
725   -0.356431
726   -0.343464
727   -0.330008
728   -0.315841
729   -0.301512
730   -0.286809
731   0.515091
732   0.532862
733   0.546677
734   0.551169
735   0.539509
736   0.508103
737   0.45778
738   0.398132
739   0.334302
740   0.270381
741   0.207237
742   0.147036
743   0.0898003
744   0.0367607
745   -0.0124794
746   -0.0573467
747   -0.098384
748   -0.135464
749   -0.169083
750   -0.199394
751   -0.226738
752   -0.251433
753   -0.273607
754   -0.293664
755   -0.311496
756   -0.327529
757   -0.341424
758   -0.353566
759   -0.363426
760   -0.371291
761   -0.376559
762   -0.379426
763   -0.379488
764   -0.377004
765   -0.372088
766   -0.365109
767   -0.356363
768   -0.34619
769   -0.334829
770   -0.322552
771   -0.309506
772   -0.295932
773   -0.281957
774   0.520711
775   0.540117
776   0.55709
777   0.567367
778   0.563859
779   0.546199
780   0.496994
781   0.438379
782   0.376672
783   0.312949
784   0.250582
785   0.189842
786   0.132742
787   0.0788864
788   0.0294785
789   -0.0162851
790   -0.0576947
791   -0.095715
792   -0.129898
793   -0.161211
794   -0.18931
795   -0.215086
796   -0.238191
797   -0.259415
798   -0.278327
799   -0.295617
800   -0.310712
801   -0.324224
802   -0.335398
803   -0.344816
804   -0.351562
805   -0.356289
806   -0.358082
807   -0.357786
808   -0.354766
809   -0.349975
810   -0.342989
811   -0.334698
812   -0.324756
813   -0.313931
814   -0.301899
815   -0.289354
816   -0.276009
817   0.522844
818   0.544034
819   0.563623
820   0.578242
821   0.583735
822   0.570511
823   0.531537
824   0.47758
825   0.417371
826   0.355209
827   0.292841
828   0.232613
829   0.174983
830   0.121209
831   0.071111
832   0.0251777
833   -0.0169985
834   -0.0554098
835   -0.0904441
836   -0.122365
837   -0.151418
838   -0.178001
839   -0.202166
840   -0.224359
841   -0.244434
842   -0.262817
843   -0.279184
844   -0.293893
845   -0.306485
846   -0.317227
847   -0.325627
848   -0.331881
849   -0.335634
850   -0.337102
851   -0.336205
852   -0.333223
853   -0.328244
854   -0.321567
855   -0.313313
856   -0.303764
857   -0.293026
858   -0.281382
859   -0.268972
860   0.521647
861   0.543544
862   0.566175
863   0.585005
864   0.598694
865   0.599966
866   0.563187
867   0.513477
868   0.456689
869   0.395625
870   0.3345
871   0.274091
872   0.21697
873   0.162658
874   0.112721
875   0.0661232
876   0.0238327
877   -0.0153448
878   -0.050761
879   -0.0835659
880   -0.113248
881   -0.140834
882   -0.165836
883   -0.18914
884   -0.210207
885   -0.229801
886   -0.247279
887   -0.263309
888   -0.277127
889   -0.289353
890   -0.299129
891   -0.307102
892   -0.312426
893   -0.315847
894   -0.316655
895   -0.315682
896   -0.312359
897   -0.307527
898   -0.300703
899   -0.292691
900   -0.283058
901   -0.272597
902   -0.260945
903   0.517603
904   0.540974
905   0.565363
906   0.588573
907   0.607858
908   0.611886
909   0.589661
910   0.547368
911   0.493869
912   0.435205
913   0.374637
914   0.315273
915   0.257996
916   0.204186
917   0.153855
918   0.107405
919   0.064573
920   0.0252243
921   -0.0108891
922   -0.0441582
923   -0.0746951
924   -0.102989
925   -0.128984
926   -0.15318
927   -0.175358
928   -0.195976
929   -0.214679
930   -0.231844
931   -0.247027
932   -0.260514
933   -0.27185
934   -0.281254
935   -0.288362
936   -0.293383
937   -0.296118
938   -0.2968
939   -0.295371
940   -0.292083
941   -0.28695
942   -0.280234
943   -0.271989
944   -0.262512
945   -0.251943
946   0.510785
947   0.533929
948   0.560539
949   0.58584
950   0.61138
951   0.628134
952   0.61139
953   0.578738
954   0.529119
955   0.472275
956   0.41362
957   0.354567
958   0.298354
959   0.244376
960   0.194622
961   0.147797
962   0.105141
963   0.0652364
964   0.0289292
965   -0.00507859
966   -0.0361217
967   -0.0653165
968   -0.0920555
969   -0.117283
970   -0.140376
971   -0.162136
972   -0.181879
973   -0.200303
974   -0.216645
975   -0.231545
976   -0.244179
977   -0.255189
978   -0.263752
979   -0.27056
980   -0.274859
981   -0.277402
982   -0.277523
983   -0.276011
984   -0.272273
985   -0.267118
986   -0.260014
987   -0.251814
988   -0.242088
989   0.501793
990   0.525908
991   0.552761
992   0.58082
993   0.608146
994   0.626897
995   0.627844
996   0.604362
997   0.560843
998   0.507657
999   0.450388
1000   0.393204
1001   0.337344
1002   0.284391
1003   0.234612
1004   0.188285
1005   0.145356
1006   0.105501
1007   0.0686813
1008   0.0343457
1009   0.00257736
1010   -0.0272297
1011   -0.0548615
1012   -0.0809001
1013   -0.105017
1014   -0.127728
1015   -0.148616
1016   -0.168108
1017   -0.185733
1018   -0.201825
1019   -0.215916
1020   -0.228263
1021   -0.238468
1022   -0.246748
1023   -0.252818
1024   -0.25689
1025   -0.258792
1026   -0.258743
1027   -0.256662
1028   -0.252787
1029   -0.247115
1030   -0.239943
1031   -0.2314
1032   0.490581
1033   0.513707
1034   0.541474
1035   0.569743
1036   0.599788
1037   0.624279
1038   0.634851
1039   0.630148
1040   0.589968
1041   0.539344
1042   0.485486
1043   0.429176
1044   0.375077
1045   0.322363
1046   0.273625
1047   0.227262
1048   0.184807
1049   0.144648
1050   0.107816
1051   0.0729269
1052   0.0407763
1053   0.0102177
1054   -0.0180545
1055   -0.0449927
1056   -0.0699258
1057   -0.0936589
1058   -0.115494
1059   -0.136133
1060   -0.154828
1061   -0.172218
1062   -0.187511
1063   -0.201333
1064   -0.212877
1065   -0.222795
1066   -0.230303
1067   -0.236099
1068   -0.239447
1069   -0.241094
1070   -0.240355
1071   -0.238031
1072   -0.233505
1073   -0.227663
1074   -0.220016
1075   0.477743
1076   0.500987
1077   0.527662
1078   0.556664
1079   0.587044
1080   0.614629
1081   0.635322
1082   0.636639
1083   0.612109
1084   0.568855
1085   0.517653
1086   0.464002
1087   0.410744
1088   0.35959
1089   0.311262
1090   0.265751
1091   0.22335
1092   0.183449
1093   0.146342
1094   0.111264
1095   0.0785789
1096   0.0475281
1097   0.0185353
1098   -0.00909504
1099   -0.0348903
1100   -0.0594561
1101   -0.0822836
1102   -0.103875
1103   -0.123706
1104   -0.142175
1105   -0.158774
1106   -0.173812
1107   -0.186837
1108   -0.198094
1109   -0.207219
1110   -0.21442
1111   -0.219434
1112   -0.222454
1113   -0.223318
1114   -0.222237
1115   -0.219154
1116   -0.214356
1117   -0.207955
1118   0.463383
1119   0.484917
1120   0.511325
1121   0.538915
1122   0.570045
1123   0.598791
1124   0.626657
1125   0.644771
1126   0.626507
1127   0.59288
1128   0.546136
1129   0.494386
1130   0.443753
1131   0.393472
1132   0.346744
1133   0.301665
1134   0.260055
1135   0.220195
1136   0.183274
1137   0.147923
1138   0.11502
1139   0.0834693
1140   0.0539989
1141   0.0257038
1142   -0.000743671
1143   -0.0261129
1144   -0.0497286
1145   -0.0722657
1146   -0.0930144
1147   -0.112592
1148   -0.130246
1149   -0.146574
1150   -0.160791
1151   -0.173509
1152   -0.183932
1153   -0.192709
1154   -0.199055
1155   -0.203674
1156   -0.205812
1157   -0.206247
1158   -0.204292
1159   -0.200847
1160   -0.195367
1161   0.448217
1162   0.469323
1163   0.493814
1164   0.521038
1165   0.550762
1166   0.581035
1167   0.609965
1168   0.630156
1169   0.633169
1170   0.609257
1171   0.568976
1172   0.521843
1173   0.473225
1174   0.425374
1175   0.379753
1176   0.335941
1177   0.294859
1178   0.255503
1179   0.218676
1180   0.183344
1181   0.150237
1182   0.118406
1183   0.0885239
1184   0.0597535
1185   0.0327324
1186   0.00674203
1187   -0.0175996
1188   -0.04089
1189   -0.06253
1190   -0.0829992
1191   -0.10173
1192   -0.119096
1193   -0.134582
1194   -0.148471
1195   -0.160326
1196   -0.170363
1197   -0.178236
1198   -0.184125
1199   -0.187787
1200   -0.189411
1201   -0.188882
1202   -0.186473
1203   -0.182272
1204   0.432361
1205   0.451549
1206   0.475122
1207   0.500148
1208   0.529099
1209   0.557666
1210   0.587655
1211   0.61182
1212   0.623122
1213   0.62085
1214   0.586125
1215   0.542333
1216   0.498045
1217   0.451968
1218   0.408671
1219   0.366011
1220   0.32612
1221   0.287377
1222   0.251044
1223   0.215929
1224   0.182901
1225   0.151012
1226   0.120947
1227   0.0919105
1228   0.0645197
1229   0.0380836
1230   0.0132165
1231   -0.0106986
1232   -0.033015
1233   -0.0543031
1234   -0.0738678
1235   -0.0922602
1236   -0.108736
1237   -0.123855
1238   -0.136831
1239   -0.148257
1240   -0.157324
1241   -0.164684
1242   -0.169531
1243   -0.172611
1244   -0.173171
1245   -0.172109
1246   -0.16883
1247   0.416407
1248   0.434911
1249   0.456282
1250   0.480147
1251   0.506435
1252   0.534023
1253   0.561653
1254   0.586531
1255   0.604659
1256   0.607715
1257   0.593522
1258   0.557678
1259   0.517352
1260   0.474548
1261   0.433424
1262   0.392561
1263   0.354002
1264   0.316188
1265   0.280613
1266   0.245933
1267   0.213283
1268   0.181516
1269   0.151554
1270   0.122416
1271   0.094906
1272   0.0681888
1273   0.0429981
1274   0.0186357
1275   -0.00421252
1276   -0.0261161
1277   -0.0464341
1278   -0.0656149
1279   -0.0830714
1280   -0.0991419
1281   -0.113307
1282   -0.125813
1283   -0.136225
1284   -0.144724
1285   -0.150984
1286   -0.155175
1287   -0.157116
1288   -0.157058
1289   -0.155063
1290   0.400392
1291   0.41712
1292   0.437271
1293   0.458691
1294   0.483242
1295   0.507853
1296   0.533904
1297   0.556832
1298   0.577492
1299   0.589837
1300   0.581724
1301   0.561838
1302   0.527157
1303   0.488456
1304   0.450884
1305   0.412701
1306   0.376039
1307   0.339916
1308   0.30544
1309   0.271828
1310   0.239804
1311   0.208677
1312   0.179017
1313   0.150201
1314   0.122748
1315   0.0960889
1316   0.0707496
1317   0.046203
1318   0.0230137
1319   0.000683168
1320   -0.0201676
1321   -0.0400255
1322   -0.0582046
1323   -0.0752
1324   -0.0902592
1325   -0.103909
1326   -0.115339
1327   -0.125138
1328   -0.132465
1329   -0.138014
1330   -0.14098
1331   -0.142236
1332   -0.141138
1333   0.384706
1334   0.400676
1335   0.418763
1336   0.438729
1337   0.460432
1338   0.483219
1339   0.50599
1340   0.527947
1341   0.546295
1342   0.559926
1343   0.562387
1344   0.549785
1345   0.527921
1346   0.495045
1347   0.462174
1348   0.426889
1349   0.39307
1350   0.358796
1351   0.326203
1352   0.293802
1353   0.263038
1354   0.232678
1355   0.203836
1356   0.175458
1357   0.148484
1358   0.122003
1359   0.0968558
1360   0.0722619
1361   0.0489972
1362   0.0264067
1363   0.0052132
1364   -0.0151145
1365   -0.0339079
1366   -0.0515757
1367   -0.0675127
1368   -0.0820113
1369   -0.094546
1370   -0.105314
1371   -0.113897
1372   -0.12045
1373   -0.124718
1374   -0.126922
1375   -0.127082
1376   0.36931
1377   0.383823
1378   0.400696
1379   0.418522
1380   0.438422
1381   0.458506
1382   0.479378
1383   0.498719
1384   0.516204
1385   0.529056
1386   0.534397
1387   0.53124
1388   0.514508
1389   0.491145
1390   0.463115
1391   0.433176
1392   0.402483
1393   0.371529
1394   0.341021
1395   0.310826
1396   0.281469
1397   0.252614
1398   0.224707
1399   0.197347
1400   0.170956
1401   0.145119
1402   0.120275
1403   0.0960106
1404   0.0728042
1405   0.0502499
1406   0.0288843
1407   0.00830131
1408   -0.0108892
1409   -0.0291059
1410   -0.045654
1411   -0.0609835
1412   -0.0743112
1413   -0.0861477
1414   -0.0956405
1415   -0.103413
1416   -0.108611
1417   -0.112062
1418   -0.113068
1419   0.3544
1420   0.368172
1421   0.383349
1422   0.399786
1423   0.417307
1424   0.435566
1425   0.453649
1426   0.471255
1427   0.486264
1428   0.498614
1429   0.504415
1430   0.5048
1431   0.495854
1432   0.478966
1433   0.457749
1434   0.432576
1435   0.40646
1436   0.37869
1437   0.351305
1438   0.323283
1439   0.296121
1440   0.26877
1441   0.242428
1442   0.216098
1443   0.190812
1444   0.165651
1445   0.141545
1446   0.117669
1447   0.0948828
1448   0.0724621
1449   0.051214
1450   0.0305235
1451   0.0111456
1452   -0.0074143
1453   -0.0244595
1454   -0.040355
1455   -0.0544775
1456   -0.067065
1457   -0.0775984
1458   -0.0862293
1459   -0.0926075
1460   -0.096921
1461   -0.0991278
1462   0.3399
1463   0.352534
1464   0.366627
1465   0.381366
1466   0.397316
1467   0.413421
1468   0.429781
1469   0.445216
1470   0.459083
1471   0.470291
1472   0.477058
1473   0.479227
1474   0.473807
1475   0.462691
1476   0.446229
1477   0.426449
1478   0.40422
1479   0.380525
1480   0.356009
1481   0.330975
1482   0.305896
1483   0.280743
1484   0.255907
1485   0.231201
1486   0.206989
1487   0.183014
1488   0.159646
1489   0.136597
1490   0.114267
1491   0.0923544
1492   0.0713094
1493   0.0508171
1494   0.0313976
1495   0.0127182
1496   -0.00461143
1497   -0.0209545
1498   -0.0355928
1499   -0.0489456
1500   -0.060183
1501   -0.0698345
1502   -0.0770124
1503   -0.0824685
1504   -0.0854409
1505   0.325883
1506   0.337813
1507   0.35058
1508   0.364106
1509   0.378216
1510   0.392745
1511   0.406997
1512   0.420881
1513   0.432991
1514   0.443422
1515   0.450054
1516   0.45323
1517   0.450915
1518   0.443485
1519   0.431741
1520   0.416086
1521   0.398202
1522   0.37795
1523   0.356913
1524   0.334524
1525   0.312136
1526   0.288969
1527   0.2662
1528   0.242971
1529   0.220343
1530   0.197452
1531   0.175283
1532   0.153002
1533   0.131543
1534   0.11013
1535   0.0896508
1536   0.0694102
1537   0.0502506
1538   0.0315781
1539   0.0141838
1540   -0.00240045
1541   -0.0174486
1542   -0.0312809
1543   -0.0432659
1544   -0.0535828
1545   -0.0617647
1546   -0.0679613
1547   -0.0720421
1548   0.31228
1549   0.323312
1550   0.33514
1551   0.347348
1552   0.360161
1553   0.373033
1554   0.38587
1555   0.398084
1556   0.409135
1557   0.418504
1558   0.425122
1559   0.42876
1560   0.428079
1561   0.423508
1562   0.414853
1563   0.403013
1564   0.388415
1565   0.371775
1566   0.353593
1567   0.334243
1568   0.314154
1569   0.293441
1570   0.27247
1571   0.251198
1572   0.229956
1573   0.208615
1574   0.187499
1575   0.166429
1576   0.145747
1577   0.125245
1578   0.105298
1579   0.0856804
1580   0.0668189
1581   0.0484692
1582   0.0311332
1583   0.0145392
1584   -0.000703167
1585   -0.0149128
1586   -0.0273395
1587   -0.038397
1588   -0.0472019
1589   -0.0543879
1590   -0.0591178
1591   0.299109
1592   0.309477
1593   0.320273
1594   0.331456
1595   0.342876
1596   0.354467
1597   0.365736
1598   0.376688
1599   0.386407
1600   0.394993
1601   0.401187
1602   0.405129
1603   0.405699
1604   0.403023
1605   0.39708
1606   0.388021
1607   0.376621
1608   0.362815
1609   0.347661
1610   0.3308
1611   0.313333
1612   0.294672
1613   0.275892
1614   0.256265
1615   0.23683
1616   0.21679
1617   0.197153
1618   0.177099
1619   0.15761
1620   0.13788
1621   0.118865
1622   0.0997981
1623   0.081605
1624   0.0635863
1625   0.0466286
1626   0.0301311
1627   0.0149273
1628   0.00055778
1629   -0.0122247
1630   -0.0236948
1631   -0.033244
1632   -0.0410036
1633   -0.0467072
1634   0.286326
1635   0.295962
1636   0.305954
1637   0.316116
1638   0.32649
1639   0.336822
1640   0.346967
1641   0.356635
1642   0.365446
1643   0.373107
1644   0.379007
1645   0.382928
1646   0.38422
1647   0.382895
1648   0.378727
1649   0.372005
1650   0.362899
1651   0.351757
1652   0.338912
1653   0.324614
1654   0.309217
1655   0.292842
1656   0.275819
1657   0.258164
1658   0.240183
1659   0.22182
1660   0.203371
1661   0.184734
1662   0.166205
1663   0.147656
1664   0.129399
1665   0.111287
1666   0.0936598
1667   0.0763572
1668   0.0597658
1669   0.043706
1670   0.0286424
1671   0.0143617
1672   0.00145682
1673   -0.0103558
1674   -0.0202898
1675   -0.0288088
1676   -0.0350028
1677   0.27393
1678   0.282952
1679   0.292133
1680   0.30145
1681   0.310777
1682   0.320106
1683   0.329086
1684   0.337772
1685   0.345553
1686   0.352539
1687   0.357933
1688   0.361846
1689   0.363572
1690   0.363172
1691   0.360437
1692   0.355384
1693   0.348338
1694   0.339182
1695   0.328595
1696   0.316265
1697   0.303053
1698   0.288458
1699   0.273427
1700   0.257311
1701   0.241098
1702   0.22404
1703   0.207141
1704   0.189598
1705   0.172418
1706   0.154778
1707   0.137681
1708   0.120307
1709   0.103652
1710   0.0869202
1711   0.0710894
1712   0.055418
1713   0.0408516
1714   0.0267412
1715   0.013974
1716   0.00206569
1717   -0.00821293
1718   -0.0170778
1719   -0.02405
1720   0.261903
1721   0.270314
1722   0.278818
1723   0.287345
1724   0.295856
1725   0.304241
1726   0.312362
1727   0.320078
1728   0.32713
1729   0.33335
1730   0.33838
1731   0.34205
1732   0.344011
1733   0.344164
1734   0.342344
1735   0.338579
1736   0.332933
1737   0.325512
1738   0.316528
1739   0.306091
1740   0.294474
1741   0.281743
1742   0.268185
1743   0.253815
1744   0.238914
1745   0.22345
1746   0.207697
1747   0.191594
1748   0.175407
1749   0.159057
1750   0.142812
1751   0.126581
1752   0.110642
1753   0.0948971
1754   0.079641
1755   0.0647739
1756   0.0506203
1757   0.0370706
1758   0.0245108
1759   0.0127961
1760   0.00245078
1761   -0.00679097
1762   -0.0140463
1763   0.25024
1764   0.258096
1765   0.265958
1766   0.273811
1767   0.281543
1768   0.289176
1769   0.29644
1770   0.303427
1771   0.309686
1772   0.315358
1773   0.31988
1774   0.323385
1775   0.325363
1776   0.325884
1777   0.324715
1778   0.321827
1779   0.317359
1780   0.311149
1781   0.303662
1782   0.294571
1783   0.284575
1784   0.273186
1785   0.261247
1786   0.248136
1787   0.234784
1788   0.220467
1789   0.206166
1790   0.191089
1791   0.176248
1792   0.160809
1793   0.145799
1794   0.130369
1795   0.11555
1796   0.100492
1797   0.0862301
1798   0.0719249
1799   0.0586115
1800   0.0454729
1801   0.0335388
1802   0.0220371
1803   0.0119619
1804   0.00267218
1805   -0.00504398
1806   0.238934
1807   0.246269
1808   0.253577
1809   0.26082
1810   0.267942
1811   0.27488
1812   0.281526
1813   0.287787
1814   0.2935
1815   0.29854
1816   0.302704
1817   0.305852
1818   0.307791
1819   0.308407
1820   0.307593
1821   0.305303
1822   0.301547
1823   0.296346
1824   0.289807
1825   0.281988
1826   0.27305
1827   0.263059
1828   0.252196
1829   0.240515
1830   0.2282
1831   0.215289
1832   0.20196
1833   0.188235
1834   0.174288
1835   0.160131
1836   0.145935
1837   0.131706
1838   0.117614
1839   0.103667
1840   0.0900373
1841   0.0767367
1842   0.0639424
1843   0.0516749
1844   0.0401183
1845   0.0293045
1846   0.0194252
1847   0.0105254
1848   0.00277952
