##### Y Mean #####
0   -0.002314
1   -0.0108234
2   -0.0206009
3   -0.0311825
4   -0.04225
5   -0.0532118
6   -0.0638761
7   -0.0738592
8   -0.0831203
9   -0.0914471
10   -0.0988868
11   -0.105332
12   -0.110871
13   -0.115457
14   -0.119192
15   -0.122066
16   -0.124183
17   -0.125552
18   -0.126273
19   -0.126369
20   -0.125928
21   -0.124981
22   -0.123607
23   -0.121837
24   -0.11974
25   -0.117345
26   -0.114712
27   -0.111868
28   -0.108861
29   -0.105714
30   -0.102468
31   -0.0991432
32   -0.0957695
33   -0.0923646
34   -0.0889519
35   -0.0855457
36   -0.0821633
37   -0.0788163
38   -0.0755173
39   -0.0722754
40   -0.0690996
41   -0.0659969
42   -0.0629736
43   0.00454723
44   -0.00433931
45   -0.0152413
46   -0.026665
47   -0.0394012
48   -0.0512389
49   -0.0634272
50   -0.0741214
51   -0.084586
52   -0.0934216
53   -0.101754
54   -0.108528
55   -0.1147
56   -0.119468
57   -0.123627
58   -0.126566
59   -0.128943
60   -0.130288
61   -0.131142
62   -0.131148
63   -0.130745
64   -0.129663
65   -0.128257
66   -0.126324
67   -0.124146
68   -0.121573
69   -0.118827
70   -0.115798
71   -0.112659
72   -0.10933
73   -0.105942
74   -0.102441
75   -0.0989204
76   -0.0953488
77   -0.0917901
78   -0.0882272
79   -0.0847024
80   -0.0812091
81   -0.0777732
82   -0.0743952
83   -0.0710895
84   -0.0678606
85   -0.064716
86   0.0128658
87   0.00420704
88   -0.00727612
89   -0.0197824
90   -0.0335474
91   -0.0470301
92   -0.0602156
93   -0.0723923
94   -0.0836543
95   -0.0936638
96   -0.102581
97   -0.110237
98   -0.11681
99   -0.122213
100   -0.126621
101   -0.129996
102   -0.132499
103   -0.134121
104   -0.135009
105   -0.135169
106   -0.13473
107   -0.13371
108   -0.13222
109   -0.130281
110   -0.127987
111   -0.125362
112   -0.122481
113   -0.119369
114   -0.116086
115   -0.112654
116   -0.10912
117   -0.105503
118   -0.10184
119   -0.0981464
120   -0.0944488
121   -0.0907617
122   -0.0871033
123   -0.0834861
124   -0.0799222
125   -0.0764223
126   -0.0729942
127   -0.0696472
128   -0.0663863
129   0.0224277
130   0.0136348
131   0.00185912
132   -0.0114422
133   -0.0265159
134   -0.0410114
135   -0.0557327
136   -0.0688424
137   -0.0814489
138   -0.0922138
139   -0.102208
140   -0.110436
141   -0.117831
142   -0.123639
143   -0.12865
144   -0.132289
145   -0.135213
146   -0.136983
147   -0.138145
148   -0.138363
149   -0.138085
150   -0.137057
151   -0.135641
152   -0.133649
153   -0.131367
154   -0.128658
155   -0.125746
156   -0.122532
157   -0.119188
158   -0.115643
159   -0.112028
160   -0.108295
161   -0.104537
162   -0.100726
163   -0.0969263
164   -0.0931227
165   -0.0893571
166   -0.0856248
167   -0.081951
168   -0.0783377
169   -0.074799
170   -0.0713408
171   -0.067971
172   0.0331959
173   0.0251675
174   0.0129155
175   -0.000944216
176   -0.0170309
177   -0.0329535
178   -0.0486941
179   -0.0632946
180   -0.0768138
181   -0.0888867
182   -0.0996414
183   -0.108938
184   -0.116929
185   -0.123571
186   -0.129022
187   -0.133284
188   -0.13651
189   -0.138728
190   -0.140079
191   -0.140603
192   -0.140426
193   -0.139593
194   -0.138214
195   -0.136333
196   -0.134041
197   -0.131382
198   -0.128428
199   -0.12522
200   -0.121813
201   -0.118243
202   -0.114552
203   -0.11077
204   -0.106929
205   -0.103053
206   -0.0991636
207   -0.0952827
208   -0.0914232
209   -0.0876043
210   -0.0838327
211   -0.0801256
212   -0.0764859
213   -0.0729292
214   -0.0694566
215   0.0448334
216   0.0368836
217   0.0246599
218   0.0100954
219   -0.00687782
220   -0.0236283
221   -0.0406733
222   -0.0561631
223   -0.0710046
224   -0.0839238
225   -0.0958606
226   -0.105889
227   -0.114864
228   -0.122094
229   -0.128322
230   -0.133027
231   -0.136843
232   -0.139375
233   -0.141156
234   -0.141888
235   -0.142012
236   -0.141306
237   -0.140127
238   -0.138312
239   -0.136145
240   -0.133507
241   -0.130622
242   -0.127404
243   -0.124024
244   -0.120423
245   -0.116729
246   -0.112901
247   -0.109032
248   -0.105099
249   -0.101163
250   -0.0972151
251   -0.0932946
252   -0.0893996
253   -0.0855544
254   -0.0817632
255   -0.0780394
256   -0.0743918
257   -0.0708289
258   0.0572272
259   0.0507944
260   0.0380195
261   0.0230295
262   0.00528578
263   -0.0126448
264   -0.0304967
265   -0.0473387
266   -0.0630466
267   -0.0772845
268   -0.0900552
269   -0.101256
270   -0.110959
271   -0.119167
272   -0.125986
273   -0.131471
274   -0.135741
275   -0.138873
276   -0.140986
277   -0.142166
278   -0.142524
279   -0.142144
280   -0.141122
281   -0.139537
282   -0.137469
283   -0.13499
284   -0.132162
285   -0.129047
286   -0.125693
287   -0.122152
288   -0.118459
289   -0.11466
290   -0.110774
291   -0.106841
292   -0.102873
293   -0.0989029
294   -0.0949348
295   -0.0909983
296   -0.0870914
297   -0.0832415
298   -0.0794431
299   -0.0757228
300   -0.0720749
301   0.0697276
302   0.0635464
303   0.0514655
304   0.0361268
305   0.0178447
306   -0.000630089
307   -0.0195522
308   -0.0371618
309   -0.0541057
310   -0.0691996
311   -0.0831823
312   -0.0952011
313   -0.105984
314   -0.114901
315   -0.122624
316   -0.128685
317   -0.133679
318   -0.137259
319   -0.139935
320   -0.141452
321   -0.142238
322   -0.142105
323   -0.141402
324   -0.139995
325   -0.138163
326   -0.135808
327   -0.13315
328   -0.13012
329   -0.126885
330   -0.123398
331   -0.119784
332   -0.116013
333   -0.112173
334   -0.108247
335   -0.104296
336   -0.100313
337   -0.0963367
338   -0.0923683
339   -0.0884302
340   -0.0845301
341   -0.0806805
342   -0.0768938
343   -0.0731798
344   0.0820599
345   0.0785241
346   0.066138
347   0.0507399
348   0.0322728
349   0.0126986
350   -0.00678007
351   -0.025634
352   -0.0433652
353   -0.0597443
354   -0.0745742
355   -0.0878024
356   -0.0993789
357   -0.109356
358   -0.117763
359   -0.124708
360   -0.130261
361   -0.134554
362   -0.137672
363   -0.139753
364   -0.140881
365   -0.141186
366   -0.140746
367   -0.139678
368   -0.138045
369   -0.135951
370   -0.133444
371   -0.130612
372   -0.127489
373   -0.124151
374   -0.120618
375   -0.116953
376   -0.113166
377   -0.109311
378   -0.105387
379   -0.101442
380   -0.0974685
381   -0.0935087
382   -0.0895493
383   -0.0856308
384   -0.0817372
385   -0.0779089
386   -0.0741315
387   0.093083
388   0.0894469
389   0.0801304
390   0.0656748
391   0.047122
392   0.0271386
393   0.00662994
394   -0.0129449
395   -0.0318534
396   -0.0490755
397   -0.065106
398   -0.079179
399   -0.0918695
400   -0.102613
401   -0.11199
402   -0.119589
403   -0.125951
404   -0.130782
405   -0.134558
406   -0.137071
407   -0.138726
408   -0.139376
409   -0.139356
410   -0.138562
411   -0.137263
412   -0.135387
413   -0.133144
414   -0.130486
415   -0.127572
416   -0.12437
417   -0.120998
418   -0.117437
419   -0.11377
420   -0.109988
421   -0.106148
422   -0.102247
423   -0.0983218
424   -0.0943774
425   -0.0904339
426   -0.0865028
427   -0.0825955
428   -0.0787291
429   -0.074915
430   0.103227
431   0.101416
432   0.0933877
433   0.0815489
434   0.0626771
435   0.0420076
436   0.0211574
437   0.000565245
438   -0.0190265
439   -0.0374298
440   -0.054266
441   -0.0695162
442   -0.0830008
443   -0.0948189
444   -0.10491
445   -0.11344
446   -0.120414
447   -0.126024
448   -0.13031
449   -0.133466
450   -0.135541
451   -0.136717
452   -0.137042
453   -0.136678
454   -0.135663
455   -0.134138
456   -0.13213
457   -0.12976
458   -0.127038
459   -0.124069
460   -0.120853
461   -0.117478
462   -0.113932
463   -0.110293
464   -0.10654
465   -0.102741
466   -0.0988703
467   -0.0949885
468   -0.0910667
469   -0.0871619
470   -0.0832445
471   -0.0793723
472   -0.0755201
473   0.11231
474   0.111117
475   0.105651
476   0.0947642
477   0.0775694
478   0.0572604
479   0.0358615
480   0.014818
481   -0.00574892
482   -0.0248782
483   -0.0428212
484   -0.0588622
485   -0.0734249
486   -0.0859963
487   -0.097061
488   -0.106262
489   -0.114078
490   -0.120267
491   -0.125265
492   -0.128911
493   -0.131581
494   -0.133171
495   -0.133993
496   -0.133979
497   -0.133381
498   -0.132154
499   -0.130496
500   -0.128378
501   -0.125948
502   -0.123193
503   -0.120218
504   -0.117018
505   -0.113667
506   -0.110166
507   -0.106564
508   -0.102867
509   -0.099104
510   -0.0952868
511   -0.0914315
512   -0.0875544
513   -0.0836651
514   -0.0797866
515   -0.0759316
516   0.120541
517   0.120796
518   0.117113
519   0.109496
520   0.0923155
521   0.0722424
522   0.0509917
523   0.0293762
524   0.00835027
525   -0.0117516
526   -0.0303745
527   -0.0474828
528   -0.0627666
529   -0.076361
530   -0.0881089
531   -0.09823
532   -0.106659
533   -0.113648
534   -0.119183
535   -0.123514
536   -0.126649
537   -0.128824
538   -0.13005
539   -0.130536
540   -0.13029
541   -0.129491
542   -0.128139
543   -0.126388
544   -0.124225
545   -0.121781
546   -0.119033
547   -0.116094
548   -0.112932
549   -0.109644
550   -0.10619
551   -0.102658
552   -0.0990033
553   -0.0953049
554   -0.0915164
555   -0.0877135
556   -0.083851
557   -0.0800064
558   -0.076142
559   0.127808
560   0.129078
561   0.127354
562   0.12044
563   0.106047
564   0.0871042
565   0.0659599
566   0.0442822
567   0.0225913
568   0.0019802
569   -0.0175719
570   -0.0353335
571   -0.0515911
572   -0.0658574
573   -0.0785263
574   -0.0892812
575   -0.0985386
576   -0.106102
577   -0.112363
578   -0.117206
579   -0.120975
580   -0.123605
581   -0.125383
582   -0.126275
583   -0.126511
584   -0.126075
585   -0.125146
586   -0.123717
587   -0.121921
588   -0.11976
589   -0.117329
590   -0.114634
591   -0.111738
592   -0.108652
593   -0.105416
594   -0.102043
595   -0.0985567
596   -0.0949729
597   -0.0913041
598   -0.0875711
599   -0.0837819
600   -0.0799654
601   -0.0761363
602   0.134101
603   0.136508
604   0.136635
605   0.133184
606   0.119367
607   0.101641
608   0.0810567
609   0.0592079
610   0.0373122
611   0.0159731
612   -0.0040624
613   -0.0227266
614   -0.0395696
615   -0.0547574
616   -0.0680254
617   -0.0796462
618   -0.0894736
619   -0.097819
620   -0.104606
621   -0.110146
622   -0.114396
623   -0.117644
624   -0.119863
625   -0.121306
626   -0.121945
627   -0.122
628   -0.121437
629   -0.120444
630   -0.118979
631   -0.117201
632   -0.115063
633   -0.112699
634   -0.110055
635   -0.10725
636   -0.104222
637   -0.101078
638   -0.0977525
639   -0.0943448
640   -0.0907891
641   -0.0871807
642   -0.0834571
643   -0.0797176
644   -0.0759107
645   0.139359
646   0.142838
647   0.14439
648   0.141591
649   0.131628
650   0.115771
651   0.0958466
652   0.0742254
653   0.0519495
654   0.0303634
655   0.00961714
656   -0.00950877
657   -0.0271801
658   -0.0429132
659   -0.0570117
660   -0.069188
661   -0.079794
662   -0.0886737
663   -0.0961718
664   -0.102215
665   -0.107111
666   -0.110833
667   -0.113637
668   -0.115524
669   -0.116696
670   -0.117164
671   -0.117085
672   -0.116473
673   -0.115442
674   -0.114011
675   -0.112258
676   -0.110201
677   -0.107892
678   -0.105349
679   -0.102604
680   -0.0996748
681   -0.0965781
682   -0.0933353
683   -0.0899534
684   -0.0864585
685   -0.082856
686   -0.0791812
687   -0.0754509
688   0.143506
689   0.147783
690   0.150933
691   0.151234
692   0.143003
693   0.130082
694   0.110709
695   0.0890603
696   0.0668791
697   0.0447978
698   0.0238122
699   0.0039636
700   -0.014125
701   -0.0306554
702   -0.0452379
703   -0.0581981
704   -0.0692998
705   -0.0789154
706   -0.0869014
707   -0.0936266
708   -0.0989966
709   -0.103349
710   -0.106613
711   -0.109083
712   -0.110695
713   -0.111702
714   -0.112038
715   -0.111921
716   -0.111277
717   -0.110293
718   -0.108891
719   -0.107231
720   -0.105233
721   -0.103035
722   -0.100554
723   -0.0979151
724   -0.0950316
725   -0.0920218
726   -0.0887996
727   -0.0854807
728   -0.0819842
729   -0.0784317
730   -0.0747574
731   0.146572
732   0.151772
733   0.155856
734   0.157083
735   0.153224
736   0.142518
737   0.124842
738   0.103847
739   0.0815776
740   0.0595491
741   0.038068
742   0.0179565
743   -0.000812372
744   -0.0177463
745   -0.0330516
746   -0.0464655
747   -0.0582722
748   -0.0683576
749   -0.0770144
750   -0.0842142
751   -0.09022
752   -0.0950468
753   -0.0989123
754   -0.10185
755   -0.10403
756   -0.105491
757   -0.106359
758   -0.106672
759   -0.106519
760   -0.105936
761   -0.104981
762   -0.103684
763   -0.102083
764   -0.100204
765   -0.0980669
766   -0.0956964
767   -0.0930999
768   -0.090304
769   -0.0873098
770   -0.0841481
771   -0.0808214
772   -0.0773717
773   -0.0738175
774   0.148487
775   0.154274
776   0.159522
777   0.162705
778   0.161869
779   0.156206
780   0.138792
781   0.118045
782   0.0963856
783   0.0741482
784   0.0526808
785   0.0320191
786   0.0130006
787   -0.00460049
788   -0.0202589
789   -0.0343559
790   -0.0465628
791   -0.0573158
792   -0.0664023
793   -0.0742489
794   -0.0807055
795   -0.086158
796   -0.0904865
797   -0.0940264
798   -0.0966706
799   -0.0987055
800   -0.100028
801   -0.100881
802   -0.101162
803   -0.101079
804   -0.100526
805   -0.0996848
806   -0.0984464
807   -0.0969714
808   -0.0951496
809   -0.0931267
810   -0.0907927
811   -0.0882848
812   -0.0854957
813   -0.082561
814   -0.0793811
815   -0.0760999
816   -0.072637
817   0.149295
818   0.155767
819   0.161991
820   0.166863
821   0.169023
822   0.164782
823   0.151221
824   0.132158
825   0.110877
826   0.0890052
827   0.0672387
828   0.0464974
829   0.0269447
830   0.00909306
831   -0.00716421
832   -0.0215931
833   -0.0344106
834   -0.0455502
835   -0.055248
836   -0.0635246
837   -0.0705909
838   -0.076505
839   -0.0814372
840   -0.085456
841   -0.0886903
842   -0.0912063
843   -0.0930962
844   -0.0944189
845   -0.0952364
846   -0.0955987
847   -0.0955437
848   -0.0951132
849   -0.0943265
850   -0.093219
851   -0.0917964
852   -0.0900903
853   -0.0880977
854   -0.0858497
855   -0.0833405
856   -0.0806055
857   -0.0776438
858   -0.0745035
859   -0.0712051
860   0.14903
861   0.15575
862   0.163126
863   0.169461
864   0.174535
865   0.175455
866   0.162721
867   0.145276
868   0.125103
869   0.103428
870   0.0818901
871   0.0607957
872   0.0411762
873   0.0228119
874   0.00635694
875   -0.00863138
876   -0.0217332
877   -0.0334526
878   -0.0435073
879   -0.0523791
880   -0.0598613
881   -0.0663806
882   -0.0717695
883   -0.0763938
884   -0.080106
885   -0.0832165
886   -0.0855873
887   -0.0874825
888   -0.0887681
889   -0.0896712
890   -0.0900587
891   -0.0901288
892   -0.0897481
893   -0.0890935
894   -0.0880312
895   -0.0867234
896   -0.0850376
897   -0.083128
898   -0.0808665
899   -0.0784072
900   -0.0756317
901   -0.0727055
902   -0.0695335
903   0.147863
904   0.155169
905   0.163156
906   0.171078
907   0.177997
908   0.179834
909   0.172525
910   0.157793
911   0.138734
912   0.117777
913   0.0962192
914   0.075299
915   0.0553469
916   0.036931
917   0.0200353
918   0.00486272
919   -0.00873261
920   -0.0207409
921   -0.0313308
922   -0.0405785
923   -0.0486297
924   -0.0555893
925   -0.0615682
926   -0.0666724
927   -0.0709802
928   -0.0745873
929   -0.0775446
930   -0.0799342
931   -0.081785
932   -0.0831649
933   -0.084086
934   -0.0846031
935   -0.0847154
936   -0.0844674
937   -0.0838494
938   -0.082899
939   -0.0816017
940   -0.0799929
941   -0.0780587
942   -0.0758384
943   -0.0733269
944   -0.0705784
945   -0.0676143
946   0.145791
947   0.153008
948   0.161814
949   0.170423
950   0.179503
951   0.185719
952   0.180576
953   0.169686
954   0.151855
955   0.131373
956   0.110362
957   0.0893268
958   0.069563
959   0.0508219
960   0.0339196
961   0.0183347
962   0.00458789
963   -0.00789486
964   -0.0187602
965   -0.0285364
966   -0.0369613
967   -0.0444894
968   -0.050909
969   -0.0566035
970   -0.0613897
971   -0.0655913
972   -0.0690409
973   -0.0720144
974   -0.0743526
975   -0.076294
976   -0.0776829
977   -0.0787291
978   -0.0792777
979   -0.0795175
980   -0.0792939
981   -0.0787818
982   -0.0778278
983   -0.0766003
984   -0.0749509
985   -0.0730501
986   -0.0707612
987   -0.0682694
988   -0.0654655
989   0.143022
990   0.150628
991   0.159487
992   0.16906
993   0.178684
994   0.185663
995   0.186803
996   0.179141
997   0.163716
998   0.144524
999   0.123863
1000   0.103352
1001   0.0834936
1002   0.064933
1003   0.0477715
1004   0.0321644
1005   0.0180595
1006   0.00539074
1007   -0.00591852
1008   -0.016012
1009   -0.0249489
1010   -0.0328871
1011   -0.0398631
1012   -0.0460243
1013   -0.0513885
1014   -0.0560843
1015   -0.060115
1016   -0.0635883
1017   -0.0664965
1018   -0.0689271
1019   -0.0708636
1020   -0.0723756
1021   -0.0734398
1022   -0.0741111
1023   -0.0743619
1024   -0.0742366
1025   -0.0737072
1026   -0.072813
1027   -0.0715306
1028   -0.0699027
1029   -0.0679189
1030   -0.0656381
1031   -0.0630826
1032   0.139523
1033   0.146763
1034   0.155963
1035   0.165572
1036   0.176106
1037   0.184901
1038   0.18964
1039   0.18902
1040   0.174674
1041   0.156396
1042   0.136891
1043   0.116536
1044   0.0971643
1045   0.078478
1046   0.0615203
1047   0.0456681
1048   0.031552
1049   0.0185328
1050   0.00703293
1051   -0.00350241
1052   -0.0127626
1053   -0.0212085
1054   -0.0285941
1055   -0.0353023
1056   -0.0411252
1057   -0.0463855
1058   -0.0508969
1059   -0.0549361
1060   -0.0583276
1061   -0.0613131
1062   -0.0637212
1063   -0.0657669
1064   -0.0672791
1065   -0.0684533
1066   -0.0691175
1067   -0.0694549
1068   -0.0692938
1069   -0.0688125
1070   -0.0678441
1071   -0.0665717
1072   -0.0648413
1073   -0.062855
1074   -0.06049
1075   0.135508
1076   0.142822
1077   0.151605
1078   0.161468
1079   0.172113
1080   0.182103
1081   0.19009
1082   0.191392
1083   0.18308
1084   0.167546
1085   0.148944
1086   0.12945
1087   0.11022
1088   0.0919566
1089   0.0749489
1090   0.0592429
1091   0.0449279
1092   0.031827
1093   0.0199973
1094   0.00921086
1095   -0.000476405
1096   -0.00928497
1097   -0.01716
1098   -0.0242972
1099   -0.0306445
1100   -0.0363684
1101   -0.0414194
1102   -0.0459354
1103   -0.0498681
1104   -0.0533285
1105   -0.0562684
1106   -0.058775
1107   -0.0608001
1108   -0.0624105
1109   -0.063559
1110   -0.064297
1111   -0.0645809
1112   -0.064454
1113   -0.0638812
1114   -0.0629075
1115   -0.0615156
1116   -0.0597681
1117   -0.0576869
1118   0.131007
1119   0.137693
1120   0.1464
1121   0.155723
1122   0.166643
1123   0.176957
1124   0.187416
1125   0.194557
1126   0.188533
1127   0.176787
1128   0.159714
1129   0.140801
1130   0.122428
1131   0.104328
1132   0.0877737
1133   0.0720411
1134   0.0578659
1135   0.0445768
1136   0.0326519
1137   0.0215495
1138   0.0116104
1139   0.00239826
1140   -0.00582535
1141   -0.0134212
1142   -0.0201733
1143   -0.026388
1144   -0.0318741
1145   -0.0368971
1146   -0.0412773
1147   -0.0452493
1148   -0.0486362
1149   -0.0516495
1150   -0.0541098
1151   -0.0562121
1152   -0.057773
1153   -0.0589775
1154   -0.0596394
1155   -0.0599417
1156   -0.0597009
1157   -0.059108
1158   -0.0579926
1159   -0.05657
1160   -0.0547042
1161   0.126285
1162   0.132857
1163   0.140856
1164   0.15006
1165   0.160421
1166   0.171243
1167   0.181857
1168   0.189577
1169   0.191226
1170   0.182988
1171   0.168414
1172   0.151162
1173   0.133429
1174   0.116123
1175   0.0998261
1176   0.0844346
1177   0.0702754
1178   0.0570254
1179   0.044936
1180   0.0336781
1181   0.0234517
1182   0.0139645
1183   0.00537398
1184   -0.0025693
1185   -0.00973936
1186   -0.0163447
1187   -0.0222809
1188   -0.0277189
1189   -0.0325683
1190   -0.0369665
1191   -0.0408317
1192   -0.0442713
1193   -0.0472098
1194   -0.0497283
1195   -0.0517571
1196   -0.0533562
1197   -0.0544636
1198   -0.0551262
1199   -0.055295
1200   -0.0550158
1201   -0.0542622
1202   -0.0530985
1203   -0.0515447
1204   0.121368
1205   0.12725
1206   0.134942
1207   0.143325
1208   0.153387
1209   0.163501
1210   0.174359
1211   0.183245
1212   0.187914
1213   0.187693
1214   0.175034
1215   0.158996
1216   0.142802
1217   0.126049
1218   0.110518
1219   0.0954128
1220   0.0815761
1221   0.068384
1222   0.0563364
1223   0.0449682
1224   0.0346136
1225   0.0249008
1226   0.0160769
1227   0.00782876
1228   0.000357936
1229   -0.00660745
1230   -0.012888
1231   -0.0187249
1232   -0.0239464
1233   -0.0287701
1234   -0.0330233
1235   -0.0369054
1236   -0.0402371
1237   -0.0432051
1238   -0.0456212
1239   -0.0476653
1240   -0.0491414
1241   -0.0502305
1242   -0.050735
1243   -0.0508483
1244   -0.0503842
1245   -0.0495662
1246   -0.0482454
1247   0.116472
1248   0.12215
1249   0.129034
1250   0.136999
1251   0.146042
1252   0.155741
1253   0.165644
1254   0.174722
1255   0.181554
1256   0.183072
1257   0.178094
1258   0.165007
1259   0.150224
1260   0.134623
1261   0.119788
1262   0.10526
1263   0.0917731
1264   0.0788062
1265   0.066867
1266   0.0555165
1267   0.0451092
1268   0.0352825
1269   0.0262938
1270   0.017843
1271   0.0101267
1272   0.00289657
1273   -0.00368915
1274   -0.00983446
1275   -0.015406
1276   -0.0205686
1277   -0.0252054
1278   -0.0294461
1279   -0.0331854
1280   -0.0365213
1281   -0.0393586
1282   -0.0417681
1283   -0.0436659
1284   -0.0451034
1285   -0.0460137
1286   -0.0464424
1287   -0.0463507
1288   -0.0458023
1289   -0.0448124
1290   0.111595
1291   0.116641
1292   0.123104
1293   0.130159
1294   0.138547
1295   0.147097
1296   0.15636
1297   0.164618
1298   0.172253
1299   0.176934
1300   0.17414
1301   0.167016
1302   0.154245
1303   0.140084
1304   0.126509
1305   0.112867
1306   0.0999911
1307   0.0875094
1308   0.0758553
1309   0.0647316
1310   0.0544128
1311   0.0446356
1312   0.0356028
1313   0.0270746
1314   0.01922
1315   0.0118191
1316   0.00502668
1317   -0.00136034
1318   -0.00718903
1319   -0.0126485
1320   -0.0175797
1321   -0.0221605
1322   -0.0262205
1323   -0.0299297
1324   -0.033103
1325   -0.0359073
1326   -0.0381429
1327   -0.0399815
1328   -0.0412149
1329   -0.0420314
1330   -0.0422301
1331   -0.0420365
1332   -0.0412882
1333   0.106876
1334   0.11169
1335   0.117402
1336   0.123933
1337   0.131246
1338   0.139098
1339   0.14709
1340   0.154925
1341   0.161569
1342   0.166581
1343   0.167506
1344   0.162994
1345   0.154985
1346   0.142973
1347   0.131059
1348   0.118425
1349   0.106484
1350   0.0945876
1351   0.083482
1352   0.0726804
1353   0.0626557
1354   0.0530172
1355   0.0440995
1356   0.035578
1357   0.027708
1358   0.0202168
1359   0.0133107
1360   0.00676092
1361   0.000742118
1362   -0.00493521
1363   -0.0101181
1364   -0.0149591
1365   -0.0193213
1366   -0.0233222
1367   -0.0268382
1368   -0.0299541
1369   -0.0325606
1370   -0.0347156
1371   -0.0363301
1372   -0.0374487
1373   -0.0380158
1374   -0.0380911
1375   -0.037682
1376   0.102288
1377   0.106594
1378   0.111888
1379   0.117631
1380   0.124275
1381   0.131097
1382   0.138351
1383   0.145152
1384   0.151395
1385   0.15602
1386   0.157939
1387   0.156791
1388   0.150639
1389   0.142098
1390   0.131929
1391   0.121189
1392   0.110327
1393   0.0995395
1394   0.0891005
1395   0.0789679
1396   0.0693366
1397   0.0600861
1398   0.0513711
1399   0.0430436
1400   0.0352387
1401   0.0278008
1402   0.020858
1403   0.0142551
1404   0.00812237
1405   0.00230783
1406   -0.0030491
1407   -0.00809679
1408   -0.0126809
1409   -0.0169475
1410   -0.0207228
1411   -0.0241535
1412   -0.0270443
1413   -0.0295497
1414   -0.0314562
1415   -0.0329392
1416   -0.0337838
1417   -0.0342101
1418   -0.0340407
1419   0.0978996
1420   0.101978
1421   0.106664
1422   0.11191
1423   0.117663
1424   0.123798
1425   0.129977
1426   0.136091
1427   0.141344
1428   0.145709
1429   0.147723
1430   0.147796
1431   0.144464
1432   0.138273
1433   0.130561
1434   0.121526
1435   0.112263
1436   0.10257
1437   0.0931618
1438   0.0837251
1439   0.0747559
1440   0.0659334
1441   0.0576282
1442   0.0495404
1443   0.0419643
1444   0.0346291
1445   0.0277801
1446   0.0211776
1447   0.0150339
1448   0.00914099
1449   0.00368751
1450   -0.00150133
1451   -0.00625543
1452   -0.0107148
1453   -0.0147252
1454   -0.0183906
1455   -0.021573
1456   -0.0243417
1457   -0.0265808
1458   -0.0283358
1459   -0.0295279
1460   -0.03021
1461   -0.0303759
1462   0.0936724
1463   0.0973652
1464   0.101681
1465   0.106311
1466   0.111487
1467   0.116808
1468   0.122326
1469   0.127592
1470   0.132373
1471   0.136251
1472   0.138557
1473   0.139227
1474   0.137149
1475   0.13304
1476   0.127043
1477   0.119933
1478   0.112046
1479   0.103763
1480   0.0953306
1481   0.0868744
1482   0.0785681
1483   0.0704109
1484   0.0625371
1485   0.0548847
1486   0.0475689
1487   0.0404984
1488   0.0337815
1489   0.0273132
1490   0.0212034
1491   0.015341
1492   0.00984394
1493   0.00459818
1494   -0.000263507
1495   -0.00485783
1496   -0.00903084
1497   -0.0129035
1498   -0.0162949
1499   -0.0193355
1500   -0.0218161
1501   -0.0238898
1502   -0.0253318
1503   -0.0263462
1504   -0.0267384
1505   0.089629
1506   0.0931056
1507   0.0969555
1508   0.101157
1509   0.105653
1510   0.110386
1511   0.115099
1512   0.119762
1513   0.123844
1514   0.127388
1515   0.129588
1516   0.130583
1517   0.129603
1518   0.126817
1519   0.122511
1520   0.116878
1521   0.110523
1522   0.103447
1523   0.0961996
1524   0.0886331
1525   0.0811954
1526   0.073664
1527   0.0664071
1528   0.0591766
1529   0.0522842
1530   0.0454805
1531   0.0390377
1532   0.032718
1533   0.0267645
1534   0.0209584
1535   0.0155207
1536   0.0102566
1537   0.00536917
1538   0.000692601
1539   -0.0035864
1540   -0.00759864
1541   -0.0111744
1542   -0.0144048
1543   -0.0171419
1544   -0.0194394
1545   -0.0211876
1546   -0.0224311
1547   -0.0231417
1548   0.0857366
1549   0.0889185
1550   0.0924536
1551   0.0961853
1552   0.100212
1553   0.104328
1554   0.108507
1555   0.112526
1556   0.116189
1557   0.119299
1558   0.121458
1559   0.12258
1560   0.122171
1561   0.120399
1562   0.1172
1563   0.112924
1564   0.107736
1565   0.101919
1566   0.0956617
1567   0.0891176
1568   0.0824435
1569   0.075695
1570   0.0689979
1571   0.0623467
1572   0.0558475
1573   0.0494592
1574   0.0432781
1575   0.0372431
1576   0.0314481
1577   0.0258204
1578   0.0204584
1579   0.0152823
1580   0.0104008
1581   0.00572888
1582   0.00139321
1583   -0.00269757
1584   -0.00638966
1585   -0.00978451
1586   -0.0126922
1587   -0.0152353
1588   -0.0171891
1589   -0.0187286
1590   -0.0196392
1591   0.0819979
1592   0.0849763
1593   0.0881586
1594   0.0915358
1595   0.095057
1596   0.0987044
1597   0.102294
1598   0.105834
1599   0.108979
1600   0.111776
1601   0.113743
1602   0.114951
1603   0.114969
1604   0.113871
1605   0.111633
1606   0.108351
1607   0.104288
1608   0.0994694
1609   0.0942525
1610   0.0885607
1611   0.0827537
1612   0.0766769
1613   0.0706657
1614   0.0645191
1615   0.0585458
1616   0.0525223
1617   0.046734
1618   0.0409512
1619   0.0354396
1620   0.0299743
1621   0.0248039
1622   0.0197162
1623   0.0149448
1624   0.010297
1625   0.00599182
1626   0.00186411
1627   -0.0018828
1628   -0.00537595
1629   -0.00843264
1630   -0.0111309
1631   -0.0133232
1632   -0.0150493
1633   -0.0162462
1634   0.078392
1635   0.0811387
1636   0.0840572
1637   0.0870804
1638   0.0902334
1639   0.0934223
1640   0.0965993
1641   0.099657
1642   0.102457
1643   0.104892
1644   0.106735
1645   0.10791
1646   0.108178
1647   0.107549
1648   0.105947
1649   0.103488
1650   0.100243
1651   0.0963519
1652   0.0919418
1653   0.0871194
1654   0.082013
1655   0.0766807
1656   0.0712367
1657   0.065698
1658   0.0601642
1659   0.0546234
1660   0.0491645
1661   0.043757
1662   0.0384839
1663   0.033303
1664   0.0282965
1665   0.0234145
1666   0.0187435
1667   0.0142282
1668   0.00996535
1669   0.00589413
1670   0.00213069
1671   -0.00139424
1672   -0.00453126
1673   -0.00736651
1674   -0.00969982
1675   -0.0116616
1676   -0.0130182
1677   0.0749154
1678   0.0774751
1679   0.0801263
1680   0.0828659
1681   0.0856503
1682   0.0884836
1683   0.0912343
1684   0.0939326
1685   0.0963447
1686   0.0985254
1687   0.100167
1688   0.101331
1689   0.101738
1690   0.10144
1691   0.10034
1692   0.0984792
1693   0.0959542
1694   0.0927665
1695   0.0891329
1696   0.0849908
1697   0.0806134
1698   0.075875
1699   0.0710677
1700   0.0660177
1701   0.0610185
1702   0.0558652
1703   0.050845
1704   0.0457365
1705   0.0408179
1706   0.0358618
1707   0.0311366
1708   0.0264171
1709   0.021962
1710   0.0175544
1711   0.0134436
1712   0.00942777
1713   0.00574497
1714   0.00221891
1715   -0.000928724
1716   -0.00383029
1717   -0.0062936
1718   -0.00838039
1719   -0.00997176
1720   0.0715578
1721   0.0739308
1722   0.0763667
1723   0.0788434
1724   0.0813512
1725   0.0838536
1726   0.0863023
1727   0.0886487
1728   0.0907986
1729   0.0926938
1730   0.0942026
1731   0.0952677
1732   0.0957603
1733   0.0956515
1734   0.0948825
1735   0.093474
1736   0.0914514
1737   0.0888665
1738   0.085798
1739   0.0822993
1740   0.0784685
1741   0.074343
1742   0.0700212
1743   0.0655201
1744   0.0609309
1745   0.0562526
1746   0.0515681
1747   0.0468629
1748   0.042213
1749   0.0375951
1750   0.0330809
1751   0.0286414
1752   0.0243469
1753   0.0201654
1754   0.0161692
1755   0.0123243
1756   0.00871
1757   0.00528907
1758   0.00215655
1759   -0.000733558
1760   -0.00324973
1761   -0.00546861
1762   -0.00716362
1763   0.0683147
1764   0.0705217
1765   0.0727556
1766   0.0750151
1767   0.0772611
1768   0.0795093
1769   0.081658
1770   0.0837513
1771   0.0856161
1772   0.0873199
1773   0.0886416
1774   0.0896517
1775   0.0901454
1776   0.0901747
1777   0.0896334
1778   0.0885445
1779   0.0869338
1780   0.0847821
1781   0.082228
1782   0.0791999
1783   0.0759118
1784   0.0722402
1785   0.0684412
1786   0.0643483
1787   0.0602374
1788   0.0559111
1789   0.0516517
1790   0.0472421
1791   0.0429641
1792   0.03859
1793   0.0343978
1794   0.030156
1795   0.0261376
1796   0.0221121
1797   0.0183481
1798   0.0146193
1799   0.011191
1800   0.00784374
1801   0.00483967
1802   0.00197194
1803   -0.000506551
1804   -0.00276796
1805   -0.00461169
1806   0.0651814
1807   0.0672346
1808   0.0692996
1809   0.0713666
1810   0.0734184
1811   0.0754353
1812   0.0773809
1813   0.079224
1814   0.0809072
1815   0.0823879
1816   0.0835929
1817   0.0844752
1818   0.0849656
1819   0.0850278
1820   0.0846244
1821   0.0837455
1822   0.0823972
1823   0.0805957
1824   0.078382
1825   0.0757859
1826   0.0728668
1827   0.0696563
1828   0.0662188
1829   0.0625801
1830   0.0588022
1831   0.0549028
1832   0.0509385
1833   0.0469195
1834   0.0428965
1835   0.038874
1836   0.0348981
1837   0.0309695
1838   0.027131
1839   0.0233815
1840   0.0197625
1841   0.0162728
1842   0.0129538
1843   0.00980576
1844   0.00687138
1845   0.00415384
1846   0.00169798
1847   -0.000489173
1848   -0.00236647
