##### Y Mean #####
0   0.00309341
1   -0.0281747
2   -0.0647732
3   -0.105177
4   -0.148527
5   -0.192939
6   -0.237759
7   -0.281245
8   -0.322861
9   -0.360595
10   -0.394895
11   -0.425033
12   -0.451497
13   -0.47398
14   -0.49278
15   -0.507791
16   -0.519221
17   -0.52707
18   -0.531632
19   -0.533073
20   -0.531689
21   -0.52777
22   -0.521517
23   -0.513247
24   -0.503155
25   -0.491612
26   -0.478835
27   -0.465225
28   -0.450941
29   -0.436299
30   -0.421398
31   -0.406459
32   -0.391531
33   -0.376742
34   -0.36211
35   -0.347701
36   -0.333526
37   -0.319623
38   -0.306002
39   -0.292688
40   -0.279697
41   -0.267045
42   -0.254745
43   0.0321883
44   0.000376861
45   -0.039585
46   -0.0821423
47   -0.130822
48   -0.177856
49   -0.22855
50   -0.27453
51   -0.322698
52   -0.361999
53   -0.401286
54   -0.433126
55   -0.463291
56   -0.487509
57   -0.508958
58   -0.525403
59   -0.538658
60   -0.547425
61   -0.553047
62   -0.555048
63   -0.554016
64   -0.550381
65   -0.543895
66   -0.535514
67   -0.524673
68   -0.512645
69   -0.498751
70   -0.484466
71   -0.468959
72   -0.453547
73   -0.437466
74   -0.421741
75   -0.405772
76   -0.390225
77   -0.374698
78   -0.35957
79   -0.34462
80   -0.330039
81   -0.315734
82   -0.301794
83   -0.288194
84   -0.274971
85   -0.26213
86   0.0666701
87   0.0368826
88   -0.00409831
89   -0.0494474
90   -0.100566
91   -0.152077
92   -0.205074
93   -0.255752
94   -0.305908
95   -0.352001
96   -0.394347
97   -0.431993
98   -0.465462
99   -0.494039
100   -0.518399
101   -0.537794
102   -0.553117
103   -0.564084
104   -0.571282
105   -0.574897
106   -0.575076
107   -0.572208
108   -0.566319
109   -0.557874
110   -0.547003
111   -0.534268
112   -0.51987
113   -0.50447
114   -0.488174
115   -0.471474
116   -0.454458
117   -0.437479
118   -0.420583
119   -0.403936
120   -0.387551
121   -0.371488
122   -0.355758
123   -0.340379
124   -0.325373
125   -0.310746
126   -0.296523
127   -0.282705
128   -0.269319
129   0.105353
130   0.0762088
131   0.0356417
132   -0.0110156
133   -0.0652936
134   -0.11889
135   -0.175748
136   -0.228663
137   -0.282358
138   -0.331632
139   -0.379856
140   -0.42052
141   -0.46026
142   -0.491186
143   -0.521383
144   -0.542604
145   -0.56224
146   -0.575314
147   -0.58549
148   -0.591371
149   -0.593489
150   -0.592271
151   -0.587248
152   -0.57953
153   -0.568623
154   -0.555885
155   -0.540714
156   -0.524844
157   -0.507363
158   -0.489798
159   -0.471429
160   -0.453461
161   -0.435325
162   -0.417723
163   -0.40028
164   -0.383343
165   -0.366718
166   -0.350561
167   -0.334794
168   -0.319481
169   -0.304608
170   -0.290198
171   -0.276256
172   0.147689
173   0.122844
174   0.0820501
175   0.0352494
176   -0.0207286
177   -0.0773361
178   -0.136244
179   -0.192746
180   -0.2489
181   -0.301717
182   -0.35198
183   -0.397572
184   -0.439329
185   -0.476091
186   -0.508739
187   -0.536655
188   -0.559948
189   -0.578741
190   -0.593017
191   -0.602772
192   -0.608313
193   -0.609224
194   -0.606283
195   -0.599509
196   -0.589507
197   -0.577007
198   -0.56198
199   -0.545367
200   -0.527264
201   -0.508351
202   -0.48893
203   -0.469505
204   -0.450294
205   -0.43141
206   -0.412987
207   -0.394983
208   -0.377495
209   -0.360456
210   -0.343941
211   -0.327897
212   -0.312384
213   -0.297362
214   -0.282881
215   0.191889
216   0.168198
217   0.129669
218   0.0821099
219   0.0253024
220   -0.0328109
221   -0.0940294
222   -0.152536
223   -0.211156
224   -0.265935
225   -0.318779
226   -0.366859
227   -0.411837
228   -0.451666
229   -0.488434
230   -0.51995
231   -0.549483
232   -0.571334
233   -0.592791
234   -0.604529
235   -0.61671
236   -0.618923
237   -0.620482
238   -0.615179
239   -0.607126
240   -0.596132
241   -0.581423
242   -0.56516
243   -0.546147
244   -0.526511
245   -0.505653
246   -0.485212
247   -0.464659
248   -0.444746
249   -0.425183
250   -0.406245
251   -0.387811
252   -0.36996
253   -0.352659
254   -0.335923
255   -0.319755
256   -0.304152
257   -0.289123
258   0.237426
259   0.219817
260   0.180914
261   0.134092
262   0.0762952
263   0.0164356
264   -0.0461781
265   -0.107199
266   -0.16761
267   -0.224876
268   -0.279636
269   -0.330339
270   -0.377457
271   -0.420176
272   -0.459119
273   -0.493724
274   -0.524883
275   -0.551389
276   -0.574218
277   -0.592351
278   -0.606638
279   -0.61671
280   -0.622096
281   -0.623507
282   -0.61982
283   -0.611862
284   -0.599623
285   -0.583343
286   -0.564332
287   -0.543655
288   -0.521953
289   -0.50004
290   -0.478495
291   -0.457262
292   -0.436763
293   -0.416762
294   -0.397512
295   -0.378807
296   -0.360807
297   -0.343371
298   -0.326608
299   -0.310424
300   -0.294897
301   0.282006
302   0.265731
303   0.230864
304   0.184268
305   0.126803
306   0.0663524
307   0.0023905
308   -0.0599141
309   -0.12222
310   -0.180987
311   -0.237828
312   -0.290167
313   -0.339521
314   -0.384004
315   -0.425157
316   -0.461543
317   -0.494553
318   -0.523351
319   -0.548581
320   -0.569934
321   -0.588113
322   -0.602297
323   -0.614729
324   -0.619717
325   -0.624789
326   -0.61862
327   -0.612589
328   -0.596892
329   -0.5789
330   -0.558516
331   -0.535935
332   -0.513501
333   -0.490793
334   -0.468692
335   -0.447186
336   -0.426378
337   -0.406301
338   -0.386898
339   -0.368207
340   -0.350177
341   -0.332831
342   -0.316142
343   -0.300119
344   0.32498
345   0.317092
346   0.28245
347   0.237729
348   0.180689
349   0.118824
350   0.0543411
351   -0.00982964
352   -0.0732981
353   -0.134086
354   -0.192311
355   -0.246684
356   -0.297499
357   -0.34398
358   -0.386608
359   -0.42491
360   -0.459559
361   -0.490251
362   -0.51744
363   -0.541041
364   -0.561368
365   -0.578319
366   -0.592449
367   -0.602598
368   -0.609423
369   -0.611771
370   -0.609014
371   -0.602125
372   -0.587922
373   -0.569594
374   -0.54789
375   -0.524389
376   -0.501215
377   -0.478073
378   -0.45601
379   -0.43444
380   -0.413826
381   -0.393806
382   -0.374618
383   -0.35606
384   -0.338263
385   -0.321108
386   -0.304681
387   0.363177
388   0.355503
389   0.330527
390   0.289227
391   0.233741
392   0.171763
393   0.106114
394   0.0410451
395   -0.0239579
396   -0.0859078
397   -0.145823
398   -0.201452
399   -0.25397
400   -0.301749
401   -0.346009
402   -0.385661
403   -0.421835
404   -0.453927
405   -0.482699
406   -0.507842
407   -0.529875
408   -0.548546
409   -0.564225
410   -0.577004
411   -0.586504
412   -0.592994
413   -0.596466
414   -0.593939
415   -0.589675
416   -0.573168
417   -0.554999
418   -0.531898
419   -0.508507
420   -0.485174
421   -0.462726
422   -0.440832
423   -0.419816
424   -0.399442
425   -0.37986
426   -0.360954
427   -0.342776
428   -0.325282
429   -0.308483
430   0.397931
431   0.395883
432   0.375221
433   0.342533
434   0.286841
435   0.224473
436   0.158946
437   0.0927198
438   0.0270399
439   -0.0364728
440   -0.0973884
441   -0.154672
442   -0.208292
443   -0.257683
444   -0.303088
445   -0.344262
446   -0.381625
447   -0.415112
448   -0.445097
449   -0.471589
450   -0.494896
451   -0.515
452   -0.532316
453   -0.546759
454   -0.55845
455   -0.567266
456   -0.573061
457   -0.575072
458   -0.573398
459   -0.56685
460   -0.551682
461   -0.533105
462   -0.511158
463   -0.488303
464   -0.466379
465   -0.444629
466   -0.423695
467   -0.403274
468   -0.383601
469   -0.364537
470   -0.346175
471   -0.328449
472   -0.311408
473   0.428815
474   0.428841
475   0.415733
476   0.385929
477   0.336217
478   0.275743
479   0.210265
480   0.143954
481   0.0773118
482   0.0130773
483   -0.0491631
484   -0.10738
485   -0.162388
486   -0.212779
487   -0.259514
488   -0.301716
489   -0.3403
490   -0.37481
491   -0.405932
492   -0.433495
493   -0.457935
494   -0.479307
495   -0.497813
496   -0.513781
497   -0.526894
498   -0.537605
499   -0.5451
500   -0.549991
501   -0.550929
502   -0.548705
503   -0.541525
504   -0.526409
505   -0.508801
506   -0.487664
507   -0.466874
508   -0.445784
509   -0.425325
510   -0.405198
511   -0.385697
512   -0.366712
513   -0.348333
514   -0.330537
515   -0.313351
516   0.45645
517   0.460903
518   0.452972
519   0.432847
520   0.383621
521   0.324934
522   0.26085
523   0.194486
524   0.127808
525   0.0625602
526   -0.000270586
527   -0.0597884
528   -0.115577
529   -0.167292
530   -0.214882
531   -0.258337
532   -0.297811
533   -0.333467
534   -0.365513
535   -0.394173
536   -0.419649
537   -0.442171
538   -0.461934
539   -0.479125
540   -0.49374
541   -0.505881
542   -0.515328
543   -0.522135
544   -0.525764
545   -0.526296
546   -0.522139
547   -0.513637
548   -0.498816
549   -0.481656
550   -0.462783
551   -0.443506
552   -0.424056
553   -0.404814
554   -0.385827
555   -0.367255
556   -0.349077
557   -0.331407
558   -0.314208
559   0.480519
560   0.487889
561   0.485671
562   0.467526
563   0.426699
564   0.371728
565   0.309211
566   0.243748
567   0.176818
568   0.111401
569   0.0476606
570   -0.0124049
571   -0.0692829
572   -0.121693
573   -0.170373
574   -0.21459
575   -0.255091
576   -0.291555
577   -0.324577
578   -0.354136
579   -0.380601
580   -0.40419
581   -0.425003
582   -0.44345
583   -0.459245
584   -0.47292
585   -0.483801
586   -0.492539
587   -0.497998
588   -0.50086
589   -0.499392
590   -0.494334
591   -0.484461
592   -0.47071
593   -0.454986
594   -0.437774
595   -0.420066
596   -0.401995
597   -0.383958
598   -0.366017
599   -0.348315
600   -0.330921
601   -0.313894
602   0.50108
603   0.511878
604   0.514854
605   0.506634
606   0.467454
607   0.4164
608   0.356283
609   0.291664
610   0.225284
611   0.159369
612   0.0955006
613   0.0344968
614   -0.0228012
615   -0.076268
616   -0.125516
617   -0.170782
618   -0.211946
619   -0.249418
620   -0.283202
621   -0.313765
622   -0.341141
623   -0.365793
624   -0.387709
625   -0.407311
626   -0.424431
627   -0.439441
628   -0.45194
629   -0.462287
630   -0.469705
631   -0.474605
632   -0.475623
633   -0.473582
634   -0.466607
635   -0.456647
636   -0.443619
637   -0.429136
638   -0.413262
639   -0.396899
640   -0.379992
641   -0.36306
642   -0.345982
643   -0.329124
644   -0.312356
645   0.517966
646   0.531715
647   0.538932
648   0.532462
649   0.504058
650   0.458454
651   0.401096
652   0.338001
653   0.271905
654   0.206379
655   0.142021
656   0.0809064
657   0.0228183
658   -0.0310175
659   -0.0811417
660   -0.126923
661   -0.168967
662   -0.207071
663   -0.241743
664   -0.27308
665   -0.301393
666   -0.326992
667   -0.349935
668   -0.370671
669   -0.388953
670   -0.405306
671   -0.419168
672   -0.431077
673   -0.44016
674   -0.446872
675   -0.450145
676   -0.450309
677   -0.44661
678   -0.439501
679   -0.429635
680   -0.417585
681   -0.404045
682   -0.389394
683   -0.374029
684   -0.358186
685   -0.342048
686   -0.325799
687   -0.309546
688   0.531089
689   0.547164
690   0.558918
691   0.561616
692   0.53757
693   0.499716
694   0.444735
695   0.382711
696   0.317716
697   0.252103
698   0.188135
699   0.126421
700   0.0682931
701   0.0136462
702   -0.036761
703   -0.0834109
704   -0.125904
705   -0.164898
706   -0.200179
707   -0.23245
708   -0.261556
709   -0.288172
710   -0.312102
711   -0.333965
712   -0.353432
713   -0.371058
714   -0.386301
715   -0.399677
716   -0.41034
717   -0.418828
718   -0.42395
719   -0.426437
720   -0.424994
721   -0.42084
722   -0.413435
723   -0.404103
724   -0.392629
725   -0.38005
726   -0.366175
727   -0.351756
728   -0.336572
729   -0.321219
730   -0.305479
731   0.540584
732   0.559159
733   0.573542
734   0.578419
735   0.567014
736   0.535785
737   0.485532
738   0.425751
739   0.361536
740   0.296949
741   0.232881
742   0.171485
743   0.112826
744   0.0581229
745   0.00703452
746   -0.0398878
747   -0.0831181
748   -0.122564
749   -0.15864
750   -0.19155
751   -0.221539
752   -0.248987
753   -0.273914
754   -0.296793
755   -0.317388
756   -0.336195
757   -0.352729
758   -0.367437
759   -0.379624
760   -0.389623
761   -0.396667
762   -0.400981
763   -0.402052
764   -0.40018
765   -0.395493
766   -0.388426
767   -0.379333
768   -0.368615
769   -0.35656
770   -0.343484
771   -0.329564
772   -0.31507
773   -0.300146
774   0.546335
775   0.566574
776   0.584099
777   0.594785
778   0.591505
779   0.573995
780   0.52497
781   0.466399
782   0.404435
783   0.340255
784   0.277125
785   0.215413
786   0.157061
787   0.101763
788   0.0506722
789   0.00306053
790   -0.0403937
791   -0.0805941
792   -0.117111
793   -0.150863
794   -0.181512
795   -0.209913
796   -0.235706
797   -0.259657
798   -0.281298
799   -0.301306
800   -0.319039
801   -0.335105
802   -0.348643
803   -0.360246
804   -0.368859
805   -0.375176
806   -0.378144
807   -0.378702
808   -0.37614
809   -0.371533
810   -0.36443
811   -0.355834
812   -0.345386
813   -0.333946
814   -0.321173
815   -0.307832
816   -0.29362
817   0.548491
818   0.57048
819   0.590651
820   0.605663
821   0.611377
822   0.598332
823   0.559569
824   0.505727
825   0.445435
826   0.38295
827   0.320026
828   0.258985
829   0.20032
830   0.145267
831   0.0936956
832   0.0460698
833   0.00204429
834   -0.0384078
835   -0.0756007
836   -0.109844
837   -0.141296
838   -0.17041
839   -0.197142
840   -0.221994
841   -0.244707
842   -0.265768
843   -0.284719
844   -0.301972
845   -0.316928
846   -0.329886
847   -0.340225
848   -0.348163
849   -0.353255
850   -0.355747
851   -0.355535
852   -0.352946
853   -0.348086
854   -0.341302
855   -0.332746
856   -0.32274
857   -0.311415
858   -0.299087
859   -0.285915
860   0.547233
861   0.569946
862   0.59313
863   0.612368
864   0.626227
865   0.627604
866   0.591109
867   0.541619
868   0.484835
869   0.423616
870   0.362069
871   0.301043
872   0.243037
873   0.187645
874   0.136386
875   0.0882878
876   0.0442904
877   0.0032507
878   -0.0341967
879   -0.0691629
880   -0.101136
881   -0.131116
882   -0.158595
883   -0.184445
884   -0.208087
885   -0.230272
886   -0.250297
887   -0.268825
888   -0.285
889   -0.29945
890   -0.311207
891   -0.320946
892   -0.327714
893   -0.332318
894   -0.333972
895   -0.333594
896   -0.330571
897   -0.325834
898   -0.318872
899   -0.310575
900   -0.300485
901   -0.289469
902   -0.277145
903   0.543041
904   0.567188
905   0.592145
906   0.615727
907   0.635192
908   0.639356
909   0.617357
910   0.575294
911   0.521919
912   0.463201
913   0.402384
914   0.342536
915   0.284564
916   0.229819
917   0.178357
918   0.130551
919   0.0861951
920   0.0451209
921   0.00714716
922   -0.0281591
923   -0.0608324
924   -0.091411
925   -0.11975
926   -0.1464
927   -0.171043
928   -0.194184
929   -0.215354
930   -0.234974
931   -0.25248
932   -0.268187
933   -0.28153
934   -0.292749
935   -0.3014
936   -0.307714
937   -0.311453
938   -0.312881
939   -0.311934
940   -0.3089
941   -0.303803
942   -0.296942
943   -0.288386
944   -0.278463
945   -0.267334
946   0.536008
947   0.559939
948   0.587086
949   0.612778
950   0.638452
951   0.655263
952   0.638754
953   0.60634
954   0.556903
955   0.500135
956   0.441338
957   0.381966
958   0.325185
959   0.270449
960   0.219698
961   0.171694
962   0.127649
963   0.0861897
964   0.0481503
965   0.0122659
966   -0.0207962
967   -0.0521291
968   -0.081108
969   -0.108662
970   -0.134131
971   -0.158309
972   -0.180455
973   -0.201263
974   -0.219892
975   -0.236987
976   -0.251636
977   -0.2645
978   -0.274665
979   -0.282868
980   -0.288277
981   -0.291713
982   -0.292449
983   -0.291353
984   -0.287787
985   -0.282637
986   -0.275338
987   -0.266818
988   -0.25662
989   0.526732
990   0.551594
991   0.579
992   0.607421
993   0.634919
994   0.653749
995   0.654798
996   0.631518
997   0.588238
998   0.535195
999   0.477921
1000   0.420524
1001   0.364258
1002   0.310672
1003   0.260066
1004   0.212692
1005   0.168544
1006   0.127267
1007   0.0888801
1008   0.0527955
1009   0.0191649
1010   -0.0126614
1011   -0.0423899
1012   -0.0706481
1013   -0.0970177
1014   -0.122057
1015   -0.145251
1016   -0.16706
1017   -0.186914
1018   -0.205171
1019   -0.22127
1020   -0.235486
1021   -0.247345
1022   -0.257085
1023   -0.264372
1024   -0.269439
1025   -0.272094
1026   -0.272582
1027   -0.270816
1028   -0.267063
1029   -0.261326
1030   -0.253932
1031   -0.245028
1032   0.515184
1033   0.539064
1034   0.567361
1035   0.596018
1036   0.626221
1037   0.650778
1038   0.661387
1039   0.656745
1040   0.616851
1041   0.566467
1042   0.512672
1043   0.456286
1044   0.401884
1045   0.348689
1046   0.299244
1047   0.251994
1048   0.208445
1049   0.167025
1050   0.128753
1051   0.0922731
1052   0.0583829
1053   0.0259555
1054   -0.00429869
1055   -0.033319
1056   -0.0604025
1057   -0.0863459
1058   -0.110403
1059   -0.133271
1060   -0.154137
1061   -0.173645
1062   -0.190927
1063   -0.206622
1064   -0.219847
1065   -0.231282
1066   -0.240074
1067   -0.246968
1068   -0.251164
1069   -0.253472
1070   -0.253154
1071   -0.251079
1072   -0.246587
1073   -0.240639
1074   -0.23271
1075   0.501956
1076   0.525921
1077   0.553145
1078   0.582524
1079   0.613098
1080   0.640744
1081   0.661411
1082   0.662772
1083   0.638438
1084   0.595423
1085   0.544383
1086   0.490734
1087   0.43731
1088   0.38578
1089   0.336894
1090   0.290614
1091   0.247276
1092   0.20624
1093   0.16785
1094   0.131309
1095   0.09704
1096   0.0642445
1097   0.0334168
1098   0.00382032
1099   -0.0239927
1100   -0.0506668
1101   -0.0756061
1102   -0.099346
1103   -0.121272
1104   -0.141809
1105   -0.160364
1106   -0.177264
1107   -0.191988
1108   -0.204794
1109   -0.215269
1110   -0.223634
1111   -0.229596
1112   -0.233366
1113   -0.234765
1114   -0.234027
1115   -0.231091
1116   -0.22627
1117   -0.219692
1118   0.487166
1119   0.509428
1120   0.536371
1121   0.564369
1122   0.595696
1123   0.624533
1124   0.652321
1125   0.670333
1126   0.652255
1127   0.618853
1128   0.572308
1129   0.520663
1130   0.469941
1131   0.419413
1132   0.372227
1133   0.326521
1134   0.284088
1135   0.243242
1136   0.205161
1137   0.168499
1138   0.134135
1139   0.100989
1140   0.0698031
1141   0.0396831
1142   0.0113282
1143   -0.0160236
1144   -0.0416562
1145   -0.0662407
1146   -0.0890135
1147   -0.110593
1148   -0.130164
1149   -0.148333
1150   -0.164248
1151   -0.178541
1152   -0.190349
1153   -0.200357
1154   -0.207716
1155   -0.213178
1156   -0.215931
1157   -0.216814
1158   -0.215087
1159   -0.211722
1160   -0.206135
1161   0.471526
1162   0.493331
1163   0.518376
1164   0.546005
1165   0.575968
1166   0.606333
1167   0.635224
1168   0.655334
1169   0.658338
1170   0.634601
1171   0.594548
1172   0.547557
1173   0.498953
1174   0.450935
1175   0.40498
1176   0.360645
1177   0.318879
1178   0.278655
1179   0.240814
1180   0.204294
1181   0.169875
1182   0.136573
1183   0.105121
1184   0.0746442
1185   0.0458513
1186   0.0179865
1187   -0.00825461
1188   -0.0335023
1189   -0.0570767
1190   -0.0794844
1191   -0.10008
1192   -0.119256
1193   -0.13643
1194   -0.151901
1195   -0.165175
1196   -0.176483
1197   -0.185436
1198   -0.19223
1199   -0.196597
1200   -0.198741
1201   -0.198536
1202   -0.196278
1203   -0.192064
1204   0.455162
1205   0.475051
1206   0.499168
1207   0.524629
1208   0.553831
1209   0.582542
1210   0.612508
1211   0.636595
1212   0.647836
1213   0.645542
1214   0.611051
1215   0.567467
1216   0.523232
1217   0.477089
1218   0.433536
1219   0.390473
1220   0.349998
1221   0.310519
1222   0.273285
1223   0.237124
1224   0.202902
1225   0.169684
1226   0.138167
1227   0.107563
1228   0.0785123
1229   0.0503298
1230   0.0236636
1231   -0.00210052
1232   -0.0262706
1233   -0.0494179
1234   -0.0707934
1235   -0.0909549
1236   -0.109098
1237   -0.125797
1238   -0.140205
1239   -0.152939
1240   -0.163128
1241   -0.171461
1242   -0.17707
1243   -0.180753
1244   -0.181703
1245   -0.18088
1246   -0.17765
1247   0.438663
1248   0.457841
1249   0.479771
1250   0.504071
1251   0.530658
1252   0.558413
1253   0.586088
1254   0.610916
1255   0.628954
1256   0.631978
1257   0.61784
1258   0.582184
1259   0.541969
1260   0.499154
1261   0.45787
1262   0.416687
1263   0.377661
1264   0.339215
1265   0.302868
1266   0.267254
1267   0.233547
1268   0.200567
1269   0.169291
1270   0.138702
1271   0.109665
1272   0.0813097
1273   0.0544397
1274   0.0283232
1275   0.00371944
1276   -0.01997
1277   -0.042031
1278   -0.0629357
1279   -0.0820287
1280   -0.0996666
1281   -0.115271
1282   -0.129102
1283   -0.140677
1284   -0.15019
1285   -0.15728
1286   -0.162129
1287   -0.164539
1288   -0.16478
1289   -0.162917
1290   0.422074
1291   0.439474
1292   0.460173
1293   0.482053
1294   0.50692
1295   0.531754
1296   0.557889
1297   0.580835
1298   0.601413
1299   0.613667
1300   0.605594
1301   0.585776
1302   0.551213
1303   0.512554
1304   0.474871
1305   0.436454
1306   0.399404
1307   0.362755
1308   0.327604
1309   0.29318
1310   0.260204
1311   0.227994
1312   0.19713
1313   0.166993
1314   0.138121
1315   0.109949
1316   0.0830315
1317   0.0568421
1318   0.0319832
1319   0.00795555
1320   -0.0145743
1321   -0.0360981
1322   -0.0558771
1323   -0.0744179
1324   -0.0909095
1325   -0.105898
1326   -0.118512
1327   -0.129369
1328   -0.137566
1329   -0.14384
1330   -0.147326
1331   -0.148957
1332   -0.148043
1333   0.405787
1334   0.422402
1335   0.441045
1336   0.461471
1337   0.483528
1338   0.506564
1339   0.529486
1340   0.551499
1341   0.569842
1342   0.583411
1343   0.585842
1344   0.573277
1345   0.551456
1346   0.518628
1347   0.485692
1348   0.450229
1349   0.416104
1350   0.381385
1351   0.34822
1352   0.3151
1353   0.283501
1354   0.252161
1355   0.22224
1356   0.192647
1357   0.16438
1358   0.13649
1359   0.109882
1360   0.0837402
1361   0.0589086
1362   0.0347
1363   0.0119064
1364   -0.0100306
1365   -0.0303758
1366   -0.0495594
1367   -0.0669153
1368   -0.0827513
1369   -0.0964902
1370   -0.108339
1371   -0.117841
1372   -0.125158
1373   -0.130011
1374   -0.132637
1375   -0.133054
1376   0.389768
1377   0.404916
1378   0.422333
1379   0.440632
1380   0.4609
1381   0.481273
1382   0.502331
1383   0.521789
1384   0.53931
1385   0.552159
1386   0.55748
1387   0.554306
1388   0.537615
1389   0.514264
1390   0.486185
1391   0.456102
1392   0.425154
1393   0.393825
1394   0.362819
1395   0.332001
1396   0.301896
1397   0.272171
1398   0.24328
1399   0.214823
1400   0.187237
1401   0.16011
1402   0.133902
1403   0.1082
1404   0.0835138
1405   0.0594361
1406   0.0365413
1407   0.0144196
1408   -0.00627397
1409   -0.0259662
1410   -0.0439103
1411   -0.0605705
1412   -0.0751053
1413   -0.0880481
1414   -0.0984835
1415   -0.10707
1416   -0.112891
1417   -0.116829
1418   -0.118135
1419   0.374217
1420   0.388597
1421   0.404315
1422   0.421223
1423   0.439135
1424   0.457704
1425   0.476021
1426   0.493781
1427   0.50889
1428   0.521277
1429   0.527105
1430   0.527476
1431   0.518541
1432   0.501646
1433   0.48038
1434   0.45508
1435   0.428752
1436   0.400657
1437   0.372846
1438   0.344271
1439   0.316455
1440   0.288318
1441   0.261099
1442   0.233765
1443   0.207397
1444   0.181041
1445   0.155683
1446   0.130461
1447   0.106299
1448   0.0824357
1449   0.0597453
1450   0.0375807
1451   0.0167624
1452   -0.00323046
1453   -0.0216391
1454   -0.0388477
1455   -0.0541772
1456   -0.0678775
1457   -0.0793839
1458   -0.0888545
1459   -0.0959089
1460   -0.100745
1461   -0.103316
1462   0.359063
1463   0.372288
1464   0.386908
1465   0.40212
1466   0.418467
1467   0.434906
1468   0.451523
1469   0.467157
1470   0.481156
1471   0.492449
1472   0.499265
1473   0.50145
1474   0.496044
1475   0.484915
1476   0.468406
1477   0.448514
1478   0.426098
1479   0.402124
1480   0.37723
1481   0.351714
1482   0.326048
1483   0.3002
1484   0.274565
1485   0.248957
1486   0.223751
1487   0.198688
1488   0.174156
1489   0.149868
1490   0.126247
1491   0.102989
1492   0.0805762
1493   0.05869
1494   0.0378882
1495   0.0178319
1496   -0.000824426
1497   -0.0184543
1498   -0.0342868
1499   -0.0487582
1500   -0.0609784
1501   -0.0715042
1502   -0.0793847
1503   -0.0854175
1504   -0.0887871
1505   0.344383
1506   0.356877
1507   0.370162
1508   0.384152
1509   0.39867
1510   0.413543
1511   0.428083
1512   0.442189
1513   0.454474
1514   0.46502
1515   0.471739
1516   0.474954
1517   0.472666
1518   0.465227
1519   0.453443
1520   0.437686
1521   0.419643
1522   0.399141
1523   0.377779
1524   0.354958
1525   0.332055
1526   0.308258
1527   0.28478
1528   0.260726
1529   0.237203
1530   0.213308
1531   0.190079
1532   0.166644
1533   0.143994
1534   0.121316
1535   0.0995604
1536   0.0779954
1537   0.0575278
1538   0.0375314
1539   0.0188607
1540   0.0010216
1541   -0.0152005
1542   -0.0301427
1543   -0.0431221
1544   -0.0543259
1545   -0.0632491
1546   -0.0700485
1547   -0.0745816
1548   0.330112
1549   0.341687
1550   0.354015
1551   0.366682
1552   0.379899
1553   0.393128
1554   0.406265
1555   0.418727
1556   0.429974
1557   0.439492
1558   0.446218
1559   0.449925
1560   0.449285
1561   0.444719
1562   0.436032
1563   0.424107
1564   0.409366
1565   0.392511
1566   0.374037
1567   0.354308
1568   0.333754
1569   0.312483
1570   0.290866
1571   0.268855
1572   0.246791
1573   0.22454
1574   0.202443
1575   0.180318
1576   0.158524
1577   0.136853
1578   0.115704
1579   0.0948494
1580   0.074744
1581   0.0551402
1582   0.0365758
1583   0.0187725
1584   0.00238382
1585   -0.0129205
1586   -0.0263366
1587   -0.038298
1588   -0.0478588
1589   -0.0556899
1590   -0.0608957
1591   0.316271
1592   0.327156
1593   0.338437
1594   0.350067
1595   0.361891
1596   0.37384
1597   0.385423
1598   0.396636
1599   0.406576
1600   0.41533
1601   0.42166
1602   0.425688
1603   0.426321
1604   0.423659
1605   0.4177
1606   0.408566
1607   0.397048
1608   0.383047
1609   0.367641
1610   0.350437
1611   0.332562
1612   0.313393
1613   0.294039
1614   0.273735
1615   0.253562
1616   0.232683
1617   0.212157
1618   0.191123
1619   0.170618
1620   0.149795
1621   0.12967
1622   0.109436
1623   0.090082
1624   0.0708692
1625   0.052749
1626   0.0350867
1627   0.0187781
1628   0.00333786
1629   -0.0104239
1630   -0.0227961
1631   -0.0331238
1632   -0.0415438
1633   -0.0477683
1634   0.302821
1635   0.312952
1636   0.323408
1637   0.334004
1638   0.344774
1639   0.355463
1640   0.365924
1641   0.375866
1642   0.384907
1643   0.392756
1644   0.398805
1645   0.402835
1646   0.404199
1647   0.402905
1648   0.39873
1649   0.391952
1650   0.38274
1651   0.371431
1652   0.358357
1653   0.343758
1654   0.327988
1655   0.311161
1656   0.293613
1657   0.275351
1658   0.256691
1659   0.237572
1660   0.2183
1661   0.198771
1662   0.179297
1663   0.159746
1664   0.14045
1665   0.121259
1666   0.102537
1667   0.0841193
1668   0.0664216
1669   0.0492601
1670   0.0331329
1671   0.01782
1672   0.00395684
1673   -0.00875238
1674   -0.019466
1675   -0.0286734
1676   -0.0354019
1677   0.289764
1678   0.299254
1679   0.30888
1680   0.318615
1681   0.328329
1682   0.338009
1683   0.347307
1684   0.356268
1685   0.364291
1686   0.371472
1687   0.377031
1688   0.381061
1689   0.382875
1690   0.382515
1691   0.379788
1692   0.374688
1693   0.367555
1694   0.358247
1695   0.347461
1696   0.334854
1697   0.321314
1698   0.306303
1699   0.290805
1700   0.27413
1701   0.257308
1702   0.23955
1703   0.221908
1704   0.203536
1705   0.185498
1706   0.166922
1707   0.148875
1708   0.130489
1709   0.112824
1710   0.0950401
1711   0.0781802
1712   0.0614601
1713   0.0458915
1714   0.0307872
1715   0.017098
1716   0.00431129
1717   -0.00674638
1718   -0.0163021
1719   -0.0238418
1720   0.277083
1721   0.285938
1722   0.294865
1723   0.303793
1724   0.312676
1725   0.321405
1726   0.329836
1727   0.337828
1728   0.34512
1729   0.351543
1730   0.35674
1731   0.360538
1732   0.362592
1733   0.362796
1734   0.360988
1735   0.357191
1736   0.351466
1737   0.343914
1738   0.334746
1739   0.324064
1740   0.312142
1741   0.29904
1742   0.285049
1743   0.270176
1744   0.25471
1745   0.238614
1746   0.222171
1747   0.205316
1748   0.18833
1749   0.171127
1750   0.153994
1751   0.136836
1752   0.119949
1753   0.103235
1754   0.0870078
1755   0.0711672
1756   0.0560614
1757   0.0415784
1758   0.0281328
1759   0.0155749
1760   0.00446654
1761   -0.00547168
1762   -0.0132963
1763   0.264776
1764   0.273051
1765   0.281316
1766   0.289549
1767   0.297639
1768   0.305601
1769   0.313169
1770   0.320423
1771   0.326923
1772   0.332795
1773   0.337489
1774   0.341121
1775   0.3432
1776   0.343773
1777   0.342627
1778   0.339709
1779   0.335179
1780   0.328845
1781   0.321196
1782   0.311876
1783   0.301608
1784   0.289872
1785   0.277544
1786   0.263965
1787   0.250103
1788   0.235197
1789   0.220272
1790   0.204495
1791   0.188927
1792   0.172693
1793   0.156874
1794   0.140575
1795   0.12489
1796   0.108921
1797   0.0937686
1798   0.0785442
1799   0.0643526
1800   0.0503269
1801   0.0375679
1802   0.0252559
1803   0.014454
1804   0.00448152
1805   -0.00381838
1806   0.252838
1807   0.260568
1808   0.268255
1809   0.275859
1810   0.28332
1811   0.290573
1812   0.297508
1813   0.304028
1814   0.309972
1815   0.315209
1816   0.319539
1817   0.322816
1818   0.324851
1819   0.325526
1820   0.324733
1821   0.322423
1822   0.318605
1823   0.313296
1824   0.306602
1825   0.298577
1826   0.289381
1827   0.279077
1828   0.267847
1829   0.255741
1830   0.242948
1831   0.229502
1832   0.215588
1833   0.201227
1834   0.186599
1835   0.171718
1836   0.156764
1837   0.141743
1838   0.126839
1839   0.11206
1840   0.0975922
1841   0.0834506
1842   0.0698264
1843   0.0567444
1844   0.0444036
1845   0.032841
1846   0.0222636
1847   0.012722
1848   0.00440455
