##### Y Mean #####
0   0.00340248
1   -0.0281695
2   -0.0651412
3   -0.105983
4   -0.149835
5   -0.194807
6   -0.24024
7   -0.284365
8   -0.326629
9   -0.364963
10   -0.399824
11   -0.430467
12   -0.457386
13   -0.48027
14   -0.499417
15   -0.514717
16   -0.526376
17   -0.534393
18   -0.539062
19   -0.540555
20   -0.539168
21   -0.5352
22   -0.528851
23   -0.520449
24   -0.510187
25   -0.498449
26   -0.485454
27   -0.471617
28   -0.457097
29   -0.442219
30   -0.427083
31   -0.411916
32   -0.396764
33   -0.38176
34   -0.366919
35   -0.35231
36   -0.33794
37   -0.323848
38   -0.310044
39   -0.296553
40   -0.283389
41   -0.27057
42   -0.258109
43   0.0328936
44   0.000798244
45   -0.03954
46   -0.0825271
47   -0.131734
48   -0.179335
49   -0.230704
50   -0.277344
51   -0.326288
52   -0.366196
53   -0.406149
54   -0.438523
55   -0.469226
56   -0.493893
57   -0.51575
58   -0.532534
59   -0.546065
60   -0.555039
61   -0.560798
62   -0.562883
63   -0.56186
64   -0.558202
65   -0.551616
66   -0.543115
67   -0.532083
68   -0.519861
69   -0.505718
70   -0.491199
71   -0.475423
72   -0.459765
73   -0.443418
74   -0.427453
75   -0.411235
76   -0.395461
77   -0.379706
78   -0.364366
79   -0.349205
80   -0.334425
81   -0.319924
82   -0.305796
83   -0.292014
84   -0.278614
85   -0.265603
86   0.0678245
87   0.0378025
88   -0.00352871
89   -0.0492928
90   -0.10092
91   -0.15299
92   -0.206643
93   -0.257998
94   -0.30892
95   -0.355758
96   -0.398824
97   -0.437143
98   -0.471235
99   -0.50037
100   -0.525227
101   -0.545035
102   -0.560702
103   -0.571939
104   -0.579335
105   -0.583084
106   -0.583323
107   -0.580457
108   -0.574501
109   -0.565935
110   -0.554885
111   -0.541934
112   -0.527283
113   -0.511616
114   -0.495035
115   -0.47805
116   -0.460746
117   -0.443491
118   -0.426324
119   -0.409421
120   -0.392788
121   -0.376489
122   -0.360531
123   -0.344935
124   -0.329719
125   -0.31489
126   -0.300472
127   -0.286468
128   -0.272901
129   0.10699
130   0.0776529
131   0.0367829
132   -0.0102518
133   -0.0650178
134   -0.119142
135   -0.176639
136   -0.230215
137   -0.284665
138   -0.334723
139   -0.383776
140   -0.425174
141   -0.465698
142   -0.497236
143   -0.528096
144   -0.54978
145   -0.569885
146   -0.583302
147   -0.593767
148   -0.599867
149   -0.602105
150   -0.600955
151   -0.595892
152   -0.588086
153   -0.576999
154   -0.564056
155   -0.548606
156   -0.532462
157   -0.514656
158   -0.496784
159   -0.478084
160   -0.459812
161   -0.441368
162   -0.423483
163   -0.405762
164   -0.388567
165   -0.371691
166   -0.355296
167   -0.3393
168   -0.323771
169   -0.308689
170   -0.29408
171   -0.279948
172   0.149826
173   0.124866
174   0.0838175
175   0.0367016
176   -0.0197184
177   -0.0768124
178   -0.136326
179   -0.193467
180   -0.250372
181   -0.303971
182   -0.355065
183   -0.401467
184   -0.444029
185   -0.481545
186   -0.514915
187   -0.543493
188   -0.567375
189   -0.586685
190   -0.601391
191   -0.611484
192   -0.617269
193   -0.618308
194   -0.615401
195   -0.608571
196   -0.598428
197   -0.585728
198   -0.570433
199   -0.553515
200   -0.535071
201   -0.515801
202   -0.496015
203   -0.476234
204   -0.45668
205   -0.43747
206   -0.418739
207   -0.400443
208   -0.382679
209   -0.365377
210   -0.348615
211   -0.332333
212   -0.316597
213   -0.301361
214   -0.286679
215   0.194515
216   0.170748
217   0.132043
218   0.084217
219   0.0270354
220   -0.0315298
221   -0.0933008
222   -0.152427
223   -0.211751
224   -0.267296
225   -0.320947
226   -0.369856
227   -0.415662
228   -0.456307
229   -0.493882
230   -0.526157
231   -0.556472
232   -0.578926
233   -0.601053
234   -0.613188
235   -0.625842
236   -0.628224
237   -0.629961
238   -0.624662
239   -0.61653
240   -0.605395
241   -0.590422
242   -0.573867
243   -0.554472
244   -0.534454
245   -0.513175
246   -0.492343
247   -0.471397
248   -0.451123
249   -0.431212
250   -0.41195
251   -0.393209
252   -0.375072
253   -0.357499
254   -0.340508
255   -0.324098
256   -0.308269
257   -0.293026
258   0.240519
259   0.222903
260   0.183872
261   0.13686
262   0.0787367
263   0.0184904
264   -0.04464
265   -0.10623
266   -0.167321
267   -0.225309
268   -0.280862
269   -0.332373
270   -0.380326
271   -0.423871
272   -0.463646
273   -0.499054
274   -0.531012
275   -0.558253
276   -0.581778
277   -0.600522
278   -0.61535
279   -0.625876
280   -0.631588
281   -0.633224
282   -0.629618
283   -0.621609
284   -0.609191
285   -0.592606
286   -0.573208
287   -0.552101
288   -0.529944
289   -0.507578
290   -0.485603
291   -0.463957
292   -0.443076
293   -0.422711
294   -0.403127
295   -0.384104
296   -0.365811
297   -0.348097
298   -0.331078
299   -0.314651
300   -0.2989
301   0.28553
302   0.269278
303   0.234352
304   0.18761
305   0.129893
306   0.0690969
307   0.00468668
308   -0.0581512
309   -0.121077
310   -0.180531
311   -0.238116
312   -0.29124
313   -0.341403
314   -0.386707
315   -0.428684
316   -0.465886
317   -0.499694
318   -0.529277
319   -0.555248
320   -0.577308
321   -0.596151
322   -0.610929
323   -0.623956
324   -0.629283
325   -0.634749
326   -0.628581
327   -0.622584
328   -0.606594
329   -0.588236
330   -0.567428
331   -0.544348
332   -0.521437
333   -0.498248
334   -0.475697
335   -0.453767
336   -0.432565
337   -0.41212
338   -0.392375
339   -0.373367
340   -0.355041
341   -0.337421
342   -0.320476
343   -0.304215
344   0.328899
345   0.321078
346   0.286416
347   0.241615
348   0.184367
349   0.122229
350   0.0573404
351   -0.00729815
352   -0.0713455
353   -0.132761
354   -0.191694
355   -0.246802
356   -0.298399
357   -0.345669
358   -0.389108
359   -0.42821
360   -0.463666
361   -0.495146
362   -0.523109
363   -0.547453
364   -0.568493
365   -0.586109
366   -0.600868
367   -0.611547
368   -0.618819
369   -0.621484
370   -0.618879
371   -0.612011
372   -0.59758
373   -0.578881
374   -0.5567
375   -0.532667
376   -0.508986
377   -0.485345
378   -0.462832
379   -0.440833
380   -0.41983
381   -0.399441
382   -0.379918
383   -0.361044
384   -0.34296
385   -0.325534
386   -0.30886
387   0.367451
388   0.359867
389   0.33491
390   0.293558
391   0.237932
392   0.175723
393   0.109743
394   0.0442521
395   -0.0212593
396   -0.0837909
397   -0.14435
398   -0.200674
399   -0.253922
400   -0.30246
401   -0.347494
402   -0.387931
403   -0.424889
404   -0.45777
405   -0.487312
406   -0.513215
407   -0.535975
408   -0.555344
409   -0.571671
410   -0.585062
411   -0.595093
412   -0.602046
413   -0.605905
414   -0.603549
415   -0.599423
416   -0.582596
417   -0.564063
418   -0.540432
419   -0.516512
420   -0.492663
421   -0.46974
422   -0.447398
423   -0.425972
424   -0.405214
425   -0.385279
426   -0.366044
427   -0.347564
428   -0.32979
429   -0.312734
430   0.40252
431   0.400599
432   0.379972
433   0.347269
434   0.291478
435   0.228948
436   0.163135
437   0.0965554
438   0.0304153
439   -0.0336116
440   -0.095124
441   -0.153041
442   -0.207351
443   -0.25745
444   -0.303599
445   -0.345522
446   -0.383653
447   -0.417902
448   -0.448653
449   -0.475892
450   -0.499935
451   -0.52074
452   -0.538735
453   -0.553815
454   -0.566094
455   -0.575435
456   -0.581682
457   -0.584027
458   -0.582572
459   -0.576074
460   -0.560646
461   -0.541691
462   -0.519258
463   -0.495891
464   -0.473503
465   -0.4513
466   -0.429952
467   -0.409137
468   -0.389106
469   -0.369704
470   -0.351033
471   -0.333019
472   -0.315713
473   0.433674
474   0.433836
475   0.420794
476   0.390998
477   0.341233
478   0.280633
479   0.214937
480   0.14832
481   0.0812889
482   0.0165906
483   -0.0461783
484   -0.104981
485   -0.160618
486   -0.211677
487   -0.259105
488   -0.302026
489   -0.341339
490   -0.37659
491   -0.40845
492   -0.436752
493   -0.46191
494   -0.483992
495   -0.503174
496   -0.519802
497   -0.533521
498   -0.544801
499   -0.552781
500   -0.558098
501   -0.559334
502   -0.557313
503   -0.550167
504   -0.534789
505   -0.516843
506   -0.495246
507   -0.47402
508   -0.452492
509   -0.431627
510   -0.411111
511   -0.39125
512   -0.371928
513   -0.353236
514   -0.335149
515   -0.317693
516   0.461539
517   0.466153
518   0.458295
519   0.4382
520   0.388956
521   0.330198
522   0.265935
523   0.19933
524   0.132311
525   0.0666662
526   0.00335651
527   -0.0566829
528   -0.113055
529   -0.165382
530   -0.213627
531   -0.257753
532   -0.297926
533   -0.334286
534   -0.36705
535   -0.396421
536   -0.422609
537   -0.445826
538   -0.466273
539   -0.484122
540   -0.499365
541   -0.51209
542   -0.522069
543   -0.529342
544   -0.53335
545   -0.534165
546   -0.530138
547   -0.521612
548   -0.506545
549   -0.489059
550   -0.469811
551   -0.450149
552   -0.430322
553   -0.410714
554   -0.39138
555   -0.372479
556   -0.353993
557   -0.336034
558   -0.318566
559   0.485794
560   0.493326
561   0.491204
562   0.473109
563   0.432293
564   0.377277
565   0.314639
566   0.248976
567   0.181771
568   0.116007
569   0.0518532
570   -0.00868531
571   -0.0660844
572   -0.119062
573   -0.168343
574   -0.213194
575   -0.254348
576   -0.291488
577   -0.32519
578   -0.355443
579   -0.382593
580   -0.406872
581   -0.428354
582   -0.447466
583   -0.463887
584   -0.478171
585   -0.489597
586   -0.498845
587   -0.504721
588   -0.507931
589   -0.506668
590   -0.5017
591   -0.491749
592   -0.477787
593   -0.461789
594   -0.444259
595   -0.426224
596   -0.407821
597   -0.389463
598   -0.371211
599   -0.353213
600   -0.335537
601   -0.318243
602   0.506505
603   0.517482
604   0.520555
605   0.512395
606   0.473252
607   0.422193
608   0.361987
609   0.297225
610   0.230613
611   0.164412
612   0.100179
613   0.0387633
614   -0.01901
615   -0.0729878
616   -0.122796
617   -0.168645
618   -0.210428
619   -0.248534
620   -0.282973
621   -0.314198
622   -0.342245
623   -0.367565
624   -0.390147
625   -0.410403
626   -0.42816
627   -0.443781
628   -0.456854
629   -0.46773
630   -0.475609
631   -0.480901
632   -0.482194
633   -0.48033
634   -0.473366
635   -0.463317
636   -0.4501
637   -0.435383
638   -0.419239
639   -0.402594
640   -0.385398
641   -0.368181
642   -0.350825
643   -0.333699
644   -0.316672
645   0.523505
646   0.537428
647   0.544759
648   0.538364
649   0.510008
650   0.464415
651   0.407014
652   0.343811
653   0.277541
654   0.211773
655   0.14711
656   0.0856302
657   0.0271259
658   -0.0271774
659   -0.0778067
660   -0.124134
661   -0.166749
662   -0.205457
663   -0.240744
664   -0.27272
665   -0.301674
666   -0.327929
667   -0.351517
668   -0.372907
669   -0.391816
670   -0.408792
671   -0.423231
672   -0.435694
673   -0.44526
674   -0.452401
675   -0.456
676   -0.456398
677   -0.452806
678   -0.445694
679   -0.435736
680   -0.423525
681   -0.409784
682   -0.394901
683   -0.379291
684   -0.363194
685   -0.346802
686   -0.330302
687   -0.313802
688   0.536712
689   0.552972
690   0.564838
691   0.567613
692   0.543626
693   0.505804
694   0.450806
695   0.388722
696   0.323591
697   0.25779
698   0.193561
699   0.131538
700   0.0730359
701   0.0179755
702   -0.032897
703   -0.0800439
704   -0.123074
705   -0.162628
706   -0.198498
707   -0.231374
708   -0.261101
709   -0.288348
710   -0.312915
711   -0.335415
712   -0.35551
713   -0.373753
714   -0.389586
715   -0.403524
716   -0.414693
717   -0.423636
718   -0.429121
719   -0.431893
720   -0.430616
721   -0.426539
722   -0.419112
723   -0.409698
724   -0.398082
725   -0.38533
726   -0.371251
727   -0.356616
728   -0.341205
729   -0.325623
730   -0.309652
731   0.54626
732   0.565013
733   0.579522
734   0.584483
735   0.573134
736   0.541942
737   0.491704
738   0.431892
739   0.367589
740   0.302853
741   0.238577
742   0.176912
743   0.117934
744   0.0628575
745   0.0113551
746   -0.0360271
747   -0.079748
748   -0.119722
749   -0.156348
750   -0.189837
751   -0.220416
752   -0.248478
753   -0.274018
754   -0.297525
755   -0.318734
756   -0.338158
757   -0.355278
758   -0.370556
759   -0.383259
760   -0.393732
761   -0.401169
762   -0.405805
763   -0.407098
764   -0.405361
765   -0.400725
766   -0.393637
767   -0.384467
768   -0.373626
769   -0.361416
770   -0.348162
771   -0.334046
772   -0.319346
773   -0.304209
774   0.552039
775   0.572464
776   0.590111
777   0.600887
778   0.597656
779   0.580178
780   0.531193
781   0.47263
782   0.410608
783   0.346324
784   0.283022
785   0.221092
786   0.16246
787   0.106838
788   0.0553704
789   0.00734535
790   -0.036566
791   -0.0772534
792   -0.114291
793   -0.148588
794   -0.179804
795   -0.208791
796   -0.235182
797   -0.25974
798   -0.281988
799   -0.3026
800   -0.320919
801   -0.337553
802   -0.351616
803   -0.363704
804   -0.372731
805   -0.379401
806   -0.38263
807   -0.383377
808   -0.380917
809   -0.37635
810   -0.36922
811   -0.360556
812   -0.349995
813   -0.338417
814   -0.325479
815   -0.31196
816   -0.297554
817   0.554201
818   0.576367
819   0.596667
820   0.611765
821   0.617528
822   0.604521
823   0.565805
824   0.511987
825   0.451675
826   0.389118
827   0.326068
828   0.264845
829   0.205947
830   0.150608
831   0.0987072
832   0.050703
833   0.00626429
834   -0.0346435
835   -0.0723181
836   -0.107079
837   -0.139066
838   -0.168744
839   -0.196047
840   -0.22149
841   -0.244791
842   -0.266446
843   -0.285973
844   -0.303791
845   -0.319272
846   -0.332722
847   -0.343492
848   -0.351804
849   -0.357194
850   -0.359913
851   -0.359854
852   -0.357352
853   -0.352518
854   -0.34571
855   -0.337086
856   -0.326978
857   -0.315522
858   -0.30304
859   -0.289698
860   0.55293
861   0.575824
862   0.599131
863   0.618458
864   0.632354
865   0.633753
866   0.597322
867   0.54788
868   0.491096
869   0.429841
870   0.368199
871   0.307034
872   0.24883
873   0.193196
874   0.141641
875   0.0932083
876   0.0488297
877   0.0073744
878   -0.030526
879   -0.0659741
880   -0.0984579
881   -0.12897
882   -0.157002
883   -0.183418
884   -0.207632
885   -0.230394
886   -0.250985
887   -0.270068
888   -0.286767
889   -0.301712
890   -0.313909
891   -0.324041
892   -0.33113
893   -0.335997
894   -0.33784
895   -0.337594
896   -0.334637
897   -0.329922
898   -0.322929
899   -0.314568
900   -0.304376
901   -0.293236
902   -0.280762
903   0.548706
904   0.573024
905   0.598108
906   0.621772
907   0.641276
908   0.645469
909   0.62352
910   0.581508
911   0.528159
912   0.469429
913   0.408556
914   0.348599
915   0.290472
916   0.235517
917   0.183802
918   0.135694
919   0.0909977
920   0.0495387
921   0.0111502
922   -0.02461
923   -0.0577593
924   -0.0888465
925   -0.117707
926   -0.144904
927   -0.170095
928   -0.193796
929   -0.215516
930   -0.235681
931   -0.253704
932   -0.269904
933   -0.283694
934   -0.295318
935   -0.304312
936   -0.310913
937   -0.314876
938   -0.31647
939   -0.31563
940   -0.312653
941   -0.307565
942   -0.300672
943   -0.292045
944   -0.282024
945   -0.270769
946   0.541625
947   0.565731
948   0.592997
949   0.618775
950   0.644479
951   0.661301
952   0.644844
953   0.612483
954   0.563085
955   0.506335
956   0.447505
957   0.388062
958   0.331154
959   0.276248
960   0.225275
961   0.177008
962   0.132652
963   0.0908467
964   0.0524213
965   0.0161189
966   -0.0173927
967   -0.0492016
968   -0.078679
969   -0.10675
970   -0.132749
971   -0.157465
972   -0.180145
973   -0.201483
974   -0.220621
975   -0.238205
976   -0.253302
977   -0.266578
978   -0.2771
979   -0.285613
980   -0.291271
981   -0.294905
982   -0.295779
983   -0.294776
984   -0.291248
985   -0.2861
986   -0.278757
987   -0.270166
988   -0.259862
989   0.532286
990   0.557314
991   0.584843
992   0.613344
993   0.640879
994   0.659726
995   0.660798
996   0.637562
997   0.594336
998   0.541324
999   0.484049
1000   0.426604
1001   0.370248
1002   0.31652
1003   0.26573
1004   0.218122
1005   0.173703
1006   0.132108
1007   0.0933729
1008   0.0568988
1009   0.0228536
1010   -0.00942209
1011   -0.0396172
1012   -0.0683693
1013   -0.09524
1014   -0.120798
1015   -0.144504
1016   -0.166829
1017   -0.187179
1018   -0.205918
1019   -0.222463
1020   -0.237096
1021   -0.249324
1022   -0.259389
1023   -0.266947
1024   -0.272236
1025   -0.27506
1026   -0.275667
1027   -0.273972
1028   -0.270247
1029   -0.264495
1030   -0.257052
1031   -0.248067
1032   0.520663
1033   0.544712
1034   0.573126
1035   0.601869
1036   0.632106
1037   0.656678
1038   0.667294
1039   0.662666
1040   0.622835
1041   0.572505
1042   0.518724
1043   0.462321
1044   0.407852
1045   0.35455
1046   0.304947
1047   0.257499
1048   0.213707
1049   0.172006
1050   0.133414
1051   0.0965797
1052   0.0623023
1053   0.0294592
1054   -0.00123604
1055   -0.0307196
1056   -0.0582815
1057   -0.0847168
1058   -0.109268
1059   -0.132632
1060   -0.153982
1061   -0.173962
1062   -0.191686
1063   -0.207799
1064   -0.221398
1065   -0.233172
1066   -0.24225
1067   -0.249388
1068   -0.253775
1069   -0.25623
1070   -0.256007
1071   -0.253988
1072   -0.249503
1073   -0.243532
1074   -0.23554
1075   0.50735
1076   0.531475
1077   0.558821
1078   0.588283
1079   0.6189
1080   0.646559
1081   0.66722
1082   0.668592
1083   0.6443
1084   0.601339
1085   0.550335
1086   0.496687
1087   0.443226
1088   0.391612
1089   0.342602
1090   0.296151
1091   0.252605
1092   0.211316
1093   0.172642
1094   0.135775
1095   0.101153
1096   0.0679696
1097   0.0367337
1098   0.00669981
1099   -0.0215622
1100   -0.0487054
1101   -0.0741146
1102   -0.0983327
1103   -0.120726
1104   -0.141723
1105   -0.160714
1106   -0.178029
1107   -0.193131
1108   -0.206283
1109   -0.217059
1110   -0.225684
1111   -0.231858
1112   -0.235795
1113   -0.237314
1114   -0.236653
1115   -0.23375
1116   -0.228925
1117   -0.222307
1118   0.492465
1119   0.514888
1120   0.54195
1121   0.570039
1122   0.601409
1123   0.630266
1124   0.658037
1125   0.676026
1126   0.657989
1127   0.624638
1128   0.578138
1129   0.526516
1130   0.475774
1131   0.425193
1132   0.377904
1133   0.332059
1134   0.289443
1135   0.248379
1136   0.21004
1137   0.173086
1138   0.138397
1139   0.104896
1140   0.0733287
1141   0.0428027
1142   0.0140235
1143   -0.0137695
1144   -0.039851
1145   -0.0648913
1146   -0.0881148
1147   -0.110141
1148   -0.130139
1149   -0.148718
1150   -0.165012
1151   -0.179656
1152   -0.191774
1153   -0.202056
1154   -0.209642
1155   -0.215292
1156   -0.218183
1157   -0.219166
1158   -0.217491
1159   -0.214144
1160   -0.208533
1161   0.47672
1162   0.49868
1163   0.523848
1164   0.551567
1165   0.581583
1166   0.611968
1167   0.64085
1168   0.660943
1169   0.663944
1170   0.640247
1171   0.600245
1172   0.553287
1173   0.504686
1174   0.456631
1175   0.410603
1176   0.366152
1177   0.324234
1178   0.283817
1179   0.245751
1180   0.208967
1181   0.174256
1182   0.140627
1183   0.108826
1184   0.0779697
1185   0.0487826
1186   0.0205007
1187   -0.00616318
1188   -0.0318467
1189   -0.0558518
1190   -0.0786914
1191   -0.0997023
1192   -0.119283
1193   -0.136833
1194   -0.152657
1195   -0.166248
1196   -0.177839
1197   -0.187034
1198   -0.194031
1199   -0.198555
1200   -0.200816
1201   -0.200684
1202   -0.19846
1203   -0.194244
1204   0.460242
1205   0.480288
1206   0.504526
1207   0.530083
1208   0.559342
1209   0.588085
1210   0.618045
1211   0.642116
1212   0.653342
1213   0.651044
1214   0.616605
1215   0.573068
1216   0.528846
1217   0.482689
1218   0.43908
1219   0.395927
1220   0.355323
1221   0.315681
1222   0.278247
1223   0.241853
1224   0.207366
1225   0.173852
1226   0.142013
1227   0.11106
1228   0.0816407
1229   0.0530695
1230   0.0260029
1231   -0.000172907
1232   -0.0247559
1233   -0.0483175
1234   -0.0700966
1235   -0.0906527
1236   -0.109168
1237   -0.12622
1238   -0.140947
1239   -0.153974
1240   -0.164413
1241   -0.172964
1242   -0.178744
1243   -0.182562
1244   -0.183599
1245   -0.182831
1246   -0.179612
1247   0.443622
1248   0.462951
1249   0.485006
1250   0.509402
1251   0.536055
1252   0.563848
1253   0.591533
1254   0.616351
1255   0.634368
1256   0.637385
1257   0.62326
1258   0.587646
1259   0.547457
1260   0.50464
1261   0.463322
1262   0.422069
1263   0.382939
1264   0.344353
1265   0.307835
1266   0.272014
1267   0.238071
1268   0.204823
1269   0.173255
1270   0.142343
1271   0.112966
1272   0.0842464
1273   0.0570027
1274   0.0304956
1275   0.00550079
1276   -0.0185866
1277   -0.0410363
1278   -0.0623254
1279   -0.0817837
1280   -0.0997715
1281   -0.115698
1282   -0.129825
1283   -0.14166
1284   -0.1514
1285   -0.158676
1286   -0.163672
1287   -0.166187
1288   -0.166496
1289   -0.164663
1290   0.426907
1291   0.444456
1292   0.465278
1293   0.48726
1294   0.512197
1295   0.537081
1296   0.563236
1297   0.586186
1298   0.606745
1299   0.61898
1300   0.610916
1301   0.591114
1302   0.556578
1303   0.517929
1304   0.480222
1305   0.441753
1306   0.404618
1307   0.367853
1308   0.332553
1309   0.297948
1310   0.264761
1311   0.232311
1312   0.201179
1313   0.170748
1314   0.141561
1315   0.113053
1316   0.0857835
1317   0.0592283
1318   0.0339975
1319   0.00959155
1320   -0.0133127
1321   -0.0352081
1322   -0.0553443
1323   -0.0742301
1324   -0.0910417
1325   -0.10633
1326   -0.119209
1327   -0.130303
1328   -0.138695
1329   -0.145131
1330   -0.148733
1331   -0.150448
1332   -0.149576
1333   0.410486
1334   0.427244
1335   0.446012
1336   0.466541
1337   0.488677
1338   0.511768
1339   0.534724
1340   0.55675
1341   0.575092
1342   0.588647
1343   0.591072
1344   0.578517
1345   0.556705
1346   0.523889
1347   0.490939
1348   0.455438
1349   0.421246
1350   0.386428
1351   0.353137
1352   0.319858
1353   0.288074
1354   0.256516
1355   0.226355
1356   0.196493
1357   0.167937
1358   0.139734
1359   0.112801
1360   0.0863149
1361   0.0611342
1362   0.036565
1363   0.0134146
1364   -0.00888149
1365   -0.0295731
1366   -0.0490952
1367   -0.0667681
1368   -0.0829032
1369   -0.0969115
1370   -0.109002
1371   -0.118709
1372   -0.126198
1373   -0.131182
1374   -0.133903
1375   -0.134379
1376   0.394329
1377   0.409618
1378   0.427156
1379   0.445562
1380   0.465911
1381   0.48635
1382   0.507449
1383   0.526934
1384   0.544462
1385   0.557311
1386   0.562628
1387   0.559452
1388   0.54277
1389   0.519423
1390   0.491334
1391   0.46122
1392   0.430216
1393   0.398805
1394   0.367688
1395   0.336732
1396   0.306462
1397   0.276544
1398   0.247434
1399   0.218733
1400   0.190882
1401   0.163468
1402   0.136956
1403   0.110934
1404   0.0859186
1405   0.0615012
1406   0.0382654
1407   0.0158004
1408   -0.0052287
1409   -0.0252505
1410   -0.0435066
1411   -0.0604643
1412   -0.0752691
1413   -0.0884595
1414   -0.0991061
1415   -0.107875
1416   -0.113836
1417   -0.117884
1418   -0.119257
1419   0.378635
1420   0.39315
1421   0.40899
1422   0.426003
1423   0.444003
1424   0.46264
1425   0.48101
1426   0.498805
1427   0.513937
1428   0.526332
1429   0.532167
1430   0.532536
1431   0.523604
1432   0.506708
1433   0.485432
1434   0.460105
1435   0.43373
1436   0.405564
1437   0.377659
1438   0.348961
1439   0.321001
1440   0.29269
1441   0.265276
1442   0.237719
1443   0.211111
1444   0.184489
1445   0.158852
1446   0.133331
1447   0.108862
1448   0.0846773
1449   0.0616653
1450   0.0391718
1451   0.0180318
1452   -0.00228107
1453   -0.0209944
1454   -0.0384966
1455   -0.0540962
1456   -0.0680456
1457   -0.07977
1458   -0.0894288
1459   -0.0966349
1460   -0.101589
1461   -0.104242
1462   0.363336
1463   0.376693
1464   0.39143
1465   0.406748
1466   0.423184
1467   0.439698
1468   0.456373
1469   0.472051
1470   0.48608
1471   0.497393
1472   0.50422
1473   0.506409
1474   0.501007
1475   0.489877
1476   0.473358
1477   0.453442
1478   0.430985
1479   0.40695
1480   0.381973
1481   0.35635
1482   0.330555
1483   0.304552
1484   0.27874
1485   0.252932
1486   0.227505
1487   0.2022
1488   0.177409
1489   0.152845
1490   0.128936
1491   0.105379
1492   0.0826609
1493   0.0604637
1494   0.0393531
1495   0.0189893
1496   3.64533e-05
1497   -0.0178811
1498   -0.0339809
1499   -0.0487027
1500   -0.0611431
1501   -0.0718649
1502   -0.079903
1503   -0.0860653
1504   -0.0895243
1505   0.348508
1506   0.361128
1507   0.374529
1508   0.388623
1509   0.403232
1510   0.418182
1511   0.432787
1512   0.446943
1513   0.459267
1514   0.46984
1515   0.476579
1516   0.479803
1517   0.477522
1518   0.470081
1519   0.45829
1520   0.442511
1521   0.424433
1522   0.403877
1523   0.382443
1524   0.359526
1525   0.33651
1526   0.312574
1527   0.288938
1528   0.264701
1529   0.24098
1530   0.216861
1531   0.193396
1532   0.169704
1533   0.146789
1534   0.123829
1535   0.101789
1536   0.0799284
1537   0.0591687
1538   0.0388766
1539   0.0199205
1540   0.00180082
1541   -0.014684
1542   -0.0298747
1543   -0.0430768
1544   -0.0544794
1545   -0.0635689
1546   -0.0705037
1547   -0.0751384
1548   0.334089
1549   0.345785
1550   0.358225
1551   0.370995
1552   0.384303
1553   0.397611
1554   0.410815
1555   0.423333
1556   0.434624
1557   0.444176
1558   0.450927
1559   0.45465
1560   0.45402
1561   0.449456
1562   0.440762
1563   0.428819
1564   0.414048
1565   0.397145
1566   0.378607
1567   0.358795
1568   0.338138
1569   0.316744
1570   0.294983
1571   0.272808
1572   0.250562
1573   0.228109
1574   0.205794
1575   0.183433
1576   0.161392
1577   0.139461
1578   0.118044
1579   0.0969128
1580   0.0765297
1581   0.0566457
1582   0.0378067
1583   0.019733
1584   0.00308781
1585   -0.0124616
1586   -0.0260993
1587   -0.0382634
1588   -0.0479937
1589   -0.0559696
1590   -0.0612824
1591   0.320099
1592   0.3311
1593   0.342489
1594   0.354219
1595   0.366133
1596   0.378162
1597   0.389815
1598   0.401087
1599   0.411077
1600   0.419869
1601   0.42623
1602   0.430279
1603   0.430926
1604   0.428267
1605   0.422306
1606   0.413157
1607   0.401613
1608   0.38757
1609   0.372109
1610   0.354828
1611   0.336864
1612   0.317582
1613   0.298101
1614   0.277647
1615   0.25731
1616   0.236245
1617   0.215522
1618   0.194269
1619   0.173538
1620   0.152471
1621   0.132099
1622   0.111605
1623   0.091991
1624   0.0725114
1625   0.0541314
1626   0.0362085
1627   0.0196527
1628   0.00397273
1629   -0.0100083
1630   -0.0225827
1631   -0.0330851
1632   -0.0416532
1633   -0.0479949
1634   0.3065
1635   0.316742
1636   0.327302
1637   0.337994
1638   0.348853
1639   0.359623
1640   0.370155
1641   0.380158
1642   0.389251
1643   0.397143
1644   0.403225
1645   0.40728
1646   0.408661
1647   0.407375
1648   0.403199
1649   0.396409
1650   0.387175
1651   0.37583
1652   0.362705
1653   0.348039
1654   0.332188
1655   0.315261
1656   0.297596
1657   0.2792
1658   0.260389
1659   0.241102
1660   0.221647
1661   0.20192
1662   0.182235
1663   0.162462
1664   0.142933
1665   0.123502
1666   0.104535
1667   0.0858684
1668   0.0679234
1669   0.0505155
1670   0.0341503
1671   0.0186062
1672   0.00452846
1673   -0.00838171
1674   -0.0192701
1675   -0.028632
1676   -0.0354806
1677   0.293296
1678   0.302891
1679   0.312617
1680   0.322445
1681   0.332246
1682   0.342005
1683   0.351373
1684   0.360397
1685   0.368474
1686   0.375699
1687   0.381296
1688   0.385352
1689   0.387186
1690   0.386836
1691   0.384112
1692   0.379002
1693   0.371851
1694   0.36251
1695   0.35168
1696   0.339012
1697   0.3254
1698   0.310298
1699   0.294695
1700   0.277897
1701   0.260939
1702   0.243026
1703   0.225219
1704   0.206663
1705   0.188433
1706   0.169649
1707   0.15139
1708   0.132779
1709   0.114888
1710   0.0968688
1711   0.079779
1712   0.0628242
1713   0.0470314
1714   0.0317046
1715   0.0178088
1716   0.00482527
1717   -0.00640707
1718   -0.0161178
1719   -0.0237849
1720   0.28047
1721   0.289424
1722   0.298446
1723   0.307463
1724   0.31643
1725   0.325235
1726   0.333737
1727   0.34179
1728   0.349137
1729   0.355605
1730   0.36084
1731   0.364668
1732   0.366742
1733   0.366959
1734   0.365155
1735   0.36135
1736   0.355609
1737   0.348029
1738   0.338821
1739   0.328084
1740   0.316096
1741   0.302912
1742   0.288825
1743   0.273841
1744   0.258249
1745   0.242013
1746   0.225417
1747   0.208395
1748   0.19123
1749   0.173837
1750   0.156506
1751   0.139141
1752   0.122042
1753   0.105112
1754   0.0886678
1755   0.0726094
1756   0.0572906
1757   0.0425986
1758   0.0289546
1759   0.0162078
1760   0.00492836
1761   -0.00516609
1762   -0.0131184
1763   0.268019
1764   0.276388
1765   0.284743
1766   0.293062
1767   0.301231
1768   0.309268
1769   0.316903
1770   0.324218
1771   0.330771
1772   0.336689
1773   0.341421
1774   0.345083
1775   0.347185
1776   0.34777
1777   0.34663
1778   0.343707
1779   0.339163
1780   0.332803
1781   0.325118
1782   0.315748
1783   0.30542
1784   0.293608
1785   0.281193
1786   0.26751
1787   0.253536
1788   0.238498
1789   0.223435
1790   0.207502
1791   0.191772
1792   0.17536
1793   0.159361
1794   0.142868
1795   0.126991
1796   0.110818
1797   0.0954665
1798   0.0800365
1799   0.0656483
1800   0.0514241
1801   0.0384803
1802   0.0259867
1803   0.0150219
1804   0.00489638
1805   -0.00353451
1806   0.255941
1807   0.263759
1808   0.271531
1809   0.279216
1810   0.286753
1811   0.294076
1812   0.301076
1813   0.307655
1814   0.31365
1815   0.318932
1816   0.323299
1817   0.326606
1818   0.328663
1819   0.329352
1820   0.328564
1821   0.32625
1822   0.322419
1823   0.317087
1824   0.310359
1825   0.302288
1826   0.293036
1827   0.282662
1828   0.271351
1829   0.259152
1830   0.246253
1831   0.232688
1832   0.218644
1833   0.204141
1834   0.189362
1835   0.17432
1836   0.159196
1837   0.143999
1838   0.128913
1839   0.113948
1840   0.0992931
1841   0.0849634
1842   0.0711536
1843   0.0578893
1844   0.0453729
1845   0.0336425
1846   0.0229086
1847   0.0132231
1848   0.00477741
