##### Y Mean #####
0   0.00457652
1   -0.0281143
2   -0.0664605
3   -0.108914
4   -0.154621
5   -0.201661
6   -0.249356
7   -0.295846
8   -0.340511
9   -0.381072
10   -0.418023
11   -0.450538
12   -0.479154
13   -0.503527
14   -0.523962
15   -0.540337
16   -0.552848
17   -0.561488
18   -0.566557
19   -0.568242
20   -0.566847
21   -0.562702
22   -0.556002
23   -0.547108
24   -0.536217
25   -0.52376
26   -0.509963
27   -0.495286
28   -0.479893
29   -0.464146
30   -0.44814
31   -0.432128
32   -0.416151
33   -0.400352
34   -0.384739
35   -0.369386
36   -0.354295
37   -0.339505
38   -0.325024
39   -0.310876
40   -0.297074
41   -0.283636
42   -0.270575
43   0.0355284
44   0.00238814
45   -0.0393353
46   -0.0839066
47   -0.135054
48   -0.18475
49   -0.238611
50   -0.287694
51   -0.33951
52   -0.381675
53   -0.424109
54   -0.458466
55   -0.491166
56   -0.5175
57   -0.540876
58   -0.558917
59   -0.573476
60   -0.583217
61   -0.589485
62   -0.591884
63   -0.590893
64   -0.587154
65   -0.580199
66   -0.571253
67   -0.559517
68   -0.546576
69   -0.531514
70   -0.516135
71   -0.499362
72   -0.482796
73   -0.465466
74   -0.448613
75   -0.431475
76   -0.414863
77   -0.398264
78   -0.382137
79   -0.366197
80   -0.350678
81   -0.335453
82   -0.320629
83   -0.306171
84   -0.292118
85   -0.278475
86   0.0721142
87   0.0412286
88   -0.00139219
89   -0.0486858
90   -0.102187
91   -0.156321
92   -0.212396
93   -0.266258
94   -0.320015
95   -0.369612
96   -0.415352
97   -0.456168
98   -0.492578
99   -0.523784
100   -0.550487
101   -0.571827
102   -0.588776
103   -0.601013
104   -0.609146
105   -0.61339
106   -0.613854
107   -0.610995
108   -0.604793
109   -0.595778
110   -0.584066
111   -0.570319
112   -0.554734
113   -0.538079
114   -0.520446
115   -0.502408
116   -0.484043
117   -0.465763
118   -0.4476
119   -0.429744
120   -0.412197
121   -0.395023
122   -0.378225
123   -0.361821
124   -0.345828
125   -0.330249
126   -0.315112
127   -0.300413
128   -0.286179
129   0.113059
130   0.0830105
131   0.0410246
132   -0.00740121
133   -0.0639679
134   -0.12004
135   -0.179899
136   -0.23592
137   -0.293161
138   -0.346125
139   -0.398251
140   -0.442373
141   -0.485803
142   -0.519618
143   -0.552939
144   -0.576345
145   -0.598185
146   -0.612882
147   -0.624419
148   -0.631326
149   -0.634007
150   -0.633105
151   -0.627898
152   -0.619766
153   -0.608011
154   -0.594311
155   -0.577831
156   -0.560675
157   -0.54167
158   -0.522665
159   -0.502739
160   -0.483344
161   -0.46376
162   -0.44483
163   -0.426079
164   -0.407927
165   -0.390121
166   -0.372848
167   -0.356006
168   -0.339671
169   -0.323817
170   -0.308468
171   -0.29363
172   0.157738
173   0.132355
174   0.0903657
175   0.0420869
176   -0.0159643
177   -0.0748558
178   -0.136611
179   -0.196115
180   -0.255802
181   -0.312292
182   -0.366469
183   -0.415879
184   -0.461426
185   -0.501748
186   -0.537793
187   -0.568832
188   -0.594893
189   -0.616118
190   -0.632421
191   -0.643762
192   -0.650442
193   -0.651948
194   -0.649165
195   -0.642125
196   -0.631459
197   -0.618022
198   -0.601739
199   -0.583697
200   -0.563987
201   -0.543397
202   -0.522262
203   -0.501166
204   -0.480347
205   -0.45993
206   -0.44006
207   -0.42068
208   -0.401895
209   -0.383619
210   -0.365938
211   -0.348779
212   -0.332214
213   -0.316188
214   -0.30076
215   0.204225
216   0.180184
217   0.140829
218   0.0920138
219   0.0334495
220   -0.0267865
221   -0.0906023
222   -0.15202
223   -0.213957
224   -0.27234
225   -0.328983
226   -0.38097
227   -0.429854
228   -0.473525
229   -0.514099
230   -0.549193
231   -0.582405
232   -0.607092
233   -0.631692
234   -0.645295
235   -0.659683
236   -0.662689
237   -0.665062
238   -0.659785
239   -0.651359
240   -0.639702
241   -0.623752
242   -0.606119
243   -0.585313
244   -0.563879
245   -0.541043
246   -0.518764
247   -0.496369
248   -0.474758
249   -0.453559
250   -0.433101
251   -0.413223
252   -0.39402
253   -0.375441
254   -0.357502
255   -0.3402
256   -0.323529
257   -0.307495
258   0.251952
259   0.234311
260   0.194807
261   0.14709
262   0.0877591
263   0.0260815
264   -0.0389629
265   -0.10266
266   -0.166275
267   -0.22694
268   -0.285434
269   -0.339945
270   -0.391001
271   -0.437616
272   -0.480478
273   -0.51887
274   -0.553794
275   -0.58376
276   -0.609859
277   -0.630862
278   -0.64769
279   -0.659888
280   -0.666794
281   -0.66925
282   -0.66593
283   -0.657726
284   -0.644638
285   -0.626918
286   -0.606088
287   -0.583389
288   -0.559551
289   -0.535512
290   -0.511947
291   -0.48877
292   -0.466474
293   -0.444765
294   -0.42394
295   -0.403742
296   -0.384361
297   -0.36562
298   -0.347648
299   -0.330322
300   -0.313738
301   0.29855
302   0.282383
303   0.247239
304   0.19995
305   0.141304
306   0.0792259
307   0.0131531
308   -0.0516623
309   -0.116887
310   -0.178894
311   -0.239242
312   -0.29528
313   -0.348449
314   -0.396803
315   -0.441841
316   -0.482071
317   -0.518847
318   -0.551338
319   -0.580058
320   -0.604738
321   -0.626045
322   -0.643016
323   -0.658245
324   -0.664797
325   -0.671704
326   -0.665518
327   -0.659619
328   -0.642544
329   -0.622825
330   -0.600447
331   -0.575523
332   -0.550847
333   -0.525878
334   -0.501663
335   -0.478163
336   -0.455498
337   -0.433694
338   -0.412681
339   -0.392495
340   -0.373071
341   -0.354433
342   -0.336539
343   -0.319398
344   0.343372
345   0.335799
346   0.301059
347   0.255961
348   0.197941
349   0.134789
350   0.0683946
351   0.00201939
352   -0.0641775
353   -0.127925
354   -0.189486
355   -0.247327
356   -0.301831
357   -0.35203
358   -0.398483
359   -0.440556
360   -0.479013
361   -0.513417
362   -0.544253
363   -0.571349
364   -0.595032
365   -0.615102
366   -0.63219
367   -0.644816
368   -0.653722
369   -0.657543
370   -0.655477
371   -0.648665
372   -0.633376
373   -0.613297
374   -0.589349
375   -0.563345
376   -0.537788
377   -0.5123
378   -0.488121
379   -0.464531
380   -0.442085
381   -0.420333
382   -0.399566
383   -0.379522
384   -0.360368
385   -0.341941
386   -0.324351
387   0.383231
388   0.37598
389   0.351087
390   0.309539
391   0.253392
392   0.190328
393   0.123114
394   0.0560561
395   -0.0113452
396   -0.0760383
397   -0.138991
398   -0.197896
399   -0.253861
400   -0.305219
401   -0.353127
402   -0.396482
403   -0.436356
404   -0.472162
405   -0.504565
406   -0.533283
407   -0.558738
408   -0.580685
409   -0.599404
410   -0.615055
411   -0.627042
412   -0.635692
413   -0.640972
414   -0.639216
415   -0.635582
416   -0.617548
417   -0.597659
418   -0.57206
419   -0.54618
420   -0.520423
421   -0.495741
422   -0.471741
423   -0.448792
424   -0.426611
425   -0.405366
426   -0.384914
427   -0.365313
428   -0.346501
429   -0.328487
430   0.419462
431   0.418006
432   0.397505
433   0.36474
434   0.308581
435   0.245446
436   0.178565
437   0.110674
438   0.0428228
439   -0.0231162
440   -0.0868478
441   -0.14712
442   -0.203996
443   -0.256729
444   -0.305642
445   -0.350346
446   -0.39133
447   -0.428409
448   -0.462002
449   -0.492011
450   -0.518774
451   -0.542173
452   -0.562678
453   -0.580106
454   -0.594558
455   -0.605824
456   -0.61373
457   -0.617292
458   -0.616621
459   -0.610288
460   -0.593881
461   -0.573517
462   -0.549282
463   -0.524019
464   -0.499908
465   -0.476026
466   -0.453144
467   -0.430873
468   -0.409509
469   -0.388856
470   -0.36904
471   -0.349955
472   -0.33167
473   0.45161
474   0.452269
475   0.439468
476   0.409695
477   0.359732
478   0.298659
479   0.232148
480   0.164393
481   0.0959136
482   0.0294898
483   -0.0352455
484   -0.0962255
485   -0.154202
486   -0.207747
487   -0.257752
488   -0.303343
489   -0.34536
490   -0.383368
491   -0.417961
492   -0.449002
493   -0.476821
494   -0.501526
495   -0.523204
496   -0.542271
497   -0.55822
498   -0.571595
499   -0.581351
500   -0.588227
501   -0.590548
502   -0.589256
503   -0.58222
504   -0.565861
505   -0.546655
506   -0.523349
507   -0.500507
508   -0.477355
509   -0.454982
510   -0.433027
511   -0.411832
512   -0.391259
513   -0.371407
514   -0.352242
515   -0.333786
516   0.480319
517   0.485525
518   0.477932
519   0.457943
520   0.408627
521   0.349599
522   0.284668
523   0.217164
524   0.148874
525   0.0817519
526   0.0166603
527   -0.0453197
528   -0.103861
529   -0.158463
530   -0.209143
531   -0.255763
532   -0.298532
533   -0.337505
534   -0.37293
535   -0.404937
536   -0.433759
537   -0.459546
538   -0.482519
539   -0.502795
540   -0.520354
541   -0.535227
542   -0.547157
543   -0.55614
544   -0.561532
545   -0.563377
546   -0.559812
547   -0.551186
548   -0.535195
549   -0.5165
550   -0.495857
551   -0.474773
552   -0.453543
553   -0.43258
554   -0.41196
555   -0.391839
556   -0.372213
557   -0.35318
558   -0.334713
559   0.50526
560   0.513384
561   0.511616
562   0.493698
563   0.452916
564   0.397729
565   0.334634
566   0.268229
567   0.199996
568   0.132935
569   0.067246
570   0.0049477
571   -0.0543902
572   -0.109479
573   -0.16099
574   -0.208199
575   -0.251774
576   -0.291422
577   -0.327647
578   -0.360469
579   -0.390155
580   -0.416985
581   -0.440935
582   -0.462501
583   -0.481228
584   -0.49775
585   -0.511182
586   -0.522305
587   -0.529702
588   -0.534186
589   -0.533663
590   -0.529018
591   -0.518769
592   -0.504019
593   -0.487004
594   -0.468292
595   -0.449045
596   -0.429414
597   -0.409864
598   -0.390457
599   -0.371359
600   -0.352638
601   -0.334357
602   0.526524
603   0.538157
604   0.541585
605   0.533642
606   0.494625
607   0.443546
608   0.383003
609   0.317704
610   0.250228
611   0.182959
612   0.117367
613   0.0544198
614   -0.00512173
615   -0.0609988
616   -0.112885
617   -0.160905
618   -0.204984
619   -0.24544
620   -0.282309
621   -0.315981
622   -0.34651
623   -0.374299
624   -0.399341
625   -0.42201
626   -0.442113
627   -0.459984
628   -0.475164
629   -0.487988
630   -0.497556
631   -0.50428
632   -0.506576
633   -0.505354
634   -0.498425
635   -0.488037
636   -0.47412
637   -0.458533
638   -0.441385
639   -0.423694
640   -0.405428
641   -0.387156
642   -0.368767
643   -0.350644
644   -0.332659
645   0.543942
646   0.558502
647   0.566254
648   0.560127
649   0.531942
650   0.486386
651   0.428816
652   0.365211
653   0.29829
654   0.231618
655   0.165822
656   0.102981
657   0.0429284
658   -0.0131129
659   -0.0656184
660   -0.113973
661   -0.158707
662   -0.199649
663   -0.237218
664   -0.271559
665   -0.302882
666   -0.331562
667   -0.357534
668   -0.381331
669   -0.402553
670   -0.42182
671   -0.438384
672   -0.452883
673   -0.46422
674   -0.472936
675   -0.477727
676   -0.47898
677   -0.475776
678   -0.468644
679   -0.458341
680   -0.445536
681   -0.431045
682   -0.415304
683   -0.398783
684   -0.381747
685   -0.364412
686   -0.34698
687   -0.329567
688   0.557456
689   0.574397
690   0.586671
691   0.589726
692   0.565953
693   0.528245
694   0.473178
695   0.410867
696   0.345226
697   0.278724
698   0.21352
699   0.150344
700   0.0904539
701   0.0338567
702   -0.0187437
703   -0.0677349
704   -0.112755
705   -0.154386
706   -0.192435
707   -0.227547
708   -0.259575
709   -0.28915
710   -0.316068
711   -0.340916
712   -0.363329
713   -0.383844
714   -0.401847
715   -0.41785
716   -0.43088
717   -0.441491
718   -0.44831
719   -0.452128
720   -0.451454
721   -0.44766
722   -0.440148
723   -0.430426
724   -0.41828
725   -0.404884
726   -0.390051
727   -0.374618
728   -0.358363
729   -0.341933
730   -0.325102
731   0.5672
732   0.586608
733   0.601575
734   0.606845
735   0.595696
736   0.56464
737   0.514451
738   0.454519
739   0.389886
740   0.324589
741   0.259537
742   0.196873
743   0.136708
744   0.080246
745   0.0272065
746   -0.0218817
747   -0.0674208
748   -0.109353
749   -0.14801
750   -0.183644
751   -0.216403
752   -0.246731
753   -0.274533
754   -0.300356
755   -0.323828
756   -0.345525
757   -0.364801
758   -0.382176
759   -0.396777
760   -0.408992
761   -0.417876
762   -0.42369
763   -0.425803
764   -0.424561
765   -0.420106
766   -0.412939
767   -0.403478
768   -0.392183
769   -0.379399
770   -0.365482
771   -0.350642
772   -0.335179
773   -0.319256
774   0.573087
775   0.594191
776   0.612285
777   0.623389
778   0.620337
779   0.602974
780   0.554128
781   0.495593
782   0.433349
783   0.368677
784   0.304736
785   0.241993
786   0.182317
787   0.125495
788   0.0726293
789   0.0230713
790   -0.0225334
791   -0.065024
792   -0.103988
793   -0.140297
794   -0.173614
795   -0.20476
796   -0.233359
797   -0.260155
798   -0.28464
799   -0.307478
800   -0.327956
801   -0.346679
802   -0.362674
803   -0.376547
804   -0.387099
805   -0.395066
806   -0.399254
807   -0.400697
808   -0.398608
809   -0.394188
810   -0.386958
811   -0.378039
812   -0.367059
813   -0.354969
814   -0.341418
815   -0.32724
816   -0.312115
817   0.57527
818   0.598087
819   0.618859
820   0.634272
821   0.64021
822   0.627342
823   0.588792
824   0.535062
825   0.474673
826   0.411841
827   0.348323
828   0.286422
829   0.226662
830   0.170259
831   0.117136
832   0.0677294
833   0.0217607
834   -0.0208333
835   -0.0602891
836   -0.0969632
837   -0.130925
838   -0.162685
839   -0.192095
840   -0.219721
841   -0.245184
842   -0.269033
843   -0.290676
844   -0.310577
845   -0.327991
846   -0.343255
847   -0.355611
848   -0.365301
849   -0.371786
850   -0.375343
851   -0.375844
852   -0.373662
853   -0.368924
854   -0.362025
855   -0.35315
856   -0.342663
857   -0.330721
858   -0.317673
859   -0.303701
860   0.57395
861   0.59751
862   0.621266
863   0.640922
864   0.65495
865   0.656429
866   0.620226
867   0.570959
868   0.514172
869   0.452782
870   0.390786
871   0.329105
872   0.270165
873   0.213634
874   0.160984
875   0.111309
876   0.0655201
877   0.0225276
878   -0.0170474
879   -0.0542755
880   -0.0886439
881   -0.121123
882   -0.15119
883   -0.179694
884   -0.206019
885   -0.230906
886   -0.253584
887   -0.274713
888   -0.293342
889   -0.310109
890   -0.323928
891   -0.335508
892   -0.343781
893   -0.349618
894   -0.352153
895   -0.352397
896   -0.349684
897   -0.345046
898   -0.337939
899   -0.329342
900   -0.318771
901   -0.307175
902   -0.294145
903   0.569607
904   0.594559
905   0.620105
906   0.644069
907   0.663715
908   0.668014
909   0.646245
910   0.604417
911   0.551166
912   0.492387
913   0.431304
914   0.370944
915   0.312238
916   0.256509
917   0.203857
918   0.154628
919   0.108675
920   0.065793
921   0.0258722
922   -0.0115644
923   -0.0464702
924   -0.0794345
925   -0.110219
926   -0.13943
927   -0.166641
928   -0.192411
929   -0.216154
930   -0.238332
931   -0.258258
932   -0.276279
933   -0.291715
934   -0.304828
935   -0.315089
936   -0.322752
937   -0.327539
938   -0.329747
939   -0.329304
940   -0.326535
941   -0.321478
942   -0.314465
943   -0.305582
944   -0.295193
945   -0.283476
946   0.562354
947   0.587102
948   0.614806
949   0.6409
950   0.666709
951   0.683571
952   0.667304
953   0.635135
954   0.585884
955   0.529193
956   0.470243
957   0.410534
958   0.353156
959   0.297622
960   0.245826
961   0.196586
962   0.151085
963   0.107999
964   0.0681482
965   0.0303027
966   -0.00486787
967   -0.0384328
968   -0.0697485
969   -0.0997285
970   -0.127676
971   -0.154375
972   -0.179026
973   -0.202318
974   -0.223332
975   -0.242719
976   -0.259469
977   -0.274267
978   -0.286106
979   -0.295766
980   -0.302338
981   -0.306707
982   -0.308089
983   -0.307429
984   -0.304044
985   -0.298902
986   -0.291398
987   -0.282544
988   -0.271851
989   0.552784
990   0.578422
991   0.606403
992   0.635198
993   0.662869
994   0.681777
995   0.682928
996   0.659856
997   0.616825
998   0.56393
999   0.506649
1000   0.449027
1001   0.392336
1002   0.338084
1003   0.286613
1004   0.238143
1005   0.19272
1006   0.149956
1007   0.109932
1008   0.0720212
1009   0.0364468
1010   0.00251342
1011   -0.029402
1012   -0.0599753
1013   -0.0886936
1014   -0.116161
1015   -0.141759
1016   -0.165986
1017   -0.188165
1018   -0.208682
1019   -0.226876
1020   -0.243045
1021   -0.256635
1022   -0.267901
1023   -0.276462
1024   -0.282572
1025   -0.286018
1026   -0.287069
1027   -0.285636
1028   -0.282013
1029   -0.27621
1030   -0.268585
1031   -0.259302
1032   0.540889
1033   0.565555
1034   0.594403
1035   0.62346
1036   0.653823
1037   0.678446
1038   0.68909
1039   0.684509
1040   0.644912
1041   0.59478
1042   0.541052
1043   0.484585
1044   0.429867
1045   0.376171
1046   0.325986
1047   0.277809
1048   0.233118
1049   0.190381
1050   0.150606
1051   0.112466
1052   0.0767611
1053   0.0423846
1054   0.0100635
1055   -0.0211281
1056   -0.0504539
1057   -0.0787027
1058   -0.105077
1059   -0.130271
1060   -0.153404
1061   -0.175124
1062   -0.194483
1063   -0.212136
1064   -0.227118
1065   -0.240143
1066   -0.25028
1067   -0.258325
1068   -0.263413
1069   -0.266416
1070   -0.266542
1071   -0.264731
1072   -0.260277
1073   -0.254219
1074   -0.245998
1075   0.527259
1076   0.551975
1077   0.579771
1078   0.60954
1079   0.640314
1080   0.66802
1081   0.688657
1082   0.690063
1083   0.665932
1084   0.623169
1085   0.572299
1086   0.518655
1087   0.465059
1088   0.413137
1089   0.36367
1090   0.316589
1091   0.272274
1092   0.230054
1093   0.190328
1094   0.152261
1095   0.11634
1096   0.0817255
1097   0.048985
1098   0.0173383
1099   -0.0125786
1100   -0.0414519
1101   -0.0685941
1102   -0.0945766
1103   -0.11869
1104   -0.141388
1105   -0.161987
1106   -0.180836
1107   -0.197337
1108   -0.211767
1109   -0.223656
1110   -0.233243
1111   -0.240201
1112   -0.24476
1113   -0.246724
1114   -0.246349
1115   -0.24357
1116   -0.23873
1117   -0.231967
1118   0.512025
1119   0.535046
1120   0.562546
1121   0.590968
1122   0.622498
1123   0.651428
1124   0.679132
1125   0.697036
1126   0.679153
1127   0.645989
1128   0.599654
1129   0.548122
1130   0.49731
1131   0.446528
1132   0.398866
1133   0.352508
1134   0.309219
1135   0.267347
1136   0.228058
1137   0.19003
1138   0.154144
1139   0.119336
1140   0.0863618
1141   0.0543392
1142   0.0239956
1143   -0.00542433
1144   -0.0331613
1145   -0.0598833
1146   -0.0847701
1147   -0.108443
1148   -0.130018
1149   -0.150114
1150   -0.167806
1151   -0.18375
1152   -0.197012
1153   -0.208312
1154   -0.216737
1155   -0.223086
1156   -0.226488
1157   -0.227844
1158   -0.22636
1159   -0.223083
1160   -0.217387
1161   0.495894
1162   0.518428
1163   0.544052
1164   0.572101
1165   0.602313
1166   0.632773
1167   0.661621
1168   0.681647
1169   0.684641
1170   0.66109
1171   0.621279
1172   0.574442
1173   0.525855
1174   0.477667
1175   0.431369
1176   0.386492
1177   0.344016
1178   0.302889
1179   0.263995
1180   0.226239
1181   0.190454
1182   0.155619
1183   0.122531
1184   0.0902765
1185   0.0596365
1186   0.0298162
1187   0.00159322
1188   -0.0256984
1189   -0.0512934
1190   -0.0757278
1191   -0.0982732
1192   -0.119346
1193   -0.138288
1194   -0.155418
1195   -0.170181
1196   -0.182823
1197   -0.192914
1198   -0.200661
1199   -0.205771
1200   -0.208464
1201   -0.208604
1202   -0.206509
1203   -0.202286
1204   0.479003
1205   0.499626
1206   0.524311
1207   0.550224
1208   0.57969
1209   0.608551
1210   0.63849
1211   0.662498
1212   0.673674
1213   0.67136
1214   0.637117
1215   0.593756
1216   0.549583
1217   0.503376
1218   0.459562
1219   0.416082
1220   0.375003
1221   0.334761
1222   0.296592
1223   0.259342
1224   0.223878
1225   0.189277
1226   0.156248
1227   0.124012
1228   0.0932312
1229   0.0632269
1230   0.0346831
1231   0.00698821
1232   -0.0191188
1233   -0.0442103
1234   -0.0674805
1235   -0.0894948
1236   -0.109385
1237   -0.127743
1238   -0.143653
1239   -0.157763
1240   -0.169131
1241   -0.178488
1242   -0.184903
1243   -0.189224
1244   -0.190586
1245   -0.190021
1246   -0.186846
1247   0.461938
1248   0.481823
1249   0.504337
1250   0.529092
1251   0.55599
1252   0.58392
1253   0.611643
1254   0.63642
1255   0.654365
1256   0.657357
1257   0.643282
1258   0.607826
1259   0.567735
1260   0.524914
1261   0.48347
1262   0.441961
1263   0.402453
1264   0.363351
1265   0.326206
1266   0.289621
1267   0.254815
1268   0.220575
1269   0.187932
1270   0.155831
1271   0.125202
1272   0.0951389
1273   0.0665167
1274   0.0385681
1275   0.0121299
1276   -0.0134275
1277   -0.0373128
1278   -0.0600234
1279   -0.0808321
1280   -0.100115
1281   -0.117231
1282   -0.132455
1283   -0.145255
1284   -0.155835
1285   -0.163801
1286   -0.169346
1287   -0.172254
1288   -0.172814
1289   -0.171094
1290   0.444755
1291   0.462858
1292   0.484132
1293   0.506492
1294   0.531691
1295   0.556759
1296   0.582983
1297   0.60595
1298   0.626443
1299   0.638605
1300   0.630577
1301   0.610836
1302   0.576403
1303   0.537795
1304   0.500003
1305   0.461348
1306   0.4239
1307   0.38671
1308   0.350861
1309   0.315594
1310   0.28163
1311   0.248295
1312   0.216178
1313   0.184666
1314   0.154317
1315   0.124567
1316   0.096002
1317   0.0680969
1318   0.041493
1319   0.0156899
1320   -0.00859765
1321   -0.031867
1322   -0.0533239
1323   -0.0734867
1324   -0.0914832
1325   -0.10788
1326   -0.121741
1327   -0.133713
1328   -0.142829
1329   -0.149868
1330   -0.153905
1331   -0.155935
1332   -0.155219
1333   0.427843
1334   0.445133
1335   0.464359
1336   0.485268
1337   0.507697
1338   0.530995
1339   0.554077
1340   0.576149
1341   0.594491
1342   0.607997
1343   0.610401
1344   0.597881
1345   0.57611
1346   0.54334
1347   0.510343
1348   0.474703
1349   0.440266
1350   0.405088
1351   0.371335
1352   0.33747
1353   0.305007
1354   0.272649
1355   0.241605
1356   0.210749
1357   0.181134
1358   0.151775
1359   0.123643
1360   0.0958851
1361   0.0694158
1362   0.0435144
1363   0.0190456
1364   -0.00457816
1365   -0.026551
1366   -0.047326
1367   -0.066173
1368   -0.0834159
1369   -0.0984228
1370   -0.111411
1371   -0.121882
1372   -0.130006
1373   -0.13548
1374   -0.138555
1375   -0.139248
1376   0.411177
1377   0.42699
1378   0.444977
1379   0.463774
1380   0.484427
1381   0.505106
1382   0.52636
1383   0.545944
1384   0.563505
1385   0.576354
1386   0.581659
1387   0.578473
1388   0.561831
1389   0.5385
1390   0.510378
1391   0.480152
1392   0.448945
1393   0.417234
1394   0.385714
1395   0.354252
1396   0.323373
1397   0.292747
1398   0.262833
1399   0.233235
1400   0.204406
1401   0.175933
1402   0.148302
1403   0.121099
1404   0.0948661
1405   0.0691945
1406   0.0446984
1407   0.0209638
1408   -0.0013066
1409   -0.0225483
1410   -0.0419598
1411   -0.0600199
1412   -0.075826
1413   -0.089935
1414   -0.101365
1415   -0.110812
1416   -0.117294
1417   -0.121749
1418   -0.123375
1419   0.394959
1420   0.409976
1421   0.426264
1422   0.443665
1423   0.461989
1424   0.480884
1425   0.499449
1426   0.517373
1427   0.532592
1428   0.545019
1429   0.550881
1430   0.551244
1431   0.542326
1432   0.525432
1433   0.504121
1434   0.478697
1435   0.452155
1436   0.423728
1437   0.395481
1438   0.366335
1439   0.337844
1440   0.308893
1441   0.280763
1442   0.252385
1443   0.224892
1444   0.19729
1445   0.170626
1446   0.143999
1447   0.118398
1448   0.093026
1449   0.0688253
1450   0.0451154
1451   0.0227858
1452   0.00128787
1453   -0.018554
1454   -0.0371443
1455   -0.0537453
1456   -0.068619
1457   -0.0811524
1458   -0.0915106
1459   -0.0992809
1460   -0.104672
1461   -0.107631
1462   0.379124
1463   0.39297
1464   0.408143
1465   0.423852
1466   0.440616
1467   0.457408
1468   0.474299
1469   0.490142
1470   0.504285
1471   0.515671
1472   0.522542
1473   0.52475
1474   0.519365
1475   0.508231
1476   0.491679
1477   0.471679
1478   0.449075
1479   0.424817
1480   0.399538
1481   0.373525
1482   0.347253
1483   0.320685
1484   0.294223
1485   0.267677
1486   0.241436
1487   0.21524
1488   0.189496
1489   0.163913
1490   0.138942
1491   0.114277
1492   0.0904319
1493   0.0670845
1494   0.044832
1495   0.0233296
1496   0.00327832
1497   -0.0157057
1498   -0.0327964
1499   -0.0484474
1500   -0.061705
1501   -0.073155
1502   -0.081779
1503   -0.0884233
1504   -0.0922157
1505   0.363753
1506   0.37684
1507   0.390669
1508   0.405148
1509   0.420094
1510   0.435331
1511   0.450175
1512   0.464518
1513   0.476991
1514   0.487662
1515   0.494478
1516   0.497738
1517   0.495486
1518   0.488043
1519   0.476226
1520   0.46037
1521   0.442167
1522   0.421413
1523   0.39972
1524   0.376454
1525   0.353022
1526   0.328573
1527   0.304361
1528   0.27945
1529   0.254996
1530   0.230055
1531   0.205721
1532   0.18108
1533   0.157187
1534   0.133186
1535   0.110093
1536   0.0871399
1537   0.0652998
1538   0.0439127
1539   0.0238997
1540   0.00473986
1541   -0.012719
1542   -0.0288318
1543   -0.0428608
1544   -0.0550019
1545   -0.0647096
1546   -0.072148
1547   -0.0771616
1548   0.348787
1549   0.360933
1550   0.373786
1551   0.386936
1552   0.40058
1553   0.414184
1554   0.427638
1555   0.440364
1556   0.451821
1557   0.4615
1558   0.468345
1559   0.47213
1560   0.471539
1561   0.466984
1562   0.458271
1563   0.446265
1564   0.431383
1565   0.414311
1566   0.395539
1567   0.375422
1568   0.35439
1569   0.332543
1570   0.310256
1571   0.287478
1572   0.26456
1573   0.241363
1574   0.218244
1575   0.195016
1576   0.172061
1577   0.149168
1578   0.12676
1579   0.104608
1580   0.0831971
1581   0.0622757
1582   0.0424196
1583   0.0233434
1584   0.00574702
1585   -0.0107118
1586   -0.0251724
1587   -0.038089
1588   -0.0484496
1589   -0.056964
1590   -0.0626751
1591   0.334248
1592   0.345677
1593   0.357468
1594   0.369567
1595   0.381817
1596   0.394144
1597   0.406059
1598   0.417549
1599   0.427726
1600   0.43666
1601   0.443138
1602   0.447263
1603   0.447966
1604   0.445326
1605   0.439358
1606   0.430154
1607   0.41852
1608   0.404323
1609   0.388661
1610   0.371105
1611   0.352811
1612   0.333117
1613   0.31317
1614   0.292164
1615   0.271225
1616   0.249474
1617   0.228022
1618   0.205964
1619   0.184399
1620   0.162432
1621   0.141145
1622   0.119687
1623   0.0991145
1624   0.0786471
1625   0.0593047
1626   0.040416
1627   0.0229435
1628   0.006374
1629   -0.00842138
1630   -0.0217469
1631   -0.0328981
1632   -0.0420175
1633   -0.0487948
1634   0.320102
1635   0.330753
1636   0.341698
1637   0.35275
1638   0.363937
1639   0.375005
1640   0.3858
1641   0.396032
1642   0.405319
1643   0.41337
1644   0.41958
1645   0.423728
1646   0.425175
1647   0.423921
1648   0.419745
1649   0.412916
1650   0.4036
1651   0.392124
1652   0.378817
1653   0.36391
1654   0.347758
1655   0.330467
1656   0.312375
1657   0.293484
1658   0.274119
1659   0.254213
1660   0.234085
1661   0.213626
1662   0.193164
1663   0.172566
1664   0.152181
1665   0.131859
1666   0.111987
1667   0.0923991
1668   0.0735383
1669   0.055217
1670   0.0379692
1671   0.0215676
1672   0.00669297
1673   -0.00696355
1674   -0.0185017
1675   -0.0284379
1676   -0.0357331
1677   0.306354
1678   0.316338
1679   0.326433
1680   0.336608
1681   0.34673
1682   0.356781
1683   0.366415
1684   0.375668
1685   0.383948
1686   0.391339
1687   0.397076
1688   0.401234
1689   0.403146
1690   0.402833
1691   0.400122
1692   0.394979
1693   0.387764
1694   0.378303
1695   0.367317
1696   0.354427
1697   0.34055
1698   0.325112
1699   0.30913
1700   0.291876
1701   0.274422
1702   0.255936
1703   0.237521
1704   0.218286
1705   0.19935
1706   0.179797
1707   0.160754
1708   0.141308
1709   0.122583
1710   0.103693
1711   0.0857517
1712   0.0679275
1713   0.0513032
1714   0.0351506
1715   0.0204883
1716   0.00677357
1717   -0.00510786
1718   -0.0153948
1719   -0.0235359
1720   0.292991
1721   0.302313
1722   0.311687
1723   0.321036
1724   0.330313
1725   0.339404
1726   0.348164
1727   0.356448
1728   0.363997
1729   0.370637
1730   0.376014
1731   0.379952
1732   0.382108
1733   0.382372
1734   0.380584
1735   0.376758
1736   0.370959
1737   0.363276
1738   0.353923
1739   0.34299
1740   0.330757
1741   0.317273
1742   0.302835
1743   0.287441
1744   0.271389
1745   0.254636
1746   0.237475
1747   0.219836
1748   0.202014
1749   0.183921
1750   0.165857
1751   0.147727
1752   0.129846
1753   0.112113
1754   0.0948658
1755   0.0780004
1756   0.0618916
1757   0.0464244
1758   0.032044
1759   0.0185955
1760   0.00668042
1761   -0.00399477
1762   -0.0124222
1763   0.280011
1764   0.288728
1765   0.297416
1766   0.306052
1767   0.314519
1768   0.32283
1769   0.330718
1770   0.338257
1771   0.345012
1772   0.351099
1773   0.355977
1774   0.359749
1775   0.361938
1776   0.362572
1777   0.361456
1778   0.358513
1779   0.353923
1780   0.347467
1781   0.339656
1782   0.330102
1783   0.319556
1784   0.307463
1785   0.294734
1786   0.280669
1787   0.26628
1788   0.25076
1789   0.235187
1790   0.218678
1791   0.202353
1792   0.185285
1793   0.16862
1794   0.15141
1795   0.134818
1796   0.117891
1797   0.101803
1798   0.0856112
1799   0.0704944
1800   0.0555335
1801   0.041904
1802   0.0287362
1803   0.0171662
1804   0.00647151
1805   -0.00244643
1806   0.267414
1807   0.27556
1808   0.283647
1809   0.291631
1810   0.29945
1811   0.307036
1812   0.314277
1813   0.321073
1814   0.327261
1815   0.33271
1816   0.337217
1817   0.340637
1818   0.342777
1819   0.343519
1820   0.342754
1821   0.340429
1822   0.336552
1823   0.331136
1824   0.324286
1825   0.31605
1826   0.306591
1827   0.295964
1828   0.284355
1829   0.27181
1830   0.258521
1831   0.24452
1832   0.229997
1833   0.214971
1834   0.199634
1835   0.183996
1836   0.168247
1837   0.152397
1838   0.13664
1839   0.120988
1840   0.105639
1841   0.0906121
1842   0.0761139
1843   0.0621733
1844   0.0490052
1845   0.0366518
1846   0.0253367
1847   0.0151164
1848   0.00619407
