##### Y Mean #####
0   0.00384937
1   -0.0281553
2   -0.0656586
3   -0.107123
4   -0.151692
5   -0.197463
6   -0.243769
7   -0.288806
8   -0.331995
9   -0.371187
10   -0.406852
11   -0.438216
12   -0.465788
13   -0.489245
14   -0.508888
15   -0.524601
16   -0.536588
17   -0.544845
18   -0.549668
19   -0.551234
20   -0.549844
21   -0.545808
22   -0.539323
23   -0.530731
24   -0.520226
25   -0.50821
26   -0.494906
27   -0.480744
28   -0.465887
29   -0.450674
30   -0.435202
31   -0.419708
32   -0.404238
33   -0.388927
34   -0.373789
35   -0.358892
36   -0.344244
37   -0.329883
38   -0.315818
39   -0.302073
40   -0.288664
41   -0.275606
42   -0.262914
43   0.033905
44   0.00140551
45   -0.0394686
46   -0.0830681
47   -0.133026
48   -0.181435
49   -0.233767
50   -0.281349
51   -0.3314
52   -0.372177
53   -0.413085
54   -0.446222
55   -0.477693
56   -0.503002
57   -0.525444
58   -0.542712
59   -0.556639
60   -0.565908
61   -0.571863
62   -0.574068
63   -0.573057
64   -0.569368
65   -0.562639
66   -0.553967
67   -0.542663
68   -0.530163
69   -0.515666
70   -0.500815
71   -0.484653
72   -0.468645
73   -0.451918
74   -0.43561
75   -0.419037
76   -0.40294
77   -0.386859
78   -0.371216
79   -0.355754
80   -0.340689
81   -0.32591
82   -0.311513
83   -0.29747
84   -0.283819
85   -0.270565
86   0.0694756
87   0.0391197
88   -0.00271023
89   -0.0490655
90   -0.101417
91   -0.154284
92   -0.208873
93   -0.261195
94   -0.31321
95   -0.361111
96   -0.405207
97   -0.444487
98   -0.479472
99   -0.509404
100   -0.534972
101   -0.55537
102   -0.571531
103   -0.583153
104   -0.590832
105   -0.594771
106   -0.595098
107   -0.592234
108   -0.586183
109   -0.577444
110   -0.566138
111   -0.55288
112   -0.537868
113   -0.52182
114   -0.504833
115   -0.487441
116   -0.469728
117   -0.452077
118   -0.434526
119   -0.417255
120   -0.400269
121   -0.383632
122   -0.367351
123   -0.351443
124   -0.335928
125   -0.320809
126   -0.306114
127   -0.291842
128   -0.278019
129   0.109329
130   0.0797167
131   0.0384154
132   -0.0091569
133   -0.0646186
134   -0.119495
135   -0.177904
136   -0.232424
137   -0.28795
138   -0.339129
139   -0.389366
140   -0.431813
141   -0.473456
142   -0.50587
143   -0.537679
144   -0.560025
145   -0.5808
146   -0.594709
147   -0.605587
148   -0.611998
149   -0.614407
150   -0.613353
151   -0.608235
152   -0.600303
153   -0.588959
154   -0.575723
155   -0.559875
156   -0.54334
157   -0.525071
158   -0.506762
159   -0.487589
160   -0.468883
161   -0.449999
162   -0.431711
163   -0.413593
164   -0.396029
165   -0.378794
166   -0.362061
167   -0.345739
168   -0.329899
169   -0.31452
170   -0.299625
171   -0.285221
172   0.152877
173   0.127754
174   0.0863418
175   0.0387766
176   -0.0182733
177   -0.0760613
178   -0.13644
179   -0.194493
180   -0.252471
181   -0.307184
182   -0.359466
183   -0.407027
184   -0.450738
185   -0.489335
186   -0.523734
187   -0.553261
188   -0.577982
189   -0.598031
190   -0.613353
191   -0.623928
192   -0.630059
193   -0.631279
194   -0.628422
195   -0.62151
196   -0.611165
197   -0.59818
198   -0.582504
199   -0.565152
200   -0.546219
201   -0.52644
202   -0.506133
203   -0.485844
204   -0.465803
205   -0.446127
206   -0.426957
207   -0.408242
208   -0.390085
209   -0.372408
210   -0.355291
211   -0.338671
212   -0.322616
213   -0.307076
214   -0.292106
215   0.198261
216   0.174389
217   0.135433
218   0.0872246
219   0.0295093
220   -0.0297006
221   -0.0922604
222   -0.15227
223   -0.212602
224   -0.26924
225   -0.324044
226   -0.374139
227   -0.42113
228   -0.46294
229   -0.501669
230   -0.53503
231   -0.566461
232   -0.589777
233   -0.612858
234   -0.625561
235   -0.638885
236   -0.641509
237   -0.643495
238   -0.638203
239   -0.629959
240   -0.618622
241   -0.603272
242   -0.586302
243   -0.566363
244   -0.545798
245   -0.523918
246   -0.502527
247   -0.481023
248   -0.460232
249   -0.439824
250   -0.420102
251   -0.400922
252   -0.382374
253   -0.364413
254   -0.347057
255   -0.330304
256   -0.31415
257   -0.298602
258   0.244932
259   0.227306
260   0.188093
261   0.140808
262   0.0822194
263   0.0214211
264   -0.0424473
265   -0.104849
266   -0.166913
267   -0.225933
268   -0.282618
269   -0.335285
270   -0.384433
271   -0.42916
272   -0.470122
273   -0.50668
274   -0.539781
275   -0.568072
276   -0.592589
277   -0.612205
278   -0.627805
279   -0.638977
280   -0.645152
281   -0.647107
282   -0.643613
283   -0.635531
284   -0.622857
285   -0.605834
286   -0.585884
287   -0.564163
288   -0.541357
289   -0.518346
290   -0.495757
291   -0.47352
292   -0.452094
293   -0.431211
294   -0.411148
295   -0.391672
296   -0.37296
297   -0.35485
298   -0.337464
299   -0.32069
300   -0.304619
301   0.290556
302   0.274338
303   0.239328
304   0.192375
305   0.1343
306   0.0730094
307   0.00795857
308   -0.0556413
309   -0.119453
310   -0.17989
311   -0.238539
312   -0.292785
313   -0.344105
314   -0.390583
315   -0.433739
316   -0.472106
317   -0.507057
318   -0.53776
319   -0.56479
320   -0.587861
321   -0.607653
322   -0.623278
323   -0.637154
324   -0.642959
325   -0.648985
326   -0.642814
327   -0.636859
328   -0.620452
329   -0.60157
330   -0.580157
331   -0.556365
332   -0.532774
333   -0.508897
334   -0.485705
335   -0.463169
336   -0.441403
337   -0.420434
338   -0.400201
339   -0.380738
340   -0.361989
341   -0.343977
342   -0.326667
343   -0.310066
344   0.334487
345   0.326763
346   0.292071
347   0.247156
348   0.18961
349   0.127082
350   0.0616133
351   -0.00369408
352   -0.0685692
353   -0.130883
354   -0.190827
355   -0.246988
356   -0.299704
357   -0.348101
358   -0.3927
359   -0.432945
360   -0.469557
361   -0.502163
362   -0.531233
363   -0.556638
364   -0.578697
365   -0.597259
366   -0.612918
367   -0.62435
368   -0.632256
369   -0.63537
370   -0.632978
371   -0.626135
372   -0.611376
373   -0.592147
374   -0.569285
375   -0.544491
376   -0.520087
377   -0.495734
378   -0.472578
379   -0.449966
380   -0.428407
381   -0.407493
382   -0.38749
383   -0.368166
384   -0.349669
385   -0.331857
386   -0.31483
387   0.373545
388   0.36609
389   0.341158
390   0.299731
391   0.243905
392   0.181367
393   0.114912
394   0.048818
395   -0.0174209
396   -0.0807845
397   -0.142265
398   -0.199582
399   -0.253876
400   -0.303499
401   -0.349639
402   -0.3912
403   -0.42928
404   -0.463287
405   -0.493932
406   -0.52092
407   -0.544719
408   -0.565082
409   -0.582333
410   -0.596597
411   -0.607385
412   -0.614996
413   -0.619405
414   -0.617286
415   -0.613354
416   -0.596065
417   -0.577012
418   -0.552622
419   -0.527946
420   -0.503362
421   -0.479761
422   -0.45678
423   -0.434766
424   -0.41346
425   -0.39302
426   -0.373317
427   -0.354405
428   -0.336231
429   -0.318806
430   0.409063
431   0.407322
432   0.386745
433   0.354018
434   0.298087
435   0.235324
436   0.1691
437   0.102016
438   0.0352178
439   -0.0295448
440   -0.0919112
441   -0.150734
442   -0.206032
443   -0.257145
444   -0.304358
445   -0.347351
446   -0.38658
447   -0.421919
448   -0.453765
449   -0.482072
450   -0.507163
451   -0.528969
452   -0.547933
453   -0.56392
454   -0.577039
455   -0.587126
456   -0.594016
457   -0.596834
458   -0.595686
459   -0.589256
460   -0.573454
461   -0.553957
462   -0.53083
463   -0.506732
464   -0.48368
465   -0.460829
466   -0.43889
467   -0.417514
468   -0.396969
469   -0.377085
470   -0.357973
471   -0.339546
472   -0.321864
473   0.440602
474   0.440956
475   0.428009
476   0.398222
477   0.348382
478   0.2876
479   0.221591
480   0.154537
481   0.0869485
482   0.0215864
483   -0.041939
484   -0.101579
485   -0.158116
486   -0.210132
487   -0.258552
488   -0.3025
489   -0.342855
490   -0.379168
491   -0.41208
492   -0.441439
493   -0.467623
494   -0.490716
495   -0.510862
496   -0.528433
497   -0.543014
498   -0.555104
499   -0.563773
500   -0.569694
501   -0.571353
502   -0.569617
503   -0.562516
504   -0.546763
505   -0.528332
506   -0.506077
507   -0.484228
508   -0.462074
509   -0.440628
510   -0.419558
511   -0.399183
512   -0.379379
513   -0.360239
514   -0.341737
515   -0.323896
516   0.468793
517   0.473637
518   0.465882
519   0.445828
520   0.396558
521   0.337697
522   0.273177
523   0.206227
524   0.138719
525   0.0725067
526   0.00851166
527   -0.0522742
528   -0.109481
529   -0.162684
530   -0.211866
531   -0.256952
532   -0.298124
533   -0.335491
534   -0.36928
535   -0.399667
536   -0.426871
537   -0.45108
538   -0.472502
539   -0.491289
540   -0.507427
541   -0.520984
542   -0.531718
543   -0.539654
544   -0.544199
545   -0.545415
546   -0.54157
547   -0.533008
548   -0.517586
549   -0.499635
550   -0.479849
551   -0.45964
552   -0.439272
553   -0.419142
554   -0.399313
555   -0.379941
556   -0.361016
557   -0.342643
558   -0.32479
559   0.493314
560   0.501075
561   0.499091
562   0.481065
563   0.440263
564   0.385182
565   0.322369
566   0.256422
567   0.188821
568   0.122559
569   0.0578148
570   -0.00340057
571   -0.0615456
572   -0.115336
573   -0.165475
574   -0.211234
575   -0.25332
576   -0.291426
577   -0.326101
578   -0.357344
579   -0.385472
580   -0.410736
581   -0.433171
582   -0.453231
583   -0.470543
584   -0.485693
585   -0.497896
586   -0.50787
587   -0.514336
588   -0.518041
589   -0.517067
590   -0.512226
591   -0.502162
592   -0.487897
593   -0.471507
594   -0.453522
595   -0.435021
596   -0.416144
597   -0.397327
598   -0.37863
599   -0.360207
600   -0.342129
601   -0.324455
602   0.514239
603   0.52547
604   0.528681
605   0.520606
606   0.481512
607   0.430447
608   0.370112
609   0.305144
610   0.2382
611   0.171589
612   0.106833
613   0.0448286
614   -0.013625
615   -0.0683336
616   -0.118942
617   -0.165627
618   -0.208294
619   -0.247305
620   -0.282681
621   -0.31485
622   -0.343854
623   -0.370127
624   -0.393659
625   -0.414848
626   -0.433512
627   -0.450003
628   -0.463891
629   -0.475522
630   -0.484056
631   -0.489903
632   -0.491585
633   -0.489972
634   -0.483023
635   -0.472844
636   -0.459359
637   -0.444306
638   -0.427776
639   -0.410727
640   -0.39312
641   -0.375496
642   -0.357742
643   -0.340231
644   -0.322835
645   0.5314
646   0.54557
647   0.553065
648   0.546774
649   0.518485
650   0.472908
651   0.415442
652   0.352086
653   0.285566
654   0.219451
655   0.154352
656   0.0923487
657   0.0332488
658   -0.0217235
659   -0.073075
660   -0.120183
661   -0.163615
662   -0.203183
663   -0.23935
664   -0.272239
665   -0.302106
666   -0.329298
667   -0.353807
668   -0.376126
669   -0.39593
670   -0.413791
671   -0.429053
672   -0.442304
673   -0.452556
674   -0.460308
675   -0.464368
676   -0.465098
677   -0.461658
678   -0.454539
679   -0.444449
680   -0.43201
681   -0.41798
682   -0.402767
683   -0.386805
684   -0.370347
685   -0.353591
686   -0.336732
687   -0.31988
688   0.544726
689   0.56125
690   0.573274
691   0.576158
692   0.552255
693   0.514478
694   0.459455
695   0.397284
696   0.331957
697   0.265888
698   0.201283
699   0.138817
700   0.079781
701   0.024129
702   -0.0274088
703   -0.0752661
704   -0.119063
705   -0.159417
706   -0.196128
707   -0.229866
708   -0.260482
709   -0.288627
710   -0.314103
711   -0.337509
712   -0.358501
713   -0.377623
714   -0.394295
715   -0.409032
716   -0.420921
717   -0.43051
718   -0.436512
719   -0.43969
720   -0.438647
721   -0.43468
722   -0.427221
723   -0.417689
724   -0.405869
725   -0.392869
726   -0.378499
727   -0.363557
728   -0.34782
729   -0.331911
730   -0.315609
731   0.554349
732   0.573356
733   0.588043
734   0.593124
735   0.581854
736   0.550715
737   0.500497
738   0.44064
739   0.376211
740   0.311259
741   0.246685
742   0.184636
743   0.125201
744   0.069591
745   0.0174966
746   -0.0305429
747   -0.0749645
748   -0.115694
749   -0.153103
750   -0.18742
751   -0.21884
752   -0.247777
753   -0.27419
754   -0.298592
755   -0.320676
756   -0.34098
757   -0.358933
758   -0.375023
759   -0.38846
760   -0.399607
761   -0.407605
762   -0.412696
763   -0.414307
764   -0.412762
765   -0.408197
766   -0.401079
767   -0.391797
768   -0.380781
769   -0.36835
770   -0.35484
771   -0.340446
772   -0.325452
773   -0.310011
774   0.560171
775   0.580858
776   0.598679
777   0.609582
778   0.606421
779   0.588989
780   0.540058
781   0.481507
782   0.4194
783   0.354967
784   0.29142
785   0.229177
786   0.170143
787   0.114059
788   0.0620529
789   0.0134371
790   -0.031127
791   -0.0725098
792   -0.110291
793   -0.145364
794   -0.177391
795   -0.207212
796   -0.234456
797   -0.259879
798   -0.282992
799   -0.304464
800   -0.323618
801   -0.34106
802   -0.35587
803   -0.368649
804   -0.378266
805   -0.385437
806   -0.389038
807   -0.390055
808   -0.387738
809   -0.383229
810   -0.37606
811   -0.367298
812   -0.356576
813   -0.3448
814   -0.331626
815   -0.317852
816   -0.30317
817   0.562341
818   0.584759
819   0.605242
820   0.620462
821   0.626293
822   0.613341
823   0.574689
824   0.520906
825   0.460565
826   0.397902
827   0.334673
828   0.273189
829   0.21396
830   0.158211
831   0.105839
832   0.0572942
833   0.0122655
834   -0.0292927
835   -0.0676547
836   -0.103154
837   -0.135904
838   -0.166386
839   -0.194502
840   -0.220789
841   -0.244926
842   -0.267429
843   -0.287774
844   -0.306398
845   -0.322626
846   -0.336778
847   -0.348161
848   -0.357006
849   -0.362819
850   -0.365863
851   -0.36602
852   -0.363642
853   -0.358845
854   -0.352003
855   -0.343282
856   -0.333028
857   -0.321384
858   -0.308684
859   -0.295099
860   0.56105
861   0.584202
862   0.607683
863   0.627138
864   0.641085
865   0.642516
866   0.606173
867   0.5568
868   0.500015
869   0.438709
870   0.376931
871   0.315567
872   0.25708
873   0.201101
874   0.149124
875   0.100212
876   0.055289
877   0.0132406
878   -0.0253061
879   -0.0614414
880   -0.094653
881   -0.125925
882   -0.154743
883   -0.181966
884   -0.206996
885   -0.23058
886   -0.251977
887   -0.271851
888   -0.289296
889   -0.304945
890   -0.31777
891   -0.328462
892   -0.336008
893   -0.34125
894   -0.34336
895   -0.343304
896   -0.340441
897   -0.335756
898   -0.328719
899   -0.320267
900   -0.309929
901   -0.298613
902   -0.285925
903   0.55678
904   0.581344
905   0.606606
906   0.630387
907   0.649946
908   0.654181
909   0.632302
910   0.590361
911   0.537051
912   0.478302
913   0.417348
914   0.357237
915   0.298886
916   0.243633
917   0.191557
918   0.143016
919   0.0978353
920   0.0558271
921   0.016847
922   -0.0195605
923   -0.0533882
924   -0.0852006
925   -0.114804
926   -0.14278
927   -0.168751
928   -0.193252
929   -0.215754
930   -0.236697
931   -0.255456
932   -0.27236
933   -0.286786
934   -0.298985
935   -0.308469
936   -0.31548
937   -0.319761
938   -0.321592
939   -0.320906
940   -0.318009
941   -0.312933
942   -0.305993
943   -0.297268
944   -0.287104
945   -0.275672
946   0.549632
947   0.573987
948   0.601422
949   0.627323
950   0.653068
951   0.669906
952   0.653523
953   0.621236
954   0.571895
955   0.515168
956   0.456293
957   0.396747
958   0.339658
959   0.28451
960   0.233219
961   0.184577
962   0.139779
963   0.0974791
964   0.0585032
965   0.0216048
966   -0.0125476
967   -0.045035
968   -0.0752227
969   -0.104032
970   -0.130783
971   -0.156266
972   -0.179708
973   -0.201801
974   -0.221664
975   -0.239944
976   -0.255681
977   -0.269544
978   -0.280575
979   -0.289531
980   -0.295542
981   -0.29946
982   -0.300529
983   -0.299659
984   -0.296186
985   -0.29104
986   -0.283635
987   -0.274943
988   -0.264489
989   0.540204
990   0.565468
991   0.593172
992   0.621787
993   0.649374
994   0.668245
995   0.669348
996   0.646176
997   0.603025
998   0.550059
999   0.492781
1000   0.435268
1001   0.378783
1002   0.324853
1003   0.2738
1004   0.22586
1005   0.181053
1006   0.139006
1007   0.0997735
1008   0.0627443
1009   0.0281083
1010   -0.00480792
1011   -0.0356678
1012   -0.0651237
1013   -0.0927085
1014   -0.119004
1015   -0.143441
1016   -0.166502
1017   -0.187558
1018   -0.206984
1019   -0.224167
1020   -0.239392
1021   -0.252147
1022   -0.262675
1023   -0.270621
1024   -0.276227
1025   -0.27929
1026   -0.280068
1027   -0.278474
1028   -0.274788
1029   -0.269017
1030   -0.261504
1031   -0.252403
1032   0.528476
1033   0.552763
1034   0.581345
1035   0.610209
1036   0.640496
1037   0.665088
1038   0.675715
1039   0.671105
1040   0.631365
1041   0.581111
1042   0.52735
1043   0.470923
1044   0.416357
1045   0.362903
1046   0.313075
1047   0.265346
1048   0.221207
1049   0.179106
1050   0.140056
1051   0.102718
1052   0.0678886
1053   0.0344528
1054   0.0031293
1055   -0.0270143
1056   -0.0552579
1057   -0.082394
1058   -0.10765
1059   -0.131721
1060   -0.15376
1061   -0.174412
1062   -0.192768
1063   -0.209475
1064   -0.223608
1065   -0.235865
1066   -0.245351
1067   -0.25284
1068   -0.257497
1069   -0.260163
1070   -0.260074
1071   -0.258136
1072   -0.253663
1073   -0.247658
1074   -0.239577
1075   0.515039
1076   0.539392
1077   0.566913
1078   0.596494
1079   0.627172
1080   0.654849
1081   0.675501
1082   0.676886
1083   0.652656
1084   0.609772
1085   0.55882
1086   0.505173
1087   0.451659
1088   0.399927
1089   0.35074
1090   0.304046
1091   0.260202
1092   0.218554
1093   0.179472
1094   0.142142
1095   0.107018
1096   0.0732815
1097   0.041464
1098   0.0108069
1099   -0.0180947
1100   -0.0459065
1101   -0.0719853
1102   -0.0968851
1103   -0.119943
1104   -0.141597
1105   -0.161209
1106   -0.179116
1107   -0.194758
1108   -0.208404
1109   -0.219609
1110   -0.228605
1111   -0.235081
1112   -0.239258
1113   -0.240949
1114   -0.240398
1115   -0.237542
1116   -0.232711
1117   -0.226037
1118   0.500019
1119   0.522673
1120   0.549905
1121   0.578122
1122   0.609554
1123   0.63844
1124   0.666185
1125   0.684141
1126   0.666164
1127   0.632885
1128   0.586448
1129   0.534861
1130   0.484092
1131   0.433432
1132   0.385999
1133   0.339956
1134   0.29708
1135   0.255703
1136   0.216997
1137   0.179627
1138   0.144476
1139   0.11047
1140   0.0783587
1141   0.0472543
1142   0.0178705
1143   -0.0105512
1144   -0.0372724
1145   -0.0629624
1146   -0.0868284
1147   -0.10949
1148   -0.130097
1149   -0.149262
1150   -0.166096
1151   -0.181241
1152   -0.1938
1153   -0.204476
1154   -0.212385
1155   -0.218305
1156   -0.221392
1157   -0.222519
1158   -0.220917
1159   -0.217596
1160   -0.211953
1161   0.484124
1162   0.506306
1163   0.531651
1164   0.559497
1165   0.589589
1166   0.620003
1167   0.648872
1168   0.668939
1169   0.671938
1170   0.648297
1171   0.608368
1172   0.561456
1173   0.51286
1174   0.464754
1175   0.418621
1176   0.374005
1177   0.331871
1178   0.291179
1179   0.252793
1180   0.215633
1181   0.180507
1182   0.146412
1183   0.114113
1184   0.0827167
1185   0.052968
1186   0.0240917
1187   -0.00317459
1188   -0.0294793
1189   -0.0540986
1190   -0.0775541
1191   -0.0991574
1192   -0.119314
1193   -0.137402
1194   -0.153729
1195   -0.167772
1196   -0.179769
1197   -0.189309
1198   -0.196595
1199   -0.201345
1200   -0.203772
1201   -0.203745
1202   -0.20157
1203   -0.197351
1204   0.467487
1205   0.487756
1206   0.512166
1207   0.537861
1208   0.5672
1209   0.595988
1210   0.62594
1211   0.649987
1212   0.661194
1213   0.65889
1214   0.624526
1215   0.581056
1216   0.536853
1217   0.490675
1218   0.446987
1219   0.403708
1220   0.362919
1221   0.323045
1222   0.285327
1223   0.248602
1224   0.213737
1225   0.179803
1226   0.147503
1227   0.116054
1228   0.0861089
1229   0.0569839
1230   0.0293465
1231   0.0025839
1232   -0.0225877
1233   -0.0467401
1234   -0.0690949
1235   -0.0902138
1236   -0.10926
1237   -0.126816
1238   -0.141999
1239   -0.155443
1240   -0.166241
1241   -0.175102
1242   -0.181127
1243   -0.185139
1244   -0.1863
1245   -0.18561
1246   -0.182408
1247   0.450695
1248   0.470238
1249   0.49247
1250   0.517005
1251   0.543753
1252   0.571599
1253   0.599298
1254   0.6241
1255   0.642089
1256   0.645097
1257   0.630991
1258   0.595437
1259   0.555286
1260   0.512466
1261   0.471099
1262   0.429746
1263   0.39047
1264   0.351684
1265   0.314924
1266   0.278807
1267   0.24453
1268   0.210898
1269   0.178914
1270   0.147542
1271   0.117682
1272   0.0884431
1273   0.0606667
1274   0.0336028
1275   0.00805056
1276   -0.0166045
1277   -0.0396084
1278   -0.0614461
1279   -0.0814254
1280   -0.0999127
1281   -0.116298
1282   -0.130848
1283   -0.143055
1284   -0.153119
1285   -0.16066
1286   -0.165868
1287   -0.168534
1288   -0.168939
1289   -0.167149
1290   0.433798
1291   0.451561
1292   0.472558
1293   0.494686
1294   0.519724
1295   0.544679
1296   0.57086
1297   0.593817
1298   0.61435
1299   0.626556
1300   0.618506
1301   0.598727
1302   0.56423
1303   0.525596
1304   0.487856
1305   0.449315
1306   0.412058
1307   0.375129
1308   0.339616
1309   0.304754
1310   0.271266
1311   0.238474
1312   0.206962
1313   0.176113
1314   0.146476
1315   0.117488
1316   0.0897184
1317   0.0626417
1318   0.0368805
1319   0.0119352
1320   -0.0115031
1321   -0.0339288
1322   -0.0545745
1323   -0.0739529
1324   -0.0912214
1325   -0.106937
1326   -0.120194
1327   -0.131627
1328   -0.140297
1329   -0.146966
1330   -0.150735
1331   -0.152571
1332   -0.151759
1333   0.417187
1334   0.434151
1335   0.453096
1336   0.473771
1337   0.49602
1338   0.519191
1339   0.542196
1340   0.564239
1341   0.582581
1342   0.596117
1343   0.598533
1344   0.585991
1345   0.564195
1346   0.531396
1347   0.498427
1348   0.462871
1349   0.428584
1350   0.393626
1351   0.360156
1352   0.32665
1353   0.294603
1354   0.262736
1355   0.232234
1356   0.201987
1357   0.173022
1358   0.144372
1359   0.116976
1360   0.089998
1361   0.0643197
1362   0.0392362
1363   0.0155768
1364   -0.0072316
1365   -0.0284175
1366   -0.0484229
1367   -0.0665486
1368   -0.0831107
1369   -0.0975038
1370   -0.10994
1371   -0.119942
1372   -0.127675
1373   -0.132847
1374   -0.135704
1375   -0.136264
1376   0.400834
1377   0.416325
1378   0.434036
1379   0.452593
1380   0.473059
1381   0.49359
1382   0.514749
1383   0.534272
1384   0.551813
1385   0.564661
1386   0.569974
1387   0.566793
1388   0.550126
1389   0.526785
1390   0.498682
1391   0.468524
1392   0.437441
1393   0.405913
1394   0.37464
1395   0.343488
1396   0.312982
1397   0.28279
1398   0.253369
1399   0.224321
1400   0.196092
1401   0.168269
1402   0.141324
1403   0.114846
1404   0.0893603
1405   0.0644587
1406   0.0407365
1407   0.0177815
1408   -0.00372647
1409   -0.0242188
1410   -0.0429204
1411   -0.060303
1412   -0.0754937
1413   -0.089038
1414   -0.0999865
1415   -0.109016
1416   -0.115178
1417   -0.119382
1418   -0.120853
1419   0.384937
1420   0.399646
1421   0.415659
1422   0.432821
1423   0.450946
1424   0.469682
1425   0.488127
1426   0.505972
1427   0.521137
1428   0.533544
1429   0.539389
1430   0.539755
1431   0.530828
1432   0.513933
1433   0.492642
1434   0.467277
1435   0.440837
1436   0.412569
1437   0.384531
1438   0.35566
1439   0.327494
1440   0.298935
1441   0.271244
1442   0.24337
1443   0.216419
1444   0.189418
1445   0.163385
1446   0.137436
1447   0.11253
1448   0.0878872
1449   0.0644163
1450   0.0414534
1451   0.0198545
1452   -0.000915394
1453   -0.0200639
1454   -0.0379855
1455   -0.053971
1456   -0.0682764
1457   -0.0803124
1458   -0.0902404
1459   -0.0976636
1460   -0.102786
1461   -0.105556
1462   0.369431
1463   0.382976
1464   0.397881
1465   0.41335
1466   0.429912
1467   0.446534
1468   0.463292
1469   0.479033
1470   0.493106
1471   0.504446
1472   0.51129
1473   0.513486
1474   0.50809
1475   0.496958
1476   0.480425
1477   0.460477
1478   0.437962
1479   0.41384
1480   0.388746
1481   0.362972
1482   0.336991
1483   0.31077
1484   0.284706
1485   0.258613
1486   0.232871
1487   0.207221
1488   0.182062
1489   0.157104
1490   0.132785
1491   0.1088
1492   0.0856472
1493   0.0630062
1494   0.0414552
1495   0.0206522
1496   0.00127588
1497   -0.0170527
1498   -0.0335344
1499   -0.0486141
1500   -0.0613692
1501   -0.0723714
1502   -0.0806349
1503   -0.0869826
1504   -0.0905697
1505   0.354393
1506   0.367193
1507   0.380759
1508   0.395001
1509   0.40974
1510   0.424801
1511   0.439498
1512   0.453726
1513   0.466107
1514   0.476717
1515   0.483485
1516   0.486723
1517   0.484452
1518   0.47701
1519   0.465208
1520   0.449399
1521   0.431272
1522   0.410639
1523   0.389104
1524   0.366052
1525   0.342874
1526   0.318739
1527   0.29488
1528   0.270383
1529   0.246378
1530   0.221941
1531   0.19814
1532   0.174082
1533   0.150789
1534   0.127427
1535   0.104981
1536   0.0826986
1537   0.0615221
1538   0.0408077
1539   0.0214442
1540   0.00292356
1541   -0.0139365
1542   -0.0294825
1543   -0.0430031
1544   -0.0546899
1545   -0.0640174
1546   -0.0711458
1547   -0.0759262
1548   0.339762
1549   0.351632
1550   0.364231
1551   0.377147
1552   0.390585
1553   0.404007
1554   0.417307
1555   0.429905
1556   0.44126
1557   0.45086
1558   0.457648
1559   0.461394
1560   0.460778
1561   0.456217
1562   0.447515
1563   0.435547
1564   0.420733
1565   0.403764
1566   0.385135
1567   0.365204
1568   0.344402
1569   0.322832
1570   0.300868
1571   0.278459
1572   0.255953
1573   0.233213
1574   0.210586
1575   0.187891
1576   0.165497
1577   0.143194
1578   0.121395
1579   0.0998694
1580   0.0790899
1581   0.0588058
1582   0.0395747
1583   0.0211146
1584   0.0041029
1585   -0.0117968
1586   -0.0257514
1587   -0.0382052
1588   -0.0481781
1589   -0.0563611
1590   -0.0618271
1591   0.32556
1592   0.336726
1593   0.34827
1594   0.360142
1595   0.372186
1596   0.384329
1597   0.396083
1598   0.407439
1599   0.417501
1600   0.426348
1601   0.432753
1602   0.436831
1603   0.437499
1604   0.434847
1605   0.428882
1606   0.419712
1607   0.408132
1608   0.394029
1609   0.378489
1610   0.361102
1611   0.343009
1612   0.323568
1613   0.303907
1614   0.283238
1615   0.262669
1616   0.241339
1617   0.220333
1618   0.19877
1619   0.177716
1620   0.156302
1621   0.135577
1622   0.114711
1623   0.0947271
1624   0.0748666
1625   0.0561155
1626   0.0378204
1627   0.0209114
1628   0.00488875
1629   -0.00940593
1630   -0.0222695
1631   -0.0330216
1632   -0.0418018
1633   -0.048311
1634   0.31175
1635   0.322149
1636   0.332858
1637   0.343689
1638   0.354674
1639   0.365559
1640   0.376192
1641   0.386283
1642   0.39545
1643   0.403403
1644   0.409534
1645   0.413625
1646   0.41503
1647   0.413756
1648   0.40958
1649   0.402774
1650   0.393508
1651   0.382111
1652   0.368916
1653   0.354156
1654   0.338188
1655   0.32112
1656   0.303289
1657   0.284702
1658   0.265677
1659   0.24615
1660   0.226435
1661   0.206425
1662   0.18644
1663   0.166348
1664   0.146489
1665   0.126714
1666   0.107398
1667   0.088376
1668   0.070078
1669   0.052318
1670   0.0356127
1671   0.0197383
1672   0.00535367
1673   -0.00784384
1674   -0.0189823
1675   -0.0285652
1676   -0.0355856
1677   0.298336
1678   0.30808
1679   0.317949
1680   0.32791
1681   0.337835
1682   0.347706
1683   0.357177
1684   0.366289
1685   0.374444
1686   0.381733
1687   0.387383
1688   0.391478
1689   0.393342
1690   0.393005
1691   0.390285
1692   0.385162
1693   0.377986
1694   0.368598
1695   0.357707
1696   0.344953
1697   0.331238
1698   0.316006
1699   0.300256
1700   0.283281
1701   0.266131
1702   0.247997
1703   0.229955
1704   0.211136
1705   0.192633
1706   0.173553
1707   0.154991
1708   0.136057
1709   0.117845
1710   0.09949
1711   0.0820717
1712   0.0647818
1713   0.0486686
1714   0.0330237
1715   0.0188327
1716   0.00556767
1717   -0.00591451
1718   -0.015847
1719   -0.0236964
1720   0.285302
1721   0.294398
1722   0.303556
1723   0.312701
1724   0.321787
1725   0.330702
1726   0.339303
1727   0.347445
1728   0.354869
1729   0.361403
1730   0.366693
1731   0.370563
1732   0.372668
1733   0.372902
1734   0.371104
1735   0.367291
1736   0.361527
1737   0.353906
1738   0.344642
1739   0.333829
1740   0.321745
1741   0.308445
1742   0.294222
1743   0.279079
1744   0.263309
1745   0.246873
1746   0.230058
1747   0.212798
1748   0.195379
1749   0.177716
1750   0.160102
1751   0.142442
1752   0.125041
1753   0.107801
1754   0.0910477
1755   0.0746782
1756   0.059055
1757   0.0440644
1758   0.0301368
1759   0.0171198
1760   0.00559568
1761   -0.00472226
1762   -0.0128574
1763   0.272647
1764   0.28115
1765   0.289633
1766   0.298074
1767   0.306358
1768   0.3145
1769   0.322233
1770   0.329634
1771   0.336265
1772   0.342247
1773   0.347036
1774   0.350739
1775   0.352874
1776   0.353478
1777   0.352346
1778   0.349415
1779   0.344853
1780   0.338455
1781   0.330721
1782   0.321279
1783   0.310867
1784   0.298946
1785   0.286409
1786   0.272578
1787   0.258443
1788   0.243219
1789   0.227959
1790   0.211803
1791   0.195844
1792   0.179178
1793   0.162922
1794   0.146153
1795   0.129999
1796   0.113535
1797   0.0979001
1798   0.0821765
1799   0.0675076
1800   0.0529996
1801   0.0397916
1802   0.0270385
1803   0.0158407
1804   0.00549609
1805   -0.00312221
1806   0.260368
1807   0.268312
1808   0.276206
1809   0.284006
1810   0.291652
1811   0.299076
1812   0.306168
1813   0.312831
1814   0.3189
1815   0.324247
1816   0.328667
1817   0.332017
1818   0.334106
1819   0.334814
1820   0.334035
1821   0.331716
1822   0.327867
1823   0.322502
1824   0.315726
1825   0.307591
1826   0.298259
1827   0.287787
1828   0.27636
1829   0.264027
1830   0.250977
1831   0.237243
1832   0.223014
1833   0.208309
1834   0.193314
1835   0.178042
1836   0.162677
1837   0.147228
1838   0.131883
1839   0.116654
1840   0.101731
1841   0.0871324
1842   0.0730573
1843   0.0595324
1844   0.046765
1845   0.0347947
1846   0.023837
1847   0.0139457
1848   0.0053166
