##### Y Mean #####
0   0.00453563
1   -0.0281172
2   -0.0664168
3   -0.108815
4   -0.154459
5   -0.201429
6   -0.249048
7   -0.295457
8   -0.34004
9   -0.380525
10   -0.417404
11   -0.449855
12   -0.478413
13   -0.502735
14   -0.523126
15   -0.539464
16   -0.551946
17   -0.560565
18   -0.56562
19   -0.567299
20   -0.565904
21   -0.561764
22   -0.555076
23   -0.546199
24   -0.53533
25   -0.522897
26   -0.509127
27   -0.494479
28   -0.479116
29   -0.463398
30   -0.447422
31   -0.431439
32   -0.41549
33   -0.399718
34   -0.384131
35   -0.368804
36   -0.353737
37   -0.338971
38   -0.324513
39   -0.310387
40   -0.296607
41   -0.28319
42   -0.27015
43   0.0354379
44   0.00233307
45   -0.0393434
46   -0.0838609
47   -0.134943
48   -0.184567
49   -0.238343
50   -0.287343
51   -0.339061
52   -0.381149
53   -0.423499
54   -0.457787
55   -0.490419
56   -0.516696
57   -0.54002
58   -0.558018
59   -0.572542
60   -0.582257
61   -0.588508
62   -0.590895
63   -0.589903
64   -0.586167
65   -0.579225
66   -0.570294
67   -0.558581
68   -0.545666
69   -0.530635
70   -0.515285
71   -0.498546
72   -0.482011
73   -0.464714
74   -0.447891
75   -0.430785
76   -0.414201
77   -0.39763
78   -0.38153
79   -0.365617
80   -0.350123
81   -0.334924
82   -0.320123
83   -0.305688
84   -0.291657
85   -0.278036
86   0.0719675
87   0.0411112
88   -0.00146583
89   -0.0487075
90   -0.102145
91   -0.156209
92   -0.212202
93   -0.265978
94   -0.319639
95   -0.369141
96   -0.41479
97   -0.455521
98   -0.491852
99   -0.522986
100   -0.549626
101   -0.570914
102   -0.587819
103   -0.600022
104   -0.608129
105   -0.612357
106   -0.612813
107   -0.609954
108   -0.60376
109   -0.594761
110   -0.583071
111   -0.569351
112   -0.553798
113   -0.537176
114   -0.519579
115   -0.501577
116   -0.483249
117   -0.465003
118   -0.446874
119   -0.429051
120   -0.411535
121   -0.394391
122   -0.377622
123   -0.361245
124   -0.345278
125   -0.329725
126   -0.314612
127   -0.299937
128   -0.285726
129   0.112852
130   0.0828276
131   0.0408795
132   -0.00749904
133   -0.0640046
134   -0.12001
135   -0.179789
136   -0.235727
137   -0.292872
138   -0.345738
139   -0.397759
140   -0.441788
141   -0.485118
142   -0.518856
143   -0.552092
144   -0.575439
145   -0.597221
146   -0.611874
147   -0.623374
148   -0.630254
149   -0.632919
150   -0.632009
151   -0.626807
152   -0.618686
153   -0.606954
154   -0.59328
155   -0.576835
156   -0.559713
157   -0.540749
158   -0.521782
159   -0.501898
160   -0.482542
161   -0.462996
162   -0.444101
163   -0.425386
164   -0.407266
165   -0.389492
166   -0.372249
167   -0.355436
168   -0.339128
169   -0.323301
170   -0.307977
171   -0.293164
172   0.157468
173   0.1321
174   0.0901423
175   0.0419031
176   -0.0160927
177   -0.074923
178   -0.136602
179   -0.196026
180   -0.255618
181   -0.312009
182   -0.36608
183   -0.415388
184   -0.460833
185   -0.501059
186   -0.537012
187   -0.567968
188   -0.593954
189   -0.615114
190   -0.631362
191   -0.642661
192   -0.649311
193   -0.650801
194   -0.648014
195   -0.640981
196   -0.630333
197   -0.616921
198   -0.600671
199   -0.582668
200   -0.563001
201   -0.542456
202   -0.521367
203   -0.500315
204   -0.47954
205   -0.459164
206   -0.439333
207   -0.419989
208   -0.40124
209   -0.382997
210   -0.365347
211   -0.348217
212   -0.331681
213   -0.315682
214   -0.30028
215   0.203894
216   0.179862
217   0.140529
218   0.0917482
219   0.0332309
220   -0.0269482
221   -0.0906943
222   -0.152034
223   -0.213882
224   -0.272168
225   -0.328709
226   -0.380591
227   -0.429369
228   -0.472937
229   -0.513409
230   -0.548406
231   -0.581519
232   -0.60613
233   -0.630646
234   -0.644199
235   -0.658529
236   -0.661513
237   -0.663865
238   -0.658587
239   -0.650171
240   -0.638532
241   -0.622615
242   -0.605019
243   -0.584261
244   -0.562875
245   -0.540092
246   -0.517863
247   -0.495517
248   -0.473951
249   -0.452796
250   -0.432379
251   -0.41254
252   -0.393374
253   -0.374828
254   -0.356922
255   -0.339651
256   -0.323008
257   -0.307001
258   0.251563
259   0.233922
260   0.194435
261   0.146742
262   0.087452
263   0.0258232
264   -0.0391559
265   -0.102781
266   -0.16631
267   -0.226884
268   -0.285277
269   -0.339686
270   -0.390636
271   -0.437146
272   -0.479902
273   -0.518192
274   -0.553014
275   -0.582888
276   -0.608899
277   -0.629825
278   -0.646585
279   -0.658726
280   -0.665592
281   -0.66802
282   -0.664691
283   -0.656494
284   -0.643429
285   -0.625748
286   -0.604966
287   -0.582322
288   -0.558541
289   -0.534559
290   -0.511048
291   -0.487923
292   -0.465676
293   -0.444012
294   -0.42323
295   -0.403072
296   -0.383728
297   -0.365022
298   -0.347083
299   -0.329787
300   -0.313232
301   0.298107
302   0.281937
303   0.246801
304   0.19953
305   0.140916
306   0.0788815
307   0.0128655
308   -0.0518824
309   -0.117029
310   -0.178948
311   -0.239202
312   -0.29514
313   -0.348206
314   -0.396456
315   -0.441389
316   -0.481516
317   -0.51819
318   -0.550582
319   -0.579208
320   -0.603799
321   -0.625022
322   -0.641918
323   -0.657072
324   -0.663584
325   -0.670442
326   -0.664257
327   -0.658355
328   -0.641317
329   -0.621645
330   -0.599321
331   -0.574459
332   -0.549844
333   -0.524935
334   -0.500777
335   -0.47733
336   -0.454716
337   -0.432958
338   -0.411988
339   -0.391842
340   -0.372456
341   -0.353852
342   -0.335991
343   -0.318879
344   0.34288
345   0.335299
346   0.300561
347   0.255473
348   0.197479
349   0.134362
350   0.0680192
351   0.00170335
352   -0.0644201
353   -0.128088
354   -0.189559
355   -0.247307
356   -0.301711
357   -0.35181
358   -0.39816
359   -0.440131
360   -0.478485
361   -0.51279
362   -0.543528
363   -0.57053
364   -0.594123
365   -0.614109
366   -0.631117
367   -0.643678
368   -0.652529
369   -0.656311
370   -0.654227
371   -0.647413
372   -0.632154
373   -0.612123
374   -0.588235
375   -0.562298
376   -0.536805
377   -0.51138
378   -0.487258
379   -0.463722
380   -0.441325
381   -0.41962
382   -0.398895
383   -0.378892
384   -0.359774
385   -0.341381
386   -0.323822
387   0.382694
388   0.375432
389   0.350537
390   0.308996
391   0.252866
392   0.189832
393   0.12266
394   0.0556558
395   -0.0116809
396   -0.0763001
397   -0.139171
398   -0.197988
399   -0.25386
400   -0.305121
401   -0.352931
402   -0.396186
403   -0.435961
404   -0.471666
405   -0.503972
406   -0.532593
407   -0.557957
408   -0.579816
409   -0.598453
410   -0.614027
411   -0.625949
412   -0.634541
413   -0.639773
414   -0.637998
415   -0.634347
416   -0.616355
417   -0.596513
418   -0.570981
419   -0.545167
420   -0.519475
421   -0.494854
422   -0.47091
423   -0.448013
424   -0.42588
425   -0.40468
426   -0.38427
427   -0.364707
428   -0.345931
429   -0.32795
430   0.418886
431   0.417414
432   0.396909
433   0.364146
434   0.308
435   0.244886
436   0.178041
437   0.110195
438   0.0424024
439   -0.0234712
440   -0.0871269
441   -0.147318
442   -0.204106
443   -0.25675
444   -0.305568
445   -0.350177
446   -0.391063
447   -0.428046
448   -0.461541
449   -0.491456
450   -0.518126
451   -0.541437
452   -0.561856
453   -0.579205
454   -0.593583
455   -0.604784
456   -0.612634
457   -0.616155
458   -0.615457
459   -0.60912
460   -0.592747
461   -0.572431
462   -0.548258
463   -0.523059
464   -0.499007
465   -0.475183
466   -0.452353
467   -0.430132
468   -0.408813
469   -0.388202
470   -0.368425
471   -0.349377
472   -0.331126
473   0.451
474   0.451643
475   0.438834
476   0.40906
477   0.359103
478   0.298047
479   0.231564
480   0.163848
481   0.095418
482   0.0290532
483   -0.0356148
484   -0.0965203
485   -0.154417
486   -0.207876
487   -0.257794
488   -0.303293
489   -0.345218
490   -0.383131
491   -0.417631
492   -0.448579
493   -0.476307
494   -0.500923
495   -0.522516
496   -0.5415
497   -0.557374
498   -0.570677
499   -0.580373
500   -0.587196
501   -0.589481
502   -0.588164
503   -0.581125
504   -0.5648
505   -0.545637
506   -0.52239
507   -0.499603
508   -0.476506
509   -0.454185
510   -0.432279
511   -0.41113
512   -0.390599
513   -0.370787
514   -0.351658
515   -0.333236
516   0.47968
517   0.484866
518   0.477265
519   0.457272
520   0.407958
521   0.34894
522   0.284032
523   0.216558
524   0.148312
525   0.081241
526   0.0162104
527   -0.0457031
528   -0.10417
529   -0.158695
530   -0.209291
531   -0.255826
532   -0.298506
533   -0.33739
534   -0.372724
535   -0.404641
536   -0.433373
537   -0.459073
538   -0.48196
539   -0.502153
540   -0.519633
541   -0.534434
542   -0.546298
543   -0.555223
544   -0.560568
545   -0.562378
546   -0.558799
547   -0.550176
548   -0.534218
549   -0.515564
550   -0.494968
551   -0.473933
552   -0.452751
553   -0.431833
554   -0.411258
555   -0.391179
556   -0.371591
557   -0.352595
558   -0.334162
559   0.504599
560   0.512702
561   0.510923
562   0.492999
563   0.452216
564   0.397034
565   0.333955
566   0.267576
567   0.199378
568   0.132362
569   0.066725
570   0.00448698
571   -0.0547846
572   -0.109802
573   -0.161236
574   -0.208364
575   -0.251857
576   -0.291419
577   -0.327557
578   -0.360292
579   -0.389892
580   -0.416635
581   -0.440501
582   -0.461984
583   -0.480633
584   -0.497079
585   -0.510443
586   -0.521502
587   -0.528847
588   -0.533289
589   -0.532741
590   -0.528085
591   -0.517847
592   -0.503123
593   -0.486143
594   -0.467472
595   -0.448267
596   -0.428677
597   -0.409168
598   -0.3898
599   -0.37074
600   -0.352055
601   -0.333807
602   0.525844
603   0.537454
604   0.54087
605   0.53292
606   0.493899
607   0.442821
608   0.38229
609   0.317009
610   0.249563
611   0.182331
612   0.116785
613   0.0538901
614   -0.00559088
615   -0.061403
616   -0.113218
617   -0.161164
618   -0.205165
619   -0.24554
620   -0.282326
621   -0.315915
622   -0.346359
623   -0.374064
624   -0.399022
625   -0.42161
626   -0.441633
627   -0.459427
628   -0.474536
629   -0.487294
630   -0.496805
631   -0.503481
632   -0.505743
633   -0.5045
634   -0.49757
635   -0.487194
636   -0.473301
637   -0.457744
638   -0.44063
639   -0.422974
640   -0.404745
641   -0.386509
642   -0.368155
643   -0.350066
644   -0.332114
645   0.543247
646   0.557786
647   0.565523
648   0.559387
649   0.531197
650   0.48564
651   0.428076
652   0.364485
653   0.297586
654   0.230946
655   0.165188
656   0.102393
657   0.0423939
658   -0.0135879
659   -0.0660292
660   -0.114315
661   -0.158976
662   -0.199842
663   -0.237333
664   -0.271594
665   -0.302836
666   -0.331433
667   -0.357324
668   -0.38104
669   -0.402183
670   -0.421372
671   -0.437864
672   -0.452294
673   -0.463572
674   -0.472234
675   -0.476984
676   -0.478209
677   -0.474992
678   -0.467861
679   -0.45757
680   -0.444785
681   -0.43032
682   -0.414608
683   -0.398118
684   -0.381114
685   -0.363812
686   -0.346411
687   -0.32903
688   0.556751
689   0.573669
690   0.585929
691   0.588974
692   0.565195
693   0.527483
694   0.472419
695   0.410116
696   0.344492
697   0.278014
698   0.212843
699   0.149707
700   0.0898643
701   0.0333196
702   -0.0192217
703   -0.0681499
704   -0.113102
705   -0.154662
706   -0.192637
707   -0.227673
708   -0.259623
709   -0.289118
710   -0.315957
711   -0.340724
712   -0.363059
713   -0.383497
714   -0.401426
715   -0.417359
716   -0.430326
717   -0.440881
718   -0.447655
719   -0.451438
720   -0.450743
721   -0.446939
722   -0.43943
723   -0.429719
724   -0.417591
725   -0.404217
726   -0.389409
727   -0.374004
728   -0.357778
729   -0.341376
730   -0.324575
731   0.566488
732   0.585874
733   0.600825
734   0.606085
735   0.59493
736   0.563869
737   0.513678
738   0.453751
739   0.389129
740   0.323851
741   0.258826
742   0.196196
743   0.136072
744   0.0796573
745   0.0266704
746   -0.0223596
747   -0.0678367
748   -0.109702
749   -0.14829
750   -0.183851
751   -0.216536
752   -0.246787
753   -0.274511
754   -0.300256
755   -0.323651
756   -0.345271
757   -0.364474
758   -0.381778
759   -0.396315
760   -0.40847
761   -0.417305
762   -0.42308
763   -0.425165
764   -0.423906
765   -0.419445
766   -0.412281
767   -0.40283
768   -0.391551
769   -0.378785
770   -0.364891
771   -0.350076
772   -0.33464
773   -0.318743
774   0.572372
775   0.593452
776   0.611531
777   0.622624
778   0.619566
779   0.6022
780   0.553349
781   0.494814
782   0.432577
783   0.367919
784   0.303999
785   0.241284
786   0.181644
787   0.124863
788   0.0720448
789   0.0225392
790   -0.0230077
791   -0.0654369
792   -0.104336
793   -0.140576
794   -0.173821
795   -0.204894
796   -0.233418
797   -0.260138
798   -0.284547
799   -0.307309
800   -0.327714
801   -0.346366
802   -0.362295
803   -0.376108
804   -0.386608
805   -0.394531
806   -0.398687
807   -0.400107
808   -0.398004
809   -0.39358
810   -0.386353
811   -0.377443
812   -0.366477
813   -0.354405
814   -0.340875
815   -0.326719
816   -0.311619
817   0.574554
818   0.597349
819   0.618105
820   0.633507
821   0.639439
822   0.626567
823   0.588011
824   0.534278
825   0.473892
826   0.411069
827   0.347568
828   0.28569
829   0.225959
830   0.169593
831   0.116511
832   0.0671526
833   0.0212361
834   -0.0213004
835   -0.0606956
836   -0.0973045
837   -0.131199
838   -0.162889
839   -0.192226
840   -0.219778
841   -0.245168
842   -0.268943
843   -0.290514
844   -0.310344
845   -0.327692
846   -0.342895
847   -0.355197
848   -0.364841
849   -0.371289
850   -0.374817
851   -0.375299
852   -0.373106
853   -0.368364
854   -0.361469
855   -0.352603
856   -0.342129
857   -0.330203
858   -0.317175
859   -0.303224
860   0.573236
861   0.596773
862   0.620514
863   0.640158
864   0.654182
865   0.655659
866   0.619448
867   0.570175
868   0.513388
869   0.452003
870   0.390019
871   0.328356
872   0.269441
873   0.212941
874   0.160328
875   0.110696
876   0.0649544
877   0.0220144
878   -0.0175036
879   -0.0546711
880   -0.0889755
881   -0.121388
882   -0.151385
883   -0.179819
884   -0.206072
885   -0.230887
886   -0.253494
887   -0.274553
888   -0.293117
889   -0.309822
890   -0.323586
891   -0.335117
892   -0.343349
893   -0.349154
894   -0.351666
895   -0.351892
896   -0.349171
897   -0.344531
898   -0.337427
899   -0.328839
900   -0.318281
901   -0.3067
902   -0.293689
903   0.568897
904   0.593827
905   0.619358
906   0.643311
907   0.662952
908   0.667248
909   0.645473
910   0.603639
911   0.550384
912   0.491607
913   0.430531
914   0.370185
915   0.311499
916   0.255796
917   0.203177
918   0.153986
919   0.108075
920   0.0652418
921   0.0253732
922   -0.0120064
923   -0.0468524
924   -0.079753
925   -0.110472
926   -0.139615
927   -0.166757
928   -0.192457
929   -0.216131
930   -0.23824
931   -0.258102
932   -0.276061
933   -0.291441
934   -0.304504
935   -0.314722
936   -0.322349
937   -0.327108
938   -0.329294
939   -0.328838
940   -0.326062
941   -0.321004
942   -0.313995
943   -0.30512
944   -0.294744
945   -0.283043
946   0.561649
947   0.586376
948   0.614065
949   0.640148
950   0.665953
951   0.682814
952   0.666541
953   0.634365
954   0.585109
955   0.528417
956   0.469471
957   0.409771
958   0.352409
959   0.296897
960   0.245128
961   0.195921
962   0.150459
963   0.107417
964   0.0676146
965   0.0298215
966   -0.00529264
967   -0.0387978
968   -0.0700512
969   -0.0999663
970   -0.127848
971   -0.15448
972   -0.179063
973   -0.202289
974   -0.22324
975   -0.242564
976   -0.259259
977   -0.274005
978   -0.2858
979   -0.29542
980   -0.301961
981   -0.306305
982   -0.30767
983   -0.306998
984   -0.303608
985   -0.298466
986   -0.290968
987   -0.282123
988   -0.271443
989   0.552088
990   0.577705
991   0.60567
992   0.634455
993   0.662121
994   0.681027
995   0.682176
996   0.659099
997   0.616061
998   0.563161
999   0.505881
1000   0.448265
1001   0.391585
1002   0.337351
1003   0.285904
1004   0.237463
1005   0.192074
1006   0.149349
1007   0.10937
1008   0.0715077
1009   0.0359852
1010   0.0021082
1011   -0.0297488
1012   -0.0602602
1013   -0.0889158
1014   -0.116319
1015   -0.141852
1016   -0.166014
1017   -0.188131
1018   -0.208588
1019   -0.226726
1020   -0.242843
1021   -0.256386
1022   -0.267611
1023   -0.276138
1024   -0.282221
1025   -0.285645
1026   -0.286681
1027   -0.285239
1028   -0.281612
1029   -0.275811
1030   -0.268193
1031   -0.25892
1032   0.540202
1033   0.564847
1034   0.593679
1035   0.622726
1036   0.653085
1037   0.677707
1038   0.688349
1039   0.683767
1040   0.644162
1041   0.594023
1042   0.540293
1043   0.483829
1044   0.429119
1045   0.375436
1046   0.325271
1047   0.277119
1048   0.232459
1049   0.189757
1050   0.150022
1051   0.111926
1052   0.0762697
1053   0.0419453
1054   0.00967941
1055   -0.0214541
1056   -0.05072
1057   -0.0789072
1058   -0.10522
1059   -0.130351
1060   -0.153424
1061   -0.175084
1062   -0.194388
1063   -0.211989
1064   -0.226924
1065   -0.239906
1066   -0.250007
1067   -0.258021
1068   -0.263085
1069   -0.266069
1070   -0.266183
1071   -0.264366
1072   -0.25991
1073   -0.253856
1074   -0.245642
1075   0.526582
1076   0.551278
1077   0.579058
1078   0.608817
1079   0.639586
1080   0.66729
1081   0.687928
1082   0.689333
1083   0.665196
1084   0.622427
1085   0.571553
1086   0.517908
1087   0.464316
1088   0.412405
1089   0.362954
1090   0.315894
1091   0.271605
1092   0.229417
1093   0.189726
1094   0.1517
1095   0.115824
1096   0.0812576
1097   0.0485682
1098   0.0169763
1099   -0.0128845
1100   -0.041699
1101   -0.0687822
1102   -0.0947047
1103   -0.11876
1104   -0.1414
1105   -0.161944
1106   -0.180741
1107   -0.197194
1108   -0.211581
1109   -0.223431
1110   -0.232987
1111   -0.239917
1112   -0.244455
1113   -0.246404
1114   -0.246019
1115   -0.243236
1116   -0.238396
1117   -0.231638
1118   0.51136
1119   0.53436
1120   0.561845
1121   0.590256
1122   0.621781
1123   0.650709
1124   0.678415
1125   0.696322
1126   0.678433
1127   0.645263
1128   0.598923
1129   0.547388
1130   0.496578
1131   0.445803
1132   0.398153
1133   0.351813
1134   0.308546
1135   0.266702
1136   0.227445
1137   0.189453
1138   0.153608
1139   0.118844
1140   0.0859181
1141   0.0539463
1142   0.0236558
1143   -0.00570882
1144   -0.0333896
1145   -0.0600544
1146   -0.0848847
1147   -0.108501
1148   -0.130023
1149   -0.150067
1150   -0.167712
1151   -0.183611
1152   -0.196834
1153   -0.2081
1154   -0.216496
1155   -0.222821
1156   -0.226206
1157   -0.227549
1158   -0.226059
1159   -0.222779
1160   -0.217086
1161   0.495242
1162   0.517757
1163   0.543364
1164   0.571403
1165   0.601608
1166   0.632065
1167   0.660915
1168   0.680943
1169   0.683937
1170   0.660381
1171   0.620563
1172   0.573722
1173   0.525135
1174   0.476952
1175   0.430663
1176   0.3858
1177   0.343343
1178   0.30224
1179   0.263374
1180   0.225651
1181   0.189902
1182   0.155108
1183   0.122064
1184   0.0898571
1185   0.0592664
1186   0.0294985
1187   0.00132841
1188   -0.0259085
1189   -0.0514495
1190   -0.0758297
1191   -0.0983229
1192   -0.119345
1193   -0.13824
1194   -0.155325
1195   -0.170048
1196   -0.182654
1197   -0.192714
1198   -0.200436
1199   -0.205526
1200   -0.208205
1201   -0.208335
1202   -0.206235
1203   -0.202013
1204   0.478365
1205   0.498968
1206   0.523638
1207   0.549539
1208   0.578998
1209   0.607855
1210   0.637794
1211   0.661804
1212   0.672982
1213   0.670669
1214   0.636419
1215   0.593052
1216   0.548877
1217   0.502672
1218   0.458865
1219   0.415396
1220   0.374333
1221   0.334112
1222   0.295968
1223   0.258746
1224   0.223316
1225   0.188752
1226   0.155763
1227   0.12357
1228   0.0928358
1229   0.0628802
1230   0.0343867
1231   0.00674337
1232   -0.0193118
1233   -0.0443513
1234   -0.0675707
1235   -0.0895354
1236   -0.109379
1237   -0.127692
1238   -0.143562
1239   -0.157635
1240   -0.168971
1241   -0.178301
1242   -0.184694
1243   -0.188998
1244   -0.190349
1245   -0.189777
1246   -0.1866
1247   0.461315
1248   0.481181
1249   0.503679
1250   0.528422
1251   0.555312
1252   0.583238
1253   0.610959
1254   0.635738
1255   0.653684
1256   0.656677
1257   0.6426
1258   0.60714
1259   0.567045
1260   0.524224
1261   0.482785
1262   0.441284
1263   0.401788
1264   0.362704
1265   0.32558
1266   0.289022
1267   0.254245
1268   0.220039
1269   0.187431
1270   0.15537
1271   0.124785
1272   0.094767
1273   0.0661916
1274   0.038292
1275   0.0119029
1276   -0.0136045
1277   -0.0374409
1278   -0.0601031
1279   -0.0808658
1280   -0.100104
1281   -0.11718
1282   -0.132367
1283   -0.145134
1284   -0.155685
1285   -0.163628
1286   -0.169154
1287   -0.172048
1288   -0.172599
1289   -0.170876
1290   0.444148
1291   0.462231
1292   0.48349
1293   0.505838
1294   0.531027
1295   0.556089
1296   0.582311
1297   0.605277
1298   0.625772
1299   0.637937
1300   0.629908
1301   0.610164
1302   0.575728
1303   0.537118
1304   0.499329
1305   0.460681
1306   0.423244
1307   0.386068
1308   0.350237
1309   0.314992
1310   0.281055
1311   0.24775
1312   0.215667
1313   0.184191
1314   0.153881
1315   0.124174
1316   0.0956528
1317   0.0677935
1318   0.0412363
1319   0.0154808
1320   -0.00875968
1321   -0.0319823
1322   -0.0533942
1323   -0.0735135
1324   -0.0914696
1325   -0.107829
1326   -0.121656
1327   -0.133598
1328   -0.142689
1329   -0.149708
1330   -0.15373
1331   -0.155749
1332   -0.155027
1333   0.427252
1334   0.444525
1335   0.463735
1336   0.48463
1337   0.507049
1338   0.53034
1339   0.553418
1340   0.575489
1341   0.59383
1342   0.607338
1343   0.609743
1344   0.597222
1345   0.57545
1346   0.542678
1347   0.509682
1348   0.474046
1349   0.439618
1350   0.404452
1351   0.370714
1352   0.33687
1353   0.30443
1354   0.272099
1355   0.241085
1356   0.210262
1357   0.180683
1358   0.151364
1359   0.123273
1360   0.0955577
1361   0.0691323
1362   0.0432762
1363   0.0188522
1364   -0.00472629
1365   -0.0266555
1366   -0.0473878
1367   -0.0661948
1368   -0.0833999
1369   -0.0983727
1370   -0.11133
1371   -0.121775
1372   -0.129878
1373   -0.135334
1374   -0.138397
1375   -0.139083
1376   0.410604
1377   0.426399
1378   0.44437
1379   0.463154
1380   0.483797
1381   0.504468
1382   0.525717
1383   0.545297
1384   0.562857
1385   0.575706
1386   0.581011
1387   0.577826
1388   0.561182
1389   0.537851
1390   0.509729
1391   0.479507
1392   0.448307
1393   0.416606
1394   0.3851
1395   0.353654
1396   0.322797
1397   0.292194
1398   0.262308
1399   0.23274
1400   0.203944
1401   0.175508
1402   0.147914
1403   0.120751
1404   0.0945598
1405   0.0689308
1406   0.0444776
1407   0.0207863
1408   -0.00144184
1409   -0.022642
1410   -0.042014
1411   -0.0600366
1412   -0.0758084
1413   -0.0898861
1414   -0.10129
1415   -0.110714
1416   -0.117178
1417   -0.121618
1418   -0.123236
1419   0.394403
1420   0.409403
1421   0.425676
1422   0.443064
1423   0.461377
1424   0.480263
1425   0.498821
1426   0.516741
1427   0.531957
1428   0.544383
1429   0.550244
1430   0.550607
1431   0.541689
1432   0.524794
1433   0.503484
1434   0.478064
1435   0.451527
1436   0.423109
1437   0.394873
1438   0.365742
1439   0.337269
1440   0.30834
1441   0.280234
1442   0.251884
1443   0.224421
1444   0.196852
1445   0.170223
1446   0.143634
1447   0.118071
1448   0.09274
1449   0.0685797
1450   0.0449112
1451   0.0226221
1452   0.00116462
1453   -0.0186387
1454   -0.037192
1455   -0.0537587
1456   -0.0686009
1457   -0.0811066
1458   -0.0914409
1459   -0.0991919
1460   -0.104568
1461   -0.107517
1462   0.378587
1463   0.392416
1464   0.407574
1465   0.42327
1466   0.440023
1467   0.456806
1468   0.473688
1469   0.489526
1470   0.503665
1471   0.515048
1472   0.521918
1473   0.524125
1474   0.51874
1475   0.507606
1476   0.491055
1477   0.471058
1478   0.448458
1479   0.424208
1480   0.398939
1481   0.372939
1482   0.346684
1483   0.320134
1484   0.293694
1485   0.267174
1486   0.24096
1487   0.214794
1488   0.189082
1489   0.163534
1490   0.1386
1491   0.113972
1492   0.0901654
1493   0.0668572
1494   0.0446437
1495   0.02318
1496   0.0031662
1497   -0.0157814
1498   -0.0328383
1499   -0.0484575
1500   -0.0616872
1501   -0.0731123
1502   -0.0817162
1503   -0.0883441
1504   -0.092125
1505   0.363234
1506   0.376306
1507   0.390119
1508   0.404585
1509   0.41952
1510   0.434748
1511   0.449583
1512   0.46392
1513   0.476387
1514   0.487055
1515   0.493868
1516   0.497127
1517   0.494874
1518   0.487431
1519   0.475615
1520   0.459761
1521   0.441563
1522   0.420815
1523   0.399131
1524   0.375877
1525   0.352458
1526   0.328027
1527   0.303834
1528   0.278946
1529   0.254517
1530   0.229604
1531   0.205299
1532   0.180691
1533   0.156831
1534   0.132865
1535   0.109809
1536   0.0868924
1537   0.0650892
1538   0.0437393
1539   0.0237625
1540   0.00463809
1541   -0.0127875
1542   -0.0288688
1543   -0.0428696
1544   -0.0549854
1545   -0.064672
1546   -0.0720931
1547   -0.0770937
1548   0.348286
1549   0.360417
1550   0.373256
1551   0.386393
1552   0.400026
1553   0.41362
1554   0.427065
1555   0.439784
1556   0.451235
1557   0.46091
1558   0.467752
1559   0.471534
1560   0.470942
1561   0.466387
1562   0.457674
1563   0.445671
1564   0.430792
1565   0.413725
1566   0.394962
1567   0.374855
1568   0.353835
1569   0.332003
1570   0.309735
1571   0.286977
1572   0.264082
1573   0.24091
1574   0.217818
1575   0.19462
1576   0.171696
1577   0.148836
1578   0.126462
1579   0.104344
1580   0.0829681
1581   0.0620821
1582   0.0422608
1583   0.0232188
1584   0.00565482
1585   -0.0107729
1586   -0.0252054
1587   -0.0380963
1588   -0.0484353
1589   -0.0569313
1590   -0.0626288
1591   0.333766
1592   0.345181
1593   0.356958
1594   0.369044
1595   0.381283
1596   0.393599
1597   0.405506
1598   0.416989
1599   0.427159
1600   0.436088
1601   0.442562
1602   0.446684
1603   0.447386
1604   0.444745
1605   0.438777
1606   0.429575
1607   0.417943
1608   0.403751
1609   0.388096
1610   0.37055
1611   0.352267
1612   0.332587
1613   0.312656
1614   0.291668
1615   0.27075
1616   0.249022
1617   0.227594
1618   0.205564
1619   0.184027
1620   0.162091
1621   0.140835
1622   0.11941
1623   0.09887
1624   0.0784363
1625   0.0591268
1626   0.040271
1627   0.0228298
1628   0.00629065
1629   -0.0084769
1630   -0.0217767
1631   -0.0329058
1632   -0.0420063
1633   -0.0487686
1634   0.319639
1635   0.330276
1636   0.341208
1637   0.352248
1638   0.363424
1639   0.374481
1640   0.385267
1641   0.395491
1642   0.404772
1643   0.412818
1644   0.419023
1645   0.423168
1646   0.424612
1647   0.423357
1648   0.419181
1649   0.412353
1650   0.40304
1651   0.391568
1652   0.378268
1653   0.363368
1654   0.347227
1655   0.329947
1656   0.31187
1657   0.292996
1658   0.27365
1659   0.253765
1660   0.23366
1661   0.213225
1662   0.19279
1663   0.17222
1664   0.151864
1665   0.131573
1666   0.111732
1667   0.0921749
1668   0.0733453
1669   0.0550551
1670   0.0378374
1671   0.0214652
1672   0.00661777
1673   -0.00701323
1674   -0.0185291
1675   -0.0284457
1676   -0.0357257
1677   0.30591
1678   0.31588
1679   0.325962
1680   0.336125
1681   0.346237
1682   0.356278
1683   0.365902
1684   0.375148
1685   0.383421
1686   0.390806
1687   0.396538
1688   0.400693
1689   0.402602
1690   0.402288
1691   0.399576
1692   0.394434
1693   0.387221
1694   0.377764
1695   0.366783
1696   0.353901
1697   0.340033
1698   0.324607
1699   0.308637
1700   0.291399
1701   0.273961
1702   0.255495
1703   0.237101
1704   0.217888
1705   0.198977
1706   0.17945
1707   0.160434
1708   0.141015
1709   0.122319
1710   0.103459
1711   0.0855465
1712   0.067752
1713   0.051156
1714   0.0350317
1715   0.0203956
1716   0.00670582
1717   -0.0051534
1718   -0.0154207
1719   -0.0235455
1720   0.292565
1721   0.301874
1722   0.311236
1723   0.320574
1724   0.32984
1725   0.338921
1726   0.347673
1727   0.355949
1728   0.363491
1729   0.370124
1730   0.375497
1731   0.379431
1732   0.381584
1733   0.381846
1734   0.380058
1735   0.376233
1736   0.370435
1737   0.362756
1738   0.353408
1739   0.342482
1740   0.330257
1741   0.316783
1742   0.302356
1743   0.286977
1744   0.27094
1745   0.254204
1746   0.237063
1747   0.219445
1748   0.201645
1749   0.183575
1750   0.165537
1751   0.147433
1752   0.129578
1753   0.111873
1754   0.0946529
1755   0.0778151
1756   0.0617332
1757   0.0462926
1758   0.0319373
1759   0.0185128
1760   0.00661945
1761   -0.00403587
1762   -0.0124471
1763   0.279603
1764   0.288308
1765   0.296985
1766   0.305609
1767   0.314066
1768   0.322368
1769   0.330248
1770   0.337779
1771   0.344527
1772   0.350608
1773   0.355481
1774   0.359249
1775   0.361435
1776   0.362067
1777   0.36095
1778   0.358008
1779   0.35342
1780   0.346967
1781   0.33916
1782   0.329612
1783   0.319073
1784   0.30699
1785   0.294271
1786   0.280219
1787   0.265844
1788   0.250341
1789   0.234785
1790   0.218296
1791   0.201991
1792   0.184945
1793   0.168303
1794   0.151118
1795   0.13455
1796   0.117649
1797   0.101586
1798   0.0854197
1799   0.0703278
1800   0.055392
1801   0.0417859
1802   0.0286412
1803   0.0170919
1804   0.00641667
1805   -0.0024846
1806   0.267023
1807   0.275158
1808   0.283234
1809   0.291208
1810   0.299018
1811   0.306594
1812   0.313827
1813   0.320616
1814   0.326798
1815   0.332241
1816   0.336743
1817   0.340158
1818   0.342296
1819   0.343036
1820   0.34227
1821   0.339945
1822   0.33607
1823   0.330656
1824   0.323811
1825   0.31558
1826   0.306129
1827   0.29551
1828   0.283911
1829   0.271378
1830   0.258102
1831   0.244115
1832   0.229608
1833   0.214601
1834   0.199282
1835   0.183664
1836   0.167937
1837   0.15211
1838   0.136375
1839   0.120746
1840   0.105421
1841   0.0904182
1842   0.0759435
1843   0.0620259
1844   0.0488801
1845   0.036548
1846   0.0252527
1847   0.0150507
1848   0.00614472
