##### Y Mean #####
0   -0.00143493
1   -0.00622997
2   -0.0117362
3   -0.0176965
4   -0.0239313
5   -0.0301071
6   -0.0361157
7   -0.0417402
8   -0.0469579
9   -0.0516489
10   -0.0558401
11   -0.0594711
12   -0.0625915
13   -0.0651755
14   -0.0672806
15   -0.0689009
16   -0.0700949
17   -0.0708685
18   -0.0712773
19   -0.0713339
20   -0.0710891
21   -0.0705588
22   -0.0697882
23   -0.0687943
24   -0.067616
25   -0.0662701
26   -0.0647895
27   -0.0631895
28   -0.0614972
29   -0.0597263
30   -0.0578987
31   -0.056026
32   -0.0541254
33   -0.0522068
34   -0.0502833
35   -0.0483629
36   -0.0464556
37   -0.0445677
38   -0.0427066
39   -0.0408772
40   -0.0390848
41   -0.0373333
42   -0.0356263
43   0.00242689
44   -0.00258026
45   -0.00871369
46   -0.0151475
47   -0.0223203
48   -0.0289881
49   -0.0358549
50   -0.0418784
51   -0.0477743
52   -0.0527507
53   -0.0574454
54   -0.0612609
55   -0.0647388
56   -0.0674249
57   -0.0697702
58   -0.0714275
59   -0.0727693
60   -0.0735301
61   -0.0740151
62   -0.0740222
63   -0.0737998
64   -0.0731946
65   -0.0724071
66   -0.0713222
67   -0.0700995
68   -0.068654
69   -0.0671106
70   -0.0654079
71   -0.0636417
72   -0.0617689
73   -0.0598614
74   -0.0578901
75   -0.0559073
76   -0.053895
77   -0.0518894
78   -0.0498809
79   -0.0478933
80   -0.0459231
81   -0.0439847
82   -0.0420786
83   -0.0402128
84   -0.03839
85   -0.0366145
86   0.00711015
87   0.00222669
88   -0.00422988
89   -0.0112653
90   -0.0190137
91   -0.0266044
92   -0.0340302
93   -0.0408878
94   -0.0472314
95   -0.0528693
96   -0.0578932
97   -0.0622063
98   -0.0659103
99   -0.0689559
100   -0.0714421
101   -0.0733466
102   -0.0747612
103   -0.0756798
104   -0.0761851
105   -0.0762808
106   -0.0760396
107   -0.0754709
108   -0.0746372
109   -0.0735509
110   -0.0722641
111   -0.0707904
112   -0.0691724
113   -0.0674233
114   -0.0655774
115   -0.0636467
116   -0.061658
117   -0.059622
118   -0.0575589
119   -0.0554782
120   -0.0533946
121   -0.0513162
122   -0.0492535
123   -0.0472134
124   -0.0452028
125   -0.0432279
126   -0.041293
127   -0.0394035
128   -0.0375622
129   0.0124981
130   0.00754062
131   0.000920793
132   -0.00655894
133   -0.0150393
134   -0.023196
135   -0.0314843
136   -0.0388644
137   -0.0459649
138   -0.0520271
139   -0.0576583
140   -0.0622937
141   -0.0664629
142   -0.069738
143   -0.072566
144   -0.0746207
145   -0.0762743
146   -0.0772784
147   -0.0779401
148   -0.0780709
149   -0.0779219
150   -0.077351
151   -0.0765612
152   -0.0754463
153   -0.0741681
154   -0.0726485
155   -0.0710141
156   -0.0692085
157   -0.0673289
158   -0.0653359
159   -0.063302
160   -0.061201
161   -0.0590853
162   -0.0569388
163   -0.0547978
164   -0.052654
165   -0.0505309
166   -0.048426
167   -0.0463535
168   -0.0443145
169   -0.0423172
170   -0.0403648
171   -0.0384619
172   0.0185714
173   0.0140361
174   0.00715453
175   -0.000630126
176   -0.00967623
177   -0.0186305
178   -0.0274887
179   -0.0357059
180   -0.0433186
181   -0.0501177
182   -0.0561775
183   -0.0614168
184   -0.0659233
185   -0.0696706
186   -0.0727484
187   -0.0751576
188   -0.076984
189   -0.0782432
190   -0.0790141
191   -0.0793198
192   -0.0792304
193   -0.0787718
194   -0.0780045
195   -0.0769546
196   -0.0756725
197   -0.0741828
198   -0.0725264
199   -0.0707254
200   -0.0688118
201   -0.0668053
202   -0.0647297
203   -0.062602
204   -0.0604396
205   -0.058257
206   -0.0560658
207   -0.0538787
208   -0.0517028
209   -0.0495491
210   -0.0474214
211   -0.0453295
212   -0.0432751
213   -0.041267
214   -0.039306
215   0.025146
216   0.0206592
217   0.0137867
218   0.0056075
219   -0.00393178
220   -0.0133458
221   -0.022934
222   -0.0316479
223   -0.0400041
224   -0.0472787
225   -0.0540057
226   -0.0596583
227   -0.0647219
228   -0.0688024
229   -0.072322
230   -0.0749833
231   -0.0771457
232   -0.0785848
233   -0.0796015
234   -0.0800275
235   -0.0801109
236   -0.0797261
237   -0.0790747
238   -0.0780638
239   -0.0768543
240   -0.0753787
241   -0.0737626
242   -0.0719579
243   -0.0700609
244   -0.0680381
245   -0.0659613
246   -0.0638085
247   -0.0616313
248   -0.0594167
249   -0.0572001
250   -0.0549753
251   -0.0527651
252   -0.0505686
253   -0.0483994
254   -0.04626
255   -0.0441581
256   -0.0420986
257   -0.0400864
258   0.0321584
259   0.0285182
260   0.0213404
261   0.0129252
262   0.00295661
263   -0.00711463
264   -0.0171525
265   -0.0266245
266   -0.035467
267   -0.0434847
268   -0.0506823
269   -0.056998
270   -0.0624742
271   -0.0671098
272   -0.0709657
273   -0.0740707
274   -0.0764925
275   -0.0782738
276   -0.0794817
277   -0.080164
278   -0.0803825
279   -0.0801848
280   -0.0796247
281   -0.0787468
282   -0.0775957
283   -0.0762115
284   -0.0746294
285   -0.0728846
286   -0.0710034
287   -0.0690162
288   -0.0669415
289   -0.0648053
290   -0.0626193
291   -0.0604057
292   -0.058171
293   -0.0559342
294   -0.0536974
295   -0.0514775
296   -0.0492735
297   -0.0471009
298   -0.0449568
299   -0.0428561
300   -0.0407958
301   0.0392465
302   0.0357549
303   0.0289523
304   0.0203384
305   0.010072
306   -0.00029862
307   -0.0109329
308   -0.020833
309   -0.0303698
310   -0.0388691
311   -0.0467511
312   -0.0535296
313   -0.0596176
314   -0.0646563
315   -0.0690256
316   -0.0724598
317   -0.0752941
318   -0.0773323
319   -0.0788618
320   -0.0797381
321   -0.0802017
322   -0.0801469
323   -0.0797704
324   -0.0789957
325   -0.07798
326   -0.0766686
327   -0.0751846
328   -0.0734894
329   -0.0716771
330   -0.0697217
331   -0.0676927
332   -0.0655736
333   -0.0634141
334   -0.0612051
335   -0.0589805
336   -0.0567367
337   -0.0544954
338   -0.0522576
339   -0.0500361
340   -0.0478351
341   -0.0456619
342   -0.0435235
343   -0.0414257
344   0.046252
345   0.0442528
346   0.0372761
347   0.0286154
348   0.0182523
349   0.00727244
350   -0.00367141
351   -0.0142683
352   -0.0242475
353   -0.0334712
354   -0.0418322
355   -0.0492953
356   -0.0558342
357   -0.0614748
358   -0.0662342
359   -0.0701717
360   -0.0733262
361   -0.0757715
362   -0.077555
363   -0.0787535
364   -0.0794143
365   -0.0796111
366   -0.0793861
367   -0.0788061
368   -0.0779058
369   -0.0767442
370   -0.0753474
371   -0.0737664
372   -0.0720191
373   -0.070149
374   -0.0681666
375   -0.0661088
376   -0.0639799
377   -0.0618116
378   -0.0596027
379   -0.057381
380   -0.0551413
381   -0.0529086
382   -0.0506749
383   -0.0484635
384   -0.0462653
385   -0.0441033
386   -0.0419695
387   0.0525286
388   0.0504796
389   0.0452223
390   0.0370877
391   0.026674
392   0.0154684
393   0.00395307
394   -0.00704619
395   -0.0176862
396   -0.0273849
397   -0.036424
398   -0.044366
399   -0.0515367
400   -0.0576138
401   -0.0629247
402   -0.0672361
403   -0.0708521
404   -0.0736056
405   -0.0757652
406   -0.0772124
407   -0.0781753
408   -0.0785706
409   -0.0785864
410   -0.0781645
411   -0.0774558
412   -0.0764201
413   -0.0751753
414   -0.0736943
415   -0.0720666
416   -0.0702749
417   -0.068385
418   -0.0663868
419   -0.0643267
420   -0.0622004
421   -0.0600389
422   -0.0578424
423   -0.0556304
424   -0.0534064
425   -0.0511817
426   -0.0489631
427   -0.046757
428   -0.0445734
429   -0.0424185
430   0.0583111
431   0.0573075
432   0.0527616
433   0.0460807
434   0.0355052
435   0.0239224
436   0.0122183
437   0.000649931
438   -0.010375
439   -0.0207398
440   -0.0302356
441   -0.0388444
442   -0.0464669
443   -0.0531547
444   -0.058874
445   -0.0637154
446   -0.0676822
447   -0.0708811
448   -0.0733338
449   -0.0751486
450   -0.0763532
451   -0.0770496
452   -0.0772642
453   -0.0770885
454   -0.0765435
455   -0.0757092
456   -0.0745994
457   -0.0732828
458   -0.071766
459   -0.0701075
460   -0.068307
461   -0.0664146
462   -0.0644241
463   -0.0623786
464   -0.0602675
465   -0.0581286
466   -0.0559477
467   -0.0537591
468   -0.0515467
469   -0.0493428
470   -0.0471309
471   -0.0449437
472   -0.0427671
473   0.0634861
474   0.0628254
475   0.0597392
476   0.05361
477   0.0439717
478   0.0325932
479   0.0205866
480   0.00876476
481   -0.00280785
482   -0.0135832
483   -0.0237044
484   -0.0327623
485   -0.0409966
486   -0.0481138
487   -0.0543873
488   -0.0596129
489   -0.0640605
490   -0.0675912
491   -0.0704509
492   -0.0725473
493   -0.074093
494   -0.0750273
495   -0.075527
496   -0.0755527
497   -0.0752463
498   -0.074583
499   -0.0736731
500   -0.0725016
501   -0.0711518
502   -0.0696151
503   -0.0679524
504   -0.0661602
505   -0.0642806
506   -0.0623141
507   -0.0602885
508   -0.0582074
509   -0.0560876
510   -0.0539356
511   -0.0517607
512   -0.0495723
513   -0.047376
514   -0.045185
515   -0.0430065
516   0.0681734
517   0.0683399
518   0.0662554
519   0.0619672
520   0.0523565
521   0.0411228
522   0.0292003
523   0.0170594
524   0.0052264
525   -0.00609767
526   -0.0166052
527   -0.0262679
528   -0.0349132
529   -0.0426122
530   -0.0492765
531   -0.055027
532   -0.0598262
533   -0.0638143
534   -0.0669822
535   -0.0694709
536   -0.071284
537   -0.0725531
538   -0.0732848
539   -0.0735966
540   -0.0734922
541   -0.0730738
542   -0.0723398
543   -0.0713777
544   -0.0701799
545   -0.0688211
546   -0.0672879
547   -0.0656443
548   -0.0638719
549   -0.0620262
550   -0.0600851
551   -0.0580976
552   -0.056039
553   -0.0539541
554   -0.0518169
555   -0.0496703
556   -0.0474889
557   -0.0453167
558   -0.0431326
559   0.072309
560   0.0730427
561   0.0720774
562   0.0682063
563   0.0601695
564   0.0495764
565   0.0377209
566   0.0255439
567   0.0133379
568   0.00172515
569   -0.009307
570   -0.0193413
571   -0.0285391
572   -0.0366219
573   -0.0438107
574   -0.0499243
575   -0.0551963
576   -0.059514
577   -0.0630977
578   -0.0658804
579   -0.068056
580   -0.0695867
581   -0.0706343
582   -0.071179
583   -0.0713506
584   -0.0711397
585   -0.0706468
586   -0.0698689
587   -0.0688808
588   -0.0676834
589   -0.0663304
590   -0.0648253
591   -0.0632046
592   -0.0614737
593   -0.059656
594   -0.0577587
595   -0.0557953
596   -0.0537752
597   -0.0517055
598   -0.0495982
599   -0.047458
600   -0.0453013
601   -0.0431367
602   0.0758897
603   0.077271
604   0.0773462
605   0.0754237
606   0.0677396
607   0.0578549
608   0.0463122
609   0.0340414
610   0.0217183
611   0.00969576
612   -0.00161124
613   -0.0121567
614   -0.0216889
615   -0.0302958
616   -0.037828
617   -0.0444356
618   -0.0500349
619   -0.0547998
620   -0.0586857
621   -0.0618668
622   -0.0643187
623   -0.0662032
624   -0.0675034
625   -0.0683627
626   -0.0687649
627   -0.068834
628   -0.0685507
629   -0.0680211
630   -0.0672214
631   -0.0662424
632   -0.0650557
633   -0.0637395
634   -0.0622615
635   -0.06069
636   -0.05899
637   -0.0572222
638   -0.05535
639   -0.0534294
640   -0.0514234
641   -0.0493863
642   -0.0472828
643   -0.0451693
644   -0.0430168
645   0.0788806
646   0.0808617
647   0.0817461
648   0.0802093
649   0.0747073
650   0.0658818
651   0.0547196
652   0.042577
653   0.0300438
654   0.0178823
655   0.00617551
656   -0.004633
657   -0.0146349
658   -0.0235541
659   -0.0315592
660   -0.0384857
661   -0.0445295
662   -0.0496011
663   -0.0538933
664   -0.0573638
665   -0.0601844
666   -0.0623404
667   -0.0639752
668   -0.0650886
669   -0.0657947
670   -0.0661001
671   -0.066092
672   -0.0657798
673   -0.0652274
674   -0.064445
675   -0.0634775
676   -0.0623351
677   -0.0610473
678   -0.0596246
679   -0.0580847
680   -0.0564387
681   -0.0546957
682   -0.0528682
683   -0.0509603
684   -0.048987
685   -0.0469516
686   -0.0448743
687   -0.0427647
688   0.0812415
689   0.0836814
690   0.0854556
691   0.0856395
692   0.0811485
693   0.0740234
694   0.0631616
695   0.051004
696   0.0385288
697   0.0260911
698   0.0142481
699   0.00303081
700   -0.00721058
701   -0.0165832
702   -0.0248665
703   -0.0322399
704   -0.0385685
705   -0.0440604
706   -0.0486326
707   -0.0524925
708   -0.055585
709   -0.0581011
710   -0.0599982
711   -0.0614445
712   -0.0624015
713   -0.0630139
714   -0.0632426
715   -0.0632114
716   -0.0628787
717   -0.0623504
718   -0.0615821
719   -0.0606654
720   -0.0595534
721   -0.0583264
722   -0.0569358
723   -0.055454
724   -0.0538314
725   -0.0521355
726   -0.0503176
727   -0.0484436
728   -0.0464677
729   -0.0444591
730   -0.0423806
731   0.0829854
732   0.0859395
733   0.0882571
734   0.0889916
735   0.0869276
736   0.08103
737   0.0711662
738   0.0593921
739   0.0468754
740   0.0344681
741   0.0223473
742   0.0109787
743   0.00035187
744   -0.00925268
745   -0.0179471
746   -0.0255811
747   -0.0323116
748   -0.038073
749   -0.0430279
750   -0.0471596
751   -0.0506146
752   -0.0534016
753   -0.0556418
754   -0.0573546
755   -0.0586351
756   -0.0595053
757   -0.0600364
758   -0.0602499
759   -0.0601964
760   -0.0598953
761   -0.0593806
762   -0.0586694
763   -0.0577828
764   -0.056736
765   -0.0555402
766   -0.0542099
767   -0.0527496
768   -0.0511744
769   -0.0494852
770   -0.0476996
771   -0.0458193
772   -0.0438683
773   -0.0418573
774   0.0840779
775   0.0873675
776   0.0903435
777   0.0921719
778   0.0918108
779   0.0887506
780   0.0790437
781   0.0674351
782   0.0552685
783   0.0427512
784   0.0306362
785   0.0189578
786   0.0081866
787   -0.00179636
788   -0.010694
789   -0.0187167
790   -0.0256769
791   -0.0318187
792   -0.0370195
793   -0.0415196
794   -0.045232
795   -0.0483751
796   -0.050879
797   -0.0529342
798   -0.0544786
799   -0.0556751
800   -0.056464
801   -0.0569843
802   -0.0571762
803   -0.0571591
804   -0.0568721
805   -0.0564187
806   -0.0557372
807   -0.054919
808   -0.0539015
809   -0.0527679
810   -0.0514557
811   -0.0500432
812   -0.0484695
813   -0.0468119
814   -0.0450141
815   -0.043158
816   -0.0411979
817   0.0845433
818   0.0882173
819   0.0917507
820   0.0945393
821   0.0958362
822   0.093564
823   0.0860519
824   0.0754064
825   0.0634692
826   0.05116
827   0.038881
828   0.0271561
829   0.0160843
830   0.00595735
831   -0.00327944
832   -0.0114924
833   -0.0187994
834   -0.0251621
835   -0.0307104
836   -0.0354557
837   -0.0395146
838   -0.0429202
839   -0.045767
840   -0.0480941
841   -0.0499734
842   -0.0514427
843   -0.0525535
844   -0.0533396
845   -0.0538358
846   -0.0540707
847   -0.0540656
848   -0.0538447
849   -0.0534188
850   -0.0528083
851   -0.0520166
852   -0.0510619
853   -0.0499426
854   -0.0486766
855   -0.047261
856   -0.0457159
857   -0.044041
858   -0.0422639
859   -0.0403963
860   0.0844017
861   0.0882171
862   0.0923988
863   0.0960055
864   0.0989275
865   0.099539
866   0.0925156
867   0.0828172
868   0.0715045
869   0.0593139
870   0.0471624
871   0.0352417
872   0.0241306
873   0.0137149
874   0.00436448
875   -0.00416515
876   -0.0116347
877   -0.0183262
878   -0.0240775
879   -0.0291604
880   -0.0334554
881   -0.037204
882   -0.0403096
883   -0.0429799
884   -0.0451297
885   -0.0469357
886   -0.0483185
887   -0.0494288
888   -0.0501896
889   -0.0507306
890   -0.0509757
891   -0.051038
892   -0.0508415
893   -0.0504871
894   -0.0498988
895   -0.0491692
896   -0.048223
897   -0.0471482
898   -0.0458721
899   -0.0444824
900   -0.0429123
901   -0.0412557
902   -0.039459
903   0.0837492
904   0.0878928
905   0.0924173
906   0.0969097
907   0.100849
908   0.101975
909   0.0980195
910   0.0898569
911   0.0791867
912   0.0674019
913   0.0552463
914   0.043425
915   0.03213
916   0.0216848
917   0.0120869
918   0.00345237
919   -0.00429558
920   -0.011151
921   -0.0172048
922   -0.0225004
923   -0.0271172
924   -0.0311148
925   -0.034554
926   -0.0374955
927   -0.039982
928   -0.0420686
929   -0.0437832
930   -0.0451727
931   -0.0462532
932   -0.0470635
933   -0.0476103
934   -0.0479251
935   -0.0480073
936   -0.0478825
937   -0.0475454
938   -0.0470175
939   -0.0462908
940   -0.0453855
941   -0.0442941
942   -0.0430392
943   -0.0416179
944   -0.0400612
945   -0.0383815
946   0.0825833
947   0.0866782
948   0.0916586
949   0.0965334
950   0.101666
951   0.105208
952   0.102504
953   0.0965631
954   0.0865705
955   0.0750543
956   0.0632108
957   0.0513292
958   0.0401411
959   0.0295147
960   0.019913
961   0.011047
962   0.0032137
963   -0.00390875
964   -0.0101177
965   -0.0157111
966   -0.0205381
967   -0.0248563
968   -0.0285438
969   -0.0318183
970   -0.0345746
971   -0.0369968
972   -0.038989
973   -0.0407083
974   -0.0420637
975   -0.0431913
976   -0.044002
977   -0.0446158
978   -0.0449442
979   -0.0450951
980   -0.0449805
981   -0.0447002
982   -0.044167
983   -0.0434772
984   -0.0425463
985   -0.0414715
986   -0.0401755
987   -0.0387635
988   -0.0371737
989   0.0810216
990   0.0853305
991   0.0903392
992   0.0957464
993   0.101183
994   0.10517
995   0.105952
996   0.101805
997   0.093216
998   0.0824394
999   0.0708017
1000   0.0592163
1001   0.0479795
1002   0.0374556
1003   0.0277107
1004   0.0188333
1005   0.0108002
1006   0.00357418
1007   -0.00288343
1008   -0.00865442
1009   -0.013769
1010   -0.0183174
1011   -0.0223179
1012   -0.0258548
1013   -0.0289366
1014   -0.031637
1015   -0.0339569
1016   -0.0359578
1017   -0.0376349
1018   -0.0390383
1019   -0.0401583
1020   -0.0410348
1021   -0.0416545
1022   -0.0420488
1023   -0.0422022
1024   -0.0421401
1025   -0.0418467
1026   -0.0413448
1027   -0.0406211
1028   -0.0397002
1029   -0.0385762
1030   -0.0372829
1031   -0.0358331
1032   0.0790459
1033   0.0831485
1034   0.0883454
1035   0.0937719
1036   0.0997116
1037   0.104689
1038   0.107496
1039   0.107312
1040   0.0993258
1041   0.0890884
1042   0.0781059
1043   0.0666169
1044   0.0556553
1045   0.0450652
1046   0.0354372
1047   0.0264251
1048   0.0183882
1049   0.0109676
1050   0.00440517
1051   -0.00161251
1052   -0.00690705
1053   -0.0117399
1054   -0.0159694
1055   -0.0198136
1056   -0.0231527
1057   -0.0261709
1058   -0.0287608
1059   -0.0310807
1060   -0.0330298
1061   -0.0347462
1062   -0.0361319
1063   -0.0373096
1064   -0.0381818
1065   -0.0388602
1066   -0.0392467
1067   -0.0394459
1068   -0.0393603
1069   -0.0390915
1070   -0.0385448
1071   -0.0378245
1072   -0.0368432
1073   -0.0357161
1074   -0.0343734
1075   0.0767781
1076   0.0809182
1077   0.0858807
1078   0.0914475
1079   0.0974549
1080   0.103112
1081   0.107685
1082   0.108545
1083   0.103987
1084   0.0953061
1085   0.0848469
1086   0.0738462
1087   0.0629722
1088   0.0526241
1089   0.0429736
1090   0.0340478
1091   0.0259035
1092   0.0184408
1093   0.0116963
1094   0.00554062
1095   8.26038e-06
1096   -0.0050261
1097   -0.00952953
1098   -0.0136133
1099   -0.0172468
1100   -0.0205248
1101   -0.0234184
1102   -0.0260061
1103   -0.0282601
1104   -0.0302437
1105   -0.0319294
1106   -0.0333667
1107   -0.0345285
1108   -0.0354527
1109   -0.0361126
1110   -0.0365378
1111   -0.0367035
1112   -0.0366346
1113   -0.0363113
1114   -0.0357594
1115   -0.0349692
1116   -0.0339765
1117   -0.0327939
1118   0.0742357
1119   0.078022
1120   0.0829409
1121   0.088205
1122   0.0943676
1123   0.1002
1124   0.106137
1125   0.110224
1126   0.106958
1127   0.100452
1128   0.0908499
1129   0.0801844
1130   0.0697974
1131   0.0595484
1132   0.0501584
1133   0.0412238
1134   0.0331635
1135   0.0256002
1136   0.0188069
1137   0.0124775
1138   0.0068073
1139   0.00154877
1140   -0.00314796
1141   -0.00748804
1142   -0.0113474
1143   -0.0149007
1144   -0.0180379
1145   -0.0209107
1146   -0.023416
1147   -0.0256878
1148   -0.0276248
1149   -0.029348
1150   -0.0307548
1151   -0.0319567
1152   -0.0328491
1153   -0.0335377
1154   -0.0339166
1155   -0.0340901
1156   -0.033954
1157   -0.0336171
1158   -0.0329828
1159   -0.0321735
1160   -0.0311121
1161   0.0715684
1162   0.0752895
1163   0.0798111
1164   0.0850086
1165   0.0908572
1166   0.0969689
1167   0.102971
1168   0.107367
1169   0.108378
1170   0.103836
1171   0.0956723
1172   0.0859503
1173   0.0759344
1174   0.0661383
1175   0.0569012
1176   0.0481655
1177   0.0401212
1178   0.0325863
1179   0.025706
1180   0.0192944
1181   0.0134666
1182   0.00805727
1183   0.00315687
1184   -0.00137592
1185   -0.00546877
1186   -0.00923998
1187   -0.0126296
1188   -0.0157349
1189   -0.0185041
1190   -0.0210152
1191   -0.0232217
1192   -0.0251847
1193   -0.0268613
1194   -0.0282977
1195   -0.0294543
1196   -0.0303653
1197   -0.0309959
1198   -0.0313726
1199   -0.0314679
1200   -0.031308
1201   -0.030878
1202   -0.0302147
1203   -0.0293294
1204   0.0687917
1205   0.0721242
1206   0.0764731
1207   0.0812103
1208   0.0868891
1209   0.0926002
1210   0.098724
1211   0.103743
1212   0.106446
1213   0.106405
1214   0.0993087
1215   0.0902874
1216   0.0811436
1217   0.071669
1218   0.0628707
1219   0.0543047
1220   0.0464495
1221   0.0389544
1222   0.0321042
1223   0.0256361
1224   0.0197412
1225   0.0142089
1226   0.00918092
1227   0.00447934
1228   0.000219852
1229   -0.00375228
1230   -0.00733405
1231   -0.0106629
1232   -0.0136405
1233   -0.016391
1234   -0.0188154
1235   -0.0210277
1236   -0.0229256
1237   -0.0246155
1238   -0.0259904
1239   -0.0271528
1240   -0.0279912
1241   -0.0286089
1242   -0.0288936
1243   -0.0289555
1244   -0.0286887
1245   -0.0282207
1246   -0.0274668
1247   0.0660259
1248   0.0692428
1249   0.0731376
1250   0.077639
1251   0.082745
1252   0.088218
1253   0.0938043
1254   0.0989288
1255   0.102804
1256   0.103712
1257   0.100942
1258   0.0935899
1259   0.0852519
1260   0.0764347
1261   0.0680373
1262   0.0598054
1263   0.0521554
1264   0.0447951
1265   0.0380122
1266   0.0315603
1267   0.0256407
1268   0.020049
1269   0.0149318
1270   0.0101195
1271   0.00572424
1272   0.00160551
1273   -0.0021466
1274   -0.00564754
1275   -0.00882145
1276   -0.0117618
1277   -0.0144021
1278   -0.0168158
1279   -0.0189435
1280   -0.0208406
1281   -0.0224532
1282   -0.0238216
1283   -0.0248983
1284   -0.0257125
1285   -0.0262266
1286   -0.0264665
1287   -0.0264103
1288   -0.0260944
1289   -0.0255275
1290   0.06327
1291   0.0661311
1292   0.0697888
1293   0.0737781
1294   0.0785152
1295   0.0833419
1296   0.0885663
1297   0.0932262
1298   0.0975397
1299   0.100193
1300   0.0986482
1301   0.0946578
1302   0.0874509
1303   0.0794512
1304   0.071771
1305   0.0640465
1306   0.0567482
1307   0.049668
1308   0.0430522
1309   0.0367336
1310   0.030869
1311   0.0253095
1312   0.0201713
1313   0.0153187
1314   0.0108485
1315   0.00663568
1316   0.00276928
1317   -0.00086645
1318   -0.00418379
1319   -0.00729059
1320   -0.0100959
1321   -0.0127011
1322   -0.015009
1323   -0.0171167
1324   -0.0189185
1325   -0.0205099
1326   -0.0217771
1327   -0.0228181
1328   -0.0235144
1329   -0.0239737
1330   -0.0240814
1331   -0.0239662
1332   -0.0235356
1333   0.0606026
1334   0.0633323
1335   0.0665669
1336   0.070261
1337   0.0743933
1338   0.0788266
1339   0.0833372
1340   0.0877567
1341   0.0915071
1342   0.0943335
1343   0.0948567
1344   0.0923283
1345   0.0878077
1346   0.0810262
1347   0.0742874
1348   0.0671386
1349   0.0603727
1350   0.0536289
1351   0.0473274
1352   0.0411958
1353   0.0355012
1354   0.0300244
1355   0.0249545
1356   0.0201091
1357   0.0156328
1358   0.0113718
1359   0.00744314
1360   0.00371758
1361   0.00029423
1362   -0.00293408
1363   -0.00588061
1364   -0.00863176
1365   -0.0111099
1366   -0.0133816
1367   -0.0153769
1368   -0.0171439
1369   -0.0186207
1370   -0.0198403
1371   -0.0207522
1372   -0.021382
1373   -0.0216982
1374   -0.0217348
1375   -0.0214962
1376   0.0580082
1377   0.0604515
1378   0.0634499
1379   0.0667
1380   0.0704554
1381   0.0743098
1382   0.0784037
1383   0.0822416
1384   0.085762
1385   0.0883684
1386   0.0894468
1387   0.0887968
1388   0.0853225
1389   0.0804951
1390   0.0747432
1391   0.068664
1392   0.0625105
1393   0.0563959
1394   0.0504746
1395   0.0447241
1396   0.0392554
1397   0.0340007
1398   0.0290486
1399   0.0243154
1400   0.0198786
1401   0.0156498
1402   0.0117026
1403   0.00794865
1404   0.00446265
1405   0.00115797
1406   -0.00188564
1407   -0.00475282
1408   -0.00735546
1409   -0.00977693
1410   -0.0119181
1411   -0.013863
1412   -0.0155002
1413   -0.0169179
1414   -0.0179947
1415   -0.0188307
1416   -0.0193037
1417   -0.0195391
1418   -0.0194359
1419   0.0555252
1420   0.0578395
1421   0.0604946
1422   0.0634648
1423   0.0667188
1424   0.0701852
1425   0.0736749
1426   0.0771245
1427   0.0800872
1428   0.0825452
1429   0.0836769
1430   0.0837073
1431   0.0818174
1432   0.078312
1433   0.0739449
1434   0.0688284
1435   0.0635788
1436   0.0580844
1437   0.0527474
1438   0.0473929
1439   0.0423006
1440   0.0372907
1441   0.0325724
1442   0.0279773
1443   0.0236718
1444   0.0195033
1445   0.0156108
1446   0.011859
1447   0.00836802
1448   0.00502055
1449   0.00192327
1450   -0.0010226
1451   -0.00372076
1452   -0.00625047
1453   -0.00852437
1454   -0.0106014
1455   -0.0124034
1456   -0.0139698
1457   -0.0152349
1458   -0.0162246
1459   -0.0168944
1460   -0.0172744
1461   -0.0173612
1462   0.0531323
1463   0.0552285
1464   0.0576748
1465   0.0602968
1466   0.0632253
1467   0.0662333
1468   0.06935
1469   0.0723222
1470   0.0750173
1471   0.0772007
1472   0.0784941
1473   0.0788602
1474   0.0776753
1475   0.0753419
1476   0.071942
1477   0.0679113
1478   0.0634389
1479   0.0587416
1480   0.0539571
1481   0.049158
1482   0.0444422
1483   0.0398101
1484   0.0353377
1485   0.0309905
1486   0.0268341
1487   0.0228169
1488   0.0190007
1489   0.0153262
1490   0.0118558
1491   0.00852657
1492   0.00540582
1493   0.0024285
1494   -0.000329651
1495   -0.00293523
1496   -0.00530052
1497   -0.0074946
1498   -0.00941451
1499   -0.0111348
1500   -0.0125364
1501   -0.0137066
1502   -0.0145178
1503   -0.0150861
1504   -0.015301
1505   0.0508422
1506   0.0528156
1507   0.0549986
1508   0.0573785
1509   0.0599231
1510   0.0625993
1511   0.0652621
1512   0.0678939
1513   0.0701958
1514   0.0721898
1515   0.0734235
1516   0.0739722
1517   0.073406
1518   0.0718181
1519   0.0693709
1520   0.0661736
1521   0.0625662
1522   0.0585505
1523   0.0544367
1524   0.0501414
1525   0.0459177
1526   0.0416408
1527   0.0375186
1528   0.0334116
1529   0.029496
1530   0.0256313
1531   0.0219714
1532   0.0183822
1533   0.0150013
1534   0.0117052
1535   0.00861876
1536   0.00563204
1537   0.00285983
1538   0.000208432
1539   -0.00221655
1540   -0.00448916
1541   -0.00651337
1542   -0.00834072
1543   -0.00988766
1544   -0.0111845
1545   -0.0121693
1546   -0.0128673
1547   -0.0132628
1548   0.0486365
1549   0.0504429
1550   0.0524476
1551   0.0545622
1552   0.0568415
1553   0.0591695
1554   0.0615307
1555   0.0637994
1556   0.0658641
1557   0.0676137
1558   0.0688234
1559   0.0694449
1560   0.0692006
1561   0.068185
1562   0.066363
1563   0.063931
1564   0.0609835
1565   0.0576792
1566   0.0541251
1567   0.0504082
1568   0.0466172
1569   0.0427838
1570   0.0389793
1571   0.0352009
1572   0.0315089
1573   0.0278802
1574   0.0243696
1575   0.0209424
1576   0.0176523
1577   0.0144579
1578   0.0114152
1579   0.00847883
1580   0.00571074
1581   0.00306233
1582   0.000605758
1583   -0.00171114
1584   -0.0038009
1585   -0.00572145
1586   -0.00736482
1587   -0.00880099
1588   -0.00990219
1589   -0.0107682
1590   -0.011277
1591   0.0465169
1592   0.0482076
1593   0.0500126
1594   0.0519264
1595   0.0539201
1596   0.0559832
1597   0.0580117
1598   0.06001
1599   0.0617827
1600   0.0633555
1601   0.0644584
1602   0.0651289
1603   0.0651265
1604   0.0644913
1605   0.0632121
1606   0.0613414
1607   0.0590294
1608   0.0562893
1609   0.0533236
1610   0.050089
1611   0.0467888
1612   0.0433359
1613   0.0399202
1614   0.0364282
1615   0.0330345
1616   0.0296133
1617   0.0263257
1618   0.0230423
1619   0.0199132
1620   0.0168116
1621   0.0138779
1622   0.0109924
1623   0.00828695
1624   0.00565274
1625   0.00321365
1626   0.000876201
1627   -0.00124457
1628   -0.00322062
1629   -0.00494852
1630   -0.00647259
1631   -0.00770915
1632   -0.008681
1633   -0.00935242
1634   0.0444718
1635   0.046031
1636   0.0476862
1637   0.0493997
1638   0.051185
1639   0.0529889
1640   0.0547843
1641   0.0565101
1642   0.058088
1643   0.0594574
1644   0.0604904
1645   0.0611437
1646   0.0612824
1647   0.0609136
1648   0.0599935
1649   0.058589
1650   0.0567388
1651   0.0545236
1652   0.0520143
1653   0.0492716
1654   0.0463682
1655   0.0433369
1656   0.0402427
1657   0.0370953
1658   0.0339511
1659   0.0308037
1660   0.0277033
1661   0.0246329
1662   0.0216397
1663   0.0186995
1664   0.0158593
1665   0.0130906
1666   0.0104425
1667   0.00788357
1668   0.00546877
1669   0.00316341
1670   0.00103343
1671   -0.000960684
1672   -0.00273411
1673   -0.00433598
1674   -0.00565265
1675   -0.0067584
1676   -0.00752048
1677   0.0424994
1678   0.0439521
1679   0.0454558
1680   0.0470084
1681   0.0485851
1682   0.0501879
1683   0.0517425
1684   0.0532653
1685   0.0546247
1686   0.0558509
1687   0.056771
1688   0.0574182
1689   0.0576372
1690   0.0574556
1691   0.0568202
1692   0.0557539
1693   0.0543117
1694   0.0524941
1695   0.0504244
1696   0.0480668
1697   0.0455762
1698   0.0428814
1699   0.040148
1700   0.0372777
1701   0.0344367
1702   0.0315092
1703   0.0286577
1704   0.0257573
1705   0.0229651
1706   0.0201529
1707   0.0174723
1708   0.014796
1709   0.0122704
1710   0.00977292
1711   0.00744431
1712   0.00517053
1713   0.0030862
1714   0.00109149
1715   -0.000688126
1716   -0.00232769
1717   -0.00371833
1718   -0.00489515
1719   -0.00579075
1720   0.040594
1721   0.0419405
1722   0.0433219
1723   0.0447254
1724   0.0461454
1725   0.0475609
1726   0.0489447
1727   0.0502688
1728   0.0514802
1729   0.0525456
1730   0.053391
1731   0.0539837
1732   0.0542516
1733   0.0541781
1734   0.0537306
1735   0.0529206
1736   0.051763
1737   0.050287
1738   0.0485373
1739   0.0465442
1740   0.0443633
1741   0.0420159
1742   0.0395578
1743   0.0369987
1744   0.0343904
1745   0.0317323
1746   0.0290714
1747   0.0263997
1748   0.0237602
1749   0.0211398
1750   0.0185791
1751   0.0160617
1752   0.0136273
1753   0.0112579
1754   0.00899445
1755   0.00681748
1756   0.00477193
1757   0.00283664
1758   0.00106545
1759   -0.000567872
1760   -0.00198874
1761   -0.00324081
1762   -0.0041955
1763   0.0387531
1764   0.0400052
1765   0.0412718
1766   0.042552
1767   0.0438236
1768   0.0450952
1769   0.0463093
1770   0.0474904
1771   0.048541
1772   0.0494986
1773   0.050239
1774   0.0508013
1775   0.0510708
1776   0.051076
1777   0.0507582
1778   0.0501296
1779   0.0492058
1780   0.0479754
1781   0.0465174
1782   0.0447911
1783   0.042918
1784   0.040828
1785   0.0386663
1786   0.0363388
1787   0.0340018
1788   0.0315435
1789   0.0291237
1790   0.0266199
1791   0.0241914
1792   0.0217095
1793   0.0193313
1794   0.0169261
1795   0.0146483
1796   0.0123674
1797   0.0102354
1798   0.00812423
1799   0.00618395
1800   0.00429028
1801   0.00259165
1802   0.000970787
1803   -0.000429044
1804   -0.00170554
1805   -0.00274499
1806   0.0369744
1807   0.0381388
1808   0.0393094
1809   0.0404803
1810   0.0416417
1811   0.0427822
1812   0.0438812
1813   0.044921
1814   0.0458689
1815   0.0467009
1816   0.0473757
1817   0.0478666
1818   0.0481348
1819   0.0481597
1820   0.0479205
1821   0.0474117
1822   0.0466371
1823   0.0456057
1824   0.0443409
1825   0.0428599
1826   0.0411963
1827   0.039368
1828   0.0374116
1829   0.0353418
1830   0.0331938
1831   0.0309777
1832   0.0287256
1833   0.0264433
1834   0.0241596
1835   0.021877
1836   0.0196217
1837   0.017394
1838   0.0152182
1839   0.0130937
1840   0.0110438
1841   0.00906794
1842   0.00718945
1843   0.00540844
1844   0.00374904
1845   0.00221299
1846   0.000825635
1847   -0.000409122
1848   -0.00146801
