##### Y Mean #####
0   0.00321674
1   -0.028173
2   -0.064921
3   -0.1055
4   -0.149051
5   -0.193687
6   -0.238753
7   -0.282495
8   -0.32437
9   -0.362344
10   -0.396868
11   -0.427209
12   -0.453855
13   -0.476498
14   -0.495437
15   -0.510564
16   -0.522085
17   -0.530002
18   -0.534606
19   -0.536068
20   -0.534683
21   -0.530744
22   -0.524452
23   -0.51613
24   -0.505969
25   -0.494348
26   -0.481484
27   -0.467783
28   -0.453405
29   -0.438669
30   -0.423673
31   -0.408643
32   -0.393626
33   -0.37875
34   -0.364035
35   -0.349546
36   -0.335293
37   -0.321313
38   -0.307619
39   -0.294235
40   -0.281175
41   -0.268456
42   -0.256091
43   0.0324703
44   0.000545151
45   -0.0395675
46   -0.0822969
47   -0.131188
48   -0.178449
49   -0.229413
50   -0.275657
51   -0.324136
52   -0.36368
53   -0.403233
54   -0.435287
55   -0.465667
56   -0.490065
57   -0.511677
58   -0.528257
59   -0.541623
60   -0.550473
61   -0.55615
62   -0.558184
63   -0.557156
64   -0.553512
65   -0.546985
66   -0.538556
67   -0.527639
68   -0.515533
69   -0.501539
70   -0.487161
71   -0.471546
72   -0.456035
73   -0.439848
74   -0.424027
75   -0.407958
76   -0.39232
77   -0.376702
78   -0.361489
79   -0.346455
80   -0.331795
81   -0.317411
82   -0.303396
83   -0.289723
84   -0.276429
85   -0.26352
86   0.067132
87   0.0372505
88   -0.00387067
89   -0.049386
90   -0.100708
91   -0.152443
92   -0.205703
93   -0.256652
94   -0.307114
95   -0.353506
96   -0.39614
97   -0.434055
98   -0.467773
99   -0.496573
100   -0.521132
101   -0.540693
102   -0.556153
103   -0.567228
104   -0.574505
105   -0.578174
106   -0.578377
107   -0.575509
108   -0.569594
109   -0.561101
110   -0.550158
111   -0.537336
112   -0.522837
113   -0.507331
114   -0.49092
115   -0.474106
116   -0.456975
117   -0.439885
118   -0.422881
119   -0.406131
120   -0.389647
121   -0.373489
122   -0.357668
123   -0.342203
124   -0.327112
125   -0.312404
126   -0.298103
127   -0.284211
128   -0.270752
129   0.106008
130   0.0767867
131   0.0360982
132   -0.0107102
133   -0.0651836
134   -0.118991
135   -0.176105
136   -0.229285
137   -0.283282
138   -0.33287
139   -0.381425
140   -0.422383
141   -0.462437
142   -0.493607
143   -0.52407
144   -0.545476
145   -0.5653
146   -0.578511
147   -0.588803
148   -0.594771
149   -0.596937
150   -0.595747
151   -0.590708
152   -0.582955
153   -0.571976
154   -0.559155
155   -0.543872
156   -0.527893
157   -0.510282
158   -0.492594
159   -0.474093
160   -0.456003
161   -0.437743
162   -0.420028
163   -0.402474
164   -0.385434
165   -0.368708
166   -0.352456
167   -0.336597
168   -0.321198
169   -0.306242
170   -0.291751
171   -0.277734
172   0.148544
173   0.123654
174   0.0827575
175   0.0358305
176   -0.0203244
177   -0.0771267
178   -0.136277
179   -0.193035
180   -0.249489
181   -0.30262
182   -0.353215
183   -0.399131
184   -0.44121
185   -0.478274
186   -0.511211
187   -0.539392
188   -0.56292
189   -0.581921
190   -0.596368
191   -0.606259
192   -0.611898
193   -0.61286
194   -0.609932
195   -0.603136
196   -0.593077
197   -0.580497
198   -0.565364
199   -0.548628
200   -0.530388
201   -0.511333
202   -0.491765
203   -0.472198
204   -0.45285
205   -0.433836
206   -0.415289
207   -0.397168
208   -0.37957
209   -0.362426
210   -0.345812
211   -0.329672
212   -0.31407
213   -0.298962
214   -0.284401
215   0.19294
216   0.169219
217   0.130619
218   0.0829533
219   0.0259961
220   -0.0322981
221   -0.0937378
222   -0.152493
223   -0.211394
224   -0.26648
225   -0.319646
226   -0.368058
227   -0.413367
228   -0.453523
229   -0.490614
230   -0.522434
231   -0.552279
232   -0.574372
233   -0.596097
234   -0.607994
235   -0.620365
236   -0.622645
237   -0.624276
238   -0.618974
239   -0.61089
240   -0.59984
241   -0.585025
242   -0.568645
243   -0.549479
244   -0.52969
245   -0.508664
246   -0.488066
247   -0.467356
248   -0.447298
249   -0.427596
250   -0.408528
251   -0.389971
252   -0.372006
253   -0.354596
254   -0.337758
255   -0.321493
256   -0.305799
257   -0.290685
258   0.238664
259   0.221052
260   0.182098
261   0.1352
262   0.0772726
263   0.0172583
264   -0.0455623
265   -0.106811
266   -0.167494
267   -0.225049
268   -0.280126
269   -0.331153
270   -0.378605
271   -0.421654
272   -0.46093
273   -0.495856
274   -0.527335
275   -0.554135
276   -0.577243
277   -0.595621
278   -0.610124
279   -0.620378
280   -0.625894
281   -0.627396
282   -0.623741
283   -0.615763
284   -0.603453
285   -0.587051
286   -0.567885
287   -0.547035
288   -0.525151
289   -0.503057
290   -0.48134
291   -0.459941
292   -0.43929
293   -0.419143
294   -0.399759
295   -0.380927
296   -0.362809
297   -0.345262
298   -0.328397
299   -0.312115
300   -0.296499
301   0.283417
302   0.267151
303   0.23226
304   0.185606
305   0.12804
306   0.0674513
307   0.00331
308   -0.059208
309   -0.121762
310   -0.180804
311   -0.237943
312   -0.290596
313   -0.340274
314   -0.385084
315   -0.426568
316   -0.46328
317   -0.496609
318   -0.525721
319   -0.551248
320   -0.572884
321   -0.591329
322   -0.60575
323   -0.618421
324   -0.623545
325   -0.628774
326   -0.622606
327   -0.616589
328   -0.600775
329   -0.582636
330   -0.562083
331   -0.539302
332   -0.516677
333   -0.493777
334   -0.471495
335   -0.44982
336   -0.428854
337   -0.40863
338   -0.38909
339   -0.370272
340   -0.352123
341   -0.334668
342   -0.317877
343   -0.301758
344   0.326549
345   0.318688
346   0.284038
347   0.239285
348   0.182161
349   0.120188
350   0.0555422
351   -0.0088157
352   -0.0725158
353   -0.133555
354   -0.192063
355   -0.24673
356   -0.297858
357   -0.344654
358   -0.387608
359   -0.426229
360   -0.461201
361   -0.492209
362   -0.519707
363   -0.543606
364   -0.564218
365   -0.581435
366   -0.595817
367   -0.606178
368   -0.613183
369   -0.615657
370   -0.612962
371   -0.606081
372   -0.591787
373   -0.573311
374   -0.551416
375   -0.527702
376   -0.504325
377   -0.480983
378   -0.458741
379   -0.436999
380   -0.416229
381   -0.396061
382   -0.376739
383   -0.358055
384   -0.340143
385   -0.322879
386   -0.306353
387   0.364888
388   0.35725
389   0.332282
390   0.290961
391   0.235419
392   0.173349
393   0.107567
394   0.0423296
395   -0.0228768
396   -0.0850594
397   -0.145232
398   -0.201139
399   -0.253949
400   -0.302032
401   -0.346602
402   -0.386567
403   -0.423055
404   -0.455463
405   -0.484543
406   -0.509991
407   -0.532314
408   -0.551265
409   -0.567203
410   -0.580227
411   -0.58994
412   -0.596616
413   -0.600242
414   -0.597784
415   -0.593576
416   -0.576941
417   -0.558626
418   -0.535313
419   -0.511711
420   -0.488171
421   -0.465533
422   -0.44346
423   -0.42228
424   -0.401752
425   -0.382029
426   -0.362991
427   -0.344692
428   -0.327086
429   -0.310184
430   0.399768
431   0.397771
432   0.377124
433   0.344429
434   0.288698
435   0.226265
436   0.160624
437   0.0942561
438   0.028392
439   -0.0353263
440   -0.0964807
441   -0.154017
442   -0.207914
443   -0.257588
444   -0.30329
445   -0.344765
446   -0.382434
447   -0.416226
448   -0.446518
449   -0.473309
450   -0.496911
451   -0.517295
452   -0.534883
453   -0.549581
454   -0.561508
455   -0.570534
456   -0.57651
457   -0.578655
458   -0.577069
459   -0.570541
460   -0.55527
461   -0.536541
462   -0.5144
463   -0.49134
464   -0.46923
465   -0.447299
466   -0.426199
467   -0.40562
468   -0.385804
469   -0.366605
470   -0.348119
471   -0.330278
472   -0.313131
473   0.43076
474   0.430841
475   0.41776
476   0.387959
477   0.338226
478   0.277701
479   0.212136
480   0.145703
481   0.0789049
482   0.0144849
483   -0.047967
484   -0.106418
485   -0.161678
486   -0.212336
487   -0.259348
488   -0.301838
489   -0.340714
490   -0.37552
491   -0.406937
492   -0.434797
493   -0.459523
494   -0.48118
495   -0.499956
496   -0.516189
497   -0.529545
498   -0.540483
499   -0.548173
500   -0.553235
501   -0.554292
502   -0.552149
503   -0.544983
504   -0.529763
505   -0.512019
506   -0.490699
507   -0.469734
508   -0.448468
509   -0.427847
510   -0.407564
511   -0.38792
512   -0.3688
513   -0.350295
514   -0.332383
515   -0.315089
516   0.458487
517   0.463005
518   0.455103
519   0.43499
520   0.385758
521   0.327042
522   0.262886
523   0.196426
524   0.129611
525   0.0642051
526   0.00118276
527   -0.0585437
528   -0.114566
529   -0.166526
530   -0.214378
531   -0.258101
532   -0.297855
533   -0.333793
534   -0.366126
535   -0.39507
536   -0.420831
537   -0.443632
538   -0.463668
539   -0.481123
540   -0.49599
541   -0.508365
542   -0.518024
543   -0.525018
544   -0.528799
545   -0.529445
546   -0.52534
547   -0.516829
548   -0.501909
549   -0.484619
550   -0.465596
551   -0.446164
552   -0.426564
553   -0.407175
554   -0.388049
555   -0.369346
556   -0.351045
557   -0.333259
558   -0.315952
559   0.482631
560   0.490066
561   0.487886
562   0.469762
563   0.428939
564   0.37395
565   0.311385
566   0.245842
567   0.178801
568   0.113246
569   0.0493403
570   -0.0109144
571   -0.0680008
572   -0.120638
573   -0.169558
574   -0.214029
575   -0.254792
576   -0.291526
577   -0.32482
578   -0.354656
579   -0.381396
580   -0.405261
581   -0.426342
582   -0.445055
583   -0.461101
584   -0.47502
585   -0.486119
586   -0.495062
587   -0.500688
588   -0.50369
589   -0.502304
590   -0.497282
591   -0.487378
592   -0.473543
593   -0.457709
594   -0.44037
595   -0.422531
596   -0.404326
597   -0.386161
598   -0.368096
599   -0.350275
600   -0.332768
601   -0.315634
602   0.503252
603   0.514122
604   0.517137
605   0.508941
606   0.469776
607   0.41872
608   0.358567
609   0.293891
610   0.227418
611   0.161389
612   0.0973746
613   0.0362062
614   -0.0212819
615   -0.0749531
616   -0.124425
617   -0.169924
618   -0.211336
619   -0.249062
620   -0.283108
621   -0.313936
622   -0.34158
623   -0.3665
624   -0.388682
625   -0.408547
626   -0.425922
627   -0.441176
628   -0.453906
629   -0.464464
630   -0.472067
631   -0.477124
632   -0.478252
633   -0.476283
634   -0.469312
635   -0.459317
636   -0.446213
637   -0.431636
638   -0.415654
639   -0.399178
640   -0.382156
641   -0.36511
642   -0.34792
643   -0.330955
644   -0.314083
645   0.520184
646   0.534002
647   0.541265
648   0.534826
649   0.506441
650   0.460841
651   0.403466
652   0.340328
653   0.274162
654   0.20854
655   0.144059
656   0.0827989
657   0.0245443
658   -0.0294786
659   -0.0798048
660   -0.125804
661   -0.168077
662   -0.206423
663   -0.241341
664   -0.272934
665   -0.301503
666   -0.327365
667   -0.350566
668   -0.371564
669   -0.390097
670   -0.4067
671   -0.420793
672   -0.432924
673   -0.4422
674   -0.449084
675   -0.452488
676   -0.452745
677   -0.449089
678   -0.441979
679   -0.432077
680   -0.419962
681   -0.406342
682   -0.391598
683   -0.376135
684   -0.36019
685   -0.343951
686   -0.327601
687   -0.311249
688   0.533341
689   0.54949
690   0.561289
691   0.564017
692   0.539995
693   0.502154
694   0.447167
695   0.385118
696   0.320069
697   0.254381
698   0.190309
699   0.128471
700   0.0701932
701   0.0153809
702   -0.0352125
703   -0.0820612
704   -0.124769
705   -0.163987
706   -0.199504
707   -0.232017
708   -0.261372
709   -0.28824
710   -0.312426
711   -0.334544
712   -0.354262
713   -0.372135
714   -0.387614
715   -0.401216
716   -0.412081
717   -0.420752
718   -0.426019
719   -0.42862
720   -0.427244
721   -0.423121
722   -0.415707
723   -0.406343
724   -0.394811
725   -0.382163
726   -0.368206
727   -0.353701
728   -0.338426
729   -0.322981
730   -0.307149
731   0.542857
732   0.561504
733   0.575937
734   0.580847
735   0.569465
736   0.53825
737   0.488004
738   0.428211
739   0.36396
740   0.299314
741   0.235163
742   0.173659
743   0.114873
744   0.0600198
745   0.00876568
746   -0.0383407
747   -0.0817673
748   -0.121424
749   -0.157721
750   -0.190863
751   -0.221088
752   -0.248782
753   -0.273954
754   -0.297084
755   -0.317925
756   -0.33698
757   -0.353748
758   -0.368684
759   -0.381078
760   -0.391267
761   -0.398468
762   -0.402912
763   -0.404071
764   -0.402253
765   -0.397587
766   -0.390511
767   -0.381388
768   -0.37062
769   -0.358504
770   -0.345357
771   -0.331358
772   -0.316782
773   -0.301772
774   0.548619
775   0.568933
776   0.586507
777   0.597229
778   0.593968
779   0.576471
780   0.527462
781   0.468895
782   0.406907
783   0.342685
784   0.279487
785   0.217688
786   0.159224
787   0.103796
788   0.0525544
789   0.00477729
790   -0.0388599
791   -0.0792552
792   -0.11598
793   -0.149951
794   -0.180827
795   -0.209462
796   -0.235495
797   -0.259689
798   -0.281573
799   -0.301823
800   -0.319791
801   -0.336084
802   -0.349832
803   -0.36163
804   -0.370409
805   -0.376866
806   -0.379939
807   -0.380573
808   -0.378052
809   -0.373461
810   -0.366348
811   -0.357724
812   -0.347231
813   -0.335735
814   -0.322897
815   -0.309484
816   -0.295194
817   0.550778
818   0.572837
819   0.59306
820   0.608106
821   0.61384
822   0.60081
823   0.562066
824   0.508234
825   0.447934
826   0.38542
827   0.322446
828   0.261332
829   0.202574
830   0.147406
831   0.0957031
832   0.0479258
833   0.00373498
834   -0.0368995
835   -0.0742853
836   -0.108735
837   -0.140402
838   -0.169742
839   -0.196702
840   -0.221791
841   -0.244739
842   -0.266038
843   -0.28522
844   -0.3027
845   -0.317865
846   -0.331021
847   -0.341532
848   -0.34962
849   -0.354831
850   -0.357415
851   -0.357264
852   -0.354709
853   -0.34986
854   -0.343067
855   -0.334483
856   -0.324436
857   -0.313059
858   -0.300669
859   -0.287429
860   0.549514
861   0.5723
862   0.595533
863   0.614807
864   0.62868
865   0.630066
866   0.593597
867   0.544126
868   0.487343
869   0.426109
870   0.364524
871   0.303442
872   0.245357
873   0.189868
874   0.138491
875   0.0902588
876   0.0461088
877   0.00490268
878   -0.0327261
879   -0.0678852
880   -0.100063
881   -0.130256
882   -0.157956
883   -0.184033
884   -0.207904
885   -0.23032
886   -0.250572
887   -0.269322
888   -0.285707
889   -0.300355
890   -0.312288
891   -0.322185
892   -0.329081
893   -0.333791
894   -0.33552
895   -0.335196
896   -0.332198
897   -0.327471
898   -0.320496
899   -0.312174
900   -0.302042
901   -0.290977
902   -0.278593
903   0.545309
904   0.569525
905   0.594533
906   0.618148
907   0.637628
908   0.641804
909   0.619825
910   0.577782
911   0.524418
912   0.465695
913   0.404856
914   0.344964
915   0.28693
916   0.232101
917   0.180538
918   0.132611
919   0.0881187
920   0.0468905
921   0.00875063
922   -0.0267373
923   -0.0596013
924   -0.0903835
925   -0.118931
926   -0.1458
927   -0.170663
928   -0.194028
929   -0.215419
930   -0.235257
931   -0.252969
932   -0.268874
933   -0.282396
934   -0.293777
935   -0.302566
936   -0.308994
937   -0.312823
938   -0.314318
939   -0.313414
940   -0.310402
941   -0.305309
942   -0.298435
943   -0.289851
944   -0.279888
945   -0.268709
946   0.538257
947   0.562258
948   0.589453
949   0.615179
950   0.640866
951   0.657681
952   0.641193
953   0.6088
954   0.559379
955   0.502618
956   0.443808
957   0.384407
958   0.327576
959   0.272772
960   0.221932
961   0.173822
962   0.129653
963   0.0880548
964   0.0498609
965   0.0138091
966   -0.0194329
967   -0.0509565
968   -0.080135
969   -0.107896
970   -0.133577
971   -0.157971
972   -0.180331
973   -0.201351
974   -0.220184
975   -0.237475
976   -0.252303
977   -0.265332
978   -0.27564
979   -0.283967
980   -0.289476
981   -0.292991
982   -0.293782
983   -0.292723
984   -0.289172
985   -0.284023
986   -0.276707
987   -0.268158
988   -0.257918
989   0.528956
990   0.553884
991   0.58134
992   0.609793
993   0.637305
994   0.656142
995   0.6572
996   0.633938
997   0.59068
998   0.53765
999   0.480375
1000   0.422959
1001   0.366657
1002   0.313013
1003   0.262334
1004   0.214867
1005   0.17061
1006   0.129206
1007   0.0906793
1008   0.0544388
1009   0.0206421
1010   -0.0113641
1011   -0.0412795
1012   -0.0697354
1013   -0.0963057
1014   -0.121553
1015   -0.144952
1016   -0.166968
1017   -0.18702
1018   -0.20547
1019   -0.221748
1020   -0.23613
1021   -0.248138
1022   -0.258007
1023   -0.265403
1024   -0.270559
1025   -0.273282
1026   -0.273817
1027   -0.27208
1028   -0.268338
1029   -0.262595
1030   -0.255181
1031   -0.246244
1032   0.517378
1033   0.541326
1034   0.56967
1035   0.598361
1036   0.628577
1037   0.653141
1038   0.663752
1039   0.659116
1040   0.619247
1041   0.568885
1042   0.515096
1043   0.458702
1044   0.404274
1045   0.351036
1046   0.301528
1047   0.254198
1048   0.210553
1049   0.16902
1050   0.13062
1051   0.0939976
1052   0.0599523
1053   0.0273585
1054   -0.00307234
1055   -0.0322782
1056   -0.0595532
1057   -0.0856936
1058   -0.109949
1059   -0.133015
1060   -0.154075
1061   -0.173772
1062   -0.191231
1063   -0.207093
1064   -0.220468
1065   -0.232039
1066   -0.240945
1067   -0.247937
1068   -0.25221
1069   -0.254577
1070   -0.254296
1071   -0.252244
1072   -0.247755
1073   -0.241797
1074   -0.233843
1075   0.504116
1076   0.528144
1077   0.555418
1078   0.58483
1079   0.615421
1080   0.643072
1081   0.663737
1082   0.665103
1083   0.640785
1084   0.597792
1085   0.546766
1086   0.493118
1087   0.439679
1088   0.388115
1089   0.339179
1090   0.292831
1091   0.24941
1092   0.208273
1093   0.169769
1094   0.133097
1095   0.0986869
1096   0.065736
1097   0.0347448
1098   0.00497315
1099   -0.0230197
1100   -0.0498816
1101   -0.0750091
1102   -0.0989405
1103   -0.121054
1104   -0.141775
1105   -0.160504
1106   -0.177571
1107   -0.192446
1108   -0.205391
1109   -0.215986
1110   -0.224455
1111   -0.230501
1112   -0.234339
1113   -0.235786
1114   -0.235079
1115   -0.232155
1116   -0.227333
1117   -0.220739
1118   0.489288
1119   0.511614
1120   0.538605
1121   0.566639
1122   0.597983
1123   0.626829
1124   0.65461
1125   0.672613
1126   0.654551
1127   0.62117
1128   0.574642
1129   0.523007
1130   0.472276
1131   0.421727
1132   0.3745
1133   0.328738
1134   0.286232
1135   0.245299
1136   0.207114
1137   0.170335
1138   0.135841
1139   0.102553
1140   0.0712145
1141   0.0409319
1142   0.0124071
1143   -0.0151214
1144   -0.0409337
1145   -0.0657007
1146   -0.088654
1147   -0.110412
1148   -0.130154
1149   -0.148488
1150   -0.164554
1151   -0.178987
1152   -0.19092
1153   -0.201038
1154   -0.208488
1155   -0.214025
1156   -0.216833
1157   -0.217756
1158   -0.21605
1159   -0.212692
1160   -0.207095
1161   0.473606
1162   0.495472
1163   0.520567
1164   0.548232
1165   0.578216
1166   0.608589
1167   0.637477
1168   0.65758
1169   0.660582
1170   0.636862
1171   0.596829
1172   0.549851
1173   0.501248
1174   0.453215
1175   0.407231
1176   0.36285
1177   0.321023
1178   0.280721
1179   0.242791
1180   0.206165
1181   0.171629
1182   0.138195
1183   0.106604
1184   0.0759754
1185   0.0470245
1186   0.0189927
1187   -0.00741766
1188   -0.0328398
1189   -0.0565867
1190   -0.0791673
1191   -0.0999291
1192   -0.119267
1193   -0.136592
1194   -0.152204
1195   -0.165605
1196   -0.177026
1197   -0.186076
1198   -0.192952
1199   -0.197381
1200   -0.199572
1201   -0.199396
1202   -0.197151
1203   -0.192937
1204   0.457196
1205   0.477148
1206   0.501314
1207   0.526813
1208   0.556038
1209   0.584762
1210   0.614725
1211   0.638806
1212   0.65004
1213   0.647745
1214   0.613274
1215   0.569709
1216   0.52548
1217   0.479331
1218   0.435756
1219   0.392657
1220   0.35213
1221   0.312585
1222   0.275272
1223   0.239017
1224   0.204689
1225   0.171352
1226   0.139706
1227   0.108963
1228   0.0797644
1229   0.0514262
1230   0.0245997
1231   -0.00132928
1232   -0.0256647
1233   -0.0489779
1234   -0.0705149
1235   -0.0908344
1236   -0.109126
1237   -0.125967
1238   -0.140503
1239   -0.153354
1240   -0.163643
1241   -0.172063
1242   -0.177741
1243   -0.181478
1244   -0.182462
1245   -0.181662
1246   -0.178436
1247   0.440648
1248   0.459887
1249   0.481867
1250   0.506206
1251   0.532819
1252   0.560589
1253   0.588268
1254   0.613092
1255   0.631122
1256   0.634143
1257   0.62001
1258   0.584371
1259   0.544166
1260   0.50135
1261   0.460053
1262   0.418842
1263   0.379774
1264   0.341271
1265   0.304857
1266   0.269159
1267   0.235358
1268   0.202271
1269   0.170877
1270   0.140159
1271   0.110986
1272   0.0824849
1273   0.0554652
1274   0.0291923
1275   0.00443202
1276   -0.0194168
1277   -0.0416334
1278   -0.062692
1279   -0.0819312
1280   -0.0997091
1281   -0.115443
1282   -0.129392
1283   -0.141071
1284   -0.150675
1285   -0.157839
1286   -0.162747
1287   -0.165199
1288   -0.165467
1289   -0.163616
1290   0.424009
1291   0.441468
1292   0.462217
1293   0.484138
1294   0.509033
1295   0.533887
1296   0.56003
1297   0.582978
1298   0.603548
1299   0.615794
1300   0.607725
1301   0.587913
1302   0.553361
1303   0.514706
1304   0.477013
1305   0.438575
1306   0.401491
1307   0.364796
1308   0.329585
1309   0.295088
1310   0.262028
1311   0.229722
1312   0.198751
1313   0.168496
1314   0.139498
1315   0.111191
1316   0.0841327
1317   0.0577968
1318   0.032789
1319   0.00860986
1320   -0.0140699
1321   -0.0357425
1322   -0.0556644
1323   -0.0743433
1324   -0.090963
1325   -0.106072
1326   -0.118792
1327   -0.129743
1328   -0.138018
1329   -0.144357
1330   -0.14789
1331   -0.149554
1332   -0.148657
1333   0.407668
1334   0.424341
1335   0.443034
1336   0.463501
1337   0.485589
1338   0.508648
1339   0.531583
1340   0.553601
1341   0.571944
1342   0.585507
1343   0.587936
1344   0.575375
1345   0.553557
1346   0.520734
1347   0.487792
1348   0.452314
1349   0.418162
1350   0.383403
1351   0.350188
1352   0.317004
1353   0.285332
1354   0.253904
1355   0.223887
1356   0.194186
1357   0.165803
1358   0.137788
1359   0.11105
1360   0.0847702
1361   0.0597989
1362   0.035446
1363   0.0125095
1364   -0.00957127
1365   -0.0300551
1366   -0.0493742
1367   -0.066857
1368   -0.0828127
1369   -0.0966594
1370   -0.108605
1371   -0.118189
1372   -0.125574
1373   -0.13048
1374   -0.133144
1375   -0.133585
1376   0.391594
1377   0.406799
1378   0.424264
1379   0.442606
1380   0.462906
1381   0.483306
1382   0.50438
1383   0.523849
1384   0.541373
1385   0.554221
1386   0.559541
1387   0.556366
1388   0.539679
1389   0.516329
1390   0.488246
1391   0.458151
1392   0.42718
1393   0.395818
1394   0.364768
1395   0.333894
1396   0.303723
1397   0.273921
1398   0.244942
1399   0.216388
1400   0.188696
1401   0.161454
1402   0.135124
1403   0.109294
1404   0.0844758
1405   0.0602621
1406   0.0372308
1407   0.0149717
1408   -0.00585624
1409   -0.0256804
1410   -0.0437494
1411   -0.0605286
1412   -0.0751715
1413   -0.0882134
1414   -0.0987333
1415   -0.107393
1416   -0.11327
1417   -0.117252
1418   -0.118585
1419   0.375985
1420   0.39042
1421   0.406187
1422   0.423137
1423   0.441084
1424   0.45968
1425   0.478018
1426   0.495792
1427   0.510911
1428   0.5233
1429   0.529131
1430   0.529502
1431   0.520568
1432   0.503673
1433   0.482402
1434   0.457092
1435   0.430745
1436   0.402621
1437   0.374772
1438   0.346148
1439   0.318275
1440   0.290068
1441   0.26277
1442   0.235347
1443   0.208883
1444   0.182421
1445   0.156951
1446   0.131609
1447   0.107324
1448   0.0833323
1449   0.0605132
1450   0.0382169
1451   0.0172698
1452   -0.00285113
1453   -0.0213817
1454   -0.0387078
1455   -0.0541454
1456   -0.0679454
1457   -0.079539
1458   -0.0890849
1459   -0.0962
1460   -0.101084
1461   -0.103687
1462   0.360773
1463   0.374051
1464   0.388718
1465   0.403973
1466   0.420355
1467   0.436824
1468   0.453465
1469   0.469116
1470   0.483127
1471   0.494428
1472   0.501248
1473   0.503435
1474   0.498031
1475   0.486901
1476   0.470388
1477   0.450487
1478   0.428054
1479   0.404055
1480   0.379129
1481   0.35357
1482   0.327852
1483   0.301942
1484   0.276236
1485   0.250548
1486   0.225253
1487   0.200093
1488   0.175458
1489   0.151059
1490   0.127323
1491   0.103945
1492   0.0814099
1493   0.0593993
1494   0.0384738
1495   0.0182945
1496   -0.000480533
1497   -0.0182255
1498   -0.0341651
1499   -0.0487366
1500   -0.0610449
1501   -0.0716492
1502   -0.0795927
1503   -0.0856773
1504   -0.0890827
1505   0.346034
1506   0.358579
1507   0.37191
1508   0.385942
1509   0.400496
1510   0.4154
1511   0.429966
1512   0.444092
1513   0.456393
1514   0.466949
1515   0.473677
1516   0.476895
1517   0.47461
1518   0.46717
1519   0.455383
1520   0.439617
1521   0.42156
1522   0.401037
1523   0.379646
1524   0.356786
1525   0.333838
1526   0.309985
1527   0.286444
1528   0.262317
1529   0.238714
1530   0.214729
1531   0.191406
1532   0.167868
1533   0.145112
1534   0.122321
1535   0.100452
1536   0.0787684
1537   0.0581839
1538   0.0380691
1539   0.0192842
1540   0.00133281
1541   -0.0149944
1542   -0.0300361
1543   -0.0431046
1544   -0.0543879
1545   -0.0633777
1546   -0.0702312
1547   -0.074805
1548   0.331704
1549   0.343328
1550   0.355701
1551   0.368408
1552   0.381662
1553   0.394923
1554   0.408086
1555   0.42057
1556   0.431835
1557   0.441367
1558   0.448103
1559   0.451817
1560   0.45118
1561   0.446615
1562   0.437925
1563   0.425993
1564   0.41124
1565   0.394366
1566   0.375866
1567   0.356104
1568   0.335508
1569   0.314188
1570   0.292514
1571   0.270437
1572   0.2483
1573   0.225968
1574   0.203784
1575   0.181564
1576   0.159671
1577   0.137896
1578   0.11664
1579   0.0956746
1580   0.0754581
1581   0.0557421
1582   0.0370678
1583   0.0191563
1584   0.00266494
1585   -0.0127375
1586   -0.0262422
1587   -0.0382847
1588   -0.0479134
1589   -0.0558023
1590   -0.0610509
1591   0.317803
1592   0.328735
1593   0.34006
1594   0.351729
1595   0.363589
1596   0.37557
1597   0.387181
1598   0.398418
1599   0.408378
1600   0.417147
1601   0.423489
1602   0.427526
1603   0.428164
1604   0.425503
1605   0.419543
1606   0.410404
1607   0.398875
1608   0.384857
1609   0.369429
1610   0.352194
1611   0.334283
1612   0.315069
1613   0.295664
1614   0.2753
1615   0.255062
1616   0.234109
1617   0.213503
1618   0.192382
1619   0.171786
1620   0.150866
1621   0.130642
1622   0.110303
1623   0.0908454
1624   0.0715258
1625   0.0533017
1626   0.035535
1627   0.0191275
1628   0.00359134
1629   -0.0102582
1630   -0.0227113
1631   -0.0331088
1632   -0.0415881
1633   -0.0478595
1634   0.304294
1635   0.314469
1636   0.324967
1637   0.335601
1638   0.346407
1639   0.357129
1640   0.367618
1641   0.377584
1642   0.386646
1643   0.394512
1644   0.400574
1645   0.404614
1646   0.405985
1647   0.404694
1648   0.400519
1649   0.393736
1650   0.384515
1651   0.373192
1652   0.360097
1653   0.345471
1654   0.329669
1655   0.312802
1656   0.295207
1657   0.276891
1658   0.258171
1659   0.238984
1660   0.219639
1661   0.200031
1662   0.180473
1663   0.160833
1664   0.141443
1665   0.122156
1666   0.103336
1667   0.0848187
1668   0.0670221
1669   0.0497619
1670   0.0335395
1671   0.018134
1672   0.00418503
1673   -0.00860459
1674   -0.0193881
1675   -0.0286573
1676   -0.0354339
1677   0.291178
1678   0.30071
1679   0.310376
1680   0.320149
1681   0.329897
1682   0.339609
1683   0.348935
1684   0.357921
1685   0.365965
1686   0.373164
1687   0.378738
1688   0.382779
1689   0.384601
1690   0.384244
1691   0.381519
1692   0.376414
1693   0.369274
1694   0.359953
1695   0.34915
1696   0.336518
1697   0.322949
1698   0.307902
1699   0.292362
1700   0.275637
1701   0.258761
1702   0.240941
1703   0.223233
1704   0.204787
1705   0.186672
1706   0.168013
1707   0.149881
1708   0.131405
1709   0.11365
1710   0.0957714
1711   0.0788195
1712   0.0620054
1713   0.0463471
1714   0.0311537
1715   0.0173819
1716   0.00451645
1717   -0.0066111
1718   -0.0162288
1719   -0.0238195
1720   0.278439
1721   0.287333
1722   0.296299
1723   0.305262
1724   0.314179
1725   0.322938
1726   0.331398
1727   0.339414
1728   0.346728
1729   0.353169
1730   0.358381
1731   0.362191
1732   0.364253
1733   0.364462
1734   0.362656
1735   0.358855
1736   0.353124
1737   0.345561
1738   0.336377
1739   0.325673
1740   0.313725
1741   0.30059
1742   0.28656
1743   0.271643
1744   0.256126
1745   0.239974
1746   0.22347
1747   0.206548
1748   0.18949
1749   0.172211
1750   0.154999
1751   0.137758
1752   0.120786
1753   0.103985
1754   0.0876716
1755   0.0717438
1756   0.0565528
1757   0.0419861
1758   0.0284612
1759   0.0158277
1760   0.00465086
1761   -0.00534986
1762   -0.0132255
1763   0.266074
1764   0.274387
1765   0.282688
1766   0.290955
1767   0.299077
1768   0.307069
1769   0.314664
1770   0.321942
1771   0.328463
1772   0.334354
1773   0.339063
1774   0.342707
1775   0.344795
1776   0.345373
1777   0.344229
1778   0.341309
1779   0.336773
1780   0.330429
1781   0.322766
1782   0.313426
1783   0.303134
1784   0.291367
1785   0.279004
1786   0.265383
1787   0.251477
1788   0.236518
1789   0.221538
1790   0.205698
1791   0.190065
1792   0.17376
1793   0.157869
1794   0.141492
1795   0.12573
1796   0.109679
1797   0.0944476
1798   0.0791409
1799   0.0648706
1800   0.0507655
1801   0.0379325
1802   0.0255479
1803   0.0146808
1804   0.00464708
1805   -0.00370522
1806   0.25408
1807   0.261845
1808   0.269566
1809   0.277203
1810   0.284694
1811   0.291975
1812   0.298936
1813   0.30548
1814   0.311444
1815   0.3167
1816   0.321044
1817   0.324333
1818   0.326377
1819   0.327057
1820   0.326267
1821   0.323955
1822   0.320132
1823   0.314813
1824   0.308106
1825   0.300062
1826   0.290844
1827   0.280512
1828   0.269249
1829   0.257106
1830   0.24427
1831   0.230777
1832   0.216811
1833   0.202392
1834   0.187705
1835   0.172759
1836   0.157736
1837   0.142646
1838   0.127668
1839   0.112815
1840   0.0982724
1841   0.0840555
1842   0.070357
1843   0.0572021
1844   0.044791
1845   0.0331613
1846   0.0225212
1847   0.0129221
1848   0.00455334
