##### Y Mean #####
0   0.00451477
1   -0.0281187
2   -0.0663944
3   -0.108765
4   -0.154377
5   -0.20131
6   -0.24889
7   -0.295258
8   -0.339799
9   -0.380245
10   -0.417088
11   -0.449506
12   -0.478035
13   -0.50233
14   -0.522699
15   -0.539018
16   -0.551485
17   -0.560093
18   -0.565141
19   -0.566817
20   -0.565422
21   -0.561286
22   -0.554603
23   -0.545735
24   -0.534877
25   -0.522456
26   -0.5087
27   -0.494067
28   -0.478719
29   -0.463016
30   -0.447055
31   -0.431087
32   -0.415152
33   -0.399394
34   -0.383821
35   -0.368506
36   -0.353452
37   -0.338698
38   -0.324252
39   -0.310137
40   -0.296369
41   -0.282963
42   -0.269932
43   0.0353917
44   0.00230497
45   -0.0393475
46   -0.0838375
47   -0.134886
48   -0.184474
49   -0.238207
50   -0.287164
51   -0.338832
52   -0.380881
53   -0.423186
54   -0.457441
55   -0.490038
56   -0.516285
57   -0.539583
58   -0.557559
59   -0.572064
60   -0.581766
61   -0.588008
62   -0.59039
63   -0.589398
64   -0.585663
65   -0.578727
66   -0.569804
67   -0.558104
68   -0.5452
69   -0.530186
70   -0.51485
71   -0.498129
72   -0.48161
73   -0.46433
74   -0.447522
75   -0.430432
76   -0.413863
77   -0.397307
78   -0.381221
79   -0.365321
80   -0.34984
81   -0.334653
82   -0.319865
83   -0.305441
84   -0.291422
85   -0.277812
86   0.0718926
87   0.0410513
88   -0.00150342
89   -0.0487186
90   -0.102123
91   -0.156151
92   -0.212103
93   -0.265835
94   -0.319446
95   -0.3689
96   -0.414503
97   -0.45519
98   -0.49148
99   -0.522579
100   -0.549187
101   -0.570448
102   -0.58733
103   -0.599516
104   -0.60761
105   -0.611829
106   -0.612282
107   -0.609423
108   -0.603233
109   -0.594241
110   -0.582563
111   -0.568857
112   -0.55332
113   -0.536716
114   -0.519137
115   -0.501153
116   -0.482843
117   -0.464615
118   -0.446503
119   -0.428697
120   -0.411197
121   -0.394068
122   -0.377313
123   -0.36095
124   -0.344997
125   -0.329457
126   -0.314357
127   -0.299694
128   -0.285495
129   0.112746
130   0.0827341
131   0.0408054
132   -0.007549
133   -0.0640233
134   -0.119995
135   -0.179733
136   -0.235628
137   -0.292725
138   -0.34554
139   -0.397507
140   -0.441489
141   -0.484768
142   -0.518466
143   -0.55166
144   -0.574977
145   -0.596728
146   -0.611359
147   -0.62284
148   -0.629706
149   -0.632364
150   -0.631449
151   -0.626249
152   -0.618134
153   -0.606414
154   -0.592753
155   -0.576326
156   -0.559221
157   -0.540278
158   -0.521331
159   -0.501468
160   -0.482131
161   -0.462605
162   -0.443729
163   -0.425032
164   -0.406929
165   -0.389171
166   -0.371944
167   -0.355145
168   -0.338851
169   -0.323037
170   -0.307726
171   -0.292925
172   0.15733
173   0.13197
174   0.0900282
175   0.0418092
176   -0.0161583
177   -0.0749573
178   -0.136598
179   -0.19598
180   -0.255524
181   -0.311865
182   -0.365882
183   -0.415137
184   -0.46053
185   -0.500707
186   -0.536614
187   -0.567526
188   -0.593475
189   -0.614601
190   -0.630822
191   -0.642098
192   -0.648733
193   -0.650215
194   -0.647426
195   -0.640396
196   -0.629758
197   -0.616359
198   -0.600126
199   -0.582142
200   -0.562497
201   -0.541975
202   -0.520909
203   -0.499881
204   -0.479127
205   -0.458772
206   -0.438961
207   -0.419636
208   -0.400905
209   -0.382679
210   -0.365045
211   -0.347931
212   -0.331409
213   -0.315424
214   -0.300034
215   0.203725
216   0.179698
217   0.140377
218   0.0916125
219   0.0331193
220   -0.0270308
221   -0.0907413
222   -0.152041
223   -0.213843
224   -0.27208
225   -0.328568
226   -0.380397
227   -0.429122
228   -0.472637
229   -0.513056
230   -0.548004
231   -0.581066
232   -0.605639
233   -0.630111
234   -0.643639
235   -0.657939
236   -0.660912
237   -0.663254
238   -0.657976
239   -0.649564
240   -0.637934
241   -0.622035
242   -0.604458
243   -0.583724
244   -0.562363
245   -0.539607
246   -0.517402
247   -0.495082
248   -0.47354
249   -0.452407
250   -0.43201
251   -0.412191
252   -0.393043
253   -0.374516
254   -0.356626
255   -0.33937
256   -0.322742
257   -0.306749
258   0.251364
259   0.233724
260   0.194245
261   0.146564
262   0.0872951
263   0.0256913
264   -0.0392546
265   -0.102843
266   -0.166328
267   -0.226855
268   -0.285197
269   -0.339553
270   -0.390449
271   -0.436906
272   -0.479608
273   -0.517846
274   -0.552617
275   -0.582442
276   -0.608409
277   -0.629295
278   -0.646021
279   -0.658133
280   -0.664978
281   -0.667392
282   -0.664058
283   -0.655864
284   -0.642811
285   -0.62515
286   -0.604393
287   -0.581777
288   -0.558025
289   -0.534073
290   -0.510589
291   -0.487491
292   -0.465268
293   -0.443628
294   -0.422867
295   -0.402729
296   -0.383405
297   -0.364716
298   -0.346794
299   -0.329514
300   -0.312973
301   0.29788
302   0.281709
303   0.246577
304   0.199316
305   0.140717
306   0.0787056
307   0.0127186
308   -0.0519949
309   -0.117101
310   -0.178976
311   -0.239182
312   -0.295069
313   -0.348083
314   -0.396279
315   -0.441159
316   -0.481232
317   -0.517855
318   -0.550197
319   -0.578774
320   -0.60332
321   -0.6245
322   -0.641358
323   -0.656473
324   -0.662964
325   -0.669798
326   -0.663613
327   -0.65771
328   -0.640691
329   -0.621042
330   -0.598746
331   -0.573916
332   -0.549331
333   -0.524453
334   -0.500324
335   -0.476905
336   -0.454316
337   -0.432582
338   -0.411634
339   -0.391509
340   -0.372142
341   -0.353555
342   -0.335711
343   -0.318615
344   0.342629
345   0.335043
346   0.300307
347   0.255224
348   0.197244
349   0.134144
350   0.0678274
351   0.00154187
352   -0.0645441
353   -0.128171
354   -0.189597
355   -0.247296
356   -0.30165
357   -0.351698
358   -0.397995
359   -0.439914
360   -0.478216
361   -0.51247
362   -0.543157
363   -0.570112
364   -0.593659
365   -0.613602
366   -0.63057
367   -0.643097
368   -0.651919
369   -0.655682
370   -0.653589
371   -0.646774
372   -0.63153
373   -0.611523
374   -0.587666
375   -0.561763
376   -0.536303
377   -0.510911
378   -0.486817
379   -0.463309
380   -0.440937
381   -0.419256
382   -0.398553
383   -0.37857
384   -0.359471
385   -0.341095
386   -0.323552
387   0.38242
388   0.375152
389   0.350256
390   0.308718
391   0.252598
392   0.189578
393   0.122428
394   0.0554512
395   -0.0118525
396   -0.0764339
397   -0.139263
398   -0.198035
399   -0.253859
400   -0.305071
401   -0.352831
402   -0.396035
403   -0.435759
404   -0.471413
405   -0.503669
406   -0.532242
407   -0.557558
408   -0.579372
409   -0.597968
410   -0.613503
411   -0.62539
412   -0.633953
413   -0.639161
414   -0.637376
415   -0.633717
416   -0.615745
417   -0.595927
418   -0.57043
419   -0.54465
420   -0.518991
421   -0.494401
422   -0.470486
423   -0.447615
424   -0.425507
425   -0.40433
426   -0.383941
427   -0.364398
428   -0.345639
429   -0.327675
430   0.418591
431   0.417111
432   0.396604
433   0.363843
434   0.307703
435   0.244599
436   0.177774
437   0.109951
438   0.0421876
439   -0.0236526
440   -0.0872695
441   -0.14742
442   -0.204163
443   -0.25676
444   -0.305531
445   -0.350091
446   -0.390927
447   -0.42786
448   -0.461306
449   -0.491172
450   -0.517796
451   -0.541061
452   -0.561437
453   -0.578745
454   -0.593085
455   -0.604252
456   -0.612074
457   -0.615574
458   -0.614863
459   -0.608523
460   -0.592167
461   -0.571876
462   -0.547734
463   -0.522569
464   -0.498547
465   -0.474752
466   -0.451949
467   -0.429753
468   -0.408457
469   -0.387868
470   -0.368111
471   -0.349082
472   -0.330848
473   0.450689
474   0.451322
475   0.438509
476   0.408735
477   0.358782
478   0.297734
479   0.231265
480   0.16357
481   0.0951647
482   0.0288301
483   -0.0358035
484   -0.0966709
485   -0.154527
486   -0.207943
487   -0.257815
488   -0.303268
489   -0.345145
490   -0.383011
491   -0.417463
492   -0.448363
493   -0.476044
494   -0.500615
495   -0.522165
496   -0.541106
497   -0.556941
498   -0.570208
499   -0.579874
500   -0.58667
501   -0.588936
502   -0.587607
503   -0.580566
504   -0.564259
505   -0.545118
506   -0.521901
507   -0.499142
508   -0.476073
509   -0.453778
510   -0.431897
511   -0.410771
512   -0.390262
513   -0.37047
514   -0.351361
515   -0.332956
516   0.479354
517   0.48453
518   0.476924
519   0.456929
520   0.407617
521   0.348603
522   0.283707
523   0.216249
524   0.148025
525   0.0809799
526   0.0159805
527   -0.0458991
528   -0.104328
529   -0.158813
530   -0.209367
531   -0.255858
532   -0.298493
533   -0.337331
534   -0.372619
535   -0.40449
536   -0.433176
537   -0.458832
538   -0.481674
539   -0.501826
540   -0.519266
541   -0.534029
542   -0.54586
543   -0.554754
544   -0.560076
545   -0.561869
546   -0.558281
547   -0.54966
548   -0.533718
549   -0.515085
550   -0.494514
551   -0.473503
552   -0.452346
553   -0.431452
554   -0.410899
555   -0.390841
556   -0.371274
557   -0.352296
558   -0.33388
559   0.504261
560   0.512354
561   0.510568
562   0.492641
563   0.451858
564   0.396679
565   0.333609
566   0.267242
567   0.199062
568   0.132068
569   0.0664588
570   0.00425153
571   -0.0549861
572   -0.109966
573   -0.161362
574   -0.208448
575   -0.251899
576   -0.291418
577   -0.327512
578   -0.360202
579   -0.389757
580   -0.416456
581   -0.44028
582   -0.46172
583   -0.480328
584   -0.496736
585   -0.510065
586   -0.521092
587   -0.528411
588   -0.53283
589   -0.53227
590   -0.527609
591   -0.517375
592   -0.502666
593   -0.485704
594   -0.467053
595   -0.447869
596   -0.428301
597   -0.408812
598   -0.389465
599   -0.370424
600   -0.351757
601   -0.333526
602   0.525496
603   0.537095
604   0.540505
605   0.532552
606   0.493529
607   0.44245
608   0.381925
609   0.316654
610   0.249223
611   0.182009
612   0.116487
613   0.0536194
614   -0.00583064
615   -0.0616096
616   -0.113389
617   -0.161296
618   -0.205257
619   -0.245592
620   -0.282335
621   -0.315882
622   -0.346282
623   -0.373944
624   -0.39886
625   -0.421405
626   -0.441388
627   -0.459143
628   -0.474215
629   -0.48694
630   -0.496422
631   -0.503073
632   -0.505318
633   -0.504064
634   -0.497133
635   -0.486763
636   -0.472882
637   -0.45734
638   -0.440244
639   -0.422606
640   -0.404396
641   -0.386179
642   -0.367842
643   -0.349771
644   -0.331835
645   0.542892
646   0.55742
647   0.56515
648   0.55901
649   0.530817
650   0.485259
651   0.427698
652   0.364114
653   0.297227
654   0.230602
655   0.164864
656   0.102093
657   0.0421208
658   -0.0138307
659   -0.0662392
660   -0.114489
661   -0.159114
662   -0.199941
663   -0.237392
664   -0.271612
665   -0.302812
666   -0.331368
667   -0.357217
668   -0.380891
669   -0.401994
670   -0.421143
671   -0.437599
672   -0.451993
673   -0.46324
674   -0.471876
675   -0.476605
676   -0.477815
677   -0.474592
678   -0.467461
679   -0.457176
680   -0.444402
681   -0.429949
682   -0.414253
683   -0.397778
684   -0.380791
685   -0.363505
686   -0.34612
687   -0.328755
688   0.556391
689   0.573297
690   0.58555
691   0.588591
692   0.564807
693   0.527094
694   0.472031
695   0.409731
696   0.344117
697   0.277651
698   0.212497
699   0.149381
700   0.0895629
701   0.0330451
702   -0.0194661
703   -0.0683621
704   -0.11328
705   -0.154803
706   -0.192741
707   -0.227738
708   -0.259647
709   -0.289102
710   -0.3159
711   -0.340627
712   -0.362921
713   -0.383319
714   -0.401212
715   -0.417108
716   -0.430043
717   -0.440569
718   -0.44732
719   -0.451085
720   -0.45038
721   -0.446571
722   -0.439063
723   -0.429358
724   -0.417239
725   -0.403876
726   -0.389082
727   -0.373691
728   -0.357479
729   -0.341092
730   -0.324306
731   0.566124
732   0.585499
733   0.600443
734   0.605697
735   0.594538
736   0.563475
737   0.513284
738   0.453358
739   0.388743
740   0.323474
741   0.258463
742   0.195851
743   0.135747
744   0.0793565
745   0.0263964
746   -0.0226039
747   -0.0680492
748   -0.109881
749   -0.148433
750   -0.183957
751   -0.216604
752   -0.246815
753   -0.2745
754   -0.300205
755   -0.323561
756   -0.345141
757   -0.364307
758   -0.381574
759   -0.396078
760   -0.408204
761   -0.417014
762   -0.422768
763   -0.424839
764   -0.423572
765   -0.419108
766   -0.411945
767   -0.402499
768   -0.391227
769   -0.378472
770   -0.364589
771   -0.349787
772   -0.334364
773   -0.318481
774   0.572006
775   0.593075
776   0.611146
777   0.622234
778   0.619172
779   0.601804
780   0.552951
781   0.494415
782   0.432182
783   0.367531
784   0.303622
785   0.240922
786   0.1813
787   0.12454
788   0.0717462
789   0.0222673
790   -0.0232501
791   -0.0656479
792   -0.104513
793   -0.140719
794   -0.173927
795   -0.204962
796   -0.233448
797   -0.260129
798   -0.284499
799   -0.307223
800   -0.32759
801   -0.346206
802   -0.362102
803   -0.375884
804   -0.386358
805   -0.394258
806   -0.398397
807   -0.399805
808   -0.397696
809   -0.39327
810   -0.386044
811   -0.377139
812   -0.36618
813   -0.354117
814   -0.340597
815   -0.326453
816   -0.311365
817   0.574188
818   0.596971
819   0.61772
820   0.633117
821   0.639045
822   0.626171
823   0.587612
824   0.533878
825   0.473493
826   0.410675
827   0.347182
828   0.285316
829   0.2256
830   0.169253
831   0.116192
832   0.0668579
833   0.020968
834   -0.0215391
835   -0.0609033
836   -0.0974789
837   -0.131339
838   -0.162993
839   -0.192294
840   -0.219808
841   -0.24516
842   -0.268897
843   -0.290431
844   -0.310226
845   -0.32754
846   -0.342712
847   -0.354986
848   -0.364605
849   -0.371034
850   -0.374548
851   -0.375021
852   -0.372822
853   -0.368079
854   -0.361185
855   -0.352323
856   -0.341856
857   -0.329938
858   -0.31692
859   -0.30298
860   0.572871
861   0.596396
862   0.620129
863   0.639768
864   0.65379
865   0.655265
866   0.61905
867   0.569775
868   0.512988
869   0.451605
870   0.389627
871   0.327973
872   0.269071
873   0.212586
874   0.159993
875   0.110382
876   0.0646654
877   0.0217521
878   -0.0177368
879   -0.0548733
880   -0.089145
881   -0.121523
882   -0.151485
883   -0.179883
884   -0.206099
885   -0.230877
886   -0.253448
887   -0.274472
888   -0.293002
889   -0.309675
890   -0.323412
891   -0.334917
892   -0.343129
893   -0.348916
894   -0.351416
895   -0.351634
896   -0.348909
897   -0.344268
898   -0.337166
899   -0.328582
900   -0.31803
901   -0.306457
902   -0.293456
903   0.568534
904   0.593453
905   0.618976
906   0.642924
907   0.662563
908   0.666857
909   0.645079
910   0.603241
911   0.549985
912   0.491209
913   0.430137
914   0.369798
915   0.311122
916   0.255432
917   0.202829
918   0.153658
919   0.107769
920   0.0649602
921   0.0251182
922   -0.0122323
923   -0.0470478
924   -0.0799157
925   -0.110601
926   -0.139709
927   -0.166817
928   -0.192481
929   -0.21612
930   -0.238194
931   -0.258022
932   -0.27595
933   -0.291301
934   -0.304338
935   -0.314534
936   -0.322142
937   -0.326887
938   -0.329063
939   -0.3286
940   -0.325821
941   -0.320762
942   -0.313755
943   -0.304885
944   -0.294515
945   -0.282822
946   0.561289
947   0.586005
948   0.613686
949   0.639764
950   0.665567
951   0.682427
952   0.666151
953   0.633972
954   0.584714
955   0.52802
956   0.469076
957   0.409381
958   0.352027
959   0.296526
960   0.244772
961   0.195582
962   0.15014
963   0.10712
964   0.0673419
965   0.0295757
966   -0.00550966
967   -0.0389844
968   -0.0702058
969   -0.100088
970   -0.127936
971   -0.154533
972   -0.179082
973   -0.202275
974   -0.223192
975   -0.242486
976   -0.259152
977   -0.273872
978   -0.285643
979   -0.295244
980   -0.301769
981   -0.3061
982   -0.307455
983   -0.306778
984   -0.303385
985   -0.298243
986   -0.290748
987   -0.281908
988   -0.271234
989   0.551732
990   0.577338
991   0.605296
992   0.634076
993   0.661739
994   0.680644
995   0.681792
996   0.658712
997   0.615671
998   0.562769
999   0.505488
1000   0.447876
1001   0.391202
1002   0.336977
1003   0.285541
1004   0.237115
1005   0.191744
1006   0.14904
1007   0.109083
1008   0.0712453
1009   0.0357494
1010   0.00190118
1011   -0.0299259
1012   -0.0604058
1013   -0.0890293
1014   -0.116399
1015   -0.141899
1016   -0.166029
1017   -0.188114
1018   -0.20854
1019   -0.226649
1020   -0.242739
1021   -0.256259
1022   -0.267463
1023   -0.275973
1024   -0.282041
1025   -0.285454
1026   -0.286482
1027   -0.285036
1028   -0.281408
1029   -0.275607
1030   -0.267992
1031   -0.258724
1032   0.53985
1033   0.564484
1034   0.59331
1035   0.622351
1036   0.652708
1037   0.677329
1038   0.687971
1039   0.683388
1040   0.643779
1041   0.593636
1042   0.539905
1043   0.483442
1044   0.428737
1045   0.37506
1046   0.324906
1047   0.276766
1048   0.232122
1049   0.189438
1050   0.149724
1051   0.11165
1052   0.0760187
1053   0.0417209
1054   0.0094832
1055   -0.0216207
1056   -0.050856
1057   -0.0790116
1058   -0.105293
1059   -0.130392
1060   -0.153434
1061   -0.175064
1062   -0.194339
1063   -0.211914
1064   -0.226825
1065   -0.239785
1066   -0.249867
1067   -0.257865
1068   -0.262918
1069   -0.265892
1070   -0.266
1071   -0.264179
1072   -0.259723
1073   -0.25367
1074   -0.24546
1075   0.526237
1076   0.550922
1077   0.578694
1078   0.608448
1079   0.639214
1080   0.666918
1081   0.687556
1082   0.68896
1083   0.664821
1084   0.622048
1085   0.571171
1086   0.517526
1087   0.463937
1088   0.412031
1089   0.362588
1090   0.315539
1091   0.271263
1092   0.229091
1093   0.189419
1094   0.151414
1095   0.11556
1096   0.0810186
1097   0.0483552
1098   0.0167913
1099   -0.0130407
1100   -0.0418251
1101   -0.0688783
1102   -0.0947702
1103   -0.118796
1104   -0.141406
1105   -0.161922
1106   -0.180692
1107   -0.197121
1108   -0.211485
1109   -0.223317
1110   -0.232855
1111   -0.239773
1112   -0.2443
1113   -0.246241
1114   -0.24585
1115   -0.243065
1116   -0.238226
1117   -0.23147
1118   0.51102
1119   0.53401
1120   0.561488
1121   0.589893
1122   0.621415
1123   0.650341
1124   0.678048
1125   0.695957
1126   0.678066
1127   0.644893
1128   0.598549
1129   0.547012
1130   0.496203
1131   0.445432
1132   0.397788
1133   0.351457
1134   0.308202
1135   0.266372
1136   0.227132
1137   0.189159
1138   0.153334
1139   0.118593
1140   0.0856914
1141   0.0537456
1142   0.0234823
1143   -0.00585413
1144   -0.0335061
1145   -0.0601418
1146   -0.0849431
1147   -0.108531
1148   -0.130025
1149   -0.150043
1150   -0.167663
1151   -0.18354
1152   -0.196743
1153   -0.207992
1154   -0.216373
1155   -0.222686
1156   -0.226062
1157   -0.227398
1158   -0.225905
1159   -0.222623
1160   -0.216932
1161   0.494909
1162   0.517414
1163   0.543013
1164   0.571046
1165   0.601248
1166   0.631704
1167   0.660554
1168   0.680583
1169   0.683577
1170   0.660019
1171   0.620198
1172   0.573355
1173   0.524767
1174   0.476586
1175   0.430302
1176   0.385447
1177   0.342999
1178   0.301908
1179   0.263057
1180   0.22535
1181   0.18962
1182   0.154847
1183   0.121826
1184   0.0896429
1185   0.0590774
1186   0.0293361
1187   0.00119316
1188   -0.0260158
1189   -0.0515292
1190   -0.0758817
1191   -0.0983482
1192   -0.119344
1193   -0.138215
1194   -0.155278
1195   -0.16998
1196   -0.182568
1197   -0.192612
1198   -0.200322
1199   -0.205401
1200   -0.208072
1201   -0.208197
1202   -0.206095
1203   -0.201873
1204   0.478039
1205   0.498632
1206   0.523294
1207   0.549189
1208   0.578645
1209   0.607499
1210   0.637439
1211   0.66145
1212   0.672629
1213   0.670316
1214   0.636063
1215   0.592693
1216   0.548517
1217   0.502312
1218   0.458509
1219   0.415046
1220   0.373991
1221   0.33378
1222   0.295649
1223   0.258442
1224   0.223028
1225   0.188483
1226   0.155515
1227   0.123344
1228   0.0926339
1229   0.0627032
1230   0.0342352
1231   0.00661833
1232   -0.0194104
1233   -0.0444233
1234   -0.0676168
1235   -0.0895561
1236   -0.109376
1237   -0.127666
1238   -0.143516
1239   -0.157569
1240   -0.16889
1241   -0.178206
1242   -0.184588
1243   -0.188883
1244   -0.190228
1245   -0.189652
1246   -0.186475
1247   0.460997
1248   0.480853
1249   0.503343
1250   0.52808
1251   0.554966
1252   0.582889
1253   0.610609
1254   0.635389
1255   0.653337
1256   0.65633
1257   0.642253
1258   0.606789
1259   0.566692
1260   0.523872
1261   0.482434
1262   0.440938
1263   0.401449
1264   0.362374
1265   0.325261
1266   0.288715
1267   0.253953
1268   0.219764
1269   0.187176
1270   0.155135
1271   0.124571
1272   0.0945771
1273   0.0660256
1274   0.038151
1275   0.011787
1276   -0.0136949
1277   -0.0375063
1278   -0.0601438
1279   -0.080883
1280   -0.100099
1281   -0.117154
1282   -0.132321
1283   -0.145072
1284   -0.155609
1285   -0.163539
1286   -0.169055
1287   -0.171943
1288   -0.17249
1289   -0.170764
1290   0.443838
1291   0.461912
1292   0.483163
1293   0.505504
1294   0.530689
1295   0.555747
1296   0.581968
1297   0.604934
1298   0.62543
1299   0.637596
1300   0.629566
1301   0.609822
1302   0.575384
1303   0.536773
1304   0.498985
1305   0.46034
1306   0.422908
1307   0.385739
1308   0.349919
1309   0.314685
1310   0.280761
1311   0.247472
1312   0.215406
1313   0.183948
1314   0.153659
1315   0.123973
1316   0.0954745
1317   0.0676386
1318   0.0411053
1319   0.0153741
1320   -0.0088424
1321   -0.0320411
1322   -0.05343
1323   -0.0735271
1324   -0.0914626
1325   -0.107803
1326   -0.121612
1327   -0.133539
1328   -0.142617
1329   -0.149626
1330   -0.15364
1331   -0.155654
1332   -0.154929
1333   0.426951
1334   0.444214
1335   0.463416
1336   0.484305
1337   0.506719
1338   0.530006
1339   0.553082
1340   0.575152
1341   0.593493
1342   0.607002
1343   0.609407
1344   0.596885
1345   0.575112
1346   0.54234
1347   0.509345
1348   0.473711
1349   0.439287
1350   0.404128
1351   0.370398
1352   0.336563
1353   0.304135
1354   0.271818
1355   0.240819
1356   0.210014
1357   0.180453
1358   0.151154
1359   0.123083
1360   0.0953905
1361   0.0689875
1362   0.0431545
1363   0.0187535
1364   -0.00480192
1365   -0.0267088
1366   -0.0474193
1367   -0.0662059
1368   -0.0833917
1369   -0.098347
1370   -0.111289
1371   -0.12172
1372   -0.129812
1373   -0.13526
1374   -0.138317
1375   -0.138999
1376   0.410311
1377   0.426097
1378   0.444061
1379   0.462838
1380   0.483475
1381   0.504142
1382   0.525388
1383   0.544966
1384   0.562526
1385   0.575375
1386   0.58068
1387   0.577495
1388   0.56085
1389   0.537519
1390   0.509398
1391   0.479178
1392   0.447981
1393   0.416285
1394   0.384786
1395   0.353349
1396   0.322502
1397   0.291912
1398   0.262039
1399   0.232487
1400   0.203708
1401   0.17529
1402   0.147716
1403   0.120574
1404   0.0944034
1405   0.0687962
1406   0.0443649
1407   0.0206957
1408   -0.00151086
1409   -0.0226897
1410   -0.0420417
1411   -0.060045
1412   -0.0757994
1413   -0.0898611
1414   -0.101251
1415   -0.110663
1416   -0.117118
1417   -0.121551
1418   -0.123165
1419   0.394119
1420   0.409111
1421   0.425376
1422   0.442757
1423   0.461064
1424   0.479946
1425   0.4985
1426   0.516418
1427   0.531632
1428   0.544058
1429   0.549918
1430   0.550281
1431   0.541363
1432   0.524468
1433   0.503159
1434   0.47774
1435   0.451206
1436   0.422793
1437   0.394563
1438   0.36544
1439   0.336976
1440   0.308057
1441   0.279964
1442   0.251628
1443   0.22418
1444   0.196629
1445   0.170018
1446   0.143447
1447   0.117905
1448   0.0925939
1449   0.0684543
1450   0.044807
1451   0.0225386
1452   0.00110172
1453   -0.018682
1454   -0.0372163
1455   -0.0537656
1456   -0.0685916
1457   -0.0810832
1458   -0.0914053
1459   -0.0991464
1460   -0.104515
1461   -0.107458
1462   0.378313
1463   0.392133
1464   0.407283
1465   0.422973
1466   0.43972
1467   0.456498
1468   0.473377
1469   0.489211
1470   0.503348
1471   0.51473
1472   0.521599
1473   0.523806
1474   0.51842
1475   0.507287
1476   0.490736
1477   0.47074
1478   0.448143
1479   0.423897
1480   0.398633
1481   0.37264
1482   0.346393
1483   0.319853
1484   0.293424
1485   0.266917
1486   0.240717
1487   0.214567
1488   0.188871
1489   0.163341
1490   0.138425
1491   0.113817
1492   0.0900294
1493   0.0667412
1494   0.0445475
1495   0.0231036
1496   0.00310899
1497   -0.0158201
1498   -0.0328597
1499   -0.0484627
1500   -0.0616781
1501   -0.0730905
1502   -0.0816842
1503   -0.0883036
1504   -0.0920787
1505   0.362969
1506   0.376032
1507   0.389839
1508   0.404298
1509   0.419227
1510   0.434449
1511   0.449281
1512   0.463614
1513   0.476079
1514   0.486745
1515   0.493557
1516   0.496815
1517   0.494561
1518   0.487119
1519   0.475302
1520   0.45945
1521   0.441254
1522   0.42051
1523   0.39883
1524   0.375582
1525   0.352171
1526   0.327748
1527   0.303565
1528   0.278689
1529   0.254273
1530   0.229373
1531   0.205084
1532   0.180492
1533   0.156649
1534   0.132701
1535   0.109663
1536   0.0867661
1537   0.0649816
1538   0.0436509
1539   0.0236924
1540   0.00458615
1541   -0.0128224
1542   -0.0288877
1543   -0.042874
1544   -0.0549769
1545   -0.0646527
1546   -0.0720651
1547   -0.0770591
1548   0.348031
1549   0.360154
1550   0.372986
1551   0.386116
1552   0.399742
1553   0.413332
1554   0.426772
1555   0.439488
1556   0.450936
1557   0.460608
1558   0.467449
1559   0.47123
1560   0.470637
1561   0.466082
1562   0.457369
1563   0.445367
1564   0.43049
1565   0.413426
1566   0.394667
1567   0.374565
1568   0.353552
1569   0.331728
1570   0.309469
1571   0.286721
1572   0.263837
1573   0.240679
1574   0.2176
1575   0.194417
1576   0.17151
1577   0.148666
1578   0.126309
1579   0.104209
1580   0.0828512
1581   0.0619833
1582   0.0421797
1583   0.0231551
1584   0.00560778
1585   -0.0108041
1586   -0.0252222
1587   -0.0381
1588   -0.048428
1589   -0.0569145
1590   -0.0626051
1591   0.33352
1592   0.344927
1593   0.356697
1594   0.368777
1595   0.381011
1596   0.393321
1597   0.405223
1598   0.416702
1599   0.426869
1600   0.435796
1601   0.442268
1602   0.446389
1603   0.447089
1604   0.444448
1605   0.43848
1606   0.429279
1607   0.417649
1608   0.40346
1609   0.387808
1610   0.370266
1611   0.351989
1612   0.332316
1613   0.312393
1614   0.291415
1615   0.270507
1616   0.248791
1617   0.227376
1618   0.20536
1619   0.183837
1620   0.161917
1621   0.140677
1622   0.119269
1623   0.0987452
1624   0.0783287
1625   0.0590359
1626   0.040197
1627   0.0227717
1628   0.00624813
1629   -0.00850521
1630   -0.0217919
1631   -0.0329096
1632   -0.0420005
1633   -0.0487552
1634   0.319403
1635   0.330032
1636   0.340957
1637   0.351991
1638   0.363161
1639   0.374214
1640   0.384995
1641   0.395215
1642   0.404492
1643   0.412535
1644   0.418738
1645   0.422882
1646   0.424324
1647   0.423069
1648   0.418893
1649   0.412066
1650   0.402754
1651   0.391285
1652   0.377987
1653   0.363092
1654   0.346956
1655   0.329682
1656   0.311612
1657   0.292747
1658   0.27341
1659   0.253536
1660   0.233442
1661   0.213021
1662   0.192599
1663   0.172043
1664   0.151703
1665   0.131426
1666   0.111601
1667   0.0920604
1668   0.0732467
1669   0.0549725
1670   0.0377702
1671   0.0214129
1672   0.0065794
1673   -0.00703857
1674   -0.0185431
1675   -0.0284497
1676   -0.0357218
1677   0.305683
1678   0.315646
1679   0.325722
1680   0.335879
1681   0.345985
1682   0.356021
1683   0.365641
1684   0.374882
1685   0.383152
1686   0.390534
1687   0.396264
1688   0.400416
1689   0.402324
1690   0.402009
1691   0.399297
1692   0.394155
1693   0.386944
1694   0.377489
1695   0.36651
1696   0.353632
1697   0.339769
1698   0.324348
1699   0.308386
1700   0.291155
1701   0.273726
1702   0.25527
1703   0.236886
1704   0.217685
1705   0.198786
1706   0.179272
1707   0.16027
1708   0.140866
1709   0.122184
1710   0.10334
1711   0.0854417
1712   0.0676624
1713   0.0510809
1714   0.034971
1715   0.0203482
1716   0.00667126
1717   -0.00517663
1718   -0.0154338
1719   -0.0235504
1720   0.292347
1721   0.30165
1722   0.311006
1723   0.320338
1724   0.329599
1725   0.338675
1726   0.347422
1727   0.355694
1728   0.363232
1729   0.369863
1730   0.375232
1731   0.379165
1732   0.381316
1733   0.381578
1734   0.379789
1735   0.375964
1736   0.370168
1737   0.36249
1738   0.353144
1739   0.342222
1740   0.330001
1741   0.316533
1742   0.302112
1743   0.286739
1744   0.270711
1745   0.253984
1746   0.236852
1747   0.219245
1748   0.201457
1749   0.183399
1750   0.165373
1751   0.147283
1752   0.129442
1753   0.11175
1754   0.0945443
1755   0.0777205
1756   0.0616524
1757   0.0462253
1758   0.0318829
1759   0.0184706
1760   0.00658835
1761   -0.00405683
1762   -0.0124597
1763   0.279394
1764   0.288093
1765   0.296764
1766   0.305383
1767   0.313835
1768   0.322132
1769   0.330007
1770   0.337535
1771   0.344279
1772   0.350357
1773   0.355228
1774   0.358993
1775   0.361178
1776   0.361809
1777   0.360692
1778   0.357751
1779   0.353163
1780   0.346711
1781   0.338906
1782   0.329361
1783   0.318827
1784   0.306748
1785   0.294035
1786   0.279989
1787   0.265622
1788   0.250127
1789   0.23458
1790   0.218101
1791   0.201806
1792   0.184772
1793   0.168141
1794   0.150968
1795   0.134413
1796   0.117525
1797   0.101474
1798   0.0853219
1799   0.0702427
1800   0.0553198
1801   0.0417257
1802   0.0285927
1803   0.0170539
1804   0.00638869
1805   -0.00250407
1806   0.266823
1807   0.274953
1808   0.283023
1809   0.290992
1810   0.298797
1811   0.306369
1812   0.313597
1813   0.320382
1814   0.326561
1815   0.332001
1816   0.3365
1817   0.339914
1818   0.34205
1819   0.342789
1820   0.342023
1821   0.339698
1822   0.335824
1823   0.330412
1824   0.323568
1825   0.315341
1826   0.305892
1827   0.295278
1828   0.283684
1829   0.271157
1830   0.257888
1831   0.243909
1832   0.22941
1833   0.214412
1834   0.199103
1835   0.183495
1836   0.167779
1837   0.151963
1838   0.13624
1839   0.120623
1840   0.10531
1841   0.0903191
1842   0.0758564
1843   0.0619507
1844   0.0488162
1845   0.036495
1846   0.0252099
1847   0.0150172
1848   0.00611955
