##### Y Mean #####
0   0.000532801
1   -0.0280725
2   -0.0614024
3   -0.0979798
4   -0.136935
5   -0.176463
6   -0.215953
7   -0.253896
8   -0.289902
9   -0.322461
10   -0.351917
11   -0.377715
12   -0.400248
13   -0.419277
14   -0.435088
15   -0.447605
16   -0.457059
17   -0.463465
18   -0.467104
19   -0.468108
20   -0.466755
21   -0.463265
22   -0.457846
23   -0.450736
24   -0.442123
25   -0.432278
26   -0.421396
27   -0.409767
28   -0.397543
29   -0.384954
30   -0.372102
31   -0.359154
32   -0.34617
33   -0.333252
34   -0.320433
35   -0.30777
36   -0.295287
37   -0.283018
38   -0.270984
39   -0.259208
40   -0.247708
41   -0.236502
42   -0.225605
43   0.0261655
44   -0.00315799
45   -0.0398197
46   -0.0786164
47   -0.122685
48   -0.164774
49   -0.209582
50   -0.24984
51   -0.291282
52   -0.325349
53   -0.358892
54   -0.386127
55   -0.411664
56   -0.432005
57   -0.449935
58   -0.463452
59   -0.474328
60   -0.481308
61   -0.485754
62   -0.487031
63   -0.485936
64   -0.482497
65   -0.476886
66   -0.469547
67   -0.460367
68   -0.450029
69   -0.438304
70   -0.426053
71   -0.412898
72   -0.399626
73   -0.385864
74   -0.372232
75   -0.358426
76   -0.344851
77   -0.331308
78   -0.318025
79   -0.3049
80   -0.292051
81   -0.279441
82   -0.267127
83   -0.255108
84   -0.243411
85   -0.232046
86   0.0567199
87   0.0289836
88   -0.00892782
89   -0.050648
90   -0.0973188
91   -0.14395
92   -0.191232
93   -0.236015
94   -0.279534
95   -0.319185
96   -0.355312
97   -0.387156
98   -0.415237
99   -0.439004
100   -0.45907
101   -0.474905
102   -0.487248
103   -0.495897
104   -0.501387
105   -0.503851
106   -0.503506
107   -0.500621
108   -0.495315
109   -0.487922
110   -0.478605
111   -0.467748
112   -0.455557
113   -0.44249
114   -0.428675
115   -0.414459
116   -0.399943
117   -0.385378
118   -0.370827
119   -0.356417
120   -0.34218
121   -0.328168
122   -0.314407
123   -0.30092
124   -0.287731
125   -0.274855
126   -0.262314
127   -0.250118
128   -0.238288
129   0.0911807
130   0.0637256
131   0.0258075
132   -0.0175517
133   -0.0675682
134   -0.116562
135   -0.167856
136   -0.21502
137   -0.262165
138   -0.304637
139   -0.345666
140   -0.380011
141   -0.412971
142   -0.438625
143   -0.463073
144   -0.480314
145   -0.495883
146   -0.506006
147   -0.513686
148   -0.517674
149   -0.518744
150   -0.51693
151   -0.512247
152   -0.505279
153   -0.495943
154   -0.48499
155   -0.472253
156   -0.458774
157   -0.44412
158   -0.429227
159   -0.413746
160   -0.39842
161   -0.382968
162   -0.367821
163   -0.352795
164   -0.338102
165   -0.323656
166   -0.309551
167   -0.295762
168   -0.282332
169   -0.269264
170   -0.256577
171   -0.244283
172   0.129142
173   0.1053
174   0.066735
175   0.0226854
176   -0.029439
177   -0.0818075
178   -0.135442
179   -0.186394
180   -0.236027
181   -0.282075
182   -0.325141
183   -0.363732
184   -0.398546
185   -0.428792
186   -0.455214
187   -0.477405
188   -0.495607
189   -0.509915
190   -0.520446
191   -0.527253
192   -0.530659
193   -0.530432
194   -0.527163
195   -0.520885
196   -0.512112
197   -0.501352
198   -0.488661
199   -0.474696
200   -0.459573
201   -0.44377
202   -0.427526
203   -0.411199
204   -0.394962
205   -0.378915
206   -0.363163
207   -0.3477
208   -0.332602
209   -0.317841
210   -0.303473
211   -0.289478
212   -0.275898
213   -0.26272
214   -0.249978
215   0.169069
216   0.146029
217   0.109035
218   0.063809
219   0.010258
220   -0.0439256
221   -0.100346
222   -0.153482
223   -0.205993
224   -0.254136
225   -0.300006
226   -0.340918
227   -0.378748
228   -0.411544
229   -0.44135
230   -0.466297
231   -0.489076
232   -0.505679
233   -0.521307
234   -0.529585
235   -0.537618
236   -0.538334
237   -0.53827
238   -0.532954
239   -0.525578
240   -0.51581
241   -0.503393
242   -0.489654
243   -0.473959
244   -0.457655
245   -0.440463
246   -0.423426
247   -0.406284
248   -0.389508
249   -0.372968
250   -0.356832
251   -0.34106
252   -0.325699
253   -0.310749
254   -0.296225
255   -0.282139
256   -0.268498
257   -0.255315
258   0.210512
259   0.192961
260   0.155168
261   0.110003
262   0.0550425
263   -0.00146066
264   -0.0595938
265   -0.115687
266   -0.170206
267   -0.221228
268   -0.269138
269   -0.312865
270   -0.352774
271   -0.388362
272   -0.420135
273   -0.4478
274   -0.47205
275   -0.492192
276   -0.508982
277   -0.521816
278   -0.531379
279   -0.537492
280   -0.539992
281   -0.539383
282   -0.534965
283   -0.527391
284   -0.516675
285   -0.503034
286   -0.487375
287   -0.470441
288   -0.452698
289   -0.43472
290   -0.416914
291   -0.399276
292   -0.382094
293   -0.365244
294   -0.348895
295   -0.332939
296   -0.317476
297   -0.302441
298   -0.287899
299   -0.273812
300   -0.260226
301   0.251318
302   0.234837
303   0.200474
304   0.155154
305   0.0998621
306   0.0424065
307   -0.0176752
308   -0.0753662
309   -0.132317
310   -0.185139
311   -0.235557
312   -0.281124
313   -0.323501
314   -0.360898
315   -0.394947
316   -0.424295
317   -0.450404
318   -0.472424
319   -0.491248
320   -0.506464
321   -0.518893
322   -0.527893
323   -0.535165
324   -0.537105
325   -0.538661
326   -0.53241
327   -0.525991
328   -0.512811
329   -0.497963
330   -0.481267
331   -0.463024
332   -0.444735
333   -0.426211
334   -0.408013
335   -0.390191
336   -0.372803
337   -0.355907
338   -0.339467
339   -0.323526
340   -0.308058
341   -0.293089
342   -0.278612
343   -0.264641
344   0.290833
345   0.28235
346   0.247877
347   0.20384
348   0.148595
349   0.0890903
350   0.0281114
351   -0.0320189
352   -0.0904888
353   -0.145857
354   -0.197979
355   -0.246008
356   -0.290078
357   -0.329761
358   -0.365398
359   -0.3968
360   -0.424478
361   -0.448368
362   -0.468859
363   -0.48603
364   -0.50017
365   -0.511349
366   -0.519989
367   -0.525491
368   -0.528357
369   -0.527873
370   -0.523706
371   -0.516542
372   -0.504281
373   -0.489127
374   -0.47155
375   -0.452671
376   -0.433897
377   -0.415086
378   -0.396928
379   -0.37908
380   -0.361839
381   -0.345005
382   -0.328722
383   -0.312894
384   -0.297591
385   -0.282772
386   -0.26848
387   0.325918
388   0.317445
389   0.292299
390   0.251438
391   0.197153
392   0.137155
393   0.0743645
394   0.0129333
395   -0.0476854
396   -0.104619
397   -0.158984
398   -0.208626
399   -0.254848
400   -0.296087
401   -0.33368
402   -0.366558
403   -0.395964
404   -0.42125
405   -0.44336
406   -0.461922
407   -0.477644
408   -0.49025
409   -0.500285
410   -0.507713
411   -0.512557
412   -0.514954
413   -0.515015
414   -0.510887
415   -0.505339
416   -0.491545
417   -0.476476
418   -0.45797
419   -0.43917
420   -0.420307
421   -0.401977
422   -0.383961
423   -0.366505
424   -0.349457
425   -0.332933
426   -0.316867
427   -0.301304
428   -0.28623
429   -0.271663
430   0.357906
431   0.354743
432   0.333762
433   0.301193
434   0.246338
435   0.185358
436   0.122296
437   0.0591037
438   -0.00261298
439   -0.0616971
440   -0.117472
441   -0.1693
442   -0.216976
443   -0.260261
444   -0.299256
445   -0.333978
446   -0.364714
447   -0.391616
448   -0.414977
449   -0.434995
450   -0.451925
451   -0.465932
452   -0.477332
453   -0.486223
454   -0.492748
455   -0.496953
456   -0.498754
457   -0.497783
458   -0.494116
459   -0.48704
460   -0.474078
461   -0.458735
462   -0.440997
463   -0.422581
464   -0.40468
465   -0.386856
466   -0.369506
467   -0.352487
468   -0.335926
469   -0.319784
470   -0.304093
471   -0.288864
472   -0.274105
473   0.386421
474   0.385252
475   0.371552
476   0.341663
477   0.292386
478   0.232985
479   0.16938
480   0.105692
481   0.0423959
482   -0.0178481
483   -0.0755403
484   -0.128716
485   -0.178307
486   -0.222939
487   -0.2637
488   -0.299705
489   -0.332007
490   -0.360099
491   -0.384846
492   -0.406003
493   -0.424206
494   -0.439407
495   -0.45203
496   -0.462231
497   -0.470048
498   -0.47575
499   -0.478974
500   -0.480094
501   -0.478364
502   -0.474292
503   -0.466759
504   -0.453853
505   -0.439151
506   -0.421997
507   -0.404978
508   -0.387682
509   -0.370744
510   -0.353979
511   -0.337593
512   -0.32153
513   -0.305856
514   -0.290577
515   -0.275722
516   0.412043
517   0.415077
518   0.406492
519   0.386087
520   0.336999
521   0.278906
522   0.216348
523   0.15205
524   0.0882993
525   0.0264616
526   -0.0322507
527   -0.0872808
528   -0.138047
529   -0.184493
530   -0.226436
531   -0.264103
532   -0.297541
533   -0.32711
534   -0.352944
535   -0.375434
536   -0.394731
537   -0.411208
538   -0.425012
539   -0.436462
540   -0.445577
541   -0.45259
542   -0.457357
543   -0.460048
544   -0.46031
545   -0.458305
546   -0.452958
547   -0.444601
548   -0.431892
549   -0.417536
550   -0.401911
551   -0.385952
552   -0.369776
553   -0.3537
554   -0.337714
555   -0.321991
556   -0.306475
557   -0.291312
558   -0.276442
559   0.434476
560   0.440425
561   0.437344
562   0.418751
563   0.377808
564   0.323202
565   0.261715
566   0.19795
567   0.133379
568   0.0709512
569   0.0107547
570   -0.0452422
571   -0.0976346
572   -0.145152
573   -0.188659
574   -0.2274
575   -0.262268
576   -0.292883
577   -0.320015
578   -0.343552
579   -0.364067
580   -0.381649
581   -0.396638
582   -0.409274
583   -0.419593
584   -0.427931
585   -0.43401
586   -0.438249
587   -0.440029
588   -0.439792
589   -0.436484
590   -0.430588
591   -0.421357
592   -0.409415
593   -0.396049
594   -0.381589
595   -0.366707
596   -0.351503
597   -0.33625
598   -0.321006
599   -0.305871
600   -0.290916
601   -0.276192
602   0.453719
603   0.462945
604   0.465055
605   0.456291
606   0.416779
607   0.365738
608   0.30637
609   0.242967
610   0.178568
611   0.115107
612   0.0543745
613   -0.00309111
614   -0.0562966
615   -0.105362
616   -0.149786
617   -0.190008
618   -0.225823
619   -0.257811
620   -0.285914
621   -0.31074
622   -0.332284
623   -0.35112
624   -0.367226
625   -0.381116
626   -0.392664
627   -0.402313
628   -0.409778
629   -0.415457
630   -0.41881
631   -0.420245
632   -0.41882
633   -0.415194
634   -0.408082
635   -0.398877
636   -0.387464
637   -0.374998
638   -0.361465
639   -0.347542
640   -0.333133
641   -0.318664
642   -0.304
643   -0.289469
644   -0.274937
645   0.469611
646   0.48183
647   0.488028
648   0.480894
649   0.452052
650   0.406327
651   0.349326
652   0.287135
653   0.222522
654   0.159071
655   0.0973236
656   0.0393543
657   -0.0151509
658   -0.0649565
659   -0.110724
660   -0.151786
661   -0.188892
662   -0.221775
663   -0.251108
664   -0.276894
665   -0.299637
666   -0.31952
667   -0.336831
668   -0.351863
669   -0.364653
670   -0.375553
671   -0.384343
672   -0.391385
673   -0.396215
674   -0.399141
675   -0.399535
676   -0.397623
677   -0.392959
678   -0.385857
679   -0.376771
680   -0.366096
681   -0.354299
682   -0.341649
683   -0.32841
684   -0.31476
685   -0.300824
686   -0.286752
687   -0.272631
688   0.482004
689   0.496446
690   0.507211
691   0.509217
692   0.484637
693   0.44648
694   0.391627
695   0.330097
696   0.266262
697   0.202251
698   0.14053
699   0.0814762
700   0.0265635
701   -0.0245181
702   -0.0709079
703   -0.113262
704   -0.151109
705   -0.185249
706   -0.215421
707   -0.242441
708   -0.266132
709   -0.287255
710   -0.305628
711   -0.321929
712   -0.335893
713   -0.348114
714   -0.358183
715   -0.366631
716   -0.372842
717   -0.377333
718   -0.379251
719   -0.379219
720   -0.376313
721   -0.371459
722   -0.364225
723   -0.355596
724   -0.345347
725   -0.334268
726   -0.322153
727   -0.309598
728   -0.296386
729   -0.283016
730   -0.269285
731   0.491034
732   0.508042
733   0.521315
734   0.525436
735   0.513529
736   0.481948
737   0.431551
738   0.372018
739   0.308541
740   0.245235
741   0.182951
742   0.123863
743   0.0679539
744   0.0164687
745   -0.0310431
746   -0.0739864
747   -0.112969
748   -0.147829
749   -0.179139
750   -0.207007
751   -0.23186
752   -0.25396
753   -0.273537
754   -0.290929
755   -0.306151
756   -0.319557
757   -0.330955
758   -0.340665
759   -0.348319
760   -0.35416
761   -0.357742
762   -0.359235
763   -0.358337
764   -0.355268
765   -0.35013
766   -0.34323
767   -0.334806
768   -0.325142
769   -0.31443
770   -0.302902
771   -0.290675
772   -0.277964
773   -0.264879
774   0.496532
775   0.515146
776   0.531592
777   0.541478
778   0.537748
779   0.519939
780   0.470558
781   0.411892
782   0.350419
783   0.287118
784   0.22546
785   0.165625
786   0.109692
787   0.0571859
788   0.00935312
789   -0.0346792
790   -0.0741711
791   -0.110144
792   -0.142134
793   -0.171152
794   -0.19685
795   -0.220151
796   -0.24072
797   -0.259368
798   -0.275701
799   -0.29042
800   -0.303019
801   -0.314113
802   -0.323047
803   -0.330395
804   -0.335371
805   -0.338592
806   -0.339269
807   -0.338163
808   -0.334707
809   -0.329739
810   -0.32286
811   -0.314853
812   -0.305383
813   -0.295137
814   -0.283799
815   -0.272001
816   -0.25947
817   0.498643
818   0.519075
819   0.538109
820   0.552353
821   0.55763
822   0.544232
823   0.505052
824   0.450981
825   0.390844
826   0.328979
827   0.267127
828   0.207655
829   0.150992
830   0.0984149
831   0.0496961
832   0.00534991
833   -0.0350905
834   -0.0715842
835   -0.104588
836   -0.134324
837   -0.161116
838   -0.185311
839   -0.207055
840   -0.226737
841   -0.244318
842   -0.26017
843   -0.274091
844   -0.286393
845   -0.296749
846   -0.305394
847   -0.311958
848   -0.316619
849   -0.319103
850   -0.319603
851   -0.318055
852   -0.314701
853   -0.309607
854   -0.303029
855   -0.295058
856   -0.285938
857   -0.275751
858   -0.264749
859   -0.253054
860   0.497506
861   0.518629
862   0.540734
863   0.559174
864   0.572697
865   0.573863
866   0.536811
867   0.486888
868   0.430092
869   0.369168
870   0.308434
871   0.248602
872   0.192307
873   0.139007
874   0.0903087
875   0.0451191
876   0.00443225
877   -0.0329942
878   -0.0664987
879   -0.0972679
880   -0.124791
881   -0.150119
882   -0.172781
883   -0.193682
884   -0.212317
885   -0.22946
886   -0.24453
887   -0.258198
888   -0.269787
889   -0.27991
890   -0.287813
891   -0.294117
892   -0.298076
893   -0.300378
894   -0.300387
895   -0.298851
896   -0.295245
897   -0.290322
898   -0.283627
899   -0.275883
900   -0.26668
901   -0.256738
902   -0.245718
903   0.493604
904   0.516239
905   0.540087
906   0.562942
907   0.582052
908   0.585946
909   0.563505
910   0.520991
911   0.467372
912   0.408755
913   0.348417
914   0.289503
915   0.232877
916   0.179943
917   0.130675
918   0.0854986
919   0.0440992
920   0.00637432
921   -0.027987
922   -0.0593364
923   -0.0878583
924   -0.113997
925   -0.137779
926   -0.159657
927   -0.179507
928   -0.197741
929   -0.214111
930   -0.228956
931   -0.241943
932   -0.253333
933   -0.262772
934   -0.270461
935   -0.276112
936   -0.279913
937   -0.281701
938   -0.281681
939   -0.279798
940   -0.27627
941   -0.271102
942   -0.264523
943   -0.256571
944   -0.247513
945   -0.23747
946   0.486992
947   0.50939
948   0.535489
949   0.560417
950   0.585825
951   0.602523
952   0.585554
953   0.552674
954   0.502881
955   0.445963
956   0.387439
957   0.328683
958   0.273002
959   0.219738
960   0.170919
961   0.125204
962   0.0838545
963   0.0454146
964   0.01074
965   -0.0214983
966   -0.0506366
967   -0.0778135
968   -0.102438
969   -0.125468
970   -0.146315
971   -0.165791
972   -0.183264
973   -0.199437
974   -0.213618
975   -0.226443
976   -0.237176
977   -0.246436
978   -0.253488
979   -0.258981
980   -0.262233
981   -0.263936
982   -0.263477
983   -0.261575
984   -0.257676
985   -0.252516
986   -0.245598
987   -0.237699
988   -0.228418
989   0.478271
990   0.501679
991   0.528007
992   0.555719
993   0.582881
994   0.601552
995   0.602401
996   0.578727
997   0.53498
998   0.481659
999   0.424394
1000   0.367408
1001   0.31193
1002   0.259573
1003   0.210572
1004   0.165231
1005   0.123451
1006   0.0849365
1007   0.0495942
1008   0.0169086
1009   -0.0131018
1010   -0.0410026
1011   -0.0666541
1012   -0.0905963
1013   -0.112585
1014   -0.133097
1015   -0.151807
1016   -0.16911
1017   -0.184631
1018   -0.198678
1019   -0.210875
1020   -0.221459
1021   -0.230104
1022   -0.237009
1023   -0.241934
1024   -0.245069
1025   -0.246264
1026   -0.245711
1027   -0.243335
1028   -0.239346
1029   -0.233737
1030   -0.226774
1031   -0.218574
1032   0.467379
1033   0.489791
1034   0.517056
1035   0.544957
1036   0.574849
1037   0.599275
1038   0.609808
1039   0.605047
1040   0.564598
1041   0.513747
1042   0.459829
1043   0.403592
1044   0.349778
1045   0.297516
1046   0.249446
1047   0.20392
1048   0.162497
1049   0.123527
1050   0.088055
1051   0.0546674
1052   0.0241596
1053   -0.0046341
1054   -0.0310341
1055   -0.0560057
1056   -0.0789073
1057   -0.100553
1058   -0.12029
1059   -0.138824
1060   -0.155469
1061   -0.17086
1062   -0.184279
1063   -0.196334
1064   -0.206295
1065   -0.214784
1066   -0.221084
1067   -0.225849
1068   -0.228399
1069   -0.229426
1070   -0.228293
1071   -0.225736
1072   -0.221181
1073   -0.215442
1074   -0.20806
1075   0.454911
1076   0.477474
1077   0.503629
1078   0.532274
1079   0.562468
1080   0.589993
1081   0.610708
1082   0.611981
1083   0.587269
1084   0.54379
1085   0.492436
1086   0.438784
1087   0.385685
1088   0.334886
1089   0.287087
1090   0.242302
1091   0.200786
1092   0.161958
1093   0.126061
1094   0.0923657
1095   0.0611777
1096   0.031775
1097   0.00451611
1098   -0.0212569
1099   -0.0451459
1100   -0.0677207
1101   -0.0885541
1102   -0.108118
1103   -0.125972
1104   -0.14249
1105   -0.157245
1106   -0.170528
1107   -0.181954
1108   -0.191752
1109   -0.199609
1110   -0.205715
1111   -0.209839
1112   -0.212157
1113   -0.212519
1114   -0.211119
1115   -0.2079
1116   -0.203125
1117   -0.196894
1118   0.440961
1119   0.461807
1120   0.487709
1121   0.514913
1122   0.545855
1123   0.574513
1124   0.602452
1125   0.62066
1126   0.602222
1127   0.568383
1128   0.521454
1129   0.469608
1130   0.419061
1131   0.369016
1132   0.322723
1133   0.278237
1134   0.237406
1135   0.198478
1136   0.162654
1137   0.128543
1138   0.0970212
1139   0.0669781
1140   0.039129
1141   0.0125582
1142   -0.0120873
1143   -0.0355842
1144   -0.0572958
1145   -0.0779006
1146   -0.0967398
1147   -0.114429
1148   -0.130277
1149   -0.14487
1150   -0.15749
1151   -0.168726
1152   -0.177847
1153   -0.185467
1154   -0.190863
1155   -0.194692
1156   -0.196254
1157   -0.196272
1158   -0.194106
1159   -0.190588
1160   -0.185211
1161   0.426246
1162   0.446691
1163   0.470659
1164   0.497501
1165   0.526998
1166   0.557183
1167   0.586149
1168   0.606414
1169   0.609438
1170   0.585362
1171   0.544869
1172   0.497604
1173   0.448978
1174   0.401288
1175   0.355985
1176   0.31267
1177   0.272237
1178   0.233703
1179   0.197835
1180   0.163627
1181   0.131761
1182   0.101322
1183   0.0729241
1184   0.0457659
1185   0.020419
1186   -0.00380131
1187   -0.0263495
1188   -0.0477932
1189   -0.0676085
1190   -0.0862505
1191   -0.103225
1192   -0.118885
1193   -0.132783
1194   -0.145185
1195   -0.155706
1196   -0.164551
1197   -0.171409
1198   -0.176451
1199   -0.179453
1200   -0.180593
1201   -0.179763
1202   -0.177214
1203   -0.173029
1204   0.410872
1205   0.429397
1206   0.452458
1207   0.477074
1208   0.505787
1209   0.534217
1210   0.564229
1211   0.588466
1212   0.599827
1213   0.597577
1214   0.562635
1215   0.518651
1216   0.474317
1217   0.428307
1218   0.385254
1219   0.34298
1220   0.303644
1221   0.265598
1222   0.230119
1223   0.195997
1224   0.164099
1225   0.133467
1226   0.104775
1227   0.0772201
1228   0.0513975
1229   0.0266108
1230   0.00344225
1231   -0.0187284
1232   -0.0392967
1233   -0.0588324
1234   -0.0766916
1235   -0.0934186
1236   -0.108326
1237   -0.121958
1238   -0.13359
1239   -0.143788
1240   -0.151804
1241   -0.158253
1242   -0.162387
1243   -0.164902
1244   -0.165101
1245   -0.163816
1246   -0.160495
1247   0.395436
1248   0.413303
1249   0.434147
1250   0.457602
1251   0.48361
1252   0.51104
1253   0.538628
1254   0.563553
1255   0.581766
1256   0.584856
1257   0.570612
1258   0.534597
1259   0.49417
1260   0.451381
1261   0.410413
1262   0.369855
1263   0.331743
1264   0.294531
1265   0.259688
1266   0.225894
1267   0.194246
1268   0.163626
1269   0.134907
1270   0.107142
1271   0.0810751
1272   0.0559047
1273   0.0322994
1274   0.00959183
1275   -0.011601
1276   -0.0318219
1277   -0.0504982
1278   -0.0680568
1279   -0.083974
1280   -0.0985717
1281   -0.111385
1282   -0.122648
1283   -0.131969
1284   -0.139519
1285   -0.145003
1286   -0.148579
1287   -0.150083
1288   -0.149749
1289   -0.147632
1290   0.379964
1291   0.396059
1292   0.415694
1293   0.436681
1294   0.460934
1295   0.485336
1296   0.511309
1297   0.53422
1298   0.554959
1299   0.567392
1300   0.559245
1301   0.539299
1302   0.504511
1303   0.465776
1304   0.428314
1305   0.390358
1306   0.354067
1307   0.318445
1308   0.28461
1309   0.251771
1310   0.220648
1311   0.190548
1312   0.162028
1313   0.134461
1314   0.108349
1315   0.0831186
1316   0.0592697
1317   0.0362729
1318   0.0146578
1319   -0.0060736
1320   -0.0253434
1321   -0.0436338
1322   -0.0603084
1323   -0.0758518
1324   -0.0895662
1325   -0.10196
1326   -0.11228
1327   -0.121088
1328   -0.127601
1329   -0.132474
1330   -0.134955
1331   -0.135863
1332   -0.134596
1333   0.364849
1334   0.380211
1335   0.397775
1336   0.417308
1337   0.438678
1338   0.461232
1339   0.48386
1340   0.505767
1341   0.524121
1342   0.537814
1343   0.540307
1344   0.527672
1345   0.505774
1346   0.472858
1347   0.440055
1348   0.404942
1349   0.371417
1350   0.33757
1351   0.305521
1352   0.273804
1353   0.243831
1354   0.2144
1355   0.186582
1356   0.159353
1357   0.133603
1358   0.108452
1359   0.0846842
1360   0.0615503
1361   0.0397631
1362   0.0186968
1363   -0.000990074
1364   -0.019804
1365   -0.0371383
1366   -0.0533824
1367   -0.0679873
1368   -0.0812317
1369   -0.0926379
1370   -0.102394
1371   -0.110118
1372   -0.115958
1373   -0.119679
1374   -0.121492
1375   -0.121413
1376   0.350042
1377   0.363958
1378   0.38032
1379   0.3977
1380   0.417256
1381   0.437067
1382   0.457766
1383   0.476998
1384   0.494452
1385   0.50731
1386   0.512673
1387   0.509536
1388   0.492771
1389   0.469402
1390   0.441424
1391   0.411626
1392   0.381181
1393   0.350584
1394   0.320553
1395   0.290952
1396   0.262305
1397   0.234276
1398   0.207301
1399   0.180979
1400   0.155718
1401   0.131101
1402   0.107545
1403   0.0846365
1404   0.0628252
1405   0.0417062
1406   0.0217801
1407   0.00264449
1408   -0.0151331
1409   -0.031964
1410   -0.047202
1411   -0.0612836
1412   -0.0734804
1413   -0.0842813
1414   -0.0928925
1415   -0.0999042
1416   -0.104521
1417   -0.107519
1418   -0.108247
1419   0.335739
1420   0.348939
1421   0.363606
1422   0.379602
1423   0.396756
1424   0.414725
1425   0.432589
1426   0.450053
1427   0.46497
1428   0.477289
1429   0.483068
1430   0.483469
1431   0.474519
1432   0.457642
1433   0.436477
1434   0.411429
1435   0.385521
1436   0.358063
1437   0.331085
1438   0.303591
1439   0.277051
1440   0.250446
1441   0.224936
1442   0.199557
1443   0.175294
1444   0.151264
1445   0.12834
1446   0.105733
1447   0.0842449
1448   0.0631826
1449   0.0432923
1450   0.0239881
1451   0.00596407
1452   -0.0112503
1453   -0.027016
1454   -0.0416804
1455   -0.054672
1456   -0.0662179
1457   -0.0758415
1458   -0.0836879
1459   -0.0894353
1460   -0.093262
1461   -0.0951306
1462   0.321857
1463   0.333936
1464   0.347534
1465   0.361829
1466   0.377407
1467   0.393198
1468   0.409318
1469   0.424571
1470   0.438314
1471   0.449446
1472   0.456171
1473   0.45833
1474   0.452901
1475   0.441801
1476   0.42539
1477   0.405721
1478   0.383675
1479   0.36025
1480   0.336095
1481   0.311521
1482   0.287001
1483   0.26251
1484   0.238431
1485   0.21458
1486   0.191309
1487   0.168363
1488   0.146094
1489   0.124214
1490   0.103102
1491   0.0824567
1492   0.0626993
1493   0.0435178
1494   0.0253975
1495   0.00801089
1496   -0.00807387
1497   -0.0232106
1498   -0.0367301
1499   -0.049036
1500   -0.0593544
1501   -0.068189
1502   -0.0747115
1503   -0.0796304
1504   -0.0822336
1505   0.308467
1506   0.319867
1507   0.332148
1508   0.345238
1509   0.358967
1510   0.373173
1511   0.387157
1512   0.400835
1513   0.412782
1514   0.423109
1515   0.429662
1516   0.432806
1517   0.43047
1518   0.423055
1519   0.411354
1520   0.3958
1521   0.378073
1522   0.358062
1523   0.337338
1524   0.315362
1525   0.293464
1526   0.270896
1527   0.248801
1528   0.226354
1529   0.204575
1530   0.182633
1531   0.161465
1532   0.140275
1533   0.119938
1534   0.0997164
1535   0.0804386
1536   0.0614435
1537   0.0435131
1538   0.0260835
1539   0.00988693
1540   -0.0055211
1541   -0.0194696
1542   -0.0322631
1543   -0.0433183
1544   -0.0528067
1545   -0.0602967
1546   -0.0659315
1547   -0.0695916
1548   0.295496
1549   0.306017
1550   0.317377
1551   0.329154
1552   0.341588
1553   0.354127
1554   0.366685
1555   0.378667
1556   0.389536
1557   0.398769
1558   0.405289
1559   0.408867
1560   0.408151
1561   0.403581
1562   0.394962
1563   0.383207
1564   0.36875
1565   0.352319
1566   0.334418
1567   0.315431
1568   0.295785
1569   0.275604
1570   0.255247
1571   0.234676
1572   0.214214
1573   0.193733
1574   0.173543
1575   0.153471
1576   0.133835
1577   0.114435
1578   0.095619
1579   0.077166
1580   0.0594733
1581   0.0423012
1582   0.0261175
1583   0.0106571
1584   -0.00351157
1585   -0.0166967
1586   -0.0281981
1587   -0.0384112
1588   -0.0465105
1589   -0.0530951
1590   -0.057382
1591   0.282957
1592   0.292839
1593   0.303181
1594   0.313946
1595   0.324987
1596   0.336244
1597   0.34722
1598   0.357929
1599   0.367443
1600   0.375874
1601   0.381944
1602   0.385808
1603   0.386326
1604   0.38364
1605   0.377717
1606   0.368734
1607   0.357452
1608   0.343835
1609   0.328925
1610   0.312393
1611   0.295316
1612   0.277139
1613   0.258905
1614   0.239921
1615   0.221185
1616   0.201938
1617   0.183141
1618   0.164013
1619   0.145482
1620   0.126782
1621   0.108812
1622   0.0908428
1623   0.073741
1624   0.0568433
1625   0.0409762
1626   0.0255705
1627   0.0114016
1628   -0.00196596
1629   -0.0138328
1630   -0.0244599
1631   -0.0332823
1632   -0.040426
1633   -0.0456444
1634   0.270803
1635   0.279977
1636   0.289533
1637   0.299288
1638   0.309292
1639   0.319289
1640   0.32914
1641   0.338554
1642   0.34715
1643   0.354638
1644   0.360402
1645   0.364226
1646   0.365454
1647   0.364103
1648   0.359948
1649   0.353283
1650   0.344283
1651   0.333305
1652   0.320681
1653   0.306673
1654   0.291632
1655   0.275687
1656   0.259165
1657   0.242085
1658   0.224748
1659   0.207102
1660   0.18943
1661   0.171635
1662   0.153998
1663   0.136393
1664   0.119114
1665   0.102017
1666   0.0854192
1667   0.0691632
1668   0.0536094
1669   0.0385824
1670   0.0245151
1671   0.0112004
1672   -0.000808338
1673   -0.0117832
1674   -0.0209893
1675   -0.028866
1676   -0.0345621
1677   0.259033
1678   0.267615
1679   0.276379
1680   0.285305
1681   0.29427
1682   0.303271
1683   0.311954
1684   0.320384
1685   0.327941
1686   0.334746
1687   0.33999
1688   0.343796
1689   0.345443
1690   0.345011
1691   0.342273
1692   0.337271
1693   0.33031
1694   0.321304
1695   0.310909
1696   0.298845
1697   0.285947
1698   0.271748
1699   0.257163
1700   0.241579
1701   0.225944
1702   0.209548
1703   0.193351
1704   0.17659
1705   0.160221
1706   0.143461
1707   0.12726
1708   0.110839
1709   0.095132
1710   0.0793884
1711   0.064523
1712   0.0498346
1713   0.0362071
1714   0.0230268
1715   0.0111219
1716   3.44883e-05
1717   -0.00951661
1718   -0.0177369
1719   -0.02418
1720   0.247623
1721   0.255617
1722   0.263724
1723   0.271877
1724   0.280039
1725   0.288104
1726   0.295936
1727   0.303395
1728   0.310224
1729   0.316255
1730   0.321132
1731   0.324685
1732   0.326564
1733   0.326673
1734   0.324846
1735   0.321116
1736   0.315549
1737   0.308257
1738   0.299452
1739   0.28925
1740   0.277925
1741   0.265548
1742   0.252404
1743   0.238512
1744   0.224146
1745   0.209281
1746   0.19418
1747   0.178787
1748   0.163355
1749   0.147808
1750   0.1324
1751   0.117042
1752   0.101992
1753   0.0871584
1754   0.072813
1755   0.0588586
1756   0.0455969
1757   0.0329208
1758   0.0211894
1759   0.0102628
1760   0.000630157
1761   -0.00796157
1762   -0.0146862
1763   0.236568
1764   0.24403
1765   0.251516
1766   0.259013
1767   0.266409
1768   0.273735
1769   0.280716
1770   0.287453
1771   0.29349
1772   0.298977
1773   0.303341
1774   0.306729
1775   0.308617
1776   0.309093
1777   0.307906
1778   0.305051
1779   0.300648
1780   0.294559
1781   0.287228
1782   0.278359
1783   0.268623
1784   0.257565
1785   0.245997
1786   0.233331
1787   0.220462
1788   0.206703
1789   0.192992
1790   0.178578
1791   0.164421
1792   0.149734
1793   0.135485
1794   0.120872
1795   0.106866
1796   0.0926641
1797   0.0792378
1798   0.0657943
1799   0.0533039
1800   0.0409955
1801   0.0298332
1802   0.0190889
1803   0.00969262
1804   0.00104012
1805   -0.00613152
1806   0.225858
1807   0.232822
1808   0.239774
1809   0.24668
1810   0.253485
1811   0.260129
1812   0.266506
1813   0.272525
1814   0.278025
1815   0.282883
1816   0.286894
1817   0.289923
1818   0.291775
1819   0.292341
1820   0.291511
1821   0.289245
1822   0.285551
1823   0.280456
1824   0.274067
1825   0.266447
1826   0.257757
1827   0.248065
1828   0.237552
1829   0.226274
1830   0.214414
1831   0.202008
1832   0.189232
1833   0.176109
1834   0.162804
1835   0.14933
1836   0.135848
1837   0.122363
1838   0.109035
1839   0.0958694
1840   0.0830259
1841   0.0705138
1842   0.058497
1843   0.046992
1844   0.0361691
1845   0.0260555
1846   0.0168286
1847   0.00852803
1848   0.0013154
