##### Y Mean #####
0   -0.00373327
1   -0.0262396
2   -0.0521628
3   -0.0801971
4   -0.1095
5   -0.138513
6   -0.166733
7   -0.193154
8   -0.217667
9   -0.239715
10   -0.259415
11   -0.276485
12   -0.291151
13   -0.303292
14   -0.313173
15   -0.320768
16   -0.326347
17   -0.329942
18   -0.331813
19   -0.332021
20   -0.330806
21   -0.328246
22   -0.324554
23   -0.319813
24   -0.314208
25   -0.30782
26   -0.300804
27   -0.293234
28   -0.28524
29   -0.276886
30   -0.268276
31   -0.259465
32   -0.250533
33   -0.241528
34   -0.232511
35   -0.223519
36   -0.214597
37   -0.205776
38   -0.197089
39   -0.188559
40   -0.180209
41   -0.172058
42   -0.16412
43   0.0145059
44   -0.0090022
45   -0.0380259
46   -0.0683014
47   -0.102062
48   -0.133419
49   -0.165678
50   -0.194011
51   -0.221706
52   -0.245122
53   -0.267177
54   -0.285128
55   -0.301459
56   -0.314079
57   -0.325069
58   -0.332826
59   -0.339076
60   -0.342591
61   -0.344794
62   -0.344745
63   -0.343609
64   -0.340672
65   -0.336875
66   -0.331682
67   -0.325845
68   -0.318967
69   -0.311637
70   -0.303567
71   -0.29521
72   -0.286364
73   -0.277367
74   -0.268083
75   -0.258758
76   -0.249307
77   -0.2399
78   -0.230491
79   -0.221192
80   -0.211984
81   -0.202936
82   -0.194048
83   -0.185357
84   -0.176874
85   -0.168619
86   0.0365955
87   0.0137867
88   -0.0168542
89   -0.0501549
90   -0.0867113
91   -0.122492
92   -0.157441
93   -0.189719
94   -0.219552
95   -0.246072
96   -0.269684
97   -0.289952
98   -0.307336
99   -0.321615
100   -0.333245
101   -0.342127
102   -0.34869
103   -0.352909
104   -0.355174
105   -0.355505
106   -0.354246
107   -0.351446
108   -0.3474
109   -0.34217
110   -0.336004
111   -0.328967
112   -0.321263
113   -0.312955
114   -0.304204
115   -0.29507
116   -0.285678
117   -0.276079
118   -0.266368
119   -0.256589
120   -0.24681
121   -0.237071
122   -0.227417
123   -0.217882
124   -0.208496
125   -0.199287
126   -0.190274
127   -0.181483
128   -0.172923
129   0.0618927
130   0.0386999
131   0.00726731
132   -0.0282021
133   -0.0683181
134   -0.106863
135   -0.145927
136   -0.180731
137   -0.214133
138   -0.242677
139   -0.269122
140   -0.290903
141   -0.310434
142   -0.325768
143   -0.338956
144   -0.348509
145   -0.356143
146   -0.360723
147   -0.363672
148   -0.364126
149   -0.363254
150   -0.360403
151   -0.356522
152   -0.351122
153   -0.344961
154   -0.337678
155   -0.329868
156   -0.32127
157   -0.312339
158   -0.302894
159   -0.293273
160   -0.283357
161   -0.273388
162   -0.263292
163   -0.253239
164   -0.243188
165   -0.233249
166   -0.223409
167   -0.213733
168   -0.204226
169   -0.194924
170   -0.185841
171   -0.176998
172   0.0902673
173   0.0692673
174   0.0364539
175   -0.000667915
176   -0.0435476
177   -0.0859863
178   -0.127825
179   -0.166625
180   -0.202479
181   -0.234482
182   -0.262939
183   -0.287516
184   -0.308599
185   -0.326093
186   -0.340405
187   -0.351557
188   -0.359947
189   -0.365659
190   -0.369065
191   -0.370278
192   -0.369632
193   -0.367254
194   -0.363432
195   -0.35829
196   -0.35207
197   -0.34489
198   -0.336944
199   -0.328338
200   -0.319222
201   -0.309691
202   -0.299857
203   -0.289799
204   -0.279599
205   -0.269325
206   -0.259029
207   -0.24877
208   -0.238581
209   -0.228512
210   -0.218578
211   -0.208825
212   -0.199258
213   -0.189919
214   -0.180808
215   0.120719
216   0.0998498
217   0.0672593
218   0.0282419
219   -0.0170956
220   -0.0618449
221   -0.107225
222   -0.148458
223   -0.187837
224   -0.222104
225   -0.253667
226   -0.280165
227   -0.303802
228   -0.322811
229   -0.33912
230   -0.351393
231   -0.361279
232   -0.367769
233   -0.372251
234   -0.373965
235   -0.37406
236   -0.37197
237   -0.368631
238   -0.363622
239   -0.357693
240   -0.350537
241   -0.342741
242   -0.334084
243   -0.325016
244   -0.315385
245   -0.305523
246   -0.295331
247   -0.285047
248   -0.274612
249   -0.264188
250   -0.253748
251   -0.243395
252   -0.233124
253   -0.222996
254   -0.213022
255   -0.203237
256   -0.19366
257   -0.184314
258   0.152954
259   0.136246
260   0.102118
261   0.0619283
262   0.0144724
263   -0.0335377
264   -0.0811423
265   -0.12602
266   -0.167725
267   -0.205478
268   -0.239233
269   -0.268784
270   -0.294302
271   -0.315829
272   -0.333641
273   -0.347899
274   -0.358921
275   -0.366921
276   -0.372219
277   -0.375048
278   -0.375704
279   -0.374415
280   -0.371441
281   -0.366992
282   -0.361284
283   -0.354505
284   -0.346826
285   -0.33841
286   -0.329384
287   -0.31989
288   -0.310015
289   -0.29988
290   -0.28954
291   -0.279096
292   -0.26858
293   -0.258076
294   -0.247595
295   -0.237213
296   -0.226923
297   -0.216795
298   -0.206815
299   -0.197051
300   -0.187485
301   0.185177
302   0.169014
303   0.137036
304   0.0959913
305   0.0470152
306   -0.00256824
307   -0.0531257
308   -0.100113
309   -0.145124
310   -0.185155
311   -0.222087
312   -0.25377
313   -0.282078
314   -0.305422
315   -0.32554
316   -0.341252
317   -0.354102
318   -0.363214
319   -0.369918
320   -0.37357
321   -0.375283
322   -0.374587
323   -0.372395
324   -0.368365
325   -0.363227
326   -0.356737
327   -0.349466
328   -0.341242
329   -0.332501
330   -0.323125
331   -0.313437
332   -0.303361
333   -0.293127
334   -0.282692
335   -0.272211
336   -0.261669
337   -0.251162
338   -0.240694
339   -0.230322
340   -0.220064
341   -0.209952
342   -0.200015
343   -0.190279
344   0.216746
345   0.207524
346   0.17482
347   0.133905
348   0.0842896
349   0.0316071
350   -0.0204935
351   -0.0708514
352   -0.117964
353   -0.161388
354   -0.200529
355   -0.235351
356   -0.265694
357   -0.291752
358   -0.313599
359   -0.331551
360   -0.345795
361   -0.356696
362   -0.364489
363   -0.369541
364   -0.372087
365   -0.372474
366   -0.370913
367   -0.367715
368   -0.363054
369   -0.357201
370   -0.350289
371   -0.34255
372   -0.334075
373   -0.325062
374   -0.315565
375   -0.305751
376   -0.295642
377   -0.285381
378   -0.274964
379   -0.264516
380   -0.254013
381   -0.243566
382   -0.233138
383   -0.222833
384   -0.212608
385   -0.202565
386   -0.192667
387   0.244715
388   0.235134
389   0.210714
390   0.172374
391   0.122594
392   0.06875
393   0.0137619
394   -0.0385692
395   -0.0888426
396   -0.134493
397   -0.176778
398   -0.213783
399   -0.246996
400   -0.275006
401   -0.299319
402   -0.318911
403   -0.335191
404   -0.347424
405   -0.356857
406   -0.362968
407   -0.36682
408   -0.368044
409   -0.367518
410   -0.364983
411   -0.361142
412   -0.355817
413   -0.349556
414   -0.342238
415   -0.334277
416   -0.325597
417   -0.3165
418   -0.30694
419   -0.297131
420   -0.287052
421   -0.276844
422   -0.266507
423   -0.256127
424   -0.245719
425   -0.235333
426   -0.224996
427   -0.214738
428   -0.204599
429   -0.194608
430   0.270351
431   0.265291
432   0.244555
433   0.21353
434   0.162569
435   0.106731
436   0.0507774
437   -0.00431987
438   -0.0564
439   -0.105163
440   -0.14953
441   -0.189582
442   -0.224815
443   -0.255567
444   -0.281675
445   -0.303616
446   -0.321415
447   -0.335599
448   -0.346286
449   -0.353994
450   -0.358872
451   -0.361398
452   -0.361712
453   -0.360239
454   -0.357091
455   -0.352636
456   -0.346949
457   -0.340344
458   -0.332859
459   -0.32476
460   -0.316051
461   -0.306958
462   -0.297454
463   -0.287735
464   -0.277751
465   -0.267673
466   -0.257434
467   -0.247189
468   -0.23686
469   -0.226595
470   -0.216313
471   -0.206163
472   -0.196078
473   0.29337
474   0.290057
475   0.275807
476   0.246996
477   0.20063
478   0.145732
479   0.0882018
480   0.0318942
481   -0.0227987
482   -0.0734543
483   -0.120715
484   -0.162794
485   -0.200801
486   -0.233456
487   -0.262035
488   -0.28565
489   -0.305564
490   -0.321175
491   -0.333635
492   -0.342544
493   -0.348899
494   -0.352436
495   -0.353982
496   -0.353366
497   -0.351251
498   -0.347528
499   -0.34271
500   -0.336732
501   -0.329978
502   -0.322411
503   -0.31431
504   -0.305659
505   -0.29665
506   -0.287284
507   -0.277685
508   -0.267869
509   -0.257909
510   -0.247832
511   -0.237679
512   -0.227489
513   -0.217284
514   -0.207122
515   -0.197035
516   0.314262
517   0.314576
518   0.305097
519   0.284993
520   0.238297
521   0.183807
522   0.126658
523   0.0687763
524   0.0129032
525   -0.0403112
526   -0.0893104
527   -0.13415
528   -0.173977
529   -0.20924
530   -0.239523
531   -0.265456
532   -0.286884
533   -0.304495
534   -0.318272
535   -0.328885
536   -0.336379
537   -0.341368
538   -0.343905
539   -0.344531
540   -0.343284
541   -0.34063
542   -0.336575
543   -0.331516
544   -0.325429
545   -0.318649
546   -0.311122
547   -0.303135
548   -0.294606
549   -0.285784
550   -0.276569
551   -0.267179
552   -0.257501
553   -0.247734
554   -0.237758
555   -0.227765
556   -0.217635
557   -0.207567
558   -0.197461
559   0.332778
560   0.335864
561   0.33129
562   0.312644
563   0.273285
564   0.221723
565   0.164723
566   0.106694
567   0.049031
568   -0.00549653
569   -0.0569326
570   -0.103437
571   -0.145771
572   -0.18272
573   -0.215339
574   -0.242843
575   -0.266349
576   -0.285372
577   -0.300961
578   -0.31283
579   -0.321899
580   -0.328006
581   -0.331918
582   -0.333547
583   -0.333506
584   -0.331753
585   -0.328758
586   -0.324508
587   -0.31935
588   -0.313286
589   -0.306564
590   -0.299198
591   -0.291353
592   -0.283051
593   -0.274397
594   -0.265421
595   -0.25618
596   -0.246715
597   -0.237053
598   -0.227247
599   -0.217313
600   -0.207325
601   -0.197318
602   0.348817
603   0.354773
604   0.355151
605   0.345726
606   0.307386
607   0.258637
608   0.203164
609   0.14463
610   0.0864609
611   0.0300005
612   -0.0226673
613   -0.0715135
614   -0.115315
615   -0.154613
616   -0.188715
617   -0.2184
618   -0.243307
619   -0.264286
620   -0.281166
621   -0.294771
622   -0.305024
623   -0.312674
624   -0.317675
625   -0.320682
626   -0.321645
627   -0.321126
628   -0.319054
629   -0.315905
630   -0.311585
631   -0.306498
632   -0.300524
633   -0.294008
634   -0.286811
635   -0.279233
636   -0.271118
637   -0.262736
638   -0.253917
639   -0.244912
640   -0.23555
641   -0.226074
642   -0.216318
643   -0.206537
644   -0.196595
645   0.362234
646   0.37112
647   0.375142
648   0.36709
649   0.338778
650   0.294882
651   0.240989
652   0.183066
653   0.123817
654   0.0667013
655   0.0121405
656   -0.0378767
657   -0.0838186
658   -0.124473
659   -0.160683
660   -0.191737
661   -0.218601
662   -0.240892
663   -0.25955
664   -0.274396
665   -0.286262
666   -0.295085
667   -0.301554
668   -0.305669
669   -0.307974
670   -0.308496
671   -0.307647
672   -0.305466
673   -0.302253
674   -0.29805
675   -0.293063
676   -0.287336
677   -0.281002
678   -0.274105
679   -0.266723
680   -0.258901
681   -0.250679
682   -0.242108
683   -0.233203
684   -0.224029
685   -0.214596
686   -0.204992
687   -0.195258
688   0.372785
689   0.383626
690   0.392056
691   0.392662
692   0.368305
693   0.331383
694   0.279129
695   0.221118
696   0.16205
697   0.103574
698   0.0484006
699   -0.00350467
700   -0.0504776
701   -0.093169
702   -0.130567
703   -0.1636
704   -0.191679
705   -0.215818
706   -0.235676
707   -0.252233
708   -0.265274
709   -0.275683
710   -0.283299
711   -0.288888
712   -0.292302
713   -0.294192
714   -0.294401
715   -0.29348
716   -0.291257
717   -0.288201
718   -0.284119
719   -0.279417
720   -0.273888
721   -0.267885
722   -0.261191
723   -0.254125
724   -0.246463
725   -0.238502
726   -0.230021
727   -0.221311
728   -0.212163
729   -0.202886
730   -0.193307
731   0.3806
732   0.394002
733   0.404636
734   0.40719
735   0.394975
736   0.364242
737   0.315814
738   0.259296
739   0.199842
740   0.141482
741   0.0849635
742   0.0324104
743   -0.0163305
744   -0.0600129
745   -0.099256
746   -0.133403
747   -0.163266
748   -0.188563
749   -0.210112
750   -0.227847
751   -0.242493
752   -0.254089
753   -0.263231
754   -0.270001
755   -0.274861
756   -0.277905
757   -0.279473
758   -0.279657
759   -0.278696
760   -0.276673
761   -0.273744
762   -0.269982
763   -0.265483
764   -0.26031
765   -0.254511
766   -0.248147
767   -0.241235
768   -0.233839
769   -0.225957
770   -0.217665
771   -0.208967
772   -0.199968
773   -0.190712
774   0.385423
775   0.40027
776   0.413993
777   0.421959
778   0.417676
779   0.400224
780   0.352403
781   0.296139
782   0.23818
783   0.179131
784   0.12267
785   0.0686507
786   0.0193109
787   -0.0260949
788   -0.066199
789   -0.102088
790   -0.132935
791   -0.159926
792   -0.182544
793   -0.201919
794   -0.217699
795   -0.230886
796   -0.241203
797   -0.249511
798   -0.255558
799   -0.260075
800   -0.262812
801   -0.264387
802   -0.264546
803   -0.263816
804   -0.261932
805   -0.25935
806   -0.255796
807   -0.251673
808   -0.246701
809   -0.241245
810   -0.235024
811   -0.228383
812   -0.221044
813   -0.213351
814   -0.205046
815   -0.196495
816   -0.187487
817   0.387385
818   0.404094
819   0.420208
820   0.432427
821   0.436726
822   0.423372
823   0.385249
824   0.333169
825   0.275924
826   0.217801
827   0.160462
828   0.106255
829   0.0554904
830   0.00946864
831   -0.0321916
832   -0.068902
833   -0.101317
834   -0.129274
835   -0.153456
836   -0.173917
837   -0.191258
838   -0.205622
839   -0.217489
840   -0.227027
841   -0.234593
842   -0.240351
843   -0.244554
844   -0.247346
845   -0.248895
846   -0.249322
847   -0.24873
848   -0.24722
849   -0.244841
850   -0.24168
851   -0.237749
852   -0.233125
853   -0.227798
854   -0.221842
855   -0.21524
856   -0.208077
857   -0.200349
858   -0.192176
859   -0.183608
860   0.386545
861   0.403863
862   0.423024
863   0.439202
864   0.451548
865   0.452339
866   0.416036
867   0.367618
868   0.313281
869   0.25551
870   0.19879
871   0.143589
872   0.0926715
873   0.0452884
874   0.00314188
875   -0.0350243
876   -0.0681528
877   -0.0976071
878   -0.122698
879   -0.144695
880   -0.163105
881   -0.179034
882   -0.192083
883   -0.203188
884   -0.211997
885   -0.219297
886   -0.224753
887   -0.229032
888   -0.231803
889   -0.233638
890   -0.234203
891   -0.233997
892   -0.232682
893   -0.230704
894   -0.227719
895   -0.224138
896   -0.219619
897   -0.214551
898   -0.208604
899   -0.202169
900   -0.194937
901   -0.187332
902   -0.179105
903   0.383367
904   0.402275
905   0.423056
906   0.443577
907   0.461206
908   0.464503
909   0.442394
910   0.401045
911   0.349369
912   0.293467
913   0.236555
914   0.181786
915   0.12992
916   0.0824038
917   0.0390718
918   0.000435008
919   -0.033994
920   -0.0641939
921   -0.0906848
922   -0.11366
923   -0.133556
924   -0.150634
925   -0.165223
926   -0.177584
927   -0.187946
928   -0.196547
929   -0.203533
930   -0.209107
931   -0.213353
932   -0.216438
933   -0.218396
934   -0.219363
935   -0.219336
936   -0.218425
937   -0.216604
938   -0.213963
939   -0.210462
940   -0.206188
941   -0.201102
942   -0.1953
943   -0.188766
944   -0.181635
945   -0.17396
946   0.377836
947   0.396487
948   0.419529
949   0.441968
950   0.46575
951   0.481513
952   0.464646
953   0.432557
954   0.384337
955   0.329629
956   0.274102
957   0.218937
958   0.16755
959   0.119127
960   0.0757735
961   0.0360261
962   0.00119392
963   -0.0302683
964   -0.0574921
965   -0.0818658
966   -0.102754
967   -0.121332
968   -0.137088
969   -0.151002
970   -0.16263
971   -0.172791
972   -0.181077
973   -0.188182
974   -0.193712
975   -0.198267
976   -0.201457
977   -0.203809
978   -0.204931
979   -0.205297
980   -0.204515
981   -0.203022
982   -0.200427
983   -0.197154
984   -0.192822
985   -0.187861
986   -0.181919
987   -0.175468
988   -0.168222
989   0.370531
990   0.390289
991   0.4135
992   0.43869
993   0.46402
994   0.481607
995   0.482195
996   0.45902
997   0.41644
998   0.364967
999   0.310195
1000   0.256373
1001   0.204642
1002   0.156672
1003   0.112574
1004   0.0727443
1005   0.0369252
1006   0.00494627
1007   -0.0234789
1008   -0.0487145
1009   -0.070974
1010   -0.0906547
1011   -0.107891
1012   -0.123051
1013   -0.136209
1014   -0.147683
1015   -0.157501
1016   -0.165929
1017   -0.172958
1018   -0.178805
1019   -0.183433
1020   -0.187013
1021   -0.189487
1022   -0.19099
1023   -0.191451
1024   -0.190978
1025   -0.189497
1026   -0.187104
1027   -0.183735
1028   -0.179497
1029   -0.174359
1030   -0.168469
1031   -0.161881
1032   0.361331
1033   0.380119
1034   0.404308
1035   0.4296
1036   0.457573
1037   0.480658
1038   0.490745
1039   0.486164
1040   0.446576
1041   0.397162
1042   0.34537
1043   0.291816
1044   0.241335
1045   0.192944
1046   0.149342
1047   0.108796
1048   0.0728995
1049   0.0399392
1050   0.0109624
1051   -0.0154842
1052   -0.0386396
1053   -0.0596927
1054   -0.0780433
1055   -0.0946684
1056   -0.10906
1057   -0.122036
1058   -0.133138
1059   -0.143063
1060   -0.151377
1061   -0.158686
1062   -0.164563
1063   -0.169546
1064   -0.173204
1065   -0.176027
1066   -0.17758
1067   -0.17832
1068   -0.177812
1069   -0.176502
1070   -0.173964
1071   -0.170661
1072   -0.166195
1073   -0.161081
1074   -0.155002
1075   0.350809
1076   0.36986
1077   0.39293
1078   0.418972
1079   0.447125
1080   0.473214
1081   0.493163
1082   0.494364
1083   0.470193
1084   0.427852
1085   0.378201
1086   0.326861
1087   0.276615
1088   0.229276
1089   0.185435
1090   0.145204
1091   0.108693
1092   0.0754446
1093   0.0455253
1094   0.0183507
1095   -0.00598683
1096   -0.0280496
1097   -0.0477308
1098   -0.0655271
1099   -0.0813276
1100   -0.0955539
1101   -0.108094
1102   -0.119294
1103   -0.129041
1104   -0.137614
1105   -0.144893
1106   -0.151097
1107   -0.156104
1108   -0.16008
1109   -0.162903
1110   -0.164701
1111   -0.16536
1112   -0.164986
1113   -0.163486
1114   -0.160972
1115   -0.157397
1116   -0.152916
1117   -0.147585
1118   0.339012
1119   0.356403
1120   0.379288
1121   0.403856
1122   0.432723
1123   0.45979
1124   0.486797
1125   0.504616
1126   0.486483
1127   0.453468
1128   0.407924
1129   0.357977
1130   0.309919
1131   0.262875
1132   0.220146
1133   0.179726
1134   0.143489
1135   0.109641
1136   0.0793809
1137   0.0512901
1138   0.0262126
1139   0.00302325
1140   -0.017636
1141   -0.0366855
1142   -0.053597
1143   -0.0691458
1144   -0.0828627
1145   -0.0954167
1146   -0.106363
1147   -0.116292
1148   -0.124762
1149   -0.132303
1150   -0.138464
1151   -0.143733
1152   -0.147648
1153   -0.15067
1154   -0.152327
1155   -0.153079
1156   -0.152456
1157   -0.150942
1158   -0.148097
1159   -0.144471
1160   -0.139712
1161   0.326637
1162   0.343751
1163   0.364729
1164   0.388971
1165   0.416322
1166   0.444846
1167   0.472674
1168   0.492365
1169   0.495375
1170   0.471863
1171   0.432415
1172   0.386735
1173   0.340182
1174   0.29513
1175   0.252933
1176   0.213293
1177   0.17697
1178   0.143109
1179   0.112308
1180   0.0837078
1181   0.0577908
1182   0.0337976
1183   0.0121113
1184   -0.00791326
1185   -0.0259674
1186   -0.0425884
1187   -0.0575178
1188   -0.0711948
1189   -0.083393
1190   -0.0944637
1191   -0.1042
1192   -0.112876
1193   -0.120297
1194   -0.12667
1195   -0.131813
1196   -0.135878
1197   -0.138704
1198   -0.140406
1199   -0.140857
1200   -0.14017
1201   -0.138274
1202   -0.135333
1203   -0.131393
1204   0.313751
1205   0.329025
1206   0.349181
1207   0.371202
1208   0.397764
1209   0.424438
1210   0.4532
1211   0.476632
1212   0.487789
1213   0.48581
1214   0.451643
1215   0.408897
1216   0.366325
1217   0.32255
1218   0.282251
1219   0.24321
1220   0.207604
1221   0.173763
1222   0.142955
1223   0.113958
1224   0.0876085
1225   0.0629411
1226   0.0405664
1227   0.0196812
1228   0.000779966
1229   -0.016829
1230   -0.0327051
1231   -0.0474579
1232   -0.0606637
1233   -0.0728696
1234   -0.0836459
1235   -0.0934927
1236   -0.101961
1237   -0.109517
1238   -0.115686
1239   -0.12092
1240   -0.124719
1241   -0.127539
1242   -0.128875
1243   -0.129215
1244   -0.128084
1245   -0.126047
1246   -0.122724
1247   0.300931
1248   0.315674
1249   0.333667
1250   0.354581
1251   0.378409
1252   0.404047
1253   0.43026
1254   0.454258
1255   0.472005
1256   0.47514
1257   0.461373
1258   0.426336
1259   0.387315
1260   0.346448
1261   0.307828
1262   0.27015
1263   0.235327
1264   0.201939
1265   0.171301
1266   0.142237
1267   0.115658
1268   0.0906025
1269   0.0677264
1270   0.04624
1271   0.0266437
1272   0.00828796
1273   -0.00842481
1274   -0.0240254
1275   -0.0381734
1276   -0.0512959
1277   -0.0630934
1278   -0.0738999
1279   -0.0834445
1280   -0.0919783
1281   -0.0992549
1282   -0.105454
1283   -0.110359
1284   -0.114097
1285   -0.116495
1286   -0.117666
1287   -0.117508
1288   -0.116182
1289   -0.113724
1290   0.288171
1291   0.301238
1292   0.318115
1293   0.336593
1294   0.358687
1295   0.381247
1296   0.405784
1297   0.427629
1298   0.447753
1299   0.459976
1300   0.452093
1301   0.43283
1302   0.399179
1303   0.362017
1304   0.326594
1305   0.291123
1306   0.257777
1307   0.225549
1308   0.195549
1309   0.166985
1310   0.140547
1311   0.115544
1312   0.0924794
1313   0.0707307
1314   0.0507145
1315   0.0318663
1316   0.0145676
1317   -0.00169841
1318   -0.0165534
1319   -0.0304754
1320   -0.0430682
1321   -0.0547793
1322   -0.0651809
1323   -0.0746995
1324   -0.0828671
1325   -0.0901028
1326   -0.0958988
1327   -0.100687
1328   -0.103935
1329   -0.106119
1330   -0.106725
1331   -0.106325
1332   -0.104503
1333   0.275847
1334   0.288309
1335   0.303187
1336   0.320278
1337   0.339491
1338   0.360199
1339   0.381316
1340   0.402075
1341   0.41965
1342   0.432968
1343   0.43547
1344   0.423294
1345   0.402231
1346   0.370621
1347   0.339504
1348   0.306565
1349   0.27559
1350   0.244791
1351   0.216148
1352   0.188337
1353   0.162598
1354   0.137882
1355   0.115059
1356   0.0932655
1357   0.073162
1358   0.0540276
1359   0.0363958
1360   0.019665
1361   0.00428673
1362   -0.0102346
1363   -0.0235032
1364   -0.0359164
1365   -0.047119
1366   -0.0574153
1367   -0.0664846
1368   -0.0745448
1369   -0.0813117
1370   -0.0869328
1371   -0.0911757
1372   -0.0941534
1373   -0.0957196
1374   -0.0960254
1375   -0.0950873
1376   0.263885
1377   0.275007
1378   0.288781
1379   0.303772
1380   0.32121
1381   0.33916
1382   0.358319
1383   0.376314
1384   0.392889
1385   0.405206
1386   0.410413
1387   0.407489
1388   0.391342
1389   0.368982
1390   0.342426
1391   0.314457
1392   0.286257
1393   0.258324
1394   0.231364
1395   0.20525
1396   0.180478
1397   0.156724
1398   0.134375
1399   0.113043
1400   0.0930615
1401   0.0740285
1402   0.0562614
1403   0.0393623
1404   0.0236551
1405   0.00875346
1406   -0.00499384
1407   -0.0179616
1408   -0.0297615
1409   -0.0407607
1410   -0.0505191
1411   -0.0594056
1412   -0.0669226
1413   -0.0734587
1414   -0.0784689
1415   -0.0823955
1416   -0.084689
1417   -0.0859077
1418   -0.0855977
1419   0.252467
1420   0.262999
1421   0.275162
1422   0.288846
1423   0.303909
1424   0.320035
1425   0.336321
1426   0.3525
1427   0.36643
1428   0.378098
1429   0.383545
1430   0.383986
1431   0.375411
1432   0.359319
1433   0.339279
1434   0.315794
1435   0.291787
1436   0.266689
1437   0.242398
1438   0.218059
1439   0.194981
1440   0.172297
1441   0.15098
1442   0.130228
1443   0.11081
1444   0.0920049
1445   0.0744539
1446   0.0575226
1447   0.0417639
1448   0.0266312
1449   0.0126154
1450   -0.000741159
1451   -0.0129954
1452   -0.0245125
1453   -0.0348903
1454   -0.0443988
1455   -0.052678
1456   -0.0599071
1457   -0.0657831
1458   -0.0704223
1459   -0.0736183
1460   -0.0755055
1461   -0.0760656
1462   0.24149
1463   0.251011
1464   0.262207
1465   0.274257
1466   0.287799
1467   0.301759
1468   0.316299
1469   0.330218
1470   0.342916
1471   0.353283
1472   0.359559
1473   0.361582
1474   0.356361
1475   0.345811
1476   0.33031
1477   0.311916
1478   0.291516
1479   0.270116
1480   0.248358
1481   0.226566
1482   0.205189
1483   0.184217
1484   0.163993
1485   0.144349
1486   0.125577
1487   0.107436
1488   0.0901996
1489   0.0735958
1490   0.0579002
1491   0.0428288
1492   0.028679
1493   0.0151609
1494   0.00261066
1495   -0.00926647
1496   -0.0200791
1497   -0.0301317
1498   -0.0389625
1499   -0.0469002
1500   -0.053409
1501   -0.0588756
1502   -0.0627237
1503   -0.0654719
1504   -0.0666216
1505   0.231014
1506   0.239978
1507   0.249949
1508   0.260878
1509   0.272617
1510   0.285029
1511   0.297427
1512   0.309756
1513   0.320593
1514   0.330086
1515   0.336069
1516   0.338958
1517   0.336649
1518   0.329615
1519   0.318588
1520   0.304096
1521   0.287729
1522   0.269491
1523   0.250833
1524   0.231353
1525   0.212232
1526   0.19287
1527   0.174236
1528   0.155666
1529   0.137976
1530   0.120504
1531   0.103962
1532   0.0877208
1533   0.0724158
1534   0.05747
1535   0.0434616
1536   0.0298789
1537   0.0172523
1538   0.00514827
1539   -0.00594554
1540   -0.0163701
1541   -0.0256826
1542   -0.0341186
1543   -0.0412935
1544   -0.0473441
1545   -0.0519849
1546   -0.0553287
1547   -0.057301
1548   0.220947
1549   0.229146
1550   0.2383
1551   0.247995
1552   0.258504
1553   0.269284
1554   0.280278
1555   0.290897
1556   0.300632
1557   0.308965
1558   0.314844
1559   0.318046
1560   0.317241
1561   0.312877
1562   0.304772
1563   0.293852
1564   0.280554
1565   0.265622
1566   0.24955
1567   0.23274
1568   0.215601
1569   0.198272
1570   0.18108
1571   0.164006
1572   0.147321
1573   0.130915
1574   0.115035
1575   0.0995198
1576   0.0846089
1577   0.0701149
1578   0.0562879
1579   0.0429241
1580   0.030301
1581   0.0182026
1582   0.00695278
1583   -0.00367912
1584   -0.013299
1585   -0.0221627
1586   -0.0297825
1587   -0.0364685
1588   -0.0416428
1589   -0.0457506
1590   -0.0482409
1591   0.211296
1592   0.218974
1593   0.227208
1594   0.23598
1595   0.245159
1596   0.25471
1597   0.264144
1598   0.273502
1599   0.281857
1600   0.289358
1601   0.294712
1602   0.298129
1603   0.298433
1604   0.295838
1605   0.290255
1606   0.28195
1607   0.271604
1608   0.259289
1609   0.245939
1610   0.231353
1611   0.216473
1612   0.200887
1613   0.185474
1614   0.1697
1615   0.154373
1616   0.138901
1617   0.124031
1618   0.109156
1619   0.0949709
1620   0.0808842
1621   0.0675466
1622   0.0544005
1623   0.0420572
1624   0.030012
1625   0.0188379
1626   0.00810389
1627   -0.00165901
1628   -0.010781
1629   -0.0187856
1630   -0.0258745
1631   -0.0316632
1632   -0.0362533
1633   -0.0394802
1634   0.202002
1635   0.209083
1636   0.216635
1637   0.224484
1638   0.232704
1639   0.241049
1640   0.249401
1641   0.257479
1642   0.264924
1643   0.271456
1644   0.276475
1645   0.279781
1646   0.280728
1647   0.27935
1648   0.275428
1649   0.269277
1650   0.261068
1651   0.25118
1652   0.239937
1653   0.227619
1654   0.214561
1655   0.200911
1656   0.186966
1657   0.172768
1658   0.158573
1659   0.144348
1660   0.130322
1661   0.116413
1662   0.102837
1663   0.0894815
1664   0.0765592
1665   0.0639415
1666   0.0518509
1667   0.0401461
1668   0.0290767
1669   0.0184881
1670   0.00867989
1671   -0.000523233
1672   -0.00873598
1673   -0.0161763
1674   -0.0223283
1675   -0.0275237
1676   -0.0311604
1677   0.193053
1678   0.199656
1679   0.206517
1680   0.213631
1681   0.220886
1682   0.228302
1683   0.23553
1684   0.242663
1685   0.249076
1686   0.25493
1687   0.259399
1688   0.262658
1689   0.263951
1690   0.263427
1691   0.260807
1692   0.256216
1693   0.249885
1694   0.241832
1695   0.232612
1696   0.222067
1697   0.210905
1698   0.198797
1699   0.186504
1700   0.173569
1701   0.160758
1702   0.14753
1703   0.134637
1704   0.121496
1705   0.108833
1706   0.0960524
1707   0.0838559
1708   0.0716521
1709   0.0601189
1710   0.0486883
1711   0.0380124
1712   0.0275646
1713   0.0179667
1714   0.00876019
1715   0.000523233
1716   -0.00708706
1717   -0.0135706
1718   -0.0190858
1719   -0.0233237
1720   0.184418
1721   0.190545
1722   0.196852
1723   0.203285
1724   0.209822
1725   0.216371
1726   0.22281
1727   0.229012
1728   0.234734
1729   0.239823
1730   0.243932
1731   0.246911
1732   0.248414
1733   0.248364
1734   0.2466
1735   0.243175
1736   0.23815
1737   0.231661
1738   0.223909
1739   0.215034
1740   0.20529
1741   0.194771
1742   0.183734
1743   0.172221
1744   0.160467
1745   0.148467
1746   0.136438
1747   0.124338
1748   0.112366
1749   0.100458
1750   0.0888029
1751   0.0773232
1752   0.0662025
1753   0.0553577
1754   0.0449773
1755   0.034974
1756   0.0255541
1757   0.0166232
1758   0.00842821
1759   0.000852439
1760   -0.00576325
1761   -0.011614
1762   -0.0161144
1763   0.176085
1764   0.181788
1765   0.187576
1766   0.193448
1767   0.199305
1768   0.205193
1769   0.210843
1770   0.216381
1771   0.221347
1772   0.225926
1773   0.229528
1774   0.232349
1775   0.233834
1776   0.234132
1777   0.232943
1778   0.230343
1779   0.226378
1780   0.221011
1781   0.214589
1782   0.206934
1783   0.198593
1784   0.189249
1785   0.179564
1786   0.169103
1787   0.158586
1788   0.147493
1789   0.136561
1790   0.125222
1791   0.114211
1792   0.10293
1793   0.0921079
1794   0.0811367
1795   0.0707319
1796   0.0602895
1797   0.0505129
1798   0.0408107
1799   0.0318764
1800   0.0231387
1801   0.0152813
1802   0.00776781
1803   0.0012558
1804   -0.0046993
1805   -0.009577
1806   0.168039
1807   0.173349
1808   0.178705
1809   0.184081
1810   0.189437
1811   0.194722
1812   0.199844
1813   0.204724
1814   0.209211
1815   0.213195
1816   0.216484
1817   0.218952
1818   0.220417
1819   0.22078
1820   0.219939
1821   0.217867
1822   0.214575
1823   0.210105
1824   0.204559
1825   0.198015
1826   0.190625
1827   0.182469
1828   0.173714
1829   0.164426
1830   0.154764
1831   0.144773
1832   0.1346
1833   0.124269
1834   0.113913
1835   0.103543
1836   0.0932772
1837   0.0831182
1838   0.073178
1839   0.0634533
1840   0.0540531
1841   0.0449745
1842   0.0363263
1843   0.0281102
1844   0.0204384
1845   0.0133202
1846   0.00687325
1847   0.00111724
1848   -0.00384004
