##### Y Mean #####
0   -0.00329986
1   -0.0178392
2   -0.0345617
3   -0.0526543
4   -0.0715727
5   -0.0903076
6   -0.108532
7   -0.125594
8   -0.141423
9   -0.155656
10   -0.168374
11   -0.179392
12   -0.188859
13   -0.196697
14   -0.203079
15   -0.207987
16   -0.211597
17   -0.213928
18   -0.215149
19   -0.215299
20   -0.214532
21   -0.212897
22   -0.210533
23   -0.207492
24   -0.203892
25   -0.199785
26   -0.195271
27   -0.190398
28   -0.185248
29   -0.179863
30   -0.17431
31   -0.168624
32   -0.162857
33   -0.15704
34   -0.151211
35   -0.145396
36   -0.139624
37   -0.133914
38   -0.128288
39   -0.122761
40   -0.117349
41   -0.112063
42   -0.106914
43   0.00844716
44   -0.00673798
45   -0.0254158
46   -0.0449511
47   -0.0667326
48   -0.086972
49   -0.107803
50   -0.126088
51   -0.143973
52   -0.159082
53   -0.173323
54   -0.184906
55   -0.195452
56   -0.2036
57   -0.210703
58   -0.215719
59   -0.219769
60   -0.222054
61   -0.223497
62   -0.223488
63   -0.222779
64   -0.220909
65   -0.218484
66   -0.215158
67   -0.211415
68   -0.206998
69   -0.202287
70   -0.197096
71   -0.191716
72   -0.186017
73   -0.180217
74   -0.174229
75   -0.16821
76   -0.162106
77   -0.156027
78   -0.149944
79   -0.143928
80   -0.137968
81   -0.132109
82   -0.12635
83   -0.120716
84   -0.115215
85   -0.10986
86   0.0226831
87   0.00791211
88   -0.0117803
89   -0.0332087
90   -0.0567688
91   -0.0798386
92   -0.102388
93   -0.123213
94   -0.142468
95   -0.159582
96   -0.174826
97   -0.187911
98   -0.19914
99   -0.208367
100   -0.21589
101   -0.221643
102   -0.225903
103   -0.228654
104   -0.230146
105   -0.230393
106   -0.229615
107   -0.227843
108   -0.225267
109   -0.221925
110   -0.217978
111   -0.213466
112   -0.20852
113   -0.203181
114   -0.197553
115   -0.191673
116   -0.185622
117   -0.179433
118   -0.173167
119   -0.166853
120   -0.160536
121   -0.15424
122   -0.147995
123   -0.141824
124   -0.135745
125   -0.129779
126   -0.123937
127   -0.118235
128   -0.112682
129   0.0390222
130   0.0240139
131   0.00381539
132   -0.0189897
133   -0.0448127
134   -0.0696365
135   -0.0948247
136   -0.11726
137   -0.138815
138   -0.157228
139   -0.174307
140   -0.188369
141   -0.200996
142   -0.210911
143   -0.219454
144   -0.22565
145   -0.230617
146   -0.233612
147   -0.235561
148   -0.235899
149   -0.235385
150   -0.233592
151   -0.231133
152   -0.227693
153   -0.223758
154   -0.219096
155   -0.21409
156   -0.208571
157   -0.202833
158   -0.196757
159   -0.190563
160   -0.184173
161   -0.177744
162   -0.171228
163   -0.164734
164   -0.158238
165   -0.15181
166   -0.145442
167   -0.139176
168   -0.133016
169   -0.126986
170   -0.121095
171   -0.115357
172   0.0573925
173   0.0437356
174   0.0226901
175   -0.00111739
176   -0.0286953
177   -0.0559903
178   -0.082942
179   -0.107939
180   -0.131064
181   -0.151712
182   -0.17009
183   -0.18597
184   -0.199609
185   -0.210936
186   -0.220219
187   -0.227466
188   -0.232938
189   -0.236684
190   -0.238944
191   -0.23979
192   -0.239437
193   -0.237965
194   -0.235558
195   -0.232298
196   -0.228337
197   -0.223752
198   -0.218668
199   -0.213152
200   -0.207302
201   -0.201177
202   -0.19485
203   -0.188373
204   -0.181798
205   -0.175169
206   -0.168521
207   -0.161892
208   -0.155303
209   -0.148786
210   -0.142354
211   -0.136035
212   -0.129833
213   -0.123774
214   -0.117862
215   0.077189
216   0.0636457
217   0.0426859
218   0.0176637
219   -0.0114604
220   -0.0402033
221   -0.0694088
222   -0.0959474
223   -0.12134
224   -0.14344
225   -0.163832
226   -0.180959
227   -0.196265
228   -0.208586
229   -0.219181
230   -0.227172
231   -0.233633
232   -0.237901
233   -0.240878
234   -0.242067
235   -0.242213
236   -0.240943
237   -0.238866
238   -0.235706
239   -0.231948
240   -0.227391
241   -0.222415
242   -0.216876
243   -0.211065
244   -0.204882
245   -0.198544
246   -0.191984
247   -0.185359
248   -0.17863
249   -0.171902
250   -0.165156
251   -0.158462
252   -0.151816
253   -0.145258
254   -0.138795
255   -0.13245
256   -0.126238
257   -0.120172
258   0.0982194
259   0.0873086
260   0.0653831
261   0.039618
262   0.00915443
263   -0.0216433
264   -0.0522521
265   -0.08112
266   -0.108002
267   -0.132355
268   -0.154169
269   -0.173286
270   -0.189824
271   -0.203797
272   -0.215385
273   -0.224686
274   -0.231905
275   -0.237176
276   -0.240705
277   -0.242639
278   -0.243168
279   -0.242439
280   -0.240616
281   -0.237836
282   -0.234236
283   -0.229937
284   -0.225049
285   -0.219677
286   -0.213903
287   -0.207817
288   -0.201477
289   -0.194961
290   -0.188304
291   -0.181572
292   -0.174786
293   -0.168002
294   -0.161226
295   -0.154508
296   -0.147845
297   -0.141283
298   -0.134811
299   -0.128476
300   -0.122266
301   0.119352
302   0.108838
303   0.0881808
304   0.0618352
305   0.0304246
306   -0.00133945
307   -0.0338102
308   -0.0640114
309   -0.0930158
310   -0.118835
311   -0.142712
312   -0.163218
313   -0.181583
314   -0.196752
315   -0.209861
316   -0.220128
317   -0.228559
318   -0.234576
319   -0.239043
320   -0.241534
321   -0.242773
322   -0.24245
323   -0.241155
324   -0.238664
325   -0.235451
326   -0.231355
327   -0.226745
328   -0.221509
329   -0.215929
330   -0.209929
331   -0.203718
332   -0.197246
333   -0.190662
334   -0.18394
335   -0.177181
336   -0.170373
337   -0.163582
338   -0.156809
339   -0.150093
340   -0.143445
341   -0.136887
342   -0.130439
343   -0.124118
344   0.140139
345   0.134132
346   0.112971
347   0.0865961
348   0.0548303
349   0.021136
350   -0.0123053
351   -0.0446545
352   -0.0750098
353   -0.103024
354   -0.12834
355   -0.150896
356   -0.170599
357   -0.187554
358   -0.20181
359   -0.21356
360   -0.222924
361   -0.230132
362   -0.235332
363   -0.238761
364   -0.240565
365   -0.240969
366   -0.240105
367   -0.238176
368   -0.235289
369   -0.231623
370   -0.22726
371   -0.222352
372   -0.216956
373   -0.211201
374   -0.20512
375   -0.198825
376   -0.192328
377   -0.185723
378   -0.179008
379   -0.172264
380   -0.165476
381   -0.158718
382   -0.151965
383   -0.145286
384   -0.138654
385   -0.132136
386   -0.125708
387   0.158648
388   0.152441
389   0.136572
390   0.111832
391   0.079934
392   0.0455177
393   0.0102718
394   -0.0233276
395   -0.0557075
396   -0.0851613
397   -0.11252
398   -0.136506
399   -0.158092
400   -0.176336
401   -0.192221
402   -0.205065
403   -0.215782
404   -0.223884
405   -0.23018
406   -0.234324
407   -0.237004
408   -0.237977
409   -0.237809
410   -0.236331
411   -0.233997
412   -0.23069
413   -0.226766
414   -0.222143
415   -0.217093
416   -0.211563
417   -0.205751
418   -0.199627
419   -0.19333
420   -0.186847
421   -0.180271
422   -0.1736
423   -0.166894
424   -0.160161
425   -0.153436
426   -0.146736
427   -0.140081
428   -0.133499
429   -0.12701
430   0.175651
431   0.172479
432   0.158885
433   0.138722
434   0.106188
435   0.0705511
436   0.034704
437   -0.000654168
438   -0.0342017
439   -0.0656706
440   -0.0943932
441   -0.120372
442   -0.143293
443   -0.163346
444   -0.180426
445   -0.194827
446   -0.206563
447   -0.215966
448   -0.223108
449   -0.228321
450   -0.231696
451   -0.233541
452   -0.233943
453   -0.233178
454   -0.231314
455   -0.228591
456   -0.225054
457   -0.22091
458   -0.216179
459   -0.211038
460   -0.205485
461   -0.199671
462   -0.193578
463   -0.187333
464   -0.180905
465   -0.174405
466   -0.167791
467   -0.161165
468   -0.154476
469   -0.147822
470   -0.14115
471   -0.13456
472   -0.128007
473   0.190892
474   0.188804
475   0.17951
476   0.160892
477   0.131265
478   0.0962397
479   0.0594215
480   0.0232875
481   -0.0119352
482   -0.0446374
483   -0.0752418
484   -0.102555
485   -0.127296
486   -0.148611
487   -0.167327
488   -0.182847
489   -0.195991
490   -0.206353
491   -0.214681
492   -0.220705
493   -0.22507
494   -0.227599
495   -0.228828
496   -0.228642
497   -0.22747
498   -0.22524
499   -0.222285
500   -0.218561
501   -0.214318
502   -0.209531
503   -0.204383
504   -0.198863
505   -0.193096
506   -0.187085
507   -0.18091
508   -0.174582
509   -0.168151
510   -0.161634
511   -0.155059
512   -0.148452
513   -0.14183
514   -0.13523
515   -0.128673
516   0.204712
517   0.205043
518   0.198808
519   0.185792
520   0.15609
521   0.121409
522   0.0848405
523   0.0477127
524   0.0117149
525   -0.0226455
526   -0.0543955
527   -0.0835149
528   -0.109465
529   -0.132501
530   -0.152355
531   -0.169416
532   -0.183577
533   -0.195275
534   -0.204491
535   -0.211656
536   -0.21679
537   -0.220292
538   -0.222189
539   -0.222835
540   -0.222247
541   -0.220731
542   -0.218287
543   -0.215175
544   -0.211376
545   -0.207112
546   -0.202344
547   -0.197262
548   -0.191813
549   -0.186159
550   -0.180236
551   -0.174187
552   -0.167939
553   -0.161624
554   -0.155163
555   -0.148683
556   -0.142108
557   -0.135567
558   -0.128996
559   0.216932
560   0.219019
561   0.216058
562   0.204134
563   0.179181
564   0.146414
565   0.109992
566   0.0727635
567   0.035621
568   0.000399549
569   -0.0329326
570   -0.063151
571   -0.090746
572   -0.114905
573   -0.136305
574   -0.15442
575   -0.169965
576   -0.182614
577   -0.193041
578   -0.201053
579   -0.207242
580   -0.211498
581   -0.214315
582   -0.215635
583   -0.215852
584   -0.214939
585   -0.2132
586   -0.210627
587   -0.207444
588   -0.203654
589   -0.199418
590   -0.194746
591   -0.189746
592   -0.184434
593   -0.178878
594   -0.1731
595   -0.167137
596   -0.161017
597   -0.15476
598   -0.148401
599   -0.141951
600   -0.13546
601   -0.128951
602   0.227515
603   0.231508
604   0.231724
605   0.225734
606   0.201627
607   0.170825
608   0.135374
609   0.0978387
610   0.0603555
611   0.0238881
612   -0.0102574
613   -0.0420057
614   -0.0705786
615   -0.0962879
616   -0.118683
617   -0.138247
618   -0.154737
619   -0.168691
620   -0.179989
621   -0.189162
622   -0.196148
623   -0.201435
624   -0.204983
625   -0.207222
626   -0.20811
627   -0.208018
628   -0.206893
629   -0.20505
630   -0.202422
631   -0.199277
632   -0.195533
633   -0.191421
634   -0.186846
635   -0.182008
636   -0.176805
637   -0.171413
638   -0.165725
639   -0.159905
640   -0.153841
641   -0.147694
642   -0.141358
643   -0.134999
644   -0.12853
645   0.236361
646   0.24221
647   0.244829
648   0.239857
649   0.222286
650   0.194654
651   0.160284
652   0.12314
653   0.084987
654   0.0480965
655   0.0127331
656   -0.0197899
657   -0.0497639
658   -0.0763808
659   -0.100171
660   -0.120656
661   -0.138447
662   -0.153287
663   -0.165771
664   -0.175779
665   -0.183842
666   -0.189916
667   -0.194443
668   -0.197421
669   -0.199201
670   -0.199801
671   -0.199486
672   -0.198283
673   -0.196386
674   -0.193823
675   -0.19073
676   -0.187135
677   -0.183126
678   -0.178733
679   -0.174008
680   -0.168982
681   -0.163682
682   -0.158142
683   -0.152375
684   -0.146423
685   -0.140294
686   -0.134047
687   -0.127711
688   0.24333
689   0.250499
690   0.255896
691   0.25635
692   0.241568
693   0.218728
694   0.185351
695   0.148157
696   0.110145
697   0.0723947
698   0.0366283
699   0.00287746
700   -0.0277889
701   -0.0557481
702   -0.080339
703   -0.102137
704   -0.120749
705   -0.136818
706   -0.150111
707   -0.161259
708   -0.17011
709   -0.177239
710   -0.182531
711   -0.186488
712   -0.189004
713   -0.190509
714   -0.190893
715   -0.190521
716   -0.189275
717   -0.187466
718   -0.184966
719   -0.182043
720   -0.17856
721   -0.174752
722   -0.170475
723   -0.165941
724   -0.161004
725   -0.155861
726   -0.150367
727   -0.144715
728   -0.138769
729   -0.132732
730   -0.126493
731   0.248486
732   0.257264
733   0.264181
734   0.266076
735   0.258933
736   0.239974
737   0.209304
738   0.173158
739   0.134953
740   0.0972872
741   0.0606658
742   0.02648
743   -0.00533932
744   -0.0339663
745   -0.0597737
746   -0.0823231
747   -0.102117
748   -0.118965
749   -0.133381
750   -0.145319
751   -0.155235
752   -0.163155
753   -0.169458
754   -0.174198
755   -0.177669
756   -0.179936
757   -0.181215
758   -0.18157
759   -0.181153
760   -0.180021
761   -0.178276
762   -0.175968
763   -0.173158
764   -0.16989
765   -0.166197
766   -0.16212
767   -0.157671
768   -0.152893
769   -0.147787
770   -0.142405
771   -0.136749
772   -0.130889
773   -0.124857
774   0.251692
775   0.261446
776   0.270347
777   0.275636
778   0.273653
779   0.26331
780   0.233056
781   0.197214
782   0.160019
783   0.12196
784   0.085369
785   0.0502407
786   0.0180127
787   -0.0117425
788   -0.0381326
789   -0.0618312
790   -0.082288
791   -0.100257
792   -0.115389
793   -0.128412
794   -0.139082
795   -0.148054
796   -0.155133
797   -0.160887
798   -0.165141
799   -0.168375
800   -0.170422
801   -0.171689
802   -0.172006
803   -0.171721
804   -0.170658
805   -0.16912
806   -0.166925
807   -0.164343
808   -0.161186
809   -0.1577
810   -0.153698
811   -0.149411
812   -0.144656
813   -0.13966
814   -0.134256
815   -0.128686
816   -0.122811
817   0.253024
818   0.263959
819   0.274481
820   0.282607
821   0.285906
822   0.278077
823   0.254278
824   0.22124
825   0.184613
826   0.147167
827   0.110043
828   0.0747856
829   0.041642
830   0.011472
831   -0.0159335
832   -0.0401833
833   -0.0616704
834   -0.0802845
835   -0.0964457
836   -0.110189
837   -0.121887
838   -0.131635
839   -0.139733
840   -0.146295
841   -0.151545
842   -0.155594
843   -0.1586
844   -0.160663
845   -0.161888
846   -0.162358
847   -0.162138
848   -0.161298
849   -0.15987
850   -0.157913
851   -0.155435
852   -0.152488
853   -0.149067
854   -0.145222
855   -0.140944
856   -0.136291
857   -0.13126
858   -0.125931
859   -0.120339
860   0.252532
861   0.26388
862   0.276373
863   0.287026
864   0.295394
865   0.296509
866   0.27402
867   0.243576
868   0.208838
869   0.171684
870   0.134955
871   0.0990792
872   0.0658285
873   0.0347816
874   0.00704885
875   -0.01815
876   -0.0401119
877   -0.0597068
878   -0.0764678
879   -0.0912178
880   -0.103617
881   -0.11439
882   -0.123262
883   -0.130849
884   -0.136909
885   -0.141965
886   -0.145788
887   -0.148821
888   -0.150841
889   -0.152229
890   -0.152762
891   -0.152771
892   -0.152034
893   -0.150846
894   -0.148982
895   -0.146712
896   -0.143814
897   -0.140547
898   -0.136692
899   -0.132509
900   -0.127797
901   -0.122835
902   -0.11746
903   0.250514
904   0.262875
905   0.276415
906   0.289821
907   0.30145
908   0.30415
909   0.290879
910   0.265041
911   0.232131
912   0.196197
913   0.159397
914   0.123811
915   0.089974
916   0.0588403
917   0.0303495
918   0.00484081
919   -0.0179627
920   -0.038046
921   -0.0557173
922   -0.0711048
923   -0.0844715
924   -0.0959922
925   -0.105866
926   -0.114269
927   -0.121342
928   -0.127242
929   -0.132061
930   -0.135935
931   -0.138916
932   -0.141115
933   -0.142555
934   -0.143325
935   -0.143426
936   -0.142931
937   -0.141822
938   -0.140162
939   -0.137925
940   -0.13517
941   -0.131873
942   -0.128099
943   -0.123838
944   -0.11918
945   -0.114162
946   0.24696
947   0.259164
948   0.274131
949   0.288737
950   0.304178
951   0.314608
952   0.304897
953   0.285361
954   0.25461
955   0.219477
956   0.183593
957   0.147788
958   0.114268
959   0.0825665
960   0.054064
961   0.0278458
962   0.00478307
963   -0.0161127
964   -0.0342557
965   -0.0505463
966   -0.0645525
967   -0.0770434
968   -0.0876709
969   -0.0970803
970   -0.10497
971   -0.111883
972   -0.117543
973   -0.122411
974   -0.126222
975   -0.129377
976   -0.131614
977   -0.133285
978   -0.13413
979   -0.134464
980   -0.134027
981   -0.133113
982   -0.131462
983   -0.129357
984   -0.126547
985   -0.123317
986   -0.119437
987   -0.115219
988   -0.110475
989   0.242236
990   0.255126
991   0.270192
992   0.2865
993   0.302893
994   0.314566
995   0.315835
996   0.301926
997   0.275072
998   0.242089
999   0.206759
1000   0.171838
1001   0.138133
1002   0.106735
1003   0.0777739
1004   0.0515117
1005   0.0278266
1006   0.00660636
1007   -0.0123025
1008   -0.0291414
1009   -0.044027
1010   -0.0572237
1011   -0.0688041
1012   -0.0790144
1013   -0.0878919
1014   -0.095651
1015   -0.102302
1016   -0.108024
1017   -0.112807
1018   -0.116797
1019   -0.119967
1020   -0.122432
1021   -0.124155
1022   -0.125225
1023   -0.125596
1024   -0.125341
1025   -0.124413
1026   -0.122877
1027   -0.120692
1028   -0.117929
1029   -0.114569
1030   -0.110712
1031   -0.106393
1032   0.236274
1033   0.24854
1034   0.264209
1035   0.28058
1036   0.298588
1037   0.313542
1038   0.320962
1039   0.31909
1040   0.294114
1041   0.262585
1042   0.229209
1043   0.194516
1044   0.161633
1045   0.129997
1046   0.101373
1047   0.074674
1048   0.0509569
1049   0.0291232
1050   0.00987577
1051   -0.00772963
1052   -0.0231788
1053   -0.0372511
1054   -0.0495398
1055   -0.0606896
1056   -0.0703567
1057   -0.0790825
1058   -0.0865583
1059   -0.0932473
1060   -0.0988582
1061   -0.103794
1062   -0.107771
1063   -0.111145
1064   -0.113633
1065   -0.115559
1066   -0.116636
1067   -0.117169
1068   -0.11687
1069   -0.116037
1070   -0.114388
1071   -0.11223
1072   -0.109305
1073   -0.10595
1074   -0.101958
1075   0.229442
1076   0.241851
1077   0.256804
1078   0.273629
1079   0.291798
1080   0.308753
1081   0.322063
1082   0.323666
1083   0.308855
1084   0.281962
1085   0.250061
1086   0.21682
1087   0.184142
1088   0.15321
1089   0.124473
1090   0.0980037
1091   0.073923
1092   0.05193
1093   0.0320999
1094   0.014048
1095   -0.00214527
1096   -0.016851
1097   -0.0299859
1098   -0.0418787
1099   -0.0524476
1100   -0.0619722
1101   -0.070373
1102   -0.0778807
1103   -0.0844164
1104   -0.090166
1105   -0.0950495
1106   -0.0992123
1107   -0.102574
1108   -0.105245
1109   -0.107146
1110   -0.108363
1111   -0.108822
1112   -0.108593
1113   -0.107618
1114   -0.105971
1115   -0.103622
1116   -0.100675
1117   -0.0971678
1118   0.221781
1119   0.233119
1120   0.247946
1121   0.263836
1122   0.282472
1123   0.300016
1124   0.317692
1125   0.329589
1126   0.31868
1127   0.298064
1128   0.268794
1129   0.236511
1130   0.205274
1131   0.174585
1132   0.146598
1133   0.120052
1134   0.0961841
1135   0.073842
1136   0.053825
1137   0.0352113
1138   0.0185675
1139   0.00315611
1140   -0.0105898
1141   -0.0232771
1142   -0.0345488
1143   -0.0449186
1144   -0.0540699
1145   -0.0624473
1146   -0.069752
1147   -0.0763766
1148   -0.0820259
1149   -0.0870534
1150   -0.0911592
1151   -0.0946688
1152   -0.0972748
1153   -0.099286
1154   -0.10039
1155   -0.100892
1156   -0.100484
1157   -0.0994849
1158   -0.0976082
1159   -0.0952153
1160   -0.0920764
1161   0.213744
1162   0.224894
1163   0.238502
1164   0.254187
1165   0.27186
1166   0.290306
1167   0.308356
1168   0.321332
1169   0.323766
1170   0.309208
1171   0.28406
1172   0.254578
1173   0.224386
1174   0.195023
1175   0.167437
1176   0.14144
1177   0.117565
1178   0.0952577
1179   0.0749309
1180   0.0560247
1181   0.0388683
1182   0.022966
1183   0.00857777
1184   -0.00471861
1185   -0.0167146
1186   -0.0277626
1187   -0.0376889
1188   -0.0467822
1189   -0.0548915
1190   -0.0622481
1191   -0.0687152
1192   -0.074473
1193   -0.0793945
1194   -0.0836157
1195   -0.0870186
1196   -0.0897036
1197   -0.0915656
1198   -0.0926827
1199   -0.0929714
1200   -0.0925079
1201   -0.091247
1202   -0.0892964
1203   -0.0866887
1204   0.205376
1205   0.215343
1206   0.228424
1207   0.242695
1208   0.259857
1209   0.277102
1210   0.295648
1211   0.310794
1212   0.318428
1213   0.317657
1214   0.295841
1215   0.268355
1216   0.240767
1217   0.212299
1218   0.185986
1219   0.160435
1220   0.137074
1221   0.11483
1222   0.0945421
1223   0.0754189
1224   0.0580179
1225   0.041709
1226   0.0269025
1227   0.0130705
1228   0.000546448
1229   -0.0111264
1230   -0.021651
1231   -0.0314314
1232   -0.0401829
1233   -0.0482692
1234   -0.0554028
1235   -0.0619167
1236   -0.0675118
1237   -0.0724994
1238   -0.0765645
1239   -0.0800072
1240   -0.0824987
1241   -0.0843414
1242   -0.0852028
1243   -0.085407
1244   -0.0846401
1245   -0.0832776
1246   -0.0810681
1247   0.197045
1248   0.206666
1249   0.218361
1250   0.231918
1251   0.247331
1252   0.263884
1253   0.280793
1254   0.296283
1255   0.30785
1256   0.310191
1257   0.301518
1258   0.279045
1259   0.253817
1260   0.227279
1261   0.202111
1262   0.177502
1263   0.154699
1264   0.132801
1265   0.112667
1266   0.0935428
1267   0.0760273
1268   0.0595
1269   0.0443941
1270   0.0301979
1271   0.0172419
1272   0.00510396
1273   -0.00595007
1274   -0.0162663
1275   -0.0256202
1276   -0.0342911
1277   -0.0420818
1278   -0.0492115
1279   -0.0555025
1280   -0.0611198
1281   -0.0659025
1282   -0.0699693
1283   -0.0731783
1284   -0.0756154
1285   -0.0771668
1286   -0.0779087
1287   -0.077775
1288   -0.0768721
1289   -0.0752253
1290   0.18875
1291   0.19729
1292   0.208267
1293   0.220261
1294   0.234557
1295   0.249137
1296   0.264959
1297   0.279053
1298   0.292062
1299   0.300002
1300   0.295088
1301   0.2828
1302   0.261022
1303   0.236916
1304   0.213863
1305   0.19073
1306   0.168934
1307   0.14783
1308   0.128152
1309   0.109388
1310   0.0919979
1311   0.0755338
1312   0.0603327
1313   0.0459885
1314   0.0327814
1315   0.0203405
1316   0.00892256
1317   -0.00181376
1318   -0.0116144
1319   -0.0207963
1320   -0.0290946
1321   -0.0368068
1322   -0.043648
1323   -0.0499023
1324   -0.0552596
1325   -0.0599986
1326   -0.0637843
1327   -0.0669033
1328   -0.0690054
1329   -0.0704064
1330   -0.0707675
1331   -0.0704674
1332   -0.0692325
1333   0.18073
1334   0.188876
1335   0.198566
1336   0.209667
1337   0.222116
1338   0.235504
1339   0.24914
1340   0.262522
1341   0.27386
1342   0.282426
1343   0.284013
1344   0.276235
1345   0.262587
1346   0.242115
1347   0.221875
1348   0.200428
1349   0.1802
1350   0.160065
1351   0.141297
1352   0.123056
1353   0.106147
1354   0.0898982
1355   0.0748766
1356   0.0605267
1357   0.0472805
1358   0.0346723
1359   0.0230512
1360   0.0120274
1361   0.00189627
1362   -0.00766422
1363   -0.0163952
1364   -0.0245557
1365   -0.0319137
1366   -0.038668
1367   -0.0446094
1368   -0.0498809
1369   -0.0542972
1370   -0.0579558
1371   -0.0607052
1372   -0.0626207
1373   -0.0636071
1374   -0.0637649
1375   -0.0631056
1376   0.172938
1377   0.180218
1378   0.189195
1379   0.198945
1380   0.21025
1381   0.221871
1382   0.234245
1383   0.245855
1384   0.256526
1385   0.264439
1386   0.267744
1387   0.265808
1388   0.255333
1389   0.240808
1390   0.223533
1391   0.20531
1392   0.186903
1393   0.168643
1394   0.150992
1395   0.133875
1396   0.117617
1397   0.102014
1398   0.0873212
1399   0.0732884
1400   0.0601396
1401   0.0476116
1402   0.0359173
1403   0.024795
1404   0.0144616
1405   0.00466198
1406   -0.00437147
1407   -0.0128872
1408   -0.0206271
1409   -0.0278353
1410   -0.0342205
1411   -0.0400281
1412   -0.0449296
1413   -0.0491833
1414   -0.0524303
1415   -0.0549639
1416   -0.0564227
1417   -0.0571757
1418   -0.0569243
1419   0.165491
1420   0.172386
1421   0.180323
1422   0.189228
1423   0.199007
1424   0.209452
1425   0.219984
1426   0.230422
1427   0.239395
1428   0.246877
1429   0.250343
1430   0.250529
1431   0.2449
1432   0.234402
1433   0.221327
1434   0.206009
1435   0.190323
1436   0.173917
1437   0.158011
1438   0.142063
1439   0.126921
1440   0.112032
1441   0.098025
1442   0.0843867
1443   0.0716172
1444   0.0592527
1445   0.0477098
1446   0.036579
1447   0.0262206
1448   0.0162805
1449   0.00707851
1450   -0.00168261
1451   -0.0097142
1452   -0.017254
1453   -0.0240402
1454   -0.0302489
1455   -0.0356459
1456   -0.0403486
1457   -0.0441598
1458   -0.0471562
1459   -0.0492039
1460   -0.0503917
1461   -0.0507084
1462   0.158324
1463   0.164562
1464   0.171871
1465   0.179722
1466   0.188518
1467   0.19757
1468   0.206975
1469   0.21596
1470   0.224133
1471   0.230781
1472   0.234762
1473   0.235969
1474   0.232492
1475   0.225558
1476   0.215414
1477   0.203383
1478   0.190038
1479   0.17603
1480   0.161777
1481   0.147492
1482   0.133468
1483   0.119702
1484   0.106418
1485   0.0935122
1486   0.0811754
1487   0.0692532
1488   0.0579262
1489   0.0470171
1490   0.0367093
1491   0.0268159
1492   0.0175342
1493   0.00867283
1494   0.000454249
1495   -0.00731693
1496   -0.0143822
1497   -0.0209438
1498   -0.0266976
1499   -0.0318617
1500   -0.0360838
1501   -0.0396203
1502   -0.0420924
1503   -0.0438427
1504   -0.0445436
1505   0.151474
1506   0.157348
1507   0.163863
1508   0.170986
1509   0.17862
1510   0.18667
1511   0.194696
1512   0.202655
1513   0.209632
1514   0.215712
1515   0.21951
1516   0.221274
1517   0.219674
1518   0.215005
1519   0.207748
1520   0.198238
1521   0.187504
1522   0.175549
1523   0.163312
1524   0.150535
1525   0.137982
1526   0.125272
1527   0.113032
1528   0.100834
1529   0.0892103
1530   0.0777335
1531   0.0668663
1532   0.0562024
1533   0.0461553
1534   0.0363516
1535   0.027167
1536   0.0182698
1537   0.0100049
1538   0.00209067
1539   -0.0051559
1540   -0.0119568
1541   -0.0180238
1542   -0.023511
1543   -0.0281679
1544   -0.0320845
1545   -0.0350748
1546   -0.0372137
1547   -0.0384529
1548   0.144886
1549   0.15026
1550   0.156242
1551   0.162565
1552   0.169401
1553   0.176398
1554   0.183516
1555   0.190373
1556   0.196637
1557   0.201973
1558   0.205701
1559   0.207678
1560   0.207051
1561   0.204111
1562   0.198743
1563   0.191545
1564   0.1828
1565   0.172989
1566   0.162433
1567   0.151392
1568   0.140134
1569   0.128751
1570   0.117455
1571   0.106237
1572   0.0952751
1573   0.0844989
1574   0.0740703
1575   0.0638853
1576   0.054102
1577   0.0445975
1578   0.0355369
1579   0.0267861
1580   0.0185281
1581   0.0106198
1582   0.00327471
1583   -0.00366021
1584   -0.00992587
1585   -0.015692
1586   -0.0206385
1587   -0.0249706
1588   -0.0283092
1589   -0.0309484
1590   -0.0325264
1591   0.138563
1592   0.143594
1593   0.148977
1594   0.154699
1595   0.160674
1596   0.166874
1597   0.172985
1598   0.179026
1599   0.184403
1600   0.189204
1601   0.192602
1602   0.194722
1603   0.19482
1604   0.193026
1605   0.189294
1606   0.18379
1607   0.176959
1608   0.168847
1609   0.160059
1610   0.150466
1611   0.140679
1612   0.130433
1613   0.1203
1614   0.109934
1615   0.0998612
1616   0.0896993
1617   0.0799336
1618   0.070172
1619   0.0608662
1620   0.0516329
1621   0.0428948
1622   0.0342906
1623   0.0262173
1624   0.0183473
1625   0.0110529
1626   0.00405363
1627   -0.00230514
1628   -0.00823874
1629   -0.0134371
1630   -0.0180323
1631   -0.0217736
1632   -0.0247285
1633   -0.0267896
1634   0.132468
1635   0.137108
1636   0.142045
1637   0.147166
1638   0.152516
1639   0.157936
1640   0.163345
1641   0.168561
1642   0.173351
1643   0.177531
1644   0.180715
1645   0.182773
1646   0.183292
1647   0.182295
1648   0.179642
1649   0.175538
1650   0.170097
1651   0.163561
1652   0.156144
1653   0.148027
1654   0.139428
1655   0.130444
1656   0.121271
1657   0.111934
1658   0.102604
1659   0.0932582
1660   0.0840476
1661   0.0749198
1662   0.0660152
1663   0.0572618
1664   0.0487986
1665   0.0405413
1666   0.0326359
1667   0.0249894
1668   0.0177653
1669   0.0108614
1670   0.00447391
1671   -0.00151321
1672   -0.00684761
1673   -0.0116737
1674   -0.0156533
1675   -0.0190057
1676   -0.021336
1677   0.126595
1678   0.13092
1679   0.135405
1680   0.140046
1681   0.14477
1682   0.149585
1683   0.154268
1684   0.158873
1685   0.162999
1686   0.166743
1687   0.169579
1688   0.171613
1689   0.172365
1690   0.171926
1691   0.170125
1692   0.167036
1693   0.162817
1694   0.157476
1695   0.151376
1696   0.144413
1697   0.137051
1698   0.129074
1699   0.120979
1700   0.112469
1701   0.104043
1702   0.0953515
1703   0.0868828
1704   0.078259
1705   0.0699534
1706   0.0615783
1707   0.0535906
1708   0.0456063
1709   0.0380659
1710   0.0306005
1711   0.0236335
1712   0.0168227
1713   0.0105721
1714   0.00458288
1715   -0.000768618
1716   -0.00570645
1717   -0.00990472
1718   -0.0134676
1719   -0.0161935
1720   0.120925
1721   0.124936
1722   0.129058
1723   0.133254
1724   0.13751
1725   0.141763
1726   0.145932
1727   0.149936
1728   0.153615
1729   0.15687
1730   0.159477
1731   0.161338
1732   0.162231
1733   0.162109
1734   0.160867
1735   0.158543
1736   0.155176
1737   0.150855
1738   0.145713
1739   0.139841
1740   0.133404
1741   0.126465
1742   0.119191
1743   0.111611
1744   0.103878
1745   0.0959898
1746   0.0880874
1747   0.0801456
1748   0.0722932
1749   0.0644901
1750   0.0568579
1751   0.0493474
1752   0.0420779
1753   0.0349951
1754   0.0282219
1755   0.0217008
1756   0.0155663
1757   0.00975591
1758   0.00443076
1759   -0.000486373
1760   -0.00477285
1761   -0.00855744
1762   -0.0114571
1763   0.115451
1764   0.119183
1765   0.122964
1766   0.126793
1767   0.130605
1768   0.134427
1769   0.138086
1770   0.141659
1771   0.144851
1772   0.147778
1773   0.150063
1774   0.151826
1775   0.152716
1776   0.152825
1777   0.151965
1778   0.150181
1779   0.147509
1780   0.143922
1781   0.13965
1782   0.134575
1783   0.129056
1784   0.122885
1785   0.116496
1786   0.109605
1787   0.102681
1788   0.0953872
1789   0.0882039
1790   0.080761
1791   0.0735375
1792   0.0661458
1793   0.0590585
1794   0.0518817
1795   0.0450797
1796   0.0382606
1797   0.0318811
1798   0.0255566
1799   0.0197379
1800   0.0140529
1801   0.00894648
1802   0.0040684
1803   -0.000152647
1804   -0.00400765
1805   -0.00715689
1806   0.110163
1807   0.113636
1808   0.117133
1809   0.120637
1810   0.124121
1811   0.12755
1812   0.130865
1813   0.134012
1814   0.136895
1815   0.13944
1816   0.141524
1817   0.143066
1818   0.143947
1819   0.144106
1820   0.143478
1821   0.142044
1822   0.139816
1823   0.136818
1824   0.133121
1825   0.128775
1826   0.123879
1827   0.118487
1828   0.112708
1829   0.106585
1830   0.100223
1831   0.093651
1832   0.0869655
1833   0.080183
1834   0.0733899
1835   0.0665931
1836   0.0598711
1837   0.0532247
1838   0.0467269
1839   0.0403759
1840   0.034242
1841   0.0283234
1842   0.0226905
1843   0.0173442
1844   0.0123572
1845   0.00773499
1846   0.00355403
1847   -0.000173461
1848   -0.0033775
