##### Y Mean #####
0   0.00390295
1   -0.028153
2   -0.0657194
3   -0.107258
4   -0.151912
5   -0.197778
6   -0.244187
7   -0.289333
8   -0.332632
9   -0.371926
10   -0.407687
11   -0.439136
12   -0.466786
13   -0.490311
14   -0.510013
15   -0.525776
16   -0.537802
17   -0.546087
18   -0.550928
19   -0.552503
20   -0.551113
21   -0.547068
22   -0.540567
23   -0.531953
24   -0.521419
25   -0.50937
26   -0.496029
27   -0.481829
28   -0.466932
29   -0.451679
30   -0.436167
31   -0.420635
32   -0.405126
33   -0.389779
34   -0.374605
35   -0.359675
36   -0.344994
37   -0.3306
38   -0.316504
39   -0.30273
40   -0.289291
41   -0.276205
42   -0.263485
43   0.0340256
44   0.00147814
45   -0.0394595
46   -0.0831317
47   -0.133178
48   -0.181684
49   -0.23413
50   -0.281824
51   -0.332006
52   -0.372887
53   -0.413908
54   -0.447137
55   -0.478699
56   -0.504085
57   -0.526596
58   -0.543921
59   -0.557895
60   -0.5672
61   -0.573178
62   -0.575398
63   -0.574388
64   -0.570695
65   -0.56395
66   -0.555256
67   -0.54392
68   -0.531388
69   -0.516848
70   -0.501957
71   -0.48575
72   -0.4697
73   -0.452929
74   -0.43658
75   -0.419965
76   -0.403829
77   -0.38771
78   -0.37203
79   -0.356533
80   -0.341434
81   -0.326621
82   -0.312193
83   -0.298119
84   -0.284438
85   -0.271154
86   0.0696721
87   0.0392766
88   -0.00261252
89   -0.049038
90   -0.101475
91   -0.154437
92   -0.209137
93   -0.261574
94   -0.313719
95   -0.361747
96   -0.405965
97   -0.44536
98   -0.480451
99   -0.510478
100   -0.53613
101   -0.556598
102   -0.572818
103   -0.584485
104   -0.592198
105   -0.59616
106   -0.596497
107   -0.593634
108   -0.587572
109   -0.578812
110   -0.567476
111   -0.554181
112   -0.539126
113   -0.523033
114   -0.505997
115   -0.488557
116   -0.470796
117   -0.453097
118   -0.4355
119   -0.418186
120   -0.401159
121   -0.384482
122   -0.368162
123   -0.352217
124   -0.336666
125   -0.321513
126   -0.306785
127   -0.292481
128   -0.278627
129   0.109607
130   0.0799622
131   0.0386097
132   -0.00902643
133   -0.0645708
134   -0.119536
135   -0.178054
136   -0.232686
137   -0.28834
138   -0.339652
139   -0.39003
140   -0.432601
141   -0.474378
142   -0.506896
143   -0.538818
144   -0.561243
145   -0.582097
146   -0.596065
147   -0.606992
148   -0.613439
149   -0.615869
150   -0.614826
151   -0.609701
152   -0.601755
153   -0.59038
154   -0.57711
155   -0.561214
156   -0.544633
157   -0.526309
158   -0.507948
159   -0.488719
160   -0.469962
161   -0.451025
162   -0.432689
163   -0.414524
164   -0.396916
165   -0.379638
166   -0.362865
167   -0.346505
168   -0.330627
169   -0.315213
170   -0.300285
171   -0.285848
172   0.15324
173   0.128098
174   0.0866419
175   0.0390234
176   -0.0181014
177   -0.0759718
178   -0.136454
179   -0.194615
180   -0.25272
181   -0.307566
182   -0.359989
183   -0.407688
184   -0.451536
185   -0.490261
186   -0.524783
187   -0.554422
188   -0.579243
189   -0.599379
190   -0.614775
191   -0.625407
192   -0.631579
193   -0.632821
194   -0.629969
195   -0.623048
196   -0.612679
197   -0.599661
198   -0.583939
199   -0.566536
200   -0.547544
201   -0.527704
202   -0.507336
203   -0.486987
204   -0.466887
205   -0.447156
206   -0.427934
207   -0.40917
208   -0.390966
209   -0.373244
210   -0.356085
211   -0.339425
212   -0.323332
213   -0.307755
214   -0.292752
215   0.198706
216   0.174821
217   0.135835
218   0.087582
219   0.0298033
220   -0.0294832
221   -0.0921367
222   -0.152251
223   -0.212703
224   -0.269472
225   -0.324412
226   -0.374648
227   -0.42178
228   -0.463729
229   -0.502596
230   -0.536086
231   -0.567649
232   -0.591068
233   -0.614262
234   -0.627032
235   -0.640436
236   -0.643088
237   -0.645104
238   -0.639813
239   -0.631555
240   -0.620194
241   -0.6048
242   -0.58778
243   -0.567776
244   -0.547146
245   -0.525195
246   -0.503738
247   -0.482167
248   -0.461315
249   -0.440849
250   -0.421071
251   -0.401839
252   -0.383242
253   -0.365235
254   -0.347836
255   -0.331042
256   -0.314849
257   -0.299265
258   0.245456
259   0.227829
260   0.188594
261   0.141277
262   0.0826331
263   0.0217692
264   -0.042187
265   -0.104686
266   -0.166865
267   -0.226007
268   -0.282827
269   -0.335631
270   -0.384921
271   -0.429789
272   -0.470893
273   -0.507587
274   -0.540824
275   -0.56924
276   -0.593875
277   -0.613594
278   -0.629287
279   -0.640535
280   -0.646765
281   -0.648758
282   -0.645277
283   -0.637187
284   -0.624481
285   -0.607407
286   -0.587391
287   -0.565597
288   -0.542714
289   -0.519626
290   -0.496964
291   -0.474657
292   -0.453166
293   -0.432221
294   -0.412102
295   -0.392572
296   -0.37381
297   -0.355653
298   -0.338223
299   -0.321409
300   -0.305299
301   0.291153
302   0.274938
303   0.239919
304   0.19294
305   0.134823
306   0.073474
307   0.00834689
308   -0.0553436
309   -0.11926
310   -0.179815
311   -0.23859
312   -0.29297
313   -0.344428
314   -0.391045
315   -0.434341
316   -0.472847
317   -0.507934
318   -0.538771
319   -0.565926
320   -0.589117
321   -0.609023
322   -0.624748
323   -0.638725
324   -0.644586
325   -0.650679
326   -0.644506
327   -0.638557
328   -0.622099
329   -0.603156
330   -0.58167
331   -0.557794
332   -0.534121
333   -0.510163
334   -0.486895
335   -0.464287
336   -0.442454
337   -0.421423
338   -0.401131
339   -0.381615
340   -0.362816
341   -0.344756
342   -0.327403
343   -0.310762
344   0.335151
345   0.327438
346   0.292742
347   0.247814
348   0.190233
349   0.127658
350   0.0621203
351   -0.00326659
352   -0.0682402
353   -0.13066
354   -0.190726
355   -0.247011
356   -0.29986
357   -0.348391
358   -0.393129
359   -0.43351
360   -0.470259
361   -0.503
362   -0.532201
363   -0.557732
364   -0.579912
365   -0.598587
366   -0.614352
367   -0.625874
368   -0.633855
369   -0.637022
370   -0.634655
371   -0.627815
372   -0.613016
373   -0.593724
374   -0.570781
375   -0.545897
376   -0.521407
377   -0.496969
378   -0.473737
379   -0.451052
380   -0.429426
381   -0.40845
382   -0.38839
383   -0.369012
384   -0.350467
385   -0.332609
386   -0.31554
387   0.374268
388   0.366829
389   0.3419
390   0.300464
391   0.244614
392   0.182037
393   0.115525
394   0.0493596
395   -0.0169659
396   -0.0804285
397   -0.142019
398   -0.199454
399   -0.253872
400   -0.303625
401   -0.349896
402   -0.39159
403   -0.429805
404   -0.463946
405   -0.494721
406   -0.521838
407   -0.545761
408   -0.566242
409   -0.583602
410   -0.59797
411   -0.608848
412   -0.616537
413   -0.621011
414   -0.618921
415   -0.615011
416   -0.597667
417   -0.578551
418   -0.554072
419   -0.529306
420   -0.504634
421   -0.480953
422   -0.457895
423   -0.435812
424   -0.414441
425   -0.393941
426   -0.374181
427   -0.355218
428   -0.336997
429   -0.319527
430   0.40984
431   0.40812
432   0.387549
433   0.35482
434   0.298871
435   0.236081
436   0.169808
437   0.102664
438   0.0357872
439   -0.029063
440   -0.0915311
441   -0.150462
442   -0.205877
443   -0.257111
444   -0.30445
445   -0.347571
446   -0.38693
447   -0.422399
448   -0.454375
449   -0.482809
450   -0.508025
451   -0.52995
452   -0.549029
453   -0.565123
454   -0.578343
455   -0.588517
456   -0.595484
457   -0.598358
458   -0.597246
459   -0.590824
460   -0.574976
461   -0.555415
462   -0.532205
463   -0.508021
464   -0.48489
465   -0.461962
466   -0.439953
467   -0.41851
468   -0.397904
469   -0.377963
470   -0.358798
471   -0.340322
472   -0.322595
473   0.441424
474   0.441802
475   0.428865
476   0.39908
477   0.34923
478   0.288427
479   0.222381
480   0.155274
481   0.0876196
482   0.0221785
483   -0.0414369
484   -0.101177
485   -0.157821
486   -0.209951
487   -0.258489
488   -0.302559
489   -0.343037
490   -0.379477
491   -0.412515
492   -0.441999
493   -0.468304
494   -0.491519
495   -0.511779
496   -0.529461
497   -0.544144
498   -0.556331
499   -0.565081
500   -0.571074
501   -0.572783
502   -0.57108
503   -0.563984
504   -0.548187
505   -0.529698
506   -0.507365
507   -0.485442
508   -0.463213
509   -0.441698
510   -0.420562
511   -0.400126
512   -0.380264
513   -0.361072
514   -0.342521
515   -0.324633
516   0.469654
517   0.474525
518   0.466782
519   0.446734
520   0.39746
521   0.338587
522   0.274037
523   0.207045
524   0.139479
525   0.073199
526   0.00912241
527   -0.0517524
528   -0.109058
529   -0.162365
530   -0.211659
531   -0.256859
532   -0.29815
533   -0.335637
534   -0.369548
535   -0.400056
536   -0.427381
537   -0.451708
538   -0.473245
539   -0.492143
540   -0.508388
541   -0.522043
542   -0.532867
543   -0.540881
544   -0.54549
545   -0.546753
546   -0.542929
547   -0.534363
548   -0.518899
549   -0.500892
550   -0.481043
551   -0.460768
552   -0.440336
553   -0.420144
554   -0.400256
555   -0.380829
556   -0.361851
557   -0.343429
558   -0.32553
559   0.494207
560   0.501995
561   0.500027
562   0.482009
563   0.441209
564   0.38612
565   0.323287
566   0.257305
567   0.189658
568   0.123336
569   0.0585214
570   -0.00277462
571   -0.0610084
572   -0.114895
573   -0.165136
574   -0.211003
575   -0.253201
576   -0.291422
577   -0.326212
578   -0.357573
579   -0.385817
580   -0.411198
581   -0.433746
582   -0.453919
583   -0.471337
584   -0.486589
585   -0.498884
586   -0.508945
587   -0.51548
588   -0.519244
589   -0.518303
590   -0.513477
591   -0.5034
592   -0.489099
593   -0.472663
594   -0.454623
595   -0.436066
596   -0.417134
597   -0.398262
598   -0.379511
599   -0.361039
600   -0.342913
601   -0.325193
602   0.515157
603   0.526418
604   0.529645
605   0.52158
606   0.482492
607   0.431426
608   0.371076
609   0.306083
610   0.2391
611   0.17244
612   0.107622
613   0.0455473
614   -0.0129873
615   -0.0677829
616   -0.118486
617   -0.165271
618   -0.208043
619   -0.247162
620   -0.282649
621   -0.31493
622   -0.344048
623   -0.370434
624   -0.394079
625   -0.415379
626   -0.43415
627   -0.450744
628   -0.464729
629   -0.47645
630   -0.485061
631   -0.490974
632   -0.492702
633   -0.491118
634   -0.484171
635   -0.473977
636   -0.460459
637   -0.445367
638   -0.428791
639   -0.411694
640   -0.394037
641   -0.376366
642   -0.358564
643   -0.341008
644   -0.323568
645   0.532337
646   0.546536
647   0.55405
648   0.547772
649   0.519491
650   0.473915
651   0.416442
652   0.353068
653   0.286518
654   0.220361
655   0.155211
656   0.093145
657   0.0339742
658   -0.0210776
659   -0.0725151
660   -0.119716
661   -0.163245
662   -0.202916
663   -0.239187
664   -0.272184
665   -0.30216
666   -0.329463
667   -0.354081
668   -0.376511
669   -0.396421
670   -0.414387
671   -0.429747
672   -0.443091
673   -0.453425
674   -0.461248
675   -0.465364
676   -0.466133
677   -0.46271
678   -0.455591
679   -0.445485
680   -0.433019
681   -0.418954
682   -0.403702
683   -0.387699
684   -0.371197
685   -0.354398
686   -0.337496
687   -0.320603
688   0.545677
689   0.562232
690   0.574275
691   0.577172
692   0.553279
693   0.515507
694   0.460481
695   0.3983
696   0.33295
697   0.266848
698   0.202199
699   0.13968
700   0.0805804
701   0.0248581
702   -0.0267589
703   -0.0747007
704   -0.118589
705   -0.159038
706   -0.195849
707   -0.22969
708   -0.26041
709   -0.288663
710   -0.314246
711   -0.33776
712   -0.358858
713   -0.378084
714   -0.394856
715   -0.409688
716   -0.421663
717   -0.431328
718   -0.437391
719   -0.440617
720   -0.439601
721   -0.435648
722   -0.428185
723   -0.418639
724   -0.406794
725   -0.393765
726   -0.379361
727   -0.364382
728   -0.348607
729   -0.332659
730   -0.316317
731   0.55531
732   0.574347
733   0.589054
734   0.59415
735   0.582888
736   0.551756
737   0.50154
738   0.441678
739   0.377233
740   0.312256
741   0.247646
742   0.185552
743   0.126063
744   0.0703891
745   0.0182243
746   -0.0298934
747   -0.0743983
748   -0.115217
749   -0.152719
750   -0.187135
751   -0.218655
752   -0.247696
753   -0.274213
754   -0.298721
755   -0.320909
756   -0.341316
757   -0.359369
758   -0.375555
759   -0.389079
760   -0.400306
761   -0.40837
762   -0.413516
763   -0.415165
764   -0.413642
765   -0.409085
766   -0.401964
767   -0.392668
768   -0.381632
769   -0.369174
770   -0.355634
771   -0.341206
772   -0.326178
773   -0.310701
774   0.561136
775   0.581855
776   0.599696
777   0.610614
778   0.607461
779   0.590034
780   0.54111
781   0.48256
782   0.420443
783   0.355992
784   0.292416
785   0.230136
786   0.171054
787   0.114916
788   0.0628451
789   0.014159
790   -0.0304827
791   -0.0719482
792   -0.109817
793   -0.144983
794   -0.177107
795   -0.207026
796   -0.234372
797   -0.259897
798   -0.283112
799   -0.304687
800   -0.32394
801   -0.341478
802   -0.356376
803   -0.369237
804   -0.378924
805   -0.386155
806   -0.3898
807   -0.390848
808   -0.388548
809   -0.384046
810   -0.376873
811   -0.3681
812   -0.357358
813   -0.345559
814   -0.332356
815   -0.318553
816   -0.303837
817   0.563307
818   0.585755
819   0.60626
820   0.621494
821   0.627333
822   0.614388
823   0.575744
824   0.521965
825   0.46162
826   0.398945
827   0.335694
828   0.274179
829   0.21491
830   0.159113
831   0.106685
832   0.0580756
833   0.0129768
834   -0.0286588
835   -0.0671023
836   -0.102689
837   -0.13553
838   -0.166107
839   -0.19432
840   -0.220708
841   -0.244943
842   -0.267547
843   -0.287989
844   -0.306708
845   -0.323025
846   -0.337261
847   -0.348716
848   -0.357625
849   -0.363488
850   -0.36657
851   -0.366753
852   -0.364389
853   -0.359597
854   -0.35275
855   -0.344018
856   -0.333747
857   -0.322081
858   -0.309355
859   -0.295741
860   0.562014
861   0.585197
862   0.608698
863   0.628168
864   0.642122
865   0.643556
866   0.607224
867   0.557858
868   0.501074
869   0.439761
870   0.377967
871   0.31658
872   0.258058
873   0.202038
874   0.150011
875   0.101042
876   0.0560549
877   0.0139361
878   -0.0246875
879   -0.0609044
880   -0.0942024
881   -0.125565
882   -0.154476
883   -0.181795
884   -0.206921
885   -0.230603
886   -0.252096
887   -0.272064
888   -0.289597
889   -0.30533
890   -0.318229
891   -0.328987
892   -0.336588
893   -0.341875
894   -0.344017
895   -0.343982
896   -0.341131
897   -0.336449
898   -0.329407
899   -0.320945
900   -0.310589
901   -0.299252
902   -0.286538
903   0.557739
904   0.582331
905   0.607615
906   0.631409
907   0.650975
908   0.655215
909   0.633344
910   0.591412
911   0.538106
912   0.479355
913   0.418392
914   0.358262
915   0.299885
916   0.244596
917   0.192477
918   0.143885
919   0.0986463
920   0.0565729
921   0.0175226
922   -0.0189618
923   -0.0528701
924   -0.0847686
925   -0.114461
926   -0.142528
927   -0.168593
928   -0.193189
929   -0.215783
930   -0.236818
931   -0.255664
932   -0.272652
933   -0.287153
934   -0.299421
935   -0.308963
936   -0.316023
937   -0.320342
938   -0.322201
939   -0.321533
940   -0.318646
941   -0.313571
942   -0.306626
943   -0.297888
944   -0.287708
945   -0.276254
946   0.550583
947   0.574967
948   0.602422
949   0.628337
950   0.654087
951   0.670927
952   0.654553
953   0.622275
954   0.572941
955   0.516217
956   0.457336
957   0.397778
958   0.340667
959   0.28549
960   0.234162
961   0.185475
962   0.140625
963   0.0982659
964   0.0592247
965   0.0222555
966   -0.0119729
967   -0.0445408
968   -0.0748129
969   -0.103709
970   -0.130551
971   -0.156124
972   -0.179656
973   -0.201839
974   -0.221788
975   -0.240151
976   -0.255963
977   -0.269897
978   -0.280988
979   -0.289997
980   -0.296049
981   -0.300001
982   -0.301094
983   -0.300239
984   -0.296772
985   -0.291627
986   -0.284214
987   -0.27551
988   -0.265038
989   0.541144
990   0.566436
991   0.59416
992   0.622789
993   0.650383
994   0.669257
995   0.670363
996   0.647199
997   0.604057
998   0.551096
999   0.493818
1000   0.436297
1001   0.379796
1002   0.325842
1003   0.274758
1004   0.226778
1005   0.181925
1006   0.139825
1007   0.100533
1008   0.063438
1009   0.0287318
1010   -0.00426042
1011   -0.0351992
1012   -0.0647386
1013   -0.0924082
1014   -0.118792
1015   -0.143316
1016   -0.166463
1017   -0.187603
1018   -0.207111
1019   -0.224369
1020   -0.239665
1021   -0.252482
1022   -0.263065
1023   -0.271057
1024   -0.276701
1025   -0.279793
1026   -0.280591
1027   -0.279009
1028   -0.275328
1029   -0.269554
1030   -0.262032
1031   -0.252918
1032   0.529403
1033   0.553719
1034   0.582321
1035   0.6112
1036   0.641492
1037   0.666086
1038   0.676714
1039   0.672107
1040   0.632377
1041   0.582133
1042   0.528374
1043   0.471944
1044   0.417367
1045   0.363895
1046   0.31404
1047   0.266277
1048   0.222097
1049   0.179948
1050   0.140845
1051   0.103446
1052   0.0685517
1053   0.0350456
1054   0.00364751
1055   -0.0265745
1056   -0.054899
1057   -0.0821182
1058   -0.107458
1059   -0.131613
1060   -0.153734
1061   -0.174465
1062   -0.192896
1063   -0.209674
1064   -0.22387
1065   -0.236184
1066   -0.24572
1067   -0.25325
1068   -0.257939
1069   -0.26063
1070   -0.260557
1071   -0.258628
1072   -0.254157
1073   -0.248148
1074   -0.240057
1075   0.515952
1076   0.540333
1077   0.567873
1078   0.597469
1079   0.628154
1080   0.655833
1081   0.676484
1082   0.677871
1083   0.653648
1084   0.610773
1085   0.559827
1086   0.50618
1087   0.452661
1088   0.400914
1089   0.351706
1090   0.304983
1091   0.261104
1092   0.219413
1093   0.180284
1094   0.142898
1095   0.107715
1096   0.0739123
1097   0.0420258
1098   0.0112946
1099   -0.0176828
1100   -0.0455739
1101   -0.0717323
1102   -0.096713
1103   -0.11985
1104   -0.141582
1105   -0.161267
1106   -0.179245
1107   -0.194951
1108   -0.208655
1109   -0.219911
1110   -0.228952
1111   -0.235464
1112   -0.23967
1113   -0.24138
1114   -0.240842
1115   -0.237992
1116   -0.233161
1117   -0.22648
1118   0.500916
1119   0.523598
1120   0.550849
1121   0.579082
1122   0.610522
1123   0.639411
1124   0.667152
1125   0.685105
1126   0.667134
1127   0.633864
1128   0.587435
1129   0.535852
1130   0.485079
1131   0.434411
1132   0.38696
1133   0.340893
1134   0.297986
1135   0.256573
1136   0.217823
1137   0.180404
1138   0.145198
1139   0.111132
1140   0.0789562
1141   0.0477832
1142   0.0183276
1143   -0.0101687
1144   -0.0369658
1145   -0.0627329
1146   -0.0866752
1147   -0.109412
1148   -0.130092
1149   -0.149326
1150   -0.166224
1151   -0.181429
1152   -0.194041
1153   -0.204763
1154   -0.21271
1155   -0.218662
1156   -0.221773
1157   -0.222917
1158   -0.221324
1159   -0.218006
1160   -0.212359
1161   0.485004
1162   0.507212
1163   0.532577
1164   0.560439
1165   0.59054
1166   0.620957
1167   0.649825
1168   0.669889
1169   0.672887
1170   0.649253
1171   0.609333
1172   0.562426
1173   0.513831
1174   0.465718
1175   0.419573
1176   0.374938
1177   0.332779
1178   0.292054
1179   0.25363
1180   0.216425
1181   0.18125
1182   0.147099
1183   0.114742
1184   0.0832809
1185   0.0534655
1186   0.0245186
1187   -0.00281919
1188   -0.0291976
1189   -0.0538898
1190   -0.0774184
1191   -0.0990922
1192   -0.119317
1193   -0.137468
1194   -0.153856
1195   -0.167953
1196   -0.179998
1197   -0.189579
1198   -0.1969
1199   -0.201676
1200   -0.204123
1201   -0.204108
1202   -0.201939
1203   -0.19772
1204   0.468347
1205   0.488643
1206   0.513074
1207   0.538785
1208   0.568133
1209   0.596927
1210   0.626878
1211   0.650921
1212   0.662126
1213   0.659821
1214   0.625466
1215   0.582005
1216   0.537804
1217   0.491624
1218   0.447926
1219   0.404632
1220   0.363822
1221   0.32392
1222   0.286168
1223   0.249403
1224   0.214494
1225   0.18051
1226   0.148156
1227   0.116648
1228   0.0866401
1229   0.0574493
1230   0.0297442
1231   0.00291192
1232   -0.0223296
1233   -0.0465521
1234   -0.0689753
1235   -0.0901611
1236   -0.10927
1237   -0.126886
1238   -0.142123
1239   -0.155617
1240   -0.166457
1241   -0.175356
1242   -0.18141
1243   -0.185444
1244   -0.186621
1245   -0.18594
1246   -0.182739
1247   0.451535
1248   0.471104
1249   0.493357
1250   0.517908
1251   0.544667
1252   0.572519
1253   0.60022
1254   0.625021
1255   0.643006
1256   0.646012
1257   0.631909
1258   0.596363
1259   0.556215
1260   0.513396
1261   0.472023
1262   0.430658
1263   0.391365
1264   0.352555
1265   0.315766
1266   0.279614
1267   0.245298
1268   0.21162
1269   0.179587
1270   0.148161
1271   0.118243
1272   0.0889422
1273   0.0611026
1274   0.0339726
1275   0.00835413
1276   -0.0163683
1277   -0.039438
1278   -0.0613409
1279   -0.0813822
1280   -0.0999288
1281   -0.116369
1282   -0.130969
1283   -0.14322
1284   -0.153322
1285   -0.160896
1286   -0.166128
1287   -0.168812
1288   -0.169229
1289   -0.167444
1290   0.434617
1291   0.452405
1292   0.473422
1293   0.495568
1294   0.520618
1295   0.545581
1296   0.571766
1297   0.594723
1298   0.615253
1299   0.627456
1300   0.619408
1301   0.599631
1302   0.565139
1303   0.526507
1304   0.488763
1305   0.450213
1306   0.412942
1307   0.375993
1308   0.340455
1309   0.305563
1310   0.27204
1311   0.239207
1312   0.207649
1313   0.17675
1314   0.147061
1315   0.118016
1316   0.0901865
1317   0.0630479
1318   0.0372238
1319   0.0122144
1320   -0.0112873
1321   -0.033776
1322   -0.0544822
1323   -0.0739192
1324   -0.091242
1325   -0.107009
1326   -0.120311
1327   -0.131783
1328   -0.140487
1329   -0.147183
1330   -0.150973
1331   -0.152823
1332   -0.152018
1333   0.417983
1334   0.434971
1335   0.453937
1336   0.474629
1337   0.496892
1338   0.520073
1339   0.543083
1340   0.565128
1341   0.58347
1342   0.597004
1343   0.599419
1344   0.586879
1345   0.565084
1346   0.532288
1347   0.499316
1348   0.463754
1349   0.429456
1350   0.394482
1351   0.36099
1352   0.327458
1353   0.295379
1354   0.263476
1355   0.232932
1356   0.20264
1357   0.173626
1358   0.144924
1359   0.117472
1360   0.0904364
1361   0.064699
1362   0.0395543
1363   0.0158345
1364   -0.00703475
1365   -0.0282794
1366   -0.0483422
1367   -0.0665217
1368   -0.0831346
1369   -0.0975734
1370   -0.110051
1371   -0.120087
1372   -0.12785
1373   -0.133045
1374   -0.135918
1375   -0.136487
1376   0.401606
1377   0.417121
1378   0.434853
1379   0.453428
1380   0.473908
1381   0.49445
1382   0.515616
1383   0.535144
1384   0.552686
1385   0.565534
1386   0.570846
1387   0.567665
1388   0.551
1389   0.527659
1390   0.499555
1391   0.469392
1392   0.438299
1393   0.406758
1394   0.375466
1395   0.344291
1396   0.313757
1397   0.283532
1398   0.254075
1399   0.224986
1400   0.196712
1401   0.16884
1402   0.141844
1403   0.115312
1404   0.0897701
1405   0.064811
1406   0.0410309
1407   0.0180178
1408   -0.00354712
1409   -0.0240953
1410   -0.0428499
1411   -0.060283
1412   -0.0755196
1413   -0.089106
1414   -0.10009
1415   -0.109151
1416   -0.115337
1417   -0.119559
1418   -0.121042
1419   0.385685
1420   0.400417
1421   0.416451
1422   0.433631
1423   0.451771
1424   0.470519
1425   0.488972
1426   0.506823
1427   0.521992
1428   0.534401
1429   0.540247
1430   0.540613
1431   0.531687
1432   0.514791
1433   0.493499
1434   0.468129
1435   0.441681
1436   0.413402
1437   0.385348
1438   0.356456
1439   0.328266
1440   0.299678
1441   0.271953
1442   0.244041
1443   0.21705
1444   0.190005
1445   0.163924
1446   0.137925
1447   0.112967
1448   0.0882694
1449   0.0647441
1450   0.0417254
1451   0.020072
1452   -0.000752245
1453   -0.0199524
1454   -0.0379239
1455   -0.0539553
1456   -0.0683031
1457   -0.0803761
1458   -0.0903362
1459   -0.0977852
1460   -0.102927
1461   -0.105712
1462   0.370154
1463   0.383722
1464   0.398648
1465   0.414135
1466   0.430712
1467   0.447346
1468   0.464114
1469   0.479862
1470   0.49394
1471   0.505284
1472   0.51213
1473   0.514327
1474   0.508932
1475   0.497799
1476   0.481265
1477   0.461313
1478   0.438791
1479   0.414659
1480   0.389551
1481   0.363759
1482   0.337757
1483   0.311509
1484   0.285416
1485   0.259288
1486   0.233509
1487   0.207818
1488   0.182616
1489   0.157611
1490   0.133244
1491   0.109208
1492   0.086003
1493   0.0633092
1494   0.0417059
1495   0.0208507
1496   0.00142403
1497   -0.0169535
1498   -0.0334805
1499   -0.0486028
1500   -0.0613953
1501   -0.0724308
1502   -0.0807212
1503   -0.087091
1504   -0.0906934
1505   0.355092
1506   0.367914
1507   0.381499
1508   0.395759
1509   0.410513
1510   0.425587
1511   0.440295
1512   0.454531
1513   0.466919
1514   0.477534
1515   0.484306
1516   0.487545
1517   0.485276
1518   0.477834
1519   0.46603
1520   0.450217
1521   0.432085
1522   0.411442
1523   0.389896
1524   0.366828
1525   0.343631
1526   0.319473
1527   0.295587
1528   0.271058
1529   0.24702
1530   0.222546
1531   0.198705
1532   0.174603
1533   0.151265
1534   0.127856
1535   0.105361
1536   0.0830286
1537   0.0618027
1538   0.0410381
1539   0.0216261
1540   0.00305783
1541   -0.0138469
1542   -0.0294351
1543   -0.0429935
1544   -0.0547142
1545   -0.06407
1546   -0.0712215
1547   -0.0760193
1548   0.340436
1549   0.352326
1550   0.364944
1551   0.377878
1552   0.391331
1553   0.404767
1554   0.418078
1555   0.430686
1556   0.442048
1557   0.451655
1558   0.458446
1559   0.462195
1560   0.461581
1561   0.45702
1562   0.448317
1563   0.436347
1564   0.421527
1565   0.40455
1566   0.385911
1567   0.365966
1568   0.345146
1569   0.323556
1570   0.301567
1571   0.279131
1572   0.256594
1573   0.23382
1574   0.211157
1575   0.188421
1576   0.165985
1577   0.143639
1578   0.121794
1579   0.100222
1580   0.079395
1581   0.0590634
1582   0.0397857
1583   0.0212797
1584   0.00422436
1585   -0.011717
1586   -0.0257093
1587   -0.0381976
1588   -0.0481993
1589   -0.056407
1590   -0.0618912
1591   0.326209
1592   0.337395
1593   0.348957
1594   0.360846
1595   0.372905
1596   0.385062
1597   0.396828
1598   0.408194
1599   0.418264
1600   0.427117
1601   0.433528
1602   0.437609
1603   0.43828
1604   0.435629
1605   0.429664
1606   0.420491
1607   0.408907
1608   0.394796
1609   0.379248
1610   0.361848
1611   0.34374
1612   0.32428
1613   0.304597
1614   0.283903
1615   0.263306
1616   0.241945
1617   0.220906
1618   0.199305
1619   0.178214
1620   0.156758
1621   0.135991
1622   0.115081
1623   0.0950531
1624   0.0751473
1625   0.0563522
1626   0.0380128
1627   0.0210618
1628   0.0049984
1629   -0.00933357
1630   -0.0222315
1631   -0.0330134
1632   -0.0418188
1633   -0.0483479
1634   0.312374
1635   0.322791
1636   0.333518
1637   0.344365
1638   0.355366
1639   0.366264
1640   0.376909
1641   0.38701
1642   0.396187
1643   0.404147
1644   0.410284
1645   0.414379
1646   0.415787
1647   0.414515
1648   0.410338
1649   0.403531
1650   0.394261
1651   0.382858
1652   0.369654
1653   0.354883
1654   0.338902
1655   0.321817
1656   0.303966
1657   0.285356
1658   0.266306
1659   0.24675
1660   0.227005
1661   0.206961
1662   0.186941
1663   0.166811
1664   0.146913
1665   0.127097
1666   0.107739
1667   0.0886749
1668   0.0703349
1669   0.052533
1670   0.0357873
1671   0.0198737
1672   0.0054525
1673   -0.00777921
1674   -0.0189475
1675   -0.0285566
1676   -0.0355975
1677   0.298934
1678   0.308697
1679   0.318582
1680   0.32856
1681   0.338499
1682   0.348384
1683   0.357866
1684   0.366989
1685   0.375153
1686   0.38245
1687   0.388106
1688   0.392206
1689   0.394073
1690   0.393738
1691   0.391019
1692   0.385894
1693   0.378715
1694   0.369322
1695   0.358424
1696   0.345659
1697   0.331932
1698   0.316684
1699   0.300917
1700   0.283922
1701   0.266749
1702   0.248588
1703   0.230518
1704   0.211668
1705   0.193133
1706   0.174017
1707   0.15542
1708   0.136448
1709   0.118197
1710   0.0998023
1711   0.082345
1712   0.0650153
1713   0.048864
1714   0.0331813
1715   0.0189552
1716   0.00565661
1717   -0.00585531
1718   -0.0158142
1719   -0.0236853
1720   0.285876
1721   0.294989
1722   0.304163
1723   0.313323
1724   0.322423
1725   0.331351
1726   0.339964
1727   0.348117
1728   0.355551
1729   0.362092
1730   0.367388
1731   0.371263
1732   0.373372
1733   0.373609
1734   0.371811
1735   0.367997
1736   0.36223
1737   0.354605
1738   0.345334
1739   0.334512
1740   0.322417
1741   0.309103
1742   0.294864
1743   0.279702
1744   0.263911
1745   0.247451
1746   0.230611
1747   0.213322
1748   0.195873
1749   0.178178
1750   0.16053
1751   0.142835
1752   0.125399
1753   0.108122
1754   0.0913313
1755   0.0749249
1756   0.0592655
1757   0.0442394
1758   0.030278
1759   0.0172289
1760   0.00567565
1761   -0.00466889
1762   -0.0128258
1763   0.273197
1764   0.281715
1765   0.290214
1766   0.298669
1767   0.306967
1768   0.315122
1769   0.322866
1770   0.330277
1771   0.336918
1772   0.342908
1773   0.347703
1774   0.351411
1775   0.35355
1776   0.354156
1777   0.353026
1778   0.350094
1779   0.345529
1780   0.339127
1781   0.331387
1782   0.321937
1783   0.311514
1784   0.29958
1785   0.287029
1786   0.273181
1787   0.259027
1788   0.243781
1789   0.228497
1790   0.212315
1791   0.196328
1792   0.179633
1793   0.163346
1794   0.146544
1795   0.130357
1796   0.113859
1797   0.0981902
1798   0.0824316
1799   0.0677293
1800   0.0531875
1801   0.0399482
1802   0.0271641
1803   0.0159386
1804   0.00556797
1805   -0.00307263
1806   0.260894
1807   0.268853
1808   0.276761
1809   0.284575
1810   0.292234
1811   0.29967
1812   0.306773
1813   0.313446
1814   0.319524
1815   0.324878
1816   0.329305
1817   0.33266
1818   0.334753
1819   0.335464
1820   0.334686
1821   0.332366
1822   0.328515
1823   0.323146
1824   0.316365
1825   0.308222
1826   0.29888
1827   0.288396
1828   0.276956
1829   0.264607
1830   0.251539
1831   0.237785
1832   0.223534
1833   0.208805
1834   0.193785
1835   0.178485
1836   0.163091
1837   0.147613
1838   0.132237
1839   0.116976
1840   0.102021
1841   0.0873909
1842   0.0732843
1843   0.0597284
1844   0.0469311
1845   0.0349323
1846   0.023948
1847   0.0140321
1848   0.00538124
