##### Y Mean #####
0   0.00467408
1   -0.0281069
2   -0.0665641
3   -0.109147
4   -0.155004
5   -0.202211
6   -0.25009
7   -0.296772
8   -0.341632
9   -0.382374
10   -0.419494
11   -0.452163
12   -0.480916
13   -0.50541
14   -0.525951
15   -0.542413
16   -0.554993
17   -0.563684
18   -0.568785
19   -0.570487
20   -0.569091
21   -0.564931
22   -0.558203
23   -0.54927
24   -0.538328
25   -0.525812
26   -0.51195
27   -0.497206
28   -0.481742
29   -0.465925
30   -0.449849
31   -0.433768
32   -0.417724
33   -0.401861
34   -0.386186
35   -0.370772
36   -0.355623
37   -0.340776
38   -0.32624
39   -0.312038
40   -0.298185
41   -0.284697
42   -0.271587
43   0.035744
44   0.00251942
45   -0.0393157
46   -0.0840149
47   -0.135319
48   -0.185184
49   -0.239247
50   -0.288528
51   -0.340577
52   -0.382926
53   -0.425562
54   -0.46008
55   -0.492943
56   -0.519412
57   -0.542912
58   -0.561055
59   -0.575697
60   -0.585501
61   -0.591811
62   -0.594235
63   -0.593247
64   -0.589501
65   -0.582517
66   -0.573535
67   -0.561741
68   -0.548743
69   -0.533607
70   -0.518157
71   -0.501304
72   -0.484665
73   -0.467255
74   -0.45033
75   -0.433118
76   -0.416437
77   -0.39977
78   -0.383579
79   -0.367577
80   -0.351997
81   -0.336714
82   -0.321834
83   -0.30732
84   -0.293214
85   -0.27952
86   0.0724634
87   0.0415081
88   -0.00121675
89   -0.0486339
90   -0.102286
91   -0.156587
92   -0.212859
93   -0.266923
94   -0.32091
95   -0.370731
96   -0.416689
97   -0.457708
98   -0.494307
99   -0.52568
100   -0.552534
101   -0.573999
102   -0.591052
103   -0.603371
104   -0.611563
105   -0.615847
106   -0.61633
107   -0.613472
108   -0.607249
109   -0.598198
110   -0.586432
111   -0.572621
112   -0.55696
113   -0.540225
114   -0.522507
115   -0.504384
116   -0.485934
117   -0.467571
118   -0.449326
119   -0.431394
120   -0.413773
121   -0.396528
122   -0.379662
123   -0.363192
124   -0.347136
125   -0.331496
126   -0.3163
127   -0.301545
128   -0.287257
129   0.113552
130   0.0834459
131   0.0413699
132   -0.00716827
133   -0.0638805
134   -0.12011
135   -0.18016
136   -0.236379
137   -0.293846
138   -0.347047
139   -0.399421
140   -0.443766
141   -0.487431
142   -0.521432
143   -0.554952
144   -0.578499
145   -0.60048
146   -0.615281
147   -0.626905
148   -0.633878
149   -0.636594
150   -0.635712
151   -0.630494
152   -0.622335
153   -0.610526
154   -0.596765
155   -0.580202
156   -0.562964
157   -0.543862
158   -0.524765
159   -0.50474
160   -0.485254
161   -0.465577
162   -0.446563
163   -0.427729
164   -0.409499
165   -0.391617
166   -0.374274
167   -0.357363
168   -0.340962
169   -0.325045
170   -0.309637
171   -0.294741
172   0.158379
173   0.132963
174   0.0908971
175   0.0425244
176   -0.0156588
177   -0.0746957
178   -0.136633
179   -0.196328
180   -0.256241
181   -0.312965
182   -0.367392
183   -0.417047
184   -0.462836
185   -0.503387
186   -0.539649
187   -0.570889
188   -0.597126
189   -0.618507
190   -0.634939
191   -0.646381
192   -0.653133
193   -0.654676
194   -0.651904
195   -0.644846
196   -0.634138
197   -0.620642
198   -0.604278
199   -0.586145
200   -0.566333
201   -0.545636
202   -0.524392
203   -0.503189
204   -0.482268
205   -0.461753
206   -0.441791
207   -0.422323
208   -0.403456
209   -0.3851
210   -0.367344
211   -0.350114
212   -0.333482
213   -0.317392
214   -0.301904
215   0.205012
216   0.180948
217   0.141541
218   0.0926458
219   0.0339695
220   -0.0264018
221   -0.0903833
222   -0.151987
223   -0.214136
224   -0.272749
225   -0.329635
226   -0.381873
227   -0.431007
228   -0.474924
229   -0.515742
230   -0.551065
231   -0.584512
232   -0.609381
233   -0.63418
234   -0.647903
235   -0.662431
236   -0.665486
237   -0.667909
238   -0.662635
239   -0.654185
240   -0.642485
241   -0.626456
242   -0.608736
243   -0.587816
244   -0.566267
245   -0.543305
246   -0.520909
247   -0.498396
248   -0.476677
249   -0.455373
250   -0.434818
251   -0.414848
252   -0.395559
253   -0.376897
254   -0.358882
255   -0.341508
256   -0.324768
257   -0.30867
258   0.252878
259   0.235234
260   0.195693
261   0.147918
262   0.0884895
263   0.0266959
264   -0.0385039
265   -0.102372
266   -0.166192
267   -0.227074
268   -0.285808
269   -0.340562
270   -0.391871
271   -0.438736
272   -0.481849
273   -0.520483
274   -0.555648
275   -0.585835
276   -0.612143
277   -0.633329
278   -0.650319
279   -0.662652
280   -0.669655
281   -0.672175
282   -0.668879
283   -0.660657
284   -0.647514
285   -0.629702
286   -0.608756
287   -0.585928
288   -0.561954
289   -0.53778
290   -0.514086
291   -0.490784
292   -0.468374
293   -0.446555
294   -0.42563
295   -0.405337
296   -0.385868
297   -0.367042
298   -0.348994
299   -0.331594
300   -0.314943
301   0.299603
302   0.283443
303   0.248282
304   0.200949
305   0.142227
306   0.0800448
307   0.013837
308   -0.0511391
309   -0.116551
310   -0.178765
311   -0.239338
312   -0.295613
313   -0.349026
314   -0.397628
315   -0.442915
316   -0.483392
317   -0.520409
318   -0.553137
319   -0.58208
320   -0.606973
321   -0.62848
322   -0.645628
323   -0.661035
324   -0.667685
325   -0.674707
326   -0.668518
327   -0.662625
328   -0.645461
329   -0.625632
330   -0.603127
331   -0.578053
332   -0.553235
333   -0.528121
334   -0.503771
335   -0.480143
336   -0.457361
337   -0.435446
338   -0.41433
339   -0.394048
340   -0.374535
341   -0.355814
342   -0.337844
343   -0.32063
344   0.344543
345   0.33699
346   0.302244
347   0.257121
348   0.199038
349   0.135804
350   0.0692871
351   0.00277069
352   -0.063601
353   -0.127538
354   -0.189313
355   -0.247376
356   -0.302117
357   -0.352554
358   -0.399252
359   -0.441567
360   -0.480268
361   -0.514911
362   -0.54598
363   -0.573299
364   -0.597197
365   -0.617466
366   -0.634741
367   -0.647525
368   -0.656562
369   -0.660475
370   -0.658451
371   -0.651641
372   -0.636282
373   -0.616091
374   -0.591999
375   -0.565835
376   -0.540126
377   -0.514489
378   -0.490174
379   -0.466455
380   -0.443892
381   -0.422029
382   -0.401161
383   -0.381023
384   -0.361782
385   -0.343273
386   -0.325608
387   0.384508
388   0.377283
389   0.352395
390   0.310831
391   0.254641
392   0.191507
393   0.124193
394   0.0570079
395   -0.0105472
396   -0.0754162
397   -0.138564
398   -0.197679
399   -0.253865
400   -0.305453
401   -0.353595
402   -0.397187
403   -0.437298
404   -0.473342
405   -0.505978
406   -0.534924
407   -0.560598
408   -0.582754
409   -0.601666
410   -0.617499
411   -0.629645
412   -0.638431
413   -0.643825
414   -0.642116
415   -0.63852
416   -0.620386
417   -0.600387
418   -0.574628
419   -0.548588
420   -0.522676
421   -0.497852
422   -0.473717
423   -0.450645
424   -0.428348
425   -0.406997
426   -0.386446
427   -0.366754
428   -0.347858
429   -0.329766
430   0.420832
431   0.419413
432   0.398922
433   0.366152
434   0.309963
435   0.246778
436   0.17981
437   0.111813
438   0.043822
439   -0.0222728
440   -0.0861851
441   -0.146649
442   -0.203734
443   -0.256681
444   -0.30582
445   -0.35075
446   -0.391966
447   -0.429275
448   -0.463099
449   -0.493332
450   -0.520317
451   -0.543925
452   -0.564633
453   -0.582252
454   -0.596879
455   -0.6083
456   -0.616339
457   -0.619999
458   -0.619388
459   -0.613067
460   -0.59658
461   -0.576101
462   -0.55172
463   -0.526303
464   -0.502052
465   -0.478034
466   -0.455027
467   -0.432638
468   -0.411166
469   -0.390411
470   -0.370501
471   -0.35133
472   -0.332966
473   0.45306
474   0.453759
475   0.440978
476   0.411206
477   0.361226
478   0.300115
479   0.233537
480   0.16569
481   0.0970918
482   0.0305273
483   -0.0343682
484   -0.0955255
485   -0.153693
486   -0.20744
487   -0.257655
488   -0.303463
489   -0.3457
490   -0.383932
491   -0.418747
492   -0.450011
493   -0.478045
494   -0.502963
495   -0.524843
496   -0.544107
497   -0.560236
498   -0.57378
499   -0.583678
500   -0.590679
501   -0.593087
502   -0.591852
503   -0.584824
504   -0.568384
505   -0.549076
506   -0.525631
507   -0.502658
508   -0.479373
509   -0.456878
510   -0.434806
511   -0.413503
512   -0.392828
513   -0.372882
514   -0.353629
515   -0.335092
516   0.481837
517   0.487091
518   0.479519
519   0.459538
520   0.410215
521   0.351166
522   0.28618
523   0.218602
524   0.150209
525   0.0829661
526   0.0177294
527   -0.0444087
528   -0.103127
529   -0.157914
530   -0.208792
531   -0.255615
532   -0.298595
533   -0.337781
534   -0.373422
535   -0.405643
536   -0.434678
537   -0.460674
538   -0.483851
539   -0.504323
540   -0.522068
541   -0.537115
542   -0.549203
543   -0.558322
544   -0.563825
545   -0.565752
546   -0.562223
547   -0.553588
548   -0.537522
549   -0.518728
550   -0.497972
551   -0.476772
552   -0.455428
553   -0.434355
554   -0.413631
555   -0.393411
556   -0.373692
557   -0.354572
558   -0.336023
559   0.506834
560   0.515005
561   0.513266
562   0.495361
563   0.454582
564   0.39938
565   0.336248
566   0.269782
567   0.201465
568   0.134298
569   0.0684841
570   0.00604239
571   -0.0534535
572   -0.108715
573   -0.160407
574   -0.207807
575   -0.25158
576   -0.291432
577   -0.327861
578   -0.360892
579   -0.390783
580   -0.41782
581   -0.44197
582   -0.463734
583   -0.482647
584   -0.49935
585   -0.512943
586   -0.524216
587   -0.531735
588   -0.536321
589   -0.535857
590   -0.531237
591   -0.520963
592   -0.506148
593   -0.489051
594   -0.470243
595   -0.450898
596   -0.431166
597   -0.411519
598   -0.392019
599   -0.372832
600   -0.354026
601   -0.335665
602   0.528143
603   0.539828
604   0.543284
605   0.535358
606   0.496352
607   0.44527
608   0.384699
609   0.319356
610   0.25181
611   0.184454
612   0.11875
613   0.0556785
614   -0.00400707
615   -0.0600388
616   -0.112095
617   -0.16029
618   -0.204556
619   -0.245203
620   -0.282269
621   -0.31614
622   -0.34687
623   -0.374859
624   -0.4001
625   -0.422964
626   -0.443256
627   -0.461308
628   -0.476658
629   -0.489639
630   -0.499342
631   -0.506182
632   -0.508558
633   -0.507387
634   -0.50046
635   -0.490044
636   -0.47607
637   -0.460413
638   -0.443183
639   -0.425406
640   -0.407054
641   -0.388696
642   -0.370223
643   -0.352019
644   -0.333956
645   0.545593
646   0.560205
647   0.56799
648   0.561885
649   0.533714
650   0.48816
651   0.430576
652   0.366938
653   0.299964
654   0.233218
655   0.167329
656   0.104377
657   0.0441984
658   -0.0119843
659   -0.0646425
660   -0.113162
661   -0.158068
662   -0.199192
663   -0.236945
664   -0.271479
665   -0.302993
666   -0.331869
667   -0.358034
668   -0.382026
669   -0.403435
670   -0.422886
671   -0.439621
672   -0.454284
673   -0.465764
674   -0.474607
675   -0.479493
676   -0.480814
677   -0.477642
678   -0.470508
679   -0.460176
680   -0.447323
681   -0.43277
682   -0.41696
683   -0.400364
684   -0.383252
685   -0.365841
686   -0.348333
687   -0.330846
688   0.559132
689   0.576128
690   0.588435
691   0.591512
692   0.567756
693   0.530057
694   0.474984
695   0.412654
696   0.346971
697   0.280412
698   0.215128
699   0.151859
700   0.0918553
701   0.035133
702   -0.0176079
703   -0.066749
704   -0.111931
705   -0.15373
706   -0.191957
707   -0.22725
708   -0.259464
709   -0.289227
710   -0.316336
711   -0.341373
712   -0.363973
713   -0.384671
714   -0.40285
715   -0.419018
716   -0.432198
717   -0.442943
718   -0.44987
719   -0.453772
720   -0.453146
721   -0.449374
722   -0.441855
723   -0.432108
724   -0.419919
725   -0.40647
726   -0.391576
727   -0.376079
728   -0.359755
729   -0.343256
730   -0.326355
731   0.568892
732   0.588353
733   0.603357
734   0.608651
735   0.597519
736   0.566473
737   0.516287
738   0.456345
739   0.391685
740   0.326342
741   0.261227
742   0.198482
743   0.13822
744   0.081645
745   0.0284806
746   -0.0207463
747   -0.0664329
748   -0.108524
749   -0.147346
750   -0.183154
751   -0.216089
752   -0.246601
753   -0.274585
754   -0.300595
755   -0.32425
756   -0.34613
757   -0.36558
758   -0.383124
759   -0.397879
760   -0.410233
761   -0.419234
762   -0.425143
763   -0.427322
764   -0.42612
765   -0.421679
766   -0.414505
767   -0.405021
768   -0.393689
769   -0.380857
770   -0.366886
771   -0.351988
772   -0.336464
773   -0.320476
774   0.574788
775   0.595947
776   0.614076
777   0.625206
778   0.622169
779   0.604815
780   0.55598
781   0.497447
782   0.435184
783   0.370481
784   0.306487
785   0.243678
786   0.183918
787   0.126998
788   0.0740182
789   0.0243357
790   -0.0214064
791   -0.0640432
792   -0.103164
793   -0.139636
794   -0.173122
795   -0.204443
796   -0.233221
797   -0.260197
798   -0.284863
799   -0.30788
800   -0.328532
801   -0.347424
802   -0.363574
803   -0.377592
804   -0.388267
805   -0.396338
806   -0.400604
807   -0.402103
808   -0.400043
809   -0.395635
810   -0.388396
811   -0.379457
812   -0.368442
813   -0.356312
814   -0.342711
815   -0.328479
816   -0.313296
817   0.576973
818   0.599842
819   0.620652
820   0.636091
821   0.642042
822   0.629185
823   0.590648
824   0.536925
825   0.476529
826   0.413675
827   0.350119
828   0.288162
829   0.228332
830   0.171843
831   0.118621
832   0.0691001
833   0.0230073
834   -0.0197234
835   -0.0593234
836   -0.0961524
837   -0.130274
838   -0.162203
839   -0.191782
840   -0.219585
841   -0.245223
842   -0.269249
843   -0.291063
844   -0.311132
845   -0.328701
846   -0.344112
847   -0.356596
848   -0.366397
849   -0.37297
850   -0.376595
851   -0.377141
852   -0.374984
853   -0.370254
854   -0.363348
855   -0.354453
856   -0.343935
857   -0.331953
858   -0.31886
859   -0.304837
860   0.575649
861   0.599263
862   0.623055
863   0.642737
864   0.656775
865   0.658261
866   0.622076
867   0.572823
868   0.516035
869   0.454634
870   0.392609
871   0.330886
872   0.271886
873   0.215283
874   0.162543
875   0.112768
876   0.0668645
877   0.0237475
878   -0.0159631
879   -0.0533352
880   -0.0878561
881   -0.120494
882   -0.150725
883   -0.179399
884   -0.205894
885   -0.230953
886   -0.253799
887   -0.275093
888   -0.293878
889   -0.310791
890   -0.324742
891   -0.336439
892   -0.344807
893   -0.350722
894   -0.353314
895   -0.353597
896   -0.350903
897   -0.346272
898   -0.339155
899   -0.33054
900   -0.319938
901   -0.308304
902   -0.295229
903   0.571297
904   0.5963
905   0.621883
906   0.645871
907   0.665528
908   0.669835
909   0.648081
910   0.606268
911   0.553024
912   0.494241
913   0.433141
914   0.372748
915   0.313995
916   0.258203
917   0.205476
918   0.156156
919   0.1101
920   0.0671031
921   0.0270583
922   -0.0105139
923   -0.0455617
924   -0.0786778
925   -0.109618
926   -0.138991
927   -0.166366
928   -0.192303
929   -0.216209
930   -0.238549
931   -0.258629
932   -0.276797
933   -0.292366
934   -0.305599
935   -0.315963
936   -0.323711
937   -0.328566
938   -0.330822
939   -0.330412
940   -0.32766
941   -0.322605
942   -0.315583
943   -0.306678
944   -0.29626
945   -0.284506
946   0.564029
947   0.58883
948   0.616569
949   0.642688
950   0.668505
951   0.68537
952   0.669119
953   0.636965
954   0.587726
955   0.53104
956   0.47208
957   0.412349
958   0.354933
959   0.299348
960   0.247485
961   0.198166
962   0.152573
963   0.109383
964   0.0694168
965   0.0314465
966   -0.00385814
967   -0.0375649
968   -0.0690292
969   -0.0991634
970   -0.127269
971   -0.154128
972   -0.178938
973   -0.202388
974   -0.223553
975   -0.243085
976   -0.25997
977   -0.274891
978   -0.286836
979   -0.296589
980   -0.303234
981   -0.307663
982   -0.309086
983   -0.308454
984   -0.30508
985   -0.299939
986   -0.292422
987   -0.283547
988   -0.272822
989   0.554442
990   0.580129
991   0.608146
992   0.636965
993   0.664646
994   0.683559
995   0.684716
996   0.661658
997   0.618642
998   0.565756
999   0.508475
1000   0.450839
1001   0.39412
1002   0.339826
1003   0.2883
1004   0.23976
1005   0.194256
1006   0.151397
1007   0.111269
1008   0.0732421
1009   0.0375441
1010   0.00347681
1011   -0.0285776
1012   -0.059298
1013   -0.0881655
1014   -0.115788
1015   -0.141538
1016   -0.165918
1017   -0.188245
1018   -0.208906
1019   -0.227234
1020   -0.243527
1021   -0.257227
1022   -0.26859
1023   -0.277232
1024   -0.283409
1025   -0.286905
1026   -0.287992
1027   -0.28658
1028   -0.282965
1029   -0.277158
1030   -0.269519
1031   -0.260212
1032   0.542525
1033   0.56724
1034   0.596123
1035   0.625206
1036   0.655579
1037   0.680206
1038   0.690851
1039   0.686274
1040   0.646697
1041   0.59658
1042   0.542856
1043   0.486385
1044   0.431647
1045   0.377918
1046   0.327686
1047   0.27945
1048   0.234687
1049   0.191866
1050   0.151996
1051   0.11375
1052   0.0779296
1053   0.0434292
1054   0.0109767
1055   -0.0203528
1056   -0.0498211
1057   -0.0782163
1058   -0.104738
1059   -0.13008
1060   -0.153357
1061   -0.175217
1062   -0.194709
1063   -0.212487
1064   -0.227581
1065   -0.240706
1066   -0.250929
1067   -0.259047
1068   -0.264192
1069   -0.26724
1070   -0.267394
1071   -0.265601
1072   -0.261149
1073   -0.255085
1074   -0.246844
1075   0.528869
1076   0.553633
1077   0.581465
1078   0.611259
1079   0.642045
1080   0.669755
1081   0.69039
1082   0.691799
1083   0.66768
1084   0.624934
1085   0.574075
1086   0.52043
1087   0.466824
1088   0.414877
1089   0.365373
1090   0.318241
1091   0.273864
1092   0.231569
1093   0.191758
1094   0.153594
1095   0.117568
1096   0.0828383
1097   0.0499762
1098   0.0181993
1099   -0.0118513
1100   -0.0408644
1101   -0.0681465
1102   -0.0942716
1103   -0.118525
1104   -0.14136
1105   -0.162089
1106   -0.181062
1107   -0.197676
1108   -0.212209
1109   -0.224188
1110   -0.233854
1111   -0.240875
1112   -0.245485
1113   -0.247485
1114   -0.247133
1115   -0.244364
1116   -0.239523
1117   -0.232748
1118   0.513607
1119   0.536676
1120   0.564211
1121   0.59266
1122   0.624203
1123   0.653139
1124   0.680837
1125   0.698735
1126   0.680864
1127   0.647716
1128   0.601394
1129   0.549869
1130   0.499051
1131   0.448254
1132   0.400561
1133   0.354162
1134   0.310818
1135   0.268882
1136   0.229516
1137   0.191401
1138   0.155418
1139   0.120505
1140   0.0874172
1141   0.0552738
1142   0.0248037
1143   -0.00474758
1144   -0.0326184
1145   -0.0594763
1146   -0.0844975
1147   -0.108303
1148   -0.130006
1149   -0.150225
1150   -0.16803
1151   -0.184079
1152   -0.197434
1153   -0.208817
1154   -0.217309
1155   -0.223716
1156   -0.227159
1157   -0.228545
1158   -0.227077
1159   -0.223805
1160   -0.218103
1161   0.497445
1162   0.520026
1163   0.545686
1164   0.573762
1165   0.60399
1166   0.634455
1167   0.663301
1168   0.683321
1169   0.686314
1170   0.662775
1171   0.62298
1172   0.576153
1173   0.527568
1174   0.479369
1175   0.43305
1176   0.388138
1177   0.345617
1178   0.304433
1179   0.265472
1180   0.227637
1181   0.191765
1182   0.156833
1183   0.123642
1184   0.0912742
1185   0.0605168
1186   0.0305723
1187   0.00222327
1188   -0.0251983
1189   -0.0509219
1190   -0.0754853
1191   -0.0981548
1192   -0.119348
1193   -0.138403
1194   -0.155639
1195   -0.170497
1196   -0.183224
1197   -0.193387
1198   -0.201196
1199   -0.206354
1200   -0.209082
1201   -0.209244
1202   -0.207159
1203   -0.202936
1204   0.480521
1205   0.50119
1206   0.525911
1207   0.551854
1208   0.581336
1209   0.610206
1210   0.640144
1211   0.664146
1212   0.675318
1213   0.673003
1214   0.638776
1215   0.59543
1216   0.55126
1217   0.50505
1218   0.46122
1219   0.417714
1220   0.376596
1221   0.336306
1222   0.298078
1223   0.260759
1224   0.225216
1225   0.190527
1226   0.157402
1227   0.125062
1228   0.0941718
1229   0.0640517
1230   0.0353886
1231   0.00757088
1232   -0.0186593
1233   -0.0438746
1234   -0.0672655
1235   -0.0893979
1236   -0.1094
1237   -0.127863
1238   -0.14387
1239   -0.158067
1240   -0.16951
1241   -0.178933
1242   -0.1854
1243   -0.189762
1244   -0.19115
1245   -0.190601
1246   -0.18743
1247   0.46342
1248   0.48335
1249   0.505901
1250   0.530685
1251   0.557603
1252   0.585544
1253   0.613269
1254   0.638044
1255   0.655982
1256   0.658973
1257   0.644902
1258   0.60946
1259   0.569376
1260   0.526555
1261   0.485102
1262   0.443571
1263   0.404033
1264   0.36489
1265   0.327695
1266   0.291048
1267   0.256173
1268   0.221853
1269   0.189122
1270   0.156925
1271   0.126196
1272   0.0960238
1273   0.0672902
1274   0.0392251
1275   0.0126702
1276   -0.0130062
1277   -0.0370076
1278   -0.0598334
1279   -0.0807514
1280   -0.100139
1281   -0.117352
1282   -0.132665
1283   -0.145543
1284   -0.156192
1285   -0.164214
1286   -0.169803
1287   -0.172743
1288   -0.173323
1289   -0.171613
1290   0.446199
1291   0.464346
1292   0.485657
1293   0.508049
1294   0.533268
1295   0.558351
1296   0.584581
1297   0.607549
1298   0.628037
1299   0.640193
1300   0.632169
1301   0.612432
1302   0.578008
1303   0.539403
1304   0.501604
1305   0.462935
1306   0.425463
1307   0.388238
1308   0.352345
1309   0.317024
1310   0.282998
1311   0.249592
1312   0.217396
1313   0.185796
1314   0.155353
1315   0.125503
1316   0.0968331
1317   0.0688188
1318   0.0421038
1319   0.0161878
1320   -0.0082118
1321   -0.0315924
1322   -0.0531563
1323   -0.0734227
1324   -0.0915153
1325   -0.108002
1326   -0.121942
1327   -0.133986
1328   -0.14316
1329   -0.150249
1330   -0.154321
1331   -0.156377
1332   -0.155674
1333   0.429247
1334   0.446581
1335   0.465844
1336   0.486783
1337   0.509236
1338   0.53255
1339   0.555643
1340   0.57772
1341   0.596061
1342   0.609563
1343   0.611965
1344   0.599449
1345   0.577682
1346   0.544916
1347   0.511915
1348   0.476263
1349   0.441807
1350   0.406601
1351   0.37281
1352   0.338899
1353   0.30638
1354   0.273958
1355   0.242843
1356   0.211906
1357   0.182206
1358   0.152754
1359   0.124525
1360   0.0966642
1361   0.0700907
1362   0.0440815
1363   0.0195059
1364   -0.00422532
1365   -0.026302
1366   -0.0471786
1367   -0.0661208
1368   -0.0834536
1369   -0.0985416
1370   -0.111603
1371   -0.122136
1372   -0.130312
1373   -0.135825
1374   -0.138929
1375   -0.13964
1376   0.412541
1377   0.428396
1378   0.446419
1379   0.465248
1380   0.485926
1381   0.506625
1382   0.527891
1383   0.547483
1384   0.565046
1385   0.577896
1386   0.5832
1387   0.580014
1388   0.563375
1389   0.540046
1390   0.51192
1391   0.481686
1392   0.450463
1393   0.418728
1394   0.387176
1395   0.355673
1396   0.324745
1397   0.294062
1398   0.264083
1399   0.234413
1400   0.205505
1401   0.176947
1402   0.149225
1403   0.121927
1404   0.0955953
1405   0.0698221
1406   0.045224
1407   0.0213866
1408   -0.000984418
1409   -0.022325
1410   -0.0418302
1411   -0.0599799
1412   -0.0758672
1413   -0.0900509
1414   -0.101545
1415   -0.111047
1416   -0.117572
1417   -0.122059
1418   -0.123706
1419   0.39628
1420   0.411338
1421   0.427662
1422   0.445095
1423   0.463445
1424   0.482361
1425   0.500941
1426   0.518877
1427   0.534102
1428   0.546532
1429   0.552396
1430   0.552759
1431   0.543843
1432   0.526949
1433   0.505636
1434   0.480204
1435   0.453649
1436   0.425201
1437   0.396926
1438   0.367744
1439   0.33921
1440   0.310208
1441   0.28202
1442   0.253576
1443   0.226012
1444   0.198331
1445   0.171584
1446   0.144867
1447   0.119175
1448   0.093707
1449   0.0694101
1450   0.0456016
1451   0.0231756
1452   0.00158156
1453   -0.0183518
1454   -0.0370305
1455   -0.0537128
1456   -0.0686616
1457   -0.0812608
1458   -0.0916759
1459   -0.0994921
1460   -0.104919
1461   -0.107903
1462   0.380402
1463   0.394287
1464   0.409495
1465   0.425237
1466   0.442028
1467   0.458842
1468   0.47575
1469   0.491607
1470   0.505759
1471   0.517151
1472   0.524026
1473   0.526236
1474   0.520853
1475   0.509719
1476   0.493164
1477   0.473158
1478   0.450542
1479   0.426266
1480   0.400963
1481   0.374919
1482   0.348609
1483   0.321995
1484   0.29548
1485   0.268875
1486   0.242569
1487   0.2163
1488   0.190479
1489   0.164814
1490   0.139757
1491   0.115003
1492   0.0910663
1493   0.0676257
1494   0.0452807
1495   0.0236859
1496   0.00354553
1497   -0.0155251
1498   -0.0326963
1499   -0.0484227
1500   -0.0617468
1501   -0.073256
1502   -0.0819277
1503   -0.0886113
1504   -0.0924309
1505   0.364987
1506   0.378112
1507   0.391976
1508   0.406486
1509   0.42146
1510   0.43672
1511   0.451584
1512   0.465942
1513   0.478426
1514   0.489106
1515   0.495928
1516   0.499191
1517   0.496942
1518   0.489499
1519   0.47768
1520   0.461818
1521   0.443606
1522   0.422836
1523   0.401122
1524   0.377828
1525   0.354362
1526   0.329873
1527   0.305613
1528   0.280648
1529   0.256136
1530   0.231128
1531   0.206724
1532   0.182007
1533   0.158034
1534   0.133948
1535   0.110771
1536   0.0877291
1537   0.0658014
1538   0.0443255
1539   0.0242268
1540   0.00498248
1541   -0.0125555
1542   -0.0287432
1543   -0.0428395
1544   -0.0550406
1545   -0.0647987
1546   -0.0722781
1547   -0.0773226
1548   0.349977
1549   0.362159
1550   0.375046
1551   0.388227
1552   0.401898
1553   0.415527
1554   0.429
1555   0.441744
1556   0.453214
1557   0.462903
1558   0.469757
1559   0.473546
1560   0.472958
1561   0.468405
1562   0.45969
1563   0.44768
1564   0.43279
1565   0.415703
1566   0.396913
1567   0.376772
1568   0.355709
1569   0.333826
1570   0.311497
1571   0.28867
1572   0.265698
1573   0.242441
1574   0.219257
1575   0.195959
1576   0.17293
1577   0.149959
1578   0.127472
1579   0.105236
1580   0.0837422
1581   0.0627367
1582   0.0427981
1583   0.0236405
1584   0.00596684
1585   -0.0105659
1586   -0.0250934
1587   -0.0380712
1588   -0.0484831
1589   -0.0570414
1590   -0.0627851
1591   0.335394
1592   0.346858
1593   0.358681
1594   0.37081
1595   0.383088
1596   0.395438
1597   0.407374
1598   0.418883
1599   0.429075
1600   0.438021
1601   0.444508
1602   0.44864
1603   0.449348
1604   0.446709
1605   0.440741
1606   0.431533
1607   0.419891
1608   0.405682
1609   0.390004
1610   0.372426
1611   0.354106
1612   0.334379
1613   0.314395
1614   0.293344
1615   0.272356
1616   0.25055
1617   0.229039
1618   0.206917
1619   0.185283
1620   0.163244
1621   0.141883
1622   0.120347
1623   0.0996966
1624   0.0791491
1625   0.0597287
1626   0.0407615
1627   0.0232145
1628   0.00657274
1629   -0.00828885
1630   -0.0216754
1631   -0.0328795
1632   -0.0420438
1633   -0.0488566
1634   0.321204
1635   0.331887
1636   0.342864
1637   0.353945
1638   0.365159
1639   0.376251
1640   0.387068
1641   0.397318
1642   0.406621
1643   0.414685
1644   0.420905
1645   0.425062
1646   0.426513
1647   0.425263
1648   0.421087
1649   0.414255
1650   0.404933
1651   0.393447
1652   0.380125
1653   0.365199
1654   0.349023
1655   0.331702
1656   0.313575
1657   0.294645
1658   0.275236
1659   0.255279
1660   0.235097
1661   0.214579
1662   0.194054
1663   0.173389
1664   0.152935
1665   0.132541
1666   0.112596
1667   0.0929331
1668   0.073998
1669   0.0556025
1670   0.038283
1671   0.0218117
1672   0.00687231
1673   -0.00684492
1674   -0.0184359
1675   -0.0284189
1676   -0.0357506
1677   0.307412
1678   0.317427
1679   0.327552
1680   0.337755
1681   0.347903
1682   0.357978
1683   0.367633
1684   0.376906
1685   0.385202
1686   0.392607
1687   0.398355
1688   0.402521
1689   0.40444
1690   0.40413
1691   0.40142
1692   0.396275
1693   0.389055
1694   0.379585
1695   0.368586
1696   0.355679
1697   0.341781
1698   0.326316
1699   0.310303
1700   0.293013
1701   0.275519
1702   0.256987
1703   0.238523
1704   0.219232
1705   0.200239
1706   0.180624
1707   0.161518
1708   0.142004
1709   0.123212
1710   0.104251
1711   0.0862403
1712   0.0683455
1713   0.0516537
1714   0.035434
1715   0.0207094
1716   0.00693514
1717   -0.00499911
1718   -0.015333
1719   -0.0235127
1720   0.294005
1721   0.303357
1722   0.31276
1723   0.322136
1724   0.331438
1725   0.340552
1726   0.349333
1727   0.357636
1728   0.365201
1729   0.371855
1730   0.377244
1731   0.381191
1732   0.383354
1733   0.383622
1734   0.381835
1735   0.378008
1736   0.372205
1737   0.364514
1738   0.355149
1739   0.344201
1740   0.331948
1741   0.31844
1742   0.303973
1743   0.288547
1744   0.272457
1745   0.255662
1746   0.238456
1747   0.220768
1748   0.202893
1749   0.184742
1750   0.166619
1751   0.148428
1752   0.130483
1753   0.112685
1754   0.0953725
1755   0.0784417
1756   0.0622687
1757   0.0467385
1758   0.0322983
1759   0.0187926
1760   0.00682584
1761   -0.00389664
1762   -0.0123628
1763   0.280983
1764   0.289728
1765   0.298443
1766   0.307104
1767   0.315595
1768   0.323929
1769   0.331838
1770   0.339395
1771   0.346167
1772   0.352267
1773   0.357157
1774   0.360938
1775   0.363134
1776   0.363772
1777   0.362659
1778   0.359715
1779   0.355121
1780   0.348658
1781   0.340836
1782   0.331267
1783   0.320704
1784   0.308589
1785   0.295834
1786   0.281738
1787   0.267316
1788   0.251758
1789   0.236143
1790   0.219588
1791   0.203214
1792   0.186094
1793   0.169375
1794   0.152107
1795   0.135457
1796   0.118469
1797   0.102321
1798   0.0860672
1799   0.0708912
1800   0.0558705
1801   0.0421852
1802   0.0289626
1803   0.0173433
1804   0.00660234
1805   -0.00235526
1806   0.268343
1807   0.276516
1808   0.284628
1809   0.292637
1810   0.300479
1811   0.308086
1812   0.315346
1813   0.322161
1814   0.328365
1815   0.333827
1816   0.338346
1817   0.341774
1818   0.343922
1819   0.344668
1820   0.343905
1821   0.341579
1822   0.337699
1823   0.332276
1824   0.325417
1825   0.317168
1826   0.307692
1827   0.297045
1828   0.285412
1829   0.272839
1830   0.259519
1831   0.245482
1832   0.23092
1833   0.215853
1834   0.20047
1835   0.184784
1836   0.168985
1837   0.153082
1838   0.137271
1839   0.121563
1840   0.106157
1841   0.091074
1842   0.0765199
1843   0.0625243
1844   0.0493032
1845   0.0368992
1846   0.0255368
1847   0.0152729
1848   0.00631182
