##### Y Mean #####
0   0.00369116
1   -0.0281612
2   -0.0654774
3   -0.106723
4   -0.151039
5   -0.196529
6   -0.242527
7   -0.287244
8   -0.330107
9   -0.368996
10   -0.404378
11   -0.435487
12   -0.462829
13   -0.486084
14   -0.505552
15   -0.52112
16   -0.532991
17   -0.541164
18   -0.545932
19   -0.547472
20   -0.546083
21   -0.542071
22   -0.535634
23   -0.527109
24   -0.516689
25   -0.504771
26   -0.491576
27   -0.477529
28   -0.46279
29   -0.447695
30   -0.432341
31   -0.416963
32   -0.401605
33   -0.386402
34   -0.371368
35   -0.356573
36   -0.342023
37   -0.327756
38   -0.313783
39   -0.300128
40   -0.286806
41   -0.273832
42   -0.261221
43   0.0335481
44   0.0011908
45   -0.0394947
46   -0.0828787
47   -0.132572
48   -0.180697
49   -0.232689
50   -0.27994
51   -0.329601
52   -0.370072
53   -0.410643
54   -0.443511
55   -0.474711
56   -0.499794
57   -0.52203
58   -0.539127
59   -0.552914
60   -0.562079
61   -0.567965
62   -0.570128
63   -0.569113
64   -0.565435
65   -0.558756
66   -0.550144
67   -0.538936
68   -0.526534
69   -0.512161
70   -0.497427
71   -0.481401
72   -0.465516
73   -0.448923
74   -0.432736
75   -0.416288
76   -0.400305
77   -0.384339
78   -0.368802
79   -0.353447
80   -0.338482
81   -0.323801
82   -0.309499
83   -0.295548
84   -0.281985
85   -0.268816
86   0.0688935
87   0.0386552
88   -0.00299928
89   -0.0491465
90   -0.101243
91   -0.15383
92   -0.208089
93   -0.260071
94   -0.311701
95   -0.359227
96   -0.40296
97   -0.441901
98   -0.476571
99   -0.506222
100   -0.53154
101   -0.55173
102   -0.567717
103   -0.579203
104   -0.586782
105   -0.590654
106   -0.59095
107   -0.588085
108   -0.582068
109   -0.57339
110   -0.562174
111   -0.549024
112   -0.534139
113   -0.518225
114   -0.501381
115   -0.484132
116   -0.466564
117   -0.449052
118   -0.431636
119   -0.414494
120   -0.397633
121   -0.381115
122   -0.364948
123   -0.34915
124   -0.33374
125   -0.318724
126   -0.304126
127   -0.289949
128   -0.276216
129   0.108505
130   0.0789894
131   0.0378398
132   -0.00954318
133   -0.06476
134   -0.119371
135   -0.17746
136   -0.231647
137   -0.286794
138   -0.337578
139   -0.387398
140   -0.429475
141   -0.470724
142   -0.502829
143   -0.534304
144   -0.556416
145   -0.576955
146   -0.590691
147   -0.601423
148   -0.607724
149   -0.610073
150   -0.608985
151   -0.603887
152   -0.595999
153   -0.584746
154   -0.571613
155   -0.555905
156   -0.539508
157   -0.521402
158   -0.503247
159   -0.48424
160   -0.465687
161   -0.446958
162   -0.428812
163   -0.410834
164   -0.393399
165   -0.376291
166   -0.359677
167   -0.34347
168   -0.327739
169   -0.312465
170   -0.297671
171   -0.283363
172   0.151802
173   0.126737
174   0.0854524
175   0.0380454
176   -0.0187827
177   -0.0763264
178   -0.136401
179   -0.194132
180   -0.251732
181   -0.306053
182   -0.357916
183   -0.405069
184   -0.448375
185   -0.48659
186   -0.520627
187   -0.54982
188   -0.574245
189   -0.594033
190   -0.609138
191   -0.619544
192   -0.625553
193   -0.62671
194   -0.623835
195   -0.616952
196   -0.606678
197   -0.593793
198   -0.578252
199   -0.561053
200   -0.542291
201   -0.522691
202   -0.502568
203   -0.482458
204   -0.462589
205   -0.443077
206   -0.424061
207   -0.405494
208   -0.387476
209   -0.36993
210   -0.352938
211   -0.336438
212   -0.320495
213   -0.305062
214   -0.290194
215   0.196942
216   0.173107
217   0.134239
218   0.0861652
219   0.0286379
220   -0.030345
221   -0.0926269
222   -0.152325
223   -0.212302
224   -0.268555
225   -0.322953
226   -0.37263
227   -0.419203
228   -0.460602
229   -0.498925
230   -0.531903
231   -0.56294
232   -0.585953
233   -0.608698
234   -0.621201
235   -0.634289
236   -0.636828
237   -0.638727
238   -0.633433
239   -0.625228
240   -0.613962
241   -0.598745
242   -0.581921
243   -0.562174
244   -0.541801
245   -0.520133
246   -0.498939
247   -0.477631
248   -0.457023
249   -0.43679
250   -0.417229
251   -0.398205
252   -0.379801
253   -0.361977
254   -0.344749
255   -0.328117
256   -0.312078
257   -0.296638
258   0.243378
259   0.225755
260   0.186606
261   0.139418
262   0.080993
263   0.0203892
264   -0.0432193
265   -0.105335
266   -0.167056
267   -0.225712
268   -0.281998
269   -0.334258
270   -0.382985
271   -0.427295
272   -0.467839
273   -0.503991
274   -0.536689
275   -0.56461
276   -0.588778
277   -0.608087
278   -0.623415
279   -0.63436
280   -0.640372
281   -0.642215
282   -0.638682
283   -0.630626
284   -0.618042
285   -0.601174
286   -0.581418
287   -0.559913
288   -0.537336
289   -0.514552
290   -0.492179
291   -0.47015
292   -0.448916
293   -0.428216
294   -0.408322
295   -0.389006
296   -0.370441
297   -0.352471
298   -0.335214
299   -0.318562
300   -0.302604
301   0.288786
302   0.272556
303   0.237576
304   0.190697
305   0.132748
306   0.071632
307   0.00680688
308   -0.0565245
309   -0.120024
310   -0.180115
311   -0.238389
312   -0.292239
313   -0.343151
314   -0.389215
315   -0.431956
316   -0.469912
317   -0.504461
318   -0.534769
319   -0.561425
320   -0.58414
321   -0.603598
322   -0.618925
323   -0.632502
324   -0.638139
325   -0.643968
326   -0.637798
327   -0.63183
328   -0.615569
329   -0.596873
330   -0.575672
331   -0.552131
332   -0.528779
333   -0.505145
334   -0.482178
335   -0.459856
336   -0.438289
337   -0.417505
338   -0.397443
339   -0.378141
340   -0.359541
341   -0.341667
342   -0.324485
343   -0.308005
344   0.33252
345   0.324761
346   0.29008
347   0.245205
348   0.187764
349   0.125374
350   0.0601094
351   -0.00496226
352   -0.0695456
353   -0.131543
354   -0.191131
355   -0.24692
356   -0.299242
357   -0.347241
358   -0.391432
359   -0.431274
360   -0.467478
361   -0.499688
362   -0.528367
363   -0.553398
364   -0.575098
365   -0.593327
366   -0.608669
367   -0.619836
368   -0.62752
369   -0.630476
370   -0.628009
371   -0.621158
372   -0.606515
373   -0.587473
374   -0.564851
375   -0.540325
376   -0.516176
377   -0.492073
378   -0.469144
379   -0.446748
380   -0.425384
381   -0.404656
382   -0.384822
383   -0.365656
384   -0.347305
385   -0.329629
386   -0.312727
387   0.371399
388   0.363899
389   0.338958
390   0.297558
391   0.241802
392   0.17938
393   0.113093
394   0.0472114
395   -0.018771
396   -0.0818414
397   -0.142997
398   -0.199964
399   -0.253889
400   -0.30313
401   -0.34888
402   -0.390044
403   -0.427729
404   -0.461339
405   -0.491595
406   -0.518201
407   -0.541634
408   -0.561647
409   -0.578572
410   -0.592529
411   -0.603051
412   -0.610431
413   -0.614646
414   -0.612445
415   -0.608445
416   -0.591319
417   -0.572449
418   -0.548327
419   -0.523917
420   -0.499592
421   -0.47623
422   -0.453474
423   -0.431668
424   -0.410555
425   -0.390293
426   -0.370754
427   -0.351994
428   -0.333961
429   -0.316666
430   0.40676
431   0.404955
432   0.384361
433   0.351642
434   0.29576
435   0.23308
436   0.167001
437   0.100095
438   0.0335283
439   -0.0309749
440   -0.0930402
441   -0.151544
442   -0.206493
443   -0.257249
444   -0.304086
445   -0.346703
446   -0.385544
447   -0.420499
448   -0.451959
449   -0.47989
450   -0.504612
451   -0.526065
452   -0.544688
453   -0.560355
454   -0.57318
455   -0.583004
456   -0.589668
457   -0.59232
458   -0.591064
459   -0.584611
460   -0.568941
461   -0.549635
462   -0.526752
463   -0.502912
464   -0.480094
465   -0.457471
466   -0.435741
467   -0.414563
468   -0.394199
469   -0.374485
470   -0.355528
471   -0.337246
472   -0.319697
473   0.438163
474   0.43845
475   0.425469
476   0.395679
477   0.345866
478   0.285148
479   0.219249
480   0.152349
481   0.0849574
482   0.0198294
483   -0.0434293
484   -0.102774
485   -0.158994
486   -0.210672
487   -0.258743
488   -0.302329
489   -0.342316
490   -0.378255
491   -0.410796
492   -0.439783
493   -0.465605
494   -0.488343
495   -0.508149
496   -0.525388
497   -0.539665
498   -0.551471
499   -0.559897
500   -0.565606
501   -0.567116
502   -0.56528
503   -0.558164
504   -0.542544
505   -0.524284
506   -0.502261
507   -0.480631
508   -0.458698
509   -0.437456
510   -0.416582
511   -0.396388
512   -0.376753
513   -0.357772
514   -0.339416
515   -0.32171
516   0.466239
517   0.471002
518   0.463211
519   0.443143
520   0.393882
521   0.335057
522   0.270628
523   0.2038
524   0.136464
525   0.0704523
526   0.00669891
527   -0.0538238
528   -0.110736
529   -0.16363
530   -0.212482
531   -0.257229
532   -0.29805
533   -0.335062
534   -0.36849
535   -0.398519
536   -0.425365
537   -0.449225
538   -0.470303
539   -0.488759
540   -0.504583
541   -0.517847
542   -0.528315
543   -0.536018
544   -0.540375
545   -0.54145
546   -0.537541
547   -0.528992
548   -0.513695
549   -0.495908
550   -0.476312
551   -0.456296
552   -0.436118
553   -0.416172
554   -0.396518
555   -0.377312
556   -0.358542
557   -0.340315
558   -0.322597
559   0.490667
560   0.498347
561   0.496315
562   0.478265
563   0.437458
564   0.3824
565   0.319649
566   0.253802
567   0.18634
568   0.120254
569   0.0557181
570   -0.00525862
571   -0.0631406
572   -0.116645
573   -0.166481
574   -0.21192
575   -0.253678
576   -0.291443
577   -0.325775
578   -0.356669
579   -0.384453
580   -0.40937
581   -0.431469
582   -0.451195
583   -0.468194
584   -0.483039
585   -0.494969
586   -0.504688
587   -0.510946
588   -0.514478
589   -0.513402
590   -0.508516
591   -0.498493
592   -0.484335
593   -0.468083
594   -0.450258
595   -0.431921
596   -0.413212
597   -0.394556
598   -0.376016
599   -0.357743
600   -0.339806
601   -0.322266
602   0.511516
603   0.522658
604   0.52582
605   0.517716
606   0.478605
607   0.427542
608   0.367252
609   0.302357
610   0.235531
611   0.169064
612   0.104492
613   0.0426956
614   -0.0155181
615   -0.0699691
616   -0.120295
617   -0.166686
618   -0.209041
619   -0.247733
620   -0.282779
621   -0.314616
622   -0.343282
623   -0.36922
624   -0.392417
625   -0.413278
626   -0.431623
627   -0.447807
628   -0.461409
629   -0.472775
630   -0.481078
631   -0.48673
632   -0.488275
633   -0.486574
634   -0.47962
635   -0.469487
636   -0.456097
637   -0.441162
638   -0.424768
639   -0.407862
640   -0.390399
641   -0.372919
642   -0.355305
643   -0.33793
644   -0.320664
645   0.528621
646   0.542704
647   0.550141
648   0.543814
649   0.515501
650   0.469919
651   0.412476
652   0.349174
653   0.282742
654   0.216749
655   0.151804
656   0.0899856
657   0.0310957
658   -0.0236408
659   -0.0747377
660   -0.12157
661   -0.164714
662   -0.20398
663   -0.239837
664   -0.272404
665   -0.301949
666   -0.328811
667   -0.352996
668   -0.374988
669   -0.394477
670   -0.412027
671   -0.426999
672   -0.439973
673   -0.449984
674   -0.457521
675   -0.461419
676   -0.462032
677   -0.458539
678   -0.451423
679   -0.441379
680   -0.429021
681   -0.415092
682   -0.399996
683   -0.384158
684   -0.367827
685   -0.351199
686   -0.334466
687   -0.317739
688   0.541905
689   0.558336
690   0.570304
691   0.57315
692   0.549218
693   0.511425
694   0.456411
695   0.394271
696   0.329013
697   0.263038
698   0.198566
699   0.136256
700   0.0774086
701   0.0219652
702   -0.0293381
703   -0.0769451
704   -0.120472
705   -0.160544
706   -0.196959
707   -0.230393
708   -0.260696
709   -0.288525
710   -0.313681
711   -0.336768
712   -0.357444
713   -0.376257
714   -0.392634
715   -0.407089
716   -0.418725
717   -0.428087
718   -0.433907
719   -0.436942
720   -0.435817
721   -0.431812
722   -0.424364
723   -0.414874
724   -0.403125
725   -0.390213
726   -0.375945
727   -0.361112
728   -0.34549
729   -0.329696
730   -0.31351
731   0.551502
732   0.570419
733   0.585043
734   0.590083
735   0.578784
736   0.547627
737   0.497402
738   0.437561
739   0.373176
740   0.308301
741   0.243832
742   0.181918
743   0.122645
744   0.0672227
745   0.0153369
746   -0.032471
747   -0.0766457
748   -0.117109
749   -0.154242
750   -0.188268
751   -0.219391
752   -0.248021
753   -0.274126
754   -0.298213
755   -0.319989
756   -0.339983
757   -0.357643
758   -0.373447
759   -0.386626
760   -0.397536
761   -0.405337
762   -0.410268
763   -0.411767
764   -0.410155
765   -0.405564
766   -0.398457
767   -0.389215
768   -0.37826
769   -0.365907
770   -0.352487
771   -0.338191
772   -0.323301
773   -0.307968
774   0.557308
775   0.577903
776   0.595663
777   0.606521
778   0.603336
779   0.585888
780   0.536937
781   0.478383
782   0.416305
783   0.351925
784   0.288465
785   0.226332
786   0.16744
787   0.111519
788   0.0597024
789   0.0112948
790   -0.0330393
791   -0.0741772
792   -0.111696
793   -0.146496
794   -0.178238
795   -0.207765
796   -0.234709
797   -0.259827
798   -0.282636
799   -0.303805
800   -0.322665
801   -0.339823
802   -0.35437
803   -0.366906
804   -0.376316
805   -0.38331
806   -0.38678
807   -0.387702
808   -0.385335
809   -0.380806
810   -0.373651
811   -0.364923
812   -0.354258
813   -0.342552
814   -0.32946
815   -0.315777
816   -0.301191
817   0.559475
818   0.581805
819   0.602223
820   0.617401
821   0.623208
822   0.610237
823   0.571562
824   0.517767
825   0.457436
826   0.394811
827   0.331645
828   0.270253
829   0.21114
830   0.155536
831   0.10333
832   0.0549756
833   0.0101548
834   -0.0311744
835   -0.0692942
836   -0.104533
837   -0.137014
838   -0.167214
839   -0.195044
840   -0.221034
841   -0.244876
842   -0.267081
843   -0.287138
844   -0.305478
845   -0.321443
846   -0.335349
847   -0.346516
848   -0.355173
849   -0.360837
850   -0.363767
851   -0.363848
852   -0.361426
853   -0.356617
854   -0.349786
855   -0.3411
856   -0.330897
857   -0.319319
858   -0.306696
859   -0.293197
860   0.558191
861   0.581253
862   0.604672
863   0.624082
864   0.638012
865   0.639432
866   0.603058
867   0.55366
868   0.496876
869   0.435587
870   0.373858
871   0.312564
872   0.254176
873   0.198319
874   0.146491
875   0.0977477
876   0.0530166
877   0.0111771
878   -0.027142
879   -0.0630354
880   -0.0959907
881   -0.126995
882   -0.155536
883   -0.182475
884   -0.207218
885   -0.230513
886   -0.251626
887   -0.271222
888   -0.288404
889   -0.303806
890   -0.316409
891   -0.326904
892   -0.33429
893   -0.3394
894   -0.341416
895   -0.341293
896   -0.338397
897   -0.333701
898   -0.32668
899   -0.31826
900   -0.307973
901   -0.296719
902   -0.284106
903   0.553937
904   0.578415
905   0.603615
906   0.627354
907   0.646894
908   0.651114
909   0.629211
910   0.587245
911   0.533921
912   0.475179
913   0.414254
914   0.354197
915   0.295925
916   0.240777
917   0.188828
918   0.14044
919   0.0954293
920   0.0536145
921   0.0148427
922   -0.0213369
923   -0.0549257
924   -0.0864828
925   -0.115825
926   -0.143526
927   -0.169223
928   -0.193443
929   -0.215669
930   -0.236339
931   -0.254838
932   -0.271494
933   -0.285697
934   -0.297693
935   -0.307005
936   -0.313872
937   -0.31804
938   -0.319788
939   -0.319048
940   -0.316123
941   -0.311042
942   -0.304119
943   -0.295428
944   -0.285315
945   -0.273945
946   0.546813
947   0.57108
948   0.598456
949   0.624314
950   0.650044
951   0.666877
952   0.650468
953   0.618155
954   0.568794
955   0.512059
956   0.4532
957   0.39369
958   0.336665
959   0.281602
960   0.230423
961   0.181913
962   0.137271
963   0.095145
964   0.056363
965   0.0196744
966   -0.0142524
967   -0.0465009
968   -0.0764386
969   -0.104988
970   -0.131474
971   -0.156687
972   -0.179861
973   -0.201688
974   -0.221296
975   -0.239331
976   -0.254843
977   -0.2685
978   -0.279351
979   -0.288151
980   -0.294038
981   -0.297856
982   -0.298856
983   -0.297939
984   -0.294447
985   -0.2893
986   -0.281917
987   -0.27326
988   -0.262859
989   0.537417
990   0.562597
991   0.59024
992   0.618815
993   0.646384
994   0.665246
995   0.666338
996   0.643144
997   0.599967
998   0.546984
999   0.489707
1000   0.432218
1001   0.375779
1002   0.321919
1003   0.27096
1004   0.223136
1005   0.178466
1006   0.136578
1007   0.0975207
1008   0.0606869
1009   0.0262588
1010   -0.00643187
1011   -0.0370577
1012   -0.0662659
1013   -0.0935993
1014   -0.119635
1015   -0.143815
1016   -0.166617
1017   -0.187424
1018   -0.206609
1019   -0.223567
1020   -0.238584
1021   -0.251153
1022   -0.261518
1023   -0.269327
1024   -0.274822
1025   -0.277801
1026   -0.278519
1027   -0.276889
1028   -0.273189
1029   -0.267425
1030   -0.259936
1031   -0.250876
1032   0.525725
1033   0.549928
1034   0.578452
1035   0.607273
1036   0.637542
1037   0.662127
1038   0.67275
1039   0.668134
1040   0.628362
1041   0.578081
1042   0.524314
1043   0.467894
1044   0.413363
1045   0.359963
1046   0.310214
1047   0.262584
1048   0.218567
1049   0.176606
1050   0.137718
1051   0.100557
1052   0.0659221
1053   0.0326949
1054   0.00159254
1055   -0.0283187
1056   -0.0563224
1057   -0.0832118
1058   -0.10822
1059   -0.132042
1060   -0.153838
1061   -0.174253
1062   -0.192387
1063   -0.208885
1064   -0.22283
1065   -0.234917
1066   -0.244259
1067   -0.251625
1068   -0.256186
1069   -0.258779
1070   -0.258642
1071   -0.256675
1072   -0.252198
1073   -0.246205
1074   -0.238156
1075   0.512332
1076   0.536605
1077   0.564064
1078   0.593603
1079   0.62426
1080   0.651931
1081   0.672586
1082   0.673966
1083   0.649715
1084   0.606803
1085   0.555832
1086   0.502185
1087   0.44869
1088   0.396999
1089   0.347875
1090   0.301266
1091   0.257527
1092   0.216006
1093   0.177067
1094   0.1399
1095   0.104953
1096   0.0714112
1097   0.0397984
1098   0.00936064
1099   -0.0193158
1100   -0.0468922
1101   -0.0727353
1102   -0.0973952
1103   -0.120219
1104   -0.141642
1105   -0.161035
1106   -0.178734
1107   -0.194186
1108   -0.207657
1109   -0.218711
1110   -0.227577
1111   -0.233946
1112   -0.238039
1113   -0.239669
1114   -0.239079
1115   -0.236207
1116   -0.231378
1117   -0.224724
1118   0.497359
1119   0.519932
1120   0.547104
1121   0.575276
1122   0.606687
1123   0.635563
1124   0.663316
1125   0.681284
1126   0.663286
1127   0.629982
1128   0.583522
1129   0.531923
1130   0.481163
1131   0.430531
1132   0.383149
1133   0.337175
1134   0.294391
1135   0.253124
1136   0.214547
1137   0.177324
1138   0.142335
1139   0.108507
1140   0.0765873
1141   0.0456865
1142   0.0165155
1143   -0.0116849
1144   -0.0381809
1145   -0.0636422
1146   -0.087282
1147   -0.10972
1148   -0.130113
1149   -0.149071
1150   -0.165715
1151   -0.180684
1152   -0.193087
1153   -0.203624
1154   -0.211419
1155   -0.217244
1156   -0.220263
1157   -0.221339
1158   -0.219711
1159   -0.216381
1160   -0.210749
1161   0.481517
1162   0.503621
1163   0.528904
1164   0.556705
1165   0.58677
1166   0.617174
1167   0.646048
1168   0.666124
1169   0.669123
1170   0.645463
1171   0.605508
1172   0.55858
1173   0.509982
1174   0.461894
1175   0.415798
1176   0.37124
1177   0.329182
1178   0.288587
1179   0.250313
1180   0.213286
1181   0.178306
1182   0.144374
1183   0.112251
1184   0.0810446
1185   0.0514936
1186   0.0228265
1187   -0.00422774
1188   -0.0303137
1189   -0.0547168
1190   -0.0779555
1191   -0.0993502
1192   -0.119304
1193   -0.137202
1194   -0.153353
1195   -0.167236
1196   -0.17909
1197   -0.188509
1198   -0.195693
1199   -0.200363
1200   -0.202732
1201   -0.202667
1202   -0.200475
1203   -0.196257
1204   0.464936
1205   0.485127
1206   0.509476
1207   0.535123
1208   0.564433
1209   0.593206
1210   0.62316
1211   0.647215
1212   0.658429
1213   0.656127
1214   0.621737
1215   0.578244
1216   0.534034
1217   0.487863
1218   0.444203
1219   0.400968
1220   0.360244
1221   0.320452
1222   0.282834
1223   0.246225
1224   0.211493
1225   0.177707
1226   0.145569
1227   0.114295
1228   0.0845347
1229   0.0556046
1230   0.0281681
1231   0.0016121
1232   -0.0233523
1233   -0.0472966
1234   -0.0694487
1235   -0.0903695
1236   -0.109228
1237   -0.126607
1238   -0.14163
1239   -0.154927
1240   -0.165598
1241   -0.17435
1242   -0.180289
1243   -0.184232
1244   -0.18535
1245   -0.184632
1246   -0.181424
1247   0.448205
1248   0.467673
1249   0.489842
1250   0.514328
1251   0.541043
1252   0.56887
1253   0.596564
1254   0.621372
1255   0.639371
1256   0.642381
1257   0.628269
1258   0.592694
1259   0.552529
1260   0.50971
1261   0.46836
1262   0.427043
1263   0.387818
1264   0.349102
1265   0.312427
1266   0.276414
1267   0.242255
1268   0.208758
1269   0.17692
1270   0.14571
1271   0.11602
1272   0.0869642
1273   0.0593753
1274   0.0325074
1275   0.00715145
1276   -0.0173037
1277   -0.0401124
1278   -0.061757
1279   -0.0815528
1280   -0.0998642
1281   -0.116088
1282   -0.130488
1283   -0.142565
1284   -0.152514
1285   -0.159962
1286   -0.165095
1287   -0.167708
1288   -0.168079
1289   -0.166274
1290   0.431372
1291   0.449059
1292   0.469994
1293   0.492071
1294   0.517074
1295   0.542004
1296   0.568175
1297   0.59113
1298   0.611672
1299   0.623888
1300   0.615833
1301   0.596046
1302   0.561535
1303   0.522896
1304   0.485167
1305   0.446652
1306   0.409438
1307   0.372566
1308   0.337128
1309   0.302357
1310   0.268975
1311   0.236303
1312   0.204924
1313   0.174222
1314   0.144744
1315   0.115925
1316   0.0883314
1317   0.0614383
1318   0.0358639
1319   0.0111085
1320   -0.0121417
1321   -0.0343807
1322   -0.0548469
1323   -0.0740518
1324   -0.0911594
1325   -0.106725
1326   -0.119848
1327   -0.131161
1328   -0.139734
1329   -0.14632
1330   -0.150031
1331   -0.151824
1332   -0.150991
1333   0.414827
1334   0.431719
1335   0.450601
1336   0.471225
1337   0.493434
1338   0.516577
1339   0.539565
1340   0.561602
1341   0.579944
1342   0.593486
1343   0.595906
1344   0.583359
1345   0.561557
1346   0.528752
1347   0.49579
1348   0.460253
1349   0.425999
1350   0.391091
1351   0.357684
1352   0.324258
1353   0.292303
1354   0.260545
1355   0.230162
1356   0.200051
1357   0.17123
1358   0.142737
1359   0.115504
1360   0.0886996
1361   0.0631964
1362   0.038294
1363   0.0148139
1364   -0.00781409
1365   -0.0288259
1366   -0.048661
1367   -0.0666272
1368   -0.0830389
1369   -0.0972964
1370   -0.109611
1371   -0.119509
1372   -0.127156
1373   -0.132262
1374   -0.135071
1375   -0.135601
1376   0.398543
1377   0.413963
1378   0.431613
1379   0.450117
1380   0.470542
1381   0.491041
1382   0.512179
1383   0.531688
1384   0.549224
1385   0.562073
1386   0.567387
1387   0.564207
1388   0.547535
1389   0.524192
1390   0.496094
1391   0.465951
1392   0.434896
1393   0.403409
1394   0.372191
1395   0.341108
1396   0.310685
1397   0.280589
1398   0.251278
1399   0.222352
1400   0.194256
1401   0.166577
1402   0.139784
1403   0.113467
1404   0.0881467
1405   0.0634156
1406   0.0398647
1407   0.0170823
1408   -0.00425703
1409   -0.0245836
1410   -0.0431282
1411   -0.0603612
1412   -0.0754159
1413   -0.0888355
1414   -0.0996775
1415   -0.108615
1416   -0.114707
1417   -0.118855
1418   -0.120292
1419   0.382718
1420   0.397359
1421   0.41331
1422   0.43042
1423   0.448501
1424   0.467203
1425   0.485621
1426   0.503448
1427   0.518602
1428   0.531004
1429   0.536845
1430   0.537213
1431   0.528284
1432   0.511388
1433   0.490102
1434   0.464751
1435   0.438334
1436   0.410101
1437   0.38211
1438   0.3533
1439   0.325206
1440   0.296735
1441   0.269141
1442   0.241378
1443   0.214548
1444   0.187681
1445   0.161787
1446   0.135989
1447   0.111236
1448   0.0867551
1449   0.0634458
1450   0.0406483
1451   0.019211
1452   -0.0013979
1453   -0.0203931
1454   -0.0381669
1455   -0.0540164
1456   -0.0681964
1457   -0.0801225
1458   -0.0899556
1459   -0.0973023
1460   -0.102365
1461   -0.105094
1462   0.367284
1463   0.380763
1464   0.39561
1465   0.411025
1466   0.427543
1467   0.444126
1468   0.460855
1469   0.476574
1470   0.490632
1471   0.501962
1472   0.5088
1473   0.510994
1474   0.505595
1475   0.494464
1476   0.477936
1477   0.457999
1478   0.435504
1479   0.411413
1480   0.38636
1481   0.360639
1482   0.334723
1483   0.308579
1484   0.282604
1485   0.256611
1486   0.230979
1487   0.205451
1488   0.180422
1489   0.155602
1490   0.131428
1491   0.107594
1492   0.0845938
1493   0.0621091
1494   0.0407132
1495   0.020065
1496   0.00083783
1497   -0.017346
1498   -0.0336931
1499   -0.0486466
1500   -0.0612908
1501   -0.0721941
1502   -0.0803782
1503   -0.0866605
1504   -0.0902024
1505   0.35232
1506   0.365057
1507   0.378565
1508   0.392755
1509   0.407448
1510   0.42247
1511   0.437134
1512   0.451337
1513   0.463698
1514   0.474295
1515   0.481053
1516   0.484285
1517   0.482011
1518   0.47457
1519   0.462771
1520   0.446972
1521   0.428863
1522   0.408256
1523   0.386758
1524   0.363753
1525   0.340632
1526   0.316567
1527   0.292786
1528   0.26838
1529   0.244475
1530   0.22015
1531   0.196468
1532   0.172538
1533   0.149378
1534   0.126158
1535   0.103855
1536   0.0817212
1537   0.0606916
1538   0.040126
1539   0.020906
1540   0.00252662
1541   -0.0142012
1542   -0.029622
1543   -0.0430303
1544   -0.0546169
1545   -0.0638605
1546   -0.0709207
1547   -0.0756497
1548   0.337764
1549   0.349573
1550   0.362116
1551   0.37498
1552   0.388372
1553   0.401755
1554   0.415021
1555   0.42759
1556   0.438923
1557   0.448506
1558   0.455281
1559   0.459018
1560   0.458397
1561   0.453835
1562   0.445136
1563   0.433177
1564   0.418378
1565   0.401432
1566   0.382835
1567   0.362946
1568   0.342195
1569   0.320687
1570   0.298794
1571   0.276468
1572   0.254053
1573   0.231414
1574   0.208897
1575   0.186319
1576   0.164049
1577   0.141878
1578   0.120213
1579   0.0988264
1580   0.0781865
1581   0.0580434
1582   0.0389504
1583   0.0206265
1584   0.00374393
1585   -0.0120323
1586   -0.0258753
1587   -0.0382269
1588   -0.0481143
1589   -0.0562243
1590   -0.0616362
1591   0.323637
1592   0.334745
1593   0.346234
1594   0.358056
1595   0.370054
1596   0.382157
1597   0.393876
1598   0.405202
1599   0.415239
1600   0.424066
1601   0.430456
1602   0.434523
1603   0.435183
1604   0.432529
1605   0.426566
1606   0.417403
1607   0.405836
1608   0.391753
1609   0.376241
1610   0.358892
1611   0.340844
1612   0.321459
1613   0.301861
1614   0.281268
1615   0.26078
1616   0.239543
1617   0.218637
1618   0.197183
1619   0.176243
1620   0.154951
1621   0.13435
1622   0.113615
1623   0.0937617
1624   0.0740354
1625   0.0554151
1626   0.0372511
1627   0.0204666
1628   0.00456473
1629   -0.00961942
1630   -0.022381
1631   -0.0330451
1632   -0.0417506
1633   -0.0482006
1634   0.309901
1635   0.320245
1636   0.330901
1637   0.341683
1638   0.352624
1639   0.363468
1640   0.374065
1641   0.384125
1642   0.393267
1643   0.401198
1644   0.407312
1645   0.41139
1646   0.412787
1647   0.411508
1648   0.407332
1649   0.400532
1650   0.391277
1651   0.379898
1652   0.366727
1653   0.352001
1654   0.336074
1655   0.319055
1656   0.301283
1657   0.282762
1658   0.263813
1659   0.24437
1660   0.224747
1661   0.204837
1662   0.184958
1663   0.164977
1664   0.145235
1665   0.125581
1666   0.106388
1667   0.0874912
1668   0.0693175
1669   0.0516816
1670   0.0350962
1671   0.0193382
1672   0.0050617
1673   -0.00803452
1674   -0.0190849
1675   -0.0285898
1676   -0.0355496
1677   0.296561
1678   0.306253
1679   0.316071
1680   0.325986
1681   0.335866
1682   0.345698
1683   0.355133
1684   0.364213
1685   0.372341
1686   0.379607
1687   0.385239
1688   0.38932
1689   0.391173
1690   0.390832
1691   0.388111
1692   0.382992
1693   0.375824
1694   0.366453
1695   0.355584
1696   0.34286
1697   0.329181
1698   0.313994
1699   0.298296
1700   0.281383
1701   0.264301
1702   0.246244
1703   0.228285
1704   0.209559
1705   0.191153
1706   0.172176
1707   0.153721
1708   0.134901
1709   0.116802
1710   0.0985652
1711   0.0812626
1712   0.0640908
1713   0.0480905
1714   0.0325577
1715   0.0184708
1716   0.00530496
1717   -0.00608916
1718   -0.0159434
1719   -0.0237286
1720   0.2836
1721   0.292646
1722   0.301756
1723   0.310856
1724   0.3199
1725   0.328776
1726   0.337342
1727   0.345453
1728   0.35285
1729   0.359361
1730   0.364631
1731   0.368486
1732   0.370581
1733   0.370808
1734   0.369008
1735   0.365198
1736   0.359442
1737   0.351835
1738   0.342591
1739   0.331805
1740   0.319755
1741   0.306495
1742   0.29232
1743   0.277233
1744   0.261525
1745   0.24516
1746   0.228422
1747   0.211246
1748   0.193916
1749   0.176348
1750   0.158834
1751   0.141278
1752   0.123984
1753   0.106852
1754   0.0902079
1755   0.0739481
1756   0.0584321
1757   0.0435468
1758   0.0297191
1759   0.0167974
1760   0.00535949
1761   -0.00487966
1762   -0.0129503
1763   0.271017
1764   0.279473
1765   0.287911
1766   0.296309
1767   0.304552
1768   0.312657
1769   0.320356
1770   0.327726
1771   0.33433
1772   0.340289
1773   0.345058
1774   0.348747
1775   0.35087
1776   0.351467
1777   0.350333
1778   0.347404
1779   0.342848
1780   0.336463
1781   0.328747
1782   0.31933
1783   0.308947
1784   0.297064
1785   0.284571
1786   0.270792
1787   0.256714
1788   0.241555
1789   0.226364
1790   0.210287
1791   0.194408
1792   0.177832
1793   0.161666
1794   0.144994
1795   0.128938
1796   0.112577
1797   0.0970415
1798   0.0814213
1799   0.0668513
1800   0.0524433
1801   0.0393285
1802   0.0266668
1803   0.0155512
1804   0.0052838
1805   -0.00326842
1806   0.258809
1807   0.266709
1808   0.274559
1809   0.282319
1810   0.289926
1811   0.297315
1812   0.304375
1813   0.311008
1814   0.317051
1815   0.322375
1816   0.326776
1817   0.330111
1818   0.332188
1819   0.33289
1820   0.332108
1821   0.329791
1822   0.325948
1823   0.320594
1824   0.313835
1825   0.305723
1826   0.296419
1827   0.285981
1828   0.274595
1829   0.262309
1830   0.249312
1831   0.235637
1832   0.221473
1833   0.206839
1834   0.191921
1835   0.176729
1836   0.161449
1837   0.146089
1838   0.130836
1839   0.115699
1840   0.100871
1841   0.0863671
1842   0.0723854
1843   0.0589524
1844   0.0462734
1845   0.0343877
1846   0.0235089
1847   0.0136901
1848   0.00512571
