##### Y Mean #####
0   -0.000809326
1   -0.00337423
2   -0.00631856
3   -0.00950599
4   -0.0128405
5   -0.0161437
6   -0.0193575
7   -0.0223657
8   -0.0251565
9   -0.0276653
10   -0.0299069
11   -0.0318489
12   -0.0335179
13   -0.0349
14   -0.0360262
15   -0.0368932
16   -0.0375324
17   -0.0379469
18   -0.0381664
19   -0.0381976
20   -0.0380677
21   -0.0377852
22   -0.0373742
23   -0.0368437
24   -0.0362146
25   -0.0354958
26   -0.0347048
27   -0.0338499
28   -0.0329455
29   -0.0319988
30   -0.0310217
31   -0.0300203
32   -0.0290039
33   -0.0279776
34   -0.0269486
35   -0.025921
36   -0.0249003
37   -0.0238899
38   -0.0228937
39   -0.0219143
40   -0.0209546
41   -0.0200167
42   -0.0191025
43   0.00125504
44   -0.00142319
45   -0.00470094
46   -0.00814139
47   -0.0119769
48   -0.0155427
49   -0.0192154
50   -0.0224365
51   -0.0255901
52   -0.0282512
53   -0.0307622
54   -0.0328027
55   -0.0346631
56   -0.0360998
57   -0.0373548
58   -0.0382418
59   -0.0389604
60   -0.0393682
61   -0.0396289
62   -0.039634
63   -0.0395165
64   -0.0391943
65   -0.0387746
66   -0.0381959
67   -0.0375434
68   -0.0367716
69   -0.0359474
70   -0.0350377
71   -0.034094
72   -0.0330931
73   -0.0320734
74   -0.0310194
75   -0.0299591
76   -0.0288828
77   -0.0278099
78   -0.0267353
79   -0.0256717
80   -0.0246172
81   -0.0235796
82   -0.0225591
83   -0.0215602
84   -0.0205841
85   -0.0196332
86   0.00375887
87   0.00114539
88   -0.00230384
89   -0.00606346
90   -0.0102055
91   -0.0142637
92   -0.0182345
93   -0.0219014
94   -0.0252938
95   -0.0283089
96   -0.0309958
97   -0.0333027
98   -0.0352842
99   -0.0369136
100   -0.0382443
101   -0.039264
102   -0.0400219
103   -0.0405148
104   -0.0407868
105   -0.0408398
106   -0.0407128
107   -0.0404106
108   -0.0399667
109   -0.0393876
110   -0.0387013
111   -0.0379148
112   -0.037051
113   -0.0361169
114   -0.0351308
115   -0.0340991
116   -0.0330362
117   -0.0319478
118   -0.0308446
119   -0.0297319
120   -0.0286173
121   -0.0275054
122   -0.0264016
123   -0.0253097
124   -0.0242335
125   -0.0231762
126   -0.0221402
127   -0.0211284
128   -0.0201423
129   0.00664087
130   0.00398834
131   0.000452343
132   -0.00354372
133   -0.00807556
134   -0.012435
135   -0.0168662
136   -0.0208116
137   -0.0246087
138   -0.0278502
139   -0.0308623
140   -0.0333415
141   -0.0355724
142   -0.0373249
143   -0.038839
144   -0.0399396
145   -0.0408261
146   -0.0413653
147   -0.0417217
148   -0.0417941
149   -0.0417171
150   -0.0414143
151   -0.0409945
152   -0.0404007
153   -0.0397194
154   -0.0389088
155   -0.0380366
156   -0.0370727
157   -0.0360689
158   -0.0350042
159   -0.0339174
160   -0.0327944
161   -0.0316632
162   -0.0305154
163   -0.0293703
164   -0.0282233
165   -0.0270873
166   -0.0259608
167   -0.0248514
168   -0.0237599
169   -0.0226904
170   -0.0216449
171   -0.0206257
172   0.0098913
173   0.00746187
174   0.00378799
175   -0.000368068
176   -0.00520091
177   -0.00998485
178   -0.0147195
179   -0.0191116
180   -0.023182
181   -0.0268177
182   -0.030059
183   -0.0328619
184   -0.0352735
185   -0.0372795
186   -0.0389279
187   -0.040219
188   -0.0411988
189   -0.0418754
190   -0.042291
191   -0.0424579
192   -0.0424135
193   -0.0421716
194   -0.0417645
195   -0.0412061
196   -0.0405234
197   -0.0397294
198   -0.0388459
199   -0.0378849
200   -0.0368633
201   -0.0357916
202   -0.0346828
203   -0.0335458
204   -0.0323898
205   -0.0312228
206   -0.0300509
207   -0.0288809
208   -0.0277167
209   -0.026564
210   -0.0254252
211   -0.0243052
212   -0.0232052
213   -0.0221298
214   -0.0210795
215   0.0134134
216   0.0110112
217   0.00734015
218   0.00297395
219   -0.00212062
220   -0.00714834
221   -0.0122718
222   -0.0169282
223   -0.0213958
224   -0.0252854
225   -0.0288839
226   -0.0319081
227   -0.0346186
228   -0.0368035
229   -0.0386893
230   -0.0401162
231   -0.0412769
232   -0.0420507
233   -0.0425989
234   -0.0428311
235   -0.0428801
236   -0.0426786
237   -0.0423343
238   -0.0417976
239   -0.0411544
240   -0.0403685
241   -0.0395072
242   -0.0385447
243   -0.0375324
244   -0.0364525
245   -0.0353432
246   -0.034193
247   -0.0330294
248   -0.0318454
249   -0.03066
250   -0.0294699
251   -0.0282874
252   -0.0271119
253   -0.0259508
254   -0.0248054
255   -0.0236799
256   -0.022577
257   -0.0214992
258   0.0171733
259   0.0152214
260   0.0113888
261   0.00689771
262   0.00157507
263   -0.00380169
264   -0.0091641
265   -0.0142248
266   -0.0189519
267   -0.023239
268   -0.0270894
269   -0.0304691
270   -0.0334011
271   -0.0358841
272   -0.0379509
273   -0.0396165
274   -0.0409171
275   -0.0418753
276   -0.042527
277   -0.0428975
278   -0.0430199
279   -0.0429196
280   -0.0426251
281   -0.0421605
282   -0.0415493
283   -0.0408131
284   -0.0399706
285   -0.0390407
286   -0.0380373
287   -0.0369769
288   -0.0358691
289   -0.0347281
290   -0.03356
291   -0.0323767
292   -0.0311818
293   -0.0299854
294   -0.0287887
295   -0.0276007
296   -0.026421
297   -0.0252578
298   -0.0241097
299   -0.0229846
300   -0.021881
301   0.0209787
302   0.0191085
303   0.0154717
304   0.0108737
305   0.00539358
306   -0.000141007
307   -0.00582031
308   -0.0111086
309   -0.0162064
310   -0.0207507
311   -0.0249678
312   -0.0285955
313   -0.0318559
314   -0.0345556
315   -0.0368985
316   -0.0387415
317   -0.0402643
318   -0.0413613
319   -0.0421864
320   -0.0426621
321   -0.0429169
322   -0.0428942
323   -0.0426991
324   -0.0422906
325   -0.0417528
326   -0.0410563
327   -0.040267
328   -0.0393643
329   -0.0383984
330   -0.0373553
331   -0.0362725
332   -0.0351409
333   -0.0339872
334   -0.0328066
335   -0.0316172
336   -0.0304172
337   -0.0292182
338   -0.0280207
339   -0.0268315
340   -0.0256531
341   -0.0244894
342   -0.0233441
343   -0.0222203
344   0.0247438
345   0.0236723
346   0.0199419
347   0.0153149
348   0.00978538
349   0.00392821
350   -0.00191539
351   -0.00757498
352   -0.012909
353   -0.0178409
354   -0.0223146
355   -0.0263097
356   -0.0298123
357   -0.0328355
358   -0.0353885
359   -0.0375024
360   -0.0391981
361   -0.0405145
362   -0.0414771
363   -0.0421266
364   -0.0424884
365   -0.0426016
366   -0.0424887
367   -0.0421855
368   -0.0417104
369   -0.041095
370   -0.0403532
371   -0.0395123
372   -0.0385817
373   -0.0375849
374   -0.0365273
375   -0.035429
376   -0.0342919
377   -0.0331333
378   -0.0319525
379   -0.0307644
380   -0.0295663
381   -0.0283715
382   -0.0271759
383   -0.025992
384   -0.0248148
385   -0.0236568
386   -0.0225136
387   0.028122
388   0.0270261
389   0.024212
390   0.0198648
391   0.0143077
392   0.00833129
393   0.00218486
394   -0.00368874
395   -0.00937536
396   -0.0145613
397   -0.0193983
398   -0.0236503
399   -0.0274923
400   -0.0307503
401   -0.0336001
402   -0.0359156
403   -0.0378599
404   -0.039343
405   -0.0405085
406   -0.0412926
407   -0.0418176
408   -0.0420383
409   -0.0420557
410   -0.0418382
411   -0.0414668
412   -0.0409196
413   -0.04026
414   -0.0394732
415   -0.0386074
416   -0.037653
417   -0.0366455
418   -0.0355793
419   -0.0344794
420   -0.0333435
421   -0.0321883
422   -0.0310138
423   -0.0298306
424   -0.0286405
425   -0.0274497
426   -0.0262619
427   -0.0250804
428   -0.0239107
429   -0.0227563
430   0.0312364
431   0.030705
432   0.0282671
433   0.0246908
434   0.0190527
435   0.0128776
436   0.00663141
437   0.000454706
438   -0.00543776
439   -0.0109802
440   -0.0160623
441   -0.0206721
442   -0.0247571
443   -0.0283435
444   -0.0314134
445   -0.0340144
446   -0.0361482
447   -0.0378715
448   -0.0391956
449   -0.0401782
450   -0.040834
451   -0.0412175
452   -0.0413425
453   -0.0412581
454   -0.0409753
455   -0.040537
456   -0.0399505
457   -0.0392526
458   -0.0384466
459   -0.0375642
460   -0.0366049
461   -0.0355958
462   -0.0345335
463   -0.0334411
464   -0.032313
465   -0.0311695
466   -0.030003
467   -0.0288319
468   -0.0276477
469   -0.0264677
470   -0.025283
471   -0.0241114
472   -0.0229452
473   0.0340227
474   0.0336732
475   0.0320209
476   0.0287447
477   0.0236056
478   0.0175402
479   0.0111342
480   0.00482224
481   -0.0013626
482   -0.00712509
483   -0.0125422
484   -0.0173934
485   -0.021807
486   -0.0256247
487   -0.0289928
488   -0.0318013
489   -0.0341942
490   -0.0360968
491   -0.0376406
492   -0.0387756
493   -0.0396157
494   -0.0401279
495   -0.040407
496   -0.0404316
497   -0.0402777
498   -0.0399319
499   -0.0394534
500   -0.0388338
501   -0.038118
502   -0.0373013
503   -0.0364163
504   -0.0354612
505   -0.0344586
506   -0.0334088
507   -0.0323267
508   -0.0312142
509   -0.0300805
510   -0.028929
511   -0.0277649
512   -0.0265931
513   -0.0254168
514   -0.024243
515   -0.0230757
516   0.0365459
517   0.0366425
518   0.0355252
519   0.0332331
520   0.028115
521   0.0221308
522   0.0157701
523   0.00928845
524   0.00296376
525   -0.00309245
526   -0.00871723
527   -0.013893
528   -0.018528
529   -0.0226586
530   -0.0262376
531   -0.0293288
532   -0.0319118
533   -0.0340612
534   -0.0357717
535   -0.0371186
536   -0.0381033
537   -0.0387964
538   -0.0392011
539   -0.0393802
540   -0.0393355
541   -0.0391219
542   -0.0387383
543   -0.0382317
544   -0.0375979
545   -0.036877
546   -0.0360618
547   -0.0351867
548   -0.0342418
549   -0.0332569
550   -0.0322202
551   -0.031158
552   -0.0300571
553   -0.0289416
554   -0.0277977
555   -0.0266482
556   -0.0254798
557   -0.024316
558   -0.0231456
559   0.0387711
560   0.0391697
561   0.0386558
562   0.0365936
563   0.0323185
564   0.0266782
565   0.0203555
566   0.0138543
567   0.0073306
568   0.00111944
569   -0.00478631
570   -0.0101619
571   -0.0150936
572   -0.0194312
573   -0.0232926
574   -0.0265799
575   -0.0294179
576   -0.0317455
577   -0.0336804
578   -0.0351863
579   -0.0363668
580   -0.0372014
581   -0.0377766
582   -0.0380816
583   -0.0381858
584   -0.0380843
585   -0.0378307
586   -0.0374235
587   -0.0369027
588   -0.0362688
589   -0.0355506
590   -0.03475
591   -0.0338866
592   -0.0329634
593   -0.0319929
594   -0.0309792
595   -0.0299293
596   -0.0288486
597   -0.0277407
598   -0.0266123
599   -0.0254659
600   -0.0243103
601   -0.0231502
602   0.0406976
603   0.0414449
604   0.0414867
605   0.0404659
606   0.0363885
607   0.0311345
608   0.0249783
609   0.0184276
610   0.0118408
611   0.00541063
612   -0.000642923
613   -0.0062927
614   -0.0114048
615   -0.0160243
616   -0.0200712
617   -0.0236248
618   -0.0266398
619   -0.0292087
620   -0.0313071
621   -0.033028
622   -0.034358
623   -0.0353835
624   -0.0360951
625   -0.0365699
626   -0.0367986
627   -0.0368481
628   -0.0367075
629   -0.036434
630   -0.0360146
631   -0.0354982
632   -0.0348695
633   -0.0341705
634   -0.0333838
635   -0.0325462
636   -0.0316389
637   -0.0306946
638   -0.0296936
639   -0.0286662
640   -0.0275924
641   -0.0265016
642   -0.0253747
643   -0.0242421
644   -0.0230884
645   0.0423066
646   0.0433733
647   0.0438499
648   0.0430413
649   0.0401347
650   0.035449
651   0.0294991
652   0.0230171
653   0.0163192
654   0.00981484
655   0.00354763
656   -0.00224384
657   -0.0076081
658   -0.0123963
659   -0.0166978
660   -0.0204238
661   -0.0236784
662   -0.0264132
663   -0.0287308
664   -0.0306082
665   -0.0321371
666   -0.0333093
667   -0.0342015
668   -0.0348133
669   -0.0352059
670   -0.0353826
671   -0.0353903
672   -0.0352338
673   -0.0349476
674   -0.0345369
675   -0.034026
676   -0.0334204
677   -0.0327359
678   -0.0319782
679   -0.0311568
680   -0.0302778
681   -0.0293461
682   -0.0283685
683   -0.0273473
684   -0.0262905
685   -0.0252
686   -0.0240867
687   -0.0229558
688   0.0435772
689   0.0448923
690   0.0458416
691   0.045945
692   0.0435901
693   0.0398291
694   0.0340367
695   0.0275466
696   0.0208815
697   0.0142301
698   0.00788962
699   0.00187897
700   -0.0036148
701   -0.00864686
702   -0.0130989
703   -0.0170657
704   -0.0204745
705   -0.0234359
706   -0.0259049
707   -0.0279923
708   -0.029668
709   -0.0310344
710   -0.032068
711   -0.0328593
712   -0.033387
713   -0.0337291
714   -0.0338642
715   -0.0338589
716   -0.0336907
717   -0.0334167
718   -0.0330128
719   -0.0325284
720   -0.0319382
721   -0.0312855
722   -0.0305442
723   -0.0297533
724   -0.0288861
725   -0.027979
726   -0.0270059
727   -0.0260022
728   -0.0249435
729   -0.0238669
730   -0.0227525
731   0.0445153
732   0.0461035
733   0.0473491
734   0.0477563
735   0.0466876
736   0.0435764
737   0.0383316
738   0.0320518
739   0.025367
740   0.0187322
741   0.0122434
742   0.00615077
743   0.000450118
744   -0.00470749
745   -0.00938072
746   -0.0134885
747   -0.0171137
748   -0.0202208
749   -0.022896
750   -0.0251302
751   -0.0270013
752   -0.0285137
753   -0.0297322
754   -0.030667
755   -0.0313688
756   -0.0318496
757   -0.0321473
758   -0.0322736
759   -0.0322555
760   -0.0321034
761   -0.0318357
762   -0.0314616
763   -0.0309924
764   -0.0304364
765   -0.0297995
766   -0.0290898
767   -0.0283096
768   -0.0274671
769   -0.0265629
770   -0.0256066
771   -0.0245989
772   -0.023553
773   -0.0224746
774   0.0451039
775   0.0468731
776   0.0484717
777   0.0494621
778   0.0493035
779   0.0477083
780   0.0425506
781   0.0363681
782   0.0298726
783   0.0231813
784   0.016695
785   0.0104367
786   0.00465756
787   -0.000703284
788   -0.00548664
789   -0.00980352
790   -0.013553
791   -0.0168649
792   -0.0196729
793   -0.0221054
794   -0.0241152
795   -0.0258193
796   -0.0271797
797   -0.0282987
798   -0.0291424
799   -0.0297985
800   -0.0302347
801   -0.0305258
802   -0.0306395
803   -0.0306399
804   -0.0304944
805   -0.0302587
806   -0.0298994
807   -0.029466
808   -0.0289247
809   -0.0283204
810   -0.0276195
811   -0.0268642
812   -0.0260218
813   -0.0251339
814   -0.0241703
815   -0.0231751
816   -0.0221238
817   0.0453561
818   0.0473304
819   0.0492295
820   0.0507356
821   0.0514551
822   0.0502773
823   0.046301
824   0.0406383
825   0.0342707
826   0.0276914
827   0.0211187
828   0.014835
829   0.00889515
830   0.00345637
831   -0.00150894
832   -0.00592866
833   -0.00986448
834   -0.0132956
835   -0.0162904
836   -0.0188551
837   -0.0210511
838   -0.0228964
839   -0.0244411
840   -0.0257062
841   -0.0267298
842   -0.0275324
843   -0.0281415
844   -0.0285752
845   -0.0288521
846   -0.0289878
847   -0.0289935
848   -0.0288824
849   -0.0286603
850   -0.0283382
851   -0.027918
852   -0.0274094
853   -0.0268119
854   -0.026135
855   -0.0253772
856   -0.0245495
857   -0.0236516
858   -0.0226986
859   -0.0216968
860   0.0452828
861   0.0473333
862   0.0495787
863   0.0515204
864   0.0531037
865   0.053461
866   0.0497537
867   0.0446089
868   0.0385752
869   0.0320618
870   0.0255569
871   0.0191693
872   0.0132079
873   0.00761473
874   0.00258793
875   -0.00200168
876   -0.00602516
877   -0.00963281
878   -0.0127369
879   -0.0154828
880   -0.0178057
881   -0.0198352
882   -0.0215188
883   -0.022968
884   -0.0241367
885   -0.02512
886   -0.0258749
887   -0.0264826
888   -0.0269014
889   -0.0272012
890   -0.0273409
891   -0.0273817
892   -0.0272825
893   -0.0270977
894   -0.0267864
895   -0.0263985
896   -0.0258936
897   -0.0253191
898   -0.024636
899   -0.0238914
900   -0.0230495
901   -0.022161
902   -0.0211969
903   0.0449353
904   0.0471606
905   0.0495889
906   0.0520015
907   0.0541218
908   0.0547543
909   0.0526916
910   0.0483706
911   0.0426853
912   0.0363892
913   0.0298843
914   0.0235503
915   0.0174917
916   0.0118825
917   0.00672356
918   0.00207748
919   -0.00209508
920   -0.00579079
921   -0.00905698
922   -0.011917
923   -0.0144123
924   -0.0165753
925   -0.0184376
926   -0.0200322
927   -0.0213814
928   -0.0225151
929   -0.0234478
930   -0.0242051
931   -0.0247952
932   -0.0252393
933   -0.0255408
934   -0.0257168
935   -0.025767
936   -0.0257052
937   -0.0255285
938   -0.0252486
939   -0.0248613
940   -0.0243775
941   -0.0237933
942   -0.0231208
943   -0.0223585
944   -0.0215233
945   -0.0206218
946   0.0443123
947   0.0465118
948   0.0491823
949   0.0517979
950   0.0545487
951   0.0564563
952   0.0550735
953   0.0519601
954   0.0466324
955   0.04048
956   0.0341434
957   0.0277785
958   0.0217772
959   0.0160718
960   0.0109107
961   0.00614107
962   0.00192283
963   -0.00191562
964   -0.00526474
965   -0.00828405
966   -0.0108918
967   -0.0132263
968   -0.0152214
969   -0.0169943
970   -0.0184878
971   -0.0198013
972   -0.0208825
973   -0.0218165
974   -0.0225538
975   -0.0231679
976   -0.0236106
977   -0.0239469
978   -0.0241288
979   -0.0242147
980   -0.0241571
981   -0.0240099
982   -0.0237262
983   -0.0233578
984   -0.0228594
985   -0.0222834
986   -0.0215881
987   -0.0208303
988   -0.0199767
989   0.0434763
990   0.0457888
991   0.0484738
992   0.0513708
993   0.0542841
994   0.0564344
995   0.0568983
996   0.0547357
997   0.0501751
998   0.0444226
999   0.0381988
1000   0.0319927
1001   0.0259666
1002   0.0203162
1003   0.0150794
1004   0.010304
1005   0.00597948
1006   0.00208604
1007   -0.00139566
1008   -0.00450956
1009   -0.00727088
1010   -0.00972815
1011   -0.0118906
1012   -0.0138036
1013   -0.0154713
1014   -0.0169333
1015   -0.01819
1016   -0.0192746
1017   -0.0201841
1018   -0.0209458
1019   -0.0215542
1020   -0.022031
1021   -0.022369
1022   -0.0225852
1023   -0.0226712
1024   -0.0226408
1025   -0.0224856
1026   -0.0222177
1027   -0.0218303
1028   -0.0213366
1029   -0.0207334
1030   -0.020039
1031   -0.0192603
1032   0.0424182
1033   0.0446201
1034   0.0474045
1035   0.0503117
1036   0.0534911
1037   0.0561611
1038   0.0577074
1039   0.0576617
1040   0.0534222
1041   0.0479665
1042   0.0420943
1043   0.0359423
1044   0.0300639
1045   0.0243795
1046   0.0192058
1047   0.0143594
1048   0.0100337
1049   0.00603709
1050   0.00250013
1051   -0.000745014
1052   -0.00360187
1053   -0.00621081
1054   -0.00849519
1055   -0.0105723
1056   -0.0123772
1057   -0.0140091
1058   -0.01541
1059   -0.0166652
1060   -0.0177201
1061   -0.0186493
1062   -0.0193999
1063   -0.020038
1064   -0.0205111
1065   -0.0208794
1066   -0.0210902
1067   -0.0211998
1068   -0.0211557
1069   -0.0210127
1070   -0.02072
1071   -0.0203337
1072   -0.0198068
1073   -0.0192013
1074   -0.0184799
1075   0.0412033
1076   0.0434242
1077   0.0460834
1078   0.0490646
1079   0.0522818
1080   0.0553174
1081   0.0577872
1082   0.0582884
1083   0.055891
1084   0.0512715
1085   0.045684
1086   0.0397944
1087   0.0339652
1088   0.0284113
1089   0.0232275
1090   0.0184285
1091   0.0140468
1092   0.0100289
1093   0.00639573
1094   0.0030779
1095   9.47483e-05
1096   -0.00262109
1097   -0.00505136
1098   -0.00725594
1099   -0.00921793
1100   -0.0109884
1101   -0.0125516
1102   -0.0139497
1103   -0.0151678
1104   -0.0162398
1105   -0.0171509
1106   -0.0179279
1107   -0.018556
1108   -0.0190559
1109   -0.0194131
1110   -0.0196436
1111   -0.0197342
1112   -0.0196982
1113   -0.0195252
1114   -0.0192289
1115   -0.0188044
1116   -0.0182708
1117   -0.017635
1118   0.0398414
1119   0.041873
1120   0.0445086
1121   0.0473286
1122   0.0506288
1123   0.053756
1124   0.0569461
1125   0.0591534
1126   0.0574479
1127   0.054005
1128   0.0488744
1129   0.0431662
1130   0.037599
1131   0.0321004
1132   0.0270574
1133   0.0222557
1134   0.0179206
1135   0.0138505
1136   0.0101929
1137   0.00678353
1138   0.00372793
1139   0.000893203
1140   -0.00163947
1141   -0.00398043
1142   -0.00606256
1143   -0.00797985
1144   -0.00967287
1145   -0.0112234
1146   -0.0125755
1147   -0.0138017
1148   -0.0148471
1149   -0.015777
1150   -0.0165362
1151   -0.0171848
1152   -0.0176664
1153   -0.018038
1154   -0.0182426
1155   -0.0183365
1156   -0.0182636
1157   -0.0180826
1158   -0.0177414
1159   -0.017306
1160   -0.016735
1161   0.0384127
1162   0.0404091
1163   0.0428326
1164   0.045617
1165   0.0487495
1166   0.0520238
1167   0.0552419
1168   0.0576091
1169   0.0581762
1170   0.0557793
1171   0.0514286
1172   0.0462276
1173   0.0408621
1174   0.0356075
1175   0.0306488
1176   0.0259556
1177   0.0216312
1178   0.0175785
1179   0.013876
1180   0.0104244
1181   0.00728592
1182   0.00437187
1183   0.00173124
1184   -0.000711821
1185   -0.00291818
1186   -0.00495139
1187   -0.00677906
1188   -0.00845343
1189   -0.00994657
1190   -0.0113005
1191   -0.0124901
1192   -0.0135482
1193   -0.0144518
1194   -0.0152258
1195   -0.0158488
1196   -0.0163395
1197   -0.0166789
1198   -0.0168816
1199   -0.0169327
1200   -0.0168463
1201   -0.0166146
1202   -0.0162573
1203   -0.0157807
1204   0.0369255
1205   0.038714
1206   0.0410453
1207   0.0435842
1208   0.0466255
1209   0.0496847
1210   0.052963
1211   0.0556522
1212   0.0571222
1213   0.057127
1214   0.0533436
1215   0.0485228
1216   0.0436255
1217   0.0385461
1218   0.0338244
1219   0.0292246
1220   0.0250037
1221   0.0209746
1222   0.0172903
1223   0.0138103
1224   0.0106375
1225   0.00765908
1226   0.00495143
1227   0.00241903
1228   0.000124443
1229   -0.00201562
1230   -0.00394542
1231   -0.00573904
1232   -0.00734327
1233   -0.00882503
1234   -0.0101309
1235   -0.0113224
1236   -0.0123443
1237   -0.013254
1238   -0.0139938
1239   -0.0146191
1240   -0.0150698
1241   -0.0154016
1242   -0.015554
1243   -0.0155866
1244   -0.0154422
1245   -0.0151896
1246   -0.0147832
1247   0.0354438
1248   0.0371704
1249   0.0392591
1250   0.0416716
1251   0.0444069
1252   0.0473375
1253   0.0503284
1254   0.0530732
1255   0.055155
1256   0.0556587
1257   0.0541883
1258   0.0502624
1259   0.0457995
1260   0.0410744
1261   0.03657
1262   0.0321518
1263   0.0280432
1264   0.0240886
1265   0.0204424
1266   0.0169731
1267   0.0137886
1268   0.0107799
1269   0.00802571
1270   0.00543526
1271   0.00306882
1272   0.000851166
1273   -0.00116924
1274   -0.00305433
1275   -0.00476329
1276   -0.00634626
1277   -0.00776755
1278   -0.00906663
1279   -0.0102115
1280   -0.0112319
1281   -0.0120991
1282   -0.0128345
1283   -0.0134129
1284   -0.0138499
1285   -0.0141253
1286   -0.0142531
1287   -0.0142216
1288   -0.0140504
1289   -0.0137443
1290   0.0339674
1291   0.0355036
1292   0.0374654
1293   0.0396043
1294   0.042142
1295   0.0447273
1296   0.0475242
1297   0.0500197
1298   0.0523315
1299   0.053756
1300   0.0529399
1301   0.0508131
1302   0.0469545
1303   0.0426685
1304   0.0385502
1305   0.0344059
1306   0.0304879
1307   0.0266853
1308   0.0231305
1309   0.0197342
1310   0.0165808
1311   0.0135907
1312   0.0108266
1313   0.00821552
1314   0.00580998
1315   0.00354273
1316   0.00146188
1317   -0.000494853
1318   -0.00228006
1319   -0.00395185
1320   -0.00546109
1321   -0.00686253
1322   -0.00810365
1323   -0.00923682
1324   -0.0102051
1325   -0.0110601
1326   -0.0117404
1327   -0.0122989
1328   -0.0126719
1329   -0.0129173
1330   -0.0129736
1331   -0.01291
1332   -0.0126768
1333   0.0325379
1334   0.0340037
1335   0.0357392
1336   0.0377201
1337   0.0399347
1338   0.0423094
1339   0.0447251
1340   0.0470913
1341   0.0491001
1342   0.0506135
1343   0.0508944
1344   0.0495466
1345   0.0471259
1346   0.0434941
1347   0.0398811
1348   0.0360472
1349   0.0324158
1350   0.0287953
1351   0.0254103
1352   0.0221158
1353   0.0190548
1354   0.0161103
1355   0.0133838
1356   0.0107777
1357   0.00836975
1358   0.00607754
1359   0.00396396
1360   0.00195979
1361   0.000118234
1362   -0.00161815
1363   -0.00320278
1364   -0.00468202
1365   -0.00601418
1366   -0.00723501
1367   -0.00830695
1368   -0.00925582
1369   -0.0100485
1370   -0.0107026
1371   -0.0111912
1372   -0.011528
1373   -0.011696
1374   -0.0117138
1375   -0.0115835
1376   0.0311473
1377   0.0324597
1378   0.0340688
1379   0.0358121
1380   0.0378251
1381   0.0398905
1382   0.0420831
1383   0.0441383
1384   0.0460228
1385   0.0474178
1386   0.0479941
1387   0.0476456
1388   0.0457847
1389   0.0431977
1390   0.0401137
1391   0.0368529
1392   0.0335506
1393   0.0302679
1394   0.0270878
1395   0.0239985
1396   0.0210596
1397   0.0182351
1398   0.0155727
1399   0.0130276
1400   0.0106417
1401   0.00836742
1402   0.00624461
1403   0.00422575
1404   0.00235118
1405   0.000574252
1406   -0.00106198
1407   -0.00260315
1408   -0.00400173
1409   -0.00530269
1410   -0.00645263
1411   -0.0074968
1412   -0.00837528
1413   -0.00913563
1414   -0.00971255
1415   -0.0101599
1416   -0.010412
1417   -0.0105364
1418   -0.0104787
1419   0.0298159
1420   0.0310591
1421   0.0324844
1422   0.0340779
1423   0.0358227
1424   0.0376805
1425   0.0395501
1426   0.0413973
1427   0.0429835
1428   0.0442982
1429   0.044903
1430   0.0449161
1431   0.0439013
1432   0.0420209
1433   0.0396778
1434   0.0369326
1435   0.0341147
1436   0.031165
1437   0.0282986
1438   0.0254223
1439   0.0226859
1440   0.0199934
1441   0.0174571
1442   0.0149868
1443   0.0126719
1444   0.0104307
1445   0.00833774
1446   0.00632061
1447   0.00444379
1448   0.0026444
1449   0.000979685
1450   -0.0006033
1451   -0.0020529
1452   -0.00341162
1453   -0.0046326
1454   -0.00574746
1455   -0.00671429
1456   -0.00755428
1457   -0.00823215
1458   -0.00876192
1459   -0.0091196
1460   -0.00932152
1461   -0.00936582
1462   0.0285325
1463   0.0296588
1464   0.0309722
1465   0.0323793
1466   0.0339498
1467   0.0355623
1468   0.0372321
1469   0.038824
1470   0.0402665
1471   0.0414342
1472   0.0421245
1473   0.042317
1474   0.0416789
1475   0.0404251
1476   0.0385996
1477   0.0364356
1478   0.0340342
1479   0.0315116
1480   0.0289417
1481   0.0263634
1482   0.0238294
1483   0.02134
1484   0.0189361
1485   0.0165993
1486   0.0143649
1487   0.0122052
1488   0.0101538
1489   0.00817847
1490   0.00631318
1491   0.00452389
1492   0.00284697
1493   0.00124735
1494   -0.000234128
1495   -0.00163338
1496   -0.00290317
1497   -0.00408075
1498   -0.00511069
1499   -0.0060332
1500   -0.00678422
1501   -0.00741085
1502   -0.00784434
1503   -0.00814733
1504   -0.00826031
1505   0.0273038
1506   0.0283641
1507   0.0295364
1508   0.0308137
1509   0.0321787
1510   0.0336135
1511   0.0350405
1512   0.0364499
1513   0.0376821
1514   0.0387481
1515   0.0394065
1516   0.0396965
1517   0.0393893
1518   0.0385342
1519   0.0372186
1520   0.0355007
1521   0.0335625
1522   0.0314053
1523   0.0291949
1524   0.026887
1525   0.0246171
1526   0.0223186
1527   0.0201028
1528   0.0178953
1529   0.0157904
1530   0.013713
1531   0.0117457
1532   0.00981667
1533   0.00799966
1534   0.0062285
1535   0.00457024
1536   0.0029659
1537   0.00147705
1538   5.34543e-05
1539   -0.00124825
1540   -0.00246779
1541   -0.00355366
1542   -0.00453352
1543   -0.00536255
1544   -0.00605707
1545   -0.00658378
1546   -0.00695636
1547   -0.00716631
1548   0.02612
1549   0.0270907
1550   0.0281673
1551   0.0293024
1552   0.0305252
1553   0.0317735
1554   0.0330389
1555   0.034254
1556   0.035359
1557   0.0362943
1558   0.0369396
1559   0.0372689
1560   0.0371339
1561   0.0365853
1562   0.0356045
1563   0.0342964
1564   0.0327118
1565   0.0309357
1566   0.0290255
1567   0.0270277
1568   0.02499
1569   0.0229294
1570   0.0208844
1571   0.0188534
1572   0.0168688
1573   0.0149183
1574   0.0130314
1575   0.0111896
1576   0.00942156
1577   0.00770523
1578   0.00607071
1579   0.00449356
1580   0.00300714
1581   0.00158527
1582   0.000266778
1583   -0.000976462
1584   -0.0020974
1585   -0.00312727
1586   -0.004008
1587   -0.00477732
1588   -0.00536651
1589   -0.00582932
1590   -0.00610016
1591   0.0249822
1592   0.0258907
1593   0.0268601
1594   0.0278875
1595   0.0289572
1596   0.0300635
1597   0.0311507
1598   0.032221
1599   0.0331697
1600   0.0340104
1601   0.0345986
1602   0.0349543
1603   0.0349491
1604   0.0346043
1605   0.0339142
1606   0.0329068
1607   0.0316628
1608   0.0301891
1609   0.0285942
1610   0.0268551
1611   0.0250807
1612   0.0232244
1613   0.021388
1614   0.0195109
1615   0.0176865
1616   0.0158476
1617   0.0140806
1618   0.0123162
1619   0.0106348
1620   0.00896851
1621   0.00739265
1622   0.00584299
1623   0.00439033
1624   0.00297625
1625   0.0016672
1626   0.000413053
1627   -0.000724509
1628   -0.0017841
1629   -0.00271024
1630   -0.00352672
1631   -0.00418865
1632   -0.0047083
1633   -0.0050665
1634   0.0238841
1635   0.0247218
1636   0.0256108
1637   0.0265307
1638   0.0274886
1639   0.0284561
1640   0.0294183
1641   0.0303427
1642   0.031187
1643   0.0319189
1644   0.0324699
1645   0.0328166
1646   0.0328872
1647   0.0326854
1648   0.0321878
1649   0.0314303
1650   0.0304338
1651   0.0292415
1652   0.0278914
1653   0.0264161
1654   0.0248546
1655   0.0232246
1656   0.0215608
1657   0.0198686
1658   0.0181783
1659   0.0164865
1660   0.0148202
1661   0.0131702
1662   0.0115619
1663   0.00998239
1664   0.00845684
1665   0.00697
1666   0.00554825
1667   0.00417465
1668   0.00287875
1669   0.00164184
1670   0.000499391
1671   -0.000569916
1672   -0.00152049
1673   -0.0023788
1674   -0.00308377
1675   -0.00367541
1676   -0.00408234
1677   0.0228248
1678   0.0236053
1679   0.0244128
1680   0.0252463
1681   0.0260924
1682   0.026952
1683   0.0277852
1684   0.0286007
1685   0.0293282
1686   0.0299834
1687   0.0304742
1688   0.0308179
1689   0.0309318
1690   0.0308305
1691   0.0304857
1692   0.0299096
1693   0.029132
1694   0.0281529
1695   0.0270385
1696   0.0257698
1697   0.0244298
1698   0.0229804
1699   0.0215103
1700   0.0199669
1701   0.0184394
1702   0.0168657
1703   0.0153331
1704   0.0137745
1705   0.0122742
1706   0.0107635
1707   0.00932376
1708   0.00788668
1709   0.00653073
1710   0.00519019
1711   0.00394057
1712   0.00272068
1713   0.00160272
1714   0.000533099
1715   -0.000420844
1716   -0.00129942
1717   -0.0020442
1718   -0.00267406
1719   -0.00315282
1720   0.0218012
1721   0.0225246
1722   0.0232665
1723   0.0240199
1724   0.0247818
1725   0.0255409
1726   0.0262825
1727   0.0269916
1728   0.0276398
1729   0.0282091
1730   0.02866
1731   0.0289748
1732   0.0291151
1733   0.029072
1734   0.0288281
1735   0.0283897
1736   0.0277648
1737   0.026969
1738   0.0260265
1739   0.0249534
1740   0.0237796
1741   0.0225166
1742   0.0211944
1743   0.0198181
1744   0.0184156
1745   0.0169866
1746   0.0155564
1747   0.0141206
1748   0.0127024
1749   0.0112948
1750   0.00991945
1751   0.00856766
1752   0.00726077
1753   0.00598902
1754   0.00477439
1755   0.00360645
1756   0.0025093
1757   0.00147154
1758   0.000522073
1759   -0.000353236
1760   -0.00111433
1761   -0.00178471
1762   -0.00229529
1763   0.0208123
1764   0.0214849
1765   0.022165
1766   0.0228522
1767   0.0235344
1768   0.0242163
1769   0.0248669
1770   0.0254994
1771   0.0260614
1772   0.0265731
1773   0.0269679
1774   0.0272666
1775   0.0274081
1776   0.0274074
1777   0.0272334
1778   0.0268924
1779   0.0263931
1780   0.0257291
1781   0.0249433
1782   0.0240134
1783   0.0230049
1784   0.0218801
1785   0.020717
1786   0.0194652
1787   0.0182083
1788   0.0168867
1789   0.015586
1790   0.0142405
1791   0.0129356
1792   0.0116024
1793   0.0103251
1794   0.0090336
1795   0.00781071
1796   0.00658651
1797   0.00544246
1798   0.00430984
1799   0.00326914
1800   0.00225369
1801   0.0013431
1802   0.000474416
1803   -0.000275482
1804   -0.000959079
1805   -0.00151532
1806   0.0198566
1807   0.020482
1808   0.0211105
1809   0.0217389
1810   0.022362
1811   0.0229735
1812   0.0235623
1813   0.024119
1814   0.0246261
1815   0.0250705
1816   0.0254302
1817   0.025691
1818   0.0258319
1819   0.0258421
1820   0.0257105
1821   0.025434
1822   0.0250149
1823   0.024458
1824   0.0237759
1825   0.0229778
1826   0.0220819
1827   0.0210977
1828   0.020045
1829   0.0189315
1830   0.0177763
1831   0.0165848
1832   0.0153742
1833   0.0141476
1834   0.0129206
1835   0.0116944
1836   0.0104831
1837   0.00928692
1838   0.00811885
1839   0.00697854
1840   0.00587856
1841   0.00481851
1842   0.00381094
1843   0.00285588
1844   0.00196627
1845   0.00114302
1846   0.000399706
1847   -0.000261591
1848   -0.000828395
