##### Y Mean #####
0   0.0018683
1   -0.0281587
2   -0.0632334
3   -0.101852
4   -0.143151
5   -0.185282
6   -0.22761
7   -0.268501
8   -0.307488
9   -0.342793
10   -0.374817
11   -0.402917
12   -0.427534
13   -0.448396
14   -0.465792
15   -0.479632
16   -0.490134
17   -0.497305
18   -0.501432
19   -0.502667
20   -0.501296
21   -0.497577
22   -0.491712
23   -0.483985
24   -0.474584
25   -0.463834
26   -0.451943
27   -0.439259
28   -0.425937
29   -0.412254
30   -0.398311
31   -0.384303
32   -0.370284
33   -0.35637
34   -0.342585
35   -0.328994
36   -0.315611
37   -0.302473
38   -0.289595
39   -0.277002
40   -0.264709
41   -0.252735
42   -0.241092
43   0.0293475
44   -0.00130445
45   -0.0397287
46   -0.0805318
47   -0.127062
48   -0.171785
49   -0.219729
50   -0.26303
51   -0.308047
52   -0.344891
53   -0.381478
54   -0.411157
55   -0.439147
56   -0.461547
57   -0.481343
58   -0.496414
59   -0.508552
60   -0.51648
61   -0.52155
62   -0.52321
63   -0.522147
64   -0.518603
65   -0.512525
66   -0.504632
67   -0.494567
68   -0.483329
69   -0.470449
70   -0.457114
71   -0.442706
72   -0.428294
73   -0.413297
74   -0.398551
75   -0.383593
76   -0.368968
77   -0.35437
78   -0.340106
79   -0.32601
80   -0.31224
81   -0.298729
82   -0.285551
83   -0.272692
84   -0.260183
85   -0.248034
86   0.0619973
87   0.0331664
88   -0.00638393
89   -0.0500401
90   -0.0990836
91   -0.148316
92   -0.198643
93   -0.246563
94   -0.29361
95   -0.336684
96   -0.376112
97   -0.411035
98   -0.441975
99   -0.468294
100   -0.490639
101   -0.508364
102   -0.522288
103   -0.532166
104   -0.538562
105   -0.541637
106   -0.54157
107   -0.538694
108   -0.533078
109   -0.525125
110   -0.514981
111   -0.503123
112   -0.489757
113   -0.475447
114   -0.46031
115   -0.444771
116   -0.428923
117   -0.413073
118   -0.397274
119   -0.381673
120   -0.366293
121   -0.351191
122   -0.336382
123   -0.32189
124   -0.307735
125   -0.293928
126   -0.280493
127   -0.267436
128   -0.254779
129   0.0987108
130   0.0703542
131   0.0310227
132   -0.0140957
133   -0.0663842
134   -0.117831
135   -0.172088
136   -0.222313
137   -0.272942
138   -0.31903
139   -0.363885
140   -0.401581
141   -0.438143
142   -0.466592
143   -0.494095
144   -0.513445
145   -0.531177
146   -0.542863
147   -0.551868
148   -0.556862
149   -0.558491
150   -0.556996
151   -0.552133
152   -0.544768
153   -0.534596
154   -0.522692
155   -0.508657
156   -0.493905
157   -0.477744
158   -0.461429
159   -0.444409
160   -0.427677
161   -0.410796
162   -0.394342
163   -0.37803
164   -0.362145
165   -0.34654
166   -0.331344
167   -0.316504
168   -0.302073
169   -0.288046
170   -0.274444
171   -0.261275
172   0.139006
173   0.114629
174   0.0748753
175   0.0293591
176   -0.0248189
177   -0.0794453
178   -0.135887
179   -0.189792
180   -0.242893
181   -0.29254
182   -0.339429
183   -0.381737
184   -0.420237
185   -0.453939
186   -0.483666
187   -0.508896
188   -0.529803
189   -0.546496
190   -0.559019
191   -0.567397
192   -0.571944
193   -0.572329
194   -0.569239
195   -0.562697
196   -0.55327
197   -0.541582
198   -0.527647
199   -0.512271
200   -0.495562
201   -0.478103
202   -0.460167
203   -0.442191
204   -0.424371
205   -0.406814
206   -0.389641
207   -0.372827
208   -0.356458
209   -0.340486
210   -0.324978
211   -0.309893
212   -0.295286
213   -0.281129
214   -0.267463
215   0.181214
216   0.157826
217   0.120014
218   0.0735453
219   0.0182603
220   -0.0380151
221   -0.0969881
222   -0.15298
223   -0.208738
224   -0.260408
225   -0.309981
226   -0.354699
227   -0.396321
228   -0.43285
229   -0.466349
230   -0.494784
231   -0.52115
232   -0.540546
233   -0.559279
234   -0.5694
235   -0.57965
236   -0.581167
237   -0.581986
238   -0.576671
239   -0.568937
240   -0.558516
241   -0.54488
242   -0.529799
243   -0.512338
244   -0.49426
245   -0.475116
246   -0.456267
247   -0.437309
248   -0.418864
249   -0.400716
250   -0.38309
251   -0.365902
252   -0.349218
253   -0.333019
254   -0.31732
255   -0.302128
256   -0.287445
257   -0.273281
258   0.224841
259   0.20726
260   0.168876
261   0.122829
262   0.0663595
263   0.00807111
264   -0.0524441
265   -0.111156
266   -0.168806
267   -0.223144
268   -0.274691
269   -0.32212
270   -0.365854
271   -0.405226
272   -0.440803
273   -0.472152
274   -0.500071
275   -0.523594
276   -0.543596
277   -0.55925
278   -0.57133
279   -0.579554
280   -0.583601
281   -0.584081
282   -0.580059
283   -0.572291
284   -0.560772
285   -0.54573
286   -0.52829
287   -0.509363
288   -0.489512
289   -0.469439
290   -0.449643
291   -0.430092
292   -0.411146
293   -0.392621
294   -0.374729
295   -0.357312
296   -0.340501
297   -0.32419
298   -0.308469
299   -0.293268
300   -0.278651
301   0.267662
302   0.251292
303   0.216661
304   0.170664
305   0.114217
306   0.0551694
307   -0.00697352
308   -0.0671152
309   -0.12691
310   -0.182888
311   -0.236714
312   -0.285875
313   -0.331953
314   -0.37311
315   -0.410928
316   -0.444011
317   -0.473782
318   -0.499401
319   -0.521628
320   -0.540107
321   -0.555591
322   -0.567354
323   -0.57737
324   -0.580955
325   -0.5844
326   -0.57821
327   -0.572019
328   -0.557504
329   -0.54099
330   -0.522332
331   -0.50178
332   -0.481285
333   -0.460534
334   -0.44026
335   -0.420479
336   -0.401272
337   -0.382685
338   -0.36467
339   -0.347268
340   -0.330439
341   -0.314208
342   -0.298556
343   -0.283495
344   0.309024
345   0.300859
346   0.266298
347   0.221899
348   0.165701
349   0.104944
350   0.0421048
351   -0.0201702
352   -0.081293
353   -0.139537
354   -0.194897
355   -0.246292
356   -0.293939
357   -0.337228
358   -0.376574
359   -0.411636
360   -0.443013
361   -0.470514
362   -0.494562
363   -0.515151
364   -0.53258
365   -0.546831
366   -0.558396
367   -0.56638
368   -0.57137
369   -0.572409
370   -0.569012
371   -0.562014
372   -0.54873
373   -0.531896
374   -0.512126
375   -0.490789
376   -0.469675
377   -0.44856
378   -0.428325
379   -0.408498
380   -0.389464
381   -0.370937
382   -0.353111
383   -0.335832
384   -0.319205
385   -0.303145
386   -0.287719
387   0.34577
388   0.337725
389   0.312672
390   0.27158
391   0.21666
392   0.155612
393   0.0913055
394   0.0279447
395   -0.0349994
396   -0.0945941
397   -0.151902
398   -0.20472
399   -0.254281
400   -0.298988
401   -0.340117
402   -0.376589
403   -0.409585
404   -0.438484
405   -0.464132
406   -0.486192
407   -0.505269
408   -0.521104
409   -0.534146
410   -0.544427
411   -0.551757
412   -0.556347
413   -0.558234
414   -0.554983
415   -0.550137
416   -0.534916
417   -0.518208
418   -0.497261
419   -0.47602
420   -0.45478
421   -0.43426
422   -0.414183
423   -0.394834
424   -0.376019
425   -0.35787
426   -0.340296
427   -0.323344
428   -0.306984
429   -0.291232
430   0.379235
431   0.376669
432   0.355861
433   0.323232
434   0.267935
435   0.206222
436   0.141854
437   0.0770532
438   0.0132353
439   -0.0481967
440   -0.106697
441   -0.161417
442   -0.212246
443   -0.258769
444   -0.301163
445   -0.339308
446   -0.37356
447   -0.403957
448   -0.430837
449   -0.454295
450   -0.474617
451   -0.491869
452   -0.50642
453   -0.518271
454   -0.527553
455   -0.534224
456   -0.538164
457   -0.538796
458   -0.536211
459   -0.529435
460   -0.515312
461   -0.498258
462   -0.478284
463   -0.457508
464   -0.437469
465   -0.417558
466   -0.398304
467   -0.379476
468   -0.361262
469   -0.343568
470   -0.326458
471   -0.309903
472   -0.293931
473   0.409015
474   0.408486
475   0.395105
476   0.365265
477   0.315761
478   0.255794
479   0.191199
480   0.126121
481   0.0610523
482   -0.00130658
483   -0.0614093
484   -0.117258
485   -0.16972
486   -0.217406
487   -0.261335
488   -0.300627
489   -0.336263
490   -0.367762
491   -0.395896
492   -0.420458
493   -0.441978
494   -0.460464
495   -0.47622
496   -0.489496
497   -0.500139
498   -0.508518
499   -0.514029
500   -0.517171
501   -0.516877
502   -0.513806
503   -0.506474
504   -0.492406
505   -0.476164
506   -0.456895
507   -0.437873
508   -0.41856
509   -0.399752
510   -0.3812
511   -0.363159
512   -0.345543
513   -0.328432
514   -0.311816
515   -0.295723
516   0.435713
517   0.439506
518   0.431273
519   0.411022
520   0.361865
521   0.303461
522   0.240096
523   0.174706
524   0.109405
525   0.045761
526   -0.0151337
527   -0.0725422
528   -0.125971
529   -0.175211
530   -0.220149
531   -0.260886
532   -0.297528
533   -0.330329
534   -0.359464
535   -0.385234
536   -0.407818
537   -0.427513
538   -0.444491
539   -0.459001
540   -0.471052
541   -0.480805
542   -0.488075
543   -0.492971
544   -0.49504
545   -0.494401
546   -0.489702
547   -0.48128
548   -0.467455
549   -0.451612
550   -0.434262
551   -0.416541
552   -0.398625
553   -0.380867
554   -0.363286
555   -0.346049
556   -0.329119
557   -0.312624
558   -0.296517
559   0.45902
560   0.465729
561   0.463112
562   0.444762
563   0.403885
564   0.34909
565   0.287061
566   0.222399
567   0.15658
568   0.0925693
569   0.0304954
570   -0.0276577
571   -0.0824276
572   -0.132539
573   -0.17879
574   -0.220437
575   -0.258295
576   -0.292017
577   -0.322278
578   -0.349017
579   -0.372699
580   -0.393479
581   -0.411571
582   -0.427305
583   -0.440547
584   -0.451736
585   -0.460382
586   -0.467028
587   -0.470781
588   -0.472208
589   -0.469893
590   -0.464453
591   -0.454889
592   -0.44199
593   -0.427373
594   -0.411452
595   -0.395069
596   -0.378341
597   -0.361609
598   -0.344932
599   -0.328433
600   -0.312182
601   -0.296235
602   0.478967
603   0.489034
604   0.491609
605   0.483139
606   0.443808
607   0.392766
608   0.333005
609   0.26896
610   0.203514
611   0.138754
612   0.0763612
613   0.017021
614   -0.0383539
615   -0.0897533
616   -0.136736
617   -0.179635
618   -0.21829
619   -0.253191
620   -0.284314
621   -0.312192
622   -0.336839
623   -0.358772
624   -0.377974
625   -0.39491
626   -0.409432
627   -0.421944
628   -0.432099
629   -0.440275
630   -0.445805
631   -0.449097
632   -0.448984
633   -0.446212
634   -0.43918
635   -0.429579
636   -0.417311
637   -0.403775
638   -0.388999
639   -0.373779
640   -0.358043
641   -0.342266
642   -0.326319
643   -0.310551
644   -0.294832
645   0.49539
646   0.508427
647   0.515172
648   0.508396
649   0.479792
650   0.434136
651   0.37695
652   0.314284
653   0.248888
654   0.184339
655   0.121209
656   0.0615737
657   0.00516934
658   -0.0467738
659   -0.0948526
660   -0.13842
661   -0.178149
662   -0.213806
663   -0.245978
664   -0.274717
665   -0.300425
666   -0.323352
667   -0.343664
668   -0.361738
669   -0.377459
670   -0.391271
671   -0.402771
672   -0.412414
673   -0.41952
674   -0.424472
675   -0.426409
676   -0.425611
677   -0.421468
678   -0.414368
679   -0.404871
680   -0.393467
681   -0.380746
682   -0.367032
683   -0.352664
684   -0.337848
685   -0.322742
686   -0.307514
687   -0.292259
688   0.508172
689   0.523488
690   0.534784
691   0.537162
692   0.512871
693   0.474879
694   0.419963
695   0.358175
696   0.293729
697   0.228871
698   0.165961
699   0.105498
700   0.04888
701   -0.00409267
702   -0.0526146
703   -0.0972498
704   -0.137565
705   -0.174285
706   -0.207174
707   -0.236988
708   -0.263562
709   -0.287611
710   -0.308947
711   -0.328214
712   -0.345114
713   -0.360221
714   -0.373053
715   -0.384135
716   -0.392725
717   -0.399354
718   -0.402987
719   -0.404304
720   -0.402183
721   -0.397707
722   -0.390385
723   -0.381385
724   -0.370486
725   -0.358611
726   -0.34556
727   -0.332015
728   -0.317755
729   -0.303331
730   -0.288533
731   0.517451
732   0.535297
733   0.549165
734   0.553692
735   0.542057
736   0.510667
737   0.460351
738   0.400691
739   0.336826
740   0.272843
741   0.209615
742   0.149304
743   0.0919371
744   0.0387443
745   -0.0106661
746   -0.0557229
747   -0.0969626
748   -0.134261
749   -0.168107
750   -0.198658
751   -0.226246
752   -0.251196
753   -0.273625
754   -0.293943
755   -0.312032
756   -0.328321
757   -0.342461
758   -0.354841
759   -0.364917
760   -0.37298
761   -0.378413
762   -0.381415
763   -0.38157
764   -0.379142
765   -0.374248
766   -0.367261
767   -0.358484
768   -0.34826
769   -0.336835
770   -0.324484
771   -0.311358
772   -0.297699
773   -0.283636
774   0.523083
775   0.542566
776   0.55959
777   0.569906
778   0.566419
779   0.548773
780   0.499586
781   0.440974
782   0.379244
783   0.315479
784   0.253043
785   0.192213
786   0.134997
787   0.0810093
788   0.0314462
789   -0.0144879
790   -0.0560862
791   -0.0943078
792   -0.128707
793   -0.160245
794   -0.18858
795   -0.214599
796   -0.237953
797   -0.259429
798   -0.278594
799   -0.296136
800   -0.311475
801   -0.325224
802   -0.336617
803   -0.346238
804   -0.353157
805   -0.358031
806   -0.359933
807   -0.359716
808   -0.356739
809   -0.351966
810   -0.344969
811   -0.33665
812   -0.326661
813   -0.31578
814   -0.303679
815   -0.291061
816   -0.277636
817   0.525218
818   0.546482
819   0.566125
820   0.580781
821   0.586295
822   0.573088
823   0.534133
824   0.480187
825   0.419971
826   0.35778
827   0.29536
828   0.235057
829   0.177332
830   0.123441
831   0.0732063
832   0.0271169
833   -0.0152301
834   -0.0538299
835   -0.0890637
836   -0.1212
837   -0.150474
838   -0.177291
839   -0.201694
840   -0.224133
841   -0.244453
842   -0.263084
843   -0.27969
844   -0.294635
845   -0.307446
846   -0.318394
847   -0.326973
848   -0.333384
849   -0.33726
850   -0.338824
851   -0.33799
852   -0.335044
853   -0.330077
854   -0.323389
855   -0.315108
856   -0.305517
857   -0.294725
858   -0.283017
859   -0.270537
860   0.524015
861   0.545988
862   0.568671
863   0.587538
864   0.601244
865   0.602525
866   0.565773
867   0.516083
868   0.459296
869   0.398218
870   0.337054
871   0.276588
872   0.219386
873   0.164974
874   0.114915
875   0.0681789
876   0.0257308
877   -0.0136188
878   -0.0492227
879   -0.0822275
880   -0.112122
881   -0.139929
882   -0.16516
883   -0.1887
884   -0.210006
885   -0.229839
886   -0.247553
887   -0.263815
888   -0.277851
889   -0.290283
890   -0.300243
891   -0.30838
892   -0.313838
893   -0.317368
894   -0.318255
895   -0.317336
896   -0.314042
897   -0.309219
898   -0.302382
899   -0.294343
900   -0.284668
901   -0.274155
902   -0.262441
903   0.519957
904   0.5434
905   0.567842
906   0.591086
907   0.610388
908   0.614429
909   0.592226
910   0.549954
911   0.496467
912   0.437798
913   0.377207
914   0.317798
915   0.260457
916   0.206561
917   0.156126
918   0.109551
919   0.0665777
920   0.0270695
921   -0.00921596
922   -0.0426735
923   -0.0734081
924   -0.101913
925   -0.128125
926   -0.152549
927   -0.174955
928   -0.195807
929   -0.214738
930   -0.232131
931   -0.247529
932   -0.261222
933   -0.272743
934   -0.282315
935   -0.289566
936   -0.294706
937   -0.297534
938   -0.298286
939   -0.296902
940   -0.293637
941   -0.288507
942   -0.281778
943   -0.273504
944   -0.263986
945   -0.253365
946   0.51312
947   0.536336
948   0.562996
949   0.588333
950   0.613886
951   0.630646
952   0.613924
953   0.581294
954   0.531692
955   0.474855
956   0.416187
957   0.357104
958   0.300839
959   0.246792
960   0.196945
961   0.150011
962   0.107226
963   0.0671782
964   0.0307108
965   -0.00347067
966   -0.0347006
967   -0.0640934
968   -0.0910398
969   -0.116483
970   -0.139795
971   -0.161779
972   -0.181745
973   -0.20039
974   -0.216944
975   -0.232047
976   -0.244868
977   -0.256049
978   -0.264761
979   -0.271698
980   -0.276099
981   -0.278725
982   -0.278902
983   -0.277429
984   -0.273707
985   -0.268552
986   -0.261431
987   -0.253201
988   -0.243431
989   0.504101
990   0.528285
991   0.55519
992   0.583282
993   0.610624
994   0.629382
995   0.630339
996   0.606876
997   0.563379
998   0.510207
999   0.452938
1000   0.395733
1001   0.339836
1002   0.286825
1003   0.236969
1004   0.190546
1005   0.147504
1006   0.107517
1007   0.0705522
1008   0.0360547
1009   0.00411398
1010   -0.02588
1011   -0.053706
1012   -0.0799501
1013   -0.104276
1014   -0.127202
1015   -0.148304
1016   -0.16801
1017   -0.185842
1018   -0.202134
1019   -0.216411
1020   -0.228931
1021   -0.239289
1022   -0.247704
1023   -0.253887
1024   -0.25805
1025   -0.260022
1026   -0.260023
1027   -0.257971
1028   -0.254107
1029   -0.248429
1030   -0.241236
1031   -0.23266
1032   0.492858
1033   0.516054
1034   0.54387
1035   0.572175
1036   0.602234
1037   0.626732
1038   0.637307
1039   0.63261
1040   0.592457
1041   0.541855
1042   0.488003
1043   0.431686
1044   0.377559
1045   0.3248
1046   0.275997
1047   0.229551
1048   0.186996
1049   0.146719
1050   0.109754
1051   0.0747178
1052   0.0424061
1053   0.0116745
1054   -0.0167812
1055   -0.0439123
1056   -0.0690445
1057   -0.0929823
1058   -0.115024
1059   -0.135869
1060   -0.154764
1061   -0.17235
1062   -0.187828
1063   -0.201823
1064   -0.213523
1065   -0.22358
1066   -0.231207
1067   -0.237105
1068   -0.240531
1069   -0.242239
1070   -0.241539
1071   -0.239238
1072   -0.234715
1073   -0.228863
1074   -0.22119
1075   0.479983
1076   0.503294
1077   0.53002
1078   0.559057
1079   0.589455
1080   0.617046
1081   0.637737
1082   0.639057
1083   0.614546
1084   0.571314
1085   0.520127
1086   0.466476
1087   0.413203
1088   0.362013
1089   0.313634
1090   0.268052
1091   0.225564
1092   0.185558
1093   0.148332
1094   0.113119
1095   0.0802868
1096   0.0490744
1097   0.0199116
1098   -0.00790076
1099   -0.0338829
1100   -0.0586439
1101   -0.081667
1102   -0.103457
1103   -0.123482
1104   -0.142143
1105   -0.158923
1106   -0.174133
1107   -0.187315
1108   -0.198715
1109   -0.207965
1110   -0.215273
1111   -0.220374
1112   -0.223464
1113   -0.224377
1114   -0.223328
1115   -0.220258
1116   -0.215458
1117   -0.209041
1118   0.465584
1119   0.487184
1120   0.513642
1121   0.54127
1122   0.572418
1123   0.601173
1124   0.629032
1125   0.647137
1126   0.62889
1127   0.595283
1128   0.548558
1129   0.496817
1130   0.446176
1131   0.395872
1132   0.349102
1133   0.303964
1134   0.262278
1135   0.222327
1136   0.185298
1137   0.149826
1138   0.116787
1139   0.085089
1140   0.0554597
1141   0.0269956
1142   0.000371483
1143   -0.0251813
1144   -0.0489838
1145   -0.0717104
1146   -0.0926464
1147   -0.112409
1148   -0.130241
1149   -0.146739
1150   -0.161113
1151   -0.173976
1152   -0.184527
1153   -0.193418
1154   -0.199858
1155   -0.204554
1156   -0.206749
1157   -0.207225
1158   -0.205292
1159   -0.201853
1160   -0.196363
1161   0.450374
1162   0.471544
1163   0.496086
1164   0.523348
1165   0.553094
1166   0.583376
1167   0.612302
1168   0.632485
1169   0.635498
1170   0.611602
1171   0.571342
1172   0.524222
1173   0.475605
1174   0.427738
1175   0.382086
1176   0.338226
1177   0.297081
1178   0.257644
1179   0.220723
1180   0.185281
1181   0.152052
1182   0.120085
1183   0.0900572
1184   0.0611288
1185   0.0339436
1186   0.00777968
1187   -0.0167378
1188   -0.0402094
1189   -0.0620284
1190   -0.0826769
1191   -0.10158
1192   -0.119113
1193   -0.134755
1194   -0.148791
1195   -0.160777
1196   -0.170932
1197   -0.178904
1198   -0.184876
1199   -0.188603
1200   -0.190276
1201   -0.189776
1202   -0.187381
1203   -0.183179
1204   0.434471
1205   0.453723
1206   0.477347
1207   0.502413
1208   0.531387
1209   0.559967
1210   0.589954
1211   0.614112
1212   0.625408
1213   0.623134
1214   0.588431
1215   0.544658
1216   0.500375
1217   0.454291
1218   0.41097
1219   0.368273
1220   0.328327
1221   0.289516
1222   0.2531
1223   0.217888
1224   0.184749
1225   0.152737
1226   0.122537
1227   0.0933555
1228   0.065811
1229   0.0392132
1230   0.0141796
1231   -0.00990668
1232   -0.0323946
1233   -0.0538547
1234   -0.0735869
1235   -0.0921428
1236   -0.108773
1237   -0.124037
1238   -0.137146
1239   -0.148693
1240   -0.157863
1241   -0.165313
1242   -0.170231
1243   -0.173365
1244   -0.173962
1245   -0.172921
1246   -0.169646
1247   0.418466
1248   0.437032
1249   0.458455
1250   0.48236
1251   0.508676
1252   0.536279
1253   0.563913
1254   0.588787
1255   0.606906
1256   0.609959
1257   0.595771
1258   0.559945
1259   0.519628
1260   0.476823
1261   0.435684
1262   0.394791
1263   0.356189
1264   0.318316
1265   0.28267
1266   0.247903
1267   0.215155
1268   0.183275
1269   0.153191
1270   0.123919
1271   0.0962676
1272   0.0693988
1273   0.0440525
1274   0.0195279
1275   -0.00348285
1276   -0.0255516
1277   -0.0460308
1278   -0.0653709
1279   -0.0829787
1280   -0.099194
1281   -0.113492
1282   -0.12612
1283   -0.136639
1284   -0.145232
1285   -0.151569
1286   -0.15582
1287   -0.157804
1288   -0.157774
1289   -0.155791
1290   0.402398
1291   0.419187
1292   0.439389
1293   0.460852
1294   0.485432
1295   0.510064
1296   0.536123
1297   0.559052
1298   0.579704
1299   0.592041
1300   0.583932
1301   0.564052
1302   0.529381
1303   0.490684
1304   0.453101
1305   0.414896
1306   0.378198
1307   0.342026
1308   0.307487
1309   0.2738
1310   0.241687
1311   0.21046
1312   0.180689
1313   0.15175
1314   0.124166
1315   0.0973667
1316   0.0718812
1317   0.0471826
1318   0.0238388
1319   0.00135135
1320   -0.0196547
1321   -0.0396666
1322   -0.0579935
1323   -0.0751316
1324   -0.0903231
1325   -0.104097
1326   -0.115636
1327   -0.125532
1328   -0.132939
1329   -0.138555
1330   -0.141569
1331   -0.142859
1332   -0.141778
1333   0.386656
1334   0.402685
1335   0.420824
1336   0.440833
1337   0.462568
1338   0.485378
1339   0.508162
1340   0.530125
1341   0.548472
1342   0.562097
1343   0.564556
1344   0.551957
1345   0.530097
1346   0.497225
1347   0.464348
1348   0.429045
1349   0.395198
1350   0.360883
1351   0.328236
1352   0.295769
1353   0.264927
1354   0.234476
1355   0.205534
1356   0.177044
1357   0.14995
1358   0.123338
1359   0.0980559
1360   0.0733187
1361   0.0499091
1362   0.0271689
1363   0.00582745
1364   -0.014649
1365   -0.0335858
1366   -0.0513936
1367   -0.0674615
1368   -0.0820836
1369   -0.0947294
1370   -0.105597
1371   -0.114265
1372   -0.120888
1373   -0.12521
1374   -0.127453
1375   -0.127636
1376   0.371202
1377   0.385774
1378   0.402697
1379   0.420567
1380   0.440501
1381   0.460611
1382   0.4815
1383   0.500852
1384   0.51834
1385   0.531192
1386   0.536531
1387   0.533372
1388   0.516644
1389   0.493282
1390   0.465247
1391   0.435294
1392   0.404577
1393   0.373588
1394   0.343034
1395   0.312781
1396   0.283354
1397   0.254419
1398   0.22642
1399   0.198958
1400   0.172457
1401   0.146501
1402   0.12153
1403   0.0971328
1404   0.0737895
1405   0.0510944
1406   0.0295874
1407   0.00886215
1408   -0.0104672
1409   -0.0288202
1410   -0.0454972
1411   -0.0609494
1412   -0.0743886
1413   -0.0863271
1414   -0.0959067
1415   -0.103754
1416   -0.109009
1417   -0.112505
1418   -0.113539
1419   0.356232
1420   0.370061
1421   0.385287
1422   0.401768
1423   0.419325
1424   0.437613
1425   0.455717
1426   0.473338
1427   0.488356
1428   0.500709
1429   0.506512
1430   0.506896
1431   0.497951
1432   0.481061
1433   0.45984
1434   0.434654
1435   0.408519
1436   0.380719
1437   0.353294
1438   0.325221
1439   0.297998
1440   0.270574
1441   0.24415
1442   0.217727
1443   0.192341
1444   0.16707
1445   0.142848
1446   0.118847
1447   0.0959332
1448   0.0733791
1449   0.0519977
1450   0.0311709
1451   0.0116599
1452   -0.0070323
1453   -0.0242034
1454   -0.0402201
1455   -0.0544539
1456   -0.0671439
1457   -0.0777671
1458   -0.0864752
1459   -0.0929157
1460   -0.0972774
1461   -0.0995175
1462   0.341672
1463   0.35436
1464   0.368502
1465   0.383285
1466   0.399272
1467   0.415407
1468   0.431791
1469   0.447245
1470   0.461123
1471   0.472339
1472   0.47911
1473   0.481281
1474   0.475862
1475   0.464744
1476   0.448278
1477   0.428487
1478   0.40624
1479   0.382519
1480   0.357968
1481   0.332889
1482   0.307755
1483   0.282538
1484   0.257628
1485   0.232838
1486   0.208534
1487   0.184458
1488   0.160982
1489   0.137818
1490   0.115369
1491   0.0933323
1492   0.0721609
1493   0.0515397
1494   0.0319925
1495   0.013186
1496   -0.00426611
1497   -0.0207279
1498   -0.0354764
1499   -0.0489323
1500   -0.0602603
1501   -0.0699923
1502   -0.0772349
1503   -0.0827441
1504   -0.0857529
1505   0.327593
1506   0.339575
1507   0.352391
1508   0.365959
1509   0.380107
1510   0.394667
1511   0.408946
1512   0.422851
1513   0.434976
1514   0.445418
1515   0.452058
1516   0.455237
1517   0.452924
1518   0.445494
1519   0.433746
1520   0.418081
1521   0.400182
1522   0.379906
1523   0.358839
1524   0.33641
1525   0.313974
1526   0.290748
1527   0.267913
1528   0.244608
1529   0.221897
1530   0.198913
1531   0.176645
1532   0.154258
1533   0.132689
1534   0.111159
1535   0.0905615
1536   0.0701985
1537   0.0509181
1538   0.0321233
1539   0.0146112
1540   -0.00208879
1541   -0.0172452
1542   -0.0311798
1543   -0.0432565
1544   -0.0536551
1545   -0.0619053
1546   -0.0681573
1547   -0.0722797
1548   0.313929
1549   0.325011
1550   0.336885
1551   0.349136
1552   0.361985
1553   0.374891
1554   0.387755
1555   0.399992
1556   0.41106
1557   0.420443
1558   0.427071
1559   0.430715
1560   0.430038
1561   0.425467
1562   0.416809
1563   0.40496
1564   0.39035
1565   0.373689
1566   0.35548
1567   0.336094
1568   0.315962
1569   0.295197
1570   0.274166
1571   0.252826
1572   0.231508
1573   0.210082
1574   0.188875
1575   0.167708
1576   0.146922
1577   0.126313
1578   0.106254
1579   0.0865226
1580   0.0675462
1581   0.0490807
1582   0.0316313
1583   0.0149258
1584   -0.000422341
1585   -0.0147329
1586   -0.0272508
1587   -0.0383916
1588   -0.0472661
1589   -0.0545114
1590   -0.059285
1591   0.300695
1592   0.311111
1593   0.321952
1594   0.333177
1595   0.344633
1596   0.356258
1597   0.367556
1598   0.378531
1599   0.388271
1600   0.396872
1601   0.403078
1602   0.407028
1603   0.407604
1604   0.404929
1605   0.398984
1606   0.389918
1607   0.378507
1608   0.364682
1609   0.349505
1610   0.332612
1611   0.315107
1612   0.296398
1613   0.277565
1614   0.257875
1615   0.238372
1616   0.218254
1617   0.198534
1618   0.17839
1619   0.158807
1620   0.138976
1621   0.119858
1622   0.100684
1623   0.0823833
1624   0.0642543
1625   0.0471893
1626   0.0305843
1627   0.0152787
1628   0.000810431
1629   -0.0120623
1630   -0.0236155
1631   -0.0332364
1632   -0.0410567
1633   -0.0468083
1634   0.28785
1635   0.297533
1636   0.307568
1637   0.317769
1638   0.32818
1639   0.338545
1640   0.348719
1641   0.358412
1642   0.367244
1643   0.374922
1644   0.380836
1645   0.384767
1646   0.386065
1647   0.384743
1648   0.380574
1649   0.373846
1650   0.364731
1651   0.353573
1652   0.340707
1653   0.326381
1654   0.310949
1655   0.294531
1656   0.27746
1657   0.259748
1658   0.241704
1659   0.223272
1660   0.204746
1661   0.186026
1662   0.16741
1663   0.148769
1664   0.130415
1665   0.112203
1666   0.0944751
1667   0.0770696
1668   0.060376
1669   0.0442146
1670   0.0290529
1671   0.014677
1672   0.00168381
1673   -0.0102114
1674   -0.0202172
1675   -0.0287996
1676   -0.0350428
1677   0.275394
1678   0.284458
1679   0.293681
1680   0.303037
1681   0.312399
1682   0.321761
1683   0.330769
1684   0.339481
1685   0.347284
1686   0.354288
1687   0.359698
1688   0.363621
1689   0.365354
1690   0.364958
1691   0.362224
1692   0.357166
1693   0.350111
1694   0.340942
1695   0.330336
1696   0.31798
1697   0.304737
1698   0.290103
1699   0.275029
1700   0.258862
1701   0.242592
1702   0.225469
1703   0.208501
1704   0.190881
1705   0.173622
1706   0.155895
1707   0.13871
1708   0.121243
1709   0.104495
1710   0.0876657
1711   0.0717399
1712   0.0559717
1713   0.0413129
1714   0.0271108
1715   0.0142586
1716   0.00226942
1717   -0.00808094
1718   -0.0170094
1719   -0.0240338
1720   0.263306
1721   0.271758
1722   0.280301
1723   0.288865
1724   0.29741
1725   0.305827
1726   0.313977
1727   0.321718
1728   0.328792
1729   0.33503
1730   0.340075
1731   0.343757
1732   0.345727
1733   0.345884
1734   0.344065
1735   0.340297
1736   0.334643
1737   0.32721
1738   0.318209
1739   0.307749
1740   0.296103
1741   0.283338
1742   0.26974
1743   0.255323
1744   0.240369
1745   0.224847
1746   0.20903
1747   0.192857
1748   0.176596
1749   0.160168
1750   0.14384
1751   0.127524
1752   0.111497
1753   0.0956628
1754   0.0803171
1755   0.0653602
1756   0.0511188
1757   0.037483
1758   0.0248415
1759   0.0130492
1760   0.00263353
1761   -0.00667234
1762   -0.0139801
1763   0.251583
1764   0.259478
1765   0.267378
1766   0.275266
1767   0.28303
1768   0.290693
1769   0.297986
1770   0.304997
1771   0.311278
1772   0.316969
1773   0.321506
1774   0.325022
1775   0.32701
1776   0.327535
1777   0.326368
1778   0.323477
1779   0.319004
1780   0.312782
1781   0.305279
1782   0.296168
1783   0.286146
1784   0.274724
1785   0.262749
1786   0.249595
1787   0.236196
1788   0.221824
1789   0.207465
1790   0.192324
1791   0.177415
1792   0.161903
1793   0.146818
1794   0.131307
1795   0.116408
1796   0.101266
1797   0.0869222
1798   0.0725321
1799   0.0591378
1800   0.0459174
1801   0.0339072
1802   0.0223308
1803   0.0121888
1804   0.00283612
1805   -0.00493378
1806   0.240219
1807   0.24759
1808   0.254933
1809   0.26221
1810   0.269363
1811   0.276329
1812   0.283002
1813   0.289287
1814   0.295022
1815   0.30008
1816   0.304259
1817   0.307418
1818   0.309366
1819   0.309987
1820   0.309175
1821   0.306883
1822   0.303121
1823   0.29791
1824   0.291356
1825   0.283518
1826   0.274556
1827   0.264536
1828   0.253639
1829   0.241918
1830   0.229559
1831   0.216598
1832   0.203215
1833   0.189431
1834   0.175421
1835   0.161198
1836   0.146931
1837   0.132629
1838   0.118462
1839   0.104438
1840   0.0907311
1841   0.0773528
1842   0.064482
1843   0.0521394
1844   0.0405105
1845   0.0296277
1846   0.0196841
1847   0.0107252
1848   0.00292668
