##### Y Mean #####
0   -0.00372581
1   -0.0267247
2   -0.0532176
3   -0.0818672
4   -0.111813
5   -0.141461
6   -0.170299
7   -0.1973
8   -0.22235
9   -0.244881
10   -0.265013
11   -0.282458
12   -0.297446
13   -0.309853
14   -0.319951
15   -0.327711
16   -0.333413
17   -0.337085
18   -0.338996
19   -0.339207
20   -0.337964
21   -0.335346
22   -0.331571
23   -0.326725
24   -0.320995
25   -0.314465
26   -0.307293
27   -0.299557
28   -0.291386
29   -0.282848
30   -0.274049
31   -0.265044
32   -0.255917
33   -0.246715
34   -0.2375
35   -0.228312
36   -0.219196
37   -0.210184
38   -0.201308
39   -0.192593
40   -0.184062
41   -0.175734
42   -0.167625
43   0.0149163
44   -0.00910635
45   -0.0387726
46   -0.0697129
47   -0.104215
48   -0.13626
49   -0.169226
50   -0.198181
51   -0.226482
52   -0.250413
53   -0.272951
54   -0.291297
55   -0.307985
56   -0.320883
57   -0.332112
58   -0.340039
59   -0.346425
60   -0.350015
61   -0.352265
62   -0.352213
63   -0.351049
64   -0.348045
65   -0.344162
66   -0.338854
67   -0.332886
68   -0.325855
69   -0.318362
70   -0.310114
71   -0.301572
72   -0.292531
73   -0.283335
74   -0.273847
75   -0.264318
76   -0.25466
77   -0.245047
78   -0.235433
79   -0.225931
80   -0.216523
81   -0.207278
82   -0.198197
83   -0.189318
84   -0.180651
85   -0.172218
86   0.0374929
87   0.0141889
88   -0.017133
89   -0.051171
90   -0.0885331
91   -0.125102
92   -0.160818
93   -0.193805
94   -0.224292
95   -0.251394
96   -0.275524
97   -0.296237
98   -0.314001
99   -0.328593
100   -0.340476
101   -0.349552
102   -0.356257
103   -0.360566
104   -0.362877
105   -0.363213
106   -0.361923
107   -0.359058
108   -0.35492
109   -0.349572
110   -0.343267
111   -0.336073
112   -0.328197
113   -0.319704
114   -0.31076
115   -0.301424
116   -0.291825
117   -0.282015
118   -0.27209
119   -0.262097
120   -0.252105
121   -0.242152
122   -0.232288
123   -0.222545
124   -0.212955
125   -0.203546
126   -0.194339
127   -0.185357
128   -0.176612
129   0.0633441
130   0.0396466
131   0.00751533
132   -0.0287413
133   -0.0697444
134   -0.10914
135   -0.149064
136   -0.184634
137   -0.21877
138   -0.247941
139   -0.274966
140   -0.297224
141   -0.317181
142   -0.332851
143   -0.346325
144   -0.356085
145   -0.363883
146   -0.36856
147   -0.371569
148   -0.372029
149   -0.371133
150   -0.368215
151   -0.364244
152   -0.358722
153   -0.352421
154   -0.344975
155   -0.33699
156   -0.3282
157   -0.319071
158   -0.309416
159   -0.299583
160   -0.289448
161   -0.27926
162   -0.268943
163   -0.258669
164   -0.248398
165   -0.238243
166   -0.228189
167   -0.218303
168   -0.20859
169   -0.199086
170   -0.189807
171   -0.180772
172   0.0923354
173   0.0708855
174   0.0373387
175   -0.00061293
176   -0.0444432
177   -0.0878226
178   -0.130585
179   -0.17024
180   -0.206882
181   -0.239589
182   -0.26867
183   -0.293784
184   -0.315327
185   -0.333201
186   -0.347823
187   -0.359214
188   -0.367783
189   -0.373615
190   -0.377089
191   -0.378323
192   -0.377658
193   -0.375221
194   -0.371309
195   -0.366049
196   -0.359687
197   -0.352345
198   -0.34422
199   -0.335421
200   -0.326102
201   -0.316359
202   -0.306307
203   -0.296028
204   -0.285603
205   -0.275103
206   -0.264582
207   -0.254098
208   -0.243687
209   -0.233398
210   -0.223249
211   -0.213284
212   -0.20351
213   -0.193969
214   -0.184661
215   0.123441
216   0.102121
217   0.0688088
218   0.0289193
219   -0.0174265
220   -0.0631717
221   -0.109556
222   -0.151701
223   -0.191946
224   -0.226967
225   -0.259221
226   -0.286298
227   -0.310449
228   -0.32987
229   -0.34653
230   -0.359065
231   -0.369161
232   -0.375786
233   -0.380358
234   -0.382101
235   -0.382191
236   -0.380047
237   -0.376627
238   -0.371501
239   -0.365435
240   -0.358116
241   -0.350143
242   -0.341292
243   -0.332021
244   -0.322175
245   -0.312094
246   -0.301676
247   -0.291166
248   -0.280501
249   -0.269849
250   -0.25918
251   -0.248601
252   -0.238106
253   -0.227759
254   -0.217569
255   -0.207571
256   -0.197787
257   -0.18824
258   0.156359
259   0.139298
260   0.104412
261   0.0633238
262   0.0148104
263   -0.034272
264   -0.0829328
265   -0.128806
266   -0.171429
267   -0.210011
268   -0.244504
269   -0.2747
270   -0.300771
271   -0.322763
272   -0.340957
273   -0.355518
274   -0.366771
275   -0.374936
276   -0.38034
277   -0.383221
278   -0.383881
279   -0.382554
280   -0.379504
281   -0.374949
282   -0.369107
283   -0.362172
284   -0.354318
285   -0.345711
286   -0.336483
287   -0.326776
288   -0.316682
289   -0.306321
290   -0.295753
291   -0.285079
292   -0.274332
293   -0.263598
294   -0.252888
295   -0.24228
296   -0.231766
297   -0.221419
298   -0.211223
299   -0.201247
300   -0.191475
301   0.189256
302   0.172747
303   0.14007
304   0.0981115
305   0.0480411
306   -0.00265418
307   -0.0543371
308   -0.102368
309   -0.148371
310   -0.189282
311   -0.227021
312   -0.259394
313   -0.288313
314   -0.31216
315   -0.332707
316   -0.348752
317   -0.361869
318   -0.371169
319   -0.378006
320   -0.381725
321   -0.383463
322   -0.382739
323   -0.380487
324   -0.376357
325   -0.371097
326   -0.364455
327   -0.357017
328   -0.348606
329   -0.339667
330   -0.33008
331   -0.320175
332   -0.309875
333   -0.299414
334   -0.288749
335   -0.278038
336   -0.267265
337   -0.256528
338   -0.245832
339   -0.235235
340   -0.224755
341   -0.214423
342   -0.204272
343   -0.194326
344   0.221475
345   0.212057
346   0.178643
347   0.136829
348   0.086099
349   0.0322295
350   -0.0210329
351   -0.0725112
352   -0.120663
353   -0.16504
354   -0.205036
355   -0.240613
356   -0.27161
357   -0.298227
358   -0.320538
359   -0.338868
360   -0.353407
361   -0.364531
362   -0.372478
363   -0.377624
364   -0.38021
365   -0.380592
366   -0.378982
367   -0.375701
368   -0.370925
369   -0.364933
370   -0.357859
371   -0.349942
372   -0.341274
373   -0.332058
374   -0.322347
375   -0.312314
376   -0.30198
377   -0.291493
378   -0.280847
379   -0.27017
380   -0.259437
381   -0.248762
382   -0.238108
383   -0.227579
384   -0.217132
385   -0.206873
386   -0.196761
387   0.250013
388   0.240224
389   0.21528
390   0.176101
391   0.125206
392   0.0701468
393   0.0139276
394   -0.0395694
395   -0.0909526
396   -0.137606
397   -0.180812
398   -0.218619
399   -0.252546
400   -0.281153
401   -0.305981
402   -0.325984
403   -0.3426
404   -0.355081
405   -0.364701
406   -0.370926
407   -0.374844
408   -0.376077
409   -0.375523
410   -0.372917
411   -0.368977
412   -0.363523
413   -0.357113
414   -0.349624
415   -0.34148
416   -0.332602
417   -0.3233
418   -0.313526
419   -0.303498
420   -0.293196
421   -0.282763
422   -0.272198
423   -0.261591
424   -0.250957
425   -0.240345
426   -0.229784
427   -0.219304
428   -0.208947
429   -0.198741
430   0.276165
431   0.270986
432   0.249818
433   0.218128
434   0.166013
435   0.10891
436   0.0517015
437   -0.00462511
438   -0.0578546
439   -0.107687
440   -0.15302
441   -0.193937
442   -0.229926
443   -0.261333
444   -0.287991
445   -0.310389
446   -0.328554
447   -0.343025
448   -0.353922
449   -0.361777
450   -0.366739
451   -0.369299
452   -0.3696
453   -0.368077
454   -0.364844
455   -0.360276
456   -0.354451
457   -0.34769
458   -0.340031
459   -0.331746
460   -0.322839
461   -0.31354
462   -0.303825
463   -0.293889
464   -0.283685
465   -0.273385
466   -0.262922
467   -0.252453
468   -0.241901
469   -0.231413
470   -0.220909
471   -0.21054
472   -0.200237
473   0.299651
474   0.296262
475   0.281711
476   0.252271
477   0.204859
478   0.148715
479   0.0898912
480   0.0323271
481   -0.0235736
482   -0.0753398
483   -0.123627
484   -0.166615
485   -0.205434
486   -0.238782
487   -0.267961
488   -0.292066
489   -0.312389
490   -0.328314
491   -0.34102
492   -0.350098
493   -0.356566
494   -0.360156
495   -0.361713
496   -0.361063
497   -0.358883
498   -0.355061
499   -0.350123
500   -0.344
501   -0.337087
502   -0.329344
503   -0.321058
504   -0.31221
505   -0.302999
506   -0.293424
507   -0.283613
508   -0.27358
509   -0.263402
510   -0.253106
511   -0.242732
512   -0.232321
513   -0.221896
514   -0.211515
515   -0.201211
516   0.320969
517   0.321277
518   0.311605
519   0.291065
520   0.243301
521   0.187567
522   0.129132
523   0.0699567
524   0.0128514
525   -0.0415292
526   -0.0915909
527   -0.137396
528   -0.178073
529   -0.214082
530   -0.244999
531   -0.271469
532   -0.293335
533   -0.311299
534   -0.325346
535   -0.336162
536   -0.343791
537   -0.348861
538   -0.351428
539   -0.352045
540   -0.350749
541   -0.348017
542   -0.343857
543   -0.338672
544   -0.332438
545   -0.325499
546   -0.317798
547   -0.309628
548   -0.300907
549   -0.291887
550   -0.282468
551   -0.272871
552   -0.26298
553   -0.253001
554   -0.242808
555   -0.232598
556   -0.222249
557   -0.211965
558   -0.201642
559   0.339864
560   0.34301
561   0.338338
562   0.319273
563   0.279006
564   0.226262
565   0.167974
566   0.10865
567   0.0497135
568   -0.0060076
569   -0.0585587
570   -0.106063
571   -0.149299
572   -0.187028
573   -0.220328
574   -0.248399
575   -0.272385
576   -0.291788
577   -0.307683
578   -0.319778
579   -0.329013
580   -0.335224
581   -0.339192
582   -0.340831
583   -0.340764
584   -0.338952
585   -0.335872
586   -0.331512
587   -0.326226
588   -0.320018
589   -0.313138
590   -0.305602
591   -0.297579
592   -0.289091
593   -0.280244
594   -0.271069
595   -0.261625
596   -0.251953
597   -0.242082
598   -0.232063
599   -0.221916
600   -0.211713
601   -0.201491
602   0.356232
603   0.362305
604   0.362697
605   0.353057
606   0.313813
607   0.263928
608   0.207202
609   0.147359
610   0.0879075
611   0.030211
612   -0.023597
613   -0.0734927
614   -0.118226
615   -0.158351
616   -0.193163
617   -0.22346
618   -0.248872
619   -0.270271
620   -0.287481
621   -0.301346
622   -0.311787
623   -0.319571
624   -0.32465
625   -0.327694
626   -0.328652
627   -0.328098
628   -0.325959
629   -0.322723
630   -0.318293
631   -0.31308
632   -0.306964
633   -0.300296
634   -0.292934
635   -0.285185
636   -0.276889
637   -0.26832
638   -0.259308
639   -0.250106
640   -0.240541
641   -0.230859
642   -0.220893
643   -0.210903
644   -0.200748
645   0.369926
646   0.378996
647   0.383107
648   0.374856
649   0.345855
650   0.300925
651   0.245807
652   0.186589
653   0.126031
654   0.0676656
655   0.0119226
656   -0.0391679
657   -0.0860857
658   -0.127594
659   -0.164558
660   -0.196249
661   -0.223658
662   -0.246394
663   -0.265417
664   -0.280547
665   -0.292633
666   -0.301612
667   -0.308189
668   -0.312363
669   -0.314689
670   -0.315197
671   -0.314306
672   -0.312058
673   -0.308757
674   -0.304447
675   -0.299338
676   -0.293476
677   -0.286995
678   -0.279941
679   -0.272393
680   -0.264397
681   -0.255994
682   -0.247236
683   -0.238138
684   -0.228765
685   -0.219129
686   -0.209319
687   -0.199377
688   0.380692
689   0.391755
690   0.400377
691   0.400991
692   0.376006
693   0.338177
694   0.28474
695   0.225431
696   0.165056
697   0.105298
698   0.0489299
699   -0.0040893
700   -0.0520582
701   -0.0956461
702   -0.133819
703   -0.16753
704   -0.196177
705   -0.220797
706   -0.241044
707   -0.257918
708   -0.271203
709   -0.2818
710   -0.289546
711   -0.295224
712   -0.298681
713   -0.300585
714   -0.300774
715   -0.299811
716   -0.297521
717   -0.294381
718   -0.290197
719   -0.285381
720   -0.279722
721   -0.273581
722   -0.266736
723   -0.259512
724   -0.251681
725   -0.243547
726   -0.234881
727   -0.225983
728   -0.216638
729   -0.207163
730   -0.197379
731   0.388669
732   0.402353
733   0.413217
734   0.415805
735   0.403246
736   0.371751
737   0.322203
738   0.264413
739   0.203637
740   0.143997
741   0.086252
742   0.0325722
743   -0.0172023
744   -0.0618002
745   -0.101857
746   -0.136703
747   -0.16717
748   -0.19297
749   -0.214942
750   -0.233018
751   -0.247939
752   -0.259747
753   -0.26905
754   -0.275932
755   -0.280865
756   -0.283946
757   -0.285523
758   -0.285688
759   -0.284686
760   -0.282601
761   -0.279593
762   -0.275738
763   -0.27113
764   -0.265837
765   -0.259906
766   -0.2534
767   -0.246335
768   -0.238776
769   -0.230723
770   -0.222253
771   -0.213368
772   -0.204176
773   -0.194723
774   0.393588
775   0.408745
776   0.422768
777   0.430897
778   0.426441
779   0.40851
780   0.359581
781   0.302037
782   0.242785
783   0.182436
784   0.12475
785   0.0695713
786   0.0191867
787   -0.0271708
788   -0.0681047
789   -0.104728
790   -0.136198
791   -0.163727
792   -0.186789
793   -0.206538
794   -0.222616
795   -0.236047
796   -0.246549
797   -0.255001
798   -0.261146
799   -0.26573
800   -0.2685
801   -0.270085
802   -0.270227
803   -0.269462
804   -0.267522
805   -0.26487
806   -0.261229
807   -0.257008
808   -0.251921
809   -0.246343
810   -0.239983
811   -0.233197
812   -0.225698
813   -0.21784
814   -0.209357
815   -0.200624
816   -0.191424
817   0.395587
818   0.412649
819   0.429107
820   0.441572
821   0.445913
822   0.432186
823   0.393147
824   0.339868
825   0.281334
826   0.221929
827   0.163343
828   0.107974
829   0.0561327
830   0.0091473
831   -0.0333758
832   -0.0708368
833   -0.103908
834   -0.132421
835   -0.157079
836   -0.177936
837   -0.195607
838   -0.21024
839   -0.222323
840   -0.232031
841   -0.239727
842   -0.245579
843   -0.249845
844   -0.252673
845   -0.254233
846   -0.254651
847   -0.25403
848   -0.252473
849   -0.250032
850   -0.246793
851   -0.242771
852   -0.238042
853   -0.232596
854   -0.226509
855   -0.219764
856   -0.212447
857   -0.204554
858   -0.196207
859   -0.187456
860   0.394724
861   0.412406
862   0.431976
863   0.448491
864   0.461068
865   0.461817
866   0.424623
867   0.375064
868   0.319501
869   0.260448
870   0.202495
871   0.146107
872   0.0941111
873   0.0457343
874   0.00271544
875   -0.0362322
876   -0.0700303
877   -0.100073
878   -0.125658
879   -0.148084
880   -0.166847
881   -0.183077
882   -0.196367
883   -0.207675
884   -0.21664
885   -0.224066
886   -0.229613
887   -0.233959
888   -0.236768
889   -0.238623
890   -0.239184
891   -0.238959
892   -0.237605
893   -0.235574
894   -0.232519
895   -0.228854
896   -0.224234
897   -0.219056
898   -0.21298
899   -0.206406
900   -0.19902
901   -0.191254
902   -0.182852
903   0.391472
904   0.410781
905   0.432006
906   0.452963
907   0.470955
908   0.474268
909   0.451576
910   0.409237
911   0.356382
912   0.299238
913   0.241083
914   0.185136
915   0.132167
916   0.0836541
917   0.0394229
918   -5.08187e-06
919   -0.035132
920   -0.065936
921   -0.0929516
922   -0.116376
923   -0.136656
924   -0.15406
925   -0.168924
926   -0.181514
927   -0.192066
928   -0.200821
929   -0.20793
930   -0.213599
931   -0.217915
932   -0.221047
933   -0.223031
934   -0.224004
935   -0.223966
936   -0.223026
937   -0.221158
938   -0.218454
939   -0.214875
940   -0.210507
941   -0.20531
942   -0.199384
943   -0.192711
944   -0.185429
945   -0.177592
946   0.385818
947   0.404863
948   0.428403
949   0.451323
950   0.47562
951   0.491703
952   0.474351
953   0.441444
954   0.392127
955   0.336201
956   0.279459
957   0.223103
958   0.170623
959   0.121181
960   0.0769277
961   0.0363638
962   0.00082481
963   -0.0312695
964   -0.0590342
965   -0.0838874
966   -0.105182
967   -0.124118
968   -0.140175
969   -0.154352
970   -0.166197
971   -0.176546
972   -0.184983
973   -0.192216
974   -0.197844
975   -0.202478
976   -0.205721
977   -0.208109
978   -0.209244
979   -0.209609
980   -0.208803
981   -0.207272
982   -0.204618
983   -0.201273
984   -0.196847
985   -0.19178
986   -0.185712
987   -0.179124
988   -0.171727
989   0.378353
990   0.398533
991   0.422246
992   0.447985
993   0.473869
994   0.491812
995   0.492324
996   0.468538
997   0.424962
998   0.372334
999   0.316357
1000   0.261372
1001   0.208537
1002   0.159557
1003   0.114541
1004   0.0738914
1005   0.0373422
1006   0.00471892
1007   -0.0242744
1008   -0.0500093
1009   -0.0727061
1010   -0.0927698
1011   -0.110339
1012   -0.12579
1013   -0.139198
1014   -0.15089
1015   -0.160892
1016   -0.169478
1017   -0.176637
1018   -0.182591
1019   -0.187302
1020   -0.190945
1021   -0.193461
1022   -0.194988
1023   -0.195452
1024   -0.194964
1025   -0.193447
1026   -0.191001
1027   -0.18756
1028   -0.183232
1029   -0.177985
1030   -0.171971
1031   -0.165245
1032   0.368953
1033   0.388141
1034   0.412857
1035   0.438701
1036   0.467295
1037   0.490884
1038   0.501103
1039   0.496313
1040   0.4558
1041   0.405265
1042   0.352331
1043   0.297614
1044   0.246054
1045   0.19664
1046   0.152129
1047   0.110745
1048   0.0741151
1049   0.0404868
1050   0.010928
1051   -0.016046
1052   -0.0396598
1053   -0.061127
1054   -0.0798365
1055   -0.096785
1056   -0.111456
1057   -0.124681
1058   -0.135996
1059   -0.146111
1060   -0.154584
1061   -0.162032
1062   -0.16802
1063   -0.173096
1064   -0.176823
1065   -0.179698
1066   -0.181277
1067   -0.182028
1068   -0.181506
1069   -0.180167
1070   -0.177574
1071   -0.174201
1072   -0.169641
1073   -0.164421
1074   -0.158215
1075   0.358205
1076   0.377663
1077   0.401235
1078   0.427849
1079   0.456622
1080   0.483275
1081   0.503621
1082   0.504765
1083   0.479986
1084   0.436673
1085   0.385917
1086   0.33346
1087   0.282134
1088   0.233794
1089   0.189034
1090   0.147969
1091   0.110708
1092   0.0767826
1093   0.046258
1094   0.0185377
1095   -0.00628606
1096   -0.028787
1097   -0.0488575
1098   -0.0670043
1099   -0.083115
1100   -0.0976197
1101   -0.110404
1102   -0.121824
1103   -0.13176
1104   -0.1405
1105   -0.14792
1106   -0.154245
1107   -0.159349
1108   -0.163402
1109   -0.16628
1110   -0.168112
1111   -0.168782
1112   -0.168399
1113   -0.166867
1114   -0.1643
1115   -0.16065
1116   -0.156077
1117   -0.150636
1118   0.346154
1119   0.363916
1120   0.387299
1121   0.412404
1122   0.441907
1123   0.469563
1124   0.497141
1125   0.515312
1126   0.496703
1127   0.462895
1128   0.416339
1129   0.365298
1130   0.316207
1131   0.268162
1132   0.224535
1133   0.183272
1134   0.146288
1135   0.111746
1136   0.0808695
1137   0.0522099
1138   0.0266273
1139   0.00297281
1140   -0.0180992
1141   -0.0375282
1142   -0.0547756
1143   -0.0706328
1144   -0.0846213
1145   -0.0974239
1146   -0.108587
1147   -0.118713
1148   -0.127351
1149   -0.135041
1150   -0.141325
1151   -0.146699
1152   -0.150692
1153   -0.153775
1154   -0.155465
1155   -0.156232
1156   -0.155596
1157   -0.154051
1158   -0.151148
1159   -0.147447
1160   -0.142591
1161   0.333512
1162   0.350992
1163   0.372425
1164   0.397197
1165   0.425148
1166   0.454298
1167   0.48273
1168   0.502827
1169   0.505856
1170   0.481767
1171   0.441422
1172   0.394738
1173   0.347177
1174   0.301164
1175   0.258075
1176   0.217605
1177   0.180527
1178   0.145967
1179   0.114534
1180   0.0853503
1181   0.0589068
1182   0.034428
1183   0.0123044
1184   -0.00812297
1185   -0.0265396
1186   -0.0434938
1187   -0.0587222
1188   -0.0726733
1189   -0.085116
1190   -0.096409
1191   -0.106341
1192   -0.115192
1193   -0.122763
1194   -0.129265
1195   -0.134513
1196   -0.138662
1197   -0.141546
1198   -0.143284
1199   -0.143745
1200   -0.143045
1201   -0.141111
1202   -0.13811
1203   -0.134091
1204   0.320349
1205   0.335948
1206   0.35654
1207   0.379039
1208   0.406185
1209   0.433444
1210   0.462841
1211   0.486787
1212   0.498148
1213   0.496077
1214   0.461135
1215   0.41744
1216   0.373944
1217   0.329228
1218   0.288074
1219   0.24821
1220   0.21186
1221   0.177315
1222   0.145871
1223   0.116278
1224   0.0893888
1225   0.0642183
1226   0.0413884
1227   0.0200795
1228   0.000795366
1229   -0.0171698
1230   -0.0333671
1231   -0.0484183
1232   -0.0618915
1233   -0.0743449
1234   -0.0853402
1235   -0.0953877
1236   -0.104029
1237   -0.11174
1238   -0.118037
1239   -0.123379
1240   -0.127258
1241   -0.130137
1242   -0.131503
1243   -0.131853
1244   -0.1307
1245   -0.128624
1246   -0.125234
1247   0.307252
1248   0.322309
1249   0.34069
1250   0.362059
1251   0.386408
1252   0.412611
1253   0.439402
1254   0.463929
1255   0.482057
1256   0.48523
1257   0.47114
1258   0.435319
1259   0.395445
1260   0.353696
1261   0.314251
1262   0.275774
1263   0.240218
1264   0.206132
1265   0.174856
1266   0.145191
1267   0.118064
1268   0.0924933
1269   0.0691486
1270   0.047223
1271   0.0272268
1272   0.00849675
1273   -0.00855659
1274   -0.0244753
1275   -0.038912
1276   -0.0523029
1277   -0.064342
1278   -0.0753706
1279   -0.085112
1280   -0.0938226
1281   -0.101251
1282   -0.10758
1283   -0.112587
1284   -0.116406
1285   -0.118856
1286   -0.120054
1287   -0.119896
1288   -0.118545
1289   -0.11604
1290   0.294219
1291   0.307563
1292   0.324802
1293   0.34368
1294   0.366257
1295   0.389313
1296   0.414392
1297   0.436719
1298   0.457284
1299   0.469773
1300   0.4617
1301   0.442
1302   0.407615
1303   0.369648
1304   0.333466
1305   0.297238
1306   0.263188
1307   0.230281
1308   0.199654
1309   0.170495
1310   0.143509
1311   0.117989
1312   0.094449
1313   0.0722531
1314   0.0518258
1315   0.032591
1316   0.0149375
1317   -0.00166223
1318   -0.0168224
1319   -0.0310308
1320   -0.0438833
1321   -0.0558365
1322   -0.0664539
1323   -0.0761707
1324   -0.0845094
1325   -0.0918972
1326   -0.0978163
1327   -0.102706
1328   -0.106025
1329   -0.108259
1330   -0.108881
1331   -0.108477
1332   -0.106621
1333   0.281631
1334   0.294357
1335   0.309553
1336   0.327014
1337   0.346645
1338   0.367807
1339   0.389389
1340   0.410606
1341   0.42857
1342   0.442185
1343   0.444746
1344   0.432295
1345   0.410775
1346   0.378476
1347   0.346691
1348   0.313048
1349   0.281415
1350   0.249965
1351   0.220721
1352   0.192327
1353   0.166053
1354   0.140823
1355   0.117528
1356   0.0952835
1357   0.0747653
1358   0.0552362
1359   0.037241
1360   0.0201651
1361   0.00446942
1362   -0.0103523
1363   -0.0238958
1364   -0.0365669
1365   -0.0480031
1366   -0.0585149
1367   -0.0677747
1368   -0.0760052
1369   -0.082916
1370   -0.0886577
1371   -0.0929928
1372   -0.0960366
1373   -0.0976397
1374   -0.0979562
1375   -0.0970029
1376   0.269414
1377   0.28077
1378   0.294838
1379   0.310152
1380   0.327969
1381   0.346311
1382   0.365891
1383   0.384283
1384   0.401226
1385   0.413819
1386   0.419148
1387   0.416165
1388   0.399669
1389   0.376826
1390   0.349701
1391   0.321134
1392   0.292335
1393   0.26381
1394   0.236283
1395   0.209621
1396   0.184332
1397   0.160084
1398   0.13727
1399   0.115495
1400   0.0951003
1401   0.0756734
1402   0.0575386
1403   0.0402896
1404   0.0242567
1405   0.00904578
1406   -0.0049876
1407   -0.0182258
1408   -0.0302726
1409   -0.0415027
1410   -0.0514669
1411   -0.0605417
1412   -0.0682189
1413   -0.0748952
1414   -0.0800142
1415   -0.0840273
1416   -0.0863733
1417   -0.0876222
1418   -0.0873105
1419   0.257753
1420   0.268507
1421   0.280929
1422   0.294906
1423   0.310296
1424   0.326773
1425   0.343416
1426   0.359953
1427   0.374191
1428   0.386121
1429   0.391694
1430   0.392156
1431   0.383402
1432   0.366968
1433   0.346501
1434   0.322517
1435   0.298
1436   0.272372
1437   0.24757
1438   0.22272
1439   0.199159
1440   0.176001
1441   0.154241
1442   0.133057
1443   0.113236
1444   0.0940408
1445   0.0761256
1446   0.0588425
1447   0.0427562
1448   0.0273083
1449   0.013
1450   -0.000636075
1451   -0.0131474
1452   -0.024907
1453   -0.0355042
1454   -0.0452145
1455   -0.0536704
1456   -0.0610547
1457   -0.0670581
1458   -0.071799
1459   -0.0750668
1460   -0.0769986
1461   -0.0775754
1462   0.246544
1463   0.256264
1464   0.267699
1465   0.280006
1466   0.293841
1467   0.308104
1468   0.322963
1469   0.337188
1470   0.350168
1471   0.360768
1472   0.367191
1473   0.369269
1474   0.363944
1475   0.353175
1476   0.337348
1477   0.318565
1478   0.297735
1479   0.275884
1480   0.253668
1481   0.23142
1482   0.209596
1483   0.188186
1484   0.16754
1485   0.147488
1486   0.128325
1487   0.109807
1488   0.0922118
1489   0.0752623
1490   0.0592396
1491   0.0438536
1492   0.0294077
1493   0.0156062
1494   0.00279189
1495   -0.00933577
1496   -0.0203774
1497   -0.0306436
1498   -0.0396632
1499   -0.0477713
1500   -0.0544211
1501   -0.060007
1502   -0.0639409
1503   -0.0667518
1504   -0.0679309
1505   0.235846
1506   0.244998
1507   0.255182
1508   0.266344
1509   0.278336
1510   0.291017
1511   0.303686
1512   0.316286
1513   0.327364
1514   0.337071
1515   0.343193
1516   0.346157
1517   0.343808
1518   0.336632
1519   0.325377
1520   0.310582
1521   0.293873
1522   0.275252
1523   0.256205
1524   0.236317
1525   0.216796
1526   0.197031
1527   0.178008
1528   0.159051
1529   0.140993
1530   0.123158
1531   0.106271
1532   0.0896908
1533   0.0740663
1534   0.0588078
1535   0.0445059
1536   0.0306377
1537   0.0177451
1538   0.00538528
1539   -0.00594375
1540   -0.0165902
1541   -0.0261017
1542   -0.034719
1543   -0.042049
1544   -0.0482314
1545   -0.0529748
1546   -0.0563941
1547   -0.058413
1548   0.225568
1549   0.233939
1550   0.243286
1551   0.253188
1552   0.263924
1553   0.274937
1554   0.286172
1555   0.297024
1556   0.306976
1557   0.315496
1558   0.321512
1559   0.324794
1560   0.323983
1561   0.319536
1562   0.311266
1563   0.300122
1564   0.286548
1565   0.271304
1566   0.254898
1567   0.237738
1568   0.220241
1569   0.202552
1570   0.185002
1571   0.167572
1572   0.15054
1573   0.133793
1574   0.117581
1575   0.101742
1576   0.0865196
1577   0.0717221
1578   0.0576048
1579   0.0439599
1580   0.0310705
1581   0.018716
1582   0.00722741
1583   -0.00363091
1584   -0.0134566
1585   -0.0225106
1586   -0.0302951
1587   -0.0371264
1588   -0.0424145
1589   -0.0466139
1590   -0.0491618
1591   0.215714
1592   0.223554
1593   0.231962
1594   0.240921
1595   0.250298
1596   0.260055
1597   0.269694
1598   0.279258
1599   0.287799
1600   0.29547
1601   0.300948
1602   0.304449
1603   0.30477
1604   0.302131
1605   0.296438
1606   0.287965
1607   0.277407
1608   0.264837
1609   0.251212
1610   0.236323
1611   0.221134
1612   0.205224
1613   0.189492
1614   0.173389
1615   0.157744
1616   0.141949
1617   0.126769
1618   0.111583
1619   0.0971016
1620   0.0827196
1621   0.0691018
1622   0.0556787
1623   0.0430748
1624   0.0307744
1625   0.019363
1626   0.00840014
1627   -0.0015716
1628   -0.0108895
1629   -0.0190668
1630   -0.0263096
1631   -0.032225
1632   -0.0369169
1633   -0.0402168
1634   0.206226
1635   0.213456
1636   0.221168
1637   0.229185
1638   0.23758
1639   0.246106
1640   0.25464
1641   0.262896
1642   0.270507
1643   0.277187
1644   0.282322
1645   0.285708
1646   0.286686
1647   0.285289
1648   0.281293
1649   0.27502
1650   0.266646
1651   0.256556
1652   0.245081
1653   0.23251
1654   0.219182
1655   0.20525
1656   0.191016
1657   0.176523
1658   0.162032
1659   0.147511
1660   0.133193
1661   0.118994
1662   0.105133
1663   0.0914977
1664   0.0783037
1665   0.0654201
1666   0.0530739
1667   0.0411211
1668   0.0298164
1669   0.019002
1670   0.00898389
1671   -0.000416826
1672   -0.00880674
1673   -0.0164083
1674   -0.0226946
1675   -0.0280043
1676   -0.0317226
1677   0.19709
1678   0.203833
1679   0.210839
1680   0.218104
1681   0.225515
1682   0.233091
1683   0.240477
1684   0.247767
1685   0.254323
1686   0.26031
1687   0.264882
1688   0.268219
1689   0.26955
1690   0.269025
1691   0.266358
1692   0.261679
1693   0.255223
1694   0.247008
1695   0.2376
1696   0.226839
1697   0.215447
1698   0.203089
1699   0.190543
1700   0.17734
1701   0.164263
1702   0.150759
1703   0.137598
1704   0.124182
1705   0.111255
1706   0.0982055
1707   0.0857525
1708   0.0732912
1709   0.0615142
1710   0.0498413
1711   0.0389383
1712   0.0282676
1713   0.0184644
1714   0.00906019
1715   0.000645675
1716   -0.00712932
1717   -0.013754
1718   -0.0193902
1719   -0.0237222
1720   0.188276
1721   0.194532
1722   0.200972
1723   0.207542
1724   0.21422
1725   0.220911
1726   0.22749
1727   0.233829
1728   0.239678
1729   0.244883
1730   0.249087
1731   0.252137
1732   0.253681
1733   0.25364
1734   0.251847
1735   0.248359
1736   0.243236
1737   0.236618
1738   0.22871
1739   0.219655
1740   0.209711
1741   0.198976
1742   0.187712
1743   0.17596
1744   0.163963
1745   0.151714
1746   0.139434
1747   0.127081
1748   0.114858
1749   0.102701
1750   0.0908007
1751   0.0790789
1752   0.067723
1753   0.0566481
1754   0.046047
1755   0.0358303
1756   0.0262088
1757   0.0170862
1758   0.00871464
1759   0.000975092
1760   -0.00578437
1761   -0.0117629
1762   -0.0163627
1763   0.17977
1764   0.185593
1765   0.191504
1766   0.197501
1767   0.203484
1768   0.209499
1769   0.215273
1770   0.220933
1771   0.226009
1772   0.230693
1773   0.234378
1774   0.237267
1775   0.238792
1776   0.239105
1777   0.2379
1778   0.235253
1779   0.231213
1780   0.22574
1781   0.21919
1782   0.21138
1783   0.202869
1784   0.193334
1785   0.18345
1786   0.172774
1787   0.162038
1788   0.150715
1789   0.139557
1790   0.12798
1791   0.116739
1792   0.105221
1793   0.0941715
1794   0.0829688
1795   0.072344
1796   0.06168
1797   0.0516956
1798   0.0417863
1799   0.0326609
1800   0.0237357
1801   0.0157091
1802   0.0080333
1803   0.00137995
1804   -0.00470492
1805   -0.00968973
1806   0.171556
1807   0.176979
1808   0.182448
1809   0.18794
1810   0.19341
1811   0.19881
1812   0.204044
1813   0.209032
1814   0.213619
1815   0.217694
1816   0.221059
1817   0.223587
1818   0.22509
1819   0.225469
1820   0.224619
1821   0.222511
1822   0.219158
1823   0.2146
1824   0.208945
1825   0.202269
1826   0.194729
1827   0.186407
1828   0.177473
1829   0.167993
1830   0.158131
1831   0.147933
1832   0.137549
1833   0.127003
1834   0.11643
1835   0.105842
1836   0.0953607
1837   0.0849874
1838   0.0748369
1839   0.0649061
1840   0.0553059
1841   0.0460337
1842   0.0372005
1843   0.0288082
1844   0.0209712
1845   0.0136994
1846   0.00711274
1847   0.00123144
1848   -0.00383435
