##### Y Mean #####
0   0.00146766
1   -0.0281406
2   -0.0627013
3   -0.100719
4   -0.141327
5   -0.18269
6   -0.22418
7   -0.2642
8   -0.302306
9   -0.336798
10   -0.368062
11   -0.39548
12   -0.41948
13   -0.439799
14   -0.456726
15   -0.470175
16   -0.480366
17   -0.487311
18   -0.491293
19   -0.492459
20   -0.491094
21   -0.487441
22   -0.481708
23   -0.474163
24   -0.464995
25   -0.454512
26   -0.442918
27   -0.430545
28   -0.417547
29   -0.404187
30   -0.390566
31   -0.376871
32   -0.363158
33   -0.349537
34   -0.336038
35   -0.322721
36   -0.309604
37   -0.296723
38   -0.284094
39   -0.271742
40   -0.259684
41   -0.247937
42   -0.236514
43   0.0284026
44   -0.00185817
45   -0.0397634
46   -0.0799753
47   -0.12578
48   -0.169726
49   -0.216745
50   -0.259147
51   -0.303108
52   -0.339129
53   -0.374815
54   -0.40377
55   -0.431034
56   -0.452825
57   -0.472068
58   -0.48668
59   -0.498444
60   -0.506091
61   -0.510976
62   -0.512523
63   -0.51145
64   -0.507937
65   -0.501996
66   -0.494267
67   -0.484464
68   -0.473491
69   -0.460952
70   -0.447936
71   -0.433898
72   -0.419823
73   -0.40519
74   -0.390772
75   -0.376155
76   -0.36184
77   -0.347553
78   -0.333579
79   -0.31977
80   -0.306273
81   -0.293027
82   -0.280105
83   -0.267494
84   -0.255225
85   -0.243308
86   0.0604348
87   0.0319265
88   -0.00714117
89   -0.0502268
90   -0.0985711
91   -0.147036
92   -0.196465
93   -0.243459
94   -0.289463
95   -0.331525
96   -0.369976
97   -0.403988
98   -0.434082
99   -0.459646
100   -0.481316
101   -0.498482
102   -0.511938
103   -0.521452
104   -0.52758
105   -0.530474
106   -0.530325
107   -0.527446
108   -0.521922
109   -0.514135
110   -0.504235
111   -0.492672
112   -0.479652
113   -0.465709
114   -0.450963
115   -0.435813
116   -0.420359
117   -0.404888
118   -0.389457
119   -0.374208
120   -0.359166
121   -0.344385
122   -0.329887
123   -0.315691
124   -0.301822
125   -0.28829
126   -0.275119
127   -0.262317
128   -0.249904
129   0.0964845
130   0.0683935
131   0.0294785
132   -0.0151214
133   -0.0667399
134   -0.117463
135   -0.170846
136   -0.220167
137   -0.269767
138   -0.314787
139   -0.358511
140   -0.395214
141   -0.430712
142   -0.458332
143   -0.484933
144   -0.503658
145   -0.520751
146   -0.531973
147   -0.540587
148   -0.545284
149   -0.546748
150   -0.545159
151   -0.540349
152   -0.533102
153   -0.523176
154   -0.511553
155   -0.497901
156   -0.483524
157   -0.467808
158   -0.451913
159   -0.435347
160   -0.41903
161   -0.402571
162   -0.386503
163   -0.370571
164   -0.355038
165   -0.339775
166   -0.324902
167   -0.310372
168   -0.296238
169   -0.282494
170   -0.269162
171   -0.256252
172   0.136092
173   0.111872
174   0.0724693
175   0.0273855
176   -0.0261867
177   -0.0801469
178   -0.13576
179   -0.188793
180   -0.240869
181   -0.289453
182   -0.335212
183   -0.37642
184   -0.413829
185   -0.446508
186   -0.475257
187   -0.499588
188   -0.519696
189   -0.535684
190   -0.547618
191   -0.555533
192   -0.559744
193   -0.55995
194   -0.556808
195   -0.550344
196   -0.54111
197   -0.529696
198   -0.516128
199   -0.501169
200   -0.484927
201   -0.467957
202   -0.450521
203   -0.433031
204   -0.415678
205   -0.398567
206   -0.381814
207   -0.365399
208   -0.349406
209   -0.333792
210   -0.318621
211   -0.303858
212   -0.289555
213   -0.275687
214   -0.262295
215   0.177628
216   0.154342
217   0.116772
218   0.0706697
219   0.0158965
220   -0.0397614
221   -0.0979805
222   -0.153129
223   -0.207927
224   -0.258554
225   -0.307032
226   -0.350624
227   -0.391124
228   -0.426548
229   -0.458954
230   -0.486357
231   -0.511662
232   -0.530234
233   -0.54805
234   -0.557627
235   -0.567225
236   -0.568507
237   -0.569069
238   -0.563753
239   -0.556125
240   -0.545897
241   -0.532621
242   -0.517936
243   -0.500997
244   -0.483443
245   -0.464875
246   -0.446561
247   -0.428139
248   -0.410187
249   -0.392514
250   -0.375328
251   -0.358558
252   -0.342265
253   -0.326436
254   -0.311084
255   -0.296219
256   -0.281844
257   -0.26797
258   0.220611
259   0.203039
260   0.16483
261   0.119043
262   0.0630194
263   0.00525837
264   -0.054553
265   -0.112491
266   -0.169215
267   -0.222572
268   -0.273044
269   -0.319377
270   -0.361979
271   -0.400231
272   -0.434682
273   -0.464941
274   -0.491775
275   -0.514298
276   -0.533352
277   -0.548173
278   -0.55951
279   -0.567112
280   -0.570705
281   -0.570866
282   -0.566729
283   -0.559021
284   -0.54774
285   -0.533113
286   -0.516199
287   -0.497861
288   -0.478632
289   -0.459178
290   -0.439969
291   -0.420983
292   -0.402558
293   -0.384528
294   -0.367092
295   -0.350107
296   -0.333694
297   -0.317761
298   -0.302388
299   -0.287516
300   -0.273204
301   0.262839
302   0.246436
303   0.211884
304   0.166088
305   0.109982
306   0.0514053
307   -0.0101281
308   -0.0695451
309   -0.128499
310   -0.183543
311   -0.236361
312   -0.284458
313   -0.32944
314   -0.369485
315   -0.406187
316   -0.438164
317   -0.466852
318   -0.491407
319   -0.512627
320   -0.530142
321   -0.544723
322   -0.555671
323   -0.564876
324   -0.567981
325   -0.570872
326   -0.564668
327   -0.558415
328   -0.544295
329   -0.528275
330   -0.510196
331   -0.490326
332   -0.470483
333   -0.450389
334   -0.430728
335   -0.411525
336   -0.392856
337   -0.374769
338   -0.35722
339   -0.34025
340   -0.323823
341   -0.307965
342   -0.292661
343   -0.277922
344   0.303657
345   0.295399
346   0.260864
347   0.216572
348   0.160656
349   0.10027
350   0.0379808
351   -0.0236596
352   -0.0839974
353   -0.141391
354   -0.195792
355   -0.246191
356   -0.292779
357   -0.335
358   -0.373248
359   -0.407227
360   -0.437509
361   -0.463942
362   -0.486938
363   -0.506516
364   -0.522974
365   -0.536318
366   -0.547019
367   -0.554273
368   -0.55864
369   -0.559233
370   -0.555613
371   -0.54857
372   -0.535591
373   -0.519255
374   -0.500133
375   -0.479522
376   -0.4591
377   -0.438665
378   -0.419044
379   -0.399802
380   -0.381298
381   -0.363271
382   -0.345901
383   -0.329051
384   -0.312815
385   -0.297123
386   -0.282032
387   0.339914
388   0.331743
389   0.306663
390   0.26564
391   0.210908
392   0.150171
393   0.0863135
394   0.0235239
395   -0.0387317
396   -0.0975388
397   -0.153976
398   -0.205853
399   -0.254425
400   -0.298106
401   -0.338188
402   -0.373596
403   -0.405529
404   -0.43336
405   -0.457961
406   -0.478987
407   -0.497073
408   -0.511954
409   -0.524109
410   -0.53355
411   -0.540147
412   -0.544093
413   -0.545443
414   -0.541939
415   -0.53689
416   -0.522094
417   -0.505873
418   -0.485648
419   -0.465128
420   -0.44459
421   -0.424717
422   -0.405249
423   -0.38646
424   -0.368167
425   -0.350499
426   -0.33337
427   -0.316829
428   -0.30085
429   -0.285448
430   0.372944
431   0.370202
432   0.349344
433   0.316733
434   0.261568
435   0.200072
436   0.136091
437   0.0717669
438   0.00857132
439   -0.0521653
440   -0.109859
441   -0.163722
442   -0.213618
443   -0.259182
444   -0.300569
445   -0.337701
446   -0.370912
447   -0.400275
448   -0.426115
449   -0.448556
450   -0.467876
451   -0.48417
452   -0.497791
453   -0.508769
454   -0.517239
455   -0.523185
456   -0.526497
457   -0.526659
458   -0.523759
459   -0.516899
460   -0.503122
461   -0.486575
462   -0.467262
463   -0.447184
464   -0.427777
465   -0.408482
466   -0.389791
467   -0.371498
468   -0.353773
469   -0.336537
470   -0.319847
471   -0.303684
472   -0.288071
473   0.402352
474   0.401634
475   0.38816
476   0.358306
477   0.308871
478   0.249072
479   0.18477
480   0.120104
481   0.0555608
482   -0.00617158
483   -0.0655603
484   -0.120617
485   -0.172229
486   -0.219011
487   -0.262002
488   -0.300321
489   -0.33497
490   -0.365461
491   -0.392593
492   -0.416149
493   -0.436689
494   -0.454206
495   -0.469037
496   -0.481406
497   -0.491217
498   -0.498809
499   -0.503647
500   -0.506195
501   -0.505481
502   -0.502119
503   -0.49473
504   -0.481008
505   -0.465223
506   -0.446579
507   -0.428149
508   -0.409433
509   -0.391178
510   -0.373154
511   -0.355602
512   -0.338446
513   -0.321759
514   -0.305539
515   -0.289812
516   0.428732
517   0.432302
518   0.423966
519   0.403671
520   0.354535
521   0.296224
522   0.233099
523   0.168033
524   0.103191
525   0.0400828
526   -0.0201654
527   -0.0768693
528   -0.129509
529   -0.177922
530   -0.221973
531   -0.261802
532   -0.297496
533   -0.329341
534   -0.357499
535   -0.3823
536   -0.403914
537   -0.422659
538   -0.4387
539   -0.452308
540   -0.463494
541   -0.472441
542   -0.478974
543   -0.483223
544   -0.484762
545   -0.483723
546   -0.478836
547   -0.470436
548   -0.456942
549   -0.441539
550   -0.4247
551   -0.407499
552   -0.390098
553   -0.372837
554   -0.355728
555   -0.338939
556   -0.322426
557   -0.306326
558   -0.290584
559   0.451782
560   0.458268
561   0.455514
562   0.437094
563   0.396199
564   0.341461
565   0.279593
566   0.215197
567   0.149748
568   0.0862071
569   0.0246896
570   -0.0328248
571   -0.0868905
572   -0.136234
573   -0.181673
574   -0.222459
575   -0.259433
576   -0.292236
577   -0.321572
578   -0.347365
579   -0.370111
580   -0.389948
581   -0.407124
582   -0.421945
583   -0.434326
584   -0.444675
585   -0.452566
586   -0.458505
587   -0.461678
588   -0.462617
589   -0.460012
590   -0.45444
591   -0.444976
592   -0.432361
593   -0.418114
594   -0.402626
595   -0.386686
596   -0.370409
597   -0.354115
598   -0.337861
599   -0.321765
600   -0.305897
601   -0.290312
602   0.471522
603   0.481341
604   0.48378
605   0.475224
606   0.435841
607   0.384801
608   0.325157
609   0.261303
610   0.196168
611   0.131793
612   0.0698922
613   0.0111074
614   -0.0436249
615   -0.0943333
616   -0.140559
617   -0.182665
618   -0.220481
619   -0.25452
620   -0.284751
621   -0.311727
622   -0.335458
623   -0.356477
624   -0.374766
625   -0.390803
626   -0.404449
627   -0.416118
628   -0.425482
629   -0.432923
630   -0.437813
631   -0.44056
632   -0.440062
633   -0.437041
634   -0.429987
635   -0.420504
636   -0.408489
637   -0.39527
638   -0.380862
639   -0.366025
640   -0.350682
641   -0.335291
642   -0.319723
643   -0.304321
644   -0.288953
645   0.487788
646   0.500585
647   0.507169
648   0.500289
649   0.471616
650   0.425941
651   0.36881
652   0.306286
653   0.241122
654   0.176899
655   0.114179
656   0.0550374
657   -0.000804484
658   -0.0521148
659   -0.0995094
660   -0.142336
661   -0.181289
662   -0.216126
663   -0.247459
664   -0.275326
665   -0.300158
666   -0.322187
667   -0.341614
668   -0.358792
669   -0.373649
670   -0.386603
671   -0.397305
672   -0.406183
673   -0.41262
674   -0.416977
675   -0.418461
676   -0.417336
677   -0.41304
678   -0.405941
679   -0.396566
680   -0.385378
681   -0.37293
682   -0.359532
683   -0.345497
684   -0.331026
685   -0.316266
686   -0.301379
687   -0.28646
688   0.500456
689   0.515515
690   0.526655
691   0.528924
692   0.504549
693   0.466509
694   0.411613
695   0.349903
696   0.285638
697   0.221032
698   0.158474
699   0.0984284
700   0.0423156
701   -0.0100972
702   -0.0579883
703   -0.101949
704   -0.141534
705   -0.177492
706   -0.209578
707   -0.238567
708   -0.26429
709   -0.287476
710   -0.307938
711   -0.32633
712   -0.342365
713   -0.356622
714   -0.368641
715   -0.378947
716   -0.386838
717   -0.392838
718   -0.395966
719   -0.396887
720   -0.394536
721   -0.389949
722   -0.382654
723   -0.373764
724   -0.363058
725   -0.351419
726   -0.338644
727   -0.325392
728   -0.311441
729   -0.297329
730   -0.282846
731   0.509661
732   0.527261
733   0.540954
734   0.545363
735   0.533648
736   0.502203
737   0.451864
738   0.392242
739   0.328493
740   0.264712
741   0.201763
742   0.141814
743   0.0848792
744   0.0321918
745   -0.0166569
746   -0.0610887
747   -0.101661
748   -0.138239
749   -0.171336
750   -0.201095
751   -0.227876
752   -0.251985
753   -0.273573
754   -0.293029
755   -0.310272
756   -0.325712
757   -0.339045
758   -0.350639
759   -0.360002
760   -0.367411
761   -0.372299
762   -0.374857
763   -0.374703
764   -0.372087
765   -0.367122
766   -0.360161
767   -0.351488
768   -0.34143
769   -0.330216
770   -0.318108
771   -0.305248
772   -0.291869
773   -0.278095
774   0.515254
775   0.534481
776   0.551336
777   0.561525
778   0.557968
779   0.540275
780   0.491031
781   0.432404
782   0.370751
783   0.307124
784   0.244918
785   0.184383
786   0.127548
787   0.0739979
788   0.0249466
789   -0.0204252
790   -0.0614011
791   -0.0989585
792   -0.132646
793   -0.16344
794   -0.190997
795   -0.216214
796   -0.238747
797   -0.25939
798   -0.27772
799   -0.29443
800   -0.308962
801   -0.321929
802   -0.332598
803   -0.34155
804   -0.347897
805   -0.352285
806   -0.353826
807   -0.353348
808   -0.35023
809   -0.345399
810   -0.338438
811   -0.330211
812   -0.320376
813   -0.309682
814   -0.297807
815   -0.285431
816   -0.27227
817   0.517381
818   0.538401
819   0.557865
820   0.5724
821   0.577845
822   0.564582
823   0.525562
824   0.47158
825   0.411388
826   0.349293
827   0.287043
828   0.226986
829   0.169575
830   0.116072
831   0.0662862
832   0.0207119
833   -0.0210718
834   -0.0590496
835   -0.0936252
836   -0.125053
837   -0.153595
838   -0.179638
839   -0.203258
840   -0.224884
841   -0.244396
842   -0.262209
843   -0.278023
844   -0.29219
845   -0.304278
846   -0.314547
847   -0.322534
848   -0.328428
849   -0.331895
850   -0.333145
851   -0.332101
852   -0.329035
853   -0.324031
854   -0.317376
855   -0.309186
856   -0.299734
857   -0.289121
858   -0.277622
859   -0.265374
860   0.516198
861   0.537921
862   0.560434
863   0.579176
864   0.592828
865   0.594076
866   0.557236
867   0.507478
868   0.450689
869   0.389657
870   0.328621
871   0.268343
872   0.211409
873   0.157326
874   0.107669
875   0.0613898
876   0.0194619
877   -0.0193199
878   -0.0543042
879   -0.0866493
880   -0.115844
881   -0.142921
882   -0.167394
883   -0.190156
884   -0.210675
885   -0.229715
886   -0.24665
887   -0.262148
888   -0.275463
889   -0.287214
890   -0.296568
891   -0.304165
892   -0.309181
893   -0.31235
894   -0.312978
895   -0.311877
896   -0.308491
897   -0.303639
898   -0.296843
899   -0.288892
900   -0.279357
901   -0.269012
902   -0.257503
903   0.512186
904   0.535391
905   0.559658
906   0.582788
907   0.602034
908   0.606032
909   0.58376
910   0.541417
911   0.487891
912   0.429238
913   0.368722
914   0.30946
915   0.25233
916   0.198719
917   0.148628
918   0.102466
919   0.0599578
920   0.020976
921   -0.0147417
922   -0.0475773
923   -0.0776593
924   -0.105467
925   -0.130962
926   -0.154635
927   -0.176288
928   -0.196369
929   -0.214545
930   -0.231187
931   -0.245875
932   -0.258889
933   -0.269797
934   -0.278813
935   -0.285593
936   -0.290338
937   -0.292859
938   -0.293384
939   -0.291852
940   -0.28851
941   -0.283369
942   -0.276683
943   -0.268505
944   -0.259122
945   -0.248672
946   0.505414
947   0.52839
948   0.554885
949   0.580102
950   0.605613
951   0.622355
952   0.60556
953   0.572857
954   0.523199
955   0.466338
956   0.407713
957   0.348727
958   0.292634
959   0.238818
960   0.189275
961   0.142701
962   0.10034
963   0.0607667
964   0.0248282
965   -0.00878018
966   -0.0393933
967   -0.0681327
968   -0.0943945
969   -0.119126
970   -0.141712
971   -0.162957
972   -0.182188
973   -0.200105
974   -0.215959
975   -0.23039
976   -0.242596
977   -0.253211
978   -0.261433
979   -0.267944
980   -0.272006
981   -0.27436
982   -0.274349
983   -0.27275
984   -0.268975
985   -0.263819
986   -0.256757
987   -0.248625
988   -0.239
989   0.496484
990   0.520439
991   0.547174
992   0.575154
993   0.602444
994   0.621177
995   0.622102
996   0.598577
997   0.555007
998   0.50179
999   0.444523
1000   0.387383
1001   0.33161
1002   0.278792
1003   0.229188
1004   0.183084
1005   0.140414
1006   0.100862
1007   0.0643756
1008   0.0304124
1009   -0.000959234
1010   -0.0303362
1011   -0.0575211
1012   -0.0830867
1013   -0.106723
1014   -0.128939
1015   -0.149335
1016   -0.168333
1017   -0.185483
1018   -0.201114
1019   -0.214777
1020   -0.226726
1021   -0.236579
1022   -0.244548
1023   -0.25036
1024   -0.25422
1025   -0.255963
1026   -0.2558
1027   -0.253652
1028   -0.249751
1029   -0.244093
1030   -0.236968
1031   -0.228503
1032   0.485343
1033   0.508309
1034   0.535962
1035   0.564149
1036   0.594159
1037   0.618636
1038   0.629199
1039   0.624483
1040   0.584243
1041   0.533567
1042   0.479696
1043   0.423402
1044   0.369367
1045   0.316755
1046   0.268168
1047   0.221994
1048   0.179772
1049   0.139881
1050   0.103357
1051   0.0688061
1052   0.0370261
1053   0.00686576
1054   -0.020984
1055   -0.0474786
1056   -0.0719533
1057   -0.0952154
1058   -0.116578
1059   -0.136741
1060   -0.154973
1061   -0.171912
1062   -0.186782
1063   -0.200206
1064   -0.211392
1065   -0.220987
1066   -0.228222
1067   -0.233785
1068   -0.236953
1069   -0.23846
1070   -0.237631
1071   -0.235255
1072   -0.230722
1073   -0.224903
1074   -0.217316
1075   0.472588
1076   0.495679
1077   0.522237
1078   0.551158
1079   0.581496
1080   0.609068
1081   0.629766
1082   0.631073
1083   0.606503
1084   0.563198
1085   0.511961
1086   0.45831
1087   0.405088
1088   0.354013
1089   0.305805
1090   0.260457
1091   0.218257
1092   0.178598
1093   0.141763
1094   0.106997
1095   0.0746499
1096   0.0439709
1097   0.0153692
1098   -0.0118421
1099   -0.0372073
1100   -0.0613238
1101   -0.0837014
1102   -0.104835
1103   -0.12422
1104   -0.142249
1105   -0.158432
1106   -0.173073
1107   -0.185737
1108   -0.196664
1109   -0.205503
1110   -0.212456
1111   -0.217269
1112   -0.22013
1113   -0.220881
1114   -0.219728
1115   -0.216613
1116   -0.21182
1117   -0.205458
1118   0.458321
1119   0.479699
1120   0.505993
1121   0.533497
1122   0.564584
1123   0.59331
1124   0.621193
1125   0.639328
1126   0.621025
1127   0.58735
1128   0.540564
1129   0.488792
1130   0.438178
1131   0.387951
1132   0.341321
1133   0.296375
1134   0.254941
1135   0.215291
1136   0.178618
1137   0.143546
1138   0.110954
1139   0.0797438
1140   0.0506392
1141   0.0227331
1142   -0.00330787
1143   -0.0282546
1144   -0.0514407
1145   -0.0735417
1146   -0.0938594
1147   -0.113011
1148   -0.130257
1149   -0.146193
1150   -0.16005
1151   -0.172432
1152   -0.182561
1153   -0.191076
1154   -0.197208
1155   -0.201648
1156   -0.203655
1157   -0.203996
1158   -0.201993
1159   -0.198531
1160   -0.193074
1161   0.443256
1162   0.464213
1163   0.488586
1164   0.515724
1165   0.545397
1166   0.57565
1167   0.604588
1168   0.624796
1169   0.627811
1170   0.603863
1171   0.563533
1172   0.51637
1173   0.46775
1174   0.419935
1175   0.374385
1176   0.330686
1177   0.28975
1178   0.250579
1179   0.213968
1180   0.17889
1181   0.146062
1182   0.114545
1183   0.084998
1184   0.0565912
1185   0.0299478
1186   0.00435686
1187   -0.0195801
1188   -0.0424537
1189   -0.0636818
1190   -0.0837384
1191   -0.102073
1192   -0.119053
1193   -0.13418
1194   -0.147734
1195   -0.159287
1196   -0.169055
1197   -0.176698
1198   -0.182395
1199   -0.185908
1200   -0.187422
1201   -0.186825
1202   -0.184384
1203   -0.180187
1204   0.427509
1205   0.446547
1206   0.470005
1207   0.494938
1208   0.523835
1209   0.552371
1210   0.582366
1211   0.606547
1212   0.617862
1213   0.615595
1214   0.580821
1215   0.536985
1216   0.492687
1217   0.446624
1218   0.403382
1219   0.360809
1220   0.321042
1221   0.282456
1222   0.246316
1223   0.211425
1224   0.178652
1225   0.147046
1226   0.117291
1227   0.0885883
1228   0.0615513
1229   0.0354873
1230   0.0110036
1231   -0.0125178
1232   -0.0344396
1233   -0.055332
1234   -0.0745115
1235   -0.0925277
1236   -0.108649
1237   -0.123432
1238   -0.136104
1239   -0.147252
1240   -0.156082
1241   -0.163236
1242   -0.167921
1243   -0.170873
1244   -0.171351
1245   -0.170238
1246   -0.166949
1247   0.411672
1248   0.430031
1249   0.451284
1250   0.475056
1251   0.501281
1252   0.528833
1253   0.556454
1254   0.581342
1255   0.599489
1256   0.602553
1257   0.588348
1258   0.552465
1259   0.512116
1260   0.469315
1261   0.428226
1262   0.387431
1263   0.348973
1264   0.311294
1265   0.275884
1266   0.241404
1267   0.20898
1268   0.177471
1269   0.147789
1270   0.118961
1271   0.0917765
1272   0.0654083
1273   0.0405753
1274   0.0165865
1275   -0.00588804
1276   -0.0274116
1277   -0.0473588
1278   -0.0661731
1279   -0.0832818
1280   -0.0990194
1281   -0.112879
1282   -0.125104
1283   -0.135269
1284   -0.143553
1285   -0.149637
1286   -0.153689
1287   -0.155531
1288   -0.155411
1289   -0.153387
1290   0.395779
1291   0.412364
1292   0.432398
1293   0.45372
1294   0.478204
1295   0.502768
1296   0.528801
1297   0.551725
1298   0.572403
1299   0.584768
1300   0.576647
1301   0.556747
1302   0.522041
1303   0.483332
1304   0.445785
1305   0.407652
1306   0.371074
1307   0.335063
1308   0.300731
1309   0.267294
1310   0.235472
1311   0.204577
1312   0.175174
1313   0.14664
1314   0.119489
1315   0.0931525
1316   0.0681495
1317   0.0439528
1318   0.0211188
1319   -0.000850537
1320   -0.0213442
1321   -0.040848
1322   -0.058687
1323   -0.0753542
1324   -0.0901093
1325   -0.103475
1326   -0.114654
1327   -0.124228
1328   -0.131371
1329   -0.136767
1330   -0.139623
1331   -0.1408
1332   -0.139663
1333   0.380222
1334   0.396054
1335   0.414023
1336   0.433891
1337   0.455519
1338   0.478253
1339   0.500991
1340   0.522937
1341   0.541286
1342   0.554931
1343   0.5574
1344   0.544789
1345   0.522917
1346   0.490032
1347   0.457176
1348   0.421929
1349   0.388176
1350   0.353998
1351   0.321527
1352   0.28928
1353   0.258694
1354   0.228544
1355   0.199933
1356   0.171814
1357   0.145116
1358   0.118935
1359   0.0940988
1360   0.0698345
1361   0.0469033
1362   0.024657
1363   0.00380385
1364   -0.0161818
1365   -0.0346454
1366   -0.0519914
1367   -0.0676271
1368   -0.0818421
1369   -0.0941214
1370   -0.10466
1371   -0.113049
1372   -0.119441
1373   -0.123584
1374   -0.1257
1375   -0.125805
1376   0.364958
1377   0.379337
1378   0.396094
1379   0.413819
1380   0.433641
1381   0.453663
1382   0.474496
1383   0.493812
1384   0.51129
1385   0.524143
1386   0.529489
1387   0.526336
1388   0.509596
1389   0.486232
1390   0.458213
1391   0.428305
1392   0.397668
1393   0.366794
1394   0.336393
1395   0.306332
1396   0.277134
1397   0.248466
1398   0.220768
1399   0.193642
1400   0.167506
1401   0.141945
1402   0.117391
1403   0.0934329
1404   0.0705415
1405   0.0483113
1406   0.0272709
1407   0.00701497
1408   -0.0118562
1409   -0.0297596
1410   -0.0460114
1411   -0.0610586
1412   -0.0741305
1413   -0.0857325
1414   -0.0950257
1415   -0.102626
1416   -0.107692
1417   -0.11104
1418   -0.111983
1419   0.350185
1420   0.363828
1421   0.378889
1422   0.395227
1423   0.412665
1424   0.430858
1425   0.448891
1426   0.466465
1427   0.481453
1428   0.493796
1429   0.499592
1430   0.49998
1431   0.491033
1432   0.474147
1433   0.452941
1434   0.427796
1435   0.401726
1436   0.374027
1437   0.346732
1438   0.31883
1439   0.291808
1440   0.264624
1441   0.238469
1442   0.212354
1443   0.187299
1444   0.162393
1445   0.138554
1446   0.114964
1447   0.0924708
1448   0.0703569
1449   0.0494155
1450   0.0290382
1451   0.00996635
1452   -0.00828931
1453   -0.0250452
1454   -0.0406622
1455   -0.0545287
1456   -0.0668804
1457   -0.0772079
1458   -0.085661
1459   -0.0918963
1460   -0.0960994
1461   -0.0982293
1462   0.335824
1463   0.348333
1464   0.362314
1465   0.376953
1466   0.392819
1467   0.408852
1468   0.425158
1469   0.440552
1470   0.45439
1471   0.465581
1472   0.472338
1473   0.474505
1474   0.469082
1475   0.457969
1476   0.441518
1477   0.421763
1478   0.399575
1479   0.37594
1480   0.351505
1481   0.326574
1482   0.301621
1483   0.276618
1484   0.251952
1485   0.227439
1486   0.203439
1487   0.179696
1488   0.156575
1489   0.13379
1490   0.111736
1491   0.0901092
1492   0.0693551
1493   0.0491589
1494   0.0300331
1495   0.011646
1496   -0.00540205
1497   -0.0214722
1498   -0.0358573
1499   -0.0489731
1500   -0.0600024
1501   -0.0694689
1502   -0.0764983
1503   -0.0818326
1504   -0.0847211
1505   0.321949
1506   0.333759
1507   0.346416
1508   0.359843
1509   0.373868
1510   0.388323
1511   0.402515
1512   0.416352
1513   0.428424
1514   0.438832
1515   0.445445
1516   0.448614
1517   0.446294
1518   0.438867
1519   0.427132
1520   0.411499
1521   0.39365
1522   0.373453
1523   0.352486
1524   0.33019
1525   0.307911
1526   0.284879
1527   0.262262
1528   0.239209
1529   0.216773
1530   0.194096
1531   0.172152
1532   0.150118
1533   0.128912
1534   0.107768
1535   0.0875602
1536   0.0676011
1537   0.0487193
1538   0.0303278
1539   0.0132044
1540   -0.00311371
1541   -0.017913
1542   -0.0315101
1543   -0.0432846
1544   -0.0534139
1545   -0.0614389
1546   -0.0675081
1547   -0.0714935
1548   0.308488
1549   0.319405
1550   0.331127
1551   0.343238
1552   0.355965
1553   0.368761
1554   0.381535
1555   0.393696
1556   0.404706
1557   0.414044
1558   0.42064
1559   0.424264
1560   0.423574
1561   0.419003
1562   0.410356
1563   0.398534
1564   0.383968
1565   0.367375
1566   0.349256
1567   0.329987
1568   0.309997
1569   0.289404
1570   0.268571
1571   0.247457
1572   0.226392
1573   0.205244
1574   0.184337
1575   0.163493
1576   0.143046
1577   0.122793
1578   0.103101
1579   0.0837474
1580   0.0651501
1581   0.0470667
1582   0.0299912
1583   0.0136537
1584   -0.00134564
1585   -0.0153233
1586   -0.0275405
1587   -0.0384068
1588   -0.0470518
1589   -0.0541014
1590   -0.0587308
1591   0.29546
1592   0.305718
1593   0.316411
1594   0.3275
1595   0.338834
1596   0.350349
1597   0.361552
1598   0.372449
1599   0.382121
1600   0.390672
1601   0.396837
1602   0.400761
1603   0.40132
1604   0.398641
1605   0.392702
1606   0.383659
1607   0.372286
1608   0.358522
1609   0.343423
1610   0.326635
1611   0.309256
1612   0.290704
1613   0.272047
1614   0.252565
1615   0.233287
1616   0.213426
1617   0.193978
1618   0.174133
1619   0.15486
1620   0.135363
1621   0.116584
1622   0.0977654
1623   0.079819
1624   0.0620537
1625   0.0453427
1626   0.0290922
1627   0.0141227
1628   -2.00327e-05
1629   -0.0125952
1630   -0.0238743
1631   -0.0332589
1632   -0.0408788
1633   -0.0464724
1634   0.282819
1635   0.292351
1636   0.302244
1637   0.312314
1638   0.322604
1639   0.33286
1640   0.342939
1641   0.352549
1642   0.361311
1643   0.368933
1644   0.374801
1645   0.378701
1646   0.379978
1647   0.378646
1648   0.37448
1649   0.367771
1650   0.358689
1651   0.347583
1652   0.334788
1653   0.320555
1654   0.305238
1655   0.288959
1656   0.272049
1657   0.254523
1658   0.236688
1659   0.218487
1660   0.200213
1661   0.181765
1662   0.163438
1663   0.145102
1664   0.127066
1665   0.109183
1666   0.0917888
1667   0.0747228
1668   0.058366
1669   0.0425399
1670   0.0277018
1671   0.0136398
1672   0.000937837
1673   -0.010685
1674   -0.0204541
1675   -0.0288275
1676   -0.0349087
1677   0.270564
1678   0.279486
1679   0.288573
1680   0.297802
1681   0.307047
1682   0.316302
1683   0.325214
1684   0.333842
1685   0.341572
1686   0.348517
1687   0.353877
1688   0.357766
1689   0.359473
1690   0.359066
1691   0.35633
1692   0.351288
1693   0.34426
1694   0.335138
1695   0.324593
1696   0.312323
1697   0.299182
1698   0.284676
1699   0.269745
1700   0.253749
1701   0.237666
1702   0.220758
1703   0.204017
1704   0.18665
1705   0.169653
1706   0.152212
1707   0.135317
1708   0.118159
1709   0.101718
1710   0.0852096
1711   0.0695971
1712   0.0541481
1713   0.0397942
1714   0.0258943
1715   0.0133224
1716   0.00160001
1717   -0.00851378
1718   -0.0172326
1719   -0.0240848
1720   0.258677
1721   0.266993
1722   0.275407
1723   0.28385
1724   0.292281
1725   0.300594
1726   0.30865
1727   0.316307
1728   0.323309
1729   0.329485
1730   0.33448
1731   0.338124
1732   0.340067
1733   0.340209
1734   0.338387
1735   0.334629
1736   0.329
1737   0.321608
1738   0.312665
1739   0.30228
1740   0.290728
1741   0.278077
1742   0.264613
1743   0.25035
1744   0.235569
1745   0.220241
1746   0.204635
1747   0.188691
1748   0.172675
1749   0.156507
1750   0.140451
1751   0.124417
1752   0.108679
1753   0.0931399
1754   0.0780898
1755   0.0634292
1756   0.0494774
1757   0.0361255
1758   0.0237532
1759   0.012217
1760   0.00203315
1761   -0.0070613
1762   -0.0141964
1763   0.247151
1764   0.254917
1765   0.262695
1766   0.270467
1767   0.278123
1768   0.285686
1769   0.292886
1770   0.299816
1771   0.306025
1772   0.311655
1773   0.316141
1774   0.319619
1775   0.321577
1776   0.322087
1777   0.320913
1778   0.318033
1779   0.313579
1780   0.307396
1781   0.299943
1782   0.290903
1783   0.280964
1784   0.26965
1785   0.257794
1786   0.244784
1787   0.23154
1788   0.217349
1789   0.203181
1790   0.188254
1791   0.173567
1792   0.158298
1793   0.14346
1794   0.128214
1795   0.113579
1796   0.0987148
1797   0.084642
1798   0.0705317
1799   0.0574046
1800   0.0444539
1801   0.0326945
1802   0.0213644
1803   0.011443
1804   0.00229762
1805   -0.00529513
1806   0.235979
1807   0.24323
1808   0.250457
1809   0.257624
1810   0.264675
1811   0.271546
1812   0.278131
1813   0.284337
1814   0.290002
1815   0.295
1816   0.29913
1817   0.30225
1818   0.304169
1819   0.304774
1820   0.303956
1821   0.301671
1822   0.297928
1823   0.292751
1824   0.286245
1825   0.278471
1826   0.269589
1827   0.259665
1828   0.248881
1829   0.23729
1830   0.225078
1831   0.212281
1832   0.199076
1833   0.185487
1834   0.171685
1835   0.157683
1836   0.143647
1837   0.129587
1838   0.115667
1839   0.101897
1840   0.0884452
1841   0.0753229
1842   0.0627045
1843   0.0506096
1844   0.0392192
1845   0.028564
1846   0.0188324
1847   0.0100684
1848   0.00244336
