##### Y Mean #####
0   0.00421666
1   -0.0281375
2   -0.0660701
3   -0.108038
4   -0.153186
5   -0.199603
6   -0.246616
7   -0.292393
8   -0.336332
9   -0.376219
10   -0.412537
11   -0.444486
12   -0.472589
13   -0.496511
14   -0.516556
15   -0.532606
16   -0.544859
17   -0.553311
18   -0.558258
19   -0.559885
20   -0.558492
21   -0.5544
22   -0.547806
23   -0.53906
24   -0.528359
25   -0.516118
26   -0.502563
27   -0.488139
28   -0.47301
29   -0.457524
30   -0.441781
31   -0.426024
32   -0.410295
33   -0.394736
34   -0.379356
35   -0.364228
36   -0.349355
37   -0.334775
38   -0.320498
39   -0.306549
40   -0.29294
41   -0.279689
42   -0.266809
43   0.0347286
44   0.00190273
45   -0.039404
46   -0.0834984
47   -0.134062
48   -0.183126
49   -0.236236
50   -0.284582
51   -0.33553
52   -0.377013
53   -0.418696
54   -0.452452
55   -0.484548
56   -0.510378
57   -0.533294
58   -0.550955
59   -0.565202
60   -0.574712
61   -0.580826
62   -0.583129
63   -0.582128
64   -0.578414
65   -0.57157
66   -0.562758
67   -0.551234
68   -0.53851
69   -0.523725
70   -0.508606
71   -0.492133
72   -0.475841
73   -0.458807
74   -0.442222
75   -0.425362
76   -0.409002
77   -0.392658
78   -0.376768
79   -0.361064
80   -0.345768
81   -0.330762
82   -0.316148
83   -0.301894
84   -0.288038
85   -0.274586
86   0.0708161
87   0.0401905
88   -0.00204225
89   -0.0488753
90   -0.101812
91   -0.155324
92   -0.210669
93   -0.263775
94   -0.316676
95   -0.365439
96   -0.41037
97   -0.450431
98   -0.48614
99   -0.516719
100   -0.542864
101   -0.563741
102   -0.580302
103   -0.592236
104   -0.600146
105   -0.60424
106   -0.604637
107   -0.601775
108   -0.595648
109   -0.586768
110   -0.575256
111   -0.561749
112   -0.546445
113   -0.530088
114   -0.512772
115   -0.495051
116   -0.477007
117   -0.459036
118   -0.441173
119   -0.423605
120   -0.406334
121   -0.389424
122   -0.37288
123   -0.356719
124   -0.340961
125   -0.325609
126   -0.310689
127   -0.2962
128   -0.282168
129   0.111225
130   0.0813909
131   0.0397409
132   -0.00826592
133   -0.0642902
134   -0.119775
135   -0.178922
136   -0.234206
137   -0.290604
138   -0.34269
139   -0.393888
140   -0.437186
141   -0.479737
142   -0.512863
143   -0.545441
144   -0.568325
145   -0.589642
146   -0.603951
147   -0.615164
148   -0.621827
149   -0.624374
150   -0.623398
151   -0.618234
152   -0.610201
153   -0.598648
154   -0.585176
155   -0.569006
156   -0.552155
157   -0.533512
158   -0.514849
159   -0.495292
160   -0.476236
161   -0.456995
162   -0.438381
163   -0.419941
164   -0.402078
165   -0.384552
166   -0.367545
167   -0.350959
168   -0.334867
169   -0.319246
170   -0.304121
171   -0.289497
172   0.155349
173   0.130094
174   0.0883878
175   0.0404594
176   -0.0171002
177   -0.0754497
178   -0.136529
179   -0.19532
180   -0.254167
181   -0.309784
182   -0.363029
183   -0.41153
184   -0.456174
185   -0.495647
186   -0.530883
187   -0.561178
188   -0.58658
189   -0.607227
190   -0.623048
191   -0.634013
192   -0.640424
193   -0.64179
194   -0.638971
195   -0.631993
196   -0.621485
197   -0.608271
198   -0.592285
199   -0.574582
200   -0.555254
201   -0.535062
202   -0.514334
203   -0.493634
204   -0.473198
205   -0.453145
206   -0.433618
207   -0.414565
208   -0.396089
209   -0.378107
210   -0.360704
211   -0.34381
212   -0.327496
213   -0.311708
214   -0.296506
215   0.201295
216   0.177337
217   0.138177
218   0.0896606
219   0.0315133
220   -0.0282186
221   -0.0914172
222   -0.152143
223   -0.213291
224   -0.270816
225   -0.326555
226   -0.377612
227   -0.425564
228   -0.46832
229   -0.507987
230   -0.542228
231   -0.574564
232   -0.598578
233   -0.622432
234   -0.635593
235   -0.64946
236   -0.652278
237   -0.654462
238   -0.649178
239   -0.640841
240   -0.629341
241   -0.613686
242   -0.596379
243   -0.575999
244   -0.554992
245   -0.532625
246   -0.510783
247   -0.488825
248   -0.467617
249   -0.446807
250   -0.42671
251   -0.407176
252   -0.388295
253   -0.370019
254   -0.352367
255   -0.335335
256   -0.318918
257   -0.303123
258   0.248504
259   0.23087
260   0.191509
261   0.144004
262   0.0850381
263   0.0237926
264   -0.0406738
265   -0.103734
266   -0.166587
267   -0.226443
268   -0.284047
269   -0.337651
270   -0.387769
271   -0.433455
272   -0.475383
273   -0.512872
274   -0.5469
275   -0.576042
276   -0.601364
277   -0.621685
278   -0.637911
279   -0.649605
280   -0.656153
281   -0.658364
282   -0.654959
283   -0.646816
284   -0.633932
285   -0.616555
286   -0.596157
287   -0.573939
288   -0.550608
289   -0.527074
290   -0.503988
291   -0.481273
292   -0.459405
293   -0.438101
294   -0.417651
295   -0.397808
296   -0.378756
297   -0.360325
298   -0.342641
299   -0.325587
300   -0.309255
301   0.294624
302   0.278431
303   0.243354
304   0.19623
305   0.137864
306   0.0761736
307   0.0106033
308   -0.0536145
309   -0.118144
310   -0.179379
311   -0.238892
312   -0.294048
313   -0.346308
314   -0.393739
315   -0.437851
316   -0.477165
317   -0.513043
318   -0.544655
319   -0.572544
320   -0.596433
321   -0.616996
322   -0.633305
323   -0.647869
324   -0.654057
325   -0.660533
326   -0.654355
327   -0.648431
328   -0.631684
329   -0.612378
330   -0.590474
331   -0.566106
332   -0.541963
333   -0.51753
334   -0.493818
335   -0.470792
336   -0.448569
337   -0.427175
338   -0.406546
339   -0.386715
340   -0.367623
341   -0.349292
342   -0.331686
343   -0.31481
344   0.339009
345   0.331362
346   0.296645
347   0.251637
348   0.193851
349   0.131005
350   0.0650662
351   -0.000783791
352   -0.0663306
353   -0.129373
354   -0.190139
355   -0.247153
356   -0.300777
357   -0.35009
358   -0.395631
359   -0.436805
360   -0.474354
361   -0.507874
362   -0.537841
363   -0.564106
364   -0.586991
365   -0.60632
366   -0.622706
367   -0.634747
368   -0.643163
369   -0.646638
370   -0.644414
371   -0.637588
372   -0.622561
373   -0.6029
374   -0.579486
375   -0.554077
376   -0.529087
377   -0.504156
378   -0.48048
379   -0.45737
380   -0.43536
381   -0.41402
382   -0.393629
383   -0.373939
384   -0.355108
385   -0.336984
386   -0.31967
387   0.378475
388   0.371123
389   0.346211
390   0.304723
391   0.248734
392   0.185929
393   0.119089
394   0.0525049
395   -0.0143245
396   -0.0783636
397   -0.140592
398   -0.198716
399   -0.253859
400   -0.304363
401   -0.351402
402   -0.393874
403   -0.432865
404   -0.467787
405   -0.499325
406   -0.527192
407   -0.551834
408   -0.573002
409   -0.591
410   -0.60597
411   -0.617369
412   -0.62551
413   -0.630363
414   -0.628432
415   -0.624653
416   -0.606986
417   -0.587509
418   -0.562505
419   -0.537216
420   -0.512035
421   -0.487885
422   -0.464386
423   -0.441897
424   -0.420146
425   -0.399297
426   -0.379213
427   -0.35995
428   -0.341452
429   -0.323728
430   0.414356
431   0.41276
432   0.392222
433   0.359476
434   0.303429
435   0.240478
436   0.17392
437   0.106426
438   0.039093
439   -0.0262672
440   -0.0893271
441   -0.148886
442   -0.204986
443   -0.256922
444   -0.304998
445   -0.348861
446   -0.388981
447   -0.425205
448   -0.457938
449   -0.48711
450   -0.513052
451   -0.535668
452   -0.555416
453   -0.572137
454   -0.585935
455   -0.596623
456   -0.604031
457   -0.607229
458   -0.606325
459   -0.599947
460   -0.583838
461   -0.563901
462   -0.540211
463   -0.51552
464   -0.49193
465   -0.468555
466   -0.446137
467   -0.424306
468   -0.403344
469   -0.383069
470   -0.363599
471   -0.344838
472   -0.32685
473   0.446205
474   0.446715
475   0.433842
476   0.404063
477   0.35416
478   0.293231
479   0.226967
480   0.159557
481   0.0915163
482   0.0256149
483   -0.038525
484   -0.0988458
485   -0.156114
486   -0.208906
487   -0.258132
488   -0.302915
489   -0.344114
490   -0.381288
491   -0.415055
492   -0.445269
493   -0.472284
494   -0.496198
495   -0.517123
496   -0.535455
497   -0.550733
498   -0.563478
499   -0.572701
500   -0.57911
501   -0.581106
502   -0.579598
503   -0.572531
504   -0.556472
505   -0.537647
506   -0.514858
507   -0.492504
508   -0.469843
509   -0.447926
510   -0.426406
511   -0.405614
512   -0.385418
513   -0.365917
514   -0.347078
515   -0.328924
516   0.47466
517   0.479688
518   0.472016
519   0.451996
520   0.402702
521   0.343757
522   0.279029
523   0.211797
524   0.143893
525   0.0772182
526   0.0126663
527   -0.0487261
528   -0.106611
529   -0.160524
530   -0.210467
531   -0.256332
532   -0.298316
533   -0.336499
534   -0.37112
535   -0.402331
536   -0.430358
537   -0.45537
538   -0.477581
539   -0.497126
540   -0.513987
541   -0.528215
542   -0.539559
543   -0.548028
544   -0.553006
545   -0.554543
546   -0.550842
547   -0.542248
548   -0.526538
549   -0.508209
550   -0.487988
551   -0.467333
552   -0.446528
553   -0.425974
554   -0.405743
555   -0.385991
556   -0.366709
557   -0.348
558   -0.329835
559   0.499395
560   0.507341
561   0.505467
562   0.487497
563   0.446705
564   0.391571
565   0.328615
566   0.262435
567   0.194514
568   0.127846
569   0.0626221
570   0.000856723
571   -0.0578942
572   -0.112344
573   -0.16318
574   -0.209676
575   -0.252519
576   -0.291409
577   -0.326871
578   -0.358917
579   -0.387838
580   -0.413899
581   -0.437105
582   -0.457931
583   -0.475964
584   -0.491813
585   -0.504642
586   -0.515202
587   -0.522142
588   -0.526245
589   -0.525502
590   -0.520761
591   -0.510604
592   -0.496093
593   -0.479386
594   -0.461031
595   -0.442151
596   -0.422891
597   -0.403701
598   -0.384643
599   -0.365877
600   -0.347472
601   -0.32949
602   0.520493
603   0.531928
604   0.53525
605   0.527243
606   0.488189
607   0.437116
608   0.376677
609   0.311541
610   0.244327
611   0.177382
612   0.112201
613   0.0497181
614   -0.00928808
615   -0.0645903
616   -0.115848
617   -0.163211
618   -0.206596
619   -0.246342
620   -0.282476
621   -0.31541
622   -0.34519
623   -0.372234
624   -0.396534
625   -0.418477
626   -0.437873
627   -0.455067
628   -0.469614
629   -0.481853
630   -0.490914
631   -0.497209
632   -0.499204
633   -0.497791
634   -0.490853
635   -0.480568
636   -0.466864
637   -0.45154
638   -0.434695
639   -0.41732
640   -0.399378
641   -0.381425
642   -0.363348
643   -0.345526
644   -0.32783
645   0.537784
646   0.552153
647   0.559779
648   0.553572
649   0.525337
650   0.479771
651   0.422253
652   0.35877
653   0.292047
654   0.225649
655   0.160196
656   0.0977675
657   0.0381838
658   -0.0173316
659   -0.0692694
660   -0.117011
661   -0.161105
662   -0.201372
663   -0.238251
664   -0.271879
665   -0.302486
666   -0.330435
667   -0.355689
668   -0.378761
669   -0.399287
670   -0.417864
671   -0.433789
672   -0.447676
673   -0.458481
674   -0.466725
675   -0.471157
676   -0.472154
677   -0.468835
678   -0.46171
679   -0.451513
680   -0.438887
681   -0.424623
682   -0.409142
683   -0.392896
684   -0.376143
685   -0.359094
686   -0.341943
687   -0.324806
688   0.551206
689   0.567942
690   0.580094
691   0.583066
692   0.559229
693   0.521488
694   0.466443
695   0.404201
696   0.338715
697   0.272426
698   0.207517
699   0.144691
700   0.0852208
701   0.0290886
702   -0.0229892
703   -0.0714228
704   -0.115842
705   -0.156845
706   -0.194236
707   -0.228674
708   -0.260007
709   -0.28888
710   -0.31509
711   -0.33923
712   -0.360946
713   -0.380777
714   -0.398128
715   -0.413509
716   -0.42598
717   -0.43609
718   -0.442508
719   -0.446013
720   -0.445158
721   -0.441279
722   -0.433794
723   -0.424165
724   -0.41218
725   -0.398978
726   -0.384373
727   -0.369182
728   -0.353181
729   -0.337007
730   -0.320436
731   0.560891
732   0.580102
733   0.594932
734   0.600109
735   0.588901
736   0.557805
737   0.507602
738   0.447707
739   0.383175
740   0.318048
741   0.253231
742   0.19087
743   0.131065
744   0.0750216
745   0.0224469
746   -0.0261257
747   -0.0711154
748   -0.112456
749   -0.1505
750   -0.185487
751   -0.217589
752   -0.247234
753   -0.274353
754   -0.299479
755   -0.32227
756   -0.343283
757   -0.36191
758   -0.378654
759   -0.392685
760   -0.404376
761   -0.412825
762   -0.418285
763   -0.420152
764   -0.418762
765   -0.414253
766   -0.40711
767   -0.397737
768   -0.386579
769   -0.373969
770   -0.360252
771   -0.345631
772   -0.330399
773   -0.314713
774   0.566746
775   0.587645
776   0.605605
777   0.616611
778   0.613506
779   0.596109
780   0.547222
781   0.48868
782   0.426503
783   0.361949
784   0.298202
785   0.235705
786   0.176345
787   0.119886
788   0.0674431
789   0.0183483
790   -0.0267449
791   -0.0686911
792   -0.107074
793   -0.142776
794   -0.175459
795   -0.205954
796   -0.233889
797   -0.26001
798   -0.283822
799   -0.30599
800   -0.325818
801   -0.343912
802   -0.359326
803   -0.372662
804   -0.382756
805   -0.390332
806   -0.394232
807   -0.395466
808   -0.393265
809   -0.388802
810   -0.381602
811   -0.372761
812   -0.361907
813   -0.349972
814   -0.336606
815   -0.322626
816   -0.307719
817   0.568922
818   0.591543
819   0.612174
820   0.627493
821   0.633378
822   0.620469
823   0.58187
824   0.528114
825   0.467749
826   0.405
827   0.341625
828   0.279929
829   0.22043
830   0.164349
831   0.111595
832   0.0626119
833   0.0171051
834   -0.0249799
835   -0.0638983
836   -0.0999953
837   -0.133362
838   -0.164495
839   -0.193269
840   -0.220238
841   -0.24505
842   -0.268239
843   -0.289245
844   -0.308519
845   -0.325351
846   -0.340069
847   -0.351948
848   -0.361223
849   -0.367379
850   -0.370684
851   -0.371016
852   -0.368738
853   -0.363971
854   -0.3571
855   -0.348301
856   -0.337928
857   -0.326133
858   -0.313256
859   -0.299474
860   0.567617
861   0.590976
862   0.614597
863   0.634155
864   0.648144
865   0.6496
866   0.613328
867   0.564009
868   0.507224
869   0.445875
870   0.383986
871   0.322461
872   0.263744
873   0.207484
874   0.155165
875   0.105865
876   0.0605019
877   0.0179733
878   -0.0210966
879   -0.057788
880   -0.0915884
881   -0.123475
882   -0.152928
883   -0.180804
884   -0.206493
885   -0.230741
886   -0.25279
887   -0.273303
888   -0.291351
889   -0.307569
890   -0.3209
891   -0.332044
892   -0.339961
893   -0.345506
894   -0.347833
895   -0.347929
896   -0.345142
897   -0.340481
898   -0.333409
899   -0.324883
900   -0.314426
901   -0.302968
902   -0.290106
903   0.563309
904   0.588071
905   0.613478
906   0.637352
907   0.656955
908   0.661223
909   0.639401
910   0.597518
911   0.544237
912   0.485474
913   0.424454
914   0.364216
915   0.305686
916   0.25019
917   0.197822
918   0.148931
919   0.103357
920   0.0609039
921   0.0214452
922   -0.0154861
923   -0.0498624
924   -0.0822612
925   -0.112466
926   -0.14107
927   -0.167673
928   -0.192821
929   -0.215954
930   -0.237526
931   -0.256879
932   -0.274351
933   -0.289292
934   -0.301956
935   -0.311836
936   -0.319179
937   -0.323718
938   -0.32574
939   -0.325178
940   -0.322346
941   -0.317279
942   -0.310303
943   -0.301497
944   -0.291219
945   -0.279642
946   0.556107
947   0.580663
948   0.608235
949   0.634234
950   0.660012
951   0.676862
952   0.660539
953   0.628312
954   0.579017
955   0.522309
956   0.463395
957   0.403767
958   0.346531
959   0.291187
960   0.239639
961   0.190692
962   0.145537
963   0.102837
964   0.0634156
965   0.0260351
966   -0.00863557
967   -0.0416714
968   -0.0724335
969   -0.101839
970   -0.129199
971   -0.155301
972   -0.179359
973   -0.202062
974   -0.222511
975   -0.241355
976   -0.257607
977   -0.271947
978   -0.283389
979   -0.292703
980   -0.298999
981   -0.303147
982   -0.304375
983   -0.303612
984   -0.300183
985   -0.29504
986   -0.287584
987   -0.27881
988   -0.268234
989   0.546607
990   0.572062
991   0.599907
992   0.628614
993   0.656243
994   0.675134
995   0.676261
996   0.653141
997   0.610051
998   0.55712
999   0.499841
1000   0.442273
1001   0.385683
1002   0.331589
1003   0.280324
1004   0.232113
1005   0.186993
1006   0.144581
1007   0.104946
1008   0.067468
1009   0.0323543
1010   -0.00107971
1011   -0.032477
1012   -0.0625018
1013   -0.0906637
1014   -0.117556
1015   -0.142584
1016   -0.166238
1017   -0.187866
1018   -0.207848
1019   -0.225545
1020   -0.241251
1021   -0.254431
1022   -0.265334
1023   -0.273593
1024   -0.279456
1025   -0.282713
1026   -0.28363
1027   -0.282118
1028   -0.278464
1029   -0.272676
1030   -0.265107
1031   -0.255913
1032   0.534794
1033   0.559274
1034   0.587991
1035   0.616954
1036   0.64728
1037   0.671888
1038   0.682523
1039   0.677929
1040   0.638261
1041   0.588069
1042   0.534325
1043   0.477878
1044   0.423235
1045   0.369657
1046   0.319648
1047   0.27169
1048   0.227271
1049   0.184846
1050   0.145427
1051   0.10768
1052   0.0724052
1053   0.0384905
1054   0.00665909
1055   -0.0240181
1056   -0.0528127
1057   -0.0805152
1058   -0.106341
1059   -0.130983
1060   -0.153579
1061   -0.174775
1062   -0.193641
1063   -0.21083
1064   -0.225395
1065   -0.238042
1066   -0.24786
1067   -0.255631
1068   -0.260508
1069   -0.263345
1070   -0.263366
1071   -0.261492
1072   -0.257028
1073   -0.250997
1074   -0.242844
1075   0.521259
1076   0.545797
1077   0.573457
1078   0.603134
1079   0.633861
1080   0.661553
1081   0.682198
1082   0.683594
1083   0.659414
1084   0.616591
1085   0.565681
1086   0.512035
1087   0.45848
1088   0.406651
1089   0.357321
1090   0.31043
1091   0.266346
1092   0.224407
1093   0.184998
1094   0.147292
1095   0.111762
1096   0.0775788
1097   0.0452914
1098   0.0141304
1099   -0.0152881
1100   -0.0436403
1101   -0.0702605
1102   -0.0957115
1103   -0.119307
1104   -0.141492
1105   -0.161606
1106   -0.179993
1107   -0.196072
1108   -0.210116
1109   -0.221669
1110   -0.230967
1111   -0.237687
1112   -0.242059
1113   -0.243888
1114   -0.243426
1115   -0.24061
1116   -0.235774
1117   -0.229055
1118   0.50613
1119   0.52897
1120   0.556338
1121   0.58466
1122   0.616142
1123   0.645051
1124   0.672775
1125   0.690705
1126   0.672775
1127   0.639555
1128   0.59317
1129   0.541611
1130   0.490819
1131   0.440098
1132   0.392547
1133   0.346344
1134   0.303257
1135   0.261629
1136   0.222626
1137   0.184921
1138   0.149395
1139   0.114981
1140   0.0824305
1141   0.0508586
1142   0.020986
1143   -0.00794385
1144   -0.0351822
1145   -0.0613975
1146   -0.0857831
1147   -0.108959
1148   -0.130059
1149   -0.149698
1150   -0.166968
1151   -0.18252
1152   -0.195436
1153   -0.20643
1154   -0.214601
1155   -0.220739
1156   -0.223987
1157   -0.22523
1158   -0.223688
1159   -0.220389
1160   -0.214719
1161   0.490115
1162   0.512476
1163   0.537962
1164   0.565912
1165   0.596065
1166   0.626502
1167   0.655361
1168   0.675407
1169   0.678403
1170   0.654808
1171   0.614939
1172   0.568065
1173   0.519474
1174   0.471326
1175   0.425109
1176   0.38036
1177   0.338052
1178   0.297138
1179   0.258493
1180   0.221029
1181   0.185567
1182   0.151095
1183   0.118395
1184   0.0865618
1185   0.0563592
1186   0.0270024
1187   -0.000750978
1188   -0.027558
1189   -0.052674
1190   -0.0766277
1191   -0.0987104
1192   -0.119333
1193   -0.137856
1194   -0.154591
1195   -0.169
1196   -0.181325
1197   -0.191145
1198   -0.198666
1199   -0.203599
1200   -0.206161
1201   -0.206219
1202   -0.204084
1203   -0.199863
1204   0.473348
1205   0.493797
1206   0.518347
1207   0.544153
1208   0.573557
1209   0.602382
1210   0.632327
1211   0.656354
1212   0.667545
1213   0.665236
1214   0.630933
1215   0.587519
1216   0.543331
1217   0.497138
1218   0.453386
1219   0.410004
1220   0.369068
1221   0.329006
1222   0.291058
1223   0.254066
1224   0.218896
1225   0.184622
1226   0.151951
1227   0.120101
1228   0.0897303
1229   0.0601577
1230   0.0320589
1231   0.0048217
1232   -0.020826
1233   -0.0454563
1234   -0.0682769
1235   -0.0898515
1236   -0.109327
1237   -0.127291
1238   -0.142844
1239   -0.156626
1240   -0.167714
1241   -0.176828
1242   -0.183051
1243   -0.187219
1244   -0.188483
1245   -0.187856
1246   -0.184667
1247   0.456417
1248   0.476134
1249   0.498509
1250   0.523156
1251   0.549981
1252   0.577869
1253   0.60558
1254   0.63037
1255   0.648336
1256   0.651336
1257   0.637245
1258   0.601742
1259   0.56162
1260   0.5188
1261   0.477394
1262   0.435961
1263   0.396566
1264   0.35762
1265   0.320663
1266   0.284308
1267   0.249762
1268   0.21582
1269   0.1835
1270   0.151757
1271   0.121505
1272   0.0918467
1273   0.0636397
1274   0.0361254
1275   0.0101223
1276   -0.014992
1277   -0.0384443
1278   -0.0607262
1279   -0.0811274
1280   -0.100019
1281   -0.116777
1282   -0.131669
1283   -0.144178
1284   -0.154504
1285   -0.162261
1286   -0.16764
1287   -0.170429
1288   -0.170912
1289   -0.169158
1290   0.439374
1291   0.45731
1292   0.478448
1293   0.500694
1294   0.525814
1295   0.550826
1296   0.577029
1297   0.599991
1298   0.620504
1299   0.632687
1300   0.624649
1301   0.604888
1302   0.570424
1303   0.531803
1304   0.494036
1305   0.455437
1306   0.418083
1307   0.38102
1308   0.345336
1309   0.310267
1310   0.276537
1311   0.243469
1312   0.211648
1313   0.180461
1314   0.150462
1315   0.121086
1316   0.0929115
1317   0.0654131
1318   0.039223
1319   0.0138412
1320   -0.0100292
1321   -0.0328841
1322   -0.0539425
1323   -0.0737198
1324   -0.0913586
1325   -0.107421
1326   -0.120985
1327   -0.132692
1328   -0.141588
1329   -0.148445
1330   -0.15235
1331   -0.154285
1332   -0.153521
1333   0.42261
1334   0.43974
1335   0.458827
1336   0.479621
1337   0.501962
1338   0.525197
1339   0.548241
1340   0.5703
1341   0.588641
1342   0.602161
1343   0.604572
1344   0.592041
1345   0.570257
1346   0.537473
1347   0.504489
1348   0.46889
1349   0.434526
1350   0.399456
1351   0.365842
1352   0.332153
1353   0.299894
1354   0.267777
1355   0.236999
1356   0.206441
1357   0.177145
1358   0.148134
1359   0.120364
1360   0.0929887
1361   0.0669079
1362   0.0414081
1363   0.0173369
1364   -0.00588629
1365   -0.0274725
1366   -0.0478693
1367   -0.0663618
1368   -0.0832701
1369   -0.0979752
1370   -0.110692
1371   -0.120932
1372   -0.128864
1373   -0.134189
1374   -0.137157
1375   -0.137784
1376   0.406097
1377   0.421752
1378   0.439603
1379   0.458282
1380   0.478844
1381   0.49945
1382   0.520657
1383   0.540211
1384   0.557762
1385   0.570611
1386   0.575919
1387   0.572735
1388   0.556081
1389   0.532745
1390   0.504631
1391   0.474439
1392   0.443292
1393   0.411671
1394   0.380272
1395   0.348962
1396   0.318266
1397   0.287852
1398   0.258181
1399   0.228852
1400   0.200318
1401   0.172164
1402   0.144869
1403   0.118023
1404   0.0921566
1405   0.0668631
1406   0.0427471
1407   0.0193956
1408   -0.00250022
1409   -0.0233737
1410   -0.0424362
1411   -0.0601634
1412   -0.0756669
1413   -0.0894982
1414   -0.100692
1415   -0.109933
1416   -0.116258
1417   -0.120589
1418   -0.122139
1419   0.390036
1420   0.404902
1421   0.421055
1422   0.438339
1423   0.456565
1424   0.475382
1425   0.493888
1426   0.511773
1427   0.526965
1428   0.539382
1429   0.545235
1430   0.5456
1431   0.536678
1432   0.519782
1433   0.498481
1434   0.473086
1435   0.446593
1436   0.418244
1437   0.390099
1438   0.361088
1439   0.332756
1440   0.303998
1441   0.276083
1442   0.247952
1443   0.220725
1444   0.193418
1445   0.167064
1446   0.14077
1447   0.11551
1448   0.0904964
1449   0.0666542
1450   0.0433113
1451   0.0213407
1452   0.000200541
1453   -0.0193005
1454   -0.0375621
1455   -0.0538605
1456   -0.0684548
1457   -0.0807435
1458   -0.0908901
1459   -0.0984896
1460   -0.103749
1461   -0.106615
1462   0.374363
1463   0.388061
1464   0.403102
1465   0.418694
1466   0.435359
1467   0.452067
1468   0.468892
1469   0.484685
1470   0.498793
1471   0.510157
1472   0.517014
1473   0.519216
1474   0.513826
1475   0.502692
1476   0.48615
1477   0.466175
1478   0.443614
1479   0.419422
1480   0.394234
1481   0.368338
1482   0.342209
1483   0.31581
1484   0.289544
1485   0.26322
1486   0.237224
1487   0.211296
1488   0.185839
1489   0.160563
1490   0.135912
1491   0.111581
1492   0.0880761
1493   0.0650757
1494   0.0431679
1495   0.0220092
1496   0.00228963
1497   -0.0163722
1498   -0.0331635
1499   -0.0485335
1500   -0.061544
1501   -0.0727737
1502   -0.0812203
1503   -0.0877187
1504   -0.09141
1505   0.359155
1506   0.372102
1507   0.385801
1508   0.400164
1509   0.415008
1510   0.430159
1511   0.44493
1512   0.459217
1513   0.471644
1514   0.482285
1515   0.489077
1516   0.492326
1517   0.490065
1518   0.482622
1519   0.470812
1520   0.454978
1521   0.436813
1522   0.416118
1523   0.394502
1524   0.371341
1525   0.348033
1526   0.323739
1527   0.299699
1528   0.274991
1529   0.250758
1530   0.226064
1531   0.201992
1532   0.177637
1533   0.154038
1534   0.130351
1535   0.107576
1536   0.0849526
1537   0.0634386
1538   0.042382
1539   0.0226883
1540   0.00384269
1541   -0.0133218
1542   -0.0291558
1543   -0.0429348
1544   -0.0548524
1545   -0.0643731
1546   -0.0716589
1547   -0.0765577
1548   0.344354
1549   0.356364
1550   0.369092
1551   0.382127
1552   0.39567
1553   0.409185
1554   0.422563
1555   0.435226
1556   0.446632
1557   0.456273
1558   0.463089
1559   0.466855
1560   0.466251
1561   0.461694
1562   0.452985
1563   0.440998
1564   0.426149
1565   0.409127
1566   0.390425
1567   0.370399
1568   0.349479
1569   0.327768
1570   0.30564
1571   0.283043
1572   0.260327
1573   0.237354
1574   0.214477
1575   0.19151
1576   0.168831
1577   0.146228
1578   0.124119
1579   0.102274
1580   0.0811739
1581   0.0605657
1582   0.0410168
1583   0.0222435
1584   0.00493458
1585   -0.0112493
1586   -0.0254611
1587   -0.03815
1588   -0.0483198
1589   -0.0566712
1590   -0.0622616
1591   0.32998
1592   0.34128
1593   0.35295
1594   0.364937
1595   0.377086
1596   0.389322
1597   0.401158
1598   0.412582
1599   0.422702
1600   0.431594
1601   0.438036
1602   0.442137
1603   0.442823
1604   0.440177
1605   0.43421
1606   0.425022
1607   0.413414
1608   0.399263
1609   0.383661
1610   0.366188
1611   0.347992
1612   0.328422
1613   0.308615
1614   0.287775
1615   0.267017
1616   0.245472
1617   0.22424
1618   0.202425
1619   0.18111
1620   0.159415
1621   0.138404
1622   0.117237
1623   0.0969536
1624   0.0767845
1625   0.0577328
1626   0.0391359
1627   0.0219404
1628   0.0056398
1629   -0.00890932
1630   -0.0220076
1631   -0.0329625
1632   -0.041915
1633   -0.0485603
1634   0.315999
1635   0.326526
1636   0.337355
1637   0.348299
1638   0.359387
1639   0.370364
1640   0.38108
1641   0.391242
1642   0.40047
1643   0.408473
1644   0.414644
1645   0.418764
1646   0.42019
1647   0.418926
1648   0.414749
1649   0.407932
1650   0.39864
1651   0.387203
1652   0.37395
1653   0.359115
1654   0.343053
1655   0.325871
1656   0.307907
1657   0.289165
1658   0.269967
1659   0.250247
1660   0.230322
1661   0.210083
1662   0.189855
1663   0.169506
1664   0.149379
1665   0.129326
1666   0.109727
1667   0.0904173
1668   0.0718331
1669   0.0537878
1670   0.0368067
1671   0.0206644
1672   0.00603072
1673   -0.00740002
1674   -0.0187416
1675   -0.0285039
1676   -0.0356639
1677   0.302415
1678   0.312281
1679   0.322265
1680   0.332335
1681   0.34236
1682   0.352323
1683   0.361876
1684   0.37106
1685   0.379278
1686   0.386619
1687   0.392313
1688   0.39644
1689   0.398328
1690   0.398003
1691   0.395288
1692   0.390154
1693   0.382958
1694   0.373533
1695   0.362593
1696   0.34977
1697   0.335972
1698   0.320635
1699   0.304767
1700   0.287649
1701   0.270345
1702   0.252031
1703   0.233799
1704   0.214768
1705   0.196045
1706   0.176724
1707   0.157918
1708   0.138723
1709   0.12025
1710   0.101623
1711   0.0839386
1712   0.0663771
1713   0.0500041
1714   0.0341012
1715   0.0196707
1716   0.00617712
1717   -0.00550791
1718   -0.0156205
1719   -0.023618
1720   0.289214
1721   0.298425
1722   0.307692
1723   0.316941
1724   0.326124
1725   0.335128
1726   0.34381
1727   0.352025
1728   0.359512
1729   0.3661
1730   0.371433
1731   0.375338
1732   0.377469
1733   0.377718
1734   0.375925
1735   0.372105
1736   0.366323
1737   0.35867
1738   0.34936
1739   0.338486
1740   0.326327
1741   0.312932
1742   0.298599
1743   0.283329
1744   0.267415
1745   0.250817
1746   0.233827
1747   0.216374
1748   0.198749
1749   0.180867
1750   0.163025
1751   0.145125
1752   0.12748
1753   0.10999
1754   0.092985
1755   0.0763634
1756   0.0604933
1757   0.0452605
1758   0.0311028
1759   0.0178665
1760   0.00614377
1761   -0.00435566
1762   -0.0126393
1763   0.276393
1764   0.285005
1765   0.293593
1766   0.302132
1767   0.310509
1768   0.318737
1769   0.326549
1770   0.33402
1771   0.340714
1772   0.346749
1773   0.351583
1774   0.355321
1775   0.357483
1776   0.358102
1777   0.356979
1778   0.354042
1779   0.349465
1780   0.343037
1781   0.335263
1782   0.325764
1783   0.315284
1784   0.303275
1785   0.29064
1786   0.27669
1787   0.262426
1788   0.247051
1789   0.231631
1790   0.215296
1791   0.19915
1792   0.18228
1793   0.165816
1794   0.148822
1795   0.132445
1796   0.115746
1797   0.0998807
1798   0.083919
1799   0.0690224
1800   0.0542842
1801   0.040862
1802   0.0278982
1803   0.0165113
1804   0.00598884
1805   -0.00278166
1806   0.263952
1807   0.271999
1808   0.279991
1809   0.287885
1810   0.295619
1811   0.303125
1812   0.310293
1813   0.317023
1814   0.323153
1815   0.328551
1816   0.333015
1817   0.336401
1818   0.338516
1819   0.339241
1820   0.338469
1821   0.336146
1822   0.332283
1823   0.326892
1824   0.320078
1825   0.311891
1826   0.302495
1827   0.291943
1828   0.280424
1829   0.267982
1830   0.254811
1831   0.24094
1832   0.226562
1833   0.211694
1834   0.196524
1835   0.181066
1836   0.165506
1837   0.149853
1838   0.134298
1839   0.118854
1840   0.103714
1841   0.088898
1842   0.0746078
1843   0.0608716
1844   0.0479006
1845   0.0357356
1846   0.0245963
1847   0.0145378
1848   0.00575979
