##### Y Mean #####
0   0.00463584
1   -0.0281099
2   -0.0665236
3   -0.109056
4   -0.154854
5   -0.201996
6   -0.249803
7   -0.29641
8   -0.341193
9   -0.381864
10   -0.418918
11   -0.451527
12   -0.480227
13   -0.504673
14   -0.525172
15   -0.5416
16   -0.554153
17   -0.562825
18   -0.567913
19   -0.569608
20   -0.568213
21   -0.564059
22   -0.557341
23   -0.548423
24   -0.537502
25   -0.525009
26   -0.511172
27   -0.496454
28   -0.481018
29   -0.465228
30   -0.44918
31   -0.433126
32   -0.417108
33   -0.40127
34   -0.385619
35   -0.37023
36   -0.355103
37   -0.340278
38   -0.325764
39   -0.311583
40   -0.29775
41   -0.284281
42   -0.271191
43   0.0356596
44   0.00246798
45   -0.0393234
46   -0.0839726
47   -0.135216
48   -0.185014
49   -0.238998
50   -0.288202
51   -0.340159
52   -0.382437
53   -0.424994
54   -0.459448
55   -0.492248
56   -0.518664
57   -0.542115
58   -0.560218
59   -0.574828
60   -0.584607
61   -0.590901
62   -0.593314
63   -0.592325
64   -0.588582
65   -0.58161
66   -0.572642
67   -0.56087
68   -0.547895
69   -0.532788
70   -0.517366
71   -0.500544
72   -0.483934
73   -0.466555
74   -0.449658
75   -0.432475
76   -0.415821
77   -0.39918
78   -0.383015
79   -0.367036
80   -0.351481
81   -0.336221
82   -0.321362
83   -0.30687
84   -0.292785
85   -0.279111
86   0.0723267
87   0.0413986
88   -0.00128547
89   -0.0486543
90   -0.102247
91   -0.156483
92   -0.212678
93   -0.266663
94   -0.32056
95   -0.370293
96   -0.416165
97   -0.457105
98   -0.49363
99   -0.524938
100   -0.551733
101   -0.573149
102   -0.590161
103   -0.602448
104   -0.610617
105   -0.614885
106   -0.615361
107   -0.612502
108   -0.606288
109   -0.597251
110   -0.585506
111   -0.57172
112   -0.556088
113   -0.539385
114   -0.5217
115   -0.50361
116   -0.485194
117   -0.466863
118   -0.44865
119   -0.430748
120   -0.413156
121   -0.395939
122   -0.379099
123   -0.362655
124   -0.346624
125   -0.331008
126   -0.315835
127   -0.301102
128   -0.286835
129   0.113359
130   0.0832755
131   0.0412347
132   -0.0072595
133   -0.0639148
134   -0.120082
135   -0.180058
136   -0.2362
137   -0.293578
138   -0.346686
139   -0.398963
140   -0.443221
141   -0.486793
142   -0.520722
143   -0.554164
144   -0.577655
145   -0.599582
146   -0.614342
147   -0.625932
148   -0.632879
149   -0.635581
150   -0.634692
151   -0.629477
152   -0.621329
153   -0.609542
154   -0.595805
155   -0.579274
156   -0.562068
157   -0.543004
158   -0.523943
159   -0.503957
160   -0.484507
161   -0.464866
162   -0.445884
163   -0.427083
164   -0.408883
165   -0.391031
166   -0.373716
167   -0.356832
168   -0.340456
169   -0.324564
170   -0.309179
171   -0.294306
172   0.158128
173   0.132725
174   0.0906891
175   0.0423531
176   -0.0157784
177   -0.0747584
178   -0.136624
179   -0.196245
180   -0.256069
181   -0.312702
182   -0.367031
183   -0.41659
184   -0.462284
185   -0.502745
186   -0.538923
187   -0.570084
188   -0.596252
189   -0.617572
190   -0.633953
191   -0.645356
192   -0.65208
193   -0.653608
194   -0.650832
195   -0.643781
196   -0.63309
197   -0.619616
198   -0.603284
199   -0.585187
200   -0.565415
201   -0.54476
202   -0.523558
203   -0.502397
204   -0.481516
205   -0.46104
206   -0.441113
207   -0.42168
208   -0.402845
209   -0.384521
210   -0.366794
211   -0.349591
212   -0.332986
213   -0.316921
214   -0.301456
215   0.204704
216   0.180649
217   0.141262
218   0.0923984
219   0.033766
220   -0.0265524
221   -0.090469
222   -0.152
223   -0.214066
224   -0.272589
225   -0.32938
226   -0.381519
227   -0.430555
228   -0.474376
229   -0.515099
230   -0.550332
231   -0.583687
232   -0.608485
233   -0.633206
234   -0.646882
235   -0.661355
236   -0.664391
237   -0.666795
238   -0.661519
239   -0.653078
240   -0.641396
241   -0.625398
242   -0.607712
243   -0.586836
244   -0.565332
245   -0.542419
246   -0.520069
247   -0.497602
248   -0.475926
249   -0.454663
250   -0.434146
251   -0.414212
252   -0.394956
253   -0.376327
254   -0.358342
255   -0.340996
256   -0.324283
257   -0.30821
258   0.252516
259   0.234873
260   0.195346
261   0.147594
262   0.0882036
263   0.0264554
264   -0.0386835
265   -0.102485
266   -0.166224
267   -0.227022
268   -0.285661
269   -0.340321
270   -0.391531
271   -0.438298
272   -0.481312
273   -0.519851
274   -0.554922
275   -0.585023
276   -0.611249
277   -0.632363
278   -0.64929
279   -0.66157
280   -0.668535
281   -0.67103
282   -0.667724
283   -0.65951
284   -0.646388
285   -0.628612
286   -0.607711
287   -0.584934
288   -0.561013
289   -0.536892
290   -0.513248
291   -0.489996
292   -0.46763
293   -0.445854
294   -0.424969
295   -0.404712
296   -0.385278
297   -0.366485
298   -0.348467
299   -0.331096
300   -0.314471
301   0.299191
302   0.283028
303   0.247874
304   0.200558
305   0.141865
306   0.0797243
307   0.0135693
308   -0.0513439
309   -0.116683
310   -0.178815
311   -0.2393
312   -0.295482
313   -0.3488
314   -0.397305
315   -0.442495
316   -0.482874
317   -0.519797
318   -0.552432
319   -0.581288
320   -0.606098
321   -0.627527
322   -0.644605
323   -0.659942
324   -0.666555
325   -0.673532
326   -0.667343
327   -0.661448
328   -0.644319
329   -0.624533
330   -0.602078
331   -0.577062
332   -0.5523
333   -0.527243
334   -0.502946
335   -0.479368
336   -0.456632
337   -0.43476
338   -0.413685
339   -0.39344
340   -0.373962
341   -0.355273
342   -0.337333
343   -0.320148
344   0.344085
345   0.336524
346   0.30178
347   0.256667
348   0.198609
349   0.135406
350   0.0689378
351   0.00247666
352   -0.0638266
353   -0.127689
354   -0.189381
355   -0.247357
356   -0.302005
357   -0.352349
358   -0.398951
359   -0.441171
360   -0.479776
361   -0.514326
362   -0.545303
363   -0.572536
364   -0.596349
365   -0.61654
366   -0.633742
367   -0.646464
368   -0.65545
369   -0.659327
370   -0.657287
371   -0.650476
372   -0.635144
373   -0.614997
374   -0.590962
375   -0.56486
376   -0.539211
377   -0.513632
378   -0.48937
379   -0.465702
380   -0.443185
381   -0.421365
382   -0.400537
383   -0.380435
384   -0.361229
385   -0.342752
386   -0.325116
387   0.384008
388   0.376773
389   0.351883
390   0.310325
391   0.254152
392   0.191046
393   0.123771
394   0.0566354
395   -0.0108595
396   -0.0756596
397   -0.138731
398   -0.197764
399   -0.253863
400   -0.305361
401   -0.353412
402   -0.396911
403   -0.436929
404   -0.47288
405   -0.505425
406   -0.534281
407   -0.55987
408   -0.581943
409   -0.60078
410   -0.616542
411   -0.628626
412   -0.637358
413   -0.642708
414   -0.640981
415   -0.63737
416   -0.619275
417   -0.599319
418   -0.573622
419   -0.547645
420   -0.521794
421   -0.497026
422   -0.472943
423   -0.449919
424   -0.427668
425   -0.406358
426   -0.385846
427   -0.36619
428   -0.347326
429   -0.329265
430   0.420296
431   0.418862
432   0.398368
433   0.365599
434   0.309422
435   0.246257
436   0.179323
437   0.111367
438   0.043431
439   -0.0226028
440   -0.0864444
441   -0.146833
442   -0.203836
443   -0.2567
444   -0.30575
445   -0.350592
446   -0.391716
447   -0.428936
448   -0.462669
449   -0.492815
450   -0.519712
451   -0.543239
452   -0.563867
453   -0.581412
454   -0.59597
455   -0.60733
456   -0.615318
457   -0.618939
458   -0.618305
459   -0.611979
460   -0.595524
461   -0.57509
462   -0.550765
463   -0.525408
464   -0.501213
465   -0.477248
466   -0.45429
467   -0.431947
468   -0.410517
469   -0.389802
470   -0.369929
471   -0.350791
472   -0.332459
473   0.452493
474   0.453176
475   0.440387
476   0.410615
477   0.360641
478   0.299545
479   0.232993
480   0.165182
481   0.0966307
482   0.0301213
483   -0.0347114
484   -0.0957993
485   -0.153892
486   -0.207559
487   -0.257693
488   -0.303415
489   -0.345567
490   -0.383711
491   -0.418439
492   -0.449616
493   -0.477565
494   -0.5024
495   -0.524201
496   -0.543388
497   -0.559447
498   -0.572924
499   -0.582767
500   -0.589719
501   -0.592093
502   -0.590835
503   -0.583804
504   -0.567396
505   -0.548128
506   -0.524738
507   -0.501816
508   -0.478583
509   -0.456136
510   -0.43411
511   -0.412849
512   -0.392213
513   -0.372304
514   -0.353086
515   -0.33458
516   0.481243
517   0.486478
518   0.478898
519   0.458913
520   0.409593
521   0.350552
522   0.285588
523   0.218039
524   0.149686
525   0.082491
526   0.0173111
527   -0.0447651
528   -0.103414
529   -0.158129
530   -0.208929
531   -0.255672
532   -0.29857
533   -0.337672
534   -0.373229
535   -0.405366
536   -0.434318
537   -0.460232
538   -0.483329
539   -0.503725
540   -0.521397
541   -0.536376
542   -0.548402
543   -0.557467
544   -0.562927
545   -0.564822
546   -0.561279
547   -0.552647
548   -0.536611
549   -0.517856
550   -0.497144
551   -0.475989
552   -0.45469
553   -0.43366
554   -0.412977
555   -0.392796
556   -0.373113
557   -0.354027
558   -0.33551
559   0.506218
560   0.514371
561   0.51262
562   0.49471
563   0.45393
564   0.398734
565   0.335616
566   0.269174
567   0.20089
568   0.133765
569   0.0679996
570   0.00561407
571   -0.0538199
572   -0.109014
573   -0.160635
574   -0.20796
575   -0.251656
576   -0.291428
577   -0.327777
578   -0.360726
579   -0.390537
580   -0.417493
581   -0.441565
582   -0.463251
583   -0.482091
584   -0.498723
585   -0.512253
586   -0.523468
587   -0.530939
588   -0.535485
589   -0.534998
590   -0.530368
591   -0.520104
592   -0.505315
593   -0.488249
594   -0.469479
595   -0.450173
596   -0.43048
597   -0.410871
598   -0.391407
599   -0.372255
600   -0.353483
601   -0.335153
602   0.527509
603   0.539174
604   0.542619
605   0.534687
606   0.495676
607   0.444595
608   0.384035
609   0.31871
610   0.251191
611   0.183869
612   0.118209
613   0.055186
614   -0.00444319
615   -0.0604144
616   -0.112404
617   -0.16053
618   -0.204724
619   -0.245296
620   -0.282284
621   -0.316078
622   -0.346729
623   -0.374639
624   -0.399802
625   -0.42259
626   -0.442808
627   -0.460789
628   -0.476073
629   -0.488993
630   -0.498643
631   -0.505437
632   -0.507782
633   -0.506591
634   -0.499663
635   -0.489259
636   -0.475307
637   -0.459677
638   -0.442479
639   -0.424736
640   -0.406417
641   -0.388094
642   -0.369653
643   -0.351481
644   -0.333448
645   0.544947
646   0.559538
647   0.56731
648   0.561197
649   0.53302
650   0.487466
651   0.429887
652   0.366262
653   0.299309
654   0.232592
655   0.166739
656   0.103831
657   0.0437015
658   -0.0124259
659   -0.0650243
660   -0.113479
661   -0.158318
662   -0.199371
663   -0.237052
664   -0.27151
665   -0.302949
666   -0.331749
667   -0.357838
668   -0.381754
669   -0.403089
670   -0.422468
671   -0.439137
672   -0.453735
673   -0.46516
674   -0.473953
675   -0.478801
676   -0.480096
677   -0.476911
678   -0.469778
679   -0.459458
680   -0.446623
681   -0.432095
682   -0.416312
683   -0.399745
684   -0.382663
685   -0.365282
686   -0.347803
687   -0.330346
688   0.558476
689   0.575451
690   0.587744
691   0.590813
692   0.56705
693   0.529348
694   0.474277
695   0.411955
696   0.346288
697   0.279752
698   0.214498
699   0.151266
700   0.0913069
701   0.0346336
702   -0.0180523
703   -0.0671347
704   -0.112253
705   -0.153986
706   -0.192144
707   -0.227366
708   -0.259507
709   -0.289197
710   -0.316231
711   -0.341194
712   -0.363721
713   -0.384347
714   -0.402457
715   -0.418561
716   -0.431682
717   -0.442375
718   -0.449259
719   -0.453129
720   -0.452484
721   -0.448703
722   -0.441186
723   -0.431449
724   -0.419277
725   -0.405849
726   -0.390979
727   -0.375507
728   -0.35921
729   -0.342738
730   -0.325865
731   0.56823
732   0.58767
733   0.602659
734   0.607944
735   0.596805
736   0.565756
737   0.515568
738   0.45563
739   0.390981
740   0.325656
741   0.260565
742   0.197852
743   0.137628
744   0.0810976
745   0.0279821
746   -0.0211905
747   -0.0668194
748   -0.108848
749   -0.147606
750   -0.183346
751   -0.216212
752   -0.246652
753   -0.274564
754   -0.300501
755   -0.324085
756   -0.345893
757   -0.365275
758   -0.382753
759   -0.397447
760   -0.409747
761   -0.418702
762   -0.424574
763   -0.426728
764   -0.42551
765   -0.421064
766   -0.413892
767   -0.404417
768   -0.393099
769   -0.380286
770   -0.366336
771   -0.351461
772   -0.335961
773   -0.319998
774   0.574122
775   0.595259
776   0.613375
777   0.624495
778   0.621452
779   0.604094
780   0.555255
781   0.496721
782   0.434466
783   0.369775
784   0.305802
785   0.243018
786   0.183291
787   0.12641
788   0.0734747
789   0.0238409
790   -0.0218473
791   -0.064427
792   -0.103486
793   -0.139895
794   -0.173314
795   -0.204567
796   -0.233275
797   -0.26018
798   -0.284775
799   -0.307723
800   -0.328306
801   -0.347132
802   -0.363222
803   -0.377183
804   -0.387809
805   -0.39584
806   -0.400075
807   -0.401553
808   -0.399481
809   -0.395069
810   -0.387833
811   -0.378902
812   -0.367901
813   -0.355786
814   -0.342205
815   -0.327994
816   -0.312834
817   0.576307
818   0.599155
819   0.619951
820   0.635379
821   0.641325
822   0.628464
823   0.589922
824   0.536196
825   0.475803
826   0.412957
827   0.349416
828   0.287481
829   0.227679
830   0.171223
831   0.11804
832   0.0685637
833   0.0225195
834   -0.0201577
835   -0.0597013
836   -0.0964696
837   -0.130529
838   -0.162391
839   -0.191904
840   -0.219638
841   -0.245208
842   -0.269165
843   -0.290912
844   -0.310915
845   -0.328423
846   -0.343777
847   -0.35621
848   -0.365968
849   -0.372507
850   -0.376105
851   -0.376634
852   -0.374467
853   -0.369733
854   -0.36283
855   -0.353943
856   -0.343437
857   -0.331471
858   -0.318395
859   -0.304392
860   0.574984
861   0.598577
862   0.622354
863   0.642026
864   0.656061
865   0.657544
866   0.621352
867   0.572093
868   0.515306
869   0.453909
870   0.391896
871   0.330189
872   0.271212
873   0.214637
874   0.161933
875   0.112197
876   0.0663384
877   0.0232701
878   -0.0163874
879   -0.0537031
880   -0.0881644
881   -0.12074
882   -0.150907
883   -0.179514
884   -0.205943
885   -0.230935
886   -0.253714
887   -0.274944
888   -0.293668
889   -0.310524
890   -0.324423
891   -0.336074
892   -0.344405
893   -0.35029
894   -0.35286
895   -0.353127
896   -0.350426
897   -0.345792
898   -0.338679
899   -0.330071
900   -0.319481
901   -0.307862
902   -0.294805
903   0.570636
904   0.595619
905   0.621187
906   0.645166
907   0.664818
908   0.669122
909   0.647362
910   0.605544
911   0.552297
912   0.493515
913   0.432422
914   0.372042
915   0.313308
916   0.25754
917   0.204842
918   0.155558
919   0.109542
920   0.0665904
921   0.0265941
922   -0.010925
923   -0.0459172
924   -0.0789739
925   -0.109853
926   -0.139163
927   -0.166474
928   -0.192345
929   -0.216188
930   -0.238464
931   -0.258484
932   -0.276594
933   -0.292111
934   -0.305297
935   -0.315621
936   -0.323336
937   -0.328164
938   -0.330401
939   -0.329978
940   -0.32722
941   -0.322164
942   -0.315145
943   -0.306249
944   -0.295842
945   -0.284103
946   0.563373
947   0.588154
948   0.615879
949   0.641988
950   0.667802
951   0.684666
952   0.668409
953   0.636249
954   0.587005
955   0.530317
956   0.471361
957   0.411639
958   0.354237
959   0.298673
960   0.246836
961   0.197548
962   0.151991
963   0.108841
964   0.0689203
965   0.0309988
966   -0.0042533
967   -0.0379045
968   -0.0693107
969   -0.0993845
970   -0.127428
971   -0.154225
972   -0.178972
973   -0.202361
974   -0.223467
975   -0.242942
976   -0.259774
977   -0.274647
978   -0.28655
979   -0.296267
980   -0.302884
981   -0.307289
982   -0.308695
983   -0.308053
984   -0.304674
985   -0.299533
986   -0.292021
987   -0.283155
988   -0.272442
989   0.553793
990   0.579461
991   0.607464
992   0.636273
993   0.66395
994   0.682861
995   0.684016
996   0.660953
997   0.617931
998   0.565041
999   0.50776
1000   0.45013
1001   0.393422
1002   0.339144
1003   0.28764
1004   0.239127
1005   0.193655
1006   0.150833
1007   0.110746
1008   0.0727643
1009   0.0371146
1010   0.00309977
1011   -0.0289002
1012   -0.0595631
1013   -0.0883722
1014   -0.115934
1015   -0.141624
1016   -0.165945
1017   -0.188214
1018   -0.208818
1019   -0.227094
1020   -0.243338
1021   -0.256995
1022   -0.26832
1023   -0.276931
1024   -0.283081
1025   -0.286558
1026   -0.28763
1027   -0.28621
1028   -0.282593
1029   -0.276787
1030   -0.269154
1031   -0.259856
1032   0.541884
1033   0.566581
1034   0.595449
1035   0.624523
1036   0.654892
1037   0.679517
1038   0.690162
1039   0.685584
1040   0.645998
1041   0.595876
1042   0.54215
1043   0.48568
1044   0.43095
1045   0.377234
1046   0.327021
1047   0.278808
1048   0.234073
1049   0.191285
1050   0.151452
1051   0.113247
1052   0.0774722
1053   0.0430203
1054   0.0106193
1055   -0.0206562
1056   -0.0500688
1057   -0.0784067
1058   -0.104871
1059   -0.130154
1060   -0.153376
1061   -0.175181
1062   -0.19462
1063   -0.21235
1064   -0.2274
1065   -0.240486
1066   -0.250675
1067   -0.258764
1068   -0.263887
1069   -0.266917
1070   -0.267061
1071   -0.26526
1072   -0.260808
1073   -0.254746
1074   -0.246513
1075   0.528239
1076   0.552984
1077   0.580802
1078   0.610586
1079   0.641367
1080   0.669076
1081   0.689711
1082   0.69112
1083   0.666996
1084   0.624243
1085   0.57338
1086   0.519735
1087   0.466133
1088   0.414196
1089   0.364706
1090   0.317594
1091   0.273241
1092   0.230976
1093   0.191198
1094   0.153072
1095   0.117088
1096   0.0824027
1097   0.0495882
1098   0.0178623
1099   -0.012136
1100   -0.0410944
1101   -0.0683217
1102   -0.094391
1103   -0.11859
1104   -0.141371
1105   -0.162049
1106   -0.180973
1107   -0.197543
1108   -0.212036
1109   -0.22398
1110   -0.233615
1111   -0.240611
1112   -0.245201
1113   -0.247187
1114   -0.246826
1115   -0.244053
1116   -0.239212
1117   -0.232443
1118   0.512988
1119   0.536038
1120   0.563559
1121   0.591998
1122   0.623536
1123   0.65247
1124   0.68017
1125   0.69807
1126   0.680194
1127   0.64704
1128   0.600713
1129   0.549186
1130   0.49837
1131   0.447578
1132   0.399897
1133   0.353515
1134   0.310192
1135   0.268281
1136   0.228945
1137   0.190864
1138   0.154919
1139   0.120047
1140   0.0870041
1141   0.054908
1142   0.0244874
1143   -0.00501251
1144   -0.0328309
1145   -0.0596356
1146   -0.0846043
1147   -0.108358
1148   -0.130011
1149   -0.150181
1150   -0.167942
1151   -0.18395
1152   -0.197269
1153   -0.20862
1154   -0.217085
1155   -0.223469
1156   -0.226897
1157   -0.228271
1158   -0.226796
1159   -0.223522
1160   -0.217823
1161   0.496838
1162   0.5194
1163   0.545046
1164   0.573112
1165   0.603333
1166   0.633797
1167   0.662643
1168   0.682666
1169   0.685659
1170   0.662116
1171   0.622314
1172   0.575483
1173   0.526898
1174   0.478703
1175   0.432392
1176   0.387494
1177   0.344991
1178   0.303828
1179   0.264894
1180   0.22709
1181   0.191252
1182   0.156358
1183   0.123207
1184   0.0908837
1185   0.0601721
1186   0.0302763
1187   0.0019766
1188   -0.0253941
1189   -0.0510674
1190   -0.0755803
1191   -0.0982012
1192   -0.119347
1193   -0.138358
1194   -0.155553
1195   -0.170373
1196   -0.183067
1197   -0.193202
1198   -0.200987
1199   -0.206126
1200   -0.20884
1201   -0.208993
1202   -0.206905
1203   -0.202681
1204   0.479927
1205   0.500578
1206   0.525285
1207   0.551216
1208   0.580692
1209   0.609558
1210   0.639496
1211   0.663501
1212   0.674675
1213   0.67236
1214   0.638126
1215   0.594775
1216   0.550604
1217   0.504394
1218   0.460571
1219   0.417075
1220   0.375973
1221   0.335701
1222   0.297497
1223   0.260204
1224   0.224692
1225   0.190038
1226   0.156951
1227   0.124651
1228   0.0938035
1229   0.0637288
1230   0.0351124
1231   0.00734275
1232   -0.0188392
1233   -0.0440061
1234   -0.0673497
1235   -0.0894359
1236   -0.109394
1237   -0.127816
1238   -0.143785
1239   -0.157948
1240   -0.169362
1241   -0.178759
1242   -0.185205
1243   -0.189551
1244   -0.19093
1245   -0.190374
1246   -0.187201
1247   0.46284
1248   0.482752
1249   0.505289
1250   0.530061
1251   0.556972
1252   0.584909
1253   0.612633
1254   0.637409
1255   0.655349
1256   0.65834
1257   0.644268
1258   0.60882
1259   0.568734
1260   0.525913
1261   0.484463
1262   0.442941
1263   0.403414
1264   0.364288
1265   0.327112
1266   0.29049
1267   0.255641
1268   0.221353
1269   0.188656
1270   0.156497
1271   0.125807
1272   0.0956774
1273   0.0669874
1274   0.0389678
1275   0.0124586
1276   -0.0131712
1277   -0.0371272
1278   -0.0599078
1279   -0.0807831
1280   -0.10013
1281   -0.117305
1282   -0.132583
1283   -0.145431
1284   -0.156052
1285   -0.164053
1286   -0.169624
1287   -0.172551
1288   -0.173124
1289   -0.17141
1290   0.445634
1291   0.463764
1292   0.48506
1293   0.50744
1294   0.53265
1295   0.557728
1296   0.583956
1297   0.606923
1298   0.627413
1299   0.639571
1300   0.631546
1301   0.611807
1302   0.57738
1303   0.538774
1304   0.500977
1305   0.462314
1306   0.424851
1307   0.38764
1308   0.351764
1309   0.316464
1310   0.282462
1311   0.249084
1312   0.216919
1313   0.185353
1314   0.154947
1315   0.125137
1316   0.0965077
1317   0.0685361
1318   0.0418646
1319   0.0159928
1320   -0.00836292
1321   -0.0317
1322   -0.053222
1323   -0.0734478
1324   -0.0915028
1325   -0.107955
1326   -0.121863
1327   -0.133879
1328   -0.143031
1329   -0.1501
1330   -0.154158
1331   -0.156204
1332   -0.155496
1333   0.428698
1334   0.446014
1335   0.465263
1336   0.48619
1337   0.508633
1338   0.531941
1339   0.55503
1340   0.577105
1341   0.595446
1342   0.60895
1343   0.611353
1344   0.598835
1345   0.577067
1346   0.544299
1347   0.511299
1348   0.475652
1349   0.441204
1350   0.406009
1351   0.372232
1352   0.33834
1353   0.305843
1354   0.273446
1355   0.242359
1356   0.211453
1357   0.181786
1358   0.152371
1359   0.12418
1360   0.0963591
1361   0.0698265
1362   0.0438594
1363   0.0193256
1364   -0.00436352
1365   -0.0263995
1366   -0.0472364
1367   -0.0661413
1368   -0.083439
1369   -0.0984951
1370   -0.111528
1371   -0.122036
1372   -0.130192
1373   -0.13569
1374   -0.138782
1375   -0.139486
1376   0.412007
1377   0.427846
1378   0.445854
1379   0.464671
1380   0.485339
1381   0.50603
1382   0.527292
1383   0.546881
1384   0.564443
1385   0.577292
1386   0.582597
1387   0.579411
1388   0.56277
1389   0.539441
1390   0.511316
1391   0.481086
1392   0.449869
1393   0.418143
1394   0.386604
1395   0.355116
1396   0.324208
1397   0.293547
1398   0.263594
1399   0.233951
1400   0.205075
1401   0.17655
1402   0.148863
1403   0.121603
1404   0.0953098
1405   0.0695763
1406   0.0450181
1407   0.021221
1408   -0.00111063
1409   -0.0224125
1410   -0.041881
1411   -0.0599956
1412   -0.0758511
1413   -0.0900056
1414   -0.101475
1415   -0.110955
1416   -0.117463
1417   -0.121938
1418   -0.123577
1419   0.395763
1420   0.410805
1421   0.427115
1422   0.444535
1423   0.462875
1424   0.481783
1425   0.500357
1426   0.518288
1427   0.533511
1428   0.54594
1429   0.551803
1430   0.552166
1431   0.543249
1432   0.526355
1433   0.505043
1434   0.479615
1435   0.453064
1436   0.424625
1437   0.39636
1438   0.367192
1439   0.338675
1440   0.309693
1441   0.281528
1442   0.25311
1443   0.225573
1444   0.197923
1445   0.171209
1446   0.144527
1447   0.118871
1448   0.0934403
1449   0.0691811
1450   0.0454112
1451   0.0230229
1452   0.0014665
1453   -0.018431
1454   -0.0370752
1455   -0.0537256
1456   -0.068645
1457   -0.0812185
1458   -0.0916112
1459   -0.0994095
1460   -0.104823
1461   -0.107797
1462   0.379902
1463   0.393771
1464   0.408966
1465   0.424695
1466   0.441475
1467   0.458281
1468   0.475182
1469   0.491033
1470   0.505182
1471   0.516572
1472   0.523445
1473   0.525654
1474   0.52027
1475   0.509136
1476   0.492583
1477   0.472579
1478   0.449968
1479   0.425699
1480   0.400405
1481   0.374373
1482   0.348078
1483   0.321482
1484   0.294988
1485   0.268406
1486   0.242125
1487   0.215885
1488   0.190094
1489   0.164461
1490   0.139438
1491   0.114719
1492   0.0908179
1493   0.0674138
1494   0.045105
1495   0.0235463
1496   0.00344084
1497   -0.0155959
1498   -0.0327356
1499   -0.0484324
1500   -0.0617305
1501   -0.0732165
1502   -0.0818696
1503   -0.0885378
1504   -0.0923467
1505   0.364504
1506   0.377614
1507   0.391464
1508   0.405962
1509   0.420925
1510   0.436177
1511   0.451032
1512   0.465385
1513   0.477864
1514   0.48854
1515   0.49536
1516   0.498623
1517   0.496372
1518   0.488929
1519   0.477111
1520   0.461251
1521   0.443043
1522   0.422279
1523   0.400573
1524   0.37729
1525   0.353837
1526   0.329364
1527   0.305123
1528   0.280179
1529   0.25569
1530   0.230708
1531   0.206331
1532   0.181644
1533   0.157702
1534   0.13365
1535   0.110506
1536   0.0874984
1537   0.065605
1538   0.0441638
1539   0.0240987
1540   0.00488742
1541   -0.0126195
1542   -0.028778
1543   -0.0428479
1544   -0.0550255
1545   -0.0647639
1546   -0.0722272
1547   -0.0772597
1548   0.349511
1549   0.361679
1550   0.374553
1551   0.387721
1552   0.401382
1553   0.415001
1554   0.428467
1555   0.441204
1556   0.452669
1557   0.462354
1558   0.469204
1559   0.472992
1560   0.472403
1561   0.467849
1562   0.459135
1563   0.447126
1564   0.432239
1565   0.415158
1566   0.396375
1567   0.376243
1568   0.355193
1569   0.333323
1570   0.311011
1571   0.288204
1572   0.265253
1573   0.242019
1574   0.21886
1575   0.19559
1576   0.17259
1577   0.14965
1578   0.127193
1579   0.10499
1580   0.0835287
1581   0.0625561
1582   0.0426499
1583   0.0235241
1584   0.0058807
1585   -0.0106231
1586   -0.0251244
1587   -0.0380782
1588   -0.04847
1589   -0.0570112
1590   -0.0627421
1591   0.334945
1592   0.346396
1593   0.358206
1594   0.370323
1595   0.38259
1596   0.394931
1597   0.406859
1598   0.418361
1599   0.428547
1600   0.437488
1601   0.443972
1602   0.448101
1603   0.448807
1604   0.446168
1605   0.440199
1606   0.430993
1607   0.419354
1608   0.40515
1609   0.389478
1610   0.371909
1611   0.353599
1612   0.333885
1613   0.313915
1614   0.292882
1615   0.271914
1616   0.250129
1617   0.228641
1618   0.206544
1619   0.184937
1620   0.162926
1621   0.141594
1622   0.120089
1623   0.0994686
1624   0.0789525
1625   0.0595626
1626   0.0406262
1627   0.0231083
1628   0.00649486
1629   -0.00834081
1630   -0.0217035
1631   -0.0328869
1632   -0.0420336
1633   -0.0488324
1634   0.320773
1635   0.331443
1636   0.342407
1637   0.353477
1638   0.364681
1639   0.375763
1640   0.386571
1641   0.396815
1642   0.406111
1643   0.414171
1644   0.420386
1645   0.42454
1646   0.425989
1647   0.424737
1648   0.420562
1649   0.413731
1650   0.404411
1651   0.392929
1652   0.379613
1653   0.364694
1654   0.348528
1655   0.331218
1656   0.313105
1657   0.29419
1658   0.274799
1659   0.254862
1660   0.234701
1661   0.214205
1662   0.193706
1663   0.173067
1664   0.15264
1665   0.132274
1666   0.112358
1667   0.092724
1668   0.0738179
1669   0.0554515
1670   0.03816
1671   0.0217161
1672   0.00680203
1673   -0.00689143
1674   -0.0184617
1675   -0.0284264
1676   -0.0357438
1677   0.306998
1678   0.317
1679   0.327114
1680   0.337306
1681   0.347444
1682   0.357509
1683   0.367156
1684   0.376421
1685   0.384712
1686   0.392111
1687   0.397854
1688   0.402017
1689   0.403933
1690   0.403623
1691   0.400912
1692   0.395767
1693   0.388549
1694   0.379083
1695   0.368089
1696   0.355189
1697   0.341299
1698   0.325845
1699   0.309844
1700   0.292568
1701   0.275089
1702   0.256575
1703   0.238131
1704   0.218862
1705   0.199891
1706   0.1803
1707   0.161219
1708   0.141731
1709   0.122965
1710   0.104033
1711   0.0860489
1712   0.0681818
1713   0.0515164
1714   0.035323
1715   0.0206228
1716   0.00687182
1717   -0.00504175
1718   -0.0153573
1719   -0.0235218
1720   0.293608
1721   0.302949
1722   0.31234
1723   0.321705
1724   0.330997
1725   0.340102
1726   0.348876
1727   0.357171
1728   0.36473
1729   0.371378
1730   0.376762
1731   0.380706
1732   0.382866
1733   0.383132
1734   0.381346
1735   0.377519
1736   0.371717
1737   0.364029
1738   0.354669
1739   0.343727
1740   0.331482
1741   0.317983
1742   0.303528
1743   0.288114
1744   0.272039
1745   0.25526
1746   0.238072
1747   0.220403
1748   0.202549
1749   0.18442
1750   0.166321
1751   0.148153
1752   0.130234
1753   0.112461
1754   0.0951741
1755   0.0782689
1756   0.062121
1757   0.0466155
1758   0.0321987
1759   0.0187154
1760   0.00676884
1761   -0.00393512
1762   -0.0123861
1763   0.280603
1764   0.289336
1765   0.298041
1766   0.306692
1767   0.315174
1768   0.323498
1769   0.331399
1770   0.33895
1771   0.345715
1772   0.35181
1773   0.356695
1774   0.360472
1775   0.362666
1776   0.363302
1777   0.362188
1778   0.359245
1779   0.354652
1780   0.348192
1781   0.340374
1782   0.330811
1783   0.320255
1784   0.308148
1785   0.295403
1786   0.281319
1787   0.26691
1788   0.251367
1789   0.235769
1790   0.219232
1791   0.202877
1792   0.185777
1793   0.169079
1794   0.151834
1795   0.135207
1796   0.118243
1797   0.102118
1798   0.0858886
1799   0.0707358
1800   0.0557385
1801   0.0420751
1802   0.0288739
1803   0.0172739
1804   0.00655106
1805   -0.00239101
1806   0.267979
1807   0.276142
1808   0.284244
1809   0.292243
1810   0.300076
1811   0.307675
1812   0.314928
1813   0.321735
1814   0.327933
1815   0.33339
1816   0.337904
1817   0.341329
1818   0.343474
1819   0.344218
1820   0.343454
1821   0.341129
1822   0.33725
1823   0.33183
1824   0.324974
1825   0.31673
1826   0.307261
1827   0.296622
1828   0.284999
1829   0.272437
1830   0.259128
1831   0.245105
1832   0.230559
1833   0.215508
1834   0.200143
1835   0.184475
1836   0.168696
1837   0.152814
1838   0.137024
1839   0.121338
1840   0.105954
1841   0.0908931
1842   0.0763609
1843   0.0623868
1844   0.0491865
1845   0.0368023
1846   0.0254584
1847   0.0152116
1848   0.00626567
