##### Y Mean #####
0   0.00382478
1   -0.0281563
2   -0.0656305
3   -0.107061
4   -0.151591
5   -0.197318
6   -0.243577
7   -0.288564
8   -0.331703
9   -0.370847
10   -0.406469
11   -0.437793
12   -0.465329
13   -0.488755
14   -0.508371
15   -0.524061
16   -0.53603
17   -0.544274
18   -0.549088
19   -0.550651
20   -0.549261
21   -0.545228
22   -0.538751
23   -0.530169
24   -0.519677
25   -0.507677
26   -0.494389
27   -0.480246
28   -0.465407
29   -0.450212
30   -0.434758
31   -0.419282
32   -0.40383
33   -0.388535
34   -0.373413
35   -0.358532
36   -0.3439
37   -0.329553
38   -0.315502
39   -0.301772
40   -0.288376
41   -0.275331
42   -0.262651
43   0.0338496
44   0.00137215
45   -0.0394727
46   -0.0830388
47   -0.132955
48   -0.181321
49   -0.2336
50   -0.281131
51   -0.331121
52   -0.371851
53   -0.412706
54   -0.445802
55   -0.477231
56   -0.502505
57   -0.524914
58   -0.542156
59   -0.556061
60   -0.565314
61   -0.571259
62   -0.573457
63   -0.572445
64   -0.568758
65   -0.562037
66   -0.553374
67   -0.542085
68   -0.5296
69   -0.515122
70   -0.500289
71   -0.484149
72   -0.46816
73   -0.451454
74   -0.435165
75   -0.418611
76   -0.402531
77   -0.386468
78   -0.370841
79   -0.355396
80   -0.340347
81   -0.325583
82   -0.311201
83   -0.297172
84   -0.283535
85   -0.270293
86   0.0693853
87   0.0390476
88   -0.00275511
89   -0.0490781
90   -0.10139
91   -0.154214
92   -0.208751
93   -0.261021
94   -0.312976
95   -0.360819
96   -0.404859
97   -0.444086
98   -0.479022
99   -0.508911
100   -0.53444
101   -0.554806
102   -0.570939
103   -0.58254
104   -0.590204
105   -0.594133
106   -0.594454
107   -0.59159
108   -0.585545
109   -0.576815
110   -0.565523
111   -0.552282
112   -0.53729
113   -0.521262
114   -0.504297
115   -0.486928
116   -0.469237
117   -0.451608
118   -0.434077
119   -0.416826
120   -0.39986
121   -0.383242
122   -0.366978
123   -0.351087
124   -0.335588
125   -0.320486
126   -0.305806
127   -0.291549
128   -0.277739
129   0.109201
130   0.0796039
131   0.0383261
132   -0.00921686
133   -0.0646406
134   -0.119476
135   -0.177835
136   -0.232303
137   -0.287771
138   -0.338888
139   -0.389061
140   -0.43145
141   -0.473033
142   -0.505399
143   -0.537156
144   -0.559466
145   -0.580204
146   -0.594086
147   -0.604941
148   -0.611335
149   -0.613734
150   -0.612675
151   -0.60756
152   -0.599636
153   -0.588305
154   -0.575086
155   -0.559259
156   -0.542746
157   -0.524502
158   -0.506217
159   -0.487069
160   -0.468387
161   -0.449527
162   -0.431261
163   -0.413165
164   -0.395621
165   -0.378405
166   -0.361691
167   -0.345387
168   -0.329564
169   -0.314201
170   -0.299322
171   -0.284933
172   0.152711
173   0.127597
174   0.0862038
175   0.0386632
176   -0.0183524
177   -0.0761025
178   -0.136434
179   -0.194437
180   -0.252356
181   -0.307009
182   -0.359226
183   -0.406723
184   -0.450372
185   -0.488909
186   -0.523253
187   -0.552727
188   -0.577402
189   -0.597411
190   -0.612699
191   -0.623248
192   -0.62936
193   -0.630571
194   -0.62771
195   -0.620803
196   -0.610469
197   -0.5975
198   -0.581845
199   -0.564517
200   -0.54561
201   -0.525858
202   -0.50558
203   -0.485319
204   -0.465304
205   -0.445654
206   -0.426507
207   -0.407816
208   -0.38968
209   -0.372023
210   -0.354926
211   -0.338325
212   -0.322287
213   -0.306763
214   -0.29181
215   0.198057
216   0.17419
217   0.135247
218   0.0870603
219   0.0293742
220   -0.0298006
221   -0.0923172
222   -0.152279
223   -0.212555
224   -0.269134
225   -0.323875
226   -0.373905
227   -0.420831
228   -0.462577
229   -0.501244
230   -0.534545
231   -0.565915
232   -0.589184
233   -0.612213
234   -0.624884
235   -0.638173
236   -0.640783
237   -0.642756
238   -0.637463
239   -0.629225
240   -0.617899
241   -0.60257
242   -0.585623
243   -0.565713
244   -0.545178
245   -0.523331
246   -0.501971
247   -0.480496
248   -0.459734
249   -0.439354
250   -0.419656
251   -0.400501
252   -0.381975
253   -0.364035
254   -0.346699
255   -0.329965
256   -0.313828
257   -0.298298
258   0.244691
259   0.227066
260   0.187862
261   0.140593
262   0.0820292
263   0.0212611
264   -0.042567
265   -0.104925
266   -0.166935
267   -0.225898
268   -0.282522
269   -0.335125
270   -0.384208
271   -0.42887
272   -0.469768
273   -0.506263
274   -0.539301
275   -0.567535
276   -0.591998
277   -0.611566
278   -0.627124
279   -0.638261
280   -0.64441
281   -0.646349
282   -0.642848
283   -0.634771
284   -0.62211
285   -0.605112
286   -0.585192
287   -0.563504
288   -0.540733
289   -0.517757
290   -0.495202
291   -0.472997
292   -0.451601
293   -0.430746
294   -0.41071
295   -0.391259
296   -0.372569
297   -0.354481
298   -0.337115
299   -0.32036
300   -0.304306
301   0.290282
302   0.274061
303   0.239056
304   0.192114
305   0.134059
306   0.0727959
307   0.00778001
308   -0.0557782
309   -0.119541
310   -0.179925
311   -0.238516
312   -0.2927
313   -0.343957
314   -0.390371
315   -0.433462
316   -0.471766
317   -0.506654
318   -0.537296
319   -0.564268
320   -0.587283
321   -0.607024
322   -0.622603
323   -0.636433
324   -0.642211
325   -0.648207
326   -0.642036
327   -0.636079
328   -0.619695
329   -0.600842
330   -0.579461
331   -0.555709
332   -0.532154
333   -0.508315
334   -0.485158
335   -0.462655
336   -0.44092
337   -0.41998
338   -0.399773
339   -0.380335
340   -0.36161
341   -0.343618
342   -0.326328
343   -0.309747
344   0.334182
345   0.326452
346   0.291762
347   0.246853
348   0.189324
349   0.126817
350   0.0613801
351   -0.00389067
352   -0.0687205
353   -0.130985
354   -0.190874
355   -0.246977
356   -0.299632
357   -0.347967
358   -0.392503
359   -0.432686
360   -0.469234
361   -0.501779
362   -0.530788
363   -0.556135
364   -0.578138
365   -0.596649
366   -0.612258
367   -0.623649
368   -0.631521
369   -0.634611
370   -0.632207
371   -0.625363
372   -0.610622
373   -0.591422
374   -0.568597
375   -0.543845
376   -0.519481
377   -0.495166
378   -0.472046
379   -0.449467
380   -0.427938
381   -0.407053
382   -0.387076
383   -0.367776
384   -0.349302
385   -0.331512
386   -0.314504
387   0.373212
388   0.36575
389   0.340817
390   0.299394
391   0.243579
392   0.181059
393   0.11463
394   0.048569
395   -0.0176301
396   -0.0809483
397   -0.142378
398   -0.199641
399   -0.253878
400   -0.303442
401   -0.349521
402   -0.39102
403   -0.429039
404   -0.462985
405   -0.493569
406   -0.520498
407   -0.54424
408   -0.564549
409   -0.581749
410   -0.595966
411   -0.606713
412   -0.614287
413   -0.618667
414   -0.616535
415   -0.612593
416   -0.595329
417   -0.576304
418   -0.551956
419   -0.527321
420   -0.502777
421   -0.479214
422   -0.456267
423   -0.434286
424   -0.41301
425   -0.392597
426   -0.372919
427   -0.354031
428   -0.335879
429   -0.318474
430   0.408706
431   0.406955
432   0.386375
433   0.35365
434   0.297726
435   0.234976
436   0.168775
437   0.101719
438   0.0349559
439   -0.0297664
440   -0.0920861
441   -0.150859
442   -0.206103
443   -0.257161
444   -0.304315
445   -0.34725
446   -0.386419
447   -0.421698
448   -0.453485
449   -0.481733
450   -0.506767
451   -0.528518
452   -0.547429
453   -0.563367
454   -0.57644
455   -0.586486
456   -0.593341
457   -0.596134
458   -0.594969
459   -0.588536
460   -0.572753
461   -0.553286
462   -0.530197
463   -0.506139
464   -0.483123
465   -0.460308
466   -0.438402
467   -0.417057
468   -0.39654
469   -0.376682
470   -0.357594
471   -0.33919
472   -0.321528
473   0.440224
474   0.440568
475   0.427615
476   0.397828
477   0.347992
478   0.28722
479   0.221228
480   0.154198
481   0.0866399
482   0.0213141
483   -0.0421699
484   -0.101764
485   -0.158252
486   -0.210216
487   -0.258581
488   -0.302474
489   -0.342771
490   -0.379026
491   -0.411881
492   -0.441182
493   -0.467309
494   -0.490348
495   -0.510441
496   -0.52796
497   -0.542494
498   -0.554541
499   -0.563171
500   -0.56906
501   -0.570695
502   -0.568944
503   -0.561841
504   -0.546109
505   -0.527704
506   -0.505485
507   -0.48367
508   -0.46155
509   -0.440136
510   -0.419096
511   -0.39875
512   -0.378971
513   -0.359857
514   -0.341377
515   -0.323557
516   0.468397
517   0.473228
518   0.465468
519   0.445412
520   0.396143
521   0.337288
522   0.272782
523   0.205851
524   0.13837
525   0.0721883
526   0.00823075
527   -0.0525143
528   -0.109675
529   -0.16283
530   -0.211961
531   -0.256994
532   -0.298112
533   -0.335424
534   -0.369157
535   -0.399489
536   -0.426637
537   -0.450792
538   -0.472161
539   -0.490896
540   -0.506986
541   -0.520497
542   -0.53119
543   -0.539089
544   -0.543606
545   -0.5448
546   -0.540945
547   -0.532385
548   -0.516982
549   -0.499057
550   -0.479301
551   -0.459121
552   -0.438783
553   -0.418681
554   -0.398879
555   -0.379534
556   -0.360632
557   -0.342282
558   -0.32445
559   0.492904
560   0.500652
561   0.498661
562   0.480631
563   0.439828
564   0.384751
565   0.321948
566   0.256016
567   0.188437
568   0.122201
569   0.0574899
570   -0.00368848
571   -0.0617927
572   -0.115539
573   -0.16563
574   -0.21134
575   -0.253375
576   -0.291429
577   -0.32605
578   -0.357239
579   -0.385314
580   -0.410524
581   -0.432907
582   -0.452915
583   -0.470179
584   -0.485281
585   -0.497442
586   -0.507377
587   -0.51381
588   -0.517489
589   -0.516498
590   -0.51165
591   -0.501593
592   -0.487344
593   -0.470976
594   -0.453016
595   -0.43454
596   -0.415689
597   -0.396897
598   -0.378224
599   -0.359825
600   -0.341769
601   -0.324115
602   0.513817
603   0.525034
604   0.528237
605   0.520158
606   0.481061
607   0.429996
608   0.369669
609   0.304712
610   0.237787
611   0.171197
612   0.10647
613   0.0444981
614   -0.0139183
615   -0.068587
616   -0.119151
617   -0.165791
618   -0.20841
619   -0.247371
620   -0.282696
621   -0.314813
622   -0.343765
623   -0.369986
624   -0.393466
625   -0.414604
626   -0.433218
627   -0.449662
628   -0.463506
629   -0.475096
630   -0.483594
631   -0.489411
632   -0.491072
633   -0.489445
634   -0.482495
635   -0.472324
636   -0.458853
637   -0.443819
638   -0.427309
639   -0.410283
640   -0.392698
641   -0.375096
642   -0.357364
643   -0.339874
644   -0.322498
645   0.530969
646   0.545125
647   0.552611
648   0.546315
649   0.518022
650   0.472444
651   0.414982
652   0.351635
653   0.285128
654   0.219032
655   0.153957
656   0.0919824
657   0.0329151
658   -0.0220205
659   -0.0733326
660   -0.120398
661   -0.163785
662   -0.203307
663   -0.239425
664   -0.272264
665   -0.302082
666   -0.329222
667   -0.353681
668   -0.375949
669   -0.395704
670   -0.413517
671   -0.428734
672   -0.441942
673   -0.452157
674   -0.459875
675   -0.463911
676   -0.464623
677   -0.461174
678   -0.454056
679   -0.443973
680   -0.431546
681   -0.417532
682   -0.402337
683   -0.386395
684   -0.369956
685   -0.35322
686   -0.33638
687   -0.319548
688   0.544289
689   0.560798
690   0.572814
691   0.575692
692   0.551784
693   0.514005
694   0.458983
695   0.396817
696   0.331501
697   0.265446
698   0.200862
699   0.13842
700   0.0794133
701   0.0237937
702   -0.0277077
703   -0.0755262
704   -0.119281
705   -0.159592
706   -0.196257
707   -0.229948
708   -0.260515
709   -0.288611
710   -0.314037
711   -0.337394
712   -0.358337
713   -0.37741
714   -0.394037
715   -0.408731
716   -0.420581
717   -0.430134
718   -0.436108
719   -0.439264
720   -0.438208
721   -0.434235
722   -0.426778
723   -0.417252
724   -0.405443
725   -0.392457
726   -0.378103
727   -0.363178
728   -0.347459
729   -0.331568
730   -0.315283
731   0.553908
732   0.572901
733   0.587578
734   0.592653
735   0.581378
736   0.550236
737   0.500017
738   0.440163
739   0.37574
740   0.3108
741   0.246242
742   0.184214
743   0.124805
744   0.0692239
745   0.0171619
746   -0.0308417
747   -0.075225
748   -0.115913
749   -0.153279
750   -0.187551
751   -0.218925
752   -0.247815
753   -0.27418
754   -0.298533
755   -0.32057
756   -0.340825
757   -0.358733
758   -0.374778
759   -0.388175
760   -0.399286
761   -0.407253
762   -0.41232
763   -0.413913
764   -0.412358
765   -0.407789
766   -0.400672
767   -0.391397
768   -0.38039
769   -0.367971
770   -0.354475
771   -0.340096
772   -0.325118
773   -0.309694
774   0.559727
775   0.5804
776   0.598211
777   0.609107
778   0.605943
779   0.588508
780   0.539574
781   0.481023
782   0.41892
783   0.354495
784   0.290962
785   0.228736
786   0.169724
787   0.113666
788   0.0616886
789   0.0131051
790   -0.0314233
791   -0.0727682
792   -0.110508
793   -0.145539
794   -0.177523
795   -0.207297
796   -0.234495
797   -0.25987
798   -0.282936
799   -0.304362
800   -0.32347
801   -0.340868
802   -0.355637
803   -0.368379
804   -0.377964
805   -0.385108
806   -0.388688
807   -0.38969
808   -0.387365
809   -0.382853
810   -0.375687
811   -0.36693
812   -0.356216
813   -0.344451
814   -0.33129
815   -0.317531
816   -0.302863
817   0.561897
818   0.584301
819   0.604774
820   0.619987
821   0.625815
822   0.61286
823   0.574204
824   0.52042
825   0.46008
826   0.397423
827   0.334204
828   0.272734
829   0.213523
830   0.157796
831   0.10545
832   0.0569348
833   0.0119384
834   -0.0295843
835   -0.0679087
836   -0.103368
837   -0.136076
838   -0.166514
839   -0.194586
840   -0.220827
841   -0.244918
842   -0.267375
843   -0.287675
844   -0.306255
845   -0.322442
846   -0.336556
847   -0.347906
848   -0.356722
849   -0.362512
850   -0.365538
851   -0.365683
852   -0.363298
853   -0.3585
854   -0.351659
855   -0.342944
856   -0.332697
857   -0.321064
858   -0.308376
859   -0.294804
860   0.560607
861   0.583745
862   0.607216
863   0.626664
864   0.640609
865   0.642038
866   0.60569
867   0.556313
868   0.499529
869   0.438225
870   0.376454
871   0.315102
872   0.25663
873   0.200669
874   0.148716
875   0.0998298
876   0.0549368
877   0.0129208
878   -0.0255907
879   -0.0616884
880   -0.0948603
881   -0.126091
882   -0.154866
883   -0.182045
884   -0.20703
885   -0.230569
886   -0.251923
887   -0.271753
888   -0.289158
889   -0.304768
890   -0.317559
891   -0.32822
892   -0.335742
893   -0.340963
894   -0.343059
895   -0.342992
896   -0.340124
897   -0.335437
898   -0.328403
899   -0.319956
900   -0.309625
901   -0.29832
902   -0.285643
903   0.556339
904   0.580889
905   0.606143
906   0.629916
907   0.649473
908   0.653705
909   0.631823
910   0.589878
911   0.536565
912   0.477818
913   0.416869
914   0.356766
915   0.298427
916   0.24319
917   0.191134
918   0.142617
919   0.0974623
920   0.0554841
921   0.0165363
922   -0.0198358
923   -0.0536265
924   -0.0853993
925   -0.114963
926   -0.142895
927   -0.168824
928   -0.193282
929   -0.215741
930   -0.236642
931   -0.25536
932   -0.272225
933   -0.286617
934   -0.298784
935   -0.308242
936   -0.315231
937   -0.319494
938   -0.321313
939   -0.320618
940   -0.317717
941   -0.31264
942   -0.305703
943   -0.296983
944   -0.286827
945   -0.275404
946   0.549195
947   0.573536
948   0.600962
949   0.626856
950   0.652599
951   0.669436
952   0.653049
953   0.620758
954   0.571415
955   0.514686
956   0.455813
957   0.396273
958   0.339194
959   0.284059
960   0.232786
961   0.184164
962   0.13939
963   0.0971172
964   0.0581715
965   0.0213056
966   -0.0128119
967   -0.0452622
968   -0.0754112
969   -0.10418
970   -0.13089
971   -0.156331
972   -0.179731
973   -0.201783
974   -0.221607
975   -0.239849
976   -0.255551
977   -0.269382
978   -0.280386
979   -0.289317
980   -0.295309
981   -0.299211
982   -0.30027
983   -0.299392
984   -0.295916
985   -0.29077
986   -0.283368
987   -0.274682
988   -0.264236
989   0.539772
990   0.565022
991   0.592717
992   0.621326
993   0.648911
994   0.66778
995   0.668881
996   0.645706
997   0.602551
998   0.549582
999   0.492305
1000   0.434795
1001   0.378317
1002   0.324398
1003   0.27336
1004   0.225437
1005   0.180652
1006   0.13863
1007   0.0994242
1008   0.0624253
1009   0.0278215
1010   -0.00505968
1011   -0.0358833
1012   -0.0653008
1013   -0.0928466
1014   -0.119102
1015   -0.143499
1016   -0.166519
1017   -0.187537
1018   -0.206926
1019   -0.224074
1020   -0.239267
1021   -0.251993
1022   -0.262496
1023   -0.27042
1024   -0.276009
1025   -0.279059
1026   -0.279828
1027   -0.278228
1028   -0.27454
1029   -0.26877
1030   -0.261261
1031   -0.252167
1032   0.528049
1033   0.552323
1034   0.580896
1035   0.609754
1036   0.640038
1037   0.664629
1038   0.675255
1039   0.670645
1040   0.630899
1041   0.580641
1042   0.52688
1043   0.470453
1044   0.415893
1045   0.362447
1046   0.312632
1047   0.264918
1048   0.220798
1049   0.178718
1050   0.139694
1051   0.102383
1052   0.0675837
1053   0.0341803
1054   0.00289103
1055   -0.0272166
1056   -0.055423
1057   -0.0825208
1058   -0.107738
1059   -0.131771
1060   -0.153772
1061   -0.174387
1062   -0.192709
1063   -0.209384
1064   -0.223487
1065   -0.235718
1066   -0.245182
1067   -0.252651
1068   -0.257294
1069   -0.259949
1070   -0.259852
1071   -0.257909
1072   -0.253436
1073   -0.247432
1074   -0.239357
1075   0.51462
1076   0.53896
1077   0.566471
1078   0.596046
1079   0.62672
1080   0.654397
1081   0.675049
1082   0.676433
1083   0.6522
1084   0.609312
1085   0.558356
1086   0.504709
1087   0.451199
1088   0.399473
1089   0.350296
1090   0.303615
1091   0.259787
1092   0.218158
1093   0.1791
1094   0.141795
1095   0.106698
1096   0.0729915
1097   0.0412058
1098   0.0105826
1099   -0.0182841
1100   -0.0460593
1101   -0.0721016
1102   -0.0969642
1103   -0.119986
1104   -0.141604
1105   -0.161182
1106   -0.179057
1107   -0.19467
1108   -0.208288
1109   -0.21947
1110   -0.228446
1111   -0.234905
1112   -0.239069
1113   -0.24075
1114   -0.240193
1115   -0.237335
1116   -0.232504
1117   -0.225833
1118   0.499607
1119   0.522248
1120   0.54947
1121   0.577681
1122   0.60911
1123   0.637994
1124   0.66574
1125   0.683698
1126   0.665718
1127   0.632435
1128   0.585995
1129   0.534406
1130   0.483638
1131   0.432983
1132   0.385557
1133   0.339525
1134   0.296663
1135   0.255303
1136   0.216617
1137   0.17927
1138   0.144144
1139   0.110165
1140   0.078084
1141   0.0470112
1142   0.0176603
1143   -0.0107271
1144   -0.0374133
1145   -0.0630678
1146   -0.0868988
1147   -0.109526
1148   -0.1301
1149   -0.149233
1150   -0.166036
1151   -0.181155
1152   -0.19369
1153   -0.204344
1154   -0.212235
1155   -0.21814
1156   -0.221217
1157   -0.222336
1158   -0.22073
1159   -0.217408
1160   -0.211766
1161   0.48372
1162   0.50589
1163   0.531225
1164   0.559064
1165   0.589152
1166   0.619565
1167   0.648434
1168   0.668503
1169   0.671501
1170   0.647857
1171   0.607925
1172   0.56101
1173   0.512414
1174   0.46431
1175   0.418183
1176   0.373576
1177   0.331454
1178   0.290777
1179   0.252409
1180   0.215269
1181   0.180166
1182   0.146096
1183   0.113825
1184   0.0824574
1185   0.0527394
1186   0.0238955
1187   -0.00333796
1188   -0.0296088
1189   -0.0541945
1190   -0.0776164
1191   -0.0991874
1192   -0.119312
1193   -0.137371
1194   -0.153671
1195   -0.167689
1196   -0.179664
1197   -0.189185
1198   -0.196455
1199   -0.201193
1200   -0.203611
1201   -0.203578
1202   -0.2014
1203   -0.197181
1204   0.467091
1205   0.487348
1206   0.511749
1207   0.537437
1208   0.566771
1209   0.595557
1210   0.625509
1211   0.649557
1212   0.660765
1213   0.658461
1214   0.624093
1215   0.58062
1216   0.536416
1217   0.490239
1218   0.446555
1219   0.403283
1220   0.362504
1221   0.322643
1222   0.28494
1223   0.248233
1224   0.213389
1225   0.179478
1226   0.147203
1227   0.115782
1228   0.0858647
1229   0.0567699
1230   0.0291637
1231   0.00243312
1232   -0.0227063
1233   -0.0468265
1234   -0.0691498
1235   -0.090238
1236   -0.109255
1237   -0.126783
1238   -0.141942
1239   -0.155363
1240   -0.166141
1241   -0.174985
1242   -0.180997
1243   -0.184998
1244   -0.186153
1245   -0.185459
1246   -0.182255
1247   0.450309
1248   0.469841
1249   0.492063
1250   0.51659
1251   0.543333
1252   0.571176
1253   0.598874
1254   0.623677
1255   0.641668
1256   0.644675
1257   0.630569
1258   0.595012
1259   0.554858
1260   0.512039
1261   0.470674
1262   0.429327
1263   0.390059
1264   0.351284
1265   0.314537
1266   0.278436
1267   0.244177
1268   0.210566
1269   0.178605
1270   0.147258
1271   0.117424
1272   0.0882137
1273   0.0604664
1274   0.0334329
1275   0.00791104
1276   -0.016713
1277   -0.0396866
1278   -0.0614944
1279   -0.0814453
1280   -0.0999053
1281   -0.116266
1282   -0.130792
1283   -0.142979
1284   -0.153025
1285   -0.160552
1286   -0.165748
1287   -0.168406
1288   -0.168806
1289   -0.167014
1290   0.433422
1291   0.451173
1292   0.47216
1293   0.49428
1294   0.519313
1295   0.544264
1296   0.570444
1297   0.5934
1298   0.613935
1299   0.626142
1300   0.618092
1301   0.598311
1302   0.563812
1303   0.525178
1304   0.487439
1305   0.448902
1306   0.411652
1307   0.374731
1308   0.33923
1309   0.304382
1310   0.270911
1311   0.238138
1312   0.206646
1313   0.175819
1314   0.146208
1315   0.117246
1316   0.0895032
1317   0.062455
1318   0.0367228
1319   0.0118069
1320   -0.0116022
1321   -0.0339989
1322   -0.0546168
1323   -0.0739683
1324   -0.0912119
1325   -0.106904
1326   -0.120141
1327   -0.131555
1328   -0.14021
1329   -0.146866
1330   -0.150626
1331   -0.152455
1332   -0.15164
1333   0.416821
1334   0.433774
1335   0.452709
1336   0.473376
1337   0.495619
1338   0.518786
1339   0.541788
1340   0.56383
1341   0.582172
1342   0.595709
1343   0.598126
1344   0.585583
1345   0.563786
1346   0.530986
1347   0.498018
1348   0.462465
1349   0.428183
1350   0.393233
1351   0.359773
1352   0.326279
1353   0.294247
1354   0.262396
1355   0.231912
1356   0.201686
1357   0.172744
1358   0.144118
1359   0.116747
1360   0.0897966
1361   0.0641454
1362   0.0390899
1363   0.0154584
1364   -0.00732204
1365   -0.028481
1366   -0.0484599
1367   -0.0665609
1368   -0.0830996
1369   -0.0974717
1370   -0.109889
1371   -0.119875
1372   -0.127594
1373   -0.132757
1374   -0.135606
1375   -0.136161
1376   0.400478
1377   0.415959
1378   0.43366
1379   0.452209
1380   0.472669
1381   0.493195
1382   0.514351
1383   0.533871
1384   0.551411
1385   0.56426
1386   0.569572
1387   0.566392
1388   0.549724
1389   0.526383
1390   0.49828
1391   0.468125
1392   0.437046
1393   0.405525
1394   0.37426
1395   0.343119
1396   0.312626
1397   0.282449
1398   0.253045
1399   0.224016
1400   0.195807
1401   0.168006
1402   0.141085
1403   0.114632
1404   0.089172
1405   0.0642968
1406   0.0406012
1407   0.017673
1408   -0.00380886
1409   -0.0242754
1410   -0.0429527
1411   -0.0603121
1412   -0.0754817
1413   -0.0890067
1414   -0.0999386
1415   -0.108954
1416   -0.115105
1417   -0.1193
1418   -0.120766
1419   0.384592
1420   0.399291
1421   0.415294
1422   0.432449
1423   0.450567
1424   0.469298
1425   0.487738
1426   0.505581
1427   0.520744
1428   0.53315
1429   0.538994
1430   0.539361
1431   0.530434
1432   0.513538
1433   0.492248
1434   0.466885
1435   0.440449
1436   0.412186
1437   0.384156
1438   0.355294
1439   0.327139
1440   0.298594
1441   0.270918
1442   0.243061
1443   0.216129
1444   0.189149
1445   0.163137
1446   0.137211
1447   0.112329
1448   0.0877115
1449   0.0642657
1450   0.0413284
1451   0.0197546
1452   -0.000990337
1453   -0.020115
1454   -0.0380137
1455   -0.0539781
1456   -0.0682641
1457   -0.080283
1458   -0.0901963
1459   -0.0976077
1460   -0.102721
1461   -0.105485
1462   0.369098
1463   0.382633
1464   0.397529
1465   0.41299
1466   0.429545
1467   0.44616
1468   0.462914
1469   0.478652
1470   0.492722
1471   0.504061
1472   0.510904
1473   0.5131
1474   0.507703
1475   0.496571
1476   0.480039
1477   0.460092
1478   0.437581
1479   0.413463
1480   0.388376
1481   0.36261
1482   0.33664
1483   0.31043
1484   0.28438
1485   0.258302
1486   0.232577
1487   0.206946
1488   0.181808
1489   0.156871
1490   0.132575
1491   0.108613
1492   0.0854838
1493   0.062867
1494   0.04134
1495   0.020561
1496   0.00120783
1497   -0.0170983
1498   -0.0335591
1499   -0.0486193
1500   -0.0613571
1501   -0.072344
1502   -0.0805951
1503   -0.0869327
1504   -0.0905128
1505   0.354071
1506   0.366862
1507   0.380418
1508   0.394653
1509   0.409385
1510   0.42444
1511   0.439131
1512   0.453355
1513   0.465733
1514   0.476341
1515   0.483108
1516   0.486345
1517   0.484074
1518   0.476632
1519   0.46483
1520   0.449022
1521   0.430898
1522   0.410269
1523   0.38874
1524   0.365695
1525   0.342526
1526   0.318402
1527   0.294556
1528   0.270072
1529   0.246083
1530   0.221663
1531   0.197881
1532   0.173842
1533   0.15057
1534   0.12723
1535   0.104806
1536   0.0825469
1537   0.0613932
1538   0.0407019
1539   0.0213606
1540   0.00286189
1541   -0.0139777
1542   -0.0295042
1543   -0.0430074
1544   -0.0546787
1545   -0.0639931
1546   -0.071111
1547   -0.0758834
1548   0.339452
1549   0.351313
1550   0.363903
1551   0.376811
1552   0.390241
1553   0.403658
1554   0.416952
1555   0.429546
1556   0.440897
1557   0.450495
1558   0.45728
1559   0.461025
1560   0.460409
1561   0.455848
1562   0.447146
1563   0.43518
1564   0.420367
1565   0.403402
1566   0.384778
1567   0.364854
1568   0.344059
1569   0.322499
1570   0.300546
1571   0.27815
1572   0.255658
1573   0.232933
1574   0.210324
1575   0.187647
1576   0.165272
1577   0.14299
1578   0.121211
1579   0.0997075
1580   0.0789496
1581   0.0586874
1582   0.0394778
1583   0.0210388
1584   0.00404712
1585   -0.0118335
1586   -0.0257707
1587   -0.0382087
1588   -0.0481683
1589   -0.05634
1590   -0.0617976
1591   0.325262
1592   0.336419
1593   0.347954
1594   0.359818
1595   0.371855
1596   0.383993
1597   0.395741
1598   0.407092
1599   0.41715
1600   0.425994
1601   0.432397
1602   0.436473
1603   0.43714
1604   0.434487
1605   0.428523
1606   0.419353
1607   0.407776
1608   0.393676
1609   0.37814
1610   0.360759
1611   0.342673
1612   0.323241
1613   0.303589
1614   0.282933
1615   0.262376
1616   0.24106
1617   0.22007
1618   0.198524
1619   0.177488
1620   0.156093
1621   0.135387
1622   0.114541
1623   0.0945772
1624   0.0747375
1625   0.0560068
1626   0.037732
1627   0.0208423
1628   0.00483839
1629   -0.00943913
1630   -0.0222869
1631   -0.0330253
1632   -0.041794
1633   -0.0482939
1634   0.311463
1635   0.321854
1636   0.332554
1637   0.343378
1638   0.354356
1639   0.365234
1640   0.375862
1641   0.385948
1642   0.395111
1643   0.403061
1644   0.40919
1645   0.413278
1646   0.414682
1647   0.413408
1648   0.409231
1649   0.402427
1650   0.393162
1651   0.381768
1652   0.368576
1653   0.353822
1654   0.33786
1655   0.3208
1656   0.302978
1657   0.284401
1658   0.265388
1659   0.245874
1660   0.226173
1661   0.206178
1662   0.18621
1663   0.166135
1664   0.146294
1665   0.126538
1666   0.107241
1667   0.0882387
1668   0.0699599
1669   0.0522192
1670   0.0355325
1671   0.0196762
1672   0.00530829
1673   -0.00787351
1674   -0.0189983
1675   -0.0285691
1676   -0.0355801
1677   0.29806
1678   0.307797
1679   0.317657
1680   0.327612
1681   0.33753
1682   0.347395
1683   0.35686
1684   0.365967
1685   0.374118
1686   0.381403
1687   0.38705
1688   0.391143
1689   0.393005
1690   0.392668
1691   0.389948
1692   0.384825
1693   0.377651
1694   0.368265
1695   0.357378
1696   0.344628
1697   0.330919
1698   0.315694
1699   0.299952
1700   0.282987
1701   0.265848
1702   0.247725
1703   0.229696
1704   0.210891
1705   0.192404
1706   0.173339
1707   0.154794
1708   0.135878
1709   0.117683
1710   0.0993464
1711   0.0819461
1712   0.0646745
1713   0.0485789
1714   0.0329513
1715   0.0187765
1716   0.00552684
1717   -0.00594168
1718   -0.015862
1719   -0.0237015
1720   0.285038
1721   0.294126
1722   0.303277
1723   0.312415
1724   0.321494
1725   0.330403
1726   0.338999
1727   0.347136
1728   0.354556
1729   0.361087
1730   0.366373
1731   0.370241
1732   0.372344
1733   0.372577
1734   0.370779
1735   0.366966
1736   0.361204
1737   0.353585
1738   0.344324
1739   0.333515
1740   0.321437
1741   0.308143
1742   0.293927
1743   0.278793
1744   0.263032
1745   0.246607
1746   0.229805
1747   0.212557
1748   0.195152
1749   0.177504
1750   0.159905
1751   0.142261
1752   0.124877
1753   0.107654
1754   0.0909173
1755   0.0745649
1756   0.0589583
1757   0.043984
1758   0.0300719
1759   0.0170697
1760   0.00555897
1761   -0.00474675
1762   -0.0128719
1763   0.272394
1764   0.28089
1765   0.289366
1766   0.2978
1767   0.306078
1768   0.314214
1769   0.321942
1770   0.329338
1771   0.335965
1772   0.341944
1773   0.346729
1774   0.35043
1775   0.352563
1776   0.353166
1777   0.352034
1778   0.349103
1779   0.344542
1780   0.338146
1781   0.330415
1782   0.320977
1783   0.310569
1784   0.298654
1785   0.286124
1786   0.272301
1787   0.258175
1788   0.242961
1789   0.227711
1790   0.211568
1791   0.195621
1792   0.178969
1793   0.162727
1794   0.145973
1795   0.129834
1796   0.113387
1797   0.0977669
1798   0.0820593
1799   0.0674057
1800   0.0529132
1801   0.0397197
1802   0.0269807
1803   0.0157957
1804   0.00546308
1805   -0.00314496
1806   0.260126
1807   0.268064
1808   0.27595
1809   0.283744
1810   0.291384
1811   0.298803
1812   0.30589
1813   0.312548
1814   0.318613
1815   0.323956
1816   0.328374
1817   0.331721
1818   0.333808
1819   0.334516
1820   0.333736
1821   0.331418
1822   0.32757
1823   0.322206
1824   0.315433
1825   0.307302
1826   0.297974
1827   0.287507
1828   0.276087
1829   0.26376
1830   0.250719
1831   0.236994
1832   0.222775
1833   0.208081
1834   0.193098
1835   0.177838
1836   0.162486
1837   0.147051
1838   0.131721
1839   0.116505
1840   0.101597
1841   0.0870136
1842   0.072953
1843   0.0594424
1844   0.0466887
1845   0.0347315
1846   0.0237861
1847   0.013906
1848   0.00528692
