##### Y Mean #####
0   0.00278925
1   -0.0281761
2   -0.0644029
3   -0.104371
4   -0.14722
5   -0.191075
6   -0.235286
7   -0.278138
8   -0.31911
9   -0.356249
10   -0.38999
11   -0.419629
12   -0.44564
13   -0.467726
14   -0.486182
15   -0.500906
16   -0.512108
17   -0.519791
18   -0.524246
19   -0.525636
20   -0.524255
21   -0.520385
22   -0.514226
23   -0.506089
24   -0.496166
25   -0.484816
26   -0.472256
27   -0.458872
28   -0.444823
29   -0.430416
30   -0.415748
31   -0.401037
32   -0.386331
33   -0.371756
34   -0.357331
35   -0.343123
36   -0.329141
37   -0.315425
38   -0.301986
39   -0.288849
40   -0.276028
41   -0.263542
42   -0.251403
43   0.0314898
44   -3.891e-05
45   -0.0396258
46   -0.0817551
47   -0.129911
48   -0.17638
49   -0.226402
50   -0.271727
51   -0.319124
52   -0.357823
53   -0.396447
54   -0.427757
55   -0.457389
56   -0.481162
57   -0.502205
58   -0.518314
59   -0.531295
60   -0.539856
61   -0.545343
62   -0.54726
63   -0.546221
64   -0.542608
65   -0.536221
66   -0.527959
67   -0.517308
68   -0.505473
69   -0.491827
70   -0.477774
71   -0.462535
72   -0.447367
73   -0.431552
74   -0.416066
75   -0.400344
76   -0.385022
77   -0.369722
78   -0.354806
79   -0.340064
80   -0.325683
81   -0.311572
82   -0.297818
83   -0.2844
84   -0.271351
85   -0.25868
86   0.0655245
87   0.0359704
88   -0.00466161
89   -0.0495976
90   -0.100209
91   -0.151164
92   -0.203509
93   -0.253512
94   -0.302908
95   -0.348262
96   -0.389893
97   -0.426872
98   -0.45972
99   -0.487745
100   -0.511611
101   -0.530597
102   -0.545576
103   -0.556277
104   -0.563278
105   -0.566761
106   -0.56688
107   -0.564009
108   -0.558187
109   -0.549863
110   -0.539169
111   -0.526648
112   -0.512502
113   -0.497369
114   -0.481356
115   -0.464939
116   -0.448209
117   -0.431506
118   -0.414878
119   -0.398487
120   -0.382348
121   -0.366519
122   -0.351015
123   -0.335853
124   -0.321055
125   -0.306629
126   -0.292599
127   -0.278968
128   -0.26576
129   0.103727
130   0.0747748
131   0.0345092
132   -0.0117725
133   -0.0655647
134   -0.118636
135   -0.174859
136   -0.227116
137   -0.280061
138   -0.328555
139   -0.375955
140   -0.415891
141   -0.454854
142   -0.485171
143   -0.514709
144   -0.535471
145   -0.554642
146   -0.567374
147   -0.577264
148   -0.582928
149   -0.584926
150   -0.583641
151   -0.578657
152   -0.571025
153   -0.560299
154   -0.547764
155   -0.53287
156   -0.517274
157   -0.500115
158   -0.482856
159   -0.464817
160   -0.44715
161   -0.429321
162   -0.412
163   -0.394834
164   -0.378154
165   -0.361779
166   -0.345857
167   -0.330316
168   -0.31522
169   -0.300554
170   -0.286341
171   -0.272589
172   0.145565
173   0.120834
174   0.0802941
175   0.033807
176   -0.0217313
177   -0.0778547
178   -0.136159
179   -0.192027
180   -0.247434
181   -0.299476
182   -0.348912
183   -0.3937
184   -0.434659
185   -0.47067
186   -0.502603
187   -0.529861
188   -0.55257
189   -0.570849
190   -0.584696
191   -0.594114
192   -0.599414
193   -0.600197
194   -0.59722
195   -0.590503
196   -0.580641
197   -0.56834
198   -0.55358
199   -0.537269
200   -0.519506
201   -0.500949
202   -0.481891
203   -0.46282
204   -0.443949
205   -0.42539
206   -0.407272
207   -0.389559
208   -0.372345
209   -0.355568
210   -0.339299
211   -0.323489
212   -0.308198
213   -0.293388
214   -0.279107
215   0.189279
216   0.165662
217   0.127308
218   0.0800153
219   0.0235799
220   -0.0340841
221   -0.0947534
222   -0.152645
223   -0.210564
224   -0.264582
225   -0.316625
226   -0.363881
227   -0.408037
228   -0.447058
229   -0.483024
230   -0.513785
231   -0.542543
232   -0.563793
233   -0.584585
234   -0.595928
235   -0.607639
236   -0.609682
237   -0.611063
238   -0.605756
239   -0.597782
240   -0.586928
241   -0.572481
242   -0.556507
243   -0.537873
244   -0.518619
245   -0.49818
246   -0.478128
247   -0.457965
248   -0.43841
249   -0.419194
250   -0.400576
251   -0.382447
252   -0.364882
253   -0.347851
254   -0.331369
255   -0.315439
256   -0.300062
257   -0.285245
258   0.23435
259   0.216748
260   0.177971
261   0.131339
262   0.073867
263   0.0143917
264   -0.0477085
265   -0.108164
266   -0.167899
267   -0.224448
268   -0.278421
269   -0.328322
270   -0.374611
271   -0.416509
272   -0.454627
273   -0.488434
274   -0.5188
275   -0.544575
276   -0.566713
277   -0.58424
278   -0.597988
279   -0.607609
280   -0.612669
281   -0.613855
282   -0.610087
283   -0.602177
284   -0.590115
285   -0.574139
286   -0.555512
287   -0.535263
288   -0.514014
289   -0.49255
290   -0.471433
291   -0.450611
292   -0.430492
293   -0.410852
294   -0.391935
295   -0.373545
296   -0.355836
297   -0.338675
298   -0.322168
299   -0.306224
300   -0.29092
301   0.278501
302   0.262203
303   0.227393
304   0.180944
305   0.123728
306   0.0636213
307   0.000104832
308   -0.0616702
309   -0.123361
310   -0.181445
311   -0.237547
312   -0.289107
313   -0.337658
314   -0.381326
315   -0.421662
316   -0.457238
317   -0.489454
318   -0.517474
319   -0.541968
320   -0.562618
321   -0.580137
322   -0.59373
323   -0.605571
324   -0.61022
325   -0.614897
326   -0.608725
327   -0.60266
328   -0.587252
329   -0.569623
330   -0.549661
331   -0.527576
332   -0.505616
333   -0.483387
334   -0.461732
335   -0.440648
336   -0.420232
337   -0.400519
338   -0.381456
339   -0.363081
340   -0.345345
341   -0.328272
342   -0.311837
343   -0.29605
344   0.321082
345   0.313126
346   0.278504
347   0.233863
348   0.177029
349   0.115435
350   0.0513551
351   -0.0123512
352   -0.0752449
353   -0.135409
354   -0.192933
355   -0.246575
356   -0.296613
357   -0.342312
358   -0.384136
359   -0.421643
360   -0.455491
361   -0.485401
362   -0.51182
363   -0.534684
364   -0.554302
365   -0.570593
366   -0.584096
367   -0.593717
368   -0.600097
369   -0.602127
370   -0.599217
371   -0.592304
372   -0.578328
373   -0.560367
374   -0.539136
375   -0.516165
376   -0.493495
377   -0.470849
378   -0.449233
379   -0.42809
380   -0.407862
381   -0.388207
382   -0.369353
383   -0.351108
384   -0.333598
385   -0.316711
386   -0.300529
387   0.358925
388   0.35116
389   0.326166
390   0.284918
391   0.229571
392   0.16782
393   0.102501
394   0.0378505
395   -0.0266477
396   -0.0880202
397   -0.147296
398   -0.202236
399   -0.254029
400   -0.301055
401   -0.344547
402   -0.383419
403   -0.418815
404   -0.450125
405   -0.478131
406   -0.50252
407   -0.523829
408   -0.541807
409   -0.556842
410   -0.569011
411   -0.577982
412   -0.58401
413   -0.587095
414   -0.584396
415   -0.579993
416   -0.563803
417   -0.545993
418   -0.52342
419   -0.500555
420   -0.477734
421   -0.455758
422   -0.434308
423   -0.413701
424   -0.393708
425   -0.374477
426   -0.355897
427   -0.338019
428   -0.320803
429   -0.304261
430   0.393364
431   0.39119
432   0.370493
433   0.33782
434   0.282226
435   0.220019
436   0.154776
437   0.0888993
438   0.023676
439   -0.0393264
440   -0.0996498
441   -0.156305
442   -0.209241
443   -0.257928
444   -0.302595
445   -0.343027
446   -0.379627
447   -0.412356
448   -0.441581
449   -0.467331
450   -0.489908
451   -0.509314
452   -0.525955
453   -0.539765
454   -0.550868
455   -0.559162
456   -0.564505
457   -0.566182
458   -0.564289
459   -0.557688
460   -0.542778
461   -0.524574
462   -0.503111
463   -0.480765
464   -0.459302
465   -0.438002
466   -0.41748
467   -0.397448
468   -0.378133
469   -0.359404
470   -0.341349
471   -0.323909
472   -0.30713
473   0.423979
474   0.42387
475   0.410696
476   0.380884
477   0.331224
478   0.270874
479   0.205613
480   0.139605
481   0.0733489
482   0.00957448
483   -0.0521415
484   -0.109778
485   -0.164161
486   -0.213889
487   -0.259936
488   -0.301425
489   -0.339286
490   -0.373058
491   -0.403449
492   -0.430278
493   -0.454003
494   -0.474669
495   -0.492504
496   -0.507814
497   -0.520325
498   -0.530467
499   -0.53748
500   -0.541946
501   -0.542585
502   -0.540157
503   -0.532942
504   -0.518084
505   -0.500811
506   -0.480132
507   -0.459775
508   -0.43912
509   -0.419065
510   -0.399324
511   -0.380181
512   -0.361531
513   -0.343462
514   -0.325955
515   -0.309036
516   0.451386
517   0.455678
518   0.447674
519   0.427519
520   0.378311
521   0.319694
522   0.255786
523   0.189662
524   0.123322
525   0.0584677
526   -0.00388817
527   -0.0628885
528   -0.118098
529   -0.169207
530   -0.216146
531   -0.258935
532   -0.297715
533   -0.332672
534   -0.364005
535   -0.391958
536   -0.416726
537   -0.438558
538   -0.45764
539   -0.474176
540   -0.488166
541   -0.499725
542   -0.508641
543   -0.514984
544   -0.518234
545   -0.518482
546   -0.514195
547   -0.505715
548   -0.491139
549   -0.474301
550   -0.455802
551   -0.436905
552   -0.417831
553   -0.398953
554   -0.38031
555   -0.362065
556   -0.344192
557   -0.32681
558   -0.309878
559   0.475269
560   0.482478
561   0.480163
562   0.461969
563   0.421131
564   0.366204
565   0.303807
566   0.238541
567   0.171883
568   0.106812
569   0.0434805
570   -0.0161159
571   -0.0724767
572   -0.124323
573   -0.172408
574   -0.215995
575   -0.255849
576   -0.291641
577   -0.323987
578   -0.352856
579   -0.37864
580   -0.401542
581   -0.421691
582   -0.439475
583   -0.454648
584   -0.467717
585   -0.478053
586   -0.486282
587   -0.491326
588   -0.49384
589   -0.492167
590   -0.487017
591   -0.477222
592   -0.46368
593   -0.448227
594   -0.431332
595   -0.413948
596   -0.396205
597   -0.378488
598   -0.360857
599   -0.343449
600   -0.326335
601   -0.309572
602   0.49568
603   0.5063
604   0.509179
605   0.500898
606   0.461683
607   0.410633
608   0.350603
609   0.286126
610   0.219975
611   0.154344
612   0.0908378
613   0.0302422
614   -0.0265841
615   -0.079544
616   -0.128237
617   -0.172922
618   -0.213472
619   -0.250314
620   -0.283447
621   -0.313354
622   -0.340062
623   -0.364049
624   -0.385303
625   -0.404254
626   -0.42074
627   -0.43514
628   -0.447069
629   -0.456887
630   -0.463845
631   -0.468354
632   -0.469098
633   -0.46688
634   -0.459892
635   -0.450022
636   -0.43718
637   -0.422929
638   -0.407324
639   -0.391241
640   -0.374621
641   -0.357971
642   -0.34117
643   -0.324579
644   -0.308068
645   0.512453
646   0.526029
647   0.533131
648   0.526588
649   0.498135
650   0.45252
651   0.395205
652   0.332216
653   0.266291
654   0.201006
655   0.136949
656   0.0761974
657   0.0185223
658   -0.0348495
659   -0.0844723
660   -0.129711
661   -0.171188
662   -0.208694
663   -0.242754
664   -0.273455
665   -0.301131
666   -0.326077
667   -0.348378
668   -0.368464
669   -0.386121
670   -0.401854
671   -0.415141
672   -0.426498
673   -0.435099
674   -0.441383
675   -0.444331
676   -0.444261
677   -0.440455
678   -0.433349
679   -0.423574
680   -0.411682
681   -0.398343
682   -0.383922
683   -0.368801
684   -0.353209
685   -0.337324
686   -0.321325
687   -0.305316
688   0.525494
689   0.541383
690   0.553027
691   0.555647
692   0.531542
693   0.493655
694   0.438691
695   0.376725
696   0.311865
697   0.246438
698   0.18273
699   0.121323
700   0.0635649
701   0.00932844
702   -0.0406168
703   -0.0867732
704   -0.128733
705   -0.16717
706   -0.201866
707   -0.233537
708   -0.262023
709   -0.288012
710   -0.311309
711   -0.332538
712   -0.351379
713   -0.36839
714   -0.383045
715   -0.395863
716   -0.406021
717   -0.414056
718   -0.418815
719   -0.421017
720   -0.41941
721   -0.415178
722   -0.407794
723   -0.398544
724   -0.387211
725   -0.374804
726   -0.361131
727   -0.346926
728   -0.331968
729   -0.316842
730   -0.301333
731   0.534936
732   0.553333
733   0.567591
734   0.572383
735   0.560923
736   0.529655
737   0.479388
738   0.419637
739   0.355508
740   0.29107
741   0.227208
742   0.166078
743   0.107736
744   0.053403
745   0.0027257
746   -0.0437397
747   -0.0864828
748   -0.125403
749   -0.160934
750   -0.193267
751   -0.222669
752   -0.249507
753   -0.273824
754   -0.296078
755   -0.316061
756   -0.334254
757   -0.350204
758   -0.364345
759   -0.376017
760   -0.385545
761   -0.392196
762   -0.396191
763   -0.397038
764   -0.395031
765   -0.390294
766   -0.383247
767   -0.374232
768   -0.363635
769   -0.351734
770   -0.338836
771   -0.32511
772   -0.310821
773   -0.296107
774   0.540657
775   0.560713
776   0.578116
777   0.588712
778   0.585382
779   0.567839
780   0.518775
781   0.460195
782   0.398289
783   0.334211
784   0.271251
785   0.209756
786   0.151683
787   0.0967056
788   0.0459889
789   -0.00121207
790   -0.0442121
791   -0.0839285
792   -0.119927
793   -0.153139
794   -0.183222
795   -0.211041
796   -0.236239
797   -0.259585
798   -0.280622
799   -0.300028
800   -0.317178
801   -0.332679
802   -0.345694
803   -0.356814
804   -0.365013
805   -0.370978
806   -0.373687
807   -0.374056
808   -0.371393
809   -0.366746
810   -0.359669
811   -0.351141
812   -0.340806
813   -0.329502
814   -0.316894
815   -0.30373
816   -0.28971
817   0.542808
818   0.564621
819   0.584663
820   0.599589
821   0.605255
822   0.59217
823   0.553361
824   0.499494
825   0.439221
826   0.376809
827   0.314009
828   0.253149
829   0.194714
830   0.139946
831   0.0887018
832   0.041452
833   -0.00216282
834   -0.0421619
835   -0.0788759
836   -0.112604
837   -0.143524
838   -0.172077
839   -0.19824
840   -0.222503
841   -0.244632
842   -0.2651
843   -0.28348
844   -0.30017
845   -0.314602
846   -0.32707
847   -0.33698
848   -0.344545
849   -0.349341
850   -0.351607
851   -0.351243
852   -0.348567
853   -0.343681
854   -0.336921
855   -0.328432
856   -0.318527
857   -0.307333
858   -0.295156
859   -0.282154
860   0.541563
861   0.564096
862   0.587159
863   0.606306
864   0.620128
865   0.621482
866   0.584925
867   0.535387
868   0.478603
869   0.417418
870   0.355965
871   0.295077
872   0.237267
873   0.182116
874   0.13115
875   0.0833856
876   0.0397671
877   -0.000859335
878   -0.0378561
879   -0.0723432
880   -0.103809
881   -0.133258
882   -0.160188
883   -0.185474
884   -0.208546
885   -0.230157
886   -0.249618
887   -0.267593
888   -0.283246
889   -0.297204
890   -0.308522
891   -0.317871
892   -0.324319
893   -0.328661
894   -0.330128
895   -0.329618
896   -0.326528
897   -0.321771
898   -0.31484
899   -0.306606
900   -0.296617
901   -0.285725
902   -0.27355
903   0.537404
904   0.561379
905   0.586211
906   0.609711
907   0.629137
908   0.633271
909   0.611223
910   0.569109
911   0.515707
912   0.457002
913   0.39624
914   0.3365
915   0.278682
916   0.224145
917   0.172934
918   0.125429
919   0.0814113
920   0.0407199
921   0.00315867
922   -0.0316959
923   -0.0638958
924   -0.0939681
925   -0.121788
926   -0.147894
927   -0.171992
928   -0.194573
929   -0.215198
930   -0.234274
931   -0.251265
932   -0.266481
933   -0.279379
934   -0.290197
935   -0.298506
936   -0.304533
937   -0.308049
938   -0.309312
939   -0.308259
940   -0.305168
941   -0.300064
942   -0.293235
943   -0.284747
944   -0.274924
945   -0.263919
946   0.530419
947   0.554176
948   0.581204
949   0.606809
950   0.632455
951   0.649253
952   0.632693
953   0.600226
954   0.550749
955   0.493965
956   0.435199
957   0.375898
958   0.319243
959   0.264676
960   0.214146
961   0.166404
962   0.122666
963   0.081552
964   0.0438966
965   0.00842814
966   -0.0241865
967   -0.0550458
968   -0.0835285
969   -0.110567
970   -0.13551
971   -0.159153
972   -0.180767
973   -0.201046
974   -0.219169
975   -0.235778
976   -0.249981
977   -0.262433
978   -0.272244
979   -0.280137
980   -0.285301
981   -0.288538
982   -0.289138
983   -0.28795
984   -0.284345
985   -0.279194
986   -0.271938
987   -0.263489
988   -0.253396
989   0.521205
990   0.545902
991   0.573186
992   0.601527
993   0.628987
994   0.6478
995   0.648827
996   0.625502
997   0.58217
998   0.529095
999   0.471822
1000   0.414472
1001   0.358297
1002   0.304851
1003   0.254428
1004   0.207287
1005   0.163409
1006   0.122447
1007   0.0844074
1008   0.0487103
1009   0.0154923
1010   -0.0158867
1011   -0.0451508
1012   -0.0729174
1013   -0.0987881
1014   -0.123312
1015   -0.145995
1016   -0.167291
1017   -0.186651
1018   -0.204428
1019   -0.220082
1020   -0.233884
1021   -0.245377
1022   -0.254793
1023   -0.26181
1024   -0.266656
1025   -0.269145
1026   -0.269513
1027   -0.267677
1028   -0.263897
1029   -0.258174
1030   -0.250829
1031   -0.242005
1032   0.509731
1033   0.533445
1034   0.561625
1035   0.590196
1036   0.620364
1037   0.644907
1038   0.655507
1039   0.650853
1040   0.610895
1041   0.560458
1042   0.506649
1043   0.450279
1044   0.395945
1045   0.342856
1046   0.293568
1047   0.246514
1048   0.203208
1049   0.162067
1050   0.124115
1051   0.087987
1052   0.0544821
1053   0.0224687
1054   -0.00734658
1055   -0.0359058
1056   -0.062513
1057   -0.0879669
1058   -0.111532
1059   -0.133906
1060   -0.154291
1061   -0.17333
1062   -0.190171
1063   -0.205451
1064   -0.218303
1065   -0.229402
1066   -0.237908
1067   -0.244559
1068   -0.248567
1069   -0.250728
1070   -0.250317
1071   -0.248186
1072   -0.243686
1073   -0.237762
1074   -0.229895
1075   0.496589
1076   0.520394
1077   0.547497
1078   0.576793
1079   0.607324
1080   0.634957
1081   0.65563
1082   0.656982
1083   0.632604
1084   0.589536
1085   0.53846
1086   0.48481
1087   0.431423
1088   0.379976
1089   0.331214
1090   0.285104
1091   0.241974
1092   0.201189
1093   0.163083
1094   0.126866
1095   0.0929477
1096   0.0605386
1097   0.0301172
1098   0.000956183
1099   -0.02641
1100   -0.0526171
1101   -0.0770886
1102   -0.100353
1103   -0.121815
1104   -0.141893
1105   -0.160015
1106   -0.176502
1107   -0.190849
1108   -0.203311
1109   -0.213487
1110   -0.221593
1111   -0.227345
1112   -0.230948
1113   -0.232228
1114   -0.231414
1115   -0.228445
1116   -0.223629
1117   -0.21709
1118   0.481895
1119   0.503995
1120   0.53082
1121   0.558728
1122   0.590011
1123   0.618828
1124   0.646634
1125   0.664668
1126   0.646549
1127   0.613097
1128   0.566508
1129   0.514839
1130   0.464136
1131   0.413663
1132   0.366578
1133   0.321011
1134   0.27876
1135   0.238133
1136   0.200308
1137   0.163936
1138   0.129896
1139   0.0971032
1140   0.0662971
1141   0.0365812
1142   0.00864875
1143   -0.0182639
1144   -0.0434497
1145   -0.0675806
1146   -0.0899049
1147   -0.111041
1148   -0.130187
1149   -0.147948
1150   -0.163486
1151   -0.177429
1152   -0.18893
1153   -0.198665
1154   -0.205799
1155   -0.211074
1156   -0.21369
1157   -0.214473
1158   -0.212695
1159   -0.209312
1160   -0.203748
1161   0.466359
1162   0.488009
1163   0.512932
1164   0.540471
1165   0.570381
1166   0.600726
1167   0.629625
1168   0.649753
1169   0.652759
1170   0.628984
1171   0.58888
1172   0.541857
1173   0.493249
1174   0.445268
1175   0.399387
1176   0.355168
1177   0.313553
1178   0.273521
1179   0.235904
1180   0.199647
1181   0.165518
1182   0.132542
1183   0.101437
1184   0.0713386
1185   0.042938
1186   0.0154884
1187   -0.0103319
1188   -0.0351459
1189   -0.0582916
1190   -0.0802696
1191   -0.100452
1192   -0.119226
1193   -0.136026
1194   -0.151146
1195   -0.164105
1196   -0.175131
1197   -0.183844
1198   -0.190437
1199   -0.194647
1200   -0.196675
1201   -0.196398
1202   -0.194106
1203   -0.189895
1204   0.450107
1205   0.469841
1206   0.493838
1207   0.519202
1208   0.548349
1209   0.577028
1210   0.606999
1211   0.631103
1212   0.642357
1213   0.640068
1214   0.605525
1215   0.561894
1216   0.517648
1217   0.471518
1218   0.428022
1219   0.385048
1220   0.344702
1221   0.305385
1222   0.268351
1223   0.232421
1224   0.198463
1225   0.165539
1226   0.134344
1227   0.104087
1228   0.0754039
1229   0.0476081
1230   0.0213405
1231   -0.00401385
1232   -0.0277731
1233   -0.0505082
1234   -0.0714822
1235   -0.0912514
1236   -0.109025
1237   -0.125373
1238   -0.139463
1239   -0.151907
1240   -0.161846
1241   -0.169963
1242   -0.175403
1243   -0.178951
1244   -0.179814
1245   -0.178938
1246   -0.175697
1247   0.433729
1248   0.452757
1249   0.474563
1250   0.498767
1251   0.525287
1252   0.553006
1253   0.580671
1254   0.60551
1255   0.623567
1256   0.626598
1257   0.612448
1258   0.57675
1259   0.53651
1260   0.493697
1261   0.452448
1262   0.411336
1263   0.372412
1264   0.334106
1265   0.29793
1266   0.262522
1267   0.229048
1268   0.196337
1269   0.165352
1270   0.135084
1271   0.106385
1272   0.0783929
1273   0.0518949
1274   0.0261671
1275   0.00195243
1276   -0.0213411
1277   -0.0430156
1278   -0.0635378
1279   -0.0822677
1280   -0.0995577
1281   -0.114843
1282   -0.128379
1283   -0.139696
1284   -0.148983
1285   -0.155889
1286   -0.160591
1287   -0.162897
1288   -0.163072
1289   -0.161178
1290   0.417267
1291   0.434517
1292   0.455096
1293   0.476873
1294   0.50167
1295   0.526455
1296   0.552571
1297   0.575513
1298   0.596109
1299   0.608383
1300   0.600301
1301   0.580467
1302   0.545877
1303   0.507209
1304   0.46955
1305   0.431184
1306   0.39422
1307   0.357687
1308   0.322685
1309   0.28844
1310   0.255674
1311   0.223704
1312   0.193107
1313   0.163262
1314   0.134705
1315   0.106868
1316   0.0802993
1317   0.054474
1318   0.0299851
1319   0.00633376
1320   -0.0158237
1321   -0.036978
1322   -0.0564019
1323   -0.0745996
1324   -0.0907732
1325   -0.105465
1326   -0.117816
1327   -0.128437
1328   -0.136441
1329   -0.142553
1330   -0.145923
1331   -0.147471
1332   -0.146515
1333   0.401113
1334   0.417584
1335   0.436104
1336   0.456428
1337   0.478407
1338   0.501388
1339   0.524276
1340   0.546276
1341   0.56462
1342   0.578202
1343   0.58064
1344   0.568066
1345   0.546235
1346   0.513396
1347   0.480474
1348   0.44505
1349   0.410992
1350   0.376371
1351   0.343332
1352   0.310371
1353   0.278957
1354   0.247834
1355   0.218151
1356   0.188827
1357   0.160846
1358   0.133268
1359   0.106984
1360   0.0811851
1361   0.0567008
1362   0.032851
1363   0.0104123
1364   -0.0111677
1365   -0.0311685
1366   -0.0500156
1367   -0.0670564
1368   -0.0825954
1369   -0.0960667
1370   -0.107675
1371   -0.116972
1372   -0.12412
1373   -0.128842
1374   -0.131374
1375   -0.131734
1376   0.385232
1377   0.400239
1378   0.417535
1379   0.435729
1380   0.455915
1381   0.476224
1382   0.49724
1383   0.516673
1384   0.534185
1385   0.547034
1386   0.552359
1387   0.549189
1388   0.532488
1389   0.509135
1390   0.481066
1391   0.451014
1392   0.420122
1393   0.388875
1394   0.357979
1395   0.327298
1396   0.297359
1397   0.267827
1398   0.239153
1399   0.210938
1400   0.183617
1401   0.156776
1402   0.13087
1403   0.105487
1404   0.0811283
1405   0.0573884
1406   0.0348328
1407   0.0130524
1408   -0.00730754
1409   -0.0266722
1410   -0.0443063
1411   -0.0606708
1412   -0.0749374
1413   -0.0876342
1414   -0.09786
1415   -0.106265
1416   -0.111948
1417   -0.115777
1418   -0.117016
1419   0.369822
1420   0.384067
1421   0.399666
1422   0.416469
1423   0.434294
1424   0.452794
1425   0.471059
1426   0.488785
1427   0.503871
1428   0.516249
1429   0.522071
1430   0.522445
1431   0.513507
1432   0.496613
1433   0.475357
1434   0.450085
1435   0.423803
1436   0.39578
1437   0.368062
1438   0.339609
1439   0.311938
1440   0.283975
1441   0.256949
1442   0.229838
1443   0.203709
1444   0.177618
1445   0.152537
1446   0.127613
1447   0.103756
1448   0.0802128
1449   0.0578423
1450   0.0360048
1451   0.0155061
1452   -0.00416855
1453   -0.0222744
1454   -0.0391912
1455   -0.0542525
1456   -0.0677054
1457   -0.0789954
1458   -0.0882791
1459   -0.095183
1460   -0.0999029
1461   -0.102393
1462   0.354813
1463   0.367907
1464   0.38241
1465   0.397517
1466   0.413775
1467   0.43014
1468   0.4467
1469   0.46229
1470   0.476259
1471   0.487533
1472   0.494337
1473   0.496519
1474   0.491109
1475   0.479983
1476   0.463483
1477   0.443616
1478   0.421241
1479   0.397328
1480   0.372517
1481   0.347107
1482   0.321571
1483   0.295876
1484   0.270418
1485   0.24501
1486   0.220023
1487   0.195201
1488   0.170927
1489   0.146913
1490   0.123579
1491   0.100619
1492   0.0785097
1493   0.0569327
1494   0.0364377
1495   0.0166872
1496   -0.0016745
1497   -0.0190184
1498   -0.0345856
1499   -0.0488083
1500   -0.0608099
1501   -0.0711411
1502   -0.0788652
1503   -0.0847695
1504   -0.0880506
1505   0.340279
1506   0.352649
1507   0.365819
1508   0.379705
1509   0.394133
1510   0.408929
1511   0.423405
1512   0.437462
1513   0.449708
1514   0.460228
1515   0.466927
1516   0.470133
1517   0.467839
1518   0.460401
1519   0.448626
1520   0.43289
1521   0.414882
1522   0.394435
1523   0.373145
1524   0.350418
1525   0.327629
1526   0.303971
1527   0.28065
1528   0.256778
1529   0.233454
1530   0.20978
1531   0.186786
1532   0.163607
1533   0.141221
1534   0.118823
1535   0.0973509
1536   0.0760799
1537   0.0559026
1538   0.0362001
1539   0.0178129
1540   0.000252644
1541   -0.0157085
1542   -0.030404
1543   -0.0431622
1544   -0.0541686
1545   -0.0629268
1546   -0.069592
1547   -0.0740242
1548   0.326157
1549   0.337611
1550   0.349828
1551   0.362393
1552   0.375521
1553   0.38867
1554   0.40174
1555   0.414147
1556   0.42535
1557   0.434835
1558   0.441537
1559   0.445228
1560   0.444578
1561   0.44001
1562   0.43133
1563   0.419423
1564   0.404714
1565   0.387906
1566   0.369496
1567   0.34985
1568   0.329398
1569   0.308251
1570   0.286776
1571   0.264929
1572   0.243047
1573   0.220998
1574   0.199118
1575   0.177226
1576   0.155678
1577   0.134267
1578   0.113384
1579   0.0928041
1580   0.0729749
1581   0.0536495
1582   0.0353579
1583   0.0178234
1584   0.00168949
1585   -0.0133714
1586   -0.0265675
1587   -0.0383278
1588   -0.0477203
1589   -0.0554077
1590   -0.0605075
1591   0.312464
1592   0.323235
1593   0.334408
1594   0.345938
1595   0.357672
1596   0.369542
1597   0.381055
1598   0.392209
1599   0.402101
1600   0.410817
1601   0.417116
1602   0.421125
1603   0.421743
1604   0.419077
1605   0.413121
1606   0.404004
1607   0.392512
1608   0.378553
1609   0.363203
1610   0.346074
1611   0.328289
1612   0.309231
1613   0.290004
1614   0.26985
1615   0.249841
1616   0.229148
1617   0.208818
1618   0.188001
1619   0.167721
1620   0.147141
1621   0.127262
1622   0.107287
1623   0.0881904
1624   0.0692427
1625   0.0513807
1626   0.0339772
1627   0.0179142
1628   0.00271202
1629   -0.0108319
1630   -0.0230034
1631   -0.0331578
1632   -0.0414307
1633   -0.0475393
1634   0.299162
1635   0.309183
1636   0.319536
1637   0.330035
1638   0.340717
1639   0.351327
1640   0.361718
1641   0.371598
1642   0.380588
1643   0.388395
1644   0.39441
1645   0.398416
1646   0.399764
1647   0.398462
1648   0.394288
1649   0.387522
1650   0.378334
1651   0.367061
1652   0.354037
1653   0.339504
1654   0.323816
1655   0.307089
1656   0.289657
1657   0.271529
1658   0.253019
1659   0.234067
1660   0.214978
1661   0.195646
1662   0.176382
1663   0.157053
1664   0.137987
1665   0.119036
1666   0.100556
1667   0.0823865
1668   0.0649346
1669   0.0480178
1670   0.0321271
1671   0.0170436
1672   0.00339362
1673   -0.00911613
1674   -0.0196562
1675   -0.0287103
1676   -0.0353198
1677   0.286251
1678   0.295637
1679   0.305165
1680   0.314807
1681   0.324435
1682   0.334037
1683   0.343263
1684   0.352163
1685   0.360132
1686   0.36727
1687   0.372792
1688   0.376796
1689   0.378589
1690   0.37822
1691   0.375491
1692   0.370401
1693   0.363287
1694   0.354012
1695   0.343269
1696   0.330723
1697   0.317255
1698   0.302336
1699   0.286941
1700   0.27039
1701   0.253702
1702   0.236099
1703   0.218622
1704   0.200434
1705   0.182585
1706   0.164217
1707   0.146381
1708   0.12822
1709   0.110778
1710   0.0932281
1711   0.0765968
1712   0.0601096
1713   0.0447638
1714   0.0298804
1715   0.0163963
1716   0.00380504
1717   -0.00707925
1718   -0.0164812
1719   -0.0238945
1720   0.273715
1721   0.282471
1722   0.291305
1723   0.300143
1724   0.308944
1725   0.317596
1726   0.325958
1727   0.333888
1728   0.341127
1729   0.347504
1730   0.352664
1731   0.356434
1732   0.358466
1733   0.358658
1734   0.356848
1735   0.353057
1736   0.347349
1737   0.339826
1738   0.330698
1739   0.32007
1740   0.308215
1741   0.295195
1742   0.2813
1743   0.266538
1744   0.251196
1745   0.23524
1746   0.21895
1747   0.202262
1748   0.185452
1749   0.168439
1750   0.151503
1751   0.13455
1752   0.117873
1753   0.101375
1754   0.0853633
1755   0.069739
1756   0.0548448
1757   0.0405693
1758   0.0273207
1759   0.0149504
1760   0.00401184
1761   -0.00577134
1762   -0.0134692
1763   0.261551
1764   0.269733
1765   0.277908
1766   0.286057
1767   0.294067
1768   0.301956
1769   0.309456
1770   0.316651
1771   0.323097
1772   0.328924
1773   0.333579
1774   0.337183
1775   0.339239
1776   0.3398
1777   0.338649
1778   0.335737
1779   0.33122
1780   0.324914
1781   0.3173
1782   0.30803
1783   0.297822
1784   0.286163
1785   0.27392
1786   0.260444
1787   0.246696
1788   0.23192
1789   0.217133
1790   0.201511
1791   0.186104
1792   0.170046
1793   0.154407
1794   0.1383
1795   0.122808
1796   0.107041
1797   0.0920863
1798   0.0770661
1799   0.0630696
1800   0.0492412
1801   0.0366656
1802   0.0245339
1803   0.0138937
1804   0.00407318
1805   -0.00409676
1806   0.249753
1807   0.257395
1808   0.264998
1809   0.272522
1810   0.279907
1811   0.28709
1812   0.293961
1813   0.300423
1814   0.306315
1815   0.311509
1816   0.315801
1817   0.31905
1818   0.321063
1819   0.321724
1820   0.320927
1821   0.31862
1822   0.314816
1823   0.30953
1824   0.30287
1825   0.29489
1826   0.285751
1827   0.275516
1828   0.264367
1829   0.252355
1830   0.239668
1831   0.22634
1832   0.212555
1833   0.198335
1834   0.183858
1835   0.169138
1836   0.154351
1837   0.139507
1838   0.124783
1839   0.110189
1840   0.0959066
1841   0.0819518
1842   0.0685121
1843   0.0556111
1844   0.0434447
1845   0.0320487
1846   0.0216266
1847   0.0122278
1848   0.00403763
