##### Y Mean #####
0   0.00266436
1   -0.0281757
2   -0.0642486
3   -0.104037
4   -0.146678
5   -0.190303
6   -0.234262
7   -0.276851
8   -0.317557
9   -0.35445
10   -0.387961
11   -0.417394
12   -0.443218
13   -0.465139
14   -0.483453
15   -0.498058
16   -0.509166
17   -0.516781
18   -0.521191
19   -0.522561
20   -0.521181
21   -0.517331
22   -0.511212
23   -0.50313
24   -0.493276
25   -0.482007
26   -0.469536
27   -0.456246
28   -0.442294
29   -0.427983
30   -0.413413
31   -0.398796
32   -0.384182
33   -0.369695
34   -0.355356
35   -0.34123
36   -0.327329
37   -0.31369
38   -0.300326
39   -0.287262
40   -0.274512
41   -0.262094
42   -0.250022
43   0.0312017
44   -0.000209949
45   -0.0396416
46   -0.0815937
47   -0.129532
48   -0.175768
49   -0.225512
50   -0.270566
51   -0.317644
52   -0.356094
53   -0.394445
54   -0.425536
55   -0.454948
56   -0.478537
57   -0.499413
58   -0.515382
59   -0.52825
60   -0.536727
61   -0.542158
62   -0.54404
63   -0.542997
64   -0.539394
65   -0.533048
66   -0.524836
67   -0.514263
68   -0.502508
69   -0.488964
70   -0.475007
71   -0.45988
72   -0.444813
73   -0.429107
74   -0.41372
75   -0.3981
76   -0.382872
77   -0.367666
78   -0.352837
79   -0.338181
80   -0.323882
81   -0.309851
82   -0.296174
83   -0.282831
84   -0.269855
85   -0.257254
86   0.0650514
87   0.0355939
88   -0.0048937
89   -0.0496587
90   -0.100061
91   -0.150785
92   -0.20286
93   -0.252585
94   -0.301666
95   -0.346715
96   -0.38805
97   -0.424753
98   -0.457346
99   -0.485141
100   -0.508804
101   -0.52762
102   -0.542459
103   -0.553049
104   -0.559968
105   -0.563397
106   -0.563491
107   -0.560619
108   -0.554825
109   -0.54655
110   -0.53593
111   -0.523498
112   -0.509456
113   -0.494433
114   -0.478538
115   -0.462238
116   -0.445626
117   -0.429037
118   -0.41252
119   -0.396235
120   -0.380197
121   -0.364466
122   -0.349054
123   -0.333983
124   -0.319271
125   -0.304927
126   -0.290977
127   -0.277423
128   -0.264288
129   0.103055
130   0.0741823
131   0.0340414
132   -0.0120848
133   -0.065676
134   -0.11853
135   -0.17449
136   -0.226475
137   -0.27911
138   -0.327282
139   -0.374341
140   -0.413976
141   -0.452617
142   -0.482684
143   -0.511949
144   -0.532522
145   -0.5515
146   -0.564092
147   -0.573863
148   -0.579437
149   -0.581386
150   -0.580073
151   -0.575105
152   -0.567509
153   -0.556857
154   -0.544407
155   -0.529628
156   -0.514144
157   -0.497119
158   -0.479986
159   -0.462083
160   -0.444542
161   -0.42684
162   -0.409634
163   -0.392583
164   -0.376009
165   -0.359737
166   -0.343912
167   -0.328466
168   -0.313458
169   -0.298878
170   -0.284747
171   -0.271073
172   0.144687
173   0.120003
174   0.0795682
175   0.0332109
176   -0.0221455
177   -0.0780687
178   -0.136124
179   -0.191729
180   -0.246827
181   -0.298548
182   -0.347643
183   -0.392098
184   -0.432728
185   -0.468429
186   -0.500066
187   -0.527052
188   -0.54952
189   -0.567587
190   -0.581256
191   -0.590536
192   -0.595734
193   -0.596465
194   -0.593473
195   -0.586779
196   -0.576976
197   -0.564756
198   -0.550107
199   -0.533921
200   -0.516299
201   -0.497889
202   -0.478981
203   -0.460057
204   -0.441326
205   -0.422901
206   -0.40491
207   -0.387318
208   -0.370217
209   -0.353547
210   -0.33738
211   -0.321668
212   -0.306468
213   -0.291745
214   -0.277547
215   0.188199
216   0.164613
217   0.126331
218   0.0791491
219   0.0228677
220   -0.0346105
221   -0.0950527
222   -0.15269
223   -0.21032
224   -0.264023
225   -0.315735
226   -0.362651
227   -0.406467
228   -0.445153
229   -0.480788
230   -0.511238
231   -0.539675
232   -0.560677
233   -0.581193
234   -0.592373
235   -0.603889
236   -0.605862
237   -0.607169
238   -0.601861
239   -0.593919
240   -0.583123
241   -0.568785
242   -0.55293
243   -0.534453
244   -0.515356
245   -0.495091
246   -0.4752
247   -0.455198
248   -0.435792
249   -0.416718
250   -0.398234
251   -0.380231
252   -0.362784
253   -0.345864
254   -0.329487
255   -0.313656
256   -0.298371
257   -0.283642
258   0.233078
259   0.215478
260   0.176754
261   0.1302
262   0.0728626
263   0.0135462
264   -0.0483417
265   -0.108564
266   -0.168019
267   -0.224272
268   -0.27792
269   -0.327489
270   -0.373435
271   -0.414995
272   -0.452772
273   -0.48625
274   -0.516287
275   -0.541761
276   -0.563613
277   -0.580889
278   -0.594414
279   -0.603848
280   -0.608773
281   -0.609865
282   -0.606064
283   -0.598174
284   -0.586185
285   -0.570334
286   -0.551866
287   -0.531794
288   -0.510732
289   -0.489454
290   -0.468514
291   -0.447862
292   -0.427901
293   -0.40841
294   -0.38963
295   -0.37137
296   -0.353781
297   -0.336735
298   -0.320332
299   -0.304488
300   -0.289276
301   0.277051
302   0.260743
303   0.225958
304   0.179569
305   0.122456
306   0.0624913
307   -0.000841172
308   -0.0623973
309   -0.123834
310   -0.181635
311   -0.237432
312   -0.288671
313   -0.33689
314   -0.380221
315   -0.420219
316   -0.455461
317   -0.48735
318   -0.515047
319   -0.539238
320   -0.559597
321   -0.576844
322   -0.590191
323   -0.601788
324   -0.606296
325   -0.610809
326   -0.604636
327   -0.598555
328   -0.583267
329   -0.565788
330   -0.546
331   -0.524121
332   -0.502357
333   -0.480325
334   -0.458855
335   -0.437946
336   -0.417692
337   -0.39813
338   -0.379207
339   -0.360962
340   -0.343348
341   -0.326388
342   -0.310058
343   -0.294368
344   0.319469
345   0.311486
346   0.276872
347   0.232263
348   0.175514
349   0.114033
350   0.050119
351   -0.0133953
352   -0.0760516
353   -0.135958
354   -0.193192
355   -0.246533
356   -0.29625
357   -0.341625
358   -0.383117
359   -0.420297
360   -0.453812
361   -0.4834
362   -0.509501
363   -0.53206
364   -0.551385
365   -0.567403
366   -0.580647
367   -0.59005
368   -0.596244
369   -0.598143
370   -0.595169
371   -0.588246
372   -0.574363
373   -0.556553
374   -0.535518
375   -0.512765
376   -0.490304
377   -0.467862
378   -0.446432
379   -0.425465
380   -0.405397
381   -0.385893
382   -0.367177
383   -0.349061
384   -0.331669
385   -0.314893
386   -0.298812
387   0.357166
388   0.349364
389   0.324362
390   0.283134
391   0.227845
392   0.166189
393   0.101005
394   0.0365277
395   -0.027762
396   -0.0888961
397   -0.147908
398   -0.202563
399   -0.254057
400   -0.300772
401   -0.343947
402   -0.382497
403   -0.41757
404   -0.448557
405   -0.476248
406   -0.500324
407   -0.521335
408   -0.539026
409   -0.553794
410   -0.565711
411   -0.574463
412   -0.580299
413   -0.583225
414   -0.580453
415   -0.575992
416   -0.559933
417   -0.542271
418   -0.519916
419   -0.497268
420   -0.474659
421   -0.452878
422   -0.431612
423   -0.411173
424   -0.391338
425   -0.372252
426   -0.353807
427   -0.336053
428   -0.318952
429   -0.302515
430   0.391475
431   0.389249
432   0.368537
433   0.33587
434   0.280316
435   0.218175
436   0.15305
437   0.0873173
438   0.0222826
439   -0.040509
440   -0.100588
441   -0.156983
442   -0.209636
443   -0.258033
444   -0.302395
445   -0.34252
446   -0.378805
447   -0.411222
448   -0.440133
449   -0.465575
450   -0.48785
451   -0.506969
452   -0.52333
453   -0.536878
454   -0.547737
455   -0.555815
456   -0.560971
457   -0.562509
458   -0.560525
459   -0.553902
460   -0.539098
461   -0.521049
462   -0.499784
463   -0.477649
464   -0.456377
465   -0.435263
466   -0.414911
467   -0.39504
468   -0.375873
469   -0.357282
470   -0.339354
471   -0.322033
472   -0.305362
473   0.421978
474   0.421813
475   0.408612
476   0.378796
477   0.329157
478   0.268859
479   0.203688
480   0.137804
481   0.0717076
482   0.00812314
483   -0.0533764
484   -0.110773
485   -0.164898
486   -0.214352
487   -0.260115
488   -0.301309
489   -0.338872
490   -0.37234
491   -0.402427
492   -0.428953
493   -0.452382
494   -0.472757
495   -0.490314
496   -0.505352
497   -0.517613
498   -0.52752
499   -0.534333
500   -0.538622
501   -0.539138
502   -0.536625
503   -0.529395
504   -0.514644
505   -0.497509
506   -0.477019
507   -0.456841
508   -0.436365
509   -0.416478
510   -0.396896
511   -0.3779
512   -0.359389
513   -0.341448
514   -0.324061
515   -0.307253
516   0.44929
517   0.453516
518   0.445481
519   0.425314
520   0.376113
521   0.317524
522   0.25369
523   0.187665
524   0.121464
525   0.0567723
526   -0.00538744
527   -0.0641742
528   -0.119145
529   -0.170003
530   -0.216674
531   -0.259188
532   -0.297681
533   -0.332349
534   -0.363387
535   -0.391047
536   -0.415524
537   -0.437069
538   -0.45587
539   -0.472135
540   -0.485866
541   -0.497184
542   -0.505881
543   -0.51203
544   -0.515123
545   -0.515254
546   -0.510912
547   -0.502441
548   -0.487966
549   -0.471262
550   -0.452916
551   -0.434177
552   -0.415259
553   -0.39653
554   -0.378029
555   -0.359919
556   -0.342173
557   -0.32491
558   -0.308089
559   0.473097
560   0.480239
561   0.477884
562   0.459669
563   0.418826
564   0.363917
565   0.30157
566   0.236385
567   0.16984
568   0.104911
569   0.0417485
570   -0.0176541
571   -0.0738015
572   -0.125415
573   -0.173254
574   -0.216581
575   -0.256167
576   -0.291682
577   -0.323749
578   -0.352332
579   -0.377835
580   -0.400453
581   -0.420327
582   -0.437837
583   -0.452751
584   -0.46557
585   -0.47568
586   -0.483698
587   -0.48857
588   -0.49094
589   -0.489181
590   -0.483994
591   -0.474229
592   -0.460774
593   -0.445433
594   -0.428669
595   -0.411419
596   -0.393812
597   -0.376227
598   -0.358724
599   -0.341438
600   -0.324439
601   -0.307786
602   0.493446
603   0.503992
604   0.50683
605   0.498525
606   0.459294
607   0.408245
608   0.348252
609   0.283833
610   0.217777
611   0.152263
612   0.0889062
613   0.0284792
614   -0.0281524
615   -0.0809029
616   -0.129367
617   -0.173812
618   -0.214108
619   -0.25069
620   -0.283554
621   -0.313189
622   -0.339621
623   -0.363334
624   -0.384313
625   -0.402994
626   -0.419218
627   -0.433366
628   -0.445058
629   -0.454657
630   -0.461425
631   -0.465772
632   -0.466402
633   -0.464111
634   -0.457117
635   -0.447283
636   -0.434518
637   -0.420363
638   -0.404869
639   -0.388902
640   -0.3724
641   -0.355867
642   -0.339181
643   -0.3227
644   -0.306295
645   0.510172
646   0.523676
647   0.530731
648   0.524156
649   0.495684
650   0.450063
651   0.392766
652   0.32982
653   0.263967
654   0.19878
655   0.134848
656   0.0742465
657   0.0167419
658   -0.0364382
659   -0.085854
660   -0.130869
661   -0.172111
662   -0.209369
663   -0.243176
664   -0.273615
665   -0.301028
666   -0.325704
667   -0.347738
668   -0.367556
669   -0.384954
670   -0.400431
671   -0.413479
672   -0.424607
673   -0.433009
674   -0.439115
675   -0.441929
676   -0.441762
677   -0.437911
678   -0.430806
679   -0.421069
680   -0.409243
681   -0.395986
682   -0.38166
683   -0.36664
684   -0.351152
685   -0.335371
686   -0.319475
687   -0.303567
688   0.523178
689   0.538991
690   0.550588
691   0.553176
692   0.529047
693   0.491146
694   0.436188
695   0.374247
696   0.309443
697   0.244092
698   0.180491
699   0.119211
700   0.061606
701   0.00753902
702   -0.0422154
703   -0.0881678
704   -0.129907
705   -0.168115
706   -0.202569
707   -0.233991
708   -0.262221
709   -0.287951
710   -0.310985
711   -0.331952
712   -0.350533
713   -0.36729
714   -0.381702
715   -0.394288
716   -0.404237
717   -0.412084
718   -0.416693
719   -0.418778
720   -0.417102
721   -0.412838
722   -0.405462
723   -0.396246
724   -0.384971
725   -0.372636
726   -0.359045
727   -0.344929
728   -0.330064
729   -0.315033
730   -0.299619
731   0.532598
732   0.550922
733   0.565128
734   0.569885
735   0.558401
736   0.527117
737   0.476844
738   0.417106
739   0.353012
740   0.288636
741   0.224859
742   0.163839
743   0.105628
744   0.0514475
745   0.000940068
746   -0.0453366
747   -0.0878782
748   -0.126581
749   -0.161886
750   -0.193981
751   -0.223141
752   -0.249726
753   -0.27379
754   -0.295786
755   -0.315516
756   -0.333455
757   -0.349163
758   -0.363068
759   -0.374527
760   -0.38386
761   -0.390348
762   -0.394211
763   -0.394966
764   -0.392903
765   -0.388145
766   -0.381106
767   -0.372123
768   -0.361576
769   -0.349739
770   -0.336914
771   -0.323269
772   -0.309063
773   -0.294437
774   0.538308
775   0.558287
776   0.57564
777   0.586199
778   0.582848
779   0.565291
780   0.516211
781   0.457627
782   0.395745
783   0.331709
784   0.268819
785   0.207413
786   0.149455
787   0.0946108
788   0.0440487
789   -0.00298253
790   -0.0457948
791   -0.085311
792   -0.121095
793   -0.154083
794   -0.183932
795   -0.211511
796   -0.236462
797   -0.259559
798   -0.280346
799   -0.299503
800   -0.31641
801   -0.331678
802   -0.344476
803   -0.355396
804   -0.363424
805   -0.369244
806   -0.371844
807   -0.372135
808   -0.369431
809   -0.364767
810   -0.357701
811   -0.349201
812   -0.338912
813   -0.327665
814   -0.315125
815   -0.302033
816   -0.288093
817   0.540457
818   0.562196
819   0.582185
820   0.597075
821   0.602721
822   0.58962
823   0.550792
824   0.496915
825   0.436649
826   0.374267
827   0.311518
828   0.250732
829   0.192393
830   0.137742
831   0.0866335
832   0.0395391
833   -0.00390591
834   -0.0437177
835   -0.0802336
836   -0.113749
837   -0.144449
838   -0.17277
839   -0.198697
840   -0.222717
841   -0.244604
842   -0.264826
843   -0.282969
844   -0.299426
845   -0.313642
846   -0.325907
847   -0.335639
848   -0.34305
849   -0.347723
850   -0.349895
851   -0.349468
852   -0.346756
853   -0.34186
854   -0.335109
855   -0.326648
856   -0.316786
857   -0.305645
858   -0.293531
859   -0.280599
860   0.539217
861   0.561675
862   0.584687
863   0.603798
864   0.617604
865   0.618949
866   0.582366
867   0.532807
868   0.476023
869   0.414852
870   0.353439
871   0.292607
872   0.234879
873   0.179826
874   0.128982
875   0.0813555
876   0.0378937
877   -0.0025619
878   -0.0393723
879   -0.0736611
880   -0.104917
881   -0.134146
882   -0.160849
883   -0.185902
884   -0.208738
885   -0.230112
886   -0.249339
887   -0.267085
888   -0.282522
889   -0.296276
890   -0.307413
891   -0.3166
892   -0.322916
893   -0.327149
894   -0.328538
895   -0.327974
896   -0.324857
897   -0.320091
898   -0.313172
899   -0.304965
900   -0.295018
901   -0.284176
902   -0.272063
903   0.535072
904   0.558976
905   0.583756
906   0.607222
907   0.626631
908   0.630753
909   0.608684
910   0.566549
911   0.513135
912   0.454435
913   0.393697
914   0.334001
915   0.276247
916   0.221796
917   0.170689
918   0.123308
919   0.0794305
920   0.0388974
921   0.00150681
922   -0.0331609
923   -0.0651649
924   -0.0950278
925   -0.122632
926   -0.148514
927   -0.172385
928   -0.194736
929   -0.215134
930   -0.233985
931   -0.250764
932   -0.265776
933   -0.278491
934   -0.289141
935   -0.297309
936   -0.303218
937   -0.306642
938   -0.307837
939   -0.306739
940   -0.303625
941   -0.298517
942   -0.291701
943   -0.283242
944   -0.27346
945   -0.262506
946   0.528106
947   0.551791
948   0.57877
949   0.604339
950   0.629972
951   0.646766
952   0.630184
953   0.597696
954   0.548202
955   0.491411
956   0.432658
957   0.373386
958   0.316784
959   0.262286
960   0.211848
961   0.164214
962   0.120604
963   0.079632
964   0.0421355
965   0.0068391
966   -0.0255904
967   -0.0562536
968   -0.084531
969   -0.111356
970   -0.136082
971   -0.159502
972   -0.180896
973   -0.200957
974   -0.21887
975   -0.235278
976   -0.249296
977   -0.261579
978   -0.271242
979   -0.279008
980   -0.284069
981   -0.287225
982   -0.287768
983   -0.286542
984   -0.282921
985   -0.27777
986   -0.270532
987   -0.262113
988   -0.252062
989   0.518919
990   0.543546
991   0.57078
992   0.599088
993   0.626532
994   0.645338
995   0.646355
996   0.623013
997   0.579658
998   0.52657
999   0.469298
1000   0.411967
1001   0.355829
1002   0.302441
1003   0.252095
1004   0.205049
1005   0.161284
1006   0.120452
1007   0.082556
1008   0.0470193
1009   0.013972
1010   -0.0172218
1011   -0.0462938
1012   -0.0738568
1013   -0.099521
1014   -0.123832
1015   -0.146303
1016   -0.167387
1017   -0.186543
1018   -0.204121
1019   -0.219591
1020   -0.233221
1021   -0.244563
1022   -0.253844
1023   -0.26075
1024   -0.265505
1025   -0.267924
1026   -0.268243
1027   -0.266379
1028   -0.262587
1029   -0.25687
1030   -0.249546
1031   -0.240755
1032   0.507475
1033   0.531119
1034   0.559251
1035   0.587786
1036   0.61794
1037   0.642477
1038   0.653074
1039   0.648414
1040   0.60843
1041   0.557971
1042   0.504156
1043   0.447794
1044   0.393487
1045   0.340443
1046   0.291219
1047   0.244247
1048   0.201041
1049   0.160016
1050   0.122195
1051   0.0862132
1052   0.0528678
1053   0.0210257
1054   -0.00860786
1055   -0.0369762
1056   -0.0633863
1057   -0.0886375
1058   -0.111999
1059   -0.134169
1060   -0.154355
1061   -0.173199
1062   -0.189858
1063   -0.204966
1064   -0.217664
1065   -0.228623
1066   -0.237013
1067   -0.243562
1068   -0.247493
1069   -0.249593
1070   -0.249143
1071   -0.246989
1072   -0.242486
1073   -0.236571
1074   -0.22873
1075   0.494369
1076   0.518108
1077   0.545161
1078   0.574422
1079   0.604935
1080   0.632562
1081   0.653238
1082   0.654585
1083   0.63019
1084   0.5871
1085   0.536009
1086   0.482359
1087   0.428987
1088   0.377574
1089   0.328863
1090   0.282824
1091   0.239779
1092   0.199099
1093   0.161111
1094   0.125028
1095   0.0912545
1096   0.0590054
1097   0.0287521
1098   -0.000228633
1099   -0.0274099
1100   -0.0534237
1101   -0.0777016
1102   -0.100769
1103   -0.122039
1104   -0.141927
1105   -0.15987
1106   -0.176186
1107   -0.190377
1108   -0.202697
1109   -0.212749
1110   -0.220749
1111   -0.226413
1112   -0.229948
1113   -0.231179
1114   -0.230333
1115   -0.22735
1116   -0.222536
1117   -0.216013
1118   0.479714
1119   0.501747
1120   0.528523
1121   0.556393
1122   0.587658
1123   0.616467
1124   0.64428
1125   0.662324
1126   0.644188
1127   0.610715
1128   0.564108
1129   0.512429
1130   0.461734
1131   0.411284
1132   0.364241
1133   0.318731
1134   0.276556
1135   0.236019
1136   0.198301
1137   0.162049
1138   0.128142
1139   0.0954958
1140   0.064847
1141   0.0352983
1142   0.00754074
1143   -0.0191902
1144   -0.0441911
1145   -0.0681342
1146   -0.0902729
1147   -0.111225
1148   -0.130196
1149   -0.147787
1150   -0.16317
1151   -0.176969
1152   -0.188343
1153   -0.197964
1154   -0.205005
1155   -0.210202
1156   -0.212762
1157   -0.213504
1158   -0.211706
1159   -0.208315
1160   -0.202761
1161   0.464222
1162   0.485807
1163   0.510679
1164   0.538181
1165   0.568069
1166   0.598406
1167   0.627309
1168   0.647444
1169   0.650451
1170   0.626659
1171   0.586534
1172   0.539499
1173   0.49089
1174   0.442923
1175   0.397073
1176   0.352902
1177   0.31135
1178   0.271397
1179   0.233873
1180   0.197725
1181   0.163716
1182   0.130874
1183   0.0999141
1184   0.0699717
1185   0.0417336
1186   0.0144558
1187   -0.0111904
1188   -0.0358249
1189   -0.0587932
1190   -0.0805934
1191   -0.100604
1192   -0.119213
1193   -0.135858
1194   -0.150833
1195   -0.163661
1196   -0.17457
1197   -0.183184
1198   -0.189694
1199   -0.193839
1200   -0.19582
1201   -0.195513
1202   -0.193207
1203   -0.188997
1204   0.448016
1205   0.467686
1206   0.491632
1207   0.516957
1208   0.54608
1209   0.574746
1210   0.604719
1211   0.628831
1212   0.640091
1213   0.637804
1214   0.603239
1215   0.559589
1216   0.515338
1217   0.469214
1218   0.425741
1219   0.382804
1220   0.342511
1221   0.303262
1222   0.26631
1223   0.230476
1224   0.196628
1225   0.163825
1226   0.132763
1227   0.10265
1228   0.074119
1229   0.0464833
1230   0.0203806
1231   -0.00480421
1232   -0.0283935
1233   -0.0509581
1234   -0.071766
1235   -0.0913728
1236   -0.108993
1237   -0.125196
1238   -0.139155
1239   -0.151479
1240   -0.161315
1241   -0.169342
1242   -0.174712
1243   -0.178205
1244   -0.179032
1245   -0.178134
1246   -0.174888
1247   0.431687
1248   0.450654
1249   0.472409
1250   0.496573
1251   0.523066
1252   0.550769
1253   0.578429
1254   0.603274
1255   0.621339
1256   0.624373
1257   0.610217
1258   0.574502
1259   0.534252
1260   0.491439
1261   0.450205
1262   0.409122
1263   0.370242
1264   0.331993
1265   0.295887
1266   0.260565
1267   0.227189
1268   0.194589
1269   0.163723
1270   0.133589
1271   0.10503
1272   0.0771875
1273   0.0508434
1274   0.0252765
1275   0.00122284
1276   -0.0219068
1277   -0.0434215
1278   -0.0637855
1279   -0.0823653
1280   -0.0995114
1281   -0.114665
1282   -0.128079
1283   -0.139289
1284   -0.148483
1285   -0.155313
1286   -0.159954
1287   -0.162217
1288   -0.162364
1289   -0.160459
1290   0.415278
1291   0.432467
1292   0.452995
1293   0.47473
1294   0.499498
1295   0.524262
1296   0.550371
1297   0.573311
1298   0.593914
1299   0.606197
1300   0.598111
1301   0.578271
1302   0.54367
1303   0.504998
1304   0.467349
1305   0.429004
1306   0.392075
1307   0.355591
1308   0.32065
1309   0.28648
1310   0.253801
1311   0.221931
1312   0.191443
1313   0.16172
1314   0.133292
1315   0.105594
1316   0.0791706
1317   0.0534958
1318   0.0291601
1319   0.00566442
1320   -0.016339
1321   -0.0373404
1322   -0.0566176
1323   -0.0746734
1324   -0.0907155
1325   -0.105284
1326   -0.117526
1327   -0.128051
1328   -0.135974
1329   -0.14202
1330   -0.145342
1331   -0.146855
1332   -0.145883
1333   0.399179
1334   0.415591
1335   0.434061
1336   0.454342
1337   0.476288
1338   0.499246
1339   0.52212
1340   0.544115
1341   0.56246
1342   0.576048
1343   0.578488
1344   0.565911
1345   0.544076
1346   0.511232
1347   0.478316
1348   0.442908
1349   0.408878
1350   0.374298
1351   0.341311
1352   0.308416
1353   0.277078
1354   0.246044
1355   0.216461
1356   0.187248
1357   0.159386
1358   0.131937
1359   0.105786
1360   0.0801298
1361   0.0557892
1362   0.0320878
1363   0.00979586
1364   -0.0116364
1365   -0.0314949
1366   -0.0502028
1367   -0.0671133
1368   -0.0825295
1369   -0.0958902
1370   -0.107399
1371   -0.116612
1372   -0.123689
1373   -0.128358
1374   -0.130851
1375   -0.131187
1376   0.383355
1377   0.398304
1378   0.41555
1379   0.433701
1380   0.453853
1381   0.474135
1382   0.495135
1383   0.514556
1384   0.532065
1385   0.544915
1386   0.550242
1387   0.547073
1388   0.530368
1389   0.507013
1390   0.478949
1391   0.44891
1392   0.418041
1393   0.386829
1394   0.355978
1395   0.325354
1396   0.295483
1397   0.266031
1398   0.237447
1399   0.209333
1400   0.182121
1401   0.155399
1402   0.129617
1403   0.104366
1404   0.0801433
1405   0.0565431
1406   0.0341278
1407   0.0124887
1408   -0.00773337
1409   -0.0269626
1410   -0.0444685
1411   -0.0607108
1412   -0.0748665
1413   -0.0874617
1414   -0.0976009
1415   -0.105931
1416   -0.111557
1417   -0.115341
1418   -0.116553
1419   0.368004
1420   0.382193
1421   0.397742
1422   0.414502
1423   0.432292
1424   0.450763
1425   0.469006
1426   0.486718
1427   0.501795
1428   0.51417
1429   0.519989
1430   0.520364
1431   0.511425
1432   0.494532
1433   0.47328
1434   0.448019
1435   0.421757
1436   0.393763
1437   0.366085
1438   0.337682
1439   0.310071
1440   0.282179
1441   0.255234
1442   0.228215
1443   0.202185
1444   0.176203
1445   0.151238
1446   0.126437
1447   0.102706
1448   0.0792952
1449   0.057057
1450   0.0353547
1451   0.0149883
1452   -0.00455486
1453   -0.0225355
1454   -0.0393318
1455   -0.0542822
1456   -0.0676328
1457   -0.0788334
1458   -0.0880399
1459   -0.0948816
1460   -0.0995535
1461   -0.10201
1462   0.353055
1463   0.366095
1464   0.380549
1465   0.395613
1466   0.411835
1467   0.428169
1468   0.444706
1469   0.460277
1470   0.474234
1471   0.4855
1472   0.4923
1473   0.49448
1474   0.489068
1475   0.477943
1476   0.461448
1477   0.441591
1478   0.419232
1479   0.395345
1480   0.370569
1481   0.345203
1482   0.31972
1483   0.294089
1484   0.268704
1485   0.243378
1486   0.218483
1487   0.193761
1488   0.169593
1489   0.145693
1490   0.122477
1491   0.0996406
1492   0.0776568
1493   0.0562078
1494   0.0358396
1495   0.0162155
1496   -0.00202439
1497   -0.0192502
1498   -0.0347076
1499   -0.0488275
1500   -0.0607388
1501   -0.0709897
1502   -0.0786491
1503   -0.0845005
1504   -0.0877449
1505   0.338582
1506   0.3509
1507   0.364022
1508   0.377866
1509   0.392256
1510   0.407021
1511   0.421471
1512   0.435507
1513   0.447736
1514   0.458246
1515   0.464937
1516   0.468139
1517   0.465842
1518   0.458406
1519   0.446634
1520   0.430908
1521   0.412913
1522   0.392489
1523   0.371229
1524   0.348542
1525   0.3258
1526   0.3022
1527   0.278943
1528   0.255147
1529   0.231904
1530   0.208323
1531   0.185426
1532   0.162353
1533   0.140076
1534   0.117794
1535   0.096439
1536   0.0752894
1537   0.0552322
1538   0.0356513
1539   0.0173813
1540   -6.37243e-05
1541   -0.0159171
1542   -0.0305105
1543   -0.0431774
1544   -0.0541023
1545   -0.0627923
1546   -0.069402
1547   -0.0737927
1548   0.324521
1549   0.335925
1550   0.348097
1551   0.360619
1552   0.37371
1553   0.386826
1554   0.399869
1555   0.412252
1556   0.423437
1557   0.432909
1558   0.439601
1559   0.443285
1560   0.442632
1561   0.438063
1562   0.429385
1563   0.417487
1564   0.40279
1565   0.386002
1566   0.367618
1567   0.348007
1568   0.327598
1569   0.306502
1570   0.285086
1571   0.263306
1572   0.2415
1573   0.219534
1574   0.197744
1575   0.175949
1576   0.154503
1577   0.133199
1578   0.112427
1579   0.0919601
1580   0.072245
1581   0.0530348
1582   0.034856
1583   0.0174325
1584   0.00140394
1585   -0.0135564
1586   -0.0266615
1587   -0.0383388
1588   -0.0476618
1589   -0.0552899
1590   -0.0603458
1591   0.310889
1592   0.321612
1593   0.332741
1594   0.344231
1595   0.355928
1596   0.367764
1597   0.379248
1598   0.390379
1599   0.40025
1600   0.40895
1601   0.415237
1602   0.419238
1603   0.41985
1604   0.417183
1605   0.411228
1606   0.402118
1607   0.390636
1608   0.376695
1609   0.361368
1610   0.34427
1611   0.326522
1612   0.307512
1613   0.288337
1614   0.268245
1615   0.248303
1616   0.227687
1617   0.207439
1618   0.186711
1619   0.166525
1620   0.146045
1621   0.126268
1622   0.1064
1623   0.0874099
1624   0.0685718
1625   0.0508166
1626   0.03352
1627   0.0175585
1628   0.00245473
1629   -0.0109992
1630   -0.0230878
1631   -0.0331707
1632   -0.0413828
1633   -0.0474434
1634   0.297648
1635   0.307624
1636   0.317935
1637   0.328394
1638   0.339039
1639   0.349617
1640   0.359978
1641   0.369834
1642   0.378802
1643   0.386592
1644   0.392593
1645   0.396589
1646   0.39793
1647   0.396625
1648   0.392452
1649   0.385691
1650   0.376512
1651   0.365255
1652   0.352251
1653   0.337746
1654   0.322092
1655   0.305406
1656   0.288022
1657   0.269949
1658   0.251502
1659   0.23262
1660   0.213605
1661   0.194356
1662   0.175178
1663   0.155941
1664   0.13697
1665   0.118118
1666   0.0997391
1667   0.0816717
1668   0.0643213
1669   0.0475058
1670   0.0317127
1671   0.0167241
1672   0.00316214
1673   -0.0092652
1674   -0.0197336
1675   -0.0287245
1676   -0.0352848
1677   0.284798
1678   0.294141
1679   0.303628
1680   0.313232
1681   0.322824
1682   0.332394
1683   0.341591
1684   0.350466
1685   0.358412
1686   0.365532
1687   0.371039
1688   0.375032
1689   0.376817
1690   0.376444
1691   0.373714
1692   0.368628
1693   0.361522
1694   0.352261
1695   0.341537
1696   0.329016
1697   0.315578
1698   0.300697
1699   0.285344
1700   0.268844
1701   0.252213
1702   0.234674
1703   0.217264
1704   0.199152
1705   0.181382
1706   0.1631
1707   0.145351
1708   0.127283
1709   0.109934
1710   0.0924804
1711   0.0759436
1712   0.0595528
1713   0.044299
1714   0.029507
1715   0.0161076
1716   0.00359704
1717   -0.00721564
1718   -0.0165541
1719   -0.0239152
1720   0.272322
1721   0.281038
1722   0.289832
1723   0.298634
1724   0.3074
1725   0.316021
1726   0.324355
1727   0.332259
1728   0.339476
1729   0.345834
1730   0.350979
1731   0.354736
1732   0.356761
1733   0.356948
1734   0.355136
1735   0.351348
1736   0.345647
1737   0.338136
1738   0.329025
1739   0.318419
1740   0.306592
1741   0.293606
1742   0.27975
1743   0.265034
1744   0.249744
1745   0.233846
1746   0.21762
1747   0.201
1748   0.184264
1749   0.167329
1750   0.150474
1751   0.133607
1752   0.117017
1753   0.100607
1754   0.0846849
1755   0.06915
1756   0.0543433
1757   0.0401535
1758   0.0269863
1759   0.0146935
1760   0.00382506
1761   -0.00589409
1762   -0.0135396
1763   0.260217
1764   0.26836
1765   0.276499
1766   0.284613
1767   0.29259
1768   0.300449
1769   0.307921
1770   0.315091
1771   0.321514
1772   0.327324
1773   0.331963
1774   0.335555
1775   0.337602
1776   0.338158
1777   0.337004
1778   0.334095
1779   0.329584
1780   0.323289
1781   0.315689
1782   0.306441
1783   0.296257
1784   0.28463
1785   0.272423
1786   0.25899
1787   0.245288
1788   0.230566
1789   0.215836
1790   0.200278
1791   0.184938
1792   0.168953
1793   0.153388
1794   0.137361
1795   0.121948
1796   0.106265
1797   0.0913922
1798   0.0764564
1799   0.0625406
1800   0.0487937
1801   0.0362939
1802   0.0242366
1803   0.0136632
1804   0.00390547
1805   -0.00421079
1806   0.248477
1807   0.256083
1808   0.263651
1809   0.271141
1810   0.278496
1811   0.285649
1812   0.292494
1813   0.298933
1814   0.304803
1815   0.309979
1816   0.314256
1817   0.317492
1818   0.319496
1819   0.320152
1820   0.319353
1821   0.317048
1822   0.313249
1823   0.307973
1824   0.301327
1825   0.293366
1826   0.284251
1827   0.274044
1828   0.262929
1829   0.250956
1830   0.238312
1831   0.225033
1832   0.211302
1833   0.19714
1834   0.182726
1835   0.168072
1836   0.153355
1837   0.138583
1838   0.123934
1839   0.109416
1840   0.0952111
1841   0.0813335
1842   0.06797
1843   0.0551439
1844   0.0430495
1845   0.0317223
1846   0.0213644
1847   0.0120246
1848   0.00388697
