##### Y Mean #####
0   -0.00370619
1   -0.0271202
2   -0.0540936
3   -0.0832623
4   -0.11375
5   -0.143935
6   -0.173293
7   -0.200782
8   -0.226284
9   -0.249221
10   -0.269716
11   -0.287475
12   -0.302732
13   -0.315362
14   -0.32564
15   -0.333538
16   -0.33934
17   -0.343076
18   -0.345018
19   -0.34523
20   -0.343962
21   -0.341293
22   -0.337448
23   -0.332511
24   -0.326676
25   -0.320025
26   -0.312722
27   -0.304845
28   -0.296525
29   -0.287832
30   -0.278873
31   -0.269706
32   -0.260415
33   -0.251047
34   -0.241667
35   -0.232314
36   -0.223035
37   -0.213862
38   -0.204828
39   -0.195958
40   -0.187276
41   -0.1788
42   -0.170547
43   0.0152759
44   -0.00918064
45   -0.0393884
46   -0.07089
47   -0.106018
48   -0.138644
49   -0.172206
50   -0.201684
51   -0.230497
52   -0.254859
53   -0.277804
54   -0.29648
55   -0.313467
56   -0.326596
57   -0.338025
58   -0.346092
59   -0.35259
60   -0.356242
61   -0.358528
62   -0.358472
63   -0.357283
64   -0.354221
65   -0.350265
66   -0.344857
67   -0.338779
68   -0.331618
69   -0.323987
70   -0.315588
71   -0.30689
72   -0.297684
73   -0.288322
74   -0.278663
75   -0.268961
76   -0.259129
77   -0.249344
78   -0.239558
79   -0.229886
80   -0.22031
81   -0.210901
82   -0.201658
83   -0.192621
84   -0.183801
85   -0.175219
86   0.0382634
87   0.0145412
88   -0.0173548
89   -0.0520151
90   -0.0900576
91   -0.127291
92   -0.163655
93   -0.197239
94   -0.228278
95   -0.255869
96   -0.280433
97   -0.301518
98   -0.319601
99   -0.334453
100   -0.346548
101   -0.355783
102   -0.362604
103   -0.366987
104   -0.369335
105   -0.369672
106   -0.368354
107   -0.365433
108   -0.361216
109   -0.355767
110   -0.349345
111   -0.342018
112   -0.333996
113   -0.325348
114   -0.31624
115   -0.306734
116   -0.29696
117   -0.286972
118   -0.276869
119   -0.266695
120   -0.256524
121   -0.246393
122   -0.236352
123   -0.226435
124   -0.216675
125   -0.207099
126   -0.197728
127   -0.188587
128   -0.179688
129   0.0645822
130   0.0404585
131   0.00773745
132   -0.029184
133   -0.0709367
134   -0.111052
135   -0.1517
136   -0.187917
137   -0.222669
138   -0.252368
139   -0.279879
140   -0.302537
141   -0.322851
142   -0.338799
143   -0.352511
144   -0.362443
145   -0.370376
146   -0.375131
147   -0.378189
148   -0.378651
149   -0.377733
150   -0.374757
151   -0.370708
152   -0.365081
153   -0.358662
154   -0.351077
155   -0.342944
156   -0.333993
157   -0.324696
158   -0.314865
159   -0.304853
160   -0.294534
161   -0.284162
162   -0.273659
163   -0.263201
164   -0.252746
165   -0.242409
166   -0.232175
167   -0.222113
168   -0.212228
169   -0.202555
170   -0.193112
171   -0.183918
172   0.0940945
173   0.0722642
174   0.0380977
175   -0.00055518
176   -0.0451892
177   -0.0893634
178   -0.132904
179   -0.173281
180   -0.210587
181   -0.243884
182   -0.273488
183   -0.299052
184   -0.32098
185   -0.33917
186   -0.35405
187   -0.36564
188   -0.374357
189   -0.380286
190   -0.383815
191   -0.385064
192   -0.384379
193   -0.381891
194   -0.377901
195   -0.37254
196   -0.366058
197   -0.358578
198   -0.350302
199   -0.34134
200   -0.33185
201   -0.321929
202   -0.311694
203   -0.301227
204   -0.290614
205   -0.279924
206   -0.269214
207   -0.258543
208   -0.247945
209   -0.237473
210   -0.227143
211   -0.217001
212   -0.207054
213   -0.197344
214   -0.187871
215   0.125752
216   0.104052
217   0.0701281
218   0.0295007
219   -0.0176983
220   -0.064285
221   -0.111517
222   -0.154431
223   -0.195405
224   -0.231059
225   -0.263891
226   -0.291453
227   -0.316033
228   -0.335798
229   -0.352751
230   -0.365504
231   -0.375772
232   -0.382507
233   -0.387151
234   -0.388917
235   -0.388999
236   -0.386807
237   -0.383317
238   -0.378091
239   -0.371909
240   -0.364452
241   -0.35633
242   -0.347314
243   -0.337872
244   -0.327845
245   -0.31758
246   -0.306973
247   -0.296271
248   -0.285414
249   -0.274571
250   -0.26371
251   -0.252942
252   -0.24226
253   -0.231728
254   -0.221357
255   -0.211183
256   -0.201226
257   -0.19151
258   0.159249
259   0.14189
260   0.10636
261   0.0645099
262   0.015101
263   -0.0348881
264   -0.0844401
265   -0.131151
266   -0.174547
267   -0.213826
268   -0.248938
269   -0.279673
270   -0.306207
271   -0.328586
272   -0.347097
273   -0.36191
274   -0.373354
275   -0.381655
276   -0.387144
277   -0.390065
278   -0.390726
279   -0.389364
280   -0.38625
281   -0.381603
282   -0.375648
283   -0.36858
284   -0.360577
285   -0.35181
286   -0.34241
287   -0.332525
288   -0.322245
289   -0.311696
290   -0.300936
291   -0.290069
292   -0.279128
293   -0.268202
294   -0.2573
295   -0.246503
296   -0.235802
297   -0.225272
298   -0.214895
299   -0.204743
300   -0.194798
301   0.192715
302   0.175913
303   0.142642
304   0.0999073
305   0.0489099
306   -0.00272553
307   -0.0553583
308   -0.104269
309   -0.151107
310   -0.192757
311   -0.231172
312   -0.264122
313   -0.293553
314   -0.317818
315   -0.338722
316   -0.355043
317   -0.368382
318   -0.377835
319   -0.384781
320   -0.388553
321   -0.390308
322   -0.389559
323   -0.387255
324   -0.383039
325   -0.377674
326   -0.370904
327   -0.363324
328   -0.354754
329   -0.345648
330   -0.335884
331   -0.325797
332   -0.315309
333   -0.304657
334   -0.293799
335   -0.282895
336   -0.271929
337   -0.261
338   -0.250114
339   -0.239328
340   -0.228661
341   -0.218147
342   -0.207817
343   -0.197696
344   0.225484
345   0.2159
346   0.181881
347   0.139301
348   0.0876272
349   0.0327533
350   -0.0214895
351   -0.073912
352   -0.122938
353   -0.168117
354   -0.208828
355   -0.245038
356   -0.276581
357   -0.303664
358   -0.326361
359   -0.345004
360   -0.359788
361   -0.371096
362   -0.379168
363   -0.384391
364   -0.387007
365   -0.38738
366   -0.385727
367   -0.382374
368   -0.377501
369   -0.371391
370   -0.36418
371   -0.356112
372   -0.347281
373   -0.337893
374   -0.328003
375   -0.317786
376   -0.307264
377   -0.296587
378   -0.285749
379   -0.27488
380   -0.263955
381   -0.25309
382   -0.242246
383   -0.231531
384   -0.2209
385   -0.21046
386   -0.20017
387   0.254499
388   0.244535
389   0.219145
390   0.179251
391   0.127411
392   0.0713228
393   0.0140641
394   -0.0404157
395   -0.0927328
396   -0.140228
397   -0.184206
398   -0.222685
399   -0.257209
400   -0.286315
401   -0.31157
402   -0.331914
403   -0.348809
404   -0.361494
405   -0.371267
406   -0.377585
407   -0.381555
408   -0.382793
409   -0.382212
410   -0.379544
411   -0.37552
412   -0.369955
413   -0.363419
414   -0.355786
415   -0.347488
416   -0.338444
417   -0.328969
418   -0.319015
419   -0.308804
420   -0.298315
421   -0.287694
422   -0.276939
423   -0.266142
424   -0.255318
425   -0.244518
426   -0.23377
427   -0.223105
428   -0.212565
429   -0.20218
430   0.281085
431   0.275805
432   0.254268
433   0.222011
434   0.168919
435   0.110743
436   0.0524758
437   -0.00488732
438   -0.0590837
439   -0.109816
440   -0.155957
441   -0.197599
442   -0.234219
443   -0.266172
444   -0.293288
445   -0.316066
446   -0.334535
447   -0.349242
448   -0.360313
449   -0.368286
450   -0.373316
451   -0.375902
452   -0.37619
453   -0.374622
454   -0.371315
455   -0.366651
456   -0.36071
457   -0.353816
458   -0.346011
459   -0.337569
460   -0.328496
461   -0.319025
462   -0.309131
463   -0.299015
464   -0.288626
465   -0.278141
466   -0.267491
467   -0.256836
468   -0.246096
469   -0.235422
470   -0.224733
471   -0.214182
472   -0.203698
473   0.304962
474   0.301507
475   0.286699
476   0.256724
477   0.208423
478   0.151226
479   0.0913091
480   0.0326857
481   -0.0242313
482   -0.0769304
483   -0.126079
484   -0.169826
485   -0.209325
486   -0.24325
487   -0.27293
488   -0.297443
489   -0.318104
490   -0.334288
491   -0.347196
492   -0.356412
493   -0.362972
494   -0.366604
495   -0.368168
496   -0.367487
497   -0.36525
498   -0.361344
499   -0.356304
500   -0.350059
501   -0.343011
502   -0.335121
503   -0.326678
504   -0.317666
505   -0.308286
506   -0.298536
507   -0.288547
508   -0.278334
509   -0.267974
510   -0.257494
511   -0.246936
512   -0.236341
513   -0.225732
514   -0.215169
515   -0.204684
516   0.326635
517   0.326938
518   0.317099
519   0.296187
520   0.247518
521   0.19073
522   0.131209
523   0.0709434
524   0.0128014
525   -0.0425587
526   -0.0935112
527   -0.140125
528   -0.181512
529   -0.218143
530   -0.249587
531   -0.276505
532   -0.298733
533   -0.31699
534   -0.33126
535   -0.342242
536   -0.349981
537   -0.355117
538   -0.357706
539   -0.358313
540   -0.356974
541   -0.354176
542   -0.349925
543   -0.344633
544   -0.338277
545   -0.331203
546   -0.323356
547   -0.315033
548   -0.306151
549   -0.296966
550   -0.287376
551   -0.277606
552   -0.267538
553   -0.257381
554   -0.247007
555   -0.236617
556   -0.226086
557   -0.215622
558   -0.205118
559   0.345848
560   0.349042
561   0.344284
562   0.324862
563   0.283825
564   0.230079
565   0.170704
566   0.110287
567   0.0502806
568   -0.00644273
569   -0.0599286
570   -0.10827
571   -0.152259
572   -0.190638
573   -0.224506
574   -0.253049
575   -0.277432
576   -0.29715
577   -0.313299
578   -0.325579
579   -0.33495
580   -0.341244
581   -0.345258
582   -0.346902
583   -0.346814
584   -0.344949
585   -0.341798
586   -0.337344
587   -0.331951
588   -0.325621
589   -0.318609
590   -0.310931
591   -0.302758
592   -0.294114
593   -0.285106
594   -0.275766
595   -0.266153
596   -0.256309
597   -0.246263
598   -0.236067
599   -0.225741
600   -0.21536
601   -0.204959
602   0.36249
603   0.36866
604   0.369059
605   0.359235
606   0.319223
607   0.268376
608   0.210593
609   0.149647
610   0.0891167
611   0.0303823
612   -0.0243811
613   -0.0751551
614   -0.120666
615   -0.161482
616   -0.196885
617   -0.22769
618   -0.253522
619   -0.275268
620   -0.292751
621   -0.306832
622   -0.317427
623   -0.325321
624   -0.330462
625   -0.333535
626   -0.334487
627   -0.333902
628   -0.331707
629   -0.328397
630   -0.323873
631   -0.318556
632   -0.31232
633   -0.305526
634   -0.298026
635   -0.290134
636   -0.281686
637   -0.272962
638   -0.263788
639   -0.254423
640   -0.244688
641   -0.234836
642   -0.224696
643   -0.21453
644   -0.204198
645   0.376412
646   0.385637
647   0.389819
648   0.381398
649   0.351809
650   0.306005
651   0.249853
652   0.189544
653   0.127886
654   0.0684708
655   0.0117374
656   -0.0402511
657   -0.087984
658   -0.130205
659   -0.167796
660   -0.200017
661   -0.227879
662   -0.250983
663   -0.270309
664   -0.285673
665   -0.297941
666   -0.307049
667   -0.313713
668   -0.317934
669   -0.320277
670   -0.320771
671   -0.319846
672   -0.317539
673   -0.314165
674   -0.309765
675   -0.304555
676   -0.298579
677   -0.291976
678   -0.28479
679   -0.277104
680   -0.268964
681   -0.26041
682   -0.251496
683   -0.242237
684   -0.232699
685   -0.222894
686   -0.212913
687   -0.202798
688   0.387356
689   0.398606
690   0.407386
691   0.408004
692   0.382485
693   0.343884
694   0.289451
695   0.229048
696   0.167576
697   0.106742
698   0.049373
699   -0.00457785
700   -0.0533783
701   -0.0977138
702   -0.136533
703   -0.170807
704   -0.199926
705   -0.224945
706   -0.245514
707   -0.262652
708   -0.276137
709   -0.286889
710   -0.294742
711   -0.300492
712   -0.303985
713   -0.305899
714   -0.30607
715   -0.305073
716   -0.302725
717   -0.299516
718   -0.295246
719   -0.290335
720   -0.284567
721   -0.278312
722   -0.271341
723   -0.263986
724   -0.256014
725   -0.247735
726   -0.238916
727   -0.229862
728   -0.220354
729   -0.210713
730   -0.20076
731   0.395463
732   0.409386
733   0.420442
734   0.423054
735   0.410202
736   0.37806
737   0.327566
738   0.268704
739   0.206819
740   0.146105
741   0.0873337
742   0.0327121
743   -0.0179253
744   -0.0632865
745   -0.104021
746   -0.139448
747   -0.170417
748   -0.196635
749   -0.218958
750   -0.237316
751   -0.252466
752   -0.264448
753   -0.273884
754   -0.280858
755   -0.285852
756   -0.288963
757   -0.290546
758   -0.290695
759   -0.289659
760   -0.287522
761   -0.284449
762   -0.280515
763   -0.275818
764   -0.270424
765   -0.264384
766   -0.257759
767   -0.250568
768   -0.242874
769   -0.234679
770   -0.226061
771   -0.217021
772   -0.207669
773   -0.198052
774   0.40046
775   0.415877
776   0.430152
777   0.438417
778   0.433808
779   0.41547
780   0.365606
781   0.306985
782   0.246647
783   0.185207
784   0.126497
785   0.0703497
786   0.0190935
787   -0.0280575
788   -0.0696824
789   -0.106917
790   -0.138905
791   -0.16688
792   -0.19031
793   -0.21037
794   -0.226695
795   -0.240329
796   -0.250984
797   -0.259555
798   -0.265782
799   -0.270422
800   -0.273218
801   -0.274812
802   -0.274939
803   -0.274146
804   -0.272158
805   -0.26945
806   -0.265735
807   -0.261433
808   -0.256252
809   -0.250571
810   -0.244098
811   -0.23719
812   -0.22956
813   -0.221564
814   -0.212933
815   -0.204049
816   -0.19469
817   0.402484
818   0.419843
819   0.43659
820   0.44926
821   0.453633
822   0.439588
823   0.399775
824   0.345488
825   0.285873
826   0.225393
827   0.165765
828   0.109424
829   0.0566851
830   0.00889653
831   -0.0343452
832   -0.0724307
833   -0.106047
834   -0.135023
835   -0.160077
836   -0.181263
837   -0.199209
838   -0.214064
839   -0.226328
840   -0.236176
841   -0.24398
842   -0.24991
843   -0.254229
844   -0.257086
845   -0.258657
846   -0.259067
847   -0.258422
848   -0.256828
849   -0.254335
850   -0.251032
851   -0.246934
852   -0.242118
853   -0.236574
854   -0.230379
855   -0.223515
856   -0.216071
857   -0.208041
858   -0.199549
859   -0.190648
860   0.401595
861   0.419584
862   0.439499
863   0.456295
864   0.469064
865   0.469775
866   0.431831
867   0.38131
868   0.32472
869   0.264593
870   0.20561
871   0.148231
872   0.0953349
873   0.0461299
874   0.00238473
875   -0.0372135
876   -0.0715686
877   -0.102101
878   -0.128097
879   -0.15088
880   -0.169936
881   -0.186416
882   -0.199908
883   -0.211385
884   -0.22048
885   -0.228012
886   -0.233634
887   -0.238036
888   -0.240878
889   -0.24275
890   -0.243308
891   -0.243069
892   -0.241683
893   -0.239609
894   -0.236495
895   -0.232762
896   -0.228059
897   -0.222788
898   -0.216606
899   -0.209918
900   -0.202404
901   -0.194504
902   -0.185958
903   0.398276
904   0.417922
905   0.439521
906   0.460844
907   0.47914
908   0.482466
909   0.459282
910   0.416109
911   0.362266
912   0.304083
913   0.244889
914   0.187959
915   0.134071
916   0.0847273
917   0.0397473
918   -0.00033953
919   -0.0360474
920   -0.0673545
921   -0.0948069
922   -0.118605
923   -0.139206
924   -0.156881
925   -0.171974
926   -0.184756
927   -0.195467
928   -0.20435
929   -0.211563
930   -0.217312
931   -0.221686
932   -0.224858
933   -0.226864
934   -0.227844
935   -0.227796
936   -0.226833
937   -0.224927
938   -0.222173
939   -0.218529
940   -0.214083
941   -0.208796
942   -0.202767
943   -0.195979
944   -0.188573
945   -0.180602
946   0.392512
947   0.411888
948   0.435847
949   0.459172
950   0.483902
951   0.500255
952   0.482495
953   0.448898
954   0.398664
955   0.341717
956   0.283962
957   0.226612
958   0.173221
959   0.122931
960   0.0779281
961   0.0366842
962   0.000556313
963   -0.0320647
964   -0.0602801
965   -0.0855333
966   -0.107167
967   -0.126402
968   -0.14271
969   -0.157107
970   -0.169134
971   -0.179641
972   -0.188204
973   -0.195545
974   -0.201255
975   -0.205956
976   -0.209243
977   -0.211663
978   -0.21281
979   -0.213175
980   -0.212349
981   -0.210789
982   -0.208086
983   -0.204682
984   -0.200179
985   -0.195025
986   -0.188853
987   -0.182153
988   -0.174629
989   0.384907
990   0.405439
991   0.429575
992   0.455778
993   0.482128
994   0.500371
995   0.500821
996   0.476522
997   0.432112
998   0.37852
999   0.321538
1000   0.265583
1001   0.211827
1002   0.162006
1003   0.116224
1004   0.0748922
1005   0.0377345
1006   0.00457387
1007   -0.0248934
1008   -0.0510451
1009   -0.074107
1010   -0.0944907
1011   -0.112339
1012   -0.128033
1013   -0.141651
1014   -0.153525
1015   -0.163682
1016   -0.172399
1017   -0.179668
1018   -0.185712
1019   -0.190494
1020   -0.194191
1021   -0.196744
1022   -0.198291
1023   -0.198758
1024   -0.198258
1025   -0.196714
1026   -0.194224
1027   -0.190724
1028   -0.186322
1029   -0.180986
1030   -0.17487
1031   -0.16803
1032   0.375332
1033   0.394854
1034   0.420014
1035   0.446322
1036   0.475442
1037   0.499458
1038   0.509787
1039   0.504823
1040   0.463538
1041   0.412068
1042   0.358181
1043   0.302495
1044   0.250037
1045   0.19977
1046   0.154502
1047   0.11242
1048   0.0751777
1049   0.040992
1050   0.0109472
1051   -0.0164673
1052   -0.0404642
1053   -0.0622778
1054   -0.0812876
1055   -0.0985069
1056   -0.113411
1057   -0.126846
1058   -0.13834
1059   -0.148615
1060   -0.157221
1061   -0.164786
1062   -0.170867
1063   -0.176023
1064   -0.179807
1065   -0.182726
1066   -0.184329
1067   -0.185091
1068   -0.184558
1069   -0.183195
1070   -0.180559
1071   -0.177128
1072   -0.172492
1073   -0.167184
1074   -0.160873
1075   0.364386
1076   0.384186
1077   0.408179
1078   0.435275
1079   0.464572
1080   0.491702
1081   0.512385
1082   0.513485
1083   0.488199
1084   0.444076
1085   0.3924
1086   0.339013
1087   0.28679
1088   0.237614
1089   0.192088
1090   0.150328
1091   0.112441
1092   0.0779497
1093   0.0469194
1094   0.0187429
1095   -0.00648744
1096   -0.0293551
1097   -0.0497514
1098   -0.0681917
1099   -0.0845624
1100   -0.0993006
1101   -0.112291
1102   -0.123893
1103   -0.13399
1104   -0.142869
1105   -0.150409
1106   -0.156836
1107   -0.162022
1108   -0.166141
1109   -0.169065
1110   -0.170926
1111   -0.171607
1112   -0.171217
1113   -0.16966
1114   -0.167051
1115   -0.16334
1116   -0.15869
1117   -0.153158
1118   0.352114
1119   0.370186
1120   0.393988
1121   0.419546
1122   0.449586
1123   0.47774
1124   0.505802
1125   0.524274
1126   0.505271
1127   0.470804
1128   0.423407
1129   0.371457
1130   0.321505
1131   0.272626
1132   0.22825
1133   0.186285
1134   0.148676
1135   0.113554
1136   0.0821624
1137   0.0530272
1138   0.0270219
1139   0.00297826
1140   -0.0184394
1141   -0.0381861
1142   -0.0557152
1143   -0.0718308
1144   -0.0860473
1145   -0.0990583
1146   -0.110404
1147   -0.120695
1148   -0.129474
1149   -0.13729
1150   -0.143677
1151   -0.149141
1152   -0.1532
1153   -0.156334
1154   -0.158054
1155   -0.158834
1156   -0.158188
1157   -0.156618
1158   -0.153668
1159   -0.149907
1160   -0.14497
1161   0.339242
1162   0.357027
1163   0.378842
1164   0.40406
1165   0.432517
1166   0.462195
1167   0.49114
1168   0.511586
1169   0.514638
1170   0.490073
1171   0.448984
1172   0.401466
1173   0.353066
1174   0.306251
1175   0.262418
1176   0.221255
1177   0.183547
1178   0.148403
1179   0.116442
1180   0.08677
1181   0.059886
1182   0.0350008
1183   0.012511
1184   -0.00825376
1185   -0.026974
1186   -0.0442075
1187   -0.0596866
1188   -0.0738675
1189   -0.0865154
1190   -0.0979949
1191   -0.108092
1192   -0.117089
1193   -0.124787
1194   -0.131398
1195   -0.136734
1196   -0.140954
1197   -0.143887
1198   -0.145656
1199   -0.146127
1200   -0.145417
1201   -0.143454
1202   -0.140404
1203   -0.136319
1204   0.325839
1205   0.341709
1206   0.362666
1207   0.385568
1208   0.413205
1209   0.440957
1210   0.470893
1211   0.495278
1212   0.506818
1213   0.504679
1214   0.469099
1215   0.424618
1216   0.380352
1217   0.334853
1218   0.292984
1219   0.252433
1220   0.215462
1221   0.180329
1222   0.148353
1223   0.118261
1224   0.0909203
1225   0.0653287
1226   0.0421179
1227   0.0204543
1228   0.000849483
1229   -0.017414
1230   -0.0338804
1231   -0.0491815
1232   -0.062879
1233   -0.0755399
1234   -0.086719
1235   -0.0969349
1236   -0.105721
1237   -0.113563
1238   -0.119967
1239   -0.125401
1240   -0.129347
1241   -0.132278
1242   -0.133669
1243   -0.134028
1244   -0.132858
1245   -0.13075
1246   -0.127306
1247   0.312506
1248   0.327823
1249   0.346528
1250   0.368277
1251   0.393065
1252   0.419744
1253   0.447024
1254   0.472002
1255   0.490458
1256   0.493673
1257   0.479327
1258   0.442858
1259   0.402275
1260   0.359791
1261   0.319658
1262   0.280514
1263   0.244346
1264   0.209676
1265   0.177868
1266   0.147699
1267   0.120114
1268   0.0941128
1269   0.0703761
1270   0.0480829
1271   0.0277521
1272   0.00870876
1273   -0.0086297
1274   -0.0248148
1275   -0.0394933
1276   -0.0531089
1277   -0.0653505
1278   -0.0765652
1279   -0.0864717
1280   -0.0953304
1281   -0.102886
1282   -0.109324
1283   -0.114419
1284   -0.118305
1285   -0.120799
1286   -0.122021
1287   -0.121865
1288   -0.120495
1289   -0.11795
1290   0.299237
1291   0.31281
1292   0.330352
1293   0.349564
1294   0.372547
1295   0.396019
1296   0.421556
1297   0.444292
1298   0.465236
1299   0.477956
1300   0.469738
1301   0.449686
1302   0.414692
1303   0.376054
1304   0.33924
1305   0.302382
1306   0.267743
1307   0.23427
1308   0.203119
1309   0.173463
1310   0.146019
1311   0.120067
1312   0.0961295
1313   0.0735597
1314   0.0527886
1315   0.0332305
1316   0.0152801
1317   -0.00159872
1318   -0.0170143
1319   -0.0314622
1320   -0.0445322
1321   -0.056688
1322   -0.0674862
1323   -0.0773691
1324   -0.0858511
1325   -0.0933667
1326   -0.0993891
1327   -0.104366
1328   -0.107745
1329   -0.11002
1330   -0.110656
1331   -0.110249
1332   -0.108366
1333   0.286424
1334   0.299368
1335   0.314828
1336   0.332598
1337   0.352579
1338   0.374122
1339   0.396096
1340   0.417703
1341   0.435998
1342   0.449871
1343   0.452491
1344   0.439823
1345   0.417929
1346   0.38506
1347   0.35272
1348   0.318489
1349   0.286308
1350   0.254316
1351   0.22457
1352   0.19569
1353   0.168968
1354   0.14331
1355   0.11962
1356   0.0969994
1357   0.0761347
1358   0.0562758
1359   0.037977
1360   0.0206126
1361   0.00465154
1362   -0.0104212
1363   -0.0241946
1364   -0.0370815
1365   -0.0487129
1366   -0.059405
1367   -0.0688244
1368   -0.0771975
1369   -0.084229
1370   -0.0900719
1371   -0.0944848
1372   -0.0975846
1373   -0.0992193
1374   -0.0995458
1375   -0.0985808
1376   0.273989
1377   0.285539
1378   0.299851
1379   0.315433
1380   0.333567
1381   0.352237
1382   0.372173
1383   0.390901
1384   0.408159
1385   0.42099
1386   0.426429
1387   0.423408
1388   0.406629
1389   0.38339
1390   0.355792
1391   0.326729
1392   0.297431
1393   0.268415
1394   0.240414
1395   0.213296
1396   0.187576
1397   0.162914
1398   0.139714
1399   0.117569
1400   0.0968287
1401   0.077073
1402   0.0586311
1403   0.0410899
1404   0.0247851
1405   0.00931587
1406   -0.00495649
1407   -0.0184206
1408   -0.0306738
1409   -0.0420968
1410   -0.0522331
1411   -0.0614652
1412   -0.0692767
1413   -0.0760704
1414   -0.0812808
1415   -0.0853666
1416   -0.0877574
1417   -0.0890323
1418   -0.0887202
1419   0.262123
1420   0.273059
1421   0.285695
1422   0.299917
1423   0.315579
1424   0.332351
1425   0.349293
1426   0.366133
1427   0.380635
1428   0.392792
1429   0.398478
1430   0.398965
1431   0.39007
1432   0.373356
1433   0.352539
1434   0.32814
1435   0.303202
1436   0.277132
1437   0.251905
1438   0.226629
1439   0.202667
1440   0.179114
1441   0.156984
1442   0.135441
1443   0.115283
1444   0.0957622
1445   0.0775432
1446   0.0599666
1447   0.043607
1448   0.027896
1449   0.0133437
1450   -0.000525632
1451   -0.0132515
1452   -0.0252136
1453   -0.0359939
1454   -0.0458728
1455   -0.0544765
1456   -0.0619906
1457   -0.0681006
1458   -0.072927
1459   -0.0762554
1460   -0.078225
1461   -0.0788167
1462   0.250717
1463   0.260602
1464   0.272233
1465   0.284754
1466   0.298833
1467   0.31335
1468   0.328476
1469   0.342961
1470   0.356182
1471   0.366983
1472   0.373535
1473   0.375666
1474   0.370262
1475   0.359316
1476   0.343221
1477   0.324118
1478   0.302931
1479   0.280707
1480   0.258112
1481   0.235483
1482   0.213287
1483   0.191513
1484   0.170516
1485   0.150123
1486   0.130635
1487   0.111803
1488   0.0939092
1489   0.0766717
1490   0.0603762
1491   0.044728
1492   0.0300352
1493   0.0159974
1494   0.00296296
1495   -0.00937362
1496   -0.0206063
1497   -0.0310508
1498   -0.0402279
1499   -0.0484784
1500   -0.055246
1501   -0.0609319
1502   -0.0649378
1503   -0.0678017
1504   -0.069006
1505   0.239833
1506   0.24914
1507   0.259498
1508   0.270853
1509   0.283056
1510   0.295962
1511   0.308858
1512   0.321689
1513   0.332971
1514   0.342863
1515   0.349106
1516   0.352138
1517   0.349763
1518   0.342475
1519   0.331035
1520   0.315991
1521   0.298999
1522   0.280062
1523   0.260691
1524   0.240465
1525   0.220613
1526   0.200512
1527   0.181167
1528   0.161887
1529   0.143524
1530   0.125385
1531   0.108212
1532   0.0913492
1533   0.0754587
1534   0.0599398
1535   0.0453934
1536   0.0312874
1537   0.0181732
1538   0.00560025
1539   -0.00592481
1540   -0.0167562
1541   -0.0264337
1542   -0.0352022
1543   -0.0426617
1544   -0.0489544
1545   -0.0537836
1546   -0.0572663
1547   -0.0593248
1548   0.229378
1549   0.23789
1550   0.247397
1551   0.25747
1552   0.268394
1553   0.279602
1554   0.291038
1555   0.302088
1556   0.312223
1557   0.320905
1558   0.327039
1559   0.330394
1560   0.329583
1561   0.325072
1562   0.31667
1563   0.305342
1564   0.291541
1565   0.276041
1566   0.259358
1567   0.241908
1568   0.224115
1569   0.206127
1570   0.18828
1571   0.170555
1572   0.153234
1573   0.136202
1574   0.119716
1575   0.103607
1576   0.0881253
1577   0.0730753
1578   0.0587165
1579   0.0448376
1580   0.0317264
1581   0.0191589
1582   0.00747141
1583   -0.00357546
1584   -0.0135726
1585   -0.0227852
1586   -0.030707
1587   -0.0376596
1588   -0.0430428
1589   -0.0473189
1590   -0.0499154
1591   0.219355
1592   0.227327
1593   0.235878
1594   0.244991
1595   0.254532
1596   0.264461
1597   0.274273
1598   0.284011
1599   0.292709
1600   0.300525
1601   0.306112
1602   0.309688
1603   0.310027
1604   0.307355
1605   0.301575
1606   0.292966
1607   0.282235
1608   0.269456
1609   0.255603
1610   0.240464
1611   0.22502
1612   0.208842
1613   0.192844
1614   0.176469
1615   0.160559
1616   0.144497
1617   0.129059
1618   0.113615
1619   0.0988872
1620   0.0842596
1621   0.070409
1622   0.0567556
1623   0.0439349
1624   0.0314222
1625   0.0198133
1626   0.00866011
1627   -0.00148547
1628   -0.0109665
1629   -0.0192878
1630   -0.0266588
1631   -0.03268
1632   -0.0374568
1633   -0.040818
1634   0.209705
1635   0.217057
1636   0.2249
1637   0.233054
1638   0.241597
1639   0.250272
1640   0.258959
1641   0.267365
1642   0.275116
1643   0.281922
1644   0.287157
1645   0.290615
1646   0.291622
1647   0.290213
1648   0.28616
1649   0.279789
1650   0.27128
1651   0.261025
1652   0.249361
1653   0.23658
1654   0.223029
1655   0.208863
1656   0.19439
1657   0.179653
1658   0.164918
1659   0.150151
1660   0.13559
1661   0.12115
1662   0.107054
1663   0.0931855
1664   0.0797659
1665   0.0666612
1666   0.0541027
1667   0.0419438
1668   0.0304433
1669   0.0194413
1670   0.00924855
1671   -0.000316549
1672   -0.00885394
1673   -0.0165897
1674   -0.022988
1675   -0.0283931
1676   -0.0321796
1677   0.200414
1678   0.20727
1679   0.214395
1680   0.221786
1681   0.229326
1682   0.237035
1683   0.244553
1684   0.251974
1685   0.258651
1686   0.26475
1687   0.269412
1688   0.272819
1689   0.274183
1690   0.273661
1691   0.27096
1692   0.266211
1693   0.259653
1694   0.251305
1695   0.241743
1696   0.230805
1697   0.219224
1698   0.20666
1699   0.193904
1700   0.180479
1701   0.167182
1702   0.153451
1703   0.140067
1704   0.126423
1705   0.113276
1706   0.100005
1707   0.0873388
1708   0.0746637
1709   0.0626843
1710   0.0508099
1711   0.0397184
1712   0.0288625
1713   0.0188885
1714   0.00931999
1715   0.000757799
1716   -0.00715423
1717   -0.0138964
1718   -0.0196334
1719   -0.0240439
1720   0.191451
1721   0.197812
1722   0.204362
1723   0.211045
1724   0.217839
1725   0.224648
1726   0.231343
1727   0.237797
1728   0.243754
1729   0.249057
1730   0.253343
1731   0.256456
1732   0.258037
1733   0.258006
1734   0.256193
1735   0.252655
1736   0.247453
1737   0.24073
1738   0.232695
1739   0.223491
1740   0.213383
1741   0.202471
1742   0.191019
1743   0.179071
1744   0.166872
1745   0.154417
1746   0.141929
1747   0.129368
1748   0.116937
1749   0.104573
1750   0.092469
1751   0.0805463
1752   0.0689952
1753   0.0577294
1754   0.0469449
1755   0.036551
1756   0.0267621
1757   0.0174802
1758   0.00896187
1759   0.00108613
1760   -0.00579295
1761   -0.0118778
1762   -0.0165605
1763   0.182801
1764   0.188723
1765   0.194734
1766   0.200835
1767   0.206921
1768   0.213042
1769   0.218919
1770   0.224682
1771   0.229851
1772   0.234622
1773   0.238379
1774   0.241328
1775   0.242888
1776   0.243216
1777   0.242
1778   0.239318
1779   0.235217
1780   0.22966
1781   0.223005
1782   0.215068
1783   0.206419
1784   0.196726
1785   0.186678
1786   0.175824
1787   0.164909
1788   0.153396
1789   0.142049
1790   0.130277
1791   0.118845
1792   0.107131
1793   0.0958927
1794   0.0844981
1795   0.0736907
1796   0.062843
1797   0.052686
1798   0.0426049
1799   0.0333208
1800   0.0242398
1801   0.0160727
1802   0.00826198
1803   0.0014911
1804   -0.0047017
1805   -0.00977569
1806   0.174449
1807   0.179964
1808   0.185527
1809   0.191113
1810   0.196679
1811   0.202173
1812   0.207501
1813   0.212578
1814   0.21725
1815   0.221402
1816   0.224832
1817   0.227412
1818   0.22895
1819   0.229344
1820   0.228488
1821   0.226353
1822   0.222951
1823   0.218324
1824   0.212579
1825   0.205796
1826   0.198134
1827   0.189675
1828   0.180593
1829   0.170956
1830   0.16093
1831   0.150561
1832   0.140001
1833   0.129277
1834   0.118525
1835   0.107757
1836   0.0970969
1837   0.086546
1838   0.0762213
1839   0.0661194
1840   0.0563534
1841   0.0469205
1842   0.0379338
1843   0.0293952
1844   0.0214211
1845   0.0140216
1846   0.00731885
1847   0.00133339
1848   -0.00382269
