##### Y Mean #####
0   -0.00114151
1   -0.00485812
2   -0.00912528
3   -0.0137445
4   -0.0185767
5   -0.0233633
6   -0.0280204
7   -0.0323797
8   -0.0364237
9   -0.0400593
10   -0.0433077
11   -0.0461219
12   -0.0485404
13   -0.0505432
14   -0.0521749
15   -0.0534311
16   -0.0543569
17   -0.0549569
18   -0.0552744
19   -0.0553189
20   -0.0551299
21   -0.0547197
22   -0.0541232
23   -0.0533536
24   -0.0524412
25   -0.0513988
26   -0.0502518
27   -0.0490123
28   -0.0477012
29   -0.046329
30   -0.0449128
31   -0.0434615
32   -0.0419885
33   -0.0405014
34   -0.0390104
35   -0.0375217
36   -0.036043
37   -0.0345794
38   -0.0331363
39   -0.0317178
40   -0.0303278
41   -0.0289696
42   -0.0276457
43   0.0018508
44   -0.00203011
45   -0.00678194
46   -0.011768
47   -0.0173267
48   -0.0224943
49   -0.0278164
50   -0.0324846
51   -0.0370543
52   -0.0409109
53   -0.0445496
54   -0.0475066
55   -0.0502024
56   -0.0522843
57   -0.0541024
58   -0.0553874
59   -0.056428
60   -0.0570183
61   -0.0573951
62   -0.0574015
63   -0.0572301
64   -0.0567621
65   -0.0561528
66   -0.055313
67   -0.0543663
68   -0.0532469
69   -0.0520516
70   -0.0507326
71   -0.0493644
72   -0.0479134
73   -0.0464353
74   -0.0449078
75   -0.0433711
76   -0.0418114
77   -0.0402568
78   -0.0386999
79   -0.037159
80   -0.0356315
81   -0.0341285
82   -0.0326505
83   -0.0312037
84   -0.0297901
85   -0.0284131
86   0.00547987
87   0.00169382
88   -0.00330752
89   -0.00875805
90   -0.0147619
91   -0.0206439
92   -0.0263987
93   -0.0317131
94   -0.0366294
95   -0.0409988
96   -0.0448925
97   -0.0482355
98   -0.0511065
99   -0.0534674
100   -0.0553949
101   -0.0568718
102   -0.0579691
103   -0.0586822
104   -0.059075
105   -0.0591505
106   -0.0589649
107   -0.0585256
108   -0.0578808
109   -0.0570401
110   -0.0560441
111   -0.0549031
112   -0.0536502
113   -0.0522955
114   -0.0508657
115   -0.04937
116   -0.0478291
117   -0.0462515
118   -0.0446527
119   -0.0430401
120   -0.0414251
121   -0.039814
122   -0.0382149
123   -0.0366332
124   -0.0350743
125   -0.033543
126   -0.0320425
127   -0.0305772
128   -0.0291492
129   0.00965598
130   0.00581295
131   0.000685468
132   -0.00510858
133   -0.0116786
134   -0.0179983
135   -0.0244209
136   -0.0301395
137   -0.0356424
138   -0.0403403
139   -0.044705
140   -0.0482977
141   -0.0515297
142   -0.0540686
143   -0.0562616
144   -0.0578552
145   -0.0591383
146   -0.059918
147   -0.0604326
148   -0.0605357
149   -0.0604221
150   -0.0599814
151   -0.0593711
152   -0.0585087
153   -0.0575197
154   -0.0563434
155   -0.055078
156   -0.0536799
157   -0.0522241
158   -0.0506803
159   -0.0491046
160   -0.0474767
161   -0.0458373
162   -0.0441738
163   -0.0425144
164   -0.0408526
165   -0.0392068
166   -0.0375748
167   -0.0359679
168   -0.0343869
169   -0.032838
170   -0.0313239
171   -0.0298481
172   0.0143646
173   0.0108469
174   0.00551802
175   -0.000510198
176   -0.00751759
177   -0.0144539
178   -0.0213173
179   -0.0276841
180   -0.0335835
181   -0.0388526
182   -0.0435494
183   -0.0476106
184   -0.0511043
185   -0.0540099
186   -0.0563969
187   -0.0582659
188   -0.0596835
189   -0.0606616
190   -0.0612615
191   -0.0615007
192   -0.0614338
193   -0.0610807
194   -0.0604884
195   -0.0596768
196   -0.0586852
197   -0.0575325
198   -0.0562504
199   -0.0548561
200   -0.0533743
201   -0.0518202
202   -0.0502124
203   -0.048564
204   -0.0468885
205   -0.0451971
206   -0.0434989
207   -0.0418036
208   -0.0401168
209   -0.0384471
210   -0.0367974
211   -0.0351753
212   -0.0335821
213   -0.0320248
214   -0.0305039
215   0.0194643
216   0.0159851
217   0.0106618
218   0.00432837
219   -0.00305982
220   -0.010351
221   -0.017779
222   -0.0245298
223   -0.0310051
224   -0.0366425
225   -0.0418567
226   -0.0462384
227   -0.0501645
228   -0.0533288
229   -0.056059
230   -0.0581242
231   -0.059803
232   -0.0609212
233   -0.0617123
234   -0.0620455
235   -0.0621132
236   -0.061818
237   -0.061316
238   -0.0605353
239   -0.0596005
240   -0.0584591
241   -0.0572087
242   -0.0558118
243   -0.0543432
244   -0.0527768
245   -0.0511682
246   -0.0495005
247   -0.0478137
248   -0.0460976
249   -0.0443797
250   -0.0426552
251   -0.040942
252   -0.0392391
253   -0.0375572
254   -0.0358982
255   -0.0342682
256   -0.032671
257   -0.0311104
258   0.0249058
259   0.022081
260   0.0165223
261   0.0100069
262   0.00228706
263   -0.0055118
264   -0.0132872
265   -0.0206248
266   -0.0274765
267   -0.0336899
268   -0.039269
269   -0.0441652
270   -0.0484117
271   -0.0520071
272   -0.0549988
273   -0.0574087
274   -0.0592894
275   -0.0606739
276   -0.061614
277   -0.0621467
278   -0.0623199
279   -0.0621705
280   -0.0617399
281   -0.0610629
282   -0.0601739
283   -0.059104
284   -0.0578803
285   -0.0565303
286   -0.0550742
287   -0.0535357
288   -0.0519291
289   -0.0502744
290   -0.0485809
291   -0.0468658
292   -0.0451339
293   -0.0434002
294   -0.0416663
295   -0.0399454
296   -0.0382365
297   -0.0365518
298   -0.0348891
299   -0.0332598
300   -0.0316618
301   0.0304096
302   0.0277014
303   0.0224301
304   0.0157602
305   0.00781087
306   -0.00021842
307   -0.00845463
308   -0.016123
309   -0.0235125
310   -0.0300988
311   -0.0362087
312   -0.041464
313   -0.0461855
314   -0.0500941
315   -0.0534848
316   -0.0561507
317   -0.0583523
318   -0.0599368
319   -0.0611272
320   -0.0618113
321   -0.0621754
322   -0.0621375
323   -0.0618501
324   -0.0612537
325   -0.0604703
326   -0.0594574
327   -0.0583103
328   -0.0569992
329   -0.0555969
330   -0.0540833
331   -0.0525124
332   -0.0508712
333   -0.0491984
334   -0.047487
335   -0.0457631
336   -0.0440241
337   -0.0422867
338   -0.0405519
339   -0.0388294
340   -0.0371227
341   -0.0354374
342   -0.0337789
343   -0.0321518
344   0.035852
345   0.034301
346   0.0288943
347   0.0221854
348   0.0141626
349   0.00566346
350   -0.00281181
351   -0.0110192
352   -0.0187514
353   -0.0258992
354   -0.0323807
355   -0.0381675
356   -0.0432392
357   -0.0476153
358   -0.0513094
359   -0.0543667
360   -0.0568175
361   -0.0587188
362   -0.0601071
363   -0.061042
364   -0.06156
365   -0.0617181
366   -0.0615489
367   -0.0611042
368   -0.060411
369   -0.0595148
370   -0.0584358
371   -0.0572137
372   -0.0558623
373   -0.0544152
374   -0.0528806
375   -0.0512873
376   -0.0496384
377   -0.0479586
378   -0.046247
379   -0.0445252
380   -0.0427892
381   -0.0410583
382   -0.0393265
383   -0.0376117
384   -0.0359069
385   -0.0342301
386   -0.0325749
387   0.0407315
388   0.0391435
389   0.0350671
390   0.0287649
391   0.0207025
392   0.0120294
393   0.0031132
394   -0.00540527
395   -0.0136489
396   -0.021165
397   -0.0281725
398   -0.0343309
399   -0.0398933
400   -0.0446088
401   -0.0487315
402   -0.0520797
403   -0.0548895
404   -0.0570309
405   -0.058712
406   -0.0598407
407   -0.060594
408   -0.0609069
409   -0.0609254
410   -0.0606041
411   -0.0600601
412   -0.0592621
413   -0.0583016
414   -0.0571575
415   -0.0558993
416   -0.0545134
417   -0.0530509
418   -0.0515039
419   -0.0499086
420   -0.0482615
421   -0.0465869
422   -0.0448847
423   -0.0431702
424   -0.0414461
425   -0.0397212
426   -0.0380008
427   -0.0362899
428   -0.0345962
429   -0.0329247
430   0.0452285
431   0.0444544
432   0.0409264
433   0.0357461
434   0.0275623
435   0.018599
436   0.00953733
437   0.000578672
438   -0.0079633
439   -0.0159958
440   -0.0233578
441   -0.0300339
442   -0.0359474
443   -0.0411374
444   -0.0455779
445   -0.0493383
446   -0.0524213
447   -0.0549093
448   -0.0568188
449   -0.0582338
450   -0.0591754
451   -0.0597229
452   -0.0598964
453   -0.0597669
454   -0.0593505
455   -0.0587095
456   -0.0578542
457   -0.0568382
458   -0.0556663
459   -0.0543841
460   -0.0529912
461   -0.0515266
462   -0.0499855
463   -0.0484013
464   -0.0467658
465   -0.0451083
466   -0.043418
467   -0.0417214
468   -0.040006
469   -0.038297
470   -0.0365815
471   -0.034885
472   -0.0331966
473   0.0492523
474   0.0487429
475   0.0463497
476   0.0416006
477   0.0341416
478   0.0253368
479   0.0160421
480   0.00688723
481   -0.00207883
482   -0.0104298
483   -0.018277
484   -0.0253019
485   -0.0316906
486   -0.0372146
487   -0.0420858
488   -0.0461454
489   -0.0496024
490   -0.0523489
491   -0.0545753
492   -0.0562098
493   -0.057417
494   -0.05815
495   -0.0585455
496   -0.058573
497   -0.0583425
498   -0.0578347
499   -0.0571351
500   -0.0562321
501   -0.0551901
502   -0.0540028
503   -0.0527171
504   -0.0513304
505   -0.0498755
506   -0.0483528
507   -0.0467837
508   -0.0451712
509   -0.0435283
510   -0.04186
511   -0.0401737
512   -0.0384767
513   -0.0367733
514   -0.0350738
515   -0.0333839
516   0.0528966
517   0.0530308
518   0.0514135
519   0.0480908
520   0.0406576
521   0.0319677
522   0.0227384
523   0.0133369
524   0.00416863
525   -0.00460782
526   -0.0127551
527   -0.0202496
528   -0.0269579
529   -0.0329341
530   -0.0381095
531   -0.0425773
532   -0.0463083
533   -0.0494107
534   -0.0518773
535   -0.0538172
536   -0.0552329
537   -0.0562266
538   -0.056803
539   -0.0570533
540   -0.0569802
541   -0.056663
542   -0.0561004
543   -0.0553603
544   -0.0544367
545   -0.0533877
546   -0.0522028
547   -0.0509316
548   -0.0495601
549   -0.0481312
550   -0.0466277
551   -0.0450879
552   -0.0434924
553   -0.0418763
554   -0.0402192
555   -0.0385546
556   -0.0368626
557   -0.0351777
558   -0.0334833
559   0.0561111
560   0.0566841
561   0.0559376
562   0.0529429
563   0.0467304
564   0.038538
565   0.0293621
566   0.0199324
567   0.0104754
568   0.00147478
569   -0.00707939
570   -0.0148626
571   -0.022
572   -0.0282748
573   -0.033858
574   -0.0386086
575   -0.0427075
576   -0.0460668
577   -0.048857
578   -0.0510261
579   -0.0527241
580   -0.0539216
581   -0.0547439
582   -0.0551757
583   -0.0553174
584   -0.0551618
585   -0.0547868
586   -0.05419
587   -0.0534295
588   -0.0525061
589   -0.0514612
590   -0.0502978
591   -0.049044
592   -0.0477043
593   -0.0462967
594   -0.0448269
595   -0.0433054
596   -0.0417395
597   -0.0401347
598   -0.0385005
599   -0.0368405
600   -0.0351675
601   -0.0334882
602   0.0588944
603   0.0599709
604   0.0600302
605   0.0585453
606   0.0526124
607   0.0449742
608   0.0360402
609   0.0265384
610   0.0169902
611   0.00767211
612   -0.00109565
613   -0.00927563
614   -0.0166732
615   -0.0233554
616   -0.0292061
617   -0.034341
618   -0.0386949
619   -0.0424022
620   -0.045428
621   -0.0479072
622   -0.0498205
623   -0.0512934
624   -0.0523125
625   -0.0529891
626   -0.0533103
627   -0.0533726
628   -0.0531607
629   -0.0527571
630   -0.0521431
631   -0.0513893
632   -0.0504738
633   -0.0494571
634   -0.0483143
635   -0.0470983
636   -0.045782
637   -0.0444128
638   -0.0429619
639   -0.0414732
640   -0.0399179
641   -0.0383381
642   -0.0367065
643   -0.0350669
644   -0.0333969
645   0.061219
646   0.0627594
647   0.0634473
648   0.0622655
649   0.0580264
650   0.0512104
651   0.0425732
652   0.0331708
653   0.0234607
654   0.0140351
655   0.00495756
656   -0.00342701
657   -0.0111894
658   -0.0181147
659   -0.0243331
660   -0.0297164
661   -0.0344161
662   -0.0383625
663   -0.0417045
664   -0.0444092
665   -0.0466095
666   -0.0482938
667   -0.0495733
668   -0.0504477
669   -0.0510054
670   -0.0512515
671   -0.0512536
672   -0.0510189
673   -0.0505972
674   -0.0499963
675   -0.049251
676   -0.0483693
677   -0.0473742
678   -0.0462738
679   -0.0450819
680   -0.043807
681   -0.0424565
682   -0.04104
683   -0.0395607
684   -0.0380304
685   -0.0364515
686   -0.0348399
687   -0.0332031
688   0.0630543
689   0.0649524
690   0.0663277
691   0.0664737
692   0.0630259
693   0.0575385
694   0.0491319
695   0.0397179
696   0.0300539
697   0.0204146
698   0.0112313
699   0.00252951
700   -0.00541945
701   -0.0126971
702   -0.0191323
703   -0.0248633
704   -0.0297851
705   -0.0340584
706   -0.0376186
707   -0.0406263
708   -0.0430383
709   -0.0450029
710   -0.0464865
711   -0.0476199
712   -0.0483727
713   -0.0488575
714   -0.0490437
715   -0.0490274
716   -0.0487764
717   -0.0483729
718   -0.0477824
719   -0.047076
720   -0.0462173
721   -0.0452688
722   -0.0441928
723   -0.0430454
724   -0.0417882
725   -0.0404738
726   -0.0390643
727   -0.0376108
728   -0.0360781
729   -0.0345197
730   -0.0329069
731   0.0644097
732   0.066705
733   0.0685054
734   0.0690846
735   0.0675096
736   0.0629688
737   0.0553454
738   0.0462322
739   0.0365378
740   0.0269224
741   0.0175239
742   0.00870414
743   0.000455951
744   -0.00700253
745   -0.0137573
746   -0.0196914
747   -0.0249257
748   -0.029409
749   -0.0332668
750   -0.0364862
751   -0.0391802
752   -0.0413555
753   -0.043106
754   -0.0444466
755   -0.0454509
756   -0.0461361
757   -0.0465573
758   -0.0467312
759   -0.0466971
760   -0.04647
761   -0.0460763
762   -0.0455296
763   -0.0448458
764   -0.0440372
765   -0.0431123
766   -0.0420825
767   -0.0409513
768   -0.0397304
769   -0.0384207
770   -0.0370358
771   -0.0355771
772   -0.0340633
773   -0.0325027
774   0.0652595
775   0.0678158
776   0.0701271
777   0.0715528
778   0.0712972
779   0.0689546
780   0.061455
781   0.052476
782   0.0430545
783   0.0333555
784   0.023961
785   0.0149012
786   0.0065402
787   -0.00121215
788   -0.00812543
789   -0.0143616
790   -0.0197749
791   -0.024554
792   -0.0286033
793   -0.0321091
794   -0.0350034
795   -0.0374555
796   -0.039411
797   -0.0410177
798   -0.0422271
799   -0.0431657
800   -0.0437871
801   -0.0441993
802   -0.0443558
803   -0.0443492
804   -0.0441323
805   -0.0437857
806   -0.0432611
807   -0.0426299
808   -0.0418434
809   -0.0409662
810   -0.0399498
811   -0.0388551
812   -0.0376349
813   -0.0363493
814   -0.0349545
815   -0.0335141
816   -0.0319929
817   0.0656224
818   0.0684764
819   0.0712215
820   0.0733929
821   0.0744161
822   0.0726814
823   0.0668881
824   0.0586589
825   0.0494189
826   0.0398815
827   0.030361
828   0.0212647
829   0.0126708
830   0.00480619
831   -0.00237033
832   -0.00875472
833   -0.0144374
834   -0.0193885
835   -0.0237078
836   -0.0274043
837   -0.0305678
838   -0.033224
839   -0.0354458
840   -0.0372637
841   -0.0387332
842   -0.0398837
843   -0.0407551
844   -0.0413737
845   -0.0417663
846   -0.0419553
847   -0.0419573
848   -0.041791
849   -0.0414648
850   -0.0409948
851   -0.0403834
852   -0.0396449
853   -0.0387782
854   -0.0377972
855   -0.0366995
856   -0.035501
857   -0.0342015
858   -0.0328224
859   -0.0313728
860   0.0655144
861   0.0684784
862   0.0717255
863   0.0745297
864   0.0768088
865   0.0773039
866   0.0718947
867   0.0644075
868   0.0556513
869   0.0462077
870   0.0367858
871   0.0275383
872   0.0189135
873   0.0108251
874   0.00356007
875   -0.00307012
876   -0.00887928
877   -0.0140856
878   -0.0185629
879   -0.0225215
880   -0.0258683
881   -0.0287909
882   -0.0312136
883   -0.0332979
884   -0.0349774
885   -0.0363893
886   -0.0374717
887   -0.0383419
888   -0.0389399
889   -0.0393665
890   -0.0395625
891   -0.039616
892   -0.0394678
893   -0.0391964
894   -0.0387428
895   -0.038179
896   -0.0374465
897   -0.0366137
898   -0.0356242
899   -0.0345462
900   -0.0333278
901   -0.0320421
902   -0.0306474
903   0.0650097
904   0.0682276
905   0.0717401
906   0.0752288
907   0.0782913
908   0.0791853
909   0.0761564
910   0.0698611
911   0.0616063
912   0.0524774
913   0.0430538
914   0.0338837
915   0.0251172
916   0.0170058
917   0.00954906
918   0.00283731
919   -0.00318777
920   -0.00852144
921   -0.0132333
922   -0.017357
923   -0.0209535
924   -0.0240692
925   -0.0267508
926   -0.0290455
927   -0.0309862
928   -0.0326158
929   -0.0339557
930   -0.0350424
931   -0.0358884
932   -0.036524
933   -0.0369541
934   -0.0372034
935   -0.0372714
936   -0.0371781
937   -0.0369193
938   -0.0365119
939   -0.0359496
940   -0.0352483
941   -0.0344021
942   -0.0334285
943   -0.0323255
944   -0.0311171
945   -0.029813
946   0.0641065
947   0.0672868
948   0.0711515
949   0.0749355
950   0.0789174
951   0.081672
952   0.0796204
953   0.0750606
954   0.0673276
955   0.0584069
956   0.0492261
957   0.0400102
958   0.0313267
959   0.0230754
960   0.0156157
961   0.00872467
962   0.00263342
963   -0.00290716
964   -0.00773919
965   -0.0120938
966   -0.0158532
967   -0.0192175
968   -0.0220914
969   -0.0246444
970   -0.0267942
971   -0.028684
972   -0.0302391
973   -0.0315817
974   -0.0326408
975   -0.0335225
976   -0.0341572
977   -0.0346385
978   -0.0348974
979   -0.035018
980   -0.0349318
981   -0.0347164
982   -0.0343042
983   -0.0337699
984   -0.0330481
985   -0.0322142
986   -0.0312082
987   -0.0301121
988   -0.0288776
989   0.0628956
990   0.0662407
991   0.0701269
992   0.0743212
993   0.0785388
994   0.0816412
995   0.0822793
996   0.0791037
997   0.07247
998   0.0641256
999   0.0551062
1000   0.0461202
1001   0.0373998
1002   0.0292281
1003   0.0216579
1004   0.0147583
1005   0.00851266
1006   0.00289209
1007   -0.00213238
1008   -0.0066243
1009   -0.0106064
1010   -0.0141488
1011   -0.0172654
1012   -0.0200215
1013   -0.0224237
1014   -0.0245291
1015   -0.0263382
1016   -0.0278991
1017   -0.0292077
1018   -0.0303031
1019   -0.0311777
1020   -0.0318627
1021   -0.0323475
1022   -0.0326568
1023   -0.0327785
1024   -0.0327323
1025   -0.0325061
1026   -0.0321175
1027   -0.0315564
1028   -0.0308417
1029   -0.0299692
1030   -0.0289649
1031   -0.027839
1032   0.0613634
1033   0.0645484
1034   0.0685796
1035   0.0727888
1036   0.077394
1037   0.0812569
1038   0.0834643
1039   0.0833583
1040   0.0771909
1041   0.0692702
1042   0.0607595
1043   0.05185
1044   0.0433433
1045   0.0351211
1046   0.0276421
1047   0.0206388
1048   0.0143908
1049   0.00862007
1050   0.00351489
1051   -0.00116773
1052   -0.00528882
1053   -0.00905138
1054   -0.012345
1055   -0.0153392
1056   -0.0179405
1057   -0.020292
1058   -0.0223104
1059   -0.0241184
1060   -0.0256378
1061   -0.0269759
1062   -0.0280565
1063   -0.028975
1064   -0.0296556
1065   -0.0301852
1066   -0.0304876
1067   -0.0306441
1068   -0.0305789
1069   -0.0303712
1070   -0.0299473
1071   -0.0293882
1072   -0.0286263
1073   -0.0277508
1074   -0.0267078
1075   0.0596043
1076   0.0628177
1077   0.0666673
1078   0.0709845
1079   0.0756433
1080   0.0800345
1081   0.0835955
1082   0.0842911
1083   0.0807865
1084   0.0740749
1085   0.0659731
1086   0.0574429
1087   0.0490057
1088   0.040972
1089   0.0334767
1090   0.0265413
1091   0.020211
1092   0.0144085
1093   0.00916305
1094   0.00437426
1095   6.94813e-05
1096   -0.00384866
1097   -0.00735417
1098   -0.0105336
1099   -0.0133627
1100   -0.0159154
1101   -0.018169
1102   -0.0201845
1103   -0.0219402
1104   -0.0234853
1105   -0.0247984
1106   -0.0259182
1107   -0.0268233
1108   -0.0275435
1109   -0.028058
1110   -0.0283897
1111   -0.0285195
1112   -0.0284667
1113   -0.028216
1114   -0.0277875
1115   -0.0271737
1116   -0.0264025
1117   -0.0254836
1118   0.0576324
1119   0.0605714
1120   0.0643871
1121   0.0684702
1122   0.0732493
1123   0.0777749
1124   0.0823867
1125   0.0855695
1126   0.0830668
1127   0.07805
1128   0.0706115
1129   0.0623425
1130   0.0542839
1131   0.0463285
1132   0.0390363
1133   0.0320954
1134   0.0258314
1135   0.0199521
1136   0.01467
1137   0.00974752
1138   0.00533679
1139   0.00124562
1140   -0.00240902
1141   -0.00578657
1142   -0.00879035
1143   -0.0115561
1144   -0.0139981
1145   -0.0162345
1146   -0.0181847
1147   -0.0199532
1148   -0.0214611
1149   -0.0228025
1150   -0.0238975
1151   -0.0248331
1152   -0.0255277
1153   -0.0260637
1154   -0.0263588
1155   -0.026494
1156   -0.0263884
1157   -0.0261267
1158   -0.0256337
1159   -0.0250047
1160   -0.0241798
1161   0.0555636
1162   0.0584519
1163   0.06196
1164   0.0659914
1165   0.0705273
1166   0.0752679
1167   0.0799253
1168   0.0833437
1169   0.0841455
1170   0.0806477
1171   0.0743315
1172   0.0667956
1173   0.0590268
1174   0.0514238
1175   0.0442518
1176   0.0374665
1177   0.0312165
1178   0.0253607
1179   0.0200123
1180   0.0150274
1181   0.0104955
1182   0.00628835
1183   0.00247654
1184   -0.00104969
1185   -0.00423396
1186   -0.00716815
1187   -0.0098056
1188   -0.0122218
1189   -0.0143765
1190   -0.0163303
1191   -0.0180471
1192   -0.0195742
1193   -0.0208785
1194   -0.0219957
1195   -0.0228953
1196   -0.0236037
1197   -0.024094
1198   -0.0243868
1199   -0.0244607
1200   -0.0243362
1201   -0.0240017
1202   -0.0234858
1203   -0.0227975
1204   0.05341
1205   0.0559972
1206   0.0593714
1207   0.0630466
1208   0.0674507
1209   0.0718802
1210   0.0766284
1211   0.0805217
1212   0.0826337
1213   0.0826204
1214   0.0771289
1215   0.0701399
1216   0.0630483
1217   0.0556967
1218   0.0488664
1219   0.0422145
1220   0.0361127
1221   0.0302894
1222   0.0249658
1223   0.0199383
1224   0.0153556
1225   0.0110541
1226   0.00714425
1227   0.00348785
1228   0.000175061
1229   -0.00291443
1230   -0.00570035
1231   -0.00828961
1232   -0.0106056
1233   -0.0127448
1234   -0.0146303
1235   -0.0163507
1236   -0.0178263
1237   -0.0191403
1238   -0.0202089
1239   -0.0211124
1240   -0.0217637
1241   -0.0222435
1242   -0.0224642
1243   -0.0225118
1244   -0.0223039
1245   -0.0219395
1246   -0.021353
1247   0.0512647
1248   0.0537622
1249   0.0567847
1250   0.0602769
1251   0.0642373
1252   0.0684814
1253   0.0728132
1254   0.0767876
1255   0.0797973
1256   0.0805139
1257   0.0783747
1258   0.0726808
1259   0.0662161
1260   0.0593759
1261   0.0528583
1262   0.0464674
1263   0.0405265
1264   0.0348093
1265   0.0295394
1266   0.0245258
1267   0.019925
1268   0.0155786
1269   0.0116004
1270   0.007859
1271   0.00444149
1272   0.00123894
1273   -0.00167864
1274   -0.00440087
1275   -0.00686878
1276   -0.0091549
1277   -0.0112076
1278   -0.0130841
1279   -0.0147379
1280   -0.0162123
1281   -0.0174654
1282   -0.0185285
1283   -0.0193647
1284   -0.0199969
1285   -0.0203956
1286   -0.0205811
1287   -0.0205366
1288   -0.0202902
1289   -0.0198487
1290   0.049127
1291   0.0513487
1292   0.0541874
1293   0.0572829
1294   0.0609572
1295   0.0647006
1296   0.0687516
1297   0.0723654
1298   0.0757118
1299   0.0777717
1300   0.0765817
1301   0.0734941
1302   0.0679056
1303   0.0617003
1304   0.0557404
1305   0.0497445
1306   0.0440778
1307   0.0385793
1308   0.0334403
1309   0.0285313
1310   0.0239743
1311   0.0196537
1312   0.0156602
1313   0.0118882
1314   0.00841335
1315   0.0051384
1316   0.00213272
1317   -0.000693662
1318   -0.00327241
1319   -0.00568741
1320   -0.00786782
1321   -0.00989264
1322   -0.0116861
1323   -0.0133237
1324   -0.0147235
1325   -0.0159595
1326   -0.0169434
1327   -0.0177515
1328   -0.0182916
1329   -0.0186473
1330   -0.0187299
1331   -0.0186392
1332   -0.0183035
1333   0.0470576
1334   0.0491773
1335   0.0516881
1336   0.0545548
1337   0.0577606
1338   0.0611991
1339   0.0646972
1340   0.0681241
1341   0.0710328
1342   0.0732246
1343   0.0736307
1344   0.0716743
1345   0.0681686
1346   0.0629092
1347   0.0576802
1348   0.0521323
1349   0.0468796
1350   0.0416432
1351   0.036749
1352   0.0319862
1353   0.027562
1354   0.0233065
1355   0.0193667
1356   0.0156011
1357   0.0121221
1358   0.00881032
1359   0.00575679
1360   0.00286121
1361   0.000200539
1362   -0.00230836
1363   -0.00459815
1364   -0.00673586
1365   -0.00866126
1366   -0.010426
1367   -0.0119758
1368   -0.0133479
1369   -0.0144945
1370   -0.015441
1371   -0.0161483
1372   -0.0166364
1373   -0.0168807
1374   -0.0169079
1375   -0.0167211
1376   0.0450447
1377   0.0469423
1378   0.04927
1379   0.0517925
1380   0.0547061
1381   0.0576961
1382   0.0608711
1383   0.0638474
1384   0.066577
1385   0.0685976
1386   0.0694331
1387   0.0689286
1388   0.066234
1389   0.062489
1390   0.0580257
1391   0.0533074
1392   0.0485304
1393   0.0437827
1394   0.0391842
1395   0.0347178
1396   0.0304695
1397   0.026387
1398   0.0225392
1399   0.0188613
1400   0.0154135
1401   0.0121272
1402   0.00905981
1403   0.00614258
1404   0.0034337
1405   0.000865818
1406   -0.00149898
1407   -0.00372654
1408   -0.0057483
1409   -0.00762914
1410   -0.00929197
1411   -0.0108021
1412   -0.012073
1413   -0.0131732
1414   -0.0140085
1415   -0.0146566
1416   -0.0150226
1417   -0.0152039
1418   -0.0151222
1419   0.0431179
1420   0.0449154
1421   0.0469769
1422   0.0492823
1423   0.0518073
1424   0.0544966
1425   0.0572034
1426   0.0598785
1427   0.0621758
1428   0.0640808
1429   0.0649576
1430   0.0649789
1431   0.0635113
1432   0.0607905
1433   0.0574007
1434   0.0534291
1435   0.0493533
1436   0.0450872
1437   0.0409424
1438   0.0367836
1439   0.0328279
1440   0.028936
1441   0.0252702
1442   0.0216999
1443   0.0183544
1444   0.0151155
1445   0.0120909
1446   0.00917569
1447   0.00646323
1448   0.00386248
1449   0.00145625
1450   -0.000832111
1451   -0.00292785
1452   -0.00489249
1453   -0.00665822
1454   -0.00827079
1455   -0.00966954
1456   -0.0108851
1457   -0.0118665
1458   -0.0126339
1459   -0.0131526
1460   -0.0134462
1461   -0.013512
1462   0.0412608
1463   0.042889
1464   0.0447885
1465   0.0468239
1466   0.0490966
1467   0.0514305
1468   0.053848
1469   0.0561532
1470   0.0582426
1471   0.0599348
1472   0.0609361
1473   0.0612175
1474   0.0602961
1475   0.0584835
1476   0.0558435
1477   0.0527137
1478   0.0492409
1479   0.0455931
1480   0.0418772
1481   0.0381497
1482   0.0344865
1483   0.0308879
1484   0.0274134
1485   0.0240359
1486   0.0208065
1487   0.0176853
1488   0.0147203
1489   0.0118653
1490   0.00916922
1491   0.00658283
1492   0.00415865
1493   0.00184605
1494   -0.000296051
1495   -0.00231946
1496   -0.00415597
1497   -0.00585934
1498   -0.00734951
1499   -0.0086845
1500   -0.00977176
1501   -0.0106793
1502   -0.0113077
1503   -0.0117475
1504   -0.0119127
1505   0.0394831
1506   0.041016
1507   0.0427112
1508   0.0445588
1509   0.0465338
1510   0.0486104
1511   0.0506761
1512   0.0527171
1513   0.0545018
1514   0.0560469
1515   0.057002
1516   0.0574248
1517   0.0569829
1518   0.0557481
1519   0.0538467
1520   0.0513632
1521   0.0485611
1522   0.0454421
1523   0.0422466
1524   0.0389102
1525   0.035629
1526   0.0323065
1527   0.0291039
1528   0.0259131
1529   0.0228708
1530   0.0198683
1531   0.0170248
1532   0.0142365
1533   0.01161
1534   0.00904958
1535   0.00665222
1536   0.00433255
1537   0.00217966
1538   0.000120847
1539   -0.00176192
1540   -0.00352612
1541   -0.00509723
1542   -0.00651527
1543   -0.00771537
1544   -0.00872113
1545   -0.00948437
1546   -0.0100248
1547   -0.0103302
1548   0.0377708
1549   0.039174
1550   0.0407308
1551   0.0423725
1552   0.0441417
1553   0.0459482
1554   0.0477799
1555   0.0495395
1556   0.0511401
1557   0.0524958
1558   0.0534321
1559   0.0539116
1560   0.0537192
1561   0.0529282
1562   0.0515117
1563   0.0496217
1564   0.0473315
1565   0.0447644
1566   0.0420032
1567   0.0391156
1568   0.0361703
1569   0.033192
1570   0.0302362
1571   0.0273006
1572   0.0244322
1573   0.021613
1574   0.0188857
1575   0.0162233
1576   0.0136675
1577   0.0111862
1578   0.00882296
1579   0.00654248
1580   0.00439294
1581   0.00233654
1582   0.000429369
1583   -0.00136917
1584   -0.00299109
1585   -0.00448147
1586   -0.0057564
1587   -0.00687032
1588   -0.00772395
1589   -0.00839488
1590   -0.00878834
1591   0.036125
1592   0.0374384
1593   0.0388401
1594   0.040326
1595   0.0418736
1596   0.0434746
1597   0.0450483
1598   0.0465981
1599   0.0479724
1600   0.049191
1601   0.0500446
1602   0.0505622
1603   0.0505576
1604   0.0500617
1605   0.0490661
1606   0.0476114
1607   0.0458143
1608   0.0436849
1609   0.0413802
1610   0.0388669
1611   0.0363025
1612   0.0336198
1613   0.0309657
1614   0.0282526
1615   0.0256159
1616   0.0229579
1617   0.0204038
1618   0.0178532
1619   0.0154226
1620   0.0130135
1621   0.010735
1622   0.00849414
1623   0.00639335
1624   0.00434809
1625   0.00245453
1626   0.000640122
1627   -0.00100586
1628   -0.00253928
1629   -0.00387986
1630   -0.00506202
1631   -0.0060208
1632   -0.00677392
1633   -0.00729367
1634   0.0345369
1635   0.0357481
1636   0.0370335
1637   0.0383639
1638   0.0397497
1639   0.0411497
1640   0.0425425
1641   0.043881
1642   0.0451042
1643   0.0461652
1644   0.0469647
1645   0.0474692
1646   0.0475741
1647   0.0472851
1648   0.0465681
1649   0.0454751
1650   0.0440363
1651   0.0423141
1652   0.0403637
1653   0.0382321
1654   0.0359757
1655   0.0336202
1656   0.0312159
1657   0.0287703
1658   0.0263274
1659   0.0238821
1660   0.0214735
1661   0.0190883
1662   0.0167632
1663   0.0144796
1664   0.0122738
1665   0.0101237
1666   0.00806752
1667   0.00608076
1668   0.00420613
1669   0.00241666
1670   0.000763559
1671   -0.000783902
1672   -0.00215983
1673   -0.00340244
1674   -0.00442344
1675   -0.00528061
1676   -0.00587079
1677   0.0330052
1678   0.0341335
1679   0.0353013
1680   0.0365068
1681   0.0377307
1682   0.0389746
1683   0.0401807
1684   0.0413616
1685   0.0424155
1686   0.0433654
1687   0.0440775
1688   0.0445774
1689   0.0447449
1690   0.0446012
1691   0.0441052
1692   0.0432747
1693   0.0421525
1694   0.040739
1695   0.0391297
1696   0.037297
1697   0.0353611
1698   0.0332668
1699   0.0311426
1700   0.0289122
1701   0.0267047
1702   0.0244302
1703   0.0222149
1704   0.0199618
1705   0.0177929
1706   0.0156087
1707   0.0135269
1708   0.0114487
1709   0.00948764
1710   0.00754861
1711   0.00574092
1712   0.003976
1713   0.00235834
1714   0.000810419
1715   -0.000570346
1716   -0.00184224
1717   -0.00292075
1718   -0.00383314
1719   -0.0045271
1720   0.0315253
1721   0.0325711
1722   0.0336438
1723   0.0347336
1724   0.0358358
1725   0.0369343
1726   0.0380078
1727   0.0390347
1728   0.0399737
1729   0.0407991
1730   0.0414534
1731   0.0419112
1732   0.0421167
1733   0.0420571
1734   0.0417071
1735   0.0410757
1736   0.0401744
1737   0.039026
1738   0.0376652
1739   0.0361154
1740   0.03442
1741   0.0325954
1742   0.030685
1743   0.0286963
1744   0.0266695
1745   0.0246042
1746   0.0225369
1747   0.0204615
1748   0.0184113
1749   0.016376
1750   0.0143873
1751   0.0124325
1752   0.0105423
1753   0.00870278
1754   0.00694567
1755   0.0052559
1756   0.00366834
1757   0.00216653
1758   0.000792275
1759   -0.000474834
1760   -0.00157687
1761   -0.00254778
1762   -0.00328768
1763   0.0300954
1764   0.0310679
1765   0.0320514
1766   0.0330453
1767   0.0340324
1768   0.0350191
1769   0.035961
1770   0.0368769
1771   0.0376913
1772   0.0384331
1773   0.0390061
1774   0.0394404
1775   0.0396474
1776   0.039649
1777   0.0393999
1778   0.0389093
1779   0.0381897
1780   0.0372319
1781   0.0360976
1782   0.0347551
1783   0.0332986
1784   0.0316739
1785   0.0299937
1786   0.0281849
1787   0.0263687
1788   0.0244586
1789   0.0225787
1790   0.0206336
1791   0.0187472
1792   0.0168195
1793   0.0149726
1794   0.013105
1795   0.0113363
1796   0.00956553
1797   0.00791051
1798   0.00627183
1799   0.00476596
1800   0.00329644
1801   0.00197847
1802   0.000720991
1803   -0.000364781
1804   -0.00135473
1805   -0.00216055
1806   0.0287138
1807   0.0296181
1808   0.030527
1809   0.0314361
1810   0.0323375
1811   0.0332224
1812   0.034075
1813   0.0348813
1814   0.0356159
1815   0.0362604
1816   0.0367825
1817   0.0371617
1818   0.0373678
1819   0.0373849
1820   0.0371969
1821   0.0367995
1822   0.0361957
1823   0.0353927
1824   0.0344085
1825   0.0332564
1826   0.0319627
1827   0.0305413
1828   0.0290205
1829   0.0274119
1830   0.0257426
1831   0.0240207
1832   0.0222709
1833   0.0204979
1834   0.018724
1835   0.0169511
1836   0.0151996
1837   0.0134697
1838   0.0117804
1839   0.0101309
1840   0.00853968
1841   0.007006
1842   0.00554808
1843   0.00416597
1844   0.00287841
1845   0.00168671
1846   0.000610543
1847   -0.000347071
1848   -0.00116808
