##### Y Mean #####
0   0.00325488
1   -0.0281724
2   -0.0649665
3   -0.1056
4   -0.149213
5   -0.193918
6   -0.239059
7   -0.28288
8   -0.324835
9   -0.362883
10   -0.397477
11   -0.427879
12   -0.454582
13   -0.477275
14   -0.496256
15   -0.511419
16   -0.522968
17   -0.530906
18   -0.535523
19   -0.536991
20   -0.535606
21   -0.531662
22   -0.525358
23   -0.517019
24   -0.506838
25   -0.495192
26   -0.482302
27   -0.468573
28   -0.454165
29   -0.439399
30   -0.424375
31   -0.409317
32   -0.394272
33   -0.37937
34   -0.364628
35   -0.350115
36   -0.335838
37   -0.321835
38   -0.308118
39   -0.294712
40   -0.28163
41   -0.268891
42   -0.256507
43   0.0325573
44   0.000597159
45   -0.0395619
46   -0.0823444
47   -0.131301
48   -0.178631
49   -0.229679
50   -0.276005
51   -0.324579
52   -0.364198
53   -0.403833
54   -0.435953
55   -0.466399
56   -0.490853
57   -0.512515
58   -0.529138
59   -0.542537
60   -0.551413
61   -0.557107
62   -0.559152
63   -0.558124
64   -0.554477
65   -0.547939
66   -0.539495
67   -0.528554
68   -0.516424
69   -0.5024
70   -0.487992
71   -0.472344
72   -0.456803
73   -0.440583
74   -0.424732
75   -0.408633
76   -0.392967
77   -0.37732
78   -0.362082
79   -0.347021
80   -0.332336
81   -0.317929
82   -0.30389
83   -0.290195
84   -0.276879
85   -0.263949
86   0.0672745
87   0.0373641
88   -0.00380036
89   -0.0493669
90   -0.100752
91   -0.152556
92   -0.205896
93   -0.256929
94   -0.307486
95   -0.353969
96   -0.396693
97   -0.434691
98   -0.468486
99   -0.497355
100   -0.521975
101   -0.541587
102   -0.55709
103   -0.568198
104   -0.575499
105   -0.579185
106   -0.579395
107   -0.576528
108   -0.570604
109   -0.562096
110   -0.551131
111   -0.538283
112   -0.523752
113   -0.508213
114   -0.491767
115   -0.474918
116   -0.457751
117   -0.440627
118   -0.423589
119   -0.406808
120   -0.390294
121   -0.374107
122   -0.358257
123   -0.342765
124   -0.327649
125   -0.312916
126   -0.298591
127   -0.284676
128   -0.271195
129   0.10621
130   0.0769649
131   0.0362391
132   -0.0106159
133   -0.0651495
134   -0.119022
135   -0.176215
136   -0.229477
137   -0.283567
138   -0.333251
139   -0.381909
140   -0.422957
141   -0.463108
142   -0.494354
143   -0.524899
144   -0.546362
145   -0.566244
146   -0.579498
147   -0.589825
148   -0.59582
149   -0.598001
150   -0.596819
151   -0.591775
152   -0.584011
153   -0.57301
154   -0.560164
155   -0.544847
156   -0.528834
157   -0.511182
158   -0.493457
159   -0.474914
160   -0.456787
161   -0.43849
162   -0.420739
163   -0.403151
164   -0.386079
165   -0.369322
166   -0.35304
167   -0.337154
168   -0.321727
169   -0.306746
170   -0.292231
171   -0.27819
172   0.148808
173   0.123903
174   0.0829757
175   0.0360098
176   -0.0201997
177   -0.077062
178   -0.136287
179   -0.193124
180   -0.249671
181   -0.302898
182   -0.353596
183   -0.399612
184   -0.441791
185   -0.478947
186   -0.511973
187   -0.540236
188   -0.563837
189   -0.582901
190   -0.597402
191   -0.607334
192   -0.613003
193   -0.613982
194   -0.611058
195   -0.604255
196   -0.594179
197   -0.581574
198   -0.566407
199   -0.549634
200   -0.531352
201   -0.512252
202   -0.49264
203   -0.473029
204   -0.453638
205   -0.434584
206   -0.415999
207   -0.397842
208   -0.38021
209   -0.363033
210   -0.346389
211   -0.33022
212   -0.31459
213   -0.299456
214   -0.28487
215   0.193264
216   0.169534
217   0.130912
218   0.0832135
219   0.02621
220   -0.03214
221   -0.0936478
222   -0.152479
223   -0.211468
224   -0.266648
225   -0.319914
226   -0.368428
227   -0.41384
228   -0.454096
229   -0.491286
230   -0.5232
231   -0.553142
232   -0.575309
233   -0.597117
234   -0.609063
235   -0.621492
236   -0.623793
237   -0.625446
238   -0.620145
239   -0.612051
240   -0.600983
241   -0.586136
242   -0.56972
243   -0.550507
244   -0.530671
245   -0.509592
246   -0.488946
247   -0.468188
248   -0.448085
249   -0.42834
250   -0.409232
251   -0.390638
252   -0.372637
253   -0.355193
254   -0.338324
255   -0.322029
256   -0.306308
257   -0.291167
258   0.239046
259   0.221433
260   0.182463
261   0.135541
262   0.0775741
263   0.017512
264   -0.0453724
265   -0.106691
266   -0.167458
267   -0.225103
268   -0.280277
269   -0.331404
270   -0.378959
271   -0.42211
272   -0.461489
273   -0.496514
274   -0.528092
275   -0.554983
276   -0.578176
277   -0.596629
278   -0.6112
279   -0.621509
280   -0.627066
281   -0.628596
282   -0.624951
283   -0.616966
284   -0.604634
285   -0.588194
286   -0.568981
287   -0.548078
288   -0.526138
289   -0.503987
290   -0.482217
291   -0.460768
292   -0.440069
293   -0.419878
294   -0.400452
295   -0.381581
296   -0.363427
297   -0.345846
298   -0.328949
299   -0.312637
300   -0.296993
301   0.283852
302   0.267589
303   0.232691
304   0.186019
305   0.128422
306   0.0677901
307   0.0035935
308   -0.0589904
309   -0.121621
310   -0.180748
311   -0.237978
312   -0.290728
313   -0.340506
314   -0.385418
315   -0.427003
316   -0.463816
317   -0.497244
318   -0.526453
319   -0.552071
320   -0.573794
321   -0.592321
322   -0.606816
323   -0.61956
324   -0.624725
325   -0.630004
326   -0.623836
327   -0.617823
328   -0.601973
329   -0.583789
330   -0.563183
331   -0.540341
332   -0.517657
333   -0.494697
334   -0.47236
335   -0.450633
336   -0.429618
337   -0.409348
338   -0.389766
339   -0.370909
340   -0.352724
341   -0.335235
342   -0.318412
343   -0.302264
344   0.327033
345   0.31918
346   0.284527
347   0.239765
348   0.182616
349   0.120608
350   0.0559125
351   -0.00850314
352   -0.0722747
353   -0.133391
354   -0.191987
355   -0.246745
356   -0.297969
357   -0.344863
358   -0.387916
359   -0.426636
360   -0.461708
361   -0.492813
362   -0.520407
363   -0.544397
364   -0.565098
365   -0.582397
366   -0.596856
367   -0.607283
368   -0.614343
369   -0.616857
370   -0.61418
371   -0.607301
372   -0.59298
373   -0.574457
374   -0.552503
375   -0.528724
376   -0.505285
377   -0.481881
378   -0.459583
379   -0.437788
380   -0.41697
381   -0.396757
382   -0.377394
383   -0.35867
384   -0.340723
385   -0.323426
386   -0.306869
387   0.365416
388   0.357789
389   0.332823
390   0.291496
391   0.235937
392   0.173838
393   0.108015
394   0.0427256
395   -0.0225436
396   -0.084798
397   -0.14505
398   -0.201043
399   -0.253944
400   -0.30212
401   -0.346785
402   -0.386848
403   -0.423432
404   -0.455937
405   -0.485113
406   -0.510654
407   -0.533067
408   -0.552104
409   -0.568122
410   -0.581222
411   -0.591
412   -0.597733
413   -0.601408
414   -0.598971
415   -0.59478
416   -0.578105
417   -0.559745
418   -0.536367
419   -0.512699
420   -0.489096
421   -0.466399
422   -0.44427
423   -0.42304
424   -0.402465
425   -0.382698
426   -0.36362
427   -0.345283
428   -0.327643
429   -0.310709
430   0.400335
431   0.398353
432   0.37771
433   0.345014
434   0.289271
435   0.226818
436   0.161141
437   0.0947296
438   0.0288088
439   -0.034973
440   -0.0962011
441   -0.153816
442   -0.207798
443   -0.257559
444   -0.303354
445   -0.34492
446   -0.382685
447   -0.416571
448   -0.446957
449   -0.47384
450   -0.497532
451   -0.518004
452   -0.535675
453   -0.550452
454   -0.562451
455   -0.571543
456   -0.577574
457   -0.57976
458   -0.578202
459   -0.57168
460   -0.556376
461   -0.537601
462   -0.5154
463   -0.492277
464   -0.470109
465   -0.448122
466   -0.426972
467   -0.406344
468   -0.386484
469   -0.367243
470   -0.348719
471   -0.330842
472   -0.313662
473   0.43136
474   0.431457
475   0.418385
476   0.388585
477   0.338845
478   0.278305
479   0.212713
480   0.146242
481   0.079396
482   0.0149187
483   -0.0475984
484   -0.106122
485   -0.161459
486   -0.2122
487   -0.259298
488   -0.301876
489   -0.340842
490   -0.37574
491   -0.407248
492   -0.435199
493   -0.460014
494   -0.481758
495   -0.500618
496   -0.516932
497   -0.530363
498   -0.541372
499   -0.549121
500   -0.554236
501   -0.55533
502   -0.553212
503   -0.54605
504   -0.530797
505   -0.513012
506   -0.491635
507   -0.470616
508   -0.449296
509   -0.428625
510   -0.408294
511   -0.388605
512   -0.369444
513   -0.3509
514   -0.332952
515   -0.315625
516   0.459116
517   0.463653
518   0.45576
519   0.435651
520   0.386416
521   0.327692
522   0.263514
523   0.197024
524   0.130167
525   0.0647121
526   0.00163061
527   -0.0581602
528   -0.114254
529   -0.16629
530   -0.214223
531   -0.258029
532   -0.297869
533   -0.333894
534   -0.366316
535   -0.395348
536   -0.421197
537   -0.444083
538   -0.464204
539   -0.48174
540   -0.496684
541   -0.509131
542   -0.518856
543   -0.525908
544   -0.529736
545   -0.530416
546   -0.526327
547   -0.517813
548   -0.502863
549   -0.485533
550   -0.466463
551   -0.446985
552   -0.427337
553   -0.407904
554   -0.388735
555   -0.369991
556   -0.351652
557   -0.33383
558   -0.31649
559   0.483282
560   0.490737
561   0.48857
562   0.470451
563   0.42963
564   0.374635
565   0.312055
566   0.246488
567   0.179413
568   0.113815
569   0.049858
570   -0.0104551
571   -0.0676059
572   -0.120313
573   -0.169308
574   -0.213857
575   -0.2547
576   -0.291518
577   -0.324896
578   -0.354818
579   -0.381642
580   -0.405592
581   -0.426756
582   -0.445551
583   -0.461674
584   -0.475668
585   -0.486834
586   -0.49584
587   -0.501518
588   -0.504563
589   -0.503202
590   -0.498191
591   -0.488278
592   -0.474416
593   -0.458549
594   -0.44117
595   -0.423291
596   -0.405046
597   -0.386841
598   -0.368737
599   -0.35088
600   -0.333338
601   -0.316171
602   0.503922
603   0.514814
604   0.517841
605   0.509652
606   0.470492
607   0.419435
608   0.359272
609   0.294578
610   0.228076
611   0.162011
612   0.0979522
613   0.036733
614   -0.0208138
615   -0.0745481
616   -0.124089
617   -0.169661
618   -0.211149
619   -0.248952
620   -0.28308
621   -0.31399
622   -0.341717
623   -0.366718
624   -0.388983
625   -0.408928
626   -0.426382
627   -0.441712
628   -0.454512
629   -0.465136
630   -0.472796
631   -0.477901
632   -0.479063
633   -0.477116
634   -0.470146
635   -0.46014
636   -0.447013
637   -0.432407
638   -0.416392
639   -0.399881
640   -0.382823
641   -0.365742
642   -0.348518
643   -0.33152
644   -0.314616
645   0.520868
646   0.534708
647   0.541985
648   0.535554
649   0.507175
650   0.461577
651   0.404197
652   0.341046
653   0.274858
654   0.209206
655   0.144688
656   0.0833821
657   0.0250762
658   -0.0290044
659   -0.079393
660   -0.12546
661   -0.167803
662   -0.206224
663   -0.241218
664   -0.272889
665   -0.301538
666   -0.327481
667   -0.350762
668   -0.37184
669   -0.390451
670   -0.40713
671   -0.421295
672   -0.433494
673   -0.44283
674   -0.449767
675   -0.45321
676   -0.453497
677   -0.449854
678   -0.442744
679   -0.43283
680   -0.420696
681   -0.407051
682   -0.392278
683   -0.376785
684   -0.360809
685   -0.344538
686   -0.328157
687   -0.311775
688   0.534035
689   0.550207
690   0.56202
691   0.564758
692   0.540743
693   0.502906
694   0.447916
695   0.38586
696   0.320795
697   0.255083
698   0.190979
699   0.129103
700   0.0707789
701   0.0159155
702   -0.0347354
703   -0.0816455
704   -0.12442
705   -0.163707
706   -0.199297
707   -0.231884
708   -0.261316
709   -0.288262
710   -0.312526
711   -0.334723
712   -0.354519
713   -0.372468
714   -0.38802
715   -0.401691
716   -0.412619
717   -0.421345
718   -0.426658
719   -0.429294
720   -0.427938
721   -0.423825
722   -0.416408
723   -0.407033
724   -0.395485
725   -0.382815
726   -0.368833
727   -0.354301
728   -0.338998
729   -0.323525
730   -0.307664
731   0.543557
732   0.562226
733   0.576675
734   0.581596
735   0.570221
736   0.539011
737   0.488766
738   0.428969
739   0.364708
740   0.300043
741   0.235866
742   0.174329
743   0.115503
744   0.0606043
745   0.00929916
746   -0.037864
747   -0.0813512
748   -0.121073
749   -0.157438
750   -0.190651
751   -0.220949
752   -0.248719
753   -0.273967
754   -0.297175
755   -0.318091
756   -0.337222
757   -0.354063
758   -0.369069
759   -0.381527
760   -0.391774
761   -0.399024
762   -0.403507
763   -0.404694
764   -0.402893
765   -0.398233
766   -0.391155
767   -0.382022
768   -0.371239
769   -0.359103
770   -0.345934
771   -0.331912
772   -0.31731
773   -0.302274
774   0.549323
775   0.56966
776   0.587249
777   0.597982
778   0.594728
779   0.577235
780   0.52823
781   0.469664
782   0.407669
783   0.343435
784   0.280215
785   0.218389
786   0.15989
787   0.104423
788   0.0531345
789   0.00530636
790   -0.0383872
791   -0.0788427
792   -0.115632
793   -0.14967
794   -0.180616
795   -0.209324
796   -0.23543
797   -0.259699
798   -0.281658
799   -0.301983
800   -0.320023
801   -0.336387
802   -0.350199
803   -0.362057
804   -0.370887
805   -0.377388
806   -0.380493
807   -0.38115
808   -0.378641
809   -0.374056
810   -0.366939
811   -0.358307
812   -0.3478
813   -0.336287
814   -0.323428
815   -0.309994
816   -0.29568
817   0.551483
818   0.573564
819   0.593803
820   0.60886
821   0.6146
822   0.601575
823   0.562836
824   0.509007
825   0.448704
826   0.386181
827   0.323192
828   0.262055
829   0.203269
830   0.148066
831   0.0963219
832   0.0484979
833   0.00425603
834   -0.0364347
835   -0.0738799
836   -0.108394
837   -0.140126
838   -0.169536
839   -0.196567
840   -0.221729
841   -0.24475
842   -0.266122
843   -0.285375
844   -0.302924
845   -0.318155
846   -0.331371
847   -0.341935
848   -0.35007
849   -0.355317
850   -0.357929
851   -0.357797
852   -0.355253
853   -0.350407
854   -0.343611
855   -0.335019
856   -0.32496
857   -0.313566
858   -0.301157
859   -0.287896
860   0.550217
861   0.573025
862   0.596274
863   0.615558
864   0.629437
865   0.630826
866   0.594364
867   0.544899
868   0.488116
869   0.426877
870   0.365281
871   0.304182
872   0.246072
873   0.190554
874   0.13914
875   0.0908663
876   0.0466692
877   0.00541184
878   -0.0322728
879   -0.0674915
880   -0.0997323
881   -0.129991
882   -0.157759
883   -0.183906
884   -0.207847
885   -0.230335
886   -0.250657
887   -0.269475
888   -0.285925
889   -0.300634
890   -0.312622
891   -0.322567
892   -0.329503
893   -0.334245
894   -0.335998
895   -0.335689
896   -0.3327
897   -0.327975
898   -0.320997
899   -0.312667
900   -0.302523
901   -0.291442
902   -0.27904
903   0.546009
904   0.570245
905   0.595269
906   0.618894
907   0.638379
908   0.642559
909   0.620586
910   0.578549
911   0.525188
912   0.466464
913   0.405618
914   0.345713
915   0.287659
916   0.232805
917   0.18121
918   0.133246
919   0.0887117
920   0.0474359
921   0.00924488
922   -0.0262991
923   -0.0592218
924   -0.0900669
925   -0.118679
926   -0.145616
927   -0.170546
928   -0.19398
929   -0.215439
930   -0.235344
931   -0.25312
932   -0.269086
933   -0.282663
934   -0.294094
935   -0.302925
936   -0.309389
937   -0.313245
938   -0.314761
939   -0.31387
940   -0.310866
941   -0.305774
942   -0.298896
943   -0.290302
944   -0.280328
945   -0.269133
946   0.538951
947   0.562973
948   0.590183
949   0.61592
950   0.64161
951   0.658426
952   0.641945
953   0.609558
954   0.560142
955   0.503383
956   0.444569
957   0.38516
958   0.328312
959   0.273488
960   0.22262
961   0.174478
962   0.13027
963   0.0886298
964   0.0503882
965   0.0142848
966   -0.0190127
967   -0.050595
968   -0.0798351
969   -0.10766
970   -0.133407
971   -0.157867
972   -0.180293
973   -0.201378
974   -0.220274
975   -0.237625
976   -0.252509
977   -0.265588
978   -0.275941
979   -0.284306
980   -0.289845
981   -0.293385
982   -0.294193
983   -0.293146
984   -0.289599
985   -0.284451
986   -0.277129
987   -0.268572
988   -0.258318
989   0.529642
990   0.55459
991   0.582061
992   0.610524
993   0.638041
994   0.65688
995   0.657941
996   0.634685
997   0.591433
998   0.538406
999   0.481132
1000   0.423709
1001   0.367396
1002   0.313735
1003   0.263033
1004   0.215537
1005   0.171247
1006   0.129803
1007   0.091234
1008   0.0549454
1009   0.0210975
1010   -0.0109642
1011   -0.0409371
1012   -0.0694541
1013   -0.0960862
1014   -0.121397
1015   -0.144859
1016   -0.166939
1017   -0.187053
1018   -0.205562
1019   -0.221895
1020   -0.236329
1021   -0.248382
1022   -0.258292
1023   -0.265721
1024   -0.270904
1025   -0.273648
1026   -0.274198
1027   -0.272469
1028   -0.268731
1029   -0.262986
1030   -0.255567
1031   -0.24662
1032   0.518054
1033   0.542023
1034   0.570382
1035   0.599083
1036   0.629304
1037   0.653869
1038   0.664482
1039   0.659847
1040   0.619986
1041   0.56963
1042   0.515843
1043   0.459447
1044   0.40501
1045   0.35176
1046   0.302232
1047   0.254878
1048   0.211202
1049   0.169635
1050   0.131195
1051   0.0945293
1052   0.0604362
1053   0.027791
1054   -0.00269421
1055   -0.0319572
1056   -0.0592914
1057   -0.0854925
1058   -0.109809
1059   -0.132936
1060   -0.154056
1061   -0.173811
1062   -0.191325
1063   -0.207239
1064   -0.220659
1065   -0.232272
1066   -0.241214
1067   -0.248236
1068   -0.252532
1069   -0.254917
1070   -0.254648
1071   -0.252603
1072   -0.248115
1073   -0.242154
1074   -0.234192
1075   0.504782
1076   0.52883
1077   0.556119
1078   0.585541
1079   0.616138
1080   0.64379
1081   0.664454
1082   0.665821
1083   0.641509
1084   0.598523
1085   0.547501
1086   0.493852
1087   0.440409
1088   0.388835
1089   0.339884
1090   0.293515
1091   0.250068
1092   0.208899
1093   0.17036
1094   0.133649
1095   0.0991947
1096   0.0661959
1097   0.0351543
1098   0.00532865
1099   -0.0227196
1100   -0.0496394
1101   -0.0748249
1102   -0.0988154
1103   -0.120986
1104   -0.141764
1105   -0.160547
1106   -0.177665
1107   -0.192587
1108   -0.205574
1109   -0.216207
1110   -0.224708
1111   -0.230781
1112   -0.234639
1113   -0.236101
1114   -0.235403
1115   -0.232484
1116   -0.227661
1117   -0.221062
1118   0.489942
1119   0.512288
1120   0.539294
1121   0.567339
1122   0.598689
1123   0.627536
1124   0.655315
1125   0.673315
1126   0.655259
1127   0.621884
1128   0.575362
1129   0.523729
1130   0.472997
1131   0.422441
1132   0.375201
1133   0.329422
1134   0.286893
1135   0.245933
1136   0.207717
1137   0.170901
1138   0.136367
1139   0.103036
1140   0.0716498
1141   0.041317
1142   0.0127399
1143   -0.0148431
1144   -0.0407108
1145   -0.0655341
1146   -0.0885431
1147   -0.110356
1148   -0.130151
1149   -0.148535
1150   -0.164648
1151   -0.179125
1152   -0.191096
1153   -0.201248
1154   -0.208725
1155   -0.214286
1156   -0.217111
1157   -0.218046
1158   -0.216346
1159   -0.212991
1160   -0.207391
1161   0.474247
1162   0.496133
1163   0.521243
1164   0.548918
1165   0.578909
1166   0.609285
1167   0.638171
1168   0.658272
1169   0.661275
1170   0.637559
1171   0.597532
1172   0.550559
1173   0.501956
1174   0.453919
1175   0.407926
1176   0.36353
1177   0.321684
1178   0.281359
1179   0.2434
1180   0.206742
1181   0.17217
1182   0.138696
1183   0.107061
1184   0.0763859
1185   0.0473864
1186   0.0193031
1187   -0.00715946
1188   -0.0326355
1189   -0.0564355
1190   -0.0790695
1191   -0.0998825
1192   -0.11927
1193   -0.136642
1194   -0.152298
1195   -0.165737
1196   -0.177194
1197   -0.186274
1198   -0.193174
1199   -0.197623
1200   -0.199828
1201   -0.199661
1202   -0.197421
1203   -0.193206
1204   0.457823
1205   0.477795
1206   0.501975
1207   0.527486
1208   0.556718
1209   0.585446
1210   0.615408
1211   0.639487
1212   0.65072
1213   0.648424
1214   0.61396
1215   0.570401
1216   0.526173
1217   0.480022
1218   0.43644
1219   0.39333
1220   0.352787
1221   0.313223
1222   0.275884
1223   0.239601
1224   0.20524
1225   0.171867
1226   0.140181
1227   0.109394
1228   0.0801506
1229   0.0517644
1230   0.0248884
1231   -0.00109131
1232   -0.0254777
1233   -0.048842
1234   -0.0704289
1235   -0.0907972
1236   -0.109135
1237   -0.126019
1238   -0.140594
1239   -0.153482
1240   -0.163802
1241   -0.172248
1242   -0.177948
1243   -0.181701
1244   -0.182696
1245   -0.181902
1246   -0.178678
1247   0.441261
1248   0.460518
1249   0.482513
1250   0.506864
1251   0.533485
1252   0.56126
1253   0.58894
1254   0.613763
1255   0.63179
1256   0.63481
1257   0.620679
1258   0.585045
1259   0.544844
1260   0.502028
1261   0.460726
1262   0.419506
1263   0.380426
1264   0.341906
1265   0.30547
1266   0.269747
1267   0.235916
1268   0.202796
1269   0.171367
1270   0.140608
1271   0.111393
1272   0.0828474
1273   0.0557816
1274   0.0294605
1275   0.00465193
1276   -0.019246
1277   -0.0415106
1278   -0.0626166
1279   -0.081901
1280   -0.0997221
1281   -0.115495
1282   -0.129481
1283   -0.141193
1284   -0.150824
1285   -0.158011
1286   -0.162937
1287   -0.165403
1288   -0.165679
1289   -0.163832
1290   0.424606
1291   0.442083
1292   0.462847
1293   0.484781
1294   0.509684
1295   0.534545
1296   0.56069
1297   0.583638
1298   0.604206
1299   0.61645
1300   0.608382
1301   0.588572
1302   0.554023
1303   0.515369
1304   0.477674
1305   0.439229
1306   0.402135
1307   0.365425
1308   0.330196
1309   0.295677
1310   0.26259
1311   0.230255
1312   0.19925
1313   0.168959
1314   0.139923
1315   0.111574
1316   0.0844724
1317   0.0580914
1318   0.0330376
1319   0.00881182
1320   -0.0139141
1321   -0.0356326
1322   -0.0555987
1323   -0.0743201
1324   -0.0909794
1325   -0.106125
1326   -0.118878
1327   -0.129859
1328   -0.138158
1329   -0.144517
1330   -0.148063
1331   -0.149738
1332   -0.148846
1333   0.408248
1334   0.424938
1335   0.443647
1336   0.464127
1337   0.486225
1338   0.50929
1339   0.53223
1340   0.554249
1341   0.572592
1342   0.586154
1343   0.588582
1344   0.576022
1345   0.554206
1346   0.521384
1347   0.48844
1348   0.452957
1349   0.418797
1350   0.384026
1351   0.350795
1352   0.317592
1353   0.285896
1354   0.254442
1355   0.224395
1356   0.194661
1357   0.166243
1358   0.138189
1359   0.11141
1360   0.0850881
1361   0.0600736
1362   0.0356762
1363   0.0126957
1364   -0.00942942
1365   -0.0299561
1366   -0.0493169
1367   -0.0668389
1368   -0.0828315
1369   -0.0967115
1370   -0.108687
1371   -0.118296
1372   -0.125703
1373   -0.130625
1374   -0.133301
1375   -0.133748
1376   0.392157
1377   0.407379
1378   0.424859
1379   0.443215
1380   0.463525
1381   0.483932
1382   0.505012
1383   0.524484
1384   0.542009
1385   0.554858
1386   0.560177
1387   0.557001
1388   0.540315
1389   0.516966
1390   0.488882
1391   0.458782
1392   0.427805
1393   0.396433
1394   0.365369
1395   0.334478
1396   0.304287
1397   0.274461
1398   0.245455
1399   0.21687
1400   0.189146
1401   0.161868
1402   0.135501
1403   0.109632
1404   0.0847727
1405   0.060517
1406   0.0374436
1407   0.0151421
1408   -0.00572722
1409   -0.025592
1410   -0.0436996
1411   -0.0605155
1412   -0.0751918
1413   -0.0882642
1414   -0.0988102
1415   -0.107492
1416   -0.113387
1417   -0.117382
1418   -0.118724
1419   0.376531
1420   0.390982
1421   0.406764
1422   0.423727
1423   0.441685
1424   0.46029
1425   0.478634
1426   0.496413
1427   0.511534
1428   0.523925
1429   0.529756
1430   0.530126
1431   0.521193
1432   0.504298
1433   0.483026
1434   0.457712
1435   0.431359
1436   0.403227
1437   0.375366
1438   0.346727
1439   0.318836
1440   0.290608
1441   0.263286
1442   0.235835
1443   0.209342
1444   0.182846
1445   0.157342
1446   0.131963
1447   0.10764
1448   0.0836091
1449   0.0607502
1450   0.0384133
1451   0.0174265
1452   -0.00273395
1453   -0.0213022
1454   -0.0386645
1455   -0.0541355
1456   -0.0679662
1457   -0.0795867
1458   -0.0891558
1459   -0.0962897
1460   -0.101188
1461   -0.103802
1462   0.361301
1463   0.374595
1464   0.389277
1465   0.404544
1466   0.420937
1467   0.437416
1468   0.454064
1469   0.46972
1470   0.483735
1471   0.495038
1472   0.50186
1473   0.504047
1474   0.498643
1475   0.487514
1476   0.470999
1477   0.451095
1478   0.428657
1479   0.404651
1480   0.379714
1481   0.354142
1482   0.328408
1483   0.302479
1484   0.276752
1485   0.251039
1486   0.225716
1487   0.200526
1488   0.17586
1489   0.151426
1490   0.127655
1491   0.10424
1492   0.0816673
1493   0.0596182
1494   0.0386547
1495   0.0184374
1496   -0.000374277
1497   -0.0181548
1498   -0.0341273
1499   -0.0487298
1500   -0.0610653
1501   -0.0716937
1502   -0.0796567
1503   -0.0857573
1504   -0.0891737
1505   0.346543
1506   0.359104
1507   0.372449
1508   0.386494
1509   0.401059
1510   0.415973
1511   0.430547
1512   0.444679
1513   0.456985
1514   0.467545
1515   0.474274
1516   0.477494
1517   0.475209
1518   0.46777
1519   0.455982
1520   0.440213
1521   0.422151
1522   0.401621
1523   0.380222
1524   0.35735
1525   0.334388
1526   0.310518
1527   0.286957
1528   0.262808
1529   0.23918
1530   0.215168
1531   0.191815
1532   0.168246
1533   0.145457
1534   0.122631
1535   0.100727
1536   0.079007
1537   0.0583865
1538   0.0382352
1539   0.019415
1540   0.00142899
1541   -0.0149307
1542   -0.030003
1543   -0.043099
1544   -0.0544069
1545   -0.0634172
1546   -0.0702874
1547   -0.0748737
1548   0.332195
1549   0.343834
1550   0.35622
1551   0.368941
1552   0.382206
1553   0.395476
1554   0.408648
1555   0.421139
1556   0.432409
1557   0.441945
1558   0.448685
1559   0.4524
1560   0.451765
1561   0.4472
1562   0.438509
1563   0.426575
1564   0.411818
1565   0.394938
1566   0.37643
1567   0.356658
1568   0.33605
1569   0.314714
1570   0.293022
1571   0.270925
1572   0.248765
1573   0.226409
1574   0.204198
1575   0.181949
1576   0.160025
1577   0.138218
1578   0.116929
1579   0.0959293
1580   0.0756785
1581   0.0559279
1582   0.0372197
1583   0.0192748
1584   0.00275183
1585   -0.0126808
1586   -0.026213
1587   -0.0382805
1588   -0.04793
1589   -0.0558369
1590   -0.0610987
1591   0.318276
1592   0.329222
1593   0.34056
1594   0.352241
1595   0.364113
1596   0.376104
1597   0.387723
1598   0.398967
1599   0.408934
1600   0.417707
1601   0.424054
1602   0.428092
1603   0.428732
1604   0.426072
1605   0.420112
1606   0.410971
1607   0.399439
1608   0.385416
1609   0.369981
1610   0.352737
1611   0.334814
1612   0.315586
1613   0.296166
1614   0.275783
1615   0.255525
1616   0.234548
1617   0.213919
1618   0.19277
1619   0.172147
1620   0.151196
1621   0.130942
1622   0.110571
1623   0.091081
1624   0.0717285
1625   0.0534723
1626   0.0356735
1627   0.0192355
1628   0.00366969
1629   -0.0102069
1630   -0.0226849
1631   -0.0331041
1632   -0.0416016
1633   -0.0478875
1634   0.304748
1635   0.314937
1636   0.325448
1637   0.336094
1638   0.34691
1639   0.357642
1640   0.36814
1641   0.378114
1642   0.387182
1643   0.395054
1644   0.40112
1645   0.405163
1646   0.406536
1647   0.405246
1648   0.401071
1649   0.394286
1650   0.385063
1651   0.373735
1652   0.360634
1653   0.346
1654   0.330187
1655   0.313308
1656   0.295699
1657   0.277366
1658   0.258627
1659   0.23942
1660   0.220053
1661   0.20042
1662   0.180835
1663   0.161168
1664   0.14175
1665   0.122433
1666   0.103582
1667   0.0850346
1668   0.0672075
1669   0.0499169
1670   0.0336651
1671   0.0182311
1672   0.00425558
1673   -0.00855885
1674   -0.019364
1675   -0.0286522
1676   -0.0354436
1677   0.291614
1678   0.301159
1679   0.310838
1680   0.320622
1681   0.330381
1682   0.340102
1683   0.349437
1684   0.358431
1685   0.366482
1686   0.373686
1687   0.379265
1688   0.383309
1689   0.385133
1690   0.384778
1691   0.382052
1692   0.376947
1693   0.369805
1694   0.360479
1695   0.349671
1696   0.337032
1697   0.323453
1698   0.308395
1699   0.292842
1700   0.276102
1701   0.259209
1702   0.24137
1703   0.223641
1704   0.205173
1705   0.187034
1706   0.16835
1707   0.150192
1708   0.131688
1709   0.113904
1710   0.0959971
1711   0.0790168
1712   0.0621738
1713   0.0464878
1714   0.031267
1715   0.0174696
1716   0.00457988
1717   -0.00656923
1718   -0.0162061
1719   -0.0238125
1720   0.278857
1721   0.287764
1722   0.296741
1723   0.305715
1724   0.314642
1725   0.323411
1726   0.331879
1727   0.339903
1728   0.347224
1729   0.35367
1730   0.358887
1731   0.362701
1732   0.364766
1733   0.364976
1734   0.36317
1735   0.359369
1736   0.353636
1737   0.346069
1738   0.33688
1739   0.326169
1740   0.314213
1741   0.301068
1742   0.287026
1743   0.272095
1744   0.256563
1745   0.240393
1746   0.223871
1747   0.206928
1748   0.189848
1749   0.172546
1750   0.155309
1751   0.138043
1752   0.121045
1753   0.104217
1754   0.0878765
1755   0.0719218
1756   0.0567045
1757   0.0421121
1758   0.0285626
1759   0.0159058
1760   0.00470785
1761   -0.00531216
1762   -0.0132036
1763   0.266474
1764   0.274799
1765   0.283111
1766   0.291389
1767   0.29952
1768   0.307522
1769   0.315125
1770   0.322411
1771   0.328938
1772   0.334835
1773   0.339548
1774   0.343196
1775   0.345287
1776   0.345866
1777   0.344723
1778   0.341803
1779   0.337265
1780   0.330918
1781   0.32325
1782   0.313904
1783   0.303604
1784   0.291828
1785   0.279455
1786   0.265821
1787   0.251901
1788   0.236925
1789   0.221928
1790   0.206069
1791   0.190417
1792   0.174089
1793   0.158176
1794   0.141775
1795   0.12599
1796   0.109914
1797   0.0946572
1798   0.0793251
1799   0.0650305
1800   0.0509009
1801   0.0380451
1802   0.0256381
1803   0.0147509
1804   0.00469828
1805   -0.00367019
1806   0.254463
1807   0.262239
1808   0.269971
1809   0.277617
1810   0.285118
1811   0.292407
1812   0.299376
1813   0.305928
1814   0.311898
1815   0.317159
1816   0.321508
1817   0.324801
1818   0.326848
1819   0.32753
1820   0.32674
1821   0.324427
1822   0.320603
1823   0.315281
1824   0.30857
1825   0.30052
1826   0.291295
1827   0.280954
1828   0.269682
1829   0.257527
1830   0.244678
1831   0.23117
1832   0.217188
1833   0.202752
1834   0.188046
1835   0.17308
1836   0.158037
1837   0.142924
1838   0.127925
1839   0.113049
1840   0.0984824
1841   0.0842423
1842   0.0705209
1843   0.0573434
1844   0.0449107
1845   0.0332602
1846   0.0226008
1847   0.0129839
1848   0.00459935
