##### Y Mean #####
0   0.00379986
1   -0.0281573
2   -0.0656021
3   -0.106998
4   -0.151488
5   -0.197171
6   -0.243381
7   -0.288318
8   -0.331406
9   -0.370503
10   -0.406079
11   -0.437363
12   -0.464864
13   -0.488258
14   -0.507846
15   -0.523514
16   -0.535465
17   -0.543695
18   -0.548501
19   -0.550059
20   -0.548669
21   -0.54464
22   -0.538171
23   -0.5296
24   -0.519121
25   -0.507136
26   -0.493866
27   -0.47974
28   -0.46492
29   -0.449743
30   -0.434308
31   -0.418851
32   -0.403415
33   -0.388138
34   -0.373032
35   -0.358168
36   -0.34355
37   -0.329218
38   -0.315182
39   -0.301466
40   -0.288083
41   -0.275052
42   -0.262385
43   0.0337934
44   0.00133834
45   -0.0394769
46   -0.0830091
47   -0.132884
48   -0.181205
49   -0.23343
50   -0.280909
51   -0.330838
52   -0.37152
53   -0.412322
54   -0.445375
55   -0.476762
56   -0.502
57   -0.524377
58   -0.541592
59   -0.555475
60   -0.564712
61   -0.570646
62   -0.572838
63   -0.571825
64   -0.568139
65   -0.561426
66   -0.552772
67   -0.541499
68   -0.52903
69   -0.514571
70   -0.499757
71   -0.483637
72   -0.467668
73   -0.450983
74   -0.434712
75   -0.418179
76   -0.402117
77   -0.386072
78   -0.370462
79   -0.355033
80   -0.34
81   -0.325251
82   -0.310884
83   -0.29687
84   -0.283246
85   -0.270018
86   0.0692937
87   0.0389746
88   -0.00280061
89   -0.0490909
90   -0.101362
91   -0.154142
92   -0.208628
93   -0.260844
94   -0.312739
95   -0.360523
96   -0.404505
97   -0.44368
98   -0.478566
99   -0.50841
100   -0.5339
101   -0.554233
102   -0.570339
103   -0.581919
104   -0.589567
105   -0.593485
106   -0.593802
107   -0.590938
108   -0.584898
109   -0.576178
110   -0.5649
111   -0.551676
112   -0.536704
113   -0.520697
114   -0.503754
115   -0.486407
116   -0.468739
117   -0.451132
118   -0.433623
119   -0.416392
120   -0.399446
121   -0.382846
122   -0.3666
123   -0.350727
124   -0.335244
125   -0.320158
126   -0.305493
127   -0.291251
128   -0.277455
129   0.109072
130   0.0794895
131   0.0382355
132   -0.00927764
133   -0.0646629
134   -0.119456
135   -0.177765
136   -0.232181
137   -0.287589
138   -0.338644
139   -0.388752
140   -0.431082
141   -0.472603
142   -0.50492
143   -0.536625
144   -0.558898
145   -0.579599
146   -0.593454
147   -0.604286
148   -0.610663
149   -0.613053
150   -0.611988
151   -0.606876
152   -0.598959
153   -0.587643
154   -0.574439
155   -0.558635
156   -0.542143
157   -0.523925
158   -0.505664
159   -0.486543
160   -0.467885
161   -0.449049
162   -0.430805
163   -0.412731
164   -0.395207
165   -0.378012
166   -0.361316
167   -0.34503
168   -0.329224
169   -0.313878
170   -0.299015
171   -0.284641
172   0.152542
173   0.127437
174   0.086064
175   0.0385482
176   -0.0184325
177   -0.0761442
178   -0.136428
179   -0.19438
180   -0.25224
181   -0.306831
182   -0.358982
183   -0.406415
184   -0.45
185   -0.488477
186   -0.522764
187   -0.552186
188   -0.576815
189   -0.596782
190   -0.612036
191   -0.622558
192   -0.628651
193   -0.629852
194   -0.626989
195   -0.620086
196   -0.609763
197   -0.59681
198   -0.581176
199   -0.563872
200   -0.544992
201   -0.525269
202   -0.505019
203   -0.484787
204   -0.464799
205   -0.445174
206   -0.426052
207   -0.407384
208   -0.38927
209   -0.371634
210   -0.354556
211   -0.337973
212   -0.321953
213   -0.306447
214   -0.291509
215   0.197849
216   0.173988
217   0.13506
218   0.0868937
219   0.0292371
220   -0.0299019
221   -0.0923749
222   -0.152287
223   -0.212508
224   -0.269026
225   -0.323703
226   -0.373667
227   -0.420528
228   -0.46221
229   -0.500812
230   -0.534053
231   -0.565361
232   -0.588582
233   -0.611559
234   -0.624198
235   -0.63745
236   -0.640047
237   -0.642006
238   -0.636713
239   -0.628481
240   -0.617166
241   -0.601858
242   -0.584934
243   -0.565054
244   -0.544549
245   -0.522736
246   -0.501406
247   -0.479963
248   -0.45923
249   -0.438876
250   -0.419204
251   -0.400073
252   -0.38157
253   -0.363652
254   -0.346336
255   -0.329621
256   -0.313503
257   -0.297989
258   0.244446
259   0.226822
260   0.187629
261   0.140374
262   0.0818364
263   0.0210988
264   -0.0426884
265   -0.105001
266   -0.166958
267   -0.225864
268   -0.282425
269   -0.334964
270   -0.38398
271   -0.428577
272   -0.469409
273   -0.50584
274   -0.538815
275   -0.56699
276   -0.591398
277   -0.610918
278   -0.626434
279   -0.637534
280   -0.643659
281   -0.645579
282   -0.642073
283   -0.633999
284   -0.621353
285   -0.604379
286   -0.584489
287   -0.562835
288   -0.540101
289   -0.517161
290   -0.494639
291   -0.472467
292   -0.451101
293   -0.430275
294   -0.410265
295   -0.390839
296   -0.372173
297   -0.354107
298   -0.336761
299   -0.320026
300   -0.303989
301   0.290003
302   0.273781
303   0.238781
304   0.191851
305   0.133815
306   0.0725793
307   0.00759892
308   -0.0559171
309   -0.119631
310   -0.17996
311   -0.238492
312   -0.292614
313   -0.343807
314   -0.390156
315   -0.433182
316   -0.471421
317   -0.506246
318   -0.536825
319   -0.563739
320   -0.586698
321   -0.606386
322   -0.621918
323   -0.635701
324   -0.641453
325   -0.647418
326   -0.641247
327   -0.635288
328   -0.618927
329   -0.600103
330   -0.578756
331   -0.555043
332   -0.531526
333   -0.507725
334   -0.484603
335   -0.462134
336   -0.44043
337   -0.419519
338   -0.399339
339   -0.379927
340   -0.361224
341   -0.343255
342   -0.325985
343   -0.309422
344   0.333873
345   0.326138
346   0.291449
347   0.246547
348   0.189034
349   0.126548
350   0.0611437
351   -0.00409005
352   -0.068874
353   -0.131088
354   -0.190922
355   -0.246966
356   -0.299559
357   -0.347832
358   -0.392303
359   -0.432423
360   -0.468907
361   -0.50139
362   -0.530337
363   -0.555625
364   -0.577572
365   -0.59603
366   -0.61159
367   -0.622939
368   -0.630776
369   -0.633841
370   -0.631426
371   -0.62458
372   -0.609857
373   -0.590687
374   -0.5679
375   -0.54319
376   -0.518865
377   -0.49459
378   -0.471506
379   -0.448961
380   -0.427462
381   -0.406606
382   -0.386657
383   -0.367382
384   -0.34893
385   -0.331161
386   -0.314173
387   0.372875
388   0.365406
389   0.340471
390   0.299052
391   0.243248
392   0.180747
393   0.114344
394   0.0483164
395   -0.0178424
396   -0.0811144
397   -0.142493
398   -0.199701
399   -0.25388
400   -0.303384
401   -0.349402
402   -0.390838
403   -0.428795
404   -0.462678
405   -0.493201
406   -0.52007
407   -0.543755
408   -0.564009
409   -0.581157
410   -0.595326
411   -0.606031
412   -0.613569
413   -0.617918
414   -0.615774
415   -0.611821
416   -0.594582
417   -0.575587
418   -0.55128
419   -0.526688
420   -0.502184
421   -0.478658
422   -0.455747
423   -0.433798
424   -0.412553
425   -0.392168
426   -0.372516
427   -0.353652
428   -0.335522
429   -0.318137
430   0.408344
431   0.406583
432   0.386
433   0.353276
434   0.29736
435   0.234624
436   0.168445
437   0.101416
438   0.0346903
439   -0.0299912
440   -0.0922636
441   -0.150987
442   -0.206176
443   -0.257177
444   -0.304272
445   -0.347148
446   -0.386256
447   -0.421475
448   -0.4532
449   -0.481389
450   -0.506366
451   -0.528061
452   -0.546919
453   -0.562806
454   -0.575833
455   -0.585838
456   -0.592657
457   -0.595424
458   -0.594242
459   -0.587805
460   -0.572044
461   -0.552607
462   -0.529556
463   -0.505538
464   -0.482559
465   -0.45978
466   -0.437906
467   -0.416592
468   -0.396104
469   -0.376273
470   -0.357209
471   -0.338828
472   -0.321187
473   0.43984
474   0.440173
475   0.427216
476   0.397428
477   0.347596
478   0.286834
479   0.22086
480   0.153854
481   0.0863269
482   0.0210379
483   -0.0424041
484   -0.101952
485   -0.15839
486   -0.2103
487   -0.258611
488   -0.302446
489   -0.342686
490   -0.378882
491   -0.411679
492   -0.440921
493   -0.466992
494   -0.489974
495   -0.510014
496   -0.527481
497   -0.541967
498   -0.553969
499   -0.562562
500   -0.568417
501   -0.570029
502   -0.568262
503   -0.561156
504   -0.545445
505   -0.527068
506   -0.504885
507   -0.483105
508   -0.461019
509   -0.439637
510   -0.418628
511   -0.39831
512   -0.378558
513   -0.359468
514   -0.341012
515   -0.323213
516   0.467995
517   0.472814
518   0.465048
519   0.44499
520   0.395722
521   0.336873
522   0.272381
523   0.205469
524   0.138015
525   0.0718653
526   0.0079458
527   -0.0527579
528   -0.109872
529   -0.162979
530   -0.212057
531   -0.257038
532   -0.2981
533   -0.335356
534   -0.369033
535   -0.399308
536   -0.4264
537   -0.4505
538   -0.471815
539   -0.490498
540   -0.506538
541   -0.520003
542   -0.530655
543   -0.538518
544   -0.543004
545   -0.544176
546   -0.540311
547   -0.531753
548   -0.516371
549   -0.498471
550   -0.478744
551   -0.458595
552   -0.438287
553   -0.418214
554   -0.398439
555   -0.37912
556   -0.360243
557   -0.341916
558   -0.324105
559   0.492487
560   0.500223
561   0.498224
562   0.480191
563   0.439387
564   0.384313
565   0.32152
566   0.255604
567   0.188047
568   0.121839
569   0.0571603
570   -0.00398053
571   -0.0620433
572   -0.115744
573   -0.165788
574   -0.211447
575   -0.253431
576   -0.291431
577   -0.325998
578   -0.357133
579   -0.385153
580   -0.410309
581   -0.432639
582   -0.452595
583   -0.469809
584   -0.484864
585   -0.496981
586   -0.506876
587   -0.513277
588   -0.516928
589   -0.515922
590   -0.511067
591   -0.501016
592   -0.486784
593   -0.470438
594   -0.452503
595   -0.434052
596   -0.415228
597   -0.396461
598   -0.377813
599   -0.359438
600   -0.341403
601   -0.323771
602   0.513389
603   0.524592
604   0.527788
605   0.519703
606   0.480604
607   0.42954
608   0.369219
609   0.304274
610   0.237367
611   0.1708
612   0.106102
613   0.0441628
614   -0.0142159
615   -0.068844
616   -0.119364
617   -0.165957
618   -0.208527
619   -0.247439
620   -0.282711
621   -0.314776
622   -0.343675
623   -0.369843
624   -0.393271
625   -0.414357
626   -0.432921
627   -0.449317
628   -0.463115
629   -0.474664
630   -0.483125
631   -0.488912
632   -0.490551
633   -0.48891
634   -0.48196
635   -0.471796
636   -0.45834
637   -0.443324
638   -0.426836
639   -0.409832
640   -0.39227
641   -0.374691
642   -0.35698
643   -0.339512
644   -0.322157
645   0.530532
646   0.544675
647   0.552152
648   0.545849
649   0.517553
650   0.471974
651   0.414516
652   0.351177
653   0.284684
654   0.218607
655   0.153557
656   0.0916109
657   0.0325767
658   -0.0223219
659   -0.0735939
660   -0.120616
661   -0.163958
662   -0.203432
663   -0.239502
664   -0.27229
665   -0.302057
666   -0.329145
667   -0.353553
668   -0.37577
669   -0.395476
670   -0.41324
671   -0.428411
672   -0.441576
673   -0.451752
674   -0.459437
675   -0.463447
676   -0.46414
677   -0.460683
678   -0.453566
679   -0.44349
680   -0.431076
681   -0.417078
682   -0.401901
683   -0.385978
684   -0.369559
685   -0.352844
686   -0.336024
687   -0.319211
688   0.543845
689   0.56034
690   0.572347
691   0.575219
692   0.551306
693   0.513525
694   0.458504
695   0.396343
696   0.331038
697   0.264998
698   0.200435
699   0.138017
700   0.0790404
701   0.0234536
702   -0.028011
703   -0.07579
704   -0.119502
705   -0.159769
706   -0.196387
707   -0.230031
708   -0.260548
709   -0.288595
710   -0.31397
711   -0.337277
712   -0.35817
713   -0.377195
714   -0.393776
715   -0.408425
716   -0.420235
717   -0.429753
718   -0.435698
719   -0.438832
720   -0.437763
721   -0.433784
722   -0.426329
723   -0.41681
724   -0.405012
725   -0.392039
726   -0.377701
727   -0.362793
728   -0.347092
729   -0.331219
730   -0.314953
731   0.55346
732   0.572439
733   0.587106
734   0.592174
735   0.580895
736   0.549751
737   0.499531
738   0.439678
739   0.375263
740   0.310335
741   0.245794
742   0.183787
743   0.124403
744   0.0688516
745   0.0168225
746   -0.0311447
747   -0.0754892
748   -0.116135
749   -0.153458
750   -0.187684
751   -0.219012
752   -0.247853
753   -0.27417
754   -0.298474
755   -0.320461
756   -0.340668
757   -0.35853
758   -0.37453
759   -0.387887
760   -0.39896
761   -0.406896
762   -0.411938
763   -0.413514
764   -0.411948
765   -0.407375
766   -0.40026
767   -0.39099
768   -0.379994
769   -0.367587
770   -0.354105
771   -0.339742
772   -0.32478
773   -0.309373
774   0.559277
775   0.579935
776   0.597737
777   0.608626
778   0.605458
779   0.58802
780   0.539083
781   0.480531
782   0.418433
783   0.354017
784   0.290497
785   0.228289
786   0.169299
787   0.113266
788   0.0613191
789   0.0127684
790   -0.0317239
791   -0.0730303
792   -0.110729
793   -0.145717
794   -0.177656
795   -0.207384
796   -0.234535
797   -0.259862
798   -0.28288
799   -0.304258
800   -0.32332
801   -0.340673
802   -0.355401
803   -0.368105
804   -0.377657
805   -0.384773
806   -0.388333
807   -0.38932
808   -0.386987
809   -0.382472
810   -0.375308
811   -0.366556
812   -0.355852
813   -0.344098
814   -0.330949
815   -0.317204
816   -0.302552
817   0.561446
818   0.583836
819   0.604299
820   0.619506
821   0.62533
822   0.612371
823   0.573713
824   0.519926
825   0.459588
826   0.396937
827   0.333728
828   0.272272
829   0.213079
830   0.157376
831   0.105056
832   0.0565703
833   0.0116066
834   -0.0298801
835   -0.0681664
836   -0.103584
837   -0.13625
838   -0.166644
839   -0.194671
840   -0.220866
841   -0.24491
842   -0.26732
843   -0.287575
844   -0.30611
845   -0.322256
846   -0.336331
847   -0.347647
848   -0.356434
849   -0.3622
850   -0.365208
851   -0.365342
852   -0.36295
853   -0.358149
854   -0.35131
855   -0.3426
856   -0.332362
857   -0.320739
858   -0.308063
859   -0.294505
860   0.560157
861   0.583281
862   0.606743
863   0.626183
864   0.640126
865   0.641553
866   0.6052
867   0.555819
868   0.499035
869   0.437734
870   0.375971
871   0.31463
872   0.256173
873   0.200232
874   0.148302
875   0.0994424
876   0.0545796
877   0.0125964
878   -0.0258793
879   -0.061939
880   -0.0950706
881   -0.126259
882   -0.15499
883   -0.182125
884   -0.207065
885   -0.230558
886   -0.251867
887   -0.271654
888   -0.289018
889   -0.304589
890   -0.317345
891   -0.327975
892   -0.335471
893   -0.340672
894   -0.342753
895   -0.342676
896   -0.339802
897   -0.335114
898   -0.328082
899   -0.31964
900   -0.309318
901   -0.298022
902   -0.285357
903   0.555892
904   0.580429
905   0.605672
906   0.62944
907   0.648993
908   0.653223
909   0.631337
910   0.589388
911   0.536073
912   0.477327
913   0.416382
914   0.356288
915   0.297962
916   0.242741
917   0.190705
918   0.142212
919   0.097084
920   0.0551362
921   0.0162212
922   -0.0201151
923   -0.0538682
924   -0.0856009
925   -0.115123
926   -0.143012
927   -0.168899
928   -0.193312
929   -0.215728
930   -0.236585
931   -0.255263
932   -0.272089
933   -0.286446
934   -0.298581
935   -0.308012
936   -0.314978
937   -0.319224
938   -0.321029
939   -0.320326
940   -0.31742
941   -0.312342
942   -0.305408
943   -0.296693
944   -0.286545
945   -0.275133
946   0.548752
947   0.573079
948   0.600496
949   0.626383
950   0.652123
951   0.66896
952   0.652569
953   0.620274
954   0.570927
955   0.514197
956   0.455327
957   0.395792
958   0.338723
959   0.283602
960   0.232346
961   0.183745
962   0.138996
963   0.0967503
964   0.057835
965   0.0210021
966   -0.0130799
967   -0.0454927
968   -0.0756023
969   -0.10433
970   -0.130999
971   -0.156397
972   -0.179756
973   -0.201766
974   -0.221549
975   -0.239753
976   -0.255419
977   -0.269218
978   -0.280193
979   -0.2891
980   -0.295072
981   -0.298959
982   -0.300007
983   -0.299122
984   -0.295642
985   -0.290497
986   -0.283098
987   -0.274417
988   -0.26398
989   0.539334
990   0.564571
991   0.592256
992   0.620859
993   0.64844
994   0.667309
995   0.668408
996   0.645229
997   0.60207
998   0.549099
999   0.491821
1000   0.434316
1001   0.377845
1002   0.323937
1003   0.272913
1004   0.225009
1005   0.180245
1006   0.138248
1007   0.09907
1008   0.0621019
1009   0.0275308
1010   -0.00531502
1011   -0.0361018
1012   -0.0654803
1013   -0.0929866
1014   -0.119201
1015   -0.143558
1016   -0.166538
1017   -0.187516
1018   -0.206867
1019   -0.223979
1020   -0.23914
1021   -0.251836
1022   -0.262314
1023   -0.270217
1024   -0.275788
1025   -0.278825
1026   -0.279584
1027   -0.277979
1028   -0.274289
1029   -0.26852
1030   -0.261014
1031   -0.251926
1032   0.527617
1033   0.551878
1034   0.580441
1035   0.609292
1036   0.639573
1037   0.664163
1038   0.674789
1039   0.670177
1040   0.630427
1041   0.580165
1042   0.526402
1043   0.469977
1044   0.415422
1045   0.361985
1046   0.312182
1047   0.264483
1048   0.220383
1049   0.178325
1050   0.139326
1051   0.102043
1052   0.0672744
1053   0.0339039
1054   0.00264938
1055   -0.0274217
1056   -0.0555904
1057   -0.0826494
1058   -0.107828
1059   -0.131821
1060   -0.153784
1061   -0.174362
1062   -0.192649
1063   -0.209291
1064   -0.223365
1065   -0.235569
1066   -0.24501
1067   -0.25246
1068   -0.257088
1069   -0.259731
1070   -0.259627
1071   -0.25768
1072   -0.253205
1073   -0.247204
1074   -0.239133
1075   0.514194
1076   0.538522
1077   0.566023
1078   0.595591
1079   0.626262
1080   0.653938
1081   0.674591
1082   0.675974
1083   0.651738
1084   0.608845
1085   0.557887
1086   0.50424
1087   0.450732
1088   0.399012
1089   0.349845
1090   0.303178
1091   0.259367
1092   0.217758
1093   0.178721
1094   0.141442
1095   0.106373
1096   0.0726974
1097   0.0409438
1098   0.0103552
1099   -0.0184761
1100   -0.0462143
1101   -0.0722196
1102   -0.0970445
1103   -0.120029
1104   -0.141611
1105   -0.161154
1106   -0.178997
1107   -0.19458
1108   -0.208171
1109   -0.219328
1110   -0.228284
1111   -0.234727
1112   -0.238878
1113   -0.240549
1114   -0.239986
1115   -0.237125
1116   -0.232295
1117   -0.225627
1118   0.499188
1119   0.521817
1120   0.54903
1121   0.577234
1122   0.608659
1123   0.637541
1124   0.665289
1125   0.683249
1126   0.665265
1127   0.631978
1128   0.585534
1129   0.533944
1130   0.483177
1131   0.432526
1132   0.385109
1133   0.339087
1134   0.29624
1135   0.254898
1136   0.216232
1137   0.178908
1138   0.143807
1139   0.109857
1140   0.0778054
1141   0.0467646
1142   0.0174472
1143   -0.0109054
1144   -0.0375562
1145   -0.0631748
1146   -0.0869701
1147   -0.109562
1148   -0.130102
1149   -0.149203
1150   -0.165977
1151   -0.181067
1152   -0.193578
1153   -0.20421
1154   -0.212083
1155   -0.217974
1156   -0.22104
1157   -0.22215
1158   -0.22054
1159   -0.217217
1160   -0.211577
1161   0.48331
1162   0.505468
1163   0.530793
1164   0.558625
1165   0.588709
1166   0.61912
1167   0.64799
1168   0.66806
1169   0.671059
1170   0.647412
1171   0.607475
1172   0.560558
1173   0.511962
1174   0.463861
1175   0.417739
1176   0.373142
1177   0.331032
1178   0.29037
1179   0.252019
1180   0.2149
1181   0.17982
1182   0.145775
1183   0.113532
1184   0.0821944
1185   0.0525075
1186   0.0236965
1187   -0.00350361
1188   -0.02974
1189   -0.0542918
1190   -0.0776795
1191   -0.0992177
1192   -0.119311
1193   -0.137339
1194   -0.153612
1195   -0.167605
1196   -0.179557
1197   -0.189059
1198   -0.196314
1199   -0.201038
1200   -0.203447
1201   -0.203408
1202   -0.201228
1203   -0.197009
1204   0.46669
1205   0.486935
1206   0.511326
1207   0.537006
1208   0.566336
1209   0.595119
1210   0.625072
1211   0.649121
1212   0.66033
1213   0.658027
1214   0.623655
1215   0.580178
1216   0.535972
1217   0.489797
1218   0.446117
1219   0.402852
1220   0.362084
1221   0.322235
1222   0.284548
1223   0.247859
1224   0.213036
1225   0.179148
1226   0.146899
1227   0.115505
1228   0.0856171
1229   0.056553
1230   0.0289784
1231   0.00228026
1232   -0.0228266
1233   -0.046914
1234   -0.0692055
1235   -0.0902626
1236   -0.10925
1237   -0.126751
1238   -0.141884
1239   -0.155282
1240   -0.16604
1241   -0.174867
1242   -0.180865
1243   -0.184856
1244   -0.186004
1245   -0.185305
1246   -0.1821
1247   0.449917
1248   0.469437
1249   0.491649
1250   0.516169
1251   0.542907
1252   0.570746
1253   0.598444
1254   0.623248
1255   0.64124
1256   0.644248
1257   0.63014
1258   0.594581
1259   0.554425
1260   0.511606
1261   0.470244
1262   0.428902
1263   0.389642
1264   0.350878
1265   0.314144
1266   0.278059
1267   0.24382
1268   0.21023
1269   0.178291
1270   0.14697
1271   0.117163
1272   0.0879811
1273   0.0602633
1274   0.0332605
1275   0.0077696
1276   -0.016823
1277   -0.0397659
1278   -0.0615434
1279   -0.0814654
1280   -0.0998977
1281   -0.116233
1282   -0.130736
1283   -0.142902
1284   -0.15293
1285   -0.160442
1286   -0.165626
1287   -0.168276
1288   -0.168671
1289   -0.166876
1290   0.433041
1291   0.45078
1292   0.471757
1293   0.493869
1294   0.518896
1295   0.543843
1296   0.570022
1297   0.592977
1298   0.613514
1299   0.625723
1300   0.617671
1301   0.59789
1302   0.563389
1303   0.524753
1304   0.487016
1305   0.448483
1306   0.41124
1307   0.374328
1308   0.338839
1309   0.304005
1310   0.270551
1311   0.237796
1312   0.206325
1313   0.175522
1314   0.145935
1315   0.117
1316   0.089285
1317   0.0622657
1318   0.0365629
1319   0.0116768
1320   -0.0117027
1321   -0.0340701
1322   -0.0546597
1323   -0.0739839
1324   -0.0912022
1325   -0.106871
1326   -0.120086
1327   -0.131481
1328   -0.140121
1329   -0.146764
1330   -0.150515
1331   -0.152338
1332   -0.151519
1333   0.41645
1334   0.433392
1335   0.452317
1336   0.472976
1337   0.495212
1338   0.518375
1339   0.541374
1340   0.563415
1341   0.581757
1342   0.595295
1343   0.597713
1344   0.585169
1345   0.563371
1346   0.53057
1347   0.497603
1348   0.462053
1349   0.427777
1350   0.392834
1351   0.359384
1352   0.325903
1353   0.293885
1354   0.262052
1355   0.231587
1356   0.201382
1357   0.172462
1358   0.143861
1359   0.116516
1360   0.0895923
1361   0.0639687
1362   0.0389417
1363   0.0153383
1364   -0.00741371
1365   -0.0285453
1366   -0.0484974
1367   -0.0665733
1368   -0.0830884
1369   -0.0974391
1370   -0.109837
1371   -0.119806
1372   -0.127513
1373   -0.132665
1374   -0.135507
1375   -0.136057
1376   0.400118
1377   0.415587
1378   0.433279
1379   0.451819
1380   0.472273
1381   0.492794
1382   0.513946
1383   0.533465
1384   0.551004
1385   0.563853
1386   0.569166
1387   0.565985
1388   0.549317
1389   0.525975
1390   0.497873
1391   0.46772
1392   0.436646
1393   0.405131
1394   0.373875
1395   0.342744
1396   0.312264
1397   0.282103
1398   0.252716
1399   0.223706
1400   0.195519
1401   0.16774
1402   0.140843
1403   0.114415
1404   0.0889811
1405   0.0641327
1406   0.040464
1407   0.017563
1408   -0.00389237
1409   -0.0243329
1410   -0.0429855
1411   -0.0603213
1412   -0.0754695
1413   -0.0889749
1414   -0.0998901
1415   -0.108891
1416   -0.115031
1417   -0.119217
1418   -0.120678
1419   0.384244
1420   0.398931
1421   0.414925
1422   0.432071
1423   0.450182
1424   0.468908
1425   0.487344
1426   0.505184
1427   0.520345
1428   0.532751
1429   0.538594
1430   0.538961
1431   0.530034
1432   0.513138
1433   0.491849
1434   0.466488
1435   0.440055
1436   0.411798
1437   0.383775
1438   0.354923
1439   0.326779
1440   0.298248
1441   0.270587
1442   0.242747
1443   0.215835
1444   0.188875
1445   0.162886
1446   0.136984
1447   0.112126
1448   0.0875334
1449   0.064113
1450   0.0412017
1451   0.0196533
1452   -0.00106629
1453   -0.0201669
1454   -0.0380423
1455   -0.0539853
1456   -0.0682516
1457   -0.0802532
1458   -0.0901516
1459   -0.0975509
1460   -0.102655
1461   -0.105412
1462   0.36876
1463   0.382285
1464   0.397172
1465   0.412624
1466   0.429172
1467   0.445782
1468   0.462531
1469   0.478265
1470   0.492333
1471   0.50367
1472   0.510512
1473   0.512708
1474   0.507311
1475   0.496179
1476   0.479648
1477   0.459703
1478   0.437194
1479   0.413082
1480   0.388
1481   0.362243
1482   0.336283
1483   0.310085
1484   0.28405
1485   0.257987
1486   0.23228
1487   0.206668
1488   0.18155
1489   0.156635
1490   0.132361
1491   0.108423
1492   0.085318
1493   0.0627258
1494   0.0412232
1495   0.0204686
1496   0.00113887
1497   -0.0171445
1498   -0.0335841
1499   -0.0486244
1500   -0.0613449
1501   -0.0723161
1502   -0.0805548
1503   -0.0868821
1504   -0.0904551
1505   0.353745
1506   0.366526
1507   0.380073
1508   0.3943
1509   0.409024
1510   0.424073
1511   0.438759
1512   0.45298
1513   0.465354
1514   0.47596
1515   0.482725
1516   0.485961
1517   0.48369
1518   0.476248
1519   0.464447
1520   0.448641
1521   0.430519
1522   0.409894
1523   0.388371
1524   0.365334
1525   0.342174
1526   0.318061
1527   0.294226
1528   0.269757
1529   0.245783
1530   0.221382
1531   0.197618
1532   0.173599
1533   0.150348
1534   0.127031
1535   0.104629
1536   0.0823931
1537   0.0612625
1538   0.0405946
1539   0.0212759
1540   0.00279939
1541   -0.0140194
1542   -0.0295262
1543   -0.0430117
1544   -0.0546673
1545   -0.0639685
1546   -0.0710756
1547   -0.07584
1548   0.339138
1549   0.350989
1550   0.36357
1551   0.37647
1552   0.389894
1553   0.403304
1554   0.416593
1555   0.429182
1556   0.44053
1557   0.450125
1558   0.456908
1559   0.460652
1560   0.460034
1561   0.455473
1562   0.446772
1563   0.434807
1564   0.419997
1565   0.403035
1566   0.384416
1567   0.364499
1568   0.343712
1569   0.322162
1570   0.30022
1571   0.277837
1572   0.255359
1573   0.232651
1574   0.210058
1575   0.1874
1576   0.165044
1577   0.142783
1578   0.121025
1579   0.0995434
1580   0.0788075
1581   0.0585674
1582   0.0393795
1583   0.020962
1584   0.0039906
1585   -0.0118706
1586   -0.0257903
1587   -0.0382121
1588   -0.0481583
1589   -0.0563185
1590   -0.0617676
1591   0.324959
1592   0.336107
1593   0.347634
1594   0.35949
1595   0.37152
1596   0.383651
1597   0.395394
1598   0.40674
1599   0.416794
1600   0.425635
1601   0.432036
1602   0.43611
1603   0.436775
1604   0.434123
1605   0.428159
1606   0.41899
1607   0.407415
1608   0.393318
1609   0.377787
1610   0.360411
1611   0.342333
1612   0.322909
1613   0.303267
1614   0.282623
1615   0.262079
1616   0.240778
1617   0.219803
1618   0.198274
1619   0.177256
1620   0.15588
1621   0.135194
1622   0.114368
1623   0.0944253
1624   0.0746068
1625   0.0558966
1626   0.0376424
1627   0.0207723
1628   0.00478737
1629   -0.00947277
1630   -0.0223045
1631   -0.0330291
1632   -0.0417859
1633   -0.0482766
1634   0.311173
1635   0.321554
1636   0.332247
1637   0.343062
1638   0.354034
1639   0.364906
1640   0.375528
1641   0.385609
1642   0.394768
1643   0.402715
1644   0.40884
1645   0.412926
1646   0.414329
1647   0.413054
1648   0.408878
1649   0.402074
1650   0.392811
1651   0.38142
1652   0.368232
1653   0.353483
1654   0.337528
1655   0.320475
1656   0.302663
1657   0.284096
1658   0.265094
1659   0.245594
1660   0.225908
1661   0.205929
1662   0.185977
1663   0.16592
1664   0.146097
1665   0.12636
1666   0.107082
1667   0.0880994
1668   0.0698403
1669   0.052119
1670   0.0354512
1671   0.0196132
1672   0.00526231
1673   -0.00790355
1674   -0.0190145
1675   -0.028573
1676   -0.0355745
1677   0.297781
1678   0.307509
1679   0.317362
1680   0.327309
1681   0.33722
1682   0.347079
1683   0.356538
1684   0.36564
1685   0.373787
1686   0.381069
1687   0.386713
1688   0.390804
1689   0.392664
1690   0.392326
1691   0.389606
1692   0.384484
1693   0.377311
1694   0.367928
1695   0.357044
1696   0.344299
1697   0.330595
1698   0.315377
1699   0.299644
1700   0.282688
1701   0.26556
1702   0.247449
1703   0.229433
1704   0.210643
1705   0.192171
1706   0.173123
1707   0.154594
1708   0.135696
1709   0.117519
1710   0.0992009
1711   0.0818188
1712   0.0645658
1713   0.0484879
1714   0.032878
1715   0.0187195
1716   0.00548546
1717   -0.0059692
1718   -0.0158772
1719   -0.0237066
1720   0.28477
1721   0.293851
1722   0.302994
1723   0.312124
1724   0.321197
1725   0.330101
1726   0.338691
1727   0.346823
1728   0.354239
1729   0.360765
1730   0.366049
1731   0.369914
1732   0.372016
1733   0.372248
1734   0.370449
1735   0.366637
1736   0.360876
1737   0.353259
1738   0.344001
1739   0.333197
1740   0.321123
1741   0.307836
1742   0.293628
1743   0.278502
1744   0.262752
1745   0.246337
1746   0.229547
1747   0.212313
1748   0.194922
1749   0.177289
1750   0.159706
1751   0.142078
1752   0.124711
1753   0.107505
1754   0.0907852
1755   0.07445
1756   0.0588603
1757   0.0439025
1758   0.0300062
1759   0.0170189
1760   0.00552177
1761   -0.00477155
1762   -0.0128865
1763   0.272138
1764   0.280626
1765   0.289095
1766   0.297523
1767   0.305794
1768   0.313924
1769   0.321647
1770   0.329038
1771   0.33566
1772   0.341636
1773   0.346418
1774   0.350117
1775   0.352248
1776   0.35285
1777   0.351717
1778   0.348787
1779   0.344227
1780   0.337833
1781   0.330104
1782   0.32067
1783   0.310267
1784   0.298358
1785   0.285835
1786   0.27202
1787   0.257903
1788   0.242699
1789   0.22746
1790   0.211329
1791   0.195395
1792   0.178758
1793   0.16253
1794   0.145791
1795   0.129667
1796   0.113236
1797   0.0976318
1798   0.0819405
1799   0.0673024
1800   0.0528257
1801   0.0396468
1802   0.0269222
1803   0.0157501
1804   0.00542965
1805   -0.003168
1806   0.259881
1807   0.267812
1808   0.275691
1809   0.283479
1810   0.291113
1811   0.298526
1812   0.305608
1813   0.312262
1814   0.318323
1815   0.323662
1816   0.328076
1817   0.331422
1818   0.333507
1819   0.334213
1820   0.333433
1821   0.331115
1822   0.327268
1823   0.321906
1824   0.315136
1825   0.307008
1826   0.297684
1827   0.287223
1828   0.275809
1829   0.26349
1830   0.250457
1831   0.236741
1832   0.222532
1833   0.20785
1834   0.192879
1835   0.177632
1836   0.162293
1837   0.146872
1838   0.131556
1839   0.116355
1840   0.101462
1841   0.0868932
1842   0.0728473
1843   0.0593511
1844   0.0466113
1845   0.0346674
1846   0.0237344
1847   0.0138657
1848   0.00525685
