##### Y Mean #####
0   0.00419153
1   -0.0281389
2   -0.0660423
3   -0.107976
4   -0.153085
5   -0.199458
6   -0.246423
7   -0.292149
8   -0.336037
9   -0.375877
10   -0.412151
11   -0.44406
12   -0.472126
13   -0.496017
14   -0.516035
15   -0.532061
16   -0.544297
17   -0.552735
18   -0.557674
19   -0.559297
20   -0.557904
21   -0.553816
22   -0.547229
23   -0.538494
24   -0.527806
25   -0.51558
26   -0.502042
27   -0.487637
28   -0.472525
29   -0.457059
30   -0.441333
31   -0.425594
32   -0.409883
33   -0.394341
34   -0.378978
35   -0.363865
36   -0.349007
37   -0.334442
38   -0.32018
39   -0.306244
40   -0.292649
41   -0.279411
42   -0.266544
43   0.0346725
44   0.00186875
45   -0.0394086
46   -0.0834694
47   -0.133992
48   -0.183011
49   -0.236068
50   -0.284362
51   -0.33525
52   -0.376684
53   -0.418314
54   -0.452029
55   -0.484082
56   -0.509876
57   -0.53276
58   -0.550394
59   -0.56462
60   -0.574113
61   -0.580216
62   -0.582513
63   -0.581511
64   -0.577799
65   -0.570963
66   -0.56216
67   -0.550651
68   -0.537943
69   -0.523177
70   -0.508076
71   -0.491624
72   -0.475352
73   -0.458338
74   -0.441772
75   -0.424931
76   -0.40859
77   -0.392263
78   -0.376391
79   -0.360702
80   -0.345422
81   -0.330432
82   -0.315833
83   -0.301593
84   -0.287751
85   -0.274313
86   0.0707249
87   0.0401176
88   -0.00208783
89   -0.0488884
90   -0.101785
91   -0.155254
92   -0.210548
93   -0.2636
94   -0.316441
95   -0.365145
96   -0.41002
97   -0.450027
98   -0.485687
99   -0.516222
100   -0.542328
101   -0.563172
102   -0.579706
103   -0.591619
104   -0.599513
105   -0.603596
106   -0.603988
107   -0.601127
108   -0.595004
109   -0.586134
110   -0.574636
111   -0.561146
112   -0.545862
113   -0.529526
114   -0.512232
115   -0.494534
116   -0.476512
117   -0.458562
118   -0.440721
119   -0.423173
120   -0.405921
121   -0.38903
122   -0.372504
123   -0.35636
124   -0.340619
125   -0.325282
126   -0.310377
127   -0.295903
128   -0.281885
129   0.111096
130   0.081277
131   0.0396507
132   -0.00832663
133   -0.0643127
134   -0.119756
135   -0.178853
136   -0.234085
137   -0.290423
138   -0.342448
139   -0.393581
140   -0.436821
141   -0.47931
142   -0.512388
143   -0.544913
144   -0.567761
145   -0.58904
146   -0.603322
147   -0.614512
148   -0.621158
149   -0.623696
150   -0.622715
151   -0.617554
152   -0.609528
153   -0.597989
154   -0.584533
155   -0.568385
156   -0.551556
157   -0.532938
158   -0.514299
159   -0.494768
160   -0.475736
161   -0.456519
162   -0.437927
163   -0.419509
164   -0.401666
165   -0.384161
166   -0.367172
167   -0.350604
168   -0.334529
169   -0.318925
170   -0.303815
171   -0.289206
172   0.155181
173   0.129935
174   0.0882486
175   0.0403449
176   -0.0171801
177   -0.0754914
178   -0.136523
179   -0.195264
180   -0.254052
181   -0.309607
182   -0.362787
183   -0.411224
184   -0.455804
185   -0.495218
186   -0.530397
187   -0.56064
188   -0.585995
189   -0.606602
190   -0.622389
191   -0.633327
192   -0.639719
193   -0.641075
194   -0.638253
195   -0.63128
196   -0.620784
197   -0.607584
198   -0.59162
199   -0.573941
200   -0.55464
201   -0.534476
202   -0.513776
203   -0.493105
204   -0.472695
205   -0.452667
206   -0.433165
207   -0.414135
208   -0.395681
209   -0.37772
210   -0.360335
211   -0.34346
212   -0.327164
213   -0.311393
214   -0.296207
215   0.201089
216   0.177136
217   0.137991
218   0.089495
219   0.0313771
220   -0.0283194
221   -0.0914745
222   -0.152152
223   -0.213244
224   -0.270709
225   -0.326384
226   -0.377375
227   -0.425262
228   -0.467954
229   -0.507557
230   -0.541739
231   -0.574013
232   -0.597979
233   -0.62178
234   -0.63491
235   -0.64874
236   -0.651545
237   -0.653716
238   -0.648431
239   -0.640101
240   -0.628612
241   -0.612978
242   -0.595694
243   -0.575343
244   -0.554366
245   -0.532033
246   -0.510221
247   -0.488294
248   -0.467115
249   -0.446332
250   -0.426261
251   -0.40675
252   -0.387892
253   -0.369638
254   -0.352006
255   -0.334993
256   -0.318594
257   -0.302816
258   0.248261
259   0.230628
260   0.191277
261   0.143787
262   0.0848465
263   0.0236314
264   -0.0407943
265   -0.10381
266   -0.166609
267   -0.226408
268   -0.28395
269   -0.33749
270   -0.387542
271   -0.433163
272   -0.475025
273   -0.512451
274   -0.546415
275   -0.5755
276   -0.600767
277   -0.62104
278   -0.637223
279   -0.648882
280   -0.655404
281   -0.657598
282   -0.654188
283   -0.646049
284   -0.633178
285   -0.615826
286   -0.595459
287   -0.573274
288   -0.549978
289   -0.52648
290   -0.503428
291   -0.480746
292   -0.458907
293   -0.437633
294   -0.417209
295   -0.397391
296   -0.378362
297   -0.359953
298   -0.342289
299   -0.325254
300   -0.30894
301   0.294347
302   0.278153
303   0.24308
304   0.195968
305   0.137622
306   0.0759586
307   0.0104236
308   -0.0537522
309   -0.118233
310   -0.179414
311   -0.238868
312   -0.293962
313   -0.346158
314   -0.393524
315   -0.437571
316   -0.47682
317   -0.512635
318   -0.544186
319   -0.572016
320   -0.595849
321   -0.616359
322   -0.632623
323   -0.64714
324   -0.653302
325   -0.659747
326   -0.65357
327   -0.647644
328   -0.63092
329   -0.611643
330   -0.589772
331   -0.565443
332   -0.541338
333   -0.516943
334   -0.493266
335   -0.470273
336   -0.448081
337   -0.426717
338   -0.406114
339   -0.386309
340   -0.36724
341   -0.348931
342   -0.331344
343   -0.314488
344   0.338702
345   0.331049
346   0.296334
347   0.251333
348   0.193562
349   0.130739
350   0.0648317
351   -0.000981422
352   -0.0664825
353   -0.129475
354   -0.190185
355   -0.247141
356   -0.300704
357   -0.349954
358   -0.395431
359   -0.436542
360   -0.474027
361   -0.507485
362   -0.537391
363   -0.563597
364   -0.586426
365   -0.605703
366   -0.622039
367   -0.634039
368   -0.642421
369   -0.645871
370   -0.643636
371   -0.636809
372   -0.6218
373   -0.602169
374   -0.578792
375   -0.553425
376   -0.528474
377   -0.503583
378   -0.479942
379   -0.456867
380   -0.434887
381   -0.413576
382   -0.393211
383   -0.373546
384   -0.354738
385   -0.336635
386   -0.319341
387   0.378139
388   0.370781
389   0.345868
390   0.304384
391   0.248406
392   0.185619
393   0.118805
394   0.0522546
395   -0.0145347
396   -0.0785278
397   -0.140705
398   -0.198774
399   -0.253859
400   -0.304304
401   -0.351281
402   -0.393691
403   -0.432621
404   -0.46748
405   -0.498957
406   -0.526765
407   -0.551349
408   -0.572463
409   -0.59041
410   -0.605332
411   -0.61669
412   -0.624794
413   -0.629617
414   -0.627673
415   -0.623884
416   -0.606243
417   -0.586795
418   -0.561832
419   -0.536586
420   -0.511445
421   -0.487333
422   -0.463868
423   -0.441412
424   -0.419691
425   -0.39887
426   -0.378812
427   -0.359573
428   -0.341097
429   -0.323393
430   0.413996
431   0.41239
432   0.39185
433   0.359105
434   0.303066
435   0.240128
436   0.173593
437   0.106127
438   0.0388299
439   -0.0264896
440   -0.0895023
441   -0.149011
442   -0.205056
443   -0.256936
444   -0.304954
445   -0.348757
446   -0.388817
447   -0.42498
448   -0.457654
449   -0.486767
450   -0.512651
451   -0.535212
452   -0.554906
453   -0.571577
454   -0.585329
455   -0.595976
456   -0.603349
457   -0.606522
458   -0.605601
459   -0.59922
460   -0.583132
461   -0.563225
462   -0.539573
463   -0.514922
464   -0.491369
465   -0.46803
466   -0.445644
467   -0.423844
468   -0.402911
469   -0.382662
470   -0.363217
471   -0.344478
472   -0.326511
473   0.445824
474   0.446323
475   0.433446
476   0.403666
477   0.353768
478   0.292849
479   0.226602
480   0.159216
481   0.0912061
482   0.0253415
483   -0.0387565
484   -0.099031
485   -0.15625
486   -0.208989
487   -0.25816
488   -0.302885
489   -0.344027
490   -0.381143
491   -0.414852
492   -0.445008
493   -0.471966
494   -0.495824
495   -0.516697
496   -0.534977
497   -0.550207
498   -0.562908
499   -0.572093
500   -0.578469
501   -0.580443
502   -0.578919
503   -0.57185
504   -0.555811
505   -0.537014
506   -0.514261
507   -0.491941
508   -0.469314
509   -0.447429
510   -0.42594
511   -0.405177
512   -0.385008
513   -0.365531
514   -0.346715
515   -0.328582
516   0.474261
517   0.479277
518   0.471599
519   0.451577
520   0.402285
521   0.343345
522   0.278631
523   0.211419
524   0.143541
525   0.0768984
526   0.0123844
527   -0.0489667
528   -0.106805
529   -0.16067
530   -0.210561
531   -0.256374
532   -0.298302
533   -0.33643
534   -0.370994
535   -0.402149
536   -0.43012
537   -0.455077
538   -0.477235
539   -0.496728
540   -0.51354
541   -0.527722
542   -0.539025
543   -0.547458
544   -0.552406
545   -0.553922
546   -0.550211
547   -0.54162
548   -0.525929
549   -0.507626
550   -0.487434
551   -0.46681
552   -0.446034
553   -0.425509
554   -0.405305
555   -0.385579
556   -0.366322
557   -0.347636
558   -0.329492
559   0.498982
560   0.506915
561   0.505034
562   0.48706
563   0.446268
564   0.391137
565   0.328191
566   0.262027
567   0.194127
568   0.127487
569   0.0622959
570   0.00056793
571   -0.0581417
572   -0.112547
573   -0.163335
574   -0.209781
575   -0.252572
576   -0.291409
577   -0.326818
578   -0.358809
579   -0.387676
580   -0.413683
581   -0.436836
582   -0.457611
583   -0.475595
584   -0.491396
585   -0.504182
586   -0.514703
587   -0.521611
588   -0.525687
589   -0.524928
590   -0.520181
591   -0.51003
592   -0.495535
593   -0.47885
594   -0.46052
595   -0.441666
596   -0.422432
597   -0.403267
598   -0.384234
599   -0.365492
600   -0.347109
601   -0.329147
602   0.520068
603   0.531489
604   0.534804
605   0.526792
606   0.487735
607   0.436663
608   0.376231
609   0.311106
610   0.243911
611   0.176989
612   0.111837
613   0.0493863
614   -0.00958223
615   -0.064844
616   -0.116057
617   -0.163374
618   -0.206711
619   -0.246406
620   -0.282489
621   -0.315371
622   -0.345098
623   -0.37209
624   -0.396338
625   -0.418229
626   -0.437576
627   -0.454722
628   -0.469224
629   -0.481422
630   -0.490447
631   -0.496712
632   -0.498686
633   -0.497259
634   -0.49032
635   -0.480043
636   -0.466353
637   -0.451048
638   -0.434225
639   -0.416872
640   -0.398952
641   -0.381022
642   -0.362966
643   -0.345166
644   -0.327491
645   0.53735
646   0.551706
647   0.559323
648   0.55311
649   0.524871
650   0.479304
651   0.42179
652   0.358316
653   0.291607
654   0.225228
655   0.1598
656   0.0973997
657   0.0378489
658   -0.0176295
659   -0.0695274
660   -0.117226
661   -0.161274
662   -0.201494
663   -0.238325
664   -0.271902
665   -0.30246
666   -0.330357
667   -0.35556
668   -0.378581
669   -0.399058
670   -0.417586
671   -0.433466
672   -0.44731
673   -0.458078
674   -0.466288
675   -0.470695
676   -0.471674
677   -0.468347
678   -0.461223
679   -0.451032
680   -0.43842
681   -0.424171
682   -0.408708
683   -0.392481
684   -0.375749
685   -0.358719
686   -0.341588
687   -0.324471
688   0.550766
689   0.567488
690   0.579631
691   0.582596
692   0.558755
693   0.521012
694   0.465968
695   0.403731
696   0.338256
697   0.271982
698   0.207094
699   0.144292
700   0.0848516
701   0.0287521
702   -0.0232889
703   -0.0716833
704   -0.11606
705   -0.157019
706   -0.194364
707   -0.228754
708   -0.260039
709   -0.288862
710   -0.315022
711   -0.339113
712   -0.360779
713   -0.380562
714   -0.397866
715   -0.413204
716   -0.425635
717   -0.43571
718   -0.4421
719   -0.445583
720   -0.444715
721   -0.44083
722   -0.433346
723   -0.423725
724   -0.41175
725   -0.398563
726   -0.383973
727   -0.368799
728   -0.352817
729   -0.336661
730   -0.320108
731   0.560446
732   0.579644
733   0.594464
734   0.599635
735   0.588423
736   0.557323
737   0.50712
738   0.447227
739   0.382702
740   0.317587
741   0.252787
742   0.190447
743   0.130667
744   0.074653
745   0.0221111
746   -0.0264253
747   -0.0713764
748   -0.112676
749   -0.150676
750   -0.185618
751   -0.217673
752   -0.24727
753   -0.274342
754   -0.299418
755   -0.322161
756   -0.343125
757   -0.361707
758   -0.378407
759   -0.392397
760   -0.404051
761   -0.41247
762   -0.417905
763   -0.419754
764   -0.418354
765   -0.413841
766   -0.4067
767   -0.397333
768   -0.386185
769   -0.373586
770   -0.359884
771   -0.345278
772   -0.330062
773   -0.314393
774   0.566299
775   0.587184
776   0.605135
777   0.616133
778   0.613024
779   0.595626
780   0.546735
781   0.488192
782   0.426021
783   0.361475
784   0.297741
785   0.235262
786   0.175924
787   0.119491
788   0.0670773
789   0.0180151
790   -0.0270421
791   -0.0689501
792   -0.107292
793   -0.142951
794   -0.17559
795   -0.206039
796   -0.233926
797   -0.26
798   -0.283765
799   -0.305885
800   -0.325668
801   -0.343718
802   -0.35909
803   -0.372389
804   -0.38245
805   -0.389999
806   -0.393879
807   -0.395098
808   -0.392889
809   -0.388423
810   -0.381225
811   -0.372389
812   -0.361544
813   -0.34962
814   -0.336267
815   -0.322302
816   -0.30741
817   0.568475
818   0.591082
819   0.611703
820   0.627015
821   0.632897
822   0.619985
823   0.581382
824   0.527624
825   0.467261
826   0.404518
827   0.341153
828   0.279471
829   0.21999
830   0.163932
831   0.111204
832   0.0622509
833   0.0167767
834   -0.0252726
835   -0.0641531
836   -0.100209
837   -0.133534
838   -0.164623
839   -0.193353
840   -0.220275
841   -0.245041
842   -0.268183
843   -0.289145
844   -0.308374
845   -0.325165
846   -0.339845
847   -0.35169
848   -0.360936
849   -0.367069
850   -0.370356
851   -0.370677
852   -0.368391
853   -0.363622
854   -0.356753
855   -0.34796
856   -0.337595
857   -0.32581
858   -0.312945
859   -0.299177
860   0.56717
861   0.590516
862   0.614128
863   0.633678
864   0.647664
865   0.649118
866   0.612842
867   0.563519
868   0.506734
869   0.445388
870   0.383507
871   0.321993
872   0.263291
873   0.207051
874   0.154755
875   0.105481
876   0.060148
877   0.017652
878   -0.0213823
879   -0.0580359
880   -0.0917963
881   -0.123641
882   -0.153051
883   -0.180882
884   -0.206527
885   -0.230729
886   -0.252734
887   -0.273204
888   -0.291211
889   -0.307391
890   -0.320687
891   -0.331801
892   -0.339692
893   -0.345216
894   -0.347528
895   -0.347614
896   -0.344822
897   -0.34016
898   -0.33309
899   -0.324569
900   -0.314121
901   -0.302672
902   -0.289821
903   0.562866
904   0.587614
905   0.613011
906   0.636879
907   0.656479
908   0.660745
909   0.638918
910   0.597031
911   0.543749
912   0.484986
913   0.423972
914   0.363742
915   0.305224
916   0.249745
917   0.197396
918   0.148529
919   0.102982
920   0.0605592
921   0.021133
922   -0.0157627
923   -0.0501018
924   -0.0824607
925   -0.112625
926   -0.141186
927   -0.167746
928   -0.19285
929   -0.215941
930   -0.237469
931   -0.256782
932   -0.274216
933   -0.289122
934   -0.301754
935   -0.311607
936   -0.318927
937   -0.323449
938   -0.325458
939   -0.324887
940   -0.322051
941   -0.316984
942   -0.31001
943   -0.301209
944   -0.290939
945   -0.279372
946   0.555667
947   0.580209
948   0.607772
949   0.633764
950   0.65954
951   0.67639
952   0.660062
953   0.627831
954   0.578533
955   0.521824
956   0.462913
957   0.40329
958   0.346064
959   0.290733
960   0.239203
961   0.190277
962   0.145146
963   0.102473
964   0.0630819
965   0.0257342
966   -0.00890121
967   -0.0418998
968   -0.0726228
969   -0.101987
970   -0.129307
971   -0.155367
972   -0.179382
973   -0.202044
974   -0.222454
975   -0.241259
976   -0.257476
977   -0.271784
978   -0.283198
979   -0.292488
980   -0.298764
981   -0.302896
982   -0.304114
983   -0.303343
984   -0.299912
985   -0.294768
986   -0.287316
987   -0.278547
988   -0.26798
989   0.546172
990   0.571614
991   0.599449
992   0.62815
993   0.655777
994   0.674666
995   0.675792
996   0.652667
997   0.609573
998   0.55664
999   0.499361
1000   0.441797
1001   0.385214
1002   0.331131
1003   0.279881
1004   0.231689
1005   0.18659
1006   0.144203
1007   0.104595
1008   0.0671472
1009   0.0320659
1010   -0.00133295
1011   -0.0326937
1012   -0.0626799
1013   -0.0908026
1014   -0.117655
1015   -0.142642
1016   -0.166256
1017   -0.187845
1018   -0.207789
1019   -0.225452
1020   -0.241125
1021   -0.254275
1022   -0.265154
1023   -0.273391
1024   -0.279236
1025   -0.282481
1026   -0.283388
1027   -0.28187
1028   -0.278214
1029   -0.272428
1030   -0.264862
1031   -0.255675
1032   0.534365
1033   0.558831
1034   0.58754
1035   0.616496
1036   0.646819
1037   0.671426
1038   0.682061
1039   0.677465
1040   0.637793
1041   0.587596
1042   0.533851
1043   0.477405
1044   0.422767
1045   0.369198
1046   0.319201
1047   0.271259
1048   0.226859
1049   0.184456
1050   0.145062
1051   0.107343
1052   0.0720983
1053   0.0382162
1054   0.00641924
1055   -0.0242217
1056   -0.0529788
1057   -0.0806429
1058   -0.10643
1059   -0.131033
1060   -0.153592
1061   -0.17475
1062   -0.193582
1063   -0.210738
1064   -0.225274
1065   -0.237894
1066   -0.247689
1067   -0.255442
1068   -0.260303
1069   -0.263129
1070   -0.263142
1071   -0.261264
1072   -0.2568
1073   -0.25077
1074   -0.242622
1075   0.520836
1076   0.545361
1077   0.573012
1078   0.602683
1079   0.633407
1080   0.661098
1081   0.681743
1082   0.683138
1083   0.658955
1084   0.616128
1085   0.565215
1086   0.511569
1087   0.458016
1088   0.406194
1089   0.356874
1090   0.309996
1091   0.265929
1092   0.224009
1093   0.184622
1094   0.146942
1095   0.11144
1096   0.0772868
1097   0.0450312
1098   0.0139045
1099   -0.0154789
1100   -0.0437944
1101   -0.0703778
1102   -0.0957913
1103   -0.11935
1104   -0.141499
1105   -0.161579
1106   -0.179933
1107   -0.195983
1108   -0.21
1109   -0.221529
1110   -0.230806
1111   -0.23751
1112   -0.241869
1113   -0.243689
1114   -0.243221
1115   -0.240401
1116   -0.235566
1117   -0.22885
1118   0.505714
1119   0.528542
1120   0.555901
1121   0.584216
1122   0.615695
1123   0.644602
1124   0.672327
1125   0.690259
1126   0.672326
1127   0.639102
1128   0.592713
1129   0.541152
1130   0.490362
1131   0.439645
1132   0.392102
1133   0.34591
1134   0.302838
1135   0.261226
1136   0.222243
1137   0.184561
1138   0.149061
1139   0.114674
1140   0.0821536
1141   0.0506135
1142   0.0207742
1143   -0.00812117
1144   -0.0353243
1145   -0.061504
1146   -0.0858543
1147   -0.108995
1148   -0.130062
1149   -0.149668
1150   -0.166909
1151   -0.182433
1152   -0.195325
1153   -0.206297
1154   -0.21445
1155   -0.220574
1156   -0.22381
1157   -0.225045
1158   -0.223499
1159   -0.220199
1160   -0.214531
1161   0.489707
1162   0.512057
1163   0.537533
1164   0.565476
1165   0.595625
1166   0.626061
1167   0.65492
1168   0.674967
1169   0.677964
1170   0.654365
1171   0.614492
1172   0.567616
1173   0.519024
1174   0.470879
1175   0.424668
1176   0.379928
1177   0.337631
1178   0.296733
1179   0.258105
1180   0.220662
1181   0.185223
1182   0.150777
1183   0.118104
1184   0.0863003
1185   0.0561286
1186   0.0268044
1187   -0.000915874
1188   -0.0276888
1189   -0.052771
1190   -0.0766908
1191   -0.098741
1192   -0.119332
1193   -0.137825
1194   -0.154533
1195   -0.168917
1196   -0.18122
1197   -0.191021
1198   -0.198526
1199   -0.203446
1200   -0.205999
1201   -0.20605
1202   -0.203913
1203   -0.199692
1204   0.472949
1205   0.493386
1206   0.517927
1207   0.543726
1208   0.573125
1209   0.601947
1210   0.631893
1211   0.655921
1212   0.667114
1213   0.664805
1214   0.630498
1215   0.58708
1216   0.54289
1217   0.496699
1218   0.452951
1219   0.409576
1220   0.36865
1221   0.328601
1222   0.290669
1223   0.253694
1224   0.218545
1225   0.184294
1226   0.151649
1227   0.119826
1228   0.089484
1229   0.0599418
1230   0.0318743
1231   0.00466938
1232   -0.020946
1233   -0.0455438
1234   -0.0683327
1235   -0.0898763
1236   -0.109323
1237   -0.127259
1238   -0.142787
1239   -0.156546
1240   -0.167614
1241   -0.17671
1242   -0.18292
1243   -0.187078
1244   -0.188335
1245   -0.187703
1246   -0.184514
1247   0.456028
1248   0.475733
1249   0.498099
1250   0.522738
1251   0.549557
1252   0.577443
1253   0.605153
1254   0.629944
1255   0.647912
1256   0.650912
1257   0.63682
1258   0.601313
1259   0.56119
1260   0.51837
1261   0.476966
1262   0.435538
1263   0.396152
1264   0.357216
1265   0.320273
1266   0.283934
1267   0.249406
1268   0.215485
1269   0.183188
1270   0.15147
1271   0.121245
1272   0.0916151
1273   0.0634374
1274   0.0359537
1275   0.00998122
1276   -0.0151018
1277   -0.0385237
1278   -0.0607754
1279   -0.0811479
1280   -0.100012
1281   -0.116744
1282   -0.131613
1283   -0.144102
1284   -0.15441
1285   -0.162153
1286   -0.16752
1287   -0.1703
1288   -0.170778
1289   -0.169022
1290   0.438995
1291   0.456919
1292   0.478047
1293   0.500286
1294   0.5254
1295   0.550408
1296   0.57661
1297   0.599571
1298   0.620085
1299   0.63227
1300   0.624231
1301   0.604469
1302   0.570003
1303   0.531381
1304   0.493616
1305   0.455021
1306   0.417673
1307   0.380619
1308   0.344947
1309   0.309892
1310   0.276179
1311   0.243129
1312   0.211329
1313   0.180165
1314   0.150191
1315   0.120841
1316   0.0926942
1317   0.0652244
1318   0.0390635
1319   0.0137114
1320   -0.0101297
1321   -0.0329554
1322   -0.0539857
1323   -0.0737359
1324   -0.0913495
1325   -0.107388
1326   -0.120931
1327   -0.132619
1328   -0.141501
1329   -0.148345
1330   -0.152241
1331   -0.154168
1332   -0.153401
1333   0.422241
1334   0.43936
1335   0.458438
1336   0.479223
1337   0.501558
1338   0.524789
1339   0.54783
1340   0.569888
1341   0.588229
1342   0.601751
1343   0.604161
1344   0.591629
1345   0.569845
1346   0.53706
1347   0.504077
1348   0.468481
1349   0.434122
1350   0.39906
1351   0.365455
1352   0.331779
1353   0.299534
1354   0.267434
1355   0.236674
1356   0.206138
1357   0.176865
1358   0.147878
1359   0.120133
1360   0.0927852
1361   0.0667317
1362   0.0412602
1363   0.0172169
1364   -0.00597804
1365   -0.027537
1366   -0.0479072
1367   -0.0663748
1368   -0.0832595
1369   -0.0979434
1370   -0.110641
1371   -0.120865
1372   -0.128783
1373   -0.134098
1374   -0.137059
1375   -0.137681
1376   0.405739
1377   0.421383
1378   0.439225
1379   0.457895
1380   0.478451
1381   0.499052
1382   0.520256
1383   0.539807
1384   0.557357
1385   0.570206
1386   0.575515
1387   0.572331
1388   0.555676
1389   0.53234
1390   0.504227
1391   0.474037
1392   0.442894
1393   0.411279
1394   0.379889
1395   0.348589
1396   0.317906
1397   0.287508
1398   0.257853
1399   0.228544
1400   0.20003
1401   0.171899
1402   0.144628
1403   0.117806
1404   0.0919662
1405   0.0666994
1406   0.0426101
1407   0.0192856
1408   -0.0025839
1409   -0.0234314
1410   -0.0424694
1411   -0.0601731
1412   -0.0756554
1413   -0.0894672
1414   -0.100644
1415   -0.109871
1416   -0.116185
1417   -0.120507
1418   -0.122051
1419   0.38969
1420   0.404545
1421   0.420688
1422   0.437964
1423   0.456183
1424   0.474994
1425   0.493496
1426   0.511379
1427   0.526569
1428   0.538985
1429   0.544838
1430   0.545203
1431   0.53628
1432   0.519384
1433   0.498084
1434   0.472691
1435   0.446202
1436   0.417859
1437   0.389721
1438   0.360719
1439   0.332398
1440   0.303653
1441   0.275754
1442   0.24764
1443   0.220432
1444   0.193146
1445   0.166814
1446   0.140543
1447   0.115307
1448   0.0903187
1449   0.0665017
1450   0.0431846
1451   0.0212393
1452   0.00012436
1453   -0.0193527
1454   -0.0375912
1455   -0.0538683
1456   -0.0684429
1457   -0.0807145
1458   -0.0908461
1459   -0.0984337
1460   -0.103683
1461   -0.106543
1462   0.374028
1463   0.387715
1464   0.402748
1465   0.418331
1466   0.434988
1467   0.451691
1468   0.468511
1469   0.484301
1470   0.498407
1471   0.509768
1472   0.516625
1473   0.518827
1474   0.513436
1475   0.502302
1476   0.48576
1477   0.465787
1478   0.443229
1479   0.419043
1480   0.39386
1481   0.367973
1482   0.341854
1483   0.315467
1484   0.289215
1485   0.262907
1486   0.236928
1487   0.211019
1488   0.185582
1489   0.160327
1490   0.135699
1491   0.111392
1492   0.0879106
1493   0.0649347
1494   0.0430511
1495   0.0219166
1496   0.0022204
1497   -0.0164188
1498   -0.033189
1499   -0.0485393
1500   -0.0615324
1501   -0.0727466
1502   -0.0811807
1503   -0.0876688
1504   -0.091353
1505   0.358832
1506   0.371768
1507   0.385458
1508   0.399813
1509   0.41465
1510   0.429794
1511   0.444561
1512   0.458843
1513   0.471267
1514   0.481906
1515   0.488697
1516   0.491945
1517   0.489683
1518   0.482241
1519   0.470431
1520   0.454599
1521   0.436436
1522   0.415745
1523   0.394135
1524   0.370981
1525   0.347682
1526   0.323399
1527   0.299371
1528   0.274678
1529   0.25046
1530   0.225783
1531   0.20173
1532   0.177395
1533   0.153817
1534   0.130152
1535   0.1074
1536   0.084799
1537   0.063308
1538   0.0422747
1539   0.0226034
1540   0.00377989
1541   -0.0133639
1542   -0.0291783
1543   -0.0429397
1544   -0.0548416
1545   -0.0643491
1546   -0.0716243
1547   -0.076515
1548   0.344041
1549   0.356042
1550   0.368762
1551   0.381789
1552   0.395324
1553   0.408833
1554   0.422206
1555   0.434864
1556   0.446267
1557   0.455905
1558   0.462719
1559   0.466483
1560   0.465879
1561   0.461321
1562   0.452613
1563   0.440628
1564   0.425781
1565   0.408762
1566   0.390065
1567   0.370046
1568   0.349134
1569   0.327432
1570   0.305315
1571   0.282731
1572   0.260029
1573   0.237072
1574   0.214212
1575   0.191264
1576   0.168604
1577   0.146021
1578   0.123933
1579   0.102111
1580   0.0810319
1581   0.0604457
1582   0.0409185
1583   0.0221665
1584   0.00487773
1585   -0.0112868
1586   -0.0254811
1587   -0.038154
1588   -0.0483104
1589   -0.0566503
1590   -0.0622323
1591   0.32968
1592   0.340971
1593   0.352631
1594   0.364611
1595   0.376753
1596   0.388983
1597   0.400813
1598   0.412233
1599   0.422349
1600   0.431237
1601   0.437677
1602   0.441776
1603   0.442461
1604   0.439814
1605   0.433848
1606   0.424661
1607   0.413055
1608   0.398907
1609   0.383309
1610   0.365842
1611   0.347653
1612   0.328092
1613   0.308295
1614   0.287466
1615   0.266721
1616   0.245191
1617   0.223974
1618   0.202176
1619   0.180879
1620   0.159203
1621   0.138212
1622   0.117065
1623   0.0968019
1624   0.0766538
1625   0.0576225
1626   0.0390461
1627   0.0218701
1628   0.00558845
1629   -0.00894335
1630   -0.0220256
1631   -0.0329667
1632   -0.0419075
1633   -0.0485435
1634   0.315711
1635   0.326229
1636   0.337049
1637   0.347985
1638   0.359066
1639   0.370038
1640   0.380747
1641   0.390905
1642   0.400129
1643   0.408128
1644   0.414296
1645   0.418414
1646   0.419839
1647   0.418574
1648   0.414398
1649   0.407581
1650   0.398291
1651   0.386856
1652   0.373608
1653   0.358778
1654   0.342722
1655   0.325548
1656   0.307593
1657   0.288861
1658   0.269675
1659   0.249968
1660   0.230057
1661   0.209834
1662   0.189623
1663   0.169291
1664   0.149182
1665   0.129148
1666   0.109569
1667   0.0902782
1668   0.0717135
1669   0.0536875
1670   0.0367252
1671   0.0206011
1672   0.00598441
1673   -0.00743045
1674   -0.0187582
1675   -0.0285083
1676   -0.0356588
1677   0.302138
1678   0.311996
1679   0.321971
1680   0.332034
1681   0.342052
1682   0.352009
1683   0.361557
1684   0.370736
1685   0.37895
1686   0.386287
1687   0.391978
1688   0.396102
1689   0.397989
1690   0.397663
1691   0.394948
1692   0.389814
1693   0.38262
1694   0.373197
1695   0.36226
1696   0.349442
1697   0.33565
1698   0.32032
1699   0.30446
1700   0.287352
1701   0.270058
1702   0.251756
1703   0.233537
1704   0.214521
1705   0.195813
1706   0.176508
1707   0.157718
1708   0.138541
1709   0.120086
1710   0.101478
1711   0.0838114
1712   0.0662683
1713   0.049913
1714   0.0340276
1715   0.0196134
1716   0.00613543
1717   -0.00553579
1718   -0.0156361
1719   -0.0236236
1720   0.288948
1721   0.298151
1722   0.307411
1723   0.316653
1724   0.325829
1725   0.334828
1726   0.343504
1727   0.351713
1728   0.359197
1729   0.36578
1730   0.371111
1731   0.375013
1732   0.377142
1733   0.37739
1734   0.375597
1735   0.371778
1736   0.365997
1737   0.358346
1738   0.349039
1739   0.33817
1740   0.326015
1741   0.312627
1742   0.298302
1743   0.28304
1744   0.267135
1745   0.250549
1746   0.23357
1747   0.21613
1748   0.19852
1749   0.180653
1750   0.162825
1751   0.144943
1752   0.127314
1753   0.109841
1754   0.0928529
1755   0.0762485
1756   0.0603952
1757   0.0451789
1758   0.0310369
1759   0.0178155
1760   0.00610627
1761   -0.0043808
1762   -0.0126543
1763   0.276139
1764   0.284743
1765   0.293323
1766   0.301856
1767   0.310227
1768   0.318449
1769   0.326256
1770   0.333722
1771   0.340412
1772   0.346443
1773   0.351274
1774   0.35501
1775   0.35717
1776   0.357788
1777   0.356664
1778   0.353727
1779   0.349151
1780   0.342725
1781   0.334954
1782   0.325459
1783   0.314983
1784   0.30298
1785   0.290352
1786   0.27641
1787   0.262154
1788   0.24679
1789   0.231381
1790   0.215058
1791   0.198925
1792   0.182069
1793   0.165619
1794   0.14864
1795   0.132279
1796   0.115596
1797   0.0997457
1798   0.0838003
1799   0.0689191
1800   0.0541966
1801   0.040789
1802   0.0278395
1803   0.0164654
1804   0.00595512
1805   -0.00280502
1806   0.263709
1807   0.271749
1808   0.279734
1809   0.287621
1810   0.295349
1811   0.302849
1812   0.310012
1813   0.316738
1814   0.322864
1815   0.328259
1816   0.33272
1817   0.336103
1818   0.338216
1819   0.33894
1820   0.338167
1821   0.335845
1822   0.331983
1823   0.326593
1824   0.319782
1825   0.311599
1826   0.302206
1827   0.291661
1828   0.280147
1829   0.267713
1830   0.25455
1831   0.240689
1832   0.22632
1833   0.211463
1834   0.196306
1835   0.18086
1836   0.165313
1837   0.149674
1838   0.134134
1839   0.118704
1840   0.103579
1841   0.0887777
1842   0.0745021
1843   0.0607803
1844   0.0478231
1845   0.0356714
1846   0.0245444
1847   0.0144973
1848   0.00572946
