##### Y Mean #####
0   -0.00213087
1   -0.00979005
2   -0.0185893
3   -0.0281128
4   -0.0380737
5   -0.0479398
6   -0.0575383
7   -0.0665235
8   -0.074859
9   -0.0823533
10   -0.0890493
11   -0.0948504
12   -0.0998355
13   -0.103963
14   -0.107325
15   -0.109912
16   -0.111818
17   -0.113051
18   -0.113701
19   -0.113788
20   -0.113393
21   -0.112541
22   -0.111306
23   -0.109714
24   -0.107828
25   -0.105674
26   -0.103305
27   -0.100746
28   -0.0980396
29   -0.0952085
30   -0.0922873
31   -0.0892948
32   -0.0862584
33   -0.0831937
34   -0.0801218
35   -0.0770556
36   -0.0740107
37   -0.0709975
38   -0.0680273
39   -0.0651084
40   -0.0622488
41   -0.059455
42   -0.0567326
43   0.00404312
44   -0.00395534
45   -0.0137644
46   -0.0240454
47   -0.0355075
48   -0.0461615
49   -0.0571314
50   -0.0667561
51   -0.0761748
52   -0.0841266
53   -0.0916263
54   -0.0977229
55   -0.103278
56   -0.107569
57   -0.111314
58   -0.113959
59   -0.116099
60   -0.117311
61   -0.118081
62   -0.118088
63   -0.117727
64   -0.116755
65   -0.115491
66   -0.113752
67   -0.111793
68   -0.109479
69   -0.107009
70   -0.104285
71   -0.10146
72   -0.098465
73   -0.0954156
74   -0.0922651
75   -0.0890968
76   -0.0858821
77   -0.0826789
78   -0.0794717
79   -0.0762986
80   -0.0731537
81   -0.0700603
82   -0.0670189
83   -0.0640424
84   -0.0611349
85   -0.0583032
86   0.0115289
87   0.00373372
88   -0.00659682
89   -0.0178491
90   -0.0302357
91   -0.0423688
92   -0.0542353
93   -0.0651939
94   -0.0753296
95   -0.0843381
96   -0.0923643
97   -0.0992547
98   -0.105171
99   -0.110034
100   -0.114003
101   -0.117041
102   -0.119296
103   -0.120758
104   -0.121558
105   -0.121704
106   -0.121312
107   -0.120396
108   -0.119056
109   -0.117314
110   -0.115251
111   -0.11289
112   -0.110299
113   -0.1075
114   -0.104546
115   -0.101458
116   -0.0982785
117   -0.095024
118   -0.091727
119   -0.0884027
120   -0.0850745
121   -0.0817556
122   -0.0784623
123   -0.0752058
124   -0.0719972
125   -0.068846
126   -0.0657593
127   -0.0627454
128   -0.059809
129   0.0201354
130   0.01222
131   0.00162668
132   -0.0103399
133   -0.0239024
134   -0.0369453
135   -0.0501931
136   -0.0619902
137   -0.0733359
138   -0.0830238
139   -0.0920193
140   -0.0994244
141   -0.106081
142   -0.11131
143   -0.115822
144   -0.119099
145   -0.121733
146   -0.123329
147   -0.124376
148   -0.124576
149   -0.124328
150   -0.123406
151   -0.122135
152   -0.120344
153   -0.118293
154   -0.115858
155   -0.113239
156   -0.110348
157   -0.107339
158   -0.104151
159   -0.100898
160   -0.0975386
161   -0.094157
162   -0.0907272
163   -0.0873071
164   -0.0838833
165   -0.0804936
166   -0.0771335
167   -0.073826
168   -0.0705727
169   -0.0673863
170   -0.0642723
171   -0.0612378
172   0.0298296
173   0.0225991
174   0.0115796
175   -0.000886003
176   -0.0153585
177   -0.0296835
178   -0.0438471
179   -0.0569849
180   -0.0691514
181   -0.0800165
182   -0.0896964
183   -0.0980642
184   -0.105258
185   -0.111238
186   -0.116147
187   -0.119986
188   -0.122893
189   -0.124892
190   -0.126112
191   -0.126587
192   -0.126431
193   -0.125686
194   -0.124448
195   -0.122758
196   -0.120699
197   -0.118309
198   -0.115653
199   -0.112768
200   -0.109704
201   -0.106492
202   -0.103172
203   -0.0997691
204   -0.0963122
205   -0.0928241
206   -0.0893235
207   -0.0858303
208   -0.0823561
209   -0.078918
210   -0.0755225
211   -0.0721847
212   -0.0689073
213   -0.0657046
214   -0.0625775
215   0.0403105
216   0.0331524
217   0.0221557
218   0.00905669
219   -0.00621143
220   -0.0212791
221   -0.0366149
222   -0.0505517
223   -0.0639076
224   -0.0755341
225   -0.0862784
226   -0.0953052
227   -0.103386
228   -0.109895
229   -0.115505
230   -0.119744
231   -0.123183
232   -0.125466
233   -0.127074
234   -0.127738
235   -0.127854
236   -0.127224
237   -0.126167
238   -0.124537
239   -0.122591
240   -0.120221
241   -0.117628
242   -0.114735
243   -0.111695
244   -0.108456
245   -0.105133
246   -0.101689
247   -0.0982076
248   -0.0946678
249   -0.091126
250   -0.0875724
251   -0.0840433
252   -0.0805369
253   -0.0770749
254   -0.0736614
255   -0.0703084
256   -0.0670238
257   -0.0638153
258   0.0514765
259   0.0456808
260   0.0341899
261   0.0207092
262   0.00474929
263   -0.0113777
264   -0.027438
265   -0.0425904
266   -0.0567256
267   -0.0695389
268   -0.0810341
269   -0.091117
270   -0.0998538
271   -0.107245
272   -0.113388
273   -0.11833
274   -0.122179
275   -0.125004
276   -0.126912
277   -0.127981
278   -0.128309
279   -0.127973
280   -0.127058
281   -0.125638
282   -0.123782
283   -0.121555
284   -0.119013
285   -0.116213
286   -0.113198
287   -0.110014
288   -0.106692
289   -0.103274
290   -0.0997776
291   -0.0962388
292   -0.0926676
293   -0.0890944
294   -0.0855225
295   -0.0819787
296   -0.0784613
297   -0.0749949
298   -0.0715747
299   -0.0682245
300   -0.0649394
301   0.0627442
302   0.0571774
303   0.0463053
304   0.0325098
305   0.0160674
306   -0.000546824
307   -0.0175679
308   -0.0334096
309   -0.0486564
310   -0.0622399
311   -0.0748266
312   -0.0856466
313   -0.0953563
314   -0.103388
315   -0.110345
316   -0.115808
317   -0.12031
318   -0.12354
319   -0.125956
320   -0.12733
321   -0.128044
322   -0.127932
323   -0.127307
324   -0.126047
325   -0.124403
326   -0.12229
327   -0.119902
328   -0.117179
329   -0.114271
330   -0.111137
331   -0.107886
332   -0.104494
333   -0.101039
334   -0.097507
335   -0.0939513
336   -0.0903666
337   -0.0867873
338   -0.0832148
339   -0.0796693
340   -0.0761577
341   -0.0726912
342   -0.0692813
343   -0.0659365
344   0.073865
345   0.07068
346   0.0595322
347   0.0456782
348   0.0290721
349   0.0114721
350   -0.00604838
351   -0.0230085
352   -0.0389635
353   -0.0537039
354   -0.0670536
355   -0.0789634
356   -0.0893889
357   -0.0983757
358   -0.105951
359   -0.112211
360   -0.117218
361   -0.121092
362   -0.123908
363   -0.12579
364   -0.126814
365   -0.127099
366   -0.126711
367   -0.125757
368   -0.124295
369   -0.122417
370   -0.120166
371   -0.117622
372   -0.114816
373   -0.111816
374   -0.108638
375   -0.105342
376   -0.101935
377   -0.0984669
378   -0.0949358
379   -0.0913859
380   -0.0878089
381   -0.0842443
382   -0.0806796
383   -0.0771514
384   -0.0736453
385   -0.0701978
386   -0.0667959
387   0.0838106
388   0.0805377
389   0.072149
390   0.0591417
391   0.0424575
392   0.0244909
393   0.00604657
394   -0.011561
395   -0.0285748
396   -0.0440739
397   -0.0585048
398   -0.071176
399   -0.0826058
400   -0.0922845
401   -0.100734
402   -0.107585
403   -0.113322
404   -0.117682
405   -0.121092
406   -0.123365
407   -0.124866
408   -0.125462
409   -0.125454
410   -0.124748
411   -0.123587
412   -0.121907
413   -0.119895
414   -0.117509
415   -0.114891
416   -0.112014
417   -0.108982
418   -0.10578
419   -0.102481
420   -0.0990794
421   -0.0956233
422   -0.0921132
423   -0.0885799
424   -0.0850292
425   -0.0814788
426   -0.0779392
427   -0.0744207
428   -0.0709389
429   -0.0675038
430   0.0929654
431   0.0913417
432   0.0841069
433   0.0734471
434   0.0564824
435   0.0379018
436   0.0191513
437   0.000629649
438   -0.0169991
439   -0.0335615
440   -0.0487187
441   -0.0624508
442   -0.0745968
443   -0.0852444
444   -0.0943394
445   -0.102029
446   -0.10832
447   -0.113384
448   -0.117255
449   -0.120109
450   -0.121989
451   -0.12306
452   -0.123364
453   -0.123047
454   -0.122143
455   -0.12078
456   -0.118981
457   -0.116854
458   -0.11441
459   -0.111744
460   -0.108853
461   -0.105818
462   -0.10263
463   -0.0993557
464   -0.0959792
465   -0.0925604
466   -0.0890766
467   -0.0855823
468   -0.0820514
469   -0.0785355
470   -0.0750079
471   -0.0715207
472   -0.0680513
473   0.101162
474   0.100092
475   0.0951697
476   0.0853722
477   0.069914
478   0.0516583
479   0.0324164
480   0.0134888
481   -0.005017
482   -0.0222335
483   -0.0383875
484   -0.0528326
485   -0.0659506
486   -0.077278
487   -0.0872513
488   -0.0955479
489   -0.102599
490   -0.108185
491   -0.112699
492   -0.115996
493   -0.118415
494   -0.11986
495   -0.120613
496   -0.120613
497   -0.120085
498   -0.118991
499   -0.117507
500   -0.115609
501   -0.113429
502   -0.110955
503   -0.108282
504   -0.105406
505   -0.102393
506   -0.0992444
507   -0.0960037
508   -0.0926767
509   -0.08929
510   -0.0858538
511   -0.0823829
512   -0.0788918
513   -0.0753894
514   -0.0718964
515   -0.0684244
516   0.108588
517   0.108826
518   0.105507
519   0.0986526
520   0.0832142
521   0.0651752
522   0.046067
523   0.0266256
524   0.00770608
525   -0.0103861
526   -0.0271532
527   -0.0425603
528   -0.056329
529   -0.0685792
530   -0.0791695
531   -0.0882965
532   -0.0959016
533   -0.10221
534   -0.10721
535   -0.111126
536   -0.113965
537   -0.115938
538   -0.117057
539   -0.117508
540   -0.117298
541   -0.116591
542   -0.115385
543   -0.113817
544   -0.111878
545   -0.109685
546   -0.107217
547   -0.104576
548   -0.101733
549   -0.0987763
550   -0.0956698
551   -0.0924916
552   -0.0892024
553   -0.0858731
554   -0.0824624
555   -0.0790381
556   -0.0755597
557   -0.0720971
558   -0.0686165
559   0.115144
560   0.116293
561   0.114744
562   0.108529
563   0.0956011
564   0.0785808
565   0.059571
566   0.0400733
567   0.0205558
568   0.00200469
569   -0.0155992
570   -0.0315955
571   -0.0462421
572   -0.059099
573   -0.0705203
574   -0.08022
575   -0.0885727
576   -0.0954004
577   -0.101056
578   -0.105435
579   -0.108846
580   -0.111231
581   -0.112848
582   -0.113666
583   -0.113893
584   -0.113513
585   -0.112688
586   -0.111412
587   -0.109804
588   -0.107866
589   -0.105684
590   -0.103263
591   -0.100661
592   -0.0978861
593   -0.0949756
594   -0.091941
595   -0.0888033
596   -0.0855774
597   -0.0822742
598   -0.0789129
599   -0.0755005
600   -0.0720631
601   -0.0686141
602   0.120821
603   0.122996
604   0.123112
605   0.120013
606   0.107614
607   0.0916968
608   0.0731901
609   0.0535394
610   0.0338369
611   0.0146307
612   -0.00340919
613   -0.0202189
614   -0.035394
615   -0.0490821
616   -0.0610447
617   -0.071526
618   -0.080394
619   -0.0879282
620   -0.0940597
621   -0.0990673
622   -0.102914
623   -0.105857
624   -0.107872
625   -0.109188
626   -0.109778
627   -0.109841
628   -0.109347
629   -0.108464
630   -0.107155
631   -0.105564
632   -0.103645
633   -0.101524
634   -0.0991483
635   -0.0966266
636   -0.0939034
637   -0.0910747
638   -0.0880823
639   -0.0850149
640   -0.0818136
641   -0.0785644
642   -0.075211
643   -0.0718428
644   -0.0684136
645   0.125563
646   0.128702
647   0.130103
648   0.127598
649   0.118671
650   0.104439
651   0.0865289
652   0.0670831
653   0.0470399
654   0.0276114
655   0.00893207
656   -0.00829423
657   -0.024216
658   -0.0383967
659   -0.0511087
660   -0.0620921
661   -0.0716629
662   -0.0796802
663   -0.0864536
664   -0.0919169
665   -0.0963458
666   -0.0997173
667   -0.102261
668   -0.103978
669   -0.105049
670   -0.105486
671   -0.105428
672   -0.104889
673   -0.103972
674   -0.102692
675   -0.101122
676   -0.0992762
677   -0.0972028
678   -0.0949179
679   -0.0924493
680   -0.0898145
681   -0.087028
682   -0.0841091
683   -0.0810643
684   -0.0779172
685   -0.0746726
686   -0.0713626
687   -0.0680023
688   0.129305
689   0.133165
690   0.136
691   0.136276
692   0.128921
693   0.117348
694   0.0999304
695   0.0804603
696   0.060504
697   0.0406309
698   0.0217356
699   0.00385829
700   -0.0124407
701   -0.0273405
702   -0.0404901
703   -0.052181
704   -0.0622
705   -0.0708817
706   -0.078096
707   -0.0841749
708   -0.0890325
709   -0.0929735
710   -0.0959319
711   -0.0981753
712   -0.0996436
713   -0.100567
714   -0.100884
715   -0.10079
716   -0.100222
717   -0.0993454
718   -0.0980915
719   -0.0966047
720   -0.0948109
721   -0.0928372
722   -0.0906065
723   -0.0882331
724   -0.0856386
725   -0.0829296
726   -0.0800285
727   -0.0770398
728   -0.0738906
729   -0.0706906
730   -0.0673805
731   0.13207
732   0.136759
733   0.140441
734   0.141561
735   0.138128
736   0.128541
737   0.112666
738   0.0937901
739   0.0737571
740   0.0539317
741   0.034591
742   0.016476
743   -0.000436066
744   -0.0157008
745   -0.0295023
746   -0.0416033
747   -0.0522587
748   -0.0613649
749   -0.0691847
750   -0.0756923
751   -0.0811238
752   -0.0854928
753   -0.0889947
754   -0.0916597
755   -0.0936408
756   -0.0949726
757   -0.0957693
758   -0.0960644
759   -0.0959392
760   -0.0954239
761   -0.0945728
762   -0.093413
763   -0.0919776
764   -0.0902908
765   -0.0883701
766   -0.0862384
767   -0.0839024
768   -0.0813859
769   -0.0786901
770   -0.0758429
771   -0.0728465
772   -0.0697389
773   -0.0665369
774   0.133799
775   0.139018
776   0.143748
777   0.146625
778   0.145914
779   0.140864
780   0.125229
781   0.106584
782   0.0871032
783   0.0670927
784   0.0477636
785   0.0291534
786   0.0120154
787   -0.00385071
788   -0.0179716
789   -0.0306889
790   -0.0417059
791   -0.0514146
792   -0.0596226
793   -0.0667138
794   -0.0725523
795   -0.0774857
796   -0.0814053
797   -0.0846136
798   -0.0870134
799   -0.0888631
800   -0.0900691
801   -0.0908516
802   -0.0911166
803   -0.0910527
804   -0.090564
805   -0.0898143
806   -0.0887055
807   -0.0873826
808   -0.0857461
809   -0.0839277
810   -0.081828
811   -0.0795709
812   -0.0770597
813   -0.0744168
814   -0.0715525
815   -0.0685965
816   -0.0654764
817   0.13453
818   0.140365
819   0.145976
820   0.150377
821   0.15235
822   0.148576
823   0.136417
824   0.119294
825   0.100159
826   0.0804785
827   0.060882
828   0.0421995
829   0.0245809
830   0.00848823
831   -0.00617232
832   -0.0191895
833   -0.0307571
834   -0.0408149
835   -0.0495742
836   -0.0570534
837   -0.0634418
838   -0.0687916
839   -0.0732556
840   -0.0768956
841   -0.0798274
842   -0.0821107
843   -0.0838285
844   -0.0850339
845   -0.0857827
846   -0.0861199
847   -0.0860798
848   -0.0857002
849   -0.0849985
850   -0.0840066
851   -0.0827297
852   -0.0811964
853   -0.0794042
854   -0.0773811
855   -0.075122
856   -0.0726589
857   -0.0699908
858   -0.0671616
859   -0.0641895
860   0.134294
861   0.140353
862   0.147001
863   0.152716
864   0.157306
865   0.158168
866   0.146762
867   0.131108
868   0.112971
869   0.0934697
870   0.0740786
871   0.0550795
872   0.0374
873   0.0208461
874   0.00600682
875   -0.00751445
876   -0.0193388
877   -0.0299192
878   -0.0390004
879   -0.0470163
880   -0.0537795
881   -0.0596748
882   -0.0645504
883   -0.0687361
884   -0.0720985
885   -0.0749176
886   -0.0770685
887   -0.0787898
888   -0.0799602
889   -0.0807848
890   -0.0811432
891   -0.0812146
892   -0.0808785
893   -0.0802945
894   -0.0793421
895   -0.0781676
896   -0.0766516
897   -0.0749333
898   -0.0728971
899   -0.0706821
900   -0.0681817
901   -0.0655451
902   -0.0626866
903   0.133246
904   0.139832
905   0.147029
906   0.15417
907   0.160411
908   0.162099
909   0.155578
910   0.142369
911   0.12524
912   0.106386
913   0.0869793
914   0.0681375
915   0.05016
916   0.0335595
917   0.0183237
918   0.00463628
919   -0.00763236
920   -0.0184732
921   -0.0280364
922   -0.036391
923   -0.0436668
924   -0.0499587
925   -0.0553658
926   -0.0599837
927   -0.0638826
928   -0.0671489
929   -0.0698283
930   -0.0719948
931   -0.0736744
932   -0.0749283
933   -0.0757674
934   -0.0762413
935   -0.0763492
936   -0.0761315
937   -0.0755793
938   -0.0747266
939   -0.0735605
940   -0.0721129
941   -0.0703714
942   -0.0683715
943   -0.0661088
944   -0.063632
945   -0.0609606
946   0.131381
947   0.137888
948   0.14582
949   0.153577
950   0.161755
951   0.167365
952   0.162806
953   0.153075
954   0.137046
955   0.11862
956   0.0997067
957   0.0807633
958   0.0629556
959   0.0460632
960   0.0308215
961   0.0167633
962   0.00435829
963   -0.00690945
964   -0.0167206
965   -0.0255508
966   -0.0331629
967   -0.0399666
968   -0.0457703
969   -0.0509197
970   -0.0552493
971   -0.0590509
972   -0.0621734
973   -0.0648658
974   -0.0669841
975   -0.0687438
976   -0.070004
977   -0.0709545
978   -0.0714553
979   -0.0716769
980   -0.0714797
981   -0.0710218
982   -0.0701647
983   -0.0690605
984   -0.0675754
985   -0.0658631
986   -0.0638006
987   -0.061555
988   -0.0590277
989   0.128889
990   0.135743
991   0.143723
992   0.152344
993   0.161011
994   0.167312
995   0.168389
996   0.161554
997   0.147707
998   0.130447
999   0.111853
1000   0.0933808
1001   0.07549
1002   0.0587603
1003   0.0432864
1004   0.0292086
1005   0.0164821
1006   0.00504735
1007   -0.00516284
1008   -0.0142782
1009   -0.0223508
1010   -0.0295232
1011   -0.0358275
1012   -0.0413968
1013   -0.0462466
1014   -0.0504929
1015   -0.0541386
1016   -0.0572807
1017   -0.0599123
1018   -0.0621123
1019   -0.0638658
1020   -0.0652356
1021   -0.0662007
1022   -0.0668107
1023   -0.0670409
1024   -0.0669312
1025   -0.0664564
1026   -0.0656522
1027   -0.0644976
1028   -0.0630311
1029   -0.0612432
1030   -0.0591873
1031   -0.0568836
1032   0.125738
1033   0.132263
1034   0.140548
1035   0.149201
1036   0.158683
1037   0.166607
1038   0.170922
1039   0.170424
1040   0.157547
1041   0.141118
1042   0.123565
1043   0.105237
1044   0.0877845
1045   0.0709434
1046   0.0556537
1047   0.0413565
1048   0.0286208
1049   0.0168718
1050   0.00649098
1051   -0.00302121
1052   -0.011384
1053   -0.0190128
1054   -0.0256851
1055   -0.0317464
1056   -0.0370086
1057   -0.041763
1058   -0.0458409
1059   -0.0494925
1060   -0.0525589
1061   -0.0552585
1062   -0.0574365
1063   -0.0592868
1064   -0.0606552
1065   -0.0617181
1066   -0.0623204
1067   -0.0626273
1068   -0.0624842
1069   -0.0620519
1070   -0.0611798
1071   -0.0600333
1072   -0.0584736
1073   -0.0566829
1074   -0.0545505
1075   0.122122
1076   0.128712
1077   0.136622
1078   0.145502
1079   0.155087
1080   0.164088
1081   0.171303
1082   0.172521
1083   0.165086
1084   0.15113
1085   0.134395
1086   0.116843
1087   0.0995207
1088   0.0830618
1089   0.0677293
1090   0.0535652
1091   0.0406521
1092   0.028831
1093   0.0181547
1094   0.00841777
1095   -0.000328369
1096   -0.00828257
1097   -0.0153947
1098   -0.0218414
1099   -0.0275751
1100   -0.0327462
1101   -0.0373098
1102   -0.0413902
1103   -0.0449437
1104   -0.0480706
1105   -0.0507273
1106   -0.0529925
1107   -0.0548227
1108   -0.0562783
1109   -0.0573166
1110   -0.0579842
1111   -0.0582419
1112   -0.0581285
1113   -0.0576128
1114   -0.0567352
1115   -0.0554802
1116   -0.0539044
1117   -0.0520275
1118   0.118069
1119   0.124093
1120   0.131935
1121   0.140329
1122   0.150161
1123   0.159452
1124   0.168882
1125   0.175332
1126   0.169956
1127   0.159424
1128   0.144064
1129   0.127039
1130   0.110489
1131   0.0941796
1132   0.0792572
1133   0.0650714
1134   0.0522862
1135   0.0402975
1136   0.0295374
1137   0.0195177
1138   0.0105463
1139   0.00223008
1140   -0.00519468
1141   -0.0120533
1142   -0.0181507
1143   -0.0237631
1144   -0.0287176
1145   -0.0332542
1146   -0.0372101
1147   -0.0407975
1148   -0.0438563
1149   -0.0465776
1150   -0.0487995
1151   -0.050698
1152   -0.0521076
1153   -0.0531953
1154   -0.0537933
1155   -0.0540665
1156   -0.0538495
1157   -0.0533148
1158   -0.0523088
1159   -0.0510255
1160   -0.0493425
1161   0.113816
1162   0.119738
1163   0.126943
1164   0.13523
1165   0.14456
1166   0.154305
1167   0.163866
1168   0.17083
1169   0.172345
1170   0.164966
1171   0.151866
1172   0.136338
1173   0.120368
1174   0.104775
1175   0.0900873
1176   0.076211
1177   0.0634428
1178   0.0514918
1179   0.0405856
1180   0.0304279
1181   0.0211996
1182   0.0126373
1183   0.00488339
1184   -0.00228688
1185   -0.00875963
1186   -0.0147229
1187   -0.0200821
1188   -0.0249917
1189   -0.0293698
1190   -0.0333404
1191   -0.0368298
1192   -0.0399347
1193   -0.0425871
1194   -0.0448602
1195   -0.0466911
1196   -0.048134
1197   -0.0491331
1198   -0.0497307
1199   -0.0498827
1200   -0.0496303
1201   -0.0489501
1202   -0.0478999
1203   -0.0464978
1204   0.109388
1205   0.114689
1206   0.121617
1207   0.129168
1208   0.138227
1209   0.147334
1210   0.157109
1211   0.165111
1212   0.169339
1213   0.169171
1214   0.15779
1215   0.143361
1216   0.128778
1217   0.113686
1218   0.0996907
1219   0.086075
1220   0.0735997
1221   0.0617035
1222   0.0508373
1223   0.0405824
1224   0.0312406
1225   0.0224768
1226   0.0145142
1227   0.00707069
1228   0.000328267
1229   -0.00595829
1230   -0.0116268
1231   -0.0168949
1232   -0.0216076
1233   -0.025961
1234   -0.0297993
1235   -0.0333025
1236   -0.0363087
1237   -0.0389865
1238   -0.041166
1239   -0.0430096
1240   -0.0443407
1241   -0.0453224
1242   -0.0457766
1243   -0.0458778
1244   -0.0454581
1245   -0.0447193
1246   -0.0435269
1247   0.104979
1248   0.110095
1249   0.116297
1250   0.123471
1251   0.131614
1252   0.140346
1253   0.149261
1254   0.157436
1255   0.163593
1256   0.164979
1257   0.160511
1258   0.148739
1259   0.135431
1260   0.121379
1261   0.108013
1262   0.0949202
1263   0.0827631
1264   0.0710724
1265   0.0603061
1266   0.0500694
1267   0.040682
1268   0.0318174
1269   0.0237079
1270   0.0160832
1271   0.00912076
1272   0.00259687
1273   -0.00334573
1274   -0.00889085
1275   -0.0139182
1276   -0.0185762
1277   -0.0227597
1278   -0.0265854
1279   -0.0299586
1280   -0.0329674
1281   -0.0355262
1282   -0.0376987
1283   -0.0394095
1284   -0.0407049
1285   -0.0415247
1286   -0.0419099
1287   -0.0418257
1288   -0.0413295
1289   -0.0404352
1290   0.100586
1291   0.105134
1292   0.110958
1293   0.117312
1294   0.124866
1295   0.132564
1296   0.140903
1297   0.148338
1298   0.155213
1299   0.159432
1300   0.156928
1301   0.150525
1302   0.139026
1303   0.126273
1304   0.114043
1305   0.101751
1306   0.0901459
1307   0.0788944
1308   0.0683871
1309   0.0583566
1310   0.0490507
1311   0.0402322
1312   0.0320844
1313   0.0243913
1314   0.0173055
1315   0.0106286
1316   0.00450081
1317   -0.00126134
1318   -0.00651957
1319   -0.0114445
1320   -0.0158927
1321   -0.0200245
1322   -0.0236861
1323   -0.027031
1324   -0.0298921
1325   -0.0324202
1326   -0.0344352
1327   -0.0360918
1328   -0.0372024
1329   -0.037937
1330   -0.0381143
1331   -0.0379378
1332   -0.037261
1333   0.0963355
1334   0.100675
1335   0.105822
1336   0.111705
1337   0.118291
1338   0.125362
1339   0.132557
1340   0.139611
1341   0.145593
1342   0.150104
1343   0.150938
1344   0.146881
1345   0.13967
1346   0.128853
1347   0.118121
1348   0.106739
1349   0.0959776
1350   0.0852552
1351   0.0752435
1352   0.0655049
1353   0.0564652
1354   0.0477733
1355   0.0397304
1356   0.0320446
1357   0.0249458
1358   0.0181887
1359   0.0119592
1360   0.00605121
1361   0.000622269
1362   -0.00449836
1363   -0.00917278
1364   -0.0135385
1365   -0.0174721
1366   -0.0210795
1367   -0.0242492
1368   -0.0270578
1369   -0.0294068
1370   -0.0313483
1371   -0.0328022
1372   -0.0338088
1373   -0.034318
1374   -0.0343837
1375   -0.0340124
1376   0.0922028
1377   0.0960848
1378   0.100855
1379   0.106029
1380   0.112013
1381   0.118157
1382   0.124688
1383   0.130811
1384   0.136431
1385   0.140594
1386   0.142319
1387   0.141285
1388   0.135745
1389   0.128052
1390   0.118892
1391   0.109215
1392   0.099426
1393   0.0897037
1394   0.0802937
1395   0.0711588
1396   0.0624747
1397   0.0541333
1398   0.0462741
1399   0.0387639
1400   0.0317248
1401   0.0250165
1402   0.0187547
1403   0.0127995
1404   0.00726856
1405   0.00202478
1406   -0.00280595
1407   -0.00735753
1408   -0.0114907
1409   -0.0153372
1410   -0.0187402
1411   -0.0218324
1412   -0.0244373
1413   -0.0266944
1414   -0.0284113
1415   -0.0297462
1416   -0.0305054
1417   -0.0308872
1418   -0.0307319
1419   0.0882491
1420   0.091926
1421   0.0961484
1422   0.100876
1423   0.106058
1424   0.111583
1425   0.117147
1426   0.122652
1427   0.12738
1428   0.131309
1429   0.13312
1430   0.133181
1431   0.130178
1432   0.124599
1433   0.11765
1434   0.109509
1435   0.10116
1436   0.0924244
1437   0.0839434
1438   0.0754362
1439   0.0673494
1440   0.0593945
1441   0.0519052
1442   0.0446118
1443   0.0377796
1444   0.0311645
1445   0.0249879
1446   0.0190337
1447   0.0134933
1448   0.00817954
1449   0.00326218
1450   -0.00141615
1451   -0.00570218
1452   -0.00972209
1453   -0.0133368
1454   -0.0166401
1455   -0.0195076
1456   -0.022002
1457   -0.0240185
1458   -0.0255984
1459   -0.0266706
1460   -0.027283
1461   -0.0274299
1462   0.0844403
1463   0.0877696
1464   0.0916594
1465   0.0958309
1466   0.100494
1467   0.105287
1468   0.110256
1469   0.114998
1470   0.119301
1471   0.12279
1472   0.124864
1473   0.125462
1474   0.123587
1475   0.119881
1476   0.114476
1477   0.108068
1478   0.100959
1479   0.0934929
1480   0.0858909
1481   0.0782674
1482   0.0707782
1483   0.0634232
1484   0.0563232
1485   0.0494228
1486   0.0428256
1487   0.0364496
1488   0.0303925
1489   0.0245598
1490   0.0190505
1491   0.0137645
1492   0.00880831
1493   0.00407898
1494   -0.00030366
1495   -0.00444495
1496   -0.00820597
1497   -0.0116959
1498   -0.0147516
1499   -0.0174909
1500   -0.019725
1501   -0.0215921
1502   -0.0228894
1503   -0.0238012
1504   -0.024152
1505   0.0807966
1506   0.0839309
1507   0.087401
1508   0.091187
1509   0.0952375
1510   0.0995009
1511   0.103745
1512   0.107944
1513   0.111619
1514   0.114807
1515   0.116785
1516   0.117676
1517   0.116789
1518   0.114274
1519   0.110391
1520   0.105313
1521   0.0995826
1522   0.0932033
1523   0.0866694
1524   0.0798475
1525   0.0731412
1526   0.0663503
1527   0.0598066
1528   0.0532867
1529   0.0470715
1530   0.0409364
1531   0.0351267
1532   0.0294283
1533   0.0240602
1534   0.0188254
1535   0.013923
1536   0.00917747
1537   0.0047718
1538   0.000556678
1539   -0.00329973
1540   -0.00691529
1541   -0.0101371
1542   -0.0130472
1543   -0.0155125
1544   -0.0175812
1545   -0.0191545
1546   -0.0202728
1547   -0.0209105
1548   0.0772886
1549   0.0801573
1550   0.0833438
1551   0.0867068
1552   0.0903348
1553   0.0940425
1554   0.0978061
1555   0.101425
1556   0.104722
1557   0.10752
1558   0.10946
1559   0.110466
1560   0.110093
1561   0.108491
1562   0.105605
1563   0.101748
1564   0.09707
1565   0.0918246
1566   0.0861822
1567   0.0802814
1568   0.0742632
1569   0.0681778
1570   0.0621388
1571   0.0561411
1572   0.0502805
1573   0.04452
1574   0.0389466
1575   0.033505
1576   0.02828
1577   0.0232063
1578   0.0183724
1579   0.0137063
1580   0.00930634
1581   0.00509551
1582   0.00118823
1583   -0.00249803
1584   -0.00582454
1585   -0.00888288
1586   -0.0115018
1587   -0.0137919
1588   -0.0155505
1589   -0.0169356
1590   -0.0177537
1591   0.0739187
1592   0.076604
1593   0.0794725
1594   0.0825161
1595   0.0856888
1596   0.0889745
1597   0.0922071
1598   0.0953951
1599   0.0982256
1600   0.100741
1601   0.10251
1602   0.103594
1603   0.103605
1604   0.102611
1605   0.10059
1606   0.0976274
1607   0.0939625
1608   0.0896163
1609   0.0849112
1610   0.0797782
1611   0.0745412
1612   0.0690612
1613   0.0636403
1614   0.0580976
1615   0.052711
1616   0.0472796
1617   0.0420602
1618   0.0368463
1619   0.031877
1620   0.0269498
1621   0.0222888
1622   0.0177027
1623   0.013402
1624   0.0092131
1625   0.00533335
1626   0.00161395
1627   -0.00176195
1628   -0.0049088
1629   -0.00766201
1630   -0.010092
1631   -0.0120655
1632   -0.0136189
1633   -0.0146951
1634   0.0706682
1635   0.0731446
1636   0.0757753
1637   0.0785
1638   0.081341
1639   0.0842137
1640   0.087075
1641   0.089828
1642   0.0923479
1643   0.0945386
1644   0.0961955
1645   0.09725
1646   0.097486
1647   0.096915
1648   0.0954662
1649   0.0932465
1650   0.0903173
1651   0.0868071
1652   0.0828288
1653   0.078479
1654   0.0738734
1655   0.0690643
1656   0.0641545
1657   0.0591597
1658   0.0541694
1659   0.0491731
1660   0.0442509
1661   0.0393752
1662   0.0346211
1663   0.0299504
1664   0.0254372
1665   0.0210366
1666   0.0168266
1667   0.0127571
1668   0.00891566
1669   0.0052472
1670   0.00185647
1671   -0.00131906
1672   -0.00414466
1673   -0.0066981
1674   -0.0087989
1675   -0.0105648
1676   -0.0117849
1677   0.0675341
1678   0.0698418
1679   0.0722315
1680   0.0747005
1681   0.0772094
1682   0.0797619
1683   0.0822393
1684   0.0846687
1685   0.0868397
1686   0.0888014
1687   0.0902773
1688   0.0913212
1689   0.0916839
1690   0.0914106
1691   0.0904145
1692   0.0887334
1693   0.0864536
1694   0.0835767
1695   0.080298
1696   0.0765612
1697   0.0726125
1698   0.0683385
1699   0.0640027
1700   0.0594483
1701   0.0549399
1702   0.0502929
1703   0.0457662
1704   0.0411602
1705   0.0367256
1706   0.0322576
1707   0.0279981
1708   0.023744
1709   0.0197286
1710   0.0157565
1711   0.012052
1712   0.00843353
1713   0.00511546
1714   0.00193893
1715   -0.0008963
1716   -0.00350955
1717   -0.00572762
1718   -0.0076062
1719   -0.00903811
1720   0.0645071
1721   0.0666463
1722   0.068842
1723   0.071074
1724   0.0733337
1725   0.0755879
1726   0.0777933
1727   0.0799058
1728   0.0818408
1729   0.0835456
1730   0.0849017
1731   0.0858576
1732   0.0862974
1733   0.0861949
1734   0.0854975
1735   0.0842237
1736   0.0823966
1737   0.0800629
1738   0.0772935
1739   0.0741365
1740   0.0706804
1741   0.0669588
1742   0.0630606
1743   0.059001
1744   0.0548622
1745   0.0506434
1746   0.0464193
1747   0.0421768
1748   0.0379846
1749   0.0338215
1750   0.0297522
1751   0.0257506
1752   0.02188
1753   0.0181115
1754   0.0145105
1755   0.011046
1756   0.00778965
1757   0.00470781
1758   0.00188615
1759   -0.000716865
1760   -0.00298268
1761   -0.00498044
1762   -0.00650589
1763   0.0615831
1764   0.0635726
1765   0.0655861
1766   0.0676223
1767   0.069646
1768   0.0716712
1769   0.0736063
1770   0.0754909
1771   0.0771692
1772   0.0787018
1773   0.0798898
1774   0.0807963
1775   0.0812374
1776   0.0812596
1777   0.0807677
1778   0.079782
1779   0.0783263
1780   0.076383
1781   0.0740773
1782   0.0713445
1783   0.0683775
1784   0.0650651
1785   0.0616381
1786   0.0579465
1787   0.0542388
1788   0.0503374
1789   0.0464965
1790   0.0425206
1791   0.0386635
1792   0.0347203
1793   0.0309412
1794   0.0271178
1795   0.0234961
1796   0.0198683
1797   0.0164765
1798   0.0131166
1799   0.0100279
1800   0.00701234
1801   0.00430635
1802   0.00172343
1803   -0.000508543
1804   -0.00254476
1805   -0.00420441
1806   0.0587581
1807   0.0606087
1808   0.0624699
1809   0.0643326
1810   0.0661812
1811   0.0679979
1812   0.06975
1813   0.0714094
1814   0.0729241
1815   0.0742559
1816   0.0753388
1817   0.0761306
1818   0.076569
1819   0.0766212
1820   0.0762537
1821   0.0754576
1822   0.0742386
1823   0.0726111
1824   0.0706123
1825   0.0682689
1826   0.0656347
1827   0.062738
1828   0.0596369
1829   0.0563548
1830   0.0529473
1831   0.0494308
1832   0.0458559
1833   0.0422321
1834   0.038605
1835   0.0349787
1836   0.0313947
1837   0.0278535
1838   0.0243939
1839   0.0210149
1840   0.0177537
1841   0.0146093
1842   0.0116189
1843   0.00878289
1844   0.00613961
1845   0.00369193
1846   0.00148023
1847   -0.000489187
1848   -0.00217925
