##### Y Variance #####
0   0.999998
1   0.999906
2   0.999629
3   0.999126
4   0.998371
5   0.997394
6   0.996225
7   0.994935
8   0.993569
9   0.9922
10   0.990866
11   0.989625
12   0.988496
13   0.987517
14   0.98669
15   0.986037
16   0.985547
17   0.985227
18   0.985059
19   0.985041
20   0.98515
21   0.985379
22   0.985705
23   0.98612
24   0.986602
25   0.987141
26   0.98772
27   0.98833
28   0.988957
29   0.989595
30   0.990231
31   0.990862
32   0.99148
33   0.992082
34   0.992662
35   0.993218
36   0.993749
37   0.994252
38   0.994727
39   0.995173
40   0.995591
41   0.995981
42   0.996343
43   0.999971
44   0.999988
45   0.999803
46   0.999365
47   0.998585
48   0.997583
49   0.996273
50   0.99489
51   0.993328
52   0.991845
53   0.990312
54   0.988967
55   0.987667
56   0.986613
57   0.985661
58   0.984968
59   0.984399
60   0.984073
61   0.983868
62   0.983872
63   0.983978
64   0.984251
65   0.9846
66   0.985071
67   0.985591
68   0.986193
69   0.98682
70   0.987493
71   0.988172
72   0.98887
73   0.989558
74   0.990245
75   0.990912
76   0.991563
77   0.992188
78   0.992788
79   0.993358
80   0.9939
81   0.994409
82   0.994888
83   0.995336
84   0.995753
85   0.99614
86   0.999819
87   0.999974
88   0.999961
89   0.999657
90   0.998978
91   0.997962
92   0.996635
93   0.995114
94   0.993458
95   0.991782
96   0.99013
97   0.988591
98   0.987183
99   0.985964
100   0.984931
101   0.984117
102   0.983502
103   0.9831
104   0.982883
105   0.982851
106   0.982972
107   0.983239
108   0.983623
109   0.984112
110   0.984679
111   0.985314
112   0.985993
113   0.986708
114   0.98744
115   0.988183
116   0.988923
117   0.989655
118   0.990369
119   0.991063
120   0.991731
121   0.992371
122   0.992979
123   0.993555
124   0.994098
125   0.994608
126   0.995085
127   0.995528
128   0.99594
129   0.999481
130   0.999797
131   0.999993
132   0.999891
133   0.999365
134   0.998449
135   0.997109
136   0.995567
137   0.993777
138   0.992008
139   0.990172
140   0.988517
141   0.986924
142   0.9856
143   0.984411
144   0.98352
145   0.98279
146   0.982344
147   0.982054
148   0.982009
149   0.982095
150   0.982375
151   0.982752
152   0.98327
153   0.983852
154   0.984526
155   0.985233
156   0.985992
157   0.98676
158   0.987548
159   0.988326
160   0.989102
161   0.989855
162   0.99059
163   0.991295
164   0.991972
165   0.992614
166   0.993224
167   0.993798
168   0.994337
169   0.994841
170   0.995311
171   0.995746
172   0.998896
173   0.99935
174   0.99982
175   1
176   0.999742
177   0.998996
178   0.997782
179   0.996232
180   0.994437
181   0.99254
182   0.99062
183   0.988784
184   0.987079
185   0.985573
186   0.984279
187   0.983232
188   0.982422
189   0.981859
190   0.981519
191   0.981397
192   0.981461
193   0.981699
194   0.982077
195   0.98258
196   0.983179
197   0.983858
198   0.984593
199   0.985369
200   0.98617
201   0.986983
202   0.987796
203   0.988601
204   0.989389
205   0.990154
206   0.990892
207   0.991599
208   0.992273
209   0.992911
210   0.993514
211   0.994079
212   0.994609
213   0.995103
214   0.995561
215   0.998025
216   0.998649
217   0.999387
218   0.999892
219   0.99996
220   0.999481
221   0.99844
222   0.99701
223   0.995213
224   0.993308
225   0.991271
226   0.989352
227   0.987479
228   0.985863
229   0.984399
230   0.983249
231   0.982292
232   0.98165
233   0.9812
234   0.981026
235   0.981015
236   0.981226
237   0.981561
238   0.982058
239   0.982638
240   0.983325
241   0.984058
242   0.984853
243   0.985663
244   0.9865
245   0.98733
246   0.988161
247   0.988971
248   0.989763
249   0.990525
250   0.991259
251   0.991957
252   0.992622
253   0.993249
254   0.993839
255   0.994392
256   0.994908
257   0.995387
258   0.996828
259   0.997484
260   0.998587
261   0.99948
262   0.999972
263   0.999847
264   0.999107
265   0.997846
266   0.996185
267   0.994274
268   0.992238
269   0.990201
270   0.988252
271   0.98647
272   0.9849
273   0.983582
274   0.982524
275   0.981736
276   0.981204
277   0.980916
278   0.980849
279   0.980979
280   0.98128
281   0.981725
282   0.982288
283   0.982946
284   0.983676
285   0.984458
286   0.985275
287   0.986111
288   0.986955
289   0.987793
290   0.98862
291   0.989426
292   0.990207
293   0.990958
294   0.991677
295   0.99236
296   0.993009
297   0.993619
298   0.994192
299   0.994728
300   0.995227
301   0.995349
302   0.996126
303   0.997454
304   0.998751
305   0.9997
306   0.999999
307   0.999617
308   0.998641
309   0.997145
310   0.995352
311   0.993312
312   0.991267
313   0.989209
314   0.987349
315   0.985626
316   0.984205
317   0.982992
318   0.982105
319   0.981437
320   0.981068
321   0.980893
322   0.980963
323   0.981184
324   0.981588
325   0.982097
326   0.982731
327   0.983426
328   0.984197
329   0.984995
330   0.985829
331   0.986665
332   0.987508
333   0.988336
334   0.989152
335   0.989941
336   0.990704
337   0.991436
338   0.992134
339   0.992797
340   0.993424
341   0.994015
342   0.994568
343   0.995084
344   0.993626
345   0.994157
346   0.995854
347   0.997568
348   0.999036
349   0.999864
350   0.999943
351   0.99932
352   0.998114
353   0.99647
354   0.994549
355   0.99249
356   0.990428
357   0.988458
358   0.986663
359   0.985092
360   0.983782
361   0.982743
362   0.981979
363   0.981475
364   0.981218
365   0.981178
366   0.981334
367   0.981653
368   0.982115
369   0.982686
370   0.983348
371   0.984075
372   0.984853
373   0.985658
374   0.986483
375   0.98731
376   0.988135
377   0.988944
378   0.989736
379   0.990501
380   0.99124
381   0.991945
382   0.99262
383   0.993258
384   0.993862
385   0.994428
386   0.994959
387   0.991872
388   0.992497
389   0.993975
390   0.995968
391   0.99796
392   0.999357
393   0.999973
394   0.999798
395   0.99893
396   0.997549
397   0.995765
398   0.993805
399   0.99173
400   0.989747
401   0.987852
402   0.986209
403   0.984763
404   0.98363
405   0.982727
406   0.98213
407   0.981747
408   0.981624
409   0.981675
410   0.981926
411   0.982303
412   0.98282
413   0.983418
414   0.984104
415   0.984834
416   0.985611
417   0.986403
418   0.987211
419   0.988015
420   0.988814
421   0.989595
422   0.990357
423   0.991093
424   0.991802
425   0.99248
426   0.993126
427   0.993738
428   0.994315
429   0.994857
430   0.990078
431   0.990445
432   0.991882
433   0.993812
434   0.996411
435   0.99845
436   0.999646
437   0.999995
438   0.999568
439   0.998501
440   0.99697
441   0.995129
442   0.99315
443   0.991147
444   0.989244
445   0.987502
446   0.985992
447   0.984727
448   0.983737
449   0.983004
450   0.982531
451   0.982282
452   0.98225
453   0.982393
454   0.982698
455   0.983126
456   0.983665
457   0.98428
458   0.984963
459   0.985685
460   0.986441
461   0.98721
462   0.987989
463   0.98876
464   0.989526
465   0.990272
466   0.991002
467   0.991703
468   0.992382
469   0.993028
470   0.993646
471   0.994228
472   0.994779
473   0.988314
474   0.988576
475   0.989672
476   0.991717
477   0.994532
478   0.99711
479   0.998937
480   0.999856
481   0.999926
482   0.999267
483   0.998025
484   0.996409
485   0.994536
486   0.992614
487   0.990693
488   0.988939
489   0.987341
490   0.986013
491   0.984905
492   0.984087
493   0.983489
494   0.983151
495   0.983001
496   0.983059
497   0.98326
498   0.983612
499   0.984062
500   0.984612
501   0.985222
502   0.985891
503   0.98659
504   0.987317
505   0.988053
506   0.988795
507   0.989531
508   0.990257
509   0.990968
510   0.99166
511   0.992329
512   0.992972
513   0.993588
514   0.994174
515   0.994727
516   0.986589
517   0.986561
518   0.987361
519   0.988972
520   0.992284
521   0.995403
522   0.99781
523   0.999347
524   0.999969
525   0.999775
526   0.998917
527   0.997561
528   0.995899
529   0.994067
530   0.992225
531   0.990449
532   0.988843
533   0.98743
534   0.986265
535   0.985332
536   0.984654
537   0.984194
538   0.983956
539   0.983896
540   0.984011
541   0.984256
542   0.984627
543   0.985085
544   0.985626
545   0.986218
546   0.98686
547   0.987526
548   0.988217
549   0.988911
550   0.989614
551   0.990307
552   0.990996
553   0.991666
554   0.992323
555   0.992955
556   0.993567
557   0.994149
558   0.994704
559   0.984961
560   0.98468
561   0.985096
562   0.986725
563   0.989851
564   0.993311
565   0.996299
566   0.998438
567   0.99966
568   0.999986
569   0.999555
570   0.998548
571   0.99712
572   0.995476
573   0.993716
574   0.992008
575   0.990385
576   0.988961
577   0.98772
578   0.98673
579   0.985948
580   0.985408
581   0.985056
582   0.984907
583   0.984909
584   0.985066
585   0.985333
586   0.985709
587   0.986158
588   0.986678
589   0.987242
590   0.987847
591   0.988475
592   0.989122
593   0.989776
594   0.990434
595   0.991088
596   0.991734
597   0.992368
598   0.992987
599   0.993586
600   0.994162
601   0.994712
602   0.983475
603   0.982905
604   0.98287
605   0.983767
606   0.987159
607   0.990898
608   0.994373
609   0.997137
610   0.998965
611   0.999862
612   0.99992
613   0.999301
614   0.998195
615   0.99676
616   0.995174
617   0.993536
618   0.991977
619   0.990533
620   0.989283
621   0.988219
622   0.987384
623   0.986741
624   0.986312
625   0.98605
626   0.985964
627   0.986008
628   0.986186
629   0.986456
630   0.986823
631   0.987248
632   0.98774
633   0.988265
634   0.988831
635   0.989413
636   0.990019
637   0.990626
638   0.991244
639   0.991854
640   0.992464
641   0.993058
642   0.993644
643   0.994206
644   0.99475
645   0.982178
646   0.981294
647   0.980887
648   0.981697
649   0.984401
650   0.988169
651   0.992086
652   0.995421
653   0.997892
654   0.999374
655   0.999964
656   0.999795
657   0.999042
658   0.997898
659   0.996501
660   0.995018
661   0.993525
662   0.992136
663   0.990869
664   0.989793
665   0.988889
666   0.988192
667   0.987667
668   0.987326
669   0.987132
670   0.987087
671   0.987156
672   0.987336
673   0.9876
674   0.987941
675   0.98834
676   0.988791
677   0.989279
678   0.989798
679   0.990339
680   0.990897
681   0.991466
682   0.992039
683   0.992613
684   0.993183
685   0.993745
686   0.994292
687   0.994821
688   0.981124
689   0.98001
690   0.979125
691   0.97906
692   0.981565
693   0.98506
694   0.989387
695   0.993326
696   0.996401
697   0.998514
698   0.999659
699   0.999982
700   0.999644
701   0.998818
702   0.997687
703   0.996373
704   0.995021
705   0.993688
706   0.992472
707   0.991376
708   0.99046
709   0.989694
710   0.989115
711   0.98868
712   0.988409
713   0.988257
714   0.988239
715   0.988311
716   0.988486
717   0.988725
718   0.989041
719   0.9894
720   0.989814
721   0.990255
722   0.990735
723   0.991229
724   0.99175
725   0.992274
726   0.992813
727   0.993347
728   0.993885
729   0.994408
730   0.994924
731   0.980324
732   0.978915
733   0.977763
734   0.97748
735   0.9788
736   0.981955
737   0.986419
738   0.99083
739   0.994537
740   0.997246
741   0.99899
742   0.999834
743   0.999948
744   0.999502
745   0.99866
746   0.997586
747   0.996388
748   0.995182
749   0.994017
750   0.992964
751   0.992029
752   0.991246
753   0.990603
754   0.990112
755   0.989751
756   0.989521
757   0.989401
758   0.989386
759   0.989457
760   0.989608
761   0.989826
762   0.990103
763   0.990429
764   0.990798
765   0.991203
766   0.991636
767   0.992095
768   0.992572
769   0.993064
770   0.993564
771   0.994068
772   0.994568
773   0.995059
774   0.979822
775   0.978237
776   0.976723
777   0.97582
778   0.976295
779   0.978218
780   0.983097
781   0.988047
782   0.992251
783   0.9956
784   0.99792
785   0.999331
786   0.999928
787   0.999894
788   0.999398
789   0.998584
790   0.997604
791   0.996534
792   0.995485
793   0.994475
794   0.993576
795   0.992773
796   0.992111
797   0.991556
798   0.99114
799   0.990823
800   0.990627
801   0.990513
802   0.9905
803   0.990551
804   0.990685
805   0.990866
806   0.991114
807   0.991398
808   0.991734
809   0.992095
810   0.992497
811   0.992914
812   0.993362
813   0.993816
814   0.994288
815   0.994754
816   0.995224
817   0.979615
818   0.977819
819   0.976017
820   0.974602
821   0.974088
822   0.975634
823   0.979807
824   0.98488
825   0.989612
826   0.993511
827   0.996461
828   0.998431
829   0.999555
830   0.999969
831   0.999847
832   0.99935
833   0.998606
834   0.997734
835   0.996809
836   0.995901
837   0.995042
838   0.994268
839   0.993586
840   0.99301
841   0.992534
842   0.992162
843   0.991884
844   0.991696
845   0.991591
846   0.99156
847   0.991599
848   0.9917
849   0.991858
850   0.992067
851   0.992322
852   0.992617
853   0.99295
854   0.993314
855   0.993706
856   0.994117
857   0.994546
858   0.994982
859   0.995419
860   0.979703
861   0.977844
862   0.975693
863   0.973799
864   0.972301
865   0.972196
866   0.976461
867   0.981601
868   0.986621
869   0.991083
870   0.994587
871   0.99716
872   0.998801
873   0.999697
874   0.999982
875   0.999824
876   0.999365
877   0.998707
878   0.997959
879   0.997163
880   0.996395
881   0.995655
882   0.994998
883   0.994401
884   0.993903
885   0.993475
886   0.993145
887   0.99288
888   0.992705
889   0.992588
890   0.992551
891   0.992564
892   0.992646
893   0.99277
894   0.992955
895   0.993175
896   0.993447
897   0.993745
898   0.994087
899   0.994446
900   0.994836
901   0.995231
902   0.995641
903   0.980034
904   0.978017
905   0.975689
906   0.973275
907   0.971107
908   0.970686
909   0.973393
910   0.978115
911   0.983373
912   0.988252
913   0.992351
914   0.995469
915   0.997672
916   0.99905
917   0.999772
918   0.999987
919   0.999836
920   0.999438
921   0.998884
922   0.998249
923   0.997583
924   0.996925
925   0.996299
926   0.995723
927   0.995208
928   0.994758
929   0.994378
930   0.994064
931   0.99382
932   0.993639
933   0.993522
934   0.993464
935   0.993465
936   0.993518
937   0.993626
938   0.99378
939   0.993981
940   0.994223
941   0.994504
942   0.994817
943   0.995157
944   0.995516
945   0.995887
946   0.980605
947   0.978644
948   0.976092
949   0.973469
950   0.970539
951   0.968509
952   0.970659
953   0.974551
954   0.979892
955   0.985192
956   0.989747
957   0.993445
958   0.996149
959   0.998042
960   0.999197
961   0.999807
962   0.999989
963   0.99987
964   0.999549
965   0.999091
966   0.998569
967   0.998005
968   0.997452
969   0.996908
970   0.996412
971   0.995949
972   0.99555
973   0.995193
974   0.994905
975   0.994661
976   0.994487
977   0.994357
978   0.994294
979   0.994273
980   0.994316
981   0.994399
982   0.994541
983   0.994717
984   0.994947
985   0.995203
986   0.995502
987   0.995815
988   0.996154
989   0.981347
990   0.979306
991   0.976774
992   0.973862
993   0.97076
994   0.9685
995   0.96841
996   0.971356
997   0.976406
998   0.981863
999   0.986884
1000   0.991029
1001   0.994273
1002   0.996634
1003   0.998254
1004   0.999263
1005   0.999802
1006   0.999989
1007   0.999921
1008   0.999677
1009   0.999317
1010   0.998886
1011   0.998422
1012   0.997947
1013   0.997483
1014   0.99704
1015   0.996633
1016   0.996262
1017   0.995938
1018   0.995657
1019   0.995429
1020   0.995248
1021   0.995121
1022   0.995043
1023   0.995019
1024   0.995043
1025   0.995119
1026   0.995241
1027   0.995411
1028   0.99562
1029   0.995867
1030   0.996142
1031   0.996438
1032   0.982261
1033   0.98037
1034   0.977795
1035   0.974933
1036   0.971569
1037   0.968632
1038   0.967289
1039   0.967879
1040   0.972882
1041   0.978537
1042   0.983757
1043   0.988393
1044   0.992052
1045   0.994912
1046   0.996945
1047   0.998373
1048   0.999264
1049   0.999774
1050   0.999978
1051   0.999965
1052   0.999797
1053   0.999517
1054   0.999174
1055   0.998785
1056   0.998386
1057   0.997979
1058   0.997594
1059   0.997221
1060   0.996887
1061   0.996579
1062   0.99632
1063   0.996093
1064   0.995923
1065   0.995788
1066   0.995713
1067   0.995677
1068   0.995702
1069   0.995765
1070   0.995886
1071   0.99604
1072   0.996245
1073   0.996472
1074   0.996733
1075   0.983279
1076   0.981415
1077   0.979027
1078   0.976158
1079   0.972852
1080   0.969595
1081   0.966974
1082   0.966801
1083   0.969952
1084   0.975107
1085   0.980537
1086   0.985453
1087   0.989574
1088   0.992831
1089   0.995305
1090   0.997117
1091   0.998381
1092   0.999217
1093   0.999712
1094   0.99995
1095   0.999993
1096   0.999893
1097   0.999691
1098   0.999418
1099   0.999103
1100   0.998761
1101   0.998413
1102   0.998067
1103   0.997738
1104   0.997426
1105   0.997147
1106   0.996897
1107   0.996687
1108   0.996516
1109   0.996392
1110   0.996312
1111   0.996282
1112   0.996299
1113   0.996366
1114   0.996476
1115   0.996631
1116   0.99682
1117   0.997038
1118   0.984384
1119   0.982742
1120   0.980457
1121   0.977847
1122   0.974572
1123   0.971295
1124   0.967824
1125   0.965422
1126   0.96785
1127   0.972051
1128   0.977373
1129   0.982566
1130   0.986926
1131   0.990589
1132   0.993396
1133   0.995595
1134   0.99719
1135   0.998358
1136   0.999137
1137   0.999638
1138   0.999904
1139   0.999998
1140   0.999958
1141   0.999817
1142   0.99961
1143   0.999351
1144   0.999067
1145   0.998763
1146   0.998462
1147   0.998161
1148   0.997884
1149   0.99762
1150   0.997393
1151   0.99719
1152   0.997035
1153   0.996912
1154   0.996844
1155   0.996813
1156   0.996839
1157   0.996901
1158   0.997017
1159   0.997161
1160   0.997345
1161   0.985503
1162   0.983945
1163   0.981928
1164   0.979449
1165   0.976461
1166   0.973129
1167   0.969666
1168   0.967085
1169   0.966676
1170   0.969753
1171   0.974589
1172   0.979667
1173   0.984261
1174   0.98815
1175   0.991293
1176   0.993807
1177   0.995735
1178   0.99721
1179   0.998281
1180   0.999044
1181   0.999544
1182   0.999844
1183   0.99998
1184   0.999991
1185   0.999908
1186   0.999754
1187   0.99955
1188   0.999311
1189   0.999054
1190   0.998786
1191   0.998523
1192   0.998267
1193   0.998031
1194   0.997817
1195   0.997636
1196   0.997488
1197   0.997382
1198   0.997318
1199   0.997301
1200   0.997327
1201   0.997399
1202   0.997509
1203   0.997652
1204   0.986623
1205   0.98529
1206   0.983435
1207   0.981282
1208   0.978511
1209   0.975537
1210   0.972114
1211   0.969159
1212   0.967695
1213   0.96795
1214   0.972292
1215   0.977282
1216   0.981762
1217   0.985856
1218   0.989168
1219   0.991956
1220   0.994138
1221   0.995893
1222   0.99722
1223   0.998233
1224   0.998956
1225   0.999461
1226   0.999776
1227   0.999947
1228   1
1229   0.999961
1230   0.999854
1231   0.999693
1232   0.999499
1233   0.999277
1234   0.999047
1235   0.99881
1236   0.998585
1237   0.998367
1238   0.998178
1239   0.99801
1240   0.997883
1241   0.997786
1242   0.99774
1243   0.997728
1244   0.997768
1245   0.997838
1246   0.997951
1247   0.987693
1248   0.986459
1249   0.984873
1250   0.98292
1251   0.98055
1252   0.977829
1253   0.974864
1254   0.971986
1255   0.969756
1256   0.969349
1257   0.971096
1258   0.975314
1259   0.979622
1260   0.983692
1261   0.987124
1262   0.990082
1263   0.992473
1264   0.994457
1265   0.996012
1266   0.99725
1267   0.998182
1268   0.998885
1269   0.999377
1270   0.99971
1271   0.999904
1272   0.999991
1273   0.99999
1274   0.999921
1275   0.999801
1276   0.999641
1277   0.999457
1278   0.999255
1279   0.999051
1280   0.998847
1281   0.998658
1282   0.998485
1283   0.998342
1284   0.998227
1285   0.998152
1286   0.998115
1287   0.99812
1288   0.998163
1289   0.99824
1290   0.988714
1291   0.987668
1292   0.986249
1293   0.984607
1294   0.982523
1295   0.980259
1296   0.97764
1297   0.975172
1298   0.972783
1299   0.971279
1300   0.972252
1301   0.974563
1302   0.978362
1303   0.982201
1304   0.985512
1305   0.988488
1306   0.990974
1307   0.993089
1308   0.994806
1309   0.996213
1310   0.997317
1311   0.998187
1312   0.998839
1313   0.999321
1314   0.999651
1315   0.999863
1316   0.999971
1317   0.999999
1318   0.999962
1319   0.999872
1320   0.999746
1321   0.99959
1322   0.99942
1323   0.999239
1324   0.999064
1325   0.998893
1326   0.998747
1327   0.998619
1328   0.998529
1329   0.998466
1330   0.998449
1331   0.998461
1332   0.998513
1333   0.989659
1334   0.988704
1335   0.987509
1336   0.986062
1337   0.984342
1338   0.982377
1339   0.980253
1340   0.978048
1341   0.97609
1342   0.974552
1343   0.974258
1344   0.975676
1345   0.978035
1346   0.98135
1347   0.984349
1348   0.987238
1349   0.989687
1350   0.991863
1351   0.993656
1352   0.995184
1353   0.996411
1354   0.99742
1355   0.998204
1356   0.99882
1357   0.999274
1358   0.999605
1359   0.999821
1360   0.999948
1361   0.999997
1362   0.999985
1363   0.999923
1364   0.999823
1365   0.999696
1366   0.999549
1367   0.999396
1368   0.999242
1369   0.999098
1370   0.99897
1371   0.998867
1372   0.998792
1373   0.998752
1374   0.998744
1375   0.998769
1376   0.990536
1377   0.989721
1378   0.988667
1379   0.987461
1380   0.985982
1381   0.984374
1382   0.982561
1383   0.980769
1384   0.979041
1385   0.977708
1386   0.977134
1387   0.97746
1388   0.97921
1389   0.981517
1390   0.984081
1391   0.986575
1392   0.988875
1393   0.990941
1394   0.992733
1395   0.994282
1396   0.995579
1397   0.996667
1398   0.99755
1399   0.998267
1400   0.998826
1401   0.999257
1402   0.999571
1403   0.99979
1404   0.999924
1405   0.999989
1406   0.999996
1407   0.999955
1408   0.999878
1409   0.999772
1410   0.999651
1411   0.999518
1412   0.999388
1413   0.999264
1414   0.99916
1415   0.999074
1416   0.999022
1417   0.998994
1418   0.999002
1419   0.991337
1420   0.990599
1421   0.98971
1422   0.988663
1423   0.987451
1424   0.986085
1425   0.984635
1426   0.983124
1427   0.981766
1428   0.980589
1429   0.980028
1430   0.979984
1431   0.980869
1432   0.982474
1433   0.984374
1434   0.986463
1435   0.988443
1436   0.990346
1437   0.992025
1438   0.993547
1439   0.994841
1440   0.995972
1441   0.996908
1442   0.9977
1443   0.998335
1444   0.998853
1445   0.999249
1446   0.999552
1447   0.999764
1448   0.999904
1449   0.999978
1450   0.999999
1451   0.999976
1452   0.999916
1453   0.999832
1454   0.99973
1455   0.99962
1456   0.999509
1457   0.999409
1458   0.999323
1459   0.999261
1460   0.999223
1461   0.999211
1462   0.992073
1463   0.991436
1464   0.990656
1465   0.989778
1466   0.988745
1467   0.987628
1468   0.986409
1469   0.985189
1470   0.98403
1471   0.983052
1472   0.982446
1473   0.98225
1474   0.98276
1475   0.983767
1476   0.98519
1477   0.986794
1478   0.988465
1479   0.990097
1480   0.991629
1481   0.993034
1482   0.994287
1483   0.995396
1484   0.996352
1485   0.997174
1486   0.997862
1487   0.998436
1488   0.998898
1489   0.999266
1490   0.999546
1491   0.999752
1492   0.999889
1493   0.999968
1494   0.999998
1495   0.999987
1496   0.999943
1497   0.999874
1498   0.999791
1499   0.999699
1500   0.99961
1501   0.999526
1502   0.999463
1503   0.999415
1504   0.999394
1505   0.992746
1506   0.992173
1507   0.991509
1508   0.990751
1509   0.989901
1510   0.988962
1511   0.987982
1512   0.986967
1513   0.98604
1514   0.985203
1515   0.984664
1516   0.984401
1517   0.984614
1518   0.985251
1519   0.986222
1520   0.987448
1521   0.988763
1522   0.990143
1523   0.991461
1524   0.992737
1525   0.993889
1526   0.994953
1527   0.995882
1528   0.996714
1529   0.997419
1530   0.998032
1531   0.998535
1532   0.998958
1533   0.99929
1534   0.999553
1535   0.999744
1536   0.999879
1537   0.999959
1538   0.999996
1539   0.999994
1540   0.999962
1541   0.999908
1542   0.99984
1543   0.999766
1544   0.999693
1545   0.99963
1546   0.999582
1547   0.999552
1548   0.993365
1549   0.992863
1550   0.992282
1551   0.991642
1552   0.990919
1553   0.990147
1554   0.989327
1555   0.988505
1556   0.987724
1557   0.987036
1558   0.986539
1559   0.986266
1560   0.986336
1561   0.986711
1562   0.987391
1563   0.988279
1564   0.989317
1565   0.990425
1566   0.991549
1567   0.99265
1568   0.993693
1569   0.994667
1570   0.995552
1571   0.996352
1572   0.997057
1573   0.997677
1574   0.998207
1575   0.998658
1576   0.99903
1577   0.999334
1578   0.999571
1579   0.999751
1580   0.999876
1581   0.999955
1582   0.999993
1583   0.999997
1584   0.999974
1585   0.999932
1586   0.999878
1587   0.999817
1588   0.999762
1589   0.999714
1590   0.999682
1591   0.993932
1592   0.993483
1593   0.992984
1594   0.992432
1595   0.991832
1596   0.991184
1597   0.99052
1598   0.989838
1599   0.989209
1600   0.988628
1601   0.988205
1602   0.987931
1603   0.987908
1604   0.988118
1605   0.988563
1606   0.989209
1607   0.989988
1608   0.990876
1609   0.991792
1610   0.992737
1611   0.993642
1612   0.994525
1613   0.995334
1614   0.996094
1615   0.996769
1616   0.997384
1617   0.997915
1618   0.998385
1619   0.998778
1620   0.999114
1621   0.999382
1622   0.999599
1623   0.999761
1624   0.999878
1625   0.999952
1626   0.99999
1627   0.999999
1628   0.999983
1629   0.999951
1630   0.999907
1631   0.999862
1632   0.99982
1633   0.999786
1634   0.994454
1635   0.994058
1636   0.993622
1637   0.993151
1638   0.992641
1639   0.992105
1640   0.991549
1641   0.990993
1642   0.990466
1643   0.989991
1644   0.989619
1645   0.98937
1646   0.9893
1647   0.989405
1648   0.989702
1649   0.990157
1650   0.990749
1651   0.991437
1652   0.992188
1653   0.99297
1654   0.993754
1655   0.994524
1656   0.995258
1657   0.995952
1658   0.99659
1659   0.997175
1660   0.997698
1661   0.998163
1662   0.998567
1663   0.998915
1664   0.999206
1665   0.999446
1666   0.999636
1667   0.999782
1668   0.999885
1669   0.999953
1670   0.999989
1671   0.999999
1672   0.999989
1673   0.999963
1674   0.999931
1675   0.999896
1676   0.999867
1677   0.994934
1678   0.994582
1679   0.994204
1680   0.993798
1681   0.99337
1682   0.992918
1683   0.992463
1684   0.992
1685   0.991572
1686   0.991173
1687   0.990861
1688   0.990631
1689   0.99054
1690   0.990578
1691   0.990766
1692   0.991089
1693   0.991525
1694   0.992063
1695   0.992657
1696   0.993308
1697   0.993965
1698   0.994639
1699   0.995282
1700   0.995914
1701   0.996495
1702   0.997049
1703   0.997543
1704   0.997999
1705   0.998395
1706   0.99875
1707   0.999048
1708   0.999305
1709   0.999511
1710   0.999679
1711   0.999804
1712   0.999897
1713   0.999956
1714   0.999989
1715   0.999999
1716   0.999992
1717   0.999974
1718   0.999949
1719   0.999925
1720   0.995377
1721   0.995065
1722   0.994734
1723   0.994384
1724   0.994017
1725   0.993638
1726   0.993255
1727   0.992875
1728   0.992515
1729   0.992188
1730   0.991919
1731   0.991721
1732   0.991621
1733   0.991625
1734   0.991744
1735   0.991973
1736   0.992302
1737   0.992716
1738   0.993196
1739   0.993726
1740   0.994282
1741   0.994853
1742   0.995421
1743   0.995977
1744   0.996508
1745   0.997011
1746   0.997476
1747   0.997904
1748   0.998289
1749   0.998633
1750   0.998932
1751   0.99919
1752   0.999407
1753   0.999585
1754   0.999726
1755   0.999834
1756   0.999911
1757   0.999962
1758   0.99999
1759   0.999999
1760   0.999995
1761   0.999981
1762   0.999964
1763   0.995786
1764   0.995509
1765   0.995218
1766   0.994914
1767   0.994602
1768   0.994279
1769   0.99396
1770   0.993639
1771   0.993344
1772   0.993067
1773   0.992845
1774   0.992669
1775   0.992575
1776   0.992557
1777   0.992633
1778   0.992797
1779   0.993044
1780   0.993371
1781   0.993751
1782   0.994189
1783   0.994649
1784   0.995141
1785   0.995626
1786   0.996121
1787   0.996589
1788   0.99705
1789   0.997472
1790   0.997874
1791   0.998232
1792   0.998564
1793   0.998851
1794   0.999108
1795   0.999322
1796   0.999508
1797   0.999655
1798   0.999775
1799   0.999862
1800   0.999927
1801   0.999968
1802   0.999991
1803   0.999999
1804   0.999996
1805   0.999987
1806   0.996162
1807   0.995916
1808   0.99566
1809   0.995395
1810   0.995124
1811   0.994848
1812   0.994574
1813   0.994306
1814   0.994054
1815   0.993826
1816   0.993635
1817   0.99349
1818   0.993403
1819   0.993382
1820   0.993433
1821   0.993557
1822   0.99375
1823   0.994009
1824   0.994321
1825   0.994679
1826   0.99507
1827   0.995483
1828   0.995906
1829   0.996333
1830   0.996752
1831   0.997158
1832   0.997544
1833   0.997907
1834   0.998241
1835   0.998547
1836   0.998821
1837   0.999064
1838   0.999275
1839   0.999455
1840   0.999604
1841   0.999726
1842   0.999821
1843   0.999893
1844   0.999943
1845   0.999976
1846   0.999993
1847   0.999999
1848   0.999997
