##### Y Variance #####
0   0.999998
1   0.999928
2   0.999725
3   0.999358
4   0.998811
5   0.998104
6   0.997258
7   0.996326
8   0.99534
9   0.994352
10   0.99339
11   0.992495
12   0.991681
13   0.990975
14   0.990379
15   0.989908
16   0.989555
17   0.989323
18   0.989201
19   0.989187
20   0.989264
21   0.989428
22   0.989663
23   0.98996
24   0.990307
25   0.990694
26   0.991111
27   0.99155
28   0.992002
29   0.992462
30   0.992921
31   0.993376
32   0.993822
33   0.994257
34   0.994676
35   0.995078
36   0.995462
37   0.995826
38   0.99617
39   0.996493
40   0.996796
41   0.997078
42   0.997341
43   0.999982
44   0.99999
45   0.999852
46   0.999533
47   0.998966
48   0.998241
49   0.997294
50   0.996296
51   0.995168
52   0.994099
53   0.992994
54   0.992024
55   0.991087
56   0.990328
57   0.989641
58   0.989141
59   0.98873
60   0.988494
61   0.988345
62   0.988346
63   0.988421
64   0.988616
65   0.988866
66   0.989203
67   0.989577
68   0.99001
69   0.99046
70   0.990945
71   0.991434
72   0.991937
73   0.992433
74   0.992929
75   0.99341
76   0.99388
77   0.994332
78   0.994766
79   0.995178
80   0.99557
81   0.995939
82   0.996285
83   0.99661
84   0.996912
85   0.997193
86   0.999876
87   0.999984
88   0.999969
89   0.999746
90   0.999252
91   0.998517
92   0.997559
93   0.996462
94   0.995267
95   0.994059
96   0.992868
97   0.991759
98   0.990744
99   0.989866
100   0.989121
101   0.988533
102   0.988088
103   0.987797
104   0.987638
105   0.987613
106   0.987698
107   0.987888
108   0.988162
109   0.988512
110   0.988919
111   0.989375
112   0.989863
113   0.990377
114   0.990904
115   0.991439
116   0.991972
117   0.9925
118   0.993016
119   0.993517
120   0.993999
121   0.994462
122   0.994902
123   0.995319
124   0.995712
125   0.996081
126   0.996427
127   0.996748
128   0.997047
129   0.999638
130   0.999862
131   0.999996
132   0.999918
133   0.999535
134   0.998872
135   0.997905
136   0.996793
137   0.995504
138   0.99423
139   0.992907
140   0.991715
141   0.990566
142   0.989612
143   0.988754
144   0.988111
145   0.987582
146   0.987259
147   0.987047
148   0.987011
149   0.987069
150   0.987267
151   0.987536
152   0.987906
153   0.988323
154   0.988806
155   0.989314
156   0.989859
157   0.990412
158   0.990979
159   0.99154
160   0.992099
161   0.992642
162   0.993173
163   0.993682
164   0.994171
165   0.994636
166   0.995077
167   0.995493
168   0.995884
169   0.996249
170   0.996589
171   0.996905
172   0.999222
173   0.999546
174   0.999877
175   1
176   0.99981
177   0.99927
178   0.998396
179   0.99728
180   0.995988
181   0.994623
182   0.993241
183   0.991919
184   0.99069
185   0.989604
186   0.98867
187   0.987913
188   0.987326
189   0.986917
190   0.986668
191   0.986576
192   0.986617
193   0.986784
194   0.987052
195   0.987411
196   0.987839
197   0.988325
198   0.988851
199   0.989409
200   0.989984
201   0.990569
202   0.991155
203   0.991735
204   0.992303
205   0.992855
206   0.993389
207   0.9939
208   0.994387
209   0.994849
210   0.995285
211   0.995695
212   0.996079
213   0.996437
214   0.99677
215   0.998598
216   0.999045
217   0.999569
218   0.999926
219   0.99997
220   0.999623
221   0.998875
222   0.997848
223   0.996557
224   0.995188
225   0.993723
226   0.992342
227   0.990993
228   0.989828
229   0.98877
230   0.987938
231   0.987245
232   0.986777
233   0.986447
234   0.986316
235   0.986302
236   0.986448
237   0.986684
238   0.987037
239   0.98745
240   0.987941
241   0.988466
242   0.989035
243   0.989617
244   0.990219
245   0.990817
246   0.991415
247   0.991999
248   0.992571
249   0.993121
250   0.993652
251   0.994157
252   0.994638
253   0.995092
254   0.995519
255   0.99592
256   0.996294
257   0.996642
258   0.997736
259   0.998209
260   0.998995
261   0.999631
262   0.99998
263   0.99989
264   0.99936
265   0.998458
266   0.997267
267   0.995896
268   0.994433
269   0.992969
270   0.991566
271   0.990281
272   0.989147
273   0.988193
274   0.987426
275   0.986851
276   0.986461
277   0.986246
278   0.98619
279   0.986276
280   0.986486
281   0.9868
282   0.9872
283   0.987668
284   0.98819
285   0.98875
286   0.989336
287   0.989937
288   0.990544
289   0.991147
290   0.991743
291   0.992325
292   0.992889
293   0.993432
294   0.993952
295   0.994446
296   0.994916
297   0.995358
298   0.995774
299   0.996162
300   0.996525
301   0.996664
302   0.997225
303   0.998177
304   0.999105
305   0.999784
306   0.999999
307   0.99973
308   0.999035
309   0.997967
310   0.996684
311   0.995221
312   0.993753
313   0.992273
314   0.990932
315   0.989688
316   0.988659
317   0.987778
318   0.987131
319   0.986641
320   0.986366
321   0.98623
322   0.986272
323   0.986422
324   0.986705
325   0.987065
326   0.987515
327   0.988011
328   0.988561
329   0.989133
330   0.989732
331   0.990333
332   0.990939
333   0.991536
334   0.992124
335   0.992694
336   0.993246
337   0.993775
338   0.99428
339   0.994761
340   0.995215
341   0.995643
342   0.996045
343   0.996419
344   0.99541
345   0.995794
346   0.997016
347   0.998248
348   0.9993
349   0.999898
350   0.999963
351   0.999526
352   0.998671
353   0.997499
354   0.996125
355   0.99465
356   0.993168
357   0.991749
358   0.990453
359   0.989316
360   0.988364
361   0.987606
362   0.987046
363   0.986671
364   0.986475
365   0.986435
366   0.986537
367   0.986757
368   0.987081
369   0.987485
370   0.987956
371   0.988474
372   0.98903
373   0.989607
374   0.9902
375   0.990794
376   0.991388
377   0.991971
378   0.992543
379   0.993096
380   0.99363
381   0.994141
382   0.99463
383   0.995092
384   0.995531
385   0.995942
386   0.996328
387   0.994127
388   0.994578
389   0.995648
390   0.997084
391   0.998515
392   0.999523
393   0.999977
394   0.999866
395   0.99926
396   0.998282
397   0.997011
398   0.99561
399   0.994121
400   0.992694
401   0.991327
402   0.990138
403   0.989088
404   0.988261
405   0.987599
406   0.987156
407   0.986867
408   0.986765
409   0.98679
410   0.986959
411   0.987221
412   0.987584
413   0.988007
414   0.988495
415   0.989016
416   0.989572
417   0.99014
418   0.990721
419   0.991299
420   0.991875
421   0.992439
422   0.992989
423   0.993522
424   0.994035
425   0.994526
426   0.994995
427   0.995439
428   0.995858
429   0.996252
430   0.99281
431   0.99307
432   0.994118
433   0.995516
434   0.997381
435   0.998852
436   0.999727
437   0.999998
438   0.999714
439   0.998968
440   0.997884
441   0.996573
442   0.995157
443   0.993718
444   0.992346
445   0.991086
446   0.98999
447   0.989067
448   0.988341
449   0.987798
450   0.987443
451   0.987249
452   0.987212
453   0.987302
454   0.98751
455   0.987808
456   0.988187
457   0.988623
458   0.989109
459   0.989624
460   0.990166
461   0.990718
462   0.991278
463   0.991834
464   0.992386
465   0.992925
466   0.993453
467   0.993961
468   0.994453
469   0.994921
470   0.99537
471   0.995793
472   0.996193
473   0.991516
474   0.991703
475   0.9925
476   0.993978
477   0.996002
478   0.997863
479   0.999194
480   0.99988
481   0.999959
482   0.999513
483   0.998644
484   0.997499
485   0.996164
486   0.994786
487   0.993404
488   0.992136
489   0.990977
490   0.990008
491   0.989196
492   0.988591
493   0.988144
494   0.987885
495   0.987761
496   0.987788
497   0.98792
498   0.988161
499   0.988475
500   0.988863
501   0.989296
502   0.989772
503   0.990272
504   0.990794
505   0.991322
506   0.991857
507   0.992387
508   0.992912
509   0.993426
510   0.993927
511   0.994412
512   0.994879
513   0.995326
514   0.995752
515   0.996154
516   0.99025
517   0.990222
518   0.990807
519   0.991974
520   0.994351
521   0.996599
522   0.998352
523   0.999487
524   0.99997
525   0.999865
526   0.999278
527   0.998327
528   0.997148
529   0.995841
530   0.994517
531   0.993236
532   0.992071
533   0.991042
534   0.990188
535   0.989499
536   0.988994
537   0.988645
538   0.988457
539   0.988398
540   0.988466
541   0.988629
542   0.988886
543   0.989206
544   0.989588
545   0.990008
546   0.990466
547   0.990942
548   0.991439
549   0.991938
550   0.992445
551   0.992945
552   0.993444
553   0.993929
554   0.994406
555   0.994864
556   0.995309
557   0.995732
558   0.996136
559   0.989056
560   0.988847
561   0.989148
562   0.99032
563   0.99256
564   0.995053
565   0.997225
566   0.998798
567   0.999719
568   0.999995
569   0.999723
570   0.999029
571   0.998025
572   0.996857
573   0.995597
574   0.994366
575   0.993191
576   0.992155
577   0.991246
578   0.990517
579   0.989935
580   0.989528
581   0.989257
582   0.989132
583   0.989118
584   0.989217
585   0.989397
586   0.989657
587   0.989972
588   0.99034
589   0.990741
590   0.991173
591   0.991624
592   0.992088
593   0.99256
594   0.993035
595   0.993508
596   0.993976
597   0.994436
598   0.994885
599   0.99532
600   0.995739
601   0.996139
602   0.987966
603   0.987544
604   0.98752
605   0.988163
606   0.990582
607   0.993266
608   0.995791
609   0.997819
610   0.999182
611   0.999876
612   0.999963
613   0.999556
614   0.99879
615   0.997777
616   0.996647
617   0.995471
618   0.994344
619   0.993294
620   0.99238
621   0.991597
622   0.990977
623   0.990496
624   0.990168
625   0.989961
626   0.989883
627   0.989899
628   0.990015
629   0.990198
630   0.990452
631   0.990751
632   0.9911
633   0.991473
634   0.991879
635   0.992297
636   0.992733
637   0.993171
638   0.993619
639   0.99406
640   0.994503
641   0.994935
642   0.995361
643   0.995769
644   0.996165
645   0.987016
646   0.986367
647   0.986071
648   0.986641
649   0.988555
650   0.991254
651   0.994094
652   0.996535
653   0.998365
654   0.999486
655   0.999964
656   0.999888
657   0.999383
658   0.998586
659   0.997596
660   0.996536
661   0.995459
662   0.994451
663   0.993527
664   0.992736
665   0.992067
666   0.991546
667   0.991149
668   0.990885
669   0.990729
670   0.99068
671   0.990717
672   0.990834
673   0.991014
674   0.991252
675   0.991533
676   0.991853
677   0.992201
678   0.992573
679   0.992963
680   0.993365
681   0.993777
682   0.994192
683   0.994609
684   0.995023
685   0.995431
686   0.99583
687   0.996215
688   0.986242
689   0.985423
690   0.984785
691   0.984733
692   0.98648
693   0.988956
694   0.992096
695   0.994974
696   0.997242
697   0.998823
698   0.999706
699   0.999992
700   0.999792
701   0.999231
702   0.998438
703   0.997503
704   0.996533
705   0.995568
706   0.994682
707   0.993878
708   0.993202
709   0.992632
710   0.992196
711   0.991864
712   0.991652
713   0.991526
714   0.991499
715   0.991538
716   0.991654
717   0.991817
718   0.992038
719   0.992292
720   0.992587
721   0.992902
722   0.993248
723   0.993604
724   0.99398
725   0.99436
726   0.994751
727   0.995139
728   0.995531
729   0.995912
730   0.996288
731   0.985654
732   0.984624
733   0.983787
734   0.983562
735   0.984462
736   0.986692
737   0.98991
738   0.993122
739   0.995847
740   0.99786
741   0.99918
742   0.999848
743   0.999981
744   0.999699
745   0.99912
746   0.998364
747   0.997508
748   0.996638
749   0.995792
750   0.995021
751   0.994332
752   0.993751
753   0.99327
754   0.992899
755   0.992622
756   0.99244
757   0.992339
758   0.992315
759   0.992356
760   0.992456
761   0.992605
762   0.992799
763   0.99303
764   0.993293
765   0.993584
766   0.993897
767   0.994229
768   0.994574
769   0.994932
770   0.995295
771   0.995662
772   0.996026
773   0.996385
774   0.985284
775   0.984123
776   0.983023
777   0.982357
778   0.982639
779   0.983964
780   0.987475
781   0.991066
782   0.994145
783   0.996621
784   0.998361
785   0.999442
786   0.999929
787   0.999951
788   0.999627
789   0.999063
790   0.998369
791   0.997602
792   0.996842
793   0.996105
794   0.995444
795   0.99485
796   0.994357
797   0.99394
798   0.993624
799   0.99338
800   0.993225
801   0.99313
802   0.99311
803   0.993137
804   0.993226
805   0.993351
806   0.993525
807   0.993726
808   0.993967
809   0.994227
810   0.994518
811   0.99482
812   0.995146
813   0.995476
814   0.99582
815   0.99616
816   0.996503
817   0.985129
818   0.983818
819   0.982503
820   0.981458
821   0.981041
822   0.982099
823   0.985074
824   0.988739
825   0.992191
826   0.995062
827   0.997259
828   0.998748
829   0.999619
830   0.999969
831   0.999922
832   0.999591
833   0.999072
834   0.998451
835   0.997784
836   0.997124
837   0.996495
838   0.995924
839   0.995418
840   0.994988
841   0.99463
842   0.994346
843   0.994132
844   0.993985
845   0.993898
846   0.993867
847   0.993887
848   0.993954
849   0.994063
850   0.99421
851   0.994392
852   0.994604
853   0.994845
854   0.995109
855   0.995393
856   0.995693
857   0.996006
858   0.996324
859   0.996644
860   0.985189
861   0.98383
862   0.982262
863   0.980873
864   0.979753
865   0.979624
866   0.982646
867   0.986334
868   0.989987
869   0.993261
870   0.995857
871   0.997784
872   0.999033
873   0.999736
874   0.999986
875   0.999905
876   0.999596
877   0.999133
878   0.998599
879   0.998022
880   0.997462
881   0.996918
882   0.996432
883   0.995988
884   0.995616
885   0.995293
886   0.995043
887   0.99484
888   0.994704
889   0.99461
890   0.994576
891   0.994578
892   0.994633
893   0.994719
894   0.99485
895   0.995007
896   0.995204
897   0.99542
898   0.995669
899   0.99593
900   0.996215
901   0.996504
902   0.996803
903   0.985427
904   0.983954
905   0.982257
906   0.980495
907   0.978904
908   0.978547
909   0.980426
910   0.983797
911   0.987607
912   0.991176
913   0.9942
914   0.996519
915   0.998175
916   0.999229
917   0.999799
918   0.999991
919   0.999909
920   0.999639
921   0.999248
922   0.998792
923   0.998308
924   0.997826
925   0.997365
926   0.996939
927   0.996556
928   0.996219
929   0.995933
930   0.995696
931   0.995509
932   0.99537
933   0.995278
934   0.99523
935   0.995226
936   0.99526
937   0.995335
938   0.995445
939   0.995591
940   0.995766
941   0.995971
942   0.996198
943   0.996448
944   0.99671
945   0.996982
946   0.985839
947   0.984406
948   0.98255
949   0.98064
950   0.97851
951   0.977017
952   0.97847
953   0.981199
954   0.985067
955   0.988934
956   0.992281
957   0.995018
958   0.997037
959   0.998464
960   0.999349
961   0.999831
962   0.999992
963   0.999927
964   0.999708
965   0.999383
966   0.999007
967   0.998596
968   0.998191
969   0.997789
970   0.997422
971   0.997077
972   0.996779
973   0.996511
974   0.996294
975   0.99611
976   0.995977
977   0.995877
978   0.995827
979   0.995808
980   0.995836
981   0.995894
982   0.995996
983   0.996124
984   0.996291
985   0.996479
986   0.996697
987   0.996927
988   0.997175
989   0.986377
990   0.984889
991   0.983048
992   0.980935
993   0.978685
994   0.97702
995   0.976873
996   0.978917
997   0.982543
998   0.98651
999   0.990186
1000   0.993241
1001   0.995648
1002   0.997413
1003   0.998635
1004   0.999407
1005   0.99983
1006   0.999989
1007   0.999957
1008   0.99979
1009   0.999534
1010   0.999222
1011   0.998884
1012   0.998534
1013   0.998192
1014   0.997864
1015   0.997561
1016   0.997284
1017   0.997042
1018   0.996832
1019   0.99666
1020   0.996523
1021   0.996427
1022   0.996366
1023   0.996346
1024   0.996362
1025   0.996416
1026   0.996505
1027   0.996628
1028   0.996781
1029   0.996962
1030   0.997164
1031   0.997381
1032   0.987041
1033   0.985661
1034   0.983791
1035   0.981715
1036   0.979283
1037   0.977153
1038   0.976096
1039   0.976422
1040   0.980009
1041   0.9841
1042   0.987911
1043   0.991314
1044   0.994018
1045   0.996142
1046   0.997663
1047   0.998738
1048   0.999417
1049   0.999812
1050   0.999979
1051   0.999982
1052   0.999867
1053   0.999668
1054   0.999419
1055   0.999134
1056   0.998841
1057   0.99854
1058   0.998255
1059   0.997978
1060   0.99773
1061   0.9975
1062   0.997307
1063   0.997137
1064   0.997009
1065   0.996908
1066   0.996851
1067   0.996823
1068   0.996839
1069   0.996885
1070   0.996973
1071   0.997086
1072   0.997236
1073   0.997404
1074   0.997596
1075   0.987781
1076   0.986423
1077   0.984688
1078   0.982609
1079   0.980216
1080   0.977848
1081   0.975911
1082   0.975707
1083   0.977922
1084   0.981634
1085   0.985581
1086   0.989179
1087   0.99221
1088   0.994619
1089   0.996456
1090   0.997809
1091   0.998758
1092   0.999391
1093   0.99977
1094   0.999957
1095   0.999997
1096   0.99993
1097   0.999786
1098   0.999587
1099   0.999356
1100   0.999104
1101   0.998847
1102   0.998591
1103   0.998346
1104   0.998115
1105   0.997907
1106   0.997721
1107   0.997565
1108   0.997437
1109   0.997345
1110   0.997284
1111   0.997262
1112   0.997273
1113   0.997322
1114   0.997404
1115   0.997518
1116   0.997657
1117   0.997817
1118   0.988585
1119   0.987387
1120   0.985728
1121   0.983835
1122   0.981463
1123   0.979085
1124   0.976551
1125   0.974775
1126   0.976458
1127   0.979447
1128   0.983309
1129   0.987096
1130   0.990293
1131   0.992989
1132   0.995064
1133   0.996695
1134   0.997883
1135   0.998755
1136   0.999341
1137   0.99972
1138   0.999923
1139   0.999998
1140   0.999972
1141   0.999872
1142   0.99972
1143   0.99953
1144   0.99932
1145   0.999095
1146   0.998873
1147   0.998649
1148   0.998443
1149   0.998247
1150   0.998079
1151   0.997929
1152   0.997813
1153   0.997722
1154   0.997672
1155   0.997648
1156   0.997667
1157   0.997713
1158   0.997799
1159   0.997906
1160   0.998041
1161   0.989399
1162   0.988263
1163   0.986797
1164   0.984998
1165   0.982833
1166   0.980418
1167   0.977904
1168   0.976012
1169   0.975669
1170   0.977842
1171   0.981327
1172   0.985019
1173   0.988375
1174   0.991227
1175   0.99354
1176   0.995395
1177   0.996822
1178   0.997916
1179   0.998712
1180   0.999281
1181   0.999655
1182   0.99988
1183   0.999984
1184   0.999994
1185   0.999934
1186   0.999821
1187   0.999671
1188   0.999493
1189   0.999303
1190   0.999105
1191   0.998909
1192   0.998719
1193   0.998545
1194   0.998386
1195   0.998252
1196   0.998143
1197   0.998065
1198   0.998017
1199   0.998005
1200   0.998024
1201   0.998078
1202   0.998159
1203   0.998265
1204   0.990215
1205   0.989241
1206   0.987892
1207   0.986328
1208   0.984319
1209   0.982163
1210   0.979687
1211   0.977548
1212   0.976448
1213   0.976585
1214   0.979712
1215   0.983325
1216   0.986589
1217   0.989581
1218   0.992009
1219   0.994058
1220   0.995664
1221   0.996959
1222   0.99794
1223   0.998689
1224   0.999225
1225   0.9996
1226   0.999833
1227   0.999961
1228   1
1229   0.999971
1230   0.999892
1231   0.999772
1232   0.999628
1233   0.999463
1234   0.999293
1235   0.999117
1236   0.99895
1237   0.998789
1238   0.998649
1239   0.998524
1240   0.998431
1241   0.99836
1242   0.998326
1243   0.998318
1244   0.998347
1245   0.9984
1246   0.998484
1247   0.990994
1248   0.990093
1249   0.988938
1250   0.987518
1251   0.985799
1252   0.983828
1253   0.981681
1254   0.979599
1255   0.977975
1256   0.977652
1257   0.978898
1258   0.981942
1259   0.985071
1260   0.988037
1261   0.990544
1262   0.99271
1263   0.994464
1264   0.995921
1265   0.997065
1266   0.997977
1267   0.998663
1268   0.999181
1269   0.999543
1270   0.999788
1271   0.999931
1272   0.999994
1273   0.999992
1274   0.99994
1275   0.99985
1276   0.99973
1277   0.999593
1278   0.999444
1279   0.999292
1280   0.999141
1281   0.999001
1282   0.998873
1283   0.998767
1284   0.998683
1285   0.998628
1286   0.998601
1287   0.998606
1288   0.998638
1289   0.998695
1290   0.991738
1291   0.990973
1292   0.989939
1293   0.988744
1294   0.987231
1295   0.985589
1296   0.983694
1297   0.981908
1298   0.980177
1299   0.979084
1300   0.979774
1301   0.981434
1302   0.984191
1303   0.986982
1304   0.989396
1305   0.991569
1306   0.993387
1307   0.994936
1308   0.996194
1309   0.997227
1310   0.998038
1311   0.998676
1312   0.999154
1313   0.999508
1314   0.999749
1315   0.999903
1316   0.999981
1317   0.999999
1318   0.99997
1319   0.999902
1320   0.999807
1321   0.99969
1322   0.999564
1323   0.999429
1324   0.999299
1325   0.999173
1326   0.999065
1327   0.998971
1328   0.998904
1329   0.998859
1330   0.998847
1331   0.998856
1332   0.998896
1333   0.992427
1334   0.991728
1335   0.990856
1336   0.989803
1337   0.988553
1338   0.987127
1339   0.985588
1340   0.983993
1341   0.982576
1342   0.981465
1343   0.981255
1344   0.982274
1345   0.983986
1346   0.986391
1347   0.988574
1348   0.990678
1349   0.992465
1350   0.994055
1351   0.995367
1352   0.996485
1353   0.997383
1354   0.998122
1355   0.998696
1356   0.999146
1357   0.999478
1358   0.999718
1359   0.999874
1360   0.999965
1361   0.999999
1362   0.999987
1363   0.99994
1364   0.999863
1365   0.999768
1366   0.999658
1367   0.999545
1368   0.99943
1369   0.999324
1370   0.999229
1371   0.999153
1372   0.999099
1373   0.99907
1374   0.999065
1375   0.999084
1376   0.993067
1377   0.992471
1378   0.991701
1379   0.990822
1380   0.989746
1381   0.988578
1382   0.987264
1383   0.985966
1384   0.984716
1385   0.983755
1386   0.983343
1387   0.983582
1388   0.984853
1389   0.98653
1390   0.988395
1391   0.990211
1392   0.991887
1393   0.993395
1394   0.994704
1395   0.995835
1396   0.996784
1397   0.997579
1398   0.998224
1399   0.998747
1400   0.999155
1401   0.999469
1402   0.999696
1403   0.999854
1404   0.999949
1405   0.999994
1406   0.999996
1407   0.999963
1408   0.999904
1409   0.999824
1410   0.999733
1411   0.999634
1412   0.999538
1413   0.999446
1414   0.99937
1415   0.999307
1416   0.999269
1417   0.999249
1418   0.999255
1419   0.993652
1420   0.993112
1421   0.992462
1422   0.991698
1423   0.990816
1424   0.989823
1425   0.988771
1426   0.987676
1427   0.986694
1428   0.985845
1429   0.985442
1430   0.985417
1431   0.986064
1432   0.987233
1433   0.988618
1434   0.990139
1435   0.991583
1436   0.992971
1437   0.994196
1438   0.995307
1439   0.996252
1440   0.997078
1441   0.997761
1442   0.998339
1443   0.998802
1444   0.999178
1445   0.999465
1446   0.999684
1447   0.999836
1448   0.999936
1449   0.999987
1450   0.999999
1451   0.999979
1452   0.999933
1453   0.999869
1454   0.999792
1455   0.99971
1456   0.999628
1457   0.999554
1458   0.999491
1459   0.999445
1460   0.999417
1461   0.99941
1462   0.99419
1463   0.993723
1464   0.993153
1465   0.992512
1466   0.99176
1467   0.990947
1468   0.990062
1469   0.989177
1470   0.988339
1471   0.987634
1472   0.9872
1473   0.987065
1474   0.987441
1475   0.988177
1476   0.989216
1477   0.990386
1478   0.991605
1479   0.992796
1480   0.993914
1481   0.994939
1482   0.995854
1483   0.996663
1484   0.99736
1485   0.99796
1486   0.998461
1487   0.998878
1488   0.999213
1489   0.99948
1490   0.999681
1491   0.999828
1492   0.999925
1493   0.999981
1494   0.999999
1495   0.999988
1496   0.999954
1497   0.999901
1498   0.999839
1499   0.999769
1500   0.999703
1501   0.999641
1502   0.999595
1503   0.99956
1504   0.999545
1505   0.994682
1506   0.994262
1507   0.993777
1508   0.993223
1509   0.992603
1510   0.99192
1511   0.991208
1512   0.990472
1513   0.989802
1514   0.989198
1515   0.988811
1516   0.988627
1517   0.988789
1518   0.989258
1519   0.989969
1520   0.990865
1521   0.991826
1522   0.992833
1523   0.993796
1524   0.994727
1525   0.995567
1526   0.996344
1527   0.997022
1528   0.997628
1529   0.998141
1530   0.998587
1531   0.998952
1532   0.999258
1533   0.999498
1534   0.999687
1535   0.999824
1536   0.999919
1537   0.999975
1538   0.999998
1539   0.999994
1540   0.999968
1541   0.999927
1542   0.999875
1543   0.99982
1544   0.999766
1545   0.999719
1546   0.999684
1547   0.999662
1548   0.995135
1549   0.994768
1550   0.994343
1551   0.993875
1552   0.993348
1553   0.992786
1554   0.99219
1555   0.991593
1556   0.991028
1557   0.990532
1558   0.990176
1559   0.989983
1560   0.990041
1561   0.99032
1562   0.99082
1563   0.991471
1564   0.99223
1565   0.99304
1566   0.993861
1567   0.994665
1568   0.995427
1569   0.996138
1570   0.996784
1571   0.997367
1572   0.99788
1573   0.99833
1574   0.998715
1575   0.999042
1576   0.999312
1577   0.999531
1578   0.9997
1579   0.999828
1580   0.999917
1581   0.999972
1582   0.999996
1583   0.999997
1584   0.999978
1585   0.999945
1586   0.999904
1587   0.999859
1588   0.999818
1589   0.999782
1590   0.999759
1591   0.995551
1592   0.995222
1593   0.994857
1594   0.994453
1595   0.994016
1596   0.993544
1597   0.993061
1598   0.992566
1599   0.992111
1600   0.991692
1601   0.991389
1602   0.991195
1603   0.991184
1604   0.991343
1605   0.991672
1606   0.992148
1607   0.992718
1608   0.993369
1609   0.994039
1610   0.99473
1611   0.995391
1612   0.996036
1613   0.996626
1614   0.99718
1615   0.997671
1616   0.998119
1617   0.998504
1618   0.998846
1619   0.99913
1620   0.999372
1621   0.999565
1622   0.999721
1623   0.999836
1624   0.999918
1625   0.999969
1626   0.999995
1627   0.999999
1628   0.999985
1629   0.99996
1630   0.999927
1631   0.999893
1632   0.999861
1633   0.999837
1634   0.995934
1635   0.995644
1636   0.995324
1637   0.994981
1638   0.994608
1639   0.994217
1640   0.993813
1641   0.99341
1642   0.993029
1643   0.992687
1644   0.99242
1645   0.992244
1646   0.992197
1647   0.99228
1648   0.9925
1649   0.992837
1650   0.993272
1651   0.993777
1652   0.994327
1653   0.994899
1654   0.995473
1655   0.996035
1656   0.996571
1657   0.997077
1658   0.997542
1659   0.997967
1660   0.998347
1661   0.998685
1662   0.998977
1663   0.999229
1664   0.999439
1665   0.999611
1666   0.999747
1667   0.99985
1668   0.999923
1669   0.99997
1670   0.999994
1671   0.999999
1672   0.99999
1673   0.99997
1674   0.999945
1675   0.999918
1676   0.999897
1677   0.996286
1678   0.996028
1679   0.995751
1680   0.995454
1681   0.995142
1682   0.994813
1683   0.994482
1684   0.994146
1685   0.993837
1686   0.993549
1687   0.993326
1688   0.993162
1689   0.9931
1690   0.993133
1691   0.993274
1692   0.993514
1693   0.993836
1694   0.994232
1695   0.994668
1696   0.995145
1697   0.995626
1698   0.996118
1699   0.996588
1700   0.997049
1701   0.997473
1702   0.997876
1703   0.998235
1704   0.998566
1705   0.998853
1706   0.99911
1707   0.999324
1708   0.999509
1709   0.999657
1710   0.999777
1711   0.999866
1712   0.999931
1713   0.999972
1714   0.999994
1715   1
1716   0.999993
1717   0.999978
1718   0.999959
1719   0.999941
1720   0.996611
1721   0.996383
1722   0.99614
1723   0.995884
1724   0.995617
1725   0.995341
1726   0.995062
1727   0.994786
1728   0.994526
1729   0.99429
1730   0.994097
1731   0.993957
1732   0.993888
1733   0.993895
1734   0.993987
1735   0.994157
1736   0.994401
1737   0.994706
1738   0.995059
1739   0.995448
1740   0.995855
1741   0.996273
1742   0.996688
1743   0.997094
1744   0.997481
1745   0.997848
1746   0.998186
1747   0.998497
1748   0.998775
1749   0.999024
1750   0.99924
1751   0.999426
1752   0.999582
1753   0.99971
1754   0.99981
1755   0.999887
1756   0.999941
1757   0.999976
1758   0.999994
1759   1
1760   0.999995
1761   0.999984
1762   0.999971
1763   0.996911
1764   0.996708
1765   0.996496
1766   0.996274
1767   0.996046
1768   0.995811
1769   0.995579
1770   0.995346
1771   0.995133
1772   0.994933
1773   0.994774
1774   0.994648
1775   0.994584
1776   0.994575
1777   0.994634
1778   0.994757
1779   0.99494
1780   0.995182
1781   0.995462
1782   0.995784
1783   0.996121
1784   0.996481
1785   0.996836
1786   0.997198
1787   0.997539
1788   0.997875
1789   0.998181
1790   0.998474
1791   0.998733
1792   0.998974
1793   0.999181
1794   0.999367
1795   0.999521
1796   0.999654
1797   0.999759
1798   0.999844
1799   0.999906
1800   0.999952
1801   0.99998
1802   0.999995
1803   1
1804   0.999997
1805   0.999989
1806   0.997187
1807   0.997007
1808   0.99682
1809   0.996626
1810   0.996428
1811   0.996228
1812   0.996029
1813   0.995835
1814   0.995653
1815   0.995488
1816   0.995351
1817   0.995248
1818   0.995188
1819   0.995176
1820   0.995216
1821   0.99531
1822   0.995454
1823   0.995646
1824   0.995876
1825   0.99614
1826   0.996426
1827   0.996729
1828   0.997039
1829   0.99735
1830   0.997656
1831   0.997952
1832   0.998232
1833   0.998496
1834   0.998739
1835   0.998961
1836   0.999159
1837   0.999334
1838   0.999486
1839   0.999615
1840   0.999722
1841   0.999809
1842   0.999877
1843   0.999927
1844   0.999963
1845   0.999985
1846   0.999996
1847   1
1848   0.999998
