##### Y Variance #####
0   0.999998
1   0.999896
2   0.999588
3   0.999024
4   0.998178
5   0.997083
6   0.99577
7   0.994321
8   0.992787
9   0.991249
10   0.98975
11   0.988356
12   0.987086
13   0.985986
14   0.985057
15   0.984323
16   0.983773
17   0.983413
18   0.983225
19   0.983205
20   0.983328
21   0.983586
22   0.983954
23   0.98442
24   0.984963
25   0.985569
26   0.986221
27   0.986906
28   0.987612
29   0.988328
30   0.989043
31   0.989752
32   0.990446
33   0.991122
34   0.991773
35   0.992398
36   0.992993
37   0.993558
38   0.994091
39   0.994592
40   0.99506
41   0.995497
42   0.995904
43   0.999966
44   0.999988
45   0.999782
46   0.999293
47   0.998418
48   0.997293
49   0.995823
50   0.99427
51   0.992515
52   0.990848
53   0.989126
54   0.987614
55   0.986153
56   0.984968
57   0.983898
58   0.98312
59   0.98248
60   0.982115
61   0.981885
62   0.981891
63   0.982011
64   0.982318
65   0.982711
66   0.983242
67   0.983827
68   0.984504
69   0.98521
70   0.985967
71   0.98673
72   0.987515
73   0.988288
74   0.98906
75   0.989809
76   0.990541
77   0.991242
78   0.991916
79   0.992556
80   0.993163
81   0.993735
82   0.994272
83   0.994774
84   0.995242
85   0.995676
86   0.999792
87   0.999969
88   0.999957
89   0.999619
90   0.998858
91   0.997718
92   0.996227
93   0.994519
94   0.992657
95   0.990775
96   0.988917
97   0.987188
98   0.985604
99   0.984235
100   0.983074
101   0.98216
102   0.981469
103   0.981019
104   0.980775
105   0.98074
106   0.980878
107   0.98118
108   0.981613
109   0.982164
110   0.982802
111   0.983517
112   0.984282
113   0.985086
114   0.985909
115   0.986744
116   0.987576
117   0.988398
118   0.989201
119   0.98998
120   0.99073
121   0.991448
122   0.992131
123   0.992778
124   0.993388
125   0.993959
126   0.994494
127   0.994991
128   0.995453
129   0.999409
130   0.999767
131   0.999991
132   0.99988
133   0.999292
134   0.998263
135   0.996758
136   0.995024
137   0.993013
138   0.991024
139   0.98896
140   0.987099
141   0.985308
142   0.983821
143   0.982485
144   0.981484
145   0.980665
146   0.980165
147   0.979841
148   0.979792
149   0.979891
150   0.980207
151   0.980633
152   0.981217
153   0.981872
154   0.982632
155   0.983428
156   0.984282
157   0.985146
158   0.986032
159   0.986907
160   0.987779
161   0.988625
162   0.98945
163   0.990242
164   0.991002
165   0.991723
166   0.992407
167   0.993051
168   0.993656
169   0.994222
170   0.994748
171   0.995236
172   0.998748
173   0.999261
174   0.999794
175   1
176   0.999713
177   0.998875
178   0.997511
179   0.995768
180   0.993749
181   0.991615
182   0.989456
183   0.987392
184   0.985476
185   0.983783
186   0.982329
187   0.981153
188   0.980245
189   0.979614
190   0.979235
191   0.9791
192   0.979175
193   0.979445
194   0.979873
195   0.980441
196   0.981116
197   0.981881
198   0.982709
199   0.983583
200   0.984484
201   0.985398
202   0.986313
203   0.987217
204   0.988102
205   0.988962
206   0.989791
207   0.990584
208   0.991341
209   0.992057
210   0.992733
211   0.993368
212   0.993962
213   0.994515
214   0.995029
215   0.997767
216   0.99847
217   0.999305
218   0.999877
219   0.999956
220   0.999418
221   0.998247
222   0.996637
223   0.994616
224   0.992472
225   0.99018
226   0.988022
227   0.985917
228   0.984101
229   0.982455
230   0.981165
231   0.980092
232   0.979373
233   0.97887
234   0.978678
235   0.97867
236   0.978911
237   0.979291
238   0.979853
239   0.980507
240   0.981282
241   0.982108
242   0.983003
243   0.983915
244   0.984857
245   0.985791
246   0.986725
247   0.987635
248   0.988525
249   0.989381
250   0.990204
251   0.990988
252   0.991734
253   0.992437
254   0.993099
255   0.993719
256   0.994298
257   0.994835
258   0.996421
259   0.997158
260   0.998403
261   0.999413
262   0.999968
263   0.999828
264   0.998994
265   0.997573
266   0.995701
267   0.99355
268   0.991258
269   0.988967
270   0.986775
271   0.984772
272   0.98301
273   0.98153
274   0.980344
275   0.979462
276   0.978868
277   0.97855
278   0.978479
279   0.97863
280   0.978972
281   0.979476
282   0.980113
283   0.980855
284   0.981679
285   0.98256
286   0.98348
287   0.984421
288   0.98537
289   0.986313
290   0.987242
291   0.988148
292   0.989025
293   0.989868
294   0.990675
295   0.991442
296   0.992169
297   0.992853
298   0.993497
299   0.994097
300   0.994656
301   0.994763
302   0.995636
303   0.99713
304   0.998593
305   0.999663
306   0.999999
307   0.999566
308   0.998464
309   0.996775
310   0.994754
311   0.992457
312   0.990155
313   0.987841
314   0.98575
315   0.983815
316   0.98222
317   0.980861
318   0.979868
319   0.979123
320   0.978713
321   0.978522
322   0.978606
323   0.978861
324   0.97932
325   0.979897
326   0.980612
327   0.981398
328   0.982266
329   0.983166
330   0.984105
331   0.985046
332   0.985994
333   0.986925
334   0.987841
335   0.988727
336   0.989585
337   0.990405
338   0.99119
339   0.991933
340   0.992637
341   0.993298
342   0.993918
343   0.994496
344   0.992834
345   0.99343
346   0.995337
347   0.997266
348   0.998919
349   0.999849
350   0.999933
351   0.999225
352   0.997862
353   0.996005
354   0.99384
355   0.991521
356   0.989201
357   0.986985
358   0.98497
359   0.983206
360   0.981739
361   0.980576
362   0.979724
363   0.979164
364   0.978882
365   0.978843
366   0.979025
367   0.97939
368   0.979914
369   0.980561
370   0.98131
371   0.98213
372   0.983006
373   0.983914
374   0.984843
375   0.985773
376   0.9867
377   0.987609
378   0.988499
379   0.989358
380   0.990187
381   0.990979
382   0.991736
383   0.992451
384   0.993128
385   0.993763
386   0.994358
387   0.990874
388   0.991575
389   0.993234
390   0.995474
391   0.997715
392   0.999285
393   0.999971
394   0.999765
395   0.998779
396   0.997215
397   0.995201
398   0.992991
399   0.990654
400   0.988424
401   0.986295
402   0.984451
403   0.982832
404   0.981563
405   0.980556
406   0.979892
407   0.97947
408   0.979339
409   0.979404
410   0.979693
411   0.980123
412   0.98071
413   0.981387
414   0.982162
415   0.982986
416   0.983861
417   0.984753
418   0.985663
419   0.986567
420   0.987465
421   0.988342
422   0.989198
423   0.990024
424   0.99082
425   0.99158
426   0.992304
427   0.992991
428   0.993638
429   0.994244
430   0.988871
431   0.989287
432   0.990895
433   0.993059
434   0.995985
435   0.998276
436   0.999613
437   0.999992
438   0.999498
439   0.998285
440   0.996553
441   0.994474
442   0.992243
443   0.989988
444   0.98785
445   0.985894
446   0.984202
447   0.982787
448   0.981683
449   0.980867
450   0.980344
451   0.980074
452   0.980046
453   0.980215
454   0.980565
455   0.981052
456   0.981663
457   0.982359
458   0.98313
459   0.983945
460   0.984797
461   0.985662
462   0.986539
463   0.987406
464   0.988267
465   0.989104
466   0.989923
467   0.99071
468   0.991471
469   0.992195
470   0.992888
471   0.993541
472   0.994158
473   0.986903
474   0.987199
475   0.988427
476   0.990722
477   0.993888
478   0.996785
479   0.998829
480   0.999847
481   0.999908
482   0.99915
483   0.997739
484   0.99591
485   0.993796
486   0.99163
487   0.989471
488   0.987501
489   0.98571
490   0.984224
491   0.982987
492   0.982077
493   0.981415
494   0.981045
495   0.980886
496   0.980959
497   0.981193
498   0.981596
499   0.982108
500   0.982731
501   0.983421
502   0.984177
503   0.984965
504   0.985784
505   0.986612
506   0.987447
507   0.988273
508   0.989089
509   0.989887
510   0.990663
511   0.991413
512   0.992135
513   0.992825
514   0.993481
515   0.994101
516   0.984978
517   0.984951
518   0.985844
519   0.987651
520   0.991381
521   0.994886
522   0.997581
523   0.999291
524   0.999969
525   0.999729
526   0.998746
527   0.997205
528   0.995326
529   0.99326
530   0.991186
531   0.989191
532   0.987391
533   0.985809
534   0.984508
535   0.983469
536   0.982718
537   0.982211
538   0.981954
539   0.981897
540   0.982035
541   0.982318
542   0.982742
543   0.983262
544   0.983876
545   0.984544
546   0.98527
547   0.986019
548   0.986797
549   0.987579
550   0.988369
551   0.989147
552   0.98992
553   0.990671
554   0.991409
555   0.992116
556   0.992803
557   0.993454
558   0.994076
559   0.98316
560   0.982849
561   0.983314
562   0.985147
563   0.988668
564   0.992558
565   0.995906
566   0.99829
567   0.999639
568   0.99998
569   0.999472
570   0.99832
571   0.9967
572   0.994843
573   0.99286
574   0.990939
575   0.989118
576   0.987524
577   0.986137
578   0.985035
579   0.984167
580   0.983571
581   0.983186
582   0.983029
583   0.983041
584   0.983226
585   0.983534
586   0.983962
587   0.984473
588   0.985061
589   0.985699
590   0.986381
591   0.987089
592   0.987816
593   0.988552
594   0.98929
595   0.990025
596   0.990749
597   0.991461
598   0.992153
599   0.992825
600   0.99347
601   0.994086
602   0.981502
603   0.980868
604   0.980827
605   0.981837
606   0.985665
607   0.989874
608   0.993768
609   0.996853
610   0.99888
611   0.999859
612   0.999896
613   0.999176
614   0.997915
615   0.996288
616   0.994499
617   0.992655
618   0.990905
619   0.989287
620   0.987891
621   0.986705
622   0.985776
623   0.985065
624   0.984594
625   0.98431
626   0.984224
627   0.984282
628   0.984491
629   0.984801
630   0.985219
631   0.985702
632   0.986258
633   0.986851
634   0.98749
635   0.988144
636   0.988825
637   0.989508
638   0.990201
639   0.990885
640   0.99157
641   0.992235
642   0.992892
643   0.993521
644   0.99413
645   0.980054
646   0.979066
647   0.97861
648   0.979528
649   0.98259
650   0.986835
651   0.991227
652   0.994952
653   0.997699
654   0.999332
655   0.999963
656   0.999746
657   0.998877
658   0.997574
659   0.995993
660   0.994323
661   0.992644
662   0.991087
663   0.98967
664   0.98847
665   0.987465
666   0.986693
667   0.986114
668   0.985742
669   0.985535
670   0.985493
671   0.98558
672   0.98579
673   0.986092
674   0.986481
675   0.986933
676   0.987442
677   0.987993
678   0.988577
679   0.989186
680   0.989813
681   0.990451
682   0.991094
683   0.991738
684   0.992376
685   0.993006
686   0.993618
687   0.99421
688   0.978878
689   0.977636
690   0.976639
691   0.97657
692   0.97942
693   0.983374
694   0.988225
695   0.992628
696   0.996053
697   0.998392
698   0.999643
699   0.999974
700   0.999569
701   0.998619
702   0.997335
703   0.99585
704   0.994329
705   0.992833
706   0.991473
707   0.990249
708   0.989229
709   0.98838
710   0.98774
711   0.987262
712   0.986968
713   0.986807
714   0.986795
715   0.986883
716   0.987087
717   0.987361
718   0.98772
719   0.988127
720   0.988595
721   0.989092
722   0.989632
723   0.990187
724   0.990771
725   0.991359
726   0.991964
727   0.992561
728   0.993164
729   0.99375
730   0.994326
731   0.977985
732   0.976409
733   0.975119
734   0.974813
735   0.976327
736   0.979901
737   0.984918
738   0.989855
739   0.99399
740   0.996996
741   0.998918
742   0.999831
743   0.999928
744   0.999404
745   0.99844
746   0.997223
747   0.995871
748   0.994516
749   0.993212
750   0.992035
751   0.990993
752   0.990124
753   0.989412
754   0.98887
755   0.988475
756   0.988226
757   0.9881
758   0.98809
759   0.988177
760   0.988353
761   0.988602
762   0.988917
763   0.989286
764   0.989702
765   0.990157
766   0.990645
767   0.99116
768   0.991695
769   0.992247
770   0.992806
771   0.99337
772   0.993929
773   0.994479
774   0.977425
775   0.975655
776   0.973957
777   0.972951
778   0.973523
779   0.975722
780   0.981208
781   0.986757
782   0.991453
783   0.995178
784   0.997745
785   0.999291
786   0.999928
787   0.999861
788   0.999284
789   0.998355
790   0.997247
791   0.996043
792   0.994866
793   0.993736
794   0.992734
795   0.99184
796   0.991106
797   0.990493
798   0.990036
799   0.989688
800   0.989477
801   0.989356
802   0.989348
803   0.989412
804   0.989566
805   0.989774
806   0.990055
807   0.990376
808   0.990754
809   0.99116
810   0.991611
811   0.99208
812   0.992582
813   0.99309
814   0.993618
815   0.994139
816   0.994665
817   0.977197
818   0.975189
819   0.973172
820   0.971596
821   0.971045
822   0.972819
823   0.977529
824   0.983225
825   0.988518
826   0.992862
827   0.996135
828   0.998308
829   0.999533
830   0.999967
831   0.999807
832   0.999231
833   0.998385
834   0.997401
835   0.996361
836   0.995345
837   0.994385
838   0.993524
839   0.992766
840   0.992127
841   0.991602
842   0.991193
843   0.990888
844   0.990685
845   0.990573
846   0.990545
847   0.990593
848   0.99071
849   0.990891
850   0.991127
851   0.991415
852   0.991747
853   0.992121
854   0.992529
855   0.992968
856   0.993428
857   0.993908
858   0.994395
859   0.994884
860   0.977297
861   0.975219
862   0.972813
863   0.970697
864   0.969038
865   0.968951
866   0.973777
867   0.979564
868   0.985184
869   0.990164
870   0.994059
871   0.996908
872   0.998713
873   0.999686
874   0.999979
875   0.999781
876   0.999253
877   0.998505
878   0.997663
879   0.99677
880   0.995911
881   0.995086
882   0.994354
883   0.993692
884   0.993141
885   0.992668
886   0.992305
887   0.992014
888   0.991825
889   0.991699
890   0.991662
891   0.991679
892   0.991775
893   0.991916
894   0.992126
895   0.992373
896   0.992678
897   0.993013
898   0.993396
899   0.993798
900   0.994234
901   0.994675
902   0.995133
903   0.977671
904   0.975415
905   0.972809
906   0.970108
907   0.96769
908   0.967247
909   0.970334
910   0.97566
911   0.981558
912   0.987009
913   0.991575
914   0.995035
915   0.997469
916   0.998982
917   0.999764
918   0.999983
919   0.999797
920   0.99934
921   0.998713
922   0.997999
923   0.997252
924   0.996517
925   0.99582
926   0.99518
927   0.994609
928   0.99411
929   0.99369
930   0.993344
931   0.993076
932   0.992878
933   0.992751
934   0.992689
935   0.992693
936   0.992756
937   0.992878
938   0.993052
939   0.993278
940   0.993549
941   0.993864
942   0.994213
943   0.994595
944   0.994996
945   0.99541
946   0.978312
947   0.976119
948   0.973261
949   0.970323
950   0.96704
951   0.964777
952   0.967253
953   0.971671
954   0.977663
955   0.983593
956   0.988673
957   0.992786
958   0.995783
959   0.997873
960   0.999139
961   0.9998
962   0.999987
963   0.99984
964   0.999473
965   0.998954
966   0.998368
967   0.997736
968   0.99712
969   0.996514
970   0.995963
971   0.995448
972   0.995006
973   0.994611
974   0.994293
975   0.994025
976   0.993834
977   0.993691
978   0.993624
979   0.993603
980   0.993653
981   0.993746
982   0.993906
983   0.994104
984   0.99436
985   0.994647
986   0.994981
987   0.995331
988   0.995709
989   0.979144
990   0.97686
991   0.974024
992   0.970758
993   0.96728
994   0.964761
995   0.96471
996   0.968067
997   0.973753
998   0.979866
999   0.985475
1000   0.990092
1001   0.993697
1002   0.996312
1003   0.9981
1004   0.999207
1005   0.999793
1006   0.999988
1007   0.999903
1008   0.999622
1009   0.999216
1010   0.998733
1011   0.998214
1012   0.997684
1013   0.997168
1014   0.996675
1015   0.996223
1016   0.995811
1017   0.995452
1018   0.995142
1019   0.99489
1020   0.99469
1021   0.994551
1022   0.994465
1023   0.994439
1024   0.994468
1025   0.994554
1026   0.994691
1027   0.994881
1028   0.995115
1029   0.995391
1030   0.995697
1031   0.996027
1032   0.980168
1033   0.978052
1034   0.975166
1035   0.971958
1036   0.968179
1037   0.964885
1038   0.96343
1039   0.964153
1040   0.969788
1041   0.976134
1042   0.981973
1043   0.987146
1044   0.991219
1045   0.994395
1046   0.996647
1047   0.998224
1048   0.999204
1049   0.99976
1050   0.999978
1051   0.999956
1052   0.999763
1053   0.999447
1054   0.999063
1055   0.998628
1056   0.998184
1057   0.99773
1058   0.997302
1059   0.996888
1060   0.996518
1061   0.996176
1062   0.995889
1063   0.995638
1064   0.995449
1065   0.9953
1066   0.995218
1067   0.995179
1068   0.995207
1069   0.995277
1070   0.995413
1071   0.995585
1072   0.995814
1073   0.996067
1074   0.996359
1075   0.981308
1076   0.979222
1077   0.976545
1078   0.973328
1079   0.969617
1080   0.965967
1081   0.96305
1082   0.962903
1083   0.96648
1084   0.972275
1085   0.978359
1086   0.983851
1087   0.988446
1088   0.99207
1089   0.994819
1090   0.996827
1091   0.998225
1092   0.999146
1093   0.99969
1094   0.999948
1095   0.999991
1096   0.999875
1097   0.999648
1098   0.999342
1099   0.99899
1100   0.998609
1101   0.998222
1102   0.997837
1103   0.997471
1104   0.997126
1105   0.996815
1106   0.996537
1107   0.996305
1108   0.996115
1109   0.995978
1110   0.995889
1111   0.995856
1112   0.995875
1113   0.99595
1114   0.996074
1115   0.996246
1116   0.996457
1117   0.9967
1118   0.982545
1119   0.980708
1120   0.978147
1121   0.97522
1122   0.971545
1123   0.967871
1124   0.963989
1125   0.961316
1126   0.964084
1127   0.96883
1128   0.974797
1129   0.980607
1130   0.985476
1131   0.989559
1132   0.992683
1133   0.995127
1134   0.996897
1135   0.99819
1136   0.999053
1137   0.999605
1138   0.999897
1139   0.999998
1140   0.999951
1141   0.999793
1142   0.999561
1143   0.999272
1144   0.998956
1145   0.998617
1146   0.998283
1147   0.997949
1148   0.99764
1149   0.997347
1150   0.997095
1151   0.99687
1152   0.996697
1153   0.996561
1154   0.996485
1155   0.996451
1156   0.996479
1157   0.996549
1158   0.996678
1159   0.996839
1160   0.997043
1161   0.983798
1162   0.982055
1163   0.979795
1164   0.977016
1165   0.973664
1166   0.969927
1167   0.966043
1168   0.963162
1169   0.96273
1170   0.966216
1171   0.971652
1172   0.977341
1173   0.982479
1174   0.98682
1175   0.990325
1176   0.993123
1177   0.995269
1178   0.996908
1179   0.998097
1180   0.998944
1181   0.999497
1182   0.999828
1183   0.999978
1184   0.99999
1185   0.999897
1186   0.999724
1187   0.999498
1188   0.999231
1189   0.998946
1190   0.998648
1191   0.998355
1192   0.998071
1193   0.997809
1194   0.997571
1195   0.99737
1196   0.997205
1197   0.997087
1198   0.997015
1199   0.996996
1200   0.997025
1201   0.997105
1202   0.997227
1203   0.997386
1204   0.985053
1205   0.983562
1206   0.981483
1207   0.979071
1208   0.975963
1209   0.972626
1210   0.968784
1211   0.965468
1212   0.963848
1213   0.964163
1214   0.969046
1215   0.974644
1216   0.979659
1217   0.984237
1218   0.987934
1219   0.991045
1220   0.993477
1221   0.995431
1222   0.996909
1223   0.998036
1224   0.99884
1225   0.999401
1226   0.999751
1227   0.999942
1228   1
1229   0.999957
1230   0.999838
1231   0.999659
1232   0.999443
1233   0.999197
1234   0.998942
1235   0.998678
1236   0.998427
1237   0.998186
1238   0.997975
1239   0.997788
1240   0.997647
1241   0.997539
1242   0.997487
1243   0.997473
1244   0.997517
1245   0.997595
1246   0.99772
1247   0.986251
1248   0.98487
1249   0.983095
1250   0.980906
1251   0.978249
1252   0.975196
1253   0.971868
1254   0.968637
1255   0.966139
1256   0.965701
1257   0.967672
1258   0.97241
1259   0.977239
1260   0.981796
1261   0.985632
1262   0.988937
1263   0.991607
1264   0.99382
1265   0.995553
1266   0.996934
1267   0.997973
1268   0.998756
1269   0.999304
1270   0.999675
1271   0.999892
1272   0.999989
1273   0.999989
1274   0.999913
1275   0.99978
1276   0.999603
1277   0.999399
1278   0.999175
1279   0.998948
1280   0.998722
1281   0.998511
1282   0.998319
1283   0.998159
1284   0.998031
1285   0.997948
1286   0.997906
1287   0.997911
1288   0.997958
1289   0.998043
1290   0.987393
1291   0.986224
1292   0.984636
1293   0.982797
1294   0.980461
1295   0.977921
1296   0.974982
1297   0.972211
1298   0.96953
1299   0.967844
1300   0.968946
1301   0.971546
1302   0.975805
1303   0.980106
1304   0.983812
1305   0.98714
1306   0.989918
1307   0.992282
1308   0.994198
1309   0.995769
1310   0.997002
1311   0.997973
1312   0.998701
1313   0.999239
1314   0.999608
1315   0.999844
1316   0.999967
1317   0.999999
1318   0.999959
1319   0.99986
1320   0.999721
1321   0.999548
1322   0.999359
1323   0.999158
1324   0.998963
1325   0.998774
1326   0.998611
1327   0.998468
1328   0.998367
1329   0.998298
1330   0.998278
1331   0.998291
1332   0.998348
1333   0.98845
1334   0.987382
1335   0.986046
1336   0.984426
1337   0.982499
1338   0.980295
1339   0.977912
1340   0.975437
1341   0.973239
1342   0.97151
1343   0.971179
1344   0.972775
1345   0.97542
1346   0.979137
1347   0.982495
1348   0.985729
1349   0.988468
1350   0.990901
1351   0.992906
1352   0.994613
1353   0.995984
1354   0.997111
1355   0.997987
1356   0.998676
1357   0.999184
1358   0.999554
1359   0.999796
1360   0.999939
1361   0.999996
1362   0.999984
1363   0.999917
1364   0.999806
1365   0.999666
1366   0.999504
1367   0.999334
1368   0.999162
1369   0.999002
1370   0.998859
1371   0.998745
1372   0.998661
1373   0.998616
1374   0.998607
1375   0.998633
1376   0.989431
1377   0.988521
1378   0.987342
1379   0.985992
1380   0.984335
1381   0.982533
1382   0.9805
1383   0.978488
1384   0.976547
1385   0.97505
1386   0.974403
1387   0.974766
1388   0.976728
1389   0.979313
1390   0.982186
1391   0.984978
1392   0.987551
1393   0.989862
1394   0.991867
1395   0.993598
1396   0.995048
1397   0.996265
1398   0.997252
1399   0.998054
1400   0.998679
1401   0.999163
1402   0.999515
1403   0.999761
1404   0.999912
1405   0.999987
1406   0.999996
1407   0.999952
1408   0.999867
1409   0.99975
1410   0.999616
1411   0.999469
1412   0.999325
1413   0.999186
1414   0.999071
1415   0.998975
1416   0.998917
1417   0.998885
1418   0.998893
1419   0.990326
1420   0.989503
1421   0.988509
1422   0.987336
1423   0.985979
1424   0.98445
1425   0.982824
1426   0.981128
1427   0.979604
1428   0.978281
1429   0.977648
1430   0.977594
1431   0.978583
1432   0.98038
1433   0.982507
1434   0.984845
1435   0.987061
1436   0.989191
1437   0.991069
1438   0.992771
1439   0.994218
1440   0.995483
1441   0.99653
1442   0.997416
1443   0.998128
1444   0.998707
1445   0.999152
1446   0.999492
1447   0.999731
1448   0.999889
1449   0.999974
1450   0.999999
1451   0.999974
1452   0.99991
1453   0.999817
1454   0.999704
1455   0.999582
1456   0.99946
1457   0.999348
1458   0.999252
1459   0.999182
1460   0.99914
1461   0.999127
1462   0.99115
1463   0.990438
1464   0.989566
1465   0.988584
1466   0.987428
1467   0.986177
1468   0.98481
1469   0.983441
1470   0.98214
1471   0.981041
1472   0.980358
1473   0.980134
1474   0.980701
1475   0.981826
1476   0.983418
1477   0.985212
1478   0.987082
1479   0.988908
1480   0.990622
1481   0.992193
1482   0.993595
1483   0.994836
1484   0.995905
1485   0.996825
1486   0.997595
1487   0.998238
1488   0.998756
1489   0.99917
1490   0.999485
1491   0.999716
1492   0.999871
1493   0.999962
1494   0.999997
1495   0.999987
1496   0.999939
1497   0.999864
1498   0.999772
1499   0.999669
1500   0.999571
1501   0.999478
1502   0.999407
1503   0.999354
1504   0.99933
1505   0.991901
1506   0.991261
1507   0.990519
1508   0.989672
1509   0.98872
1510   0.987668
1511   0.98657
1512   0.985431
1513   0.984392
1514   0.983451
1515   0.982843
1516   0.982544
1517   0.982778
1518   0.983489
1519   0.984573
1520   0.985943
1521   0.987414
1522   0.988958
1523   0.990432
1524   0.991859
1525   0.993147
1526   0.994338
1527   0.995377
1528   0.996308
1529   0.997097
1530   0.997784
1531   0.998349
1532   0.998822
1533   0.999196
1534   0.999492
1535   0.999708
1536   0.99986
1537   0.999952
1538   0.999994
1539   0.999994
1540   0.99996
1541   0.999901
1542   0.999825
1543   0.999744
1544   0.999663
1545   0.999593
1546   0.999539
1547   0.999505
1548   0.992592
1549   0.992032
1550   0.991383
1551   0.990667
1552   0.989858
1553   0.988994
1554   0.988075
1555   0.987153
1556   0.986276
1557   0.985502
1558   0.984943
1559   0.984632
1560   0.984708
1561   0.985123
1562   0.985882
1563   0.986874
1564   0.988033
1565   0.989271
1566   0.990529
1567   0.99176
1568   0.992927
1569   0.994016
1570   0.995007
1571   0.995902
1572   0.996691
1573   0.997385
1574   0.997979
1575   0.998486
1576   0.998904
1577   0.999245
1578   0.999512
1579   0.999714
1580   0.999856
1581   0.999946
1582   0.999991
1583   0.999997
1584   0.999973
1585   0.999926
1586   0.999867
1587   0.9998
1588   0.999739
1589   0.999685
1590   0.99965
1591   0.993225
1592   0.992724
1593   0.992166
1594   0.99155
1595   0.990879
1596   0.990153
1597   0.989409
1598   0.988644
1599   0.987938
1600   0.987285
1601   0.986808
1602   0.986498
1603   0.986468
1604   0.9867
1605   0.987195
1606   0.987916
1607   0.988784
1608   0.989776
1609   0.9908
1610   0.991857
1611   0.992869
1612   0.993857
1613   0.994761
1614   0.995612
1615   0.996367
1616   0.997057
1617   0.997651
1618   0.998179
1619   0.99862
1620   0.998997
1621   0.999299
1622   0.999544
1623   0.999726
1624   0.999859
1625   0.999943
1626   0.999988
1627   0.999999
1628   0.999982
1629   0.999947
1630   0.9999
1631   0.99985
1632   0.999803
1633   0.999766
1634   0.993808
1635   0.993367
1636   0.992879
1637   0.992353
1638   0.991782
1639   0.991181
1640   0.990559
1641   0.989936
1642   0.989344
1643   0.98881
1644   0.988391
1645   0.988109
1646   0.988027
1647   0.988142
1648   0.98847
1649   0.988978
1650   0.989638
1651   0.990406
1652   0.991243
1653   0.992118
1654   0.992994
1655   0.993855
1656   0.994677
1657   0.995452
1658   0.996167
1659   0.996822
1660   0.997408
1661   0.99793
1662   0.998383
1663   0.998774
1664   0.999101
1665   0.999371
1666   0.999585
1667   0.99975
1668   0.999867
1669   0.999945
1670   0.999987
1671   0.999999
1672   0.999988
1673   0.999961
1674   0.999925
1675   0.999886
1676   0.999854
1677   0.994345
1678   0.993951
1679   0.993528
1680   0.993074
1681   0.992596
1682   0.992089
1683   0.99158
1684   0.991061
1685   0.990581
1686   0.990132
1687   0.989781
1688   0.989521
1689   0.989415
1690   0.989455
1691   0.989662
1692   0.990021
1693   0.990506
1694   0.991106
1695   0.99177
1696   0.992497
1697   0.993231
1698   0.993984
1699   0.994703
1700   0.99541
1701   0.996061
1702   0.996681
1703   0.997234
1704   0.997746
1705   0.99819
1706   0.998588
1707   0.998923
1708   0.999212
1709   0.999444
1710   0.999634
1711   0.999776
1712   0.999881
1713   0.999948
1714   0.999986
1715   0.999999
1716   0.999992
1717   0.999972
1718   0.999945
1719   0.999918
1720   0.994839
1721   0.994491
1722   0.99412
1723   0.993729
1724   0.993319
1725   0.992895
1726   0.992465
1727   0.992038
1728   0.991635
1729   0.991267
1730   0.990963
1731   0.99074
1732   0.990625
1733   0.990627
1734   0.990758
1735   0.991011
1736   0.991377
1737   0.991839
1738   0.992374
1739   0.992965
1740   0.993586
1741   0.994225
1742   0.994859
1743   0.995482
1744   0.996076
1745   0.996639
1746   0.99716
1747   0.99764
1748   0.998071
1749   0.998457
1750   0.998793
1751   0.999083
1752   0.999327
1753   0.999528
1754   0.999687
1755   0.99981
1756   0.999897
1757   0.999956
1758   0.999988
1759   0.999999
1760   0.999995
1761   0.99998
1762   0.999961
1763   0.995295
1764   0.994985
1765   0.994661
1766   0.994321
1767   0.993971
1768   0.99361
1769   0.993252
1770   0.992892
1771   0.992561
1772   0.992249
1773   0.991999
1774   0.9918
1775   0.991693
1776   0.991671
1777   0.991753
1778   0.991935
1779   0.992209
1780   0.992572
1781   0.992996
1782   0.993485
1783   0.993998
1784   0.994548
1785   0.99509
1786   0.995644
1787   0.996167
1788   0.996683
1789   0.997155
1790   0.997607
1791   0.998008
1792   0.998381
1793   0.998702
1794   0.998992
1795   0.999233
1796   0.999441
1797   0.999607
1798   0.999742
1799   0.999842
1800   0.999916
1801   0.999962
1802   0.999989
1803   0.999999
1804   0.999996
1805   0.999986
1806   0.995715
1807   0.99544
1808   0.995154
1809   0.994857
1810   0.994553
1811   0.994245
1812   0.993938
1813   0.993637
1814   0.993354
1815   0.993098
1816   0.992882
1817   0.992718
1818   0.992619
1819   0.992593
1820   0.992648
1821   0.992785
1822   0.993
1823   0.993287
1824   0.993635
1825   0.994034
1826   0.99447
1827   0.994932
1828   0.995405
1829   0.995882
1830   0.99635
1831   0.996805
1832   0.997237
1833   0.997643
1834   0.998019
1835   0.998362
1836   0.998669
1837   0.998942
1838   0.999179
1839   0.999382
1840   0.999551
1841   0.999688
1842   0.999796
1843   0.999877
1844   0.999934
1845   0.999971
1846   0.999992
1847   0.999999
1848   0.999997
