##### Y Variance #####
0   0.999998
1   0.99993
2   0.999736
3   0.999385
4   0.998861
5   0.998185
6   0.997377
7   0.996486
8   0.995542
9   0.994598
10   0.993679
11   0.992823
12   0.992045
13   0.99137
14   0.9908
15   0.99035
16   0.990012
17   0.989791
18   0.989674
19   0.98966
20   0.989734
21   0.989891
22   0.990114
23   0.990399
24   0.99073
25   0.9911
26   0.991499
27   0.991919
28   0.992351
29   0.99279
30   0.993229
31   0.993664
32   0.994091
33   0.994506
34   0.994907
35   0.995291
36   0.995658
37   0.996006
38   0.996335
39   0.996645
40   0.996934
41   0.997204
42   0.997456
43   0.999983
44   0.99999
45   0.999858
46   0.999552
47   0.99901
48   0.998317
49   0.997411
50   0.996457
51   0.995379
52   0.994357
53   0.9933
54   0.992373
55   0.991478
56   0.990752
57   0.990095
58   0.989617
59   0.989224
60   0.988999
61   0.988856
62   0.988857
63   0.988928
64   0.989114
65   0.989353
66   0.989675
67   0.990033
68   0.990446
69   0.990877
70   0.99134
71   0.991807
72   0.992288
73   0.992762
74   0.993236
75   0.993696
76   0.994146
77   0.994577
78   0.994992
79   0.995387
80   0.995761
81   0.996114
82   0.996446
83   0.996756
84   0.997045
85   0.997314
86   0.999883
87   0.999985
88   0.99997
89   0.999756
90   0.999284
91   0.998581
92   0.997664
93   0.996616
94   0.995474
95   0.994319
96   0.993181
97   0.992121
98   0.991151
99   0.990311
100   0.989599
101   0.989037
102   0.988612
103   0.988333
104   0.988181
105   0.988156
106   0.988237
107   0.988419
108   0.98868
109   0.989015
110   0.989403
111   0.989839
112   0.990305
113   0.990797
114   0.9913
115   0.991812
116   0.992321
117   0.992826
118   0.993319
119   0.993798
120   0.994259
121   0.994701
122   0.995122
123   0.995521
124   0.995897
125   0.99625
126   0.996581
127   0.996888
128   0.997174
129   0.999656
130   0.999869
131   0.999996
132   0.999921
133   0.999554
134   0.998921
135   0.997996
136   0.996933
137   0.995701
138   0.994483
139   0.993219
140   0.992079
141   0.990982
142   0.99007
143   0.989249
144   0.988634
145   0.988129
146   0.987819
147   0.987616
148   0.987581
149   0.987637
150   0.987826
151   0.988082
152   0.988436
153   0.988833
154   0.989295
155   0.98978
156   0.990302
157   0.990829
158   0.991372
159   0.991907
160   0.992442
161   0.992961
162   0.993469
163   0.993955
164   0.994423
165   0.994868
166   0.99529
167   0.995688
168   0.996061
169   0.996411
170   0.996736
171   0.997039
172   0.999258
173   0.999568
174   0.999883
175   1
176   0.999818
177   0.999302
178   0.998466
179   0.9974
180   0.996165
181   0.99486
182   0.993539
183   0.992276
184   0.991102
185   0.990063
186   0.98917
187   0.988446
188   0.987885
189   0.987493
190   0.987255
191   0.987166
192   0.987205
193   0.987364
194   0.98762
195   0.987962
196   0.988371
197   0.988835
198   0.989338
199   0.989871
200   0.990421
201   0.99098
202   0.991539
203   0.992094
204   0.992637
205   0.993165
206   0.993675
207   0.994163
208   0.994629
209   0.995071
210   0.995489
211   0.995881
212   0.996248
213   0.996591
214   0.996909
215   0.998662
216   0.999089
217   0.999589
218   0.999929
219   0.999971
220   0.99964
221   0.998924
222   0.997943
223   0.99671
224   0.995401
225   0.994001
226   0.992682
227   0.991392
228   0.990279
229   0.989267
230   0.988472
231   0.987808
232   0.987361
233   0.987044
234   0.986918
235   0.986905
236   0.987044
237   0.987268
238   0.987605
239   0.987999
240   0.988468
241   0.988969
242   0.989514
243   0.99007
244   0.990644
245   0.991216
246   0.991788
247   0.992346
248   0.992893
249   0.993419
250   0.993926
251   0.994409
252   0.994869
253   0.995303
254   0.995712
255   0.996096
256   0.996454
257   0.996787
258   0.997838
259   0.99829
260   0.999041
261   0.999648
262   0.999981
263   0.999895
264   0.999389
265   0.998527
266   0.997389
267   0.99608
268   0.994682
269   0.993283
270   0.991942
271   0.990714
272   0.98963
273   0.988717
274   0.987983
275   0.987433
276   0.987059
277   0.986853
278   0.986798
279   0.98688
280   0.987079
281   0.987379
282   0.98776
283   0.988208
284   0.988706
285   0.989241
286   0.989801
287   0.990375
288   0.990954
289   0.991532
290   0.992101
291   0.992657
292   0.993197
293   0.993715
294   0.994213
295   0.994686
296   0.995135
297   0.995558
298   0.995956
299   0.996327
300   0.996674
301   0.996813
302   0.997349
303   0.998259
304   0.999145
305   0.999793
306   1
307   0.999743
308   0.99908
309   0.998059
310   0.996834
311   0.995437
312   0.994034
313   0.99262
314   0.991338
315   0.990149
316   0.989164
317   0.988322
318   0.987702
319   0.987233
320   0.986969
321   0.986838
322   0.986877
323   0.987019
324   0.987289
325   0.987632
326   0.988061
327   0.988535
328   0.98906
329   0.989607
330   0.990178
331   0.990753
332   0.991332
333   0.991903
334   0.992465
335   0.993009
336   0.993537
337   0.994043
338   0.994527
339   0.994986
340   0.995421
341   0.995831
342   0.996215
343   0.996573
344   0.995613
345   0.99598
346   0.997149
347   0.998325
348   0.99933
349   0.999902
350   0.999965
351   0.999549
352   0.998733
353   0.997614
354   0.996303
355   0.994893
356   0.993477
357   0.992121
358   0.990882
359   0.989794
360   0.988884
361   0.988158
362   0.987621
363   0.987262
364   0.987073
365   0.987033
366   0.98713
367   0.987339
368   0.987648
369   0.988033
370   0.988482
371   0.988977
372   0.989508
373   0.990059
374   0.990625
375   0.991193
376   0.991761
377   0.992319
378   0.992865
379   0.993394
380   0.993905
381   0.994393
382   0.994861
383   0.995303
384   0.995723
385   0.996116
386   0.996485
387   0.994384
388   0.994815
389   0.995838
390   0.997211
391   0.998578
392   0.999542
393   0.999977
394   0.999874
395   0.999296
396   0.998363
397   0.99715
398   0.995812
399   0.99439
400   0.993027
401   0.99172
402   0.990582
403   0.989578
404   0.988786
405   0.988152
406   0.987727
407   0.987449
408   0.98735
409   0.987372
410   0.987533
411   0.987782
412   0.988128
413   0.988532
414   0.988997
415   0.989495
416   0.990025
417   0.990568
418   0.991123
419   0.991676
420   0.992226
421   0.992765
422   0.993291
423   0.993801
424   0.994292
425   0.994762
426   0.99521
427   0.995635
428   0.996036
429   0.996412
430   0.993123
431   0.993371
432   0.994374
433   0.995711
434   0.997493
435   0.998899
436   0.999737
437   0.999999
438   0.999729
439   0.999019
440   0.997986
441   0.996734
442   0.995382
443   0.994007
444   0.992696
445   0.991491
446   0.990442
447   0.989558
448   0.988863
449   0.988342
450   0.988001
451   0.987814
452   0.987777
453   0.987861
454   0.988059
455   0.988342
456   0.988704
457   0.989119
458   0.989583
459   0.990075
460   0.990593
461   0.99112
462   0.991655
463   0.992186
464   0.992715
465   0.99323
466   0.993735
467   0.994221
468   0.994691
469   0.995139
470   0.995568
471   0.995973
472   0.996356
473   0.991883
474   0.992061
475   0.992824
476   0.994238
477   0.996172
478   0.99795
479   0.999225
480   0.999883
481   0.999963
482   0.999539
483   0.998711
484   0.99762
485   0.996345
486   0.995029
487   0.993708
488   0.992496
489   0.991387
490   0.99046
491   0.989682
492   0.989102
493   0.988673
494   0.988423
495   0.988303
496   0.988327
497   0.988451
498   0.988681
499   0.988979
500   0.989349
501   0.989762
502   0.990217
503   0.990694
504   0.991192
505   0.991697
506   0.992208
507   0.992715
508   0.993217
509   0.993709
510   0.994188
511   0.994652
512   0.995098
513   0.995526
514   0.995933
515   0.996319
516   0.99067
517   0.990643
518   0.991203
519   0.992319
520   0.99459
521   0.996738
522   0.998416
523   0.999505
524   0.99997
525   0.999874
526   0.999317
527   0.998411
528   0.997286
529   0.996038
530   0.994773
531   0.993548
532   0.992435
533   0.991449
534   0.990631
535   0.989971
536   0.989486
537   0.98915
538   0.988969
539   0.98891
540   0.988974
541   0.989128
542   0.989372
543   0.989677
544   0.990041
545   0.990442
546   0.990879
547   0.991334
548   0.991808
549   0.992286
550   0.99277
551   0.993249
552   0.993725
553   0.994189
554   0.994645
555   0.995084
556   0.995509
557   0.995914
558   0.996301
559   0.989527
560   0.989326
561   0.989614
562   0.990734
563   0.992874
564   0.995256
565   0.997334
566   0.998842
567   0.999727
568   0.999996
569   0.99974
570   0.999081
571   0.998124
572   0.997009
573   0.995806
574   0.99463
575   0.993506
576   0.992514
577   0.991644
578   0.990945
579   0.990387
580   0.989995
581   0.989734
582   0.989613
583   0.989598
584   0.989691
585   0.989861
586   0.990108
587   0.990409
588   0.990759
589   0.991142
590   0.991555
591   0.991985
592   0.992429
593   0.99288
594   0.993334
595   0.993786
596   0.994234
597   0.994674
598   0.995103
599   0.99552
600   0.995921
601   0.996304
602   0.988483
603   0.988078
604   0.988055
605   0.988669
606   0.990978
607   0.993542
608   0.995959
609   0.997901
610   0.999209
611   0.999878
612   0.999967
613   0.999583
614   0.998854
615   0.997888
616   0.996809
617   0.995686
618   0.994608
619   0.993604
620   0.992729
621   0.991979
622   0.991384
623   0.990921
624   0.990606
625   0.990406
626   0.990329
627   0.990343
628   0.990452
629   0.990625
630   0.990868
631   0.991153
632   0.991485
633   0.991842
634   0.992229
635   0.992628
636   0.993045
637   0.993464
638   0.993892
639   0.994314
640   0.994738
641   0.995151
642   0.995558
643   0.995949
644   0.996329
645   0.987572
646   0.986951
647   0.986668
648   0.987211
649   0.989036
650   0.991613
651   0.99433
652   0.996668
653   0.998424
654   0.999501
655   0.999964
656   0.999897
657   0.999419
658   0.99866
659   0.997716
660   0.996703
661   0.995674
662   0.99471
663   0.993825
664   0.993067
665   0.992426
666   0.991926
667   0.991544
668   0.99129
669   0.991138
670   0.99109
671   0.991123
672   0.991234
673   0.991405
674   0.991631
675   0.991899
676   0.992204
677   0.992536
678   0.992892
679   0.993264
680   0.993649
681   0.994042
682   0.99444
683   0.994839
684   0.995235
685   0.995626
686   0.996007
687   0.996376
688   0.98683
689   0.986046
690   0.985436
691   0.985386
692   0.987049
693   0.98941
694   0.992414
695   0.995169
696   0.997344
697   0.998862
698   0.999713
699   0.999992
700   0.999807
701   0.999274
702   0.99852
703   0.997627
704   0.9967
705   0.995778
706   0.99493
707   0.99416
708   0.993511
709   0.992964
710   0.992546
711   0.992226
712   0.992021
713   0.991899
714   0.991871
715   0.991907
716   0.992017
717   0.992172
718   0.992382
719   0.992624
720   0.992905
721   0.993206
722   0.993536
723   0.993877
724   0.994237
725   0.9946
726   0.994975
727   0.995346
728   0.995721
729   0.996086
730   0.996445
731   0.986268
732   0.985282
733   0.98448
734   0.984263
735   0.985117
736   0.987243
737   0.990319
738   0.993394
739   0.996004
740   0.997936
741   0.999205
742   0.99985
743   0.999983
744   0.999719
745   0.999169
746   0.998448
747   0.997631
748   0.9968
749   0.99599
750   0.995252
751   0.994591
752   0.994034
753   0.993572
754   0.993215
755   0.992948
756   0.992773
757   0.992675
758   0.99265
759   0.992688
760   0.992782
761   0.992924
762   0.993109
763   0.993329
764   0.993581
765   0.993858
766   0.994157
767   0.994474
768   0.994805
769   0.995147
770   0.995495
771   0.995846
772   0.996195
773   0.996538
774   0.985912
775   0.984801
776   0.983748
777   0.98311
778   0.983372
779   0.984632
780   0.987986
781   0.991421
782   0.994371
783   0.996745
784   0.998416
785   0.999457
786   0.99993
787   0.999956
788   0.999651
789   0.999114
790   0.998452
791   0.997719
792   0.996992
793   0.996287
794   0.995654
795   0.995084
796   0.994611
797   0.994211
798   0.993907
799   0.993671
800   0.993521
801   0.993429
802   0.993408
803   0.993434
804   0.993517
805   0.993636
806   0.993802
807   0.993994
808   0.994224
809   0.994473
810   0.994751
811   0.99504
812   0.995352
813   0.995668
814   0.995997
815   0.996322
816   0.996651
817   0.985764
818   0.984508
819   0.983249
820   0.982248
821   0.981844
822   0.982848
823   0.985688
824   0.989192
825   0.992496
826   0.995249
827   0.997357
828   0.998788
829   0.999629
830   0.999969
831   0.999929
832   0.999616
833   0.999122
834   0.99853
835   0.997892
836   0.99726
837   0.996658
838   0.996111
839   0.995625
840   0.995212
841   0.994868
842   0.994595
843   0.994389
844   0.994247
845   0.994162
846   0.994131
847   0.99415
848   0.994213
849   0.994317
850   0.994457
851   0.994631
852   0.994833
853   0.995064
854   0.995316
855   0.995588
856   0.995875
857   0.996174
858   0.996479
859   0.996785
860   0.985821
861   0.984519
862   0.983019
863   0.981687
864   0.980613
865   0.980483
866   0.983365
867   0.986888
868   0.990384
869   0.993521
870   0.996011
871   0.997861
872   0.999063
873   0.999741
874   0.999986
875   0.999912
876   0.99962
877   0.999179
878   0.998669
879   0.998118
880   0.997581
881   0.99706
882   0.996594
883   0.996168
884   0.995811
885   0.995501
886   0.99526
887   0.995064
888   0.994933
889   0.994842
890   0.994808
891   0.99481
892   0.994862
893   0.994943
894   0.995069
895   0.995219
896   0.995407
897   0.995614
898   0.995852
899   0.996102
900   0.996375
901   0.996651
902   0.996938
903   0.986048
904   0.984638
905   0.983014
906   0.981327
907   0.979802
908   0.979455
909   0.981242
910   0.98446
911   0.988105
912   0.991523
913   0.994421
914   0.996646
915   0.998238
916   0.999252
917   0.999803
918   0.999991
919   0.999916
920   0.99966
921   0.999287
922   0.998851
923   0.998389
924   0.997927
925   0.997486
926   0.997077
927   0.996709
928   0.996386
929   0.996111
930   0.995883
931   0.995703
932   0.995569
933   0.99548
934   0.995433
935   0.995429
936   0.995461
937   0.995533
938   0.995638
939   0.995777
940   0.995944
941   0.99614
942   0.996358
943   0.996597
944   0.996848
945   0.997108
946   0.986442
947   0.98507
948   0.983294
949   0.981465
950   0.979428
951   0.977997
952   0.979374
953   0.981974
954   0.985673
955   0.989375
956   0.992582
957   0.995207
958   0.997145
959   0.998517
960   0.999369
961   0.999834
962   0.999992
963   0.999933
964   0.999725
965   0.999415
966   0.999055
967   0.998662
968   0.998274
969   0.997889
970   0.997537
971   0.997206
972   0.996919
973   0.996662
974   0.996454
975   0.996277
976   0.996149
977   0.996052
978   0.996004
979   0.995985
980   0.996012
981   0.996067
982   0.996165
983   0.996287
984   0.996447
985   0.996626
986   0.996835
987   0.997055
988   0.997293
989   0.986957
990   0.985532
991   0.983771
992   0.981749
993   0.979597
994   0.978001
995   0.97785
996   0.979795
997   0.983259
998   0.987054
999   0.990575
1000   0.993504
1001   0.995813
1002   0.997508
1003   0.998683
1004   0.999426
1005   0.999834
1006   0.999989
1007   0.99996
1008   0.999802
1009   0.999557
1010   0.99926
1011   0.998935
1012   0.998601
1013   0.998273
1014   0.997958
1015   0.997667
1016   0.997402
1017   0.997169
1018   0.996967
1019   0.996802
1020   0.996671
1021   0.996577
1022   0.996519
1023   0.996499
1024   0.996514
1025   0.996566
1026   0.996651
1027   0.996769
1028   0.996916
1029   0.997089
1030   0.997282
1031   0.99749
1032   0.987593
1033   0.986271
1034   0.984482
1035   0.982496
1036   0.98017
1037   0.978132
1038   0.977111
1039   0.977411
1040   0.980837
1041   0.98475
1042   0.988398
1043   0.991659
1044   0.994251
1045   0.996289
1046   0.997749
1047   0.998783
1048   0.999436
1049   0.999818
1050   0.999979
1051   0.999983
1052   0.999875
1053   0.999684
1054   0.999447
1055   0.999174
1056   0.998893
1057   0.998604
1058   0.998331
1059   0.998065
1060   0.997827
1061   0.997606
1062   0.997421
1063   0.997258
1064   0.997135
1065   0.997037
1066   0.996983
1067   0.996955
1068   0.996971
1069   0.997015
1070   0.997099
1071   0.997208
1072   0.997352
1073   0.997512
1074   0.997696
1075   0.988301
1076   0.987
1077   0.98534
1078   0.983352
1079   0.981063
1080   0.978797
1081   0.976939
1082   0.976735
1083   0.978845
1084   0.982393
1085   0.98617
1086   0.989616
1087   0.992521
1088   0.99483
1089   0.996593
1090   0.997892
1091   0.998804
1092   0.999412
1093   0.999777
1094   0.999958
1095   0.999998
1096   0.999934
1097   0.999796
1098   0.999606
1099   0.999385
1100   0.999143
1101   0.998897
1102   0.998651
1103   0.998417
1104   0.998195
1105   0.997995
1106   0.997816
1107   0.997667
1108   0.997544
1109   0.997455
1110   0.997397
1111   0.997376
1112   0.997387
1113   0.997434
1114   0.997512
1115   0.997621
1116   0.997754
1117   0.997908
1118   0.98907
1119   0.987923
1120   0.986335
1121   0.984524
1122   0.982256
1123   0.97998
1124   0.977554
1125   0.975851
1126   0.977452
1127   0.980304
1128   0.983999
1129   0.987625
1130   0.990687
1131   0.993271
1132   0.99526
1133   0.996825
1134   0.997965
1135   0.998803
1136   0.999365
1137   0.99973
1138   0.999925
1139   0.999998
1140   0.999974
1141   0.999878
1142   0.999733
1143   0.99955
1144   0.99935
1145   0.999134
1146   0.99892
1147   0.998706
1148   0.998508
1149   0.99832
1150   0.998159
1151   0.998014
1152   0.997904
1153   0.997817
1154   0.997768
1155   0.997746
1156   0.997764
1157   0.997808
1158   0.99789
1159   0.997992
1160   0.998122
1161   0.989849
1162   0.988762
1163   0.987358
1164   0.985637
1165   0.983566
1166   0.981256
1167   0.978851
1168   0.977038
1169   0.976704
1170   0.978776
1171   0.982107
1172   0.985641
1173   0.988854
1174   0.991587
1175   0.993803
1176   0.995581
1177   0.996949
1178   0.997999
1179   0.998763
1180   0.999309
1181   0.999668
1182   0.999885
1183   0.999984
1184   0.999995
1185   0.999937
1186   0.999828
1187   0.999685
1188   0.999515
1189   0.999332
1190   0.999142
1191   0.998954
1192   0.998772
1193   0.998605
1194   0.998452
1195   0.998324
1196   0.998219
1197   0.998144
1198   0.998099
1199   0.998087
1200   0.998106
1201   0.998157
1202   0.998235
1203   0.998336
1204   0.99063
1205   0.989698
1206   0.988406
1207   0.986909
1208   0.984988
1209   0.982926
1210   0.980558
1211   0.978511
1212   0.977454
1213   0.97758
1214   0.980569
1215   0.984025
1216   0.987148
1217   0.990014
1218   0.992339
1219   0.994302
1220   0.995842
1221   0.997083
1222   0.998024
1223   0.998743
1224   0.999256
1225   0.999616
1226   0.99984
1227   0.999962
1228   1
1229   0.999973
1230   0.999896
1231   0.999782
1232   0.999643
1233   0.999485
1234   0.999321
1235   0.999152
1236   0.998992
1237   0.998838
1238   0.998704
1239   0.998584
1240   0.998495
1241   0.998427
1242   0.998394
1243   0.998386
1244   0.998415
1245   0.998466
1246   0.998546
1247   0.991375
1248   0.990512
1249   0.989407
1250   0.988048
1251   0.986403
1252   0.984518
1253   0.982465
1254   0.980473
1255   0.97892
1256   0.978607
1257   0.979796
1258   0.982707
1259   0.9857
1260   0.988539
1261   0.99094
1262   0.993014
1263   0.994695
1264   0.996091
1265   0.997187
1266   0.998061
1267   0.998719
1268   0.999215
1269   0.999563
1270   0.999797
1271   0.999934
1272   0.999994
1273   0.999992
1274   0.999942
1275   0.999856
1276   0.999741
1277   0.99961
1278   0.999466
1279   0.99932
1280   0.999175
1281   0.999041
1282   0.998919
1283   0.998817
1284   0.998736
1285   0.998684
1286   0.998658
1287   0.998663
1288   0.998693
1289   0.998749
1290   0.992087
1291   0.991355
1292   0.990365
1293   0.989222
1294   0.987774
1295   0.986203
1296   0.984391
1297   0.982682
1298   0.981027
1299   0.979981
1300   0.980638
1301   0.982225
1302   0.984863
1303   0.987534
1304   0.989845
1305   0.991924
1306   0.993666
1307   0.99515
1308   0.996355
1309   0.997344
1310   0.998121
1311   0.998732
1312   0.999191
1313   0.999529
1314   0.99976
1315   0.999907
1316   0.999982
1317   0.999999
1318   0.999971
1319   0.999905
1320   0.999814
1321   0.999702
1322   0.999581
1323   0.999451
1324   0.999327
1325   0.999206
1326   0.999102
1327   0.999012
1328   0.998948
1329   0.998905
1330   0.998894
1331   0.998903
1332   0.998941
1333   0.992746
1334   0.992078
1335   0.991243
1336   0.990235
1337   0.989039
1338   0.987675
1339   0.986202
1340   0.984676
1341   0.983321
1342   0.982259
1343   0.982058
1344   0.983032
1345   0.98467
1346   0.986971
1347   0.98906
1348   0.991074
1349   0.992785
1350   0.994308
1351   0.995564
1352   0.996635
1353   0.997495
1354   0.998202
1355   0.998752
1356   0.999183
1357   0.999501
1358   0.999731
1359   0.99988
1360   0.999967
1361   0.999999
1362   0.999987
1363   0.999942
1364   0.999868
1365   0.999777
1366   0.999672
1367   0.999562
1368   0.999452
1369   0.99935
1370   0.999259
1371   0.999187
1372   0.999135
1373   0.999107
1374   0.999102
1375   0.99912
1376   0.993359
1377   0.992788
1378   0.992051
1379   0.99121
1380   0.990181
1381   0.989063
1382   0.987806
1383   0.986564
1384   0.985369
1385   0.98445
1386   0.984056
1387   0.984286
1388   0.985501
1389   0.987106
1390   0.988891
1391   0.990629
1392   0.992234
1393   0.993677
1394   0.994931
1395   0.996014
1396   0.996922
1397   0.997683
1398   0.998301
1399   0.998802
1400   0.999192
1401   0.999493
1402   0.99971
1403   0.999861
1404   0.999952
1405   0.999994
1406   0.999996
1407   0.999964
1408   0.999907
1409   0.999831
1410   0.999743
1411   0.999648
1412   0.999556
1413   0.999468
1414   0.999394
1415   0.999334
1416   0.999298
1417   0.999279
1418   0.999285
1419   0.993919
1420   0.993402
1421   0.99278
1422   0.992049
1423   0.991204
1424   0.990255
1425   0.989248
1426   0.9882
1427   0.987261
1428   0.986449
1429   0.986064
1430   0.986041
1431   0.986661
1432   0.98778
1433   0.989105
1434   0.990561
1435   0.991944
1436   0.993272
1437   0.994445
1438   0.995509
1439   0.996414
1440   0.997205
1441   0.997859
1442   0.998412
1443   0.998855
1444   0.999215
1445   0.99949
1446   0.999699
1447   0.999844
1448   0.999939
1449   0.999988
1450   0.999999
1451   0.99998
1452   0.999935
1453   0.999874
1454   0.9998
1455   0.999721
1456   0.999642
1457   0.999571
1458   0.999511
1459   0.999467
1460   0.99944
1461   0.999433
1462   0.994435
1463   0.993988
1464   0.993442
1465   0.992828
1466   0.992108
1467   0.99133
1468   0.990483
1469   0.989637
1470   0.988835
1471   0.988161
1472   0.987747
1473   0.987618
1474   0.987979
1475   0.988684
1476   0.989678
1477   0.990799
1478   0.991966
1479   0.993105
1480   0.994176
1481   0.995157
1482   0.996033
1483   0.996808
1484   0.997476
1485   0.998049
1486   0.998529
1487   0.998928
1488   0.999248
1489   0.999504
1490   0.999696
1491   0.999837
1492   0.999929
1493   0.999982
1494   1
1495   0.999989
1496   0.999955
1497   0.999905
1498   0.999844
1499   0.999778
1500   0.999714
1501   0.999655
1502   0.99961
1503   0.999577
1504   0.999563
1505   0.994907
1506   0.994504
1507   0.994039
1508   0.993509
1509   0.992916
1510   0.992262
1511   0.99158
1512   0.990876
1513   0.990235
1514   0.989658
1515   0.989289
1516   0.989113
1517   0.989268
1518   0.989718
1519   0.990399
1520   0.991257
1521   0.992177
1522   0.993142
1523   0.994063
1524   0.994955
1525   0.995759
1526   0.996503
1527   0.997152
1528   0.997732
1529   0.998223
1530   0.998649
1531   0.998999
1532   0.999292
1533   0.999521
1534   0.999702
1535   0.999832
1536   0.999923
1537   0.999976
1538   0.999998
1539   0.999994
1540   0.999969
1541   0.99993
1542   0.999879
1543   0.999826
1544   0.999774
1545   0.99973
1546   0.999696
1547   0.999675
1548   0.99534
1549   0.994988
1550   0.994581
1551   0.994133
1552   0.993629
1553   0.99309
1554   0.99252
1555   0.991949
1556   0.991409
1557   0.990935
1558   0.990595
1559   0.990411
1560   0.990467
1561   0.990734
1562   0.991214
1563   0.991837
1564   0.992564
1565   0.99334
1566   0.994126
1567   0.994896
1568   0.995626
1569   0.996306
1570   0.996924
1571   0.997482
1572   0.997973
1573   0.998405
1574   0.998773
1575   0.999086
1576   0.999343
1577   0.999552
1578   0.999715
1579   0.999837
1580   0.999921
1581   0.999973
1582   0.999997
1583   0.999997
1584   0.999979
1585   0.999947
1586   0.999907
1587   0.999864
1588   0.999825
1589   0.99979
1590   0.999768
1591   0.995738
1592   0.995423
1593   0.995073
1594   0.994687
1595   0.994268
1596   0.993817
1597   0.993355
1598   0.992881
1599   0.992446
1600   0.992045
1601   0.991755
1602   0.991571
1603   0.991561
1604   0.991714
1605   0.992029
1606   0.992485
1607   0.993032
1608   0.993654
1609   0.994296
1610   0.994958
1611   0.995591
1612   0.996208
1613   0.996773
1614   0.997304
1615   0.997774
1616   0.998202
1617   0.998571
1618   0.998898
1619   0.999169
1620   0.999401
1621   0.999586
1622   0.999734
1623   0.999844
1624   0.999923
1625   0.999971
1626   0.999995
1627   0.999999
1628   0.999985
1629   0.999961
1630   0.999929
1631   0.999897
1632   0.999866
1633   0.999843
1634   0.996105
1635   0.995827
1636   0.995521
1637   0.995192
1638   0.994836
1639   0.994462
1640   0.994075
1641   0.993689
1642   0.993324
1643   0.992997
1644   0.992742
1645   0.992574
1646   0.99253
1647   0.99261
1648   0.992822
1649   0.993145
1650   0.993562
1651   0.994045
1652   0.994572
1653   0.99512
1654   0.995669
1655   0.996208
1656   0.996721
1657   0.997205
1658   0.99765
1659   0.998057
1660   0.998421
1661   0.998744
1662   0.999024
1663   0.999264
1664   0.999465
1665   0.99963
1666   0.999759
1667   0.999858
1668   0.999927
1669   0.999972
1670   0.999995
1671   0.999999
1672   0.99999
1673   0.999971
1674   0.999947
1675   0.999921
1676   0.999901
1677   0.996443
1678   0.996195
1679   0.99593
1680   0.995646
1681   0.995347
1682   0.995032
1683   0.994715
1684   0.994394
1685   0.994098
1686   0.993823
1687   0.993609
1688   0.993454
1689   0.993395
1690   0.993427
1691   0.993563
1692   0.993793
1693   0.994101
1694   0.99448
1695   0.994898
1696   0.995355
1697   0.995815
1698   0.996287
1699   0.996737
1700   0.997178
1701   0.997584
1702   0.99797
1703   0.998313
1704   0.99863
1705   0.998904
1706   0.99915
1707   0.999355
1708   0.999532
1709   0.999673
1710   0.999788
1711   0.999873
1712   0.999935
1713   0.999974
1714   0.999995
1715   1
1716   0.999993
1717   0.999979
1718   0.999961
1719   0.999943
1720   0.996754
1721   0.996535
1722   0.996303
1723   0.996058
1724   0.995802
1725   0.995538
1726   0.995271
1727   0.995007
1728   0.994758
1729   0.994533
1730   0.994348
1731   0.994214
1732   0.994149
1733   0.994156
1734   0.994244
1735   0.994408
1736   0.994642
1737   0.994935
1738   0.995273
1739   0.995645
1740   0.996035
1741   0.996436
1742   0.996833
1743   0.997221
1744   0.997592
1745   0.997943
1746   0.998266
1747   0.998564
1748   0.99883
1749   0.999068
1750   0.999275
1751   0.999453
1752   0.999601
1753   0.999724
1754   0.99982
1755   0.999893
1756   0.999944
1757   0.999978
1758   0.999995
1759   1
1760   0.999995
1761   0.999984
1762   0.999972
1763   0.997041
1764   0.996847
1765   0.996643
1766   0.996431
1767   0.996213
1768   0.995987
1769   0.995766
1770   0.995543
1771   0.995339
1772   0.995148
1773   0.994996
1774   0.994876
1775   0.994815
1776   0.994807
1777   0.994864
1778   0.994982
1779   0.995158
1780   0.995389
1781   0.995658
1782   0.995967
1783   0.996289
1784   0.996635
1785   0.996974
1786   0.997321
1787   0.997647
1788   0.997969
1789   0.998262
1790   0.998542
1791   0.99879
1792   0.99902
1793   0.999218
1794   0.999396
1795   0.999543
1796   0.99967
1797   0.99977
1798   0.999852
1799   0.999911
1800   0.999954
1801   0.999981
1802   0.999996
1803   1
1804   0.999997
1805   0.999989
1806   0.997306
1807   0.997133
1808   0.996954
1809   0.996769
1810   0.996579
1811   0.996387
1812   0.996197
1813   0.996011
1814   0.995837
1815   0.99568
1816   0.995549
1817   0.995451
1818   0.995393
1819   0.995382
1820   0.995421
1821   0.995511
1822   0.99565
1823   0.995833
1824   0.996054
1825   0.996307
1826   0.996581
1827   0.996871
1828   0.997168
1829   0.997466
1830   0.997759
1831   0.998042
1832   0.998311
1833   0.998563
1834   0.998795
1835   0.999007
1836   0.999197
1837   0.999365
1838   0.99951
1839   0.999633
1840   0.999736
1841   0.999819
1842   0.999883
1843   0.999931
1844   0.999965
1845   0.999986
1846   0.999997
1847   1
1848   0.999998
