##### Y Variance #####
0   0.999945
1   0.999863
2   0.999337
3   0.998202
4   0.996313
5   0.993615
6   0.990054
7   0.985732
8   0.980747
9   0.975518
10   0.970142
11   0.964921
12   0.959918
13   0.955333
14   0.951241
15   0.947774
16   0.945
17   0.942994
18   0.941756
19   0.941264
20   0.941479
21   0.942309
22   0.943719
23   0.945593
24   0.947878
25   0.950431
26   0.95319
27   0.956018
28   0.958877
29   0.961676
30   0.964401
31   0.967001
32   0.969479
33   0.971813
34   0.974015
35   0.97608
36   0.978018
37   0.979831
38   0.981526
39   0.983106
40   0.984576
41   0.985942
42   0.987208
43   0.999647
44   0.999886
45   0.999704
46   0.99891
47   0.997218
48   0.994745
49   0.991083
50   0.986798
51   0.981173
52   0.975854
53   0.969656
54   0.964102
55   0.958259
56   0.953144
57   0.9483
58   0.944271
59   0.94089
60   0.93845
61   0.936835
62   0.936041
63   0.936148
64   0.936812
65   0.938351
66   0.940252
67   0.942874
68   0.945613
69   0.948827
70   0.951906
71   0.955221
72   0.958287
73   0.961413
74   0.964261
75   0.96706
76   0.969612
77   0.972064
78   0.974317
79   0.976451
80   0.978425
81   0.980275
82   0.98199
83   0.983585
84   0.985062
85   0.986427
86   0.998868
87   0.999436
88   0.999758
89   0.999466
90   0.998309
91   0.996221
92   0.993051
93   0.98897
94   0.983778
95   0.977937
96   0.971598
97   0.965116
98   0.958634
99   0.952508
100   0.946806
101   0.94192
102   0.937779
103   0.934584
104   0.932303
105   0.930923
106   0.93051
107   0.930927
108   0.932234
109   0.934245
110   0.936933
111   0.940047
112   0.943526
113   0.94711
114   0.95078
115   0.954363
116   0.957855
117   0.961153
118   0.964272
119   0.967179
120   0.969893
121   0.972417
122   0.974764
123   0.976943
124   0.978964
125   0.980838
126   0.982568
127   0.984166
128   0.985637
129   0.997465
130   0.998362
131   0.999189
132   0.999491
133   0.998969
134   0.997499
135   0.994876
136   0.991368
137   0.986657
138   0.981158
139   0.97457
140   0.968021
141   0.960553
142   0.954099
143   0.946938
144   0.941566
145   0.936084
146   0.932093
147   0.928738
148   0.926407
149   0.925271
150   0.924986
151   0.926024
152   0.92778
153   0.93062
154   0.933826
155   0.93777
156   0.94165
157   0.945907
158   0.949907
159   0.953977
160   0.957682
161   0.961268
162   0.964518
163   0.967587
164   0.970385
165   0.972998
166   0.975394
167   0.977614
168   0.979655
169   0.981535
170   0.983261
171   0.984844
172   0.99532
173   0.996362
174   0.997754
175   0.998701
176   0.998979
177   0.998246
178   0.996453
179   0.993625
180   0.989696
181   0.984821
182   0.978971
183   0.972518
184   0.965513
185   0.958374
186   0.951136
187   0.944151
188   0.937679
189   0.931867
190   0.926973
191   0.923189
192   0.9206
193   0.919512
194   0.919695
195   0.921157
196   0.923709
197   0.927006
198   0.931067
199   0.93547
200   0.940165
201   0.944871
202   0.949483
203   0.953837
204   0.957891
205   0.961641
206   0.965077
207   0.968242
208   0.971134
209   0.973796
210   0.976226
211   0.97846
212   0.980496
213   0.982361
214   0.984057
215   0.992443
216   0.9937
217   0.995459
218   0.99705
219   0.998074
220   0.998156
221   0.997167
222   0.995177
223   0.992064
224   0.988059
225   0.983021
226   0.977294
227   0.970816
228   0.96399
229   0.956658
230   0.949382
231   0.941529
232   0.935062
233   0.927765
234   0.923327
235   0.918045
236   0.91642
237   0.91475
238   0.91556
239   0.917408
240   0.920161
241   0.924342
242   0.928821
243   0.934176
244   0.939401
245   0.944796
246   0.949698
247   0.954381
248   0.958592
249   0.96249
250   0.966012
251   0.969237
252   0.972164
253   0.974833
254   0.977259
255   0.979466
256   0.98147
257   0.983288
258   0.98883
259   0.989909
260   0.992198
261   0.994348
262   0.996219
263   0.997106
264   0.997062
265   0.995904
266   0.993751
267   0.990606
268   0.986524
269   0.98164
270   0.976012
271   0.969847
272   0.96317
273   0.95623
274   0.948948
275   0.941844
276   0.934831
277   0.928472
278   0.922713
279   0.917903
280   0.914549
281   0.912487
282   0.912368
283   0.91395
284   0.91722
285   0.92203
286   0.927696
287   0.933684
288   0.939698
289   0.945419
290   0.95066
291   0.955498
292   0.959831
293   0.96379
294   0.967332
295   0.970562
296   0.97346
297   0.976097
298   0.978467
299   0.980619
300   0.982551
301   0.984671
302   0.985813
303   0.988218
304   0.99096
305   0.993512
306   0.995251
307   0.996027
308   0.995779
309   0.99447
310   0.992258
311   0.989061
312   0.985135
313   0.980395
314   0.97514
315   0.969283
316   0.963127
317   0.956599
318   0.949915
319   0.943182
320   0.936529
321   0.930013
322   0.924027
323   0.917882
324   0.914437
325   0.91035
326   0.911223
327   0.911747
328   0.916526
329   0.922079
330   0.928239
331   0.934962
332   0.941164
333   0.947097
334   0.952437
335   0.957274
336   0.961613
337   0.965506
338   0.969009
339   0.972152
340   0.974982
341   0.977522
342   0.979808
343   0.981861
344   0.980087
345   0.980595
346   0.983422
347   0.986578
348   0.989937
349   0.992471
350   0.994188
351   0.994756
352   0.994396
353   0.993004
354   0.990766
355   0.987703
356   0.983941
357   0.97958
358   0.974689
359   0.969405
360   0.963727
361   0.957805
362   0.951652
363   0.945418
364   0.939142
365   0.933034
366   0.927026
367   0.921839
368   0.917415
369   0.91447
370   0.913538
371   0.914285
372   0.918227
373   0.923804
374   0.930466
375   0.937442
376   0.943811
377   0.949764
378   0.954961
379   0.959695
380   0.963858
381   0.967629
382   0.97097
383   0.973987
384   0.97667
385   0.979089
386   0.981242
387   0.975494
388   0.975994
389   0.978245
390   0.981725
391   0.98568
392   0.989086
393   0.991604
394   0.993062
395   0.993479
396   0.992955
397   0.991501
398   0.989328
399   0.986404
400   0.982972
401   0.978971
402   0.974623
403   0.969853
404   0.964816
405   0.959488
406   0.953979
407   0.948333
408   0.942675
409   0.937128
410   0.931703
411   0.926842
412   0.922549
413   0.919029
414   0.91792
415   0.917293
416   0.922221
417   0.92757
418   0.934643
419   0.941357
420   0.947586
421   0.953099
422   0.958078
423   0.962484
424   0.966445
425   0.969966
426   0.973123
427   0.975938
428   0.978459
429   0.980712
430   0.97092
431   0.970774
432   0.97282
433   0.975973
434   0.980745
435   0.98493
436   0.988346
437   0.990591
438   0.991891
439   0.992101
440   0.991498
441   0.990057
442   0.987999
443   0.98535
444   0.982254
445   0.978749
446   0.974899
447   0.970747
448   0.96631
449   0.961655
450   0.956795
451   0.951847
452   0.94679
453   0.941793
454   0.936949
455   0.93249
456   0.928603
457   0.925853
458   0.924351
459   0.924786
460   0.928844
461   0.934116
462   0.940381
463   0.946591
464   0.952042
465   0.957099
466   0.96157
467   0.96563
468   0.969234
469   0.972485
470   0.975377
471   0.97798
472   0.980298
473   0.966548
474   0.966123
475   0.967424
476   0.970628
477   0.975483
478   0.980386
479   0.984556
480   0.987657
481   0.989684
482   0.990692
483   0.990759
484   0.990082
485   0.9887
486   0.986841
487   0.984479
488   0.981812
489   0.978771
490   0.975494
491   0.971917
492   0.968124
493   0.964106
494   0.959902
495   0.955583
496   0.951116
497   0.94676
498   0.94246
499   0.938695
500   0.935353
501   0.933191
502   0.932004
503   0.932675
504   0.936507
505   0.941086
506   0.946716
507   0.951858
508   0.95677
509   0.961173
510   0.965205
511   0.968819
512   0.972086
513   0.975017
514   0.977654
515   0.980021
516   0.962406
517   0.961325
518   0.962073
519   0.964419
520   0.969885
521   0.975348
522   0.980289
523   0.984134
524   0.986987
525   0.988674
526   0.989498
527   0.989434
528   0.988777
529   0.987533
530   0.985918
531   0.983922
532   0.981671
533   0.979139
534   0.976382
535   0.973382
536   0.970161
537   0.966727
538   0.963095
539   0.959306
540   0.955434
541   0.951585
542   0.947918
543   0.944596
544   0.941925
545   0.940074
546   0.939745
547   0.940962
548   0.94443
549   0.948567
550   0.953035
551   0.957381
552   0.961496
553   0.965311
554   0.96881
555   0.972004
556   0.974902
557   0.977531
558   0.979904
559   0.958635
560   0.957102
561   0.957073
562   0.959333
563   0.964305
564   0.970161
565   0.975708
566   0.980331
567   0.983883
568   0.986325
569   0.987757
570   0.988369
571   0.98826
572   0.987666
573   0.98661
574   0.98529
575   0.983657
576   0.981846
577   0.979777
578   0.977527
579   0.975034
580   0.972324
581   0.969403
582   0.966248
583   0.962987
584   0.959568
585   0.956285
586   0.953052
587   0.950379
588   0.948171
589   0.94719
590   0.947276
591   0.948947
592   0.951833
593   0.955214
594   0.958874
595   0.962466
596   0.965948
597   0.969208
598   0.972249
599   0.975048
600   0.977617
601   0.979961
602   0.955293
603   0.953159
604   0.952381
605   0.953376
606   0.958639
607   0.964692
608   0.970819
609   0.976116
610   0.980444
611   0.983551
612   0.985691
613   0.986856
614   0.987378
615   0.987279
616   0.986829
617   0.986013
618   0.985005
619   0.983751
620   0.982341
621   0.980705
622   0.978885
623   0.976819
624   0.974537
625   0.972001
626   0.969273
627   0.96636
628   0.963401
629   0.960443
630   0.957775
631   0.95546
632   0.954009
633   0.953341
634   0.954115
635   0.955764
636   0.958247
637   0.96105
638   0.964076
639   0.967079
640   0.970029
641   0.972823
642   0.975468
643   0.977921
644   0.980202
645   0.952478
646   0.949842
647   0.94834
648   0.949119
649   0.953213
650   0.959219
651   0.96575
652   0.971732
653   0.976745
654   0.980586
655   0.983327
656   0.985132
657   0.986145
658   0.986611
659   0.986602
660   0.986332
661   0.985779
662   0.985089
663   0.984183
664   0.983142
665   0.981875
666   0.980414
667   0.978705
668   0.976743
669   0.974556
670   0.972118
671   0.969581
672   0.966918
673   0.964436
674   0.962137
675   0.96045
676   0.959405
677   0.95934
678   0.960174
679   0.961723
680   0.963794
681   0.966153
682   0.968671
683   0.971218
684   0.973729
685   0.976153
686   0.978458
687   0.980628
688   0.950246
689   0.947156
690   0.944882
691   0.944193
692   0.947956
693   0.953453
694   0.960437
695   0.96705
696   0.972792
697   0.977312
698   0.980747
699   0.983109
700   0.984715
701   0.985627
702   0.986141
703   0.986269
704   0.986217
705   0.985937
706   0.985544
707   0.984952
708   0.984216
709   0.983243
710   0.982064
711   0.9806
712   0.9789
713   0.97692
714   0.974767
715   0.972441
716   0.970164
717   0.967966
718   0.966208
719   0.96488
720   0.964389
721   0.964529
722   0.965435
723   0.966787
724   0.968582
725   0.970564
726   0.972721
727   0.97489
728   0.977079
729   0.979185
730   0.981229
731   0.94862
732   0.945089
733   0.942305
734   0.941256
735   0.943116
736   0.94803
737   0.955062
738   0.96224
739   0.968651
740   0.973884
741   0.97795
742   0.980955
743   0.98306
744   0.984508
745   0.985419
746   0.986018
747   0.986325
748   0.986497
749   0.986474
750   0.986344
751   0.986012
752   0.985515
753   0.98477
754   0.983781
755   0.98252
756   0.980978
757   0.979215
758   0.977237
759   0.975216
760   0.973195
761   0.971437
762   0.970014
763   0.969155
764   0.968872
765   0.969183
766   0.969999
767   0.971222
768   0.972744
769   0.974469
770   0.976314
771   0.978218
772   0.980123
773   0.981994
774   0.947637
775   0.943785
776   0.940439
777   0.938325
778   0.938914
779   0.941957
780   0.949485
781   0.957257
782   0.964267
783   0.970194
784   0.974949
785   0.978554
786   0.981255
787   0.983161
788   0.984565
789   0.985525
790   0.986264
791   0.986762
792   0.987149
793   0.987352
794   0.987433
795   0.987295
796   0.986969
797   0.986364
798   0.985511
799   0.98435
800   0.982954
801   0.981301
802   0.979549
803   0.977714
804   0.976049
805   0.974564
806   0.973543
807   0.972911
808   0.972844
809   0.973171
810   0.973964
811   0.975027
812   0.976388
813   0.97788
814   0.979525
815   0.98119
816   0.982899
817   0.947291
818   0.943155
819   0.939324
820   0.936454
821   0.935399
822   0.937773
823   0.944214
824   0.952115
825   0.9597
826   0.96629
827   0.971722
828   0.97599
829   0.979239
830   0.981692
831   0.983504
832   0.984913
833   0.985976
834   0.986864
835   0.987546
836   0.988118
837   0.988499
838   0.988733
839   0.988729
840   0.988501
841   0.987992
842   0.9872
843   0.986137
844   0.984813
845   0.983326
846   0.981719
847   0.980162
848   0.978722
849   0.977572
850   0.976756
851   0.976355
852   0.976348
853   0.97673
854   0.977435
855   0.97842
856   0.979613
857   0.980968
858   0.982419
859   0.983924
860   0.947549
861   0.943293
862   0.938963
863   0.935298
864   0.932731
865   0.932557
866   0.939093
867   0.947009
868   0.954928
869   0.962151
870   0.968248
871   0.973169
872   0.97703
873   0.979988
874   0.982299
875   0.984081
876   0.985551
877   0.986735
878   0.98777
879   0.98861
880   0.989321
881   0.989826
882   0.990151
883   0.990215
884   0.990035
885   0.989549
886   0.988803
887   0.987768
888   0.986548
889   0.985151
890   0.983751
891   0.982365
892   0.9812
893   0.980236
894   0.979646
895   0.979345
896   0.979441
897   0.979804
898   0.980498
899   0.981382
900   0.982497
901   0.983706
902   0.985038
903   0.94833
904   0.943893
905   0.939263
906   0.93482
907   0.931124
908   0.930389
909   0.934595
910   0.941886
911   0.950034
912   0.957768
913   0.964533
914   0.970108
915   0.974567
916   0.978091
917   0.980851
918   0.983086
919   0.984889
920   0.986442
921   0.987742
922   0.9889
923   0.989854
924   0.990658
925   0.991232
926   0.991596
927   0.991683
928   0.991502
929   0.991032
930   0.990287
931   0.989315
932   0.988151
933   0.986905
934   0.985635
935   0.984472
936   0.983465
937   0.982715
938   0.982234
939   0.982065
940   0.982184
941   0.982588
942   0.98323
943   0.984085
944   0.985095
945   0.986221
946   0.949594
947   0.945243
948   0.940307
949   0.935494
950   0.930609
951   0.92735
952   0.930736
953   0.936831
954   0.945026
955   0.953237
956   0.960565
957   0.966796
958   0.971852
959   0.975923
960   0.979187
961   0.981829
962   0.984036
963   0.985892
964   0.98752
965   0.988922
966   0.99016
967   0.991189
968   0.992031
969   0.992627
970   0.992984
971   0.993051
972   0.992851
973   0.992356
974   0.991632
975   0.99068
976   0.989616
977   0.98846
978   0.987364
979   0.986333
980   0.985518
981   0.984883
982   0.984549
983   0.984437
984   0.984634
985   0.985031
986   0.985686
987   0.986477
988   0.98744
989   0.951229
990   0.946824
991   0.941903
992   0.936661
993   0.931426
994   0.927778
995   0.927748
996   0.932405
997   0.940154
998   0.94855
999   0.95642
1000   0.963198
1001   0.968853
1002   0.973474
1003   0.977221
1004   0.980321
1005   0.982886
1006   0.985106
1007   0.987005
1008   0.988703
1009   0.990164
1010   0.991454
1011   0.992507
1012   0.993354
1013   0.993933
1014   0.994256
1015   0.994292
1016   0.994053
1017   0.993557
1018   0.992831
1019   0.991945
1020   0.990942
1021   0.989923
1022   0.988935
1023   0.988074
1024   0.987369
1025   0.986886
1026   0.986627
1027   0.986619
1028   0.986839
1029   0.987283
1030   0.987906
1031   0.988679
1032   0.953209
1033   0.949048
1034   0.944103
1035   0.938911
1036   0.933251
1037   0.92845
1038   0.926542
1039   0.927735
1040   0.935357
1041   0.943973
1042   0.95208
1043   0.959436
1044   0.965592
1045   0.970762
1046   0.974986
1047   0.978515
1048   0.981478
1049   0.98402
1050   0.986238
1051   0.988184
1052   0.989909
1053   0.991409
1054   0.992699
1055   0.993751
1056   0.994563
1057   0.995102
1058   0.995376
1059   0.995362
1060   0.995096
1061   0.994578
1062   0.993885
1063   0.993031
1064   0.99213
1065   0.991195
1066   0.990352
1067   0.989594
1068   0.989037
1069   0.988642
1070   0.988501
1071   0.988543
1072   0.988835
1073   0.989276
1074   0.989908
1075   0.955423
1076   0.951371
1077   0.94671
1078   0.941528
1079   0.935922
1080   0.930643
1081   0.926633
1082   0.926557
1083   0.931497
1084   0.939387
1085   0.947722
1086   0.955422
1087   0.962106
1088   0.967747
1089   0.972439
1090   0.976403
1091   0.979735
1092   0.982636
1093   0.985136
1094   0.987373
1095   0.989323
1096   0.991069
1097   0.992559
1098   0.993839
1099   0.994853
1100   0.995622
1101   0.996109
1102   0.996329
1103   0.996279
1104   0.995982
1105   0.995478
1106   0.9948
1107   0.994023
1108   0.993187
1109   0.992376
1110   0.991626
1111   0.991009
1112   0.990544
1113   0.990276
1114   0.990201
1115   0.990334
1116   0.990644
1117   0.991114
1118   0.957826
1119   0.954137
1120   0.949679
1121   0.944876
1122   0.939327
1123   0.933959
1124   0.92861
1125   0.925062
1126   0.928892
1127   0.935411
1128   0.943546
1129   0.951561
1130   0.958524
1131   0.964618
1132   0.969688
1133   0.974051
1134   0.977744
1135   0.980967
1136   0.983773
1137   0.986262
1138   0.988467
1139   0.990423
1140   0.992137
1141   0.993612
1142   0.994841
1143   0.995811
1144   0.996517
1145   0.996948
1146   0.997117
1147   0.997028
1148   0.996722
1149   0.996218
1150   0.99559
1151   0.994859
1152   0.994124
1153   0.993394
1154   0.992772
1155   0.992247
1156   0.99191
1157   0.991719
1158   0.991747
1159   0.991917
1160   0.992274
1161   0.960301
1162   0.956811
1163   0.952772
1164   0.948201
1165   0.943059
1166   0.937596
1167   0.932142
1168   0.928223
1169   0.92774
1170   0.932559
1171   0.939968
1172   0.947785
1173   0.954996
1174   0.961342
1175   0.966762
1176   0.971471
1177   0.975488
1178   0.979036
1179   0.982111
1180   0.984877
1181   0.987302
1182   0.989493
1183   0.991402
1184   0.993093
1185   0.994512
1186   0.995696
1187   0.996602
1188   0.997253
1189   0.99763
1190   0.997757
1191   0.997648
1192   0.997334
1193   0.996862
1194   0.996268
1195   0.995619
1196   0.994954
1197   0.99434
1198   0.993806
1199   0.993407
1200   0.993153
1201   0.993072
1202   0.993149
1203   0.993378
1204   0.962813
1205   0.9597
1206   0.955955
1207   0.95188
1208   0.947075
1209   0.942108
1210   0.936664
1211   0.932057
1212   0.929945
1213   0.930543
1214   0.937166
1215   0.9448
1216   0.951798
1217   0.958344
1218   0.963925
1219   0.968897
1220   0.973172
1221   0.976976
1222   0.980307
1223   0.983294
1224   0.985946
1225   0.98833
1226   0.990443
1227   0.992316
1228   0.993932
1229   0.995303
1230   0.996411
1231   0.99726
1232   0.997845
1233   0.998175
1234   0.998266
1235   0.998138
1236   0.997835
1237   0.997381
1238   0.996848
1239   0.996256
1240   0.99569
1241   0.995157
1242   0.994742
1243   0.994427
1244   0.994285
1245   0.994263
1246   0.99441
1247   0.965278
1248   0.962384
1249   0.959069
1250   0.955328
1251   0.951111
1252   0.946515
1253   0.941703
1254   0.937172
1255   0.933769
1256   0.933263
1257   0.936022
1258   0.9425
1259   0.949176
1260   0.955628
1261   0.961274
1262   0.966401
1263   0.970842
1264   0.974864
1265   0.978378
1266   0.981579
1267   0.984402
1268   0.986983
1269   0.989259
1270   0.99132
1271   0.993102
1272   0.994664
1273   0.995951
1274   0.997001
1275   0.99778
1276   0.998315
1277   0.998602
1278   0.998667
1279   0.998537
1280   0.998243
1281   0.997835
1282   0.997347
1283   0.99684
1284   0.996347
1285   0.995923
1286   0.995592
1287   0.995387
1288   0.99531
1289   0.995363
1290   0.967681
1291   0.965118
1292   0.962105
1293   0.958844
1294   0.955069
1295   0.951132
1296   0.946821
1297   0.942845
1298   0.93915
1299   0.936889
1300   0.938429
1301   0.942051
1302   0.947918
1303   0.953946
1304   0.959346
1305   0.964385
1306   0.968865
1307   0.972945
1308   0.976583
1309   0.979891
1310   0.98286
1311   0.985564
1312   0.987992
1313   0.990186
1314   0.992128
1315   0.993841
1316   0.9953
1317   0.996521
1318   0.997485
1319   0.998206
1320   0.998683
1321   0.998934
1322   0.998979
1323   0.998845
1324   0.998576
1325   0.998198
1326   0.997777
1327   0.997331
1328   0.996935
1329   0.996589
1330   0.996362
1331   0.996225
1332   0.996226
1333   0.969977
1334   0.96762
1335   0.964976
1336   0.962046
1337   0.958813
1338   0.955326
1339   0.95172
1340   0.948113
1341   0.944987
1342   0.942605
1343   0.942165
1344   0.94439
1345   0.94808
1346   0.953284
1347   0.958132
1348   0.962962
1349   0.967268
1350   0.971333
1351   0.974948
1352   0.978323
1353   0.981338
1354   0.984144
1355   0.986653
1356   0.988971
1357   0.991022
1358   0.992878
1359   0.994473
1360   0.995857
1361   0.996983
1362   0.997884
1363   0.998537
1364   0.99897
1365   0.999189
1366   0.999221
1367   0.999096
1368   0.998847
1369   0.998521
1370   0.998151
1371   0.997789
1372   0.997464
1373   0.997216
1374   0.997057
1375   0.996998
1376   0.972169
1377   0.970074
1378   0.967692
1379   0.965146
1380   0.962295
1381   0.959334
1382   0.956184
1383   0.953155
1384   0.950336
1385   0.948199
1386   0.947289
1387   0.947814
1388   0.950536
1389   0.954181
1390   0.958318
1391   0.962472
1392   0.966471
1393   0.970256
1394   0.973768
1395   0.977044
1396   0.980058
1397   0.982856
1398   0.985418
1399   0.987781
1400   0.98992
1401   0.991861
1402   0.993575
1403   0.995079
1404   0.996349
1405   0.997398
1406   0.998213
1407   0.998811
1408   0.999194
1409   0.999385
1410   0.999407
1411   0.999287
1412   0.999069
1413   0.99878
1414   0.998477
1415   0.998176
1416   0.997939
1417   0.997755
1418   0.997672
1419   0.974237
1420   0.972322
1421   0.970228
1422   0.967958
1423   0.965517
1424   0.96293
1425   0.960302
1426   0.957677
1427   0.955366
1428   0.953422
1429   0.952471
1430   0.95239
1431   0.953762
1432   0.956309
1433   0.959385
1434   0.962868
1435   0.966295
1436   0.96975
1437   0.972978
1438   0.976114
1439   0.978997
1440   0.981759
1441   0.984281
1442   0.986669
1443   0.988827
1444   0.990837
1445   0.992617
1446   0.994227
1447   0.995602
1448   0.996786
1449   0.997737
1450   0.998488
1451   0.999022
1452   0.999367
1453   0.999533
1454   0.999549
1455   0.999445
1456   0.999253
1457   0.999016
1458   0.998764
1459   0.99854
1460   0.998362
1461   0.998251
1462   0.97619
1463   0.97448
1464   0.9726
1465   0.970617
1466   0.96847
1467   0.96626
1468   0.963978
1469   0.961768
1470   0.959733
1471   0.958046
1472   0.956993
1473   0.956632
1474   0.9574
1475   0.958996
1476   0.961306
1477   0.963992
1478   0.966889
1479   0.969844
1480   0.972766
1481   0.975615
1482   0.978341
1483   0.980951
1484   0.983409
1485   0.985732
1486   0.987889
1487   0.989896
1488   0.991722
1489   0.99338
1490   0.99484
1491   0.996115
1492   0.997181
1493   0.998053
1494   0.99872
1495   0.999202
1496   0.999502
1497   0.999646
1498   0.999658
1499   0.999564
1500   0.999405
1501   0.999206
1502   0.999017
1503   0.998845
1504   0.998733
1505   0.978025
1506   0.97647
1507   0.97481
1508   0.973047
1509   0.971195
1510   0.969269
1511   0.967342
1512   0.965434
1513   0.963723
1514   0.962224
1515   0.961231
1516   0.960736
1517   0.961014
1518   0.962018
1519   0.963594
1520   0.965661
1521   0.967948
1522   0.970456
1523   0.972962
1524   0.975531
1525   0.977996
1526   0.980447
1527   0.982751
1528   0.984999
1529   0.98708
1530   0.989073
1531   0.990883
1532   0.992575
1533   0.99407
1534   0.995419
1535   0.996562
1536   0.99754
1537   0.998315
1538   0.998919
1539   0.99934
1540   0.999607
1541   0.999731
1542   0.99974
1543   0.999664
1544   0.999533
1545   0.999382
1546   0.999238
1547   0.999124
1548   0.979751
1549   0.978357
1550   0.976869
1551   0.97532
1552   0.973691
1553   0.972031
1554   0.970357
1555   0.968733
1556   0.967234
1557   0.965936
1558   0.964989
1559   0.964444
1560   0.96448
1561   0.965047
1562   0.966151
1563   0.967654
1564   0.969472
1565   0.971496
1566   0.973642
1567   0.975856
1568   0.978077
1569   0.980286
1570   0.982437
1571   0.984532
1572   0.98653
1573   0.988438
1574   0.990221
1575   0.991884
1576   0.993398
1577   0.994768
1578   0.995968
1579   0.997008
1580   0.997869
1581   0.998566
1582   0.999091
1583   0.999463
1584   0.99969
1585   0.999796
1586   0.999804
1587   0.99974
1588   0.99964
1589   0.999524
1590   0.999427
1591   0.981368
1592   0.980108
1593   0.978788
1594   0.977413
1595   0.975997
1596   0.974549
1597   0.973118
1598   0.971713
1599   0.970435
1600   0.969292
1601   0.968434
1602   0.967872
1603   0.967737
1604   0.968033
1605   0.968741
1606   0.969843
1607   0.971214
1608   0.972855
1609   0.974612
1610   0.976525
1611   0.978445
1612   0.980439
1613   0.982374
1614   0.984326
1615   0.986178
1616   0.988004
1617   0.989699
1618   0.991331
1619   0.992809
1620   0.99419
1621   0.995401
1622   0.996489
1623   0.9974
1624   0.998173
1625   0.998776
1626   0.99924
1627   0.999557
1628   0.999754
1629   0.999844
1630   0.999852
1631   0.999805
1632   0.99973
1633   0.999651
1634   0.982884
1635   0.981753
1636   0.980573
1637   0.97936
1638   0.978114
1639   0.976858
1640   0.975611
1641   0.974405
1642   0.973288
1643   0.972299
1644   0.971515
1645   0.970973
1646   0.970755
1647   0.970865
1648   0.971328
1649   0.972104
1650   0.973159
1651   0.974442
1652   0.975899
1653   0.977491
1654   0.979165
1655   0.9809
1656   0.982649
1657   0.984405
1658   0.986126
1659   0.987811
1660   0.989424
1661   0.990965
1662   0.992403
1663   0.993741
1664   0.994951
1665   0.996039
1666   0.996983
1667   0.997792
1668   0.998453
1669   0.998981
1670   0.999371
1671   0.999643
1672   0.999805
1673   0.99988
1674   0.999889
1675   0.999854
1676   0.999803
1677   0.984301
1678   0.983283
1679   0.982234
1680   0.981159
1681   0.980069
1682   0.978971
1683   0.977896
1684   0.976849
1685   0.975888
1686   0.975019
1687   0.974323
1688   0.973807
1689   0.973543
1690   0.973542
1691   0.973814
1692   0.974368
1693   0.975148
1694   0.97617
1695   0.977335
1696   0.97868
1697   0.980089
1698   0.981616
1699   0.983142
1700   0.984735
1701   0.98628
1702   0.987846
1703   0.989326
1704   0.990789
1705   0.992139
1706   0.993436
1707   0.994598
1708   0.99568
1709   0.996615
1710   0.997449
1711   0.998135
1712   0.998712
1713   0.999151
1714   0.999486
1715   0.999708
1716   0.999845
1717   0.999907
1718   0.999917
1719   0.999895
1720   0.985624
1721   0.984712
1722   0.983776
1723   0.982825
1724   0.981864
1725   0.980906
1726   0.979966
1727   0.979062
1728   0.978223
1729   0.977471
1730   0.976847
1731   0.976378
1732   0.976101
1733   0.976036
1734   0.976197
1735   0.976584
1736   0.977183
1737   0.977979
1738   0.978939
1739   0.980044
1740   0.981255
1741   0.982557
1742   0.983911
1743   0.985309
1744   0.986711
1745   0.988116
1746   0.989487
1747   0.990824
1748   0.992096
1749   0.993304
1750   0.994421
1751   0.99545
1752   0.99637
1753   0.997186
1754   0.997884
1755   0.998473
1756   0.998947
1757   0.999317
1758   0.999586
1759   0.999769
1760   0.999877
1761   0.999927
1762   0.999937
1763   0.986856
1764   0.986039
1765   0.985207
1766   0.984363
1767   0.983519
1768   0.982677
1769   0.981862
1770   0.981073
1771   0.980349
1772   0.97969
1773   0.979145
1774   0.978717
1775   0.978449
1776   0.978351
1777   0.978435
1778   0.978717
1779   0.979166
1780   0.979809
1781   0.980578
1782   0.981513
1783   0.982523
1784   0.98366
1785   0.984823
1786   0.986071
1787   0.987302
1788   0.988581
1789   0.989807
1790   0.991044
1791   0.992199
1792   0.993334
1793   0.994366
1794   0.995349
1795   0.996216
1796   0.997014
1797   0.997689
1798   0.998285
1799   0.998762
1800   0.999158
1801   0.999452
1802   0.999672
1803   0.999814
1804   0.999901
1805   0.999942
1806   0.988002
1807   0.987271
1808   0.98653
1809   0.985782
1810   0.985035
1811   0.984297
1812   0.983581
1813   0.982896
1814   0.982262
1815   0.981694
1816   0.981214
1817   0.980841
1818   0.980594
1819   0.980489
1820   0.980538
1821   0.980745
1822   0.981108
1823   0.981622
1824   0.982271
1825   0.983044
1826   0.983919
1827   0.984883
1828   0.98591
1829   0.986989
1830   0.988095
1831   0.989218
1832   0.990334
1833   0.991435
1834   0.9925
1835   0.993522
1836   0.994485
1837   0.995384
1838   0.996205
1839   0.996947
1840   0.9976
1841   0.998167
1842   0.998644
1843   0.999035
1844   0.999344
1845   0.999578
1846   0.999745
1847   0.999856
1848   0.999921
