##### Y Variance #####
0   0.999919
1   0.999863
2   0.999302
3   0.998031
4   0.995861
5   0.992691
6   0.988422
7   0.983149
8   0.976976
9   0.970446
10   0.963675
11   0.95706
12   0.950678
13   0.94479
14   0.939502
15   0.934987
16   0.93135
17   0.928696
18   0.927034
19   0.926337
20   0.926562
21   0.927584
22   0.929369
23   0.931759
24   0.934688
25   0.937962
26   0.9415
27   0.945116
28   0.948766
29   0.952322
30   0.955776
31   0.959054
32   0.962169
33   0.965091
34   0.96784
35   0.97041
36   0.972818
37   0.975065
38   0.977163
39   0.979118
40   0.980936
41   0.982623
42   0.984187
43   0.999513
44   0.999837
45   0.999703
46   0.998872
47   0.997
48   0.994167
49   0.989854
50   0.984697
51   0.97775
52   0.971171
53   0.963359
54   0.956344
55   0.948874
56   0.942284
57   0.936001
58   0.930713
59   0.926258
60   0.922989
61   0.920813
62   0.919668
63   0.919739
64   0.920495
65   0.922448
66   0.92484
67   0.928226
68   0.931722
69   0.935876
70   0.939807
71   0.944072
72   0.947968
73   0.951958
74   0.955554
75   0.959093
76   0.962293
77   0.965368
78   0.968178
79   0.970838
80   0.973289
81   0.975587
82   0.977713
83   0.979689
84   0.981517
85   0.983207
86   0.998511
87   0.999209
88   0.99967
89   0.999459
90   0.998276
91   0.996002
92   0.9924
93   0.987631
94   0.981368
95   0.974185
96   0.966264
97   0.958054
98   0.949753
99   0.941826
100   0.934377
101   0.92794
102   0.922433
103   0.918127
104   0.915004
105   0.913047
106   0.912367
107   0.912775
108   0.914375
109   0.916911
110   0.92036
111   0.924367
112   0.928863
113   0.933485
114   0.938218
115   0.942823
116   0.947299
117   0.951507
118   0.955471
119   0.959148
120   0.96257
121   0.965739
122   0.968678
123   0.971401
124   0.973921
125   0.976252
126   0.978402
127   0.980387
128   0.98221
129   0.996749
130   0.997805
131   0.99884
132   0.999335
133   0.998948
134   0.997483
135   0.994666
136   0.990729
137   0.985243
138   0.978617
139   0.970479
140   0.962251
141   0.952675
142   0.944341
143   0.934919
144   0.927829
145   0.920494
146   0.915066
147   0.910457
148   0.907149
149   0.905466
150   0.90487
151   0.906089
152   0.908248
153   0.911904
154   0.916013
155   0.92115
156   0.926164
157   0.931711
158   0.936879
159   0.942155
160   0.946914
161   0.95152
162   0.955659
163   0.959563
164   0.9631
165   0.966396
166   0.969406
167   0.97219
168   0.974742
169   0.977088
170   0.979237
171   0.981205
172   0.994102
173   0.99527
174   0.99692
175   0.998137
176   0.998706
177   0.998172
178   0.996451
179   0.993487
180   0.989119
181   0.983469
182   0.976435
183   0.968473
184   0.959622
185   0.950434
186   0.940956
187   0.931667
188   0.922955
189   0.915023
190   0.90825
191   0.902928
192   0.899194
193   0.897495
194   0.89751
195   0.899248
196   0.902477
197   0.906713
198   0.912
199   0.917749
200   0.9239
201   0.930059
202   0.936086
203   0.941751
204   0.947002
205   0.951835
206   0.956241
207   0.960282
208   0.963957
209   0.967329
210   0.970394
211   0.973203
212   0.975755
213   0.978088
214   0.980204
215   0.990605
216   0.991965
217   0.993956
218   0.995866
219   0.997273
220   0.997718
221   0.997026
222   0.995174
223   0.991969
224   0.987565
225   0.981766
226   0.974894
227   0.966905
228   0.958234
229   0.948724
230   0.939081
231   0.928473
232   0.919657
233   0.909529
234   0.903299
235   0.895781
236   0.893325
237   0.890779
238   0.891563
239   0.89381
240   0.897266
241   0.902732
242   0.908587
243   0.915675
244   0.922562
245   0.929694
246   0.936125
247   0.942258
248   0.947733
249   0.952784
250   0.957318
251   0.961453
252   0.965186
253   0.968577
254   0.971647
255   0.974427
256   0.976944
257   0.979219
258   0.986281
259   0.987372
260   0.989866
261   0.992307
262   0.994632
263   0.995982
264   0.996432
265   0.995655
266   0.993729
267   0.990555
268   0.986121
269   0.980531
270   0.973806
271   0.966189
272   0.957683
273   0.948623
274   0.938892
275   0.929234
276   0.91954
277   0.910617
278   0.902418
279   0.895448
280   0.890477
281   0.887267
282   0.886737
283   0.888586
284   0.892784
285   0.899131
286   0.906669
287   0.914645
288   0.922653
289   0.930247
290   0.937169
291   0.94353
292   0.94919
293   0.954338
294   0.958914
295   0.963068
296   0.966772
297   0.970131
298   0.973131
299   0.975846
300   0.978271
301   0.981364
302   0.982463
303   0.984978
304   0.987988
305   0.99097
306   0.993247
307   0.994626
308   0.994954
309   0.994124
310   0.992204
311   0.989038
312   0.984824
313   0.979441
314   0.973176
315   0.965943
316   0.958067
317   0.949509
318   0.940502
319   0.931273
320   0.921964
321   0.912709
322   0.904079
323   0.895096
324   0.889967
325   0.883834
326   0.884717
327   0.88508
328   0.891397
329   0.898812
330   0.907037
331   0.916066
332   0.924348
333   0.932257
334   0.939332
335   0.945707
336   0.951391
337   0.956461
338   0.960996
339   0.965041
340   0.968664
341   0.971898
342   0.974794
343   0.977381
344   0.975998
345   0.976365
346   0.979236
347   0.982559
348   0.986338
349   0.989388
350   0.991797
351   0.993055
352   0.993386
353   0.992542
354   0.990667
355   0.987698
356   0.983719
357   0.978807
358   0.973003
359   0.966474
360   0.959191
361   0.951368
362   0.943023
363   0.934388
364   0.925527
365   0.916773
366   0.908037
367   0.900398
368   0.893796
369   0.889243
370   0.887531
371   0.88818
372   0.893322
373   0.900776
374   0.909742
375   0.919146
376   0.927686
377   0.935642
378   0.942532
379   0.948781
380   0.954233
381   0.959147
382   0.963468
383   0.967352
384   0.97078
385   0.973857
386   0.976578
387   0.970632
388   0.970925
389   0.973134
390   0.976736
391   0.981009
392   0.984916
393   0.988105
394   0.990332
395   0.991549
396   0.991771
397   0.990931
398   0.989172
399   0.986404
400   0.982831
401   0.978371
402   0.973227
403   0.967334
404   0.960838
405   0.953761
406   0.946219
407   0.938338
408   0.930274
409   0.922262
410   0.914301
411   0.907081
412   0.900615
413   0.895189
414   0.89323
415   0.8919
416   0.898483
417   0.905631
418   0.915198
419   0.924249
420   0.932608
421   0.93996
422   0.946562
423   0.952364
424   0.957548
425   0.962124
426   0.966202
427   0.969816
428   0.973032
429   0.975888
430   0.965315
431   0.964857
432   0.966815
433   0.970008
434   0.975027
435   0.979607
436   0.983686
437   0.986686
438   0.98887
439   0.989934
440   0.990145
441   0.989359
442   0.98777
443   0.985338
444   0.982179
445   0.978313
446   0.973781
447   0.968639
448   0.962896
449   0.956665
450   0.949964
451   0.942993
452   0.935728
453   0.928439
454   0.921283
455   0.914614
456   0.908705
457   0.904397
458   0.901851
459   0.902051
460   0.907382
461   0.914429
462   0.92286
463   0.931214
464   0.93849
465   0.945216
466   0.951116
467   0.956448
468   0.961143
469   0.965356
470   0.969075
471   0.972405
472   0.975348
473   0.960265
474   0.959485
475   0.96061
476   0.963795
477   0.968793
478   0.97403
479   0.978758
480   0.982596
481   0.985489
482   0.987423
483   0.988404
484   0.988566
485   0.98788
486   0.986527
487   0.984438
488   0.981783
489   0.978472
490   0.974628
491   0.970196
492   0.965255
493   0.959842
494   0.953991
495   0.947855
496   0.941378
497   0.934977
498   0.928576
499   0.922893
500   0.917763
501   0.914295
502   0.912198
503   0.912721
504   0.917749
505   0.923814
506   0.931365
507   0.938222
508   0.944755
509   0.95057
510   0.955869
511   0.960584
512   0.964823
513   0.968599
514   0.971975
515   0.974986
516   0.955517
517   0.953993
518   0.954537
519   0.9568
520   0.962319
521   0.967985
522   0.973421
523   0.977905
524   0.981608
525   0.984206
526   0.986017
527   0.986887
528   0.987103
529   0.986577
530   0.98551
531   0.983837
532   0.981666
533   0.97895
534   0.975734
535   0.972006
536   0.967789
537   0.96312
538   0.958023
539   0.952592
540   0.946936
541   0.941243
542   0.935741
543   0.930688
544   0.926528
545   0.923516
546   0.922647
547   0.923971
548   0.928478
549   0.933932
550   0.939849
551   0.945596
552   0.951014
553   0.956017
554   0.960576
555   0.964717
556   0.968449
557   0.971815
558   0.974834
559   0.951231
560   0.94924
561   0.948929
562   0.951046
563   0.955988
564   0.961979
565   0.967883
566   0.973072
567   0.977373
568   0.980702
569   0.983101
570   0.984709
571   0.98556
572   0.985845
573   0.98553
574   0.984785
575   0.983517
576   0.981846
577   0.97967
578   0.977056
579   0.973952
580   0.970375
581   0.966371
582   0.961904
583   0.957194
584   0.952169
585   0.947277
586   0.942398
587   0.938285
588   0.9348
589   0.933043
590   0.93278
591   0.934761
592   0.93846
593   0.942856
594   0.947646
595   0.952342
596   0.956884
597   0.961117
598   0.965047
599   0.968646
600   0.97193
601   0.974912
602   0.947463
603   0.944806
604   0.943736
605   0.94455
606   0.949705
607   0.955773
608   0.962175
609   0.967904
610   0.972905
611   0.976805
612   0.979891
613   0.982037
614   0.983579
615   0.98444
616   0.984881
617   0.984818
618   0.984407
619   0.983552
620   0.98233
621   0.98065
622   0.978548
623   0.975963
624   0.972925
625   0.96942
626   0.96553
627   0.961298
628   0.956925
629   0.952503
630   0.948444
631   0.944858
632   0.942469
633   0.941177
634   0.941913
635   0.943887
636   0.947031
637   0.95063
638   0.95454
639   0.958422
640   0.962228
641   0.965822
642   0.969208
643   0.972337
644   0.975231
645   0.944317
646   0.941162
647   0.939309
648   0.939859
649   0.943804
650   0.949776
651   0.956448
652   0.962767
653   0.968312
654   0.972866
655   0.976458
656   0.97922
657   0.981234
658   0.982714
659   0.983668
660   0.984285
661   0.98449
662   0.984411
663   0.983927
664   0.983111
665   0.981851
666   0.98017
667   0.978022
668   0.975389
669   0.972345
670   0.96885
671   0.965149
672   0.961205
673   0.957472
674   0.953959
675   0.951287
676   0.9495
677   0.949087
678   0.949936
679   0.951788
680   0.954374
681   0.957362
682   0.960575
683   0.963828
684   0.967035
685   0.970121
686   0.973048
687   0.975793
688   0.941837
689   0.938185
690   0.935565
691   0.934632
692   0.938207
693   0.943602
694   0.950644
695   0.957451
696   0.963627
697   0.968726
698   0.972937
699   0.976169
700   0.978756
701   0.980666
702   0.982194
703   0.983277
704   0.984108
705   0.984585
706   0.984807
707   0.984654
708   0.984166
709   0.983233
710   0.98188
711   0.980028
712   0.977732
713   0.974963
714   0.971868
715   0.968474
716   0.96509
717   0.961783
718   0.959061
719   0.956927
720   0.95595
721   0.955857
722   0.956831
723   0.958431
724   0.960647
725   0.963126
726   0.965846
727   0.968586
728   0.971351
729   0.97401
730   0.976585
731   0.940052
732   0.935976
733   0.932799
734   0.93148
735   0.933162
736   0.937953
737   0.94494
738   0.952221
739   0.958919
740   0.964631
741   0.969342
742   0.973142
743   0.976143
744   0.978569
745   0.980477
746   0.982077
747   0.983326
748   0.98437
749   0.985093
750   0.985577
751   0.985685
752   0.98545
753   0.984766
754   0.983633
755   0.982028
756   0.979938
757   0.977469
758   0.974627
759   0.971678
760   0.968679
761   0.966019
762   0.9638
763   0.962354
764   0.961704
765   0.961877
766   0.962751
767   0.96419
768   0.966043
769   0.968178
770   0.970477
771   0.972859
772   0.975245
773   0.977589
774   0.938981
775   0.93456
776   0.930829
777   0.928427
778   0.928855
779   0.931794
780   0.939196
781   0.94694
782   0.954146
783   0.960411
784   0.965715
785   0.969994
786   0.973524
787   0.976331
788   0.978715
789   0.980664
790   0.982388
791   0.983813
792   0.985052
793   0.98599
794   0.986669
795   0.986968
796   0.986899
797   0.986361
798   0.98538
799   0.983896
800   0.982002
801   0.979693
802   0.977182
803   0.974516
804   0.972041
805   0.969796
806   0.96817
807   0.967076
808   0.966756
809   0.96698
810   0.967842
811   0.969078
812   0.970721
813   0.972547
814   0.97458
815   0.976646
816   0.978771
817   0.938618
818   0.933936
819   0.929699
820   0.926551
821   0.925341
822   0.927589
823   0.933879
824   0.941699
825   0.949352
826   0.956185
827   0.962025
828   0.966872
829   0.970832
830   0.974122
831   0.976843
832   0.979222
833   0.981258
834   0.983114
835   0.984696
836   0.9861
837   0.987188
838   0.988003
839   0.988417
840   0.988437
841   0.987989
842   0.987074
843   0.985713
844   0.983925
845   0.981855
846   0.979567
847   0.977309
848   0.975181
849   0.973431
850   0.972124
851   0.971379
852   0.971171
853   0.97149
854   0.972253
855   0.973396
856   0.974823
857   0.976471
858   0.97825
859   0.980106
860   0.938916
861   0.934104
862   0.929388
863   0.925435
864   0.92275
865   0.922503
866   0.928834
867   0.936592
868   0.944512
869   0.951854
870   0.958264
871   0.963634
872   0.968118
873   0.971807
874   0.974968
875   0.977657
876   0.980086
877   0.982228
878   0.9842
879   0.985918
880   0.987424
881   0.988611
882   0.989482
883   0.989938
884   0.989982
885   0.989544
886   0.988675
887   0.987352
888   0.985712
889   0.983784
890   0.9818
891   0.979808
892   0.978086
893   0.976625
894   0.975658
895   0.975078
896   0.975032
897   0.975349
898   0.976111
899   0.977131
900   0.978461
901   0.979922
902   0.98155
903   0.939795
904   0.934832
905   0.929807
906   0.925104
907   0.921282
908   0.920453
909   0.924498
910   0.931622
911   0.939683
912   0.947459
913   0.954411
914   0.960339
915   0.965295
916   0.969466
917   0.972976
918   0.976064
919   0.978767
920   0.981263
921   0.983492
922   0.98556
923   0.987351
924   0.988917
925   0.990129
926   0.991004
927   0.991447
928   0.991463
929   0.991024
930   0.990152
931   0.988913
932   0.987362
933   0.985655
934   0.983875
935   0.982211
936   0.980736
937   0.979591
938   0.9788
939   0.978423
940   0.978429
941   0.978817
942   0.979523
943   0.980515
944   0.981716
945   0.983075
946   0.941201
947   0.93632
948   0.931014
949   0.925929
950   0.920951
951   0.917656
952   0.920875
953   0.926799
954   0.934864
955   0.943021
956   0.950454
957   0.95692
958   0.962383
959   0.966986
960   0.970924
961   0.974328
962   0.977386
963   0.980132
964   0.982676
965   0.984981
966   0.987086
967   0.988915
968   0.990467
969   0.991659
970   0.992478
971   0.992862
972   0.992826
973   0.992343
974   0.99149
975   0.990284
976   0.988876
977   0.987308
978   0.985784
979   0.984324
980   0.983131
981   0.982168
982   0.981595
983   0.981316
984   0.981442
985   0.981836
986   0.982571
987   0.983491
988   0.984639
989   0.943022
990   0.93812
991   0.932822
992   0.92733
993   0.921978
994   0.918276
995   0.918176
996   0.92269
997   0.930268
998   0.938562
999   0.946436
1000   0.953369
1001   0.959315
1002   0.964383
1003   0.968693
1004   0.972483
1005   0.975813
1006   0.978876
1007   0.981641
1008   0.984229
1009   0.986549
1010   0.988666
1011   0.990465
1012   0.991975
1013   0.993094
1014   0.993835
1015   0.994144
1016   0.994039
1017   0.993538
1018   0.992682
1019   0.991565
1020   0.990251
1021   0.98888
1022   0.987521
1023   0.986307
1024   0.985285
1025   0.984544
1026   0.984091
1027   0.983966
1028   0.984139
1029   0.984607
1030   0.985312
1031   0.986217
1032   0.94522
1033   0.940563
1034   0.93526
1035   0.929804
1036   0.924036
1037   0.919191
1038   0.91726
1039   0.918412
1040   0.925832
1041   0.934277
1042   0.942339
1043   0.949749
1044   0.95612
1045   0.961627
1046   0.966336
1047   0.970454
1048   0.974115
1049   0.977421
1050   0.980461
1051   0.983252
1052   0.985823
1053   0.988144
1054   0.990205
1055   0.991953
1056   0.993366
1057   0.994396
1058   0.995033
1059   0.995253
1060   0.99509
1061   0.994552
1062   0.993732
1063   0.992663
1064   0.99149
1065   0.990245
1066   0.989092
1067   0.988034
1068   0.987224
1069   0.986617
1070   0.986335
1071   0.986291
1072   0.98657
1073   0.987048
1074   0.987774
1075   0.947682
1076   0.943164
1077   0.938139
1078   0.932703
1079   0.926965
1080   0.921646
1081   0.917656
1082   0.91755
1083   0.922355
1084   0.930077
1085   0.938298
1086   0.945995
1087   0.952795
1088   0.958697
1089   0.96377
1090   0.968244
1091   0.972179
1092   0.975779
1093   0.979028
1094   0.982066
1095   0.98482
1096   0.987375
1097   0.98963
1098   0.991631
1099   0.993279
1100   0.994597
1101   0.995515
1102   0.996054
1103   0.996199
1104   0.99598
1105   0.995445
1106   0.994646
1107   0.993676
1108   0.992598
1109   0.991524
1110   0.990509
1111   0.989649
1112   0.988974
1113   0.988547
1114   0.988366
1115   0.988451
1116   0.988768
1117   0.989293
1118   0.950355
1119   0.946203
1120   0.941395
1121   0.936322
1122   0.930641
1123   0.925212
1124   0.919918
1125   0.91644
1126   0.920143
1127   0.926508
1128   0.934504
1129   0.942444
1130   0.949468
1131   0.95573
1132   0.96111
1133   0.965888
1134   0.97011
1135   0.973944
1136   0.977437
1137   0.98066
1138   0.983629
1139   0.986356
1140   0.988825
1141   0.991019
1142   0.992904
1143   0.994456
1144   0.995647
1145   0.996461
1146   0.996901
1147   0.996972
1148   0.996722
1149   0.996179
1150   0.995436
1151   0.99453
1152   0.993586
1153   0.992627
1154   0.991787
1155   0.991059
1156   0.990562
1157   0.990248
1158   0.99021
1159   0.990356
1160   0.990743
1161   0.953123
1162   0.949196
1163   0.944802
1164   0.939968
1165   0.934668
1166   0.929144
1167   0.923718
1168   0.919853
1169   0.919376
1170   0.924076
1171   0.93133
1172   0.939048
1173   0.946247
1174   0.952705
1175   0.958346
1176   0.963398
1177   0.967853
1178   0.97194
1179   0.97562
1180   0.97906
1181   0.982187
1182   0.985113
1183   0.987742
1184   0.990144
1185   0.992219
1186   0.994009
1187   0.995433
1188   0.99652
1189   0.997228
1190   0.997588
1191   0.99761
1192   0.997334
1193   0.996819
1194   0.996117
1195   0.995315
1196   0.994466
1197   0.993662
1198   0.992945
1199   0.992388
1200   0.992009
1201   0.991846
1202   0.991883
1203   0.992115
1204   0.955943
1205   0.9524
1206   0.948314
1207   0.943961
1208   0.938992
1209   0.933931
1210   0.928504
1211   0.923947
1212   0.921875
1213   0.922485
1214   0.928953
1215   0.936447
1216   0.943407
1217   0.949994
1218   0.955741
1219   0.960974
1220   0.965619
1221   0.969877
1222   0.973746
1223   0.977333
1224   0.980634
1225   0.983696
1226   0.986498
1227   0.989052
1228   0.99132
1229   0.993298
1230   0.994948
1231   0.996266
1232   0.99723
1233   0.997849
1234   0.998135
1235   0.998113
1236   0.997834
1237   0.997335
1238   0.996703
1239   0.995973
1240   0.995253
1241   0.994558
1242   0.993999
1243   0.993558
1244   0.993329
1245   0.993252
1246   0.993386
1247   0.95873
1248   0.955433
1249   0.951775
1250   0.947761
1251   0.943354
1252   0.938651
1253   0.93381
1254   0.92931
1255   0.925965
1256   0.925479
1257   0.9282
1258   0.934554
1259   0.941154
1260   0.947611
1261   0.953357
1262   0.958686
1263   0.963419
1264   0.967829
1265   0.971802
1266   0.975539
1267   0.978943
1268   0.982153
1269   0.985068
1270   0.987782
1271   0.990192
1272   0.992359
1273   0.994195
1274   0.995738
1275   0.996929
1276   0.997801
1277   0.998335
1278   0.998566
1279   0.998521
1280   0.998241
1281   0.997788
1282   0.99721
1283   0.996585
1284   0.99596
1285   0.995407
1286   0.99496
1287   0.994666
1288   0.994528
1289   0.994554
1290   0.961464
1291   0.958509
1292   0.955168
1293   0.951626
1294   0.947653
1295   0.943576
1296   0.939211
1297   0.935223
1298   0.93158
1299   0.929375
1300   0.930887
1301   0.934464
1302   0.940252
1303   0.94625
1304   0.951717
1305   0.956901
1306   0.96162
1307   0.966017
1308   0.970054
1309   0.973828
1310   0.977321
1311   0.980593
1312   0.983616
1313   0.986421
1314   0.988967
1315   0.991267
1316   0.993275
1317   0.994997
1318   0.996398
1319   0.997488
1320   0.998255
1321   0.99872
1322   0.998902
1323   0.998835
1324   0.998572
1325   0.99815
1326   0.99765
1327   0.997101
1328   0.996599
1329   0.996148
1330   0.995837
1331   0.995635
1332   0.995602
1333   0.964099
1334   0.961375
1335   0.958408
1336   0.955203
1337   0.951755
1338   0.948115
1339   0.944413
1340   0.940771
1341   0.937647
1342   0.935302
1343   0.934879
1344   0.937078
1345   0.940738
1346   0.945909
1347   0.950794
1348   0.95573
1349   0.96022
1350   0.964551
1351   0.968501
1352   0.972285
1353   0.975759
1354   0.979082
1355   0.982131
1356   0.985022
1357   0.98764
1358   0.990064
1359   0.992193
1360   0.994083
1361   0.995655
1362   0.996951
1363   0.997925
1364   0.998615
1365   0.999014
1366   0.999162
1367   0.99909
1368   0.998842
1369   0.998475
1370   0.998035
1371   0.99759
1372   0.997178
1373   0.996853
1374   0.996632
1375   0.996533
1376   0.96663
1377   0.964186
1378   0.961497
1379   0.958675
1380   0.955607
1381   0.952471
1382   0.949208
1383   0.946106
1384   0.943264
1385   0.941128
1386   0.940227
1387   0.94076
1388   0.943454
1389   0.947088
1390   0.951251
1391   0.955489
1392   0.959639
1393   0.963643
1394   0.967444
1395   0.971072
1396   0.974494
1397   0.977751
1398   0.980809
1399   0.983696
1400   0.986369
1401   0.988846
1402   0.991079
1403   0.993077
1404   0.994799
1405   0.996254
1406   0.997415
1407   0.998298
1408   0.998899
1409   0.999246
1410   0.999362
1411   0.999284
1412   0.999063
1413   0.998736
1414   0.998376
1415   0.998006
1416   0.997703
1417   0.997461
1418   0.997339
1419   0.969038
1420   0.966799
1421   0.964408
1422   0.961873
1423   0.959207
1424   0.956439
1425   0.953672
1426   0.950954
1427   0.948581
1428   0.946613
1429   0.945644
1430   0.945568
1431   0.946931
1432   0.949478
1433   0.95258
1434   0.956135
1435   0.959685
1436   0.963328
1437   0.966797
1438   0.970242
1439   0.973481
1440   0.976656
1441   0.97962
1442   0.982492
1443   0.985141
1444   0.987658
1445   0.98993
1446   0.992022
1447   0.993842
1448   0.995439
1449   0.996748
1450   0.997808
1451   0.998587
1452   0.999123
1453   0.99942
1454   0.999515
1455   0.999443
1456   0.999246
1457   0.998977
1458   0.998678
1459   0.998401
1460   0.998174
1461   0.998025
1462   0.971328
1463   0.969312
1464   0.967153
1465   0.964911
1466   0.962543
1467   0.960143
1468   0.957713
1469   0.955386
1470   0.953273
1471   0.951533
1472   0.95045
1473   0.950077
1474   0.950834
1475   0.952433
1476   0.954769
1477   0.957516
1478   0.960519
1479   0.963632
1480   0.966764
1481   0.969878
1482   0.97292
1483   0.975893
1484   0.978752
1485   0.98151
1486   0.984122
1487   0.986598
1488   0.98889
1489   0.991007
1490   0.992902
1491   0.994584
1492   0.996015
1493   0.997208
1494   0.998143
1495   0.99884
1496   0.999301
1497   0.999557
1498   0.999632
1499   0.999563
1500   0.999399
1501   0.999173
1502   0.998947
1503   0.998735
1504   0.99859
1505   0.973493
1506   0.971656
1507   0.96973
1508   0.967722
1509   0.96565
1510   0.963535
1511   0.961447
1512   0.959413
1513   0.9576
1514   0.956034
1515   0.954989
1516   0.954469
1517   0.954728
1518   0.955734
1519   0.95733
1520   0.959452
1521   0.961827
1522   0.964473
1523   0.967156
1524   0.969959
1525   0.972696
1526   0.975473
1527   0.978131
1528   0.980776
1529   0.983267
1530   0.985697
1531   0.987939
1532   0.990068
1533   0.991977
1534   0.993726
1535   0.99523
1536   0.996536
1537   0.997591
1538   0.998432
1539   0.999037
1540   0.999443
1541   0.999658
1542   0.99972
1543   0.999664
1544   0.999527
1545   0.999356
1546   0.999184
1547   0.999042
1548   0.975538
1549   0.973883
1550   0.972148
1551   0.970365
1552   0.968525
1553   0.966677
1554   0.96484
1555   0.963079
1556   0.961471
1557   0.960088
1558   0.959079
1559   0.958492
1560   0.958503
1561   0.959064
1562   0.960183
1563   0.96173
1564   0.963625
1565   0.965764
1566   0.968067
1567   0.970481
1568   0.972943
1569   0.975436
1570   0.977907
1571   0.980354
1572   0.982728
1573   0.985031
1574   0.987216
1575   0.989286
1576   0.991194
1577   0.992945
1578   0.9945
1579   0.995865
1580   0.997012
1581   0.997956
1582   0.998682
1583   0.999214
1584   0.999555
1585   0.999738
1586   0.999788
1587   0.99974
1588   0.999636
1589   0.999503
1590   0.999388
1591   0.977465
1592   0.975965
1593   0.974414
1594   0.97282
1595   0.971202
1596   0.969571
1597   0.967976
1598   0.966432
1599   0.965034
1600   0.963799
1601   0.962865
1602   0.962253
1603   0.962083
1604   0.962367
1605   0.963081
1606   0.964221
1607   0.965653
1608   0.967396
1609   0.969285
1610   0.971375
1611   0.973502
1612   0.97575
1613   0.977964
1614   0.980236
1615   0.982421
1616   0.98461
1617   0.98667
1618   0.988681
1619   0.990525
1620   0.99227
1621   0.993819
1622   0.995227
1623   0.996421
1624   0.997448
1625   0.998261
1626   0.998901
1627   0.99935
1628   0.999645
1629   0.999796
1630   0.999839
1631   0.999805
1632   0.999727
1633   0.999638
1634   0.979277
1635   0.977926
1636   0.976533
1637   0.975116
1638   0.973679
1639   0.972247
1640   0.970841
1641   0.969496
1642   0.968258
1643   0.967169
1644   0.966305
1645   0.965704
1646   0.965445
1647   0.965536
1648   0.966
1649   0.966802
1650   0.96791
1651   0.969278
1652   0.970851
1653   0.972595
1654   0.974454
1655   0.976409
1656   0.978409
1657   0.980445
1658   0.982469
1659   0.984477
1660   0.986425
1661   0.988311
1662   0.990091
1663   0.991766
1664   0.993298
1665   0.99469
1666   0.995911
1667   0.99697
1668   0.997847
1669   0.998556
1670   0.999092
1671   0.999476
1672   0.999716
1673   0.999843
1674   0.999878
1675   0.999853
1676   0.999802
1677   0.980977
1678   0.979759
1679   0.978514
1680   0.97725
1681   0.975981
1682   0.974716
1683   0.973488
1684   0.972305
1685   0.971224
1686   0.970255
1687   0.969474
1688   0.968896
1689   0.968585
1690   0.968561
1691   0.968826
1692   0.969402
1693   0.970223
1694   0.97132
1695   0.972582
1696   0.974062
1697   0.975629
1698   0.977353
1699   0.979097
1700   0.980942
1701   0.982753
1702   0.984613
1703   0.986393
1704   0.988172
1705   0.989831
1706   0.991443
1707   0.992902
1708   0.994274
1709   0.995472
1710   0.996551
1711   0.997448
1712   0.998211
1713   0.998801
1714   0.999258
1715   0.999572
1716   0.999773
1717   0.999875
1718   0.999907
1719   0.999894
1720   0.982568
1721   0.981473
1722   0.980359
1723   0.979234
1724   0.978108
1725   0.976994
1726   0.975911
1727   0.974877
1728   0.973922
1729   0.973071
1730   0.972364
1731   0.97183
1732   0.971506
1733   0.971413
1734   0.971565
1735   0.971966
1736   0.972601
1737   0.973459
1738   0.974505
1739   0.975726
1740   0.977079
1741   0.978552
1742   0.980101
1743   0.981719
1744   0.983362
1745   0.985026
1746   0.986669
1747   0.988288
1748   0.989844
1749   0.991336
1750   0.99273
1751   0.994025
1752   0.995194
1753   0.99624
1754   0.997144
1755   0.997914
1756   0.99854
1757   0.999036
1758   0.999403
1759   0.999661
1760   0.999818
1761   0.999902
1762   0.999929
1763   0.984053
1764   0.983071
1765   0.982076
1766   0.981075
1767   0.980079
1768   0.979094
1769   0.978144
1770   0.977234
1771   0.976399
1772   0.975646
1773   0.97502
1774   0.97453
1775   0.974213
1776   0.974088
1777   0.974159
1778   0.974452
1779   0.974929
1780   0.975628
1781   0.976471
1782   0.97751
1783   0.978642
1784   0.979932
1785   0.981263
1786   0.982711
1787   0.984152
1788   0.985666
1789   0.98713
1790   0.988624
1791   0.990032
1792   0.991428
1793   0.992707
1794   0.993939
1795   0.995032
1796   0.996048
1797   0.996915
1798   0.997686
1799   0.998311
1800   0.998834
1801   0.999227
1802   0.999527
1803   0.999727
1804   0.999855
1805   0.99992
1806   0.985437
1807   0.984558
1808   0.983669
1809   0.982779
1810   0.981894
1811   0.981026
1812   0.980186
1813   0.97939
1814   0.978655
1815   0.977998
1816   0.977443
1817   0.977009
1818   0.976717
1819   0.976584
1820   0.976621
1821   0.976836
1822   0.977224
1823   0.977785
1824   0.978501
1825   0.979364
1826   0.98035
1827   0.981447
1828   0.982627
1829   0.98388
1830   0.985175
1831   0.986503
1832   0.987835
1833   0.989162
1834   0.990456
1835   0.99171
1836   0.9929
1837   0.99402
1838   0.995052
1839   0.99599
1840   0.996823
1841   0.997552
1842   0.99817
1843   0.998682
1844   0.999091
1845   0.999405
1846   0.999632
1847   0.999788
1848   0.999883
