##### Y Variance #####
0   0.999913
1   0.999863
2   0.999294
3   0.997995
4   0.995765
5   0.992494
6   0.988072
7   0.982594
8   0.976165
9   0.969354
10   0.962282
11   0.955366
12   0.948685
13   0.942516
14   0.936968
15   0.932227
16   0.928404
17   0.92561
18   0.923856
19   0.923114
20   0.923341
21   0.924404
22   0.92627
23   0.928771
24   0.931839
25   0.935268
26   0.938975
27   0.942761
28   0.946581
29   0.950301
30   0.953912
31   0.957337
32   0.960589
33   0.963639
34   0.966506
35   0.969185
36   0.971693
37   0.974034
38   0.97622
39   0.978255
40   0.980149
41   0.981906
42   0.983534
43   0.999484
44   0.999827
45   0.999703
46   0.998864
47   0.996953
48   0.994044
49   0.989591
50   0.984247
51   0.977015
52   0.970163
53   0.962003
54   0.954671
55   0.94685
56   0.93994
57   0.933347
58   0.927787
59   0.9231
60   0.919651
61   0.917353
62   0.916132
63   0.916195
64   0.916972
65   0.919014
66   0.921512
67   0.925062
68   0.928722
69   0.933079
70   0.937194
71   0.941663
72   0.945738
73   0.949914
74   0.953672
75   0.957371
76   0.960711
77   0.963921
78   0.96685
79   0.969624
80   0.972179
81   0.974574
82   0.976788
83   0.978847
84   0.980751
85   0.98251
86   0.998434
87   0.99916
88   0.999651
89   0.999457
90   0.998269
91   0.995955
92   0.99226
93   0.987344
94   0.98085
95   0.973377
96   0.965115
97   0.956532
98   0.947838
99   0.939521
100   0.931694
101   0.924922
102   0.91912
103   0.914574
104   0.911268
105   0.909185
106   0.908448
107   0.908854
108   0.910518
109   0.913167
110   0.91678
111   0.92098
112   0.925695
113   0.930541
114   0.935504
115   0.940329
116   0.945018
117   0.949422
118   0.953568
119   0.957412
120   0.960987
121   0.964295
122   0.967362
123   0.970203
124   0.97283
125   0.97526
126   0.977502
127   0.979569
128   0.981469
129   0.996594
130   0.997684
131   0.998765
132   0.999301
133   0.998944
134   0.997479
135   0.994621
136   0.990592
137   0.98494
138   0.97807
139   0.969597
140   0.961007
141   0.950975
142   0.942234
143   0.932325
144   0.924862
145   0.917127
146   0.911388
147   0.906507
148   0.902988
149   0.901187
150   0.900525
151   0.901783
152   0.904029
153   0.907861
154   0.912165
155   0.91756
156   0.922818
157   0.928643
158   0.934063
159   0.9396
160   0.944586
161   0.949413
162   0.953743
163   0.957827
164   0.961524
165   0.964968
166   0.968111
167   0.971017
168   0.973679
169   0.976126
170   0.978367
171   0.980418
172   0.993839
173   0.995035
174   0.99674
175   0.998015
176   0.998647
177   0.998156
178   0.996451
179   0.993458
180   0.988995
181   0.983178
182   0.975888
183   0.967599
184   0.95835
185   0.948719
186   0.938756
187   0.928968
188   0.919772
189   0.911381
190   0.904203
191   0.898548
192   0.894568
193   0.892738
194   0.892718
195   0.894515
196   0.89789
197   0.902328
198   0.90788
199   0.91392
200   0.920385
201   0.926858
202   0.93319
203   0.939138
204   0.944648
205   0.949714
206   0.95433
207   0.958561
208   0.962405
209   0.96593
210   0.969133
211   0.972067
212   0.97473
213   0.977164
214   0.97937
215   0.990209
216   0.991591
217   0.993631
218   0.995611
219   0.9971
220   0.997624
221   0.996995
222   0.995173
223   0.991949
224   0.987458
225   0.981494
226   0.974375
227   0.966059
228   0.956988
229   0.947007
230   0.936851
231   0.925647
232   0.916323
233   0.905584
234   0.898966
235   0.890967
236   0.888332
237   0.885599
238   0.886377
239   0.888711
240   0.892318
241   0.898063
242   0.904215
243   0.911677
244   0.918923
245   0.926429
246   0.933191
247   0.939637
248   0.945385
249   0.950685
250   0.955438
251   0.959769
252   0.963677
253   0.967224
254   0.970433
255   0.973337
256   0.975965
257   0.978339
258   0.985731
259   0.986825
260   0.989364
261   0.991867
262   0.994289
263   0.99574
264   0.996297
265   0.995601
266   0.993725
267   0.990544
268   0.986033
269   0.98029
270   0.973328
271   0.965395
272   0.956493
273   0.946973
274   0.936711
275   0.926501
276   0.916227
277   0.906749
278   0.898023
279   0.890586
280   0.885267
281   0.881813
282   0.881195
283   0.883103
284   0.887502
285   0.894182
286   0.902125
287   0.91053
288   0.918968
289   0.926967
290   0.934252
291   0.940942
292   0.946889
293   0.952294
294   0.957093
295   0.961447
296   0.965326
297   0.96884
298   0.971977
299   0.974814
300   0.977346
301   0.980651
302   0.981741
303   0.984279
304   0.987347
305   0.990423
306   0.992815
307   0.994324
308   0.994777
309   0.99405
310   0.992193
311   0.989032
312   0.984755
313   0.979233
314   0.972748
315   0.965216
316   0.956967
317   0.947969
318   0.938457
319   0.928687
320   0.918803
321   0.908954
322   0.899753
323   0.890156
324   0.884667
325   0.878095
326   0.878983
327   0.879315
328   0.885964
329   0.893783
330   0.902454
331   0.911981
332   0.920712
333   0.929048
334   0.936498
335   0.943206
336   0.94918
337   0.954505
338   0.959262
339   0.963503
340   0.967297
341   0.970682
342   0.973709
343   0.976412
344   0.975117
345   0.975453
346   0.978334
347   0.981693
348   0.985563
349   0.988724
350   0.991283
351   0.99269
352   0.99317
353   0.992443
354   0.990646
355   0.987697
356   0.98367
357   0.978638
358   0.972634
359   0.965834
360   0.958202
361   0.949966
362   0.941146
363   0.931989
364   0.922569
365   0.913242
366   0.903916
367   0.895748
368   0.888678
369   0.883779
370   0.881902
371   0.882534
372   0.887937
373   0.895797
374   0.905262
375   0.91519
376   0.9242
377   0.932588
378   0.939844
379   0.946421
380   0.952151
381   0.957313
382   0.961845
383   0.965917
384   0.969506
385   0.972726
386   0.975569
387   0.969585
388   0.969833
389   0.972034
390   0.975662
391   0.980004
392   0.984018
393   0.987353
394   0.989746
395   0.991135
396   0.991518
397   0.99081
398   0.989139
399   0.986404
400   0.9828
401   0.978238
402   0.972921
403   0.966782
404   0.959969
405   0.952512
406   0.944528
407   0.936162
408   0.927577
409   0.919031
410   0.910523
411   0.902793
412   0.895859
413   0.890022
414   0.887884
415   0.886406
416   0.893349
417   0.900886
418   0.910993
419   0.920549
420   0.929369
421   0.937119
422   0.944072
423   0.950175
424   0.955623
425   0.960429
426   0.964706
427   0.968492
428   0.971858
429   0.974845
430   0.964108
431   0.963582
432   0.965522
433   0.968724
434   0.973797
435   0.978462
436   0.982684
437   0.985847
438   0.988222
439   0.989471
440   0.989857
441   0.989211
442   0.987723
443   0.985335
444   0.982162
445   0.978215
446   0.973534
447   0.968176
448   0.962149
449   0.955575
450   0.948475
451   0.941064
452   0.933321
453   0.925536
454   0.91788
455   0.910735
456   0.90439
457   0.899747
458   0.89698
459   0.897131
460   0.90274
461   0.910171
462   0.919071
463   0.927889
464   0.935559
465   0.942646
466   0.948855
467   0.954462
468   0.959393
469   0.963815
470   0.967712
471   0.971199
472   0.974278
473   0.958912
474   0.958056
475   0.959143
476   0.962324
477   0.967353
478   0.972663
479   0.977512
480   0.981509
481   0.984589
482   0.986722
483   0.987901
484   0.988243
485   0.987706
486   0.986462
487   0.984431
488   0.981776
489   0.978404
490   0.974435
491   0.969816
492   0.964626
493   0.958909
494   0.952701
495   0.946171
496   0.939258
497   0.932415
498   0.925561
499   0.919464
500   0.913949
501   0.910201
502   0.90791
503   0.908404
504   0.913691
505   0.920078
506   0.928046
507   0.935273
508   0.942157
509   0.948278
510   0.95385
511   0.958804
512   0.963252
513   0.967211
514   0.970747
515   0.973898
516   0.954033
517   0.952415
518   0.952915
519   0.95516
520   0.960692
521   0.966402
522   0.971944
523   0.976567
524   0.980453
525   0.983248
526   0.985272
527   0.986343
528   0.986746
529   0.986375
530   0.985425
531   0.98382
532   0.981664
533   0.978907
534   0.975589
535   0.971702
536   0.967268
537   0.962331
538   0.956916
539   0.951128
540   0.945087
541   0.938995
542   0.933097
543   0.927671
544   0.923191
545   0.91993
546   0.918946
547   0.920295
548   0.925028
549   0.930767
550   0.936997
551   0.943047
552   0.948747
553   0.954008
554   0.958796
555   0.963142
556   0.967053
557   0.970579
558   0.973738
559   0.949638
560   0.947548
561   0.947177
562   0.949262
563   0.954199
564   0.960219
565   0.966201
566   0.971512
567   0.975975
568   0.979496
569   0.982104
570   0.983927
571   0.984984
572   0.985458
573   0.985302
574   0.98468
575   0.983489
576   0.981846
577   0.979645
578   0.97695
579   0.973712
580   0.969946
581   0.965707
582   0.960955
583   0.955932
584   0.950559
585   0.94532
586   0.940086
587   0.935663
588   0.931903
589   0.92998
590   0.929644
591   0.931692
592   0.935568
593   0.940184
594   0.945218
595   0.950152
596   0.954924
597   0.959368
598   0.96349
599   0.967262
600   0.9707
601   0.97382
602   0.945777
603   0.943008
604   0.941876
605   0.942651
606   0.947783
607   0.953855
608   0.960317
609   0.966139
610   0.971286
611   0.975357
612   0.978648
613   0.981005
614   0.982766
615   0.983834
616   0.984467
617   0.984565
618   0.984282
619   0.983512
620   0.982328
621   0.980637
622   0.978472
623   0.975773
624   0.972571
625   0.968854
626   0.964713
627   0.960196
628   0.955517
629   0.950779
630   0.94642
631   0.942562
632   0.939971
633   0.938546
634   0.939273
635   0.941318
636   0.944606
637   0.948377
638   0.952479
639   0.956551
640   0.960541
641   0.964308
642   0.967855
643   0.97113
644   0.974156
645   0.942561
646   0.939294
647   0.937366
648   0.937867
649   0.94178
650   0.947746
651   0.954448
652   0.96084
653   0.9665
654   0.971208
655   0.974984
656   0.977952
657   0.980182
658   0.981881
659   0.983042
660   0.98385
661   0.984217
662   0.984268
663   0.983875
664   0.983105
665   0.981845
666   0.980115
667   0.97787
668   0.975092
669   0.971861
670   0.968138
671   0.964185
672   0.959964
673   0.955962
674   0.952187
675   0.949303
676   0.947357
677   0.946869
678   0.947722
679   0.94964
680   0.952337
681   0.955462
682   0.958825
683   0.962231
684   0.965588
685   0.968818
686   0.971879
687   0.974748
688   0.940027
689   0.936254
690   0.93356
691   0.932575
692   0.93611
693   0.941483
694   0.948538
695   0.955388
696   0.961657
697   0.966882
698   0.971261
699   0.97468
700   0.977479
701   0.979604
702   0.98135
703   0.982639
704   0.98366
705   0.984299
706   0.984652
707   0.984592
708   0.984156
709   0.983231
710   0.981838
711   0.979901
712   0.977476
713   0.974536
714   0.971237
715   0.967612
716   0.96399
717   0.960444
718   0.957513
719   0.955206
720   0.954125
721   0.953982
722   0.954971
723   0.956626
724   0.958932
725   0.961519
726   0.96436
727   0.967224
728   0.970114
729   0.972892
730   0.975581
731   0.938207
732   0.934014
733   0.930753
734   0.929376
735   0.93102
736   0.935785
737   0.942763
738   0.950067
739   0.956827
740   0.962643
741   0.967493
742   0.971466
743   0.97466
744   0.977297
745   0.979419
746   0.981235
747   0.982686
748   0.983917
749   0.9848
750   0.985415
751   0.985617
752   0.985437
753   0.984765
754   0.983599
755   0.981919
756   0.97971
757   0.977088
758   0.97406
759   0.97091
760   0.967701
761   0.964846
762   0.962455
763   0.960884
764   0.960155
765   0.960298
766   0.961185
767   0.962671
768   0.964596
769   0.966818
770   0.969216
771   0.971701
772   0.974191
773   0.976637
774   0.937117
775   0.932574
776   0.92876
777   0.926297
778   0.926691
779   0.929608
780   0.936983
781   0.944722
782   0.95197
783   0.958309
784   0.963731
785   0.968156
786   0.971864
787   0.974866
788   0.977462
789   0.979623
790   0.981559
791   0.983183
792   0.984605
793   0.9857
794   0.986507
795   0.986899
796   0.986885
797   0.98636
798   0.985351
799   0.983796
800   0.981794
801   0.979343
802   0.976668
803   0.973823
804   0.971173
805   0.968765
806   0.967009
807   0.965815
808   0.96544
809   0.965642
810   0.966519
811   0.967793
812   0.969497
813   0.971395
814   0.973512
815   0.975664
816   0.97788
817   0.936751
818   0.931952
819   0.927627
820   0.924421
821   0.923177
822   0.925398
823   0.931656
824   0.93946
825   0.947127
826   0.954013
827   0.959941
828   0.964913
829   0.969026
830   0.972497
831   0.975414
832   0.978002
833   0.980247
834   0.982311
835   0.984087
836   0.985669
837   0.986909
838   0.987849
839   0.988351
840   0.988424
841   0.987989
842   0.987046
843   0.98562
844   0.983732
845   0.981535
846   0.979101
847   0.976692
848   0.974415
849   0.972536
850   0.971123
851   0.970304
852   0.970052
853   0.970359
854   0.971134
855   0.972312
856   0.973789
857   0.975499
858   0.97735
859   0.979282
860   0.937057
861   0.932125
862   0.927327
863   0.923312
864   0.920602
865   0.92034
866   0.926627
867   0.934351
868   0.942272
869   0.94964
870   0.956118
871   0.961584
872   0.966203
873   0.970049
874   0.973393
875   0.976278
876   0.978914
877   0.981261
878   0.983436
879   0.985342
880   0.987019
881   0.988352
882   0.98934
883   0.98988
884   0.989971
885   0.989543
886   0.988646
887   0.987262
888   0.98553
889   0.983487
890   0.981378
891   0.979255
892   0.977413
893   0.975845
894   0.974796
895   0.974157
896   0.97408
897   0.974387
898   0.975163
899   0.976214
900   0.977589
901   0.979105
902   0.980797
903   0.937957
904   0.932882
905   0.927772
906   0.923012
907   0.919164
908   0.918315
909   0.922325
910   0.929414
911   0.937456
912   0.945242
913   0.952234
914   0.958239
915   0.963302
916   0.967612
917   0.971283
918   0.974555
919   0.977452
920   0.980151
921   0.98258
922   0.984844
923   0.986815
924   0.988544
925   0.989892
926   0.990878
927   0.991397
928   0.991455
929   0.991023
930   0.990123
931   0.988826
932   0.987191
933   0.985384
934   0.983495
935   0.981722
936   0.980147
937   0.978917
938   0.978059
939   0.977637
940   0.977619
941   0.978003
942   0.978723
943   0.979745
944   0.980987
945   0.982396
946   0.939393
947   0.934399
948   0.929014
949   0.92387
950   0.918873
951   0.91557
952   0.918753
953   0.924641
954   0.932677
955   0.940823
956   0.948279
957   0.954795
958   0.960347
959   0.965064
960   0.969147
961   0.972716
962   0.975956
963   0.978894
964   0.981636
965   0.984135
966   0.986426
967   0.988427
968   0.990131
969   0.991451
970   0.99237
971   0.992822
972   0.992821
973   0.99234
974   0.991459
975   0.990198
976   0.988716
977   0.98706
978   0.985443
979   0.983891
980   0.982616
981   0.981582
982   0.980958
983   0.980643
984   0.980753
985   0.981147
986   0.981899
987   0.982847
988   0.984034
989   0.941255
990   0.936245
991   0.930867
992   0.925321
993   0.919944
994   0.91623
995   0.916116
996   0.9206
997   0.92814
998   0.936412
999   0.944287
1000   0.951254
1001   0.957263
1002   0.962426
1003   0.966859
1004   0.970796
1005   0.974292
1006   0.977536
1007   0.980487
1008   0.983267
1009   0.985772
1010   0.988067
1011   0.990026
1012   0.991678
1013   0.992913
1014   0.993745
1015   0.994113
1016   0.994036
1017   0.993534
1018   0.99265
1019   0.991483
1020   0.990103
1021   0.988655
1022   0.987217
1023   0.985927
1024   0.984836
1025   0.984039
1026   0.983545
1027   0.983394
1028   0.983557
1029   0.98403
1030   0.984753
1031   0.985687
1032   0.943499
1033   0.938735
1034   0.933356
1035   0.927843
1036   0.922052
1037   0.917198
1038   0.915262
1039   0.916405
1040   0.923782
1041   0.93219
1042   0.940242
1043   0.947664
1044   0.954081
1045   0.959661
1046   0.964474
1047   0.968719
1048   0.97253
1049   0.976001
1050   0.979218
1051   0.98219
1052   0.984944
1053   0.987441
1054   0.989668
1055   0.991566
1056   0.993109
1057   0.994244
1058   0.994959
1059   0.99523
1060   0.995088
1061   0.994546
1062   0.993699
1063   0.992584
1064   0.991352
1065   0.990041
1066   0.988821
1067   0.987699
1068   0.986833
1069   0.98618
1070   0.985869
1071   0.985805
1072   0.986082
1073   0.986567
1074   0.987315
1075   0.946015
1076   0.941396
1077   0.936293
1078   0.930802
1079   0.925037
1080   0.919709
1081   0.915723
1082   0.915611
1083   0.920387
1084   0.928073
1085   0.936268
1086   0.943965
1087   0.95079
1088   0.956748
1089   0.961903
1090   0.966488
1091   0.970552
1092   0.974303
1093   0.977712
1094   0.980923
1095   0.98385
1096   0.986579
1097   0.988999
1098   0.991155
1099   0.992939
1100   0.994375
1101   0.995387
1102   0.995995
1103   0.996181
1104   0.995979
1105   0.995439
1106   0.994612
1107   0.993602
1108   0.992472
1109   0.991341
1110   0.990269
1111   0.989356
1112   0.988636
1113   0.988175
1114   0.987971
1115   0.988046
1116   0.988363
1117   0.9889
1118   0.948746
1119   0.944494
1120   0.939611
1121   0.93448
1122   0.92877
1123   0.923329
1124   0.918046
1125   0.914583
1126   0.918259
1127   0.92459
1128   0.932557
1129   0.940481
1130   0.947517
1131   0.953815
1132   0.959262
1133   0.964129
1134   0.968465
1135   0.972431
1136   0.976072
1137   0.979453
1138   0.982587
1139   0.98548
1140   0.988111
1141   0.990459
1142   0.992486
1143   0.994163
1144   0.995459
1145   0.996356
1146   0.996854
1147   0.99696
1148   0.996722
1149   0.996171
1150   0.995403
1151   0.994459
1152   0.99347
1153   0.992462
1154   0.991576
1155   0.990803
1156   0.990272
1157   0.989931
1158   0.989879
1159   0.99002
1160   0.990413
1161   0.951577
1162   0.947556
1163   0.943085
1164   0.938194
1165   0.93286
1166   0.927324
1167   0.921903
1168   0.91805
1169   0.917574
1170   0.922249
1171   0.929469
1172   0.937166
1173   0.944363
1174   0.950844
1175   0.956532
1176   0.961658
1177   0.966207
1178   0.97041
1179   0.97422
1180   0.977806
1181   0.981084
1182   0.984168
1183   0.986952
1184   0.989507
1185   0.991724
1186   0.993644
1187   0.995181
1188   0.996361
1189   0.997141
1190   0.997551
1191   0.997601
1192   0.997334
1193   0.99681
1194   0.996085
1195   0.995249
1196   0.994361
1197   0.993517
1198   0.99276
1199   0.992169
1200   0.991763
1201   0.991582
1202   0.991611
1203   0.991843
1204   0.954462
1205   0.950827
1206   0.946668
1207   0.942254
1208   0.937251
1209   0.932169
1210   0.926746
1211   0.9222
1212   0.920136
1213   0.92075
1214   0.927184
1215   0.934647
1216   0.941599
1217   0.948195
1218   0.953977
1219   0.959265
1220   0.96399
1221   0.968346
1222   0.972331
1223   0.976047
1224   0.979487
1225   0.982696
1226   0.985646
1227   0.988347
1228   0.990755
1229   0.992864
1230   0.994632
1231   0.99605
1232   0.997097
1233   0.997778
1234   0.998107
1235   0.998107
1236   0.997834
1237   0.997325
1238   0.996672
1239   0.995913
1240   0.995159
1241   0.994429
1242   0.993839
1243   0.993371
1244   0.993124
1245   0.993034
1246   0.993166
1247   0.957319
1248   0.953935
1249   0.950204
1250   0.946131
1251   0.941683
1252   0.936956
1253   0.93211
1254   0.927616
1255   0.924283
1256   0.923802
1257   0.926514
1258   0.932842
1259   0.939425
1260   0.945883
1261   0.95165
1262   0.957022
1263   0.961818
1264   0.966311
1265   0.970383
1266   0.974236
1267   0.977764
1268   0.98111
1269   0.984162
1270   0.987017
1271   0.989563
1272   0.991861
1273   0.993815
1274   0.995464
1275   0.996745
1276   0.997689
1277   0.998277
1278   0.998544
1279   0.998517
1280   0.99824
1281   0.997778
1282   0.99718
1283   0.99653
1284   0.995877
1285   0.995297
1286   0.994825
1287   0.994511
1288   0.99436
1289   0.99438
1290   0.960124
1291   0.957085
1292   0.953673
1293   0.95007
1294   0.946055
1295   0.941948
1296   0.937571
1297   0.933581
1298   0.929948
1299   0.927755
1300   0.929262
1301   0.932828
1302   0.938599
1303   0.94459
1304   0.950072
1305   0.955287
1306   0.960056
1307   0.964522
1308   0.968645
1309   0.972519
1310   0.976125
1311   0.979519
1312   0.98267
1313   0.985607
1314   0.988284
1315   0.990709
1316   0.992836
1317   0.994666
1318   0.996162
1319   0.997332
1320   0.998162
1321   0.998673
1322   0.998885
1323   0.998833
1324   0.998571
1325   0.99814
1326   0.997623
1327   0.997052
1328   0.996527
1329   0.996053
1330   0.995725
1331   0.995509
1332   0.995468
1333   0.962832
1334   0.960029
1335   0.956992
1336   0.953728
1337   0.950233
1338   0.94656
1339   0.942838
1340   0.939188
1341   0.936064
1342   0.933728
1343   0.933308
1344   0.935501
1345   0.939154
1346   0.944318
1347   0.949211
1348   0.95417
1349   0.958699
1350   0.963087
1351   0.967108
1352   0.97098
1353   0.974553
1354   0.977988
1355   0.981154
1356   0.984168
1357   0.986908
1358   0.989454
1359   0.991699
1360   0.993698
1361   0.995367
1362   0.996748
1363   0.997792
1364   0.998537
1365   0.998976
1366   0.999149
1367   0.999089
1368   0.99884
1369   0.998465
1370   0.998011
1371   0.997547
1372   0.997117
1373   0.996775
1374   0.996541
1375   0.996433
1376   0.965436
1377   0.962917
1378   0.960161
1379   0.95728
1380   0.954165
1381   0.950992
1382   0.947704
1383   0.944587
1384   0.941739
1385   0.939603
1386   0.938704
1387   0.939239
1388   0.941926
1389   0.945558
1390   0.949726
1391   0.953982
1392   0.958164
1393   0.962215
1394   0.966078
1395   0.969781
1396   0.973292
1397   0.976648
1398   0.979812
1399   0.982812
1400   0.985601
1401   0.988193
1402   0.990538
1403   0.992643
1404   0.994463
1405   0.996006
1406   0.997241
1407   0.998186
1408   0.998834
1409   0.999215
1410   0.999352
1411   0.999283
1412   0.999061
1413   0.998727
1414   0.998354
1415   0.997969
1416   0.997653
1417   0.997398
1418   0.997268
1419   0.967918
1420   0.965609
1421   0.963153
1422   0.960561
1423   0.957847
1424   0.95504
1425   0.952242
1426   0.949504
1427   0.947117
1428   0.945145
1429   0.944171
1430   0.944096
1431   0.945457
1432   0.948004
1433   0.951112
1434   0.954682
1435   0.958258
1436   0.961941
1437   0.965462
1438   0.968973
1439   0.972289
1440   0.975552
1441   0.978612
1442   0.981588
1443   0.984343
1444   0.98697
1445   0.989347
1446   0.991544
1447   0.99346
1448   0.995146
1449   0.996532
1450   0.997659
1451   0.998493
1452   0.99907
1453   0.999395
1454   0.999507
1455   0.999442
1456   0.999244
1457   0.998969
1458   0.99866
1459   0.998372
1460   0.998134
1461   0.997976
1462   0.970279
1463   0.968198
1464   0.965978
1465   0.963681
1466   0.961265
1467   0.958824
1468   0.956362
1469   0.95401
1470   0.951879
1471   0.950129
1472   0.949039
1473   0.948663
1474   0.949417
1475   0.951017
1476   0.953357
1477   0.956118
1478   0.959143
1479   0.962289
1480   0.965467
1481   0.968638
1482   0.971748
1483   0.974799
1484   0.977744
1485   0.980596
1486   0.983306
1487   0.985883
1488   0.988277
1489   0.990492
1490   0.992482
1491   0.994251
1492   0.995761
1493   0.997024
1494   0.998017
1495   0.998761
1496   0.999257
1497   0.999537
1498   0.999626
1499   0.999563
1500   0.999397
1501   0.999166
1502   0.998932
1503   0.998711
1504   0.998559
1505   0.972515
1506   0.970618
1507   0.968634
1508   0.966573
1509   0.964455
1510   0.962298
1511   0.960176
1512   0.958114
1513   0.956279
1514   0.954698
1515   0.953642
1516   0.953116
1517   0.953372
1518   0.954378
1519   0.955978
1520   0.958111
1521   0.960504
1522   0.96318
1523   0.965901
1524   0.968755
1525   0.97155
1526   0.974397
1527   0.977131
1528   0.979862
1529   0.982442
1530   0.984965
1531   0.9873
1532   0.989524
1533   0.991523
1534   0.993358
1535   0.99494
1536   0.996318
1537   0.997433
1538   0.998325
1539   0.99897
1540   0.999407
1541   0.999642
1542   0.999716
1543   0.999663
1544   0.999526
1545   0.99935
1546   0.999172
1547   0.999025
1548   0.97463
1549   0.972918
1550   0.971129
1551   0.969296
1552   0.967411
1553   0.965522
1554   0.96365
1555   0.96186
1556   0.960227
1557   0.958826
1558   0.957803
1559   0.957207
1560   0.957213
1561   0.957772
1562   0.958894
1563   0.96045
1564   0.962361
1565   0.964526
1566   0.966862
1567   0.969319
1568   0.971833
1569   0.974387
1570   0.976927
1571   0.97945
1572   0.981905
1573   0.984293
1574   0.986565
1575   0.988722
1576   0.990716
1577   0.992549
1578   0.994181
1579   0.995616
1580   0.996826
1581   0.997823
1582   0.998593
1583   0.999159
1584   0.999525
1585   0.999725
1586   0.999784
1587   0.999739
1588   0.999635
1589   0.999499
1590   0.99938
1591   0.976623
1592   0.975071
1593   0.97347
1594   0.97183
1595   0.970168
1596   0.968497
1597   0.966867
1598   0.965292
1599   0.963869
1600   0.962613
1601   0.961663
1602   0.961041
1603   0.960862
1604   0.961144
1605   0.961859
1606   0.963007
1607   0.964452
1608   0.966217
1609   0.968133
1610   0.970261
1611   0.972433
1612   0.974736
1613   0.97701
1614   0.97935
1615   0.981608
1616   0.983875
1617   0.986014
1618   0.988107
1619   0.99003
1620   0.991854
1621   0.993475
1622   0.994953
1623   0.996208
1624   0.99729
1625   0.998149
1626   0.998826
1627   0.999305
1628   0.999621
1629   0.999786
1630   0.999836
1631   0.999805
1632   0.999726
1633   0.999635
1634   0.978499
1635   0.9771
1636   0.975662
1637   0.974201
1638   0.972722
1639   0.971252
1640   0.969812
1641   0.968436
1642   0.967172
1643   0.966062
1644   0.965181
1645   0.964567
1646   0.964298
1647   0.964385
1648   0.964849
1649   0.965657
1650   0.966776
1651   0.968162
1652   0.96976
1653   0.971536
1654   0.973435
1655   0.975437
1656   0.977491
1657   0.979587
1658   0.981677
1659   0.983755
1660   0.985775
1661   0.987735
1662   0.989589
1663   0.991337
1664   0.992939
1665   0.994396
1666   0.995678
1667   0.996791
1668   0.997714
1669   0.998463
1670   0.99903
1671   0.999439
1672   0.999696
1673   0.999834
1674   0.999875
1675   0.999853
1676   0.999802
1677   0.980259
1678   0.978998
1679   0.977711
1680   0.976407
1681   0.975099
1682   0.973798
1683   0.972537
1684   0.971324
1685   0.970217
1686   0.969227
1687   0.968427
1688   0.967836
1689   0.967514
1690   0.967485
1691   0.967748
1692   0.968329
1693   0.969158
1694   0.970271
1695   0.971554
1696   0.973063
1697   0.974664
1698   0.97643
1699   0.978221
1700   0.980121
1701   0.981989
1702   0.983913
1703   0.985757
1704   0.987605
1705   0.98933
1706   0.99101
1707   0.992534
1708   0.993969
1709   0.995223
1710   0.996355
1711   0.997298
1712   0.998101
1713   0.998725
1714   0.999209
1715   0.999541
1716   0.999757
1717   0.999868
1718   0.999905
1719   0.999894
1720   0.981908
1721   0.980775
1722   0.979622
1723   0.97846
1724   0.977298
1725   0.97615
1726   0.975035
1727   0.973973
1728   0.972993
1729   0.972121
1730   0.971396
1731   0.970848
1732   0.970513
1733   0.970414
1734   0.970565
1735   0.970968
1736   0.971611
1737   0.972482
1738   0.973547
1739   0.974792
1740   0.976175
1741   0.977685
1742   0.979276
1743   0.980941
1744   0.982636
1745   0.984356
1746   0.986058
1747   0.987738
1748   0.989356
1749   0.990909
1750   0.992363
1751   0.993715
1752   0.994938
1753   0.996034
1754   0.996983
1755   0.997792
1756   0.998451
1757   0.998975
1758   0.999363
1759   0.999637
1760   0.999806
1761   0.999896
1762   0.999927
1763   0.983448
1764   0.982431
1765   0.981401
1766   0.980365
1767   0.979336
1768   0.978321
1769   0.977342
1770   0.976405
1771   0.975546
1772   0.974773
1773   0.974129
1774   0.973626
1775   0.973298
1776   0.973167
1777   0.973235
1778   0.973531
1779   0.974013
1780   0.974724
1781   0.975582
1782   0.976644
1783   0.977802
1784   0.979125
1785   0.980493
1786   0.981983
1787   0.983469
1788   0.985034
1789   0.98655
1790   0.988099
1791   0.989561
1792   0.991014
1793   0.992347
1794   0.993632
1795   0.994775
1796   0.995838
1797   0.996746
1798   0.997556
1799   0.998212
1800   0.998763
1801   0.999178
1802   0.999496
1803   0.999707
1804   0.999844
1805   0.999915
1806   0.984883
1807   0.983972
1808   0.983052
1809   0.98213
1810   0.981216
1811   0.980319
1812   0.979454
1813   0.978633
1814   0.977876
1815   0.9772
1816   0.976629
1817   0.976182
1818   0.97588
1819   0.975741
1820   0.975775
1821   0.975991
1822   0.976385
1823   0.976955
1824   0.977686
1825   0.978568
1826   0.979578
1827   0.980703
1828   0.981917
1829   0.983206
1830   0.984543
1831   0.985915
1832   0.987294
1833   0.988669
1834   0.990013
1835   0.991317
1836   0.992556
1837   0.993724
1838   0.994801
1839   0.995782
1840   0.996654
1841   0.997418
1842   0.998067
1843   0.998605
1844   0.999035
1845   0.999367
1846   0.999608
1847   0.999773
1848   0.999875
