##### Y Variance #####
0   0.99996
1   0.999863
2   0.999358
3   0.998305
4   0.996584
5   0.994167
6   0.991025
7   0.987266
8   0.982982
9   0.97852
10   0.973964
11   0.969563
12   0.96537
13   0.961551
14   0.958163
15   0.955311
16   0.953044
17   0.951419
18   0.950428
19   0.950057
20   0.950265
21   0.950981
22   0.95217
23   0.95374
24   0.955644
25   0.957773
26   0.960072
27   0.962434
28   0.964828
29   0.96718
30   0.969476
31   0.971675
32   0.973778
33   0.975766
34   0.977646
35   0.979414
36   0.981076
37   0.982633
38   0.98409
39   0.98545
40   0.986716
41   0.987893
42   0.988984
43   0.999725
44   0.999913
45   0.999704
46   0.998934
47   0.99735
48   0.995091
49   0.991815
50   0.988046
51   0.983202
52   0.978626
53   0.973377
54   0.968683
55   0.963796
56   0.959549
57   0.955549
58   0.95226
59   0.949509
60   0.947557
61   0.946272
62   0.945684
63   0.94581
64   0.946419
65   0.947714
66   0.949326
67   0.951498
68   0.953791
69   0.956449
70   0.959026
71   0.961782
72   0.964358
73   0.966975
74   0.969383
75   0.971745
76   0.973916
77   0.976001
78   0.977927
79   0.979751
80   0.981443
81   0.98303
82   0.984504
83   0.985875
84   0.987145
85   0.98832
86   0.999077
87   0.999569
88   0.999808
89   0.999469
90   0.998329
91   0.996353
92   0.99344
93   0.989766
94   0.985208
95   0.980158
96   0.97475
97   0.969285
98   0.963873
99   0.958807
100   0.954132
101   0.950156
102   0.946818
103   0.944275
104   0.942488
105   0.941449
106   0.941192
107   0.941614
108   0.942749
109   0.94445
110   0.94669
111   0.949277
112   0.952156
113   0.955128
114   0.958171
115   0.961153
116   0.964064
117   0.966827
118   0.969447
119   0.9719
120   0.974199
121   0.976342
122   0.978341
123   0.980201
124   0.981929
125   0.983533
126   0.985016
127   0.986388
128   0.987651
129   0.997885
130   0.998689
131   0.999393
132   0.999583
133   0.998981
134   0.997509
135   0.995001
136   0.991748
137   0.987495
138   0.982662
139   0.976988
140   0.971426
141   0.9652
142   0.959849
143   0.954019
144   0.949655
145   0.945264
146   0.942115
147   0.939497
148   0.937742
149   0.936928
150   0.936827
151   0.937758
152   0.939279
153   0.941639
154   0.944312
155   0.94755
156   0.950762
157   0.954259
158   0.95757
159   0.96093
160   0.964014
161   0.967
162   0.969726
163   0.972304
164   0.974668
165   0.976878
166   0.978913
167   0.980802
168   0.982543
169   0.984149
170   0.985626
171   0.986983
172   0.996038
173   0.997004
174   0.998244
175   0.999032
176   0.999139
177   0.998289
178   0.996454
179   0.993707
180   0.990037
181   0.985619
182   0.980466
183   0.974902
184   0.968982
185   0.963046
186   0.957123
187   0.951491
188   0.946336
189   0.941772
190   0.937982
191   0.935107
192   0.933194
193   0.93247
194   0.932754
195   0.934053
196   0.936206
197   0.93895
198   0.942287
199   0.945897
200   0.949734
201   0.953584
202   0.957363
203   0.960944
204   0.964293
205   0.967405
206   0.97027
207   0.97292
208   0.975352
209   0.977596
210   0.979654
211   0.981549
212   0.983281
213   0.984872
214   0.986322
215   0.993526
216   0.994722
217   0.996345
218   0.997747
219   0.998546
220   0.998414
221   0.997251
222   0.995179
223   0.992119
224   0.98835
225   0.983759
226   0.978703
227   0.973112
228   0.967368
229   0.961314
230   0.955426
231   0.94919
232   0.944105
233   0.938475
234   0.935093
235   0.931132
236   0.93
237   0.928857
238   0.929678
239   0.931293
240   0.933632
241   0.937056
242   0.940726
243   0.945059
244   0.949306
245   0.953677
246   0.957679
247   0.961507
248   0.964974
249   0.968195
250   0.971121
251   0.973811
252   0.976264
253   0.978509
254   0.980558
255   0.982427
256   0.98413
257   0.985679
258   0.990334
259   0.991407
260   0.993574
261   0.995553
262   0.997157
263   0.99777
264   0.997434
265   0.996052
266   0.993765
267   0.990635
268   0.986759
269   0.982288
270   0.977301
271   0.971986
272   0.96638
273   0.960681
274   0.954836
275   0.94923
276   0.943791
277   0.938938
278   0.934615
279   0.931079
280   0.928683
281   0.927304
282   0.927433
283   0.928865
284   0.931593
285   0.935501
286   0.940066
287   0.944883
288   0.949722
289   0.954339
290   0.958591
291   0.962532
292   0.966084
293   0.969344
294   0.972279
295   0.974965
296   0.97739
297   0.979604
298   0.981603
299   0.983423
300   0.985066
301   0.986624
302   0.987792
303   0.990132
304   0.992716
305   0.995015
306   0.996436
307   0.996857
308   0.996269
309   0.994676
310   0.992291
311   0.989074
312   0.985315
313   0.980948
314   0.976282
315   0.971229
316   0.966077
317   0.960737
318   0.955412
319   0.950141
320   0.945046
321   0.940135
322   0.935704
323   0.931226
324   0.928785
325   0.925913
326   0.926792
327   0.927427
328   0.931303
329   0.935765
330   0.940708
331   0.946073
332   0.951051
333   0.95582
334   0.96014
335   0.964071
336   0.96762
337   0.970821
338   0.973717
339   0.97633
340   0.978694
341   0.980828
342   0.982756
343   0.984495
344   0.982502
345   0.983094
346   0.985896
347   0.988953
348   0.992066
349   0.994296
350   0.995604
351   0.995766
352   0.994998
353   0.993282
354   0.990827
355   0.987705
356   0.984067
357   0.980023
358   0.975663
359   0.971105
360   0.966363
361   0.961551
362   0.956679
363   0.951851
364   0.947089
365   0.942534
366   0.938129
367   0.934386
368   0.931253
369   0.929264
370   0.928804
371   0.929622
372   0.932865
373   0.937342
374   0.942651
375   0.948197
376   0.95329
377   0.958064
378   0.962265
379   0.966109
380   0.969515
381   0.972614
382   0.975378
383   0.977887
384   0.980131
385   0.982164
386   0.983983
387   0.978367
388   0.97899
389   0.981267
390   0.984676
391   0.988444
392   0.991555
393   0.993678
394   0.994683
395   0.994627
396   0.993663
397   0.991845
398   0.989425
399   0.986405
400   0.983049
401   0.979313
402   0.975424
403   0.971307
404   0.96712
405   0.962812
406   0.95849
407   0.954152
408   0.949905
409   0.945804
410   0.94187
411   0.938399
412   0.935391
413   0.932997
414   0.932405
415   0.932202
416   0.936169
417   0.940467
418   0.946074
419   0.951414
420   0.956388
421   0.960821
422   0.964846
423   0.968432
424   0.971673
425   0.974574
426   0.977189
427   0.979537
428   0.98165
429   0.983548
430   0.974234
431   0.974274
432   0.976372
433   0.979502
434   0.984129
435   0.988083
436   0.991109
437   0.99291
438   0.993688
439   0.993394
440   0.99231
441   0.990479
442   0.988141
443   0.985359
444   0.982293
445   0.978993
446   0.975537
447   0.971957
448   0.96828
449   0.964544
450   0.960758
451   0.956995
452   0.953233
453   0.949581
454   0.946098
455   0.942942
456   0.94025
457   0.938426
458   0.93755
459   0.938136
460   0.941453
461   0.945687
462   0.950679
463   0.955628
464   0.960006
465   0.964083
466   0.967714
467   0.971027
468   0.973989
469   0.976675
470   0.979082
471   0.981258
472   0.983208
473   0.970263
474   0.970049
475   0.971455
476   0.974672
477   0.979444
478   0.984151
479   0.987994
480   0.990661
481   0.992178
482   0.99264
483   0.992167
484   0.990994
485   0.989198
486   0.987035
487   0.984507
488   0.981826
489   0.978936
490   0.975984
491   0.972901
492   0.969775
493   0.966569
494   0.963327
495   0.960072
496   0.956785
497   0.95363
498   0.950567
499   0.947936
500   0.945652
501   0.944267
502   0.943626
503   0.944392
504   0.947529
505   0.951237
506   0.955737
507   0.959872
508   0.963832
509   0.967405
510   0.970693
511   0.973659
512   0.976356
513   0.97879
514   0.980993
515   0.982981
516   0.966481
517   0.965663
518   0.966532
519   0.96893
520   0.974366
521   0.979711
522   0.984362
523   0.987831
524   0.990183
525   0.991334
526   0.991576
527   0.990959
528   0.989785
529   0.988113
530   0.98617
531   0.983978
532   0.981672
533   0.979241
534   0.976746
535   0.974165
536   0.971524
537   0.968809
538   0.966032
539   0.963206
540   0.960381
541   0.957618
542   0.955033
543   0.952733
544   0.950946
545   0.949785
546   0.949782
547   0.950943
548   0.953804
549   0.957169
550   0.960786
551   0.964309
552   0.967657
553   0.970775
554   0.97365
555   0.976288
556   0.978697
557   0.980891
558   0.982885
559   0.963014
560   0.961754
561   0.961892
562   0.964239
563   0.969231
564   0.975009
565   0.980347
566   0.984638
567   0.98775
568   0.98967
569   0.990531
570   0.990554
571   0.989878
572   0.988763
573   0.987265
574   0.985602
575   0.983747
576   0.981847
577   0.979833
578   0.977789
579   0.975648
580   0.973442
581   0.971152
582   0.968765
583   0.966353
584   0.963879
585   0.961543
586   0.959281
587   0.957461
588   0.956011
589   0.955493
590   0.955789
591   0.957282
592   0.959693
593   0.962479
594   0.965475
595   0.968419
596   0.971278
597   0.973966
598   0.976484
599   0.978813
600   0.980961
601   0.982931
602   0.959926
603   0.958102
604   0.957497
605   0.958602
606   0.963931
607   0.969977
608   0.975943
609   0.980987
610   0.98492
611   0.987561
612   0.989143
613   0.98973
614   0.989649
615   0.988981
616   0.988002
617   0.986739
618   0.985374
619   0.983878
620   0.98235
621   0.980733
622   0.979072
623   0.977305
624   0.97546
625   0.97349
626   0.971444
627   0.969304
628   0.967178
629   0.965084
630   0.963238
631   0.961675
632   0.960781
633   0.960485
634   0.961284
635   0.962746
636   0.964841
637   0.967176
638   0.969684
639   0.97217
640   0.974617
641   0.976941
642   0.97915
643   0.981206
644   0.983126
645   0.957307
646   0.954978
647   0.953686
648   0.954602
649   0.958786
650   0.964814
651   0.971264
652   0.97705
653   0.98175
654   0.985171
655   0.987412
656   0.988653
657   0.989074
658   0.988941
659   0.988362
660   0.987565
661   0.986561
662   0.985506
663   0.984344
664   0.983163
665   0.981886
666   0.980548
667   0.979093
668   0.97752
669   0.975834
670   0.974015
671   0.972163
672   0.970256
673   0.968511
674   0.96693
675   0.965826
676   0.965222
677   0.965365
678   0.966193
679   0.967565
680   0.969334
681   0.971323
682   0.973432
683   0.975564
684   0.977667
685   0.979702
686   0.981642
687   0.983473
688   0.955221
689   0.952465
690   0.950398
691   0.949854
692   0.95373
693   0.959289
694   0.966241
695   0.972742
696   0.97823
697   0.98241
698   0.985388
699   0.987237
700   0.988265
701   0.988586
702   0.9885
703   0.988062
704   0.987486
705   0.986756
706   0.985995
707   0.985139
708   0.984251
709   0.983247
710   0.982164
711   0.980926
712   0.979572
713   0.978054
714   0.976455
715   0.974757
716   0.973133
717   0.971589
718   0.970402
719   0.969552
720   0.969348
721   0.969627
722   0.970495
723   0.971702
724   0.97325
725   0.97494
726   0.976767
727   0.9786
728   0.980449
729   0.982231
730   0.983962
731   0.953689
732   0.950482
733   0.947933
734   0.947044
735   0.949012
736   0.954
737   0.961061
738   0.968179
739   0.974423
740   0.979375
741   0.983062
742   0.985598
743   0.987174
744   0.988045
745   0.988366
746   0.988373
747   0.988121
748   0.987776
749   0.987308
750   0.986811
751   0.986213
752   0.985557
753   0.984771
754   0.983863
755   0.982801
756   0.981578
757   0.98023
758   0.978759
759   0.977286
760   0.975841
761   0.974617
762   0.973664
763   0.973152
764   0.973087
765   0.973481
766   0.974263
767   0.97536
768   0.976687
769   0.978172
770   0.979749
771   0.981373
772   0.982995
773   0.984588
774   0.952758
775   0.949244
776   0.946127
777   0.944186
778   0.94487
779   0.947977
780   0.955582
781   0.963372
782   0.970268
783   0.975996
784   0.980428
785   0.983637
786   0.985849
787   0.987223
788   0.988047
789   0.988423
790   0.988578
791   0.988526
792   0.988408
793   0.988173
794   0.987896
795   0.987497
796   0.987013
797   0.986365
798   0.985585
799   0.98461
800   0.983505
801   0.982238
802   0.980933
803   0.979589
804   0.978401
805   0.977366
806   0.976702
807   0.976343
808   0.976427
809   0.976815
810   0.977568
811   0.978529
812   0.979724
813   0.98102
814   0.982436
815   0.983866
816   0.985329
817   0.952422
818   0.94861
819   0.945021
820   0.942316
821   0.941355
822   0.943804
823   0.950337
824   0.958286
825   0.965833
826   0.972281
827   0.977473
828   0.9814
829   0.98423
830   0.986189
831   0.987465
832   0.988299
833   0.988786
834   0.989102
835   0.989248
836   0.989327
837   0.989287
838   0.989173
839   0.988921
840   0.988542
841   0.987993
842   0.987271
843   0.986382
844   0.985331
845   0.984187
846   0.982981
847   0.981836
848   0.980803
849   0.980008
850   0.979482
851   0.979284
852   0.979397
853   0.979815
854   0.980487
855   0.981379
856   0.982434
857   0.983618
858   0.984875
859   0.986173
860   0.952656
861   0.948731
862   0.944629
863   0.941136
864   0.938641
865   0.938511
866   0.945168
867   0.95318
868   0.9611
869   0.968253
870   0.974166
871   0.978823
872   0.982317
873   0.984844
874   0.986652
875   0.987897
876   0.9888
877   0.989418
878   0.989896
879   0.990215
880   0.990454
881   0.990554
882   0.990554
883   0.990382
884   0.990068
885   0.989551
886   0.988877
887   0.988009
888   0.987038
889   0.985954
890   0.984897
891   0.983868
892   0.983032
893   0.982362
894   0.981996
895   0.981858
896   0.982038
897   0.982429
898   0.983084
899   0.983887
900   0.984875
901   0.985935
902   0.987093
903   0.953379
904   0.949254
905   0.944858
906   0.940571
907   0.93695
908   0.936272
909   0.940574
910   0.947963
911   0.956165
912   0.963874
913   0.970531
914   0.975897
915   0.980063
916   0.983205
917   0.985522
918   0.987253
919   0.988524
920   0.989518
921   0.990269
922   0.990886
923   0.991344
924   0.991697
925   0.991892
926   0.99195
927   0.991826
928   0.991526
929   0.991036
930   0.990365
931   0.989549
932   0.988614
933   0.987641
934   0.986671
935   0.985804
936   0.985074
937   0.984556
938   0.984258
939   0.984212
940   0.984397
941   0.984811
942   0.985415
943   0.98619
944   0.987087
945   0.988075
946   0.954558
947   0.950521
948   0.945805
949   0.941154
950   0.936325
951   0.933088
952   0.936574
953   0.94277
954   0.951043
955   0.959287
956   0.966552
957   0.972646
958   0.977461
959   0.981218
960   0.984084
961   0.986276
962   0.98798
963   0.989308
964   0.990394
965   0.991261
966   0.991986
967   0.99254
968   0.992962
969   0.993203
970   0.993286
971   0.993164
972   0.992866
973   0.992364
974   0.991716
975   0.990912
976   0.990052
977   0.989139
978   0.988296
979   0.987518
980   0.986927
981   0.986485
982   0.986292
983   0.986278
984   0.986516
985   0.986915
986   0.987523
987   0.988239
988   0.989092
989   0.956083
990   0.951972
991   0.947275
992   0.942182
993   0.937017
994   0.933401
995   0.933414
996   0.938155
997   0.946006
998   0.954463
999   0.96233
1000   0.969017
1001   0.9745
1002   0.978858
1003   0.98227
1004   0.984963
1005   0.987076
1006   0.988797
1007   0.990183
1008   0.991355
1009   0.992307
1010   0.993106
1011   0.993718
1012   0.994172
1013   0.994431
1014   0.994506
1015   0.99438
1016   0.994062
1017   0.993568
1018   0.992919
1019   0.992169
1020   0.99135
1021   0.990539
1022   0.98977
1023   0.989117
1024   0.9886
1025   0.988269
1026   0.988124
1027   0.988185
1028   0.988432
1029   0.988862
1030   0.989436
1031   0.990131
1032   0.957934
1033   0.954066
1034   0.949332
1035   0.944298
1036   0.938702
1037   0.933927
1038   0.932035
1039   0.933253
1040   0.940994
1041   0.949711
1042   0.957845
1043   0.965169
1044   0.971197
1045   0.976168
1046   0.980105
1047   0.983286
1048   0.985836
1049   0.987925
1050   0.989657
1051   0.991103
1052   0.992327
1053   0.993341
1054   0.994176
1055   0.994814
1056   0.995271
1057   0.99552
1058   0.995578
1059   0.995426
1060   0.9951
1061   0.994594
1062   0.993976
1063   0.993249
1064   0.992508
1065   0.991757
1066   0.991097
1067   0.990516
1068   0.990109
1069   0.989838
1070   0.989781
1071   0.989873
1072   0.990172
1073   0.990592
1074   0.991167
1075   0.96
1076   0.956224
1077   0.951779
1078   0.946747
1079   0.941219
1080   0.935965
1081   0.931944
1082   0.931886
1083   0.936905
1084   0.944894
1085   0.953297
1086   0.960998
1087   0.967613
1088   0.9731
1089   0.977566
1090   0.981227
1091   0.984203
1092   0.98669
1093   0.988748
1094   0.99051
1095   0.991984
1096   0.993251
1097   0.994289
1098   0.995143
1099   0.995781
1100   0.996227
1101   0.996458
1102   0.99649
1103   0.996326
1104   0.995983
1105   0.995497
1106   0.994893
1107   0.994229
1108   0.993536
1109   0.99288
1110   0.992288
1111   0.991814
1112   0.991473
1113   0.991299
1114   0.991286
1115   0.991446
1116   0.991753
1117   0.99219
1118   0.962242
1119   0.958828
1120   0.954576
1121   0.949934
1122   0.944462
1123   0.939131
1124   0.93375
1125   0.930162
1126   0.934065
1127   0.940676
1128   0.948893
1129   0.956951
1130   0.963878
1131   0.969872
1132   0.974759
1133   0.978876
1134   0.982255
1135   0.985116
1136   0.987516
1137   0.989571
1138   0.991323
1139   0.992823
1140   0.994091
1141   0.995142
1142   0.995983
1143   0.996609
1144   0.997028
1145   0.997234
1146   0.997244
1147   0.99706
1148   0.996723
1149   0.996241
1150   0.995682
1151   0.995055
1152   0.994444
1153   0.993849
1154   0.993356
1155   0.99295
1156   0.992709
1157   0.99259
1158   0.992656
1159   0.992839
1160   0.993179
1161   0.964544
1162   0.961311
1163   0.957482
1164   0.953067
1165   0.948019
1166   0.942592
1167   0.937123
1168   0.933172
1169   0.932685
1170   0.937574
1171   0.945074
1172   0.952949
1173   0.960165
1174   0.966446
1175   0.971734
1176   0.976239
1177   0.979997
1178   0.983225
1179   0.985943
1180   0.988309
1181   0.990319
1182   0.992076
1183   0.993558
1184   0.99483
1185   0.995861
1186   0.996689
1187   0.997288
1188   0.997683
1189   0.997865
1190   0.997855
1191   0.99767
1192   0.997334
1193   0.996887
1194   0.996358
1195   0.995801
1196   0.995244
1197   0.994742
1198   0.994317
1199   0.994011
1200   0.993831
1201   0.993798
1202   0.993899
1203   0.994126
1204   0.966873
1205   0.964014
1206   0.960471
1207   0.95656
1208   0.951852
1209   0.94694
1210   0.941487
1211   0.936851
1212   0.934715
1213   0.935304
1214   0.942018
1215   0.949735
1216   0.956754
1217   0.963276
1218   0.968758
1219   0.973575
1220   0.977631
1221   0.981164
1222   0.984177
1223   0.986809
1224   0.989078
1225   0.991061
1226   0.992767
1227   0.994237
1228   0.995469
1229   0.996481
1230   0.997269
1231   0.997842
1232   0.998204
1233   0.998364
1234   0.998342
1235   0.998152
1236   0.997836
1237   0.99741
1238   0.996936
1239   0.996425
1240   0.995951
1241   0.995513
1242   0.995184
1243   0.994943
1244   0.994851
1245   0.994862
1246   0.995016
1247   0.969147
1248   0.966492
1249   0.963379
1250   0.959799
1251   0.955694
1252   0.951161
1253   0.946367
1254   0.941817
1255   0.93838
1256   0.937862
1257   0.940643
1258   0.947193
1259   0.953912
1260   0.960362
1261   0.965947
1262   0.970954
1263   0.975221
1264   0.979013
1265   0.982255
1266   0.985138
1267   0.987619
1268   0.989828
1269   0.991726
1270   0.993401
1271   0.994813
1272   0.996017
1273   0.996981
1274   0.997741
1275   0.998277
1276   0.998614
1277   0.998756
1278   0.998725
1279   0.998546
1280   0.998245
1281   0.997864
1282   0.99743
1283   0.996993
1284   0.996578
1285   0.996231
1286   0.995967
1287   0.995816
1288   0.995774
1289   0.995843
1290   0.971354
1291   0.969022
1292   0.966203
1293   0.963108
1294   0.959449
1295   0.955595
1296   0.951316
1297   0.947347
1298   0.943622
1299   0.941327
1300   0.942882
1301   0.94653
1302   0.952443
1303   0.958487
1304   0.963846
1305   0.9688
1306   0.973138
1307   0.977029
1308   0.98043
1309   0.983463
1310   0.986122
1311   0.98849
1312   0.990566
1313   0.9924
1314   0.993985
1315   0.995351
1316   0.996488
1317   0.997413
1318   0.998121
1319   0.998625
1320   0.998932
1321   0.999057
1322   0.999023
1323   0.99885
1324   0.998579
1325   0.998228
1326   0.997854
1327   0.997469
1328   0.997136
1329   0.996852
1330   0.996675
1331   0.996576
1332   0.996597
1333   0.97345
1334   0.971308
1335   0.968856
1336   0.966087
1337   0.962981
1338   0.959585
1339   0.956034
1340   0.952448
1341   0.949321
1342   0.946917
1343   0.946466
1344   0.948706
1345   0.952412
1346   0.957635
1347   0.96246
1348   0.967226
1349   0.971422
1350   0.975329
1351   0.978746
1352   0.981878
1353   0.984621
1354   0.987122
1355   0.989311
1356   0.991292
1357   0.993008
1358   0.994528
1359   0.995809
1360   0.996896
1361   0.997758
1362   0.998428
1363   0.998892
1364   0.999176
1365   0.999289
1366   0.999254
1367   0.9991
1368   0.998851
1369   0.998549
1370   0.99822
1371   0.997908
1372   0.997635
1373   0.997433
1374   0.99731
1375   0.997275
1376   0.975439
1377   0.973551
1378   0.971351
1379   0.968967
1380   0.966244
1381   0.963386
1382   0.960302
1383   0.957316
1384   0.954511
1385   0.952373
1386   0.951456
1387   0.951976
1388   0.954713
1389   0.958364
1390   0.962484
1391   0.966587
1392   0.970496
1393   0.974151
1394   0.977493
1395   0.98056
1396   0.983331
1397   0.985858
1398   0.988127
1399   0.990181
1400   0.992005
1401   0.993629
1402   0.995037
1403   0.99625
1404   0.997254
1405   0.998066
1406   0.998678
1407   0.999109
1408   0.999364
1409   0.999464
1410   0.999432
1411   0.999289
1412   0.999074
1413   0.998807
1414   0.998539
1415   0.998279
1416   0.99808
1417   0.997931
1418   0.997871
1419   0.977306
1420   0.975583
1421   0.973665
1422   0.971551
1423   0.969242
1424   0.966762
1425   0.964216
1426   0.961645
1427   0.95937
1428   0.957439
1429   0.956498
1430   0.956413
1431   0.95779
1432   0.960335
1433   0.963395
1434   0.966834
1435   0.970188
1436   0.973532
1437   0.976616
1438   0.979568
1439   0.982242
1440   0.984759
1441   0.987019
1442   0.989122
1443   0.990991
1444   0.992701
1445   0.994192
1446   0.995517
1447   0.996631
1448   0.997573
1449   0.998314
1450   0.998884
1451   0.999273
1452   0.999507
1453   0.999597
1454   0.999568
1455   0.999446
1456   0.999257
1457   0.99904
1458   0.998817
1459   0.998624
1460   0.998475
1461   0.998387
1462   0.979061
1463   0.977531
1464   0.975816
1465   0.973984
1466   0.971968
1467   0.969869
1468   0.967676
1469   0.965533
1470   0.963545
1471   0.961887
1472   0.960852
1473   0.960497
1474   0.961271
1475   0.962863
1476   0.965158
1477   0.967807
1478   0.97064
1479   0.973502
1480   0.976298
1481   0.97899
1482   0.981529
1483   0.983924
1484   0.986144
1485   0.98821
1486   0.990099
1487   0.99183
1488   0.993381
1489   0.994769
1490   0.995973
1491   0.997009
1492   0.997861
1493   0.998545
1494   0.999055
1495   0.999411
1496   0.999617
1497   0.999697
1498   0.999672
1499   0.999564
1500   0.99941
1501   0.999227
1502   0.99906
1503   0.998912
1504   0.998819
1505   0.980701
1506   0.979312
1507   0.977808
1508   0.976189
1509   0.974467
1510   0.972652
1511   0.97082
1512   0.968986
1513   0.967334
1514   0.965875
1515   0.964912
1516   0.964431
1517   0.964719
1518   0.96572
1519   0.967284
1520   0.969317
1521   0.971552
1522   0.973978
1523   0.976377
1524   0.978808
1525   0.981111
1526   0.983369
1527   0.985464
1528   0.987478
1529   0.989316
1530   0.991053
1531   0.992608
1532   0.994043
1533   0.995294
1534   0.996408
1535   0.997339
1536   0.998124
1537   0.998735
1538   0.999201
1539   0.999515
1540   0.999702
1541   0.999772
1542   0.999751
1543   0.999665
1544   0.999537
1545   0.999399
1546   0.999271
1547   0.999173
1548   0.982237
1549   0.980998
1550   0.979655
1551   0.978243
1552   0.976738
1553   0.97519
1554   0.973611
1555   0.972067
1556   0.970633
1557   0.969384
1558   0.968474
1559   0.967951
1560   0.968003
1561   0.968572
1562   0.969666
1563   0.971142
1564   0.972914
1565   0.974869
1566   0.976922
1567   0.979016
1568   0.981093
1569   0.983134
1570   0.985097
1571   0.986983
1572   0.98876
1573   0.990435
1574   0.99198
1575   0.993405
1576   0.994686
1577   0.995832
1578   0.996824
1579   0.997674
1580   0.998368
1581   0.99892
1582   0.999327
1583   0.999607
1584   0.999767
1585   0.999828
1586   0.999812
1587   0.99974
1588   0.999643
1589   0.999536
1590   0.999451
1591   0.983672
1592   0.982553
1593   0.981369
1594   0.980122
1595   0.978826
1596   0.977486
1597   0.976151
1598   0.974827
1599   0.973619
1600   0.97253
1601   0.971716
1602   0.971182
1603   0.971068
1604   0.971369
1605   0.972073
1606   0.973153
1607   0.974486
1608   0.976067
1609   0.977745
1610   0.979552
1611   0.981349
1612   0.983192
1613   0.984962
1614   0.986727
1615   0.988381
1616   0.989993
1617   0.991473
1618   0.992882
1619   0.994144
1620   0.995311
1621   0.996324
1622   0.997224
1623   0.99797
1624   0.998594
1625   0.999074
1626   0.999436
1627   0.999676
1628   0.999817
1629   0.99987
1630   0.999859
1631   0.999806
1632   0.999732
1633   0.999659
1634   0.985012
1635   0.984011
1636   0.982956
1637   0.981864
1638   0.980729
1639   0.979577
1640   0.978424
1641   0.9773
1642   0.976253
1643   0.975322
1644   0.974585
1645   0.974077
1646   0.973882
1647   0.974004
1648   0.974464
1649   0.975224
1650   0.976246
1651   0.977479
1652   0.978867
1653   0.980368
1654   0.981933
1655   0.983537
1656   0.985139
1657   0.986728
1658   0.988271
1659   0.989765
1660   0.99118
1661   0.992519
1662   0.993756
1663   0.994896
1664   0.995917
1665   0.996826
1666   0.997607
1667   0.99827
1668   0.998806
1669   0.999227
1670   0.999532
1671   0.999739
1672   0.999856
1673   0.999901
1674   0.999894
1675   0.999854
1676   0.999804
1677   0.986262
1678   0.985362
1679   0.984429
1680   0.983464
1681   0.98248
1682   0.981479
1683   0.980495
1684   0.979527
1685   0.978638
1686   0.977827
1687   0.97718
1688   0.9767
1689   0.976463
1690   0.976474
1691   0.97675
1692   0.977291
1693   0.978045
1694   0.979022
1695   0.980129
1696   0.981394
1697   0.982708
1698   0.984119
1699   0.985517
1700   0.98696
1701   0.988348
1702   0.98974
1703   0.991045
1704   0.992321
1705   0.993488
1706   0.9946
1707   0.995588
1708   0.9965
1709   0.997281
1710   0.997972
1711   0.998535
1712   0.999002
1713   0.999354
1714   0.999617
1715   0.999787
1716   0.999886
1717   0.999924
1718   0.999922
1719   0.999896
1720   0.987426
1721   0.986622
1722   0.985791
1723   0.984942
1724   0.984078
1725   0.983212
1726   0.982356
1727   0.981529
1728   0.980757
1729   0.980064
1730   0.979488
1731   0.979056
1732   0.978807
1733   0.978757
1734   0.978923
1735   0.979301
1736   0.979878
1737   0.980637
1738   0.981544
1739   0.982581
1740   0.983707
1741   0.984909
1742   0.986148
1743   0.987414
1744   0.988675
1745   0.989926
1746   0.991138
1747   0.992309
1748   0.993414
1749   0.994454
1750   0.995409
1751   0.996281
1752   0.997056
1753   0.997737
1754   0.998315
1755   0.998798
1756   0.999183
1757   0.999479
1758   0.999691
1759   0.999831
1760   0.99991
1761   0.999942
1762   0.999942
1763   0.98851
1764   0.987789
1765   0.987052
1766   0.986302
1767   0.985547
1768   0.98479
1769   0.984053
1770   0.983335
1771   0.982676
1772   0.982071
1773   0.981574
1774   0.981182
1775   0.980943
1776   0.980861
1777   0.980951
1778   0.981225
1779   0.981658
1780   0.982267
1781   0.982993
1782   0.983865
1783   0.984803
1784   0.985849
1785   0.986911
1786   0.988042
1787   0.98915
1788   0.99029
1789   0.991375
1790   0.992461
1791   0.993468
1792   0.994449
1793   0.995334
1794   0.996173
1795   0.996906
1796   0.997577
1797   0.99814
1798   0.998633
1799   0.999025
1800   0.999346
1801   0.999581
1802   0.999755
1803   0.999864
1804   0.999928
1805   0.999954
1806   0.989515
1807   0.988872
1808   0.988216
1809   0.987552
1810   0.986887
1811   0.986226
1812   0.985581
1813   0.984963
1814   0.984388
1815   0.983871
1816   0.983435
1817   0.983096
1818   0.982876
1819   0.982787
1820   0.982842
1821   0.983045
1822   0.983392
1823   0.983877
1824   0.984486
1825   0.985206
1826   0.986015
1827   0.9869
1828   0.987836
1829   0.988813
1830   0.989807
1831   0.990809
1832   0.991797
1833   0.992765
1834   0.993695
1835   0.994582
1836   0.995412
1837   0.996181
1838   0.996878
1839   0.997505
1840   0.998053
1841   0.998525
1842   0.998919
1843   0.99924
1844   0.99949
1845   0.999678
1846   0.99981
1847   0.999895
1848   0.999943
