##### Y Variance #####
0   0.999917
1   0.999863
2   0.999299
3   0.998016
4   0.995822
5   0.992611
6   0.988281
7   0.982924
8   0.976648
9   0.970004
10   0.963111
11   0.956375
12   0.949872
13   0.94387
14   0.938477
15   0.93387
16   0.930159
17   0.927448
18   0.925748
19   0.925033
20   0.925259
21   0.926298
22   0.928115
23   0.93055
24   0.933536
25   0.936872
26   0.940479
27   0.944163
28   0.947882
29   0.951505
30   0.955022
31   0.95836
32   0.96153
33   0.964504
34   0.967301
35   0.969915
36   0.972363
37   0.974648
38   0.976782
39   0.978769
40   0.980617
41   0.982333
42   0.983923
43   0.999502
44   0.999833
45   0.999703
46   0.998869
47   0.996981
48   0.994117
49   0.989748
50   0.984515
51   0.977453
52   0.970763
53   0.96281
54   0.955667
55   0.948055
56   0.941336
57   0.934927
58   0.929529
59   0.924981
60   0.921639
61   0.919413
62   0.918238
63   0.918306
64   0.91907
65   0.921059
66   0.923494
67   0.926946
68   0.930508
69   0.934745
70   0.93875
71   0.943097
72   0.947066
73   0.951131
74   0.954792
75   0.958396
76   0.961653
77   0.964783
78   0.967641
79   0.970347
80   0.97284
81   0.975177
82   0.977339
83   0.979349
84   0.981207
85   0.982925
86   0.99848
87   0.999189
88   0.999662
89   0.999458
90   0.998273
91   0.995983
92   0.992343
93   0.987515
94   0.981158
95   0.973858
96   0.965799
97   0.957438
98   0.948978
99   0.940894
100   0.933292
101   0.92672
102   0.921093
103   0.91669
104   0.913493
105   0.911485
106   0.910782
107   0.911189
108   0.912815
109   0.915397
110   0.918911
111   0.922997
112   0.927582
113   0.932294
114   0.93712
115   0.941814
116   0.946376
117   0.950664
118   0.954701
119   0.958446
120   0.96193
121   0.965155
122   0.968146
123   0.970916
124   0.973479
125   0.975851
126   0.978038
127   0.980056
128   0.98191
129   0.996687
130   0.997756
131   0.99881
132   0.999321
133   0.998947
134   0.997481
135   0.994648
136   0.990674
137   0.985121
138   0.978396
139   0.970122
140   0.961748
141   0.951987
142   0.943489
143   0.93387
144   0.926629
145   0.919132
146   0.913578
147   0.908859
148   0.905466
149   0.903735
150   0.903113
151   0.904347
152   0.906541
153   0.910268
154   0.914457
155   0.919698
156   0.924811
157   0.93047
158   0.93574
159   0.941122
160   0.945972
161   0.950668
162   0.954884
163   0.958861
164   0.962463
165   0.965818
166   0.968882
167   0.971716
168   0.974312
169   0.976699
170   0.978885
171   0.980887
172   0.993995
173   0.995175
174   0.996847
175   0.998088
176   0.998682
177   0.998166
178   0.996451
179   0.993475
180   0.989069
181   0.983351
182   0.976214
183   0.968119
184   0.959107
185   0.94974
186   0.940066
187   0.930575
188   0.921668
189   0.91355
190   0.906613
191   0.901156
192   0.897323
193   0.895571
194   0.895572
195   0.897333
196   0.900622
197   0.904939
198   0.910333
199   0.9162
200   0.922479
201   0.928764
202   0.934915
203   0.940694
204   0.94605
205   0.950977
206   0.955468
207   0.959586
208   0.96333
209   0.966763
210   0.969884
211   0.972744
212   0.975341
213   0.977715
214   0.979867
215   0.990445
216   0.991814
217   0.993824
218   0.995763
219   0.997203
220   0.99768
221   0.997013
222   0.995174
223   0.991961
224   0.987521
225   0.981656
226   0.974684
227   0.966563
228   0.95773
229   0.94803
230   0.938179
231   0.92733
232   0.918308
233   0.907934
234   0.901546
235   0.893834
236   0.891306
237   0.888683
238   0.889465
239   0.891748
240   0.895264
241   0.900844
242   0.906819
243   0.914058
244   0.92109
245   0.928373
246   0.934938
247   0.941198
248   0.946783
249   0.951935
250   0.956557
251   0.960772
252   0.964576
253   0.96803
254   0.971156
255   0.973986
256   0.976548
257   0.978863
258   0.986059
259   0.98715
260   0.989663
261   0.992129
262   0.994493
263   0.995884
264   0.996378
265   0.995633
266   0.993728
267   0.990551
268   0.986085
269   0.980434
270   0.973613
271   0.965868
272   0.957202
273   0.947956
274   0.93801
275   0.928129
276   0.918201
277   0.909053
278   0.900641
279   0.893482
280   0.88837
281   0.885061
282   0.884496
283   0.886369
284   0.890647
285   0.897129
286   0.904831
287   0.912981
288   0.921163
289   0.928921
290   0.935989
291   0.942484
292   0.948259
293   0.953511
294   0.958177
295   0.962412
296   0.966187
297   0.969609
298   0.972664
299   0.975428
300   0.977897
301   0.981076
302   0.982171
303   0.984695
304   0.987729
305   0.990749
306   0.993072
307   0.994504
308   0.994883
309   0.994094
310   0.992199
311   0.989036
312   0.984796
313   0.979357
314   0.973003
315   0.965649
316   0.957622
317   0.948887
318   0.939675
319   0.930228
320   0.920686
321   0.911191
322   0.90233
323   0.893099
324   0.887824
325   0.881513
326   0.882398
327   0.882748
328   0.8892
329   0.896778
330   0.905184
331   0.914414
332   0.922877
333   0.930959
334   0.938186
335   0.944696
336   0.950497
337   0.95567
338   0.960295
339   0.964419
340   0.968111
341   0.971406
342   0.974355
343   0.976989
344   0.975642
345   0.975996
346   0.978871
347   0.982209
348   0.986025
349   0.989119
350   0.991589
351   0.992907
352   0.993299
353   0.992502
354   0.990659
355   0.987698
356   0.9837
357   0.978739
358   0.972854
359   0.966215
360   0.958791
361   0.950801
362   0.942264
363   0.933418
364   0.924331
365   0.915346
366   0.906371
367   0.898518
368   0.891727
369   0.887034
370   0.885254
371   0.885897
372   0.891144
373   0.898762
374   0.90793
375   0.917546
376   0.926276
377   0.934407
378   0.941445
379   0.947826
380   0.953391
381   0.958405
382   0.962812
383   0.966771
384   0.970264
385   0.973399
386   0.97617
387   0.970208
388   0.970483
389   0.972689
390   0.976301
391   0.980602
392   0.984553
393   0.987801
394   0.990095
395   0.991381
396   0.991668
397   0.990882
398   0.989158
399   0.986404
400   0.982819
401   0.978317
402   0.973103
403   0.967111
404   0.960487
405   0.953256
406   0.945535
407   0.937458
408   0.929184
409   0.920956
410   0.912774
411   0.905347
412   0.898692
413   0.8931
414   0.891068
415   0.889678
416   0.896407
417   0.903712
418   0.913497
419   0.922753
420   0.931298
421   0.938811
422   0.945555
423   0.951479
424   0.956769
425   0.961439
426   0.965597
427   0.96928
428   0.972557
429   0.975466
430   0.964827
431   0.964341
432   0.966292
433   0.969489
434   0.974529
435   0.979144
436   0.983281
437   0.986347
438   0.988608
439   0.989747
440   0.990029
441   0.989299
442   0.987751
443   0.985337
444   0.982172
445   0.978273
446   0.973681
447   0.968452
448   0.962594
449   0.956224
450   0.949362
451   0.942214
452   0.934755
453   0.927266
454   0.919907
455   0.913046
456   0.906961
457   0.902517
458   0.899881
459   0.900062
460   0.905505
461   0.912707
462   0.921327
463   0.929869
464   0.937305
465   0.944176
466   0.950201
467   0.955645
468   0.960435
469   0.964733
470   0.968524
471   0.971917
472   0.974915
473   0.959717
474   0.958907
475   0.960017
476   0.9632
477   0.96821
478   0.973477
479   0.978254
480   0.982156
481   0.985125
482   0.987139
483   0.9882
484   0.988435
485   0.987809
486   0.986501
487   0.984435
488   0.98178
489   0.978444
490   0.97455
491   0.970043
492   0.965001
493   0.959465
494   0.95347
495   0.947175
496   0.940521
497   0.933942
498   0.927357
499   0.921507
500   0.916221
501   0.912639
502   0.910464
503   0.910975
504   0.916108
505   0.922303
506   0.930023
507   0.937029
508   0.943704
509   0.949643
510   0.955053
511   0.959864
512   0.964187
513   0.968037
514   0.971478
515   0.974546
516   0.954916
517   0.953355
518   0.95388
519   0.956136
520   0.961661
521   0.967344
522   0.972823
523   0.977363
524   0.981141
525   0.983819
526   0.985715
527   0.986666
528   0.986958
529   0.986495
530   0.985475
531   0.98383
532   0.981665
533   0.978933
534   0.975676
535   0.971883
536   0.967578
537   0.962802
538   0.957576
539   0.952
540   0.946189
541   0.940334
542   0.934672
543   0.929468
544   0.925179
545   0.922066
546   0.92115
547   0.922484
548   0.927083
549   0.932652
550   0.938696
551   0.944565
552   0.950097
553   0.955205
554   0.959856
555   0.96408
556   0.967884
557   0.971315
558   0.974391
559   0.950586
560   0.948556
561   0.94822
562   0.950324
563   0.955264
564   0.961266
565   0.967202
566   0.972441
567   0.976807
568   0.980214
569   0.982698
570   0.984392
571   0.985326
572   0.985689
573   0.985438
574   0.984742
575   0.983506
576   0.981846
577   0.97966
578   0.977013
579   0.973855
580   0.970202
581   0.966103
582   0.961521
583   0.956684
584   0.951518
585   0.946486
586   0.941463
587   0.937225
588   0.933628
589   0.931804
590   0.931512
591   0.93352
592   0.93729
593   0.941775
594   0.946664
595   0.951456
596   0.956092
597   0.960409
598   0.964418
599   0.968086
600   0.971433
601   0.97447
602   0.946781
603   0.944078
604   0.942983
605   0.943782
606   0.948927
607   0.954997
608   0.961423
609   0.967189
610   0.97225
611   0.976219
612   0.979388
613   0.981619
614   0.98325
615   0.984195
616   0.984714
617   0.984715
618   0.984356
619   0.983536
620   0.982329
621   0.980645
622   0.978517
623   0.975886
624   0.972782
625   0.969191
626   0.9652
627   0.960853
628   0.956355
629   0.951806
630   0.947626
631   0.94393
632   0.941459
633   0.940113
634   0.940845
635   0.942848
636   0.946051
637   0.949719
638   0.953707
639   0.957666
640   0.961546
641   0.96521
642   0.968661
643   0.971849
644   0.974796
645   0.943607
646   0.940406
647   0.938523
648   0.939053
649   0.942985
650   0.948955
651   0.955639
652   0.961987
653   0.967579
654   0.972195
655   0.975861
656   0.978707
657   0.980808
658   0.982376
659   0.983414
660   0.984109
661   0.984379
662   0.984353
663   0.983906
664   0.983108
665   0.981849
666   0.980148
667   0.977961
668   0.975269
669   0.972149
670   0.968562
671   0.964759
672   0.960703
673   0.956862
674   0.953242
675   0.950485
676   0.948634
677   0.94819
678   0.94904
679   0.950919
680   0.95355
681   0.956594
682   0.959867
683   0.963182
684   0.966449
685   0.969594
686   0.972575
687   0.975371
688   0.941105
689   0.937403
690   0.934753
691   0.9338
692   0.937359
693   0.942744
694   0.949792
695   0.956616
696   0.96283
697   0.96798
698   0.972259
699   0.975566
700   0.978239
701   0.980236
702   0.981852
703   0.983018
704   0.983927
705   0.984469
706   0.984744
707   0.984628
708   0.984161
709   0.983232
710   0.981863
711   0.979977
712   0.977628
713   0.97479
714   0.971613
715   0.968126
716   0.964645
717   0.961242
718   0.958435
719   0.956231
720   0.955212
721   0.955099
722   0.956079
723   0.957701
724   0.959954
725   0.962476
726   0.965245
727   0.968035
728   0.970851
729   0.973558
730   0.976179
731   0.939305
732   0.935182
733   0.931971
734   0.930628
735   0.932295
736   0.937076
737   0.944059
738   0.951349
739   0.958072
740   0.963826
741   0.968593
742   0.972464
743   0.975543
744   0.978054
745   0.980049
746   0.981736
747   0.983067
748   0.984186
749   0.984974
750   0.985511
751   0.985658
752   0.985444
753   0.984766
754   0.983619
755   0.981984
756   0.979846
757   0.977315
758   0.974398
759   0.971367
760   0.968284
761   0.965545
762   0.963256
763   0.96176
764   0.961078
765   0.961238
766   0.962118
767   0.963576
768   0.965458
769   0.967628
770   0.969967
771   0.972391
772   0.974819
773   0.977204
774   0.938227
775   0.933756
776   0.929992
777   0.927565
778   0.927979
779   0.93091
780   0.9383
781   0.946043
782   0.953265
783   0.95956
784   0.964912
785   0.96925
786   0.972852
787   0.975738
788   0.978208
789   0.980242
790   0.982053
791   0.983558
792   0.984871
793   0.985872
794   0.986603
795   0.98694
796   0.986894
797   0.986361
798   0.985368
799   0.983856
800   0.981918
801   0.979552
802   0.976974
803   0.974236
804   0.97169
805   0.969379
806   0.9677
807   0.966566
808   0.966224
809   0.966439
810   0.967307
811   0.968559
812   0.970226
813   0.972081
814   0.974148
815   0.976249
816   0.978411
817   0.937862
818   0.933133
819   0.92886
820   0.925689
821   0.924465
822   0.926702
823   0.93298
824   0.940793
825   0.948451
826   0.955306
827   0.961181
828   0.96608
829   0.970101
830   0.973465
831   0.976264
832   0.978729
833   0.980849
834   0.982789
835   0.98445
836   0.985925
837   0.987075
838   0.987941
839   0.98839
840   0.988431
841   0.987989
842   0.987063
843   0.985675
844   0.983847
845   0.981725
846   0.979379
847   0.97706
848   0.974871
849   0.973069
850   0.971719
851   0.970944
852   0.970718
853   0.971033
854   0.9718
855   0.972958
856   0.974405
857   0.976078
858   0.977886
859   0.979773
860   0.938164
861   0.933303
862   0.928554
863   0.924576
864   0.921881
865   0.921628
866   0.927941
867   0.935685
868   0.943605
869   0.950958
870   0.957395
871   0.962804
872   0.967343
873   0.971095
874   0.97433
875   0.977099
876   0.979611
877   0.981837
878   0.983891
879   0.985685
880   0.98726
881   0.988506
882   0.989425
883   0.989914
884   0.989977
885   0.989544
886   0.988663
887   0.987316
888   0.985638
889   0.983664
890   0.98163
891   0.979584
892   0.977814
893   0.97631
894   0.975309
895   0.974706
896   0.974647
897   0.97496
898   0.975727
899   0.97676
900   0.978108
901   0.979592
902   0.981245
903   0.939051
904   0.934043
905   0.928984
906   0.924257
907   0.920425
908   0.919588
909   0.923619
910   0.930729
911   0.938782
912   0.946562
913   0.95353
914   0.959489
915   0.964489
916   0.968715
917   0.972291
918   0.975453
919   0.978234
920   0.980813
921   0.983123
922   0.985271
923   0.987134
924   0.988766
925   0.990033
926   0.990953
927   0.991426
928   0.99146
929   0.991024
930   0.99014
931   0.988878
932   0.987293
933   0.985545
934   0.983721
935   0.982013
936   0.980498
937   0.979318
938   0.9785
939   0.978105
940   0.978101
941   0.978487
942   0.979199
943   0.980204
944   0.981421
945   0.9828
946   0.940469
947   0.935543
948   0.930205
949   0.925095
950   0.92011
951   0.916812
952   0.920017
953   0.925926
954   0.933979
955   0.942131
956   0.949574
957   0.95606
958   0.961559
959   0.966208
960   0.970205
961   0.973676
962   0.976807
963   0.979631
964   0.982255
965   0.984638
966   0.986819
967   0.988718
968   0.990331
969   0.991575
970   0.992434
971   0.992846
972   0.992824
973   0.992342
974   0.991478
975   0.990249
976   0.988811
977   0.987208
978   0.985646
979   0.984149
980   0.982922
981   0.981931
982   0.981337
983   0.981044
984   0.981163
985   0.981557
986   0.9823
987   0.98323
988   0.984394
989   0.942307
990   0.937361
991   0.932031
992   0.926517
993   0.921154
994   0.917448
995   0.917342
996   0.921844
997   0.929407
998   0.937692
999   0.945566
1000   0.952514
1001   0.958485
1002   0.963591
1003   0.967951
1004   0.9718
1005   0.975197
1006   0.978334
1007   0.981174
1008   0.98384
1009   0.986234
1010   0.988424
1011   0.990287
1012   0.991855
1013   0.993021
1014   0.993799
1015   0.994131
1016   0.994038
1017   0.993537
1018   0.992669
1019   0.991532
1020   0.990191
1021   0.988789
1022   0.987398
1023   0.986153
1024   0.985104
1025   0.98434
1026   0.98387
1027   0.983735
1028   0.983903
1029   0.984374
1030   0.985086
1031   0.986003
1032   0.944524
1033   0.939823
1034   0.93449
1035   0.929011
1036   0.923233
1037   0.918385
1038   0.916451
1039   0.917599
1040   0.925003
1041   0.933432
1042   0.94149
1043   0.948906
1044   0.955295
1045   0.960831
1046   0.965582
1047   0.969752
1048   0.973473
1049   0.976847
1050   0.979958
1051   0.982822
1052   0.985468
1053   0.98786
1054   0.989987
1055   0.991797
1056   0.993262
1057   0.994334
1058   0.995003
1059   0.995244
1060   0.995089
1061   0.99455
1062   0.993718
1063   0.992631
1064   0.991434
1065   0.990162
1066   0.988983
1067   0.987899
1068   0.987066
1069   0.98644
1070   0.986147
1071   0.986094
1072   0.986373
1073   0.986853
1074   0.987588
1075   0.947008
1076   0.942449
1077   0.937392
1078   0.931934
1079   0.926185
1080   0.920862
1081   0.916874
1082   0.916765
1083   0.921559
1084   0.929266
1085   0.937476
1086   0.945173
1087   0.951984
1088   0.957908
1089   0.963014
1090   0.967534
1091   0.971521
1092   0.975182
1093   0.978496
1094   0.981604
1095   0.984427
1096   0.987053
1097   0.989375
1098   0.991439
1099   0.993142
1100   0.994507
1101   0.995463
1102   0.99603
1103   0.996192
1104   0.99598
1105   0.995443
1106   0.994632
1107   0.993646
1108   0.992547
1109   0.99145
1110   0.990412
1111   0.98953
1112   0.988837
1113   0.988396
1114   0.988206
1115   0.988287
1116   0.988604
1117   0.989134
1118   0.949704
1119   0.945512
1120   0.940674
1121   0.935577
1122   0.929884
1123   0.92445
1124   0.91916
1125   0.915689
1126   0.919381
1127   0.925732
1128   0.933716
1129   0.94165
1130   0.948679
1131   0.954955
1132   0.960362
1133   0.965176
1134   0.969445
1135   0.973332
1136   0.976885
1137   0.980172
1138   0.983208
1139   0.986002
1140   0.988536
1141   0.990792
1142   0.992735
1143   0.994337
1144   0.995571
1145   0.996419
1146   0.996882
1147   0.996967
1148   0.996722
1149   0.996176
1150   0.995423
1151   0.994501
1152   0.993539
1153   0.99256
1154   0.991702
1155   0.990955
1156   0.990445
1157   0.990119
1158   0.990076
1159   0.99022
1160   0.99061
1161   0.952498
1162   0.948533
1163   0.944108
1164   0.93925
1165   0.933936
1166   0.928408
1167   0.922983
1168   0.919123
1169   0.918647
1170   0.923337
1171   0.930577
1172   0.938287
1173   0.945485
1174   0.951952
1175   0.957612
1176   0.962694
1177   0.967187
1178   0.971321
1179   0.975053
1180   0.978553
1181   0.981741
1182   0.984731
1183   0.987423
1184   0.989886
1185   0.992019
1186   0.993861
1187   0.995331
1188   0.996455
1189   0.997193
1190   0.997573
1191   0.997606
1192   0.997334
1193   0.996816
1194   0.996104
1195   0.995288
1196   0.994424
1197   0.993603
1198   0.992871
1199   0.992299
1200   0.99191
1201   0.991739
1202   0.991773
1203   0.992005
1204   0.955344
1205   0.951764
1206   0.947648
1207   0.94327
1208   0.938288
1209   0.933218
1210   0.927792
1211   0.92324
1212   0.921171
1213   0.921783
1214   0.928237
1215   0.935719
1216   0.942675
1217   0.949266
1218   0.955028
1219   0.960283
1220   0.96496
1221   0.969258
1222   0.973174
1223   0.976813
1224   0.98017
1225   0.983292
1226   0.986154
1227   0.988767
1228   0.991092
1229   0.993123
1230   0.99482
1231   0.996179
1232   0.997176
1233   0.997821
1234   0.998124
1235   0.99811
1236   0.997834
1237   0.997331
1238   0.996691
1239   0.995949
1240   0.995215
1241   0.994506
1242   0.993934
1243   0.993482
1244   0.993246
1245   0.993164
1246   0.993297
1247   0.958159
1248   0.954827
1249   0.95114
1250   0.947102
1251   0.942678
1252   0.937965
1253   0.933122
1254   0.928625
1255   0.925285
1256   0.9248
1257   0.927518
1258   0.933861
1259   0.940455
1260   0.946912
1261   0.952666
1262   0.958012
1263   0.962771
1264   0.967215
1265   0.971228
1266   0.975012
1267   0.978466
1268   0.981731
1269   0.984701
1270   0.987472
1271   0.989938
1272   0.992158
1273   0.994041
1274   0.995627
1275   0.996855
1276   0.997756
1277   0.998312
1278   0.998557
1279   0.998519
1280   0.998241
1281   0.997783
1282   0.997198
1283   0.996563
1284   0.995926
1285   0.995363
1286   0.994905
1287   0.994603
1288   0.99446
1289   0.994483
1290   0.960922
1291   0.957933
1292   0.954563
1293   0.950996
1294   0.947007
1295   0.942918
1296   0.938547
1297   0.934559
1298   0.93092
1299   0.928719
1300   0.930229
1301   0.933802
1302   0.939583
1303   0.945579
1304   0.951052
1305   0.956248
1306   0.960987
1307   0.965413
1308   0.969484
1309   0.973298
1310   0.976837
1311   0.980158
1312   0.983234
1313   0.986091
1314   0.988691
1315   0.991041
1316   0.993098
1317   0.994863
1318   0.996303
1319   0.997425
1320   0.998217
1321   0.998701
1322   0.998895
1323   0.998834
1324   0.998571
1325   0.998146
1326   0.997639
1327   0.997082
1328   0.996569
1329   0.99611
1330   0.995792
1331   0.995584
1332   0.995548
1333   0.963586
1334   0.960831
1335   0.957835
1336   0.954606
1337   0.951139
1338   0.947486
1339   0.943776
1340   0.94013
1341   0.937006
1342   0.934665
1343   0.934243
1344   0.93644
1345   0.940097
1346   0.945265
1347   0.950154
1348   0.955099
1349   0.959605
1350   0.963958
1351   0.967937
1352   0.971757
1353   0.975271
1354   0.978639
1355   0.981736
1356   0.984676
1357   0.987344
1358   0.989817
1359   0.991994
1360   0.993927
1361   0.995539
1362   0.996869
1363   0.997872
1364   0.998583
1365   0.998999
1366   0.999157
1367   0.999089
1368   0.998841
1369   0.998471
1370   0.998025
1371   0.997573
1372   0.997153
1373   0.996821
1374   0.996595
1375   0.996493
1376   0.966147
1377   0.963673
1378   0.960956
1379   0.958111
1380   0.955023
1381   0.951873
1382   0.948599
1383   0.945492
1384   0.942647
1385   0.940511
1386   0.939611
1387   0.940145
1388   0.942836
1389   0.946469
1390   0.950634
1391   0.95488
1392   0.959042
1393   0.963065
1394   0.966891
1395   0.97055
1396   0.974008
1397   0.977305
1398   0.980406
1399   0.983338
1400   0.986058
1401   0.988582
1402   0.99086
1403   0.992902
1404   0.994663
1405   0.996154
1406   0.997344
1407   0.998253
1408   0.998873
1409   0.999233
1410   0.999358
1411   0.999283
1412   0.999062
1413   0.998732
1414   0.998367
1415   0.997991
1416   0.997683
1417   0.997436
1418   0.99731
1419   0.968585
1420   0.966318
1421   0.963901
1422   0.961343
1423   0.958657
1424   0.955873
1425   0.953093
1426   0.950368
1427   0.947989
1428   0.946019
1429   0.945048
1430   0.944972
1431   0.946335
1432   0.948882
1433   0.951986
1434   0.955547
1435   0.959108
1436   0.962767
1437   0.966257
1438   0.969729
1439   0.972999
1440   0.976209
1441   0.979212
1442   0.982126
1443   0.984818
1444   0.98738
1445   0.989694
1446   0.991829
1447   0.993688
1448   0.995321
1449   0.996661
1450   0.997748
1451   0.998549
1452   0.999102
1453   0.99941
1454   0.999512
1455   0.999443
1456   0.999245
1457   0.998974
1458   0.998671
1459   0.998389
1460   0.998158
1461   0.998005
1462   0.970904
1463   0.968862
1464   0.966677
1465   0.964413
1466   0.962026
1467   0.959609
1468   0.957166
1469   0.95483
1470   0.952709
1471   0.950965
1472   0.949879
1473   0.949505
1474   0.950261
1475   0.95186
1476   0.954198
1477   0.95695
1478   0.959962
1479   0.963089
1480   0.966239
1481   0.969376
1482   0.972446
1483   0.97545
1484   0.978344
1485   0.98114
1486   0.983792
1487   0.986309
1488   0.988642
1489   0.990799
1490   0.992732
1491   0.994449
1492   0.995912
1493   0.997134
1494   0.998092
1495   0.998808
1496   0.999284
1497   0.999549
1498   0.999629
1499   0.999563
1500   0.999398
1501   0.99917
1502   0.998941
1503   0.998725
1504   0.998577
1505   0.973097
1506   0.971236
1507   0.969286
1508   0.967257
1509   0.965167
1510   0.963034
1511   0.960933
1512   0.958887
1513   0.957066
1514   0.955494
1515   0.954444
1516   0.953922
1517   0.95418
1518   0.955186
1519   0.956783
1520   0.958909
1521   0.961292
1522   0.96395
1523   0.966648
1524   0.969472
1525   0.972233
1526   0.975037
1527   0.977727
1528   0.980406
1529   0.982933
1530   0.985401
1531   0.98768
1532   0.989848
1533   0.991794
1534   0.993577
1535   0.995113
1536   0.996448
1537   0.997527
1538   0.998389
1539   0.99901
1540   0.999428
1541   0.999652
1542   0.999719
1543   0.999664
1544   0.999527
1545   0.999354
1546   0.999179
1547   0.999035
1548   0.975171
1549   0.973493
1550   0.971736
1551   0.969933
1552   0.968075
1553   0.966209
1554   0.964359
1555   0.962586
1556   0.960968
1557   0.959577
1558   0.958563
1559   0.957972
1560   0.957981
1561   0.958542
1562   0.959661
1563   0.961212
1564   0.963114
1565   0.965263
1566   0.96758
1567   0.970011
1568   0.972495
1569   0.975012
1570   0.977511
1571   0.979988
1572   0.982395
1573   0.984733
1574   0.986953
1575   0.989058
1576   0.991001
1577   0.992785
1578   0.994371
1579   0.995764
1580   0.996937
1581   0.997902
1582   0.998646
1583   0.999191
1584   0.999543
1585   0.999733
1586   0.999786
1587   0.99974
1588   0.999635
1589   0.999502
1590   0.999385
1591   0.977124
1592   0.975603
1593   0.974032
1594   0.97242
1595   0.970784
1596   0.969136
1597   0.967527
1598   0.965971
1599   0.964563
1600   0.963319
1601   0.962379
1602   0.961763
1603   0.961589
1604   0.961872
1605   0.962587
1606   0.96373
1607   0.965167
1608   0.966919
1609   0.968819
1610   0.970924
1611   0.97307
1612   0.97534
1613   0.977578
1614   0.979877
1615   0.982092
1616   0.984313
1617   0.986405
1618   0.988449
1619   0.990325
1620   0.992102
1621   0.99368
1622   0.995116
1623   0.996335
1624   0.997384
1625   0.998216
1626   0.998871
1627   0.999332
1628   0.999635
1629   0.999792
1630   0.999838
1631   0.999805
1632   0.999727
1633   0.999637
1634   0.978962
1635   0.977592
1636   0.976181
1637   0.974746
1638   0.973292
1639   0.971844
1640   0.970425
1641   0.969067
1642   0.967819
1643   0.966721
1644   0.96585
1645   0.965244
1646   0.964981
1647   0.965071
1648   0.965534
1649   0.966339
1650   0.967452
1651   0.968827
1652   0.97041
1653   0.972167
1654   0.974042
1655   0.976016
1656   0.978038
1657   0.980098
1658   0.982148
1659   0.984185
1660   0.986163
1661   0.988078
1662   0.989888
1663   0.991593
1664   0.993153
1665   0.994571
1666   0.995817
1667   0.996897
1668   0.997793
1669   0.998519
1670   0.999067
1671   0.999461
1672   0.999708
1673   0.999839
1674   0.999877
1675   0.999853
1676   0.999802
1677   0.980686
1678   0.979451
1679   0.978189
1680   0.976909
1681   0.975624
1682   0.974345
1683   0.973103
1684   0.971908
1685   0.970817
1686   0.969839
1687   0.96905
1688   0.968467
1689   0.968151
1690   0.968126
1691   0.96839
1692   0.968968
1693   0.969792
1694   0.970896
1695   0.972166
1696   0.973658
1697   0.975239
1698   0.97698
1699   0.978743
1700   0.98061
1701   0.982444
1702   0.98433
1703   0.986136
1704   0.987943
1705   0.989629
1706   0.991268
1707   0.992754
1708   0.994151
1709   0.995371
1710   0.996472
1711   0.997388
1712   0.998166
1713   0.99877
1714   0.999238
1715   0.999559
1716   0.999767
1717   0.999872
1718   0.999906
1719   0.999894
1720   0.982301
1721   0.981191
1722   0.980061
1723   0.978921
1724   0.97778
1725   0.976653
1726   0.975557
1727   0.974511
1728   0.973546
1729   0.972686
1730   0.971973
1731   0.971432
1732   0.971105
1733   0.971009
1734   0.971161
1735   0.971563
1736   0.972201
1737   0.973064
1738   0.974118
1739   0.975348
1740   0.976713
1741   0.978201
1742   0.979767
1743   0.981404
1744   0.983069
1745   0.984755
1746   0.986422
1747   0.988065
1748   0.989647
1749   0.991164
1750   0.992581
1751   0.9939
1752   0.99509
1753   0.996157
1754   0.997079
1755   0.997865
1756   0.998504
1757   0.999012
1758   0.999387
1759   0.999651
1760   0.999813
1761   0.999899
1762   0.999928
1763   0.983809
1764   0.982812
1765   0.981803
1766   0.980788
1767   0.979778
1768   0.978781
1769   0.977819
1770   0.976898
1771   0.976054
1772   0.975293
1773   0.97466
1774   0.974164
1775   0.973843
1776   0.973716
1777   0.973785
1778   0.97408
1779   0.974559
1780   0.975262
1781   0.976111
1782   0.977159
1783   0.978302
1784   0.979606
1785   0.980952
1786   0.982417
1787   0.983876
1788   0.98541
1789   0.986895
1790   0.988412
1791   0.989841
1792   0.991261
1793   0.992562
1794   0.993815
1795   0.994928
1796   0.995963
1797   0.996847
1798   0.997633
1799   0.998271
1800   0.998805
1801   0.999207
1802   0.999515
1803   0.999719
1804   0.99985
1805   0.999918
1806   0.985213
1807   0.984321
1808   0.98342
1809   0.982516
1810   0.98162
1811   0.98074
1812   0.97989
1813   0.979084
1814   0.97834
1815   0.977675
1816   0.977114
1817   0.976674
1818   0.976379
1819   0.976243
1820   0.976279
1821   0.976494
1822   0.976885
1823   0.97745
1824   0.978172
1825   0.979042
1826   0.980038
1827   0.981146
1828   0.98234
1829   0.983607
1830   0.984919
1831   0.986265
1832   0.987616
1833   0.988962
1834   0.990277
1835   0.991551
1836   0.992761
1837   0.993901
1838   0.99495
1839   0.995906
1840   0.996755
1841   0.997498
1842   0.998128
1843   0.998651
1844   0.999068
1845   0.999389
1846   0.999622
1847   0.999781
1848   0.99988
