##### Y Variance #####
0   0.999943
1   0.999863
2   0.999333
3   0.998184
4   0.996267
5   0.99352
6   0.989886
7   0.985467
8   0.980361
9   0.974999
10   0.96948
11   0.964117
12   0.958973
13   0.954256
14   0.950042
15   0.946468
16   0.943606
17   0.941535
18   0.940253
19   0.93974
20   0.939956
21   0.940806
22   0.942254
23   0.944181
24   0.946532
25   0.949159
26   0.951997
27   0.954905
28   0.957846
29   0.960722
30   0.963522
31   0.96619
32   0.968733
33   0.971128
34   0.973386
35   0.975502
36   0.977488
37   0.979345
38   0.981081
39   0.982699
40   0.984205
41   0.985604
42   0.9869
43   0.999634
44   0.999881
45   0.999704
46   0.998906
47   0.997196
48   0.994686
49   0.990957
50   0.986583
51   0.980822
52   0.975375
53   0.969012
54   0.96331
55   0.9573
56   0.952035
57   0.947044
58   0.942887
59   0.939396
60   0.936872
61   0.9352
62   0.93437
63   0.934473
64   0.935146
65   0.936728
66   0.938679
67   0.941379
68   0.944195
69   0.947505
70   0.950671
71   0.954084
72   0.957235
73   0.960448
74   0.963373
75   0.966247
76   0.968866
77   0.971381
78   0.973691
79   0.975879
80   0.977901
81   0.979797
82   0.981554
83   0.983188
84   0.9847
85   0.986099
86   0.998832
87   0.999413
88   0.999749
89   0.999465
90   0.998305
91   0.996199
92   0.992984
93   0.988832
94   0.983531
95   0.977553
96   0.971052
97   0.964394
98   0.957727
99   0.951418
100   0.945537
101   0.940493
102   0.936212
103   0.932904
104   0.930537
105   0.929099
106   0.928659
107   0.929074
108   0.930412
109   0.932476
110   0.935241
111   0.938447
112   0.94203
113   0.94572
114   0.949498
115   0.953186
116   0.956778
117   0.96017
118   0.963374
119   0.96636
120   0.969147
121   0.971736
122   0.974143
123   0.976378
124   0.97845
125   0.98037
126   0.982143
127   0.983781
128   0.985288
129   0.997392
130   0.998305
131   0.999154
132   0.999476
133   0.998967
134   0.997497
135   0.994854
136   0.991303
137   0.986512
138   0.980898
139   0.974151
140   0.967431
141   0.959748
142   0.953103
143   0.945711
144   0.940164
145   0.934493
146   0.930355
147   0.926873
148   0.924442
149   0.92325
150   0.922933
151   0.923989
152   0.925787
153   0.928711
154   0.932009
155   0.936074
156   0.94007
157   0.944458
158   0.948578
159   0.952771
160   0.956584
161   0.960274
162   0.963614
163   0.966769
164   0.969643
165   0.972325
166   0.974783
167   0.977061
168   0.979154
169   0.981082
170   0.982851
171   0.984473
172   0.995196
173   0.99625
174   0.997669
175   0.998643
176   0.998952
177   0.998239
178   0.996452
179   0.993611
180   0.989637
181   0.984682
182   0.978712
183   0.972105
184   0.964912
185   0.957564
186   0.950097
187   0.942878
188   0.936177
189   0.93015
190   0.925063
191   0.921123
192   0.918417
193   0.917266
194   0.917431
195   0.918921
196   0.921543
197   0.924935
198   0.929122
199   0.933662
200   0.938506
201   0.94336
202   0.948117
203   0.952605
204   0.956781
205   0.960641
206   0.964176
207   0.96743
208   0.970402
209   0.973136
210   0.975632
211   0.977924
212   0.980012
213   0.981925
214   0.983664
215   0.992255
216   0.993523
217   0.995306
218   0.996929
219   0.997993
220   0.998112
221   0.997153
222   0.995177
223   0.992054
224   0.988009
225   0.982893
226   0.977049
227   0.970418
228   0.963403
229   0.95585
230   0.948332
231   0.940199
232   0.933492
233   0.925906
234   0.921286
235   0.915775
236   0.914065
237   0.912305
238   0.913112
239   0.915001
240   0.917826
241   0.922138
242   0.926757
243   0.932289
244   0.937684
245   0.943255
246   0.948314
247   0.953144
248   0.957484
249   0.961501
250   0.965126
251   0.968443
252   0.971452
253   0.974195
254   0.976687
255   0.978952
256   0.981008
257   0.982873
258   0.98857
259   0.98965
260   0.99196
261   0.99414
262   0.996057
263   0.996991
264   0.996998
265   0.995879
266   0.993749
267   0.990601
268   0.986483
269   0.981527
270   0.975788
271   0.969475
272   0.962612
273   0.955456
274   0.947925
275   0.940561
276   0.933274
277   0.926654
278   0.920646
279   0.915615
280   0.912096
281   0.909916
282   0.909755
283   0.911363
284   0.914727
285   0.919694
286   0.925551
287   0.931742
288   0.937959
289   0.943871
290   0.949285
291   0.954278
292   0.958746
293   0.962826
294   0.966474
295   0.969798
296   0.972778
297   0.975489
298   0.977923
299   0.980132
300   0.982114
301   0.984333
302   0.985471
303   0.987887
304   0.990656
305   0.993252
306   0.995046
307   0.995884
308   0.995695
309   0.994434
310   0.992252
311   0.989059
312   0.985104
313   0.980298
314   0.974941
315   0.968944
316   0.962613
317   0.955879
318   0.948958
319   0.941971
320   0.935048
321   0.928253
322   0.921997
323   0.915563
324   0.911945
325   0.907648
326   0.908521
327   0.909028
328   0.913963
329   0.919706
330   0.926077
331   0.933035
332   0.939449
333   0.945584
334   0.951101
335   0.956094
336   0.960571
337   0.964584
338   0.968192
339   0.971427
340   0.974337
341   0.976949
342   0.979297
343   0.981405
344   0.979669
345   0.980162
346   0.982994
347   0.986167
348   0.989569
349   0.992155
350   0.993943
351   0.994582
352   0.994292
353   0.992957
354   0.990755
355   0.987702
356   0.983919
357   0.979502
358   0.974518
359   0.969108
360   0.963267
361   0.957152
362   0.950776
363   0.944298
364   0.937759
365   0.931382
366   0.925095
367   0.919657
368   0.915011
369   0.911901
370   0.910888
371   0.911624
372   0.915688
373   0.921455
374   0.928353
375   0.935576
376   0.942167
377   0.948324
378   0.953693
379   0.958582
380   0.962877
381   0.966765
382   0.970205
383   0.973311
384   0.976069
385   0.978555
386   0.980766
387   0.974997
388   0.975475
389   0.977723
390   0.981215
391   0.985202
392   0.988659
393   0.991246
394   0.992782
395   0.993281
396   0.992833
397   0.991442
398   0.989312
399   0.986404
400   0.982958
401   0.978911
402   0.974482
403   0.969598
404   0.964414
405   0.958908
406   0.953192
407   0.947319
408   0.941416
409   0.935618
410   0.929934
411   0.924833
412   0.920317
413   0.916602
414   0.915405
415   0.914705
416   0.919802
417   0.925333
418   0.93266
419   0.939613
420   0.946058
421   0.95176
422   0.956904
423   0.961453
424   0.965538
425   0.969166
426   0.972417
427   0.975314
428   0.977906
429   0.98022
430   0.970347
431   0.970169
432   0.972206
433   0.975363
434   0.98016
435   0.984385
436   0.987869
437   0.990191
438   0.991581
439   0.991878
440   0.991359
441   0.989985
442   0.987975
443   0.985349
444   0.982246
445   0.978705
446   0.974787
447   0.970534
448   0.965965
449   0.96115
450   0.956103
451   0.950949
452   0.945667
453   0.940437
454   0.935357
455   0.930672
456   0.926579
457   0.923669
458   0.922059
459   0.922469
460   0.926656
461   0.932109
462   0.938594
463   0.945023
464   0.95066
465   0.955887
466   0.960504
467   0.964694
468   0.968409
469   0.971758
470   0.974735
471   0.977412
472   0.979793
473   0.965905
474   0.965444
475   0.966727
476   0.969929
477   0.974798
478   0.979735
479   0.983962
480   0.987138
481   0.989254
482   0.990356
483   0.990517
484   0.989926
485   0.988615
486   0.986808
487   0.984475
488   0.981809
489   0.978741
490   0.975408
491   0.971744
492   0.967835
493   0.963675
494   0.959303
495   0.9548
496   0.950128
497   0.945564
498   0.941049
499   0.937088
500   0.933563
501   0.931267
502   0.929986
503   0.930642
504   0.934595
505   0.939325
506   0.94515
507   0.950467
508   0.955545
509   0.960092
510   0.964253
511   0.967979
512   0.971345
513   0.974363
514   0.977075
515   0.979508
516   0.961701
517   0.960575
518   0.961302
519   0.96364
520   0.969111
521   0.974595
522   0.979586
523   0.983496
524   0.986435
525   0.988216
526   0.989141
527   0.989171
528   0.988604
529   0.987434
530   0.985875
531   0.983913
532   0.98167
533   0.979121
534   0.976318
535   0.973244
536   0.969922
537   0.966363
538   0.962582
539   0.958626
540   0.954572
541   0.950535
542   0.946681
543   0.943181
544   0.940358
545   0.938387
546   0.938003
547   0.93923
548   0.942804
549   0.947075
550   0.951691
551   0.956179
552   0.960427
553   0.964364
554   0.96797
555   0.971261
556   0.974244
557   0.976948
558   0.979387
559   0.957877
560   0.956298
561   0.956239
562   0.958485
563   0.963454
564   0.969323
565   0.974906
566   0.979587
567   0.983216
568   0.985749
569   0.987279
570   0.987992
571   0.987982
572   0.987478
573   0.986498
574   0.985237
575   0.983642
576   0.981846
577   0.979767
578   0.97748
579   0.974925
580   0.972128
581   0.969097
582   0.965809
583   0.9624
584   0.958817
585   0.955369
586   0.951968
587   0.949148
588   0.94681
589   0.945749
590   0.945798
591   0.9475
592   0.95047
593   0.953954
594   0.957729
595   0.961434
596   0.965024
597   0.968383
598   0.971515
599   0.974395
600   0.977037
601   0.979446
602   0.954492
603   0.952304
604   0.951496
605   0.952473
606   0.957724
607   0.963779
608   0.969934
609   0.975274
610   0.979671
611   0.982859
612   0.985096
613   0.986361
614   0.986988
615   0.986986
616   0.986628
617   0.985889
618   0.984943
619   0.98373
620   0.98234
621   0.9807
622   0.978852
623   0.976734
624   0.974374
625   0.97174
626   0.968894
627   0.965846
628   0.962743
629   0.959636
630   0.956826
631   0.954381
632   0.952833
633   0.952102
634   0.952871
635   0.954553
636   0.957104
637   0.959987
638   0.963104
639   0.966197
640   0.969234
641   0.972109
642   0.97483
643   0.977352
644   0.979695
645   0.951643
646   0.948954
647   0.947416
648   0.948171
649   0.95225
650   0.958253
651   0.964798
652   0.970814
653   0.975881
654   0.979794
655   0.982622
656   0.984525
657   0.98564
658   0.98621
659   0.9863
660   0.986121
661   0.985645
662   0.985019
663   0.984156
664   0.983138
665   0.981873
666   0.98039
667   0.978637
668   0.976607
669   0.974332
670   0.971787
671   0.969131
672   0.966338
673   0.963727
674   0.961304
675   0.959516
676   0.958396
677   0.958295
678   0.95913
679   0.96071
680   0.962833
681   0.965256
682   0.967845
683   0.970464
684   0.973046
685   0.975538
686   0.977906
687   0.980135
688   0.949385
689   0.946238
690   0.943929
691   0.943214
692   0.946958
693   0.952444
694   0.959434
695   0.966067
696   0.971853
697   0.976432
698   0.979947
699   0.982397
700   0.984104
701   0.985117
702   0.985735
703   0.98596
704   0.986
705   0.985797
706   0.985468
707   0.984921
708   0.984211
709   0.983242
710   0.982045
711   0.980543
712   0.978783
713   0.976722
714   0.974473
715   0.972038
716   0.969648
717   0.967336
718   0.96548
719   0.96407
720   0.963529
721   0.963645
722   0.964557
723   0.965935
724   0.967773
725   0.969805
726   0.97202
727   0.974247
728   0.976495
729   0.978657
730   0.980755
731   0.947743
732   0.944156
733   0.941333
734   0.940255
735   0.942097
736   0.946998
737   0.954026
738   0.961214
739   0.967654
740   0.972936
741   0.977068
742   0.980154
743   0.98235
744   0.983899
745   0.984911
746   0.985613
747   0.986016
748   0.986278
749   0.986331
750   0.986264
751   0.985977
752   0.985508
753   0.98477
754   0.983767
755   0.982471
756   0.980873
757   0.979038
758   0.976972
759   0.974856
760   0.972735
761   0.970885
762   0.969381
763   0.968462
764   0.968141
765   0.968438
766   0.969259
767   0.970505
768   0.97206
769   0.973827
770   0.975718
771   0.977671
772   0.979625
773   0.981545
774   0.946751
775   0.942841
776   0.939455
777   0.937312
778   0.937884
779   0.940917
780   0.948432
781   0.956201
782   0.963231
783   0.969192
784   0.974003
785   0.977676
786   0.980462
787   0.98246
788   0.983964
789   0.985026
790   0.985866
791   0.986458
792   0.986933
793   0.987212
794   0.987354
795   0.987261
796   0.986961
797   0.986363
798   0.985498
799   0.984304
800   0.982857
801   0.981138
802   0.979308
803   0.977389
804   0.97564
805   0.974078
806   0.972995
807   0.972316
808   0.972223
809   0.97254
810   0.973339
811   0.97442
812   0.975809
813   0.977336
814   0.97902
815   0.980726
816   0.982478
817   0.946404
818   0.942211
819   0.938339
820   0.93544
821   0.93437
822   0.93673
823   0.943156
824   0.951048
825   0.95864
826   0.965255
827   0.970728
828   0.975056
829   0.978377
830   0.980916
831   0.982821
832   0.984329
833   0.985492
834   0.986479
835   0.987253
836   0.987911
837   0.988364
838   0.988657
839   0.988697
840   0.988495
841   0.987991
842   0.987188
843   0.986094
844   0.984723
845   0.983177
846   0.9815
847   0.979871
848   0.978361
849   0.97715
850   0.976283
851   0.975847
852   0.97582
853   0.976195
854   0.976906
855   0.977907
856   0.979124
857   0.980509
858   0.981993
859   0.983534
860   0.946666
861   0.942353
862   0.937983
863   0.934288
864   0.93171
865   0.931528
866   0.938042
867   0.945943
868   0.953862
869   0.961097
870   0.967225
871   0.972192
872   0.976117
873   0.97915
874   0.981547
875   0.983422
876   0.98499
877   0.986273
878   0.987403
879   0.988333
880   0.989126
881   0.989701
882   0.990082
883   0.990186
884   0.990029
885   0.989548
886   0.98879
887   0.987726
888   0.986463
889   0.985012
890   0.983552
891   0.982104
892   0.980882
893   0.979868
894   0.979239
895   0.978909
896   0.978991
897   0.979349
898   0.98005
899   0.980948
900   0.982085
901   0.983319
902   0.984682
903   0.947457
904   0.942966
905   0.938295
906   0.933826
907   0.930117
908   0.929372
909   0.933561
910   0.940835
911   0.948974
912   0.956712
913   0.963497
914   0.969108
915   0.973617
916   0.977207
917   0.980044
918   0.982366
919   0.984262
920   0.985911
921   0.987306
922   0.988557
923   0.989597
924   0.99048
925   0.991119
926   0.991535
927   0.991659
928   0.991498
929   0.991031
930   0.990273
931   0.989274
932   0.988071
933   0.986778
934   0.985456
935   0.984241
936   0.983187
937   0.982396
938   0.981883
939   0.981693
940   0.9818
941   0.982203
942   0.982851
943   0.983721
944   0.98475
945   0.985899
946   0.948735
947   0.94433
948   0.939356
949   0.934515
950   0.929621
951   0.926358
952   0.929727
953   0.935804
954   0.943986
955   0.952192
956   0.95953
957   0.965785
958   0.970882
959   0.975008
960   0.978341
961   0.981061
962   0.983355
963   0.985302
964   0.987024
965   0.988518
966   0.989845
967   0.990956
968   0.991871
969   0.992527
970   0.992932
971   0.993031
972   0.992849
973   0.992355
974   0.991618
975   0.990639
976   0.989541
977   0.988342
978   0.987203
979   0.986128
980   0.985274
981   0.984606
982   0.984247
983   0.984118
984   0.984308
985   0.984704
986   0.985368
987   0.986172
988   0.987154
989   0.95039
990   0.945933
991   0.940974
992   0.935707
993   0.93046
994   0.926805
995   0.926769
996   0.931411
997   0.939142
998   0.947528
999   0.955398
1000   0.962193
1001   0.967877
1002   0.972544
1003   0.976348
1004   0.979518
1005   0.982162
1006   0.984468
1007   0.986456
1008   0.988245
1009   0.989794
1010   0.991168
1011   0.992298
1012   0.993213
1013   0.993847
1014   0.994213
1015   0.994277
1016   0.994052
1017   0.993555
1018   0.992816
1019   0.991906
1020   0.990871
1021   0.989816
1022   0.98879
1023   0.987893
1024   0.987156
1025   0.986647
1026   0.986368
1027   0.986348
1028   0.986563
1029   0.987009
1030   0.987641
1031   0.988427
1032   0.952392
1033   0.94818
1034   0.943198
1035   0.937979
1036   0.932308
1037   0.927502
1038   0.925593
1039   0.926781
1040   0.934383
1041   0.942981
1042   0.951084
1043   0.958445
1044   0.964623
1045   0.969827
1046   0.974101
1047   0.97769
1048   0.980725
1049   0.983345
1050   0.985647
1051   0.987679
1052   0.989491
1053   0.991075
1054   0.992444
1055   0.993567
1056   0.994441
1057   0.99503
1058   0.995341
1059   0.995351
1060   0.995095
1061   0.994576
1062   0.993869
1063   0.992994
1064   0.992064
1065   0.991098
1066   0.990223
1067   0.989434
1068   0.988852
1069   0.988435
1070   0.98828
1071   0.988313
1072   0.988603
1073   0.989048
1074   0.98969
1075   0.954632
1076   0.950532
1077   0.945834
1078   0.940625
1079   0.935006
1080   0.929723
1081   0.925715
1082   0.925636
1083   0.930562
1084   0.938435
1085   0.946758
1086   0.954458
1087   0.961154
1088   0.966822
1089   0.971553
1090   0.975568
1091   0.978962
1092   0.981935
1093   0.984512
1094   0.98683
1095   0.988862
1096   0.990691
1097   0.99226
1098   0.993614
1099   0.994692
1100   0.995517
1101   0.996048
1102   0.996301
1103   0.996271
1104   0.995982
1105   0.995474
1106   0.994785
1107   0.993987
1108   0.993127
1109   0.992289
1110   0.991512
1111   0.99087
1112   0.990384
1113   0.990099
1114   0.990014
1115   0.990141
1116   0.990452
1117   0.990928
1118   0.957062
1119   0.953326
1120   0.948832
1121   0.944002
1122   0.938438
1123   0.933064
1124   0.927721
1125   0.92418
1126   0.927997
1127   0.934501
1128   0.942621
1129   0.950628
1130   0.957598
1131   0.963709
1132   0.968811
1133   0.973217
1134   0.976963
1135   0.980249
1136   0.983125
1137   0.98569
1138   0.987972
1139   0.990007
1140   0.991799
1141   0.993348
1142   0.994643
1143   0.995673
1144   0.996428
1145   0.996898
1146   0.997095
1147   0.997022
1148   0.996722
1149   0.996214
1150   0.995574
1151   0.994825
1152   0.994069
1153   0.993315
1154   0.992672
1155   0.992125
1156   0.991772
1157   0.991569
1158   0.99159
1159   0.991757
1160   0.992117
1161   0.959567
1162   0.956032
1163   0.951957
1164   0.947359
1165   0.9422
1166   0.936731
1167   0.93128
1168   0.927367
1169   0.926885
1170   0.931691
1171   0.939085
1172   0.946892
1173   0.954101
1174   0.960459
1175   0.965902
1176   0.970646
1177   0.974707
1178   0.978311
1179   0.981448
1180   0.984283
1181   0.986779
1182   0.989046
1183   0.991028
1184   0.992792
1185   0.994278
1186   0.995524
1187   0.996483
1188   0.997178
1189   0.997589
1190   0.99774
1191   0.997644
1192   0.997334
1193   0.996857
1194   0.996252
1195   0.995588
1196   0.994904
1197   0.99427
1198   0.993718
1199   0.993303
1200   0.993036
1201   0.992947
1202   0.99302
1203   0.993249
1204   0.962111
1205   0.958954
1206   0.955174
1207   0.95107
1208   0.946249
1209   0.941271
1210   0.93583
1211   0.931228
1212   0.92912
1213   0.929719
1214   0.936326
1215   0.943946
1216   0.95094
1217   0.957491
1218   0.963089
1219   0.968088
1220   0.972401
1221   0.97625
1222   0.979637
1223   0.982685
1224   0.985404
1225   0.987857
1226   0.990041
1227   0.991983
1228   0.993666
1229   0.995098
1230   0.996262
1231   0.997159
1232   0.997783
1233   0.998142
1234   0.998253
1235   0.998135
1236   0.997835
1237   0.997377
1238   0.996833
1239   0.996227
1240   0.995645
1241   0.995095
1242   0.994666
1243   0.994338
1244   0.994187
1245   0.99416
1246   0.994305
1247   0.964608
1248   0.961674
1249   0.958324
1250   0.954555
1251   0.950318
1252   0.945711
1253   0.940896
1254   0.936368
1255   0.932971
1256   0.932468
1257   0.935223
1258   0.941688
1259   0.948356
1260   0.954809
1261   0.960465
1262   0.965613
1263   0.970083
1264   0.974145
1265   0.977706
1266   0.980962
1267   0.983845
1268   0.98649
1269   0.988832
1270   0.990959
1271   0.992806
1272   0.994429
1273   0.995772
1274   0.996872
1275   0.997693
1276   0.998263
1277   0.998575
1278   0.998657
1279   0.998536
1280   0.998243
1281   0.99783
1282   0.997333
1283   0.996814
1284   0.996307
1285   0.99587
1286   0.995527
1287   0.995313
1288   0.99523
1289   0.99528
1290   0.967046
1291   0.964442
1292   0.961396
1293   0.958106
1294   0.954311
1295   0.95036
1296   0.946043
1297   0.942066
1298   0.938377
1299   0.936121
1300   0.937658
1301   0.941276
1302   0.947134
1303   0.953159
1304   0.958566
1305   0.963621
1306   0.968125
1307   0.972238
1308   0.975916
1309   0.979272
1310   0.982295
1311   0.985057
1312   0.987546
1313   0.989802
1314   0.991806
1315   0.993578
1316   0.995094
1317   0.996366
1318   0.997375
1319   0.998133
1320   0.99864
1321   0.998912
1322   0.998972
1323   0.998844
1324   0.998575
1325   0.998193
1326   0.997764
1327   0.997308
1328   0.9969
1329   0.996544
1330   0.996308
1331   0.996165
1332   0.996162
1333   0.969377
1334   0.966981
1335   0.964305
1336   0.961346
1337   0.958091
1338   0.954589
1339   0.950973
1340   0.947362
1341   0.944237
1342   0.941859
1343   0.941421
1344   0.943643
1345   0.947329
1346   0.952531
1347   0.957383
1348   0.962224
1349   0.966548
1350   0.97064
1351   0.97429
1352   0.977706
1353   0.980768
1354   0.983628
1355   0.986192
1356   0.988569
1357   0.990677
1358   0.992591
1359   0.994241
1360   0.995677
1361   0.996848
1362   0.997789
1363   0.998475
1364   0.998934
1365   0.999171
1366   0.999215
1367   0.999096
1368   0.998847
1369   0.998516
1370   0.998139
1371   0.997768
1372   0.997434
1373   0.997179
1374   0.997013
1375   0.996951
1376   0.971603
1377   0.969472
1378   0.967059
1379   0.964484
1380   0.961611
1381   0.958633
1382   0.955471
1383   0.952435
1384   0.949613
1385   0.947477
1386   0.946567
1387   0.947093
1388   0.949812
1389   0.953457
1390   0.957596
1391   0.961759
1392   0.965773
1393   0.969581
1394   0.973123
1395   0.976435
1396   0.97949
1397   0.982335
1398   0.984948
1399   0.987365
1400   0.989558
1401   0.991554
1402   0.993321
1403   0.994875
1404   0.996191
1405   0.997282
1406   0.998132
1407   0.998759
1408   0.999164
1409   0.999371
1410   0.999402
1411   0.999287
1412   0.999069
1413   0.998776
1414   0.998467
1415   0.998159
1416   0.997915
1417   0.997725
1418   0.997638
1419   0.973705
1420   0.971758
1421   0.969634
1422   0.967336
1423   0.964872
1424   0.962267
1425   0.959625
1426   0.956991
1427   0.954673
1428   0.952726
1429   0.951773
1430   0.951693
1431   0.953065
1432   0.955611
1433   0.95869
1434   0.96218
1435   0.96562
1436   0.969095
1437   0.972347
1438   0.975515
1439   0.978435
1440   0.981239
1441   0.983806
1442   0.986243
1443   0.988452
1444   0.990514
1445   0.992344
1446   0.994003
1447   0.995423
1448   0.99665
1449   0.997637
1450   0.998419
1451   0.998978
1452   0.999343
1453   0.999522
1454   0.999545
1455   0.999445
1456   0.999252
1457   0.999012
1458   0.998756
1459   0.998526
1460   0.998343
1461   0.998228
1462   0.975693
1463   0.973952
1464   0.972044
1465   0.970034
1466   0.967864
1467   0.965635
1468   0.963338
1469   0.961116
1470   0.959073
1471   0.95738
1472   0.956325
1473   0.955963
1474   0.95673
1475   0.958326
1476   0.960639
1477   0.963331
1478   0.966239
1479   0.96921
1480   0.972153
1481   0.97503
1482   0.977788
1483   0.980435
1484   0.982934
1485   0.985302
1486   0.987505
1487   0.98956
1488   0.991434
1489   0.993139
1490   0.994643
1491   0.995959
1492   0.997062
1493   0.997967
1494   0.998662
1495   0.999165
1496   0.999482
1497   0.999637
1498   0.999655
1499   0.999564
1500   0.999405
1501   0.999203
1502   0.99901
1503   0.998834
1504   0.998718
1505   0.977562
1506   0.975979
1507   0.974291
1508   0.972503
1509   0.970628
1510   0.968683
1511   0.96674
1512   0.964819
1513   0.963097
1514   0.961592
1515   0.960594
1516   0.960096
1517   0.960373
1518   0.961376
1519   0.962955
1520   0.965027
1521   0.967323
1522   0.969846
1523   0.972369
1524   0.974963
1525   0.977455
1526   0.97994
1527   0.98228
1528   0.984569
1529   0.986691
1530   0.98873
1531   0.990583
1532   0.99232
1533   0.993857
1534   0.995247
1535   0.996427
1536   0.997438
1537   0.998241
1538   0.99887
1539   0.99931
1540   0.999591
1541   0.999724
1542   0.999738
1543   0.999664
1544   0.999532
1545   0.99938
1546   0.999232
1547   0.999115
1548   0.979321
1549   0.9779
1550   0.976387
1551   0.974814
1552   0.973163
1553   0.971484
1554   0.969793
1555   0.968155
1556   0.966645
1557   0.965339
1558   0.964386
1559   0.963836
1560   0.96387
1561   0.964436
1562   0.965541
1563   0.967049
1564   0.968876
1565   0.970911
1566   0.973074
1567   0.975308
1568   0.977553
1569   0.979791
1570   0.981976
1571   0.984106
1572   0.986143
1573   0.988091
1574   0.989915
1575   0.99162
1576   0.993173
1577   0.994582
1578   0.995819
1579   0.996892
1580   0.997782
1581   0.998504
1582   0.999049
1583   0.999438
1584   0.999676
1585   0.99979
1586   0.999802
1587   0.99974
1588   0.99964
1589   0.999521
1590   0.999423
1591   0.98097
1592   0.979684
1593   0.978341
1594   0.976944
1595   0.975507
1596   0.974041
1597   0.972593
1598   0.971174
1599   0.969883
1600   0.968731
1601   0.967866
1602   0.967298
1603   0.96716
1604   0.967454
1605   0.968163
1606   0.96927
1607   0.970647
1608   0.972299
1609   0.974069
1610   0.975999
1611   0.977941
1612   0.979961
1613   0.981924
1614   0.98391
1615   0.985795
1616   0.987659
1617   0.989391
1618   0.991061
1619   0.992576
1620   0.993995
1621   0.99524
1622   0.996361
1623   0.997301
1624   0.998099
1625   0.998724
1626   0.999206
1627   0.999536
1628   0.999743
1629   0.999839
1630   0.999851
1631   0.999805
1632   0.999729
1633   0.99965
1634   0.982515
1635   0.981362
1636   0.98016
1637   0.978927
1638   0.977661
1639   0.976387
1640   0.975124
1641   0.973904
1642   0.972774
1643   0.971775
1644   0.970983
1645   0.970435
1646   0.970213
1647   0.970322
1648   0.970784
1649   0.971563
1650   0.972623
1651   0.973915
1652   0.975384
1653   0.976992
1654   0.978685
1655   0.980442
1656   0.982217
1657   0.984001
1658   0.985754
1659   0.987472
1660   0.989119
1661   0.990695
1662   0.992168
1663   0.99354
1664   0.994783
1665   0.995902
1666   0.996874
1667   0.997709
1668   0.998392
1669   0.998938
1670   0.999343
1671   0.999626
1672   0.999796
1673   0.999876
1674   0.999888
1675   0.999854
1676   0.999803
1677   0.983961
1678   0.982923
1679   0.981854
1680   0.98076
1681   0.979652
1682   0.978536
1683   0.977446
1684   0.976385
1685   0.975412
1686   0.974533
1687   0.973828
1688   0.973306
1689   0.973037
1690   0.973033
1691   0.973305
1692   0.973862
1693   0.974645
1694   0.975675
1695   0.97685
1696   0.978209
1697   0.979634
1698   0.981181
1699   0.98273
1700   0.984349
1701   0.985921
1702   0.987517
1703   0.989028
1704   0.990523
1705   0.991904
1706   0.993233
1707   0.994426
1708   0.995537
1709   0.996499
1710   0.997358
1711   0.998066
1712   0.998661
1713   0.999116
1714   0.999463
1715   0.999695
1716   0.999838
1717   0.999904
1718   0.999916
1719   0.999895
1720   0.985312
1721   0.984381
1722   0.983427
1723   0.982458
1724   0.98148
1725   0.980506
1726   0.979552
1727   0.978635
1728   0.977784
1729   0.977022
1730   0.97639
1731   0.975913
1732   0.975632
1733   0.975564
1734   0.975725
1735   0.976113
1736   0.976716
1737   0.977518
1738   0.978487
1739   0.979604
1740   0.980829
1741   0.982149
1742   0.983523
1743   0.984943
1744   0.98637
1745   0.987801
1746   0.9892
1747   0.990566
1748   0.991867
1749   0.993104
1750   0.994249
1751   0.995305
1752   0.99625
1753   0.99709
1754   0.997809
1755   0.998417
1756   0.998906
1757   0.999289
1758   0.999567
1759   0.999758
1760   0.999871
1761   0.999925
1762   0.999937
1763   0.98657
1764   0.985736
1765   0.984887
1766   0.984027
1767   0.983168
1768   0.982311
1769   0.981482
1770   0.980681
1771   0.979946
1772   0.979277
1773   0.978724
1774   0.97829
1775   0.978017
1776   0.977916
1777   0.977999
1778   0.978282
1779   0.978734
1780   0.979382
1781   0.980159
1782   0.981105
1783   0.982128
1784   0.98328
1785   0.98446
1786   0.985729
1787   0.986982
1788   0.988284
1789   0.989534
1790   0.990798
1791   0.991979
1792   0.993141
1793   0.994197
1794   0.995206
1795   0.996095
1796   0.996916
1797   0.997611
1798   0.998224
1799   0.998717
1800   0.999126
1801   0.999429
1802   0.999657
1803   0.999805
1804   0.999897
1805   0.99994
1806   0.98774
1807   0.986994
1808   0.986237
1809   0.985475
1810   0.984714
1811   0.983963
1812   0.983234
1813   0.982538
1814   0.981894
1815   0.981317
1816   0.980829
1817   0.98045
1818   0.980198
1819   0.980091
1820   0.980138
1821   0.980347
1822   0.980712
1823   0.981231
1824   0.981886
1825   0.982669
1826   0.983555
1827   0.984533
1828   0.985576
1829   0.986672
1830   0.987798
1831   0.988941
1832   0.990079
1833   0.991203
1834   0.992292
1835   0.993338
1836   0.994324
1837   0.995246
1838   0.996088
1839   0.99685
1840   0.997522
1841   0.998105
1842   0.998596
1843   0.999
1844   0.999318
1845   0.999561
1846   0.999734
1847   0.999849
1848   0.999917
