##### Y Variance #####
0   0.999956
1   0.999863
2   0.999352
3   0.998275
4   0.996507
5   0.994011
6   0.990751
7   0.986834
8   0.982354
9   0.977676
10   0.972889
11   0.968258
12   0.963838
13   0.959804
14   0.956219
15   0.953194
16   0.950785
17   0.949053
18   0.947993
19   0.947588
20   0.947798
21   0.948546
22   0.949797
23   0.951453
24   0.953464
25   0.955712
26   0.95814
27   0.960633
28   0.963158
29   0.965635
30   0.968052
31   0.970364
32   0.972572
33   0.974657
34   0.976627
35   0.978479
36   0.980218
37   0.981847
38   0.983371
39   0.984792
40   0.986116
41   0.987346
42   0.988486
43   0.999703
44   0.999906
45   0.999704
46   0.998927
47   0.997313
48   0.994993
49   0.991609
50   0.987695
51   0.982631
52   0.977847
53   0.972331
54   0.967396
55   0.962241
56   0.95775
57   0.953513
58   0.950017
59   0.947089
60   0.945
61   0.943623
62   0.942977
63   0.943098
64   0.943722
65   0.945086
66   0.946779
67   0.949077
68   0.951495
69   0.95431
70   0.957028
71   0.959941
72   0.962655
73   0.965414
74   0.967946
75   0.97043
76   0.972709
77   0.974896
78   0.976914
79   0.978825
80   0.980596
81   0.982257
82   0.983798
83   0.985233
84   0.986561
85   0.987789
86   0.999018
87   0.999532
88   0.999794
89   0.999468
90   0.998323
91   0.996316
92   0.99333
93   0.989542
94   0.984805
95   0.979533
96   0.973864
97   0.968113
98   0.962402
99   0.957038
100   0.952075
101   0.947844
102   0.94428
103   0.941554
104   0.939629
105   0.938494
106   0.938194
107   0.938614
108   0.939797
109   0.941586
110   0.943951
111   0.946686
112   0.949734
113   0.952878
114   0.956097
115   0.959247
116   0.962322
117   0.965235
118   0.967995
119   0.970575
120   0.972991
121   0.975241
122   0.977337
123   0.979287
124   0.981097
125   0.982777
126   0.98433
127   0.985765
128   0.987086
129   0.997767
130   0.998598
131   0.999336
132   0.999557
133   0.998978
134   0.997506
135   0.994966
136   0.991641
137   0.987259
138   0.982239
139   0.976308
140   0.970469
141   0.963895
142   0.958235
143   0.952031
144   0.947384
145   0.942687
146   0.939302
147   0.936478
148   0.93456
149   0.933656
150   0.933504
151   0.934465
152   0.936051
153   0.938546
154   0.941369
155   0.944805
156   0.948205
157   0.951915
158   0.95542
159   0.958979
160   0.962237
161   0.965392
162   0.968264
163   0.97098
164   0.973466
165   0.975789
166   0.977926
167   0.979908
168   0.981733
169   0.983416
170   0.984963
171   0.986383
172   0.995836
173   0.996824
174   0.998107
175   0.998939
176   0.999094
177   0.998277
178   0.996453
179   0.993684
180   0.989941
181   0.985395
182   0.980046
183   0.974233
184   0.968008
185   0.961735
186   0.955443
187   0.949432
188   0.943907
189   0.938993
190   0.934893
191   0.931763
192   0.92966
193   0.928833
194   0.929088
195   0.930433
196   0.932698
197   0.935597
198   0.939138
199   0.94297
200   0.947049
201   0.951139
202   0.955152
203   0.95895
204   0.962497
205   0.965788
206   0.968813
207   0.971608
208   0.974168
209   0.97653
210   0.978692
211   0.980682
212   0.9825
213   0.984168
214   0.985687
215   0.993222
216   0.994435
217   0.996096
218   0.997552
219   0.998414
220   0.998342
221   0.997227
222   0.995179
223   0.992104
224   0.988269
225   0.983552
226   0.978308
227   0.972468
228   0.966421
229   0.960008
230   0.953731
231   0.947042
232   0.941569
233   0.935471
234   0.931793
235   0.92746
236   0.92619
237   0.924898
238   0.925716
239   0.927396
240   0.929852
241   0.933488
242   0.937385
243   0.942005
244   0.946527
245   0.951185
246   0.95544
247   0.959508
248   0.963184
249   0.966595
250   0.969688
251   0.972528
252   0.975114
253   0.977478
254   0.979632
255   0.981596
256   0.983384
257   0.985008
258   0.989912
259   0.990986
260   0.993188
261   0.995215
262   0.996893
263   0.997584
264   0.997329
265   0.996011
266   0.993761
267   0.990627
268   0.986693
269   0.982106
270   0.97694
271   0.971387
272   0.965481
273   0.959434
274   0.953186
275   0.94716
276   0.94128
277   0.936005
278   0.931279
279   0.927385
280   0.924719
281   0.923148
282   0.923206
283   0.92468
284   0.92756
285   0.93172
286   0.936594
287   0.94174
288   0.946909
289   0.951836
290   0.956366
291   0.960559
292   0.96433
293   0.967786
294   0.970891
295   0.97373
296   0.976287
297   0.97862
298   0.980723
299   0.982637
300   0.98436
301   0.986075
302   0.987236
303   0.989595
304   0.992222
305   0.994592
306   0.996103
307   0.996624
308   0.996131
309   0.994618
310   0.992282
311   0.98907
312   0.985265
313   0.980794
314   0.975963
315   0.970684
316   0.965252
317   0.959579
318   0.953873
319   0.948193
320   0.942661
321   0.937299
322   0.932432
323   0.927487
324   0.924763
325   0.921549
326   0.922425
327   0.923028
328   0.927157
329   0.931924
330   0.937209
331   0.942955
332   0.948277
333   0.953373
334   0.957979
335   0.962164
336   0.965935
337   0.96933
338   0.972396
339   0.975158
340   0.977653
341   0.9799
342   0.981929
343   0.983756
344   0.981823
345   0.982392
346   0.985201
347   0.988286
348   0.991468
349   0.993783
350   0.995206
351   0.995482
352   0.994828
353   0.993204
354   0.990809
355   0.987704
356   0.984032
357   0.9799
358   0.975391
359   0.97063
360   0.965626
361   0.960504
362   0.955273
363   0.950051
364   0.944864
365   0.939874
366   0.935019
367   0.930871
368   0.927375
369   0.925117
370   0.924523
371   0.92532
372   0.928758
373   0.933543
374   0.939232
375   0.94518
376   0.950631
377   0.955735
378   0.960216
379   0.96431
380   0.967928
381   0.971215
382   0.974142
383   0.976793
384   0.97916
385   0.981301
386   0.983214
387   0.977559
388   0.978148
389   0.980418
390   0.983847
391   0.987667
392   0.990861
393   0.993094
394   0.994227
395   0.994304
396   0.993464
397   0.991748
398   0.989398
399   0.986405
400   0.983028
401   0.979218
402   0.975201
403   0.970901
404   0.966477
405   0.961883
406   0.957229
407   0.952525
408   0.947882
409   0.943376
410   0.939023
411   0.935162
412   0.931793
413   0.929082
414   0.928344
415   0.928021
416   0.932257
417   0.936849
418   0.942867
419   0.948593
420   0.953919
421   0.958655
422   0.962947
423   0.966763
424   0.970207
425   0.973281
426   0.976049
427   0.978527
428   0.980754
429   0.982752
430   0.973302
431   0.97329
432   0.975373
433   0.97851
434   0.983177
435   0.987196
436   0.990332
437   0.992257
438   0.993182
439   0.993029
440   0.99208
441   0.99036
442   0.988101
443   0.985357
444   0.982282
445   0.978925
446   0.97536
447   0.97162
448   0.967731
449   0.963737
450   0.959651
451   0.955556
452   0.951431
453   0.947401
454   0.943537
455   0.940015
456   0.936987
457   0.934903
458   0.933849
459   0.934392
460   0.937916
461   0.942441
462   0.94779
463   0.953093
464   0.957772
465   0.962123
466   0.96599
467   0.969513
468   0.972655
469   0.9755
470   0.978042
471   0.980338
472   0.982392
473   0.969219
474   0.968946
475   0.970322
476   0.973535
477   0.97833
478   0.983092
479   0.987027
480   0.989816
481   0.991476
482   0.992091
483   0.991769
484   0.990736
485   0.989057
486   0.98698
487   0.984499
488   0.981822
489   0.97889
490   0.975849
491   0.972627
492   0.969315
493   0.965882
494   0.962371
495   0.958818
496   0.955199
497   0.951708
498   0.948298
499   0.945348
500   0.942767
501   0.941162
502   0.940367
503   0.941106
504   0.944437
505   0.948389
506   0.953206
507   0.957624
508   0.961851
509   0.965656
510   0.969153
511   0.972301
512   0.975158
513   0.977732
514   0.980057
515   0.982151
516   0.965336
517   0.964443
518   0.965278
519   0.967661
520   0.973106
521   0.978484
522   0.983216
523   0.98679
524   0.989283
525   0.990585
526   0.99099
527   0.990528
528   0.9895
529   0.987949
530   0.986098
531   0.983962
532   0.981672
533   0.979213
534   0.976646
535   0.973948
536   0.971144
537   0.968228
538   0.965212
539   0.962117
540   0.958998
541   0.95593
542   0.953041
543   0.950454
544   0.948418
545   0.947063
546   0.946967
547   0.948143
548   0.951174
549   0.954756
550   0.958612
551   0.962365
552   0.965929
553   0.969242
554   0.972292
555   0.975086
556   0.977632
557   0.979948
558   0.982048
559   0.961783
560   0.960446
561   0.960537
562   0.962859
563   0.967846
564   0.973646
565   0.979042
566   0.983426
567   0.986661
568   0.988728
569   0.989749
570   0.989938
571   0.989421
572   0.988453
573   0.987079
574   0.985513
575   0.983721
576   0.981847
577   0.979818
578   0.977717
579   0.975477
580   0.973131
581   0.970664
582   0.968062
583   0.965412
584   0.962673
585   0.960071
586   0.957536
587   0.955477
588   0.953813
589   0.953165
590   0.953401
591   0.954944
592   0.957488
593   0.960441
594   0.963623
595   0.966749
596   0.969783
597   0.972631
598   0.975295
599   0.977757
600   0.980022
601   0.982098
602   0.958623
603   0.956712
604   0.956059
605   0.957132
606   0.962442
607   0.96849
608   0.974502
609   0.979617
610   0.98366
611   0.986432
612   0.988171
613   0.98892
614   0.989009
615   0.988501
616   0.98767
617   0.986533
618   0.985269
619   0.983841
620   0.982348
621   0.980726
622   0.979021
623   0.97717
624   0.975203
625   0.973075
626   0.970837
627   0.968481
628   0.966121
629   0.963784
630   0.961708
631   0.959933
632   0.958882
633   0.958481
634   0.959273
635   0.960787
636   0.962991
637   0.965457
638   0.96811
639   0.970742
640   0.97333
641   0.975786
642   0.978117
643   0.980285
644   0.982305
645   0.955949
646   0.953534
647   0.952183
648   0.95306
649   0.957219
650   0.963241
651   0.969713
652   0.975554
653   0.980342
654   0.98388
655   0.986261
656   0.987661
657   0.988249
658   0.988284
659   0.987865
660   0.987216
661   0.986339
662   0.985387
663   0.984298
664   0.983157
665   0.981883
666   0.980511
667   0.978985
668   0.977304
669   0.975477
670   0.973485
671   0.971441
672   0.969322
673   0.967369
674   0.965587
675   0.964319
676   0.963591
677   0.963675
678   0.964504
679   0.965926
680   0.967779
681   0.969872
682   0.972096
683   0.974344
684   0.976562
685   0.978706
686   0.980748
687   0.982674
688   0.953822
689   0.950972
690   0.948847
691   0.948262
692   0.952106
693   0.957648
694   0.964609
695   0.971141
696   0.9767
697   0.980975
698   0.984081
699   0.986074
700   0.987265
701   0.987752
702   0.987835
703   0.987556
704   0.987128
705   0.986524
706   0.985867
707   0.985085
708   0.984241
709   0.983246
710   0.982137
711   0.980835
712   0.979385
713   0.977737
714   0.975983
715   0.974109
716   0.972301
717   0.970573
718   0.969226
719   0.968241
720   0.967957
721   0.968197
722   0.969075
723   0.970322
724   0.97194
725   0.973712
726   0.975631
727   0.977559
728   0.979503
729   0.981376
730   0.983195
731   0.952264
732   0.948966
733   0.94635
734   0.945416
735   0.947354
736   0.952321
737   0.959373
738   0.966508
739   0.972799
740   0.977829
741   0.981623
742   0.984291
743   0.986015
744   0.987049
745   0.987535
746   0.987709
747   0.987614
748   0.987414
749   0.987072
750   0.986678
751   0.986156
752   0.985545
753   0.984771
754   0.983841
755   0.982723
756   0.981411
757   0.979947
758   0.978333
759   0.976706
760   0.975099
761   0.973725
762   0.972641
763   0.972031
764   0.971905
765   0.972275
766   0.973066
767   0.974198
768   0.97558
769   0.977133
770   0.978785
771   0.980487
772   0.982189
773   0.98386
774   0.951318
775   0.947709
776   0.944528
777   0.942538
778   0.943195
779   0.946284
780   0.953867
781   0.961652
782   0.96858
783   0.974364
784   0.978886
785   0.982206
786   0.984556
787   0.986079
788   0.987066
789   0.987606
790   0.987926
791   0.988028
792   0.988052
793   0.987941
794   0.987765
795   0.987439
796   0.987
797   0.986364
798   0.985564
799   0.984538
800   0.983351
801   0.981976
802   0.980546
803   0.979064
804   0.977741
805   0.97658
806   0.975816
807   0.97538
808   0.975422
809   0.975793
810   0.976556
811   0.977546
812   0.978787
813   0.980138
814   0.981619
815   0.983115
816   0.984647
817   0.95098
818   0.947076
819   0.943419
820   0.940667
821   0.93968
822   0.942108
823   0.948615
824   0.95655
825   0.964108
826   0.970596
827   0.975854
828   0.979878
829   0.982825
830   0.984923
831   0.986349
832   0.987345
833   0.987994
834   0.988471
835   0.988768
836   0.988986
837   0.989064
838   0.989049
839   0.988866
840   0.988531
841   0.987992
842   0.987252
843   0.986313
844   0.985186
845   0.983946
846   0.982627
847   0.981367
848   0.980219
849   0.979325
850   0.978717
851   0.978462
852   0.978541
853   0.978949
854   0.97963
855   0.980548
856   0.981642
857   0.982874
858   0.984185
859   0.985541
860   0.95122
861   0.947202
862   0.943036
863   0.939494
864   0.936979
865   0.936836
866   0.94346
867   0.951445
868   0.959364
869   0.966537
870   0.972501
871   0.977232
872   0.98083
873   0.983478
874   0.985427
875   0.986823
876   0.987885
877   0.988662
878   0.989297
879   0.989762
880   0.990135
881   0.990349
882   0.99044
883   0.990335
884   0.990059
885   0.98955
886   0.988856
887   0.987942
888   0.986901
889   0.985729
890   0.984575
891   0.983446
892   0.982518
893   0.981766
894   0.981336
895   0.981152
896   0.981309
897   0.981692
898   0.982358
899   0.983184
900   0.984207
901   0.985309
902   0.986516
903   0.951959
904   0.947747
905   0.943285
906   0.938954
907   0.935312
908   0.934618
909   0.938892
910   0.946254
911   0.954441
912   0.962157
913   0.968844
914   0.974268
915   0.978517
916   0.981766
917   0.984208
918   0.98608
919   0.987501
920   0.988652
921   0.989557
922   0.990327
923   0.990924
924   0.991404
925   0.991706
926   0.99185
927   0.991786
928   0.991519
929   0.991035
930   0.990343
931   0.989484
932   0.988484
933   0.987435
934   0.98638
935   0.98543
936   0.984622
937   0.984039
938   0.98369
939   0.983609
940   0.983776
941   0.984187
942   0.984801
943   0.985599
944   0.986527
945   0.987554
946   0.953163
947   0.949037
948   0.944259
949   0.939563
950   0.934718
951   0.931475
952   0.934933
953   0.9411
954   0.949351
955   0.957586
956   0.964868
957   0.971001
958   0.975883
959   0.979728
960   0.982707
961   0.985025
962   0.98687
963   0.988347
964   0.989585
965   0.990603
966   0.991472
967   0.99216
968   0.9927
969   0.993041
970   0.993201
971   0.993132
972   0.992862
973   0.992362
974   0.991692
975   0.990847
976   0.98993
977   0.988948
978   0.988035
979   0.987185
980   0.986531
981   0.986035
982   0.985802
983   0.985761
984   0.985988
985   0.986386
986   0.987007
987   0.987744
988   0.988628
989   0.954718
990   0.950525
991   0.945765
992   0.94063
993   0.935445
994   0.93182
995   0.931821
996   0.936538
997   0.94436
998   0.9528
999   0.960668
1000   0.967381
1001   0.972912
1002   0.977344
1003   0.98085
1004   0.983657
1005   0.985898
1006   0.987759
1007   0.989289
1008   0.990609
1009   0.991704
1010   0.992642
1011   0.993377
1012   0.993942
1013   0.994291
1014   0.994436
1015   0.994355
1016   0.994059
1017   0.993565
1018   0.992894
1019   0.992106
1020   0.991235
1021   0.990366
1022   0.989535
1023   0.988824
1024   0.988254
1025   0.987881
1026   0.987703
1027   0.987745
1028   0.987985
1029   0.988418
1030   0.989006
1031   0.989723
1032   0.956606
1033   0.952656
1034   0.947862
1035   0.942783
1036   0.937169
1037   0.932387
1038   0.930491
1039   0.931701
1040   0.939409
1041   0.948097
1042   0.956224
1043   0.963557
1044   0.969621
1045   0.974648
1046   0.978665
1047   0.981944
1048   0.984611
1049   0.986827
1050   0.988695
1051   0.990282
1052   0.991647
1053   0.992797
1054   0.993761
1055   0.994515
1056   0.995072
1057   0.995403
1058   0.995521
1059   0.995408
1060   0.995099
1061   0.99459
1062   0.99395
1063   0.993188
1064   0.992402
1065   0.991599
1066   0.990888
1067   0.990257
1068   0.989808
1069   0.989502
1070   0.989421
1071   0.989499
1072   0.989796
1073   0.990222
1074   0.990813
1075   0.958714
1076   0.95486
1077   0.950354
1078   0.94528
1079   0.93973
1080   0.934469
1081   0.930451
1082   0.930387
1083   0.935385
1084   0.943346
1085   0.95173
1086   0.959431
1087   0.966065
1088   0.971595
1089   0.976125
1090   0.979871
1091   0.982947
1092   0.985551
1093   0.987733
1094   0.989628
1095   0.991236
1096   0.992638
1097   0.993803
1098   0.994777
1099   0.99552
1100   0.996057
1101   0.99636
1102   0.996444
1103   0.996312
1104   0.995983
1105   0.995491
1106   0.994867
1107   0.994171
1108   0.993438
1109   0.992738
1110   0.992102
1111   0.991588
1112   0.991212
1113   0.991011
1114   0.990981
1115   0.991134
1116   0.991441
1117   0.991887
1118   0.961001
1119   0.957509
1120   0.953199
1121   0.948512
1122   0.943019
1123   0.937677
1124   0.932305
1125   0.928728
1126   0.932611
1127   0.939196
1128   0.94739
1129   0.955436
1130   0.962373
1131   0.968395
1132   0.973334
1133   0.97752
1134   0.980987
1135   0.98395
1136   0.986464
1137   0.988641
1138   0.99052
1139   0.992148
1140   0.993542
1141   0.994712
1142   0.995662
1143   0.996385
1144   0.996885
1145   0.997154
1146   0.997208
1147   0.997051
1148   0.996722
1149   0.996235
1150   0.995656
1151   0.995
1152   0.994354
1153   0.99372
1154   0.993192
1155   0.992752
1156   0.992484
1157   0.992345
1158   0.9924
1159   0.99258
1160   0.992924
1161   0.963351
1162   0.960047
1163   0.956158
1164   0.951699
1165   0.946625
1166   0.941188
1167   0.935723
1168   0.931781
1169   0.931295
1170   0.936164
1171   0.943639
1172   0.951498
1173   0.958712
1174   0.965012
1175   0.970337
1176   0.974899
1177   0.97873
1178   0.982048
1179   0.984867
1180   0.987345
1181   0.989471
1182   0.991351
1183   0.992953
1184   0.994342
1185   0.995483
1186   0.99641
1187   0.997096
1188   0.997562
1189   0.997799
1190   0.997828
1191   0.997664
1192   0.997334
1193   0.99688
1194   0.996332
1195   0.99575
1196   0.995162
1197   0.994629
1198   0.994173
1199   0.993841
1200   0.993641
1201   0.993594
1202   0.993688
1203   0.993916
1204   0.965732
1205   0.962802
1206   0.959202
1207   0.955245
1208   0.95051
1209   0.945582
1210   0.940132
1211   0.935503
1212   0.933374
1213   0.933966
1214   0.940655
1215   0.948348
1216   0.955362
1217   0.96189
1218   0.9674
1219   0.972261
1220   0.976378
1221   0.979988
1222   0.98309
1223   0.985822
1224   0.988198
1225   0.990294
1226   0.992115
1227   0.993698
1228   0.995038
1229   0.99615
1230   0.997029
1231   0.997679
1232   0.998104
1233   0.998311
1234   0.998321
1235   0.998148
1236   0.997835
1237   0.997402
1238   0.996911
1239   0.996377
1240   0.995877
1241   0.995413
1242   0.995059
1243   0.994798
1244   0.994692
1245   0.994694
1246   0.994845
1247   0.968059
1248   0.965337
1249   0.962168
1250   0.958543
1251   0.954406
1252   0.949855
1253   0.945056
1254   0.940512
1255   0.937084
1256   0.93657
1257   0.939344
1258   0.945874
1259   0.952582
1260   0.959032
1261   0.964634
1262   0.969675
1263   0.973991
1264   0.977847
1265   0.981166
1266   0.984139
1267   0.986716
1268   0.989029
1269   0.991034
1270   0.992817
1271   0.994333
1272   0.995637
1273   0.996693
1274   0.997533
1275   0.998137
1276   0.99853
1277   0.998713
1278   0.998709
1279   0.998544
1280   0.998245
1281   0.997856
1282   0.997406
1283   0.996949
1284   0.996513
1285   0.996144
1286   0.995861
1287   0.995695
1288   0.995643
1289   0.995708
1290   0.970322
1291   0.967925
1292   0.965051
1293   0.96191
1294   0.958218
1295   0.954341
1296   0.950053
1297   0.946082
1298   0.942365
1299   0.94008
1300   0.941631
1301   0.945272
1302   0.951171
1303   0.957211
1304   0.962582
1305   0.96756
1306   0.971938
1307   0.975882
1308   0.97935
1309   0.98246
1310   0.985206
1311   0.987669
1312   0.989844
1313   0.991779
1314   0.993464
1315   0.994928
1316   0.996155
1317   0.997163
1318   0.997943
1319   0.998508
1320   0.998862
1321   0.999023
1322   0.999011
1323   0.998849
1324   0.998578
1325   0.99822
1326   0.997832
1327   0.99743
1328   0.997079
1329   0.996778
1330   0.996587
1331   0.996477
1332   0.996492
1333   0.972474
1334   0.970271
1335   0.967766
1336   0.964951
1337   0.96181
1338   0.958389
1339   0.954822
1340   0.95123
1341   0.948104
1342   0.945705
1343   0.945258
1344   0.947494
1345   0.951195
1346   0.956413
1347   0.961244
1348   0.966029
1349   0.970256
1350   0.974207
1351   0.97768
1352   0.98088
1353   0.9837
1354   0.986286
1355   0.988566
1356   0.990641
1357   0.992451
1358   0.994066
1359   0.995435
1360   0.996605
1361   0.997541
1362   0.998276
1363   0.998793
1364   0.999119
1365   0.999261
1366   0.999245
1367   0.999099
1368   0.99885
1369   0.998541
1370   0.998201
1371   0.997875
1372   0.997587
1373   0.997372
1374   0.997238
1375   0.997197
1376   0.97452
1377   0.972574
1378   0.970323
1379   0.967893
1380   0.965134
1381   0.962248
1382   0.959145
1383   0.956147
1384   0.953338
1385   0.951201
1386   0.950285
1387   0.950807
1388   0.95354
1389   0.957189
1390   0.961314
1391   0.965432
1392   0.969366
1393   0.973057
1394   0.976447
1395   0.979573
1396   0.982412
1397   0.985015
1398   0.987367
1399   0.989508
1400   0.99142
1401   0.993133
1402   0.994627
1403   0.995922
1404   0.997001
1405   0.997879
1406   0.998548
1407   0.999025
1408   0.999316
1409   0.999442
1410   0.999425
1411   0.999288
1412   0.999073
1413   0.998799
1414   0.998521
1415   0.99825
1416   0.99804
1417   0.997881
1418   0.997815
1419   0.976444
1420   0.974667
1421   0.972699
1422   0.970541
1423   0.968196
1424   0.965686
1425   0.963116
1426   0.960531
1427   0.958245
1428   0.956311
1429   0.955367
1430   0.955283
1431   0.956659
1432   0.959205
1433   0.962269
1434   0.965721
1435   0.969095
1436   0.972471
1437   0.975595
1438   0.978599
1439   0.981331
1440   0.983917
1441   0.986251
1442   0.988434
1443   0.990384
1444   0.992179
1445   0.99375
1446   0.995156
1447   0.996343
1448   0.997353
1449   0.998152
1450   0.998773
1451   0.999203
1452   0.999468
1453   0.99958
1454   0.999563
1455   0.999446
1456   0.999256
1457   0.999033
1458   0.998802
1459   0.9986
1460   0.998443
1461   0.998348
1462   0.978254
1463   0.976674
1464   0.974912
1465   0.973038
1466   0.970985
1467   0.968855
1468   0.966637
1469   0.964475
1470   0.962474
1471   0.960808
1472   0.959769
1473   0.959412
1474   0.960184
1475   0.961777
1476   0.964077
1477   0.966736
1478   0.969587
1479   0.972475
1480   0.975307
1481   0.978043
1482   0.980635
1483   0.98309
1484   0.985377
1485   0.987515
1486   0.989479
1487   0.991288
1488   0.992916
1489   0.99438
1490   0.995656
1491   0.996758
1492   0.99767
1493   0.998407
1494   0.998962
1495   0.999352
1496   0.999585
1497   0.999683
1498   0.999668
1499   0.999564
1500   0.999408
1501   0.999221
1502   0.999048
1503   0.998893
1504   0.998795
1505   0.979949
1506   0.978514
1507   0.976966
1508   0.975306
1509   0.973548
1510   0.971702
1511   0.969843
1512   0.967989
1513   0.96632
1514   0.964849
1515   0.963878
1516   0.963393
1517   0.963679
1518   0.96468
1519   0.966248
1520   0.968291
1521   0.97054
1522   0.972989
1523   0.975419
1524   0.977889
1525   0.980237
1526   0.98255
1527   0.984703
1528   0.986783
1529   0.988689
1530   0.990498
1531   0.992125
1532   0.993632
1533   0.994951
1534   0.996131
1535   0.997122
1536   0.997961
1537   0.998618
1538   0.999122
1539   0.999466
1540   0.999675
1541   0.999761
1542   0.999748
1543   0.999665
1544   0.999536
1545   0.999394
1546   0.999261
1547   0.999159
1548   0.981539
1549   0.980256
1550   0.978873
1551   0.977422
1552   0.975882
1553   0.974303
1554   0.972697
1555   0.971131
1556   0.969678
1557   0.968416
1558   0.967495
1559   0.966966
1560   0.967014
1561   0.967582
1562   0.968679
1563   0.970163
1564   0.971948
1565   0.973922
1566   0.976002
1567   0.97813
1568   0.980247
1569   0.982335
1570   0.984351
1571   0.986296
1572   0.988135
1573   0.989875
1574   0.991487
1575   0.992979
1576   0.994325
1577   0.995534
1578   0.996585
1579   0.997488
1580   0.998228
1581   0.998821
1582   0.999261
1583   0.999566
1584   0.999745
1585   0.999819
1586   0.99981
1587   0.99974
1588   0.999642
1589   0.999533
1590   0.999444
1591   0.983025
1592   0.981866
1593   0.980644
1594   0.979361
1595   0.978031
1596   0.976661
1597   0.975299
1598   0.973953
1599   0.972725
1600   0.971621
1601   0.970795
1602   0.970253
1603   0.970133
1604   0.970433
1605   0.971138
1606   0.972224
1607   0.973568
1608   0.975166
1609   0.976866
1610   0.978703
1611   0.980534
1612   0.98242
1613   0.984236
1614   0.986054
1615   0.987764
1616   0.989436
1617   0.990976
1618   0.992447
1619   0.99377
1620   0.994997
1621   0.996066
1622   0.997018
1623   0.997811
1624   0.998477
1625   0.998991
1626   0.999382
1627   0.999643
1628   0.999799
1629   0.999863
1630   0.999857
1631   0.999805
1632   0.999731
1633   0.999657
1634   0.984414
1635   0.983377
1636   0.982287
1637   0.98116
1638   0.979995
1639   0.978814
1640   0.977634
1641   0.976487
1642   0.975421
1643   0.974473
1644   0.973723
1645   0.973206
1646   0.973004
1647   0.973123
1648   0.973584
1649   0.974348
1650   0.97538
1651   0.976627
1652   0.978034
1653   0.979561
1654   0.981156
1655   0.982797
1656   0.984441
1657   0.986077
1658   0.98767
1659   0.989217
1660   0.990688
1661   0.992084
1662   0.993377
1663   0.994572
1664   0.995646
1665   0.996606
1666   0.997433
1667   0.998136
1668   0.998707
1669   0.999158
1670   0.999487
1671   0.999712
1672   0.999842
1673   0.999896
1674   0.999893
1675   0.999854
1676   0.999804
1677   0.985711
1678   0.984778
1679   0.983813
1680   0.982817
1681   0.981803
1682   0.980775
1683   0.979765
1684   0.978775
1685   0.977866
1686   0.977039
1687   0.976378
1688   0.975888
1689   0.975643
1690   0.975651
1691   0.975926
1692   0.976471
1693   0.977232
1694   0.978222
1695   0.979345
1696   0.980632
1697   0.981973
1698   0.983417
1699   0.984851
1700   0.986337
1701   0.987768
1702   0.989209
1703   0.990563
1704   0.991892
1705   0.99311
1706   0.994274
1707   0.995311
1708   0.99627
1709   0.997095
1710   0.997826
1711   0.998423
1712   0.998921
1713   0.999298
1714   0.99958
1715   0.999765
1716   0.999875
1717   0.99992
1718   0.99992
1719   0.999896
1720   0.98692
1721   0.986085
1722   0.985225
1723   0.984347
1724   0.983456
1725   0.982564
1726   0.981685
1727   0.980836
1728   0.980046
1729   0.979336
1730   0.978747
1731   0.978304
1732   0.978048
1733   0.977993
1734   0.978158
1735   0.978539
1736   0.979122
1737   0.979891
1738   0.980813
1739   0.981869
1740   0.98302
1741   0.984249
1742   0.985521
1743   0.986824
1744   0.988125
1745   0.989419
1746   0.990675
1747   0.991893
1748   0.993045
1749   0.994132
1750   0.995132
1751   0.996049
1752   0.996864
1753   0.997583
1754   0.998195
1755   0.998708
1756   0.999117
1757   0.999434
1758   0.999662
1759   0.999814
1760   0.9999
1761   0.999938
1762   0.999941
1763   0.988045
1764   0.987298
1765   0.986534
1766   0.985757
1767   0.984977
1768   0.984196
1769   0.983438
1770   0.9827
1771   0.982023
1772   0.981403
1773   0.980892
1774   0.98049
1775   0.980243
1776   0.980156
1777   0.980245
1778   0.980521
1779   0.980959
1780   0.981577
1781   0.982315
1782   0.983205
1783   0.984164
1784   0.985235
1785   0.986326
1786   0.98749
1787   0.988632
1788   0.989811
1789   0.990935
1790   0.992064
1791   0.993112
1792   0.994137
1793   0.995063
1794   0.995942
1795   0.996713
1796   0.997419
1797   0.998014
1798   0.998535
1799   0.998951
1800   0.999294
1801   0.999545
1802   0.999732
1803   0.99985
1804   0.999921
1805   0.999951
1806   0.98909
1807   0.988422
1808   0.987742
1809   0.987055
1810   0.986367
1811   0.985684
1812   0.985019
1813   0.984382
1814   0.983791
1815   0.98326
1816   0.982812
1817   0.982463
1818   0.982235
1819   0.982142
1820   0.982196
1821   0.9824
1822   0.982751
1823   0.983245
1824   0.983864
1825   0.984599
1826   0.985427
1827   0.986334
1828   0.987296
1829   0.988302
1830   0.989327
1831   0.990363
1832   0.991387
1833   0.992392
1834   0.99336
1835   0.994285
1836   0.995152
1837   0.995958
1838   0.99669
1839   0.997349
1840   0.997926
1841   0.998425
1842   0.998842
1843   0.999183
1844   0.99945
1845   0.99965
1846   0.999792
1847   0.999884
1848   0.999937
