##### Y Variance #####
0   0.999968
1   0.999863
2   0.999371
3   0.998365
4   0.996743
5   0.994489
6   0.991592
7   0.988161
8   0.984285
9   0.980266
10   0.976185
11   0.972259
12   0.968535
13   0.965159
14   0.962178
15   0.959682
16   0.957708
17   0.956303
18   0.955456
19   0.955153
20   0.955357
21   0.956006
22   0.957067
23   0.95846
24   0.960144
25   0.962027
26   0.964058
27   0.966152
28   0.968275
29   0.970367
30   0.972415
31   0.974382
32   0.976267
33   0.978054
34   0.979748
35   0.981344
36   0.982846
37   0.984255
38   0.985574
39   0.986807
40   0.987955
41   0.989022
42   0.990012
43   0.999769
44   0.999929
45   0.999705
46   0.998948
47   0.997428
48   0.995294
49   0.992244
50   0.988775
51   0.984385
52   0.98024
53   0.975539
54   0.971344
55   0.967009
56   0.963265
57   0.959753
58   0.956893
59   0.954506
60   0.952836
61   0.951741
62   0.951272
63   0.951409
64   0.951986
65   0.95314
66   0.954584
67   0.956495
68   0.958528
69   0.960865
70   0.963151
71   0.965582
72   0.967874
73   0.970195
74   0.972348
75   0.974457
76   0.976407
77   0.978279
78   0.980016
79   0.981661
80   0.98319
81   0.984625
82   0.985958
83   0.9872
84   0.988351
85   0.989416
86   0.999197
87   0.999645
88   0.999837
89   0.999471
90   0.998341
91   0.996431
92   0.993668
93   0.990231
94   0.986041
95   0.981451
96   0.976583
97   0.971706
98   0.966914
99   0.96246
100   0.95838
101   0.954931
102   0.952057
103   0.949891
104   0.94839
105   0.947548
106   0.947381
107   0.947806
108   0.94884
109   0.950363
110   0.952343
111   0.954624
112   0.957155
113   0.959772
114   0.962451
115   0.965084
116   0.967659
117   0.970111
118   0.972443
119   0.974633
120   0.97669
121   0.978614
122   0.98041
123   0.982086
124   0.983644
125   0.985092
126   0.986433
127   0.987674
128   0.988817
129   0.998129
130   0.998878
131   0.999511
132   0.999635
133   0.998988
134   0.997515
135   0.995075
136   0.99197
137   0.987983
138   0.983537
139   0.978394
140   0.973403
141   0.967897
142   0.963184
143   0.958124
144   0.954342
145   0.950584
146   0.94792
147   0.94573
148   0.944307
149   0.94368
150   0.943687
151   0.944556
152   0.94594
153   0.948022
154   0.950386
155   0.953216
156   0.95604
157   0.959095
158   0.962007
159   0.964955
160   0.967679
161   0.970317
162   0.972739
163   0.975033
164   0.977145
165   0.979123
166   0.980949
167   0.982647
168   0.984214
169   0.985661
170   0.986995
171   0.98822
172   0.996453
173   0.997376
174   0.998528
175   0.999223
176   0.999232
177   0.998314
178   0.996454
179   0.993755
180   0.990236
181   0.986084
182   0.981335
183   0.976284
184   0.970991
185   0.965751
186   0.960589
187   0.95574
188   0.951346
189   0.947504
190   0.944355
191   0.942006
192   0.940487
193   0.939975
194   0.940319
195   0.941524
196   0.943445
197   0.945868
198   0.948786
199   0.951935
200   0.955275
201   0.958628
202   0.961924
203   0.965057
204   0.967998
205   0.97074
206   0.973276
207   0.975627
208   0.977792
209   0.979795
210   0.981637
211   0.983336
212   0.984893
213   0.986325
214   0.987633
215   0.994154
216   0.995315
217   0.996859
218   0.998152
219   0.998819
220   0.998563
221   0.997299
222   0.99518
223   0.992152
224   0.988519
225   0.984185
226   0.979519
227   0.97444
228   0.96932
229   0.964003
230   0.958918
231   0.953617
232   0.949332
233   0.944667
234   0.941898
235   0.938705
236   0.937859
237   0.937027
238   0.937854
239   0.939333
240   0.941433
241   0.944418
242   0.94762
243   0.951361
244   0.95504
245   0.958818
246   0.962298
247   0.965631
248   0.968668
249   0.971496
250   0.974077
251   0.976457
252   0.978636
253   0.980636
254   0.982466
255   0.98414
256   0.985669
257   0.987063
258   0.991207
259   0.992276
260   0.994373
261   0.996252
262   0.997701
263   0.998156
264   0.99765
265   0.996139
266   0.993772
267   0.990652
268   0.986894
269   0.98266
270   0.978044
271   0.973219
272   0.96823
273   0.963248
274   0.958231
275   0.95349
276   0.948962
277   0.944981
278   0.94149
279   0.938692
280   0.936854
281   0.935875
282   0.936149
283   0.937498
284   0.939915
285   0.9433
286   0.947228
287   0.951366
288   0.955524
289   0.959502
290   0.963181
291   0.966602
292   0.969703
293   0.972558
294   0.975141
295   0.977513
296   0.979663
297   0.981632
298   0.983417
299   0.985046
300   0.986521
301   0.987758
302   0.988941
303   0.991244
304   0.993736
305   0.995888
306   0.997125
307   0.99734
308   0.996555
309   0.994797
310   0.992311
311   0.98908
312   0.985416
313   0.981264
314   0.976937
315   0.972346
316   0.967773
317   0.963117
318   0.958576
319   0.954148
320   0.949953
321   0.945968
322   0.942438
323   0.938923
324   0.93707
325   0.934908
326   0.935796
327   0.936502
328   0.939856
329   0.943688
330   0.947927
331   0.952505
332   0.956773
333   0.960868
334   0.964596
335   0.968004
336   0.971095
337   0.973896
338   0.976441
339   0.978747
340   0.980842
341   0.98274
342   0.984461
343   0.986018
344   0.983905
345   0.984546
346   0.987334
347   0.990334
348   0.993304
349   0.995357
350   0.996429
351   0.996355
352   0.99535
353   0.993446
354   0.990863
355   0.987706
356   0.984137
357   0.980275
358   0.976219
359   0.972077
360   0.967873
361   0.9637
362   0.959567
363   0.955549
364   0.95166
365   0.948003
366   0.944525
367   0.941621
368   0.939239
369   0.937808
370   0.937627
371   0.938493
372   0.941334
373   0.945177
374   0.949703
375   0.954422
376   0.958775
377   0.962866
378   0.966491
379   0.969819
380   0.972787
381   0.975497
382   0.977929
383   0.980143
384   0.982134
385   0.983943
386   0.98557
387   0.980037
388   0.980732
389   0.983024
390   0.986393
391   0.990052
392   0.992993
393   0.994886
394   0.995629
395   0.995299
396   0.994079
397   0.992049
398   0.989484
399   0.986405
400   0.983092
401   0.979504
402   0.975878
403   0.972135
404   0.968436
405   0.964714
406   0.961076
407   0.957493
408   0.954059
409   0.950795
410   0.947723
411   0.945058
412   0.942797
413   0.941058
414   0.940773
415   0.940822
416   0.944237
417   0.94793
418   0.952688
419   0.957233
420   0.961482
421   0.965289
422   0.968761
423   0.971873
424   0.974698
425   0.97724
426   0.979542
427   0.981619
428   0.983495
429   0.985189
430   0.97616
431   0.976308
432   0.978437
433   0.981555
434   0.986099
435   0.989918
436   0.992719
437   0.994262
438   0.994737
439   0.994151
440   0.992787
441   0.99073
442   0.988227
443   0.985366
444   0.982313
445   0.979129
446   0.975896
447   0.972644
448   0.969403
449   0.966195
450   0.963028
451   0.959947
452   0.956933
453   0.954058
454   0.951364
455   0.948963
456   0.946966
457   0.945683
458   0.945175
459   0.945855
460   0.948747
461   0.952382
462   0.956637
463   0.960857
464   0.964614
465   0.968123
466   0.971268
467   0.974149
468   0.976741
469   0.9791
470   0.981225
471   0.983154
472   0.984892
473   0.972424
474   0.972333
475   0.9738
476   0.977025
477   0.98175
478   0.986344
479   0.989997
480   0.992413
481   0.993635
482   0.99378
483   0.992992
484   0.991531
485   0.989494
486   0.987153
487   0.984525
488   0.981832
489   0.979026
490   0.976259
491   0.973457
492   0.970713
493   0.967975
494   0.965287
495   0.962645
496   0.960039
497   0.957579
498   0.955234
499   0.95326
500   0.951593
501   0.950661
502   0.950342
503   0.951166
504   0.953904
505   0.95711
506   0.960957
507   0.964509
508   0.967918
509   0.97101
510   0.973868
511   0.976459
512   0.978826
513   0.980974
514   0.982926
515   0.984694
516   0.968851
517   0.968186
518   0.969127
519   0.971555
520   0.976974
521   0.982252
522   0.986735
523   0.989986
524   0.992049
525   0.992888
526   0.992793
527   0.991854
528   0.99038
529   0.988458
530   0.986322
531   0.984014
532   0.981673
533   0.979295
534   0.976949
535   0.974607
536   0.972297
537   0.969995
538   0.967712
539   0.965441
540   0.963221
541   0.961087
542   0.95913
543   0.957424
544   0.956151
545   0.955395
546   0.955584
547   0.956716
548   0.959226
549   0.962146
550   0.965271
551   0.968318
552   0.971223
553   0.973937
554   0.976452
555   0.978767
556   0.980893
557   0.982836
558   0.98461
559   0.965561
560   0.96446
561   0.964697
562   0.967095
563   0.972099
564   0.977833
565   0.983051
566   0.987149
567   0.990006
568   0.991623
569   0.992154
570   0.991835
571   0.990829
572   0.98941
573   0.987655
574   0.98579
575   0.983803
576   0.981849
577   0.979863
578   0.977934
579   0.975993
580   0.974076
581   0.972148
582   0.970203
583   0.968282
584   0.966355
585   0.964568
586   0.962871
587   0.961547
588   0.960538
589   0.960292
590   0.960712
591   0.962104
592   0.964241
593   0.966683
594   0.969294
595   0.971864
596   0.974362
597   0.97672
598   0.978935
599   0.980993
600   0.982897
601   0.98465
602   0.96262
603   0.960978
604   0.960475
605   0.961644
606   0.967012
607   0.973055
608   0.978929
609   0.983828
610   0.987531
611   0.989902
612   0.991161
613   0.991412
614   0.990981
615   0.989983
616   0.988695
617   0.98717
618   0.985595
619   0.983956
620   0.982357
621   0.980747
622   0.979174
623   0.977577
624   0.975983
625   0.974339
626   0.972685
627   0.970993
628   0.96935
629   0.967756
630   0.966388
631   0.965263
632   0.964694
633   0.964615
634   0.965432
635   0.966785
636   0.968657
637   0.970722
638   0.97293
639   0.975117
640   0.977273
641   0.979325
642   0.981282
643   0.983108
644   0.984819
645   0.960116
646   0.957967
647   0.956797
648   0.957794
649   0.962031
650   0.968073
651   0.974477
652   0.980149
653   0.984669
654   0.987848
655   0.989798
656   0.990712
657   0.99079
658   0.990309
659   0.989397
660   0.988292
661   0.987024
662   0.985755
663   0.984443
664   0.983178
665   0.981892
666   0.980621
667   0.97931
668   0.97796
669   0.976563
670   0.975102
671   0.973646
672   0.972177
673   0.97086
674   0.969697
675   0.968933
676   0.968585
677   0.96885
678   0.969676
679   0.970946
680   0.972541
681   0.974316
682   0.976189
683   0.978081
684   0.979948
685   0.981757
686   0.983485
687   0.98512
688   0.958115
689   0.955554
690   0.953608
691   0.953149
692   0.957091
693   0.962688
694   0.969623
695   0.976059
696   0.9814
697   0.985383
698   0.988097
699   0.989649
700   0.990341
701   0.990319
702   0.989884
703   0.989117
704   0.988235
705   0.98724
706   0.986264
707   0.985252
708   0.984273
709   0.983249
710   0.98222
711   0.981108
712   0.979955
713   0.978702
714   0.977423
715   0.97609
716   0.974844
717   0.97368
718   0.972825
719   0.972253
720   0.972218
721   0.972578
722   0.973424
723   0.974547
724   0.975953
725   0.977474
726   0.979109
727   0.980748
728   0.982401
729   0.983995
730   0.985546
731   0.956638
732   0.95362
733   0.951208
734   0.950414
735   0.952445
736   0.957476
737   0.964555
738   0.97164
739   0.977788
740   0.982576
741   0.986045
742   0.988309
743   0.989578
744   0.990114
745   0.990091
746   0.989754
747   0.989176
748   0.988529
749   0.987801
750   0.987088
751   0.986335
752   0.985584
753   0.984772
754   0.983908
755   0.98296
756   0.98192
757   0.980812
758   0.979634
759   0.978479
760   0.977369
761   0.976454
762   0.975775
763   0.975465
764   0.975527
765   0.975969
766   0.976732
767   0.977756
768   0.978971
769   0.980317
770   0.981739
771   0.9832
772   0.984658
773   0.98609
774   0.955738
775   0.952421
776   0.949438
777   0.947597
778   0.948338
779   0.951483
780   0.959133
781   0.966934
782   0.973765
783   0.979378
784   0.983624
785   0.986602
786   0.988531
787   0.989596
788   0.990083
789   0.990119
790   0.989935
791   0.989562
792   0.989148
793   0.988657
794   0.988171
795   0.987617
796   0.987041
797   0.986365
798   0.985625
799   0.984758
800   0.983821
801   0.982777
802   0.981731
803   0.980671
804   0.97976
805   0.978987
806   0.978531
807   0.97833
808   0.978502
809   0.978926
810   0.979656
811   0.980557
812   0.981657
813   0.982839
814   0.984123
815   0.985417
816   0.986738
817   0.955408
818   0.951783
819   0.948336
820   0.945727
821   0.944822
822   0.947316
823   0.953902
824   0.96188
825   0.969406
826   0.975772
827   0.980825
828   0.984555
829   0.987141
830   0.988814
831   0.989777
832   0.990278
833   0.99043
834   0.990412
835   0.990246
836   0.990037
837   0.98975
838   0.989434
839   0.989035
840   0.988568
841   0.987993
842   0.987311
843   0.986521
844   0.985628
845   0.984683
846   0.983709
847   0.982805
848   0.982007
849   0.981419
850   0.981061
851   0.980981
852   0.981164
853   0.981603
854   0.982256
855   0.983094
856   0.98407
857   0.985153
858   0.986298
859   0.987476
860   0.955627
861   0.951894
862   0.947926
863   0.944533
864   0.94208
865   0.941977
866   0.948706
867   0.956774
868   0.964694
869   0.971808
870   0.977614
871   0.982118
872   0.9854
873   0.987676
874   0.989192
875   0.990125
876   0.990697
877   0.990985
878   0.991139
879   0.991155
880   0.991119
881   0.990982
882   0.990791
883   0.990482
884   0.990088
885   0.989552
886   0.988918
887   0.988148
888   0.987319
889   0.986417
890   0.985559
891   0.984739
892   0.984094
893   0.983595
894   0.983358
895   0.983315
896   0.983544
897   0.983951
898   0.984583
899   0.98534
900   0.986254
901   0.987228
902   0.988285
903   0.956315
904   0.952372
905   0.948113
906   0.943917
907   0.94034
908   0.939696
909   0.944054
910   0.951502
911   0.959735
912   0.96743
913   0.974024
914   0.979269
915   0.983265
916   0.986186
917   0.988245
918   0.989683
919   0.990644
920   0.991313
921   0.991744
922   0.992047
923   0.992215
924   0.992304
925   0.992278
926   0.992158
927   0.99191
928   0.99154
929   0.991038
930   0.99041
931   0.989684
932   0.988881
933   0.988067
934   0.987271
935   0.986576
936   0.986006
937   0.985624
938   0.985433
939   0.985458
940   0.985681
941   0.986101
942   0.986683
943   0.987411
944   0.988242
945   0.989151
946   0.957445
947   0.953592
948   0.949003
949   0.944447
950   0.939651
951   0.936428
952   0.939972
953   0.946227
954   0.954546
955   0.962809
956   0.970038
957   0.976052
958   0.980727
959   0.984302
960   0.986937
961   0.988866
962   0.990278
963   0.9913
964   0.99207
965   0.992626
966   0.993051
967   0.993329
968   0.993505
969   0.99354
970   0.993463
971   0.99323
972   0.992876
973   0.992368
974   0.991763
975   0.991047
976   0.990305
977   0.989532
978   0.988837
979   0.988206
980   0.987744
981   0.987415
982   0.987303
983   0.987347
984   0.987609
985   0.988008
986   0.988589
987   0.989261
988   0.990051
989   0.958905
990   0.954966
991   0.950399
992   0.945393
993   0.94027
994   0.936673
995   0.93671
996   0.941502
997   0.949411
998   0.957904
999   0.96577
1000   0.972404
1001   0.977787
1002   0.981992
1003   0.98521
1004   0.987666
1005   0.989515
1006   0.990946
1007   0.992034
1008   0.992899
1009   0.993555
1010   0.994069
1011   0.994424
1012   0.994649
1013   0.994721
1014   0.994652
1015   0.994431
1016   0.994067
1017   0.993574
1018   0.99297
1019   0.992299
1020   0.991586
1021   0.990896
1022   0.990255
1023   0.989723
1024   0.989315
1025   0.989072
1026   0.988993
1027   0.989095
1028   0.989357
1029   0.989779
1030   0.990325
1031   0.990974
1032   0.960681
1033   0.956984
1034   0.952373
1035   0.947431
1036   0.941872
1037   0.937114
1038   0.93523
1039   0.936463
1040   0.944273
1041   0.953049
1042   0.961199
1043   0.968504
1044   0.974458
1045   0.979313
1046   0.983083
1047   0.986061
1048   0.988372
1049   0.990197
1050   0.991646
1051   0.992801
1052   0.993733
1053   0.994465
1054   0.995034
1055   0.995432
1056   0.995683
1057   0.995763
1058   0.995696
1059   0.995463
1060   0.995102
1061   0.994603
1062   0.994028
1063   0.993376
1064   0.992729
1065   0.992084
1066   0.99153
1067   0.991052
1068   0.990732
1069   0.990534
1070   0.990525
1071   0.990646
1072   0.990949
1073   0.991356
1074   0.991899
1075   0.962661
1076   0.959046
1077   0.954726
1078   0.949782
1079   0.9443
1080   0.93906
1081   0.935033
1082   0.934985
1083   0.940051
1084   0.948098
1085   0.956539
1086   0.964241
1087   0.970816
1088   0.976213
1089   0.980548
1090   0.984033
1091   0.986801
1092   0.989048
1093   0.990847
1094   0.992334
1095   0.993531
1096   0.99452
1097   0.995295
1098   0.9959
1099   0.99632
1100   0.996577
1101   0.99666
1102   0.996583
1103   0.996353
1104   0.995984
1105   0.995508
1106   0.994947
1107   0.994349
1108   0.99374
1109   0.993174
1110   0.992673
1111   0.992283
1112   0.992013
1113   0.991893
1114   0.991917
1115   0.992093
1116   0.992397
1117   0.992815
1118   0.964809
1119   0.961554
1120   0.957423
1121   0.952874
1122   0.947448
1123   0.942138
1124   0.936739
1125   0.933127
1126   0.937074
1127   0.943738
1128   0.952001
1129   0.960084
1130   0.966991
1131   0.972926
1132   0.977706
1133   0.98168
1134   0.984877
1135   0.987527
1136   0.98969
1137   0.991493
1138   0.992981
1139   0.994216
1140   0.995225
1141   0.996029
1142   0.996644
1143   0.997072
1144   0.997324
1145   0.997399
1146   0.997317
1147   0.997078
1148   0.996723
1149   0.996255
1150   0.995736
1151   0.99517
1152   0.99463
1153   0.994114
1154   0.993697
1155   0.99336
1156   0.993173
1157   0.993097
1158   0.993185
1159   0.993376
1160   0.993705
1161   0.96701
1162   0.963928
1163   0.96022
1164   0.955896
1165   0.950902
1166   0.945497
1167   0.940018
1168   0.936049
1169   0.93556
1170   0.940489
1171   0.948042
1172   0.95595
1173   0.96317
1174   0.969411
1175   0.974623
1176   0.97901
1177   0.982616
1178   0.985659
1179   0.988168
1180   0.990302
1181   0.99207
1182   0.993575
1183   0.994809
1184   0.995837
1185   0.996643
1186   0.997263
1187   0.997685
1188   0.997931
1189   0.998
1190   0.997911
1191   0.997683
1192   0.997334
1193   0.996903
1194   0.996411
1195   0.995907
1196   0.995414
1197   0.994977
1198   0.994615
1199   0.994363
1200   0.994226
1201   0.994221
1202   0.994335
1203   0.994561
1204   0.969233
1205   0.966521
1206   0.963095
1207   0.95928
1208   0.954629
1209   0.949749
1210   0.944291
1211   0.939637
1212   0.937487
1213   0.938072
1214   0.944838
1215   0.952602
1216   0.959634
1217   0.96614
1218   0.971565
1219   0.976292
1220   0.980219
1221   0.983596
1222   0.986423
1223   0.988849
1224   0.990894
1225   0.992644
1226   0.994114
1227   0.995349
1228   0.996358
1229   0.997162
1230   0.997765
1231   0.998178
1232   0.998411
1233   0.998472
1234   0.998385
1235   0.99816
1236   0.997836
1237   0.997427
1238   0.996987
1239   0.996524
1240   0.996104
1241   0.995721
1242   0.995442
1243   0.995243
1244   0.995182
1245   0.995211
1246   0.995369
1247   0.971395
1248   0.968878
1249   0.965884
1250   0.962397
1251   0.958357
1252   0.953861
1253   0.949077
1254   0.944516
1255   0.941059
1256   0.940534
1257   0.943327
1258   0.949919
1259   0.956663
1260   0.96311
1261   0.96866
1262   0.973596
1263   0.977762
1264   0.98142
1265   0.984504
1266   0.987203
1267   0.989483
1268   0.991476
1269   0.993155
1270   0.994605
1271   0.995802
1272   0.996799
1273   0.997576
1274   0.998167
1275   0.998563
1276   0.998786
1277   0.998844
1278   0.998758
1279   0.998551
1280   0.998246
1281   0.997881
1282   0.997479
1283   0.997082
1284   0.996713
1285   0.99641
1286   0.996186
1287   0.996065
1288   0.996044
1289   0.996123
1290   0.973488
1291   0.97129
1292   0.968584
1293   0.965586
1294   0.961994
1295   0.958189
1296   0.953927
1297   0.949963
1298   0.946219
1299   0.943905
1300   0.945468
1301   0.949132
1302   0.95507
1303   0.961124
1304   0.966459
1305   0.971361
1306   0.975617
1307   0.979397
1308   0.982661
1309   0.985533
1310   0.988012
1311   0.990185
1312   0.992056
1313   0.993681
1314   0.995059
1315   0.996224
1316   0.997174
1317   0.997928
1318   0.998487
1319   0.998866
1320   0.999074
1321   0.999127
1322   0.999048
1323   0.998853
1324   0.998581
1325   0.998246
1326   0.9979
1327   0.99755
1328   0.997254
1329   0.997006
1330   0.996857
1331   0.996781
1332   0.996813
1333   0.975467
1334   0.97345
1335   0.971109
1336   0.968435
1337   0.965403
1338   0.962059
1339   0.95854
1340   0.954966
1341   0.951838
1342   0.94942
1343   0.948964
1344   0.951212
1345   0.954926
1346   0.96016
1347   0.964971
1348   0.9697
1349   0.973831
1350   0.977646
1351   0.980948
1352   0.983938
1353   0.986523
1354   0.988846
1355   0.99085
1356   0.992634
1357   0.994156
1358   0.995482
1359   0.99658
1360   0.997495
1361   0.998205
1362   0.998741
1363   0.999096
1364   0.999294
1365   0.999346
1366   0.999273
1367   0.999101
1368   0.998853
1369   0.998566
1370   0.998262
1371   0.997979
1372   0.997735
1373   0.99756
1374   0.997458
1375   0.997437
1376   0.977339
1377   0.97557
1378   0.973476
1379   0.971186
1380   0.968537
1381   0.965739
1382   0.962694
1383   0.959733
1384   0.956934
1385   0.954796
1386   0.953875
1387   0.954392
1388   0.957138
1389   0.960791
1390   0.9649
1391   0.968974
1392   0.97283
1393   0.976409
1394   0.979651
1395   0.982596
1396   0.985226
1397   0.987595
1398   0.989694
1399   0.991568
1400   0.993209
1401   0.99465
1402   0.995881
1403   0.996926
1404   0.997776
1405   0.998449
1406   0.998945
1407   0.999279
1408   0.999461
1409   0.999509
1410   0.999446
1411   0.99929
1412   0.999077
1413   0.998823
1414   0.998575
1415   0.99834
1416   0.998163
1417   0.998034
1418   0.997987
1419   0.979089
1420   0.977477
1421   0.97566
1422   0.973637
1423   0.971405
1424   0.968987
1425   0.966488
1426   0.963949
1427   0.961694
1428   0.959771
1429   0.958836
1430   0.958748
1431   0.960127
1432   0.962671
1433   0.965721
1434   0.969134
1435   0.972445
1436   0.975724
1437   0.978724
1438   0.981569
1439   0.98412
1440   0.986495
1441   0.988603
1442   0.99054
1443   0.992241
1444   0.993778
1445   0.9951
1446   0.996261
1447   0.997224
1448   0.998025
1449   0.998645
1450   0.99911
1451   0.999417
1452   0.999587
1453   0.999634
1454   0.999578
1455   0.999446
1456   0.99926
1457   0.999054
1458   0.998848
1459   0.998673
1460   0.998541
1461   0.998466
1462   0.980728
1463   0.979302
1464   0.977683
1465   0.97594
1466   0.973999
1467   0.971965
1468   0.969822
1469   0.967718
1470   0.965757
1471   0.964116
1472   0.963091
1473   0.96274
1474   0.963516
1475   0.965106
1476   0.967392
1477   0.970018
1478   0.972814
1479   0.975621
1480   0.978343
1481   0.980943
1482   0.983374
1483   0.985643
1484   0.987726
1485   0.989643
1486   0.991376
1487   0.992947
1488   0.994338
1489   0.995569
1490   0.996625
1491   0.997523
1492   0.998251
1493   0.998827
1494   0.999247
1495   0.99953
1496   0.999683
1497   0.999726
1498   0.99968
1499   0.999564
1500   0.999413
1501   0.99924
1502   0.999085
1503   0.998951
1504   0.99887
1505   0.982255
1506   0.980962
1507   0.979549
1508   0.978014
1509   0.976366
1510   0.974616
1511   0.972838
1512   0.971048
1513   0.96943
1514   0.967993
1515   0.967047
1516   0.966574
1517   0.966868
1518   0.967867
1519   0.969423
1520   0.971436
1521   0.973639
1522   0.976017
1523   0.978355
1524   0.980705
1525   0.982913
1526   0.98506
1527   0.987032
1528   0.988911
1529   0.990608
1530   0.992195
1531   0.993603
1532   0.994889
1533   0.995999
1534   0.996977
1535   0.997786
1536   0.998459
1537   0.998976
1538   0.999363
1539   0.999615
1540   0.999755
1541   0.999795
1542   0.999757
1543   0.999665
1544   0.999539
1545   0.999409
1546   0.99929
1547   0.999202
1548   0.983681
1549   0.98253
1550   0.981273
1551   0.97994
1552   0.978507
1553   0.977024
1554   0.975499
1555   0.974002
1556   0.972604
1557   0.971384
1558   0.970495
1559   0.969986
1560   0.970045
1561   0.970615
1562   0.971703
1563   0.973163
1564   0.974908
1565   0.976822
1566   0.97882
1567   0.980845
1568   0.982839
1569   0.984782
1570   0.986635
1571   0.9884
1572   0.990048
1573   0.991588
1574   0.992995
1575   0.994282
1576   0.995428
1577   0.996445
1578   0.997317
1579   0.998056
1580   0.998653
1581   0.999122
1582   0.999462
1583   0.999688
1584   0.99981
1585   0.999847
1586   0.999817
1587   0.99974
1588   0.999645
1589   0.999544
1590   0.999465
1591   0.985009
1592   0.983972
1593   0.982867
1594   0.981695
1595   0.980468
1596   0.97919
1597   0.977911
1598   0.976634
1599   0.975466
1600   0.974408
1601   0.97362
1602   0.973102
1603   0.972999
1604   0.973303
1605   0.974004
1606   0.97507
1607   0.976382
1608   0.977926
1609   0.979559
1610   0.981304
1611   0.983028
1612   0.984785
1613   0.986459
1614   0.988114
1615   0.989653
1616   0.991141
1617   0.992497
1618   0.993776
1619   0.994913
1620   0.995957
1621   0.996855
1622   0.997647
1623   0.998297
1624   0.998836
1625   0.999245
1626   0.999548
1627   0.999744
1628   0.999852
1629   0.999885
1630   0.999863
1631   0.999806
1632   0.999733
1633   0.999664
1634   0.986248
1635   0.985321
1636   0.98434
1637   0.983316
1638   0.982247
1639   0.981155
1640   0.980055
1641   0.978979
1642   0.977973
1643   0.977075
1644   0.976365
1645   0.975877
1646   0.975695
1647   0.975822
1648   0.976282
1649   0.977031
1650   0.978035
1651   0.979237
1652   0.980584
1653   0.982033
1654   0.983533
1655   0.985062
1656   0.986577
1657   0.988071
1658   0.989509
1659   0.990892
1660   0.992193
1661   0.993415
1662   0.994535
1663   0.99556
1664   0.996472
1665   0.997278
1666   0.997966
1667   0.998544
1668   0.999007
1669   0.999367
1670   0.999624
1671   0.999794
1672   0.999884
1673   0.999913
1674   0.999898
1675   0.999854
1676   0.999805
1677   0.9874
1678   0.986569
1679   0.985702
1680   0.984802
1681   0.983879
1682   0.982935
1683   0.982002
1684   0.98108
1685   0.980232
1686   0.979455
1687   0.978836
1688   0.978376
1689   0.978155
1690   0.978174
1691   0.978451
1692   0.978983
1693   0.979723
1694   0.980673
1695   0.981746
1696   0.982964
1697   0.984223
1698   0.985566
1699   0.986889
1700   0.988246
1701   0.989542
1702   0.990833
1703   0.992036
1704   0.993205
1705   0.994266
1706   0.995271
1707   0.996158
1708   0.996971
1709   0.997664
1710   0.998272
1711   0.998764
1712   0.999168
1713   0.99947
1714   0.999692
1715   0.999832
1716   0.999909
1717   0.999934
1718   0.999924
1719   0.999896
1720   0.988473
1721   0.98773
1722   0.986961
1723   0.98617
1724   0.985363
1725   0.984549
1726   0.983743
1727   0.98296
1728   0.982227
1729   0.981567
1730   0.981019
1731   0.980609
1732   0.980375
1733   0.980334
1734   0.980502
1735   0.980875
1736   0.981439
1737   0.982175
1738   0.983052
1739   0.984048
1740   0.985126
1741   0.986268
1742   0.98744
1743   0.988631
1744   0.989809
1745   0.990972
1746   0.99209
1747   0.993165
1748   0.994173
1749   0.995117
1750   0.995978
1751   0.99676
1752   0.99745
1753   0.998053
1754   0.998562
1755   0.998984
1756   0.999318
1757   0.999572
1758   0.999751
1759   0.999867
1760   0.999928
1761   0.99995
1762   0.999945
1763   0.989469
1764   0.988805
1765   0.988123
1766   0.987426
1767   0.986723
1768   0.986015
1769   0.985324
1770   0.984647
1771   0.984025
1772   0.983452
1773   0.982982
1774   0.982611
1775   0.982388
1776   0.982314
1777   0.982409
1778   0.982678
1779   0.9831
1780   0.983689
1781   0.984389
1782   0.985226
1783   0.986121
1784   0.987114
1785   0.988118
1786   0.989181
1787   0.990216
1788   0.991276
1789   0.992279
1790   0.993278
1791   0.994199
1792   0.995091
1793   0.995892
1794   0.996647
1795   0.997303
1796   0.9979
1797   0.998398
1798   0.998832
1799   0.999175
1800   0.999454
1801   0.999655
1802   0.999802
1803   0.999893
1804   0.999943
1805   0.999961
1806   0.990393
1807   0.9898
1808   0.989194
1809   0.988579
1810   0.98796
1811   0.987344
1812   0.986741
1813   0.98616
1814   0.98562
1815   0.985133
1816   0.984722
1817   0.984404
1818   0.984198
1819   0.984119
1820   0.984177
1821   0.984376
1822   0.984714
1823   0.985183
1824   0.985767
1825   0.986456
1826   0.987227
1827   0.988066
1828   0.988949
1829   0.989867
1830   0.990796
1831   0.991727
1832   0.992641
1833   0.993532
1834   0.994384
1835   0.995193
1836   0.995945
1837   0.996639
1838   0.997266
1839   0.997825
1840   0.998312
1841   0.99873
1842   0.999076
1843   0.999357
1844   0.999574
1845   0.999735
1846   0.999846
1847   0.999917
1848   0.999955
