##### Y Variance #####
0   0.999992
1   0.999864
2   0.999418
3   0.998573
4   0.997277
5   0.995562
6   0.993464
7   0.991097
8   0.988538
9   0.985948
10   0.98339
11   0.980981
12   0.978757
13   0.976798
14   0.975117
15   0.973758
16   0.972719
17   0.972016
18   0.971626
19   0.971542
20   0.971728
21   0.972161
22   0.972806
23   0.973632
24   0.974605
25   0.975694
26   0.976866
27   0.978089
28   0.979341
29   0.980597
30   0.981842
31   0.983062
32   0.984247
33   0.985389
34   0.986483
35   0.987525
36   0.988514
37   0.989449
38   0.990328
39   0.991152
40   0.991921
41   0.992638
42   0.993303
43   0.999907
44   0.999975
45   0.999705
46   0.999
47   0.997694
48   0.995973
49   0.993664
50   0.991171
51   0.988252
52   0.985489
53   0.982546
54   0.979946
55   0.977378
56   0.975243
57   0.973289
58   0.971802
59   0.970576
60   0.96981
61   0.969321
62   0.969231
63   0.9694
64   0.969873
65   0.970568
66   0.971475
67   0.972547
68   0.973748
69   0.975047
70   0.976393
71   0.977777
72   0.979154
73   0.980524
74   0.981855
75   0.983149
76   0.98439
77   0.985578
78   0.986706
79   0.987775
80   0.988783
81   0.98973
82   0.990616
83   0.991443
84   0.992212
85   0.992924
86   0.999578
87   0.999884
88   0.999925
89   0.999476
90   0.998384
91   0.996695
92   0.994425
93   0.991764
94   0.988768
95   0.985661
96   0.982528
97   0.979536
98   0.976729
99   0.974236
100   0.972057
101   0.970292
102   0.968904
103   0.967939
104   0.96735
105   0.967135
106   0.967259
107   0.967694
108   0.968406
109   0.969356
110   0.970502
111   0.9718
112   0.973208
113   0.97468
114   0.976186
115   0.977694
116   0.979185
117   0.980637
118   0.98204
119   0.983386
120   0.984669
121   0.985887
122   0.987037
123   0.98812
124   0.989135
125   0.990084
126   0.990968
127   0.991789
128   0.992549
129   0.998906
130   0.99948
131   0.999883
132   0.999798
133   0.999006
134   0.997538
135   0.995322
136   0.992703
137   0.989582
138   0.986385
139   0.982955
140   0.979792
141   0.976595
142   0.973917
143   0.971329
144   0.969401
145   0.967674
146   0.966554
147   0.965727
148   0.965372
149   0.965352
150   0.965711
151   0.966383
152   0.967337
153   0.968525
154   0.969893
155   0.971404
156   0.972977
157   0.974611
158   0.976238
159   0.977858
160   0.979425
161   0.980944
162   0.982391
163   0.983771
164   0.985077
165   0.986308
166   0.987466
167   0.988549
168   0.989561
169   0.990502
170   0.991375
171   0.992182
172   0.997788
173   0.99857
174   0.999436
175   0.999833
176   0.999524
177   0.99839
178   0.996457
179   0.993915
180   0.990884
181   0.987589
182   0.984138
183   0.980733
184   0.977445
185   0.974424
186   0.971689
187   0.969337
188   0.967379
189   0.965853
190   0.964757
191   0.964105
192   0.963863
193   0.964054
194   0.964608
195   0.965512
196   0.96669
197   0.968078
198   0.969644
199   0.971311
200   0.973049
201   0.974804
202   0.976544
203   0.978237
204   0.979865
205   0.98142
206   0.982895
207   0.984289
208   0.9856
209   0.986831
210   0.987981
211   0.989054
212   0.990051
213   0.990975
214   0.991828
215   0.996178
216   0.997225
217   0.998513
218   0.999453
219   0.999698
220   0.999042
221   0.997454
222   0.995184
223   0.992255
224   0.989058
225   0.985549
226   0.982121
227   0.978671
228   0.975539
229   0.972564
230   0.970035
231   0.967709
232   0.965989
233   0.964427
234   0.963625
235   0.962926
236   0.963017
237   0.963245
238   0.964071
239   0.965126
240   0.966457
241   0.968035
242   0.969734
243   0.971572
244   0.973427
245   0.975296
246   0.977097
247   0.978838
248   0.980491
249   0.982059
250   0.983536
251   0.984925
252   0.986226
253   0.98744
254   0.988572
255   0.989622
256   0.990594
257   0.991492
258   0.994026
259   0.995083
260   0.996953
261   0.998511
262   0.999459
263   0.999404
264   0.998353
265   0.996421
266   0.9938
267   0.990702
268   0.987315
269   0.983831
270   0.980384
271   0.977109
272   0.974075
273   0.971363
274   0.968976
275   0.966989
276   0.965367
277   0.964171
278   0.963353
279   0.962931
280   0.962917
281   0.963264
282   0.964034
283   0.965149
284   0.966591
285   0.968312
286   0.970196
287   0.972152
288   0.974119
289   0.976039
290   0.977877
291   0.979631
292   0.981282
293   0.982839
294   0.984297
295   0.985663
296   0.986936
297   0.988122
298   0.989222
299   0.99024
300   0.991179
301   0.991427
302   0.99266
303   0.994844
304   0.99704
305   0.998719
306   0.999364
307   0.998915
308   0.997492
309   0.995201
310   0.992382
311   0.989098
312   0.985723
313   0.982237
314   0.978971
315   0.975833
316   0.973084
317   0.970586
318   0.968526
319   0.96677
320   0.965437
321   0.964396
322   0.963751
323   0.963306
324   0.963407
325   0.963575
326   0.964551
327   0.965559
328   0.967256
329   0.969088
330   0.971062
331   0.973112
332   0.9751
333   0.97703
334   0.978862
335   0.980589
336   0.982214
337   0.983734
338   0.985156
339   0.986481
340   0.987715
341   0.98886
342   0.989919
343   0.990896
344   0.988451
345   0.989253
346   0.991997
347   0.994816
348   0.997326
349   0.998813
350   0.999123
351   0.998288
352   0.996515
353   0.993998
354   0.990996
355   0.987707
356   0.984338
357   0.981032
358   0.977919
359   0.975077
360   0.97256
361   0.970395
362   0.96859
363   0.967136
364   0.966019
365   0.96522
366   0.964703
367   0.964501
368   0.964571
369   0.964978
370   0.965759
371   0.966843
372   0.96843
373   0.970269
374   0.972289
375   0.974354
376   0.976334
377   0.978237
378   0.980014
379   0.981691
380   0.983257
381   0.984723
382   0.986089
383   0.987362
384   0.988544
385   0.989638
386   0.990649
387   0.985452
388   0.986384
389   0.988729
390   0.991969
391   0.995283
392   0.997677
393   0.998835
394   0.998731
395   0.997517
396   0.995467
397   0.992744
398   0.989698
399   0.986411
400   0.983204
401   0.980064
402   0.977244
403   0.974658
404   0.972482
405   0.970597
406   0.969113
407   0.967912
408   0.967064
409   0.966467
410   0.966156
411   0.966081
412   0.966251
413   0.966636
414   0.967417
415   0.968332
416   0.970031
417   0.971817
418   0.973864
419   0.97586
420   0.977783
421   0.979586
422   0.981291
423   0.982883
424   0.984378
425   0.985772
426   0.987073
427   0.988283
428   0.989406
429   0.990443
430   0.982412
431   0.982916
432   0.98515
433   0.988232
434   0.992513
435   0.995905
436   0.997981
437   0.998697
438   0.998198
439   0.996665
440   0.994392
441   0.991592
442   0.988541
443   0.985399
444   0.982361
445   0.97951
446   0.976954
447   0.974712
448   0.972824
449   0.971268
450   0.970048
451   0.969127
452   0.968487
453   0.968091
454   0.967926
455   0.967967
456   0.968224
457   0.96872
458   0.969456
459   0.970495
460   0.972062
461   0.973807
462   0.975707
463   0.97759
464   0.979362
465   0.981054
466   0.982645
467   0.984143
468   0.985548
469   0.986861
470   0.988088
471   0.989228
472   0.990286
473   0.979441
474   0.979753
475   0.981427
476   0.984684
477   0.989264
478   0.9935
479   0.996547
480   0.998159
481   0.99843
482   0.997553
483   0.99575
484   0.993348
485   0.990519
486   0.987583
487   0.984606
488   0.981843
489   0.979267
490   0.97705
491   0.975111
492   0.973551
493   0.972272
494   0.971328
495   0.970627
496   0.970187
497   0.96995
498   0.969915
499   0.970073
500   0.970413
501   0.970977
502   0.97174
503   0.97279
504   0.974286
505   0.9759
506   0.977663
507   0.979352
508   0.980998
509   0.982554
510   0.984034
511   0.985427
512   0.986738
513   0.987968
514   0.989116
515   0.990184
516   0.976552
517   0.97639
518   0.97757
519   0.980104
520   0.985478
521   0.990546
522   0.994496
523   0.997053
524   0.998184
525   0.998023
526   0.996835
527   0.994856
528   0.9924
529   0.989656
530   0.986877
531   0.984163
532   0.981674
533   0.979432
534   0.977519
535   0.975905
536   0.97462
537   0.97361
538   0.972879
539   0.972369
540   0.972081
541   0.971964
542   0.972034
543   0.972257
544   0.972668
545   0.973247
546   0.97409
547   0.975163
548   0.976571
549   0.978072
550   0.979628
551   0.981153
552   0.982641
553   0.984063
554   0.985424
555   0.986709
556   0.987929
557   0.98907
558   0.990141
559   0.973842
560   0.973263
561   0.973827
562   0.976399
563   0.981453
564   0.987053
565   0.991891
566   0.995378
567   0.997419
568   0.998063
569   0.997528
570   0.996104
571   0.994027
572   0.991615
573   0.98901
574   0.986469
575   0.984028
576   0.981862
577   0.979929
578   0.978333
579   0.976998
580   0.975973
581   0.975179
582   0.974631
583   0.97427
584   0.974093
585   0.974074
586   0.974202
587   0.974493
588   0.974933
589   0.975588
590   0.976436
591   0.977524
592   0.978796
593   0.980142
594   0.981529
595   0.9829
596   0.984245
597   0.985544
598   0.98679
599   0.987979
600   0.989104
601   0.990163
602   0.971384
603   0.970336
604   0.970171
605   0.971557
606   0.977061
607   0.983104
608   0.988691
609   0.993128
610   0.9961
611   0.997606
612   0.997825
613   0.996993
614   0.995428
615   0.993353
616   0.991056
617   0.988667
618   0.986389
619   0.984259
620   0.982396
621   0.980774
622   0.979451
623   0.978367
624   0.977549
625   0.976926
626   0.976516
627   0.976252
628   0.976157
629   0.97618
630   0.976363
631   0.976664
632   0.977163
633   0.977806
634   0.978693
635   0.979715
636   0.980878
637   0.982083
638   0.983331
639   0.984564
640   0.985789
641   0.986969
642   0.988119
643   0.989209
644   0.990252
645   0.969252
646   0.967695
647   0.96693
648   0.968197
649   0.972616
650   0.978713
651   0.984978
652   0.990294
653   0.99424
654   0.996642
655   0.99766
656   0.997519
657   0.996488
658   0.994876
659   0.992882
660   0.990768
661   0.988629
662   0.986642
663   0.984815
664   0.983248
665   0.981899
666   0.980817
667   0.979939
668   0.979283
669   0.978794
670   0.978471
671   0.978283
672   0.978223
673   0.978293
674   0.978485
675   0.978829
676   0.979324
677   0.979995
678   0.980825
679   0.981778
680   0.98282
681   0.983913
682   0.985031
683   0.986154
684   0.987264
685   0.988351
686   0.989401
687   0.990409
688   0.967531
689   0.96561
690   0.964063
691   0.96389
692   0.968057
693   0.973785
694   0.980672
695   0.98691
696   0.991786
697   0.995142
698   0.997006
699   0.997602
700   0.997209
701   0.996077
702   0.994507
703   0.992663
704   0.990777
705   0.988911
706   0.987213
707   0.98567
708   0.984368
709   0.983251
710   0.982366
711   0.981641
712   0.981108
713   0.980697
714   0.98044
715   0.980277
716   0.980253
717   0.980321
718   0.980545
719   0.980879
720   0.981395
721   0.982028
722   0.982813
723   0.983673
724   0.984626
725   0.985607
726   0.98663
727   0.987646
728   0.988669
729   0.98966
730   0.990632
731   0.966234
732   0.963835
733   0.961874
734   0.961395
735   0.96364
736   0.968823
737   0.975968
738   0.982954
739   0.9888
740   0.993071
741   0.995837
742   0.997227
743   0.997507
744   0.996958
745   0.995822
746   0.994361
747   0.992719
748   0.991079
749   0.98949
750   0.98806
751   0.986778
752   0.985694
753   0.984772
754   0.984029
755   0.983427
756   0.982964
757   0.982617
758   0.982379
759   0.982247
760   0.982219
761   0.982309
762   0.982519
763   0.982868
764   0.983346
765   0.98395
766   0.984657
767   0.985451
768   0.986307
769   0.987208
770   0.988134
771   0.989073
772   0.990005
773   0.990921
774   0.965431
775   0.96276
776   0.960218
777   0.958712
778   0.959646
779   0.962921
780   0.970727
781   0.978573
782   0.985201
783   0.990452
784   0.9941
785   0.996339
786   0.997355
787   0.997419
788   0.996815
789   0.995745
790   0.994451
791   0.993029
792   0.991644
793   0.990307
794   0.989122
795   0.988049
796   0.98715
797   0.986365
798   0.985737
799   0.9852
800   0.984795
801   0.984463
802   0.98425
803   0.984108
804   0.984095
805   0.984168
806   0.984387
807   0.984703
808   0.985163
809   0.985707
810   0.986366
811   0.98708
812   0.987872
813   0.988689
814   0.98955
815   0.990405
816   0.991269
817   0.965118
818   0.962112
819   0.95913
820   0.956843
821   0.956124
822   0.958771
823   0.965538
824   0.973618
825   0.981081
826   0.98719
827   0.991799
828   0.994895
829   0.996697
830   0.997443
831   0.997396
832   0.996811
833   0.995872
834   0.994763
835   0.993577
836   0.99242
837   0.991319
838   0.990327
839   0.989436
840   0.988664
841   0.987993
842   0.987425
843   0.986947
844   0.986554
845   0.986247
846   0.986023
847   0.985894
848   0.985861
849   0.985941
850   0.98613
851   0.986435
852   0.986845
853   0.987355
854   0.987947
855   0.988614
856   0.989334
857   0.990097
858   0.990881
859   0.991674
860   0.96529
861   0.962187
862   0.95866
863   0.955599
864   0.953289
865   0.953278
866   0.960246
867   0.968501
868   0.97643
869   0.983421
870   0.988888
871   0.992901
872   0.995496
873   0.996963
874   0.997533
875   0.997453
876   0.996951
877   0.996163
878   0.995258
879   0.994279
880   0.993337
881   0.992419
882   0.991597
883   0.990828
884   0.990164
885   0.989554
886   0.989042
887   0.988578
888   0.988208
889   0.987891
890   0.987677
891   0.987529
892   0.987503
893   0.987556
894   0.98774
895   0.988007
896   0.988396
897   0.988854
898   0.989413
899   0.99002
900   0.990698
901   0.991395
902   0.992126
903   0.965865
904   0.962517
905   0.958707
906   0.954811
907   0.951385
908   0.950856
909   0.955402
910   0.963043
911   0.971382
912   0.979038
913   0.985431
914   0.990288
915   0.993736
916   0.99594
917   0.997165
918   0.997651
919   0.997605
920   0.997215
921   0.996601
922   0.995876
923   0.995097
924   0.99432
925   0.993566
926   0.992858
927   0.992198
928   0.991593
929   0.991043
930   0.990547
931   0.990111
932   0.989733
933   0.98943
934   0.989199
935   0.98906
936   0.989011
937   0.989066
938   0.989219
939   0.989476
940   0.989824
941   0.990262
942   0.990773
943   0.991349
944   0.99197
945   0.992621
946   0.966832
947   0.963576
948   0.959408
949   0.955165
950   0.950481
951   0.947307
952   0.951044
953   0.957495
954   0.965965
955   0.974294
956   0.981409
957   0.987167
958   0.991391
959   0.994376
960   0.996261
961   0.997339
962   0.997799
963   0.997823
964   0.997564
965   0.997104
966   0.996551
967   0.995924
968   0.995297
969   0.994655
970   0.99405
971   0.993453
972   0.992908
973   0.99238
974   0.991914
975   0.991477
976   0.991116
977   0.990801
978   0.990582
979   0.990427
980   0.990385
981   0.990419
982   0.990572
983   0.990801
984   0.99114
985   0.991542
986   0.992034
987   0.992563
988   0.993148
989   0.968079
990   0.9647
991   0.96056
992   0.95584
993   0.950855
994   0.947326
995   0.947447
996   0.952402
997   0.960506
998   0.969116
999   0.976979
1000   0.983442
1001   0.988502
1002   0.99221
1003   0.994799
1004   0.996485
1005   0.997478
1006   0.997965
1007   0.998081
1008   0.997946
1009   0.997637
1010   0.997219
1011   0.996733
1012   0.996211
1013   0.995673
1014   0.995132
1015   0.994601
1016   0.994084
1017   0.993594
1018   0.993133
1019   0.992719
1020   0.992353
1021   0.992055
1022   0.991827
1023   0.991686
1024   0.991631
1025   0.991674
1026   0.991808
1027   0.992039
1028   0.992352
1029   0.992745
1030   0.993199
1031   0.993701
1032   0.969606
1033   0.966467
1034   0.96226
1035   0.957618
1036   0.952186
1037   0.947482
1038   0.945631
1039   0.946913
1040   0.954949
1041   0.963916
1042   0.972117
1043   0.97936
1044   0.985074
1045   0.989553
1046   0.992781
1047   0.9951
1048   0.996629
1049   0.997598
1050   0.998125
1051   0.998333
1052   0.998315
1053   0.998125
1054   0.99783
1055   0.997445
1056   0.997022
1057   0.996552
1058   0.996078
1059   0.995583
1060   0.995109
1061   0.994634
1062   0.994202
1063   0.99379
1064   0.993447
1065   0.993148
1066   0.992939
1067   0.992794
1068   0.992756
1069   0.992791
1070   0.992937
1071   0.993152
1072   0.993467
1073   0.993832
1074   0.994268
1075   0.971303
1076   0.968212
1077   0.964302
1078   0.959646
1079   0.954315
1080   0.949124
1081   0.945079
1082   0.945068
1083   0.950284
1084   0.958517
1085   0.967085
1086   0.974788
1087   0.98123
1088   0.986334
1089   0.990241
1090   0.993153
1091   0.995245
1092   0.996709
1093   0.997669
1094   0.998258
1095   0.998553
1096   0.998636
1097   0.998554
1098   0.998353
1099   0.998065
1100   0.99771
1101   0.997312
1102   0.996881
1103   0.996438
1104   0.995985
1105   0.995547
1106   0.995126
1107   0.994745
1108   0.994407
1109   0.994135
1110   0.99393
1111   0.99381
1112   0.993772
1113   0.993827
1114   0.993967
1115   0.994193
1116   0.994489
1117   0.994844
1118   0.973144
1119   0.970409
1120   0.966669
1121   0.962426
1122   0.95715
1123   0.951911
1124   0.946454
1125   0.942767
1126   0.946854
1127   0.953689
1128   0.962103
1129   0.970265
1130   0.9771
1131   0.982844
1132   0.987274
1133   0.990781
1134   0.993383
1135   0.995347
1136   0.99674
1137   0.99772
1138   0.998353
1139   0.998725
1140   0.998891
1141   0.998894
1142   0.998777
1143   0.998558
1144   0.998273
1145   0.997924
1146   0.997546
1147   0.997133
1148   0.996723
1149   0.996304
1150   0.995917
1151   0.99555
1152   0.995245
1153   0.994984
1154   0.99481
1155   0.994699
1156   0.994689
1157   0.994747
1158   0.994906
1159   0.995122
1160   0.995416
1161   0.975013
1162   0.972419
1163   0.969109
1164   0.965081
1165   0.960265
1166   0.954929
1167   0.949423
1168   0.945395
1169   0.944899
1170   0.949956
1171   0.957678
1172   0.965691
1173   0.972918
1174   0.97903
1175   0.983989
1176   0.987988
1177   0.9911
1178   0.993537
1179   0.995368
1180   0.996746
1181   0.997728
1182   0.998412
1183   0.998842
1184   0.999079
1185   0.999155
1186   0.999104
1187   0.998953
1188   0.998719
1189   0.998427
1190   0.998086
1191   0.99772
1192   0.997335
1193   0.996957
1194   0.996591
1195   0.996262
1196   0.995975
1197   0.995751
1198   0.995593
1199   0.995516
1200   0.995517
1201   0.995601
1202   0.995758
1203   0.995979
1204   0.976888
1205   0.974655
1206   0.97161
1207   0.968106
1208   0.963638
1209   0.958864
1210   0.953389
1211   0.948679
1212   0.946484
1213   0.947052
1214   0.953986
1215   0.9619
1216   0.968968
1217   0.975421
1218   0.980655
1219   0.985084
1220   0.988593
1221   0.991457
1222   0.99368
1223   0.995433
1224   0.996752
1225   0.997744
1226   0.998446
1227   0.998924
1228   0.99921
1229   0.999342
1230   0.999347
1231   0.999245
1232   0.999064
1233   0.998811
1234   0.998516
1235   0.998182
1236   0.997839
1237   0.997487
1238   0.997162
1239   0.996857
1240   0.99661
1241   0.996408
1242   0.996289
1243   0.99623
1244   0.996263
1245   0.996353
1246   0.996522
1247   0.978685
1248   0.976618
1249   0.974005
1250   0.970822
1251   0.966994
1252   0.962618
1253   0.957866
1254   0.953269
1255   0.949747
1256   0.949197
1257   0.952028
1258   0.958751
1259   0.965572
1260   0.972006
1261   0.977437
1262   0.982141
1263   0.985974
1264   0.989193
1265   0.99176
1266   0.993856
1267   0.995488
1268   0.996778
1269   0.997745
1270   0.998469
1271   0.99897
1272   0.999297
1273   0.999471
1274   0.99952
1275   0.999465
1276   0.999324
1277   0.999117
1278   0.998856
1279   0.998565
1280   0.998252
1281   0.997943
1282   0.997646
1283   0.997384
1284   0.997164
1285   0.997005
1286   0.996909
1287   0.996887
1288   0.996931
1289   0.99704
1290   0.980405
1291   0.978642
1292   0.976301
1293   0.973616
1294   0.970243
1295   0.966593
1296   0.96239
1297   0.958438
1298   0.954636
1299   0.952256
1300   0.953845
1301   0.957552
1302   0.96357
1303   0.969649
1304   0.974901
1305   0.979635
1306   0.983617
1307   0.987036
1308   0.98985
1309   0.992198
1310   0.99409
1311   0.995629
1312   0.996836
1313   0.997783
1314   0.998491
1315   0.999008
1316   0.999354
1317   0.999559
1318   0.999641
1319   0.99962
1320   0.999516
1321   0.999342
1322   0.999121
1323   0.99886
1324   0.998589
1325   0.99831
1326   0.998056
1327   0.997823
1328   0.997648
1329   0.997516
1330   0.99746
1331   0.997456
1332   0.997524
1333   0.982003
1334   0.980392
1335   0.978411
1336   0.97604
1337   0.973247
1338   0.970073
1339   0.966657
1340   0.96312
1341   0.959988
1342   0.957525
1343   0.957044
1344   0.959316
1345   0.963056
1346   0.968318
1347   0.973079
1348   0.977681
1349   0.981599
1350   0.98511
1351   0.988034
1352   0.990563
1353   0.992633
1354   0.994378
1355   0.995779
1356   0.996928
1357   0.997821
1358   0.998521
1359   0.999031
1360   0.999393
1361   0.999615
1362   0.999723
1363   0.999731
1364   0.999657
1365   0.999517
1366   0.999326
1367   0.999105
1368   0.998864
1369   0.998627
1370   0.998404
1371   0.998217
1372   0.998071
1373   0.997982
1374   0.997948
1375   0.997971
1376   0.983493
1377   0.982111
1378   0.980358
1379   0.978372
1380   0.975963
1381   0.973357
1382   0.970435
1383   0.967552
1384   0.964776
1385   0.962633
1386   0.961696
1387   0.962198
1388   0.964968
1389   0.968625
1390   0.972696
1391   0.976668
1392   0.980348
1393   0.983675
1394   0.98659
1395   0.989138
1396   0.991308
1397   0.993164
1398   0.99471
1399   0.996003
1400   0.997052
1401   0.997902
1402   0.998562
1403   0.999065
1404   0.999422
1405   0.999655
1406   0.999778
1407   0.999807
1408   0.999758
1409   0.999643
1410   0.999485
1411   0.999291
1412   0.999089
1413   0.998882
1414   0.998702
1415   0.998545
1416   0.998442
1417   0.998377
1418   0.998374
1419   0.98486
1420   0.983607
1421   0.98212
1422   0.980389
1423   0.978405
1424   0.976185
1425   0.973838
1426   0.971399
1427   0.969209
1428   0.967307
1429   0.966387
1430   0.966287
1431   0.96767
1432   0.970205
1433   0.973217
1434   0.976542
1435   0.979708
1436   0.982771
1437   0.985495
1438   0.987991
1439   0.990142
1440   0.992054
1441   0.993668
1442   0.995069
1443   0.996225
1444   0.997203
1445   0.997984
1446   0.998617
1447   0.999094
1448   0.999448
1449   0.999681
1450   0.999815
1451   0.999859
1452   0.999829
1453   0.999741
1454   0.999607
1455   0.999447
1456   0.999273
1457   0.999106
1458   0.998956
1459   0.998841
1460   0.998764
1461   0.998732
1462   0.986123
1463   0.985035
1464   0.983725
1465   0.982266
1466   0.980567
1467   0.978742
1468   0.976761
1469   0.974782
1470   0.972904
1471   0.971316
1472   0.97032
1473   0.969976
1474   0.970758
1475   0.972336
1476   0.974586
1477   0.977135
1478   0.979805
1479   0.982429
1480   0.984911
1481   0.98721
1482   0.989285
1483   0.991147
1484   0.992781
1485   0.994215
1486   0.995444
1487   0.996498
1488   0.997376
1489   0.998105
1490   0.998686
1491   0.999142
1492   0.999476
1493   0.999706
1494   0.999841
1495   0.999895
1496   0.99988
1497   0.999809
1498   0.999701
1499   0.999565
1500   0.999424
1501   0.999285
1502   0.999174
1503   0.999085
1504   0.999041
1505   0.987281
1506   0.986299
1507   0.985179
1508   0.983913
1509   0.982506
1510   0.980963
1511   0.979361
1512   0.977707
1513   0.976196
1514   0.97483
1515   0.973937
1516   0.973485
1517   0.973793
1518   0.974781
1519   0.976308
1520   0.978252
1521   0.98035
1522   0.982568
1523   0.9847
1524   0.986784
1525   0.988685
1526   0.990466
1527   0.992042
1528   0.99348
1529   0.994722
1530   0.995828
1531   0.996761
1532   0.997567
1533   0.998225
1534   0.998769
1535   0.999188
1536   0.999507
1537   0.999725
1538   0.99986
1539   0.999919
1540   0.999915
1541   0.999862
1542   0.999773
1543   0.999665
1544   0.99955
1545   0.999445
1546   0.999359
1547   0.999303
1548   0.988349
1549   0.987487
1550   0.986502
1551   0.985426
1552   0.984224
1553   0.982947
1554   0.981598
1555   0.980249
1556   0.978968
1557   0.977837
1558   0.977011
1559   0.976542
1560   0.976623
1561   0.977192
1562   0.978256
1563   0.97966
1564   0.981312
1565   0.98309
1566   0.984908
1567   0.986704
1568   0.988424
1569   0.990048
1570   0.991544
1571   0.992917
1572   0.994148
1573   0.995251
1574   0.996216
1575   0.997059
1576   0.997773
1577   0.998376
1578   0.998864
1579   0.999253
1580   0.999544
1581   0.99975
1582   0.999876
1583   0.999936
1584   0.99994
1585   0.999899
1586   0.999829
1587   0.99974
1588   0.999653
1589   0.999572
1590   0.999515
1591   0.989332
1592   0.988559
1593   0.987708
1594   0.986775
1595   0.98577
1596   0.984692
1597   0.983591
1598   0.982464
1599   0.981424
1600   0.980464
1601   0.979754
1602   0.979285
1603   0.979217
1604   0.979526
1605   0.980214
1606   0.981231
1607   0.982467
1608   0.983891
1609   0.985371
1610   0.986913
1611   0.988402
1612   0.989872
1613   0.991234
1614   0.992534
1615   0.993703
1616   0.99479
1617   0.995743
1618   0.996607
1619   0.997345
1620   0.997992
1621   0.998525
1622   0.998971
1623   0.999318
1624   0.999586
1625   0.999771
1626   0.999891
1627   0.999948
1628   0.999957
1629   0.999927
1630   0.999872
1631   0.999806
1632   0.999739
1633   0.999683
1634   0.99024
1635   0.989556
1636   0.988808
1637   0.988008
1638   0.987148
1639   0.986248
1640   0.985321
1641   0.984396
1642   0.983518
1643   0.982726
1644   0.982099
1645   0.981671
1646   0.981528
1647   0.981671
1648   0.982122
1649   0.982835
1650   0.983773
1651   0.984875
1652   0.986087
1653   0.987362
1654   0.988652
1655   0.989932
1656   0.991167
1657   0.992348
1658   0.99345
1659   0.994475
1660   0.995407
1661   0.996252
1662   0.996998
1663   0.997657
1664   0.99822
1665   0.998697
1666   0.999087
1667   0.999398
1668   0.999632
1669   0.9998
1670   0.999905
1671   0.999958
1672   0.999968
1673   0.999946
1674   0.999905
1675   0.999854
1676   0.999809
1677   0.991078
1678   0.990467
1679   0.989815
1680   0.989121
1681   0.988394
1682   0.987631
1683   0.986865
1684   0.986089
1685   0.985371
1686   0.984699
1687   0.98417
1688   0.983773
1689   0.983599
1690   0.983636
1691   0.983914
1692   0.984416
1693   0.985104
1694   0.985966
1695   0.986925
1696   0.987987
1697   0.989066
1698   0.990186
1699   0.991266
1700   0.992341
1701   0.993341
1702   0.994307
1703   0.995181
1704   0.996002
1705   0.996726
1706   0.997387
1707   0.997953
1708   0.998452
1709   0.998863
1710   0.999208
1711   0.999475
1712   0.999682
1713   0.999825
1714   0.999919
1715   0.999965
1716   0.999977
1717   0.999962
1718   0.999931
1719   0.999896
1720   0.991851
1721   0.991309
1722   0.990735
1723   0.990134
1724   0.989508
1725   0.988864
1726   0.988213
1727   0.98757
1728   0.986962
1729   0.986407
1730   0.985947
1731   0.985603
1732   0.985417
1733   0.985401
1734   0.985573
1735   0.985924
1736   0.986442
1737   0.987105
1738   0.98788
1739   0.988743
1740   0.989659
1741   0.990609
1742   0.991561
1743   0.992506
1744   0.993417
1745   0.994292
1746   0.995112
1747   0.995877
1748   0.996574
1749   0.997208
1750   0.997769
1751   0.998263
1752   0.998685
1753   0.999042
1754   0.999331
1755   0.999561
1756   0.999733
1757   0.999856
1758   0.999932
1759   0.999972
1760   0.999982
1761   0.999972
1762   0.999951
1763   0.992566
1764   0.992083
1765   0.991579
1766   0.991055
1767   0.990518
1768   0.989965
1769   0.98942
1770   0.988874
1771   0.98837
1772   0.987897
1773   0.987513
1774   0.987206
1775   0.987033
1776   0.986983
1777   0.987087
1778   0.987338
1779   0.987724
1780   0.988246
1781   0.98886
1782   0.989576
1783   0.990333
1784   0.991152
1785   0.991966
1786   0.992807
1787   0.993609
1788   0.994409
1789   0.995149
1790   0.995866
1791   0.996511
1792   0.997119
1793   0.99765
1794   0.998137
1795   0.998548
1796   0.998911
1797   0.999205
1798   0.999452
1799   0.999639
1800   0.999784
1801   0.999881
1802   0.999945
1803   0.999977
1804   0.999987
1805   0.99998
1806   0.993226
1807   0.992796
1808   0.99235
1809   0.991891
1810   0.991423
1811   0.990948
1812   0.990478
1813   0.990019
1814   0.989586
1815   0.989194
1816   0.988862
1817   0.988606
1818   0.988445
1819   0.988393
1820   0.988459
1821   0.988646
1822   0.98895
1823   0.989362
1824   0.989868
1825   0.990453
1826   0.991097
1827   0.991786
1828   0.992498
1829   0.993222
1830   0.99394
1831   0.994644
1832   0.99532
1833   0.995964
1834   0.996565
1835   0.997121
1836   0.997626
1837   0.998081
1838   0.998481
1839   0.998829
1840   0.999124
1841   0.999369
1842   0.999565
1843   0.999718
1844   0.999831
1845   0.999909
1846   0.999957
1847   0.999982
1848   0.99999
