##### Y Variance #####
0   0.999993
1   0.999864
2   0.999421
3   0.998586
4   0.997309
5   0.995626
6   0.993574
7   0.991268
8   0.988784
9   0.986274
10   0.983801
11   0.981477
12   0.979337
13   0.977457
14   0.975848
15   0.974554
16   0.973567
17   0.972903
18   0.972539
19   0.972467
20   0.972652
21   0.973073
22   0.973694
23   0.974489
24   0.975423
25   0.976467
26   0.97759
27   0.978764
28   0.979966
29   0.981175
30   0.982375
31   0.983552
32   0.984698
33   0.985803
34   0.986863
35   0.987874
36   0.988834
37   0.989742
38   0.990596
39   0.991397
40   0.992145
41   0.992842
42   0.993489
43   0.999915
44   0.999978
45   0.999705
46   0.999003
47   0.99771
48   0.996013
49   0.993747
50   0.99131
51   0.988475
52   0.98579
53   0.982946
54   0.980435
55   0.977965
56   0.975921
57   0.974054
58   0.972644
59   0.971482
60   0.970767
61   0.970312
62   0.970243
63   0.970415
64   0.970882
65   0.971551
66   0.972429
67   0.973454
68   0.974608
69   0.975849
70   0.977142
71   0.978466
72   0.979791
73   0.981107
74   0.982391
75   0.98364
76   0.98484
77   0.98599
78   0.987083
79   0.98812
80   0.989099
81   0.990018
82   0.990879
83   0.991682
84   0.992429
85   0.993122
86   0.999599
87   0.999897
88   0.99993
89   0.999476
90   0.998387
91   0.996711
92   0.99447
93   0.991853
94   0.988925
95   0.985903
96   0.982867
97   0.979982
98   0.977285
99   0.974902
100   0.97283
101   0.97116
102   0.969854
103   0.968956
104   0.968418
105   0.968239
106   0.968379
107   0.968815
108   0.96951
109   0.970427
110   0.971527
111   0.97277
112   0.974116
113   0.975522
114   0.976962
115   0.978406
116   0.979835
117   0.981231
118   0.982582
119   0.98388
120   0.985119
121   0.986296
122   0.98741
123   0.98846
124   0.989444
125   0.990365
126   0.991224
127   0.992021
128   0.992759
129   0.998949
130   0.999514
131   0.999903
132   0.999807
133   0.999007
134   0.997539
135   0.995337
136   0.992746
137   0.989674
138   0.986549
139   0.983215
140   0.980155
141   0.977088
142   0.974523
143   0.972074
144   0.970249
145   0.968637
146   0.967602
147   0.966852
148   0.966557
149   0.966572
150   0.966952
151   0.967613
152   0.968544
153   0.969683
154   0.970995
155   0.972431
156   0.973934
157   0.975487
158   0.977041
159   0.978586
160   0.980088
161   0.981543
162   0.982935
163   0.984264
164   0.985524
165   0.986713
166   0.987833
167   0.988882
168   0.989862
169   0.990775
170   0.991622
171   0.992405
172   0.997863
173   0.998637
174   0.999487
175   0.999867
176   0.99954
177   0.998394
178   0.996457
179   0.993924
180   0.990922
181   0.987675
182   0.984297
183   0.980985
184   0.977809
185   0.974911
186   0.972312
187   0.970098
188   0.968278
189   0.966881
190   0.965901
191   0.965345
192   0.965177
193   0.965409
194   0.965977
195   0.966865
196   0.968002
197   0.969332
198   0.970821
199   0.972405
200   0.974052
201   0.975716
202   0.977369
203   0.97898
204   0.980534
205   0.982022
206   0.983437
207   0.984777
208   0.98604
209   0.987227
210   0.988339
211   0.989377
212   0.990342
213   0.991237
214   0.992065
215   0.996293
216   0.997333
217   0.998607
218   0.999526
219   0.999747
220   0.999069
221   0.997462
222   0.995184
223   0.992261
224   0.989088
225   0.985626
226   0.982267
227   0.978907
228   0.975885
229   0.973039
230   0.970652
231   0.968492
232   0.966916
233   0.96553
234   0.964839
235   0.964283
236   0.964428
237   0.964721
238   0.965546
239   0.96658
240   0.967867
241   0.969366
242   0.970982
243   0.972712
244   0.974464
245   0.976224
246   0.977931
247   0.979582
248   0.981157
249   0.982654
250   0.984069
251   0.985401
252   0.986653
253   0.987823
254   0.988915
255   0.989931
256   0.990872
257   0.991742
258   0.994187
259   0.995242
260   0.997099
261   0.998639
262   0.999559
263   0.999475
264   0.998393
265   0.996437
266   0.993801
267   0.990704
268   0.987338
269   0.983895
270   0.980512
271   0.977323
272   0.974396
273   0.971809
274   0.969568
275   0.967734
276   0.966275
277   0.965235
278   0.964567
279   0.96428
280   0.964371
281   0.964796
282   0.965597
283   0.966703
284   0.968093
285   0.969721
286   0.971491
287   0.973323
288   0.975167
289   0.976971
290   0.978705
291   0.980364
292   0.981933
293   0.983418
294   0.984813
295   0.986122
296   0.987346
297   0.988487
298   0.989549
299   0.990533
300   0.991442
301   0.991636
302   0.992872
303   0.995049
304   0.997229
305   0.99888
306   0.999492
307   0.999006
308   0.997546
309   0.995225
310   0.992386
311   0.989099
312   0.985739
313   0.982289
314   0.97908
315   0.976021
316   0.973372
317   0.970993
318   0.969069
319   0.967461
320   0.966286
321   0.965409
322   0.964926
323   0.964652
324   0.964868
325   0.965173
326   0.966159
327   0.967191
328   0.968797
329   0.970518
330   0.972365
331   0.974272
332   0.976132
333   0.97794
334   0.979664
335   0.981297
336   0.982839
337   0.984287
338   0.985646
339   0.986917
340   0.988102
341   0.989204
342   0.990226
343   0.991171
344   0.98871
345   0.989522
346   0.992263
347   0.995072
348   0.997556
349   0.999011
350   0.999278
351   0.9984
352   0.996584
353   0.994032
354   0.991005
355   0.987707
356   0.984347
357   0.98107
358   0.978008
359   0.975236
360   0.972811
361   0.970755
362   0.969077
363   0.967765
364   0.966801
365   0.966161
366   0.965809
367   0.96576
368   0.965972
369   0.966487
370   0.967328
371   0.968431
372   0.96995
373   0.97168
374   0.973559
375   0.975475
376   0.977322
377   0.979101
378   0.980775
379   0.982359
380   0.983846
381   0.985242
382   0.986549
383   0.987768
384   0.988905
385   0.989959
386   0.990935
387   0.985762
388   0.986707
389   0.989055
390   0.992289
391   0.995583
392   0.997947
393   0.999063
394   0.998911
395   0.997647
396   0.995549
397   0.992787
398   0.989712
399   0.986411
400   0.983208
401   0.980091
402   0.977313
403   0.974789
404   0.972695
405   0.970909
406   0.969544
407   0.968473
408   0.967769
409   0.96732
410   0.967163
411   0.967235
412   0.967545
413   0.968052
414   0.9689
415   0.96987
416   0.971478
417   0.97316
418   0.975055
419   0.976907
420   0.9787
421   0.98039
422   0.981995
423   0.983502
424   0.984923
425   0.986253
426   0.987498
427   0.988659
428   0.989739
429   0.99074
430   0.98277
431   0.983294
432   0.985535
433   0.988616
434   0.992882
435   0.99625
436   0.998286
437   0.998955
438   0.998401
439   0.996814
440   0.994488
441   0.991646
442   0.988562
443   0.985402
444   0.982362
445   0.979527
446   0.977006
447   0.974817
448   0.973001
449   0.971535
450   0.970421
451   0.969619
452   0.96911
453   0.968852
454   0.96883
455   0.96901
456   0.969397
457   0.969996
458   0.970808
459   0.971873
460   0.973369
461   0.97501
462   0.976779
463   0.97853
464   0.980191
465   0.981781
466   0.983285
467   0.984705
468   0.986044
469   0.987298
470   0.988475
471   0.98957
472   0.990591
473   0.979842
474   0.980178
475   0.981864
476   0.985124
477   0.989697
478   0.993913
479   0.996926
480   0.998492
481   0.99871
482   0.997775
483   0.995914
484   0.993459
485   0.990583
486   0.987611
487   0.984613
488   0.981843
489   0.979277
490   0.977088
491   0.975193
492   0.973697
493   0.972496
494   0.971647
495   0.971052
496   0.970733
497   0.97062
498   0.970716
499   0.970996
500   0.971452
501   0.972105
502   0.972933
503   0.973999
504   0.975429
505   0.976955
506   0.978601
507   0.980187
508   0.981734
509   0.983204
510   0.984606
511   0.985932
512   0.987184
513   0.988362
514   0.989465
515   0.990494
516   0.976994
517   0.976861
518   0.978055
519   0.980596
520   0.985968
521   0.991025
522   0.994945
523   0.997463
524   0.998542
525   0.998324
526   0.997075
527   0.995036
528   0.992523
529   0.989732
530   0.986914
531   0.984174
532   0.981674
533   0.979437
534   0.977545
535   0.975968
536   0.974737
537   0.973797
538   0.973151
539   0.972738
540   0.972558
541   0.972555
542   0.97274
543   0.973073
544   0.973583
545   0.97424
546   0.975123
547   0.976197
548   0.977545
549   0.978967
550   0.980436
551   0.981876
552   0.983284
553   0.984633
554   0.98593
555   0.987157
556   0.988326
557   0.989421
558   0.990454
559   0.974318
560   0.973769
561   0.974351
562   0.976935
563   0.981992
564   0.987586
565   0.992402
566   0.995855
567   0.997851
568   0.998441
569   0.997845
570   0.996358
571   0.994219
572   0.99175
573   0.989095
574   0.986514
575   0.984045
576   0.981864
577   0.979931
578   0.978351
579   0.977046
580   0.976068
581   0.975335
582   0.974864
583   0.97459
584   0.974511
585   0.974592
586   0.974824
587   0.975208
588   0.975732
589   0.976442
590   0.977316
591   0.978389
592   0.979613
593   0.980899
594   0.982217
595   0.983522
596   0.984802
597   0.986041
598   0.987233
599   0.988373
600   0.989454
601   0.990475
602   0.971887
603   0.970874
604   0.970729
605   0.972128
606   0.977641
607   0.983685
608   0.989256
609   0.993668
610   0.996599
611   0.998056
612   0.998217
613   0.997323
614   0.995693
615   0.993556
616   0.991201
617   0.988761
618   0.986441
619   0.984281
620   0.982401
621   0.980774
622   0.979462
623   0.978404
624   0.977627
625   0.97706
626   0.976718
627   0.976533
628   0.976527
629   0.976641
630   0.976913
631   0.977297
632   0.977858
633   0.978544
634   0.979437
635   0.980442
636   0.981565
637   0.982723
638   0.983918
639   0.985096
640   0.986269
641   0.987401
642   0.988505
643   0.989553
644   0.990559
645   0.969777
646   0.968254
647   0.967513
648   0.968796
649   0.973227
650   0.979327
651   0.985586
652   0.990882
653   0.994797
654   0.997155
655   0.99812
656   0.99792
657   0.996826
658   0.995149
659   0.993092
660   0.99092
661   0.98873
662   0.9867
663   0.984841
664   0.983255
665   0.981899
666   0.980824
667   0.979969
668   0.979349
669   0.97891
670   0.97865
671   0.978534
672   0.978553
673   0.978702
674   0.978972
675   0.979381
676   0.979925
677   0.980621
678   0.981452
679   0.982388
680   0.983399
681   0.984454
682   0.98553
683   0.98661
684   0.987677
685   0.988723
686   0.989736
687   0.990708
688   0.968072
689   0.966188
690   0.964665
691   0.964509
692   0.96869
693   0.974426
694   0.981311
695   0.987539
696   0.99239
697   0.99571
698   0.997527
699   0.998069
700   0.997614
701   0.996419
702   0.994784
703   0.992878
704   0.990933
705   0.989015
706   0.987274
707   0.985699
708   0.984376
709   0.983251
710   0.982372
711   0.981666
712   0.981167
713   0.980802
714   0.980602
715   0.980505
716   0.980551
717   0.980689
718   0.980975
719   0.981361
720   0.98191
721   0.982559
722   0.983341
723   0.984188
724   0.985115
725   0.986066
726   0.987055
727   0.988036
728   0.989024
729   0.989981
730   0.99092
731   0.966785
732   0.964423
733   0.962489
734   0.962028
735   0.964286
736   0.969479
737   0.976628
738   0.983609
739   0.989439
740   0.993681
741   0.996408
742   0.997748
743   0.997972
744   0.997361
745   0.996162
746   0.994637
747   0.992933
748   0.991234
749   0.989595
750   0.988122
751   0.986807
752   0.985702
753   0.984772
754   0.984034
755   0.98345
756   0.983018
757   0.982713
758   0.982528
759   0.982454
760   0.982487
761   0.982635
762   0.982897
763   0.983283
764   0.983786
765   0.9844
766   0.985105
767   0.985886
768   0.986721
769   0.987598
770   0.988496
771   0.989405
772   0.990308
773   0.991195
774   0.965989
775   0.963355
776   0.960839
777   0.959353
778   0.960298
779   0.963582
780   0.971397
781   0.979246
782   0.985863
783   0.991094
784   0.994709
785   0.996907
786   0.99787
787   0.997878
788   0.997212
789   0.996078
790   0.994721
791   0.993237
792   0.991796
793   0.990409
794   0.989182
795   0.988077
796   0.987159
797   0.986365
798   0.985741
799   0.985222
800   0.984846
801   0.984554
802   0.984388
803   0.984298
804   0.984336
805   0.984458
806   0.984716
807   0.985062
808   0.985539
809   0.98609
810   0.986745
811   0.987449
812   0.988224
813   0.989021
814   0.989857
815   0.990688
816   0.991526
817   0.965676
818   0.962707
819   0.959751
820   0.957483
821   0.956776
822   0.959432
823   0.96621
824   0.974297
825   0.981757
826   0.987852
827   0.992436
828   0.995496
829   0.997254
830   0.997947
831   0.997842
832   0.997195
833   0.996193
834   0.995022
835   0.993776
836   0.992564
837   0.991415
838   0.990383
839   0.989462
840   0.988671
841   0.987993
842   0.98743
843   0.986969
844   0.986604
845   0.986333
846   0.986151
847   0.986066
848   0.986077
849   0.986195
850   0.986416
851   0.986743
852   0.987166
853   0.987681
854   0.98827
855   0.988927
856   0.989632
857   0.990377
858   0.991141
859   0.991913
860   0.965845
861   0.962779
862   0.959278
863   0.956236
864   0.953936
865   0.95393
866   0.960912
867   0.969179
868   0.977109
869   0.984094
870   0.989541
871   0.993526
872   0.996083
873   0.997504
874   0.99802
875   0.997882
876   0.997318
877   0.996468
878   0.995502
879   0.994465
880   0.99347
881   0.992506
882   0.991646
883   0.99085
884   0.990169
885   0.989554
886   0.989048
887   0.9886
888   0.988257
889   0.987972
890   0.987795
891   0.987686
892   0.987695
893   0.98778
894   0.987989
895   0.988273
896   0.988671
897   0.989132
898   0.989688
899   0.990286
900   0.990951
901   0.991631
902   0.992345
903   0.966414
904   0.9631
905   0.959316
906   0.955438
907   0.952021
908   0.9515
909   0.956057
910   0.963709
911   0.972055
912   0.979709
913   0.986091
914   0.990927
915   0.994344
916   0.996507
917   0.997684
918   0.998115
919   0.998012
920   0.997561
921   0.996886
922   0.996102
923   0.995267
924   0.99444
925   0.993643
926   0.9929
927   0.992216
928   0.991597
929   0.991043
930   0.990554
931   0.990134
932   0.989781
933   0.989506
934   0.989307
935   0.9892
936   0.989181
937   0.989262
938   0.989434
939   0.989705
940   0.99006
941   0.990499
942   0.991006
943   0.991574
944   0.992182
945   0.992819
946   0.967371
947   0.96415
948   0.960007
949   0.955782
950   0.951104
951   0.947934
952   0.951682
953   0.958145
954   0.966624
955   0.974957
956   0.982066
957   0.98781
958   0.992008
959   0.994959
960   0.996802
961   0.997831
962   0.998237
963   0.998203
964   0.997884
965   0.997366
966   0.996756
967   0.996077
968   0.995403
969   0.994721
970   0.994085
971   0.993467
972   0.99291
973   0.992381
974   0.991923
975   0.991501
976   0.991162
977   0.990872
978   0.990681
979   0.990553
980   0.990536
981   0.99059
982   0.990759
983   0.990997
984   0.991341
985   0.991743
986   0.99223
987   0.992751
988   0.993325
989   0.968606
990   0.965259
991   0.961144
992   0.956441
993   0.951465
994   0.947939
995   0.948066
996   0.95303
997   0.961146
998   0.969762
999   0.977625
1000   0.98408
1001   0.989121
1002   0.992801
1003   0.995354
1004   0.996995
1005   0.99794
1006   0.998372
1007   0.998432
1008   0.99824
1009   0.997874
1010   0.997403
1011   0.996868
1012   0.996302
1013   0.995729
1014   0.99516
1015   0.994611
1016   0.994085
1017   0.993595
1018   0.993143
1019   0.992743
1020   0.992397
1021   0.992121
1022   0.991916
1023   0.991798
1024   0.991763
1025   0.991823
1026   0.991969
1027   0.992207
1028   0.992523
1029   0.992915
1030   0.993363
1031   0.993857
1032   0.970119
1033   0.967012
1034   0.962828
1035   0.958203
1036   0.952779
1037   0.948079
1038   0.94623
1039   0.947515
1040   0.955564
1041   0.964542
1042   0.972746
1043   0.979986
1044   0.985686
1045   0.990144
1046   0.99334
1047   0.995622
1048   0.997106
1049   0.998026
1050   0.998499
1051   0.998653
1052   0.99858
1053   0.998337
1054   0.997992
1055   0.997562
1056   0.997099
1057   0.996597
1058   0.9961
1059   0.99559
1060   0.995109
1061   0.994636
1062   0.994212
1063   0.993814
1064   0.993488
1065   0.993209
1066   0.99302
1067   0.992894
1068   0.992872
1069   0.99292
1070   0.993075
1071   0.993296
1072   0.993611
1073   0.993974
1074   0.994404
1075   0.971799
1076   0.968738
1077   0.964852
1078   0.960212
1079   0.95489
1080   0.949703
1081   0.945657
1082   0.945648
1083   0.950873
1084   0.959117
1085   0.967692
1086   0.975395
1087   0.98183
1088   0.986916
1089   0.990799
1090   0.993677
1091   0.995731
1092   0.99715
1093   0.998062
1094   0.998599
1095   0.998842
1096   0.998872
1097   0.998742
1098   0.998494
1099   0.998165
1100   0.997775
1101   0.99735
1102   0.996898
1103   0.996442
1104   0.995985
1105   0.99555
1106   0.995136
1107   0.994768
1108   0.994446
1109   0.994191
1110   0.994003
1111   0.993898
1112   0.993873
1113   0.993939
1114   0.994085
1115   0.994314
1116   0.994609
1117   0.99496
1118   0.973622
1119   0.970917
1120   0.9672
1121   0.962974
1122   0.957707
1123   0.952472
1124   0.947012
1125   0.943321
1126   0.947416
1127   0.954261
1128   0.962684
1129   0.97085
1130   0.977681
1131   0.983414
1132   0.987824
1133   0.991304
1134   0.993871
1135   0.995796
1136   0.997145
1137   0.998078
1138   0.998661
1139   0.998983
1140   0.9991
1141   0.999058
1142   0.998899
1143   0.998643
1144   0.998327
1145   0.997954
1146   0.997559
1147   0.997136
1148   0.996723
1149   0.996307
1150   0.995928
1151   0.995573
1152   0.995281
1153   0.995035
1154   0.994875
1155   0.994776
1156   0.994777
1157   0.994843
1158   0.995005
1159   0.995222
1160   0.995514
1161   0.975471
1162   0.972905
1163   0.969619
1164   0.965608
1165   0.960802
1166   0.955471
1167   0.949963
1168   0.945932
1169   0.945435
1170   0.9505
1171   0.958231
1172   0.966251
1173   0.973477
1174   0.979582
1175   0.984526
1176   0.988503
1177   0.991587
1178   0.993988
1179   0.99578
1180   0.997115
1181   0.998051
1182   0.998688
1183   0.999072
1184   0.999264
1185   0.999298
1186   0.999209
1187   0.999024
1188   0.998764
1189   0.998451
1190   0.998095
1191   0.997721
1192   0.997335
1193   0.99696
1194   0.996602
1195   0.996283
1196   0.996008
1197   0.995797
1198   0.99565
1199   0.995583
1200   0.995592
1201   0.995681
1202   0.99584
1203   0.996061
1204   0.977326
1205   0.975121
1206   0.972098
1207   0.968612
1208   0.964155
1209   0.959387
1210   0.953911
1211   0.949198
1212   0.947
1213   0.947567
1214   0.954511
1215   0.962433
1216   0.969503
1217   0.975953
1218   0.981175
1219   0.985587
1220   0.989072
1221   0.991906
1222   0.994094
1223   0.995809
1224   0.997086
1225   0.998035
1226   0.998693
1227   0.999127
1228   0.999371
1229   0.999464
1230   0.999435
1231   0.999305
1232   0.9991
1233   0.99883
1234   0.998523
1235   0.998183
1236   0.99784
1237   0.997491
1238   0.997173
1239   0.996877
1240   0.99664
1241   0.996449
1242   0.996339
1243   0.996287
1244   0.996326
1245   0.996419
1246   0.996588
1247   0.979103
1248   0.977061
1249   0.97447
1250   0.971305
1251   0.967488
1252   0.96312
1253   0.95837
1254   0.953771
1255   0.950245
1256   0.949694
1257   0.952527
1258   0.959256
1259   0.966082
1260   0.972515
1261   0.977938
1262   0.982629
1263   0.986442
1264   0.989636
1265   0.992173
1266   0.994235
1267   0.995829
1268   0.997079
1269   0.998005
1270   0.998687
1271   0.999148
1272   0.999438
1273   0.999577
1274   0.999596
1275   0.999515
1276   0.999353
1277   0.999131
1278   0.998861
1279   0.998565
1280   0.998253
1281   0.997947
1282   0.997656
1283   0.997402
1284   0.997191
1285   0.99704
1286   0.996952
1287   0.996935
1288   0.996983
1289   0.997093
1290   0.980801
1291   0.979063
1292   0.976743
1293   0.974076
1294   0.970715
1295   0.967074
1296   0.962875
1297   0.958924
1298   0.955118
1299   0.952734
1300   0.954324
1301   0.958034
1302   0.964056
1303   0.970136
1304   0.975383
1305   0.980106
1306   0.984072
1307   0.987471
1308   0.990259
1309   0.992576
1310   0.994435
1311   0.995937
1312   0.997106
1313   0.998014
1314   0.998684
1315   0.999165
1316   0.999476
1317   0.999649
1318   0.999705
1319   0.999661
1320   0.99954
1321   0.999353
1322   0.999124
1323   0.99886
1324   0.99859
1325   0.998314
1326   0.998065
1327   0.99784
1328   0.997671
1329   0.997546
1330   0.997496
1331   0.997495
1332   0.997565
1333   0.982377
1334   0.98079
1335   0.978829
1336   0.976475
1337   0.973695
1338   0.970531
1339   0.967122
1340   0.963587
1341   0.960454
1342   0.957988
1343   0.957506
1344   0.959778
1345   0.96352
1346   0.968784
1347   0.973541
1348   0.978135
1349   0.982041
1350   0.985535
1351   0.988436
1352   0.990938
1353   0.992979
1354   0.994691
1355   0.996058
1356   0.99717
1357   0.998027
1358   0.998691
1359   0.999168
1360   0.999498
1361   0.999692
1362   0.999777
1363   0.999766
1364   0.999676
1365   0.999526
1366   0.999329
1367   0.999105
1368   0.998865
1369   0.998631
1370   0.998413
1371   0.998231
1372   0.998091
1373   0.998007
1374   0.997977
1375   0.998002
1376   0.983845
1377   0.982485
1378   0.980751
1379   0.978783
1380   0.976388
1381   0.973792
1382   0.970878
1383   0.967998
1384   0.965224
1385   0.963081
1386   0.962143
1387   0.962644
1388   0.965414
1389   0.969071
1390   0.97314
1391   0.977106
1392   0.980775
1393   0.984088
1394   0.986983
1395   0.989508
1396   0.991652
1397   0.993478
1398   0.994992
1399   0.996252
1400   0.997267
1401   0.998084
1402   0.998711
1403   0.999184
1404   0.999513
1405   0.999722
1406   0.999823
1407   0.999835
1408   0.999773
1409   0.99965
1410   0.999487
1411   0.999291
1412   0.999089
1413   0.998886
1414   0.99871
1415   0.998557
1416   0.998458
1417   0.998398
1418   0.998397
1419   0.98519
1420   0.983958
1421   0.982489
1422   0.980774
1423   0.978805
1424   0.976596
1425   0.974258
1426   0.971824
1427   0.969638
1428   0.967737
1429   0.966818
1430   0.966717
1431   0.9681
1432   0.970634
1433   0.973644
1434   0.976963
1435   0.98012
1436   0.983171
1437   0.985878
1438   0.988354
1439   0.990482
1440   0.992367
1441   0.993953
1442   0.995323
1443   0.996449
1444   0.997394
1445   0.998145
1446   0.998747
1447   0.999197
1448   0.999526
1449   0.999738
1450   0.999853
1451   0.999883
1452   0.999842
1453   0.999746
1454   0.999608
1455   0.999447
1456   0.999274
1457   0.999109
1458   0.998963
1459   0.998851
1460   0.998778
1461   0.998748
1462   0.986431
1463   0.985362
1464   0.98407
1465   0.982627
1466   0.980942
1467   0.979129
1468   0.977157
1469   0.975185
1470   0.973312
1471   0.971726
1472   0.970732
1473   0.970388
1474   0.97117
1475   0.972747
1476   0.974994
1477   0.977539
1478   0.980202
1479   0.982815
1480   0.985282
1481   0.987564
1482   0.989618
1483   0.991457
1484   0.993065
1485   0.994471
1486   0.995671
1487   0.996696
1488   0.997545
1489   0.998245
1490   0.9988
1491   0.999231
1492   0.999543
1493   0.999754
1494   0.999873
1495   0.999914
1496   0.99989
1497   0.999813
1498   0.999702
1499   0.999565
1500   0.999425
1501   0.999288
1502   0.999179
1503   0.999094
1504   0.999052
1505   0.987568
1506   0.986604
1507   0.9855
1508   0.98425
1509   0.982856
1510   0.981325
1511   0.979733
1512   0.978086
1513   0.976582
1514   0.975219
1515   0.974329
1516   0.973878
1517   0.974186
1518   0.975174
1519   0.976699
1520   0.978639
1521   0.98073
1522   0.982938
1523   0.985059
1524   0.987127
1525   0.98901
1526   0.99077
1527   0.992324
1528   0.993736
1529   0.994952
1530   0.99603
1531   0.996936
1532   0.997716
1533   0.998348
1534   0.998867
1535   0.999264
1536   0.999564
1537   0.999766
1538   0.999887
1539   0.999935
1540   0.999923
1541   0.999866
1542   0.999774
1543   0.999665
1544   0.99955
1545   0.999447
1546   0.999364
1547   0.999309
1548   0.988616
1549   0.98777
1550   0.9868
1551   0.985739
1552   0.984549
1553   0.983284
1554   0.981946
1555   0.980605
1556   0.979331
1557   0.978204
1558   0.977382
1559   0.976915
1560   0.976997
1561   0.977566
1562   0.978628
1563   0.980028
1564   0.981675
1565   0.983444
1566   0.985252
1567   0.987035
1568   0.988738
1569   0.990344
1570   0.99182
1571   0.99317
1572   0.994377
1573   0.995456
1574   0.996395
1575   0.997213
1576   0.997903
1577   0.998482
1578   0.998949
1579   0.999319
1580   0.999592
1581   0.999783
1582   0.999898
1583   0.999949
1584   0.999946
1585   0.999901
1586   0.999829
1587   0.99974
1588   0.999654
1589   0.999574
1590   0.999519
1591   0.989579
1592   0.98882
1593   0.987984
1594   0.987065
1595   0.986073
1596   0.985006
1597   0.983915
1598   0.982796
1599   0.981763
1600   0.980808
1601   0.980103
1602   0.979637
1603   0.97957
1604   0.979879
1605   0.980566
1606   0.981579
1607   0.982811
1608   0.984228
1609   0.985699
1610   0.987229
1611   0.988704
1612   0.990158
1613   0.991502
1614   0.992781
1615   0.993929
1616   0.994993
1617   0.995924
1618   0.996764
1619   0.997479
1620   0.998104
1621   0.998616
1622   0.999044
1623   0.999373
1624   0.999626
1625   0.999799
1626   0.999909
1627   0.999959
1628   0.999962
1629   0.999929
1630   0.999872
1631   0.999806
1632   0.999739
1633   0.999685
1634   0.990468
1635   0.989797
1636   0.989062
1637   0.988276
1638   0.987427
1639   0.986538
1640   0.98562
1641   0.984704
1642   0.983834
1643   0.983047
1644   0.982424
1645   0.981999
1646   0.981859
1647   0.982002
1648   0.982453
1649   0.983164
1650   0.984097
1651   0.985193
1652   0.986397
1653   0.987662
1654   0.98894
1655   0.990206
1656   0.991425
1657   0.992587
1658   0.99367
1659   0.994675
1660   0.995586
1661   0.996409
1662   0.997135
1663   0.997772
1664   0.998316
1665   0.998775
1666   0.999148
1667   0.999444
1668   0.999666
1669   0.999823
1670   0.999919
1671   0.999966
1672   0.999972
1673   0.999948
1674   0.999906
1675   0.999854
1676   0.999809
1677   0.991287
1678   0.990689
1679   0.990049
1680   0.989367
1681   0.988651
1682   0.987898
1683   0.987141
1684   0.986374
1685   0.985663
1686   0.984997
1687   0.984473
1688   0.984079
1689   0.983907
1690   0.983945
1691   0.984224
1692   0.984724
1693   0.985408
1694   0.986264
1695   0.987217
1696   0.98827
1697   0.989338
1698   0.990446
1699   0.991511
1700   0.99257
1701   0.993553
1702   0.994501
1703   0.995355
1704   0.996157
1705   0.996862
1706   0.997504
1707   0.998051
1708   0.998533
1709   0.998928
1710   0.999259
1711   0.999513
1712   0.99971
1713   0.999844
1714   0.99993
1715   0.999972
1716   0.99998
1717   0.999963
1718   0.999932
1719   0.999896
1720   0.992044
1721   0.991513
1722   0.99095
1723   0.99036
1724   0.989744
1725   0.989109
1726   0.988467
1727   0.987832
1728   0.987231
1729   0.986682
1730   0.986226
1731   0.985886
1732   0.985702
1733   0.985687
1734   0.985859
1735   0.986209
1736   0.986725
1737   0.987383
1738   0.988152
1739   0.989007
1740   0.989913
1741   0.990852
1742   0.991792
1743   0.992722
1744   0.993619
1745   0.994477
1746   0.99528
1747   0.996027
1748   0.996707
1749   0.997323
1750   0.997868
1751   0.998345
1752   0.998753
1753   0.999095
1754   0.999373
1755   0.999592
1756   0.999756
1757   0.999871
1758   0.999942
1759   0.999977
1760   0.999985
1761   0.999973
1762   0.999952
1763   0.992742
1764   0.992269
1765   0.991776
1766   0.991261
1767   0.990733
1768   0.990189
1769   0.989652
1770   0.989114
1771   0.988617
1772   0.988149
1773   0.98777
1774   0.987466
1775   0.987295
1776   0.987247
1777   0.987352
1778   0.987601
1779   0.987985
1780   0.988503
1781   0.989112
1782   0.989821
1783   0.990569
1784   0.991379
1785   0.992182
1786   0.99301
1787   0.993799
1788   0.994584
1789   0.995309
1790   0.99601
1791   0.996639
1792   0.997231
1793   0.997747
1794   0.998218
1795   0.998616
1796   0.998967
1797   0.999249
1798   0.999486
1799   0.999664
1800   0.999801
1801   0.999893
1802   0.999953
1803   0.999981
1804   0.999989
1805   0.999981
1806   0.993387
1807   0.992966
1808   0.99253
1809   0.99208
1810   0.991619
1811   0.991153
1812   0.99069
1813   0.990238
1814   0.989812
1815   0.989424
1816   0.989097
1817   0.988844
1818   0.988686
1819   0.988635
1820   0.988701
1821   0.988887
1822   0.989189
1823   0.989598
1824   0.990099
1825   0.990678
1826   0.991315
1827   0.991994
1828   0.992696
1829   0.993409
1830   0.994115
1831   0.994806
1832   0.995469
1833   0.996099
1834   0.996685
1835   0.997228
1836   0.997719
1837   0.99816
1838   0.998548
1839   0.998884
1840   0.999168
1841   0.999403
1842   0.999592
1843   0.999738
1844   0.999845
1845   0.999918
1846   0.999963
1847   0.999985
1848   0.999991
