##### Y Variance #####
0   0.999936
1   0.999863
2   0.999324
3   0.998141
4   0.996154
5   0.99329
6   0.989479
7   0.984823
8   0.979421
9   0.973736
10   0.96787
11   0.962161
12   0.956674
13   0.951633
14   0.947122
15   0.943287
16   0.940211
17   0.937978
18   0.936591
19   0.936028
20   0.936246
21   0.937144
22   0.938686
23   0.940741
24   0.943252
25   0.946058
26   0.94909
27   0.952195
28   0.955332
29   0.958396
30   0.961377
31   0.964215
32   0.966916
33   0.969457
34   0.971851
35   0.974093
36   0.976195
37   0.97816
38   0.979997
39   0.981708
40   0.9833
41   0.984779
42   0.986149
43   0.9996
44   0.999869
45   0.999704
46   0.998897
47   0.997141
48   0.994541
49   0.99065
50   0.986059
51   0.979969
52   0.974209
53   0.967445
54   0.961379
55   0.954965
56   0.949333
57   0.943985
58   0.939515
59   0.935757
60   0.933027
61   0.931215
62   0.930298
63   0.930393
64   0.931089
65   0.932774
66   0.934847
67   0.937737
68   0.940742
69   0.944285
70   0.947663
71   0.951312
72   0.954669
73   0.958098
74   0.961209
75   0.964267
76   0.967047
77   0.969717
78   0.972165
79   0.974484
80   0.976625
81   0.978632
82   0.980491
83   0.98222
84   0.983819
85   0.985298
86   0.998743
87   0.999357
88   0.999727
89   0.999463
90   0.998297
91   0.996144
92   0.992821
93   0.988499
94   0.982931
95   0.976618
96   0.969724
97   0.962637
98   0.955517
99   0.94876
100   0.942446
101   0.937016
102   0.932396
103   0.928812
104   0.926236
105   0.924654
106   0.924147
107   0.924561
108   0.925971
109   0.928166
110   0.931121
111   0.934548
112   0.938384
113   0.942332
114   0.946375
115   0.950317
116   0.954154
117   0.957772
118   0.961187
119   0.964364
120   0.967326
121   0.970076
122   0.972631
123   0.975001
124   0.977197
125   0.97923
126   0.981108
127   0.982842
128   0.984436
129   0.997214
130   0.998167
131   0.999067
132   0.999437
133   0.998962
134   0.997493
135   0.994802
136   0.991143
137   0.98616
138   0.980265
139   0.973133
140   0.965995
141   0.957788
142   0.950675
143   0.942722
144   0.936748
145   0.930617
146   0.926122
147   0.922327
148   0.919654
149   0.918326
150   0.917932
151   0.919033
152   0.92093
153   0.924057
154   0.92758
155   0.931942
156   0.93622
157   0.940929
158   0.945339
159   0.949833
160   0.953907
161   0.957851
162   0.961412
163   0.964774
164   0.967832
165   0.970684
166   0.973295
167   0.975713
168   0.977933
169   0.979976
170   0.981851
171   0.983569
172   0.994893
173   0.995979
174   0.997461
175   0.998503
176   0.998884
177   0.99822
178   0.996452
179   0.993576
180   0.989493
181   0.984346
182   0.978081
183   0.971099
184   0.963447
185   0.95559
186   0.947567
187   0.939775
188   0.932518
189   0.925963
190   0.920409
191   0.916086
192   0.913095
193   0.911792
194   0.911915
195   0.913474
196   0.916264
197   0.91989
198   0.924381
199   0.929256
200   0.934463
201   0.939678
202   0.944787
203   0.949601
204   0.954074
205   0.958204
206   0.96198
207   0.965452
208   0.968619
209   0.971529
210   0.974182
211   0.976618
212   0.978834
213   0.980864
214   0.982707
215   0.991798
216   0.993091
217   0.994932
218   0.996635
219   0.997793
220   0.998003
221   0.997118
222   0.995176
223   0.992031
224   0.987886
225   0.982581
226   0.976453
227   0.969446
228   0.961973
229   0.953879
230   0.945774
231   0.936956
232   0.929665
233   0.921375
234   0.916309
235   0.910241
236   0.908325
237   0.906345
238   0.907146
239   0.909134
240   0.912134
241   0.916765
242   0.921727
243   0.927689
244   0.933498
245   0.939502
246   0.94494
247   0.950132
248   0.954786
249   0.959089
250   0.962965
251   0.966509
252   0.969718
253   0.97264
254   0.975292
255   0.9777
256   0.979884
257   0.981862
258   0.987935
259   0.989019
260   0.99138
261   0.993632
262   0.995662
263   0.996711
264   0.996841
265   0.995817
266   0.993744
267   0.990589
268   0.986383
269   0.981252
270   0.97524
271   0.968567
272   0.96125
273   0.953568
274   0.945428
275   0.93743
276   0.929478
277   0.92222
278   0.915605
279   0.910037
280   0.906115
281   0.903649
282   0.903385
283   0.905059
284   0.908653
285   0.914002
286   0.920324
287   0.92701
288   0.933723
289   0.940101
290   0.945932
291   0.951303
292   0.956101
293   0.960477
294   0.964382
295   0.967935
296   0.971116
297   0.974006
298   0.976597
299   0.978946
300   0.981051
301   0.98351
302   0.984637
303   0.987081
304   0.989916
305   0.99262
306   0.994547
307   0.995535
308   0.995489
309   0.994348
310   0.992239
311   0.989053
312   0.985027
313   0.980062
314   0.974454
315   0.968116
316   0.961358
317   0.954121
318   0.946623
319   0.939017
320   0.931434
321   0.923958
322   0.917045
323   0.909906
324   0.905868
325   0.901061
326   0.901935
327   0.9024
328   0.907717
329   0.913922
330   0.920807
331   0.928338
332   0.935269
333   0.941895
334   0.947844
335   0.95322
336   0.95803
337   0.962336
338   0.9662
339   0.96966
340   0.972767
341   0.975551
342   0.978051
343   0.980291
344   0.978651
345   0.979109
346   0.981952
347   0.985166
348   0.988673
349   0.991388
350   0.993347
351   0.994158
352   0.99404
353   0.992841
354   0.99073
355   0.987701
356   0.983865
357   0.979311
358   0.974102
359   0.968383
360   0.962144
361   0.955557
362   0.948637
363   0.941563
364   0.934382
365   0.927347
366   0.920383
367   0.914336
368   0.909147
369   0.905636
370   0.904427
371   0.905137
372   0.909499
373   0.915732
374   0.923202
375   0.931029
376   0.938159
377   0.944814
378   0.950605
379   0.95587
380   0.960485
381   0.964657
382   0.968341
383   0.971662
384   0.974605
385   0.977255
386   0.979607
387   0.973786
388   0.974213
389   0.97645
390   0.979973
391   0.984039
392   0.98762
393   0.990374
394   0.992102
395   0.992799
396   0.992538
397   0.9913
398   0.989272
399   0.986404
400   0.982924
401   0.978763
402   0.974138
403   0.968976
404   0.96343
405   0.95749
406   0.95127
407   0.944842
408   0.938342
409   0.931931
410   0.925617
411   0.919929
412   0.914872
413   0.910683
414   0.909273
415   0.908396
416   0.913903
417   0.91988
418   0.927828
419   0.935361
420   0.942336
421   0.948494
422   0.954042
423   0.958938
424   0.963327
425   0.967218
426   0.970697
427   0.973792
428   0.976557
429   0.979021
430   0.968952
431   0.968696
432   0.97071
433   0.973877
434   0.978735
435   0.983059
436   0.986708
437   0.989218
438   0.990827
439   0.991338
440   0.991021
441   0.98981
442   0.987917
443   0.985345
444   0.982228
445   0.978598
446   0.974511
447   0.970014
448   0.965121
449   0.959915
450   0.954412
451   0.948756
452   0.942926
453   0.937126
454   0.931471
455   0.926237
456   0.92164
457   0.918342
458   0.91647
459   0.91682
460   0.921323
461   0.927216
462   0.93424
463   0.941202
464   0.947292
465   0.952934
466   0.957906
467   0.962412
468   0.966398
469   0.969987
470   0.973169
471   0.976026
472   0.978563
473   0.964341
474   0.963791
475   0.96503
476   0.968227
477   0.973132
478   0.978152
479   0.982518
480   0.985877
481   0.988208
482   0.989541
483   0.989928
484   0.989546
485   0.988409
486   0.986729
487   0.984464
488   0.981802
489   0.978668
490   0.975195
491   0.971319
492   0.967126
493   0.96262
494   0.95784
495   0.952886
496   0.947715
497   0.942642
498   0.937605
499   0.933167
500   0.929196
501   0.926574
502   0.925067
503   0.925684
504   0.929934
505   0.935033
506   0.941336
507   0.947078
508   0.952559
509   0.957457
510   0.961933
511   0.965933
512   0.96954
513   0.972767
514   0.975664
515   0.978256
516   0.959986
517   0.958749
518   0.959425
519   0.961742
520   0.967226
521   0.97276
522   0.977874
523   0.981943
524   0.985094
525   0.987101
526   0.988272
527   0.988535
528   0.988185
529   0.987194
530   0.985772
531   0.983891
532   0.981669
533   0.979075
534   0.976159
535   0.972905
536   0.969337
537   0.965471
538   0.961327
539   0.956963
540   0.952466
541   0.94797
542   0.94366
543   0.939729
544   0.936535
545   0.934275
546   0.933755
547   0.935008
548   0.93884
549   0.943438
550   0.948414
551   0.95325
552   0.957822
553   0.962054
554   0.965924
555   0.96945
556   0.97264
557   0.975527
558   0.978127
559   0.956034
560   0.95434
561   0.954211
562   0.956421
563   0.961382
564   0.967285
565   0.972957
566   0.977778
567   0.981593
568   0.984346
569   0.986117
570   0.987079
571   0.987307
572   0.987022
573   0.986227
574   0.98511
575   0.983606
576   0.981846
577   0.979741
578   0.977365
579   0.974659
580   0.971647
581   0.968348
582   0.964734
583   0.960965
584   0.956983
585   0.953135
586   0.949325
587   0.946146
588   0.943489
589   0.942234
590   0.942197
591   0.943975
592   0.947146
593   0.950883
594   0.954938
595   0.958917
596   0.962771
597   0.966372
598   0.969725
599   0.972804
600   0.975623
601   0.978191
602   0.952542
603   0.950224
604   0.949343
605   0.950274
606   0.955499
607   0.961557
608   0.96778
609   0.973228
610   0.977792
611   0.981177
612   0.983649
613   0.985158
614   0.986038
615   0.986277
616   0.98614
617   0.985589
618   0.984792
619   0.983679
620   0.982337
621   0.980687
622   0.97877
623   0.976523
624   0.973977
625   0.971102
626   0.967968
627   0.964592
628   0.961137
629   0.957666
630   0.95451
631   0.951748
632   0.949967
633   0.949079
634   0.949838
635   0.951601
636   0.954316
637   0.957397
638   0.960734
639   0.964045
640   0.967294
641   0.970369
642   0.973274
643   0.975964
644   0.978459
645   0.949611
646   0.946792
647   0.945167
648   0.945865
649   0.949906
650   0.9559
651   0.96248
652   0.96858
653   0.973779
654   0.97787
655   0.980909
656   0.98305
657   0.984414
658   0.985237
659   0.985566
660   0.985608
661   0.985322
662   0.984848
663   0.984091
664   0.98313
665   0.981867
666   0.98033
667   0.978469
668   0.976272
669   0.973786
670   0.970978
671   0.968032
672   0.96492
673   0.961999
674   0.959274
675   0.95724
676   0.955935
677   0.955747
678   0.956586
679   0.95824
680   0.960492
681   0.963071
682   0.965832
683   0.968627
684   0.971382
685   0.974038
686   0.976561
687   0.978933
688   0.947292
689   0.944004
690   0.941608
691   0.940833
692   0.94453
693   0.94999
694   0.956994
695   0.963675
696   0.969569
697   0.974292
698   0.977999
699   0.980666
700   0.982617
701   0.983879
702   0.984749
703   0.985213
704   0.985472
705   0.985458
706   0.985282
707   0.984845
708   0.984198
709   0.98324
710   0.982001
711   0.980402
712   0.978494
713   0.976238
714   0.973755
715   0.971054
716   0.968389
717   0.965801
718   0.963704
719   0.962093
720   0.961432
721   0.961489
722   0.962419
723   0.963858
724   0.9658
725   0.967956
726   0.970311
727   0.97268
728   0.975071
729   0.977371
730   0.979601
731   0.945609
732   0.941887
733   0.938965
734   0.93782
735   0.939618
736   0.944488
737   0.951504
738   0.958717
739   0.965229
740   0.97063
741   0.974922
742   0.978206
743   0.980625
744   0.982417
745   0.983677
746   0.984628
747   0.985266
748   0.985746
749   0.985985
750   0.986071
751   0.985895
752   0.985491
753   0.984769
754   0.98373
755   0.982349
756   0.980616
757   0.978606
758   0.976325
759   0.973978
760   0.971614
761   0.96954
762   0.967837
763   0.966771
764   0.96636
765   0.966622
766   0.967457
767   0.968756
768   0.970394
769   0.972263
770   0.974267
771   0.976339
772   0.978412
773   0.980449
774   0.944596
775   0.940544
776   0.937062
777   0.934847
778   0.935378
779   0.938385
780   0.945869
781   0.95363
782   0.960709
783   0.966754
784   0.971701
785   0.975543
786   0.978535
787   0.980757
788   0.982505
789   0.983812
790   0.984898
791   0.985722
792   0.986409
793   0.98687
794   0.987162
795   0.987179
796   0.986944
797   0.986363
798   0.985466
799   0.984192
800   0.982622
801   0.980739
802   0.978721
803   0.976594
804   0.974645
805   0.972893
806   0.97166
807   0.970865
808   0.970709
809   0.971
810   0.971817
811   0.972941
812   0.9744
813   0.97601
814   0.97779
815   0.979596
816   0.981451
817   0.944244
818   0.939916
819   0.935942
820   0.932974
821   0.931865
822   0.934193
823   0.940582
824   0.948454
825   0.956062
826   0.962737
827   0.968312
828   0.972784
829   0.976281
830   0.979029
831   0.98116
832   0.98291
833   0.984314
834   0.985543
835   0.986541
836   0.987406
837   0.988036
838   0.988475
839   0.988618
840   0.988478
841   0.987991
842   0.987157
843   0.985989
844   0.984503
845   0.982811
846   0.980966
847   0.979162
848   0.977481
849   0.97612
850   0.975132
851   0.97461
852   0.974532
853   0.974892
854   0.975617
855   0.976658
856   0.977933
857   0.979391
858   0.980957
859   0.982585
860   0.944516
861   0.940065
862   0.935599
863   0.931832
864   0.929224
865   0.929024
866   0.935487
867   0.943348
868   0.951267
869   0.958532
870   0.964738
871   0.969816
872   0.973896
873   0.977111
874   0.97972
875   0.98182
876   0.983627
877   0.985148
878   0.986513
879   0.987661
880   0.988652
881   0.989397
882   0.989915
883   0.990117
884   0.990016
885   0.989547
886   0.988758
887   0.987623
888   0.986256
889   0.984672
890   0.983067
891   0.981468
892   0.980108
893   0.97897
894   0.978247
895   0.977848
896   0.977894
897   0.978241
898   0.978959
899   0.979891
900   0.981081
901   0.982378
902   0.983814
903   0.945331
904   0.94071
905   0.935941
906   0.931406
907   0.927666
908   0.926898
909   0.931046
910   0.938279
911   0.946396
912   0.954144
913   0.960975
914   0.966674
915   0.971307
916   0.975058
917   0.978082
918   0.980616
919   0.982735
920   0.984619
921   0.986246
922   0.987724
923   0.988973
924   0.990045
925   0.990843
926   0.991387
927   0.9916
928   0.991488
929   0.991029
930   0.99024
931   0.989174
932   0.987875
933   0.986467
934   0.985018
935   0.983679
936   0.982508
937   0.981619
938   0.981029
939   0.980787
940   0.980866
941   0.981265
942   0.981929
943   0.982833
944   0.983909
945   0.985117
946   0.946645
947   0.942108
948   0.937042
949   0.932133
950   0.927216
951   0.923944
952   0.927271
953   0.933305
954   0.941455
955   0.949647
956   0.957011
957   0.963325
958   0.968524
959   0.972781
960   0.976282
961   0.979192
962   0.981698
963   0.983866
964   0.985817
965   0.987536
966   0.989079
967   0.990389
968   0.991481
969   0.992286
970   0.992806
971   0.992984
972   0.992842
973   0.992352
974   0.991583
975   0.990541
976   0.989357
977   0.988056
978   0.98681
979   0.985628
980   0.98468
981   0.98393
982   0.983512
983   0.983342
984   0.983513
985   0.983909
986   0.984593
987   0.985429
988   0.986457
989   0.948346
990   0.943766
991   0.938713
992   0.933383
993   0.928107
994   0.924439
995   0.924385
996   0.928992
997   0.93668
998   0.94504
999   0.952911
1000   0.959744
1001   0.965501
1002   0.970279
1003   0.974224
1004   0.977566
1005   0.9804
1006   0.982916
1007   0.985119
1008   0.987131
1009   0.988893
1010   0.990474
1011   0.991789
1012   0.992869
1013   0.993638
1014   0.994108
1015   0.99424
1016   0.994048
1017   0.993551
1018   0.992779
1019   0.991811
1020   0.990699
1021   0.989557
1022   0.988439
1023   0.987454
1024   0.986638
1025   0.986064
1026   0.985737
1027   0.985688
1028   0.985891
1029   0.986344
1030   0.986996
1031   0.987815
1032   0.950403
1033   0.946067
1034   0.940996
1035   0.935712
1036   0.930013
1037   0.925197
1038   0.923281
1039   0.924459
1040   0.932011
1041   0.940566
1042   0.948658
1043   0.956033
1044   0.962264
1045   0.967553
1046   0.971947
1047   0.975683
1048   0.978891
1049   0.981701
1050   0.984208
1051   0.986451
1052   0.988473
1053   0.990262
1054   0.991823
1055   0.993119
1056   0.994143
1057   0.994854
1058   0.995255
1059   0.995324
1060   0.995094
1061   0.994569
1062   0.993831
1063   0.992902
1064   0.991905
1065   0.990861
1066   0.98991
1067   0.989046
1068   0.988401
1069   0.987931
1070   0.987741
1071   0.987752
1072   0.98804
1073   0.988494
1074   0.989159
1075   0.952704
1076   0.948489
1077   0.9437
1078   0.938428
1079   0.932776
1080   0.927482
1081   0.923479
1082   0.923393
1083   0.928286
1084   0.936117
1085   0.944411
1086   0.95211
1087   0.958835
1088   0.964568
1089   0.969394
1090   0.973537
1091   0.977081
1092   0.980228
1093   0.982991
1094   0.985509
1095   0.987741
1096   0.989772
1097   0.991531
1098   0.993064
1099   0.9943
1100   0.995262
1101   0.9959
1102   0.996232
1103   0.996251
1104   0.995981
1105   0.995466
1106   0.994746
1107   0.993901
1108   0.99298
1109   0.992077
1110   0.991234
1111   0.990531
1112   0.989993
1113   0.989669
1114   0.989557
1115   0.989673
1116   0.989985
1117   0.990474
1118   0.955202
1119   0.951351
1120   0.946769
1121   0.941872
1122   0.936276
1123   0.930886
1124   0.925556
1125   0.922034
1126   0.925819
1127   0.932284
1128   0.94037
1129   0.948359
1130   0.955343
1131   0.961496
1132   0.966675
1133   0.971184
1134   0.975063
1135   0.978501
1136   0.981548
1137   0.984296
1138   0.986768
1139   0.988995
1140   0.990975
1141   0.992702
1142   0.994162
1143   0.995336
1144   0.996212
1145   0.996777
1146   0.997042
1147   0.997008
1148   0.996722
1149   0.996204
1150   0.995536
1151   0.994743
1152   0.993934
1153   0.993124
1154   0.992426
1155   0.991829
1156   0.991437
1157   0.991202
1158   0.991207
1159   0.991368
1160   0.991736
1161   0.95778
1162   0.954137
1163   0.949973
1164   0.945309
1165   0.940111
1166   0.934627
1167   0.929183
1168   0.925283
1169   0.924802
1170   0.92958
1171   0.936934
1172   0.944717
1173   0.951924
1174   0.958309
1175   0.963807
1176   0.968636
1177   0.972807
1178   0.976545
1179   0.979832
1180   0.982835
1181   0.985507
1182   0.987956
1183   0.990118
1184   0.992058
1185   0.993708
1186   0.995105
1187   0.996193
1188   0.996996
1189   0.99749
1190   0.997698
1191   0.997635
1192   0.997334
1193   0.996847
1194   0.996214
1195   0.995512
1196   0.994782
1197   0.994101
1198   0.993504
1199   0.993049
1200   0.992751
1201   0.992641
1202   0.992705
1203   0.992934
1204   0.9604
1205   0.957137
1206   0.953272
1207   0.949099
1208   0.944237
1209   0.939236
1210   0.933798
1211   0.929209
1212   0.927111
1213   0.927713
1214   0.934282
1215   0.941867
1216   0.948852
1217   0.955413
1218   0.961052
1219   0.966116
1220   0.970521
1221   0.974484
1222   0.978004
1223   0.981202
1224   0.984082
1225   0.986704
1226   0.98906
1227   0.991171
1228   0.993017
1229   0.9946
1230   0.995899
1231   0.996912
1232   0.99763
1233   0.998061
1234   0.998221
1235   0.998129
1236   0.997834
1237   0.997365
1238   0.996797
1239   0.996156
1240   0.995536
1241   0.994946
1242   0.994481
1243   0.994121
1244   0.993949
1245   0.993908
1246   0.99405
1247   0.962978
1248   0.959943
1249   0.956508
1250   0.952671
1251   0.948387
1252   0.943753
1253   0.938932
1254   0.934411
1255   0.931029
1256   0.93053
1257   0.933276
1258   0.93971
1259   0.94636
1260   0.952814
1261   0.958495
1262   0.963693
1263   0.968237
1264   0.972395
1265   0.97607
1266   0.97946
1267   0.982487
1268   0.985289
1269   0.98779
1270   0.990079
1271   0.992082
1272   0.993856
1273   0.995336
1274   0.996559
1275   0.997482
1276   0.998135
1277   0.998509
1278   0.998632
1279   0.998532
1280   0.998242
1281   0.997818
1282   0.997298
1283   0.99675
1284   0.99621
1285   0.995742
1286   0.995369
1287   0.995134
1288   0.995035
1289   0.995078
1290   0.965498
1291   0.962797
1292   0.959669
1293   0.95631
1294   0.952465
1295   0.948479
1296   0.944149
1297   0.940169
1298   0.936492
1299   0.934251
1300   0.935781
1301   0.939388
1302   0.945227
1303   0.951245
1304   0.956668
1305   0.961759
1306   0.966323
1307   0.970514
1308   0.974293
1309   0.977764
1310   0.980918
1311   0.983821
1312   0.986458
1313   0.988866
1314   0.991021
1315   0.992939
1316   0.994591
1317   0.995988
1318   0.997105
1319   0.997955
1320   0.998534
1321   0.998859
1322   0.998953
1323   0.998842
1324   0.998574
1325   0.998181
1326   0.997732
1327   0.99725
1328   0.996816
1329   0.996434
1330   0.996177
1331   0.996018
1332   0.996007
1333   0.967913
1334   0.965427
1335   0.96267
1336   0.959643
1337   0.956335
1338   0.952794
1339   0.949154
1340   0.945535
1341   0.94241
1342   0.940041
1343   0.939607
1344   0.941824
1345   0.945503
1346   0.950696
1347   0.955557
1348   0.960425
1349   0.964795
1350   0.968953
1351   0.972687
1352   0.976205
1353   0.979381
1354   0.982369
1355   0.985068
1356   0.987587
1357   0.989837
1358   0.991892
1359   0.993675
1360   0.995236
1361   0.996518
1362   0.997558
1363   0.998323
1364   0.998846
1365   0.999128
1366   0.999201
1367   0.999094
1368   0.998845
1369   0.998504
1370   0.99811
1371   0.997719
1372   0.997363
1373   0.997088
1374   0.996907
1375   0.996835
1376   0.970224
1377   0.968007
1378   0.965517
1379   0.962874
1380   0.959947
1381   0.956925
1382   0.953735
1383   0.950681
1384   0.947854
1385   0.945717
1386   0.94481
1387   0.945338
1388   0.948051
1389   0.951692
1390   0.955838
1391   0.960022
1392   0.964074
1393   0.967936
1394   0.97155
1395   0.97495
1396   0.978107
1397   0.981067
1398   0.983803
1399   0.986349
1400   0.988676
1401   0.990805
1402   0.992701
1403   0.994378
1404   0.995807
1405   0.996998
1406   0.997934
1407   0.998632
1408   0.999091
1409   0.999336
1410   0.999391
1411   0.999286
1412   0.999067
1413   0.998764
1414   0.998441
1415   0.998116
1416   0.997856
1417   0.997652
1418   0.997555
1419   0.972412
1420   0.970383
1421   0.968185
1422   0.965822
1423   0.963302
1424   0.960652
1425   0.957975
1426   0.955318
1427   0.952984
1428   0.951032
1429   0.950075
1430   0.949996
1431   0.951365
1432   0.953912
1433   0.956997
1434   0.960506
1435   0.963976
1436   0.967498
1437   0.970811
1438   0.974055
1439   0.977063
1440   0.97997
1441   0.982647
1442   0.985205
1443   0.987536
1444   0.989724
1445   0.991676
1446   0.993455
1447   0.994986
1448   0.996315
1449   0.997391
1450   0.998251
1451   0.99887
1452   0.999282
1453   0.999494
1454   0.999537
1455   0.999444
1456   0.99925
1457   0.999002
1458   0.998734
1459   0.998491
1460   0.998296
1461   0.998171
1462   0.974483
1463   0.972666
1464   0.970688
1465   0.968614
1466   0.96639
1467   0.964113
1468   0.961779
1469   0.959528
1470   0.957466
1471   0.95576
1472   0.954697
1473   0.954332
1474   0.955096
1475   0.956693
1476   0.959013
1477   0.961721
1478   0.964655
1479   0.967666
1480   0.970661
1481   0.973604
1482   0.976441
1483   0.979178
1484   0.981777
1485   0.984253
1486   0.98657
1487   0.988741
1488   0.990731
1489   0.99255
1490   0.994162
1491   0.995579
1492   0.996773
1493   0.997758
1494   0.998519
1495   0.999076
1496   0.999432
1497   0.999615
1498   0.999649
1499   0.999563
1500   0.999403
1501   0.999194
1502   0.998992
1503   0.998806
1504   0.998682
1505   0.976434
1506   0.974781
1507   0.973026
1508   0.971178
1509   0.969249
1510   0.967256
1511   0.965273
1512   0.963321
1513   0.961574
1514   0.960052
1515   0.959041
1516   0.958537
1517   0.958809
1518   0.959813
1519   0.961397
1520   0.963483
1521   0.965801
1522   0.968358
1523   0.970926
1524   0.973578
1525   0.976138
1526   0.978704
1527   0.981132
1528   0.98352
1529   0.985745
1530   0.987891
1531   0.989852
1532   0.991698
1533   0.993338
1534   0.994827
1535   0.996097
1536   0.997189
1537   0.998062
1538   0.998749
1539   0.999235
1540   0.99955
1541   0.999706
1542   0.999734
1543   0.999664
1544   0.999531
1545   0.999373
1546   0.999219
1547   0.999095
1548   0.978272
1549   0.976787
1550   0.975212
1551   0.973581
1552   0.971878
1553   0.970152
1554   0.968421
1555   0.966749
1556   0.965212
1557   0.963884
1558   0.962915
1559   0.962356
1560   0.962384
1561   0.962948
1562   0.964057
1563   0.965576
1564   0.967422
1565   0.969486
1566   0.971688
1567   0.973972
1568   0.976278
1569   0.978586
1570   0.98085
1571   0.983068
1572   0.985199
1573   0.987245
1574   0.989169
1575   0.990975
1576   0.992627
1577   0.99413
1578   0.995455
1579   0.996609
1580   0.99757
1581   0.998353
1582   0.998948
1583   0.999376
1584   0.999643
1585   0.999776
1586   0.999798
1587   0.99974
1588   0.999638
1589   0.999516
1590   0.999413
1591   0.979998
1592   0.978654
1593   0.977253
1594   0.975801
1595   0.974314
1596   0.972802
1597   0.971314
1598   0.96986
1599   0.96854
1600   0.967365
1601   0.96648
1602   0.965901
1603   0.965754
1604   0.966045
1605   0.966756
1606   0.967872
1607   0.969264
1608   0.970941
1609   0.972745
1610   0.974719
1611   0.976713
1612   0.978796
1613   0.980829
1614   0.982894
1615   0.984862
1616   0.986816
1617   0.988639
1618   0.990404
1619   0.99201
1620   0.993519
1621   0.994848
1622   0.996048
1623   0.997058
1624   0.99792
1625   0.998596
1626   0.999122
1627   0.999485
1628   0.999716
1629   0.999827
1630   0.999848
1631   0.999805
1632   0.999729
1633   0.999646
1634   0.981618
1635   0.98041
1636   0.979155
1637   0.977871
1638   0.976557
1639   0.97524
1640   0.973937
1641   0.972683
1642   0.971523
1643   0.970499
1644   0.969687
1645   0.969125
1646   0.968892
1647   0.968996
1648   0.969459
1649   0.970245
1650   0.971318
1651   0.972632
1652   0.97413
1653   0.975775
1654   0.977514
1655   0.979326
1656   0.981164
1657   0.983018
1658   0.984845
1659   0.986644
1660   0.988374
1661   0.990036
1662   0.991594
1663   0.99305
1664   0.994373
1665   0.995567
1666   0.996608
1667   0.997505
1668   0.998242
1669   0.998833
1670   0.999274
1671   0.999585
1672   0.999774
1673   0.999867
1674   0.999885
1675   0.999854
1676   0.999803
1677   0.983134
1678   0.982046
1679   0.980929
1680   0.979787
1681   0.978635
1682   0.977478
1683   0.976349
1684   0.975254
1685   0.974252
1686   0.973348
1687   0.972622
1688   0.972084
1689   0.971804
1690   0.971795
1691   0.972065
1692   0.972627
1693   0.973421
1694   0.97447
1695   0.975669
1696   0.977062
1697   0.978526
1698   0.980122
1699   0.981725
1700   0.983407
1701   0.985045
1702   0.986714
1703   0.9883
1704   0.989873
1705   0.991331
1706   0.992739
1707   0.994005
1708   0.995188
1709   0.996215
1710   0.997135
1711   0.997895
1712   0.998537
1713   0.999029
1714   0.999407
1715   0.999661
1716   0.99982
1717   0.999896
1718   0.999913
1719   0.999895
1720   0.984551
1721   0.983575
1722   0.982577
1723   0.981565
1724   0.980546
1725   0.979533
1726   0.978543
1727   0.977594
1728   0.976714
1729   0.975927
1730   0.975275
1731   0.974782
1732   0.97449
1733   0.974415
1734   0.974573
1735   0.974965
1736   0.975577
1737   0.976395
1738   0.977385
1739   0.978531
1740   0.979791
1741   0.981154
1742   0.982577
1743   0.984051
1744   0.985539
1745   0.987034
1746   0.988501
1747   0.989937
1748   0.991308
1749   0.992616
1750   0.99383
1751   0.994952
1752   0.995959
1753   0.996856
1754   0.997626
1755   0.998278
1756   0.998805
1757   0.999219
1758   0.999522
1759   0.999732
1760   0.999856
1761   0.999919
1762   0.999934
1763   0.985873
1764   0.984998
1765   0.984108
1766   0.983209
1767   0.982312
1768   0.98142
1769   0.980558
1770   0.979726
1771   0.978963
1772   0.978271
1773   0.977698
1774   0.977249
1775   0.976964
1776   0.976856
1777   0.976936
1778   0.977222
1779   0.977681
1780   0.978343
1781   0.979139
1782   0.98011
1783   0.981163
1784   0.982354
1785   0.983576
1786   0.984894
1787   0.986199
1788   0.98756
1789   0.98887
1790   0.990197
1791   0.991441
1792   0.992667
1793   0.993786
1794   0.994856
1795   0.995802
1796   0.996676
1797   0.997419
1798   0.998076
1799   0.998605
1800   0.999045
1801   0.999373
1802   0.999622
1803   0.999784
1804   0.999885
1805   0.999934
1806   0.987102
1807   0.986319
1808   0.985526
1809   0.984728
1810   0.983933
1811   0.98315
1812   0.98239
1813   0.981666
1814   0.980997
1815   0.980398
1816   0.979892
1817   0.979497
1818   0.979234
1819   0.97912
1820   0.979165
1821   0.979375
1822   0.979747
1823   0.980277
1824   0.98095
1825   0.981755
1826   0.982668
1827   0.983679
1828   0.98476
1829   0.9859
1830   0.987073
1831   0.988267
1832   0.989459
1833   0.990639
1834   0.991785
1835   0.992888
1836   0.993931
1837   0.994907
1838   0.995802
1839   0.996613
1840   0.997329
1841   0.997952
1842   0.998478
1843   0.998912
1844   0.999256
1845   0.999518
1846   0.999706
1847   0.999832
1848   0.999908
