##### Y Variance #####
0   0.999924
1   0.999863
2   0.999308
3   0.998061
4   0.995941
5   0.992855
6   0.988712
7   0.983609
8   0.977648
9   0.97135
10   0.964828
11   0.958463
12   0.952327
13   0.946672
14   0.941598
15   0.93727
16   0.933788
17   0.93125
18   0.929664
19   0.929003
20   0.929227
21   0.930215
22   0.931933
23   0.93423
24   0.937045
25   0.94019
26   0.943589
27   0.947064
28   0.950573
29   0.953994
30   0.957318
31   0.960475
32   0.963476
33   0.966293
34   0.968944
35   0.971424
36   0.973748
37   0.975917
38   0.977943
39   0.979831
40   0.981587
41   0.983217
42   0.984727
43   0.999537
44   0.999846
45   0.999704
46   0.998879
47   0.997038
48   0.99427
49   0.990072
50   0.985071
51   0.97836
52   0.972006
53   0.964482
54   0.957729
55   0.95055
56   0.944223
57   0.938197
58   0.933135
59   0.928872
60   0.925751
61   0.923675
62   0.922593
63   0.922671
64   0.923411
65   0.92529
66   0.927594
67   0.930843
68   0.934204
69   0.938191
70   0.94197
71   0.946064
72   0.949813
73   0.953648
74   0.95711
75   0.960517
76   0.963602
77   0.966566
78   0.969275
79   0.971842
80   0.974208
81   0.976425
82   0.978478
83   0.980386
84   0.982151
85   0.983782
86   0.998575
87   0.99925
88   0.999686
89   0.99946
90   0.998282
91   0.996041
92   0.992515
93   0.987869
94   0.981797
95   0.974853
96   0.967215
97   0.959314
98   0.951339
99   0.943734
100   0.936597
101   0.930437
102   0.925174
103   0.921067
104   0.918095
105   0.916241
106   0.915609
107   0.916018
108   0.917566
109   0.920009
110   0.923321
111   0.927169
112   0.931483
113   0.93592
114   0.940463
115   0.944886
116   0.949186
117   0.953232
118   0.957044
119   0.960584
120   0.963879
121   0.966933
122   0.969766
123   0.972392
124   0.974823
125   0.977072
126   0.979147
127   0.981062
128   0.982823
129   0.996877
130   0.997905
131   0.998903
132   0.999363
133   0.998952
134   0.997485
135   0.994703
136   0.990843
137   0.985495
138   0.97907
139   0.971208
140   0.963281
141   0.954081
142   0.946083
143   0.937066
144   0.930284
145   0.92328
146   0.918109
147   0.913724
148   0.910591
149   0.909005
150   0.908465
151   0.909651
152   0.911738
153   0.915248
154   0.919196
155   0.92412
156   0.928932
157   0.934248
158   0.939208
159   0.944269
160   0.948839
161   0.953263
162   0.957243
163   0.960997
164   0.964403
165   0.967576
166   0.970477
167   0.97316
168   0.97562
169   0.977883
170   0.979957
171   0.981856
172   0.99432
173   0.995465
174   0.997069
175   0.998238
176   0.998755
177   0.998186
178   0.996451
179   0.993512
180   0.989222
181   0.98371
182   0.976888
183   0.969195
184   0.960675
185   0.951853
186   0.942776
187   0.933899
188   0.925588
189   0.918034
190   0.911597
191   0.90655
192   0.90302
193   0.90143
194   0.901475
195   0.903163
196   0.906271
197   0.910339
198   0.915407
199   0.920916
200   0.926807
201   0.932707
202   0.938481
203   0.943912
204   0.948949
205   0.953588
206   0.957821
207   0.961706
208   0.965241
209   0.968485
210   0.971437
211   0.974143
212   0.976603
213   0.978852
214   0.980893
215   0.990934
216   0.992275
217   0.994224
218   0.996078
219   0.997416
220   0.997797
221   0.997051
222   0.995175
223   0.991986
224   0.987653
225   0.98199
226   0.975323
227   0.967605
228   0.959264
229   0.950144
230   0.940924
231   0.93081
232   0.922413
233   0.912791
234   0.906881
235   0.899762
236   0.897454
237   0.895063
238   0.895852
239   0.898028
240   0.901358
241   0.906595
242   0.912204
243   0.918982
244   0.925572
245   0.932394
246   0.938552
247   0.944426
248   0.949675
249   0.95452
250   0.958873
251   0.962845
252   0.966434
253   0.969696
254   0.97265
255   0.975328
256   0.977753
257   0.979947
258   0.986736
259   0.987825
260   0.990283
261   0.992672
262   0.994915
263   0.996183
264   0.996545
265   0.995699
266   0.993733
267   0.990565
268   0.986193
269   0.98073
270   0.974202
271   0.966844
272   0.958666
273   0.949986
274   0.940693
275   0.931493
276   0.922278
277   0.913814
278   0.906051
279   0.899466
280   0.894783
281   0.891778
282   0.891321
283   0.893121
284   0.897152
285   0.903224
286   0.910428
287   0.918049
288   0.9257
289   0.93296
290   0.939582
291   0.94567
292   0.951093
293   0.956028
294   0.960419
295   0.964408
296   0.967968
297   0.971198
298   0.974085
299   0.976699
300   0.979037
301   0.981954
302   0.983061
303   0.985556
304   0.988518
305   0.991424
306   0.993604
307   0.994875
308   0.995101
309   0.994185
310   0.992213
311   0.989042
312   0.98488
313   0.979613
314   0.973528
315   0.966543
316   0.958975
317   0.950781
318   0.94219
319   0.933408
320   0.924574
321   0.91581
322   0.907652
323   0.899177
324   0.894347
325   0.888578
326   0.889458
327   0.889848
328   0.895889
329   0.902971
330   0.910828
331   0.919444
332   0.927354
333   0.93491
334   0.941675
335   0.947776
336   0.953219
337   0.958079
338   0.962429
339   0.966313
340   0.969793
341   0.972904
342   0.97569
343   0.978182
344   0.976728
345   0.977119
346   0.979983
347   0.983276
348   0.98698
349   0.989937
350   0.992223
351   0.993358
352   0.993566
353   0.992624
354   0.990684
355   0.987699
356   0.98376
357   0.978947
358   0.973307
359   0.967001
360   0.960006
361   0.952524
362   0.944572
363   0.936367
364   0.927969
365   0.919689
366   0.911441
367   0.904239
368   0.898026
369   0.893759
370   0.892184
371   0.892849
372   0.897776
373   0.904893
374   0.913448
375   0.922417
376   0.93057
377   0.938167
378   0.944755
379   0.950733
380   0.955954
381   0.960664
382   0.964809
383   0.968538
384   0.971833
385   0.974793
386   0.977412
387   0.971499
388   0.971829
389   0.974046
390   0.977626
391   0.981842
392   0.985659
393   0.988728
394   0.990818
395   0.991892
396   0.991981
397   0.991032
398   0.989199
399   0.986404
400   0.982857
401   0.97848
402   0.973479
403   0.967788
404   0.961554
405   0.954791
406   0.947613
407   0.940133
408   0.9325
409   0.924929
410   0.917421
411   0.910623
412   0.904544
413   0.899458
414   0.897649
415   0.896443
416   0.902729
417   0.909554
418   0.918675
419   0.927308
420   0.935286
421   0.94231
422   0.948622
423   0.954174
424   0.959139
425   0.963527
426   0.96744
427   0.970911
428   0.974002
429   0.976751
430   0.966315
431   0.965912
432   0.967886
433   0.971072
434   0.976046
435   0.980556
436   0.984516
437   0.987381
438   0.989407
439   0.990319
440   0.990385
441   0.989482
442   0.98781
443   0.98534
444   0.982193
445   0.978392
446   0.973983
447   0.96902
448   0.963512
449   0.957563
450   0.951193
451   0.944584
452   0.937714
453   0.930836
454   0.924092
455   0.917818
456   0.91227
457   0.908239
458   0.905878
459   0.906118
460   0.911221
461   0.917949
462   0.925993
463   0.933964
464   0.940913
465   0.947341
466   0.952985
467   0.95809
468   0.96259
469   0.966631
470   0.970202
471   0.973402
472   0.976233
473   0.961385
474   0.960669
475   0.961825
476   0.965013
477   0.969985
478   0.975163
479   0.979791
480   0.983497
481   0.986236
482   0.988004
483   0.988822
484   0.988834
485   0.988024
486   0.986582
487   0.984445
488   0.981788
489   0.978527
490   0.974785
491   0.970507
492   0.965773
493   0.96061
494   0.955055
495   0.949244
496   0.943127
497   0.937092
498   0.931066
499   0.925725
500   0.920914
501   0.917678
502   0.915742
503   0.916291
504   0.921104
505   0.926903
506   0.93411
507   0.94066
508   0.946904
509   0.952466
510   0.957539
511   0.962057
512   0.966121
513   0.969746
514   0.972991
515   0.975887
516   0.956745
517   0.9553
518   0.95588
519   0.958158
520   0.963668
521   0.969297
522   0.974644
523   0.979014
524   0.982565
525   0.985001
526   0.986635
527   0.987338
528   0.987399
529   0.986746
530   0.985581
531   0.983852
532   0.981667
533   0.978985
534   0.975852
535   0.972256
536   0.968217
537   0.963771
538   0.958936
539   0.953799
540   0.948462
541   0.943099
542   0.937925
543   0.93318
544   0.929285
545   0.92648
546   0.925706
547   0.92701
548   0.931331
549   0.936549
550   0.942207
551   0.947703
552   0.952888
553   0.957679
554   0.962048
555   0.96602
556   0.969602
557   0.972837
558   0.975741
559   0.952551
560   0.950642
561   0.950381
562   0.952523
563   0.95747
564   0.963436
565   0.969276
566   0.974364
567   0.978531
568   0.981703
569   0.983929
570   0.985359
571   0.986038
572   0.986167
573   0.985721
574   0.984873
575   0.983541
576   0.981846
577   0.97969
578   0.977142
579   0.974148
580   0.970727
581   0.966918
582   0.962686
583   0.958235
584   0.953497
585   0.948893
586   0.944307
587   0.940451
588   0.937193
589   0.935574
590   0.935373
591   0.937298
592   0.940851
593   0.945066
594   0.949654
595   0.954152
596   0.958505
597   0.962564
598   0.966335
599   0.96979
600   0.972946
601   0.975814
602   0.948859
603   0.946295
604   0.945277
605   0.946123
606   0.951297
607   0.957362
608   0.963715
609   0.969366
610   0.974247
611   0.978005
612   0.980922
613   0.982893
614   0.984253
615   0.984943
616   0.985226
617   0.985028
618   0.984512
619   0.983587
620   0.982331
621   0.980661
622   0.97861
623   0.976118
624   0.973217
625   0.969885
626   0.966203
627   0.962208
628   0.958087
629   0.953926
630   0.950116
631   0.946756
632   0.944534
633   0.943353
634   0.944095
635   0.946011
636   0.949037
637   0.952493
638   0.956245
639   0.95997
640   0.963622
641   0.967073
642   0.970327
643   0.973335
644   0.976119
645   0.945772
646   0.94271
647   0.940919
648   0.941509
649   0.945481
650   0.951459
651   0.958105
652   0.964363
653   0.969813
654   0.97424
655   0.97768
656   0.980271
657   0.982106
658   0.983405
659   0.984188
660   0.984647
661   0.984717
662   0.98453
663   0.983972
664   0.983116
665   0.981856
666   0.980215
667   0.978146
668   0.975634
669   0.972743
670   0.969438
671   0.965944
672   0.962229
673   0.95872
674   0.955423
675   0.952927
676   0.951272
677   0.950921
678   0.951766
679   0.953564
680   0.956058
681   0.958934
682   0.962022
683   0.965149
684   0.968231
685   0.9712
686   0.974015
687   0.976657
688   0.943336
689   0.939784
690   0.937225
691   0.936336
692   0.939945
693   0.945357
694   0.952388
695   0.959161
696   0.965259
697   0.970255
698   0.974327
699   0.977403
700   0.979815
701   0.981547
702   0.982894
703   0.983807
704   0.984481
705   0.984824
706   0.984936
707   0.984706
708   0.984174
709   0.983235
710   0.981914
711   0.980132
712   0.977943
713   0.975315
714   0.972389
715   0.969186
716   0.965999
717   0.96289
718   0.96034
719   0.958349
720   0.95746
721   0.957408
722   0.958369
723   0.959925
724   0.962066
725   0.964456
726   0.967075
727   0.969713
728   0.972375
729   0.974935
730   0.977415
731   0.941579
732   0.9376
733   0.934493
734   0.933222
735   0.934936
736   0.939748
737   0.946743
738   0.954005
739   0.960652
740   0.966278
741   0.970874
742   0.974532
743   0.977373
744   0.979625
745   0.981355
746   0.982777
747   0.983858
748   0.984746
749   0.985337
750   0.985712
751   0.985742
752   0.985461
753   0.984767
754   0.98366
755   0.982117
756   0.980125
757   0.977783
758   0.975096
759   0.972312
760   0.969488
761   0.966989
762   0.964911
763   0.96357
764   0.962986
765   0.963183
766   0.964046
767   0.965447
768   0.967241
769   0.969302
770   0.97152
771   0.973817
772   0.976117
773   0.978376
774   0.940524
775   0.936204
776   0.932542
777   0.930191
778   0.930647
779   0.933605
780   0.941029
781   0.948778
782   0.955948
783   0.962153
784   0.967359
785   0.971517
786   0.974899
787   0.977546
788   0.979755
789   0.981527
790   0.983076
791   0.984336
792   0.985424
793   0.986231
794   0.986804
795   0.987025
796   0.986911
797   0.986362
798   0.985404
799   0.983978
800   0.982173
801   0.979982
802   0.977606
803   0.975089
804   0.972758
805   0.970649
806   0.969131
807   0.968119
808   0.967844
809   0.968086
810   0.968936
811   0.970141
812   0.971734
813   0.9735
814   0.975463
815   0.977458
816   0.979509
817   0.940164
818   0.935579
819   0.931414
820   0.928316
821   0.927134
822   0.929403
823   0.935721
824   0.943555
825   0.951195
826   0.957985
827   0.963752
828   0.968496
829   0.972328
830   0.975469
831   0.978028
832   0.980234
833   0.982097
834   0.98378
835   0.985202
836   0.986458
837   0.98742
838   0.988132
839   0.988472
840   0.988448
841   0.98799
842   0.987097
843   0.985789
844   0.984084
845   0.982118
846   0.979953
847   0.97782
848   0.975814
849   0.974171
850   0.972952
851   0.972268
852   0.972096
853   0.972427
854   0.973179
855   0.974294
856   0.975679
857   0.977274
858   0.978995
859   0.980788
860   0.940455
861   0.935742
862   0.931095
863   0.927193
864   0.924529
865   0.924295
866   0.930662
867   0.938448
868   0.946368
869   0.953689
870   0.960042
871   0.965332
872   0.969705
873   0.973263
874   0.976272
875   0.9788
876   0.981058
877   0.983029
878   0.984835
879   0.986396
880   0.987761
881   0.988827
882   0.989601
883   0.989987
884   0.989991
885   0.989545
886   0.988698
887   0.987427
888   0.985862
889   0.984028
890   0.982149
891   0.980265
892   0.978643
893   0.97727
894   0.97637
895   0.97584
896   0.975819
897   0.976145
898   0.976894
899   0.977891
900   0.979181
901   0.980598
902   0.982173
903   0.941316
904   0.936448
905   0.931493
906   0.926836
907   0.923037
908   0.922224
909   0.926297
910   0.933451
911   0.941527
912   0.949296
913   0.956214
914   0.96208
915   0.966947
916   0.971002
917   0.974378
918   0.977314
919   0.979857
920   0.982184
921   0.984248
922   0.986154
923   0.987796
924   0.989227
925   0.990325
926   0.991109
927   0.991489
928   0.99147
929   0.991026
930   0.990176
931   0.988985
932   0.987503
933   0.985878
934   0.98419
935   0.982614
936   0.981223
937   0.980149
938   0.979413
939   0.979073
940   0.979099
941   0.97949
942   0.980185
943   0.981153
944   0.98232
945   0.983637
946   0.942697
947   0.937911
948   0.932671
949   0.927634
950   0.922673
951   0.919384
952   0.922633
953   0.928587
954   0.936675
955   0.944841
956   0.952256
957   0.958679
958   0.96407
959   0.968578
960   0.972396
961   0.975664
962   0.97857
963   0.981157
964   0.983539
965   0.985683
966   0.987633
967   0.98932
968   0.990745
969   0.991831
970   0.992568
971   0.992896
972   0.99283
973   0.992346
974   0.991516
975   0.990354
976   0.989008
977   0.987514
978   0.986066
979   0.984683
980   0.983557
981   0.982653
982   0.982122
983   0.981873
984   0.982012
985   0.982406
986   0.983127
987   0.984024
988   0.985139
989   0.944486
990   0.939672
991   0.934441
992   0.928994
993   0.923662
994   0.919969
995   0.919882
996   0.924422
997   0.93203
998   0.940342
999   0.948215
1000   0.955121
1001   0.961015
1002   0.966003
1003   0.970213
1004   0.973879
1005   0.977073
1006   0.979986
1007   0.982597
1008   0.985027
1009   0.987193
1010   0.989163
1011   0.990828
1012   0.99222
1013   0.993243
1014   0.99391
1015   0.994171
1016   0.994042
1017   0.993542
1018   0.992709
1019   0.991633
1020   0.990375
1021   0.989066
1022   0.987774
1023   0.986623
1024   0.985657
1025   0.984962
1026   0.984544
1027   0.98444
1028   0.984621
1029   0.985085
1030   0.985775
1031   0.986657
1032   0.946645
1033   0.942076
1034   0.936837
1035   0.931428
1036   0.925679
1037   0.920842
1038   0.918915
1039   0.920074
1040   0.92753
1041   0.936005
1042   0.944075
1043   0.951476
1044   0.957809
1045   0.963256
1046   0.967878
1047   0.971891
1048   0.975427
1049   0.978598
1050   0.981491
1051   0.984131
1052   0.986552
1053   0.988726
1054   0.990649
1055   0.992274
1056   0.99358
1057   0.994522
1058   0.995094
1059   0.995272
1060   0.995091
1061   0.994557
1062   0.993759
1063   0.992729
1064   0.991604
1065   0.990414
1066   0.989317
1067   0.988313
1068   0.987547
1069   0.986978
1070   0.986722
1071   0.986692
1072   0.986974
1073   0.987445
1074   0.988155
1075   0.949063
1076   0.944628
1077   0.939667
1078   0.934276
1079   0.928562
1080   0.92325
1081   0.919257
1082   0.919156
1083   0.923985
1084   0.931737
1085   0.939978
1086   0.947676
1087   0.954455
1088   0.960311
1089   0.965316
1090   0.969699
1091   0.973526
1092   0.977002
1093   0.980117
1094   0.983013
1095   0.985623
1096   0.988034
1097   0.990152
1098   0.992025
1099   0.99356
1100   0.99478
1101   0.995621
1102   0.996103
1103   0.996213
1104   0.99598
1105   0.995451
1106   0.994673
1107   0.993738
1108   0.992703
1109   0.991676
1110   0.990708
1111   0.989891
1112   0.989254
1113   0.988855
1114   0.988693
1115   0.988787
1116   0.989102
1117   0.989618
1118   0.951688
1119   0.947618
1120   0.942873
1121   0.937848
1122   0.93219
1123   0.926772
1124   0.921468
1125   0.917978
1126   0.921703
1127   0.928095
1128   0.936117
1129   0.94407
1130   0.951083
1131   0.957315
1132   0.96264
1133   0.967344
1134   0.971472
1135   0.975197
1136   0.978568
1137   0.98166
1138   0.984493
1139   0.987082
1140   0.989417
1141   0.991482
1142   0.99325
1143   0.994698
1144   0.995802
1145   0.996548
1146   0.99694
1147   0.996982
1148   0.996722
1149   0.996186
1150   0.995463
1151   0.994588
1152   0.993681
1153   0.992764
1154   0.991963
1155   0.99127
1156   0.990802
1157   0.99051
1158   0.990484
1159   0.990634
1160   0.991016
1161   0.954404
1162   0.950554
1163   0.946224
1164   0.941436
1165   0.936164
1166   0.930652
1167   0.92522
1168   0.921345
1169   0.920867
1170   0.925589
1171   0.932871
1172   0.940607
1173   0.947808
1174   0.954246
1175   0.959848
1176   0.964838
1177   0.969215
1178   0.973206
1179   0.976778
1180   0.980098
1181   0.9831
1182   0.985895
1183   0.988396
1184   0.990671
1185   0.992629
1186   0.994311
1187   0.995642
1188   0.996651
1189   0.9973
1190   0.997618
1191   0.997617
1192   0.997334
1193   0.996827
1194   0.996144
1195   0.995369
1196   0.994553
1197   0.993783
1198   0.993099
1199   0.99257
1200   0.992213
1201   0.992064
1202   0.992109
1203   0.99234
1204   0.957168
1205   0.953702
1206   0.949677
1207   0.945373
1208   0.940434
1209   0.935389
1210   0.929959
1211   0.925394
1212   0.923314
1213   0.923923
1214   0.930418
1215   0.937937
1216   0.944904
1217   0.951484
1218   0.957202
1219   0.962388
1220   0.966967
1221   0.971144
1222   0.974918
1223   0.978397
1224   0.981582
1225   0.984524
1226   0.987203
1227   0.989635
1228   0.991787
1229   0.993657
1230   0.99521
1231   0.996444
1232   0.997341
1233   0.997908
1234   0.998159
1235   0.998117
1236   0.997834
1237   0.997343
1238   0.996729
1239   0.996023
1240   0.99533
1241   0.994664
1242   0.994131
1243   0.993713
1244   0.9935
1245   0.993432
1246   0.993569
1247   0.959898
1248   0.956673
1249   0.953077
1250   0.949111
1251   0.944738
1252   0.940054
1253   0.935218
1254   0.930713
1255   0.927357
1256   0.926868
1257   0.929596
1258   0.935972
1259   0.942586
1260   0.949042
1261   0.95477
1262   0.960063
1263   0.964744
1264   0.969085
1265   0.972976
1266   0.976618
1267   0.979918
1268   0.983016
1269   0.985817
1270   0.988414
1271   0.990712
1272   0.992772
1273   0.994509
1274   0.995964
1275   0.997082
1276   0.997893
1277   0.998383
1278   0.998584
1279   0.998524
1280   0.998241
1281   0.997796
1282   0.997234
1283   0.99663
1284   0.996028
1285   0.995499
1286   0.995073
1287   0.994794
1288   0.994667
1289   0.994698
1290   0.962573
1291   0.959688
1292   0.956405
1293   0.952914
1294   0.948976
1295   0.944924
1296   0.940569
1297   0.936583
1298   0.93293
1299   0.930715
1300   0.932233
1301   0.935818
1302   0.94162
1303   0.947624
1304   0.953079
1305   0.958237
1306   0.962913
1307   0.967255
1308   0.97122
1309   0.974911
1310   0.978311
1311   0.981481
1312   0.984398
1313   0.987094
1314   0.989533
1315   0.991727
1316   0.993638
1317   0.99527
1318   0.996593
1319   0.997617
1320   0.998332
1321   0.998758
1322   0.998916
1323   0.998837
1324   0.998572
1325   0.998158
1326   0.997672
1327   0.997142
1328   0.996658
1329   0.996226
1330   0.995931
1331   0.99574
1332   0.995713
1333   0.965148
1334   0.962489
1335   0.95958
1336   0.956424
1337   0.953014
1338   0.949401
1339   0.945717
1340   0.942081
1341   0.938956
1342   0.936605
1343   0.936179
1344   0.938383
1345   0.942048
1346   0.947225
1347   0.952104
1348   0.957022
1349   0.961479
1350   0.965762
1351   0.969652
1352   0.973363
1353   0.976756
1354   0.979987
1355   0.98294
1356   0.985728
1357   0.988245
1358   0.990567
1359   0.992601
1360   0.994401
1361   0.995893
1362   0.997118
1363   0.998035
1364   0.998679
1365   0.999046
1366   0.999173
1367   0.999091
1368   0.998842
1369   0.998483
1370   0.998056
1371   0.997625
1372   0.997229
1373   0.996917
1374   0.996707
1375   0.996616
1376   0.967618
1377   0.965237
1378   0.962602
1379   0.95983
1380   0.9568
1381   0.953696
1382   0.950453
1383   0.947364
1384   0.944526
1385   0.94239
1386   0.941488
1387   0.942019
1388   0.944718
1389   0.948355
1390   0.952513
1391   0.956736
1392   0.960859
1393   0.964824
1394   0.968574
1395   0.972139
1396   0.975489
1397   0.978664
1398   0.981633
1399   0.984426
1400   0.987005
1401   0.989385
1402   0.991526
1403   0.993436
1404   0.995077
1405   0.99646
1406   0.997558
1407   0.99839
1408   0.998952
1409   0.999271
1410   0.99937
1411   0.999284
1412   0.999064
1413   0.998744
1414   0.998394
1415   0.998036
1416   0.997745
1417   0.997513
1418   0.997398
1419   0.969966
1420   0.967785
1421   0.965447
1422   0.962959
1423   0.960333
1424   0.957598
1425   0.954855
1426   0.952154
1427   0.949792
1428   0.947829
1429   0.946862
1430   0.946786
1431   0.948151
1432   0.950698
1433   0.953796
1434   0.957338
1435   0.960866
1436   0.964475
1437   0.967902
1438   0.971291
1439   0.974467
1440   0.977568
1441   0.980454
1442   0.983239
1443   0.985801
1444   0.988227
1445   0.990411
1446   0.992417
1447   0.994158
1448   0.995681
1449   0.996925
1450   0.99793
1451   0.998666
1452   0.999167
1453   0.99944
1454   0.999521
1455   0.999443
1456   0.999247
1457   0.998984
1458   0.998693
1459   0.998426
1460   0.998208
1461   0.998065
1462   0.972195
1463   0.970235
1464   0.968125
1465   0.965929
1466   0.963601
1467   0.961235
1468   0.958831
1469   0.956525
1470   0.954426
1471   0.952696
1472   0.951619
1473   0.951247
1474   0.952006
1475   0.953605
1476   0.955936
1477   0.958673
1478   0.961657
1479   0.964742
1480   0.967836
1481   0.970904
1482   0.973889
1483   0.976797
1484   0.979585
1485   0.982265
1486   0.984796
1487   0.987188
1488   0.989398
1489   0.991432
1490   0.99325
1491   0.994858
1492   0.996224
1493   0.99736
1494   0.998247
1495   0.998906
1496   0.999338
1497   0.999573
1498   0.999636
1499   0.999563
1500   0.9994
1501   0.999179
1502   0.998959
1503   0.998754
1504   0.998615
1505   0.974302
1506   0.972515
1507   0.970636
1508   0.968672
1509   0.96664
1510   0.964558
1511   0.962499
1512   0.960488
1513   0.958693
1514   0.957139
1515   0.956103
1516   0.955588
1517   0.955851
1518   0.956857
1519   0.958449
1520   0.960561
1521   0.96292
1522   0.965542
1523   0.968194
1524   0.970956
1525   0.973644
1526   0.976362
1527   0.978957
1528   0.981532
1529   0.98395
1530   0.986301
1531   0.988466
1532   0.990517
1533   0.992352
1534   0.99403
1535   0.995469
1536   0.996717
1537   0.997721
1538   0.998519
1539   0.999092
1540   0.999473
1541   0.999672
1542   0.999724
1543   0.999664
1544   0.999528
1545   0.999361
1546   0.999193
1547   0.999057
1548   0.97629
1549   0.974682
1550   0.97299
1551   0.971249
1552   0.969448
1553   0.967633
1554   0.965825
1555   0.964089
1556   0.9625
1557   0.961132
1558   0.960134
1559   0.959555
1560   0.959571
1561   0.960133
1562   0.961249
1563   0.962788
1564   0.96467
1565   0.966789
1566   0.969064
1567   0.971442
1568   0.973861
1569   0.976304
1570   0.978718
1571   0.981102
1572   0.983409
1573   0.985641
1574   0.987754
1575   0.989751
1576   0.991589
1577   0.993272
1578   0.994763
1579   0.99607
1580   0.997166
1581   0.998066
1582   0.998756
1583   0.999259
1584   0.999579
1585   0.999749
1586   0.999791
1587   0.99974
1588   0.999636
1589   0.999507
1590   0.999395
1591   0.978162
1592   0.976704
1593   0.975195
1594   0.97364
1595   0.972058
1596   0.97046
1597   0.968894
1598   0.967375
1599   0.965998
1600   0.96478
1601   0.96386
1602   0.963257
1603   0.963093
1604   0.963379
1605   0.964092
1606   0.965226
1607   0.966647
1608   0.968372
1609   0.970237
1610   0.972295
1611   0.974386
1612   0.976589
1613   0.978753
1614   0.980968
1615   0.983094
1616   0.985218
1617   0.987213
1618   0.989156
1619   0.990934
1620   0.992615
1621   0.994103
1622   0.995454
1623   0.996597
1624   0.997578
1625   0.998354
1626   0.998962
1627   0.999387
1628   0.999665
1629   0.999805
1630   0.999841
1631   0.999805
1632   0.999727
1633   0.99964
1634   0.979921
1635   0.978609
1636   0.977255
1637   0.975874
1638   0.974471
1639   0.97307
1640   0.971693
1641   0.970372
1642   0.969156
1643   0.968085
1644   0.967236
1645   0.966645
1646   0.966393
1647   0.966488
1648   0.966952
1649   0.96775
1650   0.968848
1651   0.970201
1652   0.971754
1653   0.973471
1654   0.975297
1655   0.977212
1656   0.979167
1657   0.981153
1658   0.983123
1659   0.985074
1660   0.986962
1661   0.988786
1662   0.990505
1663   0.99212
1664   0.993594
1665   0.994932
1666   0.996103
1667   0.997118
1668   0.997956
1669   0.998633
1670   0.999142
1671   0.999506
1672   0.999732
1673   0.999849
1674   0.99988
1675   0.999853
1676   0.999802
1677   0.98157
1678   0.980388
1679   0.979178
1680   0.977948
1681   0.976711
1682   0.975476
1683   0.974275
1684   0.973116
1685   0.972057
1686   0.971106
1687   0.97034
1688   0.969773
1689   0.96947
1690   0.969451
1691   0.969717
1692   0.97029
1693   0.971103
1694   0.972187
1695   0.973432
1696   0.974888
1697   0.976427
1698   0.978115
1699   0.979821
1700   0.981621
1701   0.983384
1702   0.985192
1703   0.986918
1704   0.988641
1705   0.990245
1706   0.9918
1707   0.993207
1708   0.994526
1709   0.995677
1710   0.996712
1711   0.997572
1712   0.998301
1713   0.998864
1714   0.999299
1715   0.999596
1716   0.999786
1717   0.999881
1718   0.999909
1719   0.999895
1720   0.983113
1721   0.982052
1722   0.980969
1723   0.979875
1724   0.978779
1725   0.977693
1726   0.976635
1727   0.975624
1728   0.97469
1729   0.973857
1730   0.973165
1731   0.972642
1732   0.972327
1733   0.972239
1734   0.972393
1735   0.972792
1736   0.97342
1737   0.974267
1738   0.975298
1739   0.976498
1740   0.977826
1741   0.979268
1742   0.980783
1743   0.982361
1744   0.983962
1745   0.985579
1746   0.987174
1747   0.988742
1748   0.990248
1749   0.991689
1750   0.993033
1751   0.994281
1752   0.995405
1753   0.99641
1754   0.997277
1755   0.998015
1756   0.998613
1757   0.999087
1758   0.999436
1759   0.99968
1760   0.999829
1761   0.999906
1762   0.99993
1763   0.984554
1764   0.983601
1765   0.982635
1766   0.981662
1767   0.980693
1768   0.979734
1769   0.978808
1770   0.977919
1771   0.977105
1772   0.976369
1773   0.975757
1774   0.975278
1775   0.97497
1776   0.97485
1777   0.974923
1778   0.975215
1779   0.975687
1780   0.976375
1781   0.977205
1782   0.978226
1783   0.979336
1784   0.980599
1785   0.9819
1786   0.983313
1787   0.984716
1788   0.986188
1789   0.987609
1790   0.989058
1791   0.99042
1792   0.99177
1793   0.993005
1794   0.994192
1795   0.995244
1796   0.996221
1797   0.997054
1798   0.997794
1799   0.998392
1800   0.998892
1801   0.999267
1802   0.999554
1803   0.999742
1804   0.999863
1805   0.999924
1806   0.985895
1807   0.985042
1808   0.98418
1809   0.983315
1810   0.982455
1811   0.98161
1812   0.980793
1813   0.980016
1814   0.979299
1815   0.978658
1816   0.978117
1817   0.977694
1818   0.97741
1819   0.977282
1820   0.977321
1821   0.977535
1822   0.977919
1823   0.978471
1824   0.979175
1825   0.980022
1826   0.980988
1827   0.982062
1828   0.983215
1829   0.984436
1830   0.985698
1831   0.986989
1832   0.988283
1833   0.989569
1834   0.990822
1835   0.992035
1836   0.993185
1837   0.994265
1838   0.995259
1839   0.996162
1840   0.996963
1841   0.997663
1842   0.998255
1843   0.998746
1844   0.999136
1845   0.999436
1846   0.999653
1847   0.9998
1848   0.99989
