##### Y Variance #####
0   0.999998
1   0.999922
2   0.999703
3   0.999305
4   0.998711
5   0.997943
6   0.997025
7   0.996012
8   0.99494
9   0.993867
10   0.992821
11   0.991848
12   0.990963
13   0.990195
14   0.989548
15   0.989036
16   0.988651
17   0.9884
18   0.988268
19   0.988252
20   0.988337
21   0.988515
22   0.98877
23   0.989094
24   0.989471
25   0.989893
26   0.990346
27   0.990824
28   0.991315
29   0.991815
30   0.992314
31   0.992809
32   0.993294
33   0.993765
34   0.994221
35   0.994658
36   0.995075
37   0.99547
38   0.995844
39   0.996195
40   0.996524
41   0.99683
42   0.997115
43   0.99998
44   0.99999
45   0.99984
46   0.999495
47   0.99888
48   0.998092
49   0.997064
50   0.995979
51   0.994753
52   0.993591
53   0.992389
54   0.991335
55   0.990316
56   0.989491
57   0.988744
58   0.988201
59   0.987754
60   0.987498
61   0.987336
62   0.987338
63   0.98742
64   0.987632
65   0.987904
66   0.988272
67   0.988678
68   0.989149
69   0.989639
70   0.990166
71   0.990698
72   0.991245
73   0.991784
74   0.992323
75   0.992846
76   0.993357
77   0.993847
78   0.994319
79   0.994767
80   0.995192
81   0.995593
82   0.995969
83   0.996322
84   0.99665
85   0.996955
86   0.999864
87   0.999982
88   0.999967
89   0.999726
90   0.99919
91   0.998392
92   0.99735
93   0.996157
94   0.994859
95   0.993546
96   0.992251
97   0.991046
98   0.989942
99   0.988987
100   0.988177
101   0.987538
102   0.987055
103   0.986739
104   0.986567
105   0.98654
106   0.986633
107   0.986841
108   0.987139
109   0.98752
110   0.987963
111   0.988459
112   0.98899
113   0.989549
114   0.990123
115   0.990704
116   0.991284
117   0.991858
118   0.992418
119   0.992963
120   0.993487
121   0.993989
122   0.994467
123   0.99492
124   0.995347
125   0.995748
126   0.996123
127   0.996472
128   0.996797
129   0.999604
130   0.999847
131   0.999995
132   0.999911
133   0.999496
134   0.998776
135   0.997725
136   0.996517
137   0.995115
138   0.993729
139   0.992291
140   0.990995
141   0.989746
142   0.988709
143   0.987776
144   0.987077
145   0.986503
146   0.986152
147   0.985922
148   0.985884
149   0.985949
150   0.986165
151   0.986458
152   0.986861
153   0.987315
154   0.987841
155   0.988393
156   0.988987
157   0.989588
158   0.990205
159   0.990814
160   0.991422
161   0.992013
162   0.992589
163   0.993143
164   0.993674
165   0.994179
166   0.994658
167   0.99511
168   0.995534
169   0.995931
170   0.9963
171   0.996643
172   0.99915
173   0.999503
174   0.999864
175   1
176   0.999794
177   0.999208
178   0.998257
179   0.997044
180   0.995639
181   0.994154
182   0.992651
183   0.991214
184   0.989878
185   0.988697
186   0.987682
187   0.98686
188   0.986222
189   0.985779
190   0.985509
191   0.98541
192   0.985456
193   0.985638
194   0.985931
195   0.986322
196   0.986788
197   0.987317
198   0.987891
199   0.988498
200   0.989124
201   0.98976
202   0.990397
203   0.991027
204   0.991645
205   0.992245
206   0.992824
207   0.99338
208   0.993909
209   0.994411
210   0.994885
211   0.99533
212   0.995747
213   0.996135
214   0.996496
215   0.99847
216   0.998957
217   0.999529
218   0.999918
219   0.999968
220   0.999591
221   0.998777
222   0.997659
223   0.996255
224   0.994765
225   0.993172
226   0.99167
227   0.990203
228   0.988937
229   0.987787
230   0.986884
231   0.986131
232   0.985624
233   0.985266
234   0.985125
235   0.985112
236   0.985272
237   0.98553
238   0.985915
239   0.986365
240   0.9869
241   0.987472
242   0.988092
243   0.988725
244   0.989379
245   0.99003
246   0.99068
247   0.991315
248   0.991937
249   0.992535
250   0.993111
251   0.99366
252   0.994182
253   0.994675
254   0.995139
255   0.995574
256   0.995981
257   0.996358
258   0.997533
259   0.998047
260   0.998904
261   0.999597
262   0.999978
263   0.999881
264   0.999303
265   0.998321
266   0.997024
267   0.995532
268   0.993941
269   0.992348
270   0.990822
271   0.989425
272   0.988193
273   0.987157
274   0.986324
275   0.985701
276   0.985278
277   0.985047
278   0.984988
279   0.985084
280   0.985313
281   0.985656
282   0.986093
283   0.986604
284   0.987172
285   0.987782
286   0.98842
287   0.989073
288   0.989733
289   0.99039
290   0.991038
291   0.99167
292   0.992283
293   0.992872
294   0.993438
295   0.993975
296   0.994484
297   0.994964
298   0.995416
299   0.995838
300   0.996231
301   0.996369
302   0.996978
303   0.998015
304   0.999025
305   0.999765
306   0.999999
307   0.999705
308   0.998947
309   0.997783
310   0.996386
311   0.994794
312   0.993196
313   0.991586
314   0.990128
315   0.988776
316   0.987659
317   0.986703
318   0.986002
319   0.985471
320   0.985174
321   0.985029
322   0.985077
323   0.985243
324   0.985553
325   0.985946
326   0.986436
327   0.986977
328   0.987577
329   0.9882
330   0.988851
331   0.989505
332   0.990164
333   0.990813
334   0.991452
335   0.992071
336   0.992671
337   0.993246
338   0.993795
339   0.994317
340   0.99481
341   0.995275
342   0.99571
343   0.996117
344   0.995009
345   0.995426
346   0.996755
347   0.998095
348   0.999241
349   0.99989
350   0.999958
351   0.99948
352   0.998547
353   0.99727
354   0.995773
355   0.994167
356   0.992555
357   0.991012
358   0.989604
359   0.988368
360   0.987336
361   0.986514
362   0.985907
363   0.985503
364   0.985293
365   0.985252
366   0.985366
367   0.985608
368   0.985962
369   0.986403
370   0.986917
371   0.987482
372   0.988087
373   0.988716
374   0.989361
375   0.990007
376   0.990653
377   0.991287
378   0.991909
379   0.992509
380   0.99309
381   0.993644
382   0.994175
383   0.994677
384   0.995153
385   0.995599
386   0.996018
387   0.993619
388   0.994109
389   0.995271
390   0.996832
391   0.998389
392   0.999485
393   0.999976
394   0.999852
395   0.999187
396   0.998119
397   0.996734
398   0.995208
399   0.993587
400   0.992035
401   0.99055
402   0.989258
403   0.988119
404   0.987222
405   0.986505
406   0.986026
407   0.985716
408   0.985609
409   0.985639
410   0.985826
411   0.986113
412   0.98651
413   0.986973
414   0.987505
415   0.988073
416   0.988678
417   0.989296
418   0.989928
419   0.990557
420   0.991183
421   0.991796
422   0.992394
423   0.992972
424   0.99353
425   0.994063
426   0.994572
427   0.995054
428   0.995509
429   0.995936
430   0.992193
431   0.992477
432   0.993613
433   0.995132
434   0.997161
435   0.99876
436   0.999708
437   0.999998
438   0.999682
439   0.998866
440   0.997682
441   0.996253
442   0.99471
443   0.993144
444   0.991653
445   0.990285
446   0.989095
447   0.988094
448   0.987308
449   0.986722
450   0.986339
451   0.986133
452   0.986096
453   0.986197
454   0.986426
455   0.986753
456   0.987168
457   0.987643
458   0.988173
459   0.988735
460   0.989325
461   0.989925
462   0.990535
463   0.991139
464   0.99174
465   0.992325
466   0.992898
467   0.99345
468   0.993984
469   0.994493
470   0.99498
471   0.995439
472   0.995873
473   0.990792
474   0.990996
475   0.991861
476   0.993467
477   0.995669
478   0.997691
479   0.999134
480   0.999874
481   0.999953
482   0.99946
483   0.998508
484   0.997259
485   0.995803
486   0.994303
487   0.9928
488   0.991422
489   0.990164
490   0.989114
491   0.988235
492   0.987581
493   0.987099
494   0.986821
495   0.986691
496   0.986724
497   0.986871
498   0.987136
499   0.98748
500   0.987904
501   0.988376
502   0.988896
503   0.989441
504   0.990008
505   0.990583
506   0.991164
507   0.991741
508   0.992311
509   0.99287
510   0.993414
511   0.99394
512   0.994447
513   0.994933
514   0.995394
515   0.995831
516   0.989422
517   0.989394
518   0.990027
519   0.991295
520   0.993882
521   0.996325
522   0.998226
523   0.999454
524   0.99997
525   0.999847
526   0.9992
527   0.99816
528   0.996873
529   0.995448
530   0.994008
531   0.992615
532   0.991351
533   0.990234
534   0.98931
535   0.988565
536   0.98802
537   0.987645
538   0.987445
539   0.987385
540   0.987463
541   0.987644
542   0.987926
543   0.988276
544   0.988694
545   0.989152
546   0.989652
547   0.99017
548   0.99071
549   0.991254
550   0.991805
551   0.992348
552   0.99289
553   0.993417
554   0.993934
555   0.994432
556   0.994914
557   0.995373
558   0.995811
559   0.988129
560   0.987904
561   0.98823
562   0.989505
563   0.991944
564   0.994654
565   0.997011
566   0.998714
567   0.999704
568   0.999994
569   0.999688
570   0.998925
571   0.997827
572   0.996552
573   0.995181
574   0.993842
575   0.992566
576   0.991442
577   0.990458
578   0.989669
579   0.989041
580   0.988603
581   0.988313
582   0.988182
583   0.988171
584   0.988282
585   0.988481
586   0.988766
587   0.989111
588   0.989513
589   0.989951
590   0.990421
591   0.990912
592   0.991417
593   0.99193
594   0.992446
595   0.99296
596   0.993468
597   0.993968
598   0.994455
599   0.994927
600   0.995382
601   0.995816
602   0.986949
603   0.986493
604   0.986467
605   0.987167
606   0.989803
607   0.992724
608   0.995465
609   0.99766
610   0.99913
611   0.999872
612   0.999955
613   0.999502
614   0.998661
615   0.997554
616   0.996322
617   0.995042
618   0.993818
619   0.992679
620   0.991689
621   0.990842
622   0.990172
623   0.989653
624   0.989302
625   0.989082
626   0.989001
627   0.989023
628   0.989152
629   0.989354
630   0.989633
631   0.98996
632   0.99034
633   0.990748
634   0.99119
635   0.991644
636   0.992119
637   0.992595
638   0.993081
639   0.99356
640   0.994041
641   0.994509
642   0.994971
643   0.995415
644   0.995844
645   0.98592
646   0.985218
647   0.984897
648   0.98552
649   0.98761
650   0.990549
651   0.993632
652   0.996276
653   0.998253
654   0.999458
655   0.999964
656   0.999869
657   0.99931
658   0.998436
659   0.997356
660   0.996201
661   0.995031
662   0.993937
663   0.992934
664   0.992079
665   0.991356
666   0.990794
667   0.990367
668   0.990085
669   0.98992
670   0.989871
671   0.989914
672   0.990045
673   0.990243
674   0.990504
675   0.990811
676   0.99116
677   0.99154
678   0.991945
679   0.992369
680   0.992806
681   0.993253
682   0.993704
683   0.994156
684   0.994605
685   0.995049
686   0.995481
687   0.995899
688   0.985082
689   0.984196
690   0.983502
691   0.983448
692   0.985362
693   0.988065
694   0.991473
695   0.994592
696   0.997045
697   0.998749
698   0.999693
699   0.99999
700   0.999762
701   0.999143
702   0.998275
703   0.997255
704   0.996199
705   0.995152
706   0.994191
707   0.99332
708   0.992589
709   0.991974
710   0.991505
711   0.991149
712   0.990922
713   0.99079
714   0.990764
715   0.99081
716   0.990939
717   0.991119
718   0.991361
719   0.991637
720   0.991959
721   0.992303
722   0.992678
723   0.993066
724   0.993475
725   0.993887
726   0.994312
727   0.994733
728   0.995158
729   0.995571
730   0.995978
731   0.984446
732   0.98333
733   0.982422
734   0.982183
735   0.983175
736   0.985611
737   0.989109
738   0.992593
739   0.995541
740   0.997714
741   0.999133
742   0.999844
743   0.999975
744   0.999658
745   0.999022
746   0.998195
747   0.997262
748   0.996316
749   0.995398
750   0.994563
751   0.993818
752   0.993191
753   0.992673
754   0.992273
755   0.991976
756   0.991783
757   0.991677
758   0.991654
759   0.991701
760   0.991812
761   0.991977
762   0.992189
763   0.992441
764   0.992728
765   0.993044
766   0.993384
767   0.993745
768   0.99412
769   0.994508
770   0.994902
771   0.9953
772   0.995695
773   0.996083
774   0.984046
775   0.982789
776   0.981595
777   0.980876
778   0.981198
779   0.982654
780   0.986472
781   0.99037
782   0.993706
783   0.996382
784   0.998255
785   0.999414
786   0.999928
787   0.99994
788   0.999579
789   0.99896
790   0.998202
791   0.997367
792   0.996541
793   0.995742
794   0.995028
795   0.994386
796   0.993854
797   0.993405
798   0.993066
799   0.992804
800   0.992639
801   0.992539
802   0.99252
803   0.992553
804   0.992651
805   0.992788
806   0.992979
807   0.993199
808   0.993461
809   0.993743
810   0.994059
811   0.994388
812   0.994741
813   0.995099
814   0.995472
815   0.995841
816   0.996213
817   0.983879
818   0.982458
819   0.981033
820   0.979903
821   0.979462
822   0.980627
823   0.98387
824   0.987852
825   0.991594
826   0.9947
827   0.99707
828   0.998671
829   0.999602
830   0.999969
831   0.999907
832   0.99954
833   0.998971
834   0.998295
835   0.99757
836   0.996853
837   0.996172
838   0.995555
839   0.995008
840   0.994544
841   0.994159
842   0.993855
843   0.993626
844   0.993468
845   0.993376
846   0.993345
847   0.993369
848   0.993443
849   0.993563
850   0.993724
851   0.993922
852   0.994153
853   0.994415
854   0.994701
855   0.99501
856   0.995335
857   0.995674
858   0.996019
859   0.996365
860   0.983945
861   0.982472
862   0.980773
863   0.979269
864   0.978062
865   0.977936
866   0.981235
867   0.985249
868   0.989211
869   0.992756
870   0.99556
871   0.997636
872   0.998976
873   0.999725
874   0.999985
875   0.999889
876   0.999547
877   0.999041
878   0.998459
879   0.997833
880   0.997225
881   0.996637
882   0.996111
883   0.995632
884   0.995231
885   0.994884
886   0.994615
887   0.994397
888   0.994252
889   0.994153
890   0.994117
891   0.994122
892   0.994182
893   0.994277
894   0.99442
895   0.994591
896   0.994805
897   0.99504
898   0.995309
899   0.995593
900   0.995902
901   0.996215
902   0.996539
903   0.984204
904   0.982608
905   0.980768
906   0.978858
907   0.977136
908   0.976762
909   0.978824
910   0.982497
911   0.986634
912   0.990501
913   0.99377
914   0.996272
915   0.998055
916   0.999185
917   0.999792
918   0.999991
919   0.999894
920   0.999596
921   0.999169
922   0.998673
923   0.998147
924   0.997625
925   0.997127
926   0.996667
927   0.996253
928   0.99589
929   0.995582
930   0.995327
931   0.995127
932   0.994978
933   0.99488
934   0.99483
935   0.994826
936   0.994865
937   0.994947
938   0.995067
939   0.995225
940   0.995415
941   0.995637
942   0.995884
943   0.996154
944   0.996439
945   0.996733
946   0.984652
947   0.983099
948   0.981086
949   0.979014
950   0.976703
951   0.975088
952   0.976693
953   0.97968
954   0.983881
955   0.988073
956   0.991695
957   0.994652
958   0.996828
959   0.998363
960   0.999311
961   0.999824
962   0.999992
963   0.999916
964   0.999675
965   0.99932
966   0.998911
967   0.998465
968   0.998026
969   0.997592
970   0.997195
971   0.996823
972   0.996502
973   0.996213
974   0.99598
975   0.995782
976   0.99564
977   0.995532
978   0.995479
979   0.995459
980   0.995491
981   0.995554
982   0.995665
983   0.995804
984   0.995985
985   0.996188
986   0.996425
987   0.996674
988   0.996942
989   0.985236
990   0.983622
991   0.981625
992   0.979332
993   0.97689
994   0.975089
995   0.974951
996   0.977194
997   0.98114
998   0.985443
999   0.989425
1000   0.992729
1001   0.995328
1002   0.99723
1003   0.998545
1004   0.999372
1005   0.999823
1006   0.999989
1007   0.99995
1008   0.999766
1009   0.999486
1010   0.999148
1011   0.998781
1012   0.998403
1013   0.998033
1014   0.997678
1015   0.997351
1016   0.997053
1017   0.996792
1018   0.996565
1019   0.996381
1020   0.996234
1021   0.99613
1022   0.996065
1023   0.996044
1024   0.996062
1025   0.996121
1026   0.996217
1027   0.996351
1028   0.996517
1029   0.996713
1030   0.996931
1031   0.997166
1032   0.985957
1033   0.98446
1034   0.982431
1035   0.980178
1036   0.977536
1037   0.975224
1038   0.974098
1039   0.974478
1040   0.978383
1041   0.982827
1042   0.986957
1043   0.990641
1044   0.993563
1045   0.995856
1046   0.997495
1047   0.998652
1048   0.99938
1049   0.999803
1050   0.999978
1051   0.999978
1052   0.999852
1053   0.999635
1054   0.999365
1055   0.999056
1056   0.998739
1057   0.998414
1058   0.998105
1059   0.997806
1060   0.997539
1061   0.997291
1062   0.997083
1063   0.9969
1064   0.996762
1065   0.996653
1066   0.996592
1067   0.996562
1068   0.99658
1069   0.99663
1070   0.996725
1071   0.996848
1072   0.99701
1073   0.997191
1074   0.997399
1075   0.986759
1076   0.985286
1077   0.983404
1078   0.981147
1079   0.978548
1080   0.97598
1081   0.973886
1082   0.973685
1083   0.976108
1084   0.980144
1085   0.984427
1086   0.988324
1087   0.991604
1088   0.994206
1089   0.99619
1090   0.997648
1091   0.99867
1092   0.999349
1093   0.999756
1094   0.999955
1095   0.999997
1096   0.999922
1097   0.999765
1098   0.999549
1099   0.999299
1100   0.999027
1101   0.998749
1102   0.998472
1103   0.998208
1104   0.997959
1105   0.997734
1106   0.997533
1107   0.997365
1108   0.997227
1109   0.997127
1110   0.997063
1111   0.997038
1112   0.997051
1113   0.997104
1114   0.997192
1115   0.997316
1116   0.997466
1117   0.99764
1118   0.987632
1119   0.986333
1120   0.984532
1121   0.982477
1122   0.979902
1123   0.977321
1124   0.974575
1125   0.972655
1126   0.974503
1127   0.977762
1128   0.981954
1129   0.98606
1130   0.989522
1131   0.992438
1132   0.99468
1133   0.996441
1134   0.997722
1135   0.998663
1136   0.999293
1137   0.9997
1138   0.999918
1139   0.999998
1140   0.999969
1141   0.99986
1142   0.999696
1143   0.999489
1144   0.999263
1145   0.99902
1146   0.998779
1147   0.998538
1148   0.998316
1149   0.998104
1150   0.997922
1151   0.99776
1152   0.997636
1153   0.997537
1154   0.997483
1155   0.997458
1156   0.997478
1157   0.997528
1158   0.99762
1159   0.997736
1160   0.997882
1161   0.988515
1162   0.987283
1163   0.985692
1164   0.98374
1165   0.981389
1166   0.978768
1167   0.976039
1168   0.97399
1169   0.97363
1170   0.976004
1171   0.979793
1172   0.983799
1173   0.987436
1174   0.990524
1175   0.993026
1176   0.995031
1177   0.996572
1178   0.997753
1179   0.998613
1180   0.999226
1181   0.999629
1182   0.999872
1183   0.999983
1184   0.999994
1185   0.999929
1186   0.999805
1187   0.999643
1188   0.999452
1189   0.999246
1190   0.999032
1191   0.998821
1192   0.998616
1193   0.998427
1194   0.998256
1195   0.998111
1196   0.997993
1197   0.997909
1198   0.997857
1199   0.997844
1200   0.997865
1201   0.997923
1202   0.99801
1203   0.998125
1204   0.989399
1205   0.988344
1206   0.98688
1207   0.985183
1208   0.983003
1209   0.980662
1210   0.977973
1211   0.97565
1212   0.974466
1213   0.974627
1214   0.978027
1215   0.981951
1216   0.98549
1217   0.988732
1218   0.991361
1219   0.993578
1220   0.995316
1221   0.996715
1222   0.997775
1223   0.998585
1224   0.999163
1225   0.999568
1226   0.99982
1227   0.999958
1228   1
1229   0.999969
1230   0.999883
1231   0.999754
1232   0.999598
1233   0.99942
1234   0.999236
1235   0.999046
1236   0.998866
1237   0.998692
1238   0.998541
1239   0.998406
1240   0.998305
1241   0.998228
1242   0.998192
1243   0.998183
1244   0.998215
1245   0.998271
1246   0.998362
1247   0.990244
1248   0.989267
1249   0.988015
1250   0.986474
1251   0.984608
1252   0.982468
1253   0.980137
1254   0.977876
1255   0.976115
1256   0.975772
1257   0.97713
1258   0.980438
1259   0.983833
1260   0.987049
1261   0.989766
1262   0.992112
1263   0.994011
1264   0.995588
1265   0.996825
1266   0.997811
1267   0.998554
1268   0.999113
1269   0.999506
1270   0.999771
1271   0.999925
1272   0.999993
1273   0.999992
1274   0.999935
1275   0.999838
1276   0.99971
1277   0.999562
1278   0.9994
1279   0.999236
1280   0.999073
1281   0.998922
1282   0.998784
1283   0.998669
1284   0.998579
1285   0.998519
1286   0.99849
1287   0.998495
1288   0.998529
1289   0.998591
1290   0.991051
1291   0.990222
1292   0.989101
1293   0.987805
1294   0.986163
1295   0.984381
1296   0.982322
1297   0.980382
1298   0.978504
1299   0.977318
1300   0.978071
1301   0.979877
1302   0.982869
1303   0.985898
1304   0.988515
1305   0.990869
1306   0.992839
1307   0.994517
1308   0.995879
1309   0.996996
1310   0.997874
1311   0.998565
1312   0.999083
1313   0.999466
1314   0.999727
1315   0.999894
1316   0.999979
1317   0.999999
1318   0.999968
1319   0.999895
1320   0.999793
1321   0.999667
1322   0.99953
1323   0.999385
1324   0.999245
1325   0.999109
1326   0.998992
1327   0.99889
1328   0.998818
1329   0.998769
1330   0.998756
1331   0.998766
1332   0.998808
1333   0.991797
1334   0.991041
1335   0.990096
1336   0.988954
1337   0.987597
1338   0.98605
1339   0.984379
1340   0.982646
1341   0.981107
1342   0.9799
1343   0.979671
1344   0.98078
1345   0.982638
1346   0.985249
1347   0.987616
1348   0.989898
1349   0.991835
1350   0.993558
1351   0.994979
1352   0.99619
1353   0.997163
1354   0.997963
1355   0.998585
1356   0.999073
1357   0.999432
1358   0.999693
1359   0.999862
1360   0.999961
1361   0.999998
1362   0.999986
1363   0.999936
1364   0.999854
1365   0.999751
1366   0.999633
1367   0.99951
1368   0.999386
1369   0.999272
1370   0.999169
1371   0.999087
1372   0.999028
1373   0.998997
1374   0.998991
1375   0.999011
1376   0.992491
1377   0.991846
1378   0.991011
1379   0.990058
1380   0.988891
1381   0.987624
1382   0.986197
1383   0.984788
1384   0.98343
1385   0.982386
1386   0.981938
1387   0.982197
1388   0.983576
1389   0.985395
1390   0.987418
1391   0.989387
1392   0.991205
1393   0.992839
1394   0.994258
1395   0.995484
1396   0.996511
1397   0.997373
1398   0.998072
1399   0.998639
1400   0.999081
1401   0.999422
1402   0.999669
1403   0.99984
1404   0.999944
1405   0.999993
1406   0.999996
1407   0.999961
1408   0.999898
1409   0.999812
1410   0.999714
1411   0.999607
1412   0.999503
1413   0.999404
1414   0.999321
1415   0.999253
1416   0.999212
1417   0.99919
1418   0.999197
1419   0.993125
1420   0.99254
1421   0.991837
1422   0.991008
1423   0.990051
1424   0.988975
1425   0.987833
1426   0.986644
1427   0.985577
1428   0.984654
1429   0.984216
1430   0.984187
1431   0.984888
1432   0.986156
1433   0.987657
1434   0.989307
1435   0.990872
1436   0.992377
1437   0.993705
1438   0.994909
1439   0.995933
1440   0.996829
1441   0.997569
1442   0.998195
1443   0.998697
1444   0.999105
1445   0.999417
1446   0.999655
1447   0.99982
1448   0.999929
1449   0.999985
1450   0.999999
1451   0.999978
1452   0.999929
1453   0.999861
1454   0.999777
1455   0.999689
1456   0.999601
1457   0.99952
1458   0.999452
1459   0.999402
1460   0.999372
1461   0.999364
1462   0.993709
1463   0.993203
1464   0.992585
1465   0.991891
1466   0.991075
1467   0.990194
1468   0.989233
1469   0.988273
1470   0.987362
1471   0.986595
1472   0.986123
1473   0.985975
1474   0.986382
1475   0.987179
1476   0.988305
1477   0.989573
1478   0.990895
1479   0.992185
1480   0.993397
1481   0.994509
1482   0.9955
1483   0.996377
1484   0.997133
1485   0.997783
1486   0.998326
1487   0.998779
1488   0.999142
1489   0.999432
1490   0.999651
1491   0.999812
1492   0.999917
1493   0.999978
1494   0.999999
1495   0.999988
1496   0.999951
1497   0.999895
1498   0.999827
1499   0.999753
1500   0.999681
1501   0.999615
1502   0.999564
1503   0.999526
1504   0.99951
1505   0.994242
1506   0.993787
1507   0.993261
1508   0.992661
1509   0.991989
1510   0.991248
1511   0.990476
1512   0.989676
1513   0.988949
1514   0.988293
1515   0.987872
1516   0.98767
1517   0.987844
1518   0.988351
1519   0.989121
1520   0.990092
1521   0.991133
1522   0.992225
1523   0.993268
1524   0.994277
1525   0.995188
1526   0.996031
1527   0.996765
1528   0.997422
1529   0.997979
1530   0.998462
1531   0.998859
1532   0.999191
1533   0.999452
1534   0.999657
1535   0.999806
1536   0.99991
1537   0.999971
1538   0.999998
1539   0.999994
1540   0.999967
1541   0.999923
1542   0.999867
1543   0.999807
1544   0.999749
1545   0.999699
1546   0.99966
1547   0.999636
1548   0.994733
1549   0.994335
1550   0.993874
1551   0.993367
1552   0.992796
1553   0.992186
1554   0.99154
1555   0.990892
1556   0.990279
1557   0.989739
1558   0.989352
1559   0.989141
1560   0.989202
1561   0.989503
1562   0.990044
1563   0.990749
1564   0.991571
1565   0.992449
1566   0.993339
1567   0.99421
1568   0.995036
1569   0.995806
1570   0.996506
1571   0.997138
1572   0.997695
1573   0.998184
1574   0.998601
1575   0.998956
1576   0.999249
1577   0.999487
1578   0.999672
1579   0.999811
1580   0.999908
1581   0.999968
1582   0.999996
1583   0.999997
1584   0.999977
1585   0.999942
1586   0.999898
1587   0.999849
1588   0.999805
1589   0.999766
1590   0.999741
1591   0.995183
1592   0.994826
1593   0.994431
1594   0.993994
1595   0.99352
1596   0.993008
1597   0.992484
1598   0.991947
1599   0.991452
1600   0.990997
1601   0.990667
1602   0.990456
1603   0.990442
1604   0.990613
1605   0.990969
1606   0.991483
1607   0.992101
1608   0.992805
1609   0.993531
1610   0.99428
1611   0.994996
1612   0.995695
1613   0.996335
1614   0.996936
1615   0.997468
1616   0.997954
1617   0.998372
1618   0.998743
1619   0.999051
1620   0.999315
1621   0.999525
1622   0.999694
1623   0.999819
1624   0.99991
1625   0.999966
1626   0.999994
1627   0.999999
1628   0.999985
1629   0.999958
1630   0.999922
1631   0.999885
1632   0.999851
1633   0.999825
1634   0.995597
1635   0.995283
1636   0.994937
1637   0.994565
1638   0.994161
1639   0.993737
1640   0.993299
1641   0.992862
1642   0.992447
1643   0.992075
1644   0.991785
1645   0.991592
1646   0.991541
1647   0.991629
1648   0.991867
1649   0.992231
1650   0.992702
1651   0.993248
1652   0.993843
1653   0.994464
1654   0.995085
1655   0.995694
1656   0.996275
1657   0.996824
1658   0.997328
1659   0.997789
1660   0.998202
1661   0.998568
1662   0.998886
1663   0.999159
1664   0.999387
1665   0.999575
1666   0.999722
1667   0.999835
1668   0.999915
1669   0.999967
1670   0.999993
1671   0.999999
1672   0.999989
1673   0.999968
1674   0.999942
1675   0.999913
1676   0.99989
1677   0.995979
1678   0.995699
1679   0.995399
1680   0.995078
1681   0.994739
1682   0.994382
1683   0.994023
1684   0.993659
1685   0.993323
1686   0.99301
1687   0.992767
1688   0.992589
1689   0.99252
1690   0.992555
1691   0.992707
1692   0.992966
1693   0.993313
1694   0.993741
1695   0.994214
1696   0.99473
1697   0.995251
1698   0.995784
1699   0.996293
1700   0.996794
1701   0.997253
1702   0.99769
1703   0.998079
1704   0.998439
1705   0.99875
1706   0.999029
1707   0.999263
1708   0.999464
1709   0.999625
1710   0.999756
1711   0.999853
1712   0.999924
1713   0.999969
1714   0.999993
1715   1
1716   0.999993
1717   0.999977
1718   0.999957
1719   0.999937
1720   0.996331
1721   0.996083
1722   0.99582
1723   0.995543
1724   0.995253
1725   0.994954
1726   0.994652
1727   0.994352
1728   0.99407
1729   0.993813
1730   0.993603
1731   0.99345
1732   0.993374
1733   0.993381
1734   0.993479
1735   0.993663
1736   0.993926
1737   0.994257
1738   0.994638
1739   0.995059
1740   0.9955
1741   0.995953
1742   0.996402
1743   0.996843
1744   0.997262
1745   0.99766
1746   0.998027
1747   0.998364
1748   0.998666
1749   0.998937
1750   0.999171
1751   0.999374
1752   0.999543
1753   0.999682
1754   0.999792
1755   0.999875
1756   0.999935
1757   0.999973
1758   0.999994
1759   1
1760   0.999995
1761   0.999983
1762   0.999969
1763   0.996655
1764   0.996435
1765   0.996205
1766   0.995965
1767   0.995718
1768   0.995463
1769   0.995211
1770   0.994958
1771   0.994727
1772   0.994509
1773   0.994336
1774   0.9942
1775   0.994129
1776   0.994118
1777   0.994181
1778   0.994314
1779   0.994512
1780   0.994772
1781   0.995075
1782   0.995424
1783   0.995789
1784   0.996179
1785   0.996564
1786   0.996955
1787   0.997325
1788   0.997689
1789   0.998022
1790   0.99834
1791   0.998621
1792   0.998882
1793   0.999107
1794   0.999309
1795   0.999477
1796   0.999622
1797   0.999736
1798   0.999829
1799   0.999897
1800   0.999947
1801   0.999977
1802   0.999995
1803   1
1804   0.999996
1805   0.999988
1806   0.996954
1807   0.996759
1808   0.996556
1809   0.996347
1810   0.996132
1811   0.995914
1812   0.995698
1813   0.995488
1814   0.99529
1815   0.995111
1816   0.994962
1817   0.994849
1818   0.994783
1819   0.99477
1820   0.994813
1821   0.994913
1822   0.995069
1823   0.995276
1824   0.995525
1825   0.99581
1826   0.99612
1827   0.996448
1828   0.996784
1829   0.997121
1830   0.997452
1831   0.997773
1832   0.998078
1833   0.998364
1834   0.998627
1835   0.998868
1836   0.999083
1837   0.999274
1838   0.999439
1839   0.99958
1840   0.999696
1841   0.999791
1842   0.999865
1843   0.99992
1844   0.999958
1845   0.999983
1846   0.999996
1847   1
1848   0.999997
