##### Y Variance #####
0   0.999901
1   0.999863
2   0.999279
3   0.997921
4   0.995566
5   0.992086
6   0.98735
7   0.981447
8   0.974488
9   0.967094
10   0.959397
11   0.951855
12   0.944556
13   0.937801
14   0.931716
15   0.926504
16   0.922294
17   0.919208
18   0.917263
19   0.916428
20   0.916659
21   0.917808
22   0.919841
23   0.922572
24   0.925929
25   0.92968
26   0.933736
27   0.937874
28   0.942048
29   0.946107
30   0.950044
31   0.953773
32   0.95731
33   0.960623
34   0.963735
35   0.96664
36   0.969359
37   0.971895
38   0.974262
39   0.976465
40   0.978514
41   0.980416
42   0.982178
43   0.999423
44   0.999805
45   0.999703
46   0.998847
47   0.996858
48   0.993789
49   0.989048
50   0.983315
51   0.975493
52   0.968077
53   0.959192
54   0.951206
55   0.942654
56   0.935082
57   0.927842
58   0.921717
59   0.916548
60   0.912726
61   0.910176
62   0.908797
63   0.908844
64   0.909661
65   0.911888
66   0.914606
67   0.918498
68   0.922496
69   0.927274
70   0.93177
71   0.936663
72   0.941111
73   0.945673
74   0.949765
75   0.953796
76   0.957426
77   0.960916
78   0.964094
79   0.967105
80   0.969874
81   0.972469
82   0.974868
83   0.977098
84   0.97916
85   0.981064
86   0.998273
87   0.999057
88   0.999611
89   0.999454
90   0.998255
91   0.995859
92   0.991973
93   0.986751
94   0.979779
95   0.971706
96   0.962735
97   0.953377
98   0.943867
99   0.934742
100   0.926131
101   0.918663
102   0.912246
103   0.907201
104   0.903517
105   0.901174
106   0.900318
107   0.90072
108   0.902514
109   0.905399
110   0.909352
111   0.913952
112   0.919122
113   0.924432
114   0.92987
115   0.935152
116   0.940282
117   0.945094
118   0.949619
119   0.953807
120   0.957699
121   0.961298
122   0.96463
123   0.967714
124   0.970565
125   0.973201
126   0.975631
127   0.977872
128   0.97993
129   0.996273
130   0.997434
131   0.998608
132   0.999229
133   0.998934
134   0.997472
135   0.994529
136   0.990309
137   0.984312
138   0.976938
139   0.967772
140   0.958429
141   0.947452
142   0.937866
143   0.926943
144   0.918708
145   0.910142
146   0.903755
147   0.898312
148   0.894355
149   0.892309
150   0.891509
151   0.892847
152   0.895275
153   0.899472
154   0.90418
155   0.910109
156   0.915874
157   0.922276
158   0.92822
159   0.934296
160   0.939754
161   0.945037
162   0.949767
163   0.954225
164   0.958253
165   0.962004
166   0.965422
167   0.968581
168   0.971473
169   0.974129
170   0.97656
171   0.978784
172   0.993293
173   0.994545
174   0.996366
175   0.997762
176   0.998524
177   0.998123
178   0.99645
179   0.993397
180   0.988738
181   0.982574
182   0.974755
183   0.965788
184   0.95571
185   0.945158
186   0.934189
187   0.923365
188   0.913165
189   0.903822
190   0.895802
191   0.889458
192   0.884968
193   0.882866
194   0.882774
195   0.884694
196   0.888373
197   0.893231
198   0.89933
199   0.905973
200   0.91309
201   0.920213
202   0.927179
203   0.933715
204   0.93976
205   0.945312
206   0.950363
207   0.954987
208   0.959183
209   0.963026
210   0.966514
211   0.969706
212   0.972602
213   0.975246
214   0.97764
215   0.989387
216   0.990815
217   0.992958
218   0.99508
219   0.996742
220   0.997428
221   0.996932
222   0.995172
223   0.991906
224   0.987236
225   0.980931
226   0.973296
227   0.9643
228   0.9544
229   0.943438
230   0.932218
231   0.919775
232   0.909397
233   0.89739
234   0.889968
235   0.880973
236   0.877967
237   0.874851
238   0.875614
239   0.878128
240   0.88205
241   0.888371
242   0.89514
243   0.903378
244   0.911369
245   0.919653
246   0.927099
247   0.934196
248   0.94051
249   0.946327
250   0.951534
251   0.956274
252   0.960543
253   0.964414
254   0.967912
255   0.971074
256   0.973932
257   0.976512
258   0.984592
259   0.98569
260   0.988321
261   0.990955
262   0.99358
263   0.995237
264   0.996016
265   0.99549
266   0.993715
267   0.990521
268   0.98585
269   0.979789
270   0.972332
271   0.963744
272   0.954017
273   0.943542
274   0.932176
275   0.920817
276   0.909339
277   0.89871
278   0.88889
279   0.880485
280   0.874447
281   0.870485
282   0.869688
283   0.871721
284   0.87654
285   0.88391
286   0.892693
287   0.901989
288   0.91132
289   0.920158
290   0.928196
291   0.935569
292   0.942111
293   0.948049
294   0.953312
295   0.958081
296   0.962323
297   0.966161
298   0.96958
299   0.972671
300   0.975424
301   0.979174
302   0.980244
303   0.982832
304   0.98602
305   0.989289
306   0.991922
307   0.9937
308   0.994411
309   0.993898
310   0.99217
311   0.989021
312   0.984612
313   0.978798
314   0.971855
315   0.963701
316   0.954675
317   0.944761
318   0.934202
319   0.923306
320   0.912226
321   0.901144
322   0.890758
323   0.879884
324   0.873652
325   0.866171
326   0.867074
327   0.867347
328   0.874688
329   0.883345
330   0.892941
331   0.903501
332   0.913164
333   0.922386
334   0.930614
335   0.938012
336   0.94459
337   0.950443
338   0.955664
339   0.96031
340   0.96446
341   0.968156
342   0.971457
343   0.9744
344   0.973292
345   0.973565
346   0.976466
347   0.979901
348   0.983958
349   0.987351
350   0.990219
351   0.991934
352   0.992723
353   0.99224
354   0.990604
355   0.987695
356   0.983566
357   0.978282
358   0.971863
359   0.964498
360   0.95614
361   0.947044
362   0.937233
363   0.926994
364   0.916409
365   0.905892
366   0.895341
367   0.886076
368   0.878036
369   0.872424
370   0.870208
371   0.870807
372   0.876754
373   0.885461
374   0.89596
375   0.906977
376   0.91696
377   0.926247
378   0.934263
379   0.94152
380   0.947828
381   0.953504
382   0.958476
383   0.962937
384   0.966861
385   0.970376
386   0.973475
387   0.967415
388   0.967571
389   0.969754
390   0.973437
391   0.977922
392   0.982161
393   0.985797
394   0.988534
395   0.990281
396   0.990996
397   0.990562
398   0.989073
399   0.986404
400   0.982732
401   0.977958
402   0.972278
403   0.965628
404   0.958153
405   0.949904
406   0.941002
407   0.931627
408   0.921959
409   0.912305
410   0.902658
411   0.893871
412   0.885968
413   0.87928
414   0.876776
415   0.874992
416   0.882686
417   0.891036
418   0.902264
419   0.912868
420   0.922644
421   0.931219
422   0.9389
423   0.945631
424   0.951628
425   0.956907
426   0.961599
427   0.965743
428   0.969421
429   0.972679
430   0.961608
431   0.960943
432   0.962845
433   0.966066
434   0.97125
435   0.976093
436   0.980612
437   0.984113
438   0.986884
439   0.988514
440   0.989263
441   0.988908
442   0.987626
443   0.985331
444   0.982124
445   0.978009
446   0.973015
447   0.967206
448   0.960585
449   0.953297
450   0.945365
451   0.937042
452   0.928304
453   0.919489
454   0.910795
455   0.902663
456   0.895416
457   0.890081
458   0.886857
459   0.886913
460   0.893099
461   0.901331
462   0.911204
463   0.920985
464   0.929474
465   0.93731
466   0.944161
467   0.950339
468   0.95576
469   0.960614
470   0.964883
471   0.968696
472   0.972056
473   0.956109
474   0.955097
475   0.956106
476   0.95928
477   0.964374
478   0.969834
479   0.974934
480   0.979261
481   0.982729
482   0.985276
483   0.986863
484   0.987578
485   0.98735
486   0.986329
487   0.984415
488   0.98176
489   0.97826
490   0.97403
491   0.96902
492   0.963308
493   0.956959
494   0.950006
495   0.942657
496   0.934839
497   0.927078
498   0.919284
499   0.91233
500   0.906018
501   0.901691
502   0.899001
503   0.899435
504   0.905265
505   0.912322
506   0.921153
507   0.92915
508   0.936762
509   0.943517
510   0.949659
511   0.955107
512   0.959991
513   0.964329
514   0.968198
515   0.971638
516   0.950961
517   0.949146
518   0.949556
519   0.951766
520   0.957323
521   0.963125
522   0.96889
523   0.973799
524   0.978067
525   0.98127
526   0.983734
527   0.985222
528   0.986014
529   0.985962
530   0.985252
531   0.983787
532   0.981661
533   0.978815
534   0.975283
535   0.971063
536   0.966175
537   0.960679
538   0.954602
539   0.948074
540   0.941231
541   0.934312
542   0.927594
543   0.921395
544   0.916253
545   0.912478
546   0.911258
547   0.912661
548   0.917864
549   0.924195
550   0.931077
551   0.937756
552   0.944041
553   0.949836
554   0.9551
555   0.959871
556   0.964156
557   0.968014
558   0.971463
559   0.946337
560   0.944044
561   0.943548
562   0.945571
563   0.950496
564   0.956578
565   0.962721
566   0.968287
567   0.973086
568   0.977005
569   0.980045
570   0.982313
571   0.983797
572   0.984663
573   0.984836
574   0.984465
575   0.983433
576   0.981846
577   0.97959
578   0.976726
579   0.973208
580   0.969047
581   0.964318
582   0.958974
583   0.953298
584   0.947204
585   0.941245
586   0.935276
587   0.930211
588   0.925883
589   0.923617
590   0.92313
591   0.92532
592   0.929563
593   0.934635
594   0.940178
595   0.945608
596   0.950856
597   0.955736
598   0.960258
599   0.964388
600   0.968149
601   0.971555
602   0.942287
603   0.939285
604   0.938025
605   0.93872
606   0.943806
607   0.949886
608   0.956473
609   0.962489
610   0.967939
611   0.972365
612   0.97608
613   0.978875
614   0.981092
615   0.982588
616   0.983617
617   0.984047
618   0.984027
619   0.98343
620   0.982324
621   0.980608
622   0.97831
623   0.975373
624   0.971828
625   0.967672
626   0.963007
627   0.957898
628   0.952584
629   0.947191
630   0.942212
631   0.937787
632   0.93478
633   0.933079
634   0.933792
635   0.935985
636   0.939572
637   0.943701
638   0.948199
639   0.952666
640   0.957041
641   0.961167
642   0.965046
643   0.968624
644   0.971926
645   0.938923
646   0.935426
647   0.933343
648   0.933743
649   0.937592
650   0.943544
651   0.95031
652   0.956855
653   0.962754
654   0.967783
655   0.97194
656   0.975336
657   0.978013
658   0.980163
659   0.981754
660   0.982956
661   0.983658
662   0.983978
663   0.983769
664   0.983094
665   0.981832
666   0.979997
667   0.977551
668   0.974468
669   0.97085
670   0.966651
671   0.962175
672   0.95738
673   0.95282
674   0.948504
675   0.945181
676   0.942906
677   0.942264
678   0.943125
679   0.94518
680   0.94811
681   0.951518
682   0.955193
683   0.958917
684   0.962585
685   0.966112
686   0.969452
687   0.97258
688   0.93628
689   0.932257
690   0.929409
691   0.928318
692   0.93177
693   0.937099
694   0.944182
695   0.95112
696   0.957585
697   0.96307
698   0.967796
699   0.971605
700   0.974842
701   0.977413
702   0.979612
703   0.981325
704   0.982737
705   0.983711
706   0.984335
707   0.984466
708   0.984136
709   0.983225
710   0.98175
711   0.979634
712   0.976939
713   0.973643
714   0.969921
715   0.965817
716   0.9617
717   0.957659
718   0.954298
719   0.951631
720   0.950335
721   0.95009
722   0.95111
723   0.952877
724   0.955373
725   0.958183
726   0.961277
727   0.964397
728   0.967545
729   0.970571
730   0.973499
731   0.934389
732   0.929953
733   0.926518
734   0.925022
735   0.926588
736   0.9313
737   0.938259
738   0.945611
739   0.9525
740   0.958532
741   0.963671
742   0.968
743   0.971595
744   0.974669
745   0.977237
746   0.979497
747   0.981368
748   0.982985
749   0.984198
750   0.985084
751   0.985479
752   0.985411
753   0.984762
754   0.983528
755   0.98169
756   0.979234
757   0.976294
758   0.972879
759   0.969312
760   0.965667
761   0.962409
762   0.959663
763   0.95783
764   0.956938
765   0.957021
766   0.957935
767   0.959518
768   0.961591
769   0.963997
770   0.966599
771   0.969299
772   0.972004
773   0.974662
774   0.933259
775   0.928463
776   0.924479
777   0.921888
778   0.922212
779   0.925084
780   0.932404
781   0.940132
782   0.947469
783   0.95396
784   0.959629
785   0.964355
786   0.968435
787   0.97184
788   0.974873
789   0.977474
790   0.979849
791   0.981886
792   0.983685
793   0.985105
794   0.986176
795   0.98676
796   0.986857
797   0.986359
798   0.985288
799   0.983587
800   0.98136
801   0.978615
802   0.9756
803   0.972382
804   0.969371
805   0.966623
806   0.964597
807   0.963198
808   0.96271
809   0.962867
810   0.963775
811   0.965127
812   0.966958
813   0.969006
814   0.971296
815   0.973628
816   0.976031
817   0.932885
818   0.927844
819   0.923339
820   0.92001
821   0.918698
822   0.920864
823   0.927056
824   0.934825
825   0.942523
826   0.949519
827   0.95563
828   0.960863
829   0.965293
830   0.969139
831   0.97246
832   0.975482
833   0.978161
834   0.980654
835   0.982831
836   0.984781
837   0.986335
838   0.987531
839   0.988216
840   0.988397
841   0.987987
842   0.986987
843   0.985426
844   0.983328
845   0.980871
846   0.978132
847   0.97541
848   0.972826
849   0.970678
850   0.969046
851   0.968074
852   0.967732
853   0.968012
854   0.968812
855   0.970061
856   0.971643
857   0.973485
858   0.975482
859   0.977572
860   0.933209
861   0.92803
862   0.92306
863   0.918918
864   0.916156
865   0.915863
866   0.92206
867   0.929714
868   0.937636
869   0.945059
870   0.951677
871   0.957345
872   0.962242
873   0.966415
874   0.970139
875   0.973429
876   0.976491
877   0.979265
878   0.981857
879   0.984153
880   0.986182
881   0.987818
882   0.989047
883   0.98976
884   0.989949
885   0.989541
886   0.988587
887   0.987073
888   0.985152
889   0.982871
890   0.980502
891   0.978108
892   0.976017
893   0.974227
894   0.973009
895   0.972246
896   0.972105
897   0.972393
898   0.973199
899   0.97431
900   0.975782
901   0.977411
902   0.979235
903   0.934152
904   0.928843
905   0.923558
906   0.918683
907   0.91478
908   0.913889
909   0.917829
910   0.924845
911   0.932848
912   0.940653
913   0.947729
914   0.953893
915   0.959178
916   0.963777
917   0.967783
918   0.971436
919   0.974733
920   0.977853
921   0.980695
922   0.983365
923   0.985707
924   0.987775
925   0.989406
926   0.990618
927   0.991293
928   0.991438
929   0.991019
930   0.990061
931   0.988645
932   0.986837
933   0.984823
934   0.982706
935   0.980709
936   0.978924
937   0.977518
938   0.976522
939   0.976007
940   0.975938
941   0.976315
942   0.977064
943   0.978147
944   0.979475
945   0.980988
946   0.935651
947   0.930421
948   0.924871
949   0.919607
950   0.914569
951   0.911251
952   0.914361
953   0.920173
954   0.928151
955   0.936273
956   0.943778
957   0.950398
958   0.956132
959   0.961087
960   0.96547
961   0.969379
962   0.972999
963   0.976334
964   0.979484
965   0.982384
966   0.985061
967   0.987419
968   0.989438
969   0.991022
970   0.992146
971   0.992739
972   0.99281
973   0.992334
974   0.991395
975   0.99002
976   0.988384
977   0.986544
978   0.984736
979   0.982992
980   0.981548
981   0.980368
982   0.979637
983   0.979247
984   0.979326
985   0.979718
986   0.980506
987   0.981511
988   0.982781
989   0.937595
990   0.932365
991   0.926818
992   0.921162
993   0.915732
994   0.911996
995   0.911851
996   0.916272
997   0.923736
998   0.931962
999   0.93984
1000   0.946876
1001   0.953015
1002   0.958377
1003   0.963061
1004   0.967307
1005   0.971143
1006   0.974763
1007   0.9781
1008   0.981277
1009   0.984163
1010   0.986827
1011   0.989117
1012   0.991065
1013   0.992541
1014   0.993558
1015   0.994047
1016   0.99403
1017   0.993526
1018   0.992584
1019   0.991313
1020   0.989794
1021   0.988189
1022   0.986585
1023   0.985138
1024   0.983905
1025   0.982993
1026   0.982412
1027   0.982208
1028   0.98235
1029   0.982834
1030   0.983594
1031   0.984586
1032   0.939936
1033   0.934951
1034   0.929414
1035   0.923783
1036   0.917945
1037   0.913071
1038   0.911124
1039   0.91225
1040   0.919538
1041   0.927869
1042   0.9359
1043   0.943347
1044   0.949861
1045   0.95559
1046   0.960619
1047   0.965127
1048   0.969249
1049   0.973061
1050   0.976644
1051   0.979992
1052   0.983123
1053   0.985986
1054   0.988556
1055   0.990765
1056   0.992575
1057   0.993929
1058   0.994806
1059   0.995181
1060   0.995085
1061   0.994534
1062   0.993631
1063   0.992421
1064   0.991068
1065   0.989617
1066   0.98826
1067   0.987003
1068   0.986024
1069   0.985276
1070   0.984902
1071   0.984799
1072   0.985071
1073   0.985572
1074   0.986362
1075   0.942562
1076   0.937735
1077   0.93247
1078   0.926867
1079   0.921043
1080   0.915698
1081   0.911721
1082   0.911595
1083   0.916312
1084   0.923922
1085   0.932067
1086   0.939762
1087   0.946638
1088   0.952713
1089   0.958037
1090   0.96285
1091   0.967182
1092   0.971244
1093   0.974987
1094   0.978555
1095   0.98184
1096   0.984931
1097   0.987691
1098   0.990169
1099   0.992236
1100   0.993917
1101   0.995121
1102   0.995872
1103   0.996145
1104   0.995978
1105   0.995425
1106   0.994544
1107   0.993448
1108   0.99221
1109   0.990963
1110   0.989771
1111   0.98875
1112   0.987936
1113   0.987403
1114   0.987152
1115   0.987206
1116   0.987526
1117   0.988087
1118   0.945413
1119   0.940954
1120   0.935916
1121   0.930664
1122   0.924896
1123   0.919428
1124   0.91417
1125   0.910739
1126   0.914358
1127   0.920619
1128   0.928524
1129   0.936414
1130   0.943477
1131   0.94985
1132   0.955434
1133   0.960486
1134   0.965058
1135   0.969296
1136   0.973243
1137   0.976951
1138   0.980426
1139   0.983662
1140   0.986631
1141   0.989299
1142   0.991619
1143   0.993556
1144   0.995068
1145   0.996137
1146   0.996756
1147   0.996935
1148   0.996722
1149   0.996154
1150   0.995335
1151   0.994314
1152   0.993232
1153   0.992122
1154   0.991138
1155   0.990274
1156   0.989671
1157   0.989275
1158   0.989194
1159   0.989324
1160   0.98973
1161   0.948374
1162   0.944158
1163   0.93953
1164   0.934521
1165   0.929117
1166   0.923553
1167   0.918145
1168   0.914316
1169   0.913843
1170   0.918465
1171   0.925615
1172   0.933267
1173   0.940458
1174   0.946988
1175   0.952775
1176   0.958053
1177   0.962797
1178   0.96724
1179   0.971319
1180   0.975206
1181   0.978797
1182   0.982208
1183   0.985315
1184   0.988186
1185   0.990696
1186   0.992887
1187   0.994655
1188   0.996031
1189   0.996959
1190   0.997474
1191   0.997583
1192   0.997334
1193   0.996792
1194   0.996019
1195   0.995115
1196   0.994145
1197   0.993216
1198   0.992378
1199   0.991716
1200   0.991254
1201   0.991036
1202   0.991047
1203   0.991279
1204   0.951396
1205   0.94757
1206   0.943258
1207   0.93872
1208   0.933644
1209   0.92852
1210   0.923104
1211   0.918581
1212   0.916535
1213   0.917154
1214   0.923518
1215   0.930918
1216   0.937852
1217   0.944466
1218   0.950321
1219   0.955725
1220   0.960615
1221   0.965173
1222   0.969398
1223   0.97338
1224   0.97711
1225   0.980621
1226   0.983879
1227   0.986883
1228   0.989583
1229   0.991964
1230   0.993974
1231   0.995602
1232   0.996819
1233   0.997631
1234   0.998046
1235   0.998095
1236   0.997833
1237   0.997305
1238   0.996609
1239   0.995788
1240   0.994966
1241   0.994164
1242   0.993509
1243   0.992985
1244   0.992699
1245   0.992584
1246   0.992711
1247   0.954396
1248   0.950832
1249   0.946948
1250   0.942753
1251   0.938221
1252   0.933446
1253   0.928586
1254   0.924107
1255   0.9208
1256   0.920326
1257   0.923021
1258   0.929293
1259   0.935842
1260   0.942301
1261   0.948112
1262   0.953573
1263   0.958499
1264   0.963164
1265   0.96744
1266   0.971533
1267   0.975319
1268   0.978945
1269   0.982283
1270   0.98543
1271   0.988256
1272   0.990825
1273   0.993024
1274   0.994895
1275   0.996361
1276   0.997456
1277   0.998155
1278   0.998497
1279   0.998509
1280   0.998239
1281   0.997757
1282   0.997121
1283   0.996418
1284   0.995706
1285   0.995068
1286   0.994545
1287   0.994191
1288   0.994013
1289   0.99402
1290   0.957349
1291   0.954135
1292   0.950576
1293   0.946847
1294   0.942744
1295   0.938574
1296   0.934173
1297   0.930177
1298   0.926567
1299   0.924399
1300   0.925893
1301   0.929438
1302   0.935174
1303   0.941151
1304   0.946661
1305   0.95194
1306   0.956815
1307   0.961422
1308   0.965722
1309   0.969803
1310   0.973643
1311   0.97729
1312   0.980707
1313   0.983916
1314   0.986863
1315   0.989552
1316   0.991924
1317   0.993979
1318   0.995671
1319   0.997007
1320   0.997967
1321   0.998575
1322   0.998849
1323   0.998828
1324   0.998569
1325   0.998119
1326   0.997567
1327   0.996952
1328   0.996378
1329   0.995858
1330   0.995492
1331   0.995247
1332   0.995191
1333   0.960207
1334   0.957241
1335   0.954059
1336   0.950672
1337   0.947081
1338   0.943339
1339   0.939574
1340   0.935908
1341   0.932785
1342   0.930465
1343   0.930052
1344   0.932233
1345   0.935872
1346   0.94102
1347   0.945929
1348   0.950934
1349   0.955545
1350   0.96005
1351   0.96422
1352   0.968275
1353   0.972052
1354   0.975717
1355   0.979124
1356   0.982394
1357   0.985387
1358   0.988188
1359   0.990673
1360   0.992898
1361   0.994768
1362   0.996325
1363   0.997515
1364   0.998375
1365   0.998896
1366   0.999121
1367   0.999085
1368   0.998838
1369   0.998445
1370   0.997961
1371   0.99746
1372   0.996991
1373   0.996615
1374   0.996353
1375   0.996227
1376   0.962963
1377   0.960287
1378   0.957394
1379   0.95439
1380   0.951177
1381   0.947926
1382   0.944587
1383   0.941437
1384   0.938579
1385   0.936442
1386   0.935548
1387   0.936085
1388   0.938759
1389   0.942385
1390   0.946565
1391   0.950857
1392   0.955105
1393   0.959253
1394   0.963244
1395   0.967104
1396   0.970797
1397   0.974357
1398   0.977743
1399   0.980976
1400   0.984004
1401   0.986836
1402   0.989414
1403   0.99174
1404   0.993763
1405   0.995488
1406   0.996879
1407   0.997952
1408   0.998699
1409   0.999151
1410   0.999331
1411   0.999281
1412   0.999059
1413   0.998708
1414   0.99831
1415   0.997895
1416   0.997549
1417   0.997269
1418   0.99712
1419   0.965596
1420   0.963142
1421   0.960553
1422   0.957843
1423   0.955027
1424   0.952139
1425   0.949279
1426   0.946499
1427   0.944084
1428   0.942101
1429   0.941118
1430   0.941045
1431   0.942401
1432   0.944948
1433   0.948066
1434   0.951668
1435   0.955297
1436   0.959063
1437   0.962692
1438   0.96634
1439   0.969813
1440   0.973261
1441   0.976519
1442   0.97971
1443   0.982685
1444   0.985539
1445   0.988136
1446   0.99055
1447   0.992665
1448   0.994537
1449   0.996084
1450   0.99735
1451   0.998294
1452   0.998958
1453   0.999343
1454   0.999491
1455   0.999441
1456   0.999242
1457   0.998953
1458   0.998622
1459   0.998311
1460   0.998052
1461   0.997877
1462   0.968107
1463   0.965889
1464   0.963544
1465   0.961131
1466   0.958617
1467   0.95609
1468   0.953561
1469   0.951157
1470   0.94899
1471   0.947216
1472   0.946112
1473   0.94573
1474   0.946478
1475   0.948079
1476   0.95043
1477   0.953217
1478   0.956289
1479   0.959505
1480   0.962775
1481   0.966064
1482   0.969314
1483   0.972527
1484   0.975652
1485   0.978698
1486   0.981611
1487   0.984398
1488   0.987001
1489   0.989422
1490   0.991606
1491   0.993559
1492   0.995233
1493   0.99664
1494   0.997754
1495   0.998596
1496   0.999165
1497   0.999495
1498   0.999613
1499   0.999562
1500   0.999395
1501   0.999151
1502   0.998902
1503   0.998663
1504   0.998496
1505   0.97049
1506   0.968466
1507   0.966364
1508   0.964193
1509   0.961976
1510   0.959734
1511   0.95754
1512   0.955421
1513   0.953541
1514   0.951929
1515   0.950849
1516   0.950312
1517   0.950558
1518   0.951565
1519   0.953172
1520   0.955329
1521   0.957761
1522   0.960497
1523   0.963297
1524   0.966255
1525   0.969171
1526   0.972162
1527   0.975055
1528   0.977963
1529   0.980726
1530   0.983445
1531   0.985973
1532   0.988393
1533   0.990578
1534   0.992593
1535   0.994337
1536   0.995863
1537   0.997104
1538   0.998103
1539   0.998832
1540   0.999331
1541   0.999608
1542   0.999706
1543   0.999663
1544   0.999524
1545   0.999339
1546   0.999149
1547   0.99899
1548   0.972747
1549   0.970918
1550   0.969019
1551   0.967081
1552   0.965102
1553   0.963127
1554   0.961183
1555   0.959331
1556   0.957649
1557   0.956209
1558   0.955158
1559   0.954543
1560   0.954536
1561   0.955093
1562   0.95622
1563   0.957796
1564   0.95974
1565   0.961955
1566   0.96436
1567   0.966907
1568   0.969528
1569   0.972209
1570   0.974891
1571   0.97757
1572   0.980193
1573   0.982759
1574   0.985211
1575   0.98755
1576   0.989721
1577   0.991725
1578   0.993516
1579   0.995098
1580   0.996436
1581   0.997545
1582   0.998406
1583   0.999044
1584   0.999463
1585   0.999698
1586   0.999777
1587   0.999739
1588   0.999633
1589   0.999491
1590   0.999363
1591   0.974878
1592   0.973219
1593   0.971515
1594   0.969776
1595   0.968023
1596   0.96627
1597   0.964566
1598   0.96293
1599   0.961452
1600   0.960155
1601   0.959171
1602   0.958525
1603   0.958329
1604   0.958606
1605   0.959323
1606   0.960486
1607   0.961958
1608   0.963768
1609   0.965743
1610   0.967949
1611   0.970214
1612   0.972629
1613   0.975027
1614   0.97751
1615   0.979917
1616   0.982347
1617   0.984649
1618   0.986911
1619   0.988999
1620   0.990986
1621   0.99276
1622   0.994381
1623   0.995764
1624   0.99696
1625   0.997914
1626   0.998671
1627   0.99921
1628   0.99957
1629   0.999763
1630   0.99983
1631   0.999804
1632   0.999725
1633   0.99963
1634   0.976886
1635   0.975389
1636   0.973855
1637   0.972303
1638   0.970739
1639   0.969189
1640   0.967678
1641   0.966239
1642   0.964921
1643   0.963766
1644   0.962848
1645   0.962207
1646   0.96192
1647   0.961998
1648   0.962461
1649   0.96328
1650   0.964422
1651   0.965846
1652   0.967495
1653   0.969338
1654   0.971319
1655   0.973419
1656   0.975584
1657   0.977805
1658   0.98003
1659   0.982254
1660   0.984424
1661   0.986538
1662   0.988545
1663   0.990445
1664   0.992191
1665   0.993785
1666   0.995192
1667   0.996417
1668   0.997438
1669   0.99827
1670   0.998902
1671   0.999362
1672   0.999655
1673   0.999816
1674   0.99987
1675   0.999853
1676   0.999801
1677   0.978773
1678   0.977422
1679   0.976047
1680   0.974658
1681   0.97327
1682   0.971895
1683   0.970564
1684   0.969291
1685   0.968129
1686   0.967094
1687   0.966255
1688   0.965636
1689   0.965292
1690   0.965253
1691   0.965513
1692   0.966102
1693   0.966949
1694   0.968095
1695   0.969421
1696   0.97099
1697   0.972661
1698   0.974515
1699   0.976402
1700   0.978415
1701   0.980402
1702   0.982457
1703   0.984435
1704   0.986424
1705   0.988289
1706   0.99011
1707   0.991767
1708   0.993332
1709   0.994705
1710   0.995947
1711   0.996986
1712   0.997873
1713   0.998565
1714   0.999104
1715   0.999478
1716   0.999724
1717   0.999853
1718   0.9999
1719   0.999894
1720   0.980542
1721   0.979326
1722   0.978094
1723   0.976854
1724   0.975617
1725   0.9744
1726   0.973221
1727   0.9721
1728   0.971067
1729   0.97015
1730   0.969388
1731   0.96881
1732   0.968454
1733   0.968342
1734   0.968488
1735   0.968897
1736   0.969555
1737   0.970453
1738   0.971557
1739   0.972853
1740   0.974299
1741   0.975884
1742   0.977562
1743   0.979326
1744   0.981129
1745   0.982964
1746   0.984788
1747   0.986594
1748   0.988339
1749   0.990021
1750   0.991598
1751   0.993071
1752   0.994405
1753   0.995605
1754   0.996646
1755   0.997537
1756   0.998266
1757   0.998847
1758   0.999279
1759   0.999587
1760   0.999779
1761   0.999884
1762   0.999922
1763   0.982195
1764   0.981103
1765   0.980001
1766   0.978894
1767   0.977797
1768   0.976717
1769   0.975677
1770   0.974686
1771   0.973778
1772   0.972963
1773   0.972281
1774   0.97175
1775   0.9714
1776   0.971256
1777   0.971317
1778   0.971618
1779   0.972112
1780   0.972847
1781   0.973738
1782   0.974845
1783   0.976057
1784   0.977449
1785   0.978892
1786   0.980471
1787   0.982051
1788   0.983721
1789   0.985343
1790   0.987008
1791   0.988583
1792   0.990153
1793   0.991598
1794   0.992994
1795   0.994239
1796   0.9954
1797   0.996395
1798   0.997283
1799   0.998006
1800   0.998615
1801   0.999075
1802   0.999429
1803   0.999667
1804   0.999822
1805   0.999904
1806   0.983736
1807   0.982758
1808   0.981772
1809   0.980787
1810   0.97981
1811   0.978855
1812   0.977934
1813   0.977063
1814   0.97626
1815   0.975544
1816   0.974939
1817   0.974465
1818   0.974142
1819   0.97399
1820   0.974018
1821   0.974237
1822   0.974642
1823   0.975233
1824   0.975993
1825   0.976915
1826   0.977974
1827   0.979158
1828   0.98044
1829   0.981807
1830   0.983228
1831   0.984692
1832   0.986168
1833   0.987644
1834   0.989091
1835   0.990499
1836   0.99184
1837   0.993107
1838   0.994278
1839   0.995348
1840   0.996302
1841   0.997139
1842   0.997851
1843   0.998445
1844   0.99892
1845   0.999287
1846   0.999556
1847   0.999741
1848   0.999857
