##### Y Variance #####
0   0.999904
1   0.999863
2   0.999283
3   0.99794
4   0.995618
5   0.992193
6   0.987541
7   0.98175
8   0.974931
9   0.967692
10   0.96016
11   0.952784
12   0.945649
13   0.939049
14   0.933106
15   0.928019
16   0.923911
17   0.920902
18   0.919008
19   0.918198
20   0.918428
21   0.919554
22   0.921543
23   0.924213
24   0.927494
25   0.93116
26   0.935123
27   0.939168
28   0.943248
29   0.947218
30   0.951068
31   0.954717
32   0.958178
33   0.961421
34   0.964469
35   0.967314
36   0.969977
37   0.972462
38   0.97478
39   0.976939
40   0.978947
41   0.980811
42   0.982537
43   0.99944
44   0.999811
45   0.999703
46   0.998852
47   0.996883
48   0.993856
49   0.989191
50   0.983561
51   0.975895
52   0.968628
53   0.959936
54   0.952123
55   0.943764
56   0.936368
57   0.929299
58   0.923324
59   0.918282
60   0.91456
61   0.912076
62   0.910739
63   0.91079
64   0.911596
65   0.913774
66   0.916434
67   0.920236
68   0.924144
69   0.928811
70   0.933206
71   0.937987
72   0.942336
73   0.946796
74   0.9508
75   0.954743
76   0.958296
77   0.961712
78   0.964824
79   0.967772
80   0.970484
81   0.973027
82   0.975376
83   0.977561
84   0.979581
85   0.981447
86   0.998316
87   0.999085
88   0.999621
89   0.999455
90   0.998259
91   0.995884
92   0.992049
93   0.986908
94   0.980062
95   0.972148
96   0.963365
97   0.954212
98   0.944918
99   0.936007
100   0.927603
101   0.92032
102   0.914066
103   0.909153
104   0.905569
105   0.903295
106   0.902471
107   0.902873
108   0.904633
109   0.907456
110   0.911319
111   0.915813
112   0.920863
113   0.92605
114   0.931362
115   0.936523
116   0.941536
117   0.94624
118   0.950665
119   0.954762
120   0.95857
121   0.962091
122   0.965354
123   0.968373
124   0.971165
125   0.973747
126   0.976127
127   0.978322
128   0.980338
129   0.996358
130   0.9975
131   0.998649
132   0.999248
133   0.998937
134   0.997474
135   0.994553
136   0.990384
137   0.984478
138   0.977237
139   0.968255
140   0.959111
141   0.948384
142   0.939022
143   0.928368
144   0.920337
145   0.911991
146   0.905776
147   0.900482
148   0.896641
149   0.89466
150   0.893896
151   0.895213
152   0.897592
153   0.901693
154   0.906294
155   0.912082
156   0.917713
157   0.923962
158   0.929767
159   0.935701
160   0.941034
161   0.946196
162   0.95082
163   0.955179
164   0.95912
165   0.962789
166   0.966134
167   0.969226
168   0.972057
169   0.974658
170   0.977039
171   0.979217
172   0.993437
173   0.994675
174   0.996465
175   0.997829
176   0.998556
177   0.998132
178   0.99645
179   0.993413
180   0.988806
181   0.982734
182   0.975055
183   0.966268
184   0.956409
185   0.946101
186   0.935398
187   0.924849
188   0.914915
189   0.905824
190   0.898027
191   0.891865
192   0.88751
193   0.88548
194   0.885407
195   0.887295
196   0.890893
197   0.89564
198   0.901594
199   0.908077
200   0.915022
201   0.921973
202   0.928771
203   0.935151
204   0.941054
205   0.946478
206   0.951414
207   0.955934
208   0.960036
209   0.963795
210   0.967208
211   0.970332
212   0.973165
213   0.975754
214   0.978098
215   0.989604
216   0.99102
217   0.993136
218   0.995221
219   0.996837
220   0.99748
221   0.996949
222   0.995172
223   0.991917
224   0.987294
225   0.98108
226   0.973582
227   0.964766
228   0.955085
229   0.944383
230   0.933446
231   0.921331
232   0.911232
233   0.89956
234   0.892352
235   0.88362
236   0.880712
237   0.877697
238   0.878464
239   0.88093
240   0.884769
241   0.890937
242   0.897543
243   0.905576
244   0.913369
245   0.921447
246   0.928713
247   0.935637
248   0.941801
249   0.947482
250   0.952568
251   0.957199
252   0.961373
253   0.965158
254   0.96858
255   0.971674
256   0.974471
257   0.976996
258   0.984894
259   0.98599
260   0.988597
261   0.991196
262   0.993768
263   0.99537
264   0.99609
265   0.99552
266   0.993718
267   0.990527
268   0.985899
269   0.979922
270   0.972596
271   0.964182
272   0.954673
273   0.944452
274   0.933379
275   0.922323
276   0.911165
277   0.90084
278   0.89131
279   0.883162
280   0.877313
281   0.873486
282   0.872735
283   0.874736
284   0.879443
285   0.88663
286   0.895191
287   0.904251
288   0.913346
289   0.921961
290   0.9298
291   0.936993
292   0.943376
293   0.949173
294   0.954314
295   0.958973
296   0.963118
297   0.966871
298   0.970215
299   0.973238
300   0.975933
301   0.979565
302   0.98064
303   0.983215
304   0.986371
305   0.989589
306   0.992158
307   0.993865
308   0.994508
309   0.993938
310   0.992176
311   0.989024
312   0.98465
313   0.978913
314   0.972092
315   0.964103
316   0.955283
317   0.945612
318   0.93533
319   0.924733
320   0.91397
321   0.903215
322   0.893142
323   0.882607
324   0.876571
325   0.86933
326   0.870229
327   0.870516
328   0.877674
329   0.886109
330   0.895461
331   0.905747
332   0.915163
333   0.924151
334   0.932172
335   0.939388
336   0.945806
337   0.951519
338   0.956617
339   0.961156
340   0.965211
341   0.968825
342   0.972054
343   0.974933
344   0.973775
345   0.974065
346   0.97696
347   0.980375
348   0.984383
349   0.987714
350   0.990501
351   0.992134
352   0.992841
353   0.992294
354   0.990615
355   0.987695
356   0.983594
357   0.978377
358   0.972068
359   0.964853
360   0.956687
361   0.94782
362   0.938272
363   0.92832
364   0.918043
365   0.907842
366   0.897615
367   0.88864
368   0.880856
369   0.875433
370   0.873306
371   0.873913
372   0.879716
373   0.888199
374   0.898424
375   0.909153
376   0.918878
377   0.927926
378   0.935742
379   0.942818
380   0.948973
381   0.954513
382   0.959369
383   0.963726
384   0.967561
385   0.970999
386   0.97403
387   0.967989
388   0.968169
389   0.970357
390   0.974026
391   0.978473
392   0.982652
393   0.986208
394   0.988854
395   0.990506
396   0.991134
397   0.990627
398   0.98909
399   0.986404
400   0.98275
401   0.978032
402   0.972449
403   0.965935
404   0.958635
405   0.950596
406   0.941938
407   0.93283
408   0.92345
409   0.914089
410   0.904744
411   0.896237
412   0.88859
413   0.882127
414   0.879719
415   0.878016
416   0.885511
417   0.893645
418   0.904576
419   0.914902
420   0.924426
421   0.932782
422   0.94027
423   0.946834
424   0.952686
425   0.95784
426   0.962422
427   0.966471
428   0.970066
429   0.973253
430   0.962269
431   0.961641
432   0.963553
433   0.966769
434   0.971923
435   0.976719
436   0.98116
437   0.984571
438   0.987237
439   0.988766
440   0.98942
441   0.988988
442   0.987652
443   0.985332
444   0.982134
445   0.978064
446   0.973153
447   0.967464
448   0.961001
449   0.953902
450   0.946191
451   0.93811
452   0.929635
453   0.921094
454   0.912674
455   0.904803
456   0.897795
457   0.892643
458   0.889539
459   0.88962
460   0.895653
461   0.903673
462   0.913288
463   0.922813
464   0.931086
465   0.938723
466   0.945404
467   0.951431
468   0.956723
469   0.961461
470   0.965632
471   0.969359
472   0.972645
473   0.956851
474   0.955879
475   0.95691
476   0.960085
477   0.965162
478   0.970582
479   0.975616
480   0.979855
481   0.983221
482   0.985658
483   0.987137
484   0.987753
485   0.987444
486   0.986364
487   0.984419
488   0.981764
489   0.978299
490   0.974138
491   0.969232
492   0.963659
493   0.957477
494   0.950722
495   0.94359
496   0.936012
497   0.928494
498   0.920949
499   0.914222
500   0.90812
501   0.903946
502   0.901362
503   0.901811
504   0.907497
505   0.914377
506   0.922979
507   0.930772
508   0.938191
509   0.944778
510   0.950769
511   0.956086
512   0.960855
513   0.965092
514   0.968873
515   0.972237
516   0.951774
517   0.950011
518   0.950444
519   0.952664
520   0.958214
521   0.963991
522   0.969697
523   0.974531
524   0.978698
525   0.981793
526   0.98414
527   0.985518
528   0.986207
529   0.986071
530   0.985297
531   0.983796
532   0.981662
533   0.97884
534   0.975365
535   0.971234
536   0.966466
537   0.961118
538   0.955217
539   0.948885
540   0.942254
541   0.935554
542   0.929054
543   0.923059
544   0.918092
545   0.914453
546   0.913295
547   0.914683
548   0.919761
549   0.925936
550   0.932645
551   0.939157
552   0.945288
553   0.950941
554   0.956079
555   0.960737
556   0.964924
557   0.968694
558   0.972066
559   0.94721
560   0.944971
561   0.944508
562   0.946547
563   0.951475
564   0.957541
565   0.963641
566   0.96914
567   0.973849
568   0.977663
569   0.980589
570   0.982739
571   0.98411
572   0.984873
573   0.984958
574   0.984521
575   0.983448
576   0.981846
577   0.979605
578   0.976786
579   0.973343
580   0.969286
581   0.964688
582   0.9595
583   0.953997
584   0.948094
585   0.942326
586   0.936551
587   0.931656
588   0.927479
589   0.925303
590   0.924855
591   0.927008
592   0.931153
593   0.936105
594   0.941513
595   0.946811
596   0.951934
597   0.956698
598   0.961114
599   0.965149
600   0.968824
601   0.972155
602   0.94321
603   0.94027
604   0.939043
605   0.93976
606   0.944857
607   0.950935
608   0.957489
609   0.963454
610   0.968824
611   0.973156
612   0.976758
613   0.979438
614   0.981534
615   0.982917
616   0.983841
617   0.984184
618   0.984094
619   0.983452
620   0.982325
621   0.980616
622   0.978354
623   0.975479
624   0.972026
625   0.967987
626   0.96346
627   0.958508
628   0.953362
629   0.948143
630   0.943327
631   0.939053
632   0.936155
633   0.934527
634   0.935244
635   0.937398
636   0.940905
637   0.944939
638   0.949333
639   0.953695
640   0.957968
641   0.961999
642   0.96579
643   0.969288
644   0.972517
645   0.939885
646   0.936449
647   0.934407
648   0.934834
649   0.938699
650   0.944655
651   0.951404
652   0.957908
653   0.963745
654   0.968688
655   0.972744
656   0.976027
657   0.978586
658   0.980617
659   0.982094
660   0.983192
661   0.983805
662   0.984054
663   0.983796
664   0.983097
665   0.981835
666   0.980029
667   0.977636
668   0.974634
669   0.971119
670   0.967046
671   0.962709
672   0.958066
673   0.953653
674   0.94948
675   0.946274
676   0.944085
677   0.943484
678   0.944342
679   0.946361
680   0.949229
681   0.952563
682   0.956155
683   0.959794
684   0.96338
685   0.966829
686   0.970094
687   0.973154
688   0.937271
689   0.933314
690   0.930507
691   0.929444
692   0.932918
693   0.938258
694   0.945333
695   0.952248
696   0.958661
697   0.964077
698   0.968712
699   0.972418
700   0.975538
701   0.977992
702   0.98007
703   0.981671
704   0.98298
705   0.983866
706   0.984418
707   0.984499
708   0.984141
709   0.983226
710   0.981774
711   0.979705
712   0.977081
713   0.97388
714   0.97027
715   0.966293
716   0.962307
717   0.958397
718   0.95515
719   0.952578
720   0.951339
721   0.951121
722   0.952133
723   0.95387
724   0.956315
725   0.959067
726   0.962093
727   0.965145
728   0.968226
729   0.971186
730   0.97405
731   0.935399
732   0.931027
733   0.927638
734   0.926174
735   0.92776
736   0.932486
737   0.93945
738   0.946789
739   0.953644
740   0.959619
741   0.964681
742   0.968916
743   0.972405
744   0.975363
745   0.977813
746   0.979956
747   0.981715
748   0.983231
749   0.984357
750   0.985171
751   0.985515
752   0.985418
753   0.984763
754   0.983547
755   0.981751
756   0.979361
757   0.976505
758   0.973193
759   0.969736
760   0.966206
761   0.963055
762   0.960403
763   0.958639
764   0.95779
765   0.957889
766   0.958795
767   0.960353
768   0.962387
769   0.964744
770   0.967292
771   0.969935
772   0.972583
773   0.975185
774   0.934279
775   0.92955
776   0.925611
777   0.923054
778   0.923397
779   0.926281
780   0.933614
781   0.941346
782   0.948659
783   0.95511
784   0.960713
785   0.96536
786   0.969341
787   0.972639
788   0.975556
789   0.978041
790   0.980301
791   0.982228
792   0.983927
793   0.985262
794   0.986263
795   0.986796
796   0.986864
797   0.986359
798   0.985305
799   0.983643
800   0.981475
801   0.978808
802   0.975883
803   0.972764
804   0.969849
805   0.96719
806   0.965236
807   0.963891
808   0.963433
809   0.963602
810   0.964502
811   0.965833
812   0.96763
813   0.969638
814   0.971882
815   0.974167
816   0.97652
817   0.933907
818   0.92893
819   0.924473
820   0.921176
821   0.919882
822   0.922063
823   0.928273
824   0.93605
825   0.94374
826   0.950707
827   0.95677
828   0.961933
829   0.96628
830   0.970026
831   0.973241
832   0.976148
833   0.978712
834   0.981091
835   0.983162
836   0.985015
837   0.986486
838   0.987615
839   0.988251
840   0.988404
841   0.987988
842   0.987003
843   0.985477
844   0.983435
845   0.981047
846   0.978389
847   0.97575
848   0.973247
849   0.97117
850   0.969596
851   0.968664
852   0.968346
853   0.968633
854   0.969427
855   0.970657
856   0.972211
857   0.974018
858   0.975977
859   0.978025
860   0.934227
861   0.929113
862   0.924188
863   0.92008
864   0.917332
865   0.917047
866   0.923268
867   0.93094
868   0.938862
869   0.94627
870   0.952851
871   0.958466
872   0.963289
873   0.967375
874   0.970999
875   0.974182
876   0.977131
877   0.979793
878   0.982274
879   0.984467
880   0.986403
881   0.987958
882   0.989125
883   0.989791
884   0.989954
885   0.989542
886   0.988603
887   0.987123
888   0.985252
889   0.983035
890   0.980734
891   0.978412
892   0.976387
893   0.974656
894   0.973482
895   0.972752
896   0.972628
897   0.972921
898   0.973719
899   0.974814
900   0.976261
901   0.97786
902   0.979649
903   0.935158
904   0.929911
905   0.924672
906   0.919828
907   0.91594
908   0.91506
909   0.919018
910   0.926053
911   0.934066
912   0.941867
913   0.94892
914   0.955042
915   0.960268
916   0.964791
917   0.968709
918   0.97226
919   0.975452
920   0.97846
921   0.981193
922   0.983755
923   0.986
924   0.987978
925   0.989534
926   0.990687
927   0.99132
928   0.991443
929   0.99102
930   0.990077
931   0.988693
932   0.986931
933   0.984972
934   0.982915
935   0.980978
936   0.979248
937   0.977889
938   0.976929
939   0.976438
940   0.976383
941   0.976762
942   0.977503
943   0.97857
944   0.979875
945   0.981361
946   0.936641
947   0.931473
948   0.925967
949   0.920734
950   0.915707
951   0.912393
952   0.915523
953   0.921354
954   0.929348
955   0.937476
956   0.944968
957   0.951561
958   0.957247
959   0.962138
960   0.966442
961   0.970261
962   0.973781
963   0.97701
964   0.980052
965   0.982847
966   0.985422
967   0.987685
968   0.989621
969   0.991136
970   0.992205
971   0.992761
972   0.992813
973   0.992336
974   0.991412
975   0.990067
976   0.988472
977   0.986681
978   0.984923
979   0.98323
980   0.98183
981   0.980689
982   0.979986
983   0.979617
984   0.979704
985   0.980096
986   0.980875
987   0.981864
988   0.983113
989   0.938563
990   0.933391
991   0.927889
992   0.922262
993   0.916846
994   0.913116
995   0.912979
996   0.917416
997   0.924901
998   0.933139
999   0.941016
1000   0.948034
1001   0.954138
1002   0.959448
1003   0.964066
1004   0.96823
1005   0.971976
1006   0.975496
1007   0.978731
1008   0.981803
1009   0.984588
1010   0.987155
1011   0.989358
1012   0.991227
1013   0.992639
1014   0.993607
1015   0.994064
1016   0.994032
1017   0.993528
1018   0.992601
1019   0.991358
1020   0.989876
1021   0.988313
1022   0.986752
1023   0.985347
1024   0.984151
1025   0.98327
1026   0.982712
1027   0.982522
1028   0.98267
1029   0.983151
1030   0.983901
1031   0.984878
1032   0.940878
1033   0.935952
1034   0.930456
1035   0.924857
1036   0.919031
1037   0.914163
1038   0.912219
1039   0.913349
1040   0.92066
1041   0.929011
1042   0.937049
1043   0.944489
1044   0.950977
1045   0.956667
1046   0.961639
1047   0.966077
1048   0.970116
1049   0.973838
1050   0.977325
1051   0.980573
1052   0.983605
1053   0.986371
1054   0.98885
1055   0.990977
1056   0.992716
1057   0.994012
1058   0.994847
1059   0.995194
1060   0.995086
1061   0.994538
1062   0.993649
1063   0.992464
1064   0.991143
1065   0.989729
1066   0.988408
1067   0.987187
1068   0.986238
1069   0.985516
1070   0.985157
1071   0.985066
1072   0.985338
1073   0.985835
1074   0.986614
1075   0.943476
1076   0.938704
1077   0.933481
1078   0.927908
1079   0.922099
1080   0.916759
1081   0.912779
1082   0.912657
1083   0.91739
1084   0.92502
1085   0.933178
1086   0.940874
1087   0.947736
1088   0.95378
1089   0.95906
1090   0.963812
1091   0.968073
1092   0.972053
1093   0.975708
1094   0.979182
1095   0.982372
1096   0.985367
1097   0.988037
1098   0.99043
1099   0.992422
1100   0.994038
1101   0.995192
1102   0.995905
1103   0.996155
1104   0.995979
1105   0.995428
1106   0.994562
1107   0.993488
1108   0.992279
1109   0.991063
1110   0.989903
1111   0.98891
1112   0.988121
1113   0.987607
1114   0.987368
1115   0.987428
1116   0.987747
1117   0.988302
1118   0.946295
1119   0.941891
1120   0.936894
1121   0.931674
1122   0.925921
1123   0.92046
1124   0.915195
1125   0.911756
1126   0.91539
1127   0.92167
1128   0.929591
1129   0.93749
1130   0.944546
1131   0.950899
1132   0.956447
1133   0.961449
1134   0.96596
1135   0.970125
1136   0.973991
1137   0.977613
1138   0.980998
1139   0.984143
1140   0.987022
1141   0.989606
1142   0.991849
1143   0.993717
1144   0.995172
1145   0.996195
1146   0.996782
1147   0.996942
1148   0.996722
1149   0.996158
1150   0.995353
1151   0.994352
1152   0.993295
1153   0.992212
1154   0.991253
1155   0.990414
1156   0.98983
1157   0.989449
1158   0.989375
1159   0.989508
1160   0.989911
1161   0.949221
1162   0.945057
1163   0.94047
1164   0.935492
1165   0.930107
1166   0.924551
1167   0.919139
1168   0.915303
1169   0.91483
1170   0.919466
1171   0.926635
1172   0.934299
1173   0.941491
1174   0.948008
1175   0.953769
1176   0.959007
1177   0.963699
1178   0.968079
1179   0.972087
1180   0.975894
1181   0.979402
1182   0.982727
1183   0.985748
1184   0.988536
1185   0.990969
1186   0.993087
1187   0.994795
1188   0.996118
1189   0.997007
1190   0.997494
1191   0.997588
1192   0.997334
1193   0.996797
1194   0.996036
1195   0.995151
1196   0.994202
1197   0.993295
1198   0.992479
1199   0.991836
1200   0.991388
1201   0.99118
1202   0.991196
1203   0.991428
1204   0.952207
1205   0.948431
1206   0.94416
1207   0.939655
1208   0.934598
1209   0.929485
1210   0.924067
1211   0.919538
1212   0.917488
1213   0.918105
1214   0.924488
1215   0.931905
1216   0.938843
1217   0.945452
1218   0.951289
1219   0.956662
1220   0.961508
1221   0.966013
1222   0.970174
1223   0.974086
1224   0.977739
1225   0.98117
1226   0.984347
1227   0.987271
1228   0.989894
1229   0.992202
1230   0.994148
1231   0.995721
1232   0.996893
1233   0.99767
1234   0.998062
1235   0.998098
1236   0.997833
1237   0.99731
1238   0.996626
1239   0.995821
1240   0.995017
1241   0.994234
1242   0.993596
1243   0.993087
1244   0.992811
1245   0.992703
1246   0.992831
1247   0.955169
1248   0.951653
1249   0.947809
1250   0.943647
1251   0.939137
1252   0.934375
1253   0.929518
1254   0.925035
1255   0.921721
1256   0.921246
1257   0.923945
1258   0.930232
1259   0.93679
1260   0.943248
1261   0.949048
1262   0.954486
1263   0.959377
1264   0.963997
1265   0.968219
1266   0.972248
1267   0.975966
1268   0.979518
1269   0.982781
1270   0.98585
1271   0.988602
1272   0.991099
1273   0.993234
1274   0.995046
1275   0.996463
1276   0.997518
1277   0.998188
1278   0.99851
1279   0.998511
1280   0.99824
1281   0.997763
1282   0.997136
1283   0.996448
1284   0.995751
1285   0.995129
1286   0.994619
1287   0.994276
1288   0.994105
1289   0.994115
1290   0.958083
1291   0.954915
1292   0.951395
1293   0.9477
1294   0.94362
1295   0.939467
1296   0.935072
1297   0.931078
1298   0.927462
1299   0.925287
1300   0.926784
1301   0.930335
1302   0.93608
1303   0.942061
1304   0.947564
1305   0.952825
1306   0.957673
1307   0.962243
1308   0.966496
1309   0.970522
1310   0.9743
1311   0.97788
1312   0.981227
1313   0.984364
1314   0.98724
1315   0.989858
1316   0.992166
1317   0.994161
1318   0.995801
1319   0.997093
1320   0.998019
1321   0.998601
1322   0.998859
1323   0.998829
1324   0.99857
1325   0.998125
1326   0.997582
1327   0.996978
1328   0.996417
1329   0.99591
1330   0.995554
1331   0.995316
1332   0.995265
1333   0.960901
1334   0.957979
1335   0.954835
1336   0.95148
1337   0.947915
1338   0.944191
1339   0.940438
1340   0.936776
1341   0.933653
1342   0.931328
1343   0.930914
1344   0.933098
1345   0.936741
1346   0.941893
1347   0.946797
1348   0.951791
1349   0.95638
1350   0.960854
1351   0.964985
1352   0.968991
1353   0.972714
1354   0.976318
1355   0.979662
1356   0.982864
1357   0.98579
1358   0.988524
1359   0.990945
1360   0.99311
1361   0.994927
1362   0.996437
1363   0.997588
1364   0.998418
1365   0.998917
1366   0.999129
1367   0.999086
1368   0.998839
1369   0.99845
1370   0.997974
1371   0.997483
1372   0.997024
1373   0.996657
1374   0.996402
1375   0.996282
1376   0.963617
1377   0.960983
1378   0.958126
1379   0.955155
1380   0.951968
1381   0.948737
1382   0.945412
1383   0.942271
1384   0.939415
1385   0.937279
1386   0.936383
1387   0.93692
1388   0.939597
1389   0.943225
1390   0.947401
1391   0.951684
1392   0.955915
1393   0.960037
1394   0.963994
1395   0.967813
1396   0.971458
1397   0.974964
1398   0.978291
1399   0.981462
1400   0.984427
1401   0.987195
1402   0.989712
1403   0.99198
1404   0.993949
1405   0.995625
1406   0.996975
1407   0.998014
1408   0.998735
1409   0.999168
1410   0.999336
1411   0.999282
1412   0.99906
1413   0.998713
1414   0.998322
1415   0.997914
1416   0.997576
1417   0.997303
1418   0.997159
1419   0.96621
1420   0.963795
1421   0.961241
1422   0.958562
1423   0.955773
1424   0.952907
1425   0.950063
1426   0.947295
1427   0.944887
1428   0.942907
1429   0.941926
1430   0.941853
1431   0.94321
1432   0.945757
1433   0.948872
1434   0.952466
1435   0.956081
1436   0.959825
1437   0.963425
1438   0.967037
1439   0.970469
1440   0.973868
1441   0.977073
1442   0.980208
1443   0.983124
1444   0.985918
1445   0.988457
1446   0.990813
1447   0.992876
1448   0.994698
1449   0.996203
1450   0.997432
1451   0.998347
1452   0.998988
1453   0.999357
1454   0.999495
1455   0.999441
1456   0.999242
1457   0.998957
1458   0.998632
1459   0.998327
1460   0.998074
1461   0.997903
1462   0.968682
1463   0.9665
1464   0.964188
1465   0.961806
1466   0.959318
1467   0.956813
1468   0.954302
1469   0.951912
1470   0.949755
1471   0.947987
1472   0.946887
1473   0.946506
1474   0.947256
1475   0.948857
1476   0.951205
1477   0.953985
1478   0.957044
1479   0.960242
1480   0.963488
1481   0.966746
1482   0.969959
1483   0.973129
1484   0.976206
1485   0.979201
1486   0.98206
1487   0.984792
1488   0.987339
1489   0.989706
1490   0.991839
1491   0.993742
1492   0.995373
1493   0.996742
1494   0.997824
1495   0.99864
1496   0.99919
1497   0.999506
1498   0.999617
1499   0.999562
1500   0.999395
1501   0.999155
1502   0.99891
1503   0.998676
1504   0.998513
1505   0.971026
1506   0.969036
1507   0.966964
1508   0.964823
1509   0.962632
1510   0.960413
1511   0.958238
1512   0.956134
1513   0.954266
1514   0.952662
1515   0.951588
1516   0.951054
1517   0.951303
1518   0.952309
1519   0.953915
1520   0.956066
1521   0.958487
1522   0.961207
1523   0.963987
1524   0.966917
1525   0.969801
1526   0.972754
1527   0.975605
1528   0.978466
1529   0.981181
1530   0.983848
1531   0.986325
1532   0.988693
1533   0.990829
1534   0.992796
1535   0.994497
1536   0.995984
1537   0.997191
1538   0.998162
1539   0.998868
1540   0.999351
1541   0.999617
1542   0.999709
1543   0.999663
1544   0.999524
1545   0.999342
1546   0.999155
1547   0.998999
1548   0.973245
1549   0.971448
1550   0.969577
1551   0.967668
1552   0.965713
1553   0.963761
1554   0.961836
1555   0.96
1556   0.958331
1557   0.956902
1558   0.955858
1559   0.955248
1560   0.955245
1561   0.955802
1562   0.956928
1563   0.958498
1564   0.960434
1565   0.962636
1566   0.965023
1567   0.967546
1568   0.970139
1569   0.972786
1570   0.97543
1571   0.978068
1572   0.980647
1573   0.983165
1574   0.98557
1575   0.98786
1576   0.989985
1577   0.991944
1578   0.993692
1579   0.995236
1580   0.99654
1581   0.997619
1582   0.998456
1583   0.999075
1584   0.99948
1585   0.999706
1586   0.999779
1587   0.999739
1588   0.999633
1589   0.999493
1590   0.999367
1591   0.97534
1592   0.973709
1593   0.972032
1594   0.97032
1595   0.968591
1596   0.96686
1597   0.965175
1598   0.963555
1599   0.962092
1600   0.960806
1601   0.959831
1602   0.959191
1603   0.959
1604   0.959278
1605   0.959994
1606   0.961154
1607   0.962618
1608   0.964416
1609   0.966376
1610   0.968561
1611   0.970802
1612   0.973187
1613   0.975552
1614   0.977997
1615   0.980365
1616   0.982752
1617   0.98501
1618   0.987228
1619   0.989272
1620   0.991216
1621   0.992949
1622   0.994533
1623   0.995882
1624   0.997048
1625   0.997977
1626   0.998712
1627   0.999235
1628   0.999583
1629   0.999769
1630   0.999832
1631   0.999804
1632   0.999725
1633   0.999631
1634   0.977313
1635   0.975842
1636   0.974334
1637   0.972805
1638   0.971264
1639   0.969735
1640   0.968243
1641   0.966821
1642   0.965517
1643   0.964374
1644   0.963466
1645   0.962832
1646   0.96255
1647   0.96263
1648   0.963093
1649   0.963909
1650   0.965046
1651   0.966459
1652   0.968095
1653   0.969921
1654   0.97188
1655   0.973954
1656   0.976089
1657   0.978278
1658   0.980467
1659   0.982652
1660   0.984782
1661   0.986855
1662   0.988822
1663   0.990681
1664   0.992389
1665   0.993947
1666   0.995321
1667   0.996516
1668   0.997511
1669   0.998321
1670   0.998937
1671   0.999382
1672   0.999666
1673   0.999821
1674   0.999872
1675   0.999853
1676   0.999801
1677   0.979166
1678   0.977839
1679   0.976488
1680   0.975121
1681   0.973754
1682   0.972398
1683   0.971086
1684   0.969829
1685   0.968682
1686   0.967659
1687   0.96683
1688   0.966219
1689   0.96588
1690   0.965844
1691   0.966105
1692   0.966692
1693   0.967534
1694   0.968671
1695   0.969986
1696   0.971539
1697   0.973191
1698   0.975022
1699   0.976884
1700   0.978867
1701   0.980822
1702   0.982843
1703   0.984785
1704   0.986737
1705   0.988565
1706   0.990349
1707   0.991971
1708   0.993501
1709   0.994842
1710   0.996056
1711   0.997069
1712   0.997934
1713   0.998607
1714   0.999132
1715   0.999495
1716   0.999733
1717   0.999857
1718   0.999901
1719   0.999894
1720   0.980903
1721   0.97971
1722   0.978498
1723   0.977279
1724   0.976062
1725   0.974863
1726   0.973701
1727   0.972596
1728   0.971577
1729   0.970672
1730   0.96992
1731   0.96935
1732   0.968999
1733   0.96889
1734   0.969038
1735   0.969446
1736   0.9701
1737   0.97099
1738   0.972084
1739   0.973367
1740   0.974796
1741   0.976361
1742   0.978017
1743   0.979754
1744   0.981528
1745   0.983333
1746   0.985124
1747   0.986897
1748   0.988609
1749   0.990256
1750   0.991801
1751   0.993242
1752   0.994547
1753   0.995719
1754   0.996736
1755   0.997605
1756   0.998315
1757   0.998881
1758   0.999302
1759   0.9996
1760   0.999786
1761   0.999887
1762   0.999923
1763   0.982527
1764   0.981455
1765   0.980371
1766   0.979284
1767   0.978204
1768   0.977142
1769   0.976118
1770   0.975141
1771   0.974246
1772   0.973442
1773   0.97277
1774   0.972247
1775   0.971903
1776   0.971762
1777   0.971825
1778   0.972124
1779   0.972616
1780   0.973344
1781   0.974226
1782   0.975322
1783   0.976519
1784   0.977893
1785   0.979316
1786   0.980872
1787   0.982427
1788   0.984069
1789   0.985663
1790   0.987297
1791   0.988842
1792   0.990381
1793   0.991797
1794   0.993164
1795   0.994381
1796   0.995516
1797   0.996488
1798   0.997356
1799   0.998061
1800   0.998654
1801   0.999102
1802   0.999447
1803   0.999678
1804   0.999828
1805   0.999907
1806   0.98404
1807   0.983079
1808   0.982111
1809   0.981142
1810   0.980183
1811   0.979243
1812   0.978336
1813   0.977478
1814   0.976688
1815   0.975983
1816   0.975386
1817   0.974919
1818   0.974602
1819   0.974453
1820   0.974483
1821   0.974701
1822   0.975104
1823   0.975689
1824   0.976442
1825   0.977353
1826   0.978399
1827   0.979568
1828   0.980831
1829   0.982178
1830   0.983576
1831   0.985016
1832   0.986466
1833   0.987916
1834   0.989335
1835   0.990716
1836   0.99203
1837   0.993271
1838   0.994417
1839   0.995464
1840   0.996395
1841   0.997213
1842   0.997908
1843   0.998487
1844   0.99895
1845   0.999308
1846   0.99957
1847   0.999749
1848   0.999862
