##### Y Variance #####
0   0.999896
1   0.999863
2   0.999273
3   0.997889
4   0.995481
5   0.991912
6   0.987042
7   0.980958
8   0.973771
9   0.966128
10   0.958162
11   0.950353
12   0.942788
13   0.935782
14   0.929466
15   0.924053
16   0.919676
17   0.916465
18   0.914438
19   0.913564
20   0.913796
21   0.914982
22   0.917086
23   0.919916
24   0.923396
25   0.927286
26   0.93149
27   0.935779
28   0.940104
29   0.944309
30   0.948385
31   0.952245
32   0.955904
33   0.959329
34   0.962547
35   0.965549
36   0.968358
37   0.970978
38   0.973422
39   0.975698
40   0.977814
41   0.979777
42   0.981596
43   0.999397
44   0.999795
45   0.999703
46   0.998841
47   0.996817
48   0.993681
49   0.988816
50   0.982917
51   0.974843
52   0.967185
53   0.95799
54   0.949722
55   0.940857
56   0.933001
57   0.925484
58   0.919117
59   0.91374
60   0.909759
61   0.9071
62   0.905654
63   0.905693
64   0.906528
65   0.908834
66   0.911646
67   0.915685
68   0.919828
69   0.924786
70   0.929445
71   0.93452
72   0.939127
73   0.943855
74   0.94809
75   0.952263
76   0.956018
77   0.959627
78   0.962913
79   0.966024
80   0.968885
81   0.971567
82   0.974044
83   0.976348
84   0.978477
85   0.980444
86   0.998204
87   0.999013
88   0.999594
89   0.999453
90   0.99825
91   0.995818
92   0.99185
93   0.986498
94   0.979321
95   0.970992
96   0.961717
97   0.952027
98   0.942167
99   0.932695
100   0.923748
101   0.915981
102   0.909301
103   0.904042
104   0.900195
105   0.897741
106   0.896834
107   0.897233
108   0.899084
109   0.90207
110   0.906169
111   0.91094
112   0.916305
113   0.921814
114   0.927456
115   0.932933
116   0.938252
117   0.943238
118   0.947925
119   0.952262
120   0.956289
121   0.960012
122   0.963458
123   0.966647
124   0.969594
125   0.972318
126   0.974829
127   0.977144
128   0.97927
129   0.996135
130   0.997326
131   0.99854
132   0.999199
133   0.99893
134   0.997469
135   0.99449
136   0.990189
137   0.984043
138   0.976454
139   0.966991
140   0.957325
141   0.945943
142   0.935994
143   0.924637
144   0.91607
145   0.907149
146   0.900484
147   0.894799
148   0.890654
149   0.888504
150   0.887644
151   0.889018
152   0.891523
153   0.895877
154   0.900758
155   0.906915
156   0.912898
157   0.919547
158   0.925714
159   0.932022
160   0.937682
161   0.943161
162   0.948061
163   0.95268
164   0.956851
165   0.960732
166   0.964269
167   0.967537
168   0.970526
169   0.973272
170   0.975785
171   0.978084
172   0.993059
173   0.994336
174   0.996205
175   0.997654
176   0.998471
177   0.998108
178   0.99645
179   0.993371
180   0.988629
181   0.982316
182   0.974269
183   0.965012
184   0.954579
185   0.943632
186   0.932231
187   0.920963
188   0.910331
189   0.90058
190   0.8922
191   0.885561
192   0.880852
193   0.878634
194   0.878512
195   0.880485
196   0.884293
197   0.889331
198   0.895666
199   0.902566
200   0.909963
201   0.917365
202   0.924602
203   0.931389
204   0.937664
205   0.943425
206   0.948661
207   0.953454
208   0.957801
209   0.96178
210   0.965391
211   0.968694
212   0.971689
213   0.974423
214   0.976898
215   0.989035
216   0.990482
217   0.99267
218   0.994853
219   0.996588
220   0.997343
221   0.996904
222   0.995171
223   0.991888
224   0.987141
225   0.980689
226   0.972834
227   0.963546
228   0.953289
229   0.941906
230   0.93023
231   0.917255
232   0.906425
233   0.893874
234   0.886108
235   0.876687
236   0.873522
237   0.870243
238   0.871
239   0.873591
240   0.877648
241   0.884216
242   0.891249
243   0.899821
244   0.90813
245   0.916747
246   0.924487
247   0.931862
248   0.938419
249   0.944458
250   0.949859
251   0.954774
252   0.959199
253   0.963209
254   0.966831
255   0.970104
256   0.973061
257   0.975729
258   0.984104
259   0.985205
260   0.987875
261   0.990565
262   0.993276
263   0.995022
264   0.995896
265   0.995443
266   0.993711
267   0.990511
268   0.985771
269   0.979573
270   0.971903
271   0.963034
272   0.952953
273   0.942068
274   0.930229
275   0.918376
276   0.906381
277   0.895258
278   0.88497
279   0.87615
280   0.869804
281   0.865626
282   0.864752
283   0.866841
284   0.87184
285   0.879507
286   0.888649
287   0.898327
288   0.90804
289   0.917238
290   0.925599
291   0.933265
292   0.940061
293   0.946229
294   0.951691
295   0.956638
296   0.961034
297   0.965011
298   0.968553
299   0.971751
300   0.9746
301   0.978542
302   0.979604
303   0.982213
304   0.985452
305   0.988803
306   0.991539
307   0.993433
308   0.994255
309   0.993833
310   0.99216
311   0.989016
312   0.98455
313   0.97861
314   0.971471
315   0.963049
316   0.953689
317   0.943381
318   0.932372
319   0.920992
320   0.9094
321   0.897788
322   0.886893
323   0.875472
324   0.868923
325   0.861055
326   0.861966
327   0.862214
328   0.869852
329   0.878869
330   0.888862
331   0.899865
332   0.909928
333   0.919529
334   0.92809
335   0.935785
336   0.942621
337   0.948701
338   0.95412
339   0.95894
340   0.963243
341   0.967072
342   0.970491
343   0.973538
344   0.972511
345   0.972757
346   0.975667
347   0.979134
348   0.983272
349   0.986763
350   0.989765
351   0.991612
352   0.992533
353   0.992154
354   0.990587
355   0.987693
356   0.983521
357   0.978128
358   0.971531
359   0.963922
360   0.955251
361   0.945785
362   0.93555
363   0.924845
364   0.91376
365   0.902732
366   0.891655
367   0.88192
368   0.873466
369   0.867549
370   0.86519
371   0.865777
372   0.871958
373   0.881029
374   0.891971
375   0.903455
376   0.913856
377   0.923527
378   0.93187
379   0.939417
380   0.945974
381   0.95187
382   0.957031
383   0.961659
384   0.965726
385   0.969369
386   0.972577
387   0.966487
388   0.966603
389   0.968779
390   0.972486
391   0.977032
392   0.981367
393   0.985132
394   0.988016
395   0.989916
396   0.990774
397   0.990456
398   0.989045
399   0.986404
400   0.982702
401   0.977836
402   0.972
403   0.965129
404   0.957369
405   0.948779
406   0.939483
407   0.929674
408   0.919541
409   0.909411
410   0.899276
411   0.890037
412   0.881719
413   0.874667
414   0.872007
415   0.870095
416   0.878113
417   0.886812
418   0.89852
419   0.909574
420   0.91976
421   0.928688
422   0.936682
423   0.943681
424   0.949914
425   0.955397
426   0.960266
427   0.964563
428   0.968376
429   0.971751
430   0.960538
431   0.959814
432   0.961699
433   0.964929
434   0.97016
435   0.97508
436   0.979727
437   0.983372
438   0.986312
439   0.988106
440   0.98901
441   0.98878
442   0.987586
443   0.98533
444   0.982107
445   0.977919
446   0.972789
447   0.966786
448   0.959909
449   0.952314
450   0.944024
451   0.935309
452   0.926144
453   0.916888
454   0.907749
455   0.899194
456   0.89156
457   0.88593
458   0.882511
459   0.882529
460   0.888963
461   0.89754
462   0.90783
463   0.918023
464   0.926864
465   0.935021
466   0.942147
467   0.948571
468   0.954202
469   0.959241
470   0.963669
471   0.967623
472   0.971103
473   0.954911
474   0.953831
475   0.954808
476   0.957978
477   0.9631
478   0.968625
479   0.973833
480   0.978301
481   0.981935
482   0.98466
483   0.986421
484   0.987296
485   0.9872
486   0.986274
487   0.984409
488   0.981752
489   0.978197
490   0.973853
491   0.968675
492   0.962738
493   0.956116
494   0.948844
495   0.941143
496   0.932936
497   0.924782
498   0.916584
499   0.909264
500   0.902611
501   0.898037
502   0.895177
503   0.895587
504   0.90165
505   0.908995
506   0.918197
507   0.926524
508   0.934449
509   0.941476
510   0.947861
511   0.953522
512   0.958593
513   0.963094
514   0.967104
515   0.970669
516   0.949647
517   0.947749
518   0.94812
519   0.950315
520   0.955883
521   0.961724
522   0.967585
523   0.972618
524   0.977049
525   0.980426
526   0.983079
527   0.984746
528   0.985703
529   0.985787
530   0.98518
531   0.983774
532   0.981659
533   0.978773
534   0.97515
535   0.970786
536   0.965702
537   0.959965
538   0.953604
539   0.946758
540   0.939571
541   0.932298
542   0.925228
543   0.918699
544   0.913273
545   0.90928
546   0.907959
547   0.909386
548   0.914791
549   0.921376
550   0.928538
551   0.935487
552   0.942023
553   0.948046
554   0.953515
555   0.958468
556   0.962914
557   0.966914
558   0.970488
559   0.944926
560   0.942546
561   0.941997
562   0.943993
563   0.948913
564   0.955022
565   0.961234
566   0.966909
567   0.971852
568   0.975941
569   0.979167
570   0.981626
571   0.983293
572   0.984326
573   0.984638
574   0.984375
575   0.98341
576   0.981846
577   0.979566
578   0.976628
579   0.972989
580   0.968657
581   0.963718
582   0.958119
583   0.952163
584   0.94576
585   0.939493
586   0.933208
587   0.927869
588   0.923299
589   0.920887
590   0.920335
591   0.922587
592   0.926987
593   0.932256
594   0.938017
595   0.943659
596   0.949111
597   0.954179
598   0.958873
599   0.963156
600   0.967054
601   0.970583
602   0.940794
603   0.937693
604   0.936378
605   0.93704
606   0.942106
607   0.94819
608   0.95483
609   0.96093
610   0.96651
611   0.971088
612   0.974984
613   0.977968
614   0.980379
615   0.982058
616   0.983256
617   0.983829
618   0.98392
619   0.983397
620   0.982323
621   0.980595
622   0.978239
623   0.975198
624   0.971506
625   0.967161
626   0.962271
627   0.956908
628   0.951322
629   0.945649
630   0.940404
631   0.935737
632   0.932552
633   0.930734
634   0.931442
635   0.933698
636   0.937413
637   0.941695
638   0.946364
639   0.951
640   0.955539
641   0.959819
642   0.963842
643   0.96755
644   0.97097
645   0.937368
646   0.933772
647   0.931623
648   0.93198
649   0.935801
650   0.941747
651   0.948542
652   0.955152
653   0.961155
654   0.96632
655   0.97064
656   0.97422
657   0.977088
658   0.979432
659   0.981206
660   0.982577
661   0.983422
662   0.983856
663   0.983725
664   0.98309
665   0.981825
666   0.979946
667   0.977412
668   0.974197
669   0.970413
670   0.96601
671   0.961311
672   0.95627
673   0.95147
674   0.946922
675   0.943412
676   0.940996
677   0.940289
678   0.941153
679   0.943268
680   0.946297
681   0.949827
682   0.953636
683   0.957495
684   0.961297
685   0.964952
686   0.968411
687   0.97165
688   0.934677
689   0.930547
690   0.927634
691   0.926497
692   0.929915
693   0.935225
694   0.94232
695   0.949296
696   0.955845
697   0.961441
698   0.966317
699   0.970293
700   0.973718
701   0.97648
702   0.978871
703   0.980766
704   0.982346
705   0.983463
706   0.984201
707   0.984414
708   0.984128
709   0.983222
710   0.981711
711   0.979518
712   0.976706
713   0.973258
714   0.969354
715   0.965045
716   0.960716
717   0.956463
718   0.952918
719   0.950098
720   0.94871
721   0.948421
722   0.949455
723   0.95127
724   0.953847
725   0.956753
726   0.959955
727   0.963185
728   0.966444
729   0.969576
730   0.972606
731   0.932755
732   0.928217
733   0.924707
734   0.923161
735   0.924694
736   0.929383
737   0.936334
738   0.943707
739   0.950652
740   0.956776
741   0.962039
742   0.966521
743   0.970288
744   0.973548
745   0.976306
746   0.978758
747   0.980807
748   0.982589
749   0.983943
750   0.984944
751   0.985421
752   0.9854
753   0.984761
754   0.983497
755   0.981591
756   0.979028
757   0.975951
758   0.972371
759   0.968626
760   0.964793
761   0.961363
762   0.958465
763   0.956521
764   0.955559
765   0.955616
766   0.956541
767   0.958166
768   0.960304
769   0.962788
770   0.965477
771   0.968269
772   0.971067
773   0.973816
774   0.931609
775   0.926705
776   0.922648
777   0.920003
778   0.920298
779   0.923151
780   0.930447
781   0.938171
782   0.945545
783   0.952103
784   0.957876
785   0.962733
786   0.966971
787   0.970548
788   0.973768
789   0.976558
790   0.979121
791   0.981333
792   0.983294
793   0.984852
794   0.986036
795   0.986701
796   0.986845
797   0.986358
798   0.985261
799   0.983496
800   0.981173
801   0.978301
802   0.97514
803   0.971763
804   0.968598
805   0.965704
806   0.963563
807   0.962076
808   0.961539
809   0.961677
810   0.962599
811   0.963985
812   0.965869
813   0.967982
814   0.970346
815   0.972755
816   0.975238
817   0.931231
818   0.926087
819   0.921505
820   0.918124
821   0.916783
822   0.918926
823   0.92509
824   0.932844
825   0.940556
826   0.947598
827   0.953789
828   0.959132
829   0.963699
830   0.967704
831   0.9712
832   0.974407
833   0.977271
834   0.979948
835   0.982296
836   0.984403
837   0.986091
838   0.987396
839   0.988159
840   0.988386
841   0.987986
842   0.986961
843   0.985342
844   0.983155
845   0.980585
846   0.977716
847   0.97486
848   0.972144
849   0.969881
850   0.968156
851   0.967118
852   0.966738
853   0.967006
854   0.967817
855   0.969097
856   0.970724
857   0.972621
858   0.974682
859   0.976839
860   0.931563
861   0.926278
862   0.921235
863   0.917039
864   0.914255
865   0.91395
866   0.920107
867   0.927732
868   0.935655
869   0.943101
870   0.94978
871   0.955534
872   0.96055
873   0.964862
874   0.968749
875   0.972212
876   0.975458
877   0.978414
878   0.981184
879   0.983646
880   0.985826
881   0.98759
882   0.988923
883   0.989709
884   0.989939
885   0.98954
886   0.988561
887   0.986991
888   0.98499
889   0.982607
890   0.980126
891   0.977616
892   0.975419
893   0.973534
894   0.972244
895   0.971428
896   0.97126
897   0.971538
898   0.972357
899   0.973495
900   0.975008
901   0.976685
902   0.978566
903   0.932524
904   0.927115
905   0.921756
906   0.916832
907   0.912905
908   0.911997
909   0.915906
910   0.922891
911   0.930878
912   0.938692
913   0.945804
914   0.952036
915   0.957416
916   0.962138
917   0.966288
918   0.970103
919   0.973572
920   0.976872
921   0.97989
922   0.982733
923   0.985235
924   0.987446
925   0.989198
926   0.990508
927   0.99125
928   0.991431
929   0.991017
930   0.990034
931   0.988567
932   0.986684
933   0.984582
934   0.982368
935   0.980275
936   0.978401
937   0.976919
938   0.975864
939   0.975308
940   0.975219
941   0.975592
942   0.976354
943   0.977463
944   0.978827
945   0.980385
946   0.93405
947   0.928719
948   0.9231
949   0.917783
950   0.912729
951   0.909404
952   0.912483
953   0.918262
954   0.926217
955   0.934328
956   0.941854
957   0.948519
958   0.954331
959   0.959387
960   0.963899
961   0.967954
962   0.971736
963   0.97524
964   0.978564
965   0.981637
966   0.984479
967   0.986988
968   0.989142
969   0.99084
970   0.992051
971   0.992704
972   0.992805
973   0.992331
974   0.991367
975   0.989944
976   0.988242
977   0.986323
978   0.984433
979   0.982607
980   0.981091
981   0.979848
982   0.979071
983   0.97865
984   0.978715
985   0.979106
986   0.97991
987   0.980939
988   0.982244
989   0.936029
990   0.930704
991   0.925087
992   0.919383
993   0.913931
994   0.910185
995   0.910027
996   0.914421
997   0.921853
998   0.93006
999   0.937938
1000   0.945004
1001   0.951199
1002   0.956646
1003   0.961438
1004   0.965815
1005   0.969797
1006   0.973578
1007   0.97708
1008   0.980426
1009   0.983476
1010   0.986297
1011   0.988729
1012   0.990803
1013   0.992381
1014   0.993478
1015   0.994019
1016   0.994027
1017   0.993522
1018   0.992555
1019   0.991241
1020   0.989662
1021   0.98799
1022   0.986315
1023   0.9848
1024   0.983507
1025   0.982545
1026   0.981927
1027   0.981701
1028   0.981834
1029   0.982322
1030   0.983097
1031   0.984115
1032   0.938412
1033   0.933332
1034   0.927727
1035   0.922046
1036   0.916188
1037   0.911306
1038   0.909355
1039   0.910473
1040   0.917722
1041   0.926021
1042   0.934044
1043   0.941501
1044   0.948055
1045   0.953849
1046   0.958971
1047   0.963591
1048   0.967845
1049   0.971803
1050   0.975543
1051   0.979052
1052   0.982345
1053   0.985364
1054   0.98808
1055   0.990422
1056   0.992347
1057   0.993794
1058   0.994741
1059   0.99516
1060   0.995084
1061   0.994529
1062   0.993602
1063   0.992351
1064   0.990946
1065   0.989436
1066   0.988019
1067   0.986705
1068   0.985678
1069   0.98489
1070   0.984488
1071   0.984369
1072   0.984638
1073   0.985146
1074   0.985954
1075   0.941085
1076   0.936169
1077   0.930834
1078   0.925183
1079   0.919334
1080   0.913982
1081   0.910009
1082   0.909878
1083   0.914569
1084   0.922147
1085   0.930269
1086   0.937964
1087   0.944862
1088   0.950986
1089   0.956383
1090   0.961293
1091   0.965741
1092   0.969936
1093   0.973822
1094   0.977542
1095   0.980981
1096   0.984225
1097   0.987131
1098   0.989747
1099   0.991935
1100   0.99372
1101   0.995007
1102   0.995819
1103   0.996129
1104   0.995978
1105   0.995419
1106   0.994515
1107   0.993382
1108   0.992098
1109   0.990801
1110   0.989558
1111   0.98849
1112   0.987637
1113   0.987073
1114   0.986801
1115   0.986846
1116   0.987168
1117   0.987739
1118   0.943987
1119   0.93944
1120   0.934335
1121   0.929032
1122   0.923239
1123   0.917759
1124   0.912512
1125   0.909094
1126   0.912689
1127   0.918921
1128   0.926799
1129   0.934675
1130   0.941749
1131   0.948153
1132   0.953796
1133   0.958927
1134   0.9636
1135   0.967954
1136   0.972032
1137   0.97588
1138   0.979501
1139   0.982884
1140   0.985997
1141   0.988802
1142   0.991248
1143   0.993295
1144   0.994901
1145   0.996043
1146   0.996714
1147   0.996924
1148   0.996722
1149   0.996147
1150   0.995306
1151   0.994252
1152   0.99313
1153   0.991976
1154   0.99095
1155   0.990048
1156   0.989415
1157   0.988995
1158   0.988901
1159   0.989026
1160   0.989438
1161   0.947003
1162   0.942705
1163   0.938008
1164   0.932949
1165   0.927515
1166   0.92194
1167   0.916537
1168   0.912718
1169   0.912247
1170   0.916846
1171   0.923966
1172   0.931599
1173   0.938787
1174   0.945338
1175   0.951167
1176   0.95651
1177   0.961337
1178   0.965883
1179   0.970078
1180   0.974093
1181   0.977818
1182   0.981369
1183   0.984613
1184   0.98762
1185   0.990256
1186   0.992562
1187   0.99443
1188   0.995889
1189   0.996881
1190   0.997441
1191   0.997575
1192   0.997334
1193   0.996784
1194   0.995991
1195   0.995058
1196   0.994053
1197   0.993088
1198   0.992215
1199   0.991522
1200   0.991036
1201   0.990802
1202   0.990805
1203   0.991039
1204   0.950084
1205   0.946175
1206   0.941798
1207   0.937208
1208   0.9321
1209   0.926959
1210   0.921546
1211   0.917032
1212   0.914994
1213   0.915615
1214   0.92195
1215   0.929322
1216   0.936249
1217   0.942869
1218   0.948757
1219   0.95421
1220   0.95917
1221   0.963814
1222   0.968141
1223   0.972238
1224   0.976092
1225   0.979732
1226   0.983121
1227   0.986256
1228   0.989081
1229   0.991578
1230   0.993691
1231   0.99541
1232   0.9967
1233   0.997567
1234   0.99802
1235   0.99809
1236   0.997833
1237   0.997297
1238   0.996582
1239   0.995735
1240   0.994883
1241   0.994051
1242   0.993368
1243   0.99282
1244   0.992517
1245   0.992392
1246   0.992516
1247   0.953145
1248   0.949504
1249   0.945554
1250   0.941308
1251   0.936739
1252   0.931944
1253   0.927078
1254   0.922605
1255   0.919309
1256   0.918839
1257   0.921526
1258   0.927774
1259   0.934308
1260   0.940767
1261   0.946597
1262   0.952096
1263   0.957077
1264   0.961817
1265   0.96618
1266   0.970375
1267   0.974271
1268   0.978018
1269   0.981477
1270   0.984749
1271   0.987696
1272   0.990381
1273   0.992685
1274   0.99465
1275   0.996195
1276   0.997356
1277   0.998103
1278   0.998477
1279   0.998505
1280   0.998239
1281   0.997749
1282   0.997095
1283   0.996371
1284   0.995633
1285   0.994971
1286   0.994425
1287   0.994054
1288   0.993865
1289   0.993866
1290   0.956161
1291   0.952872
1292   0.94925
1293   0.945468
1294   0.941327
1295   0.93713
1296   0.932719
1297   0.92872
1298   0.92512
1299   0.922962
1300   0.924451
1301   0.927987
1302   0.933707
1303   0.939678
1304   0.945201
1305   0.950506
1306   0.955426
1307   0.960094
1308   0.96447
1309   0.96864
1310   0.972579
1311   0.976334
1312   0.979866
1313   0.983191
1314   0.986254
1315   0.989055
1316   0.991533
1317   0.993684
1318   0.99546
1319   0.996867
1320   0.997883
1321   0.998533
1322   0.998833
1323   0.998826
1324   0.998569
1325   0.99811
1326   0.997544
1327   0.996909
1328   0.996315
1329   0.995775
1330   0.995393
1331   0.995135
1332   0.995073
1333   0.959083
1334   0.956047
1335   0.952803
1336   0.949364
1337   0.945732
1338   0.94196
1339   0.938177
1340   0.934504
1341   0.931381
1342   0.929068
1343   0.928658
1344   0.930834
1345   0.934467
1346   0.939608
1347   0.944523
1348   0.949548
1349   0.954194
1350   0.958749
1351   0.962983
1352   0.967115
1353   0.97098
1354   0.974743
1355   0.978254
1356   0.981633
1357   0.984735
1358   0.987645
1359   0.990232
1360   0.992554
1361   0.99451
1362   0.996144
1363   0.997395
1364   0.998304
1365   0.998861
1366   0.999109
1367   0.999084
1368   0.998837
1369   0.998437
1370   0.997939
1371   0.997423
1372   0.996937
1373   0.996546
1374   0.996272
1375   0.996139
1376   0.961904
1377   0.959162
1378   0.956209
1379   0.953153
1380   0.949898
1381   0.946613
1382   0.943253
1383   0.940089
1384   0.937226
1385   0.935089
1386   0.934196
1387   0.934734
1388   0.937403
1389   0.941026
1390   0.94521
1391   0.949518
1392   0.953795
1393   0.957984
1394   0.962029
1395   0.965956
1396   0.969727
1397   0.973375
1398   0.976856
1399   0.980189
1400   0.983319
1401   0.986253
1402   0.988931
1403   0.991353
1404   0.993462
1405   0.995265
1406   0.996723
1407   0.997852
1408   0.998641
1409   0.999123
1410   0.999321
1411   0.99928
1412   0.999058
1413   0.9987
1414   0.998291
1415   0.997863
1416   0.997505
1417   0.997213
1418   0.997057
1419   0.964602
1420   0.962086
1421   0.95944
1422   0.956679
1423   0.95382
1424   0.950897
1425   0.94801
1426   0.945213
1427   0.942786
1428   0.940798
1429   0.939811
1430   0.939739
1431   0.941093
1432   0.943638
1433   0.946761
1434   0.950376
1435   0.954029
1436   0.95783
1437   0.961504
1438   0.965211
1439   0.968752
1440   0.972279
1441   0.975621
1442   0.978905
1443   0.981973
1444   0.984924
1445   0.987616
1446   0.990122
1447   0.992323
1448   0.994275
1449   0.995891
1450   0.997217
1451   0.998209
1452   0.99891
1453   0.99932
1454   0.999484
1455   0.999441
1456   0.99924
1457   0.998946
1458   0.998606
1459   0.998285
1460   0.998017
1461   0.997834
1462   0.967177
1463   0.964901
1464   0.962502
1465   0.96004
1466   0.957483
1467   0.95492
1468   0.952362
1469   0.949936
1470   0.947754
1471   0.945969
1472   0.944859
1473   0.944474
1474   0.94522
1475   0.946821
1476   0.949176
1477   0.951974
1478   0.955065
1479   0.958311
1480   0.961621
1481   0.964961
1482   0.968271
1483   0.971553
1484   0.974754
1485   0.977884
1486   0.980884
1487   0.98376
1488   0.986453
1489   0.988962
1490   0.99123
1491   0.993261
1492   0.995005
1493   0.996475
1494   0.99764
1495   0.998525
1496   0.999125
1497   0.999477
1498   0.999608
1499   0.999562
1500   0.999393
1501   0.999145
1502   0.998889
1503   0.998643
1504   0.99847
1505   0.969622
1506   0.967545
1507   0.965392
1508   0.963174
1509   0.960915
1510   0.958637
1511   0.956411
1512   0.954268
1513   0.952368
1514   0.950743
1515   0.949652
1516   0.94911
1517   0.949353
1518   0.950359
1519   0.95197
1520   0.954137
1521   0.956585
1522   0.959347
1523   0.962181
1524   0.965183
1525   0.968151
1526   0.971204
1527   0.974164
1528   0.977148
1529   0.97999
1530   0.982792
1531   0.985403
1532   0.987907
1533   0.990172
1534   0.992264
1535   0.994077
1536   0.995667
1537   0.996962
1538   0.998007
1539   0.998771
1540   0.999298
1541   0.999593
1542   0.999702
1543   0.999663
1544   0.999523
1545   0.999335
1546   0.999139
1547   0.998975
1548   0.971941
1549   0.970062
1550   0.968115
1551   0.966133
1552   0.964113
1553   0.962102
1554   0.960126
1555   0.958248
1556   0.956545
1557   0.955089
1558   0.954025
1559   0.953402
1560   0.95339
1561   0.953945
1562   0.955074
1563   0.956658
1564   0.958616
1565   0.960853
1566   0.963288
1567   0.965872
1568   0.96854
1569   0.971274
1570   0.974017
1571   0.976764
1572   0.979459
1573   0.9821
1574   0.984629
1575   0.987046
1576   0.989293
1577   0.991371
1578   0.99323
1579   0.994875
1580   0.996269
1581   0.997425
1582   0.998326
1583   0.998995
1584   0.999436
1585   0.999687
1586   0.999773
1587   0.999739
1588   0.999632
1589   0.999487
1590   0.999356
1591   0.974131
1592   0.972426
1593   0.970677
1594   0.968897
1595   0.967105
1596   0.965317
1597   0.963581
1598   0.961918
1599   0.960417
1600   0.959102
1601   0.958103
1602   0.957447
1603   0.957244
1604   0.957518
1605   0.958236
1606   0.959406
1607   0.960889
1608   0.962718
1609   0.964717
1610   0.966958
1611   0.969262
1612   0.971725
1613   0.974177
1614   0.97672
1615   0.979191
1616   0.98169
1617   0.984062
1618   0.986398
1619   0.988555
1620   0.990613
1621   0.992452
1622   0.994135
1623   0.995573
1624   0.996818
1625   0.997813
1626   0.998604
1627   0.999168
1628   0.999548
1629   0.999754
1630   0.999827
1631   0.999804
1632   0.999725
1633   0.999627
1634   0.976196
1635   0.974657
1636   0.973082
1637   0.97149
1638   0.969889
1639   0.968306
1640   0.966764
1641   0.965298
1642   0.963957
1643   0.962782
1644   0.961849
1645   0.961196
1646   0.960901
1647   0.960974
1648   0.961437
1649   0.962261
1650   0.963413
1651   0.964852
1652   0.966524
1653   0.968396
1654   0.970411
1655   0.972553
1656   0.974766
1657   0.977041
1658   0.979323
1659   0.981609
1660   0.983844
1661   0.986023
1662   0.988097
1663   0.990061
1664   0.991869
1665   0.993522
1666   0.994982
1667   0.996256
1668   0.997319
1669   0.998186
1670   0.998847
1671   0.999328
1672   0.999637
1673   0.999809
1674   0.999868
1675   0.999853
1676   0.999801
1677   0.978137
1678   0.976747
1679   0.975335
1680   0.973909
1681   0.972487
1682   0.971079
1683   0.969719
1684   0.96842
1685   0.967235
1686   0.96618
1687   0.965325
1688   0.964694
1689   0.96434
1690   0.964296
1691   0.964554
1692   0.965148
1693   0.966002
1694   0.967162
1695   0.968506
1696   0.9701
1697   0.971801
1698   0.973693
1699   0.975621
1700   0.977682
1701   0.97972
1702   0.981832
1703   0.983867
1704   0.985917
1705   0.987841
1706   0.989723
1707   0.991438
1708   0.993059
1709   0.994482
1710   0.995772
1711   0.996851
1712   0.997775
1713   0.998496
1714   0.999059
1715   0.999451
1716   0.999709
1717   0.999847
1718   0.999898
1719   0.999893
1720   0.979956
1721   0.978706
1722   0.977439
1723   0.976166
1724   0.974898
1725   0.97365
1726   0.972443
1727   0.971297
1728   0.970242
1729   0.969306
1730   0.968528
1731   0.967937
1732   0.967572
1733   0.967454
1734   0.967598
1735   0.968009
1736   0.968674
1737   0.969583
1738   0.970703
1739   0.972021
1740   0.973494
1741   0.975112
1742   0.976827
1743   0.978633
1744   0.980481
1745   0.982367
1746   0.984242
1747   0.986102
1748   0.987902
1749   0.989638
1750   0.991269
1751   0.992793
1752   0.994176
1753   0.99542
1754   0.996501
1755   0.997428
1756   0.998186
1757   0.998791
1758   0.999243
1759   0.999565
1760   0.999767
1761   0.999879
1762   0.99992
1763   0.981658
1764   0.980535
1765   0.979401
1766   0.978264
1767   0.977138
1768   0.97603
1769   0.974965
1770   0.97395
1771   0.97302
1772   0.972187
1773   0.971489
1774   0.970946
1775   0.970586
1776   0.970437
1777   0.970495
1778   0.970798
1779   0.971297
1780   0.972043
1781   0.972947
1782   0.974074
1783   0.975309
1784   0.97673
1785   0.978205
1786   0.979822
1787   0.981442
1788   0.983157
1789   0.984825
1790   0.986539
1791   0.988163
1792   0.989783
1793   0.991276
1794   0.99272
1795   0.994008
1796   0.995212
1797   0.996243
1798   0.997166
1799   0.997918
1800   0.998551
1801   0.99903
1802   0.999401
1803   0.999649
1804   0.999813
1805   0.9999
1806   0.983244
1807   0.982238
1808   0.981224
1809   0.980211
1810   0.979208
1811   0.978228
1812   0.977283
1813   0.97639
1814   0.975568
1815   0.974835
1816   0.974215
1817   0.973729
1818   0.973397
1819   0.973239
1820   0.973265
1821   0.973485
1822   0.973895
1823   0.974494
1824   0.975267
1825   0.976206
1826   0.977286
1827   0.978496
1828   0.979806
1829   0.981206
1830   0.982664
1831   0.984167
1832   0.985684
1833   0.987204
1834   0.988695
1835   0.990147
1836   0.991532
1837   0.992842
1838   0.994054
1839   0.995162
1840   0.99615
1841   0.997018
1842   0.997758
1843   0.998375
1844   0.99887
1845   0.999253
1846   0.999533
1847   0.999727
1848   0.999849
