##### Y Variance #####
0   0.999998
1   0.999948
2   0.999808
3   0.999556
4   0.999182
5   0.9987
6   0.998124
7   0.997489
8   0.996818
9   0.996147
10   0.995492
11   0.994884
12   0.994331
13   0.993851
14   0.993446
15   0.993126
16   0.992885
17   0.992727
18   0.992644
19   0.992633
20   0.992685
21   0.992796
22   0.992954
23   0.993156
24   0.99339
25   0.993653
26   0.993936
27   0.994234
28   0.994541
29   0.994853
30   0.995165
31   0.995475
32   0.995779
33   0.996074
34   0.99636
35   0.996634
36   0.996896
37   0.997144
38   0.997378
39   0.997599
40   0.997806
41   0.997999
42   0.998178
43   0.999989
44   0.999992
45   0.999895
46   0.999676
47   0.999289
48   0.998794
49   0.998149
50   0.99747
51   0.996703
52   0.995976
53   0.995225
54   0.994566
55   0.99393
56   0.993414
57   0.992946
58   0.992607
59   0.992327
60   0.992166
61   0.992063
62   0.992064
63   0.992113
64   0.992244
65   0.992413
66   0.992641
67   0.992894
68   0.993187
69   0.993493
70   0.993822
71   0.994153
72   0.994495
73   0.994832
74   0.995169
75   0.995497
76   0.995817
77   0.996124
78   0.99642
79   0.996701
80   0.996968
81   0.99722
82   0.997457
83   0.997678
84   0.997885
85   0.998076
86   0.99992
87   0.999991
88   0.999977
89   0.999823
90   0.999485
91   0.998984
92   0.998331
93   0.997585
94   0.996773
95   0.995953
96   0.995144
97   0.994391
98   0.993701
99   0.993104
100   0.992597
101   0.992197
102   0.991894
103   0.991695
104   0.991586
105   0.991567
106   0.991623
107   0.991751
108   0.991935
109   0.992172
110   0.992447
111   0.992755
112   0.993086
113   0.993434
114   0.993792
115   0.994155
116   0.994518
117   0.994876
118   0.995227
119   0.995568
120   0.995897
121   0.996212
122   0.996512
123   0.996796
124   0.997064
125   0.997316
126   0.997552
127   0.997772
128   0.997976
129   0.999762
130   0.999911
131   0.999998
132   0.999941
133   0.999679
134   0.999227
135   0.998569
136   0.997814
137   0.996938
138   0.996074
139   0.995175
140   0.994366
141   0.993586
142   0.992937
143   0.992354
144   0.991915
145   0.991555
146   0.991334
147   0.991187
148   0.991161
149   0.991198
150   0.991331
151   0.991511
152   0.991761
153   0.992042
154   0.992368
155   0.992712
156   0.993082
157   0.993456
158   0.993841
159   0.994222
160   0.994602
161   0.994971
162   0.995332
163   0.995679
164   0.996012
165   0.996329
166   0.99663
167   0.996914
168   0.997181
169   0.99743
170   0.997663
171   0.997879
172   0.999483
173   0.999701
174   0.99992
175   1
176   0.999868
177   0.999501
178   0.998906
179   0.99815
180   0.997273
181   0.996347
182   0.995409
183   0.994512
184   0.993678
185   0.992939
186   0.992304
187   0.991788
188   0.991387
189   0.991107
190   0.990935
191   0.990869
192   0.990895
193   0.991005
194   0.991184
195   0.991425
196   0.991713
197   0.992041
198   0.992397
199   0.992775
200   0.993164
201   0.993561
202   0.993959
203   0.994352
204   0.994739
205   0.995115
206   0.995478
207   0.995826
208   0.996158
209   0.996473
210   0.996771
211   0.997051
212   0.997313
213   0.997558
214   0.997785
215   0.999061
216   0.999363
217   0.999714
218   0.999951
219   0.999979
220   0.999743
221   0.999235
222   0.99854
223   0.997666
224   0.996738
225   0.995745
226   0.994808
227   0.993892
228   0.9931
229   0.99238
230   0.991813
231   0.99134
232   0.991019
233   0.990791
234   0.990698
235   0.990684
236   0.99078
237   0.990936
238   0.991173
239   0.99145
240   0.991781
241   0.992135
242   0.99252
243   0.992914
244   0.993322
245   0.993727
246   0.994134
247   0.99453
248   0.994919
249   0.995294
250   0.995655
251   0.996
252   0.996328
253   0.996638
254   0.99693
255   0.997204
256   0.997459
257   0.997697
258   0.998476
259   0.998797
260   0.999326
261   0.999752
262   0.999987
263   0.999926
264   0.999568
265   0.998959
266   0.998154
267   0.997227
268   0.996237
269   0.995245
270   0.994292
271   0.993419
272   0.992647
273   0.991996
274   0.991472
275   0.991077
276   0.990807
277   0.990657
278   0.990613
279   0.990667
280   0.990805
281   0.991013
282   0.991281
283   0.991596
284   0.991948
285   0.992326
286   0.992722
287   0.993129
288   0.99354
289   0.99395
290   0.994355
291   0.99475
292   0.995134
293   0.995504
294   0.995858
295   0.996196
296   0.996516
297   0.996818
298   0.997103
299   0.997368
300   0.997616
301   0.997744
302   0.998125
303   0.99877
304   0.999395
305   0.999853
306   1
307   0.99982
308   0.999354
309   0.998635
310   0.99777
311   0.996781
312   0.995787
313   0.994783
314   0.993872
315   0.993025
316   0.992323
317   0.991721
318   0.991276
319   0.990938
320   0.990745
321   0.990647
322   0.990669
323   0.990765
324   0.990952
325   0.991192
326   0.991493
327   0.991826
328   0.992197
329   0.992583
330   0.992988
331   0.993395
332   0.993807
333   0.994212
334   0.994612
335   0.995
336   0.995376
337   0.995736
338   0.996081
339   0.996409
340   0.99672
341   0.997012
342   0.997287
343   0.997543
344   0.996885
345   0.997147
346   0.997976
347   0.99881
348   0.999521
349   0.999928
350   0.999977
351   0.999688
352   0.999116
353   0.998329
354   0.997403
355   0.996406
356   0.995402
357   0.994439
358   0.993557
359   0.992781
360   0.99213
361   0.991609
362   0.991221
363   0.99096
364   0.990819
365   0.990785
366   0.990847
367   0.990991
368   0.991205
369   0.991474
370   0.99179
371   0.992138
372   0.992513
373   0.992903
374   0.993304
375   0.993707
376   0.99411
377   0.994506
378   0.994895
379   0.995272
380   0.995636
381   0.995985
382   0.996318
383   0.996634
384   0.996934
385   0.997215
386   0.997479
387   0.996001
388   0.996308
389   0.997037
390   0.998012
391   0.998981
392   0.999667
393   0.999982
394   0.999917
395   0.999516
396   0.998864
397   0.99801
398   0.997066
399   0.996059
400   0.995091
401   0.994162
402   0.993351
403   0.992632
404   0.992064
405   0.991607
406   0.991297
407   0.991093
408   0.991015
409   0.991024
410   0.991131
411   0.991302
412   0.991543
413   0.991826
414   0.992153
415   0.992503
416   0.992878
417   0.993262
418   0.993655
419   0.994048
420   0.994439
421   0.994822
422   0.995197
423   0.99556
424   0.995911
425   0.996246
426   0.996566
427   0.99687
428   0.997157
429   0.997426
430   0.995091
431   0.995265
432   0.995984
433   0.996938
434   0.9982
435   0.9992
436   0.999802
437   1
438   0.999821
439   0.99933
440   0.998606
441   0.997726
442   0.99677
443   0.995796
444   0.994864
445   0.994005
446   0.993255
447   0.992621
448   0.99212
449   0.991742
450   0.991491
451   0.99135
452   0.991316
453   0.991368
454   0.991502
455   0.991697
456   0.991949
457   0.99224
458   0.992566
459   0.992913
460   0.993279
461   0.993652
462   0.994032
463   0.994409
464   0.994785
465   0.995152
466   0.995512
467   0.995859
468   0.996194
469   0.996515
470   0.996822
471   0.997111
472   0.997385
473   0.994198
474   0.994322
475   0.994868
476   0.995875
477   0.997247
478   0.998512
479   0.999426
480   0.999907
481   0.99998
482   0.999695
483   0.999121
484   0.998357
485   0.997459
486   0.996528
487   0.995591
488   0.994728
489   0.993935
490   0.99327
491   0.992709
492   0.992288
493   0.991975
494   0.991788
495   0.991694
496   0.991703
497   0.991783
498   0.99194
499   0.992146
500   0.992404
501   0.992693
502   0.993013
503   0.99335
504   0.993703
505   0.994061
506   0.994423
507   0.994784
508   0.995141
509   0.995492
510   0.995834
511   0.996165
512   0.996484
513   0.99679
514   0.997082
515   0.997357
516   0.993323
517   0.993298
518   0.9937
519   0.994496
520   0.996104
521   0.997631
522   0.998833
523   0.999623
524   0.999973
525   0.999925
526   0.999546
527   0.998918
528   0.998129
529   0.997249
530   0.996353
531   0.995482
532   0.994686
533   0.99398
534   0.993391
535   0.992913
536   0.992558
537   0.99231
538   0.992172
539   0.992121
540   0.992158
541   0.99226
542   0.992427
543   0.992638
544   0.992892
545   0.993173
546   0.993482
547   0.993803
548   0.994139
549   0.994477
550   0.994822
551   0.995162
552   0.995502
553   0.995833
554   0.996159
555   0.996473
556   0.996777
557   0.997067
558   0.997344
559   0.992498
560   0.992351
561   0.992556
562   0.99335
563   0.994863
564   0.996556
565   0.998043
566   0.999132
567   0.999784
568   0.999998
569   0.999838
570   0.999388
571   0.998722
572   0.997939
573   0.997089
574   0.996254
575   0.995453
576   0.994742
577   0.994116
578   0.99361
579   0.993204
580   0.992915
581   0.992719
582   0.992624
583   0.992604
584   0.992662
585   0.992776
586   0.992946
587   0.993154
588   0.993399
589   0.993668
590   0.993959
591   0.994263
592   0.994578
593   0.994899
594   0.995222
595   0.995544
596   0.995864
597   0.996178
598   0.996485
599   0.996783
600   0.997071
601   0.997345
602   0.991746
603   0.991451
604   0.991435
605   0.991868
606   0.993494
607   0.995311
608   0.997039
609   0.998439
610   0.999394
611   0.999897
612   0.999985
613   0.999735
614   0.999234
615   0.998561
616   0.997802
617   0.997006
618   0.996239
619   0.99552
620   0.994891
621   0.994349
622   0.993916
623   0.993577
624   0.993342
625   0.99319
626   0.993126
627   0.993127
628   0.993197
629   0.993314
630   0.993481
631   0.993679
632   0.993911
633   0.994163
634   0.994436
635   0.994719
636   0.995015
637   0.995313
638   0.995618
639   0.99592
640   0.996222
641   0.996518
642   0.99681
643   0.99709
644   0.997362
645   0.991089
646   0.990641
647   0.990437
648   0.990815
649   0.992091
650   0.993913
651   0.995854
652   0.997536
653   0.998812
654   0.999608
655   0.999966
656   0.999944
657   0.999626
658   0.999102
659   0.998442
660   0.997727
661   0.996996
662   0.996307
663   0.995672
664   0.995125
665   0.99466
666   0.994294
667   0.994012
668   0.993821
669   0.993703
670   0.99366
671   0.993676
672   0.993748
673   0.993863
674   0.994019
675   0.994206
676   0.99442
677   0.994654
678   0.994906
679   0.99517
680   0.995444
681   0.995724
682   0.996008
683   0.996293
684   0.996576
685   0.996857
686   0.99713
687   0.997394
688   0.990554
689   0.989986
690   0.989552
691   0.989514
692   0.990662
693   0.992315
694   0.994461
695   0.996442
696   0.998016
697   0.999128
698   0.999765
699   0.999994
700   0.999887
701   0.999528
702   0.999005
703   0.998379
704   0.997722
705   0.997065
706   0.996457
707   0.995902
708   0.995432
709   0.995033
710   0.994725
711   0.994488
712   0.994333
713   0.994237
714   0.994209
715   0.994227
716   0.994299
717   0.994404
718   0.99455
719   0.994718
720   0.994917
721   0.995129
722   0.995363
723   0.995605
724   0.995862
725   0.996121
726   0.996389
727   0.996655
728   0.996924
729   0.997185
730   0.997443
731   0.990148
732   0.989438
733   0.988863
734   0.988696
735   0.989275
736   0.99076
737   0.992946
738   0.995149
739   0.997034
740   0.998441
741   0.999379
742   0.999871
743   0.999995
744   0.99983
745   0.999456
746   0.998954
747   0.998378
748   0.997787
749   0.997208
750   0.996677
751   0.9962
752   0.995794
753   0.995456
754   0.995192
755   0.994993
756   0.994859
757   0.994781
758   0.994757
759   0.994777
760   0.994839
761   0.994936
762   0.995064
763   0.995218
764   0.995395
765   0.995592
766   0.995804
767   0.99603
768   0.996266
769   0.996511
770   0.99676
771   0.997012
772   0.997262
773   0.997508
774   0.989891
775   0.98909
776   0.988335
777   0.987871
778   0.988025
779   0.988886
780   0.991265
781   0.993719
782   0.995842
783   0.997565
784   0.998791
785   0.999568
786   0.999935
787   0.999981
788   0.999784
789   0.999416
790   0.998953
791   0.998434
792   0.997916
793   0.99741
794   0.996953
795   0.99654
796   0.996194
797   0.9959
798   0.995675
799   0.995499
800   0.995384
801   0.995311
802   0.995291
803   0.995303
804   0.995358
805   0.995439
806   0.995555
807   0.99569
808   0.995852
809   0.996028
810   0.996226
811   0.996433
812   0.996656
813   0.996882
814   0.997119
815   0.997352
816   0.997588
817   0.989782
818   0.988879
819   0.987974
820   0.987247
821   0.986934
822   0.987616
823   0.989614
824   0.992109
825   0.99448
826   0.996471
827   0.998009
828   0.999065
829   0.999698
830   0.99997
831   0.999964
832   0.999758
833   0.999417
834   0.999001
835   0.998549
836   0.998097
837   0.997663
838   0.997267
839   0.996914
840   0.996611
841   0.996359
842   0.996156
843   0.996002
844   0.995894
845   0.995827
846   0.9958
847   0.995809
848   0.99585
849   0.995921
850   0.996019
851   0.996141
852   0.996285
853   0.996449
854   0.996629
855   0.996824
856   0.99703
857   0.997245
858   0.997464
859   0.997684
860   0.98982
861   0.988884
862   0.987806
863   0.986846
864   0.986059
865   0.985936
866   0.987954
867   0.990447
868   0.992952
869   0.995213
870   0.997024
871   0.998379
872   0.999272
873   0.999786
874   0.999986
875   0.999953
876   0.999758
877   0.999452
878   0.999092
879   0.9987
880   0.998314
881   0.997939
882   0.9976
883   0.99729
884   0.997028
885   0.9968
886   0.996622
887   0.996476
888   0.996376
889   0.996307
890   0.996278
891   0.996276
892   0.99631
893   0.996366
894   0.996454
895   0.99656
896   0.996694
897   0.996841
898   0.997012
899   0.997191
900   0.997387
901   0.997586
902   0.997792
903   0.989981
904   0.988968
905   0.987802
906   0.98659
907   0.985489
908   0.985212
909   0.98644
910   0.988707
911   0.991309
912   0.993768
913   0.995867
914   0.99749
915   0.998661
916   0.999416
917   0.999836
918   0.999992
919   0.999954
920   0.999781
921   0.999522
922   0.999213
923   0.998883
924   0.998551
925   0.998232
926   0.997934
927   0.997666
928   0.99743
929   0.997227
930   0.997059
931   0.996926
932   0.996825
933   0.996758
934   0.996721
935   0.996714
936   0.996736
937   0.996785
938   0.996859
939   0.996957
940   0.997077
941   0.997217
942   0.997374
943   0.997546
944   0.997726
945   0.997914
946   0.990262
947   0.989275
948   0.988003
949   0.986691
950   0.985232
951   0.984198
952   0.985119
953   0.986922
954   0.989563
955   0.992221
956   0.994537
957   0.996443
958   0.99786
959   0.998871
960   0.999507
961   0.999862
962   0.999993
963   0.999963
964   0.999822
965   0.999605
966   0.99935
967   0.999068
968   0.998789
969   0.99851
970   0.998254
971   0.998012
972   0.997803
973   0.997614
974   0.997461
975   0.99733
976   0.997235
977   0.997162
978   0.997125
979   0.997109
980   0.997127
981   0.997165
982   0.997234
983   0.997322
984   0.997436
985   0.997565
986   0.997716
987   0.997874
988   0.998045
989   0.99063
990   0.989606
991   0.988345
992   0.986899
993   0.985361
994   0.984205
995   0.98405
996   0.985386
997   0.987839
998   0.990557
999   0.993091
1000   0.995212
1001   0.996893
1002   0.998134
1003   0.999001
1004   0.999555
1005   0.999865
1006   0.99999
1007   0.999978
1008   0.999871
1009   0.9997
1010   0.999488
1011   0.999255
1012   0.999014
1013   0.998776
1014   0.998547
1015   0.998335
1016   0.998141
1017   0.997971
1018   0.997823
1019   0.997701
1020   0.997604
1021   0.997535
1022   0.997491
1023   0.997476
1024   0.997485
1025   0.997522
1026   0.997582
1027   0.997667
1028   0.997772
1029   0.997897
1030   0.998036
1031   0.998186
1032   0.991084
1033   0.990135
1034   0.988855
1035   0.987435
1036   0.985777
1037   0.984319
1038   0.983542
1039   0.983699
1040   0.986122
1041   0.988912
1042   0.991532
1043   0.993885
1044   0.995766
1045   0.997251
1046   0.99832
1047   0.999082
1048   0.999568
1049   0.999855
1050   0.999981
1051   0.999992
1052   0.999918
1053   0.999784
1054   0.999615
1055   0.999419
1056   0.999216
1057   0.999007
1058   0.998808
1059   0.998614
1060   0.99844
1061   0.998279
1062   0.998143
1063   0.998024
1064   0.997933
1065   0.997862
1066   0.997821
1067   0.997801
1068   0.997812
1069   0.997842
1070   0.997903
1071   0.997981
1072   0.998085
1073   0.998201
1074   0.998334
1075   0.991591
1076   0.990658
1077   0.98947
1078   0.98805
1079   0.986415
1080   0.984792
1081   0.983443
1082   0.983253
1083   0.98472
1084   0.98724
1085   0.989944
1086   0.992425
1087   0.994524
1088   0.996201
1089   0.997485
1090   0.998436
1091   0.999106
1092   0.999555
1093   0.999827
1094   0.999965
1095   0.999999
1096   0.999957
1097   0.99986
1098   0.999724
1099   0.999564
1100   0.99939
1101   0.999211
1102   0.999032
1103   0.998862
1104   0.9987
1105   0.998554
1106   0.998424
1107   0.998315
1108   0.998225
1109   0.99816
1110   0.998117
1111   0.998101
1112   0.998109
1113   0.998143
1114   0.998199
1115   0.998278
1116   0.998374
1117   0.998486
1118   0.992142
1119   0.991319
1120   0.990183
1121   0.988888
1122   0.987268
1123   0.98564
1124   0.983896
1125   0.982659
1126   0.983759
1127   0.985763
1128   0.988404
1129   0.991008
1130   0.993216
1131   0.995085
1132   0.996529
1133   0.997668
1134   0.9985
1135   0.999113
1136   0.999527
1137   0.999796
1138   0.999942
1139   0.999998
1140   0.999983
1141   0.999915
1142   0.999811
1143   0.999679
1144   0.999534
1145   0.999377
1146   0.999222
1147   0.999066
1148   0.998922
1149   0.998785
1150   0.998667
1151   0.998562
1152   0.998482
1153   0.998418
1154   0.998383
1155   0.998366
1156   0.998379
1157   0.998412
1158   0.998471
1159   0.998545
1160   0.998639
1161   0.9927
1162   0.99192
1163   0.990915
1164   0.989684
1165   0.988204
1166   0.986554
1167   0.984832
1168   0.983525
1169   0.983259
1170   0.984706
1171   0.987074
1172   0.989605
1173   0.991914
1174   0.993885
1175   0.995488
1176   0.996777
1177   0.997771
1178   0.998535
1179   0.999092
1180   0.999491
1181   0.999754
1182   0.999914
1183   0.999988
1184   0.999997
1185   0.999956
1186   0.999877
1187   0.999773
1188   0.999649
1189   0.999517
1190   0.999378
1191   0.999242
1192   0.999109
1193   0.998988
1194   0.998877
1195   0.998784
1196   0.998707
1197   0.998653
1198   0.99862
1199   0.998612
1200   0.998625
1201   0.998663
1202   0.998719
1203   0.998793
1204   0.993259
1205   0.99259
1206   0.991664
1207   0.990593
1208   0.98922
1209   0.987746
1210   0.986057
1211   0.984595
1212   0.983818
1213   0.98388
1214   0.986003
1215   0.98847
1216   0.990711
1217   0.992771
1218   0.994448
1219   0.995866
1220   0.996981
1221   0.99788
1222   0.998562
1223   0.999085
1224   0.999458
1225   0.99972
1226   0.999883
1227   0.999972
1228   1
1229   0.99998
1230   0.999925
1231   0.999841
1232   0.99974
1233   0.999625
1234   0.999506
1235   0.999383
1236   0.999267
1237   0.999154
1238   0.999057
1239   0.99897
1240   0.998905
1241   0.998856
1242   0.998833
1243   0.998827
1244   0.998848
1245   0.998885
1246   0.998944
1247   0.993794
1248   0.993174
1249   0.992381
1250   0.991408
1251   0.990232
1252   0.988885
1253   0.98742
1254   0.985998
1255   0.984883
1256   0.984643
1257   0.985481
1258   0.987553
1259   0.989694
1260   0.991731
1261   0.993458
1262   0.994952
1263   0.996164
1264   0.997173
1265   0.997965
1266   0.998597
1267   0.999074
1268   0.999433
1269   0.999685
1270   0.999854
1271   0.999953
1272   0.999996
1273   0.999994
1274   0.999957
1275   0.999894
1276   0.99981
1277   0.999714
1278   0.999609
1279   0.999503
1280   0.999398
1281   0.9993
1282   0.999211
1283   0.999137
1284   0.999079
1285   0.999041
1286   0.999023
1287   0.999027
1288   0.999049
1289   0.99909
1290   0.994304
1291   0.993778
1292   0.993067
1293   0.992248
1294   0.991212
1295   0.990089
1296   0.988795
1297   0.987576
1298   0.986393
1299   0.985644
1300   0.986104
1301   0.987229
1302   0.989115
1303   0.991028
1304   0.992687
1305   0.994181
1306   0.995435
1307   0.996504
1308   0.997373
1309   0.998086
1310   0.998647
1311   0.999089
1312   0.999419
1313   0.999663
1314   0.999829
1315   0.999935
1316   0.999988
1317   0.999999
1318   0.999978
1319   0.999929
1320   0.999862
1321   0.99978
1322   0.999691
1323   0.999597
1324   0.999506
1325   0.999419
1326   0.999343
1327   0.999278
1328   0.999232
1329   0.999201
1330   0.999193
1331   0.9992
1332   0.999228
1333   0.994777
1334   0.994296
1335   0.993697
1336   0.992974
1337   0.992117
1338   0.991142
1339   0.99009
1340   0.989001
1341   0.988033
1342   0.987276
1343   0.987133
1344   0.987824
1345   0.988995
1346   0.99064
1347   0.992138
1348   0.993583
1349   0.994812
1350   0.995907
1351   0.996811
1352   0.997582
1353   0.998202
1354   0.998711
1355   0.999107
1356   0.999417
1357   0.999645
1358   0.99981
1359   0.999917
1360   0.999978
1361   1
1362   0.99999
1363   0.999955
1364   0.999901
1365   0.999834
1366   0.999757
1367   0.999677
1368   0.999597
1369   0.999523
1370   0.999457
1371   0.999405
1372   0.999367
1373   0.999347
1374   0.999344
1375   0.999358
1376   0.995217
1377   0.994806
1378   0.994277
1379   0.993673
1380   0.992935
1381   0.992135
1382   0.991236
1383   0.990349
1384   0.989497
1385   0.988842
1386   0.988563
1387   0.988729
1388   0.989598
1389   0.990746
1390   0.992025
1391   0.993272
1392   0.994424
1393   0.995461
1394   0.996362
1395   0.997141
1396   0.997794
1397   0.998342
1398   0.998786
1399   0.999146
1400   0.999426
1401   0.999641
1402   0.999797
1403   0.999904
1404   0.999968
1405   0.999997
1406   0.999996
1407   0.999972
1408   0.99993
1409   0.999873
1410   0.999809
1411   0.999739
1412   0.999672
1413   0.999608
1414   0.999555
1415   0.999512
1416   0.999486
1417   0.999472
1418   0.999477
1419   0.99562
1420   0.995247
1421   0.9948
1422   0.994275
1423   0.993669
1424   0.992989
1425   0.992269
1426   0.99152
1427   0.99085
1428   0.990272
1429   0.989999
1430   0.989986
1431   0.990432
1432   0.991234
1433   0.992185
1434   0.993229
1435   0.994222
1436   0.995175
1437   0.996019
1438   0.996783
1439   0.997433
1440   0.998001
1441   0.998471
1442   0.998868
1443   0.999186
1444   0.999444
1445   0.999641
1446   0.99979
1447   0.999893
1448   0.999959
1449   0.999993
1450   0.999999
1451   0.999984
1452   0.99995
1453   0.999905
1454   0.99985
1455   0.999793
1456   0.999735
1457   0.999684
1458   0.99964
1459   0.999608
1460   0.999589
1461   0.999584
1462   0.99599
1463   0.995668
1464   0.995275
1465   0.994834
1466   0.994318
1467   0.99376
1468   0.993154
1469   0.992549
1470   0.991977
1471   0.991497
1472   0.991203
1473   0.991115
1474   0.991376
1475   0.991884
1476   0.992598
1477   0.993403
1478   0.994241
1479   0.99506
1480   0.995828
1481   0.996534
1482   0.997163
1483   0.997719
1484   0.998199
1485   0.998611
1486   0.998954
1487   0.99924
1488   0.99947
1489   0.999652
1490   0.999789
1491   0.999888
1492   0.999953
1493   0.999989
1494   1
1495   0.99999
1496   0.999965
1497   0.999927
1498   0.999883
1499   0.999834
1500   0.999788
1501   0.999745
1502   0.999713
1503   0.999689
1504   0.999679
1505   0.99633
1506   0.996039
1507   0.995705
1508   0.995324
1509   0.994898
1510   0.994429
1511   0.993941
1512   0.993438
1513   0.99298
1514   0.992569
1515   0.992308
1516   0.992186
1517   0.9923
1518   0.992626
1519   0.993116
1520   0.993733
1521   0.994395
1522   0.995088
1523   0.99575
1524   0.99639
1525   0.996969
1526   0.997503
1527   0.997968
1528   0.998385
1529   0.998737
1530   0.999042
1531   0.999293
1532   0.999501
1533   0.999665
1534   0.999793
1535   0.999885
1536   0.999949
1537   0.999985
1538   0.999999
1539   0.999995
1540   0.999976
1541   0.999946
1542   0.999909
1543   0.99987
1544   0.999832
1545   0.9998
1546   0.999775
1547   0.99976
1548   0.996642
1549   0.996388
1550   0.996095
1551   0.995773
1552   0.995411
1553   0.995025
1554   0.994616
1555   0.994208
1556   0.993822
1557   0.993485
1558   0.993244
1559   0.993116
1560   0.993159
1561   0.993354
1562   0.9937
1563   0.99415
1564   0.994673
1565   0.995231
1566   0.995796
1567   0.99635
1568   0.996874
1569   0.997363
1570   0.997807
1571   0.998207
1572   0.998559
1573   0.998868
1574   0.999131
1575   0.999355
1576   0.999538
1577   0.999687
1578   0.999802
1579   0.999888
1580   0.999947
1581   0.999983
1582   0.999999
1583   0.999997
1584   0.999983
1585   0.999959
1586   0.99993
1587   0.999898
1588   0.999869
1589   0.999844
1590   0.999828
1591   0.996928
1592   0.996701
1593   0.996449
1594   0.996172
1595   0.995871
1596   0.995547
1597   0.995216
1598   0.994877
1599   0.994566
1600   0.994282
1601   0.994076
1602   0.993947
1603   0.993943
1604   0.994055
1605   0.994285
1606   0.994614
1607   0.995008
1608   0.995457
1609   0.995919
1610   0.996395
1611   0.99685
1612   0.997293
1613   0.997699
1614   0.99808
1615   0.998417
1616   0.998724
1617   0.998988
1618   0.999221
1619   0.999415
1620   0.99958
1621   0.999711
1622   0.999816
1623   0.999893
1624   0.999948
1625   0.999982
1626   0.999998
1627   0.999999
1628   0.999988
1629   0.99997
1630   0.999946
1631   0.999922
1632   0.9999
1633   0.999883
1634   0.997193
1635   0.996993
1636   0.996772
1637   0.996535
1638   0.99628
1639   0.996011
1640   0.995734
1641   0.995458
1642   0.995198
1643   0.994965
1644   0.994784
1645   0.994667
1646   0.994638
1647   0.994698
1648   0.994852
1649   0.995086
1650   0.995388
1651   0.995737
1652   0.996116
1653   0.996511
1654   0.996906
1655   0.997293
1656   0.997662
1657   0.998009
1658   0.998329
1659   0.99862
1660   0.998881
1661   0.999112
1662   0.999311
1663   0.999483
1664   0.999625
1665   0.999742
1666   0.999834
1667   0.999903
1668   0.999952
1669   0.999982
1670   0.999997
1671   0.999999
1672   0.999992
1673   0.999977
1674   0.999959
1675   0.99994
1676   0.999925
1677   0.997436
1678   0.997258
1679   0.997067
1680   0.996863
1681   0.996648
1682   0.996422
1683   0.996195
1684   0.995965
1685   0.995754
1686   0.995558
1687   0.995407
1688   0.995298
1689   0.995258
1690   0.995283
1691   0.995383
1692   0.995551
1693   0.995774
1694   0.996048
1695   0.99635
1696   0.996679
1697   0.99701
1698   0.99735
1699   0.997673
1700   0.99799
1701   0.998281
1702   0.998557
1703   0.998803
1704   0.99903
1705   0.999226
1706   0.999401
1707   0.999547
1708   0.999673
1709   0.999773
1710   0.999854
1711   0.999913
1712   0.999957
1713   0.999983
1714   0.999997
1715   1
1716   0.999994
1717   0.999983
1718   0.99997
1719   0.999957
1720   0.997661
1721   0.997503
1722   0.997336
1723   0.99716
1724   0.996976
1725   0.996786
1726   0.996595
1727   0.996406
1728   0.996229
1729   0.996068
1730   0.995938
1731   0.995844
1732   0.995799
1733   0.995806
1734   0.995872
1735   0.995992
1736   0.996161
1737   0.996373
1738   0.996618
1739   0.996886
1740   0.997167
1741   0.997456
1742   0.997741
1743   0.99802
1744   0.998286
1745   0.998538
1746   0.99877
1747   0.998982
1748   0.999173
1749   0.999343
1750   0.99949
1751   0.999616
1752   0.999722
1753   0.999808
1754   0.999876
1755   0.999927
1756   0.999963
1757   0.999986
1758   0.999997
1759   1
1760   0.999996
1761   0.999987
1762   0.999978
1763   0.997868
1764   0.997728
1765   0.997581
1766   0.997429
1767   0.997272
1768   0.99711
1769   0.996951
1770   0.996792
1771   0.996647
1772   0.996511
1773   0.996403
1774   0.996319
1775   0.996277
1776   0.996273
1777   0.996316
1778   0.996403
1779   0.996531
1780   0.996699
1781   0.996893
1782   0.997116
1783   0.997349
1784   0.997598
1785   0.997842
1786   0.998091
1787   0.998325
1788   0.998556
1789   0.998766
1790   0.998966
1791   0.999144
1792   0.999308
1793   0.999449
1794   0.999576
1795   0.99968
1796   0.99977
1797   0.999841
1798   0.999898
1799   0.99994
1800   0.99997
1801   0.999988
1802   0.999998
1803   1
1804   0.999997
1805   0.999991
1806   0.998059
1807   0.997934
1808   0.997806
1809   0.997672
1810   0.997536
1811   0.997399
1812   0.997262
1813   0.997129
1814   0.997005
1815   0.996894
1816   0.996801
1817   0.996732
1818   0.996692
1819   0.996686
1820   0.996716
1821   0.996782
1822   0.996884
1823   0.997017
1824   0.997177
1825   0.997359
1826   0.997557
1827   0.997766
1828   0.99798
1829   0.998194
1830   0.998405
1831   0.998608
1832   0.9988
1833   0.998981
1834   0.999147
1835   0.999298
1836   0.999434
1837   0.999553
1838   0.999656
1839   0.999744
1840   0.999816
1841   0.999875
1842   0.99992
1843   0.999954
1844   0.999977
1845   0.999991
1846   0.999998
1847   1
1848   0.999998
