##### Y Variance #####
0   0.999879
1   0.999863
2   0.999254
3   0.997791
4   0.995218
5   0.99137
6   0.986079
7   0.979427
8   0.971528
9   0.963102
10   0.954295
11   0.945642
12   0.937243
13   0.929449
14   0.922408
15   0.91636
16   0.911461
17   0.907857
18   0.905573
19   0.904572
20   0.904808
21   0.906108
22   0.908437
23   0.911576
24   0.915445
25   0.919766
26   0.92444
27   0.929202
28   0.934002
29   0.938663
30   0.943176
31   0.947444
32   0.951487
33   0.955267
34   0.958814
35   0.962121
36   0.965213
37   0.968095
38   0.970783
39   0.973285
40   0.975611
41   0.97777
42   0.979769
43   0.999314
44   0.999764
45   0.999702
46   0.99882
47   0.996692
48   0.993344
49   0.988094
50   0.981675
51   0.97281
52   0.964391
53   0.954222
54   0.945071
55   0.935221
56   0.926474
57   0.918085
58   0.910957
59   0.904929
60   0.900446
61   0.897446
62   0.895787
63   0.895803
64   0.896692
65   0.899245
66   0.902354
67   0.906852
68   0.91145
69   0.916974
70   0.922144
71   0.92779
72   0.932896
73   0.938143
74   0.942828
75   0.947448
76   0.951592
77   0.955578
78   0.959199
79   0.962629
80   0.965778
81   0.968731
82   0.971457
83   0.973991
84   0.976332
85   0.978496
86   0.997987
87   0.998874
88   0.999539
89   0.999448
90   0.998232
91   0.995691
92   0.991468
93   0.985707
94   0.97789
95   0.968755
96   0.958527
97   0.947794
98   0.936834
99   0.926273
100   0.916269
101   0.907564
102   0.900057
103   0.894124
104   0.889766
105   0.886962
106   0.885893
107   0.886287
108   0.888314
109   0.891617
110   0.896174
111   0.901481
112   0.907457
113   0.91359
114   0.919871
115   0.925963
116   0.931874
117   0.937407
118   0.942604
119   0.947405
120   0.95186
121   0.955972
122   0.959776
123   0.963293
124   0.966542
125   0.969543
126   0.972308
127   0.974857
128   0.977197
129   0.995702
130   0.996988
131   0.998327
132   0.999102
133   0.998916
134   0.997461
135   0.994368
136   0.989812
137   0.983204
138   0.974938
139   0.964545
140   0.953864
141   0.94121
142   0.930122
143   0.917401
144   0.90779
145   0.89775
146   0.890212
147   0.883768
148   0.879033
149   0.876555
150   0.87551
151   0.876992
152   0.879742
153   0.884587
154   0.890011
155   0.896885
156   0.903549
157   0.910974
158   0.917844
159   0.924878
160   0.931172
161   0.937266
162   0.942703
163   0.947825
164   0.952442
165   0.956737
166   0.960645
167   0.964253
168   0.967552
169   0.97058
170   0.97335
171   0.975882
172   0.992324
173   0.993677
174   0.995701
175   0.997312
176   0.998304
177   0.998063
178   0.996449
179   0.99329
180   0.988285
181   0.981507
182   0.972747
183   0.962577
184   0.951027
185   0.938838
186   0.92608
187   0.913415
188   0.901429
189   0.890396
190   0.880882
191   0.873317
192   0.867925
193   0.865345
194   0.865128
195   0.867267
196   0.871483
197   0.877084
198   0.884156
199   0.891867
200   0.900139
201   0.908416
202   0.916504
203   0.924081
204   0.931078
205   0.937492
206   0.943314
207   0.948636
208   0.953456
209   0.957865
210   0.96186
211   0.965512
212   0.968819
213   0.971837
214   0.974565
215   0.98793
216   0.989439
217   0.991765
218   0.99414
219   0.996105
220   0.997079
221   0.996819
222   0.995169
223   0.991831
224   0.986842
225   0.97993
226   0.97138
227   0.961174
228   0.949796
229   0.937088
230   0.923976
231   0.90933
232   0.897079
233   0.882822
234   0.873976
235   0.863219
236   0.859557
237   0.855773
238   0.856506
239   0.859342
240   0.863822
241   0.871165
242   0.87903
243   0.888645
244   0.897955
245   0.907619
246   0.91628
247   0.924529
248   0.931849
249   0.938584
250   0.944596
251   0.950062
252   0.954975
253   0.959422
254   0.963433
255   0.967054
256   0.970321
257   0.973266
258   0.982574
259   0.983682
260   0.986476
261   0.98934
262   0.992324
263   0.994349
264   0.99552
265   0.995295
266   0.993699
267   0.990479
268   0.985523
269   0.978894
270   0.970554
271   0.960798
272   0.949601
273   0.937425
274   0.924095
275   0.91069
276   0.897071
277   0.884395
278   0.872636
279   0.862515
280   0.855206
281   0.850354
282   0.849243
283   0.851507
284   0.857075
285   0.865673
286   0.875947
287   0.886822
288   0.897737
289   0.908063
290   0.917437
291   0.926023
292   0.933621
293   0.940507
294   0.946594
295   0.9521
296   0.956985
297   0.961399
298   0.965322
299   0.968862
300   0.97201
301   0.976559
302   0.977596
303   0.980271
304   0.983673
305   0.987282
306   0.990342
307   0.992598
308   0.993766
309   0.993631
310   0.99213
311   0.989
312   0.984353
313   0.978016
314   0.970256
315   0.96099
316   0.950578
317   0.939028
318   0.926602
319   0.9137
320   0.900493
321   0.887214
322   0.874723
323   0.861581
324   0.854043
325   0.844964
326   0.845905
327   0.846088
328   0.85466
329   0.864809
330   0.876047
331   0.88844
332   0.899757
333   0.910551
334   0.92016
335   0.928783
336   0.936433
337   0.943225
338   0.949268
339   0.954635
340   0.959418
341   0.963668
342   0.967456
343   0.970826
344   0.970063
345   0.970225
346   0.973162
347   0.97673
348   0.981122
349   0.984924
350   0.988342
351   0.990604
352   0.991939
353   0.991887
354   0.990533
355   0.987689
356   0.983375
357   0.977639
358   0.970475
359   0.962099
360   0.952441
361   0.94181
362   0.930233
363   0.918063
364   0.905404
365   0.89277
366   0.880041
367   0.868832
368   0.859079
369   0.852212
370   0.849409
371   0.849965
372   0.856884
373   0.867101
374   0.879437
375   0.892388
376   0.904099
377   0.91498
378   0.924346
379   0.93281
380   0.940147
381   0.946734
382   0.952489
383   0.957641
384   0.962161
385   0.966202
386   0.969754
387   0.963578
388   0.963572
389   0.965724
390   0.969505
391   0.974245
392   0.978882
393   0.983051
394   0.986398
395   0.988779
396   0.990082
397   0.99013
398   0.988961
399   0.986404
400   0.982605
401   0.977447
402   0.971114
403   0.963548
404   0.954887
405   0.945222
406   0.934681
407   0.923507
408   0.91191
409   0.900285
410   0.888616
411   0.877955
412   0.868338
413   0.860145
414   0.857008
415   0.854696
416   0.863737
417   0.873537
418   0.886755
419   0.899221
420   0.910695
421   0.920735
422   0.929711
423   0.937555
424   0.944528
425   0.95065
426   0.956077
427   0.960858
428   0.965091
429   0.968832
430   0.957187
431   0.956277
432   0.958112
433   0.961369
434   0.966751
435   0.971909
436   0.976956
437   0.981057
438   0.984529
439   0.986835
440   0.988225
441   0.988383
442   0.987463
443   0.985325
444   0.982051
445   0.977629
446   0.97207
447   0.96545
448   0.957766
449   0.949201
450   0.939784
451   0.929834
452   0.919324
453   0.908678
454   0.898143
455   0.88826
456   0.879417
457   0.872865
458   0.868842
459   0.868743
460   0.875963
461   0.885625
462   0.897226
463   0.908716
464   0.918662
465   0.927829
466   0.935819
467   0.943013
468   0.949305
469   0.954926
470   0.959856
471   0.964249
472   0.968109
473   0.951156
474   0.949866
475   0.95074
476   0.953902
477   0.959112
478   0.964841
479   0.970387
480   0.9753
481   0.979456
482   0.982736
483   0.985045
484   0.98642
485   0.986735
486   0.986105
487   0.984392
488   0.981727
489   0.977992
490   0.973288
491   0.967575
492   0.960926
493   0.953446
494   0.945165
495   0.936355
496   0.926927
497   0.917534
498   0.908072
499   0.899602
500   0.891883
501   0.886537
502   0.88315
503   0.883486
504   0.890288
505   0.898539
506   0.908906
507   0.918272
508   0.927177
509   0.935059
510   0.942211
511   0.948539
512   0.954198
513   0.95921
514   0.963669
515   0.967624
516   0.945531
517   0.943371
518   0.943623
519   0.945771
520   0.951374
521   0.957342
522   0.963502
523   0.968922
524   0.973866
525   0.977792
526   0.981037
527   0.983262
528   0.984739
529   0.985248
530   0.984959
531   0.983734
532   0.981652
533   0.978639
534   0.97472
535   0.9699
536   0.964197
537   0.957701
538   0.950442
539   0.942596
540   0.934328
541   0.925941
542   0.917769
543   0.910204
544   0.903893
545   0.899216
546   0.897585
547   0.899091
548   0.905132
549   0.912518
550   0.920558
551   0.928355
552   0.935681
553   0.942423
554   0.948534
555   0.954061
556   0.959011
557   0.963458
558   0.967423
559   0.940504
560   0.937853
561   0.937139
562   0.939053
563   0.943958
564   0.950152
565   0.956582
566   0.962601
567   0.967997
568   0.972621
569   0.976428
570   0.979484
571   0.981724
572   0.983279
573   0.984029
574   0.9841
575   0.983342
576   0.981846
577   0.979485
578   0.976311
579   0.972288
580   0.967417
581   0.961812
582   0.955411
583   0.948575
584   0.9412
585   0.933965
586   0.926693
587   0.920494
588   0.915166
589   0.912298
590   0.911548
591   0.913996
592   0.918893
593   0.924778
594   0.931225
595   0.937535
596   0.943629
597   0.949286
598   0.954518
599   0.959285
600   0.963616
601   0.967531
602   0.936118
603   0.932708
604   0.931222
605   0.931779
606   0.936784
607   0.942881
608   0.949691
609   0.956054
610   0.962042
611   0.967099
612   0.971564
613   0.975136
614   0.978158
615   0.98041
616   0.982137
617   0.983153
618   0.983592
619   0.983296
620   0.98232
621   0.980551
622   0.978009
623   0.974641
624   0.97048
625   0.965541
626   0.959942
627   0.95378
628   0.94734
629   0.940788
630   0.93471
631   0.929286
632   0.925544
633   0.92336
634   0.924052
635   0.92651
636   0.930628
637   0.935393
638   0.940598
639   0.945767
640   0.950823
641   0.955587
642   0.960059
643   0.964176
644   0.967967
645   0.932496
646   0.928593
647   0.926237
648   0.926461
649   0.930197
650   0.936127
651   0.943011
652   0.949826
653   0.956152
654   0.961749
655   0.966582
656   0.970737
657   0.974206
658   0.977155
659   0.979503
660   0.9814
661   0.982691
662   0.983481
663   0.983591
664   0.983078
665   0.981804
666   0.979778
667   0.976967
668   0.973338
669   0.969029
670   0.963984
671   0.95858
672   0.952767
673   0.947219
674   0.941944
675   0.937848
676   0.93499
677   0.934079
678   0.934958
679   0.93726
680   0.940602
681   0.944514
682   0.948744
683   0.953031
684   0.957253
685   0.961308
686   0.965143
687   0.968731
688   0.929658
689   0.925194
690   0.922077
691   0.920799
692   0.924108
693   0.929361
694   0.936494
695   0.943591
696   0.950404
697   0.956352
698   0.961696
699   0.966195
700   0.970208
701   0.973568
702   0.976565
703   0.979028
704   0.981131
705   0.982693
706   0.983791
707   0.984255
708   0.984106
709   0.983211
710   0.981584
711   0.979147
712   0.975968
713   0.972039
714   0.967564
715   0.962611
716   0.957616
717   0.952699
718   0.948577
719   0.945277
720   0.943601
721   0.943175
722   0.944253
723   0.946221
724   0.949053
725   0.952261
726   0.955802
727   0.959378
728   0.962986
729   0.966452
730   0.969802
731   0.927641
732   0.922779
733   0.919038
734   0.917333
735   0.918763
736   0.923383
737   0.930311
738   0.93775
739   0.94487
740   0.951285
741   0.956938
742   0.961899
743   0.966204
744   0.970051
745   0.973405
746   0.976453
747   0.979062
748   0.98136
749   0.983154
750   0.984513
751   0.985244
752   0.98537
753   0.984756
754   0.983395
755   0.981274
756   0.978376
757   0.974869
758   0.970768
759   0.966463
760   0.962044
761   0.958073
762   0.954699
763   0.952405
764   0.951225
765   0.951201
766   0.952164
767   0.95392
768   0.956259
769   0.958991
770   0.961955
771   0.965035
772   0.968124
773   0.971158
774   0.926441
775   0.9212
776   0.916916
777   0.914102
778   0.914304
779   0.917098
780   0.924322
781   0.932033
782   0.939528
783   0.946292
784   0.952398
785   0.95766
786   0.962396
787   0.966515
788   0.970321
789   0.973701
790   0.97685
791   0.979613
792   0.982077
793   0.984069
794   0.985603
795   0.98652
796   0.986811
797   0.986355
798   0.985173
799   0.983208
800   0.98058
801   0.977311
802   0.973693
803   0.969816
804   0.966165
805   0.962816
806   0.960313
807   0.958551
808   0.957863
809   0.95794
810   0.958905
811   0.960397
812   0.962451
813   0.964766
814   0.967364
815   0.970015
816   0.97275
817   0.926053
818   0.920585
819   0.915763
820   0.912219
821   0.910788
822   0.912859
823   0.918936
824   0.926644
825   0.9344
826   0.941591
827   0.948029
828   0.953721
829   0.958715
830   0.963223
831   0.967262
832   0.97105
833   0.974493
834   0.977746
835   0.980629
836   0.983228
837   0.985333
838   0.986979
839   0.987984
840   0.988352
841   0.987984
842   0.986879
843   0.985076
844   0.982607
845   0.979685
846   0.976407
847   0.97313
848   0.970001
849   0.967379
850   0.965359
851   0.964116
852   0.963615
853   0.963847
854   0.964694
855   0.966069
856   0.967837
857   0.969911
858   0.97217
859   0.974539
860   0.926408
861   0.920793
862   0.915522
863   0.911156
864   0.908304
865   0.907958
866   0.913996
867   0.921528
868   0.929454
869   0.936974
870   0.943843
871   0.949867
872   0.955258
873   0.960009
874   0.964404
875   0.96841
876   0.972228
877   0.975755
878   0.979083
879   0.982066
880   0.984717
881   0.986883
882   0.988538
883   0.989553
884   0.989911
885   0.989536
886   0.988479
887   0.986734
888   0.984478
889   0.981775
890   0.978945
891   0.97607
892   0.97354
893   0.971356
894   0.96984
895   0.968858
896   0.968604
897   0.968855
898   0.969715
899   0.970935
900   0.972578
901   0.974407
902   0.976466
903   0.927427
904   0.921705
905   0.916112
906   0.911034
907   0.907036
908   0.906073
909   0.909889
910   0.916776
911   0.924712
912   0.932553
913   0.939778
914   0.946223
915   0.951902
916   0.957012
917   0.961611
918   0.965937
919   0.969943
920   0.973805
921   0.977377
922   0.980761
923   0.98376
924   0.986423
925   0.988552
926   0.990164
927   0.991114
928   0.99141
929   0.991012
930   0.98995
931   0.988321
932   0.986206
933   0.983826
934   0.981306
935   0.978913
936   0.976757
937   0.97504
938   0.973798
939   0.973117
940   0.97296
941   0.973324
942   0.974124
943   0.975316
944   0.976795
945   0.978493
946   0.929036
947   0.92339
948   0.917551
949   0.912074
950   0.906967
951   0.903622
952   0.906603
953   0.912282
954   0.920159
955   0.92824
956   0.93583
957   0.942636
958   0.948693
959   0.954067
960   0.958983
961   0.963493
962   0.967783
963   0.971819
964   0.975689
965   0.9793
966   0.982657
967   0.985643
968   0.988217
969   0.990269
970   0.991754
971   0.992595
972   0.992791
973   0.992323
974   0.99128
975   0.989704
976   0.987796
977   0.98563
978   0.983482
979   0.9814
980   0.979656
981   0.978217
982   0.977297
983   0.976775
984   0.976797
985   0.977187
986   0.978038
987   0.979144
988   0.980561
989   0.931125
990   0.925505
991   0.919663
992   0.913811
993   0.908291
994   0.904515
995   0.904316
996   0.908626
997   0.915956
998   0.924103
999   0.931984
1000   0.939144
1001   0.945513
1002   0.951227
1003   0.956356
1004   0.961145
1005   0.965584
1006   0.969868
1007   0.973887
1008   0.977764
1009   0.981325
1010   0.984639
1011   0.987515
1012   0.989984
1013   0.991883
1014   0.993228
1015   0.993932
1016   0.994019
1017   0.993511
1018   0.992466
1019   0.991013
1020   0.989248
1021   0.987365
1022   0.985468
1023   0.983742
1024   0.982257
1025   0.98114
1026   0.980406
1027   0.980109
1028   0.980214
1029   0.980716
1030   0.981541
1031   0.982638
1032   0.933636
1033   0.928261
1034   0.922444
1035   0.916606
1036   0.910685
1037   0.905778
1038   0.903814
1039   0.904908
1040   0.912038
1041   0.920234
1042   0.92823
1043   0.93572
1044   0.942402
1045   0.948397
1046   0.953809
1047   0.958781
1048   0.963452
1049   0.967866
1050   0.972097
1051   0.976109
1052   0.979907
1053   0.983416
1054   0.986591
1055   0.989349
1056   0.991632
1057   0.993372
1058   0.994535
1059   0.995095
1060   0.99508
1061   0.994514
1062   0.993511
1063   0.992131
1064   0.990564
1065   0.988869
1066   0.987267
1067   0.985773
1068   0.984593
1069   0.983677
1070   0.98319
1071   0.98302
1072   0.983281
1073   0.98381
1074   0.984674
1075   0.936457
1076   0.931263
1077   0.925711
1078   0.919909
1079   0.913983
1080   0.908607
1081   0.904647
1082   0.904499
1083   0.909109
1084   0.916587
1085   0.92464
1086   0.932332
1087   0.9393
1088   0.945579
1089   0.951203
1090   0.956418
1091   0.961225
1092   0.965837
1093   0.970169
1094   0.974369
1095   0.978287
1096   0.982014
1097   0.985377
1098   0.988423
1099   0.990991
1100   0.993104
1101   0.99465
1102   0.995653
1103   0.99608
1104   0.995977
1105   0.9954
1106   0.994424
1107   0.993177
1108   0.991749
1109   0.990294
1110   0.988893
1111   0.987679
1112   0.986699
1113   0.98604
1114   0.985704
1115   0.98572
1116   0.986044
1117   0.986649
1118   0.939519
1119   0.934695
1120   0.929383
1121   0.923918
1122   0.918047
1123   0.912531
1124   0.907318
1125   0.903942
1126   0.907462
1127   0.9136
1128   0.921394
1129   0.929224
1130   0.936333
1131   0.942837
1132   0.948664
1133   0.954042
1134   0.959031
1135   0.963749
1136   0.968238
1137   0.972524
1138   0.976601
1139   0.980445
1140   0.984008
1141   0.987243
1142   0.990082
1143   0.992478
1144   0.994375
1145   0.995747
1146   0.996582
1147   0.996889
1148   0.996722
1149   0.996125
1150   0.995217
1151   0.994058
1152   0.992811
1153   0.991522
1154   0.990365
1155   0.989341
1156   0.988611
1157   0.988116
1158   0.987983
1159   0.988093
1160   0.988523
1161   0.942709
1162   0.938149
1163   0.933241
1164   0.928024
1165   0.922497
1166   0.916886
1167   0.911499
1168   0.907713
1169   0.907245
1170   0.911773
1171   0.918799
1172   0.926372
1173   0.933552
1174   0.940167
1175   0.946127
1176   0.951674
1177   0.956762
1178   0.961629
1179   0.966184
1180   0.970602
1181   0.974746
1182   0.978737
1183   0.982411
1184   0.985844
1185   0.988873
1186   0.991542
1187   0.993722
1188   0.995443
1189   0.996635
1190   0.997336
1191   0.99755
1192   0.997334
1193   0.996761
1194   0.995903
1195   0.99488
1196   0.993766
1197   0.992686
1198   0.991704
1199   0.990916
1200   0.990355
1201   0.990071
1202   0.99005
1203   0.990284
1204   0.945972
1205   0.941807
1206   0.937226
1207   0.932469
1208   0.927264
1209   0.922066
1210   0.916663
1211   0.91218
1212   0.910165
1213   0.910794
1214   0.917034
1215   0.924321
1216   0.931222
1217   0.937866
1218   0.943851
1219   0.949458
1220   0.954638
1221   0.959553
1222   0.964201
1223   0.968656
1224   0.972897
1225   0.976943
1226   0.980744
1227   0.984287
1228   0.987502
1229   0.990364
1230   0.992803
1231   0.994804
1232   0.996323
1233   0.997366
1234   0.997938
1235   0.998073
1236   0.997833
1237   0.997271
1238   0.996498
1239   0.99557
1240   0.994626
1241   0.993697
1242   0.992928
1243   0.992304
1244   0.991949
1245   0.99179
1246   0.991906
1247   0.949225
1248   0.945343
1249   0.941188
1250   0.936778
1251   0.932095
1252   0.927236
1253   0.922353
1254   0.917898
1255   0.914636
1256   0.914177
1257   0.916841
1258   0.923013
1259   0.9295
1260   0.935959
1261   0.941847
1262   0.947465
1263   0.952619
1264   0.957589
1265   0.962226
1266   0.96674
1267   0.970983
1268   0.975106
1269   0.978948
1270   0.982611
1271   0.985934
1272   0.988983
1273   0.991617
1274   0.99388
1275   0.995675
1276   0.99704
1277   0.997937
1278   0.998413
1279   0.998494
1280   0.998238
1281   0.997723
1282   0.997016
1283   0.996222
1284   0.995406
1285   0.994667
1286   0.994052
1287   0.993627
1288   0.993401
1289   0.993385
1290   0.952437
1291   0.948914
1292   0.945096
1293   0.941145
1294   0.936886
1295   0.932605
1296   0.92816
1297   0.924154
1298   0.920584
1299   0.918459
1300   0.91993
1301   0.923438
1302   0.929109
1303   0.935059
1304   0.94062
1305   0.94601
1306   0.951071
1307   0.955927
1308   0.96054
1309   0.964988
1310   0.969239
1311   0.973334
1312   0.977222
1313   0.980913
1314   0.984339
1315   0.987493
1316   0.990301
1317   0.992754
1318   0.994794
1319   0.996425
1320   0.997618
1321   0.998398
1322   0.998783
1323   0.998818
1324   0.998567
1325   0.998084
1326   0.997471
1327   0.996775
1328   0.996118
1329   0.995516
1330   0.995083
1331   0.994786
1332   0.994703
1333   0.955561
1334   0.952306
1335   0.948868
1336   0.945264
1337   0.941502
1338   0.937638
1339   0.933798
1340   0.930103
1341   0.92698
1342   0.924689
1343   0.924287
1344   0.926446
1345   0.930059
1346   0.935178
1347   0.940113
1348   0.9452
1349   0.949954
1350   0.954667
1351   0.959098
1352   0.963475
1353   0.967613
1354   0.971685
1355   0.97552
1356   0.979242
1357   0.982684
1358   0.985936
1359   0.988844
1360   0.991471
1361   0.993698
1362   0.99557
1363   0.997017
1364   0.998083
1365   0.998751
1366   0.999071
1367   0.999079
1368   0.998835
1369   0.998412
1370   0.997874
1371   0.997308
1372   0.99677
1373   0.996333
1374   0.996022
1375   0.995865
1376   0.958585
1377   0.955633
1378   0.952495
1379   0.949274
1380   0.945889
1381   0.942499
1382   0.939069
1383   0.935861
1384   0.932984
1385   0.930846
1386   0.929957
1387   0.930499
1388   0.933149
1389   0.936764
1390   0.940961
1391   0.945317
1392   0.949681
1393   0.954
1394   0.958216
1395   0.962352
1396   0.966367
1397   0.970289
1398   0.974066
1399   0.977713
1400   0.981164
1401   0.984421
1402   0.987411
1403   0.990131
1404   0.992514
1405   0.994563
1406   0.99623
1407   0.997533
1408   0.998456
1409   0.999034
1410   0.999292
1411   0.999278
1412   0.999055
1413   0.998676
1414   0.998234
1415   0.997764
1416   0.997367
1417   0.997041
1418   0.996862
1419   0.961485
1420   0.958775
1421   0.95595
1422   0.95303
1423   0.950036
1424   0.947004
1425   0.944032
1426   0.941178
1427   0.938713
1428   0.93671
1429   0.93571
1430   0.93564
1431   0.936986
1432   0.939531
1433   0.942667
1434   0.946323
1435   0.950047
1436   0.953958
1437   0.957775
1438   0.961666
1439   0.965418
1440   0.969191
1441   0.972798
1442   0.976372
1443   0.979735
1444   0.982991
1445   0.985979
1446   0.988777
1447   0.991246
1448   0.993448
1449   0.995281
1450   0.996795
1451   0.997938
1452   0.998756
1453   0.999247
1454   0.999461
1455   0.999439
1456   0.999237
1457   0.998925
1458   0.998558
1459   0.998206
1460   0.997908
1461   0.997702
1462   0.964261
1463   0.961802
1464   0.959234
1465   0.956617
1466   0.953927
1467   0.951249
1468   0.948601
1469   0.946105
1470   0.943874
1471   0.942057
1472   0.940927
1473   0.940533
1474   0.941271
1475   0.942872
1476   0.94524
1477   0.948073
1478   0.951225
1479   0.954563
1480   0.957998
1481   0.961495
1482   0.964992
1483   0.968491
1484   0.971933
1485   0.975322
1486   0.978596
1487   0.981754
1488   0.984727
1489   0.987513
1490   0.990045
1491   0.992322
1492   0.994288
1493   0.995953
1494   0.997282
1495   0.998299
1496   0.998998
1497   0.999419
1498   0.99959
1499   0.999561
1500   0.99939
1501   0.999127
1502   0.998849
1503   0.998579
1504   0.998387
1505   0.966903
1506   0.964657
1507   0.962343
1508   0.959979
1509   0.957587
1510   0.955194
1511   0.952872
1512   0.950652
1513   0.94869
1514   0.947023
1515   0.945899
1516   0.945341
1517   0.94557
1518   0.946576
1519   0.948197
1520   0.950395
1521   0.952893
1522   0.955736
1523   0.958674
1524   0.961814
1525   0.964944
1526   0.968192
1527   0.971364
1528   0.974585
1529   0.977673
1530   0.980738
1531   0.983609
1532   0.986377
1533   0.988892
1534   0.991226
1535   0.993258
1536   0.995048
1537   0.996513
1538   0.997703
1539   0.998581
1540   0.999193
1541   0.999546
1542   0.999688
1543   0.999662
1544   0.99952
1545   0.99932
1546   0.999109
1547   0.998928
1548   0.969413
1549   0.967377
1550   0.965281
1551   0.963159
1552   0.961011
1553   0.958886
1554   0.956812
1555   0.954851
1556   0.953081
1557   0.951572
1558   0.950469
1559   0.94982
1560   0.949791
1561   0.950341
1562   0.951477
1563   0.953085
1564   0.955088
1565   0.957392
1566   0.959919
1567   0.962621
1568   0.965433
1569   0.968336
1570   0.971269
1571   0.974228
1572   0.977148
1573   0.980027
1574   0.982798
1575   0.98546
1576   0.987946
1577   0.990254
1578   0.992328
1579   0.994171
1580   0.995739
1581   0.997047
1582   0.99807
1583   0.998838
1584   0.99935
1585   0.999649
1586   0.999762
1587   0.999738
1588   0.99963
1589   0.999476
1590   0.999334
1591   0.971788
1592   0.969939
1593   0.968051
1594   0.966139
1595   0.964225
1596   0.962326
1597   0.960491
1598   0.958743
1599   0.957169
1600   0.955798
1601   0.954752
1602   0.954065
1603   0.953838
1604   0.954104
1605   0.954823
1606   0.956014
1607   0.957532
1608   0.95942
1609   0.961497
1610   0.963842
1611   0.966269
1612   0.968884
1613   0.971502
1614   0.974236
1615   0.976907
1616   0.979625
1617   0.982216
1618   0.98478
1619   0.987159
1620   0.989438
1621   0.991481
1622   0.993359
1623   0.994969
1624   0.996369
1625   0.997493
1626   0.998391
1627   0.999038
1628   0.999477
1629   0.999723
1630   0.999818
1631   0.999804
1632   0.999723
1633   0.99962
1634   0.97403
1635   0.972358
1636   0.970656
1637   0.96894
1638   0.967224
1639   0.965534
1640   0.963896
1641   0.962345
1642   0.960931
1643   0.959696
1644   0.958713
1645   0.958023
1646   0.957702
1647   0.957762
1648   0.958224
1649   0.959062
1650   0.960244
1651   0.961732
1652   0.963471
1653   0.965433
1654   0.967558
1655   0.969831
1656   0.972193
1657   0.974635
1658   0.9771
1659   0.97958
1660   0.982016
1661   0.984403
1662   0.986683
1663   0.988851
1664   0.990855
1665   0.992693
1666   0.994322
1667   0.995748
1668   0.996942
1669   0.997921
1670   0.998672
1671   0.999222
1672   0.99958
1673   0.999784
1674   0.99986
1675   0.999852
1676   0.9998
1677   0.97614
1678   0.97463
1679   0.9731
1680   0.97156
1681   0.97003
1682   0.968521
1683   0.967068
1684   0.965687
1685   0.964428
1686   0.963312
1687   0.962405
1688   0.961735
1689   0.961352
1690   0.961292
1691   0.961545
1692   0.96215
1693   0.963027
1694   0.96423
1695   0.965631
1696   0.967305
1697   0.969099
1698   0.971108
1699   0.973166
1700   0.975378
1701   0.977575
1702   0.979864
1703   0.982079
1704   0.98432
1705   0.986431
1706   0.988504
1707   0.990398
1708   0.992195
1709   0.993778
1710   0.995217
1711   0.996426
1712   0.997463
1713   0.998277
1714   0.998916
1715   0.999364
1716   0.999663
1717   0.999826
1718   0.999891
1719   0.999892
1720   0.97812
1721   0.976761
1722   0.975386
1723   0.974008
1724   0.97264
1725   0.971298
1726   0.970004
1727   0.968778
1728   0.967653
1729   0.966656
1730   0.965827
1731   0.965196
1732   0.964801
1733   0.964665
1734   0.964802
1735   0.96522
1736   0.965905
1737   0.96685
1738   0.968021
1739   0.969407
1740   0.970964
1741   0.972683
1742   0.974514
1743   0.976452
1744   0.978444
1745   0.980486
1746   0.982524
1747   0.984555
1748   0.986526
1749   0.988434
1750   0.990233
1751   0.991918
1752   0.993453
1753   0.994837
1754   0.996044
1755   0.997081
1756   0.997932
1757   0.998615
1758   0.999128
1759   0.999496
1760   0.999729
1761   0.999861
1762   0.999914
1763   0.979973
1764   0.978751
1765   0.977519
1766   0.976287
1767   0.975069
1768   0.973874
1769   0.972727
1770   0.971639
1771   0.970642
1772   0.969751
1773   0.969004
1774   0.968422
1775   0.968031
1776   0.967865
1777   0.967914
1778   0.968222
1779   0.968736
1780   0.969514
1781   0.970461
1782   0.971649
1783   0.972956
1784   0.974469
1785   0.976044
1786   0.977781
1787   0.979526
1788   0.981381
1789   0.983193
1790   0.985062
1791   0.986838
1792   0.988617
1793   0.99026
1794   0.991854
1795   0.993281
1796   0.994617
1797   0.995765
1798   0.996796
1799   0.997637
1800   0.998349
1801   0.99889
1802   0.999309
1803   0.999593
1804   0.999782
1805   0.999885
1806   0.981703
1807   0.980607
1808   0.979504
1809   0.978405
1810   0.977319
1811   0.976259
1812   0.97524
1813   0.974279
1814   0.973395
1815   0.972608
1816   0.971942
1817   0.971418
1818   0.971059
1819   0.970882
1820   0.9709
1821   0.971123
1822   0.971547
1823   0.972173
1824   0.972986
1825   0.973977
1826   0.975122
1827   0.976411
1828   0.977813
1829   0.979317
1830   0.980888
1831   0.982514
1832   0.984161
1833   0.985817
1834   0.987447
1835   0.989038
1836   0.990561
1837   0.992006
1838   0.993345
1839   0.994573
1840   0.995671
1841   0.996638
1842   0.997465
1843   0.998156
1844   0.998711
1845   0.999144
1846   0.999462
1847   0.999684
1848   0.999825
