##### Y Variance #####
0   0.999998
1   0.999862
2   0.999424
3   0.998613
4   0.997389
5   0.995799
6   0.993892
7   0.991784
8   0.989549
9   0.98731
10   0.985125
11   0.983091
12   0.981241
13   0.979636
14   0.978283
15   0.977214
16   0.976414
17   0.975893
18   0.975622
19   0.975596
20   0.975781
21   0.976161
22   0.976702
23   0.977387
24   0.978182
25   0.979069
26   0.980021
27   0.981023
28   0.982053
29   0.983097
30   0.98414
31   0.985172
32   0.986183
33   0.987164
34   0.988111
35   0.989018
36   0.989882
37   0.990701
38   0.991474
39   0.992199
40   0.992878
41   0.99351
42   0.994098
43   0.999941
44   0.999986
45   0.9997
46   0.998999
47   0.997733
48   0.996101
49   0.993964
50   0.991702
51   0.989146
52   0.986716
53   0.984204
54   0.981998
55   0.979869
56   0.978141
57   0.976582
58   0.975449
59   0.974519
60   0.973992
61   0.973661
62   0.973676
63   0.973857
64   0.974311
65   0.974891
66   0.97567
67   0.97653
68   0.977521
69   0.978554
70   0.979661
71   0.980775
72   0.98192
73   0.983048
74   0.984172
75   0.985262
76   0.986326
77   0.987346
78   0.988325
79   0.989253
80   0.990134
81   0.990963
82   0.991741
83   0.992468
84   0.993144
85   0.993772
86   0.999672
87   0.999945
88   0.999946
89   0.999467
90   0.998368
91   0.996713
92   0.994543
93   0.992054
94   0.989339
95   0.986592
96   0.983883
97   0.981359
98   0.97905
99   0.977053
100   0.975363
101   0.974033
102   0.973031
103   0.97238
104   0.972033
105   0.97199
106   0.972199
107   0.972649
108   0.973288
109   0.974099
110   0.975038
111   0.976086
112   0.977206
113   0.978382
114   0.979586
115   0.980805
116   0.982018
117   0.983216
118   0.984385
119   0.985519
120   0.986609
121   0.987652
122   0.988643
123   0.989581
124   0.990464
125   0.991292
126   0.992065
127   0.992785
128   0.993452
129   0.999098
130   0.999635
131   0.999982
132   0.999837
133   0.998991
134   0.997497
135   0.995304
136   0.992774
137   0.989838
138   0.986933
139   0.98392
140   0.981204
141   0.978592
142   0.976423
143   0.974479
144   0.973024
145   0.971837
146   0.971118
147   0.970655
148   0.970595
149   0.97075
150   0.971223
151   0.971855
152   0.972718
153   0.973683
154   0.974798
155   0.975966
156   0.977217
157   0.97848
158   0.979775
159   0.981051
160   0.982322
161   0.983554
162   0.984756
163   0.985906
164   0.98701
165   0.988056
166   0.989049
167   0.989982
168   0.990858
169   0.991676
170   0.992437
171   0.993143
172   0.998115
173   0.998873
174   0.999678
175   0.999999
176   0.999594
177   0.998377
178   0.996386
179   0.993838
180   0.990886
181   0.987766
182   0.984611
183   0.981597
184   0.978801
185   0.976334
186   0.974219
187   0.972512
188   0.971197
189   0.970291
190   0.969751
191   0.96957
192   0.969695
193   0.970103
194   0.970741
195   0.971583
196   0.97258
197   0.973706
198   0.974921
199   0.976203
200   0.977522
201   0.978859
202   0.980194
203   0.981513
204   0.982802
205   0.984053
206   0.985258
207   0.986411
208   0.987508
209   0.988547
210   0.989527
211   0.990445
212   0.991305
213   0.992105
214   0.992847
215   0.99667
216   0.997707
217   0.998949
218   0.999809
219   0.99994
220   0.999158
221   0.997445
222   0.995085
223   0.992123
224   0.988982
225   0.98563
226   0.982475
227   0.979404
228   0.976757
229   0.974364
230   0.972492
231   0.970942
232   0.969909
233   0.969194
234   0.968933
235   0.968941
236   0.969311
237   0.969884
238   0.97072
239   0.97169
240   0.972833
241   0.974049
242   0.975362
243   0.9767
244   0.978077
245   0.979442
246   0.980804
247   0.98213
248   0.983426
249   0.98467
250   0.985867
251   0.987004
252   0.988085
253   0.989103
254   0.990061
255   0.990958
256   0.991794
257   0.99257
258   0.994703
259   0.995778
260   0.997624
261   0.999124
262   0.999951
263   0.999749
264   0.998521
265   0.996429
266   0.993678
267   0.990519
268   0.987161
269   0.983808
270   0.980608
271   0.977689
272   0.975126
273   0.972981
274   0.97127
275   0.970004
276   0.969161
277   0.968721
278   0.968641
279   0.968885
280   0.969406
281   0.970163
282   0.97111
283   0.972209
284   0.973424
285   0.97472
286   0.976071
287   0.977449
288   0.978837
289   0.980213
290   0.981568
291   0.982886
292   0.984162
293   0.985386
294   0.986557
295   0.987668
296   0.988721
297   0.989711
298   0.990641
299   0.991508
300   0.992316
301   0.992297
302   0.993571
303   0.995767
304   0.997927
305   0.999507
306   0.999998
307   0.99935
308   0.997714
309   0.995221
310   0.992244
311   0.98887
312   0.985496
313   0.982114
314   0.979064
315   0.976252
316   0.973941
317   0.97198
318   0.970556
319   0.969498
320   0.96893
321   0.968681
322   0.968832
323   0.96923
324   0.969925
325   0.970789
326   0.971853
327   0.973015
328   0.974295
329   0.975618
330   0.976995
331   0.978372
332   0.979757
333   0.981115
334   0.982449
335   0.983738
336   0.984983
337   0.986174
338   0.98731
339   0.988387
340   0.989404
341   0.99036
342   0.991256
343   0.99209
344   0.989516
345   0.990382
346   0.993172
347   0.996
348   0.998434
349   0.999792
350   0.999891
351   0.99882
352   0.99679
353   0.994041
354   0.99085
355   0.987444
356   0.984048
357   0.980815
358   0.977884
359   0.975329
360   0.973213
361   0.971546
362   0.970336
363   0.969554
364   0.969177
365   0.969155
366   0.969454
367   0.970016
368   0.970807
369   0.971773
370   0.972886
371   0.974098
372   0.975389
373   0.976722
374   0.978083
375   0.979444
376   0.980797
377   0.982121
378   0.983415
379   0.984662
380   0.985865
381   0.987012
382   0.988107
383   0.989142
384   0.99012
385   0.991036
386   0.991895
387   0.986712
388   0.987732
389   0.990143
390   0.993417
391   0.996704
392   0.998995
393   0.999967
394   0.999619
395   0.998125
396   0.995791
397   0.992808
398   0.989552
399   0.986125
400   0.982865
401   0.979768
402   0.977095
403   0.97476
404   0.972943
405   0.971511
406   0.970581
407   0.970006
408   0.969855
409   0.969987
410   0.970443
411   0.971102
412   0.971985
413   0.972996
414   0.974146
415   0.975363
416   0.976651
417   0.97796
418   0.979291
419   0.980611
420   0.981919
421   0.983196
422   0.984439
423   0.985637
424   0.986789
425   0.98789
426   0.988936
427   0.989928
428   0.990861
429   0.991736
430   0.983857
431   0.984476
432   0.986789
433   0.989928
434   0.994227
435   0.997571
436   0.999485
437   0.999979
438   0.999189
439   0.997351
440   0.994765
441   0.991688
442   0.988406
443   0.985104
444   0.981989
445   0.979153
446   0.976713
447   0.974684
448   0.973114
449   0.971968
450   0.971251
451   0.970901
452   0.970903
453   0.971189
454   0.971735
455   0.972477
456   0.973395
457   0.974433
458   0.975575
459   0.976777
460   0.978029
461   0.979297
462   0.980578
463   0.981842
464   0.983095
465   0.984311
466   0.985499
467   0.986639
468   0.98774
469   0.988786
470   0.989786
471   0.990727
472   0.991616
473   0.981051
474   0.98149
475   0.98326
476   0.986599
477   0.991238
478   0.995464
479   0.998403
480   0.999818
481   0.999822
482   0.998632
483   0.996497
484   0.99377
485   0.990647
486   0.987467
487   0.984315
488   0.981456
489   0.97887
490   0.97674
491   0.97498
492   0.973699
493   0.972783
494   0.972292
495   0.972108
496   0.972259
497   0.97264
498   0.973262
499   0.974039
500   0.974974
501   0.976001
502   0.977118
503   0.978279
504   0.979481
505   0.980693
506   0.98191
507   0.983113
508   0.984298
509   0.985455
510   0.986578
511   0.987663
512   0.988705
513   0.989701
514   0.990647
515   0.99154
516   0.978307
517   0.978291
518   0.979568
519   0.982189
520   0.987669
521   0.992788
522   0.99667
523   0.999081
524   0.999969
525   0.999515
526   0.997988
527   0.995664
528   0.992869
529   0.989824
530   0.98679
531   0.983888
532   0.981287
533   0.979016
534   0.977164
535   0.975699
536   0.974656
537   0.97397
538   0.973646
539   0.97361
540   0.973855
541   0.974307
542   0.974959
543   0.975745
544   0.976663
545   0.977656
546   0.978727
547   0.979829
548   0.980969
549   0.982109
550   0.98326
551   0.98439
552   0.985512
553   0.986599
554   0.987664
555   0.988686
556   0.989676
557   0.990614
558   0.991509
559   0.975715
560   0.97528
561   0.975953
562   0.978636
563   0.983816
564   0.989501
565   0.994333
566   0.997718
567   0.999567
568   0.999944
569   0.99909
570   0.997315
571   0.994882
572   0.992129
573   0.989216
574   0.986417
575   0.98378
576   0.98149
577   0.979513
578   0.977957
579   0.976745
580   0.975931
581   0.975424
582   0.975247
583   0.975311
584   0.975622
585   0.976107
586   0.976763
587   0.977533
588   0.97841
589   0.979356
590   0.980361
591   0.981399
592   0.982462
593   0.983534
594   0.984607
595   0.985671
596   0.98672
597   0.987748
598   0.988747
599   0.989715
600   0.990643
601   0.991529
602   0.973351
603   0.972459
604   0.972393
605   0.973877
606   0.979544
607   0.985721
608   0.991344
609   0.995741
610   0.998564
611   0.999851
612   0.999773
613   0.99861
614   0.996683
615   0.99425
616   0.991608
617   0.988912
618   0.986373
619   0.984044
620   0.98205
621   0.980371
622   0.979073
623   0.978093
624   0.977462
625   0.977101
626   0.977025
627   0.977154
628   0.977497
629   0.977983
630   0.978619
631   0.979346
632   0.980172
633   0.981049
634   0.981987
635   0.982945
636   0.983938
637   0.984929
638   0.985935
639   0.986925
640   0.987913
641   0.988873
642   0.989818
643   0.990722
644   0.991598
645   0.971288
646   0.969874
647   0.969216
648   0.970595
649   0.97517
650   0.981418
651   0.987777
652   0.993101
653   0.996963
654   0.999189
655   0.999957
656   0.999508
657   0.998133
658   0.996158
659   0.993806
660   0.991352
661   0.988908
662   0.986662
663   0.984635
664   0.982934
665   0.981522
666   0.980453
667   0.979665
668   0.979177
669   0.978926
670   0.978911
671   0.979078
672   0.979418
673   0.979889
674   0.980479
675   0.981157
676   0.981912
677   0.982723
678   0.98358
679   0.984469
680   0.98538
681   0.986305
682   0.987235
683   0.988164
684   0.989083
685   0.989989
686   0.990869
687   0.991719
688   0.969616
689   0.967846
690   0.966388
691   0.966301
692   0.970633
693   0.97653
694   0.983549
695   0.989859
696   0.994701
697   0.997943
698   0.999598
699   0.999928
700   0.999211
701   0.997733
702   0.995799
703   0.993602
704   0.99138
705   0.989215
706   0.987263
707   0.985524
708   0.984088
709   0.982905
710   0.982028
711   0.981385
712   0.981007
713   0.980819
714   0.980843
715   0.981008
716   0.981335
717   0.98176
718   0.982303
719   0.98291
720   0.983602
721   0.984332
722   0.985121
723   0.985928
724   0.986775
725   0.987625
726   0.988497
727   0.989358
728   0.990224
729   0.991065
730   0.991892
731   0.968346
732   0.966084
733   0.964219
734   0.963829
735   0.966196
736   0.971543
737   0.97886
738   0.985962
739   0.99184
740   0.996046
741   0.998663
742   0.999826
743   0.999823
744   0.998947
745   0.997463
746   0.995644
747   0.993655
748   0.991688
749   0.98981
750   0.988133
751   0.98666
752   0.985445
753   0.984461
754   0.983725
755   0.983198
756   0.982882
757   0.98274
758   0.982762
759   0.98292
760   0.983202
761   0.983586
762   0.98406
763   0.984609
764   0.985221
765   0.985888
766   0.986598
767   0.987345
768   0.988118
769   0.988912
770   0.989717
771   0.990527
772   0.991329
773   0.992117
774   0.967558
775   0.965025
776   0.962564
777   0.96113
778   0.962154
779   0.96555
780   0.973567
781   0.981589
782   0.988294
783   0.993544
784   0.99709
785   0.999158
786   0.999926
787   0.9997
788   0.998765
789   0.99735
790   0.995705
791   0.993945
792   0.992245
793   0.990628
794   0.989208
795   0.987952
796   0.986932
797   0.986089
798   0.98547
799   0.985009
800   0.984741
801   0.984603
802   0.984622
803   0.984741
804   0.984987
805   0.985307
806   0.985728
807   0.986202
808   0.986757
809   0.987349
810   0.988003
811   0.98868
812   0.989402
813   0.990132
814   0.99089
815   0.991638
816   0.99239
817   0.967245
818   0.964362
819   0.961459
820   0.959225
821   0.958558
822   0.961318
823   0.968285
824   0.976565
825   0.984162
826   0.990317
827   0.994887
828   0.997858
829   0.999466
830   0.999955
831   0.999611
832   0.998697
833   0.997419
834   0.995969
835   0.994457
836   0.992997
837   0.991632
838   0.990416
839   0.989356
840   0.988472
841   0.987752
842   0.987198
843   0.986794
844   0.986533
845   0.986401
846   0.986386
847   0.986478
848   0.986666
849   0.986941
850   0.987293
851   0.987717
852   0.988202
853   0.988745
854   0.989333
855   0.989965
856   0.990626
857   0.991314
858   0.992011
859   0.99271
860   0.967407
861   0.964428
862   0.960962
863   0.957941
864   0.955637
865   0.955665
866   0.962856
867   0.971342
868   0.979435
869   0.986529
870   0.992003
871   0.99595
872   0.998394
873   0.999652
874   0.999956
875   0.999577
876   0.998751
877   0.997632
878   0.996398
879   0.995106
880   0.993878
881   0.992709
882   0.991681
883   0.990757
884   0.989995
885   0.989346
886   0.988853
887   0.988465
888   0.988218
889   0.988061
890   0.988029
891   0.988072
892   0.988224
893   0.988439
894   0.988749
895   0.989111
896   0.989554
897   0.990038
898   0.990588
899   0.991164
900   0.991788
901   0.992419
902   0.993073
903   0.967961
904   0.964722
905   0.960969
906   0.957087
907   0.953642
908   0.953147
909   0.957855
910   0.965716
911   0.974257
912   0.982053
913   0.988513
914   0.99335
915   0.996703
916   0.998739
917   0.999743
918   0.999958
919   0.999617
920   0.998909
921   0.997976
922   0.996936
923   0.995861
924   0.994814
925   0.993829
926   0.992932
927   0.992135
928   0.991445
929   0.990867
930   0.990396
931   0.990033
932   0.98977
933   0.989607
934   0.989535
935   0.989554
936   0.989655
937   0.989838
938   0.990094
939   0.990423
940   0.990814
941   0.991266
942   0.991767
943   0.992311
944   0.992883
945   0.993474
946   0.968901
947   0.965756
948   0.961629
949   0.957395
950   0.952652
951   0.949435
952   0.953321
953   0.959975
954   0.968662
955   0.977176
956   0.984397
957   0.99019
958   0.994362
959   0.99723
960   0.998931
961   0.99978
962   0.99997
963   0.999702
964   0.999136
965   0.99837
966   0.997519
967   0.996614
968   0.995739
969   0.994883
970   0.994111
971   0.993394
972   0.99278
973   0.992235
974   0.991799
975   0.991432
976   0.991175
977   0.990985
978   0.9909
979   0.990879
980   0.990959
981   0.991098
982   0.991331
983   0.991616
984   0.991985
985   0.992395
986   0.99287
987   0.993369
988   0.993907
989   0.970111
990   0.966829
991   0.962732
992   0.958003
993   0.95296
994   0.949384
995   0.949547
996   0.954663
997   0.962992
998   0.971809
999   0.979825
1000   0.986363
1001   0.991424
1002   0.995057
1003   0.99751
1004   0.999002
1005   0.999763
1006   0.999982
1007   0.999816
1008   0.999386
1009   0.998788
1010   0.99809
1011   0.997348
1012   0.996597
1013   0.99587
1014   0.995179
1015   0.994547
1016   0.993975
1017   0.993477
1018   0.993048
1019   0.992701
1020   0.992428
1021   0.992238
1022   0.992124
1023   0.992094
1024   0.99214
1025   0.992266
1026   0.992464
1027   0.992736
1028   0.993069
1029   0.993462
1030   0.993898
1031   0.994367
1032   0.971596
1033   0.968559
1034   0.964385
1035   0.959738
1036   0.954234
1037   0.949453
1038   0.947587
1039   0.948926
1040   0.957194
1041   0.966398
1042   0.974775
1043   0.98214
1044   0.987893
1045   0.992346
1046   0.995475
1047   0.997645
1048   0.998974
1049   0.999711
1050   0.999978
1051   0.999914
1052   0.999618
1053   0.999155
1054   0.998602
1055   0.997982
1056   0.997354
1057   0.996715
1058   0.996114
1059   0.995534
1060   0.995018
1061   0.994541
1062   0.994143
1063   0.993794
1064   0.993533
1065   0.993328
1066   0.993216
1067   0.993164
1068   0.993207
1069   0.993309
1070   0.993502
1071   0.993748
1072   0.994071
1073   0.994431
1074   0.994844
1075   0.973244
1076   0.970244
1077   0.966377
1078   0.961711
1079   0.956317
1080   0.951038
1081   0.946912
1082   0.946923
1083   0.952297
1084   0.960753
1085   0.969527
1086   0.977379
1087   0.983906
1088   0.98902
1089   0.992876
1090   0.995674
1091   0.997608
1092   0.99887
1093   0.999604
1094   0.999942
1095   0.99998
1096   0.9998
1097   0.999468
1098   0.999029
1099   0.99853
1100   0.997991
1101   0.997448
1102   0.996907
1103   0.996394
1104   0.995911
1105   0.995476
1106   0.995089
1107   0.994765
1108   0.9945
1109   0.994308
1110   0.994185
1111   0.99414
1112   0.994168
1113   0.994274
1114   0.99445
1115   0.994694
1116   0.994992
1117   0.995335
1118   0.975032
1119   0.972394
1120   0.968694
1121   0.964455
1122   0.959117
1123   0.953794
1124   0.948213
1125   0.944435
1126   0.948654
1127   0.955683
1128   0.964307
1129   0.972651
1130   0.979597
1131   0.985394
1132   0.989805
1133   0.993242
1134   0.995718
1135   0.99752
1136   0.998714
1137   0.999474
1138   0.999869
1139   0.999998
1140   0.999922
1141   0.999693
1142   0.999363
1143   0.998954
1144   0.998509
1145   0.998033
1146   0.997564
1147   0.997095
1148   0.996662
1149   0.996252
1150   0.995898
1151   0.995583
1152   0.995341
1153   0.995149
1154   0.995043
1155   0.994994
1156   0.995034
1157   0.995132
1158   0.995313
1159   0.995539
1160   0.995828
1161   0.976841
1162   0.974338
1163   0.971078
1164   0.967055
1165   0.962195
1166   0.956772
1167   0.951146
1168   0.947023
1169   0.946519
1170   0.951722
1171   0.959648
1172   0.967849
1173   0.975217
1174   0.981409
1175   0.986388
1176   0.99035
1177   0.993376
1178   0.995682
1179   0.99735
1180   0.998535
1181   0.999306
1182   0.999766
1183   0.999971
1184   0.999985
1185   0.999851
1186   0.999608
1187   0.999289
1188   0.998915
1189   0.998515
1190   0.998098
1191   0.997687
1192   0.997288
1193   0.99692
1194   0.996586
1195   0.996302
1196   0.99607
1197   0.995904
1198   0.995802
1199   0.995774
1200   0.995813
1201   0.995925
1202   0.996095
1203   0.996318
1204   0.978651
1205   0.976514
1206   0.97352
1207   0.970036
1208   0.965532
1209   0.960693
1210   0.955101
1211   0.950279
1212   0.948029
1213   0.948608
1214   0.95573
1215   0.963843
1216   0.971059
1217   0.977622
1218   0.982899
1219   0.987326
1220   0.990779
1221   0.993548
1222   0.995637
1223   0.997229
1224   0.998362
1225   0.999154
1226   0.999647
1227   0.999916
1228   1
1229   0.999941
1230   0.999776
1231   0.999527
1232   0.999225
1233   0.998881
1234   0.998524
1235   0.998154
1236   0.997803
1237   0.997463
1238   0.997167
1239   0.996902
1240   0.996702
1241   0.996549
1242   0.996474
1243   0.996453
1244   0.996513
1245   0.996622
1246   0.996796
1247   0.980378
1248   0.978401
1249   0.975847
1250   0.972689
1251   0.968845
1252   0.964416
1253   0.959576
1254   0.954875
1255   0.951262
1256   0.950695
1257   0.953592
1258   0.960486
1259   0.967463
1260   0.974018
1261   0.979518
1262   0.984245
1263   0.988054
1264   0.991207
1265   0.993671
1266   0.995634
1267   0.997108
1268   0.99822
1269   0.999
1270   0.999529
1271   0.999839
1272   0.999982
1273   0.999987
1274   0.999885
1275   0.999702
1276   0.999456
1277   0.999173
1278   0.99886
1279   0.998542
1280   0.998225
1281   0.997929
1282   0.997658
1283   0.997431
1284   0.997251
1285   0.997131
1286   0.99707
1287   0.997075
1288   0.997139
1289   0.997257
1290   0.982023
1291   0.980352
1292   0.97807
1293   0.975423
1294   0.972045
1295   0.968367
1296   0.964096
1297   0.960066
1298   0.956168
1299   0.953719
1300   0.955345
1301   0.959137
1302   0.965295
1303   0.9715
1304   0.976828
1305   0.981604
1306   0.985582
1307   0.988962
1308   0.991698
1309   0.993939
1310   0.995698
1311   0.997083
1312   0.998122
1313   0.998892
1314   0.999422
1315   0.999765
1316   0.999946
1317   0.999999
1318   0.999949
1319   0.999816
1320   0.999625
1321   0.999385
1322   0.999123
1323   0.998842
1324   0.998569
1325   0.998303
1326   0.998072
1327   0.99787
1328   0.997727
1329   0.997626
1330   0.997596
1331   0.997612
1332   0.997691
1333   0.983542
1334   0.982017
1335   0.980101
1336   0.977771
1337   0.97499
1338   0.971801
1339   0.968347
1340   0.964748
1341   0.961549
1342   0.95902
1343   0.958519
1344   0.960839
1345   0.964657
1346   0.97003
1347   0.974868
1348   0.979521
1349   0.983452
1350   0.986942
1351   0.989811
1352   0.992255
1353   0.994215
1354   0.995828
1355   0.997082
1356   0.99807
1357   0.998801
1358   0.999336
1359   0.999689
1360   0.999901
1361   0.999991
1362   0.999982
1363   0.999895
1364   0.999745
1365   0.999552
1366   0.999327
1367   0.99909
1368   0.99885
1369   0.998625
1370   0.998423
1371   0.998261
1372   0.998141
1373   0.998075
1374   0.99806
1375   0.998095
1376   0.984949
1377   0.983653
1378   0.981963
1379   0.980026
1380   0.977638
1381   0.975035
1382   0.97209
1383   0.969169
1384   0.966342
1385   0.964152
1386   0.963187
1387   0.96369
1388   0.966518
1389   0.970246
1390   0.974383
1391   0.978401
1392   0.9821
1393   0.985417
1394   0.988292
1395   0.990774
1396   0.992852
1397   0.994595
1398   0.996012
1399   0.997163
1400   0.998063
1401   0.998761
1402   0.999273
1403   0.999633
1404   0.999858
1405   0.999974
1406   0.999996
1407   0.999942
1408   0.999829
1409   0.99967
1410   0.999485
1411   0.99928
1412   0.999079
1413   0.998884
1414   0.998721
1415   0.998585
1416   0.998501
1417   0.998454
1418   0.998463
1419   0.986233
1420   0.985059
1421   0.983637
1422   0.981956
1423   0.980004
1424   0.977797
1425   0.975446
1426   0.972985
1427   0.970767
1428   0.96883
1429   0.967893
1430   0.967783
1431   0.96919
1432   0.971769
1433   0.974826
1434   0.978188
1435   0.981371
1436   0.984429
1437   0.987124
1438   0.989566
1439   0.991642
1440   0.993458
1441   0.99496
1442   0.996234
1443   0.997258
1444   0.998095
1445   0.998738
1446   0.999234
1447   0.999585
1448   0.999821
1449   0.999951
1450   0.999997
1451   0.999971
1452   0.999887
1453   0.999762
1454   0.999606
1455   0.999438
1456   0.999266
1457   0.999109
1458   0.998974
1459   0.998875
1460   0.998813
1461   0.998792
1462   0.98741
1463   0.986398
1464   0.985151
1465   0.983745
1466   0.982083
1467   0.980281
1468   0.978306
1469   0.976322
1470   0.974429
1471   0.972821
1472   0.971809
1473   0.971456
1474   0.972251
1475   0.973853
1476   0.976133
1477   0.978707
1478   0.98139
1479   0.98401
1480   0.986468
1481   0.988723
1482   0.990734
1483   0.992514
1484   0.994051
1485   0.995373
1486   0.996482
1487   0.997409
1488   0.998159
1489   0.99876
1490   0.99922
1491   0.999561
1492   0.999793
1493   0.999933
1494   0.999992
1495   0.999986
1496   0.999926
1497   0.999825
1498   0.9997
1499   0.999558
1500   0.99942
1501   0.99929
1502   0.99919
1503   0.999113
1504   0.999079
1505   0.988484
1506   0.987572
1507   0.986514
1508   0.9853
1509   0.983935
1510   0.98242
1511   0.980836
1512   0.979186
1513   0.977675
1514   0.976298
1515   0.975399
1516   0.97494
1517   0.975254
1518   0.976255
1519   0.977799
1520   0.979758
1521   0.981863
1522   0.984075
1523   0.986188
1524   0.988234
1525   0.990081
1526   0.991791
1527   0.993283
1528   0.994621
1529   0.995757
1530   0.996748
1531   0.997564
1532   0.998251
1533   0.998795
1534   0.999228
1535   0.999547
1536   0.999775
1537   0.999916
1538   0.999986
1539   0.999994
1540   0.999953
1541   0.999875
1542   0.999772
1543   0.99966
1544   0.999547
1545   0.999449
1546   0.999372
1547   0.999324
1548   0.989469
1549   0.988672
1550   0.987746
1551   0.986722
1552   0.985562
1553   0.984319
1554   0.982993
1555   0.981658
1556   0.980384
1557   0.979253
1558   0.978426
1559   0.977955
1560   0.97804
1561   0.978616
1562   0.97969
1563   0.981101
1564   0.982756
1565   0.984527
1566   0.986326
1567   0.988089
1568   0.989761
1569   0.991323
1570   0.992746
1571   0.994032
1572   0.995168
1573   0.996168
1574   0.997026
1575   0.99776
1576   0.998367
1577   0.998866
1578   0.999257
1579   0.999557
1580   0.999769
1581   0.999908
1582   0.99998
1583   0.999997
1584   0.99997
1585   0.999909
1586   0.999828
1587   0.999737
1588   0.999652
1589   0.999576
1590   0.999525
1591   0.99037
1592   0.989657
1593   0.988862
1594   0.987981
1595   0.987019
1596   0.985976
1597   0.984903
1598   0.983796
1599   0.98277
1600   0.981816
1601   0.981112
1602   0.980645
1603   0.980581
1604   0.980894
1605   0.981588
1606   0.982607
1607   0.983842
1608   0.985257
1609   0.986718
1610   0.98823
1611   0.989678
1612   0.991094
1613   0.992391
1614   0.993614
1615   0.994699
1616   0.995693
1617   0.996551
1618   0.997314
1619   0.997953
1620   0.998503
1621   0.998944
1622   0.999304
1623   0.999574
1624   0.999774
1625   0.999903
1626   0.999975
1627   0.999997
1628   0.99998
1629   0.999935
1630   0.999872
1631   0.999803
1632   0.999738
1633   0.999686
1634   0.9912
1635   0.990572
1636   0.989876
1637   0.989125
1638   0.988307
1639   0.987444
1640   0.986546
1641   0.985645
1642   0.984785
1643   0.984006
1644   0.983387
1645   0.982965
1646   0.982827
1647   0.982974
1648   0.983428
1649   0.984141
1650   0.985075
1651   0.986167
1652   0.987361
1653   0.988608
1654   0.989861
1655   0.991093
1656   0.992271
1657   0.993384
1658   0.994411
1659   0.995354
1660   0.996199
1661   0.996953
1662   0.99761
1663   0.998178
1664   0.998655
1665   0.999051
1666   0.999366
1667   0.999611
1668   0.999787
1669   0.999906
1670   0.999973
1671   0.999997
1672   0.999987
1673   0.999953
1674   0.999905
1675   0.999852
1676   0.999808
1677   0.991962
1678   0.991402
1679   0.990799
1680   0.990151
1681   0.989465
1682   0.988738
1683   0.988004
1684   0.987253
1685   0.986556
1686   0.9859
1687   0.985383
1688   0.984994
1689   0.984827
1690   0.984867
1691   0.985148
1692   0.985648
1693   0.986331
1694   0.987181
1695   0.988123
1696   0.989159
1697   0.990206
1698   0.991282
1699   0.992312
1700   0.993326
1701   0.99426
1702   0.995152
1703   0.995949
1704   0.996688
1705   0.997331
1706   0.997909
1707   0.998396
1708   0.998819
1709   0.999159
1710   0.999439
1711   0.99965
1712   0.999809
1713   0.999912
1714   0.999973
1715   0.999997
1716   0.999992
1717   0.999967
1718   0.999932
1719   0.999895
1720   0.992665
1721   0.992168
1722   0.99164
1723   0.991081
1724   0.990493
1725   0.989884
1726   0.989265
1727   0.988648
1728   0.988062
1729   0.987524
1730   0.987078
1731   0.986744
1732   0.986565
1733   0.986553
1734   0.986726
1735   0.987076
1736   0.987588
1737   0.988239
1738   0.988998
1739   0.989837
1740   0.990722
1741   0.991634
1742   0.992541
1743   0.993433
1744   0.994285
1745   0.995095
1746   0.995845
1747   0.996537
1748   0.997161
1749   0.99772
1750   0.998208
1751   0.998632
1752   0.998989
1753   0.999285
1754   0.99952
1755   0.999703
1756   0.999835
1757   0.999924
1758   0.999976
1759   0.999997
1760   0.999995
1761   0.999976
1762   0.999952
1763   0.993312
1764   0.992871
1765   0.992408
1766   0.991922
1767   0.991421
1768   0.990901
1769   0.990386
1770   0.989866
1771   0.989385
1772   0.988929
1773   0.988561
1774   0.988264
1775   0.988099
1776   0.988053
1777   0.988159
1778   0.988406
1779   0.988787
1780   0.989298
1781   0.989897
1782   0.99059
1783   0.99132
1784   0.992104
1785   0.992878
1786   0.993671
1787   0.994421
1788   0.995163
1789   0.995842
1790   0.996493
1791   0.997072
1792   0.997612
1793   0.998079
1794   0.9985
1795   0.998852
1796   0.999159
1797   0.999402
1798   0.999603
1799   0.999752
1800   0.999864
1801   0.999936
1802   0.999979
1803   0.999997
1804   0.999996
1805   0.999984
1806   0.993908
1807   0.993516
1808   0.993107
1809   0.992684
1810   0.992248
1811   0.991804
1812   0.991361
1813   0.990927
1814   0.990516
1815   0.990141
1816   0.989824
1817   0.989578
1818   0.989426
1819   0.989378
1820   0.989445
1821   0.989629
1822   0.989927
1823   0.990329
1824   0.99082
1825   0.991385
1826   0.992004
1827   0.992661
1828   0.993337
1829   0.994019
1830   0.99469
1831   0.995342
1832   0.995964
1833   0.99655
1834   0.997091
1835   0.997588
1836   0.998034
1837   0.998431
1838   0.998777
1839   0.999073
1840   0.999321
1841   0.999524
1842   0.999684
1843   0.999806
1844   0.999893
1845   0.99995
1846   0.999983
1847   0.999997
1848   0.999997
