##### Y Variance #####
0   0.999895
1   0.999863
2   0.999272
3   0.997883
4   0.995465
5   0.991878
6   0.986981
7   0.980862
8   0.973631
9   0.965939
10   0.957921
11   0.950059
12   0.942442
13   0.935387
14   0.929026
15   0.923573
16   0.919164
17   0.915928
18   0.913886
19   0.913003
20   0.913235
21   0.914429
22   0.916547
23   0.919396
24   0.922901
25   0.926817
26   0.931051
27   0.93537
28   0.939724
29   0.943958
30   0.948061
31   0.951945
32   0.955629
33   0.959076
34   0.962314
35   0.965336
36   0.968162
37   0.970798
38   0.973258
39   0.975547
40   0.977676
41   0.979652
42   0.981482
43   0.999392
44   0.999793
45   0.999703
46   0.998839
47   0.99681
48   0.99366
49   0.988771
50   0.98284
51   0.974716
52   0.96701
53   0.957755
54   0.949432
55   0.940505
56   0.932594
57   0.925023
58   0.918608
59   0.913191
60   0.909179
61   0.906498
62   0.905039
63   0.905077
64   0.905915
65   0.908236
66   0.911067
67   0.915134
68   0.919306
69   0.924299
70   0.92899
71   0.934101
72   0.938739
73   0.943499
74   0.947762
75   0.951963
76   0.955742
77   0.959375
78   0.962681
79   0.965813
80   0.968692
81   0.97139
82   0.973883
83   0.976201
84   0.978344
85   0.980323
86   0.998191
87   0.999004
88   0.99959
89   0.999452
90   0.998249
91   0.99581
92   0.991826
93   0.986448
94   0.979232
95   0.970852
96   0.961518
97   0.951763
98   0.941834
99   0.932294
100   0.923281
101   0.915456
102   0.908725
103   0.903424
104   0.899545
105   0.89707
106   0.896152
107   0.896551
108   0.898413
109   0.901419
110   0.905546
111   0.91035
112   0.915754
113   0.921302
114   0.926983
115   0.932499
116   0.937855
117   0.942875
118   0.947594
119   0.951959
120   0.956014
121   0.95976
122   0.963229
123   0.966438
124   0.969404
125   0.972146
126   0.974672
127   0.977002
128   0.979141
129   0.996108
130   0.997305
131   0.998527
132   0.999193
133   0.998929
134   0.997469
135   0.994482
136   0.990165
137   0.983991
138   0.976359
139   0.966839
140   0.957109
141   0.945648
142   0.935628
143   0.924186
144   0.915554
145   0.906563
146   0.899844
147   0.894112
148   0.88993
149   0.88776
150   0.886888
151   0.888268
152   0.890789
153   0.895173
154   0.900088
155   0.90629
156   0.912316
157   0.919013
158   0.925224
159   0.931577
160   0.937277
161   0.942794
162   0.947728
163   0.952378
164   0.956576
165   0.960484
166   0.964043
167   0.967332
168   0.970341
169   0.973104
170   0.975634
171   0.977947
172   0.993013
173   0.994295
174   0.996174
175   0.997632
176   0.998461
177   0.998106
178   0.99645
179   0.993366
180   0.988607
181   0.982266
182   0.974174
183   0.96486
184   0.954357
185   0.943333
186   0.931848
187   0.920493
188   0.909777
189   0.899946
190   0.891495
191   0.884798
192   0.880047
193   0.877807
194   0.877678
195   0.879661
196   0.883495
197   0.888568
198   0.894949
199   0.9019
200   0.909351
201   0.916807
202   0.924097
203   0.930934
204   0.937254
205   0.943055
206   0.948329
207   0.953154
208   0.95753
209   0.961536
210   0.965171
211   0.968496
212   0.97151
213   0.974262
214   0.976753
215   0.988966
216   0.990417
217   0.992613
218   0.994809
219   0.996558
220   0.997327
221   0.996899
222   0.995171
223   0.991884
224   0.987122
225   0.980642
226   0.972743
227   0.963398
228   0.953072
229   0.941606
230   0.929841
231   0.916762
232   0.905843
233   0.893186
234   0.885353
235   0.875849
236   0.872652
237   0.869342
238   0.870097
239   0.872704
240   0.876787
241   0.883403
242   0.890488
243   0.899124
244   0.907496
245   0.916179
246   0.923976
247   0.931406
248   0.93801
249   0.944092
250   0.949531
251   0.954481
252   0.958936
253   0.962973
254   0.966619
255   0.969914
256   0.97289
257   0.975575
258   0.984009
259   0.98511
260   0.987788
261   0.990488
262   0.993217
263   0.99498
264   0.995873
265   0.995434
266   0.993711
267   0.990509
268   0.985756
269   0.979531
270   0.971819
271   0.962895
272   0.952744
273   0.941779
274   0.929847
275   0.917898
276   0.905802
277   0.894582
278   0.884202
279   0.875302
280   0.868895
281   0.864675
282   0.863786
283   0.865886
284   0.87092
285   0.878645
286   0.887858
287   0.89761
288   0.907399
289   0.916667
290   0.925091
291   0.932814
292   0.93966
293   0.945872
294   0.951373
295   0.956355
296   0.960782
297   0.964786
298   0.968351
299   0.971571
300   0.974439
301   0.978418
302   0.979479
303   0.982092
304   0.985341
305   0.988708
306   0.991465
307   0.993381
308   0.994224
309   0.99382
310   0.992158
311   0.989015
312   0.984538
313   0.978573
314   0.971395
315   0.962921
316   0.953496
317   0.943111
318   0.932013
319   0.920539
320   0.908846
321   0.897131
322   0.886136
323   0.874609
324   0.867997
325   0.860053
326   0.860966
327   0.86121
328   0.868906
329   0.877993
330   0.888064
331   0.899153
332   0.909294
333   0.91897
334   0.927597
335   0.935349
336   0.942236
337   0.94836
338   0.953818
339   0.958672
340   0.963004
341   0.96686
342   0.970302
343   0.973369
344   0.972358
345   0.972599
346   0.975511
347   0.978984
348   0.983138
349   0.986648
350   0.989676
351   0.991549
352   0.992496
353   0.992137
354   0.990583
355   0.987693
356   0.983512
357   0.978098
358   0.971465
359   0.963809
360   0.955077
361   0.945539
362   0.93522
363   0.924424
364   0.913241
365   0.902113
366   0.890933
367   0.881106
368   0.872571
369   0.866595
370   0.864208
371   0.864793
372   0.871019
373   0.880162
374   0.891191
375   0.902766
376   0.913248
377   0.922995
378   0.931401
379   0.939006
380   0.945611
381   0.95155
382   0.956748
383   0.961408
384   0.965504
385   0.969172
386   0.972401
387   0.966305
388   0.966414
389   0.968588
390   0.9723
391   0.976858
392   0.981212
393   0.985002
394   0.987915
395   0.989845
396   0.990731
397   0.990436
398   0.98904
399   0.986404
400   0.982696
401   0.977812
402   0.971945
403   0.965032
404   0.957215
405   0.948559
406   0.939185
407   0.929291
408   0.919067
409   0.908844
410   0.898614
411   0.889286
412   0.880887
413   0.873764
414   0.871074
415   0.869136
416   0.877218
417   0.885985
418   0.897787
419   0.908929
420   0.919196
421   0.928193
422   0.936248
423   0.9433
424   0.949579
425   0.955101
426   0.960005
427   0.964333
428   0.968171
429   0.971569
430   0.960329
431   0.959593
432   0.961475
433   0.964707
434   0.969948
435   0.974882
436   0.979554
437   0.983228
438   0.986201
439   0.988026
440   0.988961
441   0.988755
442   0.987578
443   0.985329
444   0.982104
445   0.977901
446   0.972745
447   0.966703
448   0.959777
449   0.952121
450   0.943761
451   0.93497
452   0.925721
453   0.916378
454   0.907152
455   0.898514
456   0.890805
457   0.885118
458   0.881661
459   0.881671
460   0.888154
461   0.896798
462   0.90717
463   0.917444
464   0.926354
465   0.934574
466   0.941753
467   0.948224
468   0.953897
469   0.958972
470   0.963432
471   0.967413
472   0.970917
473   0.954676
474   0.953583
475   0.954554
476   0.957724
477   0.962851
478   0.968389
479   0.973617
480   0.978114
481   0.98178
482   0.984539
483   0.986335
484   0.987241
485   0.987171
486   0.986263
487   0.984408
488   0.981751
489   0.978184
490   0.973819
491   0.968607
492   0.962626
493   0.955951
494   0.948616
495   0.940846
496   0.932563
497   0.924332
498   0.916055
499   0.908663
500   0.901944
501   0.897322
502   0.894429
503   0.894833
504   0.900943
505   0.908344
506   0.917618
507   0.92601
508   0.933996
509   0.941076
510   0.947509
511   0.953211
512   0.958319
513   0.962852
514   0.966891
515   0.970479
516   0.94939
517   0.947475
518   0.947839
519   0.950031
520   0.955601
521   0.961451
522   0.96733
523   0.972387
524   0.97685
525   0.980261
526   0.982951
527   0.984653
528   0.985643
529   0.985753
530   0.985166
531   0.983771
532   0.981658
533   0.978765
534   0.975123
535   0.970731
536   0.965609
537   0.959825
538   0.953408
539   0.9465
540   0.939245
541   0.931903
542   0.924765
543   0.918171
544   0.91269
545   0.908653
546   0.907314
547   0.908745
548   0.914189
549   0.920825
550   0.928041
551   0.935042
552   0.941628
553   0.947696
554   0.953204
555   0.958194
556   0.962671
557   0.966699
558   0.970297
559   0.94465
560   0.942253
561   0.941693
562   0.943685
563   0.948603
564   0.954718
565   0.960943
566   0.96664
567   0.971611
568   0.975734
569   0.978996
570   0.981491
571   0.983194
572   0.98426
573   0.9846
574   0.984358
575   0.983406
576   0.981846
577   0.979561
578   0.976608
579   0.972946
580   0.968581
581   0.9636
582   0.957951
583   0.951941
584   0.945477
585   0.939149
586   0.932803
587   0.92741
588   0.922793
589   0.920352
590   0.919788
591   0.922052
592   0.926483
593   0.93179
594   0.937594
595   0.943278
596   0.94877
597   0.953874
598   0.958601
599   0.962915
600   0.96684
601   0.970393
602   0.940502
603   0.937382
604   0.936056
605   0.936711
606   0.941773
607   0.947858
608   0.954509
609   0.960626
610   0.966231
611   0.970839
612   0.97477
613   0.97779
614   0.98024
615   0.981955
616   0.983186
617   0.983786
618   0.983899
619   0.98339
620   0.982323
621   0.980592
622   0.978225
623   0.975164
624   0.971442
625   0.967061
626   0.962127
627   0.956714
628   0.951075
629   0.945347
630   0.94005
631   0.935336
632   0.932116
633   0.930275
634   0.930981
635   0.93325
636   0.93699
637   0.941303
638   0.946005
639   0.950674
640   0.955246
641   0.959556
642   0.963606
643   0.96734
644   0.970783
645   0.937063
646   0.933449
647   0.931287
648   0.931635
649   0.935451
650   0.941396
651   0.948197
652   0.954819
653   0.960842
654   0.966034
655   0.970386
656   0.974002
657   0.976908
658   0.97929
659   0.981099
660   0.982503
661   0.983376
662   0.983832
663   0.983716
664   0.983089
665   0.981824
666   0.979936
667   0.977384
668   0.974144
669   0.970327
670   0.965884
671   0.961141
672   0.956052
673   0.951206
674   0.946612
675   0.943066
676   0.940622
677   0.939902
678   0.940768
679   0.942894
680   0.945942
681   0.949496
682   0.953331
683   0.957217
684   0.961045
685   0.964725
686   0.968208
687   0.971469
688   0.934364
689   0.930213
690   0.927287
691   0.926142
692   0.929553
693   0.934859
694   0.941956
695   0.94894
696   0.955505
697   0.961123
698   0.966028
699   0.970037
700   0.973498
701   0.976297
702   0.978727
703   0.980657
704   0.98227
705   0.983414
706   0.984175
707   0.984404
708   0.984127
709   0.983221
710   0.981703
711   0.979495
712   0.976661
713   0.973183
714   0.969243
715   0.964894
716   0.960523
717   0.956229
718   0.952648
719   0.949798
720   0.948392
721   0.948094
722   0.949131
723   0.950955
724   0.953548
725   0.956473
726   0.959696
727   0.962947
728   0.966229
729   0.969382
730   0.972431
731   0.932436
732   0.927877
733   0.924353
734   0.922797
735   0.924323
736   0.929008
737   0.935958
738   0.943335
739   0.950291
740   0.956433
741   0.96172
742   0.966232
743   0.970032
744   0.973329
745   0.976125
746   0.978613
747   0.980697
748   0.982512
749   0.983894
750   0.984917
751   0.98541
752   0.985398
753   0.984761
754   0.983491
755   0.981572
756   0.978988
757   0.975884
758   0.972271
759   0.968492
760   0.964622
761   0.961158
762   0.958231
763   0.956264
764   0.955289
765   0.955341
766   0.956268
767   0.957901
768   0.960052
769   0.962552
770   0.965258
771   0.968067
772   0.970884
773   0.97365
774   0.931286
775   0.926362
776   0.92229
777   0.919635
778   0.919923
779   0.922773
780   0.930064
781   0.937787
782   0.945169
783   0.95174
784   0.957534
785   0.962415
786   0.966684
787   0.970296
788   0.973553
789   0.976379
790   0.978978
791   0.981225
792   0.983217
793   0.984803
794   0.986009
795   0.986689
796   0.986843
797   0.986358
798   0.985256
799   0.983479
800   0.981136
801   0.97824
802   0.97505
803   0.971642
804   0.968446
805   0.965524
806   0.96336
807   0.961856
808   0.96131
809   0.961444
810   0.962368
811   0.963761
812   0.965656
813   0.967781
814   0.97016
815   0.972584
816   0.975083
817   0.930908
818   0.925743
819   0.921146
820   0.917755
821   0.916408
822   0.918547
823   0.924706
824   0.932456
825   0.940171
826   0.947223
827   0.953429
828   0.958794
829   0.963387
830   0.967424
831   0.970954
832   0.974197
833   0.977097
834   0.97981
835   0.982191
836   0.984329
837   0.986043
838   0.98737
839   0.988148
840   0.988384
841   0.987986
842   0.986956
843   0.985325
844   0.983121
845   0.980529
846   0.977635
847   0.974752
848   0.97201
849   0.969725
850   0.967981
851   0.966931
852   0.966543
853   0.966809
854   0.967623
855   0.968908
856   0.970544
857   0.972452
858   0.974526
859   0.976696
860   0.931241
861   0.925936
862   0.920879
863   0.916672
864   0.913884
865   0.913575
866   0.919726
867   0.927344
868   0.935268
869   0.942718
870   0.949409
871   0.955179
872   0.960219
873   0.964559
874   0.968477
875   0.971974
876   0.975256
877   0.978247
878   0.981052
879   0.983547
880   0.985757
881   0.987546
882   0.988899
883   0.989699
884   0.989937
885   0.98954
886   0.988556
887   0.986975
888   0.984958
889   0.982555
890   0.980053
891   0.97752
892   0.975302
893   0.973398
894   0.972094
895   0.971267
896   0.971094
897   0.971371
898   0.972192
899   0.973335
900   0.974856
901   0.976543
902   0.978435
903   0.932206
904   0.926777
905   0.921403
906   0.91647
907   0.912539
908   0.911627
909   0.915531
910   0.922509
911   0.930493
912   0.938309
913   0.945428
914   0.951672
915   0.957071
916   0.961818
917   0.965996
918   0.969843
919   0.973346
920   0.97668
921   0.979733
922   0.98261
923   0.985143
924   0.987382
925   0.989158
926   0.990486
927   0.991241
928   0.99143
929   0.991017
930   0.990029
931   0.988552
932   0.986655
933   0.984535
934   0.982302
935   0.98019
936   0.978298
937   0.976802
938   0.975735
939   0.975172
940   0.975078
941   0.975451
942   0.976215
943   0.977329
944   0.978701
945   0.980267
946   0.933737
947   0.928387
948   0.922753
949   0.917427
950   0.912369
951   0.909043
952   0.912116
953   0.917889
954   0.925838
955   0.933948
956   0.941477
957   0.948151
958   0.953979
959   0.959055
960   0.963592
961   0.967675
962   0.971489
963   0.975026
964   0.978385
965   0.981491
966   0.984365
967   0.986904
968   0.989084
969   0.990804
970   0.992032
971   0.992697
972   0.992805
973   0.992331
974   0.991362
975   0.989929
976   0.988214
977   0.98628
978   0.984373
979   0.982532
980   0.981001
981   0.979746
982   0.97896
983   0.978533
984   0.978595
985   0.978987
986   0.979793
987   0.980827
988   0.982139
989   0.935723
990   0.93038
991   0.924748
992   0.919035
993   0.913579
994   0.909831
995   0.909671
996   0.914059
997   0.921485
998   0.929688
999   0.937567
1000   0.944638
1001   0.950844
1002   0.956308
1003   0.961121
1004   0.965523
1005   0.969534
1006   0.973346
1007   0.97688
1008   0.98026
1009   0.983342
1010   0.986193
1011   0.988654
1012   0.990752
1013   0.99235
1014   0.993462
1015   0.994014
1016   0.994027
1017   0.993521
1018   0.99255
1019   0.991226
1020   0.989636
1021   0.987951
1022   0.986262
1023   0.984734
1024   0.983429
1025   0.982457
1026   0.981832
1027   0.981602
1028   0.981733
1029   0.982222
1030   0.983
1031   0.984023
1032   0.938113
1033   0.933016
1034   0.927397
1035   0.921706
1036   0.915844
1037   0.910961
1038   0.909009
1039   0.910125
1040   0.917367
1041   0.925659
1042   0.933681
1043   0.94114
1044   0.947702
1045   0.953509
1046   0.958649
1047   0.963291
1048   0.967571
1049   0.971558
1050   0.975328
1051   0.978869
1052   0.982193
1053   0.985242
1054   0.987987
1055   0.990355
1056   0.992302
1057   0.993768
1058   0.994728
1059   0.995156
1060   0.995084
1061   0.994528
1062   0.993596
1063   0.992337
1064   0.990922
1065   0.989401
1066   0.987972
1067   0.986647
1068   0.98561
1069   0.984814
1070   0.984407
1071   0.984285
1072   0.984553
1073   0.985062
1074   0.985874
1075   0.940796
1076   0.935863
1077   0.930515
1078   0.924854
1079   0.919
1080   0.913646
1081   0.909674
1082   0.909542
1083   0.914228
1084   0.9218
1085   0.929918
1086   0.937612
1087   0.944515
1088   0.950649
1089   0.95606
1090   0.960989
1091   0.965459
1092   0.96968
1093   0.973594
1094   0.977344
1095   0.980813
1096   0.984087
1097   0.987022
1098   0.989664
1099   0.991876
1100   0.993682
1101   0.994985
1102   0.995809
1103   0.996126
1104   0.995978
1105   0.995417
1106   0.994509
1107   0.993369
1108   0.992076
1109   0.990769
1110   0.989517
1111   0.98844
1112   0.987578
1113   0.987009
1114   0.986733
1115   0.986776
1116   0.987097
1117   0.987671
1118   0.943708
1119   0.939144
1120   0.934026
1121   0.928713
1122   0.922915
1123   0.917433
1124   0.912188
1125   0.908772
1126   0.912363
1127   0.918589
1128   0.926462
1129   0.934334
1130   0.941411
1131   0.947821
1132   0.953476
1133   0.958622
1134   0.963315
1135   0.967692
1136   0.971795
1137   0.975671
1138   0.97932
1139   0.982732
1140   0.985873
1141   0.988705
1142   0.991175
1143   0.993244
1144   0.994868
1145   0.996024
1146   0.996706
1147   0.996922
1148   0.996722
1149   0.996145
1150   0.995301
1151   0.994239
1152   0.99311
1153   0.991948
1154   0.990914
1155   0.990004
1156   0.989364
1157   0.98894
1158   0.988844
1159   0.988968
1160   0.989381
1161   0.946735
1162   0.94242
1163   0.937711
1164   0.932642
1165   0.927202
1166   0.921625
1167   0.916223
1168   0.912406
1169   0.911934
1170   0.916529
1171   0.923644
1172   0.931273
1173   0.938461
1174   0.945016
1175   0.950852
1176   0.956208
1177   0.961052
1178   0.965618
1179   0.969835
1180   0.973875
1181   0.977626
1182   0.981205
1183   0.984476
1184   0.987509
1185   0.99017
1186   0.992499
1187   0.994386
1188   0.995861
1189   0.996866
1190   0.997434
1191   0.997574
1192   0.997334
1193   0.996783
1194   0.995985
1195   0.995047
1196   0.994035
1197   0.993062
1198   0.992183
1199   0.991484
1200   0.990994
1201   0.990757
1202   0.990758
1203   0.990991
1204   0.949827
1205   0.945903
1206   0.941513
1207   0.936912
1208   0.931799
1209   0.926653
1210   0.921241
1211   0.916729
1212   0.914693
1213   0.915314
1214   0.921643
1215   0.92901
1216   0.935935
1217   0.942557
1218   0.948451
1219   0.953913
1220   0.958887
1221   0.963548
1222   0.967896
1223   0.972015
1224   0.975893
1225   0.979558
1226   0.982973
1227   0.986134
1228   0.988982
1229   0.991502
1230   0.993636
1231   0.995372
1232   0.996676
1233   0.997555
1234   0.998015
1235   0.998089
1236   0.997833
1237   0.997295
1238   0.996577
1239   0.995725
1240   0.994867
1241   0.994028
1242   0.993341
1243   0.992788
1244   0.992482
1245   0.992355
1246   0.992478
1247   0.9529
1248   0.949245
1249   0.945282
1250   0.941025
1251   0.936449
1252   0.93165
1253   0.926784
1254   0.922312
1255   0.919017
1256   0.918548
1257   0.921234
1258   0.927477
1259   0.934008
1260   0.940467
1261   0.946301
1262   0.951807
1263   0.956799
1264   0.961553
1265   0.965934
1266   0.970148
1267   0.974067
1268   0.977836
1269   0.98132
1270   0.984616
1271   0.987586
1272   0.990294
1273   0.992618
1274   0.994602
1275   0.996163
1276   0.997336
1277   0.998093
1278   0.998473
1279   0.998504
1280   0.998239
1281   0.997747
1282   0.99709
1283   0.996361
1284   0.995619
1285   0.994952
1286   0.994402
1287   0.994028
1288   0.993836
1289   0.993836
1290   0.955928
1291   0.952625
1292   0.948991
1293   0.945198
1294   0.94105
1295   0.936848
1296   0.932434
1297   0.928435
1298   0.924837
1299   0.922681
1300   0.924169
1301   0.927704
1302   0.93342
1303   0.93939
1304   0.944915
1305   0.950226
1306   0.955155
1307   0.959834
1308   0.964225
1309   0.968412
1310   0.972371
1311   0.976147
1312   0.979701
1313   0.983049
1314   0.986135
1315   0.988958
1316   0.991456
1317   0.993626
1318   0.995419
1319   0.996839
1320   0.997867
1321   0.998524
1322   0.99883
1323   0.998825
1324   0.998568
1325   0.998109
1326   0.997539
1327   0.9969
1328   0.996303
1329   0.995759
1330   0.995374
1331   0.995113
1332   0.99505
1333   0.958863
1334   0.955814
1335   0.952558
1336   0.949108
1337   0.945468
1338   0.941691
1339   0.937904
1340   0.93423
1341   0.931107
1342   0.928795
1343   0.928385
1344   0.93056
1345   0.934192
1346   0.939331
1347   0.944248
1348   0.949277
1349   0.953929
1350   0.958495
1351   0.962741
1352   0.966888
1353   0.97077
1354   0.974553
1355   0.978084
1356   0.981484
1357   0.984607
1358   0.987539
1359   0.990145
1360   0.992487
1361   0.99446
1362   0.996108
1363   0.997372
1364   0.998291
1365   0.998854
1366   0.999107
1367   0.999084
1368   0.998837
1369   0.998435
1370   0.997935
1371   0.997416
1372   0.996927
1373   0.996533
1374   0.996257
1375   0.996122
1376   0.961697
1377   0.958942
1378   0.955977
1379   0.952911
1380   0.949648
1381   0.946357
1382   0.942992
1383   0.939825
1384   0.936961
1385   0.934824
1386   0.933932
1387   0.93447
1388   0.937138
1389   0.940761
1390   0.944945
1391   0.949256
1392   0.953538
1393   0.957736
1394   0.961791
1395   0.965732
1396   0.969518
1397   0.973183
1398   0.976682
1399   0.980035
1400   0.983185
1401   0.986139
1402   0.988836
1403   0.991277
1404   0.993403
1405   0.995222
1406   0.996692
1407   0.997832
1408   0.99863
1409   0.999117
1410   0.99932
1411   0.99928
1412   0.999058
1413   0.998699
1414   0.998288
1415   0.997857
1416   0.997496
1417   0.997203
1418   0.997045
1419   0.964407
1420   0.961879
1421   0.959222
1422   0.956451
1423   0.953584
1424   0.950654
1425   0.947762
1426   0.944961
1427   0.942532
1428   0.940543
1429   0.939555
1430   0.939483
1431   0.940837
1432   0.943382
1433   0.946506
1434   0.950123
1435   0.953781
1436   0.957589
1437   0.961272
1438   0.96499
1439   0.968545
1440   0.972087
1441   0.975445
1442   0.978747
1443   0.981834
1444   0.984804
1445   0.987515
1446   0.990039
1447   0.992256
1448   0.994223
1449   0.995853
1450   0.99719
1451   0.998192
1452   0.9989
1453   0.999315
1454   0.999482
1455   0.999441
1456   0.99924
1457   0.998944
1458   0.998603
1459   0.99828
1460   0.99801
1461   0.997826
1462   0.966995
1463   0.964708
1464   0.962298
1465   0.959826
1466   0.957261
1467   0.954691
1468   0.952127
1469   0.949697
1470   0.947512
1471   0.945725
1472   0.944614
1473   0.944228
1474   0.944974
1475   0.946575
1476   0.948931
1477   0.951731
1478   0.954826
1479   0.958078
1480   0.961396
1481   0.964745
1482   0.968067
1483   0.971362
1484   0.974579
1485   0.977724
1486   0.980742
1487   0.983636
1488   0.986345
1489   0.988872
1490   0.991157
1491   0.993202
1492   0.994961
1493   0.996442
1494   0.997618
1495   0.998511
1496   0.999117
1497   0.999474
1498   0.999607
1499   0.999562
1500   0.999393
1501   0.999144
1502   0.998886
1503   0.998639
1504   0.998464
1505   0.969453
1506   0.967365
1507   0.965201
1508   0.962975
1509   0.960708
1510   0.958422
1511   0.956191
1512   0.954043
1513   0.952139
1514   0.950511
1515   0.949418
1516   0.948875
1517   0.949117
1518   0.950123
1519   0.951735
1520   0.953904
1521   0.956355
1522   0.959122
1523   0.961962
1524   0.964973
1525   0.967951
1526   0.971017
1527   0.97399
1528   0.976988
1529   0.979845
1530   0.982664
1531   0.985292
1532   0.987812
1533   0.990092
1534   0.992199
1535   0.994027
1536   0.995629
1537   0.996934
1538   0.997988
1539   0.99876
1540   0.999291
1541   0.99959
1542   0.999701
1543   0.999663
1544   0.999522
1545   0.999334
1546   0.999137
1547   0.998972
1548   0.971783
1549   0.969895
1550   0.967939
1551   0.965948
1552   0.96392
1553   0.961901
1554   0.95992
1555   0.958036
1556   0.956329
1557   0.95487
1558   0.953803
1559   0.953179
1560   0.953165
1561   0.95372
1562   0.95485
1563   0.956435
1564   0.958396
1565   0.960638
1566   0.963078
1567   0.96567
1568   0.968346
1569   0.971091
1570   0.973846
1571   0.976606
1572   0.979315
1573   0.981971
1574   0.984516
1575   0.986947
1576   0.989209
1577   0.991302
1578   0.993174
1579   0.994831
1580   0.996236
1581   0.997402
1582   0.99831
1583   0.998985
1584   0.999431
1585   0.999684
1586   0.999773
1587   0.999739
1588   0.999632
1589   0.999486
1590   0.999355
1591   0.973985
1592   0.972271
1593   0.970514
1594   0.968725
1595   0.966925
1596   0.96513
1597   0.963389
1598   0.96172
1599   0.960215
1600   0.958896
1601   0.957894
1602   0.957237
1603   0.957032
1604   0.957306
1605   0.958023
1606   0.959195
1607   0.96068
1608   0.962513
1609   0.964517
1610   0.966764
1611   0.969075
1612   0.971548
1613   0.97401
1614   0.976565
1615   0.979049
1616   0.981562
1617   0.983947
1618   0.986297
1619   0.988469
1620   0.99054
1621   0.992391
1622   0.994087
1623   0.995535
1624   0.99679
1625   0.997793
1626   0.998591
1627   0.99916
1628   0.999543
1629   0.999752
1630   0.999827
1631   0.999804
1632   0.999725
1633   0.999627
1634   0.976061
1635   0.974513
1636   0.972931
1637   0.971331
1638   0.969723
1639   0.968133
1640   0.966585
1641   0.965114
1642   0.963768
1643   0.96259
1644   0.961654
1645   0.960999
1646   0.960702
1647   0.960774
1648   0.961237
1649   0.962062
1650   0.963216
1651   0.964658
1652   0.966333
1653   0.968211
1654   0.970234
1655   0.972384
1656   0.974606
1657   0.976891
1658   0.979185
1659   0.981483
1660   0.98373
1661   0.985923
1662   0.988009
1663   0.989986
1664   0.991806
1665   0.993471
1666   0.994941
1667   0.996225
1668   0.997296
1669   0.99817
1670   0.998836
1671   0.999322
1672   0.999634
1673   0.999807
1674   0.999867
1675   0.999853
1676   0.999801
1677   0.978012
1678   0.976615
1679   0.975195
1680   0.973763
1681   0.972334
1682   0.97092
1683   0.969554
1684   0.968249
1685   0.96706
1686   0.966001
1687   0.965143
1688   0.964509
1689   0.964154
1690   0.964109
1691   0.964367
1692   0.964961
1693   0.965817
1694   0.966979
1695   0.968327
1696   0.969926
1697   0.971633
1698   0.973532
1699   0.975468
1700   0.977539
1701   0.979587
1702   0.98171
1703   0.983756
1704   0.985818
1705   0.987753
1706   0.989648
1707   0.991373
1708   0.993005
1709   0.994438
1710   0.995737
1711   0.996825
1712   0.997755
1713   0.998482
1714   0.999051
1715   0.999446
1716   0.999706
1717   0.999845
1718   0.999898
1719   0.999893
1720   0.979842
1721   0.978585
1722   0.977311
1723   0.976031
1724   0.974757
1725   0.973504
1726   0.972291
1727   0.97114
1728   0.970081
1729   0.969141
1730   0.96836
1731   0.967766
1732   0.967399
1733   0.96728
1734   0.967424
1735   0.967836
1736   0.968501
1737   0.969413
1738   0.970536
1739   0.971858
1740   0.973337
1741   0.974961
1742   0.976683
1743   0.978497
1744   0.980354
1745   0.98225
1746   0.984135
1747   0.986006
1748   0.987817
1749   0.989564
1750   0.991205
1751   0.992739
1752   0.994131
1753   0.995384
1754   0.996473
1755   0.997406
1756   0.99817
1757   0.99878
1758   0.999236
1759   0.999561
1760   0.999764
1761   0.999877
1762   0.99992
1763   0.981553
1764   0.980424
1765   0.979284
1766   0.978141
1767   0.977009
1768   0.975896
1769   0.974825
1770   0.973806
1771   0.972872
1772   0.972035
1773   0.971335
1774   0.970789
1775   0.970427
1776   0.970277
1777   0.970334
1778   0.970637
1779   0.971138
1780   0.971885
1781   0.972792
1782   0.973923
1783   0.975163
1784   0.976589
1785   0.978071
1786   0.979695
1787   0.981323
1788   0.983046
1789   0.984723
1790   0.986447
1791   0.98808
1792   0.98971
1793   0.991212
1794   0.992666
1795   0.993963
1796   0.995175
1797   0.996214
1798   0.997143
1799   0.9979
1800   0.998539
1801   0.999022
1802   0.999395
1803   0.999646
1804   0.999811
1805   0.999899
1806   0.983148
1807   0.982136
1808   0.981117
1809   0.980098
1810   0.97909
1811   0.978105
1812   0.977156
1813   0.976258
1814   0.975432
1815   0.974696
1816   0.974073
1817   0.973585
1818   0.973252
1819   0.973092
1820   0.973118
1821   0.973338
1822   0.973749
1823   0.97435
1824   0.975125
1825   0.976067
1826   0.977151
1827   0.978366
1828   0.979682
1829   0.981089
1830   0.982553
1831   0.984064
1832   0.985589
1833   0.987117
1834   0.988617
1835   0.990078
1836   0.991472
1837   0.99279
1838   0.99401
1839   0.995125
1840   0.99612
1841   0.996995
1842   0.99774
1843   0.998362
1844   0.99886
1845   0.999246
1846   0.999529
1847   0.999725
1848   0.999848
