##### Y Variance #####
0   0.999971
1   0.999863
2   0.999376
3   0.998387
4   0.996798
5   0.994601
6   0.991787
7   0.988469
8   0.984732
9   0.980866
10   0.976948
11   0.973183
12   0.96962
13   0.966396
14   0.963554
15   0.96118
16   0.959306
17   0.957976
18   0.957178
19   0.956899
20   0.957101
21   0.957728
22   0.958744
23   0.960077
24   0.961685
25   0.963483
26   0.965424
27   0.967424
28   0.969455
29   0.971458
30   0.973421
31   0.975308
32   0.977119
33   0.978837
34   0.980467
35   0.982004
36   0.983451
37   0.98481
38   0.986082
39   0.987271
40   0.988379
41   0.989409
42   0.990363
43   0.999784
44   0.999934
45   0.999705
46   0.998953
47   0.997455
48   0.995364
49   0.992392
50   0.989026
51   0.984791
52   0.980793
53   0.976281
54   0.972256
55   0.96811
56   0.964538
57   0.961193
58   0.95848
59   0.956217
60   0.954644
61   0.953614
62   0.953186
63   0.953327
64   0.953893
65   0.954998
66   0.956384
67   0.958206
68   0.960151
69   0.962377
70   0.964563
71   0.966883
72   0.969078
73   0.971298
74   0.973363
75   0.975385
76   0.97726
77   0.979059
78   0.980731
79   0.982314
80   0.983788
81   0.98517
82   0.986456
83   0.987654
84   0.988764
85   0.989791
86   0.999238
87   0.999671
88   0.999847
89   0.999472
90   0.998345
91   0.996458
92   0.993746
93   0.990391
94   0.986327
95   0.981895
96   0.977212
97   0.972536
98   0.967957
99   0.963713
100   0.959836
101   0.956567
102   0.953852
103   0.951815
104   0.950412
105   0.949636
106   0.949501
107   0.949927
108   0.950927
109   0.952388
110   0.954279
111   0.956455
112   0.958867
113   0.961362
114   0.963917
115   0.96643
116   0.968889
117   0.971235
118   0.973468
119   0.975568
120   0.977543
121   0.979391
122   0.981119
123   0.982731
124   0.984231
125   0.985626
126   0.986918
127   0.988113
128   0.989216
129   0.998212
130   0.998943
131   0.999551
132   0.999653
133   0.99899
134   0.997517
135   0.9951
136   0.992047
137   0.988151
138   0.983838
139   0.978876
140   0.974081
141   0.968821
142   0.964326
143   0.95953
144   0.955948
145   0.952406
146   0.949909
147   0.947864
148   0.946555
149   0.945993
150   0.946036
151   0.946884
152   0.948222
153   0.950208
154   0.952466
155   0.955156
156   0.957846
157   0.960751
158   0.963526
159   0.966333
160   0.968934
161   0.971452
162   0.973771
163   0.975967
164   0.977993
165   0.979891
166   0.981646
167   0.983278
168   0.984785
169   0.986179
170   0.987463
171   0.988644
172   0.996596
173   0.997503
174   0.998625
175   0.999288
176   0.999263
177   0.998322
178   0.996455
179   0.993772
180   0.990304
181   0.986243
182   0.981632
183   0.976758
184   0.97168
185   0.966677
186   0.961775
187   0.957194
188   0.95306
189   0.949466
190   0.946536
191   0.944367
192   0.942983
193   0.942544
194   0.942909
195   0.944082
196   0.945924
197   0.948236
198   0.951011
199   0.954002
200   0.957172
201   0.960355
202   0.963485
203   0.966465
204   0.969266
205   0.971882
206   0.974304
207   0.976553
208   0.978627
209   0.980547
210   0.982315
211   0.983947
212   0.985445
213   0.986822
214   0.988081
215   0.994369
216   0.995518
217   0.997035
218   0.99829
219   0.998913
220   0.998614
221   0.997316
222   0.995181
223   0.992163
224   0.988576
225   0.984331
226   0.979798
227   0.974894
228   0.969988
229   0.964923
230   0.960112
231   0.95513
232   0.951119
233   0.946785
234   0.944225
235   0.941296
236   0.940549
237   0.939825
238   0.940653
239   0.942086
240   0.944104
241   0.946939
242   0.94998
243   0.953518
244   0.957003
245   0.960578
246   0.963879
247   0.967043
248   0.969931
249   0.972625
250   0.975089
251   0.977363
252   0.979448
253   0.981363
254   0.983119
255   0.984726
256   0.986195
257   0.987536
258   0.991506
259   0.992574
260   0.994647
261   0.996492
262   0.997887
263   0.998288
264   0.997725
265   0.996168
266   0.993775
267   0.990657
268   0.98694
269   0.982787
270   0.978297
271   0.97364
272   0.968862
273   0.964124
274   0.95939
275   0.954945
276   0.950728
277   0.947045
278   0.94384
279   0.941294
280   0.939648
281   0.938807
282   0.939132
283   0.940452
284   0.942764
285   0.94597
286   0.949679
287   0.953585
288   0.95751
289   0.961268
290   0.964752
291   0.967995
292   0.970941
293   0.973657
294   0.97612
295   0.978385
296   0.980441
297   0.982326
298   0.984037
299   0.985601
300   0.987019
301   0.988147
302   0.989335
303   0.991626
304   0.994086
305   0.996187
306   0.997362
307   0.997506
308   0.996653
309   0.994839
310   0.992318
311   0.989083
312   0.985451
313   0.981371
314   0.977159
315   0.972726
316   0.968351
317   0.963928
318   0.959654
319   0.955515
320   0.951627
321   0.947959
322   0.944737
323   0.941552
324   0.939902
325   0.937984
326   0.938876
327   0.939607
328   0.942784
329   0.9464
330   0.950397
331   0.954706
332   0.958731
333   0.962595
334   0.966121
335   0.96935
336   0.972284
337   0.974948
338   0.977373
339   0.979574
340   0.981577
341   0.983394
342   0.985044
343   0.98654
344   0.984387
345   0.985045
346   0.987828
347   0.990808
348   0.993729
349   0.995722
350   0.996713
351   0.996558
352   0.995471
353   0.993502
354   0.990876
355   0.987706
356   0.98416
357   0.98036
358   0.976407
359   0.972407
360   0.968387
361   0.964432
362   0.96055
363   0.956809
364   0.953219
365   0.949868
366   0.946707
367   0.94409
368   0.941967
369   0.940728
370   0.940644
371   0.941527
372   0.944232
373   0.947859
374   0.952116
375   0.956552
376   0.960652
377   0.96451
378   0.967937
379   0.971089
380   0.973906
381   0.976484
382   0.978801
383   0.980914
384   0.982819
385   0.984551
386   0.986112
387   0.98061
388   0.98133
389   0.983627
390   0.986982
391   0.990604
392   0.993487
393   0.995301
394   0.995954
395   0.99553
396   0.994222
397   0.992119
398   0.989505
399   0.986405
400   0.983105
401   0.979569
402   0.976032
403   0.972416
404   0.968883
405   0.965361
406   0.961956
407   0.95863
408   0.955474
409   0.952497
410   0.94972
411   0.94733
412   0.945326
413   0.943811
414   0.943633
415   0.94377
416   0.946997
417   0.950483
418   0.954952
419   0.959224
420   0.963225
421   0.966818
422   0.970101
423   0.97305
424   0.975733
425   0.978152
426   0.980348
427   0.982331
428   0.984127
429   0.98575
430   0.976821
431   0.977007
432   0.979146
433   0.98226
434   0.986775
435   0.990549
436   0.993272
437   0.994727
438   0.995099
439   0.994412
440   0.992952
441   0.990817
442   0.988257
443   0.985368
444   0.98232
445   0.979174
446   0.976017
447   0.972877
448   0.969783
449   0.966755
450   0.963799
451   0.960951
452   0.958192
453   0.955584
454   0.953159
455   0.951018
456   0.949259
457   0.948162
458   0.947782
459   0.948495
460   0.951242
461   0.954673
462   0.958676
463   0.962646
464   0.966191
465   0.969506
466   0.972485
467   0.975218
468   0.977682
469   0.979929
470   0.981959
471   0.983803
472   0.985468
473   0.973165
474   0.973116
475   0.974605
476   0.977833
477   0.982542
478   0.987098
479   0.990685
480   0.993016
481   0.994136
482   0.994172
483   0.993278
484   0.991717
485   0.989597
486   0.987195
487   0.984532
488   0.981834
489   0.979056
490   0.976351
491   0.973645
492   0.971031
493   0.968451
494   0.965952
495   0.96352
496   0.961146
497   0.958925
498   0.956825
499   0.955078
500   0.953622
501   0.952846
502   0.952638
503   0.953483
504   0.956085
505   0.959119
506   0.962743
507   0.966096
508   0.969317
509   0.972244
510   0.974955
511   0.977418
512   0.979672
513   0.981721
514   0.983587
515   0.985281
516   0.969665
517   0.969052
518   0.970018
519   0.972456
520   0.97787
521   0.983125
522   0.987551
523   0.990728
524   0.992691
525   0.993424
526   0.993212
527   0.992164
528   0.990586
529   0.988578
530   0.986376
531   0.984027
532   0.981673
533   0.979313
534   0.977016
535   0.974755
536   0.972558
537   0.970397
538   0.968282
539   0.966201
540   0.964188
541   0.962269
542   0.960527
543   0.959025
544   0.95793
545   0.957312
546   0.957567
547   0.95869
548   0.961082
549   0.963848
550   0.966806
551   0.96969
552   0.972443
553   0.975019
554   0.97741
555   0.979616
556   0.981644
557   0.983502
558   0.985201
559   0.966436
560   0.965389
561   0.96566
562   0.968076
563   0.973085
564   0.978804
565   0.98398
566   0.988013
567   0.990783
568   0.992296
569   0.992714
570   0.992278
571   0.991158
572   0.989635
573   0.987791
574   0.985856
575   0.983823
576   0.981849
577   0.979872
578   0.977982
579   0.976109
580   0.97429
581   0.972485
582   0.970692
583   0.968938
584   0.967198
585   0.965599
586   0.964095
587   0.962942
588   0.962085
589   0.961933
590   0.962396
591   0.963753
592   0.965797
593   0.968121
594   0.970602
595   0.973043
596   0.975418
597   0.977662
598   0.979774
599   0.981739
600   0.983559
601   0.985238
602   0.963546
603   0.961965
604   0.961498
605   0.962689
606   0.96807
607   0.974112
608   0.979955
609   0.984804
610   0.988429
611   0.990708
612   0.991856
613   0.991992
614   0.991441
615   0.990329
616   0.988935
617   0.98732
618   0.985672
619   0.983984
620   0.98236
621   0.980751
622   0.979208
623   0.977669
624   0.97616
625   0.974627
626   0.973107
627   0.971568
628   0.97009
629   0.968668
630   0.967464
631   0.966489
632   0.966032
633   0.966028
634   0.96685
635   0.968168
636   0.969963
637   0.971936
638   0.97404
639   0.976126
640   0.978182
641   0.980141
642   0.982012
643   0.983759
644   0.985399
645   0.96108
646   0.958993
647   0.957866
648   0.95889
649   0.963146
650   0.969193
651   0.975581
652   0.981215
653   0.985673
654   0.988769
655   0.990619
656   0.991421
657   0.991382
658   0.990781
659   0.989755
660   0.988544
661   0.987186
662   0.985842
663   0.984478
664   0.983184
665   0.981893
666   0.980646
667   0.979383
668   0.978109
669   0.97681
670   0.975472
671   0.974151
672   0.972832
673   0.971662
674   0.970642
675   0.969995
676   0.969736
677   0.970042
678   0.970868
679   0.972103
680   0.973638
681   0.97534
682   0.977133
683   0.978942
684   0.980728
685   0.98246
686   0.984116
687   0.985684
688   0.959109
689   0.956615
690   0.95471
691   0.954281
692   0.958246
693   0.963856
694   0.970785
695   0.977199
696   0.982491
697   0.986406
698   0.989029
699   0.990479
700   0.991056
701   0.990917
702   0.990362
703   0.989481
704   0.988494
705   0.987409
706   0.986358
707   0.985292
708   0.984281
709   0.98325
710   0.982238
711   0.98117
712   0.980084
713   0.978922
714   0.977752
715   0.976544
716   0.975428
717   0.974395
718   0.973653
719   0.973177
720   0.973199
721   0.973588
722   0.974427
723   0.975521
724   0.976879
725   0.978342
726   0.979912
727   0.981484
728   0.983069
729   0.984599
730   0.986088
731   0.957651
732   0.954698
733   0.952333
734   0.951571
735   0.953624
736   0.958671
737   0.965756
738   0.972829
739   0.978945
740   0.983677
741   0.987071
742   0.989242
743   0.990406
744   0.990827
745   0.990686
746   0.99023
747   0.989541
748   0.98879
749   0.987972
750   0.987185
751   0.986378
752   0.985593
753   0.984772
754   0.983923
755   0.983013
756   0.982036
757   0.98101
758   0.979932
759   0.978886
760   0.977891
761   0.977083
762   0.976498
763   0.976257
764   0.976362
765   0.976821
766   0.977578
767   0.978577
768   0.979753
769   0.981052
770   0.982421
771   0.983826
772   0.985228
773   0.986605
774   0.956761
775   0.953512
776   0.950574
777   0.948768
778   0.949529
779   0.952687
780   0.960353
781   0.968158
782   0.974967
783   0.980541
784   0.984723
785   0.987622
786   0.989455
787   0.990413
788   0.990785
789   0.990704
790   0.990402
791   0.989919
792   0.989404
793   0.988825
794   0.988266
795   0.98766
796   0.987051
797   0.986365
798   0.985638
799   0.984808
800   0.983928
801   0.98296
802   0.982003
803   0.981041
804   0.980225
805   0.979541
806   0.979157
807   0.97901
808   0.979213
809   0.979649
810   0.980371
811   0.981252
812   0.982319
813   0.983462
814   0.984701
815   0.985948
816   0.98722
817   0.956433
818   0.952873
819   0.949474
820   0.946899
821   0.946013
822   0.948522
823   0.955127
824   0.963116
825   0.970634
826   0.976972
827   0.981977
828   0.98564
829   0.988143
830   0.989717
831   0.990574
832   0.990959
833   0.990996
834   0.990863
835   0.990591
836   0.990283
837   0.989911
838   0.989524
839   0.989074
840   0.988576
841   0.987993
842   0.987325
843   0.986569
844   0.985729
845   0.984852
846   0.983958
847   0.983136
848   0.98242
849   0.981902
850   0.981601
851   0.981562
852   0.981769
853   0.982215
854   0.982861
855   0.983682
856   0.98463
857   0.985679
858   0.986786
859   0.987923
860   0.956647
861   0.95298
862   0.949059
863   0.9457
864   0.943262
865   0.943167
866   0.949921
867   0.958009
868   0.965929
869   0.97303
870   0.978799
871   0.983251
872   0.986459
873   0.98865
874   0.990066
875   0.990892
876   0.991351
877   0.991525
878   0.991568
879   0.991479
880   0.991348
881   0.99113
882   0.990873
883   0.990517
884   0.990096
885   0.989552
886   0.988932
887   0.988195
888   0.987416
889   0.986575
890   0.985786
891   0.985037
892   0.984457
893   0.984017
894   0.983824
895   0.983814
896   0.98406
897   0.984472
898   0.985096
899   0.985837
900   0.986726
901   0.987671
902   0.988693
903   0.957324
904   0.953443
905   0.949231
906   0.945066
907   0.941505
908   0.940872
909   0.94525
910   0.952718
911   0.960961
912   0.968652
913   0.975224
914   0.980428
915   0.984366
916   0.987211
917   0.989182
918   0.990518
919   0.991374
920   0.991931
921   0.992251
922   0.992447
923   0.992515
924   0.992514
925   0.992411
926   0.99223
927   0.991939
928   0.991545
929   0.991039
930   0.990425
931   0.989731
932   0.988973
933   0.988212
934   0.987477
935   0.98684
936   0.986326
937   0.98599
938   0.985835
939   0.985885
940   0.986121
941   0.986543
942   0.987117
943   0.987829
944   0.988638
945   0.989519
946   0.958437
947   0.954646
948   0.950102
949   0.945578
950   0.940793
951   0.937575
952   0.941139
953   0.947414
954   0.955749
955   0.964019
956   0.971236
957   0.977222
958   0.981849
959   0.985362
960   0.987918
961   0.989757
962   0.991068
963   0.991984
964   0.992646
965   0.993095
966   0.993417
967   0.9936
968   0.993692
969   0.993656
970   0.993524
971   0.993253
972   0.992879
973   0.992369
974   0.99178
975   0.991093
976   0.990391
977   0.989667
978   0.989022
979   0.988442
980   0.988024
981   0.987733
982   0.98765
983   0.987713
984   0.987984
985   0.988383
986   0.988955
987   0.989611
988   0.99038
989   0.959874
990   0.955994
991   0.951472
992   0.946496
993   0.941387
994   0.937797
995   0.937843
996   0.942651
997   0.950581
998   0.959086
999   0.966951
1000   0.973567
1001   0.978916
1002   0.983068
1003   0.98622
1004   0.988594
1005   0.990354
1006   0.991685
1007   0.99267
1008   0.99343
1009   0.993984
1010   0.9944
1011   0.994666
1012   0.994813
1013   0.994821
1014   0.994702
1015   0.994449
1016   0.994068
1017   0.993577
1018   0.992987
1019   0.992343
1020   0.991668
1021   0.991019
1022   0.990421
1023   0.989931
1024   0.98956
1025   0.989348
1026   0.989291
1027   0.989407
1028   0.989675
1029   0.990093
1030   0.990629
1031   0.991263
1032   0.961624
1033   0.957986
1034   0.953417
1035   0.948506
1036   0.942961
1037   0.938208
1038   0.936328
1039   0.937565
1040   0.945399
1041   0.954195
1042   0.96235
1043   0.969649
1044   0.975578
1045   0.980393
1046   0.984106
1047   0.987014
1048   0.989242
1049   0.990978
1050   0.992329
1051   0.993385
1052   0.994216
1053   0.994851
1054   0.995329
1055   0.995645
1056   0.995824
1057   0.995846
1058   0.995736
1059   0.995476
1060   0.995103
1061   0.994607
1062   0.994047
1063   0.99342
1064   0.992805
1065   0.992196
1066   0.991679
1067   0.991236
1068   0.990946
1069   0.990772
1070   0.99078
1071   0.990911
1072   0.991215
1073   0.991618
1074   0.992149
1075   0.963574
1076   0.960014
1077   0.955738
1078   0.950824
1079   0.945358
1080   0.940122
1081   0.936093
1082   0.936049
1083   0.941131
1084   0.949198
1085   0.957653
1086   0.965355
1087   0.971916
1088   0.977282
1089   0.981572
1090   0.984996
1091   0.987692
1092   0.989857
1093   0.991568
1094   0.99296
1095   0.994062
1096   0.994955
1097   0.995639
1098   0.99616
1099   0.996505
1100   0.996698
1101   0.99673
1102   0.996615
1103   0.996362
1104   0.995984
1105   0.995512
1106   0.994965
1107   0.994391
1108   0.99381
1109   0.993275
1110   0.992805
1111   0.992444
1112   0.992199
1113   0.992098
1114   0.992134
1115   0.992315
1116   0.992618
1117   0.99303
1118   0.96569
1119   0.96249
1120   0.9584
1121   0.953884
1122   0.948473
1123   0.94317
1124   0.937765
1125   0.934145
1126   0.938107
1127   0.944789
1128   0.953069
1129   0.96116
1130   0.968059
1131   0.973974
1132   0.978717
1133   0.982643
1134   0.985776
1135   0.988354
1136   0.990436
1137   0.992152
1138   0.99355
1139   0.994694
1140   0.995614
1141   0.996333
1142   0.996871
1143   0.99723
1144   0.997426
1145   0.997455
1146   0.997341
1147   0.997084
1148   0.996723
1149   0.99626
1150   0.995755
1151   0.99521
1152   0.994695
1153   0.994205
1154   0.993814
1155   0.993501
1156   0.993333
1157   0.993271
1158   0.993366
1159   0.99356
1160   0.993886
1161   0.967856
1162   0.964825
1163   0.96116
1164   0.956867
1165   0.951892
1166   0.946494
1167   0.941012
1168   0.937037
1169   0.936547
1170   0.941489
1171   0.94906
1172   0.95698
1173   0.964201
1174   0.970429
1175   0.975614
1176   0.97996
1177   0.983514
1178   0.986493
1179   0.988931
1180   0.990985
1181   0.99267
1182   0.994088
1183   0.995238
1184   0.996182
1185   0.996911
1186   0.99746
1187   0.997821
1188   0.998015
1189   0.998047
1190   0.99793
1191   0.997687
1192   0.997334
1193   0.996908
1194   0.99643
1195   0.995944
1196   0.995472
1197   0.995058
1198   0.994718
1199   0.994484
1200   0.994362
1201   0.994367
1202   0.994485
1203   0.994711
1204   0.970043
1205   0.967382
1206   0.963996
1207   0.960214
1208   0.955581
1209   0.950713
1210   0.945253
1211   0.940593
1212   0.938438
1213   0.939021
1214   0.945806
1215   0.953586
1216   0.960622
1217   0.967123
1218   0.972528
1219   0.977223
1220   0.981107
1221   0.984429
1222   0.987193
1223   0.989548
1224   0.991517
1225   0.993186
1226   0.994575
1227   0.99573
1228   0.996663
1229   0.997395
1230   0.997935
1231   0.998293
1232   0.998482
1233   0.998509
1234   0.9984
1235   0.998162
1236   0.997837
1237   0.997433
1238   0.997005
1239   0.996559
1240   0.996156
1241   0.995793
1242   0.99553
1243   0.995347
1244   0.995295
1245   0.995331
1246   0.99549
1247   0.972166
1248   0.969697
1249   0.966743
1250   0.963288
1251   0.959271
1252   0.954788
1253   0.950007
1254   0.945442
1255   0.941979
1256   0.941451
1257   0.944248
1258   0.950854
1259   0.957607
1260   0.964053
1261   0.96959
1262   0.974503
1263   0.978634
1264   0.982245
1265   0.985274
1266   0.98791
1267   0.990122
1268   0.992041
1269   0.993645
1270   0.995018
1271   0.996141
1272   0.997067
1273   0.99778
1274   0.998313
1275   0.99866
1276   0.998844
1277   0.998874
1278   0.998769
1279   0.998553
1280   0.998247
1281   0.997887
1282   0.997496
1283   0.997113
1284   0.99676
1285   0.996472
1286   0.996262
1287   0.996151
1288   0.996137
1289   0.996219
1290   0.97422
1291   0.972068
1292   0.9694
1293   0.966436
1294   0.962867
1295   0.959078
1296   0.954823
1297   0.95086
1298   0.94711
1299   0.944789
1300   0.946356
1301   0.950024
1302   0.955971
1303   0.962028
1304   0.967354
1305   0.97224
1306   0.976466
1307   0.980209
1308   0.983426
1309   0.986242
1310   0.988659
1311   0.990765
1312   0.992566
1313   0.994119
1314   0.995426
1315   0.996523
1316   0.997408
1317   0.998103
1318   0.998611
1319   0.998948
1320   0.999123
1321   0.999151
1322   0.999056
1323   0.998854
1324   0.998581
1325   0.998252
1326   0.997915
1327   0.997578
1328   0.997295
1329   0.997059
1330   0.99692
1331   0.996852
1332   0.996887
1333   0.976159
1334   0.974185
1335   0.971882
1336   0.96924
1337   0.966233
1338   0.962908
1339   0.9594
1340   0.95583
1341   0.952702
1342   0.950279
1343   0.94982
1344   0.952071
1345   0.955789
1346   0.961026
1347   0.965832
1348   0.970548
1349   0.974657
1350   0.97844
1351   0.981702
1352   0.984644
1353   0.987175
1354   0.989437
1355   0.991377
1356   0.993093
1357   0.994548
1358   0.995808
1359   0.996844
1360   0.9977
1361   0.998357
1362   0.998847
1363   0.999165
1364   0.999334
1365   0.999365
1366   0.999279
1367   0.999102
1368   0.998854
1369   0.998572
1370   0.998276
1371   0.998003
1372   0.99777
1373   0.997604
1374   0.997509
1375   0.997492
1376   0.977991
1377   0.976263
1378   0.974205
1379   0.971947
1380   0.969324
1381   0.966546
1382   0.963514
1383   0.960561
1384   0.957765
1385   0.955627
1386   0.954705
1387   0.95522
1388   0.957969
1389   0.961623
1390   0.965729
1391   0.969792
1392   0.97363
1393   0.977182
1394   0.98039
1395   0.983294
1396   0.985875
1397   0.98819
1398   0.99023
1399   0.992043
1400   0.993621
1401   0.994999
1402   0.99617
1403   0.997157
1404   0.997954
1405   0.99858
1406   0.999035
1407   0.999337
1408   0.999494
1409   0.999524
1410   0.99945
1411   0.99929
1412   0.999078
1413   0.998829
1414   0.998588
1415   0.998361
1416   0.998192
1417   0.99807
1418   0.998028
1419   0.9797
1420   0.978126
1421   0.976345
1422   0.974352
1423   0.972147
1424   0.96975
1425   0.967267
1426   0.964739
1427   0.962491
1428   0.96057
1429   0.959637
1430   0.959548
1431   0.960929
1432   0.963472
1433   0.966518
1434   0.969922
1435   0.973218
1436   0.976474
1437   0.979445
1438   0.982254
1439   0.984763
1440   0.987089
1441   0.989144
1442   0.991025
1443   0.992668
1444   0.994146
1445   0.995411
1446   0.996515
1447   0.997426
1448   0.99818
1449   0.998758
1450   0.999187
1451   0.999466
1452   0.999614
1453   0.999646
1454   0.999582
1455   0.999446
1456   0.999261
1457   0.999059
1458   0.998859
1459   0.99869
1460   0.998564
1461   0.998493
1462   0.9813
1463   0.97991
1464   0.978324
1465   0.97661
1466   0.974695
1467   0.972684
1468   0.970558
1469   0.968468
1470   0.966515
1471   0.96488
1472   0.963859
1473   0.963508
1474   0.964286
1475   0.965875
1476   0.968157
1477   0.970775
1478   0.973558
1479   0.976346
1480   0.979044
1481   0.981612
1482   0.984005
1483   0.986232
1484   0.988267
1485   0.990133
1486   0.991812
1487   0.993328
1488   0.994665
1489   0.995843
1490   0.996848
1491   0.997698
1492   0.998384
1493   0.998923
1494   0.999312
1495   0.99957
1496   0.999705
1497   0.999735
1498   0.999682
1499   0.999564
1500   0.999414
1501   0.999244
1502   0.999094
1503   0.998965
1504   0.998887
1505   0.982788
1506   0.981528
1507   0.980146
1508   0.978639
1509   0.977017
1510   0.975289
1511   0.973531
1512   0.971754
1513   0.970148
1514   0.968719
1515   0.967779
1516   0.967308
1517   0.967604
1518   0.968602
1519   0.970156
1520   0.972162
1521   0.974354
1522   0.976716
1523   0.979032
1524   0.981354
1525   0.98353
1526   0.985638
1527   0.987569
1528   0.9894
1529   0.99105
1530   0.992586
1531   0.993943
1532   0.995177
1533   0.996239
1534   0.997171
1535   0.997938
1536   0.998574
1537   0.999058
1538   0.999417
1539   0.999649
1540   0.999773
1541   0.999803
1542   0.999759
1543   0.999665
1544   0.99954
1545   0.999412
1546   0.999297
1547   0.999212
1548   0.984176
1549   0.983056
1550   0.981827
1551   0.980522
1552   0.979114
1553   0.977652
1554   0.976147
1555   0.974665
1556   0.97328
1557   0.97207
1558   0.971187
1559   0.970683
1560   0.970744
1561   0.971315
1562   0.9724
1563   0.973855
1564   0.975591
1565   0.97749
1566   0.97947
1567   0.981471
1568   0.983436
1569   0.985345
1570   0.987161
1571   0.988885
1572   0.990488
1573   0.991982
1574   0.993342
1575   0.994582
1576   0.995682
1577   0.996654
1578   0.997485
1579   0.998187
1580   0.998751
1581   0.999191
1582   0.999508
1583   0.999716
1584   0.999825
1585   0.999853
1586   0.999818
1587   0.99974
1588   0.999646
1589   0.999546
1590   0.99947
1591   0.985468
1592   0.984458
1593   0.98338
1594   0.982234
1595   0.98103
1596   0.979774
1597   0.978514
1598   0.977253
1599   0.976099
1600   0.975051
1601   0.974272
1602   0.973759
1603   0.973661
1604   0.973966
1605   0.974666
1606   0.975727
1607   0.977031
1608   0.978563
1609   0.980179
1610   0.981903
1611   0.983603
1612   0.985329
1613   0.98697
1614   0.988588
1615   0.990088
1616   0.991534
1617   0.992846
1618   0.994081
1619   0.995176
1620   0.996177
1621   0.997036
1622   0.997791
1623   0.998408
1624   0.998918
1625   0.999303
1626   0.999586
1627   0.999767
1628   0.999864
1629   0.99989
1630   0.999864
1631   0.999806
1632   0.999734
1633   0.999666
1634   0.986671
1635   0.985771
1636   0.984814
1637   0.983814
1638   0.982768
1639   0.981696
1640   0.980615
1641   0.979555
1642   0.978562
1643   0.977676
1644   0.976975
1645   0.976493
1646   0.976316
1647   0.976445
1648   0.976904
1649   0.97765
1650   0.978647
1651   0.979839
1652   0.981172
1653   0.982603
1654   0.984081
1655   0.985583
1656   0.987069
1657   0.98853
1658   0.989933
1659   0.991278
1660   0.992539
1661   0.993721
1662   0.994801
1663   0.995787
1664   0.996662
1665   0.997432
1666   0.998088
1667   0.998638
1668   0.999076
1669   0.999415
1670   0.999655
1671   0.999812
1672   0.999894
1673   0.999917
1674   0.999899
1675   0.999854
1676   0.999805
1677   0.987791
1678   0.986983
1679   0.986139
1680   0.985261
1681   0.984359
1682   0.983434
1683   0.982519
1684   0.981613
1685   0.980778
1686   0.980013
1687   0.979404
1688   0.978951
1689   0.978735
1690   0.978755
1691   0.979033
1692   0.979563
1693   0.980297
1694   0.981238
1695   0.9823
1696   0.983501
1697   0.984742
1698   0.986061
1699   0.987358
1700   0.988685
1701   0.98995
1702   0.991207
1703   0.992374
1704   0.993506
1705   0.994532
1706   0.9955
1707   0.996353
1708   0.997132
1709   0.997794
1710   0.998374
1711   0.998841
1712   0.999225
1713   0.999509
1714   0.999717
1715   0.999847
1716   0.999917
1717   0.999938
1718   0.999925
1719   0.999896
1720   0.988831
1721   0.98811
1722   0.987361
1723   0.986591
1724   0.985803
1725   0.985008
1726   0.984218
1727   0.98345
1728   0.982731
1729   0.982082
1730   0.981544
1731   0.98114
1732   0.980912
1733   0.980874
1734   0.981043
1735   0.981413
1736   0.981973
1737   0.982702
1738   0.983568
1739   0.984551
1740   0.985611
1741   0.986733
1742   0.987882
1743   0.989047
1744   0.990197
1745   0.991329
1746   0.992416
1747   0.993457
1748   0.994432
1749   0.995343
1750   0.996172
1751   0.996923
1752   0.997584
1753   0.998161
1754   0.998646
1755   0.999048
1756   0.999363
1757   0.999603
1758   0.999771
1759   0.999879
1760   0.999934
1761   0.999952
1762   0.999946
1763   0.989798
1764   0.989153
1765   0.98849
1766   0.987812
1767   0.987127
1768   0.986435
1769   0.985759
1770   0.985096
1771   0.984487
1772   0.983925
1773   0.983465
1774   0.9831
1775   0.982883
1776   0.982812
1777   0.982908
1778   0.983175
1779   0.983594
1780   0.984176
1781   0.984867
1782   0.985691
1783   0.986572
1784   0.987547
1785   0.988531
1786   0.98957
1787   0.990581
1788   0.991613
1789   0.992588
1790   0.993557
1791   0.994448
1792   0.99531
1793   0.996082
1794   0.996808
1795   0.997438
1796   0.99801
1797   0.998486
1798   0.9989
1799   0.999226
1800   0.99949
1801   0.99968
1802   0.999818
1803   0.999902
1804   0.999948
1805   0.999963
1806   0.990694
1807   0.990118
1808   0.98953
1809   0.988931
1810   0.988328
1811   0.987727
1812   0.987138
1813   0.986571
1814   0.986042
1815   0.985566
1816   0.985163
1817   0.984851
1818   0.984651
1819   0.984574
1820   0.984634
1821   0.984832
1822   0.985166
1823   0.985629
1824   0.986206
1825   0.986884
1826   0.987641
1827   0.988464
1828   0.98933
1829   0.990227
1830   0.991133
1831   0.992041
1832   0.99293
1833   0.993794
1834   0.99462
1835   0.995401
1836   0.996127
1837   0.996795
1838   0.997397
1839   0.997934
1840   0.998401
1841   0.9988
1842   0.99913
1843   0.999397
1844   0.999602
1845   0.999754
1846   0.999859
1847   0.999924
1848   0.999959
