##### Y Variance #####
0   0.999998
1   0.999925
2   0.999714
3   0.999331
4   0.99876
5   0.998023
6   0.997141
7   0.996168
8   0.995139
9   0.994108
10   0.993104
11   0.99217
12   0.99132
13   0.990584
14   0.989962
15   0.98947
16   0.989101
17   0.98886
18   0.988732
19   0.988717
20   0.988799
21   0.98897
22   0.989215
23   0.989525
24   0.989887
25   0.990292
26   0.990727
27   0.991185
28   0.991657
29   0.992137
30   0.992616
31   0.993091
32   0.993557
33   0.99401
34   0.994447
35   0.994867
36   0.995267
37   0.995647
38   0.996006
39   0.996343
40   0.996659
41   0.996954
42   0.997228
43   0.999981
44   0.99999
45   0.999846
46   0.999513
47   0.998923
48   0.998166
49   0.997178
50   0.996137
51   0.99496
52   0.993844
53   0.99269
54   0.991678
55   0.9907
56   0.989907
57   0.98919
58   0.988669
59   0.98824
60   0.987994
61   0.987838
62   0.98784
63   0.987918
64   0.988122
65   0.988383
66   0.988736
67   0.989126
68   0.989577
69   0.990048
70   0.990554
71   0.991064
72   0.991589
73   0.992107
74   0.992624
75   0.993126
76   0.993617
77   0.994088
78   0.994541
79   0.994971
80   0.99538
81   0.995765
82   0.996127
83   0.996465
84   0.99678
85   0.997073
86   0.99987
87   0.999983
88   0.999968
89   0.999736
90   0.999221
91   0.998454
92   0.997454
93   0.996309
94   0.995062
95   0.993801
96   0.992559
97   0.991401
98   0.990341
99   0.989425
100   0.988647
101   0.988034
102   0.98757
103   0.987266
104   0.9871
105   0.987074
106   0.987163
107   0.987362
108   0.987648
109   0.988014
110   0.988439
111   0.988915
112   0.989425
113   0.989961
114   0.990512
115   0.99107
116   0.991627
117   0.992177
118   0.992716
119   0.993239
120   0.993742
121   0.994224
122   0.994684
123   0.995119
124   0.995529
125   0.995914
126   0.996274
127   0.99661
128   0.996921
129   0.999621
130   0.999854
131   0.999996
132   0.999914
133   0.999515
134   0.998824
135   0.997815
136   0.996654
137   0.995308
138   0.993978
139   0.992598
140   0.991353
141   0.990155
142   0.989159
143   0.988263
144   0.987592
145   0.987041
146   0.986703
147   0.986482
148   0.986445
149   0.986507
150   0.986714
151   0.986995
152   0.987382
153   0.987817
154   0.988321
155   0.988852
156   0.989421
157   0.989998
158   0.99059
159   0.991175
160   0.991759
161   0.992326
162   0.99288
163   0.993411
164   0.993922
165   0.994407
166   0.994867
167   0.995301
168   0.995708
169   0.996089
170   0.996444
171   0.996774
172   0.999186
173   0.999524
174   0.99987
175   1
176   0.999802
177   0.999239
178   0.998326
179   0.997162
180   0.995813
181   0.994388
182   0.992945
183   0.991565
184   0.990283
185   0.989149
186   0.988174
187   0.987384
188   0.986772
189   0.986346
190   0.986086
191   0.98599
192   0.986034
193   0.986209
194   0.98649
195   0.986864
196   0.987311
197   0.987819
198   0.988369
199   0.988951
200   0.989552
201   0.990163
202   0.990774
203   0.991379
204   0.991972
205   0.992549
206   0.993105
207   0.993638
208   0.994147
209   0.994629
210   0.995084
211   0.995512
212   0.995912
213   0.996286
214   0.996633
215   0.998534
216   0.999001
217   0.999549
218   0.999922
219   0.999969
220   0.999607
221   0.998826
222   0.997753
223   0.996405
224   0.994976
225   0.993446
226   0.992005
227   0.990596
228   0.98938
229   0.988277
230   0.987409
231   0.986686
232   0.986198
233   0.985854
234   0.985718
235   0.985705
236   0.985858
237   0.986105
238   0.986474
239   0.986905
240   0.987418
241   0.987966
242   0.988562
243   0.989169
244   0.989797
245   0.990421
246   0.991046
247   0.991655
248   0.992252
249   0.992827
250   0.99338
251   0.993907
252   0.994409
253   0.994882
254   0.995328
255   0.995746
256   0.996137
257   0.9965
258   0.997634
259   0.998127
260   0.998949
261   0.999614
262   0.999979
263   0.999885
264   0.999332
265   0.998389
266   0.997145
267   0.995713
268   0.994186
269   0.992658
270   0.991192
271   0.989852
272   0.988669
273   0.987673
274   0.986873
275   0.986274
276   0.985867
277   0.985644
278   0.985586
279   0.985678
280   0.985897
281   0.986226
282   0.986644
283   0.987134
284   0.987679
285   0.988264
286   0.988876
287   0.989503
288   0.990137
289   0.990767
290   0.991389
291   0.991996
292   0.992585
293   0.993151
294   0.993694
295   0.994209
296   0.994699
297   0.99516
298   0.995594
299   0.995999
300   0.996377
301   0.996516
302   0.997101
303   0.998096
304   0.999065
305   0.999774
306   0.999999
307   0.999717
308   0.998991
309   0.997874
310   0.996535
311   0.995007
312   0.993474
313   0.991928
314   0.990529
315   0.989231
316   0.988157
317   0.987239
318   0.986564
319   0.986054
320   0.985768
321   0.985628
322   0.985672
323   0.98583
324   0.986127
325   0.986503
326   0.986973
327   0.987492
328   0.988067
329   0.988664
330   0.989289
331   0.989917
332   0.99055
333   0.991173
334   0.991787
335   0.992381
336   0.992957
337   0.993509
338   0.994037
339   0.994538
340   0.995012
341   0.995458
342   0.995877
343   0.996267
344   0.995208
345   0.995609
346   0.996885
347   0.998171
348   0.99927
349   0.999894
350   0.99996
351   0.999503
352   0.998609
353   0.997384
354   0.995949
355   0.994408
356   0.992861
357   0.991379
358   0.990027
359   0.98884
360   0.987849
361   0.987058
362   0.986474
363   0.986085
364   0.985881
365   0.985841
366   0.985949
367   0.98618
368   0.986519
369   0.986942
370   0.987434
371   0.987976
372   0.988557
373   0.98916
374   0.989778
375   0.990399
376   0.991019
377   0.991628
378   0.992224
379   0.992801
380   0.993359
381   0.993892
382   0.994402
383   0.994884
384   0.995341
385   0.99577
386   0.996172
387   0.993872
388   0.994342
389   0.995458
390   0.996957
391   0.998452
392   0.999503
393   0.999976
394   0.999859
395   0.999223
396   0.9982
397   0.996872
398   0.995408
399   0.993853
400   0.992364
401   0.990937
402   0.989696
403   0.988602
404   0.98774
405   0.98705
406   0.986589
407   0.986289
408   0.986185
409   0.986212
410   0.98639
411   0.986665
412   0.987045
413   0.987488
414   0.987998
415   0.988542
416   0.989123
417   0.989716
418   0.990323
419   0.990926
420   0.991527
421   0.992116
422   0.99269
423   0.993246
424   0.993781
425   0.994294
426   0.994782
427   0.995246
428   0.995683
429   0.996093
430   0.9925
431   0.992773
432   0.993864
433   0.995323
434   0.997271
435   0.998806
436   0.999717
437   0.999998
438   0.999698
439   0.998917
440   0.997783
441   0.996413
442   0.994933
443   0.99343
444   0.991999
445   0.990684
446   0.989541
447   0.988579
448   0.987823
449   0.987258
450   0.986889
451   0.986689
452   0.986652
453   0.986747
454   0.986966
455   0.987278
456   0.987675
457   0.988131
458   0.988639
459   0.989178
460   0.989744
461   0.990319
462   0.990904
463   0.991485
464   0.992061
465   0.992624
466   0.993174
467   0.993704
468   0.994217
469   0.994706
470   0.995174
471   0.995615
472   0.996032
473   0.991153
474   0.991348
475   0.992179
476   0.993721
477   0.995835
478   0.997776
479   0.999164
480   0.999877
481   0.999956
482   0.999487
483   0.998576
484   0.997379
485   0.995983
486   0.994544
487   0.993101
488   0.991778
489   0.990569
490   0.98956
491   0.988714
492   0.988084
493   0.98762
494   0.987351
495   0.987224
496   0.987254
497   0.987393
498   0.987647
499   0.987976
500   0.988382
501   0.988834
502   0.989332
503   0.989854
504   0.990399
505   0.990951
506   0.991509
507   0.992063
508   0.99261
509   0.993147
510   0.993669
511   0.994175
512   0.994662
513   0.995129
514   0.995572
515   0.995992
516   0.989834
517   0.989806
518   0.990415
519   0.991633
520   0.994115
521   0.996461
522   0.998288
523   0.99947
524   0.99997
525   0.999856
526   0.99924
527   0.998244
528   0.99701
529   0.995644
530   0.994262
531   0.992925
532   0.99171
533   0.990637
534   0.989748
535   0.989031
536   0.988505
537   0.988143
538   0.987949
539   0.98789
540   0.987963
541   0.988135
542   0.988404
543   0.988739
544   0.989139
545   0.989578
546   0.990057
547   0.990554
548   0.991073
549   0.991594
550   0.992123
551   0.992645
552   0.993166
553   0.993671
554   0.994169
555   0.994647
556   0.995111
557   0.995551
558   0.995973
559   0.98859
560   0.988373
561   0.988687
562   0.989911
563   0.992251
564   0.994852
565   0.997117
566   0.998755
567   0.999711
568   0.999995
569   0.999706
570   0.998977
571   0.997926
572   0.996704
573   0.995388
574   0.994104
575   0.992878
576   0.991797
577   0.990851
578   0.990092
579   0.989487
580   0.989064
581   0.988783
582   0.988656
583   0.988643
584   0.988748
585   0.988937
586   0.98921
587   0.98954
588   0.989924
589   0.990344
590   0.990796
591   0.991266
592   0.991751
593   0.992243
594   0.992739
595   0.993232
596   0.993721
597   0.994201
598   0.994669
599   0.995123
600   0.99556
601   0.995977
602   0.987455
603   0.987016
604   0.986991
605   0.987662
606   0.99019
607   0.992994
608   0.995627
609   0.997738
610   0.999155
611   0.999874
612   0.999959
613   0.999529
614   0.998726
615   0.997666
616   0.996484
617   0.995256
618   0.99408
619   0.992986
620   0.992034
621   0.991218
622   0.990574
623   0.990073
624   0.989733
625   0.98952
626   0.98944
627   0.989459
628   0.989581
629   0.989774
630   0.990041
631   0.990354
632   0.990718
633   0.991109
634   0.991533
635   0.991969
636   0.992424
637   0.992882
638   0.993348
639   0.993809
640   0.994271
641   0.994721
642   0.995165
643   0.995591
644   0.996004
645   0.986465
646   0.98579
647   0.985481
648   0.986078
649   0.98808
650   0.990899
651   0.993861
652   0.996404
653   0.998309
654   0.999472
655   0.999964
656   0.999879
657   0.999347
658   0.998511
659   0.997476
660   0.996368
661   0.995245
662   0.994194
663   0.99323
664   0.992406
665   0.991711
666   0.991169
667   0.990757
668   0.990484
669   0.990323
670   0.990274
671   0.990314
672   0.990438
673   0.990627
674   0.990876
675   0.99117
676   0.991505
677   0.991869
678   0.992258
679   0.992664
680   0.993084
681   0.993513
682   0.993947
683   0.994381
684   0.994813
685   0.995239
686   0.995654
687   0.996056
688   0.985659
689   0.984806
690   0.98414
691   0.984087
692   0.985918
693   0.988508
694   0.991782
695   0.994781
696   0.997142
697   0.998785
698   0.9997
699   0.999991
700   0.999777
701   0.999187
702   0.998357
703   0.997379
704   0.996366
705   0.99536
706   0.994436
707   0.993599
708   0.992894
709   0.992302
710   0.99185
711   0.991505
712   0.991286
713   0.991157
714   0.99113
715   0.991173
716   0.991295
717   0.991466
718   0.991698
719   0.991963
720   0.992271
721   0.992601
722   0.992962
723   0.993333
724   0.993726
725   0.994122
726   0.994531
727   0.994935
728   0.995344
729   0.995741
730   0.996132
731   0.985047
732   0.983974
733   0.983101
734   0.982869
735   0.983815
736   0.986148
737   0.989507
738   0.992856
739   0.995692
740   0.997786
741   0.999156
742   0.999846
743   0.999978
744   0.999679
745   0.999071
746   0.998279
747   0.997385
748   0.996477
749   0.995595
750   0.994791
751   0.994074
752   0.99347
753   0.99297
754   0.992585
755   0.992298
756   0.99211
757   0.992007
758   0.991983
759   0.992027
760   0.992133
761   0.99229
762   0.992493
763   0.992734
764   0.993009
765   0.993313
766   0.993639
767   0.993985
768   0.994346
769   0.994719
770   0.995097
771   0.99548
772   0.99586
773   0.996233
774   0.984661
775   0.983453
776   0.982306
777   0.981613
778   0.981915
779   0.983305
780   0.98697
781   0.990715
782   0.993923
783   0.9965
784   0.998307
785   0.999428
786   0.999929
787   0.999945
788   0.999603
789   0.999012
790   0.998286
791   0.997484
792   0.996691
793   0.995923
794   0.995235
795   0.994617
796   0.994104
797   0.993672
798   0.993344
799   0.993091
800   0.992931
801   0.992833
802   0.992814
803   0.992843
804   0.992937
805   0.993068
806   0.993251
807   0.993461
808   0.993713
809   0.993984
810   0.994287
811   0.994603
812   0.994942
813   0.995287
814   0.995645
815   0.996
816   0.996357
817   0.984501
818   0.983134
819   0.981764
820   0.980676
821   0.980248
822   0.981359
823   0.984468
824   0.988292
825   0.99189
826   0.99488
827   0.997163
828   0.998709
829   0.999611
830   0.999969
831   0.999915
832   0.999566
833   0.999022
834   0.998373
835   0.997677
836   0.996989
837   0.996333
838   0.995739
839   0.995213
840   0.994765
841   0.994393
842   0.9941
843   0.993878
844   0.993725
845   0.993636
846   0.993605
847   0.993627
848   0.993697
849   0.993812
850   0.993966
851   0.994156
852   0.994378
853   0.994629
854   0.994904
855   0.995201
856   0.995513
857   0.995839
858   0.996171
859   0.996504
860   0.984564
861   0.983148
862   0.981514
863   0.980066
864   0.978903
865   0.978775
866   0.981936
867   0.985788
868   0.989596
869   0.993006
870   0.995707
871   0.997709
872   0.999004
873   0.99973
874   0.999985
875   0.999897
876   0.999572
877   0.999087
878   0.998529
879   0.997927
880   0.997343
881   0.996777
882   0.996271
883   0.99581
884   0.995423
885   0.995088
886   0.994828
887   0.994618
888   0.994477
889   0.99438
890   0.994345
891   0.994349
892   0.994406
893   0.994496
894   0.994634
895   0.994798
896   0.995003
897   0.995229
898   0.995488
899   0.995761
900   0.996058
901   0.996358
902   0.996671
903   0.984812
904   0.983277
905   0.981509
906   0.979673
907   0.978015
908   0.97765
909   0.97962
910   0.983142
911   0.987117
912   0.990836
913   0.993983
914   0.996394
915   0.998115
916   0.999207
917   0.999795
918   0.999991
919   0.999902
920   0.999617
921   0.999209
922   0.998732
923   0.998228
924   0.997726
925   0.997246
926   0.996802
927   0.996404
928   0.996054
929   0.995757
930   0.995511
931   0.995318
932   0.995173
933   0.995078
934   0.995029
935   0.995025
936   0.995062
937   0.99514
938   0.995255
939   0.995407
940   0.995589
941   0.995803
942   0.99604
943   0.9963
944   0.996574
945   0.996856
946   0.985243
947   0.983749
948   0.981814
949   0.979823
950   0.977602
951   0.976048
952   0.977576
953   0.980435
954   0.98447
955   0.9885
956   0.991986
957   0.994833
958   0.996931
959   0.998413
960   0.99933
961   0.999827
962   0.999992
963   0.999922
964   0.999692
965   0.999352
966   0.998959
967   0.99853
968   0.998108
969   0.99769
970   0.997308
971   0.99695
972   0.99664
973   0.996361
974   0.996136
975   0.995945
976   0.995808
977   0.995704
978   0.995652
979   0.995632
980   0.995663
981   0.995723
982   0.99583
983   0.995963
984   0.996137
985   0.996333
986   0.99656
987   0.996799
988   0.997058
989   0.985804
990   0.984252
991   0.982333
992   0.980129
993   0.977783
994   0.97605
995   0.975906
996   0.97805
997   0.981837
998   0.985973
999   0.989802
1000   0.992983
1001   0.995486
1002   0.997321
1003   0.998589
1004   0.999389
1005   0.999826
1006   0.999989
1007   0.999953
1008   0.999778
1009   0.99951
1010   0.999185
1011   0.998832
1012   0.998468
1013   0.998112
1014   0.997771
1015   0.997456
1016   0.997168
1017   0.996916
1018   0.996698
1019   0.996519
1020   0.996378
1021   0.996277
1022   0.996215
1023   0.996194
1024   0.996211
1025   0.996268
1026   0.99636
1027   0.996489
1028   0.996648
1029   0.996837
1030   0.997047
1031   0.997273
1032   0.986496
1033   0.985057
1034   0.983108
1035   0.980942
1036   0.978405
1037   0.976184
1038   0.975092
1039   0.975445
1040   0.979191
1041   0.98346
1042   0.98743
1043   0.990975
1044   0.993788
1045   0.995998
1046   0.997578
1047   0.998695
1048   0.999398
1049   0.999807
1050   0.999979
1051   0.99998
1052   0.99986
1053   0.999651
1054   0.999392
1055   0.999095
1056   0.99879
1057   0.998477
1058   0.99818
1059   0.997892
1060   0.997634
1061   0.997395
1062   0.997194
1063   0.997018
1064   0.996885
1065   0.99678
1066   0.996721
1067   0.996691
1068   0.996709
1069   0.996756
1070   0.996848
1071   0.996966
1072   0.997123
1073   0.997297
1074   0.997497
1075   0.987268
1076   0.985851
1077   0.984043
1078   0.981875
1079   0.979378
1080   0.976909
1081   0.974894
1082   0.97469
1083   0.97701
1084   0.980885
1085   0.985
1086   0.988749
1087   0.991905
1088   0.99441
1089   0.996322
1090   0.997728
1091   0.998714
1092   0.99937
1093   0.999762
1094   0.999956
1095   0.999997
1096   0.999926
1097   0.999775
1098   0.999568
1099   0.999327
1100   0.999065
1101   0.998798
1102   0.998531
1103   0.998277
1104   0.998036
1105   0.99782
1106   0.997627
1107   0.997464
1108   0.997332
1109   0.997235
1110   0.997173
1111   0.997149
1112   0.997162
1113   0.997213
1114   0.997297
1115   0.997416
1116   0.997561
1117   0.997728
1118   0.988106
1119   0.986857
1120   0.985127
1121   0.983152
1122   0.980678
1123   0.978199
1124   0.975558
1125   0.97371
1126   0.975475
1127   0.978599
1128   0.982627
1129   0.986575
1130   0.989905
1131   0.992712
1132   0.994871
1133   0.996567
1134   0.997802
1135   0.998709
1136   0.999317
1137   0.99971
1138   0.999921
1139   0.999998
1140   0.999971
1141   0.999866
1142   0.999708
1143   0.999509
1144   0.999292
1145   0.999057
1146   0.998826
1147   0.998594
1148   0.998379
1149   0.998175
1150   0.998
1151   0.997844
1152   0.997724
1153   0.997629
1154   0.997576
1155   0.997552
1156   0.997572
1157   0.99762
1158   0.997709
1159   0.99782
1160   0.997961
1161   0.988955
1162   0.987771
1163   0.986241
1164   0.984366
1165   0.982107
1166   0.979589
1167   0.976967
1168   0.974996
1169   0.974644
1170   0.976918
1171   0.980555
1172   0.984405
1173   0.987902
1174   0.990873
1175   0.993281
1176   0.995211
1177   0.996696
1178   0.997834
1179   0.998662
1180   0.999254
1181   0.999642
1182   0.999876
1183   0.999983
1184   0.999994
1185   0.999932
1186   0.999813
1187   0.999657
1188   0.999472
1189   0.999275
1190   0.999068
1191   0.998865
1192   0.998667
1193   0.998486
1194   0.998321
1195   0.998181
1196   0.998067
1197   0.997986
1198   0.997937
1199   0.997924
1200   0.997944
1201   0.998
1202   0.998084
1203   0.998194
1204   0.989805
1205   0.98879
1206   0.987383
1207   0.985752
1208   0.983658
1209   0.981409
1210   0.978826
1211   0.976594
1212   0.975452
1213   0.975601
1214   0.978865
1215   0.982634
1216   0.986036
1217   0.989154
1218   0.991683
1219   0.993816
1220   0.995489
1221   0.996836
1222   0.997857
1223   0.998637
1224   0.999194
1225   0.999584
1226   0.999827
1227   0.999959
1228   1
1229   0.99997
1230   0.999888
1231   0.999763
1232   0.999613
1233   0.999442
1234   0.999264
1235   0.999081
1236   0.998907
1237   0.99874
1238   0.998594
1239   0.998465
1240   0.998368
1241   0.998294
1242   0.998258
1243   0.99825
1244   0.998281
1245   0.998335
1246   0.998422
1247   0.990617
1248   0.989678
1249   0.988474
1250   0.986993
1251   0.9852
1252   0.983144
1253   0.980906
1254   0.978733
1255   0.977041
1256   0.976707
1257   0.978009
1258   0.981186
1259   0.984448
1260   0.98754
1261   0.990153
1262   0.992409
1263   0.994236
1264   0.995754
1265   0.996944
1266   0.997893
1267   0.998608
1268   0.999147
1269   0.999525
1270   0.999779
1271   0.999928
1272   0.999993
1273   0.999992
1274   0.999937
1275   0.999844
1276   0.99972
1277   0.999578
1278   0.999422
1279   0.999264
1280   0.999107
1281   0.998961
1282   0.998828
1283   0.998718
1284   0.99863
1285   0.998573
1286   0.998545
1287   0.99855
1288   0.998583
1289   0.998643
1290   0.991393
1291   0.990596
1292   0.989518
1293   0.988272
1294   0.986694
1295   0.984982
1296   0.983005
1297   0.981141
1298   0.979337
1299   0.978197
1300   0.978918
1301   0.980652
1302   0.983527
1303   0.986437
1304   0.988953
1305   0.991217
1306   0.993111
1307   0.994725
1308   0.996036
1309   0.997111
1310   0.997955
1311   0.99862
1312   0.999119
1313   0.999487
1314   0.999738
1315   0.999898
1316   0.99998
1317   0.999999
1318   0.999969
1319   0.999898
1320   0.9998
1321   0.999678
1322   0.999547
1323   0.999407
1324   0.999272
1325   0.999141
1326   0.999028
1327   0.99893
1328   0.998861
1329   0.998814
1330   0.998801
1331   0.998811
1332   0.998852
1333   0.99211
1334   0.991383
1335   0.990474
1336   0.989376
1337   0.988073
1338   0.986586
1339   0.98498
1340   0.983316
1341   0.981838
1342   0.980679
1343   0.980459
1344   0.981523
1345   0.983309
1346   0.985817
1347   0.988093
1348   0.990286
1349   0.992149
1350   0.993805
1351   0.995172
1352   0.996337
1353   0.997273
1354   0.998042
1355   0.99864
1356   0.999109
1357   0.999455
1358   0.999705
1359   0.999868
1360   0.999963
1361   0.999999
1362   0.999987
1363   0.999938
1364   0.999858
1365   0.999759
1366   0.999646
1367   0.999527
1368   0.999408
1369   0.999297
1370   0.999199
1371   0.99912
1372   0.999063
1373   0.999033
1374   0.999027
1375   0.999047
1376   0.992777
1377   0.992156
1378   0.991354
1379   0.990438
1380   0.989316
1381   0.988098
1382   0.986728
1383   0.985374
1384   0.98407
1385   0.983067
1386   0.982637
1387   0.982886
1388   0.984211
1389   0.985959
1390   0.987904
1391   0.989797
1392   0.991545
1393   0.993115
1394   0.99448
1395   0.995659
1396   0.996647
1397   0.997475
1398   0.998148
1399   0.998693
1400   0.999118
1401   0.999445
1402   0.999682
1403   0.999847
1404   0.999947
1405   0.999994
1406   0.999996
1407   0.999962
1408   0.999901
1409   0.999818
1410   0.999724
1411   0.99962
1412   0.999521
1413   0.999425
1414   0.999345
1415   0.99928
1416   0.99924
1417   0.999219
1418   0.999226
1419   0.993387
1420   0.992824
1421   0.992148
1422   0.991351
1423   0.990431
1424   0.989397
1425   0.988299
1426   0.987157
1427   0.986132
1428   0.985247
1429   0.984826
1430   0.984799
1431   0.985473
1432   0.986692
1433   0.988135
1434   0.989721
1435   0.991226
1436   0.992672
1437   0.99395
1438   0.995107
1439   0.996092
1440   0.996953
1441   0.997665
1442   0.998267
1443   0.998749
1444   0.999141
1445   0.999441
1446   0.999669
1447   0.999828
1448   0.999932
1449   0.999986
1450   0.999999
1451   0.999979
1452   0.999931
1453   0.999865
1454   0.999785
1455   0.9997
1456   0.999614
1457   0.999537
1458   0.999471
1459   0.999423
1460   0.999395
1461   0.999387
1462   0.993948
1463   0.993462
1464   0.992868
1465   0.9922
1466   0.991415
1467   0.990568
1468   0.989645
1469   0.988723
1470   0.987848
1471   0.987112
1472   0.986659
1473   0.986517
1474   0.986909
1475   0.987676
1476   0.988758
1477   0.989978
1478   0.991248
1479   0.992489
1480   0.993654
1481   0.994723
1482   0.995676
1483   0.996519
1484   0.997246
1485   0.997871
1486   0.998393
1487   0.998828
1488   0.999178
1489   0.999456
1490   0.999666
1491   0.99982
1492   0.999921
1493   0.999979
1494   0.999999
1495   0.999988
1496   0.999953
1497   0.999898
1498   0.999833
1499   0.999761
1500   0.999692
1501   0.999628
1502   0.999579
1503   0.999543
1504   0.999528
1505   0.994461
1506   0.994023
1507   0.993518
1508   0.992941
1509   0.992295
1510   0.991582
1511   0.99084
1512   0.990072
1513   0.989373
1514   0.988743
1515   0.988339
1516   0.988146
1517   0.988314
1518   0.988802
1519   0.989543
1520   0.990477
1521   0.991478
1522   0.992528
1523   0.993531
1524   0.994501
1525   0.995377
1526   0.996187
1527   0.996893
1528   0.997524
1529   0.998059
1530   0.998524
1531   0.998905
1532   0.999224
1533   0.999475
1534   0.999672
1535   0.999815
1536   0.999915
1537   0.999973
1538   0.999998
1539   0.999994
1540   0.999968
1541   0.999925
1542   0.999871
1543   0.999813
1544   0.999757
1545   0.999709
1546   0.999672
1547   0.999649
1548   0.994933
1549   0.99455
1550   0.994107
1551   0.99362
1552   0.99307
1553   0.992484
1554   0.991863
1555   0.991241
1556   0.990651
1557   0.990133
1558   0.989762
1559   0.98956
1560   0.98962
1561   0.989909
1562   0.99043
1563   0.991108
1564   0.991899
1565   0.992743
1566   0.993599
1567   0.994437
1568   0.995231
1569   0.995971
1570   0.996644
1571   0.997252
1572   0.997787
1573   0.998257
1574   0.998658
1575   0.998999
1576   0.99928
1577   0.999509
1578   0.999686
1579   0.99982
1580   0.999912
1581   0.99997
1582   0.999996
1583   0.999997
1584   0.999978
1585   0.999943
1586   0.999901
1587   0.999854
1588   0.999811
1589   0.999774
1590   0.99975
1591   0.995366
1592   0.995023
1593   0.994642
1594   0.994222
1595   0.993766
1596   0.993275
1597   0.992771
1598   0.992255
1599   0.99178
1600   0.991343
1601   0.991026
1602   0.990824
1603   0.990811
1604   0.990976
1605   0.991319
1606   0.991814
1607   0.992408
1608   0.993086
1609   0.993784
1610   0.994504
1611   0.995193
1612   0.995865
1613   0.99648
1614   0.997057
1615   0.997569
1616   0.998036
1617   0.998438
1618   0.998794
1619   0.99909
1620   0.999343
1621   0.999545
1622   0.999707
1623   0.999827
1624   0.999914
1625   0.999967
1626   0.999995
1627   0.999999
1628   0.999985
1629   0.999959
1630   0.999925
1631   0.999889
1632   0.999856
1633   0.999831
1634   0.995764
1635   0.995462
1636   0.995129
1637   0.994771
1638   0.994384
1639   0.993976
1640   0.993555
1641   0.993135
1642   0.992736
1643   0.992379
1644   0.9921
1645   0.991916
1646   0.991867
1647   0.991953
1648   0.992182
1649   0.992532
1650   0.992986
1651   0.993512
1652   0.994084
1653   0.99468
1654   0.995278
1655   0.995864
1656   0.996423
1657   0.99695
1658   0.997434
1659   0.997878
1660   0.998274
1661   0.998626
1662   0.998931
1663   0.999194
1664   0.999413
1665   0.999593
1666   0.999735
1667   0.999843
1668   0.999919
1669   0.999969
1670   0.999994
1671   0.999999
1672   0.99999
1673   0.999969
1674   0.999943
1675   0.999916
1676   0.999893
1677   0.996132
1678   0.995863
1679   0.995574
1680   0.995265
1681   0.99494
1682   0.994596
1683   0.994251
1684   0.993901
1685   0.993579
1686   0.993278
1687   0.993045
1688   0.992874
1689   0.992809
1690   0.992843
1691   0.992989
1692   0.993239
1693   0.993573
1694   0.993985
1695   0.99444
1696   0.994937
1697   0.995437
1698   0.99595
1699   0.99644
1700   0.996921
1701   0.997362
1702   0.997782
1703   0.998157
1704   0.998502
1705   0.998801
1706   0.999069
1707   0.999293
1708   0.999487
1709   0.999641
1710   0.999766
1711   0.999859
1712   0.999928
1713   0.99997
1714   0.999994
1715   1
1716   0.999993
1717   0.999978
1718   0.999958
1719   0.999939
1720   0.99647
1721   0.996232
1722   0.995979
1723   0.995713
1724   0.995434
1725   0.995147
1726   0.994856
1727   0.994568
1728   0.994297
1729   0.99405
1730   0.993849
1731   0.993702
1732   0.99363
1733   0.993637
1734   0.993732
1735   0.993909
1736   0.994162
1737   0.99448
1738   0.994848
1739   0.995252
1740   0.995677
1741   0.996113
1742   0.996545
1743   0.996968
1744   0.997371
1745   0.997753
1746   0.998106
1747   0.99843
1748   0.998721
1749   0.99898
1750   0.999206
1751   0.9994
1752   0.999562
1753   0.999696
1754   0.999801
1755   0.999881
1756   0.999938
1757   0.999975
1758   0.999994
1759   1
1760   0.999995
1761   0.999983
1762   0.99997
1763   0.996782
1764   0.996571
1765   0.99635
1766   0.996118
1767   0.995881
1768   0.995636
1769   0.995394
1770   0.995151
1771   0.994929
1772   0.99472
1773   0.994554
1774   0.994423
1775   0.994355
1776   0.994345
1777   0.994406
1778   0.994535
1779   0.994725
1780   0.994976
1781   0.995268
1782   0.995603
1783   0.995954
1784   0.99633
1785   0.996699
1786   0.997076
1787   0.997432
1788   0.997782
1789   0.998101
1790   0.998407
1791   0.998677
1792   0.998928
1793   0.999144
1794   0.999338
1795   0.999499
1796   0.999638
1797   0.999747
1798   0.999837
1799   0.999902
1800   0.999949
1801   0.999979
1802   0.999995
1803   1
1804   0.999996
1805   0.999988
1806   0.99707
1807   0.996882
1808   0.996687
1809   0.996486
1810   0.996279
1811   0.99607
1812   0.995863
1813   0.99566
1814   0.99547
1815   0.995299
1816   0.995156
1817   0.995048
1818   0.994985
1819   0.994972
1820   0.995013
1821   0.995111
1822   0.995261
1823   0.99546
1824   0.9957
1825   0.995974
1826   0.996272
1827   0.996588
1828   0.996911
1829   0.997235
1830   0.997554
1831   0.997862
1832   0.998155
1833   0.99843
1834   0.998683
1835   0.998914
1836   0.999121
1837   0.999304
1838   0.999462
1839   0.999597
1840   0.999709
1841   0.9998
1842   0.999871
1843   0.999924
1844   0.999961
1845   0.999984
1846   0.999996
1847   1
1848   0.999998
