##### Y Variance #####
0   0.999932
1   0.999863
2   0.999319
3   0.998117
4   0.996088
5   0.993156
6   0.989243
7   0.984449
8   0.978875
9   0.973001
10   0.966933
11   0.961022
12   0.955336
13   0.950105
14   0.945421
15   0.941435
16   0.938234
17   0.935907
18   0.934459
19   0.933865
20   0.934085
21   0.935011
22   0.936607
23   0.938737
24   0.941341
25   0.944252
26   0.947397
27   0.950615
28   0.953867
29   0.957041
30   0.960128
31   0.963064
32   0.965857
33   0.968483
34   0.970956
35   0.973272
36   0.975442
37   0.97747
38   0.979365
39   0.98113
40   0.982773
41   0.984298
42   0.985711
43   0.999581
44   0.999862
45   0.999704
46   0.998891
47   0.997109
48   0.994457
49   0.990472
50   0.985754
51   0.979473
52   0.97353
53   0.966532
54   0.960255
55   0.953606
56   0.94776
57   0.942203
58   0.93755
59   0.933638
60   0.930787
61   0.928894
62   0.927926
63   0.928016
64   0.928725
65   0.93047
66   0.932614
67   0.935615
68   0.938729
69   0.942409
70   0.945911
71   0.949697
72   0.953174
73   0.956728
74   0.959947
75   0.963113
76   0.965986
77   0.968747
78   0.971276
79   0.973671
80   0.975881
81   0.977953
82   0.979871
83   0.981655
84   0.983306
85   0.984832
86   0.998692
87   0.999324
88   0.999714
89   0.999462
90   0.998292
91   0.996112
92   0.992727
93   0.988304
94   0.982581
95   0.976074
96   0.968951
97   0.961613
98   0.95423
99   0.947212
100   0.940645
101   0.934991
102   0.930173
103   0.926428
104   0.92373
105   0.922064
106   0.921519
107   0.921931
108   0.923384
109   0.925655
110   0.92872
111   0.932276
112   0.93626
113   0.940359
114   0.944555
115   0.948645
116   0.952625
117   0.956374
118   0.959912
119   0.9632
120   0.966266
121   0.969109
122   0.971749
123   0.974198
124   0.976466
125   0.978566
126   0.980505
127   0.982294
128   0.983939
129   0.99711
130   0.998086
131   0.999017
132   0.999414
133   0.998959
134   0.997491
135   0.994771
136   0.991051
137   0.985955
138   0.979897
139   0.97254
140   0.96516
141   0.956647
142   0.949262
143   0.940981
144   0.934758
145   0.928358
146   0.923655
147   0.919679
148   0.916864
149   0.915457
150   0.915018
151   0.916145
152   0.9181
153   0.921345
154   0.924999
155   0.929534
156   0.933977
157   0.938873
158   0.943452
159   0.94812
160   0.952347
161   0.956439
162   0.960129
163   0.963612
164   0.966777
165   0.969728
166   0.972428
167   0.974928
168   0.977221
169   0.979332
170   0.981268
171   0.983041
172   0.994716
173   0.995821
174   0.997341
175   0.998422
176   0.998844
177   0.99821
178   0.996452
179   0.993557
180   0.989409
181   0.98415
182   0.977713
183   0.970513
184   0.962594
185   0.95444
186   0.946092
187   0.937966
188   0.930385
189   0.923523
190   0.917697
191   0.913151
192   0.909994
193   0.908602
194   0.908701
195   0.9103
196   0.913188
197   0.91695
198   0.921619
199   0.926689
200   0.932106
201   0.937533
202   0.942846
203   0.94785
204   0.952497
205   0.956783
206   0.9607
207   0.964299
208   0.967579
209   0.970592
210   0.973338
211   0.975856
212   0.978148
213   0.980245
214   0.982148
215   0.991532
216   0.99284
217   0.994714
218   0.996463
219   0.997677
220   0.997939
221   0.997097
222   0.995176
223   0.992017
224   0.987814
225   0.982399
226   0.976105
227   0.968879
228   0.96114
229   0.95273
230   0.944282
231   0.935065
232   0.927434
233   0.918734
234   0.913408
235   0.907016
236   0.904979
237   0.902872
238   0.90367
239   0.905716
240   0.908817
241   0.913635
242   0.918796
243   0.925009
244   0.931058
245   0.937314
246   0.942974
247   0.948376
248   0.953213
249   0.957683
250   0.961706
251   0.965381
252   0.968708
253   0.971734
254   0.974479
255   0.97697
256   0.979228
257   0.981272
258   0.987566
259   0.988651
260   0.991042
261   0.993336
262   0.995432
263   0.996549
264   0.99675
265   0.995781
266   0.99374
267   0.990581
268   0.986325
269   0.981092
270   0.974921
271   0.968037
272   0.960456
273   0.952466
274   0.943972
275   0.935604
276   0.927263
277   0.919635
278   0.912666
279   0.906785
280   0.902629
281   0.899996
282   0.899672
283   0.901385
284   0.905113
285   0.910684
286   0.917278
287   0.924252
288   0.931254
289   0.937903
290   0.943977
291   0.94957
292   0.95456
293   0.959108
294   0.963162
295   0.96685
296   0.970147
297   0.973142
298   0.975824
299   0.978255
300   0.980431
301   0.983031
302   0.984152
303   0.986611
304   0.989486
305   0.992251
306   0.994257
307   0.995331
308   0.99537
309   0.994298
310   0.992231
311   0.98905
312   0.984982
313   0.979924
314   0.97417
315   0.967633
316   0.960626
317   0.953094
318   0.94526
319   0.937293
320   0.929325
321   0.921453
322   0.914157
323   0.906607
324   0.902324
325   0.897221
326   0.898096
327   0.898537
328   0.904077
329   0.910552
330   0.917735
331   0.925601
332   0.932834
333   0.939746
334   0.945946
335   0.951545
336   0.95655
337   0.961026
338   0.96504
339   0.96863
340   0.971852
341   0.974737
342   0.977324
343   0.979642
344   0.978059
345   0.978496
346   0.981346
347   0.984584
348   0.988152
349   0.990941
350   0.993001
351   0.993911
352   0.993894
353   0.992774
354   0.990716
355   0.987701
356   0.983833
357   0.9792
358   0.973858
359   0.967959
360   0.961487
361   0.954625
362   0.947388
363   0.939966
364   0.932411
365   0.924993
366   0.917634
367   0.911231
368   0.905726
369   0.901982
370   0.90066
371   0.901356
372   0.905891
373   0.912396
374   0.9202
375   0.928379
376   0.935824
377   0.942769
378   0.948805
379   0.954289
380   0.959091
381   0.963428
382   0.967254
383   0.9707
384   0.973752
385   0.976497
386   0.978932
387   0.973082
388   0.973479
389   0.97571
390   0.97925
391   0.983362
392   0.987016
393   0.989867
394   0.991706
395   0.992519
396   0.992366
397   0.991217
398   0.98925
399   0.986404
400   0.982904
401   0.978677
402   0.973936
403   0.968611
404   0.962854
405   0.956662
406   0.950147
407   0.943395
408   0.936547
409   0.929779
410   0.923098
411   0.917068
412   0.911696
413   0.907231
414   0.905697
415   0.904718
416   0.910464
417   0.916703
418   0.925011
419   0.932883
420   0.940167
421   0.946591
422   0.952374
423   0.957472
424   0.962038
425   0.966082
426   0.969695
427   0.972906
428   0.975771
429   0.978323
430   0.968139
431   0.967838
432   0.96984
433   0.973013
434   0.977907
435   0.982288
436   0.986032
437   0.988652
438   0.99039
439   0.991023
440   0.990824
441   0.989708
442   0.987884
443   0.985343
444   0.982218
445   0.978535
446   0.97435
447   0.969709
448   0.964628
449   0.959193
450   0.953423
451   0.947474
452   0.941324
453   0.935193
454   0.929203
455   0.923648
456   0.918758
457   0.915234
458   0.913212
459   0.913528
460   0.918214
461   0.924364
462   0.931702
463   0.938975
464   0.945329
465   0.951213
466   0.956391
467   0.961082
468   0.965226
469   0.968954
470   0.972256
471   0.975219
472   0.977846
473   0.96343
474   0.962829
475   0.964043
476   0.967237
477   0.972162
478   0.977231
479   0.981677
480   0.985143
481   0.9876
482   0.989067
483   0.989587
484   0.989326
485   0.98829
486   0.986683
487   0.984458
488   0.981798
489   0.978625
490   0.975069
491   0.971071
492   0.966711
493   0.962003
494   0.956985
495   0.951767
496   0.946305
497   0.940937
498   0.935595
499   0.930879
500   0.926649
501   0.923838
502   0.922198
503   0.922794
504   0.927217
505   0.932531
506   0.939112
507   0.945103
508   0.950819
509   0.955921
510   0.960581
511   0.96474
512   0.968488
513   0.971838
514   0.974841
515   0.977527
516   0.958988
517   0.957687
518   0.958333
519   0.960638
520   0.96613
521   0.971693
522   0.976879
523   0.98104
524   0.984314
525   0.986453
526   0.987767
527   0.988165
528   0.987942
529   0.987055
530   0.985713
531   0.983879
532   0.981669
533   0.979048
534   0.976065
535   0.972706
536   0.968994
537   0.96495
538   0.960593
539   0.955991
540   0.951236
541   0.946473
542   0.941897
543   0.937715
544   0.934305
545   0.931877
546   0.931278
547   0.932547
548   0.936529
549   0.941318
550   0.946504
551   0.951543
552   0.956303
553   0.960708
554   0.964731
555   0.968394
556   0.971705
557   0.974699
558   0.977392
559   0.954961
560   0.953201
561   0.953031
562   0.95522
563   0.960177
564   0.966099
565   0.971822
566   0.976726
567   0.980649
568   0.983531
569   0.985442
570   0.986548
571   0.986915
572   0.986758
573   0.98607
574   0.985037
575   0.983586
576   0.981846
577   0.979726
578   0.977297
579   0.974503
580   0.971365
581   0.967909
582   0.964105
583   0.960127
584   0.955912
585   0.951831
586   0.947782
587   0.944395
588   0.941552
589   0.940185
590   0.940097
591   0.94192
592   0.945209
593   0.949092
594   0.953312
595   0.957451
596   0.961458
597   0.9652
598   0.968681
599   0.971876
600   0.974799
601   0.97746
602   0.951407
603   0.949014
604   0.94809
605   0.948995
606   0.954204
607   0.960264
608   0.966527
609   0.972038
610   0.976699
611   0.980199
612   0.982808
613   0.98446
614   0.985487
615   0.985865
616   0.985857
617   0.985416
618   0.984705
619   0.983651
620   0.982335
621   0.980679
622   0.978721
623   0.976399
624   0.973744
625   0.970729
626   0.967426
627   0.96386
628   0.9602
629   0.956516
630   0.953158
631   0.950213
632   0.948295
633   0.947317
634   0.948071
635   0.949881
636   0.952691
637   0.955888
638   0.959352
639   0.962791
640   0.966164
641   0.969355
642   0.972367
643   0.975155
644   0.977739
645   0.948428
646   0.945534
647   0.943858
648   0.944523
649   0.948543
650   0.954531
651   0.961131
652   0.96728
653   0.972557
654   0.97675
655   0.979913
656   0.982193
657   0.983702
658   0.984671
659   0.985141
660   0.985311
661   0.985135
662   0.984749
663   0.984054
664   0.983125
665   0.981864
666   0.980295
667   0.97837
668   0.976077
669   0.973466
670   0.970505
671   0.967391
672   0.964093
673   0.960991
674   0.958089
675   0.955913
676   0.9545
677   0.954262
678   0.955103
679   0.956801
680   0.959127
681   0.961798
682   0.96466
683   0.967557
684   0.970412
685   0.973165
686   0.975778
687   0.978232
688   0.946073
689   0.942704
690   0.940258
691   0.939447
692   0.943117
693   0.948562
694   0.955575
695   0.962284
696   0.96824
697   0.973047
698   0.976867
699   0.97966
700   0.981753
701   0.983159
702   0.984177
703   0.984779
704   0.985166
705   0.985262
706   0.985175
707   0.984802
708   0.98419
709   0.983239
710   0.981974
711   0.98032
712   0.978325
713   0.975954
714   0.973335
715   0.97048
716   0.967654
717   0.964906
718   0.962669
719   0.960941
720   0.960209
721   0.960233
722   0.961172
723   0.962647
724   0.964651
725   0.966879
726   0.969315
727   0.971767
728   0.974241
729   0.976621
730   0.978928
731   0.944368
732   0.940566
733   0.937587
734   0.936403
735   0.938175
736   0.943027
737   0.950037
738   0.957265
739   0.963818
740   0.969288
741   0.973674
742   0.977073
743   0.979622
744   0.981556
745   0.982961
746   0.984057
747   0.984832
748   0.985437
749   0.985785
750   0.98596
751   0.985848
752   0.985481
753   0.984768
754   0.983709
755   0.982278
756   0.980465
757   0.978353
758   0.975947
759   0.973466
760   0.97096
761   0.968755
762   0.966937
763   0.965786
764   0.965321
765   0.965563
766   0.966408
767   0.967738
768   0.969424
769   0.971352
770   0.973421
771   0.975562
772   0.977706
773   0.979811
774   0.943341
775   0.939207
776   0.935669
777   0.933412
778   0.933921
779   0.936912
780   0.944377
781   0.952135
782   0.959242
783   0.965336
784   0.970363
785   0.974302
786   0.977414
787   0.979767
788   0.981657
789   0.983107
790   0.984336
791   0.985294
792   0.986105
793   0.986673
794   0.987051
795   0.987131
796   0.986933
797   0.986363
798   0.985447
799   0.984126
800   0.982484
801   0.980506
802   0.978378
803   0.976131
804   0.974064
805   0.972203
806   0.970882
807   0.97002
808   0.969827
809   0.970103
810   0.97093
811   0.972079
812   0.97358
813   0.975237
814   0.977074
815   0.978938
816   0.980853
817   0.942987
818   0.93858
819   0.934547
820   0.931539
821   0.930407
822   0.932717
823   0.939084
824   0.946944
825   0.954562
826   0.961273
827   0.966906
828   0.971462
829   0.975063
830   0.977931
831   0.980194
832   0.982084
833   0.98363
834   0.984999
835   0.986128
836   0.987113
837   0.987846
838   0.988369
839   0.988573
840   0.988469
841   0.987991
842   0.987139
843   0.985928
844   0.984374
845   0.982598
846   0.980654
847   0.978749
848   0.976968
849   0.975521
850   0.974461
851   0.973889
852   0.973782
853   0.974133
854   0.974867
855   0.97593
856   0.977239
857   0.978739
858   0.980353
859   0.982032
860   0.943265
861   0.938733
862   0.934211
863   0.930402
864   0.927777
865   0.927567
866   0.934
867   0.941838
868   0.949757
869   0.957039
870   0.963291
871   0.968434
872   0.972604
873   0.975925
874   0.978657
875   0.980889
876   0.982835
877   0.984495
878   0.985995
879   0.987271
880   0.988377
881   0.989221
882   0.989818
883   0.990076
884   0.990008
885   0.989547
886   0.98874
887   0.987563
888   0.986135
889   0.984474
890   0.982785
891   0.981098
892   0.979657
893   0.978447
894   0.977669
895   0.97723
896   0.977255
897   0.977596
898   0.978323
899   0.979275
900   0.980496
901   0.98183
902   0.983309
903   0.944094
904   0.939397
905   0.93457
906   0.929998
907   0.92624
908   0.925457
909   0.929583
910   0.936791
911   0.944896
912   0.95265
913   0.959508
914   0.965258
915   0.969963
916   0.973808
917   0.97694
918   0.979598
919   0.981848
920   0.983869
921   0.98563
922   0.98724
923   0.98861
924   0.989793
925   0.990683
926   0.991301
927   0.991565
928   0.991482
929   0.991028
930   0.99022
931   0.989116
932   0.98776
933   0.986286
934   0.984763
935   0.983351
936   0.982112
937   0.981166
938   0.980532
939   0.980259
940   0.980322
941   0.980718
942   0.981392
943   0.982316
944   0.98342
945   0.984661
946   0.945429
947   0.940815
948   0.935696
949   0.930747
950   0.925816
951   0.922539
952   0.925842
953   0.931851
954   0.939982
955   0.948166
956   0.955546
957   0.961893
958   0.967151
959   0.971486
960   0.975084
961   0.978105
962   0.980734
963   0.983031
964   0.985114
965   0.986965
966   0.988633
967   0.990059
968   0.991254
969   0.992145
970   0.992732
971   0.992957
972   0.992839
973   0.99235
974   0.991562
975   0.990483
976   0.989249
977   0.987889
978   0.986581
979   0.985337
980   0.984334
981   0.983537
982   0.983084
983   0.98289
984   0.983051
985   0.983447
986   0.984142
987   0.984997
988   0.986051
989   0.947157
990   0.942505
991   0.937397
992   0.932031
993   0.926737
994   0.923062
995   0.922997
996   0.927584
997   0.935247
998   0.943593
999   0.951464
1000   0.95832
1001   0.964119
1002   0.968962
1003   0.972988
1004   0.97643
1005   0.979375
1006   0.982013
1007   0.984342
1008   0.986482
1009   0.988369
1010   0.99007
1011   0.991493
1012   0.992669
1013   0.993516
1014   0.994047
1015   0.994219
1016   0.994046
1017   0.993548
1018   0.992757
1019   0.991756
1020   0.990599
1021   0.989406
1022   0.988234
1023   0.987198
1024   0.986336
1025   0.985725
1026   0.98537
1027   0.985303
1028   0.9855
1029   0.985956
1030   0.98662
1031   0.987458
1032   0.949245
1033   0.944838
1034   0.939715
1035   0.934392
1036   0.928678
1037   0.923855
1038   0.921936
1039   0.923108
1040   0.93063
1041   0.939161
1042   0.947246
1043   0.954629
1044   0.960891
1045   0.966229
1046   0.970693
1047   0.974515
1048   0.977824
1049   0.980745
1050   0.983371
1051   0.985736
1052   0.987881
1053   0.989789
1054   0.991461
1055   0.992859
1056   0.993969
1057   0.994752
1058   0.995206
1059   0.995308
1060   0.995093
1061   0.994565
1062   0.993809
1063   0.992849
1064   0.991812
1065   0.990724
1066   0.989727
1067   0.98882
1068   0.988138
1069   0.987637
1070   0.987427
1071   0.987426
1072   0.987712
1073   0.988171
1074   0.98885
1075   0.951583
1076   0.947299
1077   0.942457
1078   0.937149
1079   0.931478
1080   0.926179
1081   0.922178
1082   0.922087
1083   0.926961
1084   0.934767
1085   0.943045
1086   0.950744
1087   0.957486
1088   0.963257
1089   0.968138
1090   0.972355
1091   0.975986
1092   0.979234
1093   0.982106
1094   0.98474
1095   0.987089
1096   0.989236
1097   0.991106
1098   0.992744
1099   0.994072
1100   0.995114
1101   0.995814
1102   0.996193
1103   0.996239
1104   0.995981
1105   0.995462
1106   0.994723
1107   0.993851
1108   0.992895
1109   0.991953
1110   0.991072
1111   0.990334
1112   0.989765
1113   0.989418
1114   0.989291
1115   0.9894
1116   0.989713
1117   0.990211
1118   0.95412
1119   0.950201
1120   0.945569
1121   0.940632
1122   0.935017
1123   0.929619
1124   0.924297
1125   0.920784
1126   0.924551
1127   0.930993
1128   0.93906
1129   0.947037
1130   0.954031
1131   0.960208
1132   0.965432
1133   0.970001
1134   0.973957
1135   0.977483
1136   0.98063
1137   0.983484
1138   0.986068
1139   0.988406
1140   0.990495
1141   0.992327
1142   0.993881
1143   0.99514
1144   0.996086
1145   0.996707
1146   0.99701
1147   0.997
1148   0.996722
1149   0.996198
1150   0.995513
1151   0.994695
1152   0.993856
1153   0.993013
1154   0.992283
1155   0.991657
1156   0.991241
1157   0.990989
1158   0.990984
1159   0.991142
1160   0.991514
1161   0.95674
1162   0.953033
1163   0.948818
1164   0.944116
1165   0.938896
1166   0.933403
1167   0.927962
1168   0.92407
1169   0.92359
1170   0.92835
1171   0.935683
1172   0.943451
1173   0.950656
1174   0.957058
1175   0.962588
1176   0.967466
1177   0.971701
1178   0.975516
1179   0.978892
1180   0.981992
1181   0.984766
1182   0.987321
1183   0.989588
1184   0.991631
1185   0.993376
1186   0.99486
1187   0.996023
1188   0.99689
1189   0.997431
1190   0.997673
1191   0.997629
1192   0.997334
1193   0.99684
1194   0.996192
1195   0.995468
1196   0.994711
1197   0.994003
1198   0.993379
1199   0.992901
1200   0.992585
1201   0.992463
1202   0.992521
1203   0.992751
1204   0.959405
1205   0.956079
1206   0.952164
1207   0.947951
1208   0.943065
1209   0.938051
1210   0.932616
1211   0.928034
1212   0.925942
1213   0.926546
1214   0.933092
1215   0.940656
1216   0.947636
1217   0.954203
1218   0.959866
1219   0.964968
1220   0.969427
1221   0.973455
1222   0.977054
1223   0.980339
1224   0.983312
1225   0.986033
1226   0.988488
1227   0.990698
1228   0.992638
1229   0.99431
1230   0.995687
1231   0.996768
1232   0.997541
1233   0.998014
1234   0.998202
1235   0.998125
1236   0.997834
1237   0.997358
1238   0.996776
1239   0.996115
1240   0.995473
1241   0.994859
1242   0.994373
1243   0.993995
1244   0.99381
1245   0.993761
1246   0.993902
1247   0.96203
1248   0.958936
1249   0.955451
1250   0.951575
1251   0.947263
1252   0.942614
1253   0.937788
1254   0.933272
1255   0.929898
1256   0.929402
1257   0.932142
1258   0.938559
1259   0.945197
1260   0.951652
1261   0.957348
1262   0.962575
1263   0.967161
1264   0.971376
1265   0.975117
1266   0.978585
1267   0.981696
1268   0.984589
1269   0.987182
1270   0.989567
1271   0.991661
1272   0.993523
1273   0.995082
1274   0.996376
1275   0.997359
1276   0.998061
1277   0.99847
1278   0.998618
1279   0.998529
1280   0.998242
1281   0.997811
1282   0.997278
1283   0.996713
1284   0.996154
1285   0.995667
1286   0.995278
1287   0.995029
1288   0.994922
1289   0.994961
1290   0.964597
1291   0.96184
1292   0.958664
1293   0.955264
1294   0.95139
1295   0.947384
1296   0.943046
1297   0.939065
1298   0.935395
1299   0.933162
1300   0.934688
1301   0.938288
1302   0.944116
1303   0.950129
1304   0.955563
1305   0.960674
1306   0.965273
1307   0.969511
1308   0.973347
1309   0.976886
1310   0.980115
1311   0.983101
1312   0.985824
1313   0.988321
1314   0.990563
1315   0.992566
1316   0.994298
1317   0.995767
1318   0.996948
1319   0.997851
1320   0.998472
1321   0.998828
1322   0.998941
1323   0.99884
1324   0.998574
1325   0.998174
1326   0.997714
1327   0.997217
1328   0.996768
1329   0.99637
1330   0.996101
1331   0.995932
1332   0.995916
1333   0.967062
1334   0.964522
1335   0.961718
1336   0.958651
1337   0.955312
1338   0.951749
1339   0.948096
1340   0.944471
1341   0.941346
1342   0.938983
1343   0.938552
1344   0.940764
1345   0.944439
1346   0.949627
1347   0.954494
1348   0.959377
1349   0.963774
1350   0.967971
1351   0.971753
1352   0.97533
1353   0.978573
1354   0.981636
1355   0.984413
1356   0.987015
1357   0.989347
1358   0.991484
1359   0.993345
1360   0.994979
1361   0.996326
1362   0.997423
1363   0.998235
1364   0.998795
1365   0.999103
1366   0.999192
1367   0.999093
1368   0.998844
1369   0.998498
1370   0.998093
1371   0.99769
1372   0.997322
1373   0.997035
1374   0.996845
1375   0.996767
1376   0.969422
1377   0.967154
1378   0.964619
1379   0.961936
1380   0.958978
1381   0.95593
1382   0.952724
1383   0.949659
1384   0.946829
1385   0.944692
1386   0.943787
1387   0.944316
1388   0.947024
1389   0.950665
1390   0.954814
1391   0.959011
1392   0.963084
1393   0.966978
1394   0.970634
1395   0.974085
1396   0.977301
1397   0.980327
1398   0.983135
1399   0.985758
1400   0.988162
1401   0.990368
1402   0.992339
1403   0.994089
1404   0.995582
1405   0.996833
1406   0.997819
1407   0.998558
1408   0.999048
1409   0.999316
1410   0.999385
1411   0.999286
1412   0.999066
1413   0.998758
1414   0.998427
1415   0.998091
1416   0.997821
1417   0.997609
1418   0.997507
1419   0.971658
1420   0.969583
1421   0.967342
1422   0.96494
1423   0.962388
1424   0.959711
1425   0.957014
1426   0.954343
1427   0.952001
1428   0.950046
1429   0.949085
1430   0.949007
1431   0.950375
1432   0.952922
1433   0.956012
1434   0.959531
1435   0.963019
1436   0.966568
1437   0.969915
1438   0.973204
1439   0.976264
1440   0.979231
1441   0.981972
1442   0.9846
1443   0.987002
1444   0.989264
1445   0.991287
1446   0.993136
1447   0.994732
1448   0.99612
1449   0.997248
1450   0.998152
1451   0.998807
1452   0.999247
1453   0.999477
1454   0.999532
1455   0.999444
1456   0.999249
1457   0.998996
1458   0.998721
1459   0.998471
1460   0.998269
1461   0.998138
1462   0.973779
1463   0.971917
1464   0.969899
1465   0.967787
1466   0.965531
1467   0.963226
1468   0.960871
1469   0.958603
1470   0.95653
1471   0.954817
1472   0.953749
1473   0.953382
1474   0.954145
1475   0.955743
1476   0.958066
1477   0.960782
1478   0.963732
1479   0.966766
1480   0.969792
1481   0.972773
1482   0.975656
1483   0.978445
1484   0.981102
1485   0.983641
1486   0.986024
1487   0.988264
1488   0.990321
1489   0.992206
1490   0.993882
1491   0.995358
1492   0.996605
1493   0.997636
1494   0.998435
1495   0.999024
1496   0.999403
1497   0.999602
1498   0.999645
1499   0.999563
1500   0.999402
1501   0.99919
1502   0.998982
1503   0.99879
1504   0.998662
1505   0.975777
1506   0.974083
1507   0.97229
1508   0.970406
1509   0.968445
1510   0.966425
1511   0.964419
1512   0.962449
1513   0.960687
1514   0.959155
1515   0.958136
1516   0.957629
1517   0.957898
1518   0.958903
1519   0.960489
1520   0.962584
1521   0.964914
1522   0.967491
1523   0.970085
1524   0.972771
1525   0.97537
1526   0.977983
1527   0.980463
1528   0.982908
1529   0.985192
1530   0.987402
1531   0.989426
1532   0.991335
1533   0.993035
1534   0.994582
1535   0.995904
1536   0.997044
1537   0.997957
1538   0.998678
1539   0.999191
1540   0.999526
1541   0.999695
1542   0.999731
1543   0.999664
1544   0.99953
1545   0.999369
1546   0.999211
1547   0.999083
1548   0.977662
1549   0.976138
1550   0.974528
1551   0.972863
1552   0.97113
1553   0.969376
1554   0.967621
1555   0.96593
1556   0.964377
1557   0.963037
1558   0.962059
1559   0.961493
1560   0.961518
1561   0.962082
1562   0.963193
1563   0.964718
1564   0.966575
1565   0.968656
1566   0.97088
1567   0.973194
1568   0.975534
1569   0.977884
1570   0.980194
1571   0.982463
1572   0.984648
1573   0.986752
1574   0.988734
1575   0.990599
1576   0.992308
1577   0.993866
1578   0.995242
1579   0.996443
1580   0.997446
1581   0.998265
1582   0.998889
1583   0.99934
1584   0.999624
1585   0.999768
1586   0.999796
1587   0.99974
1588   0.999638
1589   0.999513
1590   0.999407
1591   0.979433
1592   0.978053
1593   0.976619
1594   0.975136
1595   0.97362
1596   0.972081
1597   0.970569
1598   0.969095
1599   0.967757
1600   0.966569
1601   0.965674
1602   0.965087
1603   0.964934
1604   0.965225
1605   0.965936
1606   0.967057
1607   0.968459
1608   0.970151
1609   0.971973
1610   0.973974
1611   0.975997
1612   0.978117
1613   0.98019
1614   0.982301
1615   0.984318
1616   0.986324
1617   0.9882
1618   0.99002
1619   0.991679
1620   0.993241
1621   0.994619
1622   0.995865
1623   0.996917
1624   0.997815
1625   0.998522
1626   0.999073
1627   0.999455
1628   0.9997
1629   0.99982
1630   0.999846
1631   0.999805
1632   0.999728
1633   0.999644
1634   0.981095
1635   0.979855
1636   0.97857
1637   0.977256
1638   0.975915
1639   0.974572
1640   0.973246
1641   0.971971
1642   0.970794
1643   0.969756
1644   0.968933
1645   0.968361
1646   0.968123
1647   0.968224
1648   0.968687
1649   0.969477
1650   0.970558
1651   0.971884
1652   0.973398
1653   0.975066
1654   0.976832
1655   0.978676
1656   0.98055
1657   0.982444
1658   0.984316
1659   0.986161
1660   0.98794
1661   0.989652
1662   0.99126
1663   0.992764
1664   0.994134
1665   0.995372
1666   0.996453
1667   0.997386
1668   0.998154
1669   0.998771
1670   0.999233
1671   0.999561
1672   0.999761
1673   0.999862
1674   0.999883
1675   0.999854
1676   0.999803
1677   0.982652
1678   0.981536
1679   0.98039
1680   0.979221
1681   0.978042
1682   0.976861
1683   0.975711
1684   0.974596
1685   0.973576
1686   0.972658
1687   0.971919
1688   0.971373
1689   0.971086
1690   0.971073
1691   0.971342
1692   0.971908
1693   0.972708
1694   0.973767
1695   0.974981
1696   0.976393
1697   0.97788
1698   0.979505
1699   0.981139
1700   0.982857
1701   0.984534
1702   0.986246
1703   0.987875
1704   0.989495
1705   0.990997
1706   0.99245
1707   0.99376
1708   0.994985
1709   0.99605
1710   0.997005
1711   0.997796
1712   0.998464
1713   0.998979
1714   0.999374
1715   0.999641
1716   0.99981
1717   0.999891
1718   0.999912
1719   0.999895
1720   0.984108
1721   0.983106
1722   0.982082
1723   0.981045
1724   0.980002
1725   0.978967
1726   0.977956
1727   0.976987
1728   0.976091
1729   0.97529
1730   0.974625
1731   0.974124
1732   0.973824
1733   0.973745
1734   0.973902
1735   0.974296
1736   0.974913
1737   0.97574
1738   0.976743
1739   0.977905
1740   0.979187
1741   0.980574
1742   0.982025
1743   0.983531
1744   0.985053
1745   0.986586
1746   0.988093
1747   0.989569
1748   0.990982
1749   0.992331
1750   0.993585
1751   0.994745
1752   0.995789
1753   0.996719
1754   0.997519
1755   0.998197
1756   0.998746
1757   0.999179
1758   0.999496
1759   0.999716
1760   0.999848
1761   0.999915
1762   0.999933
1763   0.985466
1764   0.984568
1765   0.983655
1766   0.982733
1767   0.981813
1768   0.980901
1769   0.980019
1770   0.97917
1771   0.978391
1772   0.977686
1773   0.9771
1774   0.976642
1775   0.97635
1776   0.976239
1777   0.976316
1778   0.976604
1779   0.977067
1780   0.977738
1781   0.978544
1782   0.97953
1783   0.980601
1784   0.981814
1785   0.98306
1786   0.984408
1787   0.985743
1788   0.987138
1789   0.988482
1790   0.989847
1791   0.991127
1792   0.992391
1793   0.993546
1794   0.994652
1795   0.995631
1796   0.996537
1797   0.997307
1798   0.997989
1799   0.998539
1800   0.998998
1801   0.999341
1802   0.999601
1803   0.999771
1804   0.999878
1805   0.999931
1806   0.98673
1807   0.985926
1808   0.985112
1809   0.984293
1810   0.983478
1811   0.982675
1812   0.981898
1813   0.981158
1814   0.980474
1815   0.979862
1816   0.979345
1817   0.978942
1818   0.978673
1819   0.978554
1820   0.978597
1821   0.978808
1822   0.979184
1823   0.979721
1824   0.980404
1825   0.981222
1826   0.982151
1827   0.983181
1828   0.984285
1829   0.98545
1830   0.98665
1831   0.987874
1832   0.989097
1833   0.99031
1834   0.991489
1835   0.992626
1836   0.993702
1837   0.99471
1838   0.995635
1839   0.996474
1840   0.997217
1841   0.997863
1842   0.99841
1843   0.998861
1844   0.999219
1845   0.999493
1846   0.999689
1847   0.999822
1848   0.999902
