##### Y Variance #####
0   0.999927
1   0.999863
2   0.999312
3   0.998085
4   0.996003
5   0.992982
6   0.988936
7   0.983963
8   0.978165
9   0.972046
10   0.965717
11   0.959543
12   0.953597
13   0.948121
14   0.943212
15   0.939029
16   0.935665
17   0.933216
18   0.931688
19   0.931056
20   0.931278
21   0.93224
22   0.933906
23   0.936133
24   0.938859
25   0.941905
26   0.945197
27   0.948563
28   0.951964
29   0.955281
30   0.958504
31   0.961568
32   0.964481
33   0.967218
34   0.969794
35   0.972204
36   0.974463
37   0.976573
38   0.978543
39   0.980379
40   0.982088
41   0.983673
42   0.985143
43   0.999556
44   0.999853
45   0.999704
46   0.998884
47   0.997068
48   0.994349
49   0.990241
50   0.985359
51   0.97883
52   0.972649
53   0.965348
54   0.958795
55   0.95184
56   0.945716
57   0.939888
58   0.934999
59   0.930884
60   0.927877
61   0.925878
62   0.924845
63   0.924928
64   0.925655
65   0.927477
66   0.929714
67   0.932858
68   0.936115
69   0.939972
70   0.943634
71   0.947598
72   0.951232
73   0.954948
74   0.958308
75   0.961613
76   0.964609
77   0.967487
78   0.97012
79   0.972614
80   0.974914
81   0.97707
82   0.979066
83   0.980922
84   0.982639
85   0.984226
86   0.998624
87   0.999281
88   0.999698
89   0.999461
90   0.998286
91   0.996071
92   0.992604
93   0.988053
94   0.982128
95   0.975369
96   0.967948
97   0.960285
98   0.952559
99   0.945202
100   0.938306
101   0.93236
102   0.927285
103   0.923331
104   0.920474
105   0.918699
106   0.918104
107   0.918515
108   0.920023
109   0.922393
110   0.9256
111   0.929325
112   0.9335
113   0.937794
114   0.942191
115   0.946473
116   0.950638
117   0.954559
118   0.958255
119   0.961689
120   0.964887
121   0.967852
122   0.970604
123   0.973155
124   0.975517
125   0.977703
126   0.979721
127   0.981583
128   0.983294
129   0.996976
130   0.997981
131   0.998951
132   0.999384
133   0.998955
134   0.997488
135   0.994732
136   0.99093
137   0.985689
138   0.979419
139   0.97177
140   0.964074
141   0.955164
142   0.947425
143   0.938719
144   0.932173
145   0.925424
146   0.920451
147   0.916238
148   0.91324
149   0.911729
150   0.911232
151   0.912393
152   0.914424
153   0.917823
154   0.921646
155   0.926406
156   0.931062
157   0.936201
158   0.941
159   0.945895
160   0.95032
161   0.954604
162   0.958462
163   0.962101
164   0.965405
165   0.968485
166   0.971301
167   0.973906
168   0.976296
169   0.978495
170   0.980511
171   0.982357
172   0.994487
173   0.995615
174   0.997184
175   0.998316
176   0.998793
177   0.998196
178   0.996451
179   0.993531
180   0.989301
181   0.983896
182   0.977236
183   0.969751
184   0.961485
185   0.952946
186   0.944176
187   0.935616
188   0.927614
189   0.920352
190   0.914173
191   0.909337
192   0.905965
193   0.904458
194   0.904526
195   0.906177
196   0.909192
197   0.913131
198   0.91803
199   0.923354
200   0.929045
201   0.934745
202   0.940324
203   0.945575
204   0.950447
205   0.954937
206   0.959037
207   0.962801
208   0.966228
209   0.969375
210   0.97224
211   0.974867
212   0.977255
213   0.97944
214   0.981423
215   0.991186
216   0.992513
217   0.994431
218   0.99624
219   0.997527
220   0.997857
221   0.997071
222   0.995175
223   0.991999
224   0.987721
225   0.982163
226   0.975653
227   0.968143
228   0.960056
229   0.951236
230   0.942342
231   0.932607
232   0.924534
233   0.915301
234   0.909637
235   0.902826
236   0.900632
237   0.89836
238   0.899153
239   0.901274
240   0.904508
241   0.909568
242   0.914987
243   0.921527
244   0.927889
245   0.934471
246   0.940419
247   0.946094
248   0.951169
249   0.955856
250   0.960069
251   0.963916
252   0.967394
253   0.970556
254   0.973423
255   0.976021
256   0.978376
257   0.980506
258   0.987086
259   0.988173
260   0.990603
261   0.992952
262   0.995133
263   0.996337
264   0.996631
265   0.995734
266   0.993736
267   0.990572
268   0.986249
269   0.980883
270   0.974506
271   0.967348
272   0.959422
273   0.951034
274   0.942078
275   0.93323
276   0.924384
277   0.916273
278   0.908845
279   0.902557
280   0.898097
281   0.895248
282   0.894847
283   0.89661
284   0.900514
285   0.906374
286   0.913321
287   0.920668
288   0.928045
289   0.935047
290   0.941438
291   0.947317
292   0.952557
293   0.957329
294   0.961578
295   0.965439
296   0.968889
297   0.972019
298   0.974819
299   0.977356
300   0.979625
301   0.982409
302   0.983521
303   0.986001
304   0.988926
305   0.991773
306   0.99388
307   0.995068
308   0.995215
309   0.994233
310   0.992221
311   0.989045
312   0.984923
313   0.979744
314   0.9738
315   0.967003
316   0.959673
317   0.951759
318   0.943487
319   0.935049
320   0.926581
321   0.918194
322   0.9104
323   0.902316
324   0.897717
325   0.892229
326   0.893106
327   0.893517
328   0.899347
329   0.906172
330   0.913745
331   0.922044
332   0.929668
333   0.936952
334   0.943479
335   0.949367
336   0.954626
337   0.959324
338   0.963531
339   0.967291
340   0.970663
341   0.973678
342   0.97638
343   0.978799
344   0.97729
345   0.977701
346   0.980558
347   0.983828
348   0.987474
349   0.990361
350   0.992551
351   0.993591
352   0.993704
353   0.992687
354   0.990698
355   0.9877
356   0.983791
357   0.979054
358   0.97354
359   0.967406
360   0.960632
361   0.953412
362   0.945762
363   0.937888
364   0.929846
365   0.92193
366   0.914057
367   0.907193
368   0.901279
369   0.897232
370   0.895764
371   0.896442
372   0.901203
373   0.908062
374   0.916299
375   0.924935
376   0.932788
377   0.94011
378   0.946465
379   0.952235
380   0.957279
381   0.961832
382   0.965842
383   0.969451
384   0.972643
385   0.975512
386   0.978054
387   0.972167
388   0.972525
389   0.974748
390   0.978311
391   0.982483
392   0.986232
393   0.989209
394   0.991193
395   0.992157
396   0.992143
397   0.99111
398   0.98922
399   0.986404
400   0.982877
401   0.978563
402   0.973673
403   0.968136
404   0.962104
405   0.955582
406   0.948684
407   0.941512
408   0.93421
409   0.926978
410   0.91982
411   0.913346
412   0.907565
413   0.902741
414   0.901048
415   0.899938
416   0.905996
417   0.912573
418   0.921351
419   0.929662
420   0.937347
421   0.944118
422   0.950206
423   0.955567
424   0.960363
425   0.964606
426   0.968392
427   0.971753
428   0.974749
429   0.977414
430   0.967085
431   0.966725
432   0.96871
433   0.971891
434   0.976831
435   0.981286
436   0.985156
437   0.987917
438   0.989822
439   0.990616
440   0.99057
441   0.989577
442   0.987841
443   0.985341
444   0.982203
445   0.978453
446   0.974139
447   0.969312
448   0.963984
449   0.958253
450   0.952136
451   0.945806
452   0.93924
453   0.932677
454   0.926252
455   0.920282
456   0.915011
457   0.911194
458   0.908976
459   0.909247
460   0.914174
461   0.920658
462   0.928404
463   0.93608
464   0.942778
465   0.948976
466   0.954424
467   0.959354
468   0.963703
469   0.967612
470   0.971069
471   0.974169
472   0.976914
473   0.962248
474   0.961581
475   0.962761
476   0.965951
477   0.970904
478   0.976035
479   0.980587
480   0.984192
481   0.986811
482   0.988452
483   0.989144
484   0.989041
485   0.988136
486   0.986624
487   0.984451
488   0.981793
489   0.978568
490   0.974906
491   0.970746
492   0.96617
493   0.961199
494   0.955871
495   0.950311
496   0.94447
497   0.938717
498   0.93298
499   0.927903
500   0.923337
501   0.92028
502   0.918469
503   0.919038
504   0.923685
505   0.92928
506   0.936223
507   0.942536
508   0.948557
509   0.953925
510   0.958823
511   0.96319
512   0.967121
513   0.97063
514   0.973772
515   0.976579
516   0.957691
517   0.956308
518   0.956915
519   0.959204
520   0.964707
521   0.970308
522   0.975587
523   0.979869
524   0.983303
525   0.985613
526   0.987112
527   0.987687
528   0.987628
529   0.986876
530   0.985636
531   0.983863
532   0.981668
533   0.979012
534   0.975943
535   0.972446
536   0.968546
537   0.964269
538   0.959637
539   0.954726
540   0.949635
541   0.944525
542   0.939603
543   0.935096
544   0.931406
545   0.928759
546   0.928059
547   0.929348
548   0.933526
549   0.938563
550   0.944021
551   0.949325
552   0.95433
553   0.958958
554   0.963181
555   0.967023
556   0.97049
557   0.973623
558   0.976438
559   0.953568
560   0.951722
561   0.951499
562   0.953661
563   0.958612
564   0.96456
565   0.970351
566   0.975361
567   0.979425
568   0.982474
569   0.984567
570   0.98586
571   0.986408
572   0.986416
573   0.985868
574   0.984942
575   0.98356
576   0.981846
577   0.979705
578   0.977208
579   0.974299
580   0.970997
581   0.967337
582   0.963286
583   0.959035
584   0.954518
585   0.950135
586   0.945776
587   0.942117
588   0.939035
589   0.937522
590   0.937368
591   0.93925
592   0.942692
593   0.946766
594   0.951198
595   0.955545
596   0.959752
597   0.963677
598   0.967326
599   0.970671
600   0.973729
601   0.976509
602   0.949934
603   0.947442
604   0.946464
605   0.947335
606   0.952524
607   0.958586
608   0.964901
609   0.970493
610   0.975282
611   0.978931
612   0.981718
613   0.983554
614   0.984773
615   0.985332
616   0.985492
617   0.985191
618   0.984593
619   0.983613
620   0.982333
621   0.980669
622   0.978657
623   0.976237
624   0.97344
625   0.970242
626   0.96672
627   0.962906
628   0.95898
629   0.955021
630   0.951401
631   0.948216
632   0.946123
633   0.945028
634   0.945774
635   0.947645
636   0.95058
637   0.953927
638   0.957557
639   0.961161
640   0.964696
641   0.968037
642   0.971189
643   0.974104
644   0.976803
645   0.946893
646   0.943902
647   0.942159
648   0.942781
649   0.946773
650   0.952755
651   0.959382
652   0.965594
653   0.970971
654   0.975299
655   0.978622
656   0.981081
657   0.982779
658   0.983939
659   0.984589
660   0.984927
661   0.984893
662   0.984622
663   0.984006
664   0.98312
665   0.981859
666   0.980249
667   0.978241
668   0.975821
669   0.973049
670   0.969889
671   0.966556
672   0.963017
673   0.959679
674   0.956549
675   0.954188
676   0.952636
677   0.952332
678   0.953175
679   0.954931
680   0.957354
681   0.960143
682   0.963136
683   0.966166
684   0.969152
685   0.972029
686   0.974759
687   0.977322
688   0.944491
689   0.941016
690   0.938505
691   0.937649
692   0.941283
693   0.946709
694   0.953733
695   0.960478
696   0.966517
697   0.971433
698   0.975398
699   0.978355
700   0.980632
701   0.982227
702   0.983435
703   0.984217
704   0.98477
705   0.985008
706   0.985037
707   0.984746
708   0.984181
709   0.983237
710   0.981939
711   0.980211
712   0.978105
713   0.975586
714   0.972789
715   0.969733
716   0.966699
717   0.963742
718   0.961324
719   0.959444
720   0.958621
721   0.958601
722   0.959553
723   0.961075
724   0.963157
725   0.965479
726   0.968021
727   0.97058
728   0.973163
729   0.975647
730   0.978054
731   0.942756
732   0.938852
733   0.935799
734   0.934564
735   0.936303
736   0.941132
737   0.948133
738   0.955381
739   0.961988
740   0.967548
741   0.972055
742   0.975604
743   0.978322
744   0.980439
745   0.982032
746   0.983316
747   0.984268
748   0.985037
749   0.985525
750   0.985816
751   0.985786
752   0.985469
753   0.984767
754   0.983681
755   0.982185
756   0.980269
757   0.978024
758   0.975455
759   0.972799
760   0.97011
761   0.967735
762   0.965767
763   0.964506
764   0.963972
765   0.964188
766   0.965044
767   0.966414
768   0.968162
769   0.970167
770   0.972323
771   0.974554
772   0.976788
773   0.978982
774   0.941713
775   0.937471
776   0.933861
777   0.93155
778   0.932029
779   0.935001
780   0.942442
781   0.950195
782   0.957338
783   0.963496
784   0.968626
785   0.972692
786   0.97596
787   0.978483
788   0.980557
789   0.982194
790   0.983607
791   0.98474
792   0.985711
793   0.986417
794   0.986908
795   0.98707
796   0.986921
797   0.986362
798   0.985423
799   0.984041
800   0.982304
801   0.980203
802   0.977932
803   0.975529
804   0.97331
805   0.971305
806   0.96987
807   0.968922
808   0.968681
809   0.968938
810   0.969778
811   0.970959
812   0.972513
813   0.974234
814   0.976143
815   0.978083
816   0.980077
817   0.941355
818   0.936846
819   0.932736
820   0.929676
821   0.928515
822   0.930802
823   0.93714
824   0.944985
825   0.952616
826   0.959372
827   0.965083
828   0.969747
829   0.973482
830   0.976508
831   0.978942
832   0.981015
833   0.982744
834   0.984294
835   0.985592
836   0.986734
837   0.9876
838   0.988232
839   0.988514
840   0.988457
841   0.98799
842   0.987115
843   0.985848
844   0.984207
845   0.982321
846   0.980249
847   0.978212
848   0.976302
849   0.974741
850   0.973589
851   0.972952
852   0.972808
853   0.973147
854   0.973891
855   0.974985
856   0.976338
857   0.977893
858   0.979568
859   0.981313
860   0.941641
861   0.937004
862   0.93241
863   0.928547
864   0.925899
865   0.925676
866   0.932071
867   0.939878
868   0.947798
869   0.955102
870   0.961413
871   0.966641
872   0.970928
873   0.974386
874   0.977278
875   0.979681
876   0.981808
877   0.983648
878   0.985324
879   0.986765
880   0.988021
881   0.988993
882   0.989692
883   0.990025
884   0.989998
885   0.989546
886   0.988716
887   0.987484
888   0.985977
889   0.984217
890   0.982418
891   0.980617
892   0.979071
893   0.977767
894   0.976919
895   0.976427
896   0.976426
897   0.976757
898   0.977498
899   0.978475
900   0.979736
901   0.981118
902   0.982652
903   0.942489
904   0.937692
905   0.932792
906   0.92817
907   0.924388
908   0.923588
909   0.927684
910   0.934861
911   0.942949
912   0.950711
913   0.957604
914   0.963421
915   0.96822
916   0.972186
917   0.975459
918   0.978278
919   0.980697
920   0.982895
921   0.984831
922   0.986612
923   0.98814
924   0.989465
925   0.990476
926   0.99119
927   0.991521
928   0.991475
929   0.991027
930   0.990195
931   0.98904
932   0.987612
933   0.98605
934   0.984432
935   0.982925
936   0.981599
937   0.980578
938   0.979886
939   0.979574
940   0.979616
941   0.980009
942   0.980695
943   0.981644
944   0.982784
945   0.984069
946   0.94385
947   0.939137
948   0.933947
949   0.928948
950   0.923999
951   0.920715
952   0.923987
953   0.929965
954   0.93807
955   0.946244
956   0.953644
957   0.960036
958   0.96537
959   0.969805
960   0.97353
961   0.976694
962   0.979483
963   0.981948
964   0.984204
965   0.986223
966   0.988055
967   0.989632
968   0.99096
969   0.991963
970   0.992637
971   0.992921
972   0.992834
973   0.992347
974   0.991535
975   0.990409
976   0.98911
977   0.987672
978   0.986283
979   0.984959
980   0.983885
981   0.983026
982   0.982528
983   0.982302
984   0.98245
985   0.982846
986   0.983556
987   0.984435
988   0.985524
989   0.945613
990   0.940867
991   0.935688
992   0.930275
993   0.92496
994   0.921275
995   0.921197
996   0.925756
997   0.933388
998   0.941714
999   0.949586
1000   0.956471
1001   0.962325
1002   0.967251
1003   0.971384
1004   0.974956
1005   0.978045
1006   0.980842
1007   0.983333
1008   0.985641
1009   0.987689
1010   0.989545
1011   0.991109
1012   0.99241
1013   0.993358
1014   0.993968
1015   0.994191
1016   0.994044
1017   0.993544
1018   0.992729
1019   0.991685
1020   0.990469
1021   0.989209
1022   0.987968
1023   0.986865
1024   0.985944
1025   0.985284
1026   0.984892
1027   0.984804
1028   0.984992
1029   0.985452
1030   0.986132
1031   0.986995
1032   0.947742
1033   0.943241
1034   0.938052
1035   0.932679
1036   0.926945
1037   0.922113
1038   0.92019
1039   0.921354
1040   0.928839
1041   0.937337
1042   0.945413
1043   0.952807
1044   0.95911
1045   0.96451
1046   0.969066
1047   0.972998
1048   0.976439
1049   0.979504
1050   0.982284
1051   0.984808
1052   0.987113
1053   0.989174
1054   0.990992
1055   0.992521
1056   0.993744
1057   0.994619
1058   0.995141
1059   0.995287
1060   0.995092
1061   0.99456
1062   0.99378
1063   0.99278
1064   0.991692
1065   0.990545
1066   0.98949
1067   0.988527
1068   0.987797
1069   0.987256
1070   0.987019
1071   0.987002
1072   0.987286
1073   0.987751
1074   0.988448
1075   0.950126
1076   0.945755
1077   0.940845
1078   0.935489
1079   0.929793
1080   0.924486
1081   0.92049
1082   0.920393
1083   0.925241
1084   0.933016
1085   0.941273
1086   0.948971
1087   0.955734
1088   0.961554
1089   0.966507
1090   0.97082
1091   0.974564
1092   0.977944
1093   0.980956
1094   0.983742
1095   0.986242
1096   0.988541
1097   0.990555
1098   0.992329
1099   0.993776
1100   0.994921
1101   0.995703
1102   0.996141
1103   0.996224
1104   0.995981
1105   0.995455
1106   0.994694
1107   0.993785
1108   0.992784
1109   0.991793
1110   0.990862
1111   0.990078
1112   0.98947
1113   0.989093
1114   0.988945
1115   0.989046
1116   0.98936
1117   0.989868
1118   0.952714
1119   0.948708
1120   0.944011
1121   0.939023
1122   0.933383
1123   0.927973
1124   0.922662
1125   0.919162
1126   0.922905
1127   0.929318
1128   0.937359
1129   0.945322
1130   0.952327
1131   0.958536
1132   0.963818
1133   0.968465
1134   0.972521
1135   0.976162
1136   0.979438
1137   0.98243
1138   0.985157
1139   0.987641
1140   0.989872
1141   0.991838
1142   0.993517
1143   0.994885
1144   0.995922
1145   0.996615
1146   0.99697
1147   0.99699
1148   0.996722
1149   0.996191
1150   0.995484
1151   0.994634
1152   0.993755
1153   0.992869
1154   0.992098
1155   0.991433
1156   0.990988
1157   0.990712
1158   0.990695
1159   0.990849
1160   0.991226
1161   0.95539
1162   0.951601
1163   0.947318
1164   0.942567
1165   0.937317
1166   0.931813
1167   0.926377
1168   0.922495
1169   0.922017
1170   0.926755
1171   0.934058
1172   0.941807
1173   0.94901
1174   0.955433
1175   0.961004
1176   0.965947
1177   0.970264
1178   0.974181
1179   0.97767
1180   0.980898
1181   0.983803
1182   0.986497
1183   0.988899
1184   0.991076
1185   0.992944
1186   0.994543
1187   0.995803
1188   0.996752
1189   0.997356
1190   0.997641
1191   0.997622
1192   0.997334
1193   0.996832
1194   0.996164
1195   0.99541
1196   0.994619
1197   0.993876
1198   0.993217
1199   0.992709
1200   0.99237
1201   0.992233
1202   0.992283
1203   0.992513
1204   0.958112
1205   0.954705
1206   0.950727
1207   0.946461
1208   0.941545
1209   0.936513
1210   0.93108
1211   0.926508
1212   0.924423
1213   0.92503
1214   0.931547
1215   0.939085
1216   0.946057
1217   0.952632
1218   0.958326
1219   0.963477
1220   0.968005
1221   0.97212
1222   0.975819
1223   0.979217
1224   0.982313
1225   0.985161
1226   0.987746
1227   0.990084
1228   0.992146
1229   0.993932
1230   0.995411
1231   0.996581
1232   0.997425
1233   0.997953
1234   0.998177
1235   0.998121
1236   0.997834
1237   0.997349
1238   0.996749
1239   0.996062
1240   0.99539
1241   0.994746
1242   0.994233
1243   0.993832
1244   0.993631
1245   0.993571
1246   0.993709
1247   0.960798
1248   0.957628
1249   0.954079
1250   0.950151
1251   0.945804
1252   0.941134
1253   0.936303
1254   0.931793
1255   0.92843
1256   0.927937
1257   0.93067
1258   0.937064
1259   0.943688
1260   0.950144
1261   0.955858
1262   0.961123
1263   0.965764
1264   0.970052
1265   0.97388
1266   0.977448
1267   0.980669
1268   0.98368
1269   0.986393
1270   0.988901
1271   0.991113
1272   0.993089
1273   0.994751
1274   0.996138
1275   0.997199
1276   0.997964
1277   0.99842
1278   0.998598
1279   0.998526
1280   0.998242
1281   0.997802
1282   0.997253
1283   0.996665
1284   0.996081
1285   0.99557
1286   0.995159
1287   0.994893
1288   0.994775
1289   0.994809
1290   0.963428
1291   0.960597
1292   0.957359
1293   0.953905
1294   0.949995
1295   0.945963
1296   0.941614
1297   0.937631
1298   0.933971
1299   0.931748
1300   0.933269
1301   0.936861
1302   0.942674
1303   0.948681
1304   0.954128
1305   0.959266
1306   0.963909
1307   0.968207
1308   0.972118
1309   0.975745
1310   0.979073
1311   0.982165
1312   0.985
1313   0.987612
1314   0.989968
1315   0.992081
1316   0.993916
1317   0.99548
1318   0.996743
1319   0.997716
1320   0.998391
1321   0.998788
1322   0.998927
1323   0.998838
1324   0.998573
1325   0.998165
1326   0.99769
1327   0.997174
1328   0.996704
1329   0.996287
1330   0.996003
1331   0.995821
1332   0.995799
1333   0.965955
1334   0.963347
1335   0.960482
1336   0.957364
1337   0.953984
1338   0.950392
1339   0.946721
1340   0.94309
1341   0.939965
1342   0.937609
1343   0.937181
1344   0.939388
1345   0.943057
1346   0.948239
1347   0.953113
1348   0.958016
1349   0.962448
1350   0.966695
1351   0.970539
1352   0.974194
1353   0.977523
1354   0.980683
1355   0.983562
1356   0.986272
1357   0.98871
1358   0.990955
1359   0.992915
1360   0.994645
1361   0.996076
1362   0.997247
1363   0.99812
1364   0.998728
1365   0.99907
1366   0.999181
1367   0.999092
1368   0.998843
1369   0.998489
1370   0.998071
1371   0.997652
1372   0.997268
1373   0.996967
1374   0.996765
1375   0.99668
1376   0.96838
1377   0.966046
1378   0.963454
1379   0.960719
1380   0.957719
1381   0.954639
1382   0.951411
1383   0.948333
1384   0.945498
1385   0.943362
1386   0.942458
1387   0.942989
1388   0.945692
1389   0.94933
1390   0.953485
1391   0.957697
1392   0.961799
1393   0.965734
1394   0.969444
1395   0.97296
1396   0.976254
1397   0.979366
1398   0.982268
1399   0.984989
1400   0.987493
1401   0.9898
1402   0.99187
1403   0.993712
1404   0.995291
1405   0.996617
1406   0.997668
1407   0.998461
1408   0.998993
1409   0.99929
1410   0.999376
1411   0.999285
1412   0.999065
1413   0.99875
1414   0.998407
1415   0.998059
1416   0.997777
1417   0.997554
1418   0.997444
1419   0.97068
1420   0.968544
1421   0.966247
1422   0.963796
1423   0.961201
1424   0.95849
1425   0.955767
1426   0.953078
1427   0.950724
1428   0.948765
1429   0.947801
1430   0.947724
1431   0.94909
1432   0.951637
1433   0.954731
1434   0.958264
1435   0.961775
1436   0.965359
1437   0.968752
1438   0.972099
1439   0.975226
1440   0.97827
1441   0.981095
1442   0.983814
1443   0.986308
1444   0.988665
1445   0.990781
1446   0.992721
1447   0.9944
1448   0.995866
1449   0.997062
1450   0.998024
1451   0.998726
1452   0.999201
1453   0.999456
1454   0.999526
1455   0.999444
1456   0.999248
1457   0.998989
1458   0.998705
1459   0.998445
1460   0.998233
1461   0.998096
1462   0.972864
1463   0.970945
1464   0.968874
1465   0.966714
1466   0.964416
1467   0.962075
1468   0.959692
1469   0.957403
1470   0.955314
1471   0.953591
1472   0.952518
1473   0.952149
1474   0.952909
1475   0.954508
1476   0.956835
1477   0.959564
1478   0.962533
1479   0.965596
1480   0.968662
1481   0.971693
1482   0.974635
1483   0.977493
1484   0.980226
1485   0.982846
1486   0.985315
1487   0.987643
1488   0.989788
1489   0.991759
1490   0.993517
1491   0.995069
1492   0.996385
1493   0.997476
1494   0.998326
1495   0.998955
1496   0.999365
1497   0.999586
1498   0.99964
1499   0.999563
1500   0.999401
1501   0.999183
1502   0.998969
1503   0.998769
1504   0.998635
1505   0.974925
1506   0.973177
1507   0.971334
1508   0.969404
1509   0.967402
1510   0.965346
1511   0.96331
1512   0.961316
1513   0.959535
1514   0.95799
1515   0.956962
1516   0.95645
1517   0.956715
1518   0.957721
1519   0.959311
1520   0.961415
1521   0.963762
1522   0.966365
1523   0.968992
1524   0.971722
1525   0.974373
1526   0.977047
1527   0.979593
1528   0.982113
1529   0.984475
1530   0.986766
1531   0.988871
1532   0.990863
1533   0.992641
1534   0.994263
1535   0.995653
1536   0.996855
1537   0.997821
1538   0.998587
1539   0.999134
1540   0.999495
1541   0.999682
1542   0.999727
1543   0.999664
1544   0.999529
1545   0.999364
1546   0.999201
1547   0.999068
1548   0.976869
1549   0.975297
1550   0.973639
1551   0.971931
1552   0.970158
1553   0.968369
1554   0.966583
1555   0.964866
1556   0.963292
1557   0.961936
1558   0.960947
1559   0.960373
1560   0.960393
1561   0.960956
1562   0.96207
1563   0.963603
1564   0.965474
1565   0.967577
1566   0.969831
1567   0.972182
1568   0.974568
1569   0.976971
1570   0.979341
1571   0.981677
1572   0.983932
1573   0.98611
1574   0.988168
1575   0.990109
1576   0.991893
1577   0.993523
1578   0.994965
1579   0.996228
1580   0.997285
1581   0.99815
1582   0.998812
1583   0.999293
1584   0.999598
1585   0.999757
1586   0.999793
1587   0.99974
1588   0.999637
1589   0.99951
1590   0.9994
1591   0.978698
1592   0.977274
1593   0.975796
1594   0.974272
1595   0.972717
1596   0.971144
1597   0.969601
1598   0.968101
1599   0.966741
1600   0.965535
1601   0.964626
1602   0.964029
1603   0.96387
1604   0.964158
1605   0.964871
1606   0.965999
1607   0.967412
1608   0.969123
1609   0.97097
1610   0.973004
1611   0.975066
1612   0.977234
1613   0.97936
1614   0.981531
1615   0.983611
1616   0.985685
1617   0.98763
1618   0.989521
1619   0.991249
1620   0.992879
1621   0.994321
1622   0.995628
1623   0.996732
1624   0.997678
1625   0.998425
1626   0.999009
1627   0.999416
1628   0.99968
1629   0.999811
1630   0.999843
1631   0.999805
1632   0.999728
1633   0.999642
1634   0.980417
1635   0.979135
1636   0.97781
1637   0.976457
1638   0.97508
1639   0.973704
1640   0.972348
1641   0.971047
1642   0.969848
1643   0.968791
1644   0.967952
1645   0.96737
1646   0.967124
1647   0.967221
1648   0.967685
1649   0.968479
1650   0.96957
1651   0.970912
1652   0.972448
1653   0.974144
1654   0.975945
1655   0.97783
1656   0.979751
1657   0.981698
1658   0.983627
1659   0.985533
1660   0.987375
1661   0.989152
1662   0.990824
1663   0.992392
1664   0.993822
1665   0.995118
1666   0.996251
1667   0.997231
1668   0.99804
1669   0.998691
1670   0.999181
1671   0.999529
1672   0.999745
1673   0.999855
1674   0.999881
1675   0.999853
1676   0.999802
1677   0.982027
1678   0.980872
1679   0.97969
1680   0.978485
1681   0.977273
1682   0.976061
1683   0.974881
1684   0.973741
1685   0.972698
1686   0.971761
1687   0.971007
1688   0.970449
1689   0.970152
1690   0.970136
1691   0.970403
1692   0.970973
1693   0.971781
1694   0.972854
1695   0.974086
1696   0.975523
1697   0.97704
1698   0.978702
1699   0.980378
1700   0.982143
1701   0.98387
1702   0.985637
1703   0.987322
1704   0.989002
1705   0.990563
1706   0.992075
1707   0.99344
1708   0.99472
1709   0.995835
1710   0.996836
1711   0.997667
1712   0.99837
1713   0.998913
1714   0.999331
1715   0.999615
1716   0.999796
1717   0.999885
1718   0.99991
1719   0.999895
1720   0.983533
1721   0.982497
1722   0.981439
1723   0.980369
1724   0.979295
1725   0.978231
1726   0.977192
1727   0.9762
1728   0.975281
1729   0.974462
1730   0.973782
1731   0.973268
1732   0.972959
1733   0.972875
1734   0.97303
1735   0.973427
1736   0.974051
1737   0.974889
1738   0.975908
1739   0.977092
1740   0.9784
1741   0.97982
1742   0.981307
1743   0.982855
1744   0.984423
1745   0.986005
1746   0.987562
1747   0.989092
1748   0.990558
1749   0.99196
1750   0.993266
1751   0.994477
1752   0.995567
1753   0.99654
1754   0.997379
1755   0.998092
1756   0.998669
1757   0.999126
1758   0.999461
1759   0.999695
1760   0.999837
1761   0.99991
1762   0.999931
1763   0.984939
1764   0.984009
1765   0.983066
1766   0.982114
1767   0.981166
1768   0.980227
1769   0.979319
1770   0.978447
1771   0.977648
1772   0.976925
1773   0.976324
1774   0.975854
1775   0.975553
1776   0.975436
1777   0.975511
1778   0.975801
1779   0.97627
1780   0.976951
1781   0.97777
1782   0.978777
1783   0.97987
1784   0.981112
1785   0.98239
1786   0.983775
1787   0.98515
1788   0.986589
1789   0.987978
1790   0.989391
1791   0.990719
1792   0.992032
1793   0.993233
1794   0.994386
1795   0.995408
1796   0.996355
1797   0.997161
1798   0.997876
1799   0.998454
1800   0.998937
1801   0.999298
1802   0.999574
1803   0.999755
1804   0.99987
1805   0.999927
1806   0.986248
1807   0.985415
1808   0.984573
1809   0.983728
1810   0.982887
1811   0.98206
1812   0.981259
1813   0.980498
1814   0.979795
1815   0.979167
1816   0.978636
1817   0.978221
1818   0.977943
1819   0.977819
1820   0.97786
1821   0.978072
1822   0.978453
1823   0.978999
1824   0.979694
1825   0.980529
1826   0.98148
1827   0.982534
1828   0.983667
1829   0.984864
1830   0.9861
1831   0.987363
1832   0.988627
1833   0.989882
1834   0.991104
1835   0.992285
1836   0.993403
1837   0.994453
1838   0.995418
1839   0.996294
1840   0.99707
1841   0.997747
1842   0.998321
1843   0.998795
1844   0.999171
1845   0.99946
1846   0.999668
1847   0.999809
1848   0.999895
