##### Y Variance #####
0   0.999998
1   0.99991
2   0.99965
3   0.999176
4   0.998467
5   0.99755
6   0.996452
7   0.995241
8   0.993958
9   0.992674
10   0.991422
11   0.990257
12   0.989197
13   0.988278
14   0.987503
15   0.98689
16   0.98643
17   0.986129
18   0.985971
19   0.985954
20   0.986056
21   0.98627
22   0.986577
23   0.986965
24   0.987417
25   0.987923
26   0.988466
27   0.989039
28   0.989627
29   0.990225
30   0.990823
31   0.991415
32   0.991995
33   0.99256
34   0.993104
35   0.993627
36   0.994125
37   0.994598
38   0.995044
39   0.995463
40   0.995856
41   0.996222
42   0.996562
43   0.999974
44   0.999989
45   0.999813
46   0.999402
47   0.998668
48   0.997727
49   0.996497
50   0.995199
51   0.993733
52   0.992341
53   0.990902
54   0.98964
55   0.988421
56   0.987432
57   0.986537
58   0.985888
59   0.985353
60   0.985047
61   0.984854
62   0.984858
63   0.984957
64   0.985212
65   0.985539
66   0.985981
67   0.986469
68   0.987033
69   0.987621
70   0.988253
71   0.98889
72   0.989545
73   0.99019
74   0.990835
75   0.991461
76   0.992073
77   0.992659
78   0.993223
79   0.993758
80   0.994266
81   0.994745
82   0.995195
83   0.995615
84   0.996007
85   0.996371
86   0.999832
87   0.999976
88   0.999962
89   0.999677
90   0.999038
91   0.998084
92   0.996838
93   0.995411
94   0.993856
95   0.992284
96   0.990733
97   0.989289
98   0.987967
99   0.986824
100   0.985854
101   0.98509
102   0.984513
103   0.984135
104   0.983931
105   0.9839
106   0.984013
107   0.984263
108   0.984623
109   0.985081
110   0.985613
111   0.986208
112   0.986845
113   0.987515
114   0.988202
115   0.988899
116   0.989594
117   0.99028
118   0.990951
119   0.991602
120   0.99223
121   0.99283
122   0.993401
123   0.993943
124   0.994453
125   0.994932
126   0.995379
127   0.995796
128   0.996183
129   0.999517
130   0.999812
131   0.999993
132   0.999897
133   0.999402
134   0.998542
135   0.997284
136   0.995837
137   0.994157
138   0.992498
139   0.990775
140   0.989222
141   0.987727
142   0.986485
143   0.985369
144   0.984532
145   0.983846
146   0.983428
147   0.983155
148   0.983112
149   0.983191
150   0.983453
151   0.983806
152   0.984291
153   0.984836
154   0.985468
155   0.986131
156   0.986843
157   0.987563
158   0.988303
159   0.989033
160   0.989761
161   0.990468
162   0.991158
163   0.991819
164   0.992455
165   0.993058
166   0.993631
167   0.99417
168   0.994677
169   0.99515
170   0.995591
171   0.996001
172   0.998969
173   0.999394
174   0.999833
175   1
176   0.999757
177   0.999056
178   0.997917
179   0.996463
180   0.994779
181   0.992999
182   0.991198
183   0.989476
184   0.987876
185   0.986462
186   0.985247
187   0.984264
188   0.983503
189   0.982974
190   0.982654
191   0.982539
192   0.982598
193   0.982819
194   0.983173
195   0.983644
196   0.984205
197   0.984841
198   0.98553
199   0.986258
200   0.987009
201   0.987772
202   0.988535
203   0.98929
204   0.990029
205   0.990747
206   0.99144
207   0.992104
208   0.992737
209   0.993336
210   0.993903
211   0.994434
212   0.994932
213   0.995396
214   0.995826
215   0.998152
216   0.998737
217   0.999428
218   0.9999
219   0.999962
220   0.999512
221   0.998536
222   0.997195
223   0.99551
224   0.993723
225   0.991812
226   0.990012
227   0.988255
228   0.986739
229   0.985364
230   0.984284
231   0.983385
232   0.982781
233   0.982357
234   0.982192
235   0.982181
236   0.982377
237   0.98269
238   0.983155
239   0.983698
240   0.984341
241   0.985028
242   0.985773
243   0.986533
244   0.987318
245   0.988097
246   0.988876
247   0.989636
248   0.99038
249   0.991096
250   0.991785
251   0.99244
252   0.993064
253   0.993653
254   0.994208
255   0.994727
256   0.995212
257   0.995663
258   0.997029
259   0.997645
260   0.998677
261   0.999514
262   0.999974
263   0.999857
264   0.999163
265   0.997981
266   0.996424
267   0.994633
268   0.992723
269   0.990813
270   0.988984
271   0.987312
272   0.985839
273   0.9846
274   0.983607
275   0.982865
276   0.982364
277   0.982092
278   0.982027
279   0.982147
280   0.982427
281   0.982843
282   0.98337
283   0.983986
284   0.98467
285   0.985402
286   0.986169
287   0.986953
288   0.987744
289   0.988531
290   0.989307
291   0.990063
292   0.990797
293   0.991501
294   0.992177
295   0.992818
296   0.993427
297   0.994
298   0.994539
299   0.995042
300   0.995512
301   0.99564
302   0.996369
303   0.997614
304   0.998829
305   0.999719
306   0.999999
307   0.999642
308   0.998729
309   0.997327
310   0.995647
311   0.993735
312   0.991818
313   0.989887
314   0.988142
315   0.986525
316   0.985189
317   0.98405
318   0.983215
319   0.982586
320   0.982237
321   0.98207
322   0.982133
323   0.982339
324   0.982716
325   0.983192
326   0.983784
327   0.984436
328   0.985157
329   0.985906
330   0.986687
331   0.987472
332   0.988262
333   0.989039
334   0.989805
335   0.990545
336   0.991262
337   0.991949
338   0.992605
339   0.993228
340   0.993817
341   0.994372
342   0.994892
343   0.995376
344   0.99402
345   0.994518
346   0.996111
347   0.997718
348   0.999094
349   0.999871
350   0.999947
351   0.999366
352   0.998238
353   0.996699
354   0.994899
355   0.99297
356   0.991036
357   0.989187
358   0.987503
359   0.986026
360   0.984796
361   0.983817
362   0.983098
363   0.982622
364   0.982378
365   0.982337
366   0.982481
367   0.982778
368   0.983209
369   0.983743
370   0.984363
371   0.985043
372   0.985772
373   0.986527
374   0.9873
375   0.988076
376   0.98885
377   0.989609
378   0.990352
379   0.99107
380   0.991765
381   0.992427
382   0.993061
383   0.99366
384   0.994228
385   0.99476
386   0.995259
387   0.992369
388   0.992955
389   0.994344
390   0.996214
391   0.998081
392   0.999393
393   0.999974
394   0.999814
395   0.999005
396   0.997713
397   0.996043
398   0.994207
399   0.992261
400   0.990401
401   0.988623
402   0.987079
403   0.985721
404   0.984654
405   0.983804
406   0.98324
407   0.982877
408   0.982758
409   0.982803
410   0.983035
411   0.983387
412   0.983869
413   0.984429
414   0.985071
415   0.985754
416   0.986482
417   0.987225
418   0.987983
419   0.988737
420   0.989486
421   0.990219
422   0.990935
423   0.991626
424   0.992292
425   0.992929
426   0.993536
427   0.994111
428   0.994654
429   0.995163
430   0.990679
431   0.991022
432   0.992374
433   0.994187
434   0.996623
435   0.998537
436   0.999663
437   0.999996
438   0.999601
439   0.998607
440   0.997175
441   0.995452
442   0.993597
443   0.991719
444   0.989933
445   0.988297
446   0.986878
447   0.985688
448   0.984756
449   0.984063
450   0.983616
451   0.983379
452   0.983345
453   0.983476
454   0.983759
455   0.984157
456   0.98466
457   0.985236
458   0.985875
459   0.986551
460   0.98726
461   0.98798
462   0.988711
463   0.989435
464   0.990154
465   0.990854
466   0.99154
467   0.992199
468   0.992836
469   0.993443
470   0.994024
471   0.994571
472   0.995089
473   0.989017
474   0.989263
475   0.990293
476   0.992214
477   0.994854
478   0.997274
479   0.998992
480   0.99986
481   0.999934
482   0.999324
483   0.998165
484   0.996654
485   0.9949
486   0.993098
487   0.991297
488   0.989649
489   0.988148
490   0.986899
491   0.985855
492   0.985083
493   0.984518
494   0.984197
495   0.984052
496   0.984102
497   0.984287
498   0.984614
499   0.985033
500   0.985547
501   0.986118
502   0.986744
503   0.987399
504   0.988081
505   0.988771
506   0.989467
507   0.990158
508   0.99084
509   0.991507
510   0.992157
511   0.992786
512   0.99339
513   0.993969
514   0.99452
515   0.99504
516   0.987392
517   0.987364
518   0.988117
519   0.98963
520   0.992736
521   0.995663
522   0.997927
523   0.999376
524   0.999969
525   0.999796
526   0.999
527   0.997734
528   0.99618
529   0.994464
530   0.992737
531   0.991069
532   0.989561
533   0.988231
534   0.987135
535   0.986255
536   0.985614
537   0.985177
538   0.98495
539   0.984889
540   0.984993
541   0.98522
542   0.985565
543   0.985992
544   0.986498
545   0.987051
546   0.987653
547   0.988276
548   0.988924
549   0.989576
550   0.990236
551   0.990886
552   0.991533
553   0.992162
554   0.99278
555   0.993373
556   0.993949
557   0.994495
558   0.995018
559   0.985859
560   0.985594
561   0.985984
562   0.987513
563   0.990443
564   0.993689
565   0.996498
566   0.998514
567   0.999672
568   0.999989
569   0.999595
570   0.998658
571   0.997325
572   0.995786
573   0.994138
574   0.992534
575   0.99101
576   0.989671
577   0.988502
578   0.987569
579   0.986831
580   0.986319
581   0.985984
582   0.98584
583   0.985838
584   0.985981
585   0.986228
586   0.986578
587   0.986997
588   0.987483
589   0.988011
590   0.988578
591   0.989166
592   0.989773
593   0.990387
594   0.991004
595   0.991619
596   0.992225
597   0.992822
598   0.993402
599   0.993966
600   0.994507
601   0.995024
602   0.984459
603   0.983922
604   0.98389
605   0.98473
606   0.987906
607   0.991412
608   0.994679
609   0.997282
610   0.99901
611   0.999865
612   0.999931
613   0.999361
614   0.998331
615   0.99699
616   0.995505
617   0.99397
618   0.992506
619   0.991148
620   0.989972
621   0.988969
622   0.98818
623   0.987572
624   0.987164
625   0.986913
626   0.986828
627   0.986865
628   0.987029
629   0.98728
630   0.987621
631   0.988018
632   0.988478
633   0.988969
634   0.9895
635   0.990046
636   0.990614
637   0.991184
638   0.991765
639   0.992337
640   0.992911
641   0.993469
642   0.99402
643   0.994548
644   0.99506
645   0.983239
646   0.982405
647   0.982023
648   0.982779
649   0.985308
650   0.988839
651   0.99252
652   0.995659
653   0.997991
654   0.999396
655   0.999964
656   0.999818
657   0.999121
658   0.998055
659   0.996748
660   0.995359
661   0.993958
662   0.992652
663   0.99146
664   0.990446
665   0.989594
666   0.988934
667   0.988437
668   0.988112
669   0.987926
670   0.987879
671   0.98794
672   0.988106
673   0.988351
674   0.988669
675   0.989042
676   0.989463
677   0.98992
678   0.990407
679   0.990915
680   0.991438
681   0.991972
682   0.992511
683   0.99305
684   0.993586
685   0.994114
686   0.994629
687   0.995126
688   0.982246
689   0.981196
690   0.980365
691   0.980303
692   0.982638
693   0.985906
694   0.989972
695   0.993679
696   0.996579
697   0.998578
698   0.999667
699   0.999985
700   0.99968
701   0.998914
702   0.997859
703   0.996628
704   0.995361
705   0.994109
706   0.992965
707   0.991933
708   0.991068
709   0.990345
710   0.989797
711   0.989383
712   0.989125
713   0.988978
714   0.988957
715   0.989021
716   0.989182
717   0.989404
718   0.989699
719   0.990034
720   0.990422
721   0.990835
722   0.991286
723   0.99175
724   0.992238
725   0.992731
726   0.993238
727   0.993739
728   0.994246
729   0.994737
730   0.995222
731   0.981492
732   0.980166
733   0.979083
734   0.978812
735   0.980036
736   0.982986
737   0.987175
738   0.991323
739   0.994816
740   0.997375
741   0.999028
742   0.999836
743   0.999957
744   0.999549
745   0.998766
746   0.997763
747   0.99664
748   0.995509
749   0.994414
750   0.993422
751   0.99254
752   0.991802
753   0.991194
754   0.990728
755   0.990385
756   0.990165
757   0.990048
758   0.99003
759   0.990094
760   0.990234
761   0.990436
762   0.990694
763   0.991
764   0.991345
765   0.991724
766   0.992132
767   0.992563
768   0.993011
769   0.993473
770   0.993943
771   0.994416
772   0.994887
773   0.995349
774   0.981018
775   0.979526
776   0.978103
777   0.977252
778   0.977682
779   0.979469
780   0.984047
781   0.988698
782   0.992657
783   0.995816
784   0.998011
785   0.999352
786   0.999928
787   0.999908
788   0.999452
789   0.998694
790   0.997778
791   0.996775
792   0.995789
793   0.994838
794   0.993992
795   0.993234
796   0.992608
797   0.992083
798   0.991689
799   0.991386
800   0.991199
801   0.991088
802   0.991074
803   0.991119
804   0.991242
805   0.991411
806   0.991643
807   0.991908
808   0.992223
809   0.992561
810   0.992939
811   0.993331
812   0.993752
813   0.994179
814   0.994623
815   0.995062
816   0.995504
817   0.980823
818   0.979133
819   0.977438
820   0.976103
821   0.975608
822   0.977044
823   0.980952
824   0.985715
825   0.990166
826   0.993841
827   0.996629
828   0.998496
829   0.999567
830   0.999969
831   0.999866
832   0.999406
833   0.998713
834   0.997897
835   0.997028
836   0.996175
837   0.995366
838   0.994636
839   0.993992
840   0.993447
841   0.992997
842   0.992644
843   0.992379
844   0.992199
845   0.992097
846   0.992067
847   0.992101
848   0.992194
849   0.992341
850   0.992536
851   0.992775
852   0.993052
853   0.993365
854   0.993706
855   0.994075
856   0.994462
857   0.994865
858   0.995275
859   0.995687
860   0.980904
861   0.979154
862   0.977132
863   0.975348
864   0.973932
865   0.973819
866   0.977808
867   0.982626
868   0.987346
869   0.991549
870   0.994856
871   0.99729
872   0.998848
873   0.999704
874   0.999983
875   0.999844
876   0.999419
877   0.998804
878   0.998104
879   0.997356
880   0.996633
881   0.995936
882   0.995316
883   0.994752
884   0.994282
885   0.993876
886   0.993563
887   0.993311
888   0.993144
889   0.993032
890   0.992995
891   0.993005
892   0.993081
893   0.993197
894   0.99337
895   0.993576
896   0.993831
897   0.994112
898   0.994433
899   0.99477
900   0.995137
901   0.995509
902   0.995895
903   0.981215
904   0.979317
905   0.977128
906   0.974856
907   0.972814
908   0.972405
909   0.974926
910   0.979348
911   0.984289
912   0.988881
913   0.992746
914   0.995691
915   0.997776
916   0.999086
917   0.999777
918   0.999988
919   0.999853
920   0.999484
921   0.998967
922   0.998372
923   0.997745
924   0.997126
925   0.996536
926   0.995993
927   0.995506
928   0.99508
929   0.99472
930   0.994423
931   0.994191
932   0.994019
933   0.993907
934   0.993851
935   0.99385
936   0.993899
937   0.993999
938   0.994144
939   0.994333
940   0.99456
941   0.994824
942   0.995118
943   0.995439
944   0.995777
945   0.996126
946   0.981751
947   0.979905
948   0.977506
949   0.975039
950   0.972285
951   0.970373
952   0.972365
953   0.975996
954   0.981013
955   0.986
956   0.990291
957   0.993781
958   0.996337
959   0.99813
960   0.999227
961   0.999812
962   0.99999
963   0.999884
964   0.999586
965   0.999157
966   0.998668
967   0.998137
968   0.997617
969   0.997103
970   0.996635
971   0.996197
972   0.99582
973   0.995482
974   0.99521
975   0.994979
976   0.994814
977   0.99469
978   0.994629
979   0.994609
980   0.994648
981   0.994725
982   0.994859
983   0.995024
984   0.99524
985   0.995482
986   0.995763
987   0.996058
988   0.996376
989   0.982448
990   0.980528
991   0.978148
992   0.975411
993   0.972497
994   0.970367
995   0.97026
996   0.973003
997   0.977739
998   0.982869
999   0.987596
1000   0.991504
1001   0.994567
1002   0.996799
1003   0.998333
1004   0.999292
1005   0.999807
1006   0.999989
1007   0.99993
1008   0.999703
1009   0.999366
1010   0.998962
1011   0.998525
1012   0.998077
1013   0.99764
1014   0.997222
1015   0.996837
1016   0.996486
1017   0.99618
1018   0.995915
1019   0.995698
1020   0.995527
1021   0.995406
1022   0.995332
1023   0.995308
1024   0.995331
1025   0.995402
1026   0.995517
1027   0.995677
1028   0.995873
1029   0.996106
1030   0.996365
1031   0.996643
1032   0.983307
1033   0.981527
1034   0.979108
1035   0.976419
1036   0.97326
1037   0.970501
1038   0.969217
1039   0.969743
1040   0.974434
1041   0.979744
1042   0.984656
1043   0.989023
1044   0.992474
1045   0.995175
1046   0.997098
1047   0.99845
1048   0.999296
1049   0.999782
1050   0.999978
1051   0.999969
1052   0.999813
1053   0.999551
1054   0.999229
1055   0.998862
1056   0.998487
1057   0.998103
1058   0.997739
1059   0.997387
1060   0.997072
1061   0.99678
1062   0.996536
1063   0.996321
1064   0.99616
1065   0.996033
1066   0.995961
1067   0.995927
1068   0.99595
1069   0.996009
1070   0.996123
1071   0.996268
1072   0.996461
1073   0.996675
1074   0.996921
1075   0.984264
1076   0.982511
1077   0.980266
1078   0.977572
1079   0.974466
1080   0.971405
1081   0.968933
1082   0.968749
1083   0.971691
1084   0.976527
1085   0.981632
1086   0.98626
1087   0.990143
1088   0.993215
1089   0.995552
1090   0.997265
1091   0.998461
1092   0.999253
1093   0.999724
1094   0.999952
1095   0.999994
1096   0.999901
1097   0.999712
1098   0.999455
1099   0.999159
1100   0.998836
1101   0.998509
1102   0.998182
1103   0.997871
1104   0.997577
1105   0.997313
1106   0.997076
1107   0.996879
1108   0.996717
1109   0.996599
1110   0.996523
1111   0.996495
1112   0.996511
1113   0.996574
1114   0.996678
1115   0.996824
1116   0.997002
1117   0.997208
1118   0.985303
1119   0.983758
1120   0.981611
1121   0.979158
1122   0.976082
1123   0.973003
1124   0.969738
1125   0.967472
1126   0.969732
1127   0.973664
1128   0.978665
1129   0.98355
1130   0.987656
1131   0.991108
1132   0.993756
1133   0.995832
1134   0.997339
1135   0.998443
1136   0.999181
1137   0.999656
1138   0.999908
1139   0.999998
1140   0.999961
1141   0.99983
1142   0.999635
1143   0.99939
1144   0.999123
1145   0.998835
1146   0.998552
1147   0.998268
1148   0.998005
1149   0.997756
1150   0.997542
1151   0.997351
1152   0.997204
1153   0.997089
1154   0.997024
1155   0.996995
1156   0.997019
1157   0.997078
1158   0.997187
1159   0.997323
1160   0.997497
1161   0.986355
1162   0.984889
1163   0.982993
1164   0.980664
1165   0.977857
1166   0.974727
1167   0.971473
1168   0.969043
1169   0.968646
1170   0.971521
1171   0.976059
1172   0.980833
1173   0.985156
1174   0.988818
1175   0.991781
1176   0.994151
1177   0.99597
1178   0.997362
1179   0.998374
1180   0.999095
1181   0.999568
1182   0.999851
1183   0.99998
1184   0.999992
1185   0.999914
1186   0.999768
1187   0.999577
1188   0.999351
1189   0.999108
1190   0.998855
1191   0.998607
1192   0.998365
1193   0.998143
1194   0.997941
1195   0.99777
1196   0.99763
1197   0.997531
1198   0.99747
1199   0.997454
1200   0.997479
1201   0.997547
1202   0.99765
1203   0.997785
1204   0.987408
1205   0.986154
1206   0.98441
1207   0.982386
1208   0.979783
1209   0.976989
1210   0.973775
1211   0.971
1212   0.969614
1213   0.969841
1214   0.973915
1215   0.978601
1216   0.982814
1217   0.986668
1218   0.989786
1219   0.992413
1220   0.99447
1221   0.996124
1222   0.997376
1223   0.998332
1224   0.999014
1225   0.999491
1226   0.999789
1227   0.99995
1228   1
1229   0.999964
1230   0.999862
1231   0.99971
1232   0.999527
1233   0.999317
1234   0.9991
1235   0.998876
1236   0.998664
1237   0.998458
1238   0.99828
1239   0.998121
1240   0.998002
1241   0.997911
1242   0.997867
1243   0.997856
1244   0.997894
1245   0.99796
1246   0.998066
1247   0.988415
1248   0.987253
1249   0.985762
1250   0.983926
1251   0.981699
1252   0.979143
1253   0.976358
1254   0.973656
1255   0.971559
1256   0.97117
1257   0.972805
1258   0.976764
1259   0.980813
1260   0.984641
1261   0.98787
1262   0.990655
1263   0.992908
1264   0.994777
1265   0.996241
1266   0.997409
1267   0.998287
1268   0.998949
1269   0.999414
1270   0.999727
1271   0.99991
1272   0.999991
1273   0.99999
1274   0.999925
1275   0.999811
1276   0.99966
1277   0.999486
1278   0.999296
1279   0.999103
1280   0.998911
1281   0.998732
1282   0.998569
1283   0.998434
1284   0.998326
1285   0.998255
1286   0.998221
1287   0.998226
1288   0.998266
1289   0.998339
1290   0.989375
1291   0.988391
1292   0.987056
1293   0.985512
1294   0.983554
1295   0.981426
1296   0.978967
1297   0.976649
1298   0.974405
1299   0.972991
1300   0.973902
1301   0.976069
1302   0.979639
1303   0.983247
1304   0.986362
1305   0.989161
1306   0.991501
1307   0.993493
1308   0.995109
1309   0.996434
1310   0.997475
1311   0.998294
1312   0.998908
1313   0.999362
1314   0.999673
1315   0.999872
1316   0.999973
1317   0.999999
1318   0.999964
1319   0.999879
1320   0.999759
1321   0.999611
1322   0.999451
1323   0.99928
1324   0.999114
1325   0.998954
1326   0.998815
1327   0.998695
1328   0.99861
1329   0.998551
1330   0.998535
1331   0.998546
1332   0.998596
1333   0.990263
1334   0.989365
1335   0.98824
1336   0.98688
1337   0.985264
1338   0.983417
1339   0.981422
1340   0.979351
1341   0.977512
1342   0.976068
1343   0.975793
1344   0.977123
1345   0.97934
1346   0.982455
1347   0.985275
1348   0.987992
1349   0.990295
1350   0.992343
1351   0.994031
1352   0.995469
1353   0.996624
1354   0.997574
1355   0.998312
1356   0.998892
1357   0.999319
1358   0.99963
1359   0.999833
1360   0.999952
1361   0.999998
1362   0.999985
1363   0.999927
1364   0.999831
1365   0.999711
1366   0.999573
1367   0.999428
1368   0.999282
1369   0.999147
1370   0.999026
1371   0.998929
1372   0.998858
1373   0.99882
1374   0.998813
1375   0.998837
1376   0.991089
1377   0.990322
1378   0.98933
1379   0.988196
1380   0.986805
1381   0.985294
1382   0.983591
1383   0.981907
1384   0.980285
1385   0.979034
1386   0.978496
1387   0.978803
1388   0.980448
1389   0.982617
1390   0.985027
1391   0.987372
1392   0.989536
1393   0.991479
1394   0.993166
1395   0.994623
1396   0.995844
1397   0.996867
1398   0.997699
1399   0.998373
1400   0.998899
1401   0.999304
1402   0.999599
1403   0.999805
1404   0.99993
1405   0.99999
1406   0.999996
1407   0.999956
1408   0.999883
1409   0.999783
1410   0.999668
1411   0.999542
1412   0.99942
1413   0.999303
1414   0.999205
1415   0.999124
1416   0.999076
1417   0.999049
1418   0.999056
1419   0.991842
1420   0.991148
1421   0.990311
1422   0.989326
1423   0.988186
1424   0.986903
1425   0.98554
1426   0.984121
1427   0.982846
1428   0.981741
1429   0.981215
1430   0.981176
1431   0.982008
1432   0.983518
1433   0.985305
1434   0.987269
1435   0.989132
1436   0.990922
1437   0.992502
1438   0.993933
1439   0.995151
1440   0.996215
1441   0.997096
1442   0.997841
1443   0.998438
1444   0.998925
1445   0.999297
1446   0.999582
1447   0.99978
1448   0.999911
1449   0.99998
1450   0.999999
1451   0.999976
1452   0.99992
1453   0.99984
1454   0.999743
1455   0.999639
1456   0.999535
1457   0.99944
1458   0.999359
1459   0.9993
1460   0.999265
1461   0.999254
1462   0.992536
1463   0.991936
1464   0.991201
1465   0.990376
1466   0.989404
1467   0.988354
1468   0.987208
1469   0.986062
1470   0.984974
1471   0.984056
1472   0.983488
1473   0.983306
1474   0.983787
1475   0.984734
1476   0.986073
1477   0.987582
1478   0.989154
1479   0.99069
1480   0.992131
1481   0.993453
1482   0.994632
1483   0.995675
1484   0.996574
1485   0.997347
1486   0.997994
1487   0.998533
1488   0.998968
1489   0.999314
1490   0.999576
1491   0.999769
1492   0.999897
1493   0.999971
1494   0.999999
1495   0.999987
1496   0.999946
1497   0.99988
1498   0.999801
1499   0.999713
1500   0.99963
1501   0.999551
1502   0.999491
1503   0.999446
1504   0.999427
1505   0.993169
1506   0.992629
1507   0.992004
1508   0.991291
1509   0.990491
1510   0.989608
1511   0.988687
1512   0.987734
1513   0.986864
1514   0.986078
1515   0.985573
1516   0.985328
1517   0.98553
1518   0.98613
1519   0.987045
1520   0.988198
1521   0.989436
1522   0.990734
1523   0.991974
1524   0.993174
1525   0.994258
1526   0.99526
1527   0.996133
1528   0.996915
1529   0.997578
1530   0.998154
1531   0.998628
1532   0.999024
1533   0.999336
1534   0.999583
1535   0.999762
1536   0.999888
1537   0.999963
1538   0.999996
1539   0.999994
1540   0.999963
1541   0.999912
1542   0.999847
1543   0.999777
1544   0.999708
1545   0.999649
1546   0.999603
1547   0.999575
1548   0.993751
1549   0.993279
1550   0.992732
1551   0.99213
1552   0.99145
1553   0.990724
1554   0.989953
1555   0.98918
1556   0.988447
1557   0.987801
1558   0.987336
1559   0.98708
1560   0.987149
1561   0.987502
1562   0.988144
1563   0.98898
1564   0.989957
1565   0.990999
1566   0.992057
1567   0.993093
1568   0.994075
1569   0.994991
1570   0.995824
1571   0.996576
1572   0.997239
1573   0.997821
1574   0.998319
1575   0.998743
1576   0.999093
1577   0.999378
1578   0.9996
1579   0.999768
1580   0.999885
1581   0.999959
1582   0.999994
1583   0.999997
1584   0.999975
1585   0.999934
1586   0.999883
1587   0.999826
1588   0.999774
1589   0.999728
1590   0.999698
1591   0.994285
1592   0.993862
1593   0.993393
1594   0.992874
1595   0.992309
1596   0.9917
1597   0.991076
1598   0.990435
1599   0.989844
1600   0.989299
1601   0.988902
1602   0.988646
1603   0.988626
1604   0.988826
1605   0.989246
1606   0.989854
1607   0.990587
1608   0.991423
1609   0.992286
1610   0.993175
1611   0.994027
1612   0.994858
1613   0.995619
1614   0.996334
1615   0.996968
1616   0.997547
1617   0.998045
1618   0.998488
1619   0.998856
1620   0.999172
1621   0.999423
1622   0.999627
1623   0.999778
1624   0.999887
1625   0.999956
1626   0.999992
1627   0.999999
1628   0.999983
1629   0.999952
1630   0.999911
1631   0.999868
1632   0.999828
1633   0.999797
1634   0.994777
1635   0.994404
1636   0.993993
1637   0.993551
1638   0.993071
1639   0.992566
1640   0.992044
1641   0.991522
1642   0.991027
1643   0.990581
1644   0.990232
1645   0.99
1646   0.989935
1647   0.990036
1648   0.990316
1649   0.990746
1650   0.991303
1651   0.991951
1652   0.992658
1653   0.993394
1654   0.994132
1655   0.994857
1656   0.995548
1657   0.9962
1658   0.9968
1659   0.99735
1660   0.997842
1661   0.998279
1662   0.998658
1663   0.998985
1664   0.999258
1665   0.999483
1666   0.999661
1667   0.999797
1668   0.999894
1669   0.999957
1670   0.99999
1671   0.999999
1672   0.999989
1673   0.999964
1674   0.999934
1675   0.9999
1676   0.999873
1677   0.99523
1678   0.994898
1679   0.994541
1680   0.99416
1681   0.993757
1682   0.993332
1683   0.992904
1684   0.992469
1685   0.992068
1686   0.991693
1687   0.991401
1688   0.991186
1689   0.991101
1690   0.991139
1691   0.991316
1692   0.991621
1693   0.992032
1694   0.992539
1695   0.993099
1696   0.993712
1697   0.99433
1698   0.994964
1699   0.995569
1700   0.996164
1701   0.996711
1702   0.997232
1703   0.997696
1704   0.998125
1705   0.998496
1706   0.99883
1707   0.999109
1708   0.99935
1709   0.999543
1710   0.999701
1711   0.999818
1712   0.999905
1713   0.99996
1714   0.99999
1715   0.999999
1716   0.999992
1717   0.999975
1718   0.999951
1719   0.999928
1720   0.995647
1721   0.995353
1722   0.995041
1723   0.994712
1724   0.994367
1725   0.994011
1726   0.99365
1727   0.993293
1728   0.992955
1729   0.992648
1730   0.992396
1731   0.992211
1732   0.992118
1733   0.992123
1734   0.992236
1735   0.992452
1736   0.992763
1737   0.993153
1738   0.993606
1739   0.994104
1740   0.994628
1741   0.995166
1742   0.9957
1743   0.996223
1744   0.996723
1745   0.997196
1746   0.997633
1747   0.998036
1748   0.998397
1749   0.99872
1750   0.999
1751   0.999243
1752   0.999446
1753   0.999613
1754   0.999745
1755   0.999846
1756   0.999918
1757   0.999966
1758   0.999991
1759   0.999999
1760   0.999995
1761   0.999981
1762   0.999965
1763   0.996032
1764   0.995771
1765   0.995497
1766   0.995211
1767   0.994918
1768   0.994614
1769   0.994314
1770   0.994012
1771   0.993736
1772   0.993475
1773   0.993267
1774   0.993102
1775   0.993015
1776   0.992999
1777   0.993072
1778   0.993228
1779   0.99346
1780   0.993768
1781   0.994127
1782   0.99454
1783   0.994973
1784   0.995436
1785   0.995893
1786   0.996359
1787   0.996799
1788   0.997232
1789   0.997629
1790   0.998007
1791   0.998343
1792   0.998655
1793   0.998924
1794   0.999166
1795   0.999367
1796   0.999541
1797   0.999678
1798   0.99979
1799   0.999872
1800   0.999933
1801   0.999971
1802   0.999992
1803   0.999999
1804   0.999996
1805   0.999987
1806   0.996386
1807   0.996154
1808   0.995913
1809   0.995664
1810   0.995409
1811   0.99515
1812   0.994892
1813   0.99464
1814   0.994404
1815   0.99419
1816   0.994011
1817   0.993875
1818   0.993794
1819   0.993775
1820   0.993824
1821   0.993941
1822   0.994124
1823   0.994368
1824   0.994663
1825   0.995
1826   0.995368
1827   0.995757
1828   0.996156
1829   0.996557
1830   0.996951
1831   0.997333
1832   0.997696
1833   0.998037
1834   0.998351
1835   0.998639
1836   0.998896
1837   0.999124
1838   0.999322
1839   0.999491
1840   0.999631
1841   0.999745
1842   0.999834
1843   0.999901
1844   0.999948
1845   0.999978
1846   0.999994
1847   0.999999
1848   0.999997
