##### Y Variance #####
0   0.999926
1   0.999863
2   0.999311
3   0.998077
4   0.995982
5   0.992939
6   0.988861
7   0.983844
8   0.977991
9   0.971813
10   0.965418
11   0.95918
12   0.953171
13   0.947635
14   0.94267
15   0.938438
16   0.935035
17   0.932556
18   0.931008
19   0.930367
20   0.930589
21   0.93156
22   0.933244
23   0.935494
24   0.938249
25   0.941329
26   0.944657
27   0.94806
28   0.951497
29   0.954849
30   0.958106
31   0.961201
32   0.964144
33   0.966907
34   0.969509
35   0.971942
36   0.974223
37   0.976353
38   0.978342
39   0.980195
40   0.981919
41   0.98352
42   0.985003
43   0.99955
44   0.999851
45   0.999704
46   0.998882
47   0.997058
48   0.994322
49   0.990184
50   0.985263
51   0.978672
52   0.972433
53   0.965057
54   0.958437
55   0.951406
56   0.945215
57   0.939321
58   0.934373
59   0.930208
60   0.927163
61   0.925139
62   0.924089
63   0.92417
64   0.924901
65   0.926743
66   0.929002
67   0.932181
68   0.935473
69   0.939374
70   0.943075
71   0.947083
72   0.950755
73   0.954512
74   0.957906
75   0.961245
76   0.964271
77   0.967178
78   0.969837
79   0.972355
80   0.974677
81   0.976854
82   0.978868
83   0.980742
84   0.982475
85   0.984077
86   0.998608
87   0.999271
88   0.999694
89   0.999461
90   0.998285
91   0.99606
92   0.992574
93   0.987991
94   0.982017
95   0.975196
96   0.967702
97   0.959959
98   0.952149
99   0.944709
100   0.937732
101   0.931714
102   0.926576
103   0.922571
104   0.919675
105   0.917874
106   0.917266
107   0.917676
108   0.919198
109   0.921592
110   0.924835
111   0.928601
112   0.932823
113   0.937165
114   0.941611
115   0.94594
116   0.950151
117   0.954113
118   0.957849
119   0.961318
120   0.964549
121   0.967544
122   0.970323
123   0.972899
124   0.975284
125   0.977491
126   0.979528
127   0.981408
128   0.983136
129   0.996943
130   0.997956
131   0.998935
132   0.999377
133   0.998954
134   0.997487
135   0.994722
136   0.990901
137   0.985624
138   0.979302
139   0.971582
140   0.963808
141   0.954801
142   0.946975
143   0.938164
144   0.931538
145   0.924704
146   0.919664
147   0.915394
148   0.91235
149   0.910814
150   0.910303
151   0.911472
152   0.913522
153   0.916958
154   0.920824
155   0.925639
156   0.930347
157   0.935545
158   0.940398
159   0.945349
160   0.949823
161   0.954154
162   0.958052
163   0.961731
164   0.965069
165   0.96818
166   0.971024
167   0.973656
168   0.976069
169   0.978289
170   0.980325
171   0.982188
172   0.994431
173   0.995565
174   0.997145
175   0.99829
176   0.99878
177   0.998192
178   0.996451
179   0.993524
180   0.989274
181   0.983833
182   0.977119
183   0.969565
184   0.961213
185   0.952579
186   0.943706
187   0.935039
188   0.926933
189   0.919574
190   0.913308
191   0.908401
192   0.904976
193   0.903441
194   0.903501
195   0.905165
196   0.908211
197   0.912193
198   0.917149
199   0.922535
200   0.928294
201   0.93406
202   0.939705
203   0.945017
204   0.949944
205   0.954484
206   0.958628
207   0.962433
208   0.965897
209   0.969076
210   0.97197
211   0.974624
212   0.977036
213   0.979243
214   0.981245
215   0.991101
216   0.992433
217   0.994361
218   0.996186
219   0.99749
220   0.997837
221   0.997064
222   0.995175
223   0.991995
224   0.987698
225   0.982105
226   0.975542
227   0.967962
228   0.95979
229   0.95087
230   0.941866
231   0.932004
232   0.923822
233   0.914458
234   0.908712
235   0.901797
236   0.899565
237   0.897253
238   0.898045
239   0.900184
240   0.90345
241   0.908569
242   0.914053
243   0.920673
244   0.927111
245   0.933774
246   0.939792
247   0.945534
248   0.950667
249   0.955407
250   0.959667
251   0.963556
252   0.967072
253   0.970267
254   0.973163
255   0.975788
256   0.978167
257   0.980318
258   0.986969
259   0.988056
260   0.990495
261   0.992858
262   0.99506
263   0.996285
264   0.996602
265   0.995722
266   0.993735
267   0.990569
268   0.98623
269   0.980832
270   0.974404
271   0.967179
272   0.959168
273   0.950682
274   0.941613
275   0.932646
276   0.923677
277   0.915447
278   0.907907
279   0.90152
280   0.896984
281   0.894083
282   0.893663
283   0.895439
284   0.899385
285   0.905316
286   0.912349
287   0.919789
288   0.927258
289   0.934346
290   0.940815
291   0.946764
292   0.952065
293   0.956892
294   0.961189
295   0.965093
296   0.96858
297   0.971743
298   0.974573
299   0.977136
300   0.979428
301   0.982256
302   0.983367
303   0.985852
304   0.988789
305   0.991656
306   0.993787
307   0.995003
308   0.995176
309   0.994217
310   0.992218
311   0.989044
312   0.984909
313   0.9797
314   0.973709
315   0.966849
316   0.959439
317   0.951431
318   0.943052
319   0.934498
320   0.925908
321   0.917393
322   0.909478
323   0.901262
324   0.896585
325   0.891003
326   0.891881
327   0.892285
328   0.898186
329   0.905098
330   0.912765
331   0.921171
332   0.928891
333   0.936267
334   0.942873
335   0.948833
336   0.954153
337   0.958906
338   0.963161
339   0.966963
340   0.970371
341   0.973418
342   0.976149
343   0.978592
344   0.977101
345   0.977505
346   0.980365
347   0.983642
348   0.987308
349   0.990219
350   0.992441
351   0.993513
352   0.993657
353   0.992666
354   0.990693
355   0.9877
356   0.98378
357   0.979018
358   0.973462
359   0.96727
360   0.960422
361   0.953114
362   0.945363
363   0.937378
364   0.929216
365   0.921178
366   0.913179
367   0.906202
368   0.900187
369   0.896066
370   0.894562
371   0.895236
372   0.900052
373   0.906998
374   0.915342
375   0.924089
376   0.932043
377   0.939458
378   0.945891
379   0.95173
380   0.956834
381   0.96144
382   0.965495
383   0.969145
384   0.972371
385   0.975271
386   0.977838
387   0.971943
388   0.972291
389   0.974512
390   0.978081
391   0.982268
392   0.986039
393   0.989047
394   0.991067
395   0.992068
396   0.992089
397   0.991084
398   0.989213
399   0.986404
400   0.98287
401   0.978535
402   0.973608
403   0.968019
404   0.961919
405   0.955317
406   0.948325
407   0.941049
408   0.933636
409   0.92629
410   0.919015
411   0.912432
412   0.906551
413   0.901639
414   0.899907
415   0.898765
416   0.904899
417   0.911559
418   0.920452
419   0.928872
420   0.936655
421   0.943511
422   0.949674
423   0.955099
424   0.959952
425   0.964243
426   0.968072
427   0.97147
428   0.974498
429   0.977192
430   0.966826
431   0.966452
432   0.968433
433   0.971616
434   0.976568
435   0.981041
436   0.984941
437   0.987737
438   0.989682
439   0.990516
440   0.990508
441   0.989545
442   0.987831
443   0.985341
444   0.9822
445   0.978433
446   0.974087
447   0.969214
448   0.963825
449   0.958021
450   0.951819
451   0.945396
452   0.938728
453   0.932059
454   0.925527
455   0.919455
456   0.914091
457   0.910202
458   0.907936
459   0.908197
460   0.913182
461   0.919749
462   0.927594
463   0.93537
464   0.942152
465   0.948427
466   0.953941
467   0.958929
468   0.963329
469   0.967283
470   0.970778
471   0.973912
472   0.976686
473   0.961958
474   0.961274
475   0.962447
476   0.965636
477   0.970595
478   0.975742
479   0.98032
480   0.983958
481   0.986618
482   0.988301
483   0.989036
484   0.988972
485   0.988099
486   0.98661
487   0.984449
488   0.981791
489   0.978554
490   0.974865
491   0.970666
492   0.966037
493   0.961002
494   0.955597
495   0.949953
496   0.944019
497   0.938171
498   0.932338
499   0.927172
500   0.922523
501   0.919406
502   0.917554
503   0.918115
504   0.922818
505   0.928481
506   0.935513
507   0.941906
508   0.948002
509   0.953435
510   0.958392
511   0.962809
512   0.966785
513   0.970333
514   0.97351
515   0.976347
516   0.957374
517   0.955969
518   0.956567
519   0.958853
520   0.964358
521   0.969968
522   0.97527
523   0.979581
524   0.983055
525   0.985408
526   0.986952
527   0.98757
528   0.987551
529   0.986832
530   0.985618
531   0.983859
532   0.981667
533   0.979003
534   0.975912
535   0.972382
536   0.968436
537   0.964102
538   0.959402
539   0.954415
540   0.949241
541   0.944046
542   0.93904
543   0.934453
544   0.930694
545   0.927994
546   0.927269
547   0.928563
548   0.932789
549   0.937887
550   0.943412
551   0.94878
552   0.953846
553   0.958529
554   0.962801
555   0.966686
556   0.970192
557   0.973359
558   0.976204
559   0.953227
560   0.951359
561   0.951123
562   0.953278
563   0.958228
564   0.964182
565   0.96999
566   0.975026
567   0.979125
568   0.982215
569   0.984353
570   0.985692
571   0.986283
572   0.986332
573   0.985818
574   0.984919
575   0.983554
576   0.981846
577   0.9797
578   0.977186
579   0.974248
580   0.970907
581   0.967197
582   0.963085
583   0.958767
584   0.954175
585   0.949718
586   0.945283
587   0.941558
588   0.938416
589   0.936868
590   0.936698
591   0.938594
592   0.942074
593   0.946195
594   0.95068
595   0.955077
596   0.959333
597   0.963303
598   0.966993
599   0.970375
600   0.973466
601   0.976276
602   0.949573
603   0.947057
604   0.946065
605   0.946928
606   0.952112
607   0.958175
608   0.964503
609   0.970114
610   0.974934
611   0.97862
612   0.981451
613   0.983332
614   0.984598
615   0.985201
616   0.985402
617   0.985137
618   0.984566
619   0.983604
620   0.982332
621   0.980666
622   0.978641
623   0.976198
624   0.973365
625   0.970122
626   0.966547
627   0.962672
628   0.95868
629   0.954653
630   0.95097
631   0.947726
632   0.945589
633   0.944465
634   0.94521
635   0.947096
636   0.950062
637   0.953445
638   0.957117
639   0.960761
640   0.964335
641   0.967713
642   0.970899
643   0.973846
644   0.976574
645   0.946517
646   0.943501
647   0.941743
648   0.942354
649   0.946339
650   0.95232
651   0.958953
652   0.965181
653   0.970582
654   0.974943
655   0.978305
656   0.980809
657   0.982553
658   0.98376
659   0.984454
660   0.984833
661   0.984834
662   0.984591
663   0.983995
664   0.983118
665   0.981858
666   0.980238
667   0.978209
668   0.975758
669   0.972946
670   0.969737
671   0.966351
672   0.962752
673   0.959357
674   0.956171
675   0.953765
676   0.952178
677   0.951858
678   0.952702
679   0.954472
680   0.956919
681   0.959737
682   0.962762
683   0.965824
684   0.968843
685   0.971751
686   0.974509
687   0.977099
688   0.944103
689   0.940602
690   0.938075
691   0.937208
692   0.940833
693   0.946255
694   0.953281
695   0.960036
696   0.966094
697   0.971037
698   0.975039
699   0.978035
700   0.980358
701   0.981998
702   0.983253
703   0.984079
704   0.984673
705   0.984946
706   0.985003
707   0.984732
708   0.984178
709   0.983236
710   0.981931
711   0.980185
712   0.97805
713   0.975495
714   0.972655
715   0.969549
716   0.966464
717   0.963456
718   0.960993
719   0.959077
720   0.958231
721   0.9582
722   0.959155
723   0.960689
724   0.962791
725   0.965135
726   0.967703
727   0.970289
728   0.972898
729   0.975408
730   0.977839
731   0.942361
732   0.938431
733   0.93536
734   0.934113
735   0.935843
736   0.940667
737   0.947666
738   0.954919
739   0.961539
740   0.967122
741   0.971658
742   0.975244
743   0.978003
744   0.980166
745   0.981805
746   0.983135
747   0.98413
748   0.984939
749   0.985462
750   0.985781
751   0.985772
752   0.985466
753   0.984767
754   0.983674
755   0.982162
756   0.980221
757   0.977943
758   0.975335
759   0.972636
760   0.969901
761   0.967484
762   0.965479
763   0.964192
764   0.963641
765   0.963851
766   0.964709
767   0.966089
768   0.967853
769   0.969877
770   0.972053
771   0.974306
772   0.976562
773   0.978778
774   0.941313
775   0.937046
776   0.933418
777   0.931094
778   0.931565
779   0.934532
780   0.941967
781   0.949719
782   0.956871
783   0.963045
784   0.9682
785   0.972297
786   0.975604
787   0.978168
788   0.980288
789   0.98197
790   0.983429
791   0.984604
792   0.985614
793   0.986354
794   0.986873
795   0.987055
796   0.986917
797   0.986362
798   0.985416
799   0.98402
800   0.98226
801   0.980129
802   0.977823
803   0.975381
804   0.973124
805   0.971085
806   0.969622
807   0.968652
808   0.9684
809   0.968652
810   0.969495
811   0.970685
812   0.972251
813   0.973987
814   0.975915
815   0.977873
816   0.979886
817   0.940955
818   0.93642
819   0.932292
820   0.929219
821   0.928051
822   0.930332
823   0.936663
824   0.944505
825   0.952139
826   0.958906
827   0.964636
828   0.969327
829   0.973094
830   0.976159
831   0.978635
832   0.980753
833   0.982526
834   0.984121
835   0.985461
836   0.986641
837   0.987539
838   0.988198
839   0.9885
840   0.988454
841   0.98799
842   0.987109
843   0.985828
844   0.984166
845   0.982253
846   0.980149
847   0.97808
848   0.976138
849   0.97455
850   0.973375
851   0.972723
852   0.972569
853   0.972905
854   0.973652
855   0.974753
856   0.976116
857   0.977685
858   0.979376
859   0.981137
860   0.941243
861   0.93658
862   0.931968
863   0.928092
864   0.925439
865   0.925212
866   0.931597
867   0.939398
868   0.947318
869   0.954628
870   0.960953
871   0.966201
872   0.970517
873   0.974009
874   0.976941
875   0.979385
876   0.981556
877   0.98344
878   0.98516
879   0.986641
880   0.987933
881   0.988937
882   0.989662
883   0.990012
884   0.989996
885   0.989546
886   0.98871
887   0.987465
888   0.985938
889   0.984154
890   0.982328
891   0.980498
892   0.978927
893   0.9776
894   0.976735
895   0.97623
896   0.976222
897   0.976552
898   0.977295
899   0.978279
900   0.97955
901   0.980943
902   0.982491
903   0.942095
904   0.937274
905   0.932355
906   0.927722
907   0.923934
908   0.92313
909   0.927218
910   0.934387
911   0.942471
912   0.950236
913   0.957137
914   0.96297
915   0.967792
916   0.971788
917   0.975096
918   0.977954
919   0.980414
920   0.982656
921   0.984635
922   0.986459
923   0.988024
924   0.989385
925   0.990425
926   0.991163
927   0.99151
928   0.991473
929   0.991026
930   0.990189
931   0.989022
932   0.987575
933   0.985993
934   0.98435
935   0.982821
936   0.981473
937   0.980434
938   0.979727
939   0.979406
940   0.979442
941   0.979834
942   0.980523
943   0.981479
944   0.982628
945   0.983924
946   0.943463
947   0.938725
948   0.933519
949   0.928506
950   0.923554
951   0.920268
952   0.923532
953   0.929502
954   0.937601
955   0.945773
956   0.953178
957   0.95958
958   0.964934
959   0.969393
960   0.973149
961   0.976348
962   0.979176
963   0.981682
964   0.98398
965   0.986042
966   0.987913
967   0.989527
968   0.990888
969   0.991919
970   0.992614
971   0.992913
972   0.992833
973   0.992347
974   0.991529
975   0.990391
976   0.989076
977   0.987619
978   0.98621
979   0.984866
980   0.983775
981   0.9829
982   0.982392
983   0.982158
984   0.982303
985   0.982698
986   0.983412
987   0.984297
988   0.985394
989   0.945234
990   0.940466
991   0.93527
992   0.929845
993   0.924524
994   0.920836
995   0.920755
996   0.925308
997   0.932932
998   0.941253
999   0.949126
1000   0.956018
1001   0.961885
1002   0.966832
1003   0.97099
1004   0.974594
1005   0.977718
1006   0.980554
1007   0.983086
1008   0.985434
1009   0.987523
1010   0.989417
1011   0.991015
1012   0.992346
1013   0.99332
1014   0.993949
1015   0.994184
1016   0.994043
1017   0.993543
1018   0.992723
1019   0.991667
1020   0.990438
1021   0.989161
1022   0.987903
1023   0.986784
1024   0.985847
1025   0.985176
1026   0.984775
1027   0.984682
1028   0.984867
1029   0.985329
1030   0.986012
1031   0.986881
1032   0.947374
1033   0.94285
1034   0.937644
1035   0.932259
1036   0.92652
1037   0.921686
1038   0.919761
1039   0.920924
1040   0.928399
1041   0.93689
1042   0.944964
1043   0.95236
1044   0.958673
1045   0.964089
1046   0.968667
1047   0.972626
1048   0.976099
1049   0.979199
1050   0.982018
1051   0.984581
1052   0.986924
1053   0.989024
1054   0.990877
1055   0.992438
1056   0.993689
1057   0.994586
1058   0.995125
1059   0.995282
1060   0.995091
1061   0.994559
1062   0.993773
1063   0.992763
1064   0.991663
1065   0.990501
1066   0.989432
1067   0.988455
1068   0.987713
1069   0.987163
1070   0.98692
1071   0.986898
1072   0.987181
1073   0.987649
1074   0.98835
1075   0.949769
1076   0.945376
1077   0.940449
1078   0.935082
1079   0.929379
1080   0.924071
1081   0.920075
1082   0.919977
1083   0.924819
1084   0.932587
1085   0.940838
1086   0.948536
1087   0.955305
1088   0.961136
1089   0.966107
1090   0.970444
1091   0.974216
1092   0.977628
1093   0.980675
1094   0.983497
1095   0.986034
1096   0.988371
1097   0.99042
1098   0.992227
1099   0.993703
1100   0.994873
1101   0.995675
1102   0.996128
1103   0.99622
1104   0.995981
1105   0.995454
1106   0.994687
1107   0.993769
1108   0.992757
1109   0.991754
1110   0.99081
1111   0.990015
1112   0.989397
1113   0.989013
1114   0.988861
1115   0.988959
1116   0.989274
1117   0.989784
1118   0.952369
1119   0.948342
1120   0.943629
1121   0.938628
1122   0.932982
1123   0.92757
1124   0.922261
1125   0.918764
1126   0.922501
1127   0.928908
1128   0.936942
1129   0.944902
1130   0.951909
1131   0.958126
1132   0.963423
1133   0.968089
1134   0.972168
1135   0.975838
1136   0.979146
1137   0.982171
1138   0.984934
1139   0.987453
1140   0.989719
1141   0.991719
1142   0.993427
1143   0.994822
1144   0.995882
1145   0.996593
1146   0.99696
1147   0.996987
1148   0.996722
1149   0.996189
1150   0.995477
1151   0.994618
1152   0.993731
1153   0.992833
1154   0.992053
1155   0.991379
1156   0.990925
1157   0.990644
1158   0.990624
1159   0.990777
1160   0.991156
1161   0.955059
1162   0.951249
1163   0.946951
1164   0.942187
1165   0.93693
1166   0.931423
1167   0.925989
1168   0.922109
1169   0.921631
1170   0.926363
1171   0.933659
1172   0.941404
1173   0.948606
1174   0.955034
1175   0.960616
1176   0.965575
1177   0.969912
1178   0.973854
1179   0.977371
1180   0.980629
1181   0.983567
1182   0.986295
1183   0.98873
1184   0.99094
1185   0.992838
1186   0.994465
1187   0.995749
1188   0.996718
1189   0.997337
1190   0.997634
1191   0.99762
1192   0.997334
1193   0.99683
1194   0.996157
1195   0.995396
1196   0.994597
1197   0.993844
1198   0.993177
1199   0.992663
1200   0.992317
1201   0.992176
1202   0.992224
1203   0.992455
1204   0.957795
1205   0.954369
1206   0.950374
1207   0.946096
1208   0.941172
1209   0.936135
1210   0.930704
1211   0.926134
1212   0.924051
1213   0.924658
1214   0.931168
1215   0.938699
1216   0.94567
1217   0.952246
1218   0.957949
1219   0.963111
1220   0.967657
1221   0.971792
1222   0.975517
1223   0.978942
1224   0.982068
1225   0.984947
1226   0.987563
1227   0.989933
1228   0.992026
1229   0.99384
1230   0.995344
1231   0.996535
1232   0.997397
1233   0.997937
1234   0.998171
1235   0.99812
1236   0.997834
1237   0.997347
1238   0.996742
1239   0.996049
1240   0.99537
1241   0.994719
1242   0.994199
1243   0.993792
1244   0.993587
1245   0.993524
1246   0.993662
1247   0.960495
1248   0.957307
1249   0.953742
1250   0.949802
1251   0.945446
1252   0.940771
1253   0.935939
1254   0.93143
1255   0.92807
1256   0.927578
1257   0.930309
1258   0.936697
1259   0.943318
1260   0.949774
1261   0.955493
1262   0.960767
1263   0.965422
1264   0.969727
1265   0.973576
1266   0.97717
1267   0.980417
1268   0.983457
1269   0.9862
1270   0.988737
1271   0.990978
1272   0.992982
1273   0.99467
1274   0.99608
1275   0.99716
1276   0.99794
1277   0.998407
1278   0.998594
1279   0.998525
1280   0.998241
1281   0.9978
1282   0.997246
1283   0.996653
1284   0.996064
1285   0.995546
1286   0.99513
1287   0.99486
1288   0.994739
1289   0.994772
1290   0.963141
1291   0.960292
1292   0.957039
1293   0.953572
1294   0.949653
1295   0.945614
1296   0.941263
1297   0.937279
1298   0.933621
1299   0.931401
1300   0.932921
1301   0.93651
1302   0.94232
1303   0.948326
1304   0.953775
1305   0.958921
1306   0.963575
1307   0.967887
1308   0.971817
1309   0.975465
1310   0.978817
1311   0.981935
1312   0.984798
1313   0.987438
1314   0.989822
1315   0.991962
1316   0.993823
1317   0.995409
1318   0.996693
1319   0.997683
1320   0.998371
1321   0.998778
1322   0.998923
1323   0.998838
1324   0.998573
1325   0.998163
1326   0.997684
1327   0.997163
1328   0.996689
1329   0.996266
1330   0.995978
1331   0.995794
1332   0.99577
1333   0.965684
1334   0.963059
1335   0.960179
1336   0.957048
1337   0.953658
1338   0.95006
1339   0.946384
1340   0.942751
1341   0.939626
1342   0.937272
1343   0.936844
1344   0.939051
1345   0.942719
1346   0.947899
1347   0.952774
1348   0.957682
1349   0.962122
1350   0.966381
1351   0.970241
1352   0.973915
1353   0.977265
1354   0.980449
1355   0.983353
1356   0.986089
1357   0.988554
1358   0.990824
1359   0.99281
1360   0.994563
1361   0.996015
1362   0.997204
1363   0.998091
1364   0.998711
1365   0.999062
1366   0.999178
1367   0.999092
1368   0.998843
1369   0.998487
1370   0.998066
1371   0.997643
1372   0.997255
1373   0.99695
1374   0.996746
1375   0.996658
1376   0.968124
1377   0.965774
1378   0.963168
1379   0.96042
1380   0.95741
1381   0.954322
1382   0.951089
1383   0.948008
1384   0.945172
1385   0.943035
1386   0.942132
1387   0.942663
1388   0.945365
1389   0.949002
1390   0.953158
1391   0.957374
1392   0.961483
1393   0.965428
1394   0.969152
1395   0.972685
1396   0.975997
1397   0.97913
1398   0.982055
1399   0.9848
1400   0.987329
1401   0.989661
1402   0.991754
1403   0.993619
1404   0.995219
1405   0.996564
1406   0.997631
1407   0.998437
1408   0.998979
1409   0.999284
1410   0.999374
1411   0.999285
1412   0.999065
1413   0.998748
1414   0.998403
1415   0.998051
1416   0.997766
1417   0.99754
1418   0.997429
1419   0.97044
1420   0.968289
1421   0.965978
1422   0.963515
1423   0.960909
1424   0.95819
1425   0.95546
1426   0.952768
1427   0.950411
1428   0.94845
1429   0.947486
1430   0.947409
1431   0.948775
1432   0.951322
1433   0.954417
1434   0.957953
1435   0.96147
1436   0.965062
1437   0.968467
1438   0.971828
1439   0.974971
1440   0.978035
1441   0.98088
1442   0.983621
1443   0.986138
1444   0.988518
1445   0.990657
1446   0.992619
1447   0.994319
1448   0.995804
1449   0.997016
1450   0.997992
1451   0.998705
1452   0.99919
1453   0.999451
1454   0.999524
1455   0.999443
1456   0.999248
1457   0.998987
1458   0.998701
1459   0.998438
1460   0.998225
1461   0.998085
1462   0.972639
1463   0.970706
1464   0.968622
1465   0.96645
1466   0.964142
1467   0.961793
1468   0.959403
1469   0.957108
1470   0.955016
1471   0.953291
1472   0.952216
1473   0.951846
1474   0.952606
1475   0.954205
1476   0.956533
1477   0.959265
1478   0.962239
1479   0.965309
1480   0.968385
1481   0.971428
1482   0.974385
1483   0.977259
1484   0.98001
1485   0.982651
1486   0.985141
1487   0.98749
1488   0.989657
1489   0.991649
1490   0.993427
1491   0.994998
1492   0.996331
1493   0.997437
1494   0.9983
1495   0.998939
1496   0.999356
1497   0.999581
1498   0.999639
1499   0.999563
1500   0.9994
1501   0.999182
1502   0.998966
1503   0.998764
1504   0.998628
1505   0.974715
1506   0.972955
1507   0.9711
1508   0.969158
1509   0.967146
1510   0.965082
1511   0.963038
1512   0.961038
1513   0.959252
1514   0.957704
1515   0.956673
1516   0.95616
1517   0.956425
1518   0.957431
1519   0.959021
1520   0.961128
1521   0.96348
1522   0.966089
1523   0.968724
1524   0.971465
1525   0.974128
1526   0.976817
1527   0.97938
1528   0.981918
1529   0.984298
1530   0.98661
1531   0.988735
1532   0.990747
1533   0.992544
1534   0.994185
1535   0.995591
1536   0.996809
1537   0.997787
1538   0.998564
1539   0.999119
1540   0.999488
1541   0.999678
1542   0.999726
1543   0.999664
1544   0.999529
1545   0.999363
1546   0.999198
1547   0.999064
1548   0.976675
1549   0.97509
1550   0.973421
1551   0.971702
1552   0.969919
1553   0.968121
1554   0.966329
1555   0.964605
1556   0.963026
1557   0.961666
1558   0.960674
1559   0.960098
1560   0.960117
1561   0.960679
1562   0.961794
1563   0.96333
1564   0.965204
1565   0.967312
1566   0.969573
1567   0.971933
1568   0.974331
1569   0.976747
1570   0.979132
1571   0.981484
1572   0.983756
1573   0.985953
1574   0.988029
1575   0.989989
1576   0.991791
1577   0.993439
1578   0.994898
1579   0.996175
1580   0.997245
1581   0.998122
1582   0.998793
1583   0.999281
1584   0.999592
1585   0.999754
1586   0.999792
1587   0.99974
1588   0.999637
1589   0.999509
1590   0.999398
1591   0.978518
1592   0.977082
1593   0.975594
1594   0.97406
1595   0.972496
1596   0.970914
1597   0.969364
1598   0.967857
1599   0.966492
1600   0.965281
1601   0.964369
1602   0.96377
1603   0.963609
1604   0.963897
1605   0.964609
1606   0.965739
1607   0.967155
1608   0.968871
1609   0.970724
1610   0.972766
1611   0.974838
1612   0.977017
1613   0.979156
1614   0.981342
1615   0.983437
1616   0.985529
1617   0.98749
1618   0.989398
1619   0.991143
1620   0.99279
1621   0.994248
1622   0.995569
1623   0.996687
1624   0.997645
1625   0.998401
1626   0.998993
1627   0.999406
1628   0.999675
1629   0.999809
1630   0.999843
1631   0.999805
1632   0.999728
1633   0.999641
1634   0.98025
1635   0.978958
1636   0.977623
1637   0.976261
1638   0.974876
1639   0.973491
1640   0.972128
1641   0.970821
1642   0.969616
1643   0.968554
1644   0.967712
1645   0.967127
1646   0.966878
1647   0.966975
1648   0.967438
1649   0.968234
1650   0.969328
1651   0.970673
1652   0.972215
1653   0.973918
1654   0.975727
1655   0.977623
1656   0.979555
1657   0.981515
1658   0.983458
1659   0.985379
1660   0.987237
1661   0.989029
1662   0.990717
1663   0.992301
1664   0.993746
1665   0.995055
1666   0.996202
1667   0.997193
1668   0.998011
1669   0.998672
1670   0.999168
1671   0.999521
1672   0.99974
1673   0.999853
1674   0.999881
1675   0.999853
1676   0.999802
1677   0.981873
1678   0.98071
1679   0.979518
1680   0.978305
1681   0.977084
1682   0.975864
1683   0.974678
1684   0.973531
1685   0.972483
1686   0.971541
1687   0.970783
1688   0.970222
1689   0.969923
1690   0.969906
1691   0.970173
1692   0.970744
1693   0.971553
1694   0.97263
1695   0.973866
1696   0.97531
1697   0.976834
1698   0.978505
1699   0.980191
1700   0.981968
1701   0.983707
1702   0.985488
1703   0.987187
1704   0.988881
1705   0.990456
1706   0.991983
1707   0.993362
1708   0.994655
1709   0.995782
1710   0.996794
1711   0.997635
1712   0.998347
1713   0.998896
1714   0.99932
1715   0.999609
1716   0.999793
1717   0.999884
1718   0.99991
1719   0.999895
1720   0.983392
1721   0.982347
1722   0.981281
1723   0.980203
1724   0.979122
1725   0.97805
1726   0.977005
1727   0.976006
1728   0.975083
1729   0.974259
1730   0.973575
1731   0.973058
1732   0.972747
1733   0.972661
1734   0.972816
1735   0.973214
1736   0.973839
1737   0.97468
1738   0.975703
1739   0.976893
1740   0.978207
1741   0.979635
1742   0.981131
1743   0.98269
1744   0.984268
1745   0.985862
1746   0.987431
1747   0.988974
1748   0.990454
1749   0.991869
1750   0.993188
1751   0.994411
1752   0.995513
1753   0.996497
1754   0.997345
1755   0.998066
1756   0.998651
1757   0.999113
1758   0.999453
1759   0.99969
1760   0.999834
1761   0.999909
1762   0.999931
1763   0.98481
1764   0.983872
1765   0.982921
1766   0.981962
1767   0.981007
1768   0.980061
1769   0.979148
1770   0.97827
1771   0.977465
1772   0.976738
1773   0.976134
1774   0.975661
1775   0.975357
1776   0.97524
1777   0.975314
1778   0.975604
1779   0.976074
1780   0.976757
1781   0.977581
1782   0.978592
1783   0.979691
1784   0.98094
1785   0.982226
1786   0.98362
1787   0.985004
1788   0.986454
1789   0.987854
1790   0.989279
1791   0.990618
1792   0.991944
1793   0.993157
1794   0.994321
1795   0.995353
1796   0.99631
1797   0.997125
1798   0.997849
1799   0.998433
1800   0.998922
1801   0.999288
1802   0.999567
1803   0.99975
1804   0.999867
1805   0.999926
1806   0.986129
1807   0.98529
1808   0.984441
1809   0.983589
1810   0.982742
1811   0.981909
1812   0.981103
1813   0.980336
1814   0.979629
1815   0.978996
1816   0.978461
1817   0.978044
1818   0.977764
1819   0.977639
1820   0.977679
1821   0.977892
1822   0.978274
1823   0.978822
1824   0.97952
1825   0.980359
1826   0.981315
1827   0.982376
1828   0.983515
1829   0.984721
1830   0.985965
1831   0.987237
1832   0.988511
1833   0.989777
1834   0.991009
1835   0.992201
1836   0.99333
1837   0.99439
1838   0.995364
1839   0.99625
1840   0.997034
1841   0.997719
1842   0.998299
1843   0.998778
1844   0.99916
1845   0.999452
1846   0.999663
1847   0.999806
1848   0.999894
