##### Y Variance #####
0   0.99991
1   0.999863
2   0.99929
3   0.997974
4   0.995709
5   0.992379
6   0.987869
7   0.982272
8   0.975693
9   0.968719
10   0.961471
11   0.95438
12   0.947525
13   0.941191
14   0.935493
15   0.93062
16   0.926688
17   0.923812
18   0.922004
19   0.921236
20   0.921464
21   0.922552
22   0.924465
23   0.92703
24   0.93018
25   0.933699
26   0.937504
27   0.941389
28   0.945308
29   0.949124
30   0.952826
31   0.956336
32   0.959669
33   0.962792
34   0.965728
35   0.96847
36   0.971038
37   0.973434
38   0.97567
39   0.977753
40   0.97969
41   0.981488
42   0.983153
43   0.999467
44   0.999821
45   0.999703
46   0.998859
47   0.996926
48   0.993972
49   0.989438
50   0.983984
51   0.976587
52   0.969577
53   0.961213
54   0.953698
55   0.945671
56   0.938576
57   0.931801
58   0.926082
59   0.921259
60   0.917706
61   0.915337
62   0.914072
63   0.914131
64   0.914919
65   0.917013
66   0.919572
67   0.923219
68   0.926973
69   0.931449
70   0.935671
71   0.940259
72   0.944439
73   0.948723
74   0.952575
75   0.956367
76   0.959789
77   0.963077
78   0.966077
79   0.968917
80   0.971532
81   0.973983
82   0.976249
83   0.978356
84   0.980304
85   0.982104
86   0.998389
87   0.999131
88   0.99964
89   0.999456
90   0.998265
91   0.995928
92   0.992179
93   0.987177
94   0.980549
95   0.972907
96   0.964446
97   0.955646
98   0.946722
99   0.938179
100   0.930132
101   0.923164
102   0.917189
103   0.912503
104   0.909091
105   0.906936
106   0.906165
107   0.90657
108   0.90827
109   0.910986
110   0.914694
111   0.919006
112   0.92385
113   0.928826
114   0.933922
115   0.938875
116   0.943688
117   0.948207
118   0.952459
119   0.9564
120   0.960064
121   0.963454
122   0.966595
123   0.969504
124   0.972194
125   0.974682
126   0.976977
127   0.979093
128   0.981037
129   0.996504
130   0.997614
131   0.998721
132   0.999281
133   0.998941
134   0.997477
135   0.994595
136   0.990513
137   0.984763
138   0.977752
139   0.969084
140   0.960283
141   0.949985
142   0.941007
143   0.930813
144   0.923134
145   0.915166
146   0.909244
147   0.904206
148   0.900564
149   0.898694
150   0.897993
151   0.899274
152   0.90157
153   0.905505
154   0.909923
155   0.915468
156   0.920868
157   0.926855
158   0.932423
159   0.938111
160   0.943229
161   0.948184
162   0.952627
163   0.956816
164   0.960606
165   0.964136
166   0.967356
167   0.970333
168   0.97306
169   0.975565
170   0.97786
171   0.97996
172   0.993685
173   0.994897
174   0.996635
175   0.997944
176   0.998612
177   0.998147
178   0.99645
179   0.993441
180   0.988923
181   0.983008
182   0.97557
183   0.967091
184   0.957608
185   0.947719
186   0.937474
187   0.927395
188   0.917917
189   0.909259
190   0.901844
191   0.895996
192   0.891873
193   0.889966
194   0.889925
195   0.891757
196   0.895218
197   0.899774
198   0.905479
199   0.911688
200   0.918337
201   0.924992
202   0.931503
203   0.937616
204   0.943275
205   0.948479
206   0.953216
207   0.957558
208   0.961501
209   0.965115
210   0.968398
211   0.971404
212   0.974133
213   0.976626
214   0.978884
215   0.989978
216   0.991373
217   0.993442
218   0.995462
219   0.997
220   0.997569
221   0.996977
222   0.995173
223   0.991937
224   0.987395
225   0.981336
226   0.974072
227   0.965565
228   0.956262
229   0.946005
230   0.935551
231   0.923999
232   0.914379
233   0.903284
234   0.89644
235   0.888162
236   0.885422
237   0.882581
238   0.883355
239   0.885739
240   0.889435
241   0.895341
242   0.901667
243   0.909347
244   0.916802
245   0.924527
246   0.931481
247   0.93811
248   0.944017
249   0.949462
250   0.954342
251   0.958788
252   0.962797
253   0.966435
254   0.969725
255   0.972702
256   0.975394
257   0.977826
258   0.985411
259   0.986506
260   0.989071
261   0.991611
262   0.99409
263   0.995598
264   0.996218
265   0.99557
266   0.993722
267   0.990538
268   0.985982
269   0.98015
270   0.973048
271   0.964932
272   0.955798
273   0.946011
274   0.935439
275   0.924906
276   0.914295
277   0.904494
278   0.895461
279   0.887752
280   0.88223
281   0.878633
282   0.877965
283   0.879908
284   0.884424
285   0.891298
286   0.899477
287   0.908132
288   0.916821
289   0.925056
290   0.932552
291   0.939434
292   0.945547
293   0.951102
294   0.956032
295   0.960502
296   0.964483
297   0.968088
298   0.971304
299   0.974212
300   0.976807
301   0.980236
302   0.98132
303   0.983873
304   0.986974
305   0.990104
306   0.992564
307   0.994149
308   0.994674
309   0.994007
310   0.992186
311   0.989029
312   0.984715
313   0.979111
314   0.972498
315   0.964792
316   0.956325
317   0.94707
318   0.937264
319   0.927178
320   0.916959
321   0.906764
322   0.89723
323   0.887275
324   0.881576
325   0.874749
326   0.875641
327   0.875955
328   0.882798
329   0.890852
330   0.899784
331   0.9096
332   0.918593
333   0.927178
334   0.934846
335   0.941748
336   0.947892
337   0.953365
338   0.958252
339   0.962607
340   0.966501
341   0.969973
342   0.973077
343   0.975847
344   0.974604
345   0.974923
346   0.977809
347   0.981189
348   0.985112
349   0.988338
350   0.990984
351   0.992477
352   0.993044
353   0.992386
354   0.990634
355   0.987697
356   0.983641
357   0.978538
358   0.972419
359   0.96546
360   0.957624
361   0.949147
362   0.940049
363   0.93059
364   0.920842
365   0.911182
366   0.901511
367   0.893035
368   0.885692
369   0.880593
370   0.87862
371   0.879242
372   0.884797
373   0.892896
374   0.902651
375   0.912885
376   0.922167
377   0.930808
378   0.938278
379   0.945045
380   0.950938
381   0.956244
382   0.9609
383   0.96508
384   0.968763
385   0.972066
386   0.974981
387   0.968975
388   0.969197
389   0.971393
390   0.975037
391   0.979419
392   0.983496
393   0.986915
394   0.989405
395   0.990895
396   0.991371
397   0.99074
398   0.98912
399   0.986404
400   0.982781
401   0.97816
402   0.972741
403   0.966459
404   0.95946
405   0.951781
406   0.94354
407   0.934891
408   0.926003
409   0.917146
410   0.908318
411   0.900291
412   0.893084
413   0.887009
414   0.884767
415   0.883202
416   0.890356
417   0.898121
418   0.908543
419   0.918393
420   0.927481
421   0.935463
422   0.94262
423   0.9489
424   0.954502
425   0.95944
426   0.963834
427   0.96772
428   0.971174
429   0.974237
430   0.963405
431   0.962841
432   0.964769
433   0.967977
434   0.97308
435   0.977796
436   0.982102
437   0.985359
438   0.987845
439   0.989201
440   0.989689
441   0.989126
442   0.987695
443   0.985334
444   0.982151
445   0.978158
446   0.973389
447   0.967905
448   0.961711
449   0.954937
450   0.947604
451   0.939938
452   0.931915
453   0.923842
454   0.915894
455   0.908472
456   0.901873
457   0.897036
458   0.894139
459   0.894264
460   0.900034
461   0.90769
462   0.916863
463   0.925951
464   0.933851
465   0.941148
466   0.947537
467   0.953305
468   0.958374
469   0.962916
470   0.966918
471   0.970497
472   0.973654
473   0.958124
474   0.957224
475   0.95829
476   0.961469
477   0.966516
478   0.971868
479   0.976787
480   0.980877
481   0.984066
482   0.986315
483   0.987608
484   0.988055
485   0.987605
486   0.986424
487   0.984426
488   0.981771
489   0.978364
490   0.974322
491   0.969594
492   0.964258
493   0.958363
494   0.951947
495   0.945187
496   0.93802
497   0.93092
498   0.923801
499   0.917464
500   0.911725
501   0.907813
502   0.90541
503   0.905886
504   0.911326
505   0.917901
506   0.926111
507   0.933554
508   0.940643
509   0.946941
510   0.952674
511   0.957766
512   0.962337
513   0.966402
514   0.970031
515   0.973264
516   0.95317
517   0.951496
518   0.95197
519   0.954206
520   0.959744
521   0.96548
522   0.971085
523   0.975788
524   0.979782
525   0.982692
526   0.984839
527   0.986027
528   0.98654
529   0.986259
530   0.985376
531   0.983811
532   0.981663
533   0.978882
534   0.975504
535   0.971524
536   0.966962
537   0.961869
538   0.956268
539   0.950273
540   0.944006
541   0.937682
542   0.931554
543   0.925911
544   0.921245
545   0.917839
546   0.916788
547   0.918152
548   0.923017
549   0.928922
550   0.935335
551   0.941562
552   0.947426
553   0.952837
554   0.957758
555   0.962224
556   0.96624
557   0.969859
558   0.9731
559   0.94871
560   0.946563
561   0.946157
562   0.948225
563   0.953158
564   0.959195
565   0.965222
566   0.970605
567   0.975162
568   0.978795
569   0.981524
570   0.983472
571   0.984649
572   0.985234
573   0.98517
574   0.984619
575   0.983473
576   0.981846
577   0.97963
578   0.976888
579   0.973572
580   0.969695
581   0.965319
582   0.960401
583   0.955194
584   0.949619
585   0.944178
586   0.938737
587   0.934134
588   0.930214
589   0.928194
590   0.927815
591   0.929904
592   0.933882
593   0.938626
594   0.943803
595   0.948877
596   0.953782
597   0.958348
598   0.962583
599   0.966455
600   0.969984
601   0.973184
602   0.944796
603   0.941961
604   0.940793
605   0.941546
606   0.946665
607   0.952739
608   0.959236
609   0.965112
610   0.970345
611   0.974515
612   0.977925
613   0.980405
614   0.982295
615   0.983483
616   0.984227
617   0.984419
618   0.98421
619   0.983489
620   0.982327
621   0.980629
622   0.978427
623   0.975661
624   0.972363
625   0.968524
626   0.964235
627   0.959552
628   0.954695
629   0.949773
630   0.94524
631   0.941222
632   0.938514
633   0.937011
634   0.937735
635   0.939821
636   0.943193
637   0.947064
638   0.951278
639   0.95546
640   0.959558
641   0.963426
642   0.967066
643   0.970426
644   0.97353
645   0.941538
646   0.938207
647   0.936235
648   0.936707
649   0.940603
650   0.946564
651   0.953284
652   0.959719
653   0.965447
654   0.970245
655   0.974127
656   0.977216
657   0.979571
658   0.981397
659   0.982679
660   0.983598
661   0.984059
662   0.984186
663   0.983845
664   0.983102
665   0.981841
666   0.980082
667   0.977781
668   0.974917
669   0.971578
670   0.967721
671   0.963622
672   0.959239
673   0.955081
674   0.951154
675   0.948147
676   0.946108
677   0.945576
678   0.946431
679   0.948388
680   0.95115
681   0.954355
682   0.957806
683   0.961301
684   0.964745
685   0.968058
686   0.971197
687   0.97414
688   0.938974
689   0.93513
690   0.932393
691   0.931378
692   0.93489
693   0.94025
694   0.947313
695   0.954187
696   0.960512
697   0.96581
698   0.970286
699   0.973815
700   0.976737
701   0.978987
702   0.980861
703   0.982268
704   0.9834
705   0.984133
706   0.984562
707   0.984556
708   0.98415
709   0.983229
710   0.981814
711   0.979827
712   0.977326
713   0.974286
714   0.970868
715   0.967109
716   0.963347
717   0.959663
718   0.956611
719   0.954203
720   0.953061
721   0.95289
722   0.953887
723   0.955573
724   0.957933
725   0.960582
726   0.963494
727   0.96643
728   0.969393
729   0.97224
730   0.974996
731   0.937134
732   0.932873
733   0.929562
734   0.928152
735   0.929774
736   0.934524
737   0.941497
738   0.948814
739   0.95561
740   0.961487
741   0.966418
742   0.970491
743   0.973797
744   0.976557
745   0.978805
746   0.980745
747   0.982314
748   0.983654
749   0.98463
750   0.985321
751   0.985578
752   0.985429
753   0.984764
754   0.98358
755   0.981855
756   0.979577
757   0.976866
758   0.973729
759   0.970462
760   0.96713
761   0.964162
762   0.961672
763   0.960027
764   0.959252
765   0.959378
766   0.960272
767   0.961785
768   0.963752
769   0.966026
770   0.968481
771   0.971027
772   0.973577
773   0.976083
774   0.936033
775   0.931418
776   0.927557
777   0.925057
778   0.925432
779   0.928336
780   0.935695
781   0.943431
782   0.950704
783   0.957086
784   0.962577
785   0.967087
786   0.970899
787   0.974015
788   0.976733
789   0.979018
790   0.981078
791   0.982818
792   0.984346
793   0.985532
794   0.986414
795   0.98686
796   0.986877
797   0.98636
798   0.985333
799   0.983738
800   0.981672
801   0.979139
802   0.976369
803   0.973419
804   0.970668
805   0.968164
806   0.966332
807   0.965081
808   0.964673
809   0.964863
810   0.965749
811   0.967045
812   0.968784
813   0.970724
814   0.972889
815   0.975092
816   0.977361
817   0.935664
818   0.930797
819   0.926422
820   0.92318
821   0.921918
822   0.924123
823   0.930363
824   0.938156
825   0.945832
826   0.952749
827   0.958729
828   0.963774
829   0.967976
830   0.971552
831   0.974583
832   0.977293
833   0.97966
834   0.981844
835   0.983733
836   0.985418
837   0.986747
838   0.987759
839   0.988312
840   0.988416
841   0.987988
842   0.98703
843   0.985566
844   0.983619
845   0.981349
846   0.978829
847   0.976332
848   0.973969
849   0.972014
850   0.97054
851   0.969678
852   0.969401
853   0.9697
854   0.970482
855   0.971679
856   0.973186
857   0.974934
858   0.976825
859   0.978802
860   0.935976
861   0.930974
862   0.926127
863   0.922077
864   0.919352
865   0.919082
866   0.925343
867   0.933047
868   0.940968
869   0.948352
870   0.954869
871   0.960392
872   0.965089
873   0.969027
874   0.972478
875   0.975476
876   0.978232
877   0.9807
878   0.982991
879   0.985007
880   0.986783
881   0.988201
882   0.989258
883   0.989846
884   0.989964
885   0.989543
886   0.98863
887   0.987209
888   0.985424
889   0.983314
890   0.981133
891   0.978933
892   0.977021
893   0.975391
894   0.974294
895   0.97362
896   0.973525
897   0.973827
898   0.974612
899   0.975679
900   0.977082
901   0.97863
902   0.980358
903   0.936887
904   0.931746
905   0.926587
906   0.921795
907   0.917932
908   0.917071
909   0.921061
910   0.92813
911   0.93616
912   0.943952
913   0.950967
914   0.957017
915   0.962142
916   0.966533
917   0.970299
918   0.973678
919   0.976687
920   0.979504
921   0.982049
922   0.984428
923   0.986503
924   0.988327
925   0.989755
926   0.990805
927   0.991367
928   0.99145
929   0.991022
930   0.990105
931   0.988775
932   0.987092
933   0.985227
934   0.983273
935   0.981438
936   0.979803
937   0.978524
938   0.977627
939   0.977179
940   0.977147
941   0.977529
942   0.978257
943   0.979296
944   0.980562
945   0.982001
946   0.938341
947   0.933281
948   0.927849
949   0.922671
950   0.917663
951   0.914355
952   0.917519
953   0.923384
954   0.931405
955   0.939544
956   0.947014
957   0.953559
958   0.959162
959   0.963945
960   0.968113
961   0.971777
962   0.975124
963   0.978174
964   0.98103
965   0.983642
966   0.986042
967   0.988144
968   0.989936
969   0.99133
970   0.992307
971   0.992799
972   0.992818
973   0.992339
974   0.991441
975   0.990148
976   0.988623
977   0.986915
978   0.985244
979   0.983638
980   0.982316
981   0.981241
982   0.980587
983   0.980251
984   0.980352
985   0.980746
986   0.981508
987   0.982471
988   0.983682
989   0.940226
990   0.935155
991   0.929729
992   0.924152
993   0.91876
994   0.91504
995   0.914917
996   0.919383
997   0.926902
998   0.935161
999   0.943037
1000   0.950024
1001   0.956069
1002   0.961288
1003   0.965791
1004   0.969815
1005   0.973406
1006   0.976756
1007   0.979816
1008   0.982708
1009   0.985319
1010   0.987718
1011   0.98977
1012   0.991506
1013   0.992809
1014   0.993692
1015   0.994094
1016   0.994035
1017   0.993532
1018   0.992632
1019   0.991435
1020   0.990016
1021   0.988524
1022   0.987039
1023   0.985705
1024   0.984574
1025   0.983745
1026   0.983227
1027   0.983061
1028   0.983218
1029   0.983694
1030   0.984427
1031   0.985378
1032   0.942498
1033   0.937672
1034   0.932248
1035   0.926702
1036   0.920898
1037   0.916038
1038   0.914099
1039   0.915237
1040   0.922589
1041   0.930975
1042   0.939021
1043   0.946451
1044   0.952895
1045   0.958516
1046   0.96339
1047   0.967709
1048   0.971607
1049   0.975174
1050   0.978494
1051   0.981572
1052   0.984432
1053   0.987032
1054   0.989355
1055   0.991341
1056   0.992959
1057   0.994155
1058   0.994916
1059   0.995216
1060   0.995087
1061   0.994543
1062   0.99368
1063   0.992538
1064   0.991272
1065   0.989922
1066   0.988663
1067   0.987503
1068   0.986606
1069   0.985926
1070   0.985597
1071   0.985523
1072   0.985798
1073   0.986287
1074   0.987047
1075   0.945045
1076   0.940367
1077   0.935218
1078   0.929696
1079   0.923914
1080   0.918581
1081   0.914598
1082   0.914482
1083   0.919242
1084   0.926906
1085   0.935087
1086   0.942784
1087   0.949623
1088   0.955614
1089   0.960816
1090   0.965465
1091   0.969605
1092   0.973443
1093   0.976946
1094   0.980257
1095   0.983285
1096   0.986116
1097   0.988631
1098   0.990878
1099   0.992742
1100   0.994247
1101   0.995312
1102   0.99596
1103   0.996171
1104   0.995979
1105   0.995435
1106   0.994593
1107   0.993558
1108   0.992398
1109   0.991235
1110   0.990129
1111   0.989186
1112   0.988439
1113   0.987958
1114   0.98774
1115   0.98781
1116   0.988128
1117   0.988672
1118   0.947809
1119   0.943499
1120   0.938573
1121   0.933408
1122   0.927681
1123   0.922232
1124   0.916957
1125   0.913503
1126   0.917163
1127   0.923474
1128   0.931423
1129   0.939338
1130   0.946382
1131   0.952701
1132   0.958186
1133   0.963105
1134   0.967508
1135   0.97155
1136   0.975277
1137   0.97875
1138   0.98198
1139   0.984969
1140   0.987695
1141   0.990133
1142   0.992243
1143   0.993993
1144   0.995349
1145   0.996294
1146   0.996827
1147   0.996953
1148   0.996722
1149   0.996166
1150   0.995384
1151   0.994418
1152   0.993403
1153   0.992367
1154   0.991453
1155   0.990654
1156   0.990103
1157   0.989747
1158   0.989687
1159   0.989824
1160   0.990221
1161   0.950677
1162   0.946601
1163   0.942086
1164   0.937162
1165   0.931808
1166   0.926264
1167   0.920847
1168   0.917
1169   0.916525
1170   0.921186
1171   0.928386
1172   0.936071
1173   0.943265
1174   0.94976
1175   0.955477
1176   0.960645
1177   0.965249
1178   0.96952
1179   0.973405
1180   0.977075
1181   0.980441
1182   0.983618
1183   0.986492
1184   0.989136
1185   0.991436
1186   0.993432
1187   0.995033
1188   0.996268
1189   0.99709
1190   0.997529
1191   0.997596
1192   0.997334
1193   0.996805
1194   0.996066
1195   0.995212
1196   0.994301
1197   0.993432
1198   0.992653
1199   0.992042
1200   0.99162
1201   0.991428
1202   0.991452
1203   0.991684
1204   0.953601
1205   0.949912
1206   0.945709
1207   0.941261
1208   0.936237
1209   0.931144
1210   0.925722
1211   0.921183
1212   0.919124
1213   0.919739
1214   0.926154
1215   0.933599
1216   0.940546
1217   0.947147
1218   0.95295
1219   0.958271
1220   0.963042
1221   0.967455
1222   0.971507
1223   0.975298
1224   0.97882
1225   0.982113
1226   0.98515
1227   0.987936
1228   0.990426
1229   0.992612
1230   0.994447
1231   0.995925
1232   0.997019
1233   0.997737
1234   0.99809
1235   0.998104
1236   0.997833
1237   0.997319
1238   0.996654
1239   0.995877
1240   0.995105
1241   0.994354
1242   0.993746
1243   0.993263
1244   0.993004
1245   0.992908
1246   0.993038
1247   0.956497
1248   0.953063
1249   0.949289
1250   0.945182
1251   0.94071
1252   0.93597
1253   0.931119
1254   0.92663
1255   0.923304
1256   0.922825
1257   0.925533
1258   0.931845
1259   0.938418
1260   0.944876
1261   0.950656
1262   0.956053
1263   0.960885
1264   0.965427
1265   0.969556
1266   0.973477
1267   0.977077
1268   0.980502
1269   0.983634
1270   0.986571
1271   0.989196
1272   0.99157
1273   0.993593
1274   0.995305
1275   0.996637
1276   0.997624
1277   0.998243
1278   0.998531
1279   0.998515
1280   0.99824
1281   0.997772
1282   0.997164
1283   0.996499
1284   0.995829
1285   0.995233
1286   0.994746
1287   0.994421
1288   0.994263
1289   0.994278
1290   0.959344
1291   0.956256
1292   0.952803
1293   0.949164
1294   0.945125
1295   0.941
1296   0.936616
1297   0.932624
1298   0.928998
1299   0.926812
1300   0.928315
1301   0.931876
1302   0.937637
1303   0.943624
1304   0.949114
1305   0.954346
1306   0.959146
1307   0.963652
1308   0.967824
1309   0.971756
1310   0.975428
1311   0.978893
1312   0.982119
1313   0.985132
1314   0.987885
1315   0.990385
1316   0.99258
1317   0.994474
1318   0.996025
1319   0.997241
1320   0.998107
1321   0.998646
1322   0.998875
1323   0.998831
1324   0.99857
1325   0.998134
1326   0.997607
1327   0.997024
1328   0.996485
1329   0.995999
1330   0.995659
1331   0.995435
1332   0.99539
1333   0.962094
1334   0.959246
1335   0.956168
1336   0.952869
1337   0.949347
1338   0.945655
1339   0.941921
1340   0.938266
1341   0.935143
1342   0.932811
1343   0.932393
1344   0.934583
1345   0.938232
1346   0.943391
1347   0.948289
1348   0.953261
1349   0.957813
1350   0.962234
1351   0.966297
1352   0.970221
1353   0.973851
1354   0.97735
1355   0.980584
1356   0.98367
1357   0.986481
1358   0.989099
1359   0.991411
1360   0.993474
1361   0.995199
1362   0.996629
1363   0.997715
1364   0.998491
1365   0.998954
1366   0.999141
1367   0.999088
1368   0.99884
1369   0.998459
1370   0.997997
1371   0.997523
1372   0.997081
1373   0.99673
1374   0.996488
1375   0.996375
1376   0.964741
1377   0.962178
1378   0.959383
1379   0.956468
1380   0.953325
1381   0.95013
1382   0.946828
1383   0.943702
1384   0.940851
1385   0.938715
1386   0.937817
1387   0.938353
1388   0.941037
1389   0.944667
1390   0.948838
1391   0.953105
1392   0.957305
1393   0.961383
1394   0.965282
1395   0.969029
1396   0.972592
1397   0.976005
1398   0.979232
1399   0.982297
1400   0.985153
1401   0.987812
1402   0.990223
1403   0.99239
1404   0.994267
1405   0.995861
1406   0.997139
1407   0.99812
1408   0.998796
1409   0.999197
1410   0.999346
1411   0.999282
1412   0.999061
1413   0.998722
1414   0.998342
1415   0.997948
1416   0.997623
1417   0.997362
1418   0.997226
1419   0.967265
1420   0.964916
1421   0.962423
1422   0.959798
1423   0.957055
1424   0.954225
1425   0.95141
1426   0.94866
1427   0.946265
1428   0.94429
1429   0.943313
1430   0.943239
1431   0.944599
1432   0.947146
1433   0.950256
1434   0.953835
1435   0.957426
1436   0.961133
1437   0.964684
1438   0.968234
1439   0.971594
1440   0.974909
1441   0.978024
1442   0.981061
1443   0.983877
1444   0.986568
1445   0.989008
1446   0.991265
1447   0.993237
1448   0.994975
1449   0.996407
1450   0.997573
1451   0.998437
1452   0.999039
1453   0.99938
1454   0.999503
1455   0.999442
1456   0.999244
1457   0.998964
1458   0.998649
1459   0.998355
1460   0.998111
1461   0.997948
1462   0.969669
1463   0.96755
1464   0.965294
1465   0.962965
1466   0.960521
1467   0.958056
1468   0.955575
1469   0.953209
1470   0.951068
1471   0.94931
1472   0.948217
1473   0.947839
1474   0.948591
1475   0.950192
1476   0.952535
1477   0.955303
1478   0.958341
1479   0.961507
1480   0.964711
1481   0.967915
1482   0.971065
1483   0.974161
1484   0.977157
1485   0.980063
1486   0.982831
1487   0.985467
1488   0.987919
1489   0.990192
1490   0.992236
1491   0.994057
1492   0.995613
1493   0.996916
1494   0.997943
1495   0.998715
1496   0.999232
1497   0.999525
1498   0.999622
1499   0.999562
1500   0.999396
1501   0.999162
1502   0.998923
1503   0.998698
1504   0.998541
1505   0.971946
1506   0.970013
1507   0.967996
1508   0.965905
1509   0.963758
1510   0.961578
1511   0.959435
1512   0.957358
1513   0.95551
1514   0.95392
1515   0.952857
1516   0.952329
1517   0.952581
1518   0.953588
1519   0.95519
1520   0.95733
1521   0.959734
1522   0.962427
1523   0.96517
1524   0.968053
1525   0.970882
1526   0.97377
1527   0.976548
1528   0.979329
1529   0.98196
1530   0.984539
1531   0.986928
1532   0.989207
1533   0.991258
1534   0.993144
1535   0.994771
1536   0.996191
1537   0.997341
1538   0.998263
1539   0.998932
1540   0.999385
1541   0.999633
1542   0.999713
1543   0.999663
1544   0.999525
1545   0.999347
1546   0.999166
1547   0.999015
1548   0.974101
1549   0.972356
1550   0.970536
1551   0.968674
1552   0.966763
1553   0.964849
1554   0.962957
1555   0.961149
1556   0.959503
1557   0.958091
1558   0.95706
1559   0.956459
1560   0.956461
1561   0.95702
1562   0.958143
1563   0.959705
1564   0.961625
1565   0.963804
1566   0.96616
1567   0.968642
1568   0.971186
1569   0.973776
1570   0.976355
1571   0.978922
1572   0.981424
1573   0.983863
1574   0.986185
1575   0.988393
1576   0.990437
1577   0.992318
1578   0.993994
1579   0.995471
1580   0.996717
1581   0.997745
1582   0.998541
1583   0.999127
1584   0.999508
1585   0.999718
1586   0.999782
1587   0.999739
1588   0.999634
1589   0.999497
1590   0.999375
1591   0.976133
1592   0.974551
1593   0.972921
1594   0.971253
1595   0.969565
1596   0.967871
1597   0.96622
1598   0.964629
1599   0.96319
1600   0.961923
1601   0.960963
1602   0.960334
1603   0.96015
1604   0.960431
1605   0.961147
1606   0.962299
1607   0.963751
1608   0.965529
1609   0.967462
1610   0.969612
1611   0.97181
1612   0.974144
1613   0.976453
1614   0.978834
1615   0.981133
1616   0.983446
1617   0.985631
1618   0.987771
1619   0.98974
1620   0.991611
1621   0.993275
1622   0.994793
1623   0.996084
1624   0.997197
1625   0.998083
1626   0.998783
1627   0.999278
1628   0.999606
1629   0.99978
1630   0.999834
1631   0.999805
1632   0.999726
1633   0.999634
1634   0.978046
1635   0.97662
1636   0.975154
1637   0.973667
1638   0.972165
1639   0.970672
1640   0.969212
1641   0.967819
1642   0.96654
1643   0.965417
1644   0.964526
1645   0.963904
1646   0.96363
1647   0.963715
1648   0.964178
1649   0.964989
1650   0.966115
1651   0.967512
1652   0.969124
1653   0.970919
1654   0.972841
1655   0.974871
1656   0.976956
1657   0.979087
1658   0.981215
1659   0.983334
1660   0.985396
1661   0.987399
1662   0.989297
1663   0.991087
1664   0.992729
1665   0.994225
1666   0.995541
1667   0.996686
1668   0.997637
1669   0.998409
1670   0.998995
1671   0.999417
1672   0.999685
1673   0.999829
1674   0.999874
1675   0.999853
1676   0.999802
1677   0.979842
1678   0.978555
1679   0.977244
1680   0.975915
1681   0.974585
1682   0.973263
1683   0.971983
1684   0.970753
1685   0.969631
1686   0.968628
1687   0.967817
1688   0.967218
1689   0.96689
1690   0.966858
1691   0.967121
1692   0.967704
1693   0.968538
1694   0.96966
1695   0.970956
1696   0.972481
1697   0.974102
1698   0.975893
1699   0.977711
1700   0.979642
1701   0.981544
1702   0.983505
1703   0.985386
1704   0.987274
1705   0.989038
1706   0.990758
1707   0.992319
1708   0.99379
1709   0.995078
1710   0.996241
1711   0.997211
1712   0.998037
1713   0.99868
1714   0.99918
1715   0.999524
1716   0.999748
1717   0.999864
1718   0.999904
1719   0.999894
1720   0.981524
1721   0.980368
1722   0.979193
1723   0.978009
1724   0.976826
1725   0.975659
1726   0.974526
1727   0.973447
1728   0.972452
1729   0.971567
1730   0.970832
1731   0.970275
1732   0.969935
1733   0.969832
1734   0.969982
1735   0.970387
1736   0.971034
1737   0.971912
1738   0.972988
1739   0.974248
1740   0.975649
1741   0.97718
1742   0.978795
1743   0.980488
1744   0.982213
1745   0.983966
1746   0.985702
1747   0.987417
1748   0.989071
1749   0.99066
1750   0.992148
1751   0.993535
1752   0.994789
1753   0.995914
1754   0.996888
1755   0.997721
1756   0.998399
1757   0.998939
1758   0.99934
1759   0.999623
1760   0.999798
1761   0.999893
1762   0.999925
1763   0.983096
1764   0.982058
1765   0.981008
1766   0.979952
1767   0.978904
1768   0.97787
1769   0.976874
1770   0.975922
1771   0.97505
1772   0.974265
1773   0.97361
1774   0.973099
1775   0.972765
1776   0.972631
1777   0.972696
1778   0.972994
1779   0.97348
1780   0.974197
1781   0.975065
1782   0.976139
1783   0.977312
1784   0.978655
1785   0.980044
1786   0.981559
1787   0.983072
1788   0.984665
1789   0.986211
1790   0.987793
1791   0.989287
1792   0.990773
1793   0.992137
1794   0.993454
1795   0.994625
1796   0.995715
1797   0.996648
1798   0.997479
1799   0.998154
1800   0.998722
1801   0.999149
1802   0.999477
1803   0.999696
1804   0.999838
1805   0.999912
1806   0.984561
1807   0.983631
1808   0.982693
1809   0.981753
1810   0.980821
1811   0.979908
1812   0.979027
1813   0.978192
1814   0.977422
1815   0.976735
1816   0.976154
1817   0.975699
1818   0.975392
1819   0.975249
1820   0.975282
1821   0.975498
1822   0.975896
1823   0.976472
1824   0.977211
1825   0.978104
1826   0.979128
1827   0.98027
1828   0.981502
1829   0.982814
1830   0.984174
1831   0.985572
1832   0.986978
1833   0.988381
1834   0.989754
1835   0.991087
1836   0.992356
1837   0.993551
1838   0.994654
1839   0.995661
1840   0.996556
1841   0.99734
1842   0.998006
1843   0.99856
1844   0.999003
1845   0.999344
1846   0.999593
1847   0.999764
1848   0.99987
