##### Y Variance #####
0   0.999935
1   0.999863
2   0.999322
3   0.998133
4   0.996132
5   0.993245
6   0.9894
7   0.984697
8   0.979238
9   0.973489
10   0.967556
11   0.961779
12   0.956225
13   0.95112
14   0.946551
15   0.942665
16   0.939547
17   0.937283
18   0.935875
19   0.935302
20   0.935521
21   0.936428
22   0.937988
23   0.940068
24   0.94261
25   0.945451
26   0.948522
27   0.951664
28   0.95484
29   0.957941
30   0.960958
31   0.963828
32   0.966561
33   0.96913
34   0.97155
35   0.973817
36   0.975942
37   0.977929
38   0.979784
39   0.981514
40   0.983123
41   0.984618
42   0.986002
43   0.999594
44   0.999867
45   0.999704
46   0.998895
47   0.99713
48   0.994513
49   0.99059
50   0.985957
51   0.979803
52   0.973981
53   0.967138
54   0.961001
55   0.954509
56   0.948805
57   0.943386
58   0.938855
59   0.935045
60   0.932274
61   0.930436
62   0.929502
63   0.929595
64   0.930295
65   0.932
66   0.934097
67   0.937024
68   0.940066
69   0.943655
70   0.947075
71   0.950769
72   0.954167
73   0.957638
74   0.960785
75   0.963879
76   0.966691
77   0.969391
78   0.971867
79   0.974211
80   0.976375
81   0.978404
82   0.980283
83   0.98203
84   0.983647
85   0.985142
86   0.998726
87   0.999346
88   0.999723
89   0.999463
90   0.998295
91   0.996133
92   0.99279
93   0.988433
94   0.982813
95   0.976436
96   0.969465
97   0.962293
98   0.955085
99   0.94824
100   0.941841
101   0.936336
102   0.931649
103   0.928011
104   0.925394
105   0.923784
106   0.923265
107   0.923678
108   0.925102
109   0.927323
110   0.930314
111   0.933785
112   0.937671
113   0.94167
114   0.945764
115   0.949756
116   0.953641
117   0.957303
118   0.960759
119   0.963973
120   0.96697
121   0.969752
122   0.972335
123   0.974731
124   0.976951
125   0.979007
126   0.980905
127   0.982658
128   0.984269
129   0.997179
130   0.99814
131   0.99905
132   0.999429
133   0.998961
134   0.997492
135   0.994791
136   0.991112
137   0.986091
138   0.980142
139   0.972934
140   0.965715
141   0.957405
142   0.950201
143   0.942137
144   0.93608
145   0.929858
146   0.925293
147   0.921438
148   0.918717
149   0.917362
150   0.916953
151   0.918063
152   0.91998
153   0.923146
154   0.926713
155   0.931134
156   0.935467
157   0.940239
158   0.944706
159   0.949258
160   0.953383
161   0.957377
162   0.960981
163   0.964384
164   0.967478
165   0.970363
166   0.973004
167   0.975449
168   0.977694
169   0.97976
170   0.981655
171   0.983392
172   0.994834
173   0.995926
174   0.997421
175   0.998476
176   0.99887
177   0.998217
178   0.996452
179   0.99357
180   0.989465
181   0.98428
182   0.977957
183   0.970902
184   0.963161
185   0.955204
186   0.947072
187   0.939167
188   0.931802
189   0.925143
190   0.919499
191   0.9151
192   0.912054
193   0.910721
194   0.910836
195   0.912408
196   0.915231
197   0.918903
198   0.923454
199   0.928394
200   0.933671
201   0.938958
202   0.944135
203   0.949013
204   0.953545
205   0.957727
206   0.96155
207   0.965065
208   0.96827
209   0.971215
210   0.973899
211   0.976362
212   0.978604
213   0.980656
214   0.982519
215   0.991709
216   0.993007
217   0.994859
218   0.996577
219   0.997754
220   0.997981
221   0.997111
222   0.995176
223   0.992026
224   0.987862
225   0.98252
226   0.976336
227   0.969256
228   0.961693
229   0.953493
230   0.945273
231   0.936321
232   0.928916
233   0.920489
234   0.915335
235   0.909158
236   0.907201
237   0.905179
238   0.905979
239   0.907986
240   0.91102
241   0.915714
242   0.920743
243   0.92679
244   0.932679
245   0.938767
246   0.94428
247   0.949542
248   0.954258
249   0.958617
250   0.962542
251   0.96613
252   0.969379
253   0.972336
254   0.975019
255   0.977455
256   0.979663
257   0.981664
258   0.987811
259   0.988895
260   0.991266
261   0.993533
262   0.995585
263   0.996657
264   0.99681
265   0.995805
266   0.993742
267   0.990586
268   0.986364
269   0.981199
270   0.975133
271   0.968389
272   0.960983
273   0.953198
274   0.94494
275   0.936817
276   0.928734
277   0.921352
278   0.914619
279   0.908945
280   0.904944
281   0.902422
282   0.902138
283   0.903825
284   0.907464
285   0.912888
286   0.919301
287   0.926083
288   0.932893
289   0.939363
290   0.945275
291   0.950721
292   0.955584
293   0.960017
294   0.963972
295   0.967571
296   0.970791
297   0.973716
298   0.976337
299   0.978714
300   0.980843
301   0.983349
302   0.984474
303   0.986923
304   0.989772
305   0.992496
306   0.994449
307   0.995466
308   0.995449
309   0.994331
310   0.992236
311   0.989052
312   0.985012
313   0.980016
314   0.974359
315   0.967954
316   0.961113
317   0.953776
318   0.946166
319   0.938438
320   0.930726
321   0.923117
322   0.916076
323   0.908799
324   0.904678
325   0.899771
326   0.900646
327   0.901103
328   0.906495
329   0.91279
330   0.919775
331   0.927419
332   0.934451
333   0.941174
334   0.947206
335   0.952657
336   0.957533
337   0.961897
338   0.965811
339   0.969314
340   0.97246
341   0.975278
342   0.977807
343   0.980073
344   0.978452
345   0.978904
346   0.981749
347   0.984971
348   0.988498
349   0.991238
350   0.993231
351   0.994075
352   0.993991
353   0.992818
354   0.990726
355   0.987701
356   0.983854
357   0.979274
358   0.97402
359   0.96824
360   0.961923
361   0.955244
362   0.948218
363   0.941027
364   0.93372
365   0.926557
366   0.91946
367   0.913293
368   0.907998
369   0.904409
370   0.903162
371   0.903868
372   0.908287
373   0.914612
374   0.922194
375   0.930139
376   0.937375
377   0.944127
378   0.95
379   0.955339
380   0.960017
381   0.964244
382   0.967976
383   0.971339
384   0.974319
385   0.977001
386   0.97938
387   0.97355
388   0.973967
389   0.976201
390   0.97973
391   0.983811
392   0.987417
393   0.990203
394   0.991969
395   0.992705
396   0.99248
397   0.991272
398   0.989265
399   0.986404
400   0.982917
401   0.978734
402   0.97407
403   0.968853
404   0.963236
405   0.957212
406   0.950893
407   0.944356
408   0.937739
409   0.931209
410   0.924771
411   0.918968
412   0.913806
413   0.909524
414   0.908072
415   0.907161
416   0.912748
417   0.918813
418   0.926882
419   0.934529
420   0.941608
421   0.947855
422   0.953482
423   0.958445
424   0.962894
425   0.966836
426   0.970361
427   0.973495
428   0.976293
429   0.978787
430   0.968679
431   0.968408
432   0.970418
433   0.973587
434   0.978457
435   0.9828
436   0.986481
437   0.989027
438   0.99068
439   0.991232
440   0.990955
441   0.989776
442   0.987906
443   0.985345
444   0.982225
445   0.978577
446   0.974457
447   0.969912
448   0.964956
449   0.959673
450   0.95408
451   0.948326
452   0.942388
453   0.936477
454   0.93071
455   0.925368
456   0.920672
457   0.917298
458   0.915376
459   0.915715
460   0.920279
461   0.926258
462   0.933388
463   0.940454
464   0.946633
465   0.952356
466   0.957397
467   0.961966
468   0.966005
469   0.96964
470   0.972862
471   0.975755
472   0.978322
473   0.964035
474   0.963468
475   0.964698
476   0.967894
477   0.972806
478   0.977842
479   0.982235
480   0.98563
481   0.988004
482   0.989381
483   0.989814
484   0.989472
485   0.988369
486   0.986713
487   0.984462
488   0.981801
489   0.978654
490   0.975153
491   0.971236
492   0.966987
493   0.962413
494   0.957553
495   0.95251
496   0.947242
497   0.94207
498   0.93693
499   0.932399
500   0.928341
501   0.925656
502   0.924103
503   0.924714
504   0.929021
505   0.934193
506   0.940589
507   0.946415
508   0.951975
509   0.956941
510   0.961479
511   0.965532
512   0.969187
513   0.972455
514   0.975388
515   0.978011
516   0.959651
517   0.958392
518   0.959058
519   0.961371
520   0.966858
521   0.972402
522   0.97754
523   0.98164
524   0.984832
525   0.986884
526   0.988102
527   0.988411
528   0.988103
529   0.987147
530   0.985752
531   0.983887
532   0.981669
533   0.979066
534   0.976127
535   0.972838
536   0.969222
537   0.965296
538   0.96108
539   0.956637
540   0.952053
541   0.947468
542   0.943068
543   0.939053
544   0.935786
545   0.93347
546   0.932923
547   0.934182
548   0.938064
549   0.942726
550   0.947772
551   0.952677
552   0.957312
553   0.961602
554   0.965523
555   0.969096
556   0.972326
557   0.975249
558   0.97788
559   0.955673
560   0.953957
561   0.953815
562   0.956017
563   0.960977
564   0.966886
565   0.972576
566   0.977424
567   0.981276
568   0.984072
569   0.98589
570   0.9869
571   0.987175
572   0.986933
573   0.986174
574   0.985085
575   0.983599
576   0.981846
577   0.979736
578   0.977342
579   0.974607
580   0.971553
581   0.968201
582   0.964523
583   0.960684
584   0.956624
585   0.952698
586   0.948807
587   0.945558
588   0.942839
589   0.941546
590   0.941492
591   0.943285
592   0.946496
593   0.950281
594   0.954392
595   0.958425
596   0.96233
597   0.965979
598   0.969374
599   0.972492
600   0.975346
601   0.977945
602   0.952161
603   0.949818
604   0.948922
605   0.949845
606   0.955064
607   0.961122
608   0.967359
609   0.972828
610   0.977425
611   0.980849
612   0.983367
613   0.984924
614   0.985853
615   0.986138
616   0.986045
617   0.985531
618   0.984763
619   0.98367
620   0.982336
621   0.980684
622   0.978753
623   0.976482
624   0.973899
625   0.970977
626   0.967786
627   0.964347
628   0.960823
629   0.95728
630   0.954056
631   0.951232
632   0.949405
633   0.948488
634   0.949245
635   0.951024
636   0.95377
637   0.95689
638   0.96027
639   0.963624
640   0.966915
641   0.970028
642   0.972969
643   0.975692
644   0.978217
645   0.949214
646   0.94637
647   0.944727
648   0.945414
649   0.949448
650   0.95544
651   0.962027
652   0.968143
653   0.973368
654   0.977494
655   0.980574
656   0.982762
657   0.984175
658   0.985047
659   0.985423
660   0.985508
661   0.985259
662   0.984815
663   0.984079
664   0.983128
665   0.981866
666   0.980319
667   0.978436
668   0.976207
669   0.973678
670   0.970819
671   0.967817
672   0.964643
673   0.96166
674   0.958876
675   0.956795
676   0.955453
677   0.955248
678   0.956088
679   0.957757
680   0.960033
681   0.962644
682   0.965439
683   0.968268
684   0.971056
685   0.973745
686   0.976298
687   0.978698
688   0.946882
689   0.943567
690   0.941154
691   0.940368
692   0.944055
693   0.949511
694   0.956517
695   0.963208
696   0.969123
697   0.973874
698   0.977619
699   0.980328
700   0.982326
701   0.983637
702   0.984557
703   0.985067
704   0.985369
705   0.985392
706   0.985246
707   0.984831
708   0.984195
709   0.98324
710   0.981992
711   0.980374
712   0.978437
713   0.976143
714   0.973614
715   0.970862
716   0.968142
717   0.965501
718   0.963357
719   0.961707
720   0.961021
721   0.961068
722   0.962
723   0.963451
724   0.965414
725   0.967595
726   0.969976
727   0.972373
728   0.974792
729   0.977119
730   0.979375
731   0.945192
732   0.941443
733   0.938502
734   0.937344
735   0.939133
736   0.943997
737   0.951011
738   0.95823
739   0.964755
740   0.970179
741   0.974503
742   0.977825
743   0.980288
744   0.982128
745   0.983437
746   0.984436
747   0.98512
748   0.985642
749   0.985918
750   0.986034
751   0.985879
752   0.985488
753   0.984769
754   0.983723
755   0.982326
756   0.980565
757   0.978521
758   0.976198
759   0.973806
760   0.971394
761   0.969276
762   0.967534
763   0.966441
764   0.966011
765   0.966266
766   0.967105
767   0.968414
768   0.970068
769   0.971957
770   0.973983
771   0.976078
772   0.978175
773   0.980235
774   0.944174
775   0.940095
776   0.936594
777   0.934365
778   0.934889
779   0.93789
780   0.945368
781   0.953128
782   0.960216
783   0.966278
784   0.971251
785   0.975126
786   0.978158
787   0.980424
788   0.98222
789   0.983576
790   0.984709
791   0.985578
792   0.986307
793   0.986804
794   0.987125
795   0.987163
796   0.98694
797   0.986363
798   0.98546
799   0.98417
800   0.982575
801   0.980661
802   0.978606
803   0.976439
804   0.97445
805   0.972662
806   0.971399
807   0.970581
808   0.970413
809   0.970699
810   0.971519
811   0.972651
812   0.974125
813   0.97575
814   0.97755
815   0.979375
816   0.98125
817   0.943822
818   0.939467
819   0.935473
820   0.932492
821   0.931375
822   0.933698
823   0.940079
824   0.947947
825   0.955558
826   0.962245
827   0.96784
828   0.97234
829   0.975872
830   0.97866
831   0.980836
832   0.982632
833   0.984085
834   0.98536
835   0.986402
836   0.987308
837   0.987972
838   0.988439
839   0.988603
840   0.988475
841   0.987991
842   0.987151
843   0.985968
844   0.98446
845   0.98274
846   0.980861
847   0.979024
848   0.977309
849   0.975919
850   0.974906
851   0.974368
852   0.974281
853   0.974637
854   0.975365
855   0.976414
856   0.9777
857   0.979172
858   0.980754
859   0.982399
860   0.944096
861   0.939617
862   0.935132
863   0.931352
864   0.928738
865   0.928534
866   0.934988
867   0.942841
868   0.95076
869   0.95803
870   0.964252
871   0.969352
872   0.973462
873   0.976712
874   0.979363
875   0.981508
876   0.983361
877   0.984929
878   0.986339
879   0.98753
880   0.98856
881   0.989338
882   0.989882
883   0.990103
884   0.990013
885   0.989547
886   0.988752
887   0.987603
888   0.986215
889   0.984606
890   0.982972
891   0.981344
892   0.979956
893   0.978794
894   0.978053
895   0.977641
896   0.977679
897   0.978024
898   0.978746
899   0.979684
900   0.980884
901   0.982194
902   0.983645
903   0.944916
904   0.940269
905   0.93548
906   0.930933
907   0.927187
908   0.926414
909   0.930555
910   0.937779
911   0.945892
912   0.953642
913   0.960483
914   0.966198
915   0.970856
916   0.974638
917   0.977698
918   0.980274
919   0.982437
920   0.984367
921   0.986039
922   0.987562
923   0.988851
924   0.98996
925   0.990789
926   0.991358
927   0.991588
928   0.991486
929   0.991029
930   0.990233
931   0.989155
932   0.987836
933   0.986406
934   0.984932
935   0.983569
936   0.982375
937   0.981467
938   0.980862
939   0.98061
940   0.980684
941   0.981081
942   0.981749
943   0.982659
944   0.983745
945   0.984964
946   0.946237
947   0.941674
948   0.93659
949   0.931668
950   0.926746
951   0.923472
952   0.926791
953   0.932817
954   0.94096
955   0.949149
956   0.956519
957   0.962844
958   0.968063
959   0.972346
960   0.97588
961   0.978827
962   0.981374
963   0.983586
964   0.985581
965   0.987344
966   0.988929
967   0.990278
968   0.991405
969   0.992239
970   0.992781
971   0.992975
972   0.992841
973   0.992351
974   0.991576
975   0.990522
976   0.989321
977   0.988
978   0.986733
979   0.98553
980   0.984564
981   0.983798
982   0.983369
983   0.98319
984   0.983358
985   0.983754
986   0.984441
987   0.985284
988   0.986321
989   0.947947
990   0.943342
991   0.938271
992   0.932929
993   0.927647
994   0.923977
995   0.923919
996   0.928519
997   0.936199
998   0.944554
999   0.952425
1000   0.959266
1001   0.965037
1002   0.969837
1003   0.973809
1004   0.977184
1005   0.980056
1006   0.982613
1007   0.984858
1008   0.986913
1009   0.988717
1010   0.990338
1011   0.99169
1012   0.992802
1013   0.993597
1014   0.994088
1015   0.994233
1016   0.994048
1017   0.99355
1018   0.992772
1019   0.991793
1020   0.990666
1021   0.989506
1022   0.98837
1023   0.987368
1024   0.986536
1025   0.98595
1026   0.985614
1027   0.985559
1028   0.98576
1029   0.986213
1030   0.986869
1031   0.987695
1032   0.950014
1033   0.945654
1034   0.940566
1035   0.935268
1036   0.929565
1037   0.924746
1038   0.922829
1039   0.924006
1040   0.931547
1041   0.940094
1042   0.948183
1043   0.955561
1044   0.961803
1045   0.967108
1046   0.971526
1047   0.975291
1048   0.978532
1049   0.98138
1050   0.983927
1051   0.986211
1052   0.988275
1053   0.990103
1054   0.991701
1055   0.993032
1056   0.994085
1057   0.99482
1058   0.995239
1059   0.995318
1060   0.995094
1061   0.994568
1062   0.993823
1063   0.992884
1064   0.991874
1065   0.990815
1066   0.989848
1067   0.98897
1068   0.988312
1069   0.987832
1070   0.987635
1071   0.987642
1072   0.987929
1073   0.988385
1074   0.989055
1075   0.952328
1076   0.948089
1077   0.943282
1078   0.937998
1079   0.93234
1080   0.927045
1081   0.923042
1082   0.922954
1083   0.927841
1084   0.935663
1085   0.943953
1086   0.951651
1087   0.958382
1088   0.964128
1089   0.968972
1090   0.97314
1091   0.976713
1092   0.979894
1093   0.982693
1094   0.985251
1095   0.987522
1096   0.989592
1097   0.991388
1098   0.992957
1099   0.994224
1100   0.995212
1101   0.995872
1102   0.996219
1103   0.996247
1104   0.995981
1105   0.995465
1106   0.994738
1107   0.993884
1108   0.992951
1109   0.992035
1110   0.991179
1111   0.990465
1112   0.989916
1113   0.989585
1114   0.989467
1115   0.989581
1116   0.989894
1117   0.990386
1118   0.954838
1119   0.950964
1120   0.946366
1121   0.941456
1122   0.935853
1123   0.930461
1124   0.925133
1125   0.921614
1126   0.925393
1127   0.93185
1128   0.93993
1129   0.947915
1130   0.954903
1131   0.961064
1132   0.966258
1133   0.970787
1134   0.974692
1135   0.978159
1136   0.98124
1137   0.984023
1138   0.986533
1139   0.988797
1140   0.990814
1141   0.992576
1142   0.994068
1143   0.99527
1144   0.99617
1145   0.996754
1146   0.997031
1147   0.997006
1148   0.996722
1149   0.996202
1150   0.995528
1151   0.994727
1152   0.993908
1153   0.993087
1154   0.992378
1155   0.991771
1156   0.991371
1157   0.991131
1158   0.991132
1159   0.991292
1160   0.991662
1161   0.957431
1162   0.953766
1163   0.949585
1164   0.944908
1165   0.939703
1166   0.934216
1167   0.928773
1168   0.924876
1169   0.924395
1170   0.929167
1171   0.936514
1172   0.944292
1173   0.951498
1174   0.957889
1175   0.963397
1176   0.968243
1177   0.972436
1178   0.976199
1179   0.979517
1180   0.982552
1181   0.985258
1182   0.987743
1183   0.98994
1184   0.991915
1185   0.993596
1186   0.995023
1187   0.996136
1188   0.996961
1189   0.99747
1190   0.99769
1191   0.997633
1192   0.997334
1193   0.996844
1194   0.996207
1195   0.995497
1196   0.994758
1197   0.994068
1198   0.993462
1199   0.992999
1200   0.992695
1201   0.992581
1202   0.992643
1203   0.992873
1204   0.960066
1205   0.956781
1206   0.9529
1207   0.948713
1208   0.943843
1209   0.938838
1210   0.933401
1211   0.928814
1212   0.926718
1213   0.927321
1214   0.933882
1215   0.94146
1216   0.948443
1217   0.955006
1218   0.960654
1219   0.96573
1220   0.970153
1221   0.974139
1222   0.977685
1223   0.980912
1224   0.983824
1225   0.986479
1226   0.988868
1227   0.991012
1228   0.992889
1229   0.994503
1230   0.995827
1231   0.996864
1232   0.9976
1233   0.998045
1234   0.998214
1235   0.998128
1236   0.997834
1237   0.997363
1238   0.99679
1239   0.996142
1240   0.995515
1241   0.994917
1242   0.994444
1243   0.994079
1244   0.993902
1245   0.993858
1246   0.994
1247   0.96266
1248   0.959605
1249   0.956153
1250   0.952303
1251   0.948009
1252   0.943371
1253   0.938547
1254   0.934029
1255   0.930649
1256   0.930151
1257   0.932895
1258   0.939324
1259   0.945969
1260   0.952424
1261   0.95811
1262   0.963317
1263   0.967875
1264   0.972053
1265   0.97575
1266   0.979166
1267   0.982222
1268   0.985054
1269   0.987586
1270   0.989907
1271   0.991941
1272   0.993744
1273   0.995251
1274   0.996497
1275   0.997441
1276   0.99811
1277   0.998496
1278   0.998627
1279   0.998531
1280   0.998242
1281   0.997816
1282   0.997292
1283   0.996737
1284   0.996192
1285   0.995717
1286   0.995339
1287   0.995098
1288   0.994997
1289   0.995039
1290   0.965196
1291   0.962476
1292   0.959331
1293   0.955958
1294   0.952104
1295   0.948111
1296   0.943778
1297   0.939798
1298   0.936124
1299   0.933885
1300   0.935414
1301   0.939018
1302   0.944854
1303   0.95087
1304   0.956297
1305   0.961395
1306   0.96597
1307   0.970177
1308   0.973975
1309   0.977469
1310   0.980648
1311   0.983579
1312   0.986245
1313   0.988683
1314   0.990867
1315   0.992814
1316   0.994493
1317   0.995913
1318   0.997052
1319   0.997921
1320   0.998513
1321   0.998849
1322   0.998949
1323   0.998841
1324   0.998574
1325   0.998179
1326   0.997726
1327   0.997239
1328   0.9968
1329   0.996412
1330   0.996152
1331   0.995989
1332   0.995976
1333   0.967627
1334   0.965123
1335   0.96235
1336   0.95931
1337   0.955991
1338   0.952443
1339   0.948799
1340   0.945178
1341   0.942053
1342   0.939686
1343   0.939253
1344   0.941468
1345   0.945145
1346   0.950337
1347   0.9552
1348   0.960073
1349   0.964452
1350   0.968623
1351   0.972373
1352   0.975911
1353   0.97911
1354   0.982123
1355   0.984848
1356   0.987395
1357   0.989672
1358   0.991755
1359   0.993564
1360   0.99515
1361   0.996454
1362   0.997512
1363   0.998294
1364   0.998829
1365   0.99912
1366   0.999198
1367   0.999094
1368   0.998845
1369   0.998502
1370   0.998104
1371   0.997709
1372   0.997349
1373   0.99707
1374   0.996886
1375   0.996812
1376   0.969955
1377   0.96772
1378   0.965216
1379   0.962559
1380   0.959621
1381   0.956591
1382   0.953395
1383   0.950338
1384   0.94751
1385   0.945373
1386   0.944467
1387   0.944995
1388   0.947706
1389   0.951347
1390   0.955494
1391   0.959682
1392   0.963742
1393   0.967615
1394   0.971243
1395   0.974659
1396   0.977837
1397   0.980818
1398   0.983578
1399   0.986151
1400   0.988504
1401   0.990658
1402   0.99258
1403   0.994281
1404   0.995731
1405   0.996943
1406   0.997895
1407   0.998607
1408   0.999077
1409   0.99933
1410   0.999389
1411   0.999286
1412   0.999067
1413   0.998762
1414   0.998436
1415   0.998108
1416   0.997844
1417   0.997637
1418   0.997539
1419   0.972159
1420   0.970114
1421   0.967902
1422   0.965526
1423   0.962995
1424   0.960336
1425   0.957652
1426   0.95499
1427   0.952654
1428   0.950701
1429   0.949742
1430   0.949664
1431   0.951033
1432   0.95358
1433   0.956666
1434   0.960178
1435   0.963655
1436   0.967186
1437   0.97051
1438   0.973769
1439   0.976795
1440   0.979722
1441   0.982421
1442   0.985002
1443   0.987357
1444   0.98957
1445   0.991546
1446   0.993348
1447   0.994901
1448   0.99625
1449   0.997343
1450   0.998217
1451   0.998849
1452   0.999271
1453   0.999488
1454   0.999536
1455   0.999444
1456   0.99925
1457   0.999
1458   0.99873
1459   0.998484
1460   0.998287
1461   0.99816
1462   0.974247
1463   0.972414
1464   0.970423
1465   0.968336
1466   0.966101
1467   0.963815
1468   0.961474
1469   0.959217
1470   0.957151
1471   0.955443
1472   0.954379
1473   0.954013
1474   0.954777
1475   0.956374
1476   0.958695
1477   0.961405
1478   0.964345
1479   0.967363
1480   0.970369
1481   0.973325
1482   0.976177
1483   0.978932
1484   0.98155
1485   0.984048
1486   0.986386
1487   0.988581
1488   0.990593
1489   0.992434
1490   0.994068
1491   0.995505
1492   0.996717
1493   0.997717
1494   0.998491
1495   0.999058
1496   0.999423
1497   0.999611
1498   0.999647
1499   0.999563
1500   0.999402
1501   0.999193
1502   0.998989
1503   0.998801
1504   0.998675
1505   0.976214
1506   0.974546
1507   0.972779
1508   0.970918
1509   0.968979
1510   0.966977
1511   0.964986
1512   0.963028
1513   0.961276
1514   0.959751
1515   0.958737
1516   0.958232
1517   0.958503
1518   0.959508
1519   0.961092
1520   0.963181
1521   0.965503
1522   0.968067
1523   0.970644
1524   0.973307
1525   0.97588
1526   0.978462
1527   0.980907
1528   0.983314
1529   0.985559
1530   0.987727
1531   0.989709
1532   0.991576
1533   0.993236
1534   0.994745
1535   0.996032
1536   0.997141
1537   0.998027
1538   0.998725
1539   0.99922
1540   0.999542
1541   0.999702
1542   0.999733
1543   0.999664
1544   0.99953
1545   0.999372
1546   0.999216
1547   0.999091
1548   0.978067
1549   0.976569
1550   0.974982
1551   0.97334
1552   0.971627
1553   0.969892
1554   0.968152
1555   0.966474
1556   0.964931
1557   0.963599
1558   0.962628
1559   0.962066
1560   0.962093
1561   0.962657
1562   0.963767
1563   0.965288
1564   0.967137
1565   0.969208
1566   0.971417
1567   0.973711
1568   0.976028
1569   0.97835
1570   0.98063
1571   0.982865
1572   0.985014
1573   0.98708
1574   0.989023
1575   0.990849
1576   0.99252
1577   0.994042
1578   0.995383
1579   0.996553
1580   0.997528
1581   0.998323
1582   0.998928
1583   0.999364
1584   0.999636
1585   0.999773
1586   0.999798
1587   0.99974
1588   0.999638
1589   0.999515
1590   0.999411
1591   0.979808
1592   0.978452
1593   0.97704
1594   0.975578
1595   0.974081
1596   0.97256
1597   0.971064
1598   0.969603
1599   0.968277
1600   0.967097
1601   0.96621
1602   0.965627
1603   0.965478
1604   0.96577
1605   0.966481
1606   0.967598
1607   0.968994
1608   0.970676
1609   0.972486
1610   0.974469
1611   0.976472
1612   0.978568
1613   0.980614
1614   0.982695
1615   0.98468
1616   0.986651
1617   0.988492
1618   0.990275
1619   0.991899
1620   0.993425
1621   0.994771
1622   0.995987
1623   0.997011
1624   0.997885
1625   0.998571
1626   0.999105
1627   0.999475
1628   0.999711
1629   0.999825
1630   0.999847
1631   0.999805
1632   0.999729
1633   0.999646
1634   0.981442
1635   0.980224
1636   0.978959
1637   0.977664
1638   0.976342
1639   0.975015
1640   0.973705
1641   0.972444
1642   0.971278
1643   0.97025
1644   0.969434
1645   0.968868
1646   0.968634
1647   0.968737
1648   0.9692
1649   0.969987
1650   0.971063
1651   0.972381
1652   0.973884
1653   0.975537
1654   0.977285
1655   0.979108
1656   0.980958
1657   0.982825
1658   0.984667
1659   0.986482
1660   0.988228
1661   0.989907
1662   0.991482
1663   0.992954
1664   0.994293
1665   0.995502
1666   0.996556
1667   0.997465
1668   0.998212
1669   0.998812
1670   0.99926
1671   0.999577
1672   0.99977
1673   0.999865
1674   0.999884
1675   0.999854
1676   0.999803
1677   0.982972
1678   0.981875
1679   0.980748
1680   0.979597
1681   0.978436
1682   0.977271
1683   0.976135
1684   0.975033
1685   0.974025
1686   0.973116
1687   0.972386
1688   0.971846
1689   0.971563
1690   0.971553
1691   0.971822
1692   0.972386
1693   0.973182
1694   0.974234
1695   0.975438
1696   0.976837
1697   0.978309
1698   0.979915
1699   0.981528
1700   0.983222
1701   0.984873
1702   0.986557
1703   0.988157
1704   0.989746
1705   0.991219
1706   0.992642
1707   0.993923
1708   0.99512
1709   0.99616
1710   0.997092
1711   0.997862
1712   0.998513
1713   0.999012
1714   0.999396
1715   0.999654
1716   0.999817
1717   0.999894
1718   0.999913
1719   0.999895
1720   0.984402
1721   0.983418
1722   0.982411
1723   0.98139
1724   0.980363
1725   0.979343
1726   0.978346
1727   0.97739
1728   0.976504
1729   0.975713
1730   0.975057
1731   0.974561
1732   0.974266
1733   0.97419
1734   0.974348
1735   0.97474
1736   0.975354
1737   0.976175
1738   0.977169
1739   0.978321
1740   0.979588
1741   0.980959
1742   0.982391
1743   0.983877
1744   0.985376
1745   0.986884
1746   0.988364
1747   0.989813
1748   0.991199
1749   0.99252
1750   0.993748
1751   0.994882
1752   0.995902
1753   0.99681
1754   0.99759
1755   0.998251
1756   0.998785
1757   0.999206
1758   0.999513
1759   0.999726
1760   0.999854
1761   0.999917
1762   0.999934
1763   0.985736
1764   0.984853
1765   0.983956
1766   0.983049
1767   0.982144
1768   0.981246
1769   0.980377
1770   0.979539
1771   0.978771
1772   0.978075
1773   0.977497
1774   0.977045
1775   0.976758
1776   0.976649
1777   0.976728
1778   0.977014
1779   0.977475
1780   0.97814
1781   0.978939
1782   0.979915
1783   0.980974
1784   0.982173
1785   0.983403
1786   0.984731
1787   0.986046
1788   0.987419
1789   0.98874
1790   0.990079
1791   0.991335
1792   0.992575
1793   0.993705
1794   0.994788
1795   0.995744
1796   0.996629
1797   0.997381
1798   0.998047
1799   0.998583
1800   0.99903
1801   0.999362
1802   0.999615
1803   0.999779
1804   0.999883
1805   0.999933
1806   0.986977
1807   0.986187
1808   0.985387
1809   0.984582
1810   0.98378
1811   0.98299
1812   0.982225
1813   0.981496
1814   0.980821
1815   0.980218
1816   0.979708
1817   0.97931
1818   0.979046
1819   0.97893
1820   0.978974
1821   0.979185
1822   0.979558
1823   0.98009
1824   0.980766
1825   0.981576
1826   0.982495
1827   0.983512
1828   0.9846
1829   0.985749
1830   0.986931
1831   0.988135
1832   0.989338
1833   0.990529
1834   0.991685
1835   0.9928
1836   0.993854
1837   0.994841
1838   0.995746
1839   0.996566
1840   0.997291
1841   0.997922
1842   0.998455
1843   0.998895
1844   0.999243
1845   0.999509
1846   0.9997
1847   0.999829
1848   0.999906
