##### Y Variance #####
0   0.999998
1   0.999883
2   0.999527
3   0.998871
4   0.997886
5   0.996609
6   0.995078
7   0.993386
8   0.991594
9   0.989799
10   0.988047
11   0.986418
12   0.984934
13   0.983648
14   0.982563
15   0.981706
16   0.981063
17   0.980643
18   0.980424
19   0.980401
20   0.980546
21   0.980849
22   0.98128
23   0.981826
24   0.982461
25   0.98317
26   0.983932
27   0.984734
28   0.985559
29   0.986396
30   0.987232
31   0.98806
32   0.98887
33   0.989658
34   0.990419
35   0.991147
36   0.991842
37   0.992501
38   0.993122
39   0.993706
40   0.994252
41   0.994762
42   0.995235
43   0.999957
44   0.999987
45   0.999751
46   0.999183
47   0.998164
48   0.996853
49   0.995138
50   0.993324
51   0.991275
52   0.989327
53   0.987314
54   0.985547
55   0.98384
56   0.982456
57   0.981205
58   0.980296
59   0.979549
60   0.979123
61   0.978855
62   0.978864
63   0.979006
64   0.979366
65   0.979828
66   0.980449
67   0.981135
68   0.981927
69   0.982753
70   0.983638
71   0.984531
72   0.985448
73   0.986352
74   0.987253
75   0.988128
76   0.988982
77   0.989801
78   0.990587
79   0.991334
80   0.992042
81   0.992709
82   0.993335
83   0.99392
84   0.994465
85   0.994971
86   0.999749
87   0.999961
88   0.999953
89   0.999562
90   0.998677
91   0.997347
92   0.995607
93   0.993611
94   0.991436
95   0.989236
96   0.987065
97   0.985044
98   0.983193
99   0.981593
100   0.980236
101   0.979168
102   0.978363
103   0.977837
104   0.977555
105   0.977516
106   0.977679
107   0.978035
108   0.978543
109   0.979189
110   0.979938
111   0.980774
112   0.981669
113   0.98261
114   0.983574
115   0.98455
116   0.985522
117   0.986482
118   0.98742
119   0.98833
120   0.989206
121   0.990043
122   0.99084
123   0.991594
124   0.992305
125   0.992971
126   0.993594
127   0.994174
128   0.994711
129   0.999297
130   0.99972
131   0.999988
132   0.999864
133   0.99918
134   0.99798
135   0.996223
136   0.994196
137   0.991845
138   0.98952
139   0.987107
140   0.984932
141   0.982839
142   0.9811
143   0.979539
144   0.978371
145   0.977415
146   0.976834
147   0.976458
148   0.976404
149   0.976522
150   0.976895
151   0.977396
152   0.978082
153   0.978851
154   0.97974
155   0.980673
156   0.981673
157   0.982683
158   0.98372
159   0.984742
160   0.985761
161   0.986749
162   0.987714
163   0.988637
164   0.989524
165   0.990366
166   0.991164
167   0.991915
168   0.99262
169   0.993278
170   0.993892
171   0.99446
172   0.998519
173   0.999121
174   0.999752
175   0.999999
176   0.999668
177   0.998691
178   0.997097
179   0.995058
180   0.992697
181   0.990201
182   0.987676
183   0.985263
184   0.983022
185   0.981044
186   0.979346
187   0.977974
188   0.976915
189   0.976182
190   0.975742
191   0.975589
192   0.975682
193   0.976001
194   0.976506
195   0.977173
196   0.977966
197   0.978863
198   0.979833
199   0.980857
200   0.981911
201   0.982981
202   0.98405
203   0.985107
204   0.986142
205   0.987146
206   0.988113
207   0.989039
208   0.989922
209   0.990757
210   0.991545
211   0.992285
212   0.992977
213   0.993622
214   0.99422
215   0.997369
216   0.998193
217   0.999176
218   0.999852
219   0.99995
220   0.999322
221   0.997952
222   0.996067
223   0.993701
224   0.991191
225   0.98851
226   0.985985
227   0.983524
228   0.981402
229   0.979481
230   0.977975
231   0.976726
232   0.97589
233   0.975308
234   0.975089
235   0.975085
236   0.975372
237   0.975822
238   0.976484
239   0.977253
240   0.978163
241   0.979132
242   0.98018
243   0.981249
244   0.98235
245   0.983443
246   0.984535
247   0.985598
248   0.986638
249   0.987637
250   0.988598
251   0.989513
252   0.990382
253   0.991202
254   0.991973
255   0.992696
256   0.993369
257   0.993995
258   0.995796
259   0.996657
260   0.99812
261   0.999308
262   0.999962
263   0.999799
264   0.99882
265   0.997154
266   0.99496
267   0.992439
268   0.989756
269   0.987074
270   0.984511
271   0.982171
272   0.980113
273   0.978387
274   0.977007
275   0.975982
276   0.975295
277   0.97493
278   0.974854
279   0.975038
280   0.975444
281   0.97604
282   0.97679
283   0.977663
284   0.97863
285   0.979663
286   0.980742
287   0.981843
288   0.982954
289   0.984056
290   0.985142
291   0.9862
292   0.987225
293   0.988208
294   0.98915
295   0.990044
296   0.990891
297   0.991688
298   0.992438
299   0.993137
300   0.993788
301   0.993863
302   0.994883
303   0.996633
304   0.99835
305   0.999606
306   0.999998
307   0.999488
308   0.99819
309   0.996207
310   0.993836
311   0.991143
312   0.988448
313   0.985741
314   0.983296
315   0.981038
316   0.979178
317   0.977595
318   0.976442
319   0.97558
320   0.97511
321   0.974896
322   0.975003
323   0.975309
324   0.975853
325   0.976535
326   0.977378
327   0.978301
328   0.979321
329   0.980376
330   0.981475
331   0.982577
332   0.983686
333   0.984774
334   0.985844
335   0.986879
336   0.98788
337   0.988837
338   0.989752
339   0.990618
340   0.991438
341   0.992209
342   0.99293
343   0.993604
344   0.991621
345   0.992316
346   0.994546
347   0.996803
348   0.998741
349   0.999828
350   0.999918
351   0.999078
352   0.997471
353   0.995288
354   0.992747
355   0.990029
356   0.987313
357   0.984723
358   0.982369
359   0.980313
360   0.978605
361   0.977255
362   0.976269
363   0.975625
364   0.975306
365   0.975272
366   0.975495
367   0.975931
368   0.976552
369   0.977315
370   0.978197
371   0.979161
372   0.98019
373   0.981254
374   0.982341
375   0.98343
376   0.984514
377   0.985576
378   0.986615
379   0.987617
380   0.988585
381   0.989508
382   0.99039
383   0.991223
384   0.992012
385   0.992751
386   0.993444
387   0.98935
388   0.990168
389   0.992102
390   0.99472
391   0.997344
392   0.999178
393   0.99997
394   0.999713
395   0.998542
396   0.996697
397   0.994328
398   0.991735
399   0.988997
400   0.986387
401   0.983902
402   0.981751
403   0.979866
404   0.978394
405   0.977228
406   0.976464
407   0.975983
408   0.975843
409   0.975931
410   0.976279
411   0.976792
412   0.977487
413   0.978286
414   0.979198
415   0.980166
416   0.981193
417   0.982239
418   0.983304
419   0.984361
420   0.98541
421   0.986435
422   0.987434
423   0.988397
424   0.989325
425   0.990211
426   0.991055
427   0.991854
428   0.992607
429   0.993313
430   0.987033
431   0.987522
432   0.989389
433   0.99191
434   0.995338
435   0.998015
436   0.999564
437   0.999988
438   0.999388
439   0.997947
440   0.995903
441   0.993458
442   0.990841
443   0.988201
444   0.985702
445   0.983421
446   0.981452
447   0.979809
448   0.978531
449   0.977591
450   0.976994
451   0.976692
452   0.976673
453   0.976883
454   0.977304
455   0.977884
456   0.978607
457   0.979428
458   0.980335
459   0.981291
460   0.982291
461   0.983305
462   0.98433
463   0.985344
464   0.986349
465   0.987327
466   0.988282
467   0.9892
468   0.990087
469   0.99093
470   0.991737
471   0.992496
472   0.993214
473   0.984755
474   0.985103
475   0.986529
476   0.989206
477   0.992911
478   0.996295
479   0.998669
480   0.999835
481   0.999878
482   0.998965
483   0.997289
484   0.995132
485   0.992648
486   0.990109
487   0.987584
488   0.985285
489   0.9832
490   0.981474
491   0.980042
492   0.978993
493   0.978235
494   0.977818
495   0.977647
496   0.977748
497   0.978034
498   0.978516
499   0.979124
500   0.979861
501   0.980675
502   0.981563
503   0.982489
504   0.983449
505   0.984418
506   0.985394
507   0.986359
508   0.987312
509   0.988242
510   0.989147
511   0.990021
512   0.990861
513   0.991665
514   0.992428
515   0.99315
516   0.982527
517   0.982503
518   0.983537
519   0.985642
520   0.990012
521   0.994108
522   0.99724
523   0.99921
524   0.999969
525   0.999654
526   0.998474
527   0.996648
528   0.994432
529   0.992007
530   0.989579
531   0.987249
532   0.985152
533   0.983314
534   0.981808
535   0.98061
536   0.979748
537   0.979173
538   0.978889
539   0.978837
540   0.979012
541   0.979356
542   0.979863
543   0.98048
544   0.981205
545   0.981993
546   0.982845
547   0.983725
548   0.984636
549   0.98555
550   0.986473
551   0.987381
552   0.988284
553   0.989159
554   0.990018
555   0.990842
556   0.991641
557   0.992399
558   0.993122
559   0.980422
560   0.980065
561   0.980606
562   0.982749
563   0.986876
564   0.991424
565   0.995318
566   0.998073
567   0.99961
568   0.999969
569   0.999337
570   0.997959
571   0.996041
572   0.993855
573   0.99153
574   0.989285
575   0.987161
576   0.985309
577   0.983702
578   0.98243
579   0.981433
580   0.980754
581   0.980322
582   0.980155
583   0.980185
584   0.980414
585   0.980786
586   0.981297
587   0.981902
588   0.982597
589   0.983348
590   0.984149
591   0.984978
592   0.985829
593   0.986689
594   0.987551
595   0.988408
596   0.989253
597   0.990081
598   0.990888
599   0.991669
600   0.992419
601   0.993135
602   0.978502
603   0.977773
604   0.977722
605   0.978905
606   0.983404
607   0.988333
608   0.992863
609   0.996434
610   0.998758
611   0.999855
612   0.999854
613   0.998975
614   0.997471
615   0.995549
616   0.993446
617   0.991288
618   0.989245
619   0.987363
620   0.985744
621   0.984374
622   0.983307
623   0.982494
624   0.981962
625   0.981647
626   0.981563
627   0.981646
628   0.981902
629   0.982276
630   0.982774
631   0.983346
632   0.984001
633   0.984698
634   0.985447
635   0.986214
636   0.98701
637   0.987807
638   0.988616
639   0.989414
640   0.990211
641   0.990985
642   0.991749
643   0.99248
644   0.993188
645   0.976826
646   0.975681
647   0.97515
648   0.976235
649   0.979848
650   0.984825
651   0.989941
652   0.994257
653   0.997419
654   0.999275
655   0.999962
656   0.999663
657   0.998611
658   0.997063
659   0.995198
660   0.993239
661   0.991277
662   0.989464
663   0.987821
664   0.986433
665   0.985276
666   0.984392
667   0.983733
668   0.983316
669   0.983091
670   0.983058
671   0.983172
672   0.983429
673   0.983792
674   0.984255
675   0.98479
676   0.98539
677   0.986036
678   0.986721
679   0.987434
680   0.988165
681   0.98891
682   0.989659
683   0.990409
684   0.991152
685   0.991883
686   0.992595
687   0.993284
688   0.975466
689   0.974028
690   0.972862
691   0.972785
692   0.976172
693   0.980834
694   0.986483
695   0.991591
696   0.995542
697   0.998219
698   0.999624
699   0.999959
700   0.999443
701   0.998301
702   0.996779
703   0.995031
704   0.993251
705   0.991507
706   0.989927
707   0.988511
708   0.987335
709   0.98636
710   0.985631
711   0.98509
712   0.984763
713   0.98459
714   0.98459
715   0.984705
716   0.984953
717   0.985282
718   0.985709
719   0.986189
720   0.98674
721   0.987323
722   0.987955
723   0.988604
724   0.989285
725   0.98997
726   0.990674
727   0.991369
728   0.99207
729   0.99275
730   0.99342
731   0.974432
732   0.972603
733   0.971101
734   0.970762
735   0.972583
736   0.976802
737   0.982664
738   0.9884
739   0.993181
740   0.996635
741   0.998818
742   0.999828
743   0.999893
744   0.999241
745   0.998088
746   0.996649
747   0.995062
748   0.99348
749   0.991963
750   0.990599
751   0.989396
752   0.988398
753   0.987583
754   0.986968
755   0.986522
756   0.986247
757   0.986113
758   0.986114
759   0.986226
760   0.98644
761   0.986739
762   0.987112
763   0.987547
764   0.988036
765   0.988569
766   0.989139
767   0.98974
768   0.990364
769   0.991005
770   0.991656
771   0.992311
772   0.992961
773   0.993599
774   0.973786
775   0.971735
776   0.969756
777   0.968592
778   0.969322
779   0.971952
780   0.978368
781   0.984829
782   0.990268
783   0.994561
784   0.997494
785   0.999238
786   0.999928
787   0.999806
788   0.999098
789   0.997991
790   0.996685
791   0.995275
792   0.993904
793   0.992593
794   0.991434
795   0.990405
796   0.989564
797   0.988864
798   0.988345
799   0.987954
800   0.98772
801   0.987592
802   0.987593
803   0.987676
804   0.987864
805   0.988113
806   0.988445
807   0.988823
808   0.989266
809   0.989741
810   0.990268
811   0.990814
812   0.991397
813   0.991988
814   0.992602
815   0.993207
816   0.993817
817   0.973524
818   0.971194
819   0.96885
820   0.96703
821   0.966432
822   0.96856
823   0.974097
824   0.980744
825   0.986888
826   0.991905
827   0.995662
828   0.998135
829   0.999506
830   0.999964
831   0.999738
832   0.999039
833   0.998034
834   0.996878
835   0.995663
836   0.994481
837   0.99337
838   0.992376
839   0.991505
840   0.990774
841   0.990175
842   0.989711
843   0.989368
844   0.989143
845   0.989022
846   0.988998
847   0.989062
848   0.989205
849   0.98942
850   0.989699
851   0.990038
852   0.990426
853   0.990863
854   0.991338
855   0.991848
856   0.992384
857   0.992941
858   0.993507
859   0.994074
860   0.973645
861   0.971235
862   0.968438
863   0.965988
864   0.964087
865   0.964037
866   0.969727
867   0.976504
868   0.983038
869   0.988802
870   0.993284
871   0.996544
872   0.998589
873   0.999671
874   0.999972
875   0.999709
876   0.999071
877   0.998187
878   0.997199
879   0.996158
880   0.995161
881   0.994207
882   0.993365
883   0.992604
884   0.991974
885   0.991434
886   0.991022
887   0.990695
888   0.990483
889   0.990345
890   0.990309
891   0.990336
892   0.990452
893   0.990621
894   0.990867
895   0.991157
896   0.991514
897   0.991904
898   0.992349
899   0.992815
900   0.993322
901   0.993834
902   0.994365
903   0.974083
904   0.971464
905   0.968435
906   0.965299
907   0.9625
908   0.962034
909   0.965709
910   0.971965
911   0.978838
912   0.985157
913   0.990426
914   0.9944
915   0.997178
916   0.998888
917   0.999755
918   0.999975
919   0.999733
920   0.999183
921   0.998443
922   0.997607
923   0.996739
924   0.995887
925   0.995082
926   0.994346
927   0.99369
928   0.99312
929   0.99264
930   0.992247
931   0.991942
932   0.99172
933   0.991579
934   0.991513
935   0.991523
936   0.991599
937   0.991744
938   0.991948
939   0.992213
940   0.992528
941   0.992895
942   0.9933
943   0.993742
944   0.994207
945   0.994687
946   0.974832
947   0.972288
948   0.968962
949   0.965546
950   0.961726
951   0.95911
952   0.962095
953   0.967329
954   0.974315
955   0.9812
956   0.987074
957   0.991813
958   0.995248
959   0.997629
960   0.999059
961   0.999792
962   0.999981
963   0.99979
964   0.99935
965   0.998739
966   0.998054
967   0.997321
968   0.996607
969   0.995908
970   0.995274
971   0.994683
972   0.994177
973   0.993725
974   0.993363
975   0.993058
976   0.992842
977   0.992681
978   0.992607
979   0.992586
980   0.992647
981   0.992757
982   0.992944
983   0.993175
984   0.993473
985   0.993806
986   0.994193
987   0.994598
988   0.995036
989   0.975801
990   0.973149
991   0.969848
992   0.966043
993   0.961989
994   0.95908
995   0.9591
996   0.963098
997   0.969756
998   0.976868
999   0.983369
1000   0.9887
1001   0.992847
1002   0.995841
1003   0.997878
1004   0.999129
1005   0.999781
1006   0.999986
1007   0.999871
1008   0.999535
1009   0.999058
1010   0.998494
1011   0.997892
1012   0.997279
1013   0.996684
1014   0.996117
1015   0.995598
1016   0.995126
1017   0.994714
1018   0.99436
1019   0.994072
1020   0.993845
1021   0.993686
1022   0.99359
1023   0.993563
1024   0.993598
1025   0.993699
1026   0.993859
1027   0.994079
1028   0.99435
1029   0.99467
1030   0.995025
1031   0.995407
1032   0.976993
1033   0.974536
1034   0.971176
1035   0.967438
1036   0.963025
1037   0.959186
1038   0.957572
1039   0.958512
1040   0.965117
1041   0.972517
1042   0.979296
1043   0.985282
1044   0.989979
1045   0.99363
1046   0.996209
1047   0.998007
1048   0.999118
1049   0.999742
1050   0.999978
1051   0.99994
1052   0.999709
1053   0.999338
1054   0.998891
1055   0.998386
1056   0.997873
1057   0.99735
1058   0.996857
1059   0.996381
1060   0.995957
1061   0.995564
1062   0.995235
1063   0.994948
1064   0.994732
1065   0.994562
1066   0.994469
1067   0.994425
1068   0.994458
1069   0.994541
1070   0.994698
1071   0.994898
1072   0.995162
1073   0.995455
1074   0.995792
1075   0.978318
1076   0.975894
1077   0.972779
1078   0.969028
1079   0.964698
1080   0.960449
1081   0.957085
1082   0.956991
1083   0.961226
1084   0.968002
1085   0.97508
1086   0.981447
1087   0.986759
1088   0.990936
1089   0.994096
1090   0.996398
1091   0.997995
1092   0.999044
1093   0.999658
1094   0.999946
1095   0.999987
1096   0.999847
1097   0.99958
1098   0.999224
1099   0.998817
1100   0.998377
1101   0.997931
1102   0.997488
1103   0.997067
1104   0.99667
1105   0.996313
1106   0.995994
1107   0.995728
1108   0.99551
1109   0.995352
1110   0.99525
1111   0.995213
1112   0.995236
1113   0.995323
1114   0.995466
1115   0.995665
1116   0.995908
1117   0.996189
1118   0.979757
1119   0.977623
1120   0.974642
1121   0.971232
1122   0.966945
1123   0.962664
1124   0.958157
1125   0.955076
1126   0.958375
1127   0.96396
1128   0.970909
1129   0.977657
1130   0.983295
1131   0.988014
1132   0.991616
1133   0.994429
1134   0.996461
1135   0.997942
1136   0.998928
1137   0.999557
1138   0.999887
1139   0.999998
1140   0.999939
1141   0.999755
1142   0.999486
1143   0.999152
1144   0.998787
1145   0.998397
1146   0.998012
1147   0.997628
1148   0.997273
1149   0.996935
1150   0.996645
1151   0.996387
1152   0.996188
1153   0.996031
1154   0.995944
1155   0.995904
1156   0.995938
1157   0.996018
1158   0.996166
1159   0.996352
1160   0.996588
1161   0.981214
1162   0.979189
1163   0.976559
1164   0.973321
1165   0.969414
1166   0.965057
1167   0.960533
1168   0.957195
1169   0.956736
1170   0.960853
1171   0.967209
1172   0.973827
1173   0.97979
1174   0.984816
1175   0.988868
1176   0.992097
1177   0.994569
1178   0.996456
1179   0.997822
1180   0.998794
1181   0.999428
1182   0.999806
1183   0.999976
1184   0.999988
1185   0.999879
1186   0.999679
1187   0.999418
1188   0.999111
1189   0.998783
1190   0.99844
1191   0.998103
1192   0.997775
1193   0.997474
1194   0.9972
1195   0.996968
1196   0.996778
1197   0.996643
1198   0.99656
1199   0.996537
1200   0.996571
1201   0.996662
1202   0.996803
1203   0.996986
1204   0.982672
1205   0.980941
1206   0.978524
1207   0.975716
1208   0.972093
1209   0.968203
1210   0.963718
1211   0.95985
1212   0.957999
1213   0.958411
1214   0.964122
1215   0.97065
1216   0.976479
1217   0.981791
1218   0.986073
1219   0.989671
1220   0.992481
1221   0.994737
1222   0.996441
1223   0.99774
1224   0.998665
1225   0.999311
1226   0.999714
1227   0.999933
1228   1
1229   0.999951
1230   0.999814
1231   0.999608
1232   0.99936
1233   0.999077
1234   0.998783
1235   0.99848
1236   0.998191
1237   0.997913
1238   0.997671
1239   0.997454
1240   0.997291
1241   0.997167
1242   0.997106
1243   0.99709
1244   0.99714
1245   0.99723
1246   0.997374
1247   0.984065
1248   0.982462
1249   0.980398
1250   0.977851
1251   0.974756
1252   0.971196
1253   0.967312
1254   0.963541
1255   0.960636
1256   0.960152
1257   0.962469
1258   0.968004
1259   0.973626
1260   0.978922
1261   0.983373
1262   0.987204
1263   0.990295
1264   0.992857
1265   0.99486
1266   0.996456
1267   0.997656
1268   0.99856
1269   0.999194
1270   0.999623
1271   0.999874
1272   0.999987
1273   0.999988
1274   0.999902
1275   0.99975
1276   0.999546
1277   0.999312
1278   0.999055
1279   0.998794
1280   0.998533
1281   0.998291
1282   0.998069
1283   0.997884
1284   0.997737
1285   0.99764
1286   0.997591
1287   0.997597
1288   0.99765
1289   0.997748
1290   0.985392
1291   0.984036
1292   0.98219
1293   0.980051
1294   0.97733
1295   0.97437
1296   0.970941
1297   0.967707
1298   0.964581
1299   0.962617
1300   0.963916
1301   0.966961
1302   0.971922
1303   0.976927
1304   0.981233
1305   0.985096
1306   0.988318
1307   0.991058
1308   0.993277
1309   0.995096
1310   0.996523
1311   0.997647
1312   0.998489
1313   0.999113
1314   0.999541
1315   0.999816
1316   0.99996
1317   0.999999
1318   0.999955
1319   0.999843
1320   0.999683
1321   0.999485
1322   0.999269
1323   0.999038
1324   0.998814
1325   0.998595
1326   0.998407
1327   0.998242
1328   0.998126
1329   0.998045
1330   0.998021
1331   0.998035
1332   0.998101
1333   0.986619
1334   0.985381
1335   0.983829
1336   0.981946
1337   0.979702
1338   0.977134
1339   0.974357
1340   0.971468
1341   0.968903
1342   0.966882
1343   0.966493
1344   0.968361
1345   0.971442
1346   0.975772
1347   0.979678
1348   0.983437
1349   0.986616
1350   0.989441
1351   0.991765
1352   0.993745
1353   0.995333
1354   0.99664
1355   0.997655
1356   0.998455
1357   0.999045
1358   0.999475
1359   0.999758
1360   0.999926
1361   0.999995
1362   0.999983
1363   0.999908
1364   0.999782
1365   0.999622
1366   0.999436
1367   0.999241
1368   0.999043
1369   0.998859
1370   0.998694
1371   0.998562
1372   0.998465
1373   0.998412
1374   0.9984
1375   0.998431
1376   0.987758
1377   0.986703
1378   0.985334
1379   0.983766
1380   0.981838
1381   0.979739
1382   0.97737
1383   0.975023
1384   0.972757
1385   0.971008
1386   0.970247
1387   0.970666
1388   0.972951
1389   0.975961
1390   0.979302
1391   0.982548
1392   0.985538
1393   0.988221
1394   0.990548
1395   0.992557
1396   0.99424
1397   0.995651
1398   0.996797
1399   0.997728
1400   0.998455
1401   0.999017
1402   0.999427
1403   0.999715
1404   0.999893
1405   0.999982
1406   0.999996
1407   0.999947
1408   0.999852
1409   0.999719
1410   0.999565
1411   0.999396
1412   0.999231
1413   0.999071
1414   0.998938
1415   0.998827
1416   0.99876
1417   0.998723
1418   0.998731
1419   0.988797
1420   0.987842
1421   0.986688
1422   0.985327
1423   0.983749
1424   0.981968
1425   0.980074
1426   0.978097
1427   0.976318
1428   0.974771
1429   0.974029
1430   0.973958
1431   0.975104
1432   0.977193
1433   0.979666
1434   0.982384
1435   0.984958
1436   0.987432
1437   0.989613
1438   0.991589
1439   0.993269
1440   0.994738
1441   0.995953
1442   0.996983
1443   0.997809
1444   0.998484
1445   0.999002
1446   0.999399
1447   0.999678
1448   0.999865
1449   0.999966
1450   0.999998
1451   0.999973
1452   0.999901
1453   0.999796
1454   0.999666
1455   0.999527
1456   0.999386
1457   0.999257
1458   0.999147
1459   0.999066
1460   0.999016
1461   0.999
1462   0.989751
1463   0.988927
1464   0.987915
1465   0.986775
1466   0.985431
1467   0.983976
1468   0.982384
1469   0.980788
1470   0.97927
1471   0.977984
1472   0.977183
1473   0.976914
1474   0.977569
1475   0.978872
1476   0.980721
1477   0.982805
1478   0.984977
1479   0.987097
1480   0.989087
1481   0.990912
1482   0.99254
1483   0.99398
1484   0.995223
1485   0.996292
1486   0.997187
1487   0.997935
1488   0.998538
1489   0.999021
1490   0.999389
1491   0.999661
1492   0.999843
1493   0.999952
1494   0.999996
1495   0.999986
1496   0.999934
1497   0.999849
1498   0.999744
1499   0.999626
1500   0.999513
1501   0.999406
1502   0.999324
1503   0.999262
1504   0.999235
1505   0.990623
1506   0.989881
1507   0.989021
1508   0.988036
1509   0.986931
1510   0.985707
1511   0.984429
1512   0.983102
1513   0.981889
1514   0.980788
1515   0.980075
1516   0.979719
1517   0.979986
1518   0.980806
1519   0.982063
1520   0.983653
1521   0.98536
1522   0.987151
1523   0.988863
1524   0.990519
1525   0.992015
1526   0.993398
1527   0.994605
1528   0.995687
1529   0.996605
1530   0.997404
1531   0.998061
1532   0.998614
1533   0.99905
1534   0.999396
1535   0.99965
1536   0.99983
1537   0.999939
1538   0.999991
1539   0.999994
1540   0.999957
1541   0.999891
1542   0.999805
1543   0.999711
1544   0.999618
1545   0.999538
1546   0.999475
1547   0.999436
1548   0.991423
1549   0.990774
1550   0.990021
1551   0.98919
1552   0.988251
1553   0.987246
1554   0.986177
1555   0.985101
1556   0.984079
1557   0.983174
1558   0.982517
1559   0.982149
1560   0.982231
1561   0.982708
1562   0.983585
1563   0.984734
1564   0.986078
1565   0.987515
1566   0.988973
1567   0.990402
1568   0.991757
1569   0.993022
1570   0.994172
1571   0.995213
1572   0.99613
1573   0.996938
1574   0.997629
1575   0.99822
1576   0.998708
1577   0.999107
1578   0.99942
1579   0.999658
1580   0.999825
1581   0.999933
1582   0.999987
1583   0.999997
1584   0.999972
1585   0.999919
1586   0.999852
1587   0.999776
1588   0.999706
1589   0.999643
1590   0.999602
1591   0.992156
1592   0.991575
1593   0.990929
1594   0.990213
1595   0.989434
1596   0.988591
1597   0.987725
1598   0.986833
1599   0.986009
1600   0.985246
1601   0.984686
1602   0.984319
1603   0.984279
1604   0.984543
1605   0.985113
1606   0.985946
1607   0.986952
1608   0.988101
1609   0.989288
1610   0.990515
1611   0.991689
1612   0.992835
1613   0.993886
1614   0.994875
1615   0.995752
1616   0.996555
1617   0.997247
1618   0.997862
1619   0.998376
1620   0.998817
1621   0.99917
1622   0.999457
1623   0.999671
1624   0.999828
1625   0.999929
1626   0.999984
1627   0.999998
1628   0.999981
1629   0.999942
1630   0.999889
1631   0.999831
1632   0.999778
1633   0.999735
1634   0.992831
1635   0.992319
1636   0.991754
1637   0.991144
1638   0.990481
1639   0.989782
1640   0.989058
1641   0.988332
1642   0.987641
1643   0.987017
1644   0.986525
1645   0.986193
1646   0.986091
1647   0.98622
1648   0.986597
1649   0.987182
1650   0.987944
1651   0.988834
1652   0.989804
1653   0.990818
1654   0.991834
1655   0.992833
1656   0.993787
1657   0.994688
1658   0.995519
1659   0.996281
1660   0.996963
1661   0.997571
1662   0.998099
1663   0.998556
1664   0.998938
1665   0.999255
1666   0.999506
1667   0.9997
1668   0.999839
1669   0.999932
1670   0.999982
1671   0.999998
1672   0.999988
1673   0.999957
1674   0.999917
1675   0.999873
1676   0.999836
1677   0.993452
1678   0.992996
1679   0.992506
1680   0.991979
1681   0.991423
1682   0.990835
1683   0.990242
1684   0.989637
1685   0.989077
1686   0.988551
1687   0.98814
1688   0.987833
1689   0.987706
1690   0.987748
1691   0.987983
1692   0.988396
1693   0.988956
1694   0.989649
1695   0.990417
1696   0.99126
1697   0.99211
1698   0.992984
1699   0.993818
1700   0.99464
1701   0.995396
1702   0.996117
1703   0.99676
1704   0.997357
1705   0.997874
1706   0.998339
1707   0.99873
1708   0.999068
1709   0.99934
1710   0.999563
1711   0.99973
1712   0.999855
1713   0.999935
1714   0.999982
1715   0.999998
1716   0.999992
1717   0.99997
1718   0.99994
1719   0.999909
1720   0.994024
1721   0.99362
1722   0.99319
1723   0.992737
1724   0.99226
1725   0.991767
1726   0.991267
1727   0.99077
1728   0.990299
1729   0.989869
1730   0.989513
1731   0.989249
1732   0.989112
1733   0.98911
1734   0.989258
1735   0.989548
1736   0.989969
1737   0.990502
1738   0.991121
1739   0.991805
1740   0.992525
1741   0.993265
1742   0.994001
1743   0.994724
1744   0.995414
1745   0.996069
1746   0.996675
1747   0.997234
1748   0.997736
1749   0.998186
1750   0.998578
1751   0.998918
1752   0.999203
1753   0.999439
1754   0.999627
1755   0.999771
1756   0.999875
1757   0.999945
1758   0.999983
1759   0.999998
1760   0.999995
1761   0.999978
1762   0.999957
1763   0.994552
1764   0.994192
1765   0.993816
1766   0.993422
1767   0.993016
1768   0.992595
1769   0.992179
1770   0.99176
1771   0.991374
1772   0.991009
1773   0.990715
1774   0.99048
1775   0.990353
1776   0.990322
1777   0.990415
1778   0.990622
1779   0.990936
1780   0.991355
1781   0.991845
1782   0.992411
1783   0.993005
1784   0.993642
1785   0.994271
1786   0.994914
1787   0.995522
1788   0.996121
1789   0.99667
1790   0.997196
1791   0.997663
1792   0.998098
1793   0.998473
1794   0.998811
1795   0.999093
1796   0.999338
1797   0.999532
1798   0.999692
1799   0.99981
1800   0.999897
1801   0.999953
1802   0.999986
1803   0.999998
1804   0.999996
1805   0.999985
1806   0.995038
1807   0.994718
1808   0.994386
1809   0.994043
1810   0.99369
1811   0.993331
1812   0.992973
1813   0.992623
1814   0.992293
1815   0.991993
1816   0.99174
1817   0.991546
1818   0.991428
1819   0.991395
1820   0.991455
1821   0.99161
1822   0.991857
1823   0.992187
1824   0.992589
1825   0.993051
1826   0.993555
1827   0.99409
1828   0.994638
1829   0.995192
1830   0.995736
1831   0.996264
1832   0.996766
1833   0.99724
1834   0.997677
1835   0.998077
1836   0.998436
1837   0.998755
1838   0.999032
1839   0.999269
1840   0.999467
1841   0.999628
1842   0.999755
1843   0.999851
1844   0.999919
1845   0.999964
1846   0.999989
1847   0.999998
1848   0.999997
