##### Y Variance #####
0   0.999999
1   0.999974
2   0.999908
3   0.999792
4   0.999619
5   0.999396
6   0.999131
7   0.998839
8   0.99853
9   0.998221
10   0.997921
11   0.997641
12   0.997387
13   0.997167
14   0.996981
15   0.996834
16   0.996723
17   0.99665
18   0.996611
19   0.996606
20   0.996629
21   0.99668
22   0.996752
23   0.996844
24   0.996951
25   0.997071
26   0.997201
27   0.997338
28   0.997478
29   0.997622
30   0.997765
31   0.997907
32   0.998047
33   0.998183
34   0.998315
35   0.998441
36   0.998562
37   0.998676
38   0.998785
39   0.998886
40   0.998982
41   0.999071
42   0.999154
43   0.999996
44   0.999996
45   0.99995
46   0.999847
47   0.999668
48   0.99944
49   0.999143
50   0.998831
51   0.998478
52   0.998144
53   0.997799
54   0.997497
55   0.997204
56   0.996968
57   0.996753
58   0.996597
59   0.996468
60   0.996393
61   0.996346
62   0.996345
63   0.996367
64   0.996427
65   0.996503
66   0.996607
67   0.996723
68   0.996857
69   0.996997
70   0.997147
71   0.997299
72   0.997456
73   0.997611
74   0.997766
75   0.997916
76   0.998064
77   0.998205
78   0.998342
79   0.998471
80   0.998594
81   0.998711
82   0.99882
83   0.998922
84   0.999018
85   0.999107
86   0.999966
87   0.999997
88   0.999988
89   0.999916
90   0.999759
91   0.999528
92   0.999228
93   0.998885
94   0.998512
95   0.998136
96   0.997764
97   0.997419
98   0.997102
99   0.996828
100   0.996595
101   0.996411
102   0.996271
103   0.996179
104   0.996128
105   0.996119
106   0.996143
107   0.996201
108   0.996284
109   0.996392
110   0.996517
111   0.996658
112   0.996809
113   0.996969
114   0.997133
115   0.997299
116   0.997465
117   0.99763
118   0.997791
119   0.997948
120   0.9981
121   0.998245
122   0.998383
123   0.998514
124   0.998638
125   0.998755
126   0.998864
127   0.998965
128   0.99906
129   0.999895
130   0.999962
131   0.999999
132   0.999971
133   0.999849
134   0.999641
135   0.999339
136   0.998993
137   0.998591
138   0.998194
139   0.997782
140   0.997411
141   0.997053
142   0.996755
143   0.996487
144   0.996285
145   0.996118
146   0.996016
147   0.995947
148   0.995934
149   0.99595
150   0.996009
151   0.99609
152   0.996204
153   0.996331
154   0.99648
155   0.996637
156   0.996806
157   0.996977
158   0.997154
159   0.997328
160   0.997503
161   0.997673
162   0.997839
163   0.997999
164   0.998152
165   0.998298
166   0.998437
167   0.998568
168   0.998691
169   0.998807
170   0.998914
171   0.999014
172   0.999769
173   0.999868
174   0.999966
175   1
176   0.999938
177   0.999769
178   0.999496
179   0.999149
180   0.998748
181   0.998324
182   0.997894
183   0.997483
184   0.9971
185   0.996761
186   0.996468
187   0.996231
188   0.996045
189   0.995915
190   0.995834
191   0.995802
192   0.995812
193   0.995861
194   0.995941
195   0.99605
196   0.996181
197   0.99633
198   0.996492
199   0.996665
200   0.996843
201   0.997024
202   0.997207
203   0.997387
204   0.997565
205   0.997738
206   0.997905
207   0.998065
208   0.998218
209   0.998364
210   0.998501
211   0.998631
212   0.998752
213   0.998865
214   0.998971
215   0.999577
216   0.999714
217   0.999873
218   0.999979
219   0.99999
220   0.999881
221   0.999649
222   0.999331
223   0.998932
224   0.998508
225   0.998053
226   0.997624
227   0.997204
228   0.99684
229   0.996509
230   0.996247
231   0.996028
232   0.995879
233   0.995772
234   0.995727
235   0.995718
236   0.99576
237   0.995829
238   0.995935
239   0.99606
240   0.996211
241   0.996372
242   0.996547
243   0.996727
244   0.996914
245   0.997099
246   0.997286
247   0.997468
248   0.997647
249   0.997819
250   0.997986
251   0.998145
252   0.998296
253   0.998439
254   0.998574
255   0.998701
256   0.998819
257   0.998929
258   0.999309
259   0.999456
260   0.999695
261   0.999888
262   0.999994
263   0.999966
264   0.999803
265   0.999526
266   0.99916
267   0.998737
268   0.998284
269   0.99783
270   0.997394
271   0.996993
272   0.996638
273   0.996337
274   0.996094
275   0.995911
276   0.995784
277   0.995712
278   0.995689
279   0.99571
280   0.99577
281   0.995864
282   0.995984
283   0.996126
284   0.996286
285   0.996458
286   0.996638
287   0.996824
288   0.997013
289   0.9972
290   0.997386
291   0.997568
292   0.997745
293   0.997915
294   0.998079
295   0.998234
296   0.998382
297   0.998522
298   0.998653
299   0.998776
300   0.998891
301   0.998971
302   0.999146
303   0.99944
304   0.999724
305   0.999932
306   1
307   0.99992
308   0.99971
309   0.999383
310   0.99899
311   0.998539
312   0.998085
313   0.997626
314   0.997208
315   0.996818
316   0.996494
317   0.996215
318   0.996008
319   0.995849
320   0.995757
321   0.995708
322   0.995714
323   0.995755
324   0.995837
325   0.995944
326   0.99608
327   0.99623
328   0.996399
329   0.996574
330   0.996759
331   0.996945
332   0.997134
333   0.99732
334   0.997503
335   0.997682
336   0.997855
337   0.998021
338   0.99818
339   0.998332
340   0.998475
341   0.998611
342   0.998738
343   0.998857
344   0.998572
345   0.998693
346   0.999073
347   0.999454
348   0.999778
349   0.999965
350   0.999991
351   0.999863
352   0.999606
353   0.99925
354   0.99883
355   0.998375
356   0.997916
357   0.997475
358   0.997069
359   0.996711
360   0.996409
361   0.996167
362   0.995985
363   0.99586
364   0.995791
365   0.995771
366   0.995795
367   0.995857
368   0.995951
369   0.996072
370   0.996214
371   0.996371
372   0.996542
373   0.996719
374   0.996902
375   0.997087
376   0.997272
377   0.997454
378   0.997633
379   0.997806
380   0.997974
381   0.998135
382   0.998289
383   0.998435
384   0.998574
385   0.998704
386   0.998827
387   0.998159
388   0.9983
389   0.998636
390   0.999083
391   0.999526
392   0.999841
393   0.99999
394   0.999966
395   0.99979
396   0.999497
397   0.999112
398   0.998683
399   0.998224
400   0.997781
401   0.997354
402   0.996979
403   0.996647
404   0.996382
405   0.996167
406   0.99602
407   0.995921
408   0.99588
409   0.995879
410   0.995924
411   0.995998
412   0.996105
413   0.996231
414   0.996379
415   0.996537
416   0.996707
417   0.996883
418   0.997062
419   0.997242
420   0.997422
421   0.997598
422   0.997771
423   0.997938
424   0.9981
425   0.998255
426   0.998403
427   0.998544
428   0.998677
429   0.998801
430   0.997733
431   0.99781
432   0.998144
433   0.998584
434   0.99916
435   0.99962
436   0.999901
437   1
438   0.999927
439   0.999711
440   0.999387
441   0.998989
442   0.998555
443   0.99811
444   0.997682
445   0.997286
446   0.996939
447   0.996644
448   0.996408
449   0.996229
450   0.996108
451   0.996037
452   0.996016
453   0.996035
454   0.996091
455   0.996177
456   0.996288
457   0.996419
458   0.996566
459   0.996723
460   0.99689
461   0.99706
462   0.997234
463   0.997407
464   0.99758
465   0.997749
466   0.997914
467   0.998075
468   0.99823
469   0.998378
470   0.99852
471   0.998655
472   0.998782
473   0.997313
474   0.997369
475   0.997621
476   0.998085
477   0.998713
478   0.999294
479   0.999719
480   0.99995
481   0.999994
482   0.999875
483   0.999622
484   0.99928
485   0.998873
486   0.99845
487   0.998021
488   0.997623
489   0.997256
490   0.996947
491   0.996684
492   0.996485
493   0.996334
494   0.996242
495   0.996193
496   0.996191
497   0.996223
498   0.996289
499   0.99638
500   0.996495
501   0.996625
502   0.996769
503   0.996922
504   0.997083
505   0.997246
506   0.997412
507   0.997578
508   0.997743
509   0.997904
510   0.998062
511   0.998215
512   0.998363
513   0.998505
514   0.99864
515   0.998768
516   0.996903
517   0.996888
518   0.997075
519   0.997442
520   0.998175
521   0.998876
522   0.999435
523   0.999808
524   0.999982
525   0.999974
526   0.999813
527   0.999536
528   0.999182
529   0.998783
530   0.998374
531   0.997973
532   0.997606
533   0.997277
534   0.997002
535   0.996776
536   0.996606
537   0.996485
538   0.996415
539   0.996385
540   0.996396
541   0.996438
542   0.99651
543   0.996603
544   0.996716
545   0.996842
546   0.996982
547   0.997128
548   0.997281
549   0.997436
550   0.997595
551   0.997751
552   0.997908
553   0.998061
554   0.998212
555   0.998357
556   0.998498
557   0.998632
558   0.998761
559   0.996516
560   0.996445
561   0.996539
562   0.996902
563   0.997591
564   0.998367
565   0.999056
566   0.999569
567   0.999883
568   0.999998
569   0.99994
570   0.999747
571   0.999452
572   0.999099
573   0.998713
574   0.998331
575   0.997961
576   0.997631
577   0.997338
578   0.9971
579   0.996906
580   0.996766
581   0.996669
582   0.996619
583   0.996603
584   0.996624
585   0.996671
586   0.996745
587   0.996837
588   0.996946
589   0.997067
590   0.997199
591   0.997338
592   0.997482
593   0.997629
594   0.997778
595   0.997926
596   0.998074
597   0.998219
598   0.998362
599   0.9985
600   0.998633
601   0.998761
602   0.996163
603   0.996022
604   0.996015
605   0.996211
606   0.996947
607   0.997776
608   0.998577
609   0.999233
610   0.999689
611   0.999939
612   0.999998
613   0.999899
614   0.999682
615   0.999382
616   0.999039
617   0.998676
618   0.998323
619   0.99799
620   0.997697
621   0.997441
622   0.997236
623   0.997073
624   0.996958
625   0.996881
626   0.996845
627   0.996839
628   0.996866
629   0.996915
630   0.996987
631   0.997075
632   0.997179
633   0.997293
634   0.997417
635   0.997546
636   0.997682
637   0.997819
638   0.997959
639   0.998099
640   0.998239
641   0.998376
642   0.998511
643   0.998641
644   0.998768
645   0.995855
646   0.995644
647   0.995549
648   0.995716
649   0.996286
650   0.997115
651   0.998013
652   0.998799
653   0.999404
654   0.99979
655   0.999976
656   0.999984
657   0.999854
658   0.999625
659   0.99933
660   0.999006
661   0.998671
662   0.998352
663   0.998056
664   0.9978
665   0.997579
666   0.997404
667   0.997267
668   0.997172
669   0.997111
670   0.997085
671   0.997086
672   0.997115
673   0.997163
674   0.997232
675   0.997315
676   0.997411
677   0.997517
678   0.997632
679   0.997753
680   0.997878
681   0.998008
682   0.998139
683   0.998271
684   0.998402
685   0.998532
686   0.998659
687   0.998782
688   0.995603
689   0.995336
690   0.995136
691   0.995115
692   0.995618
693   0.996358
694   0.997351
695   0.998276
696   0.999018
697   0.999552
698   0.999868
699   0.999994
700   0.999963
701   0.999813
702   0.999582
703   0.999301
704   0.999001
705   0.998699
706   0.998416
707   0.998157
708   0.997934
709   0.997744
710   0.997596
711   0.997479
712   0.997401
713   0.997351
714   0.997332
715   0.997336
716   0.997364
717   0.997409
718   0.997473
719   0.997548
720   0.997637
721   0.997734
722   0.997841
723   0.997952
724   0.99807
725   0.99819
726   0.998314
727   0.998437
728   0.998562
729   0.998684
730   0.998804
731   0.995413
732   0.995081
733   0.994812
734   0.994726
735   0.994971
736   0.995634
737   0.996636
738   0.99766
739   0.998546
740   0.999216
741   0.999672
742   0.999922
743   1
744   0.999941
745   0.999781
746   0.999558
747   0.999298
748   0.999027
749   0.998759
750   0.998511
751   0.998287
752   0.998094
753   0.997932
754   0.997804
755   0.997705
756   0.997638
757   0.997596
758   0.997579
759   0.997584
760   0.997609
761   0.99765
762   0.997707
763   0.997776
764   0.997856
765   0.997946
766   0.998043
767   0.998147
768   0.998256
769   0.99837
770   0.998485
771   0.998602
772   0.998719
773   0.998834
774   0.995291
775   0.994916
776   0.994564
777   0.994342
778   0.99439
779   0.994761
780   0.995849
781   0.996982
782   0.997976
783   0.998792
784   0.999382
785   0.999765
786   0.999957
787   0.999997
788   0.999921
789   0.999762
790   0.999556
791   0.99932
792   0.999081
793   0.998845
794   0.998631
795   0.998435
796   0.99827
797   0.998129
798   0.998019
799   0.997932
800   0.997874
801   0.997835
802   0.997821
803   0.997823
804   0.997845
805   0.997879
806   0.997931
807   0.997991
808   0.998065
809   0.998146
810   0.998237
811   0.998333
812   0.998436
813   0.998541
814   0.998651
815   0.99876
816   0.99887
817   0.995239
818   0.994817
819   0.994393
820   0.994048
821   0.993886
822   0.994176
823   0.995078
824   0.996225
825   0.997329
826   0.998268
827   0.999002
828   0.999515
829   0.999831
830   0.999977
831   0.999992
832   0.999909
833   0.999761
834   0.999574
835   0.999367
836   0.999157
837   0.998955
838   0.998768
839   0.9986
840   0.998455
841   0.998333
842   0.998234
843   0.998158
844   0.998103
845   0.998068
846   0.998052
847   0.998052
848   0.998069
849   0.998099
850   0.998143
851   0.998198
852   0.998264
853   0.998339
854   0.998423
855   0.998513
856   0.998609
857   0.998709
858   0.998811
859   0.998914
860   0.995255
861   0.994817
862   0.994314
863   0.993862
864   0.993484
865   0.993406
866   0.994309
867   0.995445
868   0.996608
869   0.997669
870   0.998529
871   0.999181
872   0.999618
873   0.999878
874   0.999988
875   0.999987
876   0.999907
877   0.999773
878   0.99961
879   0.999429
880   0.99925
881   0.999074
882   0.998914
883   0.998766
884   0.99864
885   0.99853
886   0.998443
887   0.998371
888   0.998321
889   0.998285
890   0.998269
891   0.998265
892   0.998279
893   0.998303
894   0.998342
895   0.998391
896   0.998452
897   0.99852
898   0.9986
899   0.998683
900   0.998775
901   0.998867
902   0.998964
903   0.995329
904   0.994855
905   0.994312
906   0.993746
907   0.993227
908   0.993078
909   0.99361
910   0.994635
911   0.995838
912   0.996988
913   0.997979
914   0.998754
915   0.99932
916   0.999691
917   0.999905
918   0.999993
919   0.999987
920   0.999915
921   0.9998
922   0.99966
923   0.999507
924   0.999352
925   0.999202
926   0.999061
927   0.998933
928   0.998819
929   0.998722
930   0.99864
931   0.998574
932   0.998524
933   0.99849
934   0.99847
935   0.998465
936   0.998474
937   0.998495
938   0.998529
939   0.998574
940   0.998629
941   0.998694
942   0.998767
943   0.998848
944   0.998932
945   0.99902
946   0.995458
947   0.994997
948   0.994405
949   0.993794
950   0.993116
951   0.992629
952   0.993009
953   0.993803
954   0.995023
955   0.996262
956   0.997352
957   0.998256
958   0.998935
959   0.999426
960   0.99974
961   0.999921
962   0.999994
963   0.999989
964   0.99993
965   0.999833
966   0.999717
967   0.999586
968   0.999455
969   0.999323
970   0.999202
971   0.999087
972   0.998986
973   0.998895
974   0.998821
975   0.998757
976   0.998711
977   0.998675
978   0.998655
979   0.998646
980   0.998653
981   0.99867
982   0.998702
983   0.998742
984   0.998796
985   0.998856
986   0.998926
987   0.999
988   0.999081
989   0.995628
990   0.995151
991   0.994565
992   0.993894
993   0.993181
994   0.992634
995   0.992528
996   0.993108
997   0.994226
998   0.995488
999   0.996675
1000   0.997676
1001   0.998476
1002   0.999073
1003   0.999494
1004   0.999767
1005   0.999924
1006   0.999992
1007   0.999994
1008   0.999949
1009   0.999872
1010   0.999775
1011   0.999667
1012   0.999553
1013   0.999441
1014   0.999332
1015   0.999231
1016   0.999138
1017   0.999056
1018   0.998985
1019   0.998926
1020   0.998879
1021   0.998845
1022   0.998823
1023   0.998815
1024   0.998818
1025   0.998835
1026   0.998863
1027   0.998902
1028   0.998952
1029   0.99901
1030   0.999075
1031   0.999146
1032   0.995839
1033   0.995396
1034   0.994802
1035   0.994144
1036   0.993377
1037   0.9927
1038   0.992307
1039   0.992338
1040   0.993441
1041   0.994727
1042   0.99595
1043   0.997056
1044   0.997947
1045   0.998655
1046   0.99917
1047   0.999539
1048   0.999777
1049   0.999921
1050   0.999988
1051   0.999998
1052   0.999968
1053   0.999907
1054   0.999829
1055   0.999737
1056   0.999642
1057   0.999543
1058   0.999449
1059   0.999356
1060   0.999273
1061   0.999196
1062   0.999131
1063   0.999074
1064   0.99903
1065   0.998995
1066   0.998975
1067   0.998965
1068   0.99897
1069   0.998984
1070   0.999012
1071   0.999048
1072   0.999097
1073   0.999152
1074   0.999214
1075   0.996075
1076   0.99564
1077   0.995088
1078   0.99443
1079   0.993674
1080   0.992918
1081   0.992278
1082   0.992158
1083   0.992807
1084   0.993962
1085   0.995217
1086   0.996379
1087   0.997369
1088   0.998164
1089   0.998777
1090   0.999233
1091   0.999556
1092   0.999776
1093   0.99991
1094   0.99998
1095   1
1096   0.999983
1097   0.999939
1098   0.999876
1099   0.999801
1100   0.999719
1101   0.999634
1102   0.999549
1103   0.999468
1104   0.999391
1105   0.999322
1106   0.999259
1107   0.999207
1108   0.999164
1109   0.999133
1110   0.999112
1111   0.999104
1112   0.999108
1113   0.999123
1114   0.99915
1115   0.999187
1116   0.999232
1117   0.999285
1118   0.99633
1119   0.995946
1120   0.995419
1121   0.994819
1122   0.994069
1123   0.993313
1124   0.992497
1125   0.99191
1126   0.992387
1127   0.993289
1128   0.994513
1129   0.995728
1130   0.996765
1131   0.997646
1132   0.998331
1133   0.998873
1134   0.999271
1135   0.999566
1136   0.999766
1137   0.999897
1138   0.99997
1139   0.999998
1140   0.999993
1141   0.999962
1142   0.999914
1143   0.999852
1144   0.999783
1145   0.999709
1146   0.999635
1147   0.999561
1148   0.999492
1149   0.999427
1150   0.999371
1151   0.999321
1152   0.999283
1153   0.999252
1154   0.999235
1155   0.999227
1156   0.999234
1157   0.999249
1158   0.999277
1159   0.999312
1160   0.999356
1161   0.99659
1162   0.996226
1163   0.995758
1164   0.995188
1165   0.994502
1166   0.993737
1167   0.992938
1168   0.992322
1169   0.99218
1170   0.992825
1171   0.993912
1172   0.995088
1173   0.996168
1174   0.997094
1175   0.99785
1176   0.99846
1177   0.998932
1178   0.999296
1179   0.999562
1180   0.999753
1181   0.99988
1182   0.999957
1183   0.999993
1184   0.999999
1185   0.99998
1186   0.999943
1187   0.999894
1188   0.999835
1189   0.999772
1190   0.999706
1191   0.999641
1192   0.999578
1193   0.99952
1194   0.999468
1195   0.999423
1196   0.999387
1197   0.999361
1198   0.999346
1199   0.999342
1200   0.999349
1201   0.999366
1202   0.999393
1203   0.999428
1204   0.996849
1205   0.996537
1206   0.996106
1207   0.995608
1208   0.994972
1209   0.994289
1210   0.993508
1211   0.992831
1212   0.992454
1213   0.992463
1214   0.993437
1215   0.994577
1216   0.995621
1217   0.996585
1218   0.997373
1219   0.99804
1220   0.998566
1221   0.998992
1222   0.999315
1223   0.999564
1224   0.999741
1225   0.999866
1226   0.999944
1227   0.999987
1228   1
1229   0.999991
1230   0.999964
1231   0.999924
1232   0.999876
1233   0.999822
1234   0.999765
1235   0.999706
1236   0.999651
1237   0.999597
1238   0.999551
1239   0.99951
1240   0.999479
1241   0.999456
1242   0.999445
1243   0.999443
1244   0.999453
1245   0.999471
1246   0.999499
1247   0.997098
1248   0.996808
1249   0.996439
1250   0.995986
1251   0.995441
1252   0.994817
1253   0.994139
1254   0.993481
1255   0.992961
1256   0.992837
1257   0.993216
1258   0.99417
1259   0.995164
1260   0.996113
1261   0.996921
1262   0.997621
1263   0.998191
1264   0.998666
1265   0.999039
1266   0.999338
1267   0.999563
1268   0.999733
1269   0.999852
1270   0.999932
1271   0.999978
1272   0.999998
1273   0.999997
1274   0.999979
1275   0.999948
1276   0.999908
1277   0.999862
1278   0.999812
1279   0.999762
1280   0.999712
1281   0.999665
1282   0.999623
1283   0.999588
1284   0.999561
1285   0.999543
1286   0.999535
1287   0.999537
1288   0.999548
1289   0.999567
1290   0.997335
1291   0.997089
1292   0.996757
1293   0.996376
1294   0.995895
1295   0.995375
1296   0.994776
1297   0.994212
1298   0.993663
1299   0.993314
1300   0.99352
1301   0.994035
1302   0.994909
1303   0.995799
1304   0.996572
1305   0.99727
1306   0.997857
1307   0.998359
1308   0.998767
1309   0.999102
1310   0.999366
1311   0.999574
1312   0.999729
1313   0.999844
1314   0.999922
1315   0.999971
1316   0.999995
1317   1
1318   0.999988
1319   0.999965
1320   0.999933
1321   0.999893
1322   0.999851
1323   0.999806
1324   0.999763
1325   0.999721
1326   0.999685
1327   0.999654
1328   0.999633
1329   0.999618
1330   0.999615
1331   0.999619
1332   0.999632
1333   0.997555
1334   0.99733
1335   0.99705
1336   0.996714
1337   0.996315
1338   0.995863
1339   0.995375
1340   0.994871
1341   0.994423
1342   0.994073
1343   0.994007
1344   0.994323
1345   0.994866
1346   0.995629
1347   0.996326
1348   0.996999
1349   0.997574
1350   0.998085
1351   0.998509
1352   0.99887
1353   0.999161
1354   0.9994
1355   0.999585
1356   0.99973
1357   0.999837
1358   0.999914
1359   0.999963
1360   0.999991
1361   1
1362   0.999994
1363   0.999977
1364   0.999951
1365   0.999918
1366   0.999881
1367   0.999843
1368   0.999805
1369   0.99977
1370   0.999739
1371   0.999714
1372   0.999697
1373   0.999687
1374   0.999686
1375   0.999693
1376   0.99776
1377   0.997567
1378   0.99732
1379   0.997038
1380   0.996695
1381   0.996324
1382   0.995907
1383   0.995496
1384   0.995102
1385   0.994799
1386   0.994672
1387   0.994749
1388   0.995152
1389   0.995685
1390   0.99628
1391   0.996861
1392   0.997398
1393   0.997882
1394   0.998303
1395   0.998668
1396   0.998974
1397   0.99923
1398   0.999438
1399   0.999606
1400   0.999736
1401   0.999836
1402   0.999908
1403   0.999958
1404   0.999987
1405   0.999999
1406   0.999998
1407   0.999985
1408   0.999964
1409   0.999937
1410   0.999906
1411   0.999873
1412   0.999841
1413   0.99981
1414   0.999785
1415   0.999765
1416   0.999753
1417   0.999747
1418   0.999749
1419   0.997948
1420   0.997773
1421   0.997564
1422   0.997319
1423   0.997037
1424   0.996721
1425   0.996386
1426   0.99604
1427   0.995729
1428   0.995463
1429   0.995337
1430   0.995334
1431   0.995542
1432   0.995916
1433   0.996359
1434   0.996845
1435   0.997308
1436   0.997753
1437   0.998147
1438   0.998504
1439   0.998808
1440   0.999073
1441   0.999293
1442   0.999478
1443   0.999626
1444   0.999746
1445   0.999837
1446   0.999906
1447   0.999953
1448   0.999983
1449   0.999997
1450   0.999999
1451   0.999991
1452   0.999974
1453   0.999952
1454   0.999926
1455   0.999898
1456   0.999871
1457   0.999846
1458   0.999825
1459   0.999811
1460   0.999802
1461   0.9998
1462   0.998121
1463   0.99797
1464   0.997786
1465   0.99758
1466   0.997339
1467   0.99708
1468   0.996798
1469   0.996518
1470   0.996253
1471   0.996031
1472   0.995897
1473   0.995858
1474   0.995982
1475   0.996219
1476   0.996553
1477   0.996928
1478   0.997319
1479   0.997702
1480   0.998061
1481   0.99839
1482   0.998684
1483   0.998944
1484   0.999168
1485   0.99936
1486   0.99952
1487   0.999652
1488   0.999759
1489   0.999843
1490   0.999906
1491   0.999951
1492   0.99998
1493   0.999996
1494   1
1495   0.999994
1496   0.999982
1497   0.999963
1498   0.999941
1499   0.999918
1500   0.999896
1501   0.999876
1502   0.99986
1503   0.999849
1504   0.999845
1505   0.99828
1506   0.998143
1507   0.997987
1508   0.997809
1509   0.99761
1510   0.997392
1511   0.997165
1512   0.996931
1513   0.996719
1514   0.99653
1515   0.99641
1516   0.996356
1517   0.996411
1518   0.996565
1519   0.996795
1520   0.997083
1521   0.997392
1522   0.997716
1523   0.998026
1524   0.998325
1525   0.998595
1526   0.998844
1527   0.999062
1528   0.999256
1529   0.99942
1530   0.999562
1531   0.999678
1532   0.999774
1533   0.999849
1534   0.999908
1535   0.99995
1536   0.999979
1537   0.999994
1538   1
1539   0.999997
1540   0.999987
1541   0.999972
1542   0.999954
1543   0.999935
1544   0.999917
1545   0.999902
1546   0.99989
1547   0.999883
1548   0.998426
1549   0.998307
1550   0.998169
1551   0.998019
1552   0.99785
1553   0.99767
1554   0.99748
1555   0.99729
1556   0.997112
1557   0.996956
1558   0.996846
1559   0.996789
1560   0.996811
1561   0.996904
1562   0.997067
1563   0.997278
1564   0.997523
1565   0.997784
1566   0.998048
1567   0.998307
1568   0.998552
1569   0.99878
1570   0.998987
1571   0.999174
1572   0.999338
1573   0.999481
1574   0.999603
1575   0.999707
1576   0.999792
1577   0.99986
1578   0.999913
1579   0.999952
1580   0.999978
1581   0.999994
1582   1
1583   0.999998
1584   0.999991
1585   0.999978
1586   0.999964
1587   0.999949
1588   0.999935
1589   0.999923
1590   0.999916
1591   0.99856
1592   0.998453
1593   0.998335
1594   0.998205
1595   0.998065
1596   0.997914
1597   0.99776
1598   0.997603
1599   0.997459
1600   0.997328
1601   0.997234
1602   0.997175
1603   0.997175
1604   0.99723
1605   0.997339
1606   0.997494
1607   0.997679
1608   0.997889
1609   0.998105
1610   0.998328
1611   0.998541
1612   0.998748
1613   0.998937
1614   0.999115
1615   0.999272
1616   0.999415
1617   0.999537
1618   0.999645
1619   0.999735
1620   0.999811
1621   0.999871
1622   0.999919
1623   0.999954
1624   0.999978
1625   0.999993
1626   0.999999
1627   0.999999
1628   0.999993
1629   0.999984
1630   0.999972
1631   0.999961
1632   0.99995
1633   0.999942
1634   0.998684
1635   0.99859
1636   0.998487
1637   0.998376
1638   0.998256
1639   0.998131
1640   0.998002
1641   0.997874
1642   0.997754
1643   0.997646
1644   0.997564
1645   0.997511
1646   0.997499
1647   0.997529
1648   0.997603
1649   0.997713
1650   0.997855
1651   0.998019
1652   0.998197
1653   0.998382
1654   0.998567
1655   0.998748
1656   0.99892
1657   0.999082
1658   0.999231
1659   0.999367
1660   0.999488
1661   0.999595
1662   0.999687
1663   0.999766
1664   0.999832
1665   0.999885
1666   0.999927
1667   0.999958
1668   0.99998
1669   0.999993
1670   0.999999
1671   0.999999
1672   0.999995
1673   0.999988
1674   0.999979
1675   0.99997
1676   0.999963
1677   0.998798
1678   0.998714
1679   0.998625
1680   0.998529
1681   0.998429
1682   0.998324
1683   0.998218
1684   0.998111
1685   0.998014
1686   0.997923
1687   0.997854
1688   0.997805
1689   0.997788
1690   0.997802
1691   0.99785
1692   0.997929
1693   0.998035
1694   0.998164
1695   0.998306
1696   0.99846
1697   0.998616
1698   0.998774
1699   0.998925
1700   0.999073
1701   0.999209
1702   0.999338
1703   0.999452
1704   0.999557
1705   0.999648
1706   0.999729
1707   0.999796
1708   0.999853
1709   0.999899
1710   0.999936
1711   0.999963
1712   0.999982
1713   0.999993
1714   0.999999
1715   1
1716   0.999996
1717   0.999991
1718   0.999984
1719   0.999978
1720   0.998903
1721   0.998829
1722   0.998751
1723   0.998669
1724   0.998583
1725   0.998494
1726   0.998405
1727   0.998318
1728   0.998236
1729   0.998162
1730   0.998102
1731   0.99806
1732   0.99804
1733   0.998045
1734   0.998077
1735   0.998135
1736   0.998215
1737   0.998315
1738   0.99843
1739   0.998556
1740   0.998688
1741   0.998823
1742   0.998957
1743   0.999087
1744   0.999211
1745   0.999328
1746   0.999436
1747   0.999535
1748   0.999623
1749   0.999701
1750   0.999769
1751   0.999827
1752   0.999876
1753   0.999915
1754   0.999946
1755   0.999969
1756   0.999985
1757   0.999995
1758   0.999999
1759   1
1760   0.999997
1761   0.999993
1762   0.999988
1763   0.999
1764   0.998935
1765   0.998866
1766   0.998795
1767   0.998722
1768   0.998646
1769   0.998573
1770   0.998499
1771   0.998431
1772   0.998369
1773   0.99832
1774   0.998282
1775   0.998263
1776   0.998263
1777   0.998284
1778   0.998326
1779   0.998387
1780   0.998467
1781   0.998558
1782   0.998663
1783   0.998772
1784   0.998889
1785   0.999003
1786   0.999119
1787   0.999229
1788   0.999336
1789   0.999434
1790   0.999527
1791   0.999609
1792   0.999685
1793   0.99975
1794   0.999808
1795   0.999856
1796   0.999898
1797   0.99993
1798   0.999956
1799   0.999974
1800   0.999988
1801   0.999995
1802   0.999999
1803   1
1804   0.999998
1805   0.999995
1806   0.99909
1807   0.999032
1808   0.998972
1809   0.998909
1810   0.998846
1811   0.998782
1812   0.998718
1813   0.998657
1814   0.998599
1815   0.998548
1816   0.998506
1817   0.998474
1818   0.998457
1819   0.998455
1820   0.998471
1821   0.998503
1822   0.998551
1823   0.998614
1824   0.99869
1825   0.998776
1826   0.998869
1827   0.998967
1828   0.999067
1829   0.999167
1830   0.999265
1831   0.99936
1832   0.999449
1833   0.999533
1834   0.99961
1835   0.99968
1836   0.999743
1837   0.999798
1838   0.999845
1839   0.999885
1840   0.999918
1841   0.999945
1842   0.999965
1843   0.99998
1844   0.99999
1845   0.999997
1846   1
1847   1
1848   0.999999
