##### Y Variance #####
0   0.999952
1   0.999863
2   0.999346
3   0.998247
4   0.996433
5   0.99386
6   0.990484
7   0.986413
8   0.981739
9   0.976851
10   0.971839
11   0.966983
12   0.962341
13   0.958096
14   0.954318
15   0.951124
16   0.948576
17   0.946739
18   0.945611
19   0.945173
20   0.945385
21   0.946164
22   0.947476
23   0.949215
24   0.951331
25   0.953696
26   0.95625
27   0.958871
28   0.961524
29   0.964123
30   0.966658
31   0.96908
32   0.971391
33   0.973571
34   0.97563
35   0.977563
36   0.979378
37   0.981077
38   0.982666
39   0.984148
40   0.985528
41   0.98681
42   0.987998
43   0.999682
44   0.999898
45   0.999704
46   0.998921
47   0.997277
48   0.994898
49   0.991408
50   0.987352
51   0.982073
52   0.977085
53   0.971309
54   0.966138
55   0.96072
56   0.955991
57   0.951522
58   0.947823
59   0.944722
60   0.942499
61   0.941031
62   0.940328
63   0.940444
64   0.941083
65   0.942514
66   0.944287
67   0.946709
68   0.949249
69   0.952216
70   0.955072
71   0.958139
72   0.960987
73   0.963886
74   0.966539
75   0.969143
76   0.971527
77   0.973815
78   0.975923
79   0.977919
80   0.979767
81   0.981501
82   0.983108
83   0.984604
84   0.985989
85   0.987269
86   0.998961
87   0.999495
88   0.99978
89   0.999467
90   0.998317
91   0.99628
92   0.993223
93   0.989323
94   0.984413
95   0.978923
96   0.972998
97   0.966968
98   0.960963
99   0.955308
100   0.950063
101   0.945581
102   0.941798
103   0.938893
104   0.936832
105   0.935604
106   0.93526
107   0.935679
108   0.936909
109   0.938783
110   0.941271
111   0.944151
112   0.947364
113   0.950676
114   0.954067
115   0.957383
116   0.960616
117   0.963677
118   0.966574
119   0.969279
120   0.971808
121   0.974163
122   0.976355
123   0.978392
124   0.980283
125   0.982036
126   0.983657
127   0.985155
128   0.986533
129   0.997652
130   0.998508
131   0.99928
132   0.999532
133   0.998975
134   0.997503
135   0.994931
136   0.991537
137   0.987029
138   0.981826
139   0.975644
140   0.969534
141   0.962619
142   0.956655
143   0.950086
144   0.945163
145   0.940166
146   0.936549
147   0.933523
148   0.931447
149   0.930454
150   0.930251
151   0.931242
152   0.932893
153   0.93552
154   0.938489
155   0.942119
156   0.945702
157   0.949621
158   0.953315
159   0.957069
160   0.960498
161   0.963818
162   0.966834
163   0.969685
164   0.97229
165   0.974724
166   0.976959
167   0.979032
168   0.98094
169   0.982698
170   0.984313
171   0.985795
172   0.995639
173   0.996647
174   0.997972
175   0.998848
176   0.999051
177   0.998265
178   0.996453
179   0.993661
180   0.989847
181   0.985175
182   0.979635
183   0.973578
184   0.967055
185   0.960452
186   0.953798
187   0.947416
188   0.941529
189   0.936273
190   0.93187
191   0.92849
192   0.926201
193   0.925275
194   0.925502
195   0.926891
196   0.929266
197   0.932317
198   0.936057
199   0.940107
200   0.944421
201   0.948746
202   0.952988
203   0.956998
204   0.960739
205   0.964205
206   0.967387
207   0.970323
208   0.97301
209   0.975486
210   0.977751
211   0.979834
212   0.981735
213   0.983478
214   0.985065
215   0.992924
216   0.994154
217   0.995853
218   0.99736
219   0.998284
220   0.998271
221   0.997205
222   0.995178
223   0.992089
224   0.988189
225   0.983349
226   0.977921
227   0.971838
228   0.965493
229   0.95873
230   0.952071
231   0.944938
232   0.939086
233   0.93253
234   0.928562
235   0.923866
236   0.922461
237   0.921023
238   0.921839
239   0.923583
240   0.926152
241   0.929996
242   0.934116
243   0.939016
244   0.943806
245   0.948746
246   0.953248
247   0.957551
248   0.961431
249   0.965028
250   0.968285
251   0.971272
252   0.973988
253   0.976468
254   0.978727
255   0.980783
256   0.982653
257   0.984352
258   0.989498
259   0.990575
260   0.99281
261   0.994884
262   0.996636
263   0.997401
264   0.997227
265   0.99597
266   0.993757
267   0.990619
268   0.986629
269   0.981929
270   0.976586
271   0.9708
272   0.9646
273   0.958212
274   0.95157
275   0.945133
276   0.938819
277   0.933131
278   0.92801
279   0.923767
280   0.920838
281   0.919078
282   0.919069
283   0.920584
284   0.923612
285   0.928021
286   0.933197
287   0.938665
288   0.944156
289   0.949386
290   0.954188
291   0.958627
292   0.962613
293   0.96626
294   0.969533
295   0.972521
296   0.975208
297   0.977657
298   0.979862
299   0.981866
300   0.983669
301   0.985539
302   0.986693
303   0.989069
304   0.99174
305   0.99418
306   0.995777
307   0.996396
308   0.995997
309   0.994561
310   0.992273
311   0.989067
312   0.985216
313   0.980642
314   0.975649
315   0.97015
316   0.964442
317   0.958443
318   0.952364
319   0.946282
320   0.940322
321   0.93452
322   0.929226
323   0.923823
324   0.920823
325   0.917275
326   0.91815
327   0.918722
328   0.923098
329   0.928166
330   0.933785
331   0.939904
332   0.945562
333   0.950977
334   0.955863
335   0.960297
336   0.964285
337   0.967871
338   0.971103
339   0.974011
340   0.976633
341   0.978993
342   0.981119
343   0.983033
344   0.98116
345   0.981705
346   0.984521
347   0.987633
348   0.990883
349   0.993281
350   0.994817
351   0.995204
352   0.994663
353   0.993127
354   0.990792
355   0.987704
356   0.983998
357   0.979778
358   0.975124
359   0.970164
360   0.964903
361   0.959476
362   0.953893
363   0.948285
364   0.942683
365   0.937266
366   0.931971
367   0.927426
368   0.923576
369   0.921055
370   0.920331
371   0.921108
372   0.924739
373   0.929825
374   0.935886
375   0.942226
376   0.948027
377   0.953456
378   0.95821
379   0.962548
380   0.966374
381   0.969847
382   0.972931
383   0.975722
384   0.978209
385   0.980457
386   0.982461
387   0.97677
388   0.977325
389   0.979588
390   0.983036
391   0.986907
392   0.990182
393   0.992525
394   0.993781
395   0.993988
396   0.993269
397   0.991653
398   0.989371
399   0.986404
400   0.983007
401   0.979124
402   0.974981
403   0.970502
404   0.965845
405   0.960971
406   0.955991
407   0.950928
408   0.945898
409   0.940994
410   0.936232
411   0.931989
412   0.928267
413   0.925247
414   0.924367
415   0.923926
416   0.928426
417   0.933307
418   0.939728
419   0.945831
420   0.951501
421   0.956534
422   0.961089
423   0.96513
424   0.968771
425   0.972016
426   0.974932
427   0.977539
428   0.979878
429   0.981973
430   0.972392
431   0.972329
432   0.974397
433   0.97754
434   0.982248
435   0.98633
436   0.989572
437   0.99162
438   0.992688
439   0.992674
440   0.991857
441   0.990243
442   0.988062
443   0.985354
444   0.982271
445   0.978859
446   0.975185
447   0.971288
448   0.96719
449   0.962945
450   0.958563
451   0.954143
452   0.949662
453   0.945264
454   0.941026
455   0.937145
456   0.933789
457   0.93145
458   0.930225
459   0.930726
460   0.934454
461   0.939263
462   0.944962
463   0.950611
464   0.955585
465   0.960205
466   0.964303
467   0.968031
468   0.971349
469   0.974349
470   0.977025
471   0.979438
472   0.981593
473   0.968198
474   0.967867
475   0.969214
476   0.972424
477   0.977242
478   0.982058
479   0.986082
480   0.98899
481   0.990791
482   0.991556
483   0.991382
484   0.990486
485   0.98892
486   0.986926
487   0.984491
488   0.981818
489   0.978845
490   0.975714
491   0.972357
492   0.968862
493   0.965206
494   0.961431
495   0.957585
496   0.953644
497   0.949822
498   0.946072
499   0.942811
500   0.939939
501   0.938121
502   0.937176
503   0.937888
504   0.94141
505   0.945602
506   0.950729
507   0.955423
508   0.959912
509   0.963945
510   0.967646
511   0.970972
512   0.973985
513   0.976696
514   0.97914
515   0.981338
516   0.964216
517   0.963252
518   0.964053
519   0.966422
520   0.971875
521   0.977285
522   0.982097
523   0.985774
524   0.988405
525   0.989854
526   0.990419
527   0.990109
528   0.989223
529   0.987789
530   0.986028
531   0.983946
532   0.981672
533   0.979185
534   0.976546
535   0.973733
536   0.970771
537   0.967657
538   0.964406
539   0.961046
540   0.95764
541   0.954274
542   0.951088
543   0.948219
544   0.945941
545   0.944396
546   0.944211
547   0.945402
548   0.9486
549   0.952393
550   0.956483
551   0.960463
552   0.964236
553   0.967742
554   0.970963
555   0.97391
556   0.97659
557   0.979025
558   0.98123
559   0.96058
560   0.959168
561   0.959213
562   0.961511
563   0.966492
564   0.972314
565   0.977767
566   0.982242
567   0.985599
568   0.987809
569   0.988987
570   0.989337
571   0.988976
572   0.988151
573   0.986899
574   0.985427
575   0.983696
576   0.981847
577   0.979803
578   0.977645
579   0.975309
580   0.972825
581   0.970185
582   0.967372
583   0.964488
584   0.96149
585   0.958627
586   0.955826
587   0.953532
588   0.951661
589   0.950885
590   0.951063
591   0.952655
592   0.95533
593   0.958446
594   0.96181
595   0.965114
596   0.968319
597   0.971325
598   0.974132
599   0.976723
600   0.979104
601   0.981282
602   0.95735
603   0.955354
604   0.954653
605   0.955696
606   0.960988
607   0.967038
608   0.973094
609   0.978278
610   0.98243
611   0.98533
612   0.987222
613   0.98813
614   0.988384
615   0.988033
616   0.987348
617   0.986334
618   0.985167
619   0.983806
620   0.982345
621   0.980718
622   0.97897
623   0.977037
624   0.97495
625   0.972666
626   0.970242
627   0.967673
628   0.965084
629   0.96251
630   0.960208
631   0.958226
632   0.957022
633   0.956519
634   0.957304
635   0.95887
636   0.96118
637   0.963775
638   0.96657
639   0.969344
640   0.97207
641   0.974655
642   0.977106
643   0.979382
644   0.981502
645   0.954623
646   0.952123
647   0.950714
648   0.951554
649   0.955688
650   0.961703
651   0.968198
652   0.974093
653   0.978966
654   0.98262
655   0.985139
656   0.986693
657   0.987443
658   0.987643
659   0.987381
660   0.986877
661   0.986124
662   0.985273
663   0.984254
664   0.983151
665   0.98188
666   0.980474
667   0.978879
668   0.977091
669   0.975127
670   0.972964
671   0.970732
672   0.968405
673   0.96625
674   0.96427
675   0.962842
676   0.961993
677   0.96202
678   0.962852
679   0.964321
680   0.966258
681   0.968452
682   0.970788
683   0.973151
684   0.975481
685   0.977731
686   0.979874
687   0.981893
688   0.952455
689   0.949514
690   0.947331
691   0.946706
692   0.950519
693   0.956044
694   0.963014
695   0.969577
696   0.975206
697   0.979574
698   0.982806
699   0.98494
700   0.986289
701   0.986938
702   0.987186
703   0.987063
704   0.986779
705   0.986299
706   0.985743
707   0.985034
708   0.984231
709   0.983245
710   0.982109
711   0.980746
712   0.979201
713   0.977426
714   0.97552
715   0.973473
716   0.971486
717   0.969578
718   0.968074
719   0.966959
720   0.966595
721   0.966797
722   0.967685
723   0.968973
724   0.970658
725   0.97251
726   0.97452
727   0.97654
728   0.978578
729   0.98054
730   0.982445
731   0.950871
732   0.947484
733   0.944804
734   0.943826
735   0.945734
736   0.95068
737   0.957725
738   0.964876
739   0.971213
740   0.976321
741   0.980219
742   0.983015
743   0.984885
744   0.986077
745   0.986725
746   0.987061
747   0.98712
748   0.987063
749   0.986842
750   0.98655
751   0.9861
752   0.985533
753   0.984771
754   0.983818
755   0.982646
756   0.981246
757   0.979668
758   0.977915
759   0.976138
760   0.974373
761   0.972852
762   0.971638
763   0.970933
764   0.970747
765   0.971094
766   0.971895
767   0.973062
768   0.974497
769   0.976116
770   0.977841
771   0.979621
772   0.9814
773   0.983148
774   0.949911
775   0.94621
776   0.942965
777   0.940927
778   0.941558
779   0.94463
780   0.952192
781   0.959972
782   0.966931
783   0.972769
784   0.977381
785   0.980809
786   0.983293
787   0.984962
788   0.986109
789   0.98681
790   0.98729
791   0.987543
792   0.987706
793   0.987715
794   0.987637
795   0.987384
796   0.986988
797   0.986364
798   0.985544
799   0.984466
800   0.9832
801   0.981719
802   0.980166
803   0.978549
804   0.977095
805   0.975811
806   0.974948
807   0.974437
808   0.974438
809   0.974792
810   0.975567
811   0.976584
812   0.977871
813   0.979276
814   0.980819
815   0.98238
816   0.98398
817   0.94957
818   0.945577
819   0.941854
820   0.939057
821   0.938044
822   0.940451
823   0.946933
824   0.954855
825   0.962423
826   0.96895
827   0.974274
828   0.978391
829   0.981453
830   0.983687
831   0.985261
832   0.986414
833   0.987222
834   0.987856
835   0.9883
836   0.988654
837   0.988848
838   0.988927
839   0.988814
840   0.988519
841   0.987992
842   0.987232
843   0.986246
844   0.985044
845   0.98371
846   0.982281
847   0.980907
848   0.979648
849   0.978656
850   0.977968
851   0.977657
852   0.977704
853   0.978101
854   0.978792
855   0.979736
856   0.980867
857   0.982146
858   0.983511
859   0.984924
860   0.949817
861   0.945708
862   0.941479
863   0.93789
864   0.935355
865   0.935201
866   0.94179
867   0.949749
868   0.957668
869   0.96486
870   0.970875
871   0.975678
872   0.979377
873   0.982143
874   0.984231
875   0.985774
876   0.986992
877   0.987925
878   0.988712
879   0.989321
880   0.989823
881   0.990149
882   0.990329
883   0.990289
884   0.99005
885   0.98955
886   0.988836
887   0.987876
888   0.986766
889   0.985509
890   0.984261
891   0.983033
892   0.982015
893   0.981182
894   0.980691
895   0.980462
896   0.980595
897   0.980971
898   0.981648
899   0.982496
900   0.983554
901   0.984697
902   0.985952
903   0.950572
904   0.946274
905   0.941748
906   0.937374
907   0.933711
908   0.933001
909   0.93725
910   0.944584
911   0.952756
912   0.960479
913   0.967196
914   0.972678
915   0.977007
916   0.980361
917   0.982924
918   0.984935
919   0.986502
920   0.987806
921   0.988863
922   0.989781
923   0.990515
924   0.991119
925   0.991524
926   0.991753
927   0.991746
928   0.991512
929   0.991034
930   0.990322
931   0.989419
932   0.988357
933   0.987233
934   0.986096
935   0.985064
936   0.98418
937   0.983533
938   0.983134
939   0.98302
940   0.983168
941   0.983576
942   0.984201
943   0.985021
944   0.98598
945   0.987045
946   0.951799
947   0.947587
948   0.942749
949   0.938008
950   0.933147
951   0.929898
952   0.933329
953   0.939468
954   0.947698
955   0.955924
956   0.963223
957   0.969393
958   0.974342
959   0.978273
960   0.981361
961   0.983803
962   0.985787
963   0.987408
964   0.988796
965   0.98996
966   0.99097
967   0.991789
968   0.992444
969   0.992882
970   0.993118
971   0.993101
972   0.992858
973   0.99236
974   0.991669
975   0.990783
976   0.98981
977   0.988762
978   0.987779
979   0.98686
980   0.986144
981   0.985595
982   0.985324
983   0.985256
984   0.98547
985   0.985868
986   0.986503
987   0.98726
988   0.988174
989   0.953385
990   0.94911
991   0.944289
992   0.939113
993   0.933909
994   0.930275
995   0.930264
996   0.934959
997   0.942752
998   0.951176
999   0.959044
1000   0.965782
1001   0.971361
1002   0.975865
1003   0.979463
1004   0.982382
1005   0.984746
1006   0.986745
1007   0.988416
1008   0.989881
1009   0.991116
1010   0.992187
1011   0.993045
1012   0.993717
1013   0.994154
1014   0.994367
1015   0.994331
1016   0.994057
1017   0.993562
1018   0.99287
1019   0.992044
1020   0.991123
1021   0.990196
1022   0.989306
1023   0.988537
1024   0.987916
1025   0.987501
1026   0.987292
1027   0.987315
1028   0.987547
1029   0.987985
1030   0.988586
1031   0.989324
1032   0.955308
1033   0.951277
1034   0.946425
1035   0.941303
1036   0.935671
1037   0.930882
1038   0.928982
1039   0.930186
1040   0.93786
1041   0.946521
1042   0.95464
1043   0.961982
1044   0.968081
1045   0.973163
1046   0.977259
1047   0.980634
1048   0.983413
1049   0.985754
1050   0.987756
1051   0.98948
1052   0.990983
1053   0.992267
1054   0.993355
1055   0.994223
1056   0.994878
1057   0.995288
1058   0.995466
1059   0.99539
1060   0.995098
1061   0.994585
1062   0.993925
1063   0.993128
1064   0.992298
1065   0.991444
1066   0.990683
1067   0.990003
1068   0.989514
1069   0.989173
1070   0.98907
1071   0.989134
1072   0.989429
1073   0.989861
1074   0.990467
1075   0.957456
1076   0.953527
1077   0.948962
1078   0.943846
1079   0.938275
1080   0.933007
1081   0.928992
1082   0.928924
1083   0.933899
1084   0.941833
1085   0.950198
1086   0.957899
1087   0.964552
1088   0.970125
1089   0.974717
1090   0.978546
1091   0.981719
1092   0.984437
1093   0.98674
1094   0.988767
1095   0.990505
1096   0.992038
1097   0.993328
1098   0.994419
1099   0.995265
1100   0.995891
1101   0.996264
1102   0.9964
1103   0.9963
1104   0.995983
1105   0.995486
1106   0.994841
1107   0.994114
1108   0.993342
1109   0.9926
1110   0.99192
1111   0.991367
1112   0.990957
1113   0.99073
1114   0.990683
1115   0.990828
1116   0.991136
1117   0.991592
1118   0.959788
1119   0.956221
1120   0.951854
1121   0.947123
1122   0.941608
1123   0.936256
1124   0.930893
1125   0.927327
1126   0.93119
1127   0.93775
1128   0.945921
1129   0.953955
1130   0.960902
1131   0.966952
1132   0.971941
1133   0.976195
1134   0.979748
1135   0.98281
1136   0.985436
1137   0.987732
1138   0.989736
1139   0.991489
1140   0.993005
1141   0.994292
1142   0.995349
1143   0.996166
1144   0.996744
1145   0.997075
1146   0.997174
1147   0.997042
1148   0.996722
1149   0.996228
1150   0.995631
1151   0.994946
1152   0.994266
1153   0.993595
1154   0.993032
1155   0.992559
1156   0.992265
1157   0.992106
1158   0.992151
1159   0.992326
1160   0.992676
1161   0.962186
1162   0.95881
1163   0.954864
1164   0.950362
1165   0.945262
1166   0.939815
1167   0.934354
1168   0.930422
1169   0.929937
1170   0.934786
1171   0.942236
1172   0.950079
1173   0.957292
1174   0.96361
1175   0.968971
1176   0.973589
1177   0.977491
1178   0.980897
1179   0.983814
1180   0.986402
1181   0.988642
1182   0.990641
1183   0.99236
1184   0.993865
1185   0.995112
1186   0.996138
1187   0.996907
1188   0.997444
1189   0.997735
1190   0.997801
1191   0.997658
1192   0.997334
1193   0.996873
1194   0.996308
1195   0.9957
1196   0.995082
1197   0.994518
1198   0.994033
1199   0.993675
1200   0.993454
1201   0.993395
1202   0.993482
1203   0.99371
1204   0.964617
1205   0.961617
1206   0.957961
1207   0.953959
1208   0.949197
1209   0.944254
1210   0.938807
1211   0.934187
1212   0.932064
1213   0.932658
1214   0.939321
1215   0.946992
1216   0.954
1217   0.960535
1218   0.966073
1219   0.970976
1220   0.975153
1221   0.978837
1222   0.982027
1223   0.984857
1224   0.987338
1225   0.989544
1226   0.991477
1227   0.99317
1228   0.994616
1229   0.995827
1230   0.996793
1231   0.997519
1232   0.998005
1233   0.998259
1234   0.9983
1235   0.998144
1236   0.997835
1237   0.997394
1238   0.996887
1239   0.996331
1240   0.995806
1241   0.995315
1242   0.994938
1243   0.994656
1244   0.994536
1245   0.994529
1246   0.994679
1247   0.966997
1248   0.964209
1249   0.960984
1250   0.957314
1251   0.953147
1252   0.948579
1253   0.943775
1254   0.939236
1255   0.935818
1256   0.935306
1257   0.938075
1258   0.944585
1259   0.95128
1260   0.957732
1261   0.963351
1262   0.968424
1263   0.972788
1264   0.976708
1265   0.980101
1266   0.983161
1267   0.985832
1268   0.988248
1269   0.990356
1270   0.992245
1271   0.993863
1272   0.995266
1273   0.99641
1274   0.99733
1275   0.998001
1276   0.998448
1277   0.99867
1278   0.998693
1279   0.998541
1280   0.998244
1281   0.997848
1282   0.997384
1283   0.996907
1284   0.996449
1285   0.99606
1286   0.995758
1287   0.995577
1288   0.995516
1289   0.995576
1290   0.969313
1291   0.966852
1292   0.963925
1293   0.960739
1294   0.957015
1295   0.953115
1296   0.948818
1297   0.944846
1298   0.941137
1299   0.938861
1300   0.940407
1301   0.944041
1302   0.949928
1303   0.955964
1304   0.961346
1305   0.966347
1306   0.970764
1307   0.97476
1308   0.978293
1309   0.981479
1310   0.984311
1311   0.986865
1312   0.989137
1313   0.991171
1314   0.992954
1315   0.994513
1316   0.995829
1317   0.996918
1318   0.997768
1319   0.998393
1320   0.998794
1321   0.998989
1322   0.998999
1323   0.998848
1324   0.998577
1325   0.998211
1326   0.997811
1327   0.997392
1328   0.997024
1329   0.996706
1330   0.996501
1331   0.996381
1332   0.996391
1333   0.97152
1334   0.969258
1335   0.9667
1336   0.963841
1337   0.960665
1338   0.957219
1339   0.953637
1340   0.950039
1341   0.946913
1342   0.944521
1343   0.944076
1344   0.946308
1345   0.950005
1346   0.955218
1347   0.960056
1348   0.964858
1349   0.969114
1350   0.973109
1351   0.976637
1352   0.979903
1353   0.982798
1354   0.985468
1355   0.987835
1356   0.990004
1357   0.991905
1358   0.993612
1359   0.995068
1360   0.99632
1361   0.997328
1362   0.998126
1363   0.998695
1364   0.999062
1365   0.999234
1366   0.999236
1367   0.999098
1368   0.998849
1369   0.998533
1370   0.998182
1371   0.997842
1372   0.99754
1373   0.997312
1374   0.997169
1375   0.997121
1376   0.973622
1377   0.971619
1378   0.969318
1379   0.966843
1380   0.964049
1381   0.961134
1382   0.958014
1383   0.955004
1384   0.952191
1385   0.950054
1386   0.949141
1387   0.949664
1388   0.952393
1389   0.95604
1390   0.960169
1391   0.964301
1392   0.96826
1393   0.971987
1394   0.975424
1395   0.978608
1396   0.981513
1397   0.984191
1398   0.986623
1399   0.988849
1400   0.990848
1401   0.992648
1402   0.994226
1403   0.995601
1404   0.996752
1405   0.997696
1406   0.99842
1407   0.998944
1408   0.99927
1409   0.99942
1410   0.999418
1411   0.999288
1412   0.999071
1413   0.998792
1414   0.998505
1415   0.998222
1416   0.998001
1417   0.997833
1418   0.99776
1419   0.9756
1420   0.973771
1421   0.971755
1422   0.969555
1423   0.967172
1424   0.964633
1425   0.962041
1426   0.959441
1427   0.957145
1428   0.955207
1429   0.954261
1430   0.954178
1431   0.955553
1432   0.958098
1433   0.961167
1434   0.964631
1435   0.968026
1436   0.971432
1437   0.974596
1438   0.97765
1439   0.98044
1440   0.983093
1441   0.985499
1442   0.987761
1443   0.98979
1444   0.991667
1445   0.993318
1446   0.994802
1447   0.99606
1448   0.997137
1449   0.997994
1450   0.998665
1451   0.999134
1452   0.99943
1453   0.999562
1454   0.999557
1455   0.999445
1456   0.999255
1457   0.999026
1458   0.998788
1459   0.998577
1460   0.998412
1461   0.998311
1462   0.977466
1463   0.975836
1464   0.974029
1465   0.972113
1466   0.970024
1467   0.967864
1468   0.965621
1469   0.963441
1470   0.961427
1471   0.959753
1472   0.958709
1473   0.95835
1474   0.959121
1475   0.960715
1476   0.963019
1477   0.965688
1478   0.968557
1479   0.971471
1480   0.974337
1481   0.977116
1482   0.979759
1483   0.982273
1484   0.984626
1485   0.986835
1486   0.988873
1487   0.990757
1488   0.992461
1489   0.993998
1490   0.995345
1491   0.996513
1492   0.997484
1493   0.998272
1494   0.99887
1495   0.999295
1496   0.999554
1497   0.999669
1498   0.999664
1499   0.999564
1500   0.999407
1501   0.999216
1502   0.999036
1503   0.998874
1504   0.998771
1505   0.979214
1506   0.977733
1507   0.976142
1508   0.974443
1509   0.972649
1510   0.970772
1511   0.968888
1512   0.967013
1513   0.965328
1514   0.963847
1515   0.962867
1516   0.962378
1517   0.962661
1518   0.963664
1519   0.965235
1520   0.967286
1521   0.96955
1522   0.972022
1523   0.974481
1524   0.976989
1525   0.979381
1526   0.981747
1527   0.983958
1528   0.986102
1529   0.988075
1530   0.989954
1531   0.991651
1532   0.993229
1533   0.994615
1534   0.99586
1535   0.996909
1536   0.9978
1537   0.998502
1538   0.999045
1539   0.999418
1540   0.99965
1541   0.99975
1542   0.999745
1543   0.999665
1544   0.999535
1545   0.99939
1546   0.999252
1547   0.999146
1548   0.980856
1549   0.97953
1550   0.978107
1551   0.976619
1552   0.975045
1553   0.973435
1554   0.971803
1555   0.970215
1556   0.968745
1557   0.967468
1558   0.966538
1559   0.966003
1560   0.966046
1561   0.966614
1562   0.967713
1563   0.969205
1564   0.971003
1565   0.972996
1566   0.975101
1567   0.977262
1568   0.979419
1569   0.981553
1570   0.983621
1571   0.985623
1572   0.987523
1573   0.989327
1574   0.991004
1575   0.992562
1576   0.993971
1577   0.995242
1578   0.99635
1579   0.997305
1580   0.998091
1581   0.998724
1582   0.999196
1583   0.999527
1584   0.999724
1585   0.99981
1586   0.999808
1587   0.99974
1588   0.999641
1589   0.999529
1590   0.999437
1591   0.982392
1592   0.981194
1593   0.979935
1594   0.978617
1595   0.977254
1596   0.975854
1597   0.974466
1598   0.973097
1599   0.97185
1600   0.970731
1601   0.969893
1602   0.969343
1603   0.969218
1604   0.969516
1605   0.970223
1606   0.971315
1607   0.972669
1608   0.974284
1609   0.976006
1610   0.977871
1611   0.979736
1612   0.981664
1613   0.983525
1614   0.985395
1615   0.987159
1616   0.98889
1617   0.990489
1618   0.992021
1619   0.993403
1620   0.994689
1621   0.995812
1622   0.996817
1623   0.997654
1624   0.998361
1625   0.998909
1626   0.999328
1627   0.99961
1628   0.999782
1629   0.999856
1630   0.999855
1631   0.999805
1632   0.999731
1633   0.999655
1634   0.98383
1635   0.982756
1636   0.981632
1637   0.980473
1638   0.979276
1639   0.978067
1640   0.976861
1641   0.975692
1642   0.974606
1643   0.973643
1644   0.97288
1645   0.972353
1646   0.972145
1647   0.972261
1648   0.972722
1649   0.973491
1650   0.974532
1651   0.975793
1652   0.977219
1653   0.978771
1654   0.980396
1655   0.982073
1656   0.983757
1657   0.985439
1658   0.987081
1659   0.988681
1660   0.990206
1661   0.991657
1662   0.993006
1663   0.994255
1664   0.995381
1665   0.99639
1666   0.997261
1667   0.998005
1668   0.998611
1669   0.999091
1670   0.999443
1671   0.999686
1672   0.999828
1673   0.99989
1674   0.999891
1675   0.999854
1676   0.999804
1677   0.985172
1678   0.984207
1679   0.98321
1680   0.982184
1681   0.981141
1682   0.980086
1683   0.979051
1684   0.978039
1685   0.977111
1686   0.976268
1687   0.975593
1688   0.975093
1689   0.974841
1690   0.974846
1691   0.975119
1692   0.975668
1693   0.976436
1694   0.977438
1695   0.978578
1696   0.979887
1697   0.981254
1698   0.982729
1699   0.984199
1700   0.985726
1701   0.9872
1702   0.988689
1703   0.990091
1704   0.991471
1705   0.99274
1706   0.993954
1707   0.995039
1708   0.996045
1709   0.996912
1710   0.997682
1711   0.998313
1712   0.998841
1713   0.999242
1714   0.999544
1715   0.999744
1716   0.999863
1717   0.999915
1718   0.999919
1719   0.999896
1720   0.986425
1721   0.985561
1722   0.984672
1723   0.983766
1724   0.982848
1725   0.981931
1726   0.981029
1727   0.980159
1728   0.979349
1729   0.978624
1730   0.978022
1731   0.977569
1732   0.977305
1733   0.977246
1734   0.977409
1735   0.977793
1736   0.978382
1737   0.979161
1738   0.980098
1739   0.981172
1740   0.982346
1741   0.983604
1742   0.984906
1743   0.986246
1744   0.987586
1745   0.988922
1746   0.990222
1747   0.991485
1748   0.992683
1749   0.993816
1750   0.994861
1751   0.99582
1752   0.996676
1753   0.997432
1754   0.998076
1755   0.998618
1756   0.999052
1757   0.99939
1758   0.999633
1759   0.999797
1760   0.999891
1761   0.999934
1762   0.99994
1763   0.987591
1764   0.986817
1765   0.986027
1766   0.985225
1767   0.98442
1768   0.983616
1769   0.982836
1770   0.982078
1771   0.981383
1772   0.980749
1773   0.980225
1774   0.979813
1775   0.979558
1776   0.979467
1777   0.979554
1778   0.979832
1779   0.980274
1780   0.980902
1781   0.981652
1782   0.982559
1783   0.983538
1784   0.984634
1785   0.985752
1786   0.986949
1787   0.988125
1788   0.989342
1789   0.990505
1790   0.991675
1791   0.992764
1792   0.993831
1793   0.994797
1794   0.995716
1795   0.996523
1796   0.997265
1797   0.99789
1798   0.99844
1799   0.998879
1800   0.999242
1801   0.99951
1802   0.999709
1803   0.999837
1804   0.999913
1805   0.999947
1806   0.988675
1807   0.987983
1808   0.987279
1809   0.986569
1810   0.985858
1811   0.985155
1812   0.98447
1813   0.983815
1814   0.983207
1815   0.982662
1816   0.982202
1817   0.981844
1818   0.981609
1819   0.981511
1820   0.981563
1821   0.981768
1822   0.982124
1823   0.982625
1824   0.983256
1825   0.984006
1826   0.984851
1827   0.98578
1828   0.986767
1829   0.987801
1830   0.988857
1831   0.989926
1832   0.990985
1833   0.992027
1834   0.993032
1835   0.993994
1836   0.994898
1837   0.995739
1838   0.996505
1839   0.997196
1840   0.997802
1841   0.998327
1842   0.998766
1843   0.999127
1844   0.999409
1845   0.999623
1846   0.999774
1847   0.999873
1848   0.999931
