##### Y Variance #####
0   0.999903
1   0.999863
2   0.999282
3   0.997934
4   0.995601
5   0.992157
6   0.987477
7   0.981649
8   0.974782
9   0.967491
10   0.959904
11   0.952472
12   0.945282
13   0.93863
14   0.932639
15   0.92751
16   0.923368
17   0.920333
18   0.918422
19   0.917604
20   0.917834
21   0.918968
22   0.920972
23   0.923662
24   0.926968
25   0.930663
26   0.934657
27   0.938733
28   0.942845
29   0.946845
30   0.950724
31   0.9544
32   0.957887
33   0.961153
34   0.964222
35   0.967088
36   0.96977
37   0.972272
38   0.974606
39   0.97678
40   0.978802
41   0.980678
42   0.982416
43   0.999434
44   0.999809
45   0.999703
46   0.99885
47   0.996875
48   0.993834
49   0.989143
50   0.983478
51   0.97576
52   0.968443
53   0.959686
54   0.951815
55   0.943391
56   0.935936
57   0.92881
58   0.922784
59   0.9177
60   0.913944
61   0.911438
62   0.910087
63   0.910137
64   0.910947
65   0.913141
66   0.91582
67   0.919652
68   0.923591
69   0.928295
70   0.932724
71   0.937542
72   0.941925
73   0.946419
74   0.950452
75   0.954425
76   0.958004
77   0.961444
78   0.964579
79   0.967548
80   0.970279
81   0.972839
82   0.975206
83   0.977406
84   0.979439
85   0.981319
86   0.998302
87   0.999075
88   0.999618
89   0.999455
90   0.998258
91   0.995876
92   0.992023
93   0.986855
94   0.979967
95   0.972
96   0.963153
97   0.953932
98   0.944565
99   0.935582
100   0.927109
101   0.919763
102   0.913455
103   0.908498
104   0.90488
105   0.902583
106   0.901748
107   0.90215
108   0.903922
109   0.906765
110   0.910658
111   0.915188
112   0.920278
113   0.925507
114   0.930861
115   0.936063
116   0.941115
117   0.945855
118   0.950313
119   0.954441
120   0.958278
121   0.961825
122   0.965111
123   0.968152
124   0.970964
125   0.973564
126   0.97596
127   0.978171
128   0.980201
129   0.996329
130   0.997478
131   0.998635
132   0.999242
133   0.998936
134   0.997473
135   0.994545
136   0.990359
137   0.984422
138   0.977137
139   0.968093
140   0.958882
141   0.948071
142   0.938634
143   0.927889
144   0.91979
145   0.91137
146   0.905098
147   0.899753
148   0.895873
149   0.893871
150   0.893094
151   0.894419
152   0.896814
153   0.900947
154   0.905584
155   0.911419
156   0.917096
157   0.923396
158   0.929248
159   0.935229
160   0.940604
161   0.945807
162   0.950466
163   0.954859
164   0.958829
165   0.962525
166   0.965895
167   0.96901
168   0.971861
169   0.97448
170   0.976878
171   0.979072
172   0.993389
173   0.994631
174   0.996431
175   0.997807
176   0.998546
177   0.998129
178   0.99645
179   0.993407
180   0.988783
181   0.98268
182   0.974954
183   0.966107
184   0.956174
185   0.945784
186   0.934992
187   0.924351
188   0.914327
189   0.905152
190   0.89728
191   0.891057
192   0.886657
193   0.884602
194   0.884523
195   0.886421
196   0.890047
197   0.894831
198   0.900834
199   0.907371
200   0.914374
201   0.921382
202   0.928237
203   0.934669
204   0.94062
205   0.946087
206   0.951061
207   0.955616
208   0.95975
209   0.963537
210   0.966975
211   0.970122
212   0.972976
213   0.975583
214   0.977944
215   0.989531
216   0.990951
217   0.993076
218   0.995174
219   0.996805
220   0.997462
221   0.996943
222   0.995172
223   0.991914
224   0.987275
225   0.98103
226   0.973486
227   0.96461
228   0.954855
229   0.944066
230   0.933034
231   0.920809
232   0.910615
233   0.898832
234   0.891551
235   0.882732
236   0.87979
237   0.876741
238   0.877507
239   0.87999
240   0.883856
241   0.890076
242   0.896736
243   0.904838
244   0.912698
245   0.920845
246   0.928171
247   0.935153
248   0.941368
249   0.947094
250   0.952221
251   0.956889
252   0.961095
253   0.964909
254   0.968356
255   0.971472
256   0.97429
257   0.976834
258   0.984792
259   0.98589
260   0.988505
261   0.991115
262   0.993705
263   0.995326
264   0.996065
265   0.99551
266   0.993717
267   0.990525
268   0.985882
269   0.979877
270   0.972507
271   0.964035
272   0.954453
273   0.944146
274   0.932975
275   0.921818
276   0.910552
277   0.900125
278   0.890498
279   0.882263
280   0.876351
281   0.872478
282   0.871712
283   0.873724
284   0.878468
285   0.885717
286   0.894352
287   0.903491
288   0.912665
289   0.921356
290   0.929261
291   0.936515
292   0.942951
293   0.948796
294   0.953977
295   0.958673
296   0.962851
297   0.966632
298   0.970002
299   0.973048
300   0.975763
301   0.979434
302   0.980507
303   0.983087
304   0.986254
305   0.989488
306   0.992079
307   0.99381
308   0.994475
309   0.993925
310   0.992174
311   0.989023
312   0.984637
313   0.978874
314   0.972013
315   0.963968
316   0.955079
317   0.945326
318   0.934952
319   0.924254
320   0.913385
321   0.90252
322   0.892342
323   0.881693
324   0.875591
325   0.86827
326   0.86917
327   0.869452
328   0.876671
329   0.885181
330   0.894615
331   0.904993
332   0.914492
333   0.923559
334   0.931649
335   0.938926
336   0.945398
337   0.951158
338   0.956297
339   0.960872
340   0.964959
341   0.9686
342   0.971853
343   0.974754
344   0.973613
345   0.973897
346   0.976794
347   0.980216
348   0.98424
349   0.987592
350   0.990406
351   0.992067
352   0.992802
353   0.992276
354   0.990612
355   0.987695
356   0.983585
357   0.978345
358   0.972
359   0.964734
360   0.956503
361   0.947559
362   0.937923
363   0.927875
364   0.917495
365   0.907187
366   0.896851
367   0.887779
368   0.87991
369   0.874423
370   0.872266
371   0.872871
372   0.878721
373   0.88728
374   0.897596
375   0.908422
376   0.918234
377   0.927363
378   0.935245
379   0.942382
380   0.948589
381   0.954174
382   0.959069
383   0.963461
384   0.967326
385   0.97079
386   0.973844
387   0.967796
388   0.967968
389   0.970155
390   0.973828
391   0.978288
392   0.982488
393   0.98607
394   0.988746
395   0.990431
396   0.991087
397   0.990605
398   0.989084
399   0.986404
400   0.982744
401   0.978007
402   0.972392
403   0.965832
404   0.958473
405   0.950364
406   0.941624
407   0.932427
408   0.922949
409   0.91349
410   0.904043
411   0.895443
412   0.88771
413   0.881172
414   0.878731
415   0.877001
416   0.884562
417   0.892769
418   0.9038
419   0.914219
420   0.923827
421   0.932257
422   0.93981
423   0.94643
424   0.952331
425   0.957527
426   0.962145
427   0.966226
428   0.96985
429   0.97306
430   0.962047
431   0.961407
432   0.963315
433   0.966533
434   0.971697
435   0.976509
436   0.980976
437   0.984417
438   0.987118
439   0.988682
440   0.989367
441   0.988961
442   0.987643
443   0.985332
444   0.982131
445   0.978046
446   0.973107
447   0.967377
448   0.960861
449   0.953699
450   0.945914
451   0.937752
452   0.929188
453   0.920555
454   0.912044
455   0.904085
456   0.896996
457   0.891783
458   0.888638
459   0.888711
460   0.894795
461   0.902887
462   0.912588
463   0.922199
464   0.930545
465   0.938249
466   0.944986
467   0.951064
468   0.9564
469   0.961177
470   0.965381
471   0.969137
472   0.972447
473   0.956602
474   0.955617
475   0.95664
476   0.959815
477   0.964897
478   0.970331
479   0.975387
480   0.979656
481   0.983056
482   0.98553
483   0.987045
484   0.987694
485   0.987412
486   0.986352
487   0.984418
488   0.981763
489   0.978286
490   0.974102
491   0.969161
492   0.963541
493   0.957303
494   0.950482
495   0.943277
496   0.935618
497   0.928019
498   0.92039
499   0.913587
500   0.907415
501   0.903189
502   0.900569
503   0.901013
504   0.906747
505   0.913687
506   0.922366
507   0.930227
508   0.937711
509   0.944355
510   0.950396
511   0.955757
512   0.960565
513   0.964836
514   0.968646
515   0.972036
516   0.951501
517   0.949721
518   0.950146
519   0.952362
520   0.957914
521   0.9637
522   0.969426
523   0.974285
524   0.978486
525   0.981617
526   0.984004
527   0.985419
528   0.986142
529   0.986034
530   0.985282
531   0.983793
532   0.981661
533   0.978831
534   0.975338
535   0.971177
536   0.966368
537   0.960971
538   0.95501
539   0.948613
540   0.941911
541   0.935138
542   0.928564
543   0.922501
544   0.917475
545   0.91379
546   0.912611
547   0.914004
548   0.919124
549   0.925351
550   0.932118
551   0.938687
552   0.944869
553   0.95057
554   0.95575
555   0.960447
556   0.964666
557   0.968466
558   0.971864
559   0.946917
560   0.94466
561   0.944186
562   0.94622
563   0.951146
564   0.957217
565   0.963332
566   0.968853
567   0.973593
568   0.977442
569   0.980406
570   0.982596
571   0.984005
572   0.984802
573   0.984917
574   0.984503
575   0.983443
576   0.981846
577   0.9796
578   0.976766
579   0.973298
580   0.969206
581   0.964564
582   0.959324
583   0.953763
584   0.947796
585   0.941963
586   0.936123
587   0.931171
588   0.926943
589   0.924737
590   0.924276
591   0.926442
592   0.930619
593   0.935611
594   0.941065
595   0.946407
596   0.951572
597   0.956375
598   0.960827
599   0.964894
600   0.968597
601   0.971953
602   0.9429
603   0.939939
604   0.938701
605   0.939411
606   0.944504
607   0.950583
608   0.957148
609   0.96313
610   0.968527
611   0.97289
612   0.97653
613   0.979249
614   0.981385
615   0.982806
616   0.983766
617   0.984138
618   0.984071
619   0.983444
620   0.982325
621   0.980613
622   0.978339
623   0.975444
624   0.971959
625   0.967881
626   0.963308
627   0.958303
628   0.953101
629   0.947823
630   0.942953
631   0.938628
632   0.935693
633   0.934041
634   0.934757
635   0.936923
636   0.940457
637   0.944523
638   0.948952
639   0.95335
640   0.957656
641   0.961719
642   0.96554
643   0.969065
644   0.972319
645   0.939562
646   0.936106
647   0.93405
648   0.934467
649   0.938327
650   0.944281
651   0.951037
652   0.957554
653   0.963412
654   0.968384
655   0.972474
656   0.975795
657   0.978393
658   0.980464
659   0.981979
660   0.983113
661   0.983756
662   0.984028
663   0.983787
664   0.983096
665   0.981834
666   0.980018
667   0.977607
668   0.974578
669   0.971028
670   0.966913
671   0.96253
672   0.957836
673   0.953374
674   0.949152
675   0.945907
676   0.943689
677   0.943074
678   0.943934
679   0.945965
680   0.948853
681   0.952212
682   0.955832
683   0.9595
684   0.963113
685   0.966588
686   0.969879
687   0.972961
688   0.936938
689   0.932959
690   0.930138
691   0.929065
692   0.932533
693   0.937869
694   0.944947
695   0.951869
696   0.9583
697   0.963739
698   0.968404
699   0.972145
700   0.975305
701   0.977797
702   0.979916
703   0.981555
704   0.982899
705   0.983814
706   0.98439
707   0.984488
708   0.984139
709   0.983226
710   0.981766
711   0.979682
712   0.977034
713   0.973801
714   0.970153
715   0.966134
716   0.962103
717   0.958149
718   0.954864
719   0.95226
720   0.951002
721   0.950775
722   0.951789
723   0.953536
724   0.955999
725   0.95877
726   0.961819
727   0.964894
728   0.967997
729   0.970979
730   0.973865
731   0.935059
732   0.930667
733   0.927262
734   0.925787
735   0.927367
736   0.932088
737   0.93905
738   0.946393
739   0.95326
740   0.959254
741   0.964342
742   0.968608
743   0.972133
744   0.97513
745   0.977619
746   0.979802
747   0.981599
748   0.983148
749   0.984304
750   0.985142
751   0.985503
752   0.985415
753   0.984763
754   0.983541
755   0.981731
756   0.979318
757   0.976434
758   0.973087
759   0.969594
760   0.966025
761   0.962838
762   0.960154
763   0.958368
764   0.957504
765   0.957597
766   0.958506
767   0.960072
768   0.96212
769   0.964494
770   0.967059
771   0.969721
772   0.972389
773   0.97501
774   0.933937
775   0.929185
776   0.925231
777   0.922662
778   0.922999
779   0.925879
780   0.933208
781   0.940938
782   0.948259
783   0.954724
784   0.960349
785   0.965022
786   0.969036
787   0.972371
788   0.975327
789   0.977851
790   0.980149
791   0.982113
792   0.983846
793   0.985209
794   0.986234
795   0.986784
796   0.986862
797   0.986359
798   0.9853
799   0.983624
800   0.981436
801   0.978743
802   0.975788
803   0.972636
804   0.969688
805   0.967
806   0.965021
807   0.963658
808   0.96319
809   0.963355
810   0.964258
811   0.965596
812   0.967404
813   0.969426
814   0.971685
815   0.973986
816   0.976356
817   0.933564
818   0.928565
819   0.924092
820   0.920784
821   0.919484
822   0.92166
823   0.927864
824   0.935639
825   0.943331
826   0.950308
827   0.956387
828   0.961574
829   0.965948
830   0.969728
831   0.972979
832   0.975924
833   0.978526
834   0.980944
835   0.983051
836   0.984936
837   0.986435
838   0.987587
839   0.988239
840   0.988401
841   0.987987
842   0.986998
843   0.98546
844   0.9834
845   0.980988
846   0.978303
847   0.975636
848   0.973105
849   0.971005
850   0.969411
851   0.968466
852   0.96814
853   0.968424
854   0.969221
855   0.970457
856   0.972021
857   0.973839
858   0.975811
859   0.977873
860   0.933885
861   0.928749
862   0.923809
863   0.91969
864   0.916937
865   0.91665
866   0.922862
867   0.930528
868   0.93845
869   0.945863
870   0.952457
871   0.958089
872   0.962937
873   0.967053
874   0.97071
875   0.973929
876   0.976916
877   0.979615
878   0.982134
879   0.984361
880   0.986329
881   0.987911
882   0.989099
883   0.989781
884   0.989952
885   0.989541
886   0.988597
887   0.987106
888   0.985219
889   0.98298
890   0.980656
891   0.97831
892   0.976263
893   0.974512
894   0.973324
895   0.972582
896   0.972453
897   0.972743
898   0.973544
899   0.974645
900   0.9761
901   0.977709
902   0.97951
903   0.93482
904   0.929552
905   0.924298
906   0.919443
907   0.91555
908   0.914667
909   0.918618
910   0.925647
911   0.933657
912   0.941459
913   0.94852
914   0.954656
915   0.959902
916   0.96445
917   0.968398
918   0.971983
919   0.97521
920   0.978256
921   0.981025
922   0.983624
923   0.985902
924   0.987909
925   0.989491
926   0.990664
927   0.991311
928   0.991441
929   0.99102
930   0.990072
931   0.988677
932   0.986899
933   0.984922
934   0.982845
935   0.980887
936   0.979139
937   0.977764
938   0.976792
939   0.976293
940   0.976234
941   0.976612
942   0.977356
943   0.978428
944   0.979741
945   0.981236
946   0.936309
947   0.93112
948   0.925599
949   0.920355
950   0.915325
951   0.912009
952   0.915132
953   0.920957
954   0.928946
955   0.937072
956   0.944569
957   0.95117
958   0.956872
959   0.961785
960   0.966116
961   0.969965
962   0.973518
963   0.976783
964   0.979861
965   0.982691
966   0.985301
967   0.987596
968   0.989559
969   0.991098
970   0.992185
971   0.992754
972   0.992812
973   0.992335
974   0.991406
975   0.990052
976   0.988443
977   0.986635
978   0.98486
979   0.98315
980   0.981736
981   0.980581
982   0.979869
983   0.979493
984   0.979577
985   0.979969
986   0.980751
987   0.981746
988   0.983001
989   0.938238
990   0.933046
991   0.927529
992   0.921892
993   0.916472
994   0.91274
995   0.9126
996   0.917032
997   0.92451
998   0.932744
999   0.940621
1000   0.947645
1001   0.953761
1002   0.959089
1003   0.963728
1004   0.96792
1005   0.971696
1006   0.97525
1007   0.978519
1008   0.981626
1009   0.984446
1010   0.987045
1011   0.989277
1012   0.991173
1013   0.992606
1014   0.993591
1015   0.994058
1016   0.994031
1017   0.993527
1018   0.992595
1019   0.991343
1020   0.989848
1021   0.988271
1022   0.986696
1023   0.985277
1024   0.984069
1025   0.983177
1026   0.982611
1027   0.982417
1028   0.982562
1029   0.983044
1030   0.983798
1031   0.98478
1032   0.940562
1033   0.935616
1034   0.930106
1035   0.924496
1036   0.918666
1037   0.913796
1038   0.911851
1039   0.912979
1040   0.920283
1041   0.928628
1042   0.936663
1043   0.944106
1044   0.950602
1045   0.956305
1046   0.961296
1047   0.965758
1048   0.969825
1049   0.973577
1050   0.977096
1051   0.980378
1052   0.983443
1053   0.986242
1054   0.988751
1055   0.990906
1056   0.992669
1057   0.993984
1058   0.994833
1059   0.99519
1060   0.995086
1061   0.994536
1062   0.993643
1063   0.992449
1064   0.991118
1065   0.989692
1066   0.988358
1067   0.987125
1068   0.986166
1069   0.985435
1070   0.985072
1071   0.984976
1072   0.985248
1073   0.985747
1074   0.986529
1075   0.943169
1076   0.938379
1077   0.933141
1078   0.927558
1079   0.921744
1080   0.916402
1081   0.912424
1082   0.912301
1083   0.917028
1084   0.924652
1085   0.932805
1086   0.9405
1087   0.947368
1088   0.953422
1089   0.958716
1090   0.963489
1091   0.967774
1092   0.971782
1093   0.975466
1094   0.978971
1095   0.982193
1096   0.98522
1097   0.987921
1098   0.990342
1099   0.99236
1100   0.993997
1101   0.995168
1102   0.995894
1103   0.996151
1104   0.995979
1105   0.995427
1106   0.994556
1107   0.993475
1108   0.992256
1109   0.991029
1110   0.989859
1111   0.988856
1112   0.988059
1113   0.987539
1114   0.987296
1115   0.987353
1116   0.987673
1117   0.98823
1118   0.945999
1119   0.941576
1120   0.936565
1121   0.931335
1122   0.925577
1123   0.920113
1124   0.914851
1125   0.911414
1126   0.915044
1127   0.921317
1128   0.929233
1129   0.937129
1130   0.944187
1131   0.950546
1132   0.956107
1133   0.961126
1134   0.965657
1135   0.969846
1136   0.97374
1137   0.977391
1138   0.980806
1139   0.983982
1140   0.986891
1141   0.989503
1142   0.991772
1143   0.993663
1144   0.995137
1145   0.996175
1146   0.996773
1147   0.996939
1148   0.996722
1149   0.996157
1150   0.995347
1151   0.994339
1152   0.993274
1153   0.992182
1154   0.991215
1155   0.990367
1156   0.989777
1157   0.98939
1158   0.989314
1159   0.989446
1160   0.98985
1161   0.948937
1162   0.944755
1163   0.940154
1164   0.935166
1165   0.929774
1166   0.924216
1167   0.918805
1168   0.914972
1169   0.914498
1170   0.91913
1171   0.926292
1172   0.933952
1173   0.941144
1174   0.947666
1175   0.953435
1176   0.958686
1177   0.963396
1178   0.967797
1179   0.971829
1180   0.975663
1181   0.979199
1182   0.982553
1183   0.985603
1184   0.988418
1185   0.990877
1186   0.99302
1187   0.994748
1188   0.996089
1189   0.996991
1190   0.997488
1191   0.997586
1192   0.997334
1193   0.996795
1194   0.99603
1195   0.995139
1196   0.994183
1197   0.993269
1198   0.992445
1199   0.991795
1200   0.991343
1201   0.991132
1202   0.991146
1203   0.991378
1204   0.951935
1205   0.948142
1206   0.943857
1207   0.939341
1208   0.934278
1209   0.929161
1210   0.923744
1211   0.919217
1212   0.917168
1213   0.917786
1214   0.924162
1215   0.931573
1216   0.93851
1217   0.945121
1218   0.950964
1219   0.956347
1220   0.961208
1221   0.965731
1222   0.969913
1223   0.973849
1224   0.977528
1225   0.980986
1226   0.98419
1227   0.987141
1228   0.989789
1229   0.992122
1230   0.99409
1231   0.995681
1232   0.996868
1233   0.997657
1234   0.998057
1235   0.998097
1236   0.997833
1237   0.997309
1238   0.99662
1239   0.99581
1240   0.994999
1241   0.99421
1242   0.993567
1243   0.993053
1244   0.992774
1245   0.992663
1246   0.992791
1247   0.954909
1248   0.951377
1249   0.94752
1250   0.943347
1251   0.938829
1252   0.934063
1253   0.929205
1254   0.924724
1255   0.921412
1256   0.920937
1257   0.923635
1258   0.929917
1259   0.936472
1260   0.94293
1261   0.948734
1262   0.954179
1263   0.959082
1264   0.963717
1265   0.967958
1266   0.972008
1267   0.975749
1268   0.979326
1269   0.982613
1270   0.985709
1271   0.988486
1272   0.991007
1273   0.993163
1274   0.994995
1275   0.996428
1276   0.997497
1277   0.998177
1278   0.998506
1279   0.99851
1280   0.998239
1281   0.997761
1282   0.997131
1283   0.996438
1284   0.995736
1285   0.995109
1286   0.994594
1287   0.994247
1288   0.994074
1289   0.994083
1290   0.957836
1291   0.954653
1292   0.95112
1293   0.947414
1294   0.943326
1295   0.939167
1296   0.93477
1297   0.930775
1298   0.927161
1299   0.924988
1300   0.926485
1301   0.930034
1302   0.935776
1303   0.941755
1304   0.947261
1305   0.952528
1306   0.957385
1307   0.961967
1308   0.966236
1309   0.970281
1310   0.974079
1311   0.977682
1312   0.981053
1313   0.984214
1314   0.987113
1315   0.989756
1316   0.992085
1317   0.9941
1318   0.995758
1319   0.997064
1320   0.998001
1321   0.998592
1322   0.998855
1323   0.998829
1324   0.99857
1325   0.998123
1326   0.997577
1327   0.996969
1328   0.996404
1329   0.995893
1330   0.995533
1331   0.995293
1332   0.99524
1333   0.960668
1334   0.957731
1335   0.954574
1336   0.951209
1337   0.947635
1338   0.943905
1339   0.940148
1340   0.936485
1341   0.933361
1342   0.931038
1343   0.930624
1344   0.932807
1345   0.936449
1346   0.9416
1347   0.946506
1348   0.951503
1349   0.956099
1350   0.960584
1351   0.964728
1352   0.968751
1353   0.972492
1354   0.976116
1355   0.979481
1356   0.982706
1357   0.985655
1358   0.988411
1359   0.990853
1360   0.993039
1361   0.994873
1362   0.9964
1363   0.997564
1364   0.998403
1365   0.99891
1366   0.999126
1367   0.999086
1368   0.998839
1369   0.998449
1370   0.997969
1371   0.997475
1372   0.997013
1373   0.996643
1374   0.996386
1375   0.996263
1376   0.963397
1377   0.960749
1378   0.95788
1379   0.954898
1380   0.951702
1381   0.948465
1382   0.945135
1383   0.941991
1384   0.939134
1385   0.936998
1386   0.936102
1387   0.936639
1388   0.939316
1389   0.942943
1390   0.94712
1391   0.951407
1392   0.955643
1393   0.959774
1394   0.963742
1395   0.967575
1396   0.971236
1397   0.97476
1398   0.978107
1399   0.981299
1400   0.984285
1401   0.987075
1402   0.989612
1403   0.991899
1404   0.993886
1405   0.995579
1406   0.996943
1407   0.997994
1408   0.998723
1409   0.999162
1410   0.999334
1411   0.999281
1412   0.999059
1413   0.998711
1414   0.998318
1415   0.997908
1416   0.997567
1417   0.997291
1418   0.997146
1419   0.966004
1420   0.963575
1421   0.96101
1422   0.958321
1423   0.955523
1424   0.952649
1425   0.9498
1426   0.947027
1427   0.944617
1428   0.942636
1429   0.941655
1430   0.941581
1431   0.942939
1432   0.945485
1433   0.948602
1434   0.952198
1435   0.955818
1436   0.959569
1437   0.963179
1438   0.966803
1439   0.970249
1440   0.973664
1441   0.976887
1442   0.980041
1443   0.982976
1444   0.985791
1445   0.98835
1446   0.990725
1447   0.992805
1448   0.994644
1449   0.996163
1450   0.997404
1451   0.998329
1452   0.998978
1453   0.999352
1454   0.999494
1455   0.999441
1456   0.999242
1457   0.998955
1458   0.998629
1459   0.998322
1460   0.998066
1461   0.997894
1462   0.968489
1463   0.966295
1464   0.963972
1465   0.961579
1466   0.959082
1467   0.956571
1468   0.954053
1469   0.951659
1470   0.949498
1471   0.947728
1472   0.946627
1473   0.946246
1474   0.946995
1475   0.948596
1476   0.950945
1477   0.953727
1478   0.95679
1479   0.959994
1480   0.963249
1481   0.966517
1482   0.969742
1483   0.972927
1484   0.97602
1485   0.979032
1486   0.98191
1487   0.98466
1488   0.987225
1489   0.98961
1490   0.991761
1491   0.993681
1492   0.995326
1493   0.996708
1494   0.9978
1495   0.998625
1496   0.999181
1497   0.999503
1498   0.999615
1499   0.999562
1500   0.999395
1501   0.999154
1502   0.998907
1503   0.998672
1504   0.998507
1505   0.970846
1506   0.968845
1507   0.966763
1508   0.964612
1509   0.962412
1510   0.960185
1511   0.958003
1512   0.955895
1513   0.954022
1514   0.952416
1515   0.95134
1516   0.950805
1517   0.951053
1518   0.952059
1519   0.953666
1520   0.955818
1521   0.958244
1522   0.960969
1523   0.963755
1524   0.966695
1525   0.96959
1526   0.972556
1527   0.97542
1528   0.978297
1529   0.981028
1530   0.983713
1531   0.986207
1532   0.988593
1533   0.990744
1534   0.992728
1535   0.994443
1536   0.995943
1537   0.997162
1538   0.998142
1539   0.998856
1540   0.999344
1541   0.999614
1542   0.999708
1543   0.999663
1544   0.999524
1545   0.999341
1546   0.999153
1547   0.998996
1548   0.973078
1549   0.97127
1550   0.96939
1551   0.967471
1552   0.965508
1553   0.963548
1554   0.961616
1555   0.959775
1556   0.958102
1557   0.95667
1558   0.955623
1559   0.955012
1560   0.955007
1561   0.955564
1562   0.95669
1563   0.958262
1564   0.960201
1565   0.962407
1566   0.9648
1567   0.967331
1568   0.969934
1569   0.972592
1570   0.975249
1571   0.977901
1572   0.980495
1573   0.983029
1574   0.985449
1575   0.987756
1576   0.989896
1577   0.991871
1578   0.993633
1579   0.995189
1580   0.996505
1581   0.997594
1582   0.998439
1583   0.999065
1584   0.999474
1585   0.999703
1586   0.999778
1587   0.999739
1588   0.999633
1589   0.999492
1590   0.999366
1591   0.975185
1592   0.973544
1593   0.971859
1594   0.970137
1595   0.9684
1596   0.966662
1597   0.964971
1598   0.963345
1599   0.961877
1600   0.960587
1601   0.959609
1602   0.958967
1603   0.958775
1604   0.959052
1605   0.959769
1606   0.96093
1607   0.962397
1608   0.964199
1609   0.966163
1610   0.968356
1611   0.970604
1612   0.973
1613   0.975376
1614   0.977834
1615   0.980215
1616   0.982616
1617   0.984889
1618   0.987122
1619   0.98918
1620   0.991139
1621   0.992886
1622   0.994482
1623   0.995842
1624   0.997018
1625   0.997956
1626   0.998698
1627   0.999226
1628   0.999579
1629   0.999767
1630   0.999831
1631   0.999804
1632   0.999725
1633   0.999631
1634   0.97717
1635   0.97569
1636   0.974173
1637   0.972636
1638   0.971087
1639   0.969552
1640   0.968053
1641   0.966625
1642   0.965317
1643   0.96417
1644   0.963258
1645   0.962622
1646   0.962338
1647   0.962417
1648   0.962881
1649   0.963698
1650   0.964836
1651   0.966253
1652   0.967893
1653   0.969725
1654   0.971691
1655   0.973774
1656   0.97592
1657   0.978119
1658   0.98032
1659   0.982518
1660   0.984662
1661   0.986749
1662   0.988729
1663   0.990602
1664   0.992323
1665   0.993893
1666   0.995277
1667   0.996483
1668   0.997487
1669   0.998304
1670   0.998925
1671   0.999376
1672   0.999663
1673   0.999819
1674   0.999871
1675   0.999853
1676   0.999801
1677   0.979034
1678   0.977699
1679   0.97634
1680   0.974965
1681   0.973592
1682   0.972229
1683   0.970911
1684   0.969648
1685   0.968496
1686   0.967469
1687   0.966637
1688   0.966023
1689   0.965683
1690   0.965645
1691   0.965906
1692   0.966494
1693   0.967338
1694   0.968478
1695   0.969796
1696   0.971355
1697   0.973013
1698   0.974852
1699   0.976722
1700   0.978715
1701   0.980681
1702   0.982714
1703   0.984667
1704   0.986632
1705   0.988472
1706   0.990269
1707   0.991902
1708   0.993444
1709   0.994796
1710   0.996019
1711   0.997041
1712   0.997913
1713   0.998593
1714   0.999123
1715   0.999489
1716   0.99973
1717   0.999856
1718   0.999901
1719   0.999894
1720   0.980782
1721   0.979581
1722   0.978362
1723   0.977136
1724   0.975913
1725   0.974708
1726   0.97354
1727   0.972429
1728   0.971406
1729   0.970497
1730   0.969741
1731   0.969168
1732   0.968816
1733   0.968706
1734   0.968853
1735   0.969261
1736   0.969917
1737   0.97081
1738   0.971907
1739   0.973194
1740   0.974629
1741   0.976201
1742   0.977864
1743   0.979611
1744   0.981394
1745   0.983209
1746   0.985011
1747   0.986795
1748   0.988518
1749   0.990177
1750   0.991733
1751   0.993184
1752   0.994499
1753   0.995681
1754   0.996706
1755   0.997582
1756   0.998298
1757   0.998869
1758   0.999294
1759   0.999595
1760   0.999783
1761   0.999886
1762   0.999923
1763   0.982415
1764   0.981337
1765   0.980247
1766   0.979153
1767   0.978068
1768   0.976999
1769   0.97597
1770   0.974988
1771   0.974089
1772   0.973281
1773   0.972606
1774   0.97208
1775   0.971734
1776   0.971592
1777   0.971655
1778   0.971954
1779   0.972447
1780   0.973177
1781   0.974062
1782   0.975162
1783   0.976364
1784   0.977744
1785   0.979174
1786   0.980738
1787   0.982301
1788   0.983952
1789   0.985556
1790   0.9872
1791   0.988755
1792   0.990305
1793   0.99173
1794   0.993107
1795   0.994333
1796   0.995477
1797   0.996457
1798   0.997331
1799   0.998043
1800   0.998641
1801   0.999093
1802   0.999441
1803   0.999674
1804   0.999826
1805   0.999906
1806   0.983938
1807   0.982972
1808   0.981997
1809   0.981023
1810   0.980058
1811   0.979112
1812   0.978201
1813   0.977339
1814   0.976544
1815   0.975836
1816   0.975236
1817   0.974767
1818   0.974448
1819   0.974298
1820   0.974327
1821   0.974545
1822   0.974949
1823   0.975536
1824   0.976291
1825   0.977206
1826   0.978256
1827   0.97943
1828   0.9807
1829   0.982053
1830   0.98346
1831   0.984907
1832   0.986366
1833   0.987824
1834   0.989253
1835   0.990643
1836   0.991966
1837   0.993216
1838   0.994371
1839   0.995425
1840   0.996364
1841   0.997188
1842   0.997889
1843   0.998473
1844   0.99894
1845   0.999301
1846   0.999565
1847   0.999747
1848   0.99986
