##### Y Variance #####
0   0.999965
1   0.999863
2   0.999367
3   0.998345
4   0.996689
5   0.99438
6   0.9914
7   0.987858
8   0.983844
9   0.979675
10   0.975434
11   0.971347
12   0.967465
13   0.963939
14   0.96082
15   0.958204
16   0.956131
17   0.954651
18   0.953756
19   0.95343
20   0.953636
21   0.954308
22   0.955411
23   0.956865
24   0.958623
25   0.960589
26   0.962711
27   0.964895
28   0.96711
29   0.96929
30   0.971422
31   0.973467
32   0.975426
33   0.977281
34   0.979038
35   0.980692
36   0.982248
37   0.983707
38   0.985073
39   0.986348
40   0.987536
41   0.988641
42   0.989664
43   0.999754
44   0.999924
45   0.999705
46   0.998943
47   0.997402
48   0.995225
49   0.992099
50   0.988528
51   0.983984
52   0.979694
53   0.974808
54   0.970444
55   0.965922
56   0.962008
57   0.958331
58   0.955327
59   0.952817
60   0.951051
61   0.949892
62   0.949383
63   0.949517
64   0.950104
65   0.951306
66   0.952806
67   0.954806
68   0.956927
69   0.959373
70   0.961757
71   0.964298
72   0.966686
73   0.969107
74   0.971346
75   0.97354
76   0.975566
77   0.977509
78   0.97931
79   0.981015
80   0.9826
81   0.984086
82   0.985467
83   0.986752
84   0.987944
85   0.989046
86   0.999157
87   0.999619
88   0.999827
89   0.99947
90   0.998336
91   0.996405
92   0.99359
93   0.990073
94   0.985759
95   0.981013
96   0.975963
97   0.970887
98   0.965886
99   0.961225
100   0.956944
101   0.953317
102   0.950286
103   0.947993
104   0.946395
105   0.945486
106   0.945289
107   0.945713
108   0.946781
109   0.948364
110   0.950432
111   0.952817
112   0.955466
113   0.958203
114   0.961005
115   0.963755
116   0.966444
117   0.969001
118   0.97143
119   0.973709
120   0.975848
121   0.977846
122   0.979711
123   0.981449
124   0.983065
125   0.984565
126   0.985954
127   0.987239
128   0.988423
129   0.998047
130   0.998814
131   0.999471
132   0.999617
133   0.998985
134   0.997513
135   0.99505
136   0.991895
137   0.987818
138   0.983241
139   0.977918
140   0.972734
141   0.966985
142   0.962057
143   0.956736
144   0.952758
145   0.948786
146   0.945958
147   0.943623
148   0.942088
149   0.941398
150   0.941369
151   0.942259
152   0.943689
153   0.945865
154   0.948333
155   0.951301
156   0.954256
157   0.957461
158   0.960508
159   0.963595
160   0.966441
161   0.969196
162   0.971721
163   0.974111
164   0.976308
165   0.978364
166   0.980261
167   0.982023
168   0.983649
169   0.985151
170   0.986532
171   0.987802
172   0.996313
173   0.99725
174   0.998432
175   0.999158
176   0.9992
177   0.998305
178   0.996454
179   0.993739
180   0.990169
181   0.985927
182   0.981041
183   0.975817
184   0.970312
185   0.964837
186   0.959417
187   0.954304
188   0.949653
189   0.945567
190   0.942202
191   0.939675
192   0.938022
193   0.937438
194   0.937762
195   0.938999
196   0.940999
197   0.943529
198   0.94659
199   0.949894
200   0.953402
201   0.956923
202   0.960383
203   0.963668
204   0.966747
205   0.969613
206   0.97226
207   0.974712
208   0.976967
209   0.979052
210   0.980967
211   0.982732
212   0.984349
213   0.985834
214   0.98719
215   0.993942
216   0.995115
217   0.996685
218   0.998015
219   0.998727
220   0.998513
221   0.997283
222   0.99518
223   0.992141
224   0.988462
225   0.984041
226   0.979243
227   0.973991
228   0.968661
229   0.963095
230   0.957738
231   0.952122
232   0.947566
233   0.942575
234   0.939599
235   0.936146
236   0.935204
237   0.934266
238   0.935091
239   0.936616
240   0.938797
241   0.94193
242   0.94529
243   0.949232
244   0.953103
245   0.957081
246   0.960738
247   0.964238
248   0.96742
249   0.97038
250   0.973079
251   0.975563
252   0.977835
253   0.979917
254   0.981821
255   0.983561
256   0.985149
257   0.986595
258   0.990912
259   0.991982
260   0.994103
261   0.996016
262   0.997517
263   0.998025
264   0.997577
265   0.99611
266   0.99377
267   0.990646
268   0.986849
269   0.982535
270   0.977793
271   0.972803
272   0.967606
273   0.962382
274   0.957085
275   0.952052
276   0.947216
277   0.942941
278   0.939169
279   0.936121
280   0.934094
281   0.932979
282   0.933204
283   0.934581
284   0.937103
285   0.940665
286   0.944807
287   0.949175
288   0.953563
289   0.957757
290   0.96163
291   0.965227
292   0.96848
293   0.971472
294   0.974174
295   0.976652
296   0.978895
297   0.980947
298   0.982804
299   0.984498
300   0.986029
301   0.987374
302   0.988552
303   0.990868
304   0.993391
305   0.995592
306   0.996892
307   0.997177
308   0.996458
309   0.994756
310   0.992304
311   0.989078
312   0.985382
313   0.981158
314   0.976716
315   0.971969
316   0.967201
317   0.962314
318   0.957508
319   0.952796
320   0.948297
321   0.943999
322   0.940165
323   0.936325
324   0.934273
325   0.93187
326   0.932754
327   0.933435
328   0.936966
329   0.94101
330   0.945487
331   0.950331
332   0.954839
333   0.959162
334   0.963091
335   0.966675
336   0.969921
337   0.972857
338   0.975521
339   0.977931
340   0.980117
341   0.982094
342   0.983885
343   0.985504
344   0.983431
345   0.984055
346   0.986848
347   0.989867
348   0.992885
349   0.994998
350   0.99615
351   0.996156
352   0.99523
353   0.99339
354   0.990851
355   0.987705
356   0.984113
357   0.980191
358   0.976032
359   0.97175
360   0.967365
361   0.962976
362   0.958593
363   0.954302
364   0.950118
365   0.946158
366   0.942366
367   0.939179
368   0.936543
369   0.934923
370   0.934647
371   0.935496
372   0.938472
373   0.94253
374   0.94732
375   0.952319
376   0.956921
377   0.961244
378   0.965063
379   0.968566
380   0.971681
381   0.974523
382   0.977067
383   0.97938
384   0.981457
385   0.983342
386   0.985034
387   0.979472
388   0.980143
389   0.98243
390   0.985812
391   0.989507
392   0.992506
393   0.994477
394   0.995308
395   0.995071
396   0.993938
397   0.99198
398   0.989464
399   0.986405
400   0.983077
401   0.97944
402   0.975726
403   0.971856
404   0.967993
405   0.964073
406   0.960205
407   0.956367
408   0.952658
409   0.949112
410   0.945749
411   0.942811
412   0.940297
413   0.938336
414   0.937947
415   0.93791
416   0.941511
417   0.945408
418   0.950453
419   0.955267
420   0.959761
421   0.963779
422   0.967439
423   0.97071
424   0.973676
425   0.976339
426   0.978747
427   0.980915
428   0.982872
429   0.984634
430   0.975508
431   0.97562
432   0.977738
433   0.98086
434   0.985432
435   0.989297
436   0.992174
437   0.993804
438   0.994382
439   0.993894
440   0.992625
441   0.990645
442   0.988198
443   0.985364
444   0.982307
445   0.979083
446   0.975775
447   0.972414
448   0.969025
449   0.965639
450   0.962263
451   0.958952
452   0.955685
453   0.952548
454   0.949588
455   0.946932
456   0.944699
457   0.943233
458   0.9426
459   0.943248
460   0.946283
461   0.95012
462   0.954624
463   0.95909
464   0.963057
465   0.966758
466   0.970067
467   0.973094
468   0.975811
469   0.978281
470   0.980501
471   0.982513
472   0.984323
473   0.971693
474   0.97156
475   0.973007
476   0.976228
477   0.98097
478   0.985602
479   0.989319
480   0.99182
481   0.993141
482   0.993393
483   0.992712
484   0.991349
485   0.989394
486   0.987113
487   0.984519
488   0.98183
489   0.978996
490   0.976167
491   0.97327
492   0.970398
493   0.967502
494   0.964627
495   0.961778
496   0.958942
497   0.956248
498   0.95366
499   0.951464
500   0.949588
501   0.948502
502   0.948074
503   0.948878
504   0.95175
505   0.955126
506   0.959194
507   0.962943
508   0.966538
509   0.969792
510   0.972795
511   0.975513
512   0.977992
513   0.980236
514   0.982273
515   0.984116
516   0.968049
517   0.967332
518   0.968249
519   0.970666
520   0.976091
521   0.981392
522   0.985932
523   0.989256
524   0.991417
525   0.992362
526   0.99238
527   0.99155
528   0.990178
529   0.988341
530   0.98627
531   0.984001
532   0.981673
533   0.979277
534   0.976881
535   0.974459
536   0.972037
537   0.969596
538   0.967146
539   0.964688
540   0.962264
541   0.959917
542   0.957748
543   0.955841
544   0.954394
545   0.9535
546   0.953624
547   0.954765
548   0.957394
549   0.960464
550   0.963756
551   0.966963
552   0.970018
553   0.972868
554   0.975505
555   0.977929
556   0.980151
557   0.982179
558   0.984027
559   0.964699
560   0.963544
561   0.963748
562   0.966128
563   0.971129
564   0.976877
565   0.982135
566   0.986299
567   0.989242
568   0.990961
569   0.991604
570   0.991401
571   0.990506
572   0.98919
573   0.987522
574   0.985726
575   0.983784
576   0.981848
577   0.979853
578   0.977886
579   0.975877
580   0.973863
581   0.971813
582   0.969719
583   0.967632
584   0.96552
585   0.963548
586   0.961659
587   0.960168
588   0.95901
589   0.958671
590   0.959049
591   0.960475
592   0.962705
593   0.965262
594   0.968004
595   0.9707
596   0.97332
597   0.975789
598   0.978106
599   0.980256
600   0.982243
601   0.984069
602   0.961708
603   0.960005
604   0.959467
605   0.960614
606   0.965969
607   0.972013
608   0.977918
609   0.982866
610   0.986646
611   0.989109
612   0.990477
613   0.990842
614   0.99053
615   0.989643
616   0.98846
617   0.987023
618   0.985519
619   0.983929
620   0.982355
621   0.980742
622   0.97914
623   0.977486
624   0.975808
625   0.974054
626   0.972267
627   0.970424
628   0.968617
629   0.966854
630   0.965325
631   0.964051
632   0.963372
633   0.96322
634   0.96403
635   0.965421
636   0.967368
637   0.969524
638   0.971833
639   0.974121
640   0.976376
641   0.97852
642   0.980562
643   0.982465
644   0.984247
645   0.959165
646   0.956956
647   0.955744
648   0.956714
649   0.960933
650   0.96697
651   0.973389
652   0.9791
653   0.983681
654   0.986941
655   0.988989
656   0.990014
657   0.990208
658   0.989845
659   0.989046
660   0.988045
661   0.986866
662   0.98567
663   0.984409
664   0.983173
665   0.98189
666   0.980597
667   0.979237
668   0.977812
669   0.976318
670   0.974736
671   0.973146
672   0.971529
673   0.970067
674   0.968763
675   0.967883
676   0.967449
677   0.967673
678   0.968499
679   0.969803
680   0.971457
681   0.973304
682   0.975257
683   0.97723
684   0.979177
685   0.981062
686   0.982862
687   0.984563
688   0.957136
689   0.954509
690   0.952521
691   0.952034
692   0.955954
693   0.961538
694   0.968478
695   0.974936
696   0.980327
697   0.984376
698   0.987179
699   0.988832
700   0.989637
701   0.989731
702   0.989415
703   0.988759
704   0.987981
705   0.987076
706   0.986172
707   0.985213
708   0.984265
709   0.983249
710   0.982201
711   0.981047
712   0.979826
713   0.978483
714   0.977097
715   0.975641
716   0.974267
717   0.972974
718   0.972006
719   0.97134
720   0.971248
721   0.971581
722   0.972434
723   0.973585
724   0.97504
725   0.976618
726   0.978318
727   0.980022
728   0.981741
729   0.983399
730   0.985011
731   0.95564
732   0.952558
733   0.950099
734   0.949273
735   0.951283
736   0.956299
737   0.963372
738   0.970468
739   0.976649
740   0.981492
741   0.985035
742   0.98739
743   0.988763
744   0.989413
745   0.989506
746   0.989285
747   0.988818
748   0.988273
749   0.987633
750   0.986994
751   0.986294
752   0.985574
753   0.984772
754   0.983893
755   0.982907
756   0.981805
757   0.980616
758   0.979339
759   0.978076
760   0.976853
761   0.975834
762   0.975062
763   0.974684
764   0.974703
765   0.975128
766   0.975898
767   0.976946
768   0.978199
769   0.979592
770   0.981067
771   0.982583
772   0.984096
773   0.985583
774   0.95473
775   0.951346
776   0.948317
777   0.946442
778   0.947164
779   0.950296
780   0.957931
781   0.965728
782   0.972581
783   0.978233
784   0.982542
785   0.985598
786   0.987623
787   0.988792
788   0.989393
789   0.989544
790   0.989475
791   0.98921
792   0.988897
793   0.988493
794   0.988077
795   0.987576
796   0.987032
797   0.986365
798   0.985612
799   0.984708
800   0.983715
801   0.982595
802   0.981462
803   0.980306
804   0.979301
805   0.978439
806   0.977913
807   0.977658
808   0.977801
809   0.978213
810   0.97895
811   0.979872
812   0.981004
813   0.982224
814   0.983553
815   0.984893
816   0.986262
817   0.954397
818   0.950709
819   0.947214
820   0.944573
821   0.943649
822   0.946127
823   0.952695
824   0.960664
825   0.968196
826   0.97459
827   0.97969
828   0.983487
829   0.986155
830   0.987925
831   0.988994
832   0.989607
833   0.989873
834   0.989967
835   0.989908
836   0.989796
837   0.989593
838   0.989345
839   0.988996
840   0.988559
841   0.987993
842   0.987298
843   0.986474
844   0.985528
845   0.984515
846   0.983463
847   0.982478
848   0.981601
849   0.980942
850   0.980527
851   0.980408
852   0.980567
853   0.980998
854   0.981658
855   0.982514
856   0.983517
857   0.984634
858   0.985817
859   0.987036
860   0.954622
861   0.950823
862   0.946811
863   0.943383
864   0.940916
865   0.940803
866   0.947508
867   0.955557
868   0.963477
869   0.970605
870   0.976446
871   0.981002
872   0.984356
873   0.986717
874   0.988332
875   0.98937
876   0.990054
877   0.990454
878   0.990718
879   0.990836
880   0.990894
881   0.990837
882   0.99071
883   0.990448
884   0.990082
885   0.989552
886   0.988904
887   0.988101
888   0.987224
889   0.986261
890   0.985336
891   0.984445
892   0.983735
893   0.983178
894   0.982897
895   0.982823
896   0.983035
897   0.983436
898   0.984076
899   0.984848
900   0.985788
901   0.986791
902   0.987882
903   0.955322
904   0.951317
905   0.947011
906   0.942784
907   0.939193
908   0.938537
909   0.942876
910   0.950304
911   0.958526
912   0.966227
913   0.972842
914   0.978128
915   0.982181
916   0.985177
917   0.987323
918   0.98886
919   0.989926
920   0.990705
921   0.991244
922   0.991654
923   0.99192
924   0.992098
925   0.992147
926   0.992087
927   0.991882
928   0.991535
929   0.991037
930   0.990395
931   0.989639
932   0.988791
933   0.987923
934   0.987068
935   0.986315
936   0.985691
937   0.985263
938   0.985036
939   0.985037
940   0.985247
941   0.985665
942   0.986254
943   0.986998
944   0.987851
945   0.988787
946   0.956468
947   0.952553
948   0.947921
949   0.943333
950   0.938525
951   0.935298
952   0.938822
953   0.945057
954   0.95336
955   0.961617
956   0.968858
957   0.974899
958   0.979621
959   0.983258
960   0.985972
961   0.987989
962   0.9895
963   0.990625
964   0.991502
965   0.992164
966   0.99269
967   0.993062
968   0.993321
969   0.993426
970   0.993403
971   0.993207
972   0.992873
973   0.992367
974   0.991747
975   0.991001
976   0.990219
977   0.989399
978   0.988654
979   0.987973
980   0.987468
981   0.9871
982   0.986961
983   0.986986
984   0.987239
985   0.987639
986   0.988229
987   0.988915
988   0.989727
989   0.95795
990   0.953953
991   0.949342
992   0.944307
993   0.939169
994   0.935566
995   0.935595
996   0.940369
997   0.948259
998   0.956739
999   0.964606
1000   0.971258
1001   0.976674
1002   0.980931
1003   0.984215
1004   0.986751
1005   0.98869
1006   0.990219
1007   0.991408
1008   0.992376
1009   0.993133
1010   0.993743
1011   0.994185
1012   0.994487
1013   0.994623
1014   0.994603
1015   0.994414
1016   0.994065
1017   0.993572
1018   0.992953
1019   0.992255
1020   0.991506
1021   0.990775
1022   0.990091
1023   0.989518
1024   0.989073
1025   0.988801
1026   0.988699
1027   0.988787
1028   0.989045
1029   0.989469
1030   0.990024
1031   0.990689
1032   0.959751
1033   0.955997
1034   0.951344
1035   0.94637
1036   0.940799
1037   0.936036
1038   0.934149
1039   0.935376
1040   0.943163
1041   0.951919
1042   0.960064
1043   0.967375
1044   0.973354
1045   0.978249
1046   0.982075
1047   0.985122
1048   0.987513
1049   0.989428
1050   0.990973
1051   0.992227
1052   0.993257
1053   0.994084
1054   0.994744
1055   0.995223
1056   0.995543
1057   0.99568
1058   0.995656
1059   0.99545
1060   0.995101
1061   0.9946
1062   0.994011
1063   0.993333
1064   0.992654
1065   0.991973
1066   0.991384
1067   0.99087
1068   0.990522
1069   0.990298
1070   0.990273
1071   0.990385
1072   0.990686
1073   0.991097
1074   0.991651
1075   0.961761
1076   0.958091
1077   0.953729
1078   0.948755
1079   0.943258
1080   0.938012
1081   0.933987
1082   0.933936
1083   0.938986
1084   0.947014
1085   0.955442
1086   0.963144
1087   0.969732
1088   0.97516
1089   0.979539
1090   0.983083
1091   0.985921
1092   0.98825
1093   0.990137
1094   0.991717
1095   0.993007
1096   0.99409
1097   0.994954
1098   0.995644
1099   0.996138
1100   0.996459
1101   0.996592
1102   0.996551
1103   0.996343
1104   0.995984
1105   0.995504
1106   0.994928
1107   0.994308
1108   0.993671
1109   0.993075
1110   0.992543
1111   0.992124
1112   0.991831
1113   0.991692
1114   0.991704
1115   0.991874
1116   0.992179
1117   0.992603
1118   0.963941
1119   0.960632
1120   0.956459
1121   0.95188
1122   0.946438
1123   0.94112
1124   0.935727
1125   0.932124
1126   0.936056
1127   0.942702
1128   0.95095
1129   0.959024
1130   0.965938
1131   0.971893
1132   0.976709
1133   0.980732
1134   0.98399
1135   0.986711
1136   0.988955
1137   0.990843
1138   0.99242
1139   0.993745
1140   0.994841
1141   0.995729
1142   0.996421
1143   0.996915
1144   0.997224
1145   0.997343
1146   0.997292
1147   0.997072
1148   0.996723
1149   0.996251
1150   0.995718
1151   0.995131
1152   0.994567
1153   0.994024
1154   0.993582
1155   0.993221
1156   0.993016
1157   0.992925
1158   0.993006
1159   0.993195
1160   0.993527
1161   0.966175
1162   0.963042
1163   0.959294
1164   0.954939
1165   0.949927
1166   0.944514
1167   0.939038
1168   0.935076
1169   0.934587
1170   0.939502
1171   0.947038
1172   0.954935
1173   0.962153
1174   0.968408
1175   0.973646
1176   0.978073
1177   0.98173
1178   0.984836
1179   0.987416
1180   0.989628
1181   0.991478
1182   0.993068
1183   0.994386
1184   0.995497
1185   0.996379
1186   0.997069
1187   0.997551
1188   0.997847
1189   0.997955
1190   0.997892
1191   0.997679
1192   0.997334
1193   0.996898
1194   0.996393
1195   0.995871
1196   0.995356
1197   0.994898
1198   0.994514
1199   0.994244
1200   0.994093
1201   0.994078
1202   0.994188
1203   0.994414
1204   0.968435
1205   0.965673
1206   0.962207
1207   0.95836
1208   0.953689
1209   0.948799
1210   0.943342
1211   0.938694
1212   0.936549
1213   0.937135
1214   0.943884
1215   0.951632
1216   0.95866
1217   0.965171
1218   0.970615
1219   0.975373
1220   0.979344
1221   0.982773
1222   0.985664
1223   0.988159
1224   0.99028
1225   0.992109
1226   0.993658
1227   0.994973
1228   0.996058
1229   0.996932
1230   0.997598
1231   0.998065
1232   0.998341
1233   0.998436
1234   0.998371
1235   0.998157
1236   0.997836
1237   0.997421
1238   0.99697
1239   0.996491
1240   0.996052
1241   0.995651
1242   0.995354
1243   0.995142
1244   0.99507
1245   0.995093
1246   0.995249
1247   0.970634
1248   0.968071
1249   0.965036
1250   0.961518
1251   0.957456
1252   0.952948
1253   0.94816
1254   0.943603
1255   0.940153
1256   0.93963
1257   0.942419
1258   0.948997
1259   0.955733
1260   0.96218
1261   0.967742
1262   0.972703
1263   0.976903
1264   0.980606
1265   0.983743
1266   0.986505
1267   0.988853
1268   0.990919
1269   0.992672
1270   0.994198
1271   0.995468
1272   0.996535
1273   0.997376
1274   0.998023
1275   0.998466
1276   0.998728
1277   0.998815
1278   0.998747
1279   0.99855
1280   0.998246
1281   0.997875
1282   0.997462
1283   0.997052
1284   0.996667
1285   0.996349
1286   0.996112
1287   0.995981
1288   0.995953
1289   0.996028
1290   0.972766
1291   0.970523
1292   0.967778
1293   0.964748
1294   0.961133
1295   0.957311
1296   0.953044
1297   0.949078
1298   0.945341
1299   0.943033
1300   0.944594
1301   0.948252
1302   0.954181
1303   0.960232
1304   0.965575
1305   0.970495
1306   0.974778
1307   0.978597
1308   0.981907
1309   0.984833
1310   0.987373
1311   0.989612
1312   0.991552
1313   0.993248
1314   0.994696
1315   0.995929
1316   0.996942
1317   0.997754
1318   0.998363
1319   0.998785
1320   0.999026
1321   0.999104
1322   0.99904
1323   0.998852
1324   0.99858
1325   0.99824
1326   0.997884
1327   0.997523
1328   0.997214
1329   0.996954
1330   0.996795
1331   0.996712
1332   0.99674
1333   0.974785
1334   0.972726
1335   0.970347
1336   0.967641
1337   0.964584
1338   0.961223
1339   0.957693
1340   0.954114
1341   0.950987
1342   0.948573
1343   0.948119
1344   0.950364
1345   0.954076
1346   0.959306
1347   0.964122
1348   0.968863
1349   0.973017
1350   0.976862
1351   0.980204
1352   0.983242
1353   0.98588
1354   0.988264
1355   0.99033
1356   0.992181
1357   0.993768
1358   0.99516
1359   0.99632
1360   0.997293
1361   0.998054
1362   0.998635
1363   0.999027
1364   0.999254
1365   0.999327
1366   0.999267
1367   0.999101
1368   0.998853
1369   0.99856
1370   0.998248
1371   0.997955
1372   0.997701
1373   0.997517
1374   0.997408
1375   0.997382
1376   0.976697
1377   0.974887
1378   0.972757
1379   0.970435
1380   0.967762
1381   0.964943
1382   0.961885
1383   0.958915
1384   0.956115
1385   0.953977
1386   0.953057
1387   0.953575
1388   0.956318
1389   0.95997
1390   0.964083
1391   0.968167
1392   0.972041
1393   0.975645
1394   0.978921
1395   0.981908
1396   0.984586
1397   0.987008
1398   0.989164
1399   0.991099
1400   0.992802
1401   0.994305
1402   0.995596
1403   0.996698
1404   0.9976
1405   0.99832
1406   0.998855
1407   0.999222
1408   0.999428
1409   0.999494
1410   0.999441
1411   0.999289
1412   0.999076
1413   0.998818
1414   0.998563
1415   0.998319
1416   0.998135
1417   0.997999
1418   0.997948
1419   0.978486
1420   0.976836
1421   0.974986
1422   0.972931
1423   0.970674
1424   0.968234
1425   0.96572
1426   0.96317
1427   0.960908
1428   0.958982
1429   0.958045
1430   0.957958
1431   0.959337
1432   0.961881
1433   0.964934
1434   0.968357
1435   0.971682
1436   0.974983
1437   0.978011
1438   0.980893
1439   0.983485
1440   0.985908
1441   0.988068
1442   0.990061
1443   0.991819
1444   0.993414
1445   0.994794
1446   0.99601
1447   0.997024
1448   0.997873
1449   0.998533
1450   0.999034
1451   0.999368
1452   0.99956
1453   0.999622
1454   0.999575
1455   0.999446
1456   0.999259
1457   0.999049
1458   0.998837
1459   0.998656
1460   0.998519
1461   0.998439
1462   0.980164
1463   0.978703
1464   0.977052
1465   0.975278
1466   0.973312
1467   0.971256
1468   0.969096
1469   0.966979
1470   0.965009
1471   0.963362
1472   0.962334
1473   0.961981
1474   0.962757
1475   0.964348
1476   0.966637
1477   0.96927
1478   0.972079
1479   0.974904
1480   0.977652
1481   0.980283
1482   0.982751
1483   0.985062
1484   0.987191
1485   0.989159
1486   0.990945
1487   0.99257
1488   0.994015
1489   0.995299
1490   0.996405
1491   0.997349
1492   0.99812
1493   0.998732
1494   0.999183
1495   0.99949
1496   0.999661
1497   0.999716
1498   0.999677
1499   0.999564
1500   0.999412
1501   0.999236
1502   0.999077
1503   0.998938
1504   0.998852
1505   0.981729
1506   0.980404
1507   0.97896
1508   0.977397
1509   0.975724
1510   0.973952
1511   0.972156
1512   0.970351
1513   0.968721
1514   0.967277
1515   0.966325
1516   0.965849
1517   0.966141
1518   0.967141
1519   0.9687
1520   0.97072
1521   0.972934
1522   0.975328
1523   0.977687
1524   0.980064
1525   0.982304
1526   0.984489
1527   0.986502
1528   0.988427
1529   0.990172
1530   0.991809
1531   0.993267
1532   0.994603
1533   0.995761
1534   0.996785
1535   0.997635
1536   0.998346
1537   0.998895
1538   0.999308
1539   0.999581
1540   0.999737
1541   0.999788
1542   0.999755
1543   0.999665
1544   0.999538
1545   0.999405
1546   0.999284
1547   0.999192
1548   0.983193
1549   0.982012
1550   0.980726
1551   0.979366
1552   0.977909
1553   0.976404
1554   0.974861
1555   0.973348
1556   0.971938
1557   0.970708
1558   0.969811
1559   0.969298
1560   0.969354
1561   0.969924
1562   0.971014
1563   0.97248
1564   0.974234
1565   0.976162
1566   0.978179
1567   0.980227
1568   0.982249
1569   0.984225
1570   0.986116
1571   0.987922
1572   0.989613
1573   0.991198
1574   0.992653
1575   0.993986
1576   0.995178
1577   0.996238
1578   0.997151
1579   0.997927
1580   0.998557
1581   0.999054
1582   0.999416
1583   0.999661
1584   0.999795
1585   0.99984
1586   0.999815
1587   0.99974
1588   0.999644
1589   0.999541
1590   0.99946
1591   0.984557
1592   0.983492
1593   0.98236
1594   0.981163
1595   0.979913
1596   0.978613
1597   0.977316
1598   0.976023
1599   0.974841
1600   0.973773
1601   0.972976
1602   0.972453
1603   0.972347
1604   0.972649
1605   0.973352
1606   0.974422
1607   0.975741
1608   0.977298
1609   0.978946
1610   0.980712
1611   0.982461
1612   0.984247
1613   0.985953
1614   0.987645
1615   0.989224
1616   0.990754
1617   0.992151
1618   0.993474
1619   0.994654
1620   0.995739
1621   0.996676
1622   0.997504
1623   0.998187
1624   0.998754
1625   0.999187
1626   0.999511
1627   0.999721
1628   0.99984
1629   0.99988
1630   0.999861
1631   0.999806
1632   0.999733
1633   0.999663
1634   0.98583
1635   0.984878
1636   0.983872
1637   0.982825
1638   0.981734
1639   0.980622
1640   0.979504
1641   0.978412
1642   0.977392
1643   0.976483
1644   0.975763
1645   0.975268
1646   0.975082
1647   0.975207
1648   0.975667
1649   0.97642
1650   0.97743
1651   0.978643
1652   0.980004
1653   0.981471
1654   0.982993
1655   0.984547
1656   0.986091
1657   0.987617
1658   0.989091
1659   0.990512
1660   0.991851
1661   0.993112
1662   0.994272
1663   0.995336
1664   0.996285
1665   0.997126
1666   0.997845
1667   0.998452
1668   0.998939
1669   0.99932
1670   0.999593
1671   0.999775
1672   0.999875
1673   0.999909
1674   0.999897
1675   0.999854
1676   0.999805
1677   0.987015
1678   0.986161
1679   0.985272
1680   0.98435
1681   0.983406
1682   0.982443
1683   0.981493
1684   0.980555
1685   0.979693
1686   0.978904
1687   0.978276
1688   0.97781
1689   0.977583
1690   0.977599
1691   0.977876
1692   0.978411
1693   0.979156
1694   0.980115
1695   0.9812
1696   0.982433
1697   0.983712
1698   0.985077
1699   0.986426
1700   0.987812
1701   0.989139
1702   0.990464
1703   0.991701
1704   0.992906
1705   0.994004
1706   0.995045
1707   0.995966
1708   0.996812
1709   0.997535
1710   0.998171
1711   0.998686
1712   0.999112
1713   0.999431
1714   0.999666
1715   0.999817
1716   0.999901
1717   0.999931
1718   0.999924
1719   0.999896
1720   0.988119
1721   0.987355
1722   0.986565
1723   0.985755
1724   0.984929
1725   0.984097
1726   0.983274
1727   0.982476
1728   0.98173
1729   0.981058
1730   0.980502
1731   0.980084
1732   0.979845
1733   0.979801
1734   0.979969
1735   0.980343
1736   0.980911
1737   0.981656
1738   0.982543
1739   0.983553
1740   0.984647
1741   0.985809
1742   0.987003
1743   0.98822
1744   0.989427
1745   0.990619
1746   0.991769
1747   0.992876
1748   0.993917
1749   0.994893
1750   0.995786
1751   0.996598
1752   0.997317
1753   0.997946
1754   0.998479
1755   0.998922
1756   0.999272
1757   0.999541
1758   0.999731
1759   0.999855
1760   0.999922
1761   0.999947
1762   0.999944
1763   0.989144
1764   0.988461
1765   0.987761
1766   0.987046
1767   0.986326
1768   0.985601
1769   0.984894
1770   0.984203
1771   0.983569
1772   0.982985
1773   0.982506
1774   0.982128
1775   0.9819
1776   0.981823
1777   0.981916
1778   0.982187
1779   0.982613
1780   0.983209
1781   0.983917
1782   0.984766
1783   0.985676
1784   0.986687
1785   0.987711
1786   0.988797
1787   0.989856
1788   0.990943
1789   0.991974
1790   0.993002
1791   0.993952
1792   0.994874
1793   0.995704
1794   0.996487
1795   0.997169
1796   0.997791
1797   0.998311
1798   0.998765
1799   0.999124
1800   0.999417
1801   0.99963
1802   0.999786
1803   0.999883
1804   0.999938
1805   0.999959
1806   0.990096
1807   0.989486
1808   0.988864
1809   0.988232
1810   0.987597
1811   0.986966
1812   0.986349
1813   0.985755
1814   0.985203
1815   0.984707
1816   0.984287
1817   0.983962
1818   0.983751
1819   0.983669
1820   0.983726
1821   0.983926
1822   0.984267
1823   0.984742
1824   0.985334
1825   0.986034
1826   0.986817
1827   0.987672
1828   0.988574
1829   0.989511
1830   0.990462
1831   0.991417
1832   0.992356
1833   0.993273
1834   0.994152
1835   0.994987
1836   0.995765
1837   0.996484
1838   0.997135
1839   0.997717
1840   0.998225
1841   0.998661
1842   0.999023
1843   0.999318
1844   0.999546
1845   0.999716
1846   0.999834
1847   0.999909
1848   0.999951
