##### Y Variance #####
0   0.999998
1   0.999917
2   0.999681
3   0.999253
4   0.998613
5   0.997785
6   0.996794
7   0.995702
8   0.994545
9   0.993387
10   0.992259
11   0.991209
12   0.990253
13   0.989425
14   0.988726
15   0.988174
16   0.987759
17   0.987488
18   0.987346
19   0.987329
20   0.987421
21   0.987614
22   0.987889
23   0.988239
24   0.988646
25   0.989101
26   0.989591
27   0.990107
28   0.990637
29   0.991176
30   0.991715
31   0.992249
32   0.992772
33   0.993281
34   0.993772
35   0.994243
36   0.994693
37   0.995119
38   0.995522
39   0.9959
40   0.996255
41   0.996586
42   0.996893
43   0.999977
44   0.999989
45   0.999829
46   0.999457
47   0.998794
48   0.997945
49   0.996836
50   0.995665
51   0.994343
52   0.993089
53   0.991792
54   0.990654
55   0.989555
56   0.988664
57   0.987858
58   0.987272
59   0.98679
60   0.986514
61   0.986339
62   0.986342
63   0.986431
64   0.98666
65   0.986954
66   0.987351
67   0.987791
68   0.988299
69   0.988828
70   0.989398
71   0.989971
72   0.990562
73   0.991144
74   0.991725
75   0.992289
76   0.992841
77   0.99337
78   0.993878
79   0.994361
80   0.99482
81   0.995252
82   0.995658
83   0.996038
84   0.996391
85   0.99672
86   0.999851
87   0.99998
88   0.999965
89   0.999706
90   0.999129
91   0.998268
92   0.997144
93   0.995857
94   0.994456
95   0.993039
96   0.991642
97   0.99034
98   0.989149
99   0.988119
100   0.987244
101   0.986556
102   0.986034
103   0.985694
104   0.985508
105   0.98548
106   0.985581
107   0.985806
108   0.986128
109   0.986541
110   0.987019
111   0.987555
112   0.988128
113   0.988732
114   0.989351
115   0.989979
116   0.990605
117   0.991224
118   0.991829
119   0.992416
120   0.992982
121   0.993523
122   0.994039
123   0.994527
124   0.994988
125   0.99542
126   0.995824
127   0.9962
128   0.99655
129   0.999569
130   0.999833
131   0.999995
132   0.999905
133   0.999458
134   0.998682
135   0.997548
136   0.996243
137   0.99473
138   0.993235
139   0.991682
140   0.990283
141   0.988936
142   0.987816
143   0.98681
144   0.986055
145   0.985437
146   0.985058
147   0.984811
148   0.984771
149   0.984842
150   0.985076
151   0.985393
152   0.985829
153   0.986319
154   0.986888
155   0.987485
156   0.988126
157   0.988774
158   0.98944
159   0.990098
160   0.990754
161   0.991392
162   0.992014
163   0.992611
164   0.993184
165   0.993729
166   0.994245
167   0.994732
168   0.995189
169   0.995617
170   0.996015
171   0.996385
172   0.999078
173   0.99946
174   0.999852
175   1
176   0.999779
177   0.999147
178   0.998121
179   0.996811
180   0.995294
181   0.993691
182   0.992068
183   0.990516
184   0.989075
185   0.9878
186   0.986705
187   0.985818
188   0.985131
189   0.984653
190   0.984363
191   0.984257
192   0.984309
193   0.984506
194   0.984824
195   0.985247
196   0.985751
197   0.986323
198   0.986942
199   0.987598
200   0.988274
201   0.988961
202   0.989648
203   0.990329
204   0.990995
205   0.991643
206   0.992268
207   0.992867
208   0.993438
209   0.993979
210   0.99449
211   0.99497
212   0.995419
213   0.995838
214   0.996227
215   0.998343
216   0.998869
217   0.999489
218   0.999911
219   0.999965
220   0.999559
221   0.99868
222   0.997473
223   0.995956
224   0.994347
225   0.992626
226   0.991005
227   0.989422
228   0.988055
229   0.986815
230   0.98584
231   0.985029
232   0.984483
233   0.984098
234   0.983948
235   0.983935
236   0.98411
237   0.98439
238   0.984807
239   0.985294
240   0.985872
241   0.98649
242   0.98716
243   0.987844
244   0.988551
245   0.989253
246   0.989955
247   0.99064
248   0.991311
249   0.991956
250   0.992578
251   0.993169
252   0.993732
253   0.994264
254   0.994765
255   0.995234
256   0.995671
257   0.996078
258   0.997331
259   0.997886
260   0.998813
261   0.999564
262   0.999976
263   0.999871
264   0.999247
265   0.998185
266   0.996784
267   0.995172
268   0.993453
269   0.991733
270   0.990085
271   0.988578
272   0.987249
273   0.986131
274   0.985234
275   0.984563
276   0.984109
277   0.983861
278   0.983799
279   0.983905
280   0.984154
281   0.984527
282   0.984999
283   0.985552
284   0.986167
285   0.986826
286   0.987515
287   0.988221
288   0.988934
289   0.989643
290   0.990342
291   0.991024
292   0.991685
293   0.992321
294   0.992931
295   0.99351
296   0.994059
297   0.994577
298   0.995063
299   0.995518
300   0.995942
301   0.996077
302   0.996734
303   0.997855
304   0.998947
305   0.999747
306   0.999999
307   0.99968
308   0.99886
309   0.9976
310   0.99609
311   0.99437
312   0.992644
313   0.990905
314   0.989332
315   0.987874
316   0.986669
317   0.985639
318   0.984884
319   0.984314
320   0.983996
321   0.983842
322   0.983895
323   0.984077
324   0.984414
325   0.98484
326   0.985371
327   0.985956
328   0.986605
329   0.987278
330   0.987981
331   0.988688
332   0.9894
333   0.9901
334   0.99079
335   0.991458
336   0.992105
337   0.992724
338   0.993317
339   0.993879
340   0.994411
341   0.994912
342   0.995381
343   0.995819
344   0.994612
345   0.995062
346   0.996497
347   0.997944
348   0.999182
349   0.999882
350   0.999954
351   0.999435
352   0.998424
353   0.997041
354   0.995424
355   0.993688
356   0.991947
357   0.990281
358   0.988762
359   0.98743
360   0.986318
361   0.985433
362   0.984781
363   0.984348
364   0.984123
365   0.984082
366   0.984208
367   0.984472
368   0.984857
369   0.985335
370   0.985891
371   0.986502
372   0.987157
373   0.987836
374   0.988533
375   0.989231
376   0.989928
377   0.990612
378   0.991283
379   0.99193
380   0.992557
381   0.993155
382   0.993727
383   0.994268
384   0.994781
385   0.995261
386   0.995712
387   0.993117
388   0.993645
389   0.994898
390   0.996584
391   0.998265
392   0.999447
393   0.999975
394   0.999837
395   0.999115
396   0.997957
397   0.996458
398   0.994808
399   0.993057
400   0.991381
401   0.989778
402   0.988385
403   0.987158
404   0.986193
405   0.985422
406   0.984909
407   0.984577
408   0.984465
409   0.984501
410   0.984706
411   0.985018
412   0.98545
413   0.985951
414   0.986527
415   0.987141
416   0.987795
417   0.988463
418   0.989146
419   0.989825
420   0.990501
421   0.991162
422   0.991807
423   0.992431
424   0.993032
425   0.993607
426   0.994155
427   0.994675
428   0.995165
429   0.995625
430   0.991584
431   0.991892
432   0.993115
433   0.994752
434   0.996945
435   0.99867
436   0.99969
437   0.999997
438   0.99965
439   0.998763
440   0.99748
441   0.995933
442   0.994266
443   0.992574
444   0.990965
445   0.989489
446   0.988207
447   0.98713
448   0.986285
449   0.985656
450   0.985247
451   0.985028
452   0.984992
453   0.985105
454   0.985355
455   0.985711
456   0.986161
457   0.986676
458   0.98725
459   0.987857
460   0.988495
461   0.989143
462   0.989801
463   0.990454
464   0.991102
465   0.991734
466   0.992352
467   0.992947
468   0.993522
469   0.99407
470   0.994595
471   0.995089
472   0.995557
473   0.990079
474   0.990299
475   0.99123
476   0.992963
477   0.99534
478   0.997522
479   0.999076
480   0.999868
481   0.999946
482   0.999406
483   0.998372
484   0.997018
485   0.995443
486   0.993822
487   0.992199
488   0.990713
489   0.989357
490   0.988227
491   0.987281
492   0.98658
493   0.986064
494   0.985768
495   0.985632
496   0.985672
497   0.985833
498   0.986123
499   0.986498
500   0.986957
501   0.987469
502   0.988031
503   0.98862
504   0.989233
505   0.989855
506   0.990482
507   0.991104
508   0.99172
509   0.992322
510   0.992908
511   0.993476
512   0.994022
513   0.994545
514   0.995042
515   0.995513
516   0.988605
517   0.988577
518   0.989259
519   0.990625
520   0.99342
521   0.996057
522   0.998105
523   0.999422
524   0.99997
525   0.999827
526   0.999121
527   0.997991
528   0.996597
529   0.995056
530   0.9935
531   0.991997
532   0.990635
533   0.989433
534   0.988439
535   0.98764
536   0.987056
537   0.986656
538   0.986444
539   0.986384
540   0.986472
541   0.986671
542   0.986978
543   0.987358
544   0.987811
545   0.988308
546   0.988848
547   0.989409
548   0.989992
549   0.990579
550   0.991174
551   0.99176
552   0.992344
553   0.992912
554   0.99347
555   0.994006
556   0.994526
557   0.99502
558   0.995492
559   0.987216
560   0.986974
561   0.987327
562   0.988703
563   0.991339
564   0.994264
565   0.996803
566   0.998632
567   0.99969
568   0.999992
569   0.999652
570   0.99882
571   0.997628
572   0.996248
573   0.994765
574   0.99332
575   0.991944
576   0.990733
577   0.989675
578   0.988828
579   0.988156
580   0.987687
581   0.987379
582   0.987242
583   0.987234
584   0.987358
585   0.987576
586   0.987887
587   0.988262
588   0.988697
589   0.989171
590   0.98968
591   0.99021
592   0.990756
593   0.991309
594   0.991866
595   0.99242
596   0.992968
597   0.993506
598   0.994031
599   0.99454
600   0.99503
601   0.995497
602   0.985947
603   0.985458
604   0.98543
605   0.986186
606   0.989039
607   0.992194
608   0.995146
609   0.997506
610   0.99908
611   0.999869
612   0.999946
613   0.999447
614   0.998531
615   0.99733
616   0.995997
617   0.994615
618   0.993294
619   0.992067
620   0.991002
621   0.990092
622   0.989374
623   0.988819
624   0.988445
625   0.988212
626   0.988129
627   0.988157
628   0.988299
629   0.98852
630   0.988825
631   0.98918
632   0.989592
633   0.990033
634   0.99051
635   0.991001
636   0.991513
637   0.992027
638   0.992551
639   0.993068
640   0.993586
641   0.994091
642   0.994588
643   0.995066
644   0.995529
645   0.984841
646   0.984086
647   0.98374
648   0.984417
649   0.986682
650   0.989858
651   0.993182
652   0.996025
653   0.998146
654   0.999432
655   0.999964
656   0.99985
657   0.999236
658   0.998286
659   0.997115
660   0.995866
661   0.994603
662   0.993424
663   0.992345
664   0.991426
665   0.99065
666   0.990049
667   0.989593
668   0.989294
669   0.989119
670   0.989071
671   0.989121
672   0.989266
673   0.989483
674   0.989766
675   0.9901
676   0.990478
677   0.990888
678   0.991326
679   0.991784
680   0.992256
681   0.992737
682   0.993224
683   0.993711
684   0.994195
685   0.994672
686   0.995138
687   0.995588
688   0.98394
689   0.982988
690   0.98224
691   0.982182
692   0.984264
693   0.987193
694   0.990866
695   0.994221
696   0.996855
697   0.998678
698   0.999682
699   0.999989
700   0.99973
701   0.999053
702   0.99811
703   0.997006
704   0.995866
705   0.994736
706   0.993701
707   0.992765
708   0.99198
709   0.991322
710   0.99082
711   0.990441
712   0.990201
713   0.990062
714   0.990038
715   0.990091
716   0.990233
717   0.99043
718   0.990693
719   0.990993
720   0.991341
721   0.991712
722   0.992118
723   0.992536
724   0.992977
725   0.993421
726   0.993879
727   0.994333
728   0.99479
729   0.995235
730   0.995674
731   0.983257
732   0.982056
733   0.981078
734   0.980826
735   0.98191
736   0.984551
737   0.988327
738   0.992078
739   0.995246
740   0.997575
741   0.999089
742   0.99984
743   0.999968
744   0.999616
745   0.998921
746   0.998024
747   0.997015
748   0.995995
749   0.995006
750   0.994107
751   0.993307
752   0.992635
753   0.99208
754   0.991653
755   0.991338
756   0.991133
757   0.991023
758   0.991002
759   0.991055
760   0.991178
761   0.991357
762   0.991588
763   0.991861
764   0.992171
765   0.992513
766   0.99288
767   0.993269
768   0.993673
769   0.994091
770   0.994516
771   0.994944
772   0.995369
773   0.995787
774   0.982827
775   0.981476
776   0.98019
777   0.979417
778   0.979781
779   0.981369
780   0.985492
781   0.989693
782   0.993279
783   0.996151
784   0.998154
785   0.999388
786   0.999928
787   0.999928
788   0.99953
789   0.998855
790   0.998034
791   0.997131
792   0.996241
793   0.995381
794   0.994614
795   0.993925
796   0.993355
797   0.992875
798   0.992513
799   0.992235
800   0.992061
801   0.991956
802   0.991939
803   0.991976
804   0.992084
805   0.992234
806   0.992441
807   0.992679
808   0.992962
809   0.993267
810   0.993608
811   0.993962
812   0.994343
813   0.994728
814   0.99513
815   0.995527
816   0.995927
817   0.982649
818   0.981119
819   0.979585
820   0.978373
821   0.97791
822   0.979182
823   0.982691
824   0.986987
825   0.991015
826   0.99435
827   0.996889
828   0.998599
829   0.999587
830   0.999969
831   0.999892
832   0.999488
833   0.998869
834   0.998137
835   0.997354
836   0.996583
837   0.99585
838   0.995187
839   0.994601
840   0.994104
841   0.993693
842   0.993369
843   0.993125
844   0.992958
845   0.992862
846   0.992831
847   0.992859
848   0.992941
849   0.993071
850   0.993246
851   0.99346
852   0.99371
853   0.993992
854   0.9943
855   0.994633
856   0.994983
857   0.995348
858   0.995719
859   0.996092
860   0.982721
861   0.981136
862   0.979307
863   0.97769
864   0.976399
865   0.976276
866   0.979851
867   0.984188
868   0.988455
869   0.992265
870   0.995273
871   0.997494
872   0.998923
873   0.999716
874   0.999985
875   0.999871
876   0.999497
877   0.998948
878   0.998318
879   0.997643
880   0.996989
881   0.996357
882   0.995793
883   0.99528
884   0.99485
885   0.994479
886   0.994192
887   0.993961
888   0.993807
889   0.993702
890   0.993666
891   0.993672
892   0.993739
893   0.993842
894   0.993997
895   0.994182
896   0.994412
897   0.994666
898   0.994956
899   0.995262
900   0.995594
901   0.99593
902   0.996279
903   0.983
904   0.981283
905   0.979302
906   0.977247
907   0.975396
908   0.975006
909   0.977251
910   0.981224
911   0.985685
912   0.989843
913   0.993353
914   0.996035
915   0.997941
916   0.999144
917   0.999785
918   0.99999
919   0.999879
920   0.999552
921   0.999089
922   0.998553
923   0.997987
924   0.997426
925   0.996891
926   0.996396
927   0.995953
928   0.995565
929   0.995236
930   0.994964
931   0.994751
932   0.994592
933   0.994489
934   0.994435
935   0.994433
936   0.994476
937   0.994565
938   0.994695
939   0.994865
940   0.99507
941   0.99531
942   0.995575
943   0.995866
944   0.996172
945   0.996488
946   0.983484
947   0.981813
948   0.979645
949   0.977414
950   0.974925
951   0.97319
952   0.974948
953   0.978193
954   0.982721
955   0.987233
956   0.991125
957   0.994297
958   0.996627
959   0.998267
960   0.999276
961   0.999819
962   0.999992
963   0.999904
964   0.99964
965   0.999255
966   0.998814
967   0.998334
968   0.997862
969   0.997396
970   0.996971
971   0.996572
972   0.996228
973   0.995919
974   0.99567
975   0.995459
976   0.995307
977   0.995193
978   0.995137
979   0.995116
980   0.995151
981   0.99522
982   0.99534
983   0.99549
984   0.995685
985   0.995903
986   0.996158
987   0.996425
988   0.996714
989   0.984113
990   0.982376
991   0.980225
992   0.977754
993   0.975122
994   0.973188
995   0.973061
996   0.975503
997   0.979766
998   0.984402
999   0.988684
1000   0.992231
1001   0.995018
1002   0.997054
1003   0.998458
1004   0.999339
1005   0.999816
1006   0.999989
1007   0.999942
1008   0.999741
1009   0.999439
1010   0.999074
1011   0.998679
1012   0.998272
1013   0.997875
1014   0.997495
1015   0.997145
1016   0.996825
1017   0.996545
1018   0.996303
1019   0.996106
1020   0.995949
1021   0.995838
1022   0.99577
1023   0.995747
1024   0.995767
1025   0.995831
1026   0.995935
1027   0.996079
1028   0.996257
1029   0.996468
1030   0.996702
1031   0.996955
1032   0.98489
1033   0.983279
1034   0.981093
1035   0.978665
1036   0.975815
1037   0.973324
1038   0.972132
1039   0.972569
1040   0.976789
1041   0.981581
1042   0.986026
1043   0.989985
1044   0.993121
1045   0.995579
1046   0.997333
1047   0.998569
1048   0.999345
1049   0.999794
1050   0.999978
1051   0.999975
1052   0.999837
1053   0.999601
1054   0.999311
1055   0.998979
1056   0.998638
1057   0.998289
1058   0.997958
1059   0.997638
1060   0.997351
1061   0.997085
1062   0.996862
1063   0.996667
1064   0.996519
1065   0.996403
1066   0.996338
1067   0.996306
1068   0.996326
1069   0.996379
1070   0.996482
1071   0.996614
1072   0.996789
1073   0.996983
1074   0.997206
1075   0.985754
1076   0.984168
1077   0.98214
1078   0.979708
1079   0.976905
1080   0.974139
1081   0.971893
1082   0.971696
1083   0.974327
1084   0.978684
1085   0.983297
1086   0.987489
1087   0.991012
1088   0.993804
1089   0.99593
1090   0.997492
1091   0.998585
1092   0.99931
1093   0.999742
1094   0.999954
1095   0.999996
1096   0.999914
1097   0.999744
1098   0.999512
1099   0.999243
1100   0.99895
1101   0.998652
1102   0.998355
1103   0.998072
1104   0.997805
1105   0.997564
1106   0.997349
1107   0.997169
1108   0.997021
1109   0.996914
1110   0.996845
1111   0.996819
1112   0.996833
1113   0.99689
1114   0.996985
1115   0.997117
1116   0.997279
1117   0.997465
1118   0.986693
1119   0.985296
1120   0.983356
1121   0.981141
1122   0.978365
1123   0.975583
1124   0.972628
1125   0.970569
1126   0.972581
1127   0.976109
1128   0.980626
1129   0.985046
1130   0.988767
1131   0.9919
1132   0.994306
1133   0.996194
1134   0.997567
1135   0.998573
1136   0.999247
1137   0.999682
1138   0.999914
1139   0.999998
1140   0.999966
1141   0.999848
1142   0.999671
1143   0.999449
1144   0.999207
1145   0.998945
1146   0.998688
1147   0.998429
1148   0.998191
1149   0.997964
1150   0.997769
1151   0.997595
1152   0.997462
1153   0.997356
1154   0.997297
1155   0.997271
1156   0.997293
1157   0.997346
1158   0.997445
1159   0.997569
1160   0.997727
1161   0.987644
1162   0.986319
1163   0.984605
1164   0.982501
1165   0.979968
1166   0.977142
1167   0.974202
1168   0.971999
1169   0.971623
1170   0.974198
1171   0.978287
1172   0.982602
1173   0.986515
1174   0.989835
1175   0.992522
1176   0.994675
1177   0.996328
1178   0.997595
1179   0.998516
1180   0.999173
1181   0.999604
1182   0.999863
1183   0.999982
1184   0.999993
1185   0.999923
1186   0.99979
1187   0.999616
1188   0.999411
1189   0.999191
1190   0.998961
1191   0.998735
1192   0.998514
1193   0.998312
1194   0.998129
1195   0.997973
1196   0.997846
1197   0.997756
1198   0.997701
1199   0.997686
1200   0.997709
1201   0.997771
1202   0.997865
1203   0.997987
1204   0.988597
1205   0.987462
1206   0.985885
1207   0.984057
1208   0.981707
1209   0.979184
1210   0.976284
1211   0.973779
1212   0.972513
1213   0.9727
1214   0.976371
1215   0.980601
1216   0.984411
1217   0.987899
1218   0.990725
1219   0.993107
1220   0.994974
1221   0.996476
1222   0.997614
1223   0.998483
1224   0.999103
1225   0.999537
1226   0.999807
1227   0.999955
1228   1
1229   0.999967
1230   0.999875
1231   0.999736
1232   0.999569
1233   0.999379
1234   0.999181
1235   0.998977
1236   0.998784
1237   0.998598
1238   0.998435
1239   0.998291
1240   0.998183
1241   0.9981
1242   0.99806
1243   0.998051
1244   0.998085
1245   0.998146
1246   0.998242
1247   0.989507
1248   0.988456
1249   0.987107
1250   0.985448
1251   0.983437
1252   0.98113
1253   0.978617
1254   0.976178
1255   0.974282
1256   0.97392
1257   0.975389
1258   0.978959
1259   0.982616
1260   0.986079
1261   0.989002
1262   0.991524
1263   0.993566
1264   0.995261
1265   0.996589
1266   0.997649
1267   0.998446
1268   0.999047
1269   0.999469
1270   0.999753
1271   0.999919
1272   0.999992
1273   0.999991
1274   0.999931
1275   0.999827
1276   0.99969
1277   0.999531
1278   0.999358
1279   0.999182
1280   0.999007
1281   0.998845
1282   0.998697
1283   0.998574
1284   0.998476
1285   0.998412
1286   0.998381
1287   0.998386
1288   0.998423
1289   0.998489
1290   0.990376
1291   0.989484
1292   0.988277
1293   0.986881
1294   0.985112
1295   0.983191
1296   0.980972
1297   0.97888
1298   0.976855
1299   0.975577
1300   0.976393
1301   0.978344
1302   0.981569
1303   0.98483
1304   0.987648
1305   0.990181
1306   0.9923
1307   0.994104
1308   0.995569
1309   0.99677
1310   0.997713
1311   0.998456
1312   0.999013
1313   0.999424
1314   0.999705
1315   0.999885
1316   0.999977
1317   0.999999
1318   0.999966
1319   0.999888
1320   0.999779
1321   0.999644
1322   0.999498
1323   0.999342
1324   0.999192
1325   0.999046
1326   0.99892
1327   0.998811
1328   0.998734
1329   0.998681
1330   0.998666
1331   0.998677
1332   0.998722
1333   0.991179
1334   0.990365
1335   0.989348
1336   0.988118
1337   0.986657
1338   0.984989
1339   0.983188
1340   0.98132
1341   0.979661
1342   0.978358
1343   0.978111
1344   0.979309
1345   0.981311
1346   0.984124
1347   0.986674
1348   0.989131
1349   0.991215
1350   0.993069
1351   0.994597
1352   0.9959
1353   0.996946
1354   0.997806
1355   0.998475
1356   0.999
1357   0.999387
1358   0.999668
1359   0.999851
1360   0.999957
1361   0.999998
1362   0.999986
1363   0.999932
1364   0.999845
1365   0.999735
1366   0.999608
1367   0.999477
1368   0.999344
1369   0.999221
1370   0.999111
1371   0.999023
1372   0.998959
1373   0.998925
1374   0.998919
1375   0.998941
1376   0.991926
1377   0.991232
1378   0.990334
1379   0.989308
1380   0.988051
1381   0.986685
1382   0.985148
1383   0.983628
1384   0.982164
1385   0.981037
1386   0.980553
1387   0.980832
1388   0.982317
1389   0.984277
1390   0.986456
1391   0.988577
1392   0.990533
1393   0.992292
1394   0.993818
1395   0.995137
1396   0.996243
1397   0.99717
1398   0.997922
1399   0.998532
1400   0.999008
1401   0.999375
1402   0.999641
1403   0.999826
1404   0.999938
1405   0.999992
1406   0.999996
1407   0.999959
1408   0.999892
1409   0.9998
1410   0.999695
1411   0.999581
1412   0.99947
1413   0.999363
1414   0.999274
1415   0.999201
1416   0.999157
1417   0.999133
1418   0.99914
1419   0.992608
1420   0.991979
1421   0.991222
1422   0.99033
1423   0.9893
1424   0.98814
1425   0.98691
1426   0.985628
1427   0.984478
1428   0.983482
1429   0.983008
1430   0.982976
1431   0.98373
1432   0.985095
1433   0.986711
1434   0.988487
1435   0.990172
1436   0.991792
1437   0.993221
1438   0.994517
1439   0.995619
1440   0.996582
1441   0.997379
1442   0.998053
1443   0.998593
1444   0.999033
1445   0.999369
1446   0.999626
1447   0.999804
1448   0.999922
1449   0.999983
1450   0.999999
1451   0.999977
1452   0.999925
1453   0.999852
1454   0.999763
1455   0.999669
1456   0.999574
1457   0.999488
1458   0.999414
1459   0.999361
1460   0.999329
1461   0.999319
1462   0.993236
1463   0.992692
1464   0.992028
1465   0.99128
1466   0.990402
1467   0.989453
1468   0.988418
1469   0.987382
1470   0.986401
1471   0.985573
1472   0.985063
1473   0.984901
1474   0.985338
1475   0.986196
1476   0.987407
1477   0.988772
1478   0.990195
1479   0.991584
1480   0.992888
1481   0.994084
1482   0.995151
1483   0.996095
1484   0.996909
1485   0.997608
1486   0.998193
1487   0.99868
1488   0.999072
1489   0.999385
1490   0.999621
1491   0.999795
1492   0.999909
1493   0.999975
1494   0.999999
1495   0.999988
1496   0.999949
1497   0.999889
1498   0.999817
1499   0.999737
1500   0.99966
1501   0.999589
1502   0.999534
1503   0.999494
1504   0.999476
1505   0.99381
1506   0.99332
1507   0.992755
1508   0.992109
1509   0.991386
1510   0.990587
1511   0.989755
1512   0.988894
1513   0.988109
1514   0.987401
1515   0.986946
1516   0.986727
1517   0.986913
1518   0.987458
1519   0.988286
1520   0.98933
1521   0.990451
1522   0.991626
1523   0.992748
1524   0.993834
1525   0.994814
1526   0.995721
1527   0.996511
1528   0.997219
1529   0.997818
1530   0.998339
1531   0.998766
1532   0.999124
1533   0.999406
1534   0.999628
1535   0.999789
1536   0.999902
1537   0.999968
1538   0.999997
1539   0.999994
1540   0.999965
1541   0.999918
1542   0.999859
1543   0.999795
1544   0.999732
1545   0.999679
1546   0.999637
1547   0.999611
1548   0.994337
1549   0.993909
1550   0.993414
1551   0.992868
1552   0.992253
1553   0.991597
1554   0.990901
1555   0.990203
1556   0.989541
1557   0.988959
1558   0.98854
1559   0.988312
1560   0.988376
1561   0.988698
1562   0.98928
1563   0.990037
1564   0.990922
1565   0.991866
1566   0.992824
1567   0.993761
1568   0.99465
1569   0.995479
1570   0.996232
1571   0.996913
1572   0.997512
1573   0.998038
1574   0.998488
1575   0.998871
1576   0.999187
1577   0.999444
1578   0.999643
1579   0.999794
1580   0.999899
1581   0.999964
1582   0.999995
1583   0.999997
1584   0.999976
1585   0.999939
1586   0.999892
1587   0.99984
1588   0.999792
1589   0.99975
1590   0.999723
1591   0.994821
1592   0.994438
1593   0.994012
1594   0.993542
1595   0.993032
1596   0.992481
1597   0.991917
1598   0.991338
1599   0.990805
1600   0.990314
1601   0.989957
1602   0.989728
1603   0.989711
1604   0.989894
1605   0.990276
1606   0.990828
1607   0.991492
1608   0.99225
1609   0.993031
1610   0.993836
1611   0.994607
1612   0.995359
1613   0.996047
1614   0.996694
1615   0.997268
1616   0.997791
1617   0.998241
1618   0.998641
1619   0.998973
1620   0.999258
1621   0.999484
1622   0.999667
1623   0.999803
1624   0.999901
1625   0.999962
1626   0.999993
1627   0.999999
1628   0.999984
1629   0.999955
1630   0.999918
1631   0.999879
1632   0.999842
1633   0.999814
1634   0.995266
1635   0.994929
1636   0.994557
1637   0.994156
1638   0.993722
1639   0.993265
1640   0.992793
1641   0.992322
1642   0.991875
1643   0.991474
1644   0.99116
1645   0.990951
1646   0.990894
1647   0.990988
1648   0.991243
1649   0.991633
1650   0.992139
1651   0.992727
1652   0.993367
1653   0.994034
1654   0.994702
1655   0.995358
1656   0.995983
1657   0.996573
1658   0.997116
1659   0.997613
1660   0.998057
1661   0.998452
1662   0.998795
1663   0.99909
1664   0.999336
1665   0.999538
1666   0.999698
1667   0.99982
1668   0.999907
1669   0.999963
1670   0.999992
1671   0.999999
1672   0.999989
1673   0.999967
1674   0.999938
1675   0.999908
1676   0.999883
1677   0.995677
1678   0.995376
1679   0.995053
1680   0.994708
1681   0.994343
1682   0.993959
1683   0.993572
1684   0.99318
1685   0.992817
1686   0.992479
1687   0.992217
1688   0.992024
1689   0.991949
1690   0.991985
1691   0.992147
1692   0.992425
1693   0.992798
1694   0.993258
1695   0.993766
1696   0.994321
1697   0.994881
1698   0.995455
1699   0.996003
1700   0.996541
1701   0.997036
1702   0.997506
1703   0.997926
1704   0.998313
1705   0.998649
1706   0.99895
1707   0.999201
1708   0.999419
1709   0.999592
1710   0.999734
1711   0.999839
1712   0.999916
1713   0.999965
1714   0.999992
1715   0.999999
1716   0.999993
1717   0.999976
1718   0.999955
1719   0.999933
1720   0.996055
1721   0.995789
1722   0.995506
1723   0.995208
1724   0.994896
1725   0.994574
1726   0.994248
1727   0.993925
1728   0.993621
1729   0.993344
1730   0.993117
1731   0.992951
1732   0.992868
1733   0.992875
1734   0.992979
1735   0.993176
1736   0.993458
1737   0.993813
1738   0.994223
1739   0.994675
1740   0.99515
1741   0.995637
1742   0.99612
1743   0.996594
1744   0.997046
1745   0.997474
1746   0.997869
1747   0.998232
1748   0.998558
1749   0.99885
1750   0.999103
1751   0.999322
1752   0.999504
1753   0.999655
1754   0.999773
1755   0.999864
1756   0.999928
1757   0.99997
1758   0.999993
1759   1
1760   0.999995
1761   0.999982
1762   0.999967
1763   0.996404
1764   0.996167
1765   0.99592
1766   0.995661
1767   0.995395
1768   0.99512
1769   0.99485
1770   0.994577
1771   0.994328
1772   0.994093
1773   0.993906
1774   0.993758
1775   0.993681
1776   0.993668
1777   0.993735
1778   0.993877
1779   0.994089
1780   0.994369
1781   0.994694
1782   0.995069
1783   0.995461
1784   0.995881
1785   0.996294
1786   0.996716
1787   0.997114
1788   0.997506
1789   0.997864
1790   0.998206
1791   0.99851
1792   0.998791
1793   0.999034
1794   0.999252
1795   0.999433
1796   0.999589
1797   0.999713
1798   0.999814
1799   0.999887
1800   0.999941
1801   0.999975
1802   0.999994
1803   1
1804   0.999996
1805   0.999988
1806   0.996725
1807   0.996515
1808   0.996297
1809   0.996072
1810   0.995841
1811   0.995606
1812   0.995373
1813   0.995146
1814   0.994933
1815   0.99474
1816   0.994579
1817   0.994457
1818   0.994385
1819   0.994369
1820   0.994415
1821   0.994522
1822   0.994689
1823   0.994911
1824   0.995178
1825   0.995485
1826   0.995818
1827   0.99617
1828   0.996531
1829   0.996895
1830   0.997251
1831   0.997597
1832   0.997925
1833   0.998233
1834   0.998517
1835   0.998776
1836   0.999008
1837   0.999214
1838   0.999392
1839   0.999544
1840   0.99967
1841   0.999773
1842   0.999853
1843   0.999912
1844   0.999954
1845   0.999981
1846   0.999995
1847   1
1848   0.999997
