##### Y Variance #####
0   0.999916
1   0.999863
2   0.999297
3   0.998009
4   0.995803
5   0.992572
6   0.988211
7   0.982813
8   0.976486
9   0.969786
10   0.962833
11   0.956036
12   0.949474
13   0.943415
14   0.937971
15   0.933319
16   0.92957
17   0.926831
18   0.925113
19   0.924389
20   0.924615
21   0.925662
22   0.927496
23   0.929953
24   0.932966
25   0.936334
26   0.939974
27   0.943693
28   0.947445
29   0.951101
30   0.95465
31   0.958017
32   0.961214
33   0.964213
34   0.967034
35   0.96967
36   0.972138
37   0.974442
38   0.976593
39   0.978597
40   0.98046
41   0.98219
42   0.983792
43   0.999496
44   0.999831
45   0.999703
46   0.998867
47   0.996972
48   0.994092
49   0.989695
50   0.984425
51   0.977306
52   0.970562
53   0.962539
54   0.955333
55   0.947651
56   0.940867
57   0.934397
58   0.928945
59   0.924349
60   0.920972
61   0.918722
62   0.917531
63   0.917598
64   0.918366
65   0.920373
66   0.922829
67   0.926314
68   0.929909
69   0.934186
70   0.938228
71   0.942616
72   0.946621
73   0.950723
74   0.954416
75   0.958052
76   0.961337
77   0.964494
78   0.967375
79   0.970105
80   0.972618
81   0.974975
82   0.977154
83   0.97918
84   0.981054
85   0.982786
86   0.998465
87   0.999179
88   0.999658
89   0.999458
90   0.998272
91   0.995973
92   0.992315
93   0.987458
94   0.981055
95   0.973697
96   0.965569
97   0.957134
98   0.948595
99   0.940433
100   0.932756
101   0.926116
102   0.920431
103   0.91598
104   0.912746
105   0.910713
106   0.909999
107   0.910405
108   0.912044
109   0.914649
110   0.918196
111   0.92232
112   0.926949
113   0.931706
114   0.936578
115   0.941316
116   0.94592
117   0.950247
118   0.954321
119   0.958099
120   0.961613
121   0.964867
122   0.967883
123   0.970677
124   0.973261
125   0.975653
126   0.977858
127   0.979893
128   0.981762
129   0.996656
130   0.997732
131   0.998795
132   0.999314
133   0.998946
134   0.99748
135   0.994639
136   0.990646
137   0.98506
138   0.978286
139   0.969946
140   0.961499
141   0.951647
142   0.943068
143   0.933351
144   0.926036
145   0.918459
146   0.912843
147   0.90807
148   0.904635
149   0.90288
150   0.902244
151   0.903486
152   0.905698
153   0.90946
154   0.913687
155   0.91898
156   0.924142
157   0.929857
158   0.935178
159   0.940611
160   0.945507
161   0.950246
162   0.954501
163   0.958514
164   0.962148
165   0.965533
166   0.968623
167   0.971481
168   0.974099
169   0.976506
170   0.978711
171   0.98073
172   0.993943
173   0.995128
174   0.996811
175   0.998064
176   0.99867
177   0.998163
178   0.996451
179   0.993469
180   0.989044
181   0.983293
182   0.976104
183   0.967945
184   0.958853
185   0.949398
186   0.939626
187   0.930036
188   0.921032
189   0.912822
190   0.905804
191   0.900281
192   0.896399
193   0.89462
194   0.894614
195   0.896388
196   0.899705
197   0.904063
198   0.90951
199   0.915435
200   0.921776
201   0.928125
202   0.934336
203   0.940172
204   0.945579
205   0.950553
206   0.955086
207   0.959242
208   0.96302
209   0.966483
210   0.969632
211   0.972517
212   0.975136
213   0.97753
214   0.9797
215   0.990366
216   0.991739
217   0.99376
218   0.995712
219   0.997169
220   0.997661
221   0.997007
222   0.995174
223   0.991957
224   0.9875
225   0.981602
226   0.97458
227   0.966393
228   0.957481
229   0.947686
230   0.937734
231   0.926766
232   0.917642
233   0.907145
234   0.90068
235   0.892872
236   0.890308
237   0.887648
238   0.888429
239   0.890729
240   0.894276
241   0.89991
242   0.905945
243   0.913259
244   0.920363
245   0.927721
246   0.934352
247   0.940674
248   0.946314
249   0.951516
250   0.956182
251   0.960435
252   0.964274
253   0.967759
254   0.970913
255   0.973768
256   0.976352
257   0.978687
258   0.985949
259   0.987041
260   0.989562
261   0.992041
262   0.994425
263   0.995835
264   0.996351
265   0.995623
266   0.993727
267   0.990549
268   0.986068
269   0.980386
270   0.973517
271   0.965709
272   0.956964
273   0.947626
274   0.937574
275   0.927583
276   0.917538
277   0.90828
278   0.899763
279   0.89251
280   0.887329
281   0.883971
282   0.883388
283   0.885273
284   0.889592
285   0.89614
286   0.903923
287   0.912159
288   0.920426
289   0.928265
290   0.935406
291   0.941967
292   0.947799
293   0.953102
294   0.957813
295   0.962088
296   0.965898
297   0.969351
298   0.972433
299   0.975222
300   0.977712
301   0.980933
302   0.982027
303   0.984556
304   0.987601
305   0.990639
306   0.992986
307   0.994443
308   0.994847
309   0.994079
310   0.992197
311   0.989035
312   0.984782
313   0.979315
314   0.972917
315   0.965504
316   0.957403
317   0.948579
318   0.939267
319   0.929711
320   0.920054
321   0.91044
322   0.901466
323   0.892111
324   0.886765
325   0.880366
326   0.881252
327   0.881596
328   0.888114
329   0.895773
330   0.904268
331   0.913597
332   0.922151
333   0.930318
334   0.937619
335   0.944196
336   0.950055
337   0.955279
338   0.959948
339   0.964112
340   0.967838
341   0.971163
342   0.974138
343   0.976796
344   0.975466
345   0.975814
346   0.978691
347   0.982036
348   0.98587
349   0.988987
350   0.991486
351   0.992834
352   0.993255
353   0.992482
354   0.990654
355   0.987698
356   0.98369
357   0.978705
358   0.97278
359   0.966087
360   0.958594
361   0.950521
362   0.941889
363   0.932939
364   0.92374
365   0.91464
366   0.905547
367   0.897589
368   0.890704
369   0.885942
370   0.884129
371   0.884768
372   0.890068
373   0.897767
374   0.907035
375   0.916756
376   0.925579
377   0.933796
378   0.940908
379   0.947355
380   0.952975
381   0.958039
382   0.962487
383   0.966484
384   0.97001
385   0.973173
386   0.975968
387   0.969999
388   0.970265
389   0.972469
390   0.976087
391   0.980401
392   0.984373
393   0.98765
394   0.989978
395   0.991299
396   0.991618
397   0.990858
398   0.989152
399   0.986404
400   0.982812
401   0.97829
402   0.973042
403   0.967001
404   0.960313
405   0.953006
406   0.945198
407   0.937023
408   0.928645
409   0.92031
410   0.912018
411   0.90449
412   0.897741
413   0.892067
414   0.89
415   0.88858
416   0.895381
417   0.902764
418   0.912657
419   0.922013
420   0.930651
421   0.938243
422   0.945057
423   0.951041
424   0.956385
425   0.9611
426   0.965298
427   0.969016
428   0.972322
429   0.975258
430   0.964586
431   0.964086
432   0.966033
433   0.969232
434   0.974283
435   0.978915
436   0.983081
437   0.986179
438   0.988478
439   0.989654
440   0.989971
441   0.98927
442   0.987742
443   0.985336
444   0.982168
445   0.978254
446   0.973632
447   0.96836
448   0.962445
449   0.956006
450   0.949065
451   0.941828
452   0.934274
453   0.926686
454   0.919227
455   0.912271
456   0.906098
457   0.901588
458   0.898908
459   0.899078
460   0.904577
461   0.911856
462   0.92057
463   0.929205
464   0.936719
465   0.943663
466   0.949749
467   0.955248
468   0.960086
469   0.964425
470   0.968252
471   0.971676
472   0.974702
473   0.959447
474   0.958621
475   0.959724
476   0.962906
477   0.967923
478   0.973204
479   0.978005
480   0.981939
481   0.984945
482   0.986999
483   0.988099
484   0.98837
485   0.987774
486   0.986488
487   0.984434
488   0.981778
489   0.978431
490   0.974512
491   0.969967
492   0.964875
493   0.959278
494   0.953212
495   0.946838
496   0.940097
497   0.93343
498   0.926755
499   0.920822
500   0.915459
501   0.911821
502   0.909607
503   0.910112
504   0.915297
505   0.921557
506   0.929359
507   0.93644
508   0.943185
509   0.949185
510   0.954649
511   0.959508
512   0.963873
513   0.96776
514   0.971233
515   0.974329
516   0.95462
517   0.953039
518   0.953556
519   0.955809
520   0.961335
521   0.967028
522   0.972528
523   0.977096
524   0.98091
525   0.983627
526   0.985566
527   0.986558
528   0.986887
529   0.986455
530   0.985458
531   0.983827
532   0.981665
533   0.978924
534   0.975647
535   0.971823
536   0.967474
537   0.962644
538   0.957354
539   0.951708
540   0.945819
541   0.939885
542   0.934144
543   0.928865
544   0.924512
545   0.921349
546   0.92041
547   0.92175
548   0.926393
549   0.932019
550   0.938126
551   0.944055
552   0.949644
553   0.954803
554   0.9595
555   0.963765
556   0.967605
557   0.971068
558   0.974172
559   0.950268
560   0.948217
561   0.94787
562   0.949968
563   0.954906
564   0.960915
565   0.966866
566   0.972129
567   0.976528
568   0.979973
569   0.982498
570   0.984236
571   0.985211
572   0.985611
573   0.985392
574   0.984721
575   0.9835
576   0.981846
577   0.979655
578   0.976992
579   0.973807
580   0.970116
581   0.965971
582   0.961331
583   0.956432
584   0.951196
585   0.946095
586   0.941001
587   0.936701
588   0.93305
589   0.931192
590   0.930885
591   0.932906
592   0.936712
593   0.941241
594   0.946179
595   0.951019
596   0.9557
597   0.96006
598   0.964107
599   0.967809
600   0.971187
601   0.974252
602   0.946444
603   0.943719
604   0.942612
605   0.943402
606   0.948543
607   0.954613
608   0.961052
609   0.966837
610   0.971926
611   0.97593
612   0.979139
613   0.981413
614   0.983087
615   0.984074
616   0.984631
617   0.984665
618   0.984331
619   0.983528
620   0.982328
621   0.980642
622   0.978502
623   0.975848
624   0.972712
625   0.969078
626   0.965037
627   0.960633
628   0.956074
629   0.951461
630   0.947221
631   0.943471
632   0.940959
633   0.939587
634   0.940318
635   0.942335
636   0.945566
637   0.949269
638   0.953295
639   0.957292
640   0.961209
641   0.964907
642   0.96839
643   0.971607
644   0.974582
645   0.943255
646   0.940033
647   0.938135
648   0.938655
649   0.942581
650   0.948549
651   0.955239
652   0.961602
653   0.967217
654   0.971864
655   0.975567
656   0.978453
657   0.980598
658   0.98221
659   0.983289
660   0.984022
661   0.984325
662   0.984324
663   0.983896
664   0.983107
665   0.981847
666   0.980137
667   0.97793
668   0.975209
669   0.972053
670   0.96842
671   0.964566
672   0.960455
673   0.95656
674   0.952888
675   0.950088
676   0.948205
677   0.947747
678   0.948598
679   0.95049
680   0.953143
681   0.956214
682   0.959518
683   0.962863
684   0.96616
685   0.969334
686   0.972341
687   0.975162
688   0.940743
689   0.937018
690   0.934353
691   0.933389
692   0.93694
693   0.942321
694   0.949371
695   0.956204
696   0.962436
697   0.967611
698   0.971924
699   0.975269
700   0.977984
701   0.980024
702   0.981684
703   0.982891
704   0.983837
705   0.984412
706   0.984713
707   0.984616
708   0.984159
709   0.983232
710   0.981855
711   0.979951
712   0.977577
713   0.974705
714   0.971487
715   0.967953
716   0.964425
717   0.960974
718   0.958126
719   0.955887
720   0.954847
721   0.954724
722   0.955707
723   0.95734
724   0.959611
725   0.962155
726   0.964948
727   0.967763
728   0.970603
729   0.973334
730   0.975978
731   0.938937
732   0.93479
733   0.931562
734   0.930208
735   0.931867
736   0.936642
737   0.943624
738   0.950919
739   0.957654
740   0.963429
741   0.968224
742   0.972129
743   0.975246
744   0.9778
745   0.979837
746   0.981568
747   0.982939
748   0.984096
749   0.984916
750   0.985479
751   0.985644
752   0.985442
753   0.984765
754   0.983613
755   0.981962
756   0.9798
757   0.977239
758   0.974285
759   0.971214
760   0.968088
761   0.96531
762   0.962987
763   0.961466
764   0.960768
765   0.960923
766   0.961805
767   0.963272
768   0.965168
769   0.967356
770   0.969715
771   0.972159
772   0.974608
773   0.977014
774   0.937854
775   0.933359
776   0.929578
777   0.927139
778   0.927547
779   0.930473
780   0.937858
781   0.945599
782   0.95283
783   0.95914
784   0.964515
785   0.968882
786   0.97252
787   0.975446
788   0.977957
789   0.980034
790   0.981887
791   0.983432
792   0.984782
793   0.985814
794   0.986571
795   0.986926
796   0.986891
797   0.986361
798   0.985362
799   0.983836
800   0.981876
801   0.979482
802   0.976872
803   0.974097
804   0.971517
805   0.969173
806   0.967468
807   0.966314
808   0.965961
809   0.966172
810   0.967042
811   0.968302
812   0.969981
813   0.971851
814   0.973934
815   0.976053
816   0.978233
817   0.937489
818   0.932737
819   0.928446
820   0.925263
821   0.924033
822   0.926264
823   0.932536
824   0.940345
825   0.948007
826   0.954872
827   0.960765
828   0.965688
829   0.96974
830   0.97314
831   0.975979
832   0.978485
833   0.980647
834   0.982628
835   0.984328
836   0.985839
837   0.987019
838   0.98791
839   0.988377
840   0.988429
841   0.987989
842   0.987057
843   0.985657
844   0.983808
845   0.981662
846   0.979286
847   0.976936
848   0.974718
849   0.97289
850   0.971519
851   0.970729
852   0.970495
853   0.970807
854   0.971577
855   0.972741
856   0.974198
857   0.975884
858   0.977706
859   0.979608
860   0.937793
861   0.932908
862   0.928142
863   0.924151
864   0.921451
865   0.921196
866   0.9275
867   0.935237
868   0.943158
869   0.950516
870   0.956966
871   0.962395
872   0.96696
873   0.970744
874   0.974016
875   0.976823
876   0.979377
877   0.981644
878   0.983738
879   0.98557
880   0.987179
881   0.988454
882   0.989396
883   0.989903
884   0.989975
885   0.989544
886   0.988657
887   0.987298
888   0.985602
889   0.983604
890   0.981545
891   0.979474
892   0.97768
893   0.976154
894   0.975137
895   0.974522
896   0.974456
897   0.974768
898   0.975538
899   0.976577
900   0.977934
901   0.979428
902   0.981095
903   0.938684
904   0.933653
905   0.928577
906   0.923839
907   0.920002
908   0.91916
909   0.923184
910   0.930288
911   0.938337
912   0.946119
913   0.953095
914   0.95907
915   0.96409
916   0.968345
917   0.971953
918   0.975152
919   0.977972
920   0.980591
921   0.98294
922   0.985127
923   0.987027
924   0.988692
925   0.989986
926   0.990928
927   0.991416
928   0.991458
929   0.991023
930   0.990134
931   0.988861
932   0.987259
933   0.985491
934   0.983645
935   0.981915
936   0.98038
937   0.979184
938   0.978352
939   0.977948
940   0.977939
941   0.978325
942   0.97904
943   0.98005
944   0.981275
945   0.982665
946   0.940108
947   0.935159
948   0.929805
949   0.924684
950   0.919695
951   0.916395
952   0.919593
953   0.925494
954   0.933542
955   0.941692
956   0.94914
957   0.955635
958   0.961152
959   0.965824
960   0.969849
961   0.973353
962   0.976521
963   0.979383
964   0.982047
965   0.984469
966   0.986687
967   0.98862
968   0.990264
969   0.991533
970   0.992413
971   0.992838
972   0.992823
973   0.992341
974   0.991471
975   0.990232
976   0.988779
977   0.987158
978   0.985578
979   0.984062
980   0.982819
981   0.981814
982   0.98121
983   0.980909
984   0.981026
985   0.98142
986   0.982165
987   0.983102
988   0.984273
989   0.941954
990   0.936987
991   0.93164
992   0.926116
993   0.920748
994   0.917039
995   0.916931
996   0.921427
997   0.928982
998   0.937262
999   0.945137
1000   0.952091
1001   0.958075
1002   0.9632
1003   0.967584
1004   0.971463
1005   0.974893
1006   0.978066
1007   0.980943
1008   0.983648
1009   0.986079
1010   0.988304
1011   0.990199
1012   0.991796
1013   0.992985
1014   0.993781
1015   0.994125
1016   0.994037
1017   0.993536
1018   0.992663
1019   0.991515
1020   0.990161
1021   0.988744
1022   0.987337
1023   0.986077
1024   0.985014
1025   0.984239
1026   0.983761
1027   0.98362
1028   0.983787
1029   0.984258
1030   0.984974
1031   0.985897
1032   0.94418
1033   0.939458
1034   0.934109
1035   0.928619
1036   0.922837
1037   0.917986
1038   0.916052
1039   0.917198
1040   0.924593
1041   0.933015
1042   0.941071
1043   0.948489
1044   0.954888
1045   0.960438
1046   0.96521
1047   0.969405
1048   0.973157
1049   0.976563
1050   0.97971
1051   0.98261
1052   0.985292
1053   0.987719
1054   0.98988
1055   0.991719
1056   0.993211
1057   0.994304
1058   0.994988
1059   0.995239
1060   0.995089
1061   0.994548
1062   0.993712
1063   0.992616
1064   0.991407
1065   0.990122
1066   0.988928
1067   0.987831
1068   0.986988
1069   0.986353
1070   0.986053
1071   0.985997
1072   0.986275
1073   0.986757
1074   0.987496
1075   0.946675
1076   0.942095
1077   0.937023
1078   0.931554
1079   0.925799
1080   0.920475
1081   0.916488
1082   0.916378
1083   0.921166
1084   0.928866
1085   0.937071
1086   0.944768
1087   0.951583
1088   0.957519
1089   0.962641
1090   0.967183
1091   0.971195
1092   0.974887
1093   0.978233
1094   0.981375
1095   0.984233
1096   0.986894
1097   0.989248
1098   0.991344
1099   0.993074
1100   0.994463
1101   0.995438
1102   0.996019
1103   0.996188
1104   0.99598
1105   0.995441
1106   0.994626
1107   0.993631
1108   0.992522
1109   0.991414
1110   0.990364
1111   0.989472
1112   0.98877
1113   0.988322
1114   0.988127
1115   0.988206
1116   0.988523
1117   0.989056
1118   0.949383
1119   0.94517
1120   0.940317
1121   0.935209
1122   0.92951
1123   0.924074
1124   0.918786
1125   0.915318
1126   0.919005
1127   0.925349
1128   0.933327
1129   0.941257
1130   0.948289
1131   0.954572
1132   0.959993
1133   0.964824
1134   0.969116
1135   0.973029
1136   0.976612
1137   0.979931
1138   0.982999
1139   0.985826
1140   0.988394
1141   0.990681
1142   0.992652
1143   0.994279
1144   0.995533
1145   0.996398
1146   0.996873
1147   0.996965
1148   0.996722
1149   0.996174
1150   0.995416
1151   0.994487
1152   0.993516
1153   0.992527
1154   0.991659
1155   0.990904
1156   0.990387
1157   0.990056
1158   0.99001
1159   0.990153
1160   0.990544
1161   0.952189
1162   0.948205
1163   0.943764
1164   0.938896
1165   0.933575
1166   0.928044
1167   0.922621
1168   0.918763
1169   0.918287
1170   0.922972
1171   0.930205
1172   0.937911
1173   0.945108
1174   0.95158
1175   0.95725
1176   0.962346
1177   0.966858
1178   0.971015
1179   0.974774
1180   0.978302
1181   0.98152
1182   0.984542
1183   0.987265
1184   0.989759
1185   0.99192
1186   0.993788
1187   0.995281
1188   0.996424
1189   0.997176
1190   0.997565
1191   0.997604
1192   0.997334
1193   0.996814
1194   0.996097
1195   0.995275
1196   0.994403
1197   0.993574
1198   0.992834
1199   0.992256
1200   0.99186
1201   0.991686
1202   0.991719
1203   0.99195
1204   0.955048
1205   0.95145
1206   0.947319
1207   0.942929
1208   0.93794
1209   0.932866
1210   0.927441
1211   0.922891
1212   0.920824
1213   0.921436
1214   0.927884
1215   0.935359
1216   0.942314
1217   0.948906
1218   0.954675
1219   0.959941
1220   0.964635
1221   0.968952
1222   0.972891
1223   0.976556
1224   0.979941
1225   0.983092
1226   0.985983
1227   0.988626
1228   0.990979
1229   0.993036
1230   0.994757
1231   0.996136
1232   0.99715
1233   0.997806
1234   0.998118
1235   0.998109
1236   0.997834
1237   0.997329
1238   0.996685
1239   0.995936
1240   0.995196
1241   0.99448
1242   0.993902
1243   0.993445
1244   0.993205
1245   0.99312
1246   0.993253
1247   0.957877
1248   0.954528
1249   0.950825
1250   0.946776
1251   0.942344
1252   0.937627
1253   0.932782
1254   0.928286
1255   0.924949
1256   0.924465
1257   0.927181
1258   0.933519
1259   0.940109
1260   0.946566
1261   0.952325
1262   0.95768
1263   0.962451
1264   0.966911
1265   0.970944
1266   0.974752
1267   0.97823
1268   0.981522
1269   0.98452
1270   0.987319
1271   0.989812
1272   0.992058
1273   0.993965
1274   0.995573
1275   0.996818
1276   0.997734
1277   0.9983
1278   0.998553
1279   0.998518
1280   0.99824
1281   0.997781
1282   0.997192
1283   0.996552
1284   0.99591
1285   0.995341
1286   0.994878
1287   0.994572
1288   0.994427
1289   0.994448
1290   0.960654
1291   0.957649
1292   0.954264
1293   0.950685
1294   0.946687
1295   0.942592
1296   0.93822
1297   0.93423
1298   0.930593
1299   0.928396
1300   0.929905
1301   0.933475
1302   0.939253
1303   0.945247
1304   0.950723
1305   0.955925
1306   0.960675
1307   0.965114
1308   0.969202
1309   0.973037
1310   0.976598
1311   0.979944
1312   0.983045
1313   0.985929
1314   0.988554
1315   0.99093
1316   0.99301
1317   0.994797
1318   0.996256
1319   0.997394
1320   0.998199
1321   0.998691
1322   0.998892
1323   0.998834
1324   0.998571
1325   0.998144
1326   0.997633
1327   0.997072
1328   0.996555
1329   0.996091
1330   0.995769
1331   0.995559
1332   0.995521
1333   0.963333
1334   0.960562
1335   0.957552
1336   0.954311
1337   0.950835
1338   0.947175
1339   0.943461
1340   0.939814
1341   0.93669
1342   0.93435
1343   0.933929
1344   0.936125
1345   0.939781
1346   0.944947
1347   0.949837
1348   0.954787
1349   0.959301
1350   0.963666
1351   0.967659
1352   0.971496
1353   0.97503
1354   0.97842
1355   0.981541
1356   0.984506
1357   0.987197
1358   0.989695
1359   0.991895
1360   0.99385
1361   0.995481
1362   0.996828
1363   0.997845
1364   0.998568
1365   0.998991
1366   0.999154
1367   0.999089
1368   0.998841
1369   0.998469
1370   0.99802
1371   0.997564
1372   0.997141
1373   0.996806
1374   0.996577
1375   0.996473
1376   0.965909
1377   0.963419
1378   0.960689
1379   0.957832
1380   0.954735
1381   0.951577
1382   0.948299
1383   0.945188
1384   0.942342
1385   0.940206
1386   0.939307
1387   0.939841
1388   0.942531
1389   0.946163
1390   0.95033
1391   0.954579
1392   0.958748
1393   0.96278
1394   0.966618
1395   0.970292
1396   0.973768
1397   0.977085
1398   0.980207
1399   0.983161
1400   0.985905
1401   0.988451
1402   0.990752
1403   0.992815
1404   0.994596
1405   0.996104
1406   0.99731
1407   0.99823
1408   0.99886
1409   0.999227
1410   0.999356
1411   0.999283
1412   0.999062
1413   0.998731
1414   0.998363
1415   0.997984
1416   0.997672
1417   0.997423
1418   0.997296
1419   0.968361
1420   0.96608
1421   0.96365
1422   0.96108
1423   0.958385
1424   0.955593
1425   0.952808
1426   0.950078
1427   0.947696
1428   0.945726
1429   0.944753
1430   0.944678
1431   0.94604
1432   0.948587
1433   0.951693
1434   0.955257
1435   0.958823
1436   0.96249
1437   0.96599
1438   0.969475
1439   0.97276
1440   0.975989
1441   0.979011
1442   0.981945
1443   0.984659
1444   0.987242
1445   0.989578
1446   0.991733
1447   0.993611
1448   0.995262
1449   0.996618
1450   0.997718
1451   0.99853
1452   0.999091
1453   0.999405
1454   0.99951
1455   0.999443
1456   0.999245
1457   0.998972
1458   0.998667
1459   0.998383
1460   0.99815
1461   0.997995
1462   0.970694
1463   0.968639
1464   0.966443
1465   0.964168
1466   0.961771
1467   0.959346
1468   0.956896
1469   0.954555
1470   0.95243
1471   0.950684
1472   0.949597
1473   0.949222
1474   0.949977
1475   0.951577
1476   0.953916
1477   0.956671
1478   0.959687
1479   0.96282
1480   0.96598
1481   0.969129
1482   0.972211
1483   0.975231
1484   0.978143
1485   0.980958
1486   0.983629
1487   0.986166
1488   0.98852
1489   0.990696
1490   0.992648
1491   0.994383
1492   0.995861
1493   0.997097
1494   0.998067
1495   0.998793
1496   0.999275
1497   0.999545
1498   0.999628
1499   0.999563
1500   0.999398
1501   0.999168
1502   0.998938
1503   0.998721
1504   0.998571
1505   0.972902
1506   0.971029
1507   0.969067
1508   0.967028
1509   0.964928
1510   0.962787
1511   0.960679
1512   0.958628
1513   0.956802
1514   0.955227
1515   0.954175
1516   0.953651
1517   0.953908
1518   0.954915
1519   0.956513
1520   0.958641
1521   0.961028
1522   0.963691
1523   0.966398
1524   0.969232
1525   0.972004
1526   0.974822
1527   0.977527
1528   0.980224
1529   0.982768
1530   0.985255
1531   0.987553
1532   0.98974
1533   0.991703
1534   0.993504
1535   0.995055
1536   0.996405
1537   0.997495
1538   0.998367
1539   0.998997
1540   0.999421
1541   0.999649
1542   0.999718
1543   0.999664
1544   0.999526
1545   0.999353
1546   0.999177
1547   0.999032
1548   0.974989
1549   0.9733
1550   0.971532
1551   0.969719
1552   0.967852
1553   0.965979
1554   0.964121
1555   0.962342
1556   0.960719
1557   0.959325
1558   0.958308
1559   0.957716
1560   0.957723
1561   0.958283
1562   0.959404
1563   0.960957
1564   0.962861
1565   0.965016
1566   0.967339
1567   0.969779
1568   0.972273
1569   0.974802
1570   0.977315
1571   0.979807
1572   0.98223
1573   0.984585
1574   0.986823
1575   0.988945
1576   0.990905
1577   0.992706
1578   0.994307
1579   0.995715
1580   0.9969
1581   0.997876
1582   0.998628
1583   0.999181
1584   0.999537
1585   0.999731
1586   0.999786
1587   0.999739
1588   0.999635
1589   0.999501
1590   0.999383
1591   0.976956
1592   0.975424
1593   0.973844
1594   0.972222
1595   0.970577
1596   0.968922
1597   0.967305
1598   0.965743
1599   0.96433
1600   0.963082
1601   0.962139
1602   0.96152
1603   0.961345
1604   0.961628
1605   0.962342
1606   0.963487
1607   0.964927
1608   0.966683
1609   0.968589
1610   0.970702
1611   0.972856
1612   0.975137
1613   0.977387
1614   0.9797
1615   0.98193
1616   0.984166
1617   0.986274
1618   0.988334
1619   0.990226
1620   0.992019
1621   0.993611
1622   0.995062
1623   0.996293
1624   0.997352
1625   0.998193
1626   0.998856
1627   0.999323
1628   0.99963
1629   0.99979
1630   0.999837
1631   0.999805
1632   0.999727
1633   0.999636
1634   0.978807
1635   0.977427
1636   0.976007
1637   0.974563
1638   0.973101
1639   0.971645
1640   0.970219
1641   0.968855
1642   0.967602
1643   0.9665
1644   0.965626
1645   0.965017
1646   0.964752
1647   0.964841
1648   0.965304
1649   0.96611
1650   0.967225
1651   0.968604
1652   0.970192
1653   0.971955
1654   0.973838
1655   0.975822
1656   0.977854
1657   0.979926
1658   0.98199
1659   0.984041
1660   0.986033
1661   0.987963
1662   0.989788
1663   0.991507
1664   0.993081
1665   0.994512
1666   0.99577
1667   0.996862
1668   0.997767
1669   0.9985
1670   0.999055
1671   0.999454
1672   0.999704
1673   0.999837
1674   0.999876
1675   0.999853
1676   0.999802
1677   0.980543
1678   0.979299
1679   0.978029
1680   0.97674
1681   0.975448
1682   0.974161
1683   0.972913
1684   0.971712
1685   0.970615
1686   0.969634
1687   0.968841
1688   0.968255
1689   0.967937
1690   0.967911
1691   0.968175
1692   0.968754
1693   0.96958
1694   0.970686
1695   0.971961
1696   0.973459
1697   0.975046
1698   0.976796
1699   0.978568
1700   0.980446
1701   0.982291
1702   0.98419
1703   0.986009
1704   0.987829
1705   0.989529
1706   0.991182
1707   0.99268
1708   0.99409
1709   0.995322
1710   0.996433
1711   0.997358
1712   0.998145
1713   0.998755
1714   0.999228
1715   0.999553
1716   0.999763
1717   0.999871
1718   0.999906
1719   0.999894
1720   0.982169
1721   0.981051
1722   0.979914
1723   0.978766
1724   0.977618
1725   0.976484
1726   0.975382
1727   0.974331
1728   0.97336
1729   0.972497
1730   0.971779
1731   0.971236
1732   0.970906
1733   0.970809
1734   0.970961
1735   0.971363
1736   0.972003
1737   0.972868
1738   0.973926
1739   0.975162
1740   0.976533
1741   0.978028
1742   0.979603
1743   0.981249
1744   0.982924
1745   0.984621
1746   0.9863
1747   0.987956
1748   0.989549
1749   0.991078
1750   0.992508
1751   0.993838
1752   0.995039
1753   0.996116
1754   0.997047
1755   0.99784
1756   0.998486
1757   0.998999
1758   0.999379
1759   0.999646
1760   0.999811
1761   0.999898
1762   0.999927
1763   0.983688
1764   0.982684
1765   0.981668
1766   0.980646
1767   0.97963
1768   0.978627
1769   0.977659
1770   0.976733
1771   0.975884
1772   0.975119
1773   0.974482
1774   0.973984
1775   0.97366
1776   0.973532
1777   0.9736
1778   0.973895
1779   0.974376
1780   0.975082
1781   0.975934
1782   0.976986
1783   0.978134
1784   0.979444
1785   0.980798
1786   0.982271
1787   0.98374
1788   0.985284
1789   0.986779
1790   0.988307
1791   0.989747
1792   0.991178
1793   0.99249
1794   0.993754
1795   0.994877
1796   0.995921
1797   0.996813
1798   0.997607
1799   0.998251
1800   0.998791
1801   0.999197
1802   0.999508
1803   0.999715
1804   0.999848
1805   0.999917
1806   0.985102
1807   0.984204
1808   0.983296
1809   0.982387
1810   0.981484
1811   0.980599
1812   0.979744
1813   0.978932
1814   0.978184
1815   0.977516
1816   0.976951
1817   0.976509
1818   0.976211
1819   0.976074
1820   0.97611
1821   0.976325
1822   0.976717
1823   0.977284
1824   0.978009
1825   0.978883
1826   0.979883
1827   0.980997
1828   0.982198
1829   0.983473
1830   0.984793
1831   0.986148
1832   0.987508
1833   0.988864
1834   0.990188
1835   0.991473
1836   0.992693
1837   0.993841
1838   0.9949
1839   0.995864
1840   0.996721
1841   0.997471
1842   0.998108
1843   0.998636
1844   0.999057
1845   0.999382
1846   0.999617
1847   0.999778
1848   0.999878
