##### Y Variance #####
0   0.999998
1   0.999892
2   0.999568
3   0.998974
4   0.998082
5   0.996926
6   0.995541
7   0.994012
8   0.992393
9   0.99077
10   0.989188
11   0.987716
12   0.986376
13   0.985214
14   0.984234
15   0.983459
16   0.982878
17   0.982499
18   0.9823
19   0.982279
20   0.98241
21   0.982682
22   0.983071
23   0.983564
24   0.984137
25   0.984777
26   0.985465
27   0.986189
28   0.986934
29   0.987689
30   0.988445
31   0.989193
32   0.989926
33   0.990638
34   0.991325
35   0.991985
36   0.992613
37   0.993208
38   0.993771
39   0.994299
40   0.994793
41   0.995254
42   0.995682
43   0.999963
44   0.999987
45   0.999771
46   0.999257
47   0.998334
48   0.997148
49   0.995597
50   0.993957
51   0.992105
52   0.990346
53   0.988527
54   0.986931
55   0.98539
56   0.984139
57   0.983009
58   0.982187
59   0.981512
60   0.981127
61   0.980885
62   0.980891
63   0.981019
64   0.981344
65   0.981759
66   0.982319
67   0.982938
68   0.983653
69   0.984398
70   0.985198
71   0.986004
72   0.986832
73   0.987649
74   0.988463
75   0.989254
76   0.990026
77   0.990766
78   0.991477
79   0.992152
80   0.992793
81   0.993396
82   0.993963
83   0.994492
84   0.994985
85   0.995443
86   0.999778
87   0.999966
88   0.999956
89   0.9996
90   0.998798
91   0.997595
92   0.996022
93   0.994219
94   0.992254
95   0.990266
96   0.988306
97   0.98648
98   0.984808
99   0.983363
100   0.982137
101   0.981172
102   0.980444
103   0.979968
104   0.979712
105   0.979676
106   0.979822
107   0.980142
108   0.980599
109   0.981182
110   0.981856
111   0.982611
112   0.983419
113   0.984268
114   0.985138
115   0.986019
116   0.986897
117   0.987765
118   0.988613
119   0.989435
120   0.990227
121   0.990984
122   0.991705
123   0.992387
124   0.99303
125   0.993633
126   0.994196
127   0.994721
128   0.995208
129   0.999372
130   0.999752
131   0.99999
132   0.999875
133   0.999255
134   0.99817
135   0.996581
136   0.994751
137   0.992627
138   0.990527
139   0.988348
140   0.986384
141   0.984493
142   0.982923
143   0.981512
144   0.980456
145   0.979592
146   0.979066
147   0.978724
148   0.978674
149   0.978779
150   0.979114
151   0.979564
152   0.980182
153   0.980875
154   0.981677
155   0.982518
156   0.98342
157   0.984332
158   0.985268
159   0.986192
160   0.987112
161   0.988005
162   0.988877
163   0.989711
164   0.990514
165   0.991274
166   0.991996
167   0.992676
168   0.993314
169   0.99391
170   0.994465
171   0.99498
172   0.998673
173   0.999215
174   0.99978
175   1
176   0.999698
177   0.998814
178   0.997374
179   0.995534
180   0.993402
181   0.991149
182   0.988868
183   0.98669
184   0.984666
185   0.982879
186   0.981345
187   0.980104
188   0.979146
189   0.978482
190   0.978082
191   0.977941
192   0.978022
193   0.978308
194   0.978761
195   0.979362
196   0.980076
197   0.980885
198   0.981759
199   0.982683
200   0.983634
201   0.9846
202   0.985565
203   0.98652
204   0.987454
205   0.988362
206   0.989236
207   0.990074
208   0.990872
209   0.991627
210   0.992341
211   0.99301
212   0.993637
213   0.99422
214   0.994762
215   0.997636
216   0.998379
217   0.999262
218   0.999869
219   0.999954
220   0.999386
221   0.998149
222   0.996449
223   0.994314
224   0.992049
225   0.989629
226   0.98735
227   0.985128
228   0.98321
229   0.981474
230   0.980112
231   0.978982
232   0.978224
233   0.977695
234   0.977493
235   0.977487
236   0.977743
237   0.978146
238   0.97874
239   0.979433
240   0.980252
241   0.981125
242   0.982071
243   0.983035
244   0.984029
245   0.985015
246   0.986001
247   0.986962
248   0.987901
249   0.988804
250   0.989674
251   0.990501
252   0.991287
253   0.992029
254   0.992727
255   0.993381
256   0.993991
257   0.994557
258   0.996215
259   0.996993
260   0.99831
261   0.999378
262   0.999966
263   0.999819
264   0.998937
265   0.997435
266   0.995457
267   0.993183
268   0.990763
269   0.988343
270   0.986029
271   0.983915
272   0.982054
273   0.980493
274   0.979243
275   0.978314
276   0.977689
277   0.977355
278   0.977282
279   0.977444
280   0.977807
281   0.978341
282   0.979016
283   0.979801
284   0.980672
285   0.981603
286   0.982576
287   0.98357
288   0.984572
289   0.985567
290   0.986548
291   0.987504
292   0.98843
293   0.989319
294   0.990171
295   0.99098
296   0.991747
297   0.992468
298   0.993147
299   0.993779
300   0.994369
301   0.994466
302   0.995387
303   0.996967
304   0.998513
305   0.999644
306   0.999999
307   0.999541
308   0.998374
309   0.996588
310   0.994452
311   0.992024
312   0.989593
313   0.987149
314   0.984941
315   0.9829
316   0.981217
317   0.979784
318   0.978738
319   0.977954
320   0.977525
321   0.977326
322   0.977417
323   0.977688
324   0.978176
325   0.978787
326   0.979544
327   0.980375
328   0.981293
329   0.982244
330   0.983236
331   0.98423
332   0.985231
333   0.986214
334   0.987181
335   0.988116
336   0.989021
337   0.989887
338   0.990714
339   0.991499
340   0.99224
341   0.992938
342   0.993592
343   0.994201
344   0.992434
345   0.993062
346   0.995076
347   0.997113
348   0.99886
349   0.999842
350   0.999928
351   0.999177
352   0.997734
353   0.995769
354   0.99348
355   0.99103
356   0.988579
357   0.98624
358   0.984113
359   0.982253
360   0.980706
361   0.979481
362   0.978585
363   0.977997
364   0.977702
365   0.977665
366   0.97786
367   0.978248
368   0.978804
369   0.979489
370   0.980282
371   0.981149
372   0.982076
373   0.983035
374   0.984016
375   0.984999
376   0.985978
377   0.986937
378   0.987876
379   0.988782
380   0.989658
381   0.990493
382   0.991291
383   0.992045
384   0.992759
385   0.993428
386   0.994056
387   0.990371
388   0.991111
389   0.99286
390   0.995225
391   0.997592
392   0.999249
393   0.999971
394   0.999748
395   0.998701
396   0.997045
397   0.994914
398   0.992578
399   0.990109
400   0.987753
401   0.985507
402   0.983562
403   0.981854
404   0.980519
405   0.979459
406   0.978761
407   0.97832
408   0.978185
409   0.978258
410   0.978566
411   0.979024
412   0.979646
413   0.980363
414   0.981183
415   0.982055
416   0.98298
417   0.983923
418   0.984883
419   0.985838
420   0.986786
421   0.987712
422   0.988615
423   0.989486
424   0.990325
425   0.991127
426   0.991891
427   0.992615
428   0.993297
429   0.993936
430   0.988264
431   0.988704
432   0.990397
433   0.992679
434   0.995771
435   0.998189
436   0.999597
437   0.999991
438   0.999462
439   0.998175
440   0.99634
441   0.99414
442   0.991782
443   0.9894
444   0.987143
445   0.98508
446   0.983296
447   0.981806
448   0.980644
449   0.979787
450   0.979239
451   0.978958
452   0.978933
453   0.979115
454   0.979488
455   0.980006
456   0.980654
457   0.981391
458   0.982207
459   0.983068
460   0.983969
461   0.984883
462   0.985809
463   0.986724
464   0.987633
465   0.988517
466   0.989381
467   0.990211
468   0.991013
469   0.991777
470   0.992507
471   0.993195
472   0.993845
473   0.986193
474   0.986506
475   0.987799
476   0.990221
477   0.993565
478   0.996623
479   0.998775
480   0.999843
481   0.999899
482   0.99909
483   0.997592
484   0.995655
485   0.993419
486   0.99113
487   0.98885
488   0.986772
489   0.984884
490   0.983318
491   0.982017
492   0.98106
493   0.980366
494   0.97998
495   0.979817
496   0.9799
497   0.98015
498   0.980579
499   0.981123
500   0.981784
501   0.982514
502   0.983313
503   0.984147
504   0.985012
505   0.985887
506   0.986768
507   0.987641
508   0.988502
509   0.989343
510   0.990162
511   0.990953
512   0.991713
513   0.992441
514   0.993133
515   0.993786
516   0.984167
517   0.984142
518   0.985081
519   0.986987
520   0.990928
521   0.994628
522   0.997467
523   0.999264
524   0.999969
525   0.999705
526   0.998657
527   0.997023
528   0.995033
529   0.992849
530   0.990658
531   0.988553
532   0.986654
533   0.984988
534   0.983619
535   0.982527
536   0.981739
537   0.981209
538   0.980943
539   0.980887
540   0.981037
541   0.98134
542   0.981791
543   0.982343
544   0.982994
545   0.983702
546   0.984468
547   0.985261
548   0.986083
549   0.986908
550   0.987742
551   0.988563
552   0.989379
553   0.990171
554   0.990949
555   0.991695
556   0.992419
557   0.993105
558   0.993761
559   0.982255
560   0.981928
561   0.982419
562   0.984354
563   0.988075
564   0.992182
565   0.99571
566   0.998217
567   0.999629
568   0.999977
569   0.999429
570   0.998202
571   0.996485
572   0.994519
573   0.992423
574   0.990396
575   0.988474
576   0.986795
577   0.985336
578   0.984177
579   0.983266
580   0.982642
581   0.982242
582   0.982081
583   0.982099
584   0.982298
585   0.982626
586   0.983082
587   0.983624
588   0.984247
589   0.984922
590   0.985643
591   0.986391
592   0.98716
593   0.987936
594   0.988715
595   0.98949
596   0.990254
597   0.991004
598   0.991735
599   0.992443
600   0.993122
601   0.993771
602   0.98051
603   0.979844
604   0.9798
605   0.980867
606   0.984916
607   0.989363
608   0.993467
609   0.996713
610   0.998838
611   0.999857
612   0.999883
613   0.999111
614   0.99777
615   0.996046
616   0.994154
617   0.992207
618   0.99036
619   0.988654
620   0.987184
621   0.985937
622   0.984963
623   0.984218
624   0.983726
625   0.983432
626   0.983346
627   0.983412
628   0.983636
629   0.983967
630   0.984411
631   0.984924
632   0.985512
633   0.986139
634   0.986814
635   0.987506
636   0.988225
637   0.988945
638   0.989677
639   0.990398
640   0.99112
641   0.991822
642   0.992514
643   0.993176
644   0.993818
645   0.978987
646   0.977946
647   0.977466
648   0.978439
649   0.981682
650   0.986168
651   0.990799
652   0.99472
653   0.997605
654   0.999313
655   0.999963
656   0.99972
657   0.998791
658   0.997407
659   0.995733
660   0.993967
661   0.992195
662   0.990554
663   0.989062
664   0.9878
665   0.986744
666   0.985935
667   0.985329
668   0.984942
669   0.984728
670   0.984689
671   0.984785
672   0.98501
673   0.985332
674   0.985745
675   0.986225
676   0.986764
677   0.987346
678   0.987964
679   0.988607
680   0.989268
681   0.989941
682   0.99062
683   0.991299
684   0.991971
685   0.992634
686   0.99328
687   0.993904
688   0.977749
689   0.976442
690   0.97539
691   0.975318
692   0.978344
693   0.982531
694   0.987646
695   0.992282
696   0.995882
697   0.998334
698   0.999637
699   0.99997
700   0.999528
701   0.998516
702   0.997154
703   0.995582
704   0.993976
705   0.992398
706   0.990964
707   0.989677
708   0.988605
709   0.987715
710   0.987045
711   0.986545
712   0.98624
713   0.986075
714   0.986067
715   0.986164
716   0.986382
717   0.986674
718   0.987055
719   0.987486
720   0.987981
721   0.988507
722   0.989077
723   0.989663
724   0.99028
725   0.990899
726   0.991537
727   0.992167
728   0.992802
729   0.993419
730   0.994026
731   0.97681
732   0.97515
733   0.97379
734   0.973472
735   0.975087
736   0.978873
737   0.984169
738   0.98937
739   0.993719
740   0.996875
741   0.998884
742   0.99983
743   0.999917
744   0.999351
745   0.998325
746   0.997036
747   0.995606
748   0.994177
749   0.992801
750   0.991563
751   0.990467
752   0.989555
753   0.988809
754   0.988243
755   0.987831
756   0.987573
757   0.987444
758   0.987438
759   0.987533
760   0.987721
761   0.987986
762   0.98832
763   0.988711
764   0.989151
765   0.989632
766   0.990147
767   0.99069
768   0.991255
769   0.991836
770   0.992425
771   0.99302
772   0.993609
773   0.994187
774   0.976221
775   0.974358
776   0.972568
777   0.971509
778   0.972132
779   0.974472
780   0.980265
781   0.986115
782   0.991057
783   0.994971
784   0.99766
785   0.999272
786   0.999928
787   0.999844
788   0.999224
789   0.998237
790   0.997063
791   0.995791
792   0.99455
793   0.99336
794   0.992306
795   0.991368
796   0.990598
797   0.989956
798   0.989478
799   0.989116
800   0.988897
801   0.988773
802   0.988769
803   0.988838
804   0.989003
805   0.989225
806   0.989523
807   0.989862
808   0.990262
809   0.990691
810   0.991167
811   0.991661
812   0.99219
813   0.992725
814   0.993281
815   0.993831
816   0.994384
817   0.975982
818   0.973867
819   0.971742
820   0.970085
821   0.969518
822   0.971408
823   0.97639
824   0.9824
825   0.987975
826   0.992542
827   0.995976
828   0.998249
829   0.999523
830   0.999966
831   0.999785
832   0.999169
833   0.998271
834   0.99723
835   0.996132
836   0.995061
837   0.994052
838   0.993146
839   0.99235
840   0.991681
841   0.991132
842   0.990704
843   0.990387
844   0.990175
845   0.99006
846   0.990034
847   0.990087
848   0.990212
849   0.990404
850   0.990654
851   0.990959
852   0.99131
853   0.991705
854   0.992134
855   0.992597
856   0.993083
857   0.993588
858   0.994101
859   0.994616
860   0.976089
861   0.973901
862   0.971365
863   0.969139
864   0.9674
865   0.967324
866   0.972434
867   0.978548
868   0.98447
869   0.98971
870   0.9938
871   0.996785
872   0.998671
873   0.99968
874   0.999977
875   0.999758
876   0.999194
877   0.998402
878   0.997512
879   0.996569
880   0.995664
881   0.994797
882   0.994028
883   0.993334
884   0.992756
885   0.992261
886   0.991881
887   0.991578
888   0.991381
889   0.991251
890   0.991214
891   0.991235
892   0.991337
893   0.991487
894   0.991709
895   0.99197
896   0.992293
897   0.992646
898   0.993049
899   0.993472
900   0.993932
901   0.994397
902   0.994879
903   0.976484
904   0.974108
905   0.971362
906   0.968517
907   0.965973
908   0.965521
909   0.968801
910   0.974434
911   0.980653
912   0.986392
913   0.991191
914   0.994822
915   0.997371
916   0.99895
917   0.999761
918   0.99998
919   0.999777
920   0.999289
921   0.998625
922   0.997871
923   0.997084
924   0.99631
925   0.995577
926   0.994905
927   0.994306
928   0.993783
929   0.993343
930   0.992982
931   0.992701
932   0.992495
933   0.992364
934   0.9923
935   0.992306
936   0.992373
937   0.992502
938   0.992686
939   0.992925
940   0.993211
941   0.993543
942   0.993911
943   0.994312
944   0.994734
945   0.99517
946   0.977161
947   0.974851
948   0.971838
949   0.968743
950   0.965282
951   0.962902
952   0.965544
953   0.97023
954   0.976551
955   0.982797
956   0.98814
957   0.992461
958   0.995604
959   0.99779
960   0.999112
961   0.999797
962   0.999985
963   0.999824
964   0.999433
965   0.998884
966   0.998265
967   0.9976
968   0.996951
969   0.996314
970   0.995736
971   0.995196
972   0.994732
973   0.994318
974   0.993986
975   0.993705
976   0.993506
977   0.993357
978   0.993287
979   0.993266
980   0.993319
981   0.993418
982   0.993587
983   0.993796
984   0.994067
985   0.994369
986   0.99472
987   0.995088
988   0.995486
989   0.978038
990   0.975632
991   0.972642
992   0.969198
993   0.96553
994   0.962882
995   0.962853
996   0.96642
997   0.972426
998   0.978869
999   0.984774
1000   0.989628
1001   0.993413
1002   0.996154
1003   0.998025
1004   0.999181
1005   0.999789
1006   0.999988
1007   0.999892
1008   0.999594
1009   0.999164
1010   0.998654
1011   0.998108
1012   0.99755
1013   0.997008
1014   0.996491
1015   0.996016
1016   0.995585
1017   0.995208
1018   0.994883
1019   0.994619
1020   0.99441
1021   0.994264
1022   0.994175
1023   0.994149
1024   0.99418
1025   0.994271
1026   0.994415
1027   0.994615
1028   0.994861
1029   0.995152
1030   0.995474
1031   0.995821
1032   0.979118
1033   0.976889
1034   0.973846
1035   0.970462
1036   0.966475
1037   0.963001
1038   0.961491
1039   0.962284
1040   0.968239
1041   0.974933
1042   0.981083
1043   0.986525
1044   0.990806
1045   0.99414
1046   0.996501
1047   0.998151
1048   0.999175
1049   0.999754
1050   0.999978
1051   0.999951
1052   0.999745
1053   0.999412
1054   0.999007
1055   0.998548
1056   0.998082
1057   0.997605
1058   0.997155
1059   0.99672
1060   0.996332
1061   0.995973
1062   0.995673
1063   0.995409
1064   0.995211
1065   0.995056
1066   0.99497
1067   0.994929
1068   0.994959
1069   0.995033
1070   0.995176
1071   0.995357
1072   0.995598
1073   0.995864
1074   0.996171
1075   0.980318
1076   0.97812
1077   0.975299
1078   0.971905
1079   0.96799
1080   0.964142
1081   0.961077
1082   0.960946
1083   0.964739
1084   0.970858
1085   0.97727
1086   0.983052
1087   0.987885
1088   0.991693
1089   0.994578
1090   0.996684
1091   0.998148
1092   0.999112
1093   0.999679
1094   0.999948
1095   0.99999
1096   0.999866
1097   0.999626
1098   0.999303
1099   0.998933
1100   0.998532
1101   0.998126
1102   0.997722
1103   0.997337
1104   0.996975
1105   0.996649
1106   0.996357
1107   0.996114
1108   0.995915
1109   0.99577
1110   0.995677
1111   0.995643
1112   0.995663
1113   0.995742
1114   0.995872
1115   0.996054
1116   0.996275
1117   0.99653
1118   0.981622
1119   0.979687
1120   0.976987
1121   0.973901
1122   0.970023
1123   0.966149
1124   0.96206
1125   0.959252
1126   0.962194
1127   0.967217
1128   0.973508
1129   0.979628
1130   0.984752
1131   0.989045
1132   0.992328
1133   0.994895
1134   0.996751
1135   0.998108
1136   0.999011
1137   0.999589
1138   0.999894
1139   0.999998
1140   0.999947
1141   0.99978
1142   0.999536
1143   0.999232
1144   0.9989
1145   0.998545
1146   0.998194
1147   0.997842
1148   0.997518
1149   0.997211
1150   0.996946
1151   0.99671
1152   0.996529
1153   0.996385
1154   0.996306
1155   0.996269
1156   0.9963
1157   0.996373
1158   0.996508
1159   0.996677
1160   0.996892
1161   0.982942
1162   0.981106
1163   0.978724
1164   0.975793
1165   0.972258
1166   0.968316
1167   0.964222
1168   0.961189
1169   0.960748
1170   0.964441
1171   0.97018
1172   0.976176
1173   0.981587
1174   0.986155
1175   0.989841
1176   0.992782
1177   0.995036
1178   0.996757
1179   0.998005
1180   0.998894
1181   0.999474
1182   0.999821
1183   0.999977
1184   0.999989
1185   0.999891
1186   0.999709
1187   0.999471
1188   0.999192
1189   0.998892
1190   0.998579
1191   0.998272
1192   0.997973
1193   0.997698
1194   0.997448
1195   0.997236
1196   0.997063
1197   0.99694
1198   0.996864
1199   0.996844
1200   0.996874
1201   0.996958
1202   0.997086
1203   0.997253
1204   0.984265
1205   0.982694
1206   0.980504
1207   0.977961
1208   0.974683
1209   0.971163
1210   0.967109
1211   0.963611
1212   0.961914
1213   0.96226
1214   0.967416
1215   0.973321
1216   0.978605
1217   0.983426
1218   0.987317
1219   0.990589
1220   0.993146
1221   0.995201
1222   0.996753
1223   0.997938
1224   0.998782
1225   0.999371
1226   0.999739
1227   0.999939
1228   1
1229   0.999955
1230   0.99983
1231   0.999642
1232   0.999416
1233   0.999157
1234   0.998889
1235   0.998612
1236   0.998349
1237   0.998095
1238   0.997874
1239   0.997677
1240   0.997529
1241   0.997415
1242   0.99736
1243   0.997346
1244   0.997392
1245   0.997474
1246   0.997605
1247   0.985527
1248   0.984073
1249   0.982202
1250   0.979895
1251   0.977093
1252   0.973873
1253   0.970361
1254   0.966952
1255   0.96432
1256   0.963866
1257   0.965951
1258   0.970952
1259   0.976043
1260   0.980844
1261   0.984884
1262   0.988363
1263   0.991172
1264   0.993501
1265   0.995324
1266   0.996776
1267   0.997868
1268   0.998691
1269   0.999268
1270   0.999658
1271   0.999886
1272   0.999989
1273   0.999989
1274   0.999909
1275   0.99977
1276   0.999584
1277   0.99937
1278   0.999135
1279   0.998897
1280   0.998659
1281   0.998438
1282   0.998236
1283   0.998067
1284   0.997934
1285   0.997845
1286   0.997801
1287   0.997807
1288   0.997856
1289   0.997945
1290   0.986731
1291   0.985499
1292   0.983826
1293   0.981888
1294   0.979425
1295   0.976746
1296   0.973645
1297   0.970721
1298   0.967894
1299   0.966116
1300   0.967283
1301   0.97003
1302   0.974521
1303   0.979054
1304   0.982959
1305   0.986463
1306   0.989389
1307   0.991877
1308   0.993894
1309   0.995546
1310   0.996843
1311   0.997865
1312   0.998631
1313   0.999197
1314   0.999586
1315   0.999835
1316   0.999964
1317   0.999999
1318   0.999957
1319   0.999855
1320   0.999708
1321   0.999527
1322   0.999329
1323   0.999118
1324   0.998913
1325   0.998715
1326   0.998543
1327   0.998393
1328   0.998287
1329   0.998214
1330   0.998193
1331   0.998206
1332   0.998266
1333   0.987843
1334   0.98672
1335   0.985312
1336   0.983605
1337   0.981573
1338   0.979249
1339   0.976736
1340   0.974124
1341   0.971805
1342   0.96998
1343   0.96963
1344   0.971315
1345   0.974105
1346   0.978024
1347   0.981563
1348   0.984971
1349   0.987855
1350   0.990418
1351   0.992528
1352   0.994326
1353   0.995769
1354   0.996955
1355   0.997877
1356   0.998603
1357   0.999138
1358   0.999528
1359   0.999784
1360   0.999935
1361   0.999996
1362   0.999984
1363   0.999914
1364   0.999798
1365   0.999651
1366   0.999481
1367   0.999303
1368   0.999122
1369   0.998955
1370   0.998804
1371   0.998684
1372   0.998596
1373   0.998548
1374   0.998538
1375   0.998566
1376   0.988877
1377   0.987919
1378   0.986677
1379   0.985255
1380   0.983509
1381   0.981608
1382   0.979464
1383   0.977342
1384   0.975294
1385   0.973714
1386   0.973029
1387   0.97341
1388   0.975479
1389   0.978205
1390   0.981232
1391   0.984174
1392   0.986886
1393   0.989319
1394   0.991431
1395   0.993254
1396   0.994781
1397   0.996062
1398   0.997102
1399   0.997946
1400   0.998605
1401   0.999115
1402   0.999486
1403   0.999746
1404   0.999906
1405   0.999985
1406   0.999996
1407   0.99995
1408   0.999862
1409   0.99974
1410   0.999599
1411   0.999444
1412   0.999294
1413   0.999148
1414   0.999027
1415   0.998926
1416   0.998865
1417   0.998831
1418   0.998839
1419   0.98982
1420   0.988952
1421   0.987906
1422   0.986671
1423   0.985241
1424   0.983628
1425   0.981914
1426   0.980125
1427   0.978517
1428   0.97712
1429   0.976451
1430   0.976392
1431   0.977433
1432   0.979326
1433   0.981568
1434   0.984031
1435   0.986366
1436   0.988609
1437   0.990587
1438   0.99238
1439   0.993905
1440   0.995237
1441   0.996339
1442   0.997273
1443   0.998023
1444   0.998634
1445   0.999102
1446   0.999461
1447   0.999714
1448   0.999881
1449   0.999971
1450   0.999999
1451   0.999974
1452   0.999907
1453   0.99981
1454   0.999691
1455   0.999564
1456   0.999435
1457   0.999318
1458   0.999217
1459   0.999144
1460   0.999098
1461   0.999084
1462   0.990687
1463   0.989938
1464   0.989019
1465   0.987985
1466   0.986767
1467   0.985448
1468   0.984007
1469   0.982563
1470   0.98119
1471   0.98003
1472   0.979308
1473   0.979069
1474   0.979666
1475   0.98085
1476   0.982526
1477   0.984417
1478   0.986387
1479   0.98831
1480   0.990114
1481   0.99177
1482   0.993247
1483   0.994553
1484   0.99568
1485   0.996649
1486   0.997461
1487   0.998138
1488   0.998684
1489   0.999121
1490   0.999453
1491   0.999698
1492   0.999862
1493   0.999959
1494   0.999997
1495   0.999986
1496   0.999938
1497   0.999859
1498   0.999763
1499   0.999655
1500   0.999551
1501   0.999454
1502   0.999379
1503   0.999323
1504   0.999299
1505   0.991478
1506   0.990804
1507   0.990023
1508   0.98913
1509   0.988128
1510   0.987019
1511   0.985862
1512   0.984661
1513   0.983564
1514   0.98257
1515   0.981927
1516   0.98161
1517   0.981855
1518   0.982602
1519   0.983743
1520   0.985186
1521   0.986735
1522   0.988361
1523   0.989913
1524   0.991416
1525   0.992773
1526   0.994028
1527   0.995122
1528   0.996103
1529   0.996935
1530   0.997659
1531   0.998254
1532   0.998754
1533   0.999148
1534   0.99946
1535   0.999689
1536   0.99985
1537   0.999948
1538   0.999993
1539   0.999994
1540   0.999959
1541   0.999898
1542   0.999818
1543   0.999733
1544   0.999648
1545   0.999575
1546   0.999518
1547   0.999482
1548   0.992205
1549   0.991616
1550   0.990932
1551   0.990178
1552   0.989326
1553   0.988415
1554   0.987447
1555   0.986474
1556   0.985549
1557   0.984732
1558   0.984141
1559   0.983811
1560   0.983889
1561   0.984325
1562   0.985123
1563   0.986167
1564   0.987387
1565   0.988691
1566   0.990015
1567   0.991311
1568   0.99254
1569   0.993688
1570   0.994731
1571   0.995674
1572   0.996506
1573   0.997238
1574   0.997864
1575   0.998398
1576   0.998839
1577   0.9992
1578   0.999482
1579   0.999696
1580   0.999846
1581   0.999942
1582   0.999989
1583   0.999997
1584   0.999973
1585   0.999924
1586   0.999862
1587   0.999792
1588   0.999728
1589   0.999671
1590   0.999634
1591   0.992871
1592   0.992344
1593   0.991757
1594   0.991107
1595   0.9904
1596   0.989636
1597   0.988852
1598   0.988044
1599   0.987299
1600   0.98661
1601   0.986106
1602   0.985777
1603   0.985744
1604   0.985987
1605   0.986507
1606   0.987265
1607   0.988179
1608   0.989223
1609   0.990301
1610   0.991414
1611   0.992479
1612   0.99352
1613   0.994472
1614   0.995369
1615   0.996164
1616   0.996891
1617   0.997518
1618   0.998075
1619   0.99854
1620   0.998938
1621   0.999257
1622   0.999515
1623   0.999708
1624   0.999849
1625   0.999938
1626   0.999987
1627   0.999998
1628   0.999982
1629   0.999945
1630   0.999896
1631   0.999843
1632   0.999794
1633   0.999755
1634   0.993485
1635   0.99302
1636   0.992506
1637   0.991952
1638   0.991351
1639   0.990718
1640   0.990062
1641   0.989405
1642   0.98878
1643   0.988217
1644   0.987773
1645   0.987475
1646   0.987387
1647   0.987506
1648   0.987851
1649   0.988384
1650   0.989078
1651   0.989886
1652   0.990768
1653   0.991688
1654   0.992611
1655   0.993518
1656   0.994383
1657   0.9952
1658   0.995953
1659   0.996644
1660   0.997261
1661   0.997812
1662   0.998289
1663   0.998702
1664   0.999047
1665   0.999333
1666   0.999559
1667   0.999734
1668   0.999858
1669   0.999941
1670   0.999985
1671   0.999999
1672   0.999988
1673   0.99996
1674   0.999923
1675   0.999882
1676   0.999848
1677   0.994049
1678   0.993635
1679   0.993189
1680   0.992712
1681   0.992207
1682   0.991674
1683   0.991137
1684   0.99059
1685   0.990083
1686   0.989609
1687   0.989238
1688   0.988962
1689   0.98885
1690   0.988891
1691   0.989107
1692   0.989484
1693   0.989994
1694   0.990625
1695   0.991323
1696   0.992089
1697   0.992861
1698   0.993654
1699   0.994411
1700   0.995156
1701   0.995842
1702   0.996495
1703   0.997078
1704   0.997618
1705   0.998086
1706   0.998506
1707   0.998859
1708   0.999165
1709   0.99941
1710   0.999611
1711   0.999761
1712   0.999872
1713   0.999944
1714   0.999985
1715   0.999999
1716   0.999992
1717   0.999972
1718   0.999944
1719   0.999915
1720   0.994569
1721   0.994202
1722   0.993812
1723   0.9934
1724   0.992968
1725   0.992521
1726   0.992068
1727   0.991619
1728   0.991192
1729   0.990804
1730   0.990483
1731   0.990247
1732   0.990125
1733   0.990125
1734   0.990262
1735   0.990527
1736   0.990912
1737   0.991397
1738   0.99196
1739   0.992582
1740   0.993236
1741   0.993908
1742   0.994576
1743   0.995231
1744   0.995857
1745   0.996451
1746   0.997
1747   0.997506
1748   0.997961
1749   0.998368
1750   0.998722
1751   0.999029
1752   0.999286
1753   0.999499
1754   0.999668
1755   0.999797
1756   0.99989
1757   0.999952
1758   0.999986
1759   0.999999
1760   0.999995
1761   0.999979
1762   0.99996
1763   0.995049
1764   0.994723
1765   0.994381
1766   0.994023
1767   0.993655
1768   0.993274
1769   0.992897
1770   0.992517
1771   0.992168
1772   0.991839
1773   0.991574
1774   0.991363
1775   0.99125
1776   0.991225
1777   0.991311
1778   0.991501
1779   0.991788
1780   0.99217
1781   0.992615
1782   0.99313
1783   0.99367
1784   0.994249
1785   0.99482
1786   0.995403
1787   0.995954
1788   0.996498
1789   0.996995
1790   0.997471
1791   0.997894
1792   0.998288
1793   0.998627
1794   0.998932
1795   0.999187
1796   0.999407
1797   0.999582
1798   0.999726
1799   0.999831
1800   0.99991
1801   0.999959
1802   0.999988
1803   0.999999
1804   0.999996
1805   0.999986
1806   0.995491
1807   0.995201
1808   0.994899
1809   0.994588
1810   0.994267
1811   0.993942
1812   0.993618
1813   0.993301
1814   0.993003
1815   0.992732
1816   0.992504
1817   0.99233
1818   0.992225
1819   0.992197
1820   0.992254
1821   0.992396
1822   0.992622
1823   0.992924
1824   0.99329
1825   0.99371
1826   0.994168
1827   0.994654
1828   0.995152
1829   0.995654
1830   0.996147
1831   0.996626
1832   0.997082
1833   0.99751
1834   0.997906
1835   0.998268
1836   0.998593
1837   0.998881
1838   0.999131
1839   0.999345
1840   0.999523
1841   0.999668
1842   0.999782
1843   0.999868
1844   0.999929
1845   0.999969
1846   0.999991
1847   0.999999
1848   0.999997
