##### Y Variance #####
0   0.999899
1   0.999863
2   0.999277
3   0.997908
4   0.995532
5   0.992015
6   0.987225
7   0.981249
8   0.974197
9   0.966703
10   0.958898
11   0.951248
12   0.943841
13   0.936984
14   0.930806
15   0.925513
16   0.921235
17   0.918099
18   0.916121
19   0.91527
20   0.915501
21   0.916665
22   0.918727
23   0.921498
24   0.924905
25   0.928712
26   0.932828
27   0.937027
28   0.941262
29   0.94538
30   0.949373
31   0.953155
32   0.956741
33   0.9601
34   0.963254
35   0.966199
36   0.968954
37   0.971524
38   0.973922
39   0.976155
40   0.978231
41   0.980158
42   0.981942
43   0.999413
44   0.999801
45   0.999703
46   0.998845
47   0.996842
48   0.993745
49   0.988954
50   0.983154
51   0.97523
52   0.967716
53   0.958706
54   0.950606
55   0.941927
56   0.93424
57   0.926889
58   0.920666
59   0.915412
60   0.911527
61   0.908932
62   0.907526
63   0.90757
64   0.908394
65   0.910653
66   0.913409
67   0.91736
68   0.921417
69   0.926268
70   0.93083
71   0.935797
72   0.940308
73   0.944938
74   0.949088
75   0.953176
76   0.956857
77   0.960395
78   0.963616
79   0.966668
80   0.969474
81   0.972104
82   0.974535
83   0.976795
84   0.978884
85   0.980814
86   0.998245
87   0.999039
88   0.999604
89   0.999453
90   0.998253
91   0.995842
92   0.991923
93   0.986648
94   0.979594
95   0.971417
96   0.962323
97   0.952831
98   0.943179
99   0.933914
100   0.925167
101   0.917578
102   0.911056
103   0.905923
104   0.902174
105   0.899786
106   0.898909
107   0.89931
108   0.901127
109   0.904053
110   0.908065
111   0.912734
112   0.917983
113   0.923374
114   0.928894
115   0.934255
116   0.939461
117   0.944343
118   0.948934
119   0.953182
120   0.957129
121   0.960778
122   0.964156
123   0.967283
124   0.970173
125   0.972844
126   0.975307
127   0.977578
128   0.979663
129   0.996217
130   0.99739
131   0.99858
132   0.999217
133   0.998932
134   0.997471
135   0.994513
136   0.990261
137   0.984203
138   0.976742
139   0.967456
140   0.957983
141   0.946841
142   0.937109
143   0.926011
144   0.917641
145   0.908931
146   0.902432
147   0.896891
148   0.892859
149   0.890771
150   0.889946
151   0.891299
152   0.893757
153   0.898018
154   0.902796
155   0.908817
156   0.914671
157   0.921173
158   0.927207
159   0.933377
160   0.938916
161   0.944279
162   0.949077
163   0.9536
164   0.957686
165   0.96149
166   0.964956
167   0.968159
168   0.97109
169   0.973782
170   0.976247
171   0.978501
172   0.993198
173   0.99446
174   0.996301
175   0.997718
176   0.998502
177   0.998117
178   0.99645
179   0.993386
180   0.988694
181   0.98247
182   0.974558
183   0.965474
184   0.955253
185   0.944541
186   0.933397
187   0.922394
188   0.912019
189   0.902511
190   0.894345
191   0.887882
192   0.883304
193   0.881155
194   0.88105
195   0.882992
196   0.886723
197   0.891654
198   0.897849
199   0.904595
200   0.911826
201   0.919062
202   0.926137
203   0.932774
204   0.938912
205   0.944549
206   0.949675
207   0.954367
208   0.958624
209   0.962522
210   0.96606
211   0.969297
212   0.972232
213   0.974913
214   0.97734
215   0.989244
216   0.99068
217   0.992842
218   0.994989
219   0.996679
220   0.997394
221   0.996921
222   0.995172
223   0.991899
224   0.987197
225   0.980833
226   0.973109
227   0.963995
228   0.953951
229   0.942818
230   0.931414
231   0.918756
232   0.908195
233   0.895968
234   0.888408
235   0.87924
236   0.87617
237   0.872987
238   0.873748
239   0.876294
240   0.88027
241   0.886691
242   0.893567
243   0.90194
244   0.910059
245   0.918478
246   0.926043
247   0.933252
248   0.939665
249   0.945572
250   0.950857
251   0.955667
252   0.96
253   0.963927
254   0.967475
255   0.970682
256   0.97358
257   0.976195
258   0.984395
259   0.985494
260   0.988141
261   0.990797
262   0.993457
263   0.99515
264   0.995968
265   0.995471
266   0.993714
267   0.990517
268   0.985818
269   0.979702
270   0.972158
271   0.963457
272   0.953587
273   0.942946
274   0.931389
275   0.91983
276   0.908143
277   0.897314
278   0.887305
279   0.878733
280   0.87257
281   0.868521
282   0.867692
283   0.869748
284   0.874639
285   0.88213
286   0.891058
287   0.900508
288   0.909994
289   0.918977
290   0.927146
291   0.934638
292   0.941282
293   0.947313
294   0.952657
295   0.957497
296   0.961802
297   0.965696
298   0.969165
299   0.972299
300   0.975091
301   0.978918
302   0.979985
303   0.982582
304   0.985791
305   0.989092
306   0.991767
307   0.993592
308   0.994348
309   0.993872
310   0.992166
311   0.989019
312   0.984587
313   0.978722
314   0.9717
315   0.963438
316   0.954277
317   0.944203
318   0.933462
319   0.922371
320   0.911084
321   0.899788
322   0.889195
323   0.878101
324   0.87174
325   0.864103
326   0.865009
327   0.865271
328   0.872732
329   0.881535
330   0.891292
331   0.902031
332   0.911855
333   0.921231
334   0.929594
335   0.937111
336   0.943794
337   0.949739
338   0.95504
339   0.959756
340   0.963968
341   0.967718
342   0.971067
343   0.974052
344   0.972976
345   0.973239
346   0.976143
347   0.97959
348   0.983681
349   0.987113
350   0.990035
351   0.991804
352   0.992646
353   0.992206
354   0.990597
355   0.987694
356   0.983548
357   0.97822
358   0.971729
359   0.964266
360   0.95578
361   0.946535
362   0.936553
363   0.926126
364   0.915339
365   0.904615
366   0.893851
367   0.884396
368   0.876188
369   0.870453
370   0.868179
371   0.868773
372   0.874815
373   0.883669
374   0.894347
375   0.905553
376   0.915705
377   0.925147
378   0.933295
379   0.94067
380   0.947079
381   0.952843
382   0.957892
383   0.96242
384   0.966402
385   0.969969
386   0.973112
387   0.96704
388   0.96718
389   0.96936
390   0.973052
391   0.977562
392   0.98184
393   0.985528
394   0.988324
395   0.990133
396   0.990906
397   0.990519
398   0.989062
399   0.986404
400   0.98272
401   0.977909
402   0.972166
403   0.965427
404   0.957836
405   0.94945
406   0.940388
407   0.930838
408   0.920982
409   0.911135
410   0.901291
411   0.892321
412   0.88425
413   0.877415
414   0.874848
415   0.873012
416   0.880837
417   0.889328
418   0.90075
419   0.911536
420   0.921478
421   0.930196
422   0.938003
423   0.944842
424   0.950935
425   0.956297
426   0.96106
427   0.965266
428   0.968998
429   0.972304
430   0.961175
431   0.960486
432   0.962381
433   0.965606
434   0.970809
435   0.975683
436   0.980254
437   0.983813
438   0.986652
439   0.988349
440   0.989161
441   0.988856
442   0.98761
443   0.985331
444   0.982117
445   0.977973
446   0.972924
447   0.967036
448   0.960312
449   0.9529
450   0.944823
451   0.936342
452   0.927431
453   0.918438
454   0.909564
455   0.901261
456   0.893857
457   0.888403
458   0.8851
459   0.88514
460   0.891427
461   0.899798
462   0.90984
463   0.919787
464   0.928419
465   0.936385
466   0.943346
467   0.949624
468   0.95513
469   0.960059
470   0.964392
471   0.968262
472   0.971671
473   0.955625
474   0.954585
475   0.955581
476   0.958754
477   0.963858
478   0.969345
479   0.974488
480   0.978873
481   0.982408
482   0.985027
483   0.986684
484   0.987464
485   0.987289
486   0.986307
487   0.984413
488   0.981757
489   0.978235
490   0.973959
491   0.968881
492   0.963078
493   0.956618
494   0.949537
495   0.942045
496   0.93407
497   0.92615
498   0.918193
499   0.911091
500   0.904641
501   0.900214
502   0.897455
503   0.897879
504   0.903803
505   0.910977
506   0.919958
507   0.928088
508   0.935827
509   0.942692
510   0.948932
511   0.954466
512   0.959426
513   0.96383
514   0.967756
515   0.971246
516   0.95043
517   0.948581
518   0.948975
519   0.951179
520   0.95674
521   0.962558
522   0.968362
523   0.973321
524   0.977655
525   0.980929
526   0.983469
527   0.985029
528   0.985888
529   0.985891
530   0.985223
531   0.983782
532   0.98166
533   0.978798
534   0.97523
535   0.970951
536   0.965984
537   0.960391
538   0.954199
539   0.947542
540   0.94056
541   0.933498
542   0.926638
543   0.920305
544   0.915048
545   0.911185
546   0.909925
547   0.911337
548   0.916621
549   0.923055
550   0.93005
551   0.936838
552   0.943225
553   0.949112
554   0.954459
555   0.959304
556   0.963654
557   0.967569
558   0.971069
559   0.945766
560   0.943438
561   0.942921
562   0.944933
563   0.949855
564   0.955948
565   0.962119
566   0.96773
567   0.972587
568   0.976574
569   0.97969
570   0.982035
571   0.983593
572   0.984526
573   0.984756
574   0.984429
575   0.983424
576   0.981846
577   0.97958
578   0.976686
579   0.97312
580   0.968889
581   0.964076
582   0.958628
583   0.95284
584   0.946621
585   0.940537
586   0.93444
587   0.929264
588   0.924838
589   0.922513
590   0.922
591   0.924215
592   0.928521
593   0.933673
594   0.939304
595   0.94482
596   0.950151
597   0.955106
598   0.959698
599   0.96389
600   0.967706
601   0.971162
602   0.941683
603   0.938641
604   0.937359
605   0.938041
606   0.943118
607   0.9492
608   0.955808
609   0.961859
610   0.967361
611   0.971849
612   0.975636
613   0.978508
614   0.980803
615   0.982373
616   0.983471
617   0.983959
618   0.983983
619   0.983417
620   0.982324
621   0.980603
622   0.978282
623   0.975302
624   0.971698
625   0.967466
626   0.96271
627   0.957498
628   0.952074
629   0.946568
630   0.941481
631   0.936959
632   0.933879
633   0.932131
634   0.932842
635   0.93506
636   0.938699
637   0.94289
638   0.947457
639   0.951993
640   0.956434
641   0.960622
642   0.964559
643   0.96819
644   0.97154
645   0.938294
646   0.934757
647   0.932647
648   0.93303
649   0.936867
650   0.942817
651   0.949595
652   0.956166
653   0.962107
654   0.967191
655   0.971414
656   0.974884
657   0.977639
658   0.979867
659   0.981532
660   0.982802
661   0.983562
662   0.983928
663   0.983751
664   0.983092
665   0.981829
666   0.979977
667   0.977495
668   0.974359
669   0.970673
670   0.966392
671   0.961826
672   0.956931
673   0.952275
674   0.947864
675   0.944466
676   0.942133
677   0.941465
678   0.942328
679   0.944407
680   0.947377
681   0.950835
682   0.954564
683   0.958342
684   0.962064
685   0.965643
686   0.969031
687   0.972204
688   0.935631
689   0.931565
690   0.928691
691   0.927581
692   0.93102
693   0.936341
694   0.943428
695   0.950382
696   0.956881
697   0.962411
698   0.967198
699   0.971074
700   0.974387
701   0.977035
702   0.979312
703   0.981098
704   0.982579
705   0.983611
706   0.984281
707   0.984445
708   0.984133
709   0.983223
710   0.981734
711   0.979587
712   0.976845
713   0.973488
714   0.969692
715   0.965505
716   0.961302
717   0.957176
718   0.95374
719   0.951011
720   0.949678
721   0.949415
722   0.950441
723   0.952227
724   0.954756
725   0.957605
726   0.960742
727   0.963906
728   0.9671
729   0.970169
730   0.973138
731   0.933728
732   0.929251
733   0.925786
734   0.924269
735   0.925822
736   0.930525
737   0.93748
738   0.944841
739   0.951753
740   0.957822
741   0.963011
742   0.967402
743   0.971066
744   0.974215
745   0.97686
746   0.979198
747   0.981141
748   0.982825
749   0.984095
750   0.985027
751   0.985455
752   0.985407
753   0.984762
754   0.983516
755   0.98165
756   0.979151
757   0.976155
758   0.972674
759   0.969035
760   0.965314
761   0.961986
762   0.959179
763   0.957301
764   0.95638
765   0.956452
766   0.957371
767   0.958971
768   0.961071
769   0.963509
770   0.966145
771   0.968882
772   0.971625
773   0.97432
774   0.932591
775   0.927752
776   0.923738
777   0.921126
778   0.921438
779   0.924302
780   0.931612
781   0.939339
782   0.946691
783   0.953209
784   0.95892
785   0.963699
786   0.967842
787   0.971317
788   0.974426
789   0.977103
790   0.979554
791   0.981662
792   0.983526
793   0.985003
794   0.986119
795   0.986736
796   0.986852
797   0.986358
798   0.985277
799   0.983551
800   0.981284
801   0.978488
802   0.975414
803   0.972132
804   0.969058
805   0.966251
806   0.964179
807   0.962744
808   0.962236
809   0.962386
810   0.963299
811   0.964665
812   0.966517
813   0.968592
814   0.970912
815   0.973275
816   0.97571
817   0.932216
818   0.927133
819   0.922597
820   0.919247
821   0.917923
822   0.92008
823   0.926261
824   0.934023
825   0.941727
826   0.948742
827   0.954885
828   0.960162
829   0.964648
830   0.968558
831   0.97195
832   0.975047
833   0.9778
834   0.980368
835   0.982614
836   0.984628
837   0.986236
838   0.987476
839   0.988193
840   0.988392
841   0.987987
842   0.986977
843   0.985392
844   0.983258
845   0.980755
846   0.977964
847   0.975188
848   0.97255
849   0.970356
850   0.968686
851   0.967687
852   0.96733
853   0.967605
854   0.96841
855   0.969671
856   0.971271
857   0.973136
858   0.975159
859   0.977275
860   0.932543
861   0.927321
862   0.922322
863   0.918158
864   0.915387
865   0.915089
866   0.92127
867   0.928912
868   0.936835
869   0.944267
870   0.95091
871   0.956612
872   0.961557
873   0.965787
874   0.969576
875   0.972936
876   0.976073
877   0.978921
878   0.981584
879   0.983948
880   0.986038
881   0.987726
882   0.988997
883   0.989739
884   0.989945
885   0.98954
886   0.988576
887   0.98704
888   0.985087
889   0.982765
890   0.98035
891   0.977909
892   0.975775
893   0.973947
894   0.9727
895   0.971915
896   0.971763
897   0.972047
898   0.972858
899   0.97398
900   0.975469
901   0.977118
902   0.978965
903   0.933494
904   0.928144
905   0.922829
906   0.917934
907   0.914022
908   0.913124
909   0.917051
910   0.924054
911   0.932051
912   0.93986
913   0.94695
914   0.953141
915   0.958465
916   0.963114
917   0.967178
918   0.970897
919   0.974264
920   0.977456
921   0.980369
922   0.983109
923   0.985516
924   0.987642
925   0.989322
926   0.990573
927   0.991276
928   0.991435
929   0.991018
930   0.99005
931   0.988613
932   0.986775
933   0.984726
934   0.982569
935   0.980534
936   0.978713
937   0.977276
938   0.976256
939   0.975724
940   0.975647
941   0.976023
942   0.976777
943   0.977871
944   0.979213
945   0.980744
946   0.935004
947   0.929733
948   0.924155
949   0.918869
950   0.913825
951   0.910504
952   0.913601
953   0.9194
954   0.927369
955   0.935486
956   0.943
957   0.949638
958   0.955404
959   0.960399
960   0.964835
961   0.968803
962   0.972488
963   0.975891
964   0.979112
965   0.982082
966   0.984825
967   0.987245
968   0.989318
969   0.990948
970   0.992108
971   0.992725
972   0.992808
973   0.992333
974   0.991384
975   0.989989
976   0.988327
977   0.986455
978   0.984613
979   0.982836
980   0.981363
981   0.980158
982   0.979408
983   0.979006
984   0.979079
985   0.979471
986   0.980265
987   0.98128
988   0.982564
989   0.936962
990   0.931693
991   0.926118
992   0.920442
993   0.915004
994   0.911263
995   0.911113
996   0.915523
997   0.922974
998   0.931193
999   0.939071
1000   0.946119
1001   0.95228
1002   0.957677
1003   0.962405
1004   0.966703
1005   0.970599
1006   0.974284
1007   0.977687
1008   0.980932
1009   0.983885
1010   0.986612
1011   0.98896
1012   0.990959
1013   0.992476
1014   0.993525
1015   0.994036
1016   0.994029
1017   0.993524
1018   0.992572
1019   0.991284
1020   0.989741
1021   0.988109
1022   0.986476
1023   0.985001
1024   0.983744
1025   0.982811
1026   0.982216
1027   0.982003
1028   0.982141
1029   0.982627
1030   0.983393
1031   0.984396
1032   0.939319
1033   0.934296
1034   0.928731
1035   0.92308
1036   0.917234
1037   0.912357
1038   0.910409
1039   0.911531
1040   0.918803
1041   0.927121
1042   0.935149
1043   0.942601
1044   0.94913
1045   0.954886
1046   0.959952
1047   0.964506
1048   0.968681
1049   0.972552
1050   0.976199
1051   0.979612
1052   0.982809
1053   0.985735
1054   0.988363
1055   0.990627
1056   0.992483
1057   0.993874
1058   0.99478
1059   0.995173
1060   0.995085
1061   0.994532
1062   0.993619
1063   0.992392
1064   0.991018
1065   0.989544
1066   0.988162
1067   0.986883
1068   0.985884
1069   0.98512
1070   0.984734
1071   0.984625
1072   0.984896
1073   0.985399
1074   0.986197
1075   0.941965
1076   0.937102
1077   0.931808
1078   0.926185
1079   0.920352
1080   0.915003
1081   0.911028
1082   0.910901
1083   0.915607
1084   0.923204
1085   0.931339
1086   0.939034
1087   0.94592
1088   0.952014
1089   0.957368
1090   0.96222
1091   0.966599
1092   0.970715
1093   0.974516
1094   0.978146
1095   0.981493
1096   0.984645
1097   0.987464
1098   0.989998
1099   0.992114
1100   0.993837
1101   0.995075
1102   0.995851
1103   0.996139
1104   0.995978
1105   0.995422
1106   0.994532
1107   0.993421
1108   0.992165
1109   0.990897
1110   0.989685
1111   0.988645
1112   0.987815
1113   0.98727
1114   0.98701
1115   0.98706
1116   0.987381
1117   0.987947
1118   0.944836
1119   0.940342
1120   0.935277
1121   0.930004
1122   0.924226
1123   0.918753
1124   0.913499
1125   0.910073
1126   0.913683
1127   0.919932
1128   0.927826
1129   0.93571
1130   0.942778
1131   0.949163
1132   0.954772
1133   0.959855
1134   0.964468
1135   0.968753
1136   0.972753
1137   0.976518
1138   0.980052
1139   0.983348
1140   0.986374
1141   0.989098
1142   0.991469
1143   0.99345
1144   0.995001
1145   0.996099
1146   0.996739
1147   0.996931
1148   0.996722
1149   0.996151
1150   0.995324
1151   0.994289
1152   0.99319
1153   0.992063
1154   0.991062
1155   0.990183
1156   0.989567
1157   0.989162
1158   0.989076
1159   0.989203
1160   0.989612
1161   0.947819
1162   0.94357
1163   0.938914
1164   0.933885
1165   0.928469
1166   0.922901
1167   0.917494
1168   0.913669
1169   0.913197
1170   0.91781
1171   0.924948
1172   0.932593
1173   0.939782
1174   0.946321
1175   0.952125
1176   0.957429
1177   0.962206
1178   0.966691
1179   0.970817
1180   0.974755
1181   0.978401
1182   0.981869
1183   0.985031
1184   0.987957
1185   0.990518
1186   0.992756
1187   0.994564
1188   0.995973
1189   0.996928
1190   0.997461
1191   0.99758
1192   0.997334
1193   0.996789
1194   0.996007
1195   0.995092
1196   0.994108
1197   0.993164
1198   0.992312
1199   0.991638
1200   0.991166
1201   0.990941
1202   0.990949
1203   0.991182
1204   0.950865
1205   0.947006
1206   0.942667
1207   0.938108
1208   0.933019
1209   0.927888
1210   0.922474
1211   0.917954
1212   0.915912
1213   0.916531
1214   0.922884
1215   0.930272
1216   0.937203
1217   0.94382
1218   0.949688
1219   0.955112
1220   0.96003
1221   0.964623
1222   0.96889
1223   0.972919
1224   0.976698
1225   0.980262
1226   0.983572
1227   0.98663
1228   0.98938
1229   0.991808
1230   0.99386
1231   0.995524
1232   0.996771
1233   0.997605
1234   0.998036
1235   0.998093
1236   0.997833
1237   0.997302
1238   0.996598
1239   0.995767
1240   0.994932
1241   0.994118
1242   0.993452
1243   0.992918
1244   0.992626
1245   0.992507
1246   0.992632
1247   0.95389
1248   0.950295
1249   0.946384
1250   0.942169
1251   0.937621
1252   0.932839
1253   0.927976
1254   0.9235
1255   0.920196
1256   0.919725
1257   0.922417
1258   0.928679
1259   0.935222
1260   0.94168
1261   0.947499
1262   0.952976
1263   0.957924
1264   0.962619
1265   0.966931
1266   0.971064
1267   0.974895
1268   0.97857
1269   0.981957
1270   0.985154
1271   0.988029
1272   0.990645
1273   0.992887
1274   0.994796
1275   0.996294
1276   0.997416
1277   0.998134
1278   0.998489
1279   0.998507
1280   0.998239
1281   0.997754
1282   0.99711
1283   0.996399
1284   0.995676
1285   0.995029
1286   0.994496
1287   0.994136
1288   0.993953
1289   0.993957
1290   0.956868
1291   0.953624
1292   0.95004
1293   0.946289
1294   0.942171
1295   0.93799
1296   0.933585
1297   0.929588
1298   0.925982
1299   0.923818
1300   0.92531
1301   0.928852
1302   0.934581
1303   0.940555
1304   0.94607
1305   0.95136
1306   0.956253
1307   0.960885
1308   0.965216
1309   0.969333
1310   0.973212
1311   0.976903
1312   0.980367
1313   0.983623
1314   0.986617
1315   0.989351
1316   0.991766
1317   0.99386
1318   0.995586
1319   0.99695
1320   0.997933
1321   0.998558
1322   0.998843
1323   0.998827
1324   0.998569
1325   0.998116
1326   0.997558
1327   0.996934
1328   0.996353
1329   0.995825
1330   0.995452
1331   0.995202
1332   0.995143
1333   0.959752
1334   0.956758
1335   0.953551
1336   0.950143
1337   0.946535
1338   0.942781
1339   0.939009
1340   0.93534
1341   0.932217
1342   0.9299
1343   0.929488
1344   0.931667
1345   0.935304
1346   0.940449
1347   0.94536
1348   0.950374
1349   0.954998
1350   0.959524
1351   0.96372
1352   0.967806
1353   0.971619
1354   0.975323
1355   0.978772
1356   0.982086
1357   0.985124
1358   0.987969
1359   0.990494
1360   0.992759
1361   0.994664
1362   0.996252
1363   0.997466
1364   0.998346
1365   0.998882
1366   0.999116
1367   0.999085
1368   0.998838
1369   0.998442
1370   0.997952
1371   0.997445
1372   0.996969
1373   0.996587
1374   0.99632
1375   0.996192
1376   0.962534
1377   0.959832
1378   0.956915
1379   0.953889
1380   0.95066
1381   0.947395
1382   0.944047
1383   0.940892
1384   0.938032
1385   0.935895
1386   0.935001
1387   0.935539
1388   0.938211
1389   0.941836
1390   0.946017
1391   0.950316
1392   0.954575
1393   0.95874
1394   0.962752
1395   0.96664
1396   0.970364
1397   0.97396
1398   0.977384
1399   0.980658
1400   0.983727
1401   0.9866
1402   0.989218
1403   0.991584
1404   0.993642
1405   0.995398
1406   0.996816
1407   0.997912
1408   0.998676
1409   0.99914
1410   0.999327
1411   0.999281
1412   0.999058
1413   0.998705
1414   0.998302
1415   0.997882
1416   0.997531
1417   0.997246
1418   0.997095
1419   0.965194
1420   0.962715
1421   0.960103
1422   0.957372
1423   0.954539
1424   0.951637
1425   0.948766
1426   0.945979
1427   0.943559
1428   0.941574
1429   0.940589
1430   0.940517
1431   0.941872
1432   0.944418
1433   0.947539
1434   0.951145
1435   0.954784
1436   0.958564
1437   0.962211
1438   0.965883
1439   0.969384
1440   0.972864
1441   0.976156
1442   0.979384
1443   0.982397
1444   0.98529
1445   0.987926
1446   0.990377
1447   0.992527
1448   0.994431
1449   0.996006
1450   0.997296
1451   0.99826
1452   0.998939
1453   0.999333
1454   0.999488
1455   0.999441
1456   0.999241
1457   0.99895
1458   0.998616
1459   0.998301
1460   0.998038
1461   0.997859
1462   0.967731
1463   0.96549
1464   0.963122
1465   0.96069
1466   0.958158
1467   0.955617
1468   0.953076
1469   0.950663
1470   0.94849
1471   0.946712
1472   0.945605
1473   0.945222
1474   0.945969
1475   0.94757
1476   0.949923
1477   0.952715
1478   0.955794
1479   0.959022
1480   0.962309
1481   0.965618
1482   0.968892
1483   0.972133
1484   0.975289
1485   0.978369
1486   0.981317
1487   0.98414
1488   0.986779
1489   0.989236
1490   0.991454
1491   0.993438
1492   0.995141
1493   0.996573
1494   0.997708
1495   0.998567
1496   0.999149
1497   0.999488
1498   0.999611
1499   0.999562
1500   0.999394
1501   0.999149
1502   0.998896
1503   0.998655
1504   0.998486
1505   0.970139
1506   0.968094
1507   0.96597
1508   0.963781
1509   0.961547
1510   0.959291
1511   0.957084
1512   0.954955
1513   0.953067
1514   0.95145
1515   0.950365
1516   0.949826
1517   0.95007
1518   0.951077
1519   0.952686
1520   0.954847
1521   0.957286
1522   0.960032
1523   0.962846
1524   0.965821
1525   0.968758
1526   0.971775
1527   0.974695
1528   0.977633
1529   0.980428
1530   0.983181
1531   0.985743
1532   0.988197
1533   0.990414
1534   0.99246
1535   0.994232
1536   0.995784
1537   0.997046
1538   0.998064
1539   0.998807
1540   0.999317
1541   0.999602
1542   0.999704
1543   0.999663
1544   0.999523
1545   0.999337
1546   0.999145
1547   0.998984
1548   0.972421
1549   0.970572
1550   0.968653
1551   0.966698
1552   0.964702
1553   0.962713
1554   0.960755
1555   0.958893
1556   0.957203
1557   0.955756
1558   0.9547
1559   0.954082
1560   0.954073
1561   0.954628
1562   0.955757
1563   0.957335
1564   0.959286
1565   0.96151
1566   0.963927
1567   0.966488
1568   0.969129
1569   0.971831
1570   0.974537
1571   0.977244
1572   0.979896
1573   0.982492
1574   0.984976
1575   0.987346
1576   0.989548
1577   0.991582
1578   0.9934
1579   0.995008
1580   0.996369
1581   0.997497
1582   0.998374
1583   0.999024
1584   0.999452
1585   0.999694
1586   0.999775
1587   0.999739
1588   0.999633
1589   0.999489
1590   0.99936
1591   0.974576
1592   0.972898
1593   0.971176
1594   0.969421
1595   0.967652
1596   0.965885
1597   0.964168
1598   0.96252
1599   0.961033
1600   0.959729
1601   0.958739
1602   0.958089
1603   0.957891
1604   0.958166
1605   0.958883
1606   0.96005
1607   0.961526
1608   0.963343
1609   0.965328
1610   0.967548
1611   0.969829
1612   0.972264
1613   0.974683
1614   0.977191
1615   0.979623
1616   0.982081
1617   0.984412
1618   0.986704
1619   0.988819
1620   0.990836
1621   0.992635
1622   0.994282
1623   0.995687
1624   0.996903
1625   0.997874
1626   0.998644
1627   0.999193
1628   0.999561
1629   0.99976
1630   0.999829
1631   0.999804
1632   0.999725
1633   0.999629
1634   0.976607
1635   0.975093
1636   0.973543
1637   0.971974
1638   0.970395
1639   0.968832
1640   0.967308
1641   0.965858
1642   0.964531
1643   0.963368
1644   0.962444
1645   0.961798
1646   0.961508
1647   0.961584
1648   0.962047
1649   0.962868
1650   0.964014
1651   0.965444
1652   0.967102
1653   0.968957
1654   0.970952
1655   0.973069
1656   0.975253
1657   0.977496
1658   0.979745
1659   0.981993
1660   0.984189
1661   0.98633
1662   0.988364
1663   0.990289
1664   0.992061
1665   0.993679
1666   0.995107
1667   0.996352
1668   0.99739
1669   0.998236
1670   0.99888
1671   0.999348
1672   0.999648
1673   0.999813
1674   0.999869
1675   0.999853
1676   0.999801
1677   0.978516
1678   0.977149
1679   0.975759
1680   0.974355
1681   0.972953
1682   0.971565
1683   0.970222
1684   0.968939
1685   0.967767
1686   0.966724
1687   0.965879
1688   0.965255
1689   0.964907
1690   0.964866
1691   0.965125
1692   0.965716
1693   0.966566
1694   0.967717
1695   0.969051
1696   0.97063
1697   0.972313
1698   0.974182
1699   0.976086
1700   0.978118
1701   0.980126
1702   0.982204
1703   0.984205
1704   0.986219
1705   0.988108
1706   0.989954
1707   0.991634
1708   0.993222
1709   0.994615
1710   0.995876
1711   0.996932
1712   0.997833
1713   0.998537
1714   0.999086
1715   0.999467
1716   0.999718
1717   0.99985
1718   0.999899
1719   0.999893
1720   0.980305
1721   0.979076
1722   0.977829
1723   0.976575
1724   0.975326
1725   0.974097
1726   0.972906
1727   0.971775
1728   0.970734
1729   0.969809
1730   0.96904
1731   0.968457
1732   0.968097
1733   0.967983
1734   0.968128
1735   0.968538
1736   0.969199
1737   0.970101
1738   0.971211
1739   0.972517
1740   0.973974
1741   0.975572
1742   0.977265
1743   0.979046
1744   0.980867
1745   0.982723
1746   0.984567
1747   0.986395
1748   0.988163
1749   0.989866
1750   0.991465
1751   0.992958
1752   0.994313
1753   0.995531
1754   0.996588
1755   0.997493
1756   0.998233
1757   0.998824
1758   0.999265
1759   0.999578
1760   0.999774
1761   0.999882
1762   0.999921
1763   0.981978
1764   0.980874
1765   0.979758
1766   0.978639
1767   0.97753
1768   0.976439
1769   0.975389
1770   0.974388
1771   0.973472
1772   0.972649
1773   0.971961
1774   0.971425
1775   0.971071
1776   0.970925
1777   0.970985
1778   0.971286
1779   0.971783
1780   0.972522
1781   0.973418
1782   0.974534
1783   0.975755
1784   0.977158
1785   0.978614
1786   0.980209
1787   0.981805
1788   0.983493
1789   0.985134
1790   0.986818
1791   0.988413
1792   0.990003
1793   0.991468
1794   0.992883
1795   0.994146
1796   0.995324
1797   0.996334
1798   0.997236
1799   0.99797
1800   0.998589
1801   0.999057
1802   0.999418
1803   0.99966
1804   0.999818
1805   0.999902
1806   0.983537
1807   0.982548
1808   0.981551
1809   0.980554
1810   0.979567
1811   0.978601
1812   0.977671
1813   0.976791
1814   0.97598
1815   0.975258
1816   0.974646
1817   0.974167
1818   0.973841
1819   0.973686
1820   0.973714
1821   0.973933
1822   0.97434
1823   0.974934
1824   0.9757
1825   0.976628
1826   0.977696
1827   0.97889
1828   0.980184
1829   0.981564
1830   0.983
1831   0.98448
1832   0.985972
1833   0.987466
1834   0.988931
1835   0.990356
1836   0.991716
1837   0.993
1838   0.994188
1839   0.995273
1840   0.996241
1841   0.99709
1842   0.997814
1843   0.998417
1844   0.998899
1845   0.999273
1846   0.999547
1847   0.999735
1848   0.999854
