##### Y Variance #####
0   0.999998
1   0.999874
2   0.999486
3   0.998768
4   0.997689
5   0.996288
6   0.994608
7   0.992752
8   0.990785
9   0.988814
10   0.986891
11   0.985102
12   0.983473
13   0.982061
14   0.980869
15   0.979927
16   0.979222
17   0.978762
18   0.978521
19   0.978496
20   0.978657
21   0.978989
22   0.979464
23   0.980064
24   0.980762
25   0.981542
26   0.982379
27   0.98326
28   0.984165
29   0.985084
30   0.986002
31   0.986911
32   0.987801
33   0.988666
34   0.9895
35   0.9903
36   0.991062
37   0.991784
38   0.992465
39   0.993106
40   0.993705
41   0.994263
42   0.994781
43   0.999951
44   0.999987
45   0.99973
46   0.99911
47   0.997993
48   0.996555
49   0.994673
50   0.992683
51   0.990433
52   0.988295
53   0.986085
54   0.984144
55   0.98227
56   0.980749
57   0.979375
58   0.978377
59   0.977557
60   0.97709
61   0.976797
62   0.976807
63   0.976964
64   0.977361
65   0.977869
66   0.978552
67   0.979306
68   0.980177
69   0.981084
70   0.982058
71   0.983038
72   0.984045
73   0.985038
74   0.986028
75   0.986987
76   0.987925
77   0.988823
78   0.989686
79   0.990505
80   0.991282
81   0.992013
82   0.9927
83   0.993341
84   0.993938
85   0.994493
86   0.99972
87   0.999955
88   0.99995
89   0.999524
90   0.998554
91   0.997096
92   0.995186
93   0.992996
94   0.990607
95   0.988191
96   0.985807
97   0.983587
98   0.981554
99   0.979797
100   0.978308
101   0.977135
102   0.976251
103   0.975675
104   0.975366
105   0.975325
106   0.975506
107   0.975898
108   0.976457
109   0.977168
110   0.977992
111   0.978912
112   0.979895
113   0.980929
114   0.981988
115   0.98306
116   0.984128
117   0.985182
118   0.986212
119   0.987211
120   0.988171
121   0.989091
122   0.989965
123   0.990792
124   0.991571
125   0.992302
126   0.992984
127   0.99362
128   0.994209
129   0.99922
130   0.999687
131   0.999985
132   0.999853
133   0.999105
134   0.997789
135   0.995859
136   0.993634
137   0.991052
138   0.988498
139   0.985848
140   0.983458
141   0.981159
142   0.97925
143   0.977537
144   0.976254
145   0.975206
146   0.974569
147   0.974158
148   0.974101
149   0.974233
150   0.974645
151   0.975197
152   0.975952
153   0.976798
154   0.977777
155   0.978802
156   0.979901
157   0.981011
158   0.98215
159   0.983273
160   0.984392
161   0.985477
162   0.986536
163   0.987549
164   0.988522
165   0.989445
166   0.990321
167   0.991144
168   0.991917
169   0.992639
170   0.993311
171   0.993935
172   0.998362
173   0.999025
174   0.999724
175   0.999999
176   0.999639
177   0.998567
178   0.996816
179   0.994576
180   0.991982
181   0.98924
182   0.986465
183   0.983814
184   0.981354
185   0.979181
186   0.977318
187   0.975812
188   0.974651
189   0.973848
190   0.973368
191   0.973203
192   0.973307
193   0.97366
194   0.974217
195   0.974953
196   0.975827
197   0.976814
198   0.97788
199   0.979006
200   0.980165
201   0.981341
202   0.982515
203   0.983676
204   0.984812
205   0.985914
206   0.986976
207   0.987992
208   0.98896
209   0.989876
210   0.99074
211   0.991551
212   0.99231
213   0.993016
214   0.993672
215   0.997096
216   0.998004
217   0.999088
218   0.999835
219   0.999946
220   0.999257
221   0.997752
222   0.99568
223   0.993079
224   0.990319
225   0.987373
226   0.984599
227   0.981896
228   0.979565
229   0.977457
230   0.975805
231   0.974435
232   0.97352
233   0.972884
234   0.972648
235   0.972648
236   0.972967
237   0.973464
238   0.974194
239   0.975043
240   0.976044
241   0.97711
242   0.978264
243   0.979439
244   0.980649
245   0.98185
246   0.983049
247   0.984217
248   0.985358
249   0.986454
250   0.987509
251   0.988512
252   0.989466
253   0.990365
254   0.991211
255   0.992002
256   0.992741
257   0.993427
258   0.995369
259   0.996313
260   0.997926
261   0.999236
262   0.999958
263   0.999779
264   0.998702
265   0.996868
266   0.994455
267   0.991681
268   0.988731
269   0.985785
270   0.982969
271   0.980399
272   0.97814
273   0.976247
274   0.974735
275   0.973613
276   0.972863
277   0.972467
278   0.972388
279   0.972595
280   0.973046
281   0.973705
282   0.974532
283   0.975495
284   0.976559
285   0.977696
286   0.978883
287   0.980094
288   0.981314
289   0.982525
290   0.983718
291   0.984879
292   0.986004
293   0.987083
294   0.988116
295   0.989096
296   0.990025
297   0.990899
298   0.991721
299   0.992487
300   0.993201
301   0.99325
302   0.994369
303   0.996294
304   0.998184
305   0.999567
306   0.999998
307   0.999434
308   0.998003
309   0.995819
310   0.993208
311   0.990247
312   0.987283
313   0.984308
314   0.981623
315   0.979145
316   0.977105
317   0.975371
318   0.97411
319   0.973168
320   0.972658
321   0.972429
322   0.972553
323   0.972894
324   0.973497
325   0.974251
326   0.97518
327   0.976198
328   0.97732
329   0.978481
330   0.979691
331   0.980902
332   0.98212
333   0.983316
334   0.98449
335   0.985626
336   0.986724
337   0.987775
338   0.988777
339   0.989728
340   0.990626
341   0.991471
342   0.992262
343   0.992999
344   0.990796
345   0.991559
346   0.994007
347   0.996488
348   0.99862
349   0.999814
350   0.999908
351   0.998977
352   0.997203
353   0.994797
354   0.991999
355   0.989009
356   0.986024
357   0.983178
358   0.980595
359   0.97834
360   0.97647
361   0.974992
362   0.973916
363   0.973216
364   0.972873
365   0.972843
366   0.973094
367   0.97358
368   0.974267
369   0.97511
370   0.976083
371   0.977145
372   0.978278
373   0.979448
374   0.980644
375   0.981841
376   0.983032
377   0.984198
378   0.985338
379   0.986438
380   0.9875
381   0.988512
382   0.989479
383   0.990392
384   0.991257
385   0.992066
386   0.992825
387   0.988315
388   0.989213
389   0.991333
390   0.994208
391   0.997092
392   0.999105
393   0.999969
394   0.999676
395   0.998379
396   0.996341
397   0.993729
398   0.990874
399   0.987863
400   0.984995
401   0.982267
402   0.979908
403   0.977843
404   0.976233
405   0.974961
406   0.974129
407   0.97361
408   0.973464
409   0.973568
410   0.973958
411   0.974528
412   0.975297
413   0.97618
414   0.977186
415   0.978252
416   0.979383
417   0.980533
418   0.981703
419   0.982865
420   0.984017
421   0.985142
422   0.986238
423   0.987295
424   0.988312
425   0.989284
426   0.990208
427   0.991084
428   0.991909
429   0.992683
430   0.985785
431   0.986326
432   0.988367
433   0.99113
434   0.9949
435   0.997839
436   0.999533
437   0.999985
438   0.99931
439   0.997713
440   0.995455
441   0.99276
442   0.98988
443   0.986977
444   0.984234
445   0.981732
446   0.979574
447   0.977777
448   0.976381
449   0.975359
450   0.974712
451   0.974391
452   0.974379
453   0.974618
454   0.975087
455   0.975731
456   0.976531
457   0.977437
458   0.978438
459   0.979491
460   0.980591
461   0.981706
462   0.982833
463   0.983946
464   0.98505
465   0.986123
466   0.98717
467   0.988177
468   0.989149
469   0.990073
470   0.990957
471   0.991789
472   0.992575
473   0.983299
474   0.983682
475   0.985243
476   0.988179
477   0.992251
478   0.995966
479   0.998563
480   0.999828
481   0.999857
482   0.998834
483   0.996978
484   0.994596
485   0.991858
486   0.989066
487   0.986291
488   0.983769
489   0.981484
490   0.979597
491   0.978033
492   0.97689
493   0.976068
494   0.975621
495   0.975444
496   0.975563
497   0.975886
498   0.976423
499   0.977098
500   0.977913
501   0.978811
502   0.97979
503   0.980809
504   0.981865
505   0.982931
506   0.984002
507   0.985063
508   0.986108
509   0.987129
510   0.988121
511   0.989079
512   0.989999
513   0.99088
514   0.991716
515   0.992506
516   0.980866
517   0.980846
518   0.981974
519   0.984281
520   0.989087
521   0.993585
522   0.997013
523   0.999158
524   0.999969
525   0.9996
526   0.998283
527   0.996261
528   0.993816
529   0.991145
530   0.988476
531   0.985918
532   0.98362
533   0.981609
534   0.979964
535   0.978659
536   0.977724
537   0.977103
538   0.976802
539   0.976756
540   0.976958
541   0.977344
542   0.977908
543   0.978592
544   0.979393
545   0.980262
546   0.981201
547   0.982169
548   0.983171
549   0.984175
550   0.985189
551   0.986186
552   0.987176
553   0.988136
554   0.989077
555   0.98998
556   0.990855
557   0.991685
558   0.992477
559   0.978569
560   0.97818
561   0.978773
562   0.981127
563   0.985667
564   0.990662
565   0.994927
566   0.997931
567   0.999592
568   0.999959
569   0.99924
570   0.997706
571   0.995585
572   0.993173
573   0.990615
574   0.988149
575   0.985821
576   0.983793
577   0.982038
578   0.980652
579   0.979568
580   0.978834
581   0.978372
582   0.978199
583   0.978242
584   0.978503
585   0.978919
586   0.979487
587   0.980158
588   0.980925
589   0.981753
590   0.982635
591   0.983547
592   0.984483
593   0.985428
594   0.986374
595   0.987313
596   0.98824
597   0.989148
598   0.990031
599   0.990887
600   0.991709
601   0.992492
602   0.976472
603   0.975678
604   0.975621
605   0.976921
606   0.981878
607   0.987298
608   0.99226
609   0.996157
610   0.99868
611   0.999853
612   0.999823
613   0.998832
614   0.99716
615   0.995036
616   0.992719
617   0.990346
618   0.988106
619   0.986045
620   0.984276
621   0.982782
622   0.981621
623   0.980741
624   0.980168
625   0.979835
626   0.979753
627   0.979853
628   0.980144
629   0.980562
630   0.981114
631   0.981747
632   0.982471
633   0.983239
634   0.984064
635   0.984907
636   0.985781
637   0.986656
638   0.987544
639   0.988418
640   0.989291
641   0.99014
642   0.990976
643   0.991776
644   0.992551
645   0.974642
646   0.973391
647   0.972809
648   0.974008
649   0.977998
650   0.983475
651   0.989081
652   0.993797
653   0.997236
654   0.99924
655   0.99996
656   0.999603
657   0.998423
658   0.996705
659   0.994647
660   0.992491
661   0.990336
662   0.988351
663   0.986553
664   0.98504
665   0.983781
666   0.982822
667   0.982111
668   0.981665
669   0.981428
670   0.981402
671   0.981537
672   0.981826
673   0.982232
674   0.982745
675   0.983337
676   0.983999
677   0.984711
678   0.985464
679   0.986247
680   0.98705
681   0.987867
682   0.988689
683   0.98951
684   0.990323
685   0.991125
686   0.991904
687   0.992657
688   0.973157
689   0.971588
690   0.970307
691   0.970224
692   0.973981
693   0.979128
694   0.985318
695   0.990902
696   0.995206
697   0.998108
698   0.999614
699   0.999947
700   0.999352
701   0.998077
702   0.996391
703   0.994464
704   0.992508
705   0.990595
706   0.988866
707   0.98732
708   0.98604
709   0.984982
710   0.984193
711   0.98361
712   0.983262
713   0.983083
714   0.983092
715   0.983227
716   0.983506
717   0.983873
718   0.984346
719   0.984877
720   0.985484
721   0.986125
722   0.98682
723   0.987532
724   0.98828
725   0.989031
726   0.989802
727   0.990563
728   0.991331
729   0.992075
730   0.992808
731   0.972029
732   0.970028
733   0.968383
734   0.968022
735   0.970055
736   0.974717
737   0.981154
738   0.98743
739   0.992646
740   0.996399
741   0.998756
742   0.999827
743   0.999866
744   0.999125
745   0.99784
746   0.99625
747   0.994503
748   0.992767
749   0.991105
750   0.989615
751   0.988304
752   0.987218
753   0.986335
754   0.985671
755   0.985193
756   0.984901
757   0.984763
758   0.984773
759   0.984903
760   0.985144
761   0.985476
762   0.985889
763   0.98637
764   0.986908
765   0.987495
766   0.988121
767   0.98878
768   0.989463
769   0.990166
770   0.990879
771   0.991596
772   0.992307
773   0.993005
774   0.971325
775   0.969083
776   0.966914
777   0.965642
778   0.966485
779   0.969414
780   0.976463
781   0.983541
782   0.989482
783   0.994155
784   0.997332
785   0.999205
786   0.999927
787   0.999764
788   0.998966
789   0.997736
790   0.996295
791   0.994744
792   0.993241
793   0.991808
794   0.990544
795   0.989424
796   0.988511
797   0.987753
798   0.987194
799   0.986774
800   0.986527
801   0.986394
802   0.986403
803   0.9865
804   0.986711
805   0.986988
806   0.987356
807   0.987772
808   0.98826
809   0.988782
810   0.98936
811   0.989958
812   0.990597
813   0.991244
814   0.991915
815   0.992578
816   0.993245
817   0.971041
818   0.968492
819   0.965927
820   0.963943
821   0.963315
822   0.96569
823   0.971791
824   0.979083
825   0.985804
826   0.991272
827   0.995353
828   0.998024
829   0.99949
830   0.99996
831   0.999688
832   0.998903
833   0.997788
834   0.996514
835   0.99518
836   0.993887
837   0.992674
838   0.991591
839   0.990644
840   0.989851
841   0.989204
842   0.988703
843   0.988336
844   0.988096
845   0.987971
846   0.98795
847   0.988026
848   0.988186
849   0.988426
850   0.988734
851   0.989107
852   0.989534
853   0.990013
854   0.990533
855   0.991093
856   0.991679
857   0.992288
858   0.992907
859   0.993527
860   0.971176
861   0.968541
862   0.965479
863   0.962803
864   0.960741
865   0.960719
866   0.967001
867   0.974453
868   0.981605
869   0.987897
870   0.992774
871   0.996307
872   0.998512
873   0.999664
874   0.999965
875   0.999656
876   0.998942
877   0.997964
878   0.996877
879   0.995735
880   0.994646
881   0.993606
882   0.992689
883   0.991862
884   0.991179
885   0.990596
886   0.990151
887   0.989799
888   0.989573
889   0.989428
890   0.989393
891   0.989427
892   0.989557
893   0.989745
894   0.990017
895   0.990335
896   0.990727
897   0.991154
898   0.991642
899   0.992152
900   0.992706
901   0.993266
902   0.993846
903   0.971658
904   0.968793
905   0.965478
906   0.962046
907   0.958991
908   0.958512
909   0.962594
910   0.969484
911   0.977017
912   0.983923
913   0.989666
914   0.993983
915   0.99699
916   0.998829
917   0.99975
918   0.999968
919   0.999686
920   0.999073
921   0.998255
922   0.997337
923   0.996385
924   0.995455
925   0.994578
926   0.993777
927   0.993064
928   0.992446
929   0.991927
930   0.991502
931   0.991175
932   0.990936
933   0.990786
934   0.990718
935   0.990731
936   0.990818
937   0.990978
938   0.991203
939   0.991494
940   0.99184
941   0.99224
942   0.992684
943   0.993167
944   0.993675
945   0.9942
946   0.972479
947   0.969697
948   0.966055
949   0.962315
950   0.95813
951   0.955276
952   0.958615
953   0.964409
954   0.972069
955   0.979601
956   0.986011
957   0.991169
958   0.994897
959   0.997472
960   0.999009
961   0.999788
962   0.999976
963   0.999754
964   0.999263
965   0.998589
966   0.997838
967   0.997035
968   0.996256
969   0.995494
970   0.994805
971   0.994163
972   0.993614
973   0.993125
974   0.992733
975   0.992403
976   0.99217
977   0.991998
978   0.99192
979   0.991899
980   0.991968
981   0.99209
982   0.992295
983   0.992548
984   0.992875
985   0.993239
986   0.993661
987   0.994104
988   0.994582
989   0.973542
990   0.97064
991   0.967024
992   0.962853
993   0.958409
994   0.955235
995   0.955311
996   0.95975
997   0.967071
998   0.974859
999   0.981963
1000   0.987773
1001   0.992284
1002   0.995532
1003   0.997733
1004   0.99908
1005   0.999775
1006   0.999984
1007   0.999848
1008   0.999474
1009   0.998947
1010   0.99833
1011   0.997671
1012   0.997003
1013   0.996354
1014   0.995738
1015   0.995173
1016   0.994661
1017   0.994215
1018   0.993831
1019   0.993519
1020   0.993274
1021   0.993103
1022   0.993
1023   0.992972
1024   0.993011
1025   0.993122
1026   0.993298
1027   0.993539
1028   0.993835
1029   0.994184
1030   0.994571
1031   0.994988
1032   0.974848
1033   0.97216
1034   0.968478
1035   0.96438
1036   0.959536
1037   0.955326
1038   0.953611
1039   0.954708
1040   0.961972
1041   0.970089
1042   0.977503
1043   0.984037
1044   0.989154
1045   0.993124
1046   0.995921
1047   0.997866
1048   0.999063
1049   0.99973
1050   0.999978
1051   0.999929
1052   0.999671
1053   0.999263
1054   0.998773
1055   0.998221
1056   0.997662
1057   0.997092
1058   0.996556
1059   0.996038
1060   0.995577
1061   0.995151
1062   0.994794
1063   0.994482
1064   0.994248
1065   0.994065
1066   0.993964
1067   0.993917
1068   0.993954
1069   0.994045
1070   0.994216
1071   0.994435
1072   0.994723
1073   0.995043
1074   0.995411
1075   0.976298
1076   0.973646
1077   0.970232
1078   0.966119
1079   0.961369
1080   0.956713
1081   0.953048
1082   0.952995
1083   0.957683
1084   0.965126
1085   0.972879
1086   0.979836
1087   0.985631
1088   0.99018
1089   0.993616
1090   0.996115
1091   0.997845
1092   0.998977
1093   0.999638
1094   0.999945
1095   0.999984
1096   0.999827
1097   0.999534
1098   0.999144
1099   0.998699
1100   0.99822
1101   0.997734
1102   0.997252
1103   0.996794
1104   0.996362
1105   0.995974
1106   0.995628
1107   0.995338
1108   0.995102
1109   0.994931
1110   0.99482
1111   0.994781
1112   0.994805
1113   0.9949
1114   0.995056
1115   0.995274
1116   0.995539
1117   0.995845
1118   0.977874
1119   0.975539
1120   0.972273
1121   0.968534
1122   0.963831
1123   0.959139
1124   0.954208
1125   0.950852
1126   0.954517
1127   0.960676
1128   0.968292
1129   0.975675
1130   0.981833
1131   0.98698
1132   0.990903
1133   0.993963
1134   0.99617
1135   0.997778
1136   0.998846
1137   0.999526
1138   0.999881
1139   0.999998
1140   0.999932
1141   0.999729
1142   0.999435
1143   0.99907
1144   0.998673
1145   0.998248
1146   0.99783
1147   0.997411
1148   0.997025
1149   0.996658
1150   0.996343
1151   0.996061
1152   0.995846
1153   0.995675
1154   0.99558
1155   0.995537
1156   0.995573
1157   0.995661
1158   0.995822
1159   0.996024
1160   0.996282
1161   0.979468
1162   0.977252
1163   0.974372
1164   0.970823
1165   0.966538
1166   0.961759
1167   0.956802
1168   0.953155
1169   0.952681
1170   0.95723
1171   0.964212
1172   0.97146
1173   0.977981
1174   0.98347
1175   0.98789
1176   0.991409
1177   0.994101
1178   0.996153
1179   0.997638
1180   0.998694
1181   0.999381
1182   0.999791
1183   0.999974
1184   0.999986
1185   0.999867
1186   0.999649
1187   0.999365
1188   0.999031
1189   0.998673
1190   0.9983
1191   0.997934
1192   0.997577
1193   0.997249
1194   0.996951
1195   0.996699
1196   0.996492
1197   0.996344
1198   0.996254
1199   0.996229
1200   0.996265
1201   0.996365
1202   0.996517
1203   0.996717
1204   0.981065
1205   0.979171
1206   0.976524
1207   0.973448
1208   0.969475
1209   0.965209
1210   0.960287
1211   0.956044
1212   0.954038
1213   0.95452
1214   0.960794
1215   0.967954
1216   0.974334
1217   0.980143
1218   0.98482
1219   0.988747
1220   0.991811
1221   0.99427
1222   0.996126
1223   0.997541
1224   0.998548
1225   0.999251
1226   0.999689
1227   0.999927
1228   1
1229   0.999946
1230   0.999798
1231   0.999574
1232   0.999304
1233   0.998996
1234   0.998677
1235   0.998347
1236   0.998033
1237   0.99773
1238   0.997466
1239   0.997231
1240   0.997053
1241   0.996917
1242   0.996851
1243   0.996833
1244   0.996887
1245   0.996984
1246   0.997141
1247   0.982589
1248   0.980836
1249   0.978576
1250   0.975786
1251   0.972393
1252   0.968489
1253   0.964227
1254   0.96009
1255   0.956907
1256   0.956394
1257   0.958947
1258   0.965024
1259   0.971186
1260   0.976981
1261   0.981849
1262   0.986035
1263   0.989411
1264   0.992207
1265   0.994393
1266   0.996134
1267   0.997442
1268   0.998428
1269   0.999119
1270   0.999587
1271   0.999861
1272   0.999985
1273   0.999988
1274   0.999894
1275   0.99973
1276   0.999509
1277   0.999255
1278   0.998975
1279   0.998691
1280   0.998407
1281   0.998143
1282   0.997902
1283   0.9977
1284   0.99754
1285   0.997434
1286   0.99738
1287   0.997386
1288   0.997443
1289   0.997549
1290   0.984041
1291   0.982558
1292   0.980538
1293   0.978196
1294   0.975214
1295   0.971969
1296   0.968206
1297   0.964658
1298   0.961228
1299   0.959075
1300   0.96051
1301   0.963857
1302   0.969295
1303   0.974777
1304   0.979489
1305   0.983715
1306   0.987237
1307   0.990231
1308   0.992655
1309   0.994641
1310   0.996199
1311   0.997426
1312   0.998346
1313   0.999028
1314   0.999496
1315   0.999797
1316   0.999955
1317   0.999999
1318   0.999952
1319   0.999831
1320   0.999659
1321   0.999444
1322   0.999209
1323   0.998957
1324   0.998714
1325   0.998476
1326   0.998271
1327   0.998091
1328   0.997964
1329   0.997875
1330   0.997849
1331   0.997864
1332   0.997935
1333   0.985383
1334   0.98403
1335   0.982332
1336   0.98027
1337   0.977813
1338   0.974998
1339   0.971951
1340   0.968781
1341   0.965966
1342   0.963747
1343   0.963318
1344   0.96537
1345   0.968748
1346   0.973494
1347   0.977771
1348   0.981885
1349   0.985364
1350   0.988453
1351   0.990993
1352   0.993157
1353   0.994893
1354   0.996321
1355   0.997431
1356   0.998305
1357   0.99895
1358   0.999421
1359   0.999732
1360   0.999917
1361   0.999993
1362   0.999983
1363   0.999902
1364   0.999766
1365   0.999593
1366   0.999391
1367   0.999179
1368   0.998964
1369   0.998764
1370   0.998584
1371   0.998439
1372   0.998333
1373   0.998275
1374   0.998262
1375   0.998295
1376   0.986628
1377   0.985476
1378   0.983979
1379   0.982262
1380   0.980151
1381   0.977851
1382   0.975253
1383   0.972679
1384   0.970191
1385   0.968269
1386   0.967431
1387   0.967888
1388   0.970392
1389   0.973689
1390   0.977349
1391   0.980903
1392   0.984175
1393   0.98711
1394   0.989655
1395   0.991852
1396   0.993692
1397   0.995235
1398   0.996488
1399   0.997506
1400   0.998301
1401   0.998917
1402   0.999367
1403   0.999684
1404   0.99988
1405   0.999979
1406   0.999996
1407   0.999945
1408   0.999842
1409   0.999699
1410   0.999532
1411   0.999348
1412   0.999169
1413   0.998995
1414   0.99885
1415   0.998729
1416   0.998655
1417   0.998614
1418   0.998622
1419   0.987764
1420   0.986721
1421   0.98546
1422   0.98397
1423   0.982242
1424   0.980292
1425   0.978216
1426   0.976047
1427   0.974094
1428   0.972395
1429   0.971578
1430   0.971495
1431   0.972748
1432   0.975034
1433   0.977741
1434   0.980716
1435   0.983533
1436   0.98624
1437   0.988626
1438   0.990787
1439   0.992625
1440   0.994232
1441   0.995561
1442   0.996688
1443   0.997592
1444   0.998331
1445   0.998899
1446   0.999335
1447   0.999642
1448   0.999848
1449   0.999961
1450   0.999998
1451   0.999972
1452   0.999895
1453   0.999782
1454   0.999641
1455   0.99949
1456   0.999337
1457   0.999197
1458   0.999076
1459   0.998988
1460   0.998933
1461   0.998916
1462   0.988808
1463   0.987908
1464   0.986801
1465   0.985554
1466   0.984083
1467   0.982489
1468   0.980744
1469   0.978994
1470   0.977328
1471   0.975916
1472   0.975033
1473   0.974733
1474   0.975447
1475   0.976871
1476   0.978893
1477   0.981174
1478   0.98355
1479   0.98587
1480   0.988046
1481   0.990043
1482   0.991823
1483   0.993399
1484   0.994759
1485   0.995929
1486   0.996909
1487   0.997728
1488   0.998389
1489   0.998919
1490   0.999323
1491   0.999622
1492   0.999824
1493   0.999945
1494   0.999995
1495   0.999986
1496   0.999931
1497   0.999839
1498   0.999726
1499   0.999598
1500   0.999475
1501   0.999359
1502   0.999269
1503   0.999202
1504   0.999172
1505   0.98976
1506   0.988949
1507   0.988009
1508   0.986933
1509   0.985723
1510   0.984383
1511   0.982983
1512   0.981527
1513   0.980196
1514   0.978987
1515   0.978202
1516   0.977807
1517   0.978094
1518   0.978989
1519   0.980362
1520   0.9821
1521   0.983967
1522   0.985926
1523   0.987798
1524   0.98961
1525   0.991246
1526   0.99276
1527   0.994081
1528   0.995265
1529   0.996269
1530   0.997144
1531   0.997865
1532   0.998471
1533   0.99895
1534   0.99933
1535   0.99961
1536   0.999809
1537   0.99993
1538   0.999989
1539   0.999994
1540   0.999955
1541   0.999884
1542   0.999791
1543   0.99969
1544   0.999589
1545   0.999502
1546   0.999433
1547   0.99939
1548   0.990634
1549   0.989926
1550   0.989103
1551   0.988194
1552   0.987166
1553   0.986065
1554   0.984894
1555   0.983715
1556   0.982593
1557   0.981599
1558   0.980876
1559   0.980469
1560   0.980553
1561   0.981072
1562   0.982029
1563   0.983284
1564   0.984753
1565   0.986323
1566   0.987918
1567   0.989481
1568   0.990962
1569   0.992346
1570   0.993605
1571   0.994744
1572   0.995748
1573   0.996633
1574   0.99739
1575   0.998038
1576   0.998573
1577   0.999012
1578   0.999356
1579   0.999618
1580   0.999804
1581   0.999923
1582   0.999984
1583   0.999997
1584   0.999971
1585   0.999915
1586   0.999842
1587   0.99976
1588   0.999684
1589   0.999615
1590   0.999571
1591   0.991435
1592   0.990801
1593   0.990094
1594   0.989311
1595   0.988459
1596   0.987535
1597   0.986587
1598   0.985609
1599   0.984705
1600   0.983866
1601   0.98325
1602   0.982845
1603   0.982797
1604   0.983081
1605   0.983702
1606   0.984611
1607   0.985709
1608   0.986965
1609   0.988263
1610   0.989603
1611   0.990887
1612   0.992142
1613   0.993291
1614   0.994373
1615   0.995333
1616   0.996212
1617   0.99697
1618   0.997645
1619   0.998209
1620   0.998693
1621   0.999081
1622   0.999397
1623   0.999633
1624   0.999807
1625   0.999919
1626   0.99998
1627   0.999998
1628   0.999981
1629   0.999939
1630   0.999882
1631   0.99982
1632   0.999761
1633   0.999715
1634   0.992172
1635   0.991613
1636   0.990995
1637   0.990328
1638   0.989602
1639   0.988838
1640   0.988044
1641   0.987248
1642   0.986491
1643   0.985805
1644   0.985263
1645   0.984896
1646   0.984781
1647   0.984918
1648   0.985327
1649   0.985964
1650   0.986796
1651   0.987767
1652   0.988828
1653   0.989935
1654   0.991047
1655   0.992139
1656   0.993183
1657   0.994169
1658   0.995078
1659   0.995912
1660   0.996659
1661   0.997325
1662   0.997905
1663   0.998406
1664   0.998826
1665   0.999174
1666   0.999451
1667   0.999665
1668   0.999819
1669   0.999922
1670   0.999979
1671   0.999998
1672   0.999988
1673   0.999955
1674   0.999912
1675   0.999864
1676   0.999824
1677   0.99285
1678   0.992352
1679   0.991816
1680   0.99124
1681   0.990632
1682   0.989987
1683   0.989338
1684   0.988675
1685   0.98806
1686   0.987483
1687   0.98703
1688   0.986691
1689   0.986549
1690   0.986591
1691   0.986846
1692   0.987294
1693   0.987904
1694   0.988661
1695   0.989499
1696   0.99042
1697   0.991349
1698   0.992304
1699   0.993217
1700   0.994116
1701   0.994943
1702   0.995732
1703   0.996437
1704   0.997091
1705   0.997658
1706   0.998168
1707   0.998597
1708   0.998969
1709   0.999269
1710   0.999515
1711   0.999699
1712   0.999837
1713   0.999926
1714   0.999979
1715   0.999998
1716   0.999992
1717   0.999969
1718   0.999936
1719   0.999903
1720   0.993474
1721   0.993033
1722   0.992563
1723   0.992067
1724   0.991546
1725   0.991006
1726   0.990458
1727   0.989913
1728   0.989396
1729   0.988923
1730   0.988532
1731   0.988241
1732   0.988087
1733   0.988082
1734   0.988241
1735   0.988556
1736   0.989014
1737   0.989595
1738   0.990271
1739   0.991017
1740   0.991804
1741   0.992613
1742   0.993418
1743   0.994208
1744   0.994963
1745   0.99568
1746   0.996344
1747   0.996956
1748   0.997507
1749   0.998001
1750   0.998431
1751   0.998805
1752   0.999118
1753   0.999378
1754   0.999585
1755   0.999744
1756   0.999859
1757   0.999937
1758   0.99998
1759   0.999998
1760   0.999995
1761   0.999977
1762   0.999955
1763   0.99405
1764   0.993658
1765   0.993246
1766   0.992815
1767   0.992371
1768   0.99191
1769   0.991455
1770   0.990995
1771   0.990571
1772   0.99017
1773   0.989847
1774   0.989587
1775   0.989445
1776   0.98941
1777   0.989508
1778   0.989732
1779   0.990074
1780   0.99053
1781   0.991064
1782   0.991681
1783   0.99233
1784   0.993027
1785   0.993714
1786   0.994417
1787   0.995082
1788   0.995739
1789   0.99634
1790   0.996915
1791   0.997428
1792   0.997904
1793   0.998316
1794   0.998688
1795   0.998998
1796   0.999267
1797   0.999481
1798   0.999657
1799   0.999787
1800   0.999884
1801   0.999946
1802   0.999983
1803   0.999998
1804   0.999996
1805   0.999985
1806   0.99458
1807   0.994232
1808   0.993869
1809   0.993493
1810   0.993106
1811   0.992713
1812   0.992321
1813   0.991938
1814   0.991575
1815   0.991245
1816   0.990967
1817   0.990753
1818   0.990621
1819   0.990583
1820   0.990647
1821   0.990814
1822   0.991082
1823   0.991442
1824   0.99188
1825   0.992383
1826   0.992933
1827   0.993518
1828   0.994117
1829   0.994722
1830   0.995318
1831   0.995896
1832   0.996446
1833   0.996964
1834   0.997443
1835   0.997882
1836   0.998276
1837   0.998626
1838   0.99893
1839   0.999191
1840   0.999409
1841   0.999587
1842   0.999727
1843   0.999833
1844   0.999909
1845   0.999959
1846   0.999987
1847   0.999998
1848   0.999997
