##### Y Variance #####
0   0.999964
1   0.999863
2   0.999365
3   0.998335
4   0.996662
5   0.994326
6   0.991305
7   0.987708
8   0.983626
9   0.979383
10   0.975062
11   0.970895
12   0.966935
13   0.963335
14   0.960148
15   0.957473
16   0.95535
17   0.953834
18   0.952915
19   0.952578
20   0.952784
21   0.953467
22   0.954592
23   0.956075
24   0.95787
25   0.959877
26   0.962044
27   0.964273
28   0.966533
29   0.968757
30   0.97093
31   0.973014
32   0.975009
33   0.976898
34   0.978686
35   0.980369
36   0.981952
37   0.983435
38   0.984825
39   0.986121
40   0.987329
41   0.988452
42   0.989492
43   0.999747
44   0.999921
45   0.999704
46   0.998941
47   0.997389
48   0.995191
49   0.992027
50   0.988406
51   0.983786
52   0.979424
53   0.974446
54   0.969999
55   0.965385
56   0.961386
57   0.957628
58   0.954552
59   0.951981
60   0.950168
61   0.948977
62   0.948448
63   0.94858
64   0.949173
65   0.950398
66   0.951927
67   0.95397
68   0.956134
69   0.958634
70   0.961067
71   0.963662
72   0.966098
73   0.968568
74   0.97085
75   0.973087
76   0.975149
77   0.977128
78   0.978961
79   0.980696
80   0.982307
81   0.983819
82   0.985224
83   0.986531
84   0.987742
85   0.988862
86   0.999137
87   0.999606
88   0.999822
89   0.99947
90   0.998334
91   0.996392
92   0.993552
93   0.989995
94   0.985619
95   0.980797
96   0.975656
97   0.970482
98   0.965377
99   0.960614
100   0.956233
101   0.952518
102   0.94941
103   0.947053
104   0.945408
105   0.944466
106   0.944254
107   0.944677
108   0.945762
109   0.947375
110   0.949486
111   0.951922
112   0.954629
113   0.957426
114   0.960288
115   0.963098
116   0.965842
117   0.968451
118   0.970929
119   0.973252
120   0.975432
121   0.977466
122   0.979365
123   0.981134
124   0.982778
125   0.984304
126   0.985717
127   0.987024
128   0.988228
129   0.998006
130   0.998783
131   0.999451
132   0.999609
133   0.998984
134   0.997512
135   0.995037
136   0.991858
137   0.987736
138   0.983095
139   0.977683
140   0.972403
141   0.966534
142   0.961499
143   0.956049
144   0.951974
145   0.947896
146   0.944987
147   0.942581
148   0.940989
149   0.940268
150   0.940221
151   0.941121
152   0.942574
153   0.944797
154   0.947317
155   0.950353
156   0.953373
157   0.956651
158   0.959766
159   0.962921
160   0.965828
161   0.968641
162   0.971217
163   0.973654
164   0.975894
165   0.977989
166   0.979921
167   0.981715
168   0.98337
169   0.984898
170   0.986303
171   0.987595
172   0.996243
173   0.997188
174   0.998385
175   0.999126
176   0.999185
177   0.998301
178   0.996454
179   0.993731
180   0.990135
181   0.985849
182   0.980896
183   0.975586
184   0.969976
185   0.964384
186   0.958838
187   0.953593
188   0.948815
189   0.944608
190   0.941135
191   0.93852
192   0.936802
193   0.936183
194   0.936496
195   0.937749
196   0.939787
197   0.942372
198   0.945502
199   0.948884
200   0.952475
201   0.956079
202   0.959619
203   0.962979
204   0.966127
205   0.969055
206   0.971757
207   0.974259
208   0.976559
209   0.978684
210   0.980635
211   0.982433
212   0.984079
213   0.985591
214   0.986971
215   0.993837
216   0.995015
217   0.996599
218   0.997948
219   0.998681
220   0.998488
221   0.997275
222   0.99518
223   0.992135
224   0.988433
225   0.98397
226   0.979107
227   0.973769
228   0.968334
229   0.962645
230   0.957154
231   0.951381
232   0.946692
233   0.94154
234   0.938461
235   0.934879
236   0.933889
237   0.932899
238   0.933723
239   0.935271
240   0.937492
241   0.940698
242   0.944137
243   0.948177
244   0.952143
245   0.956221
246   0.959965
247   0.963548
248   0.966802
249   0.969828
250   0.972584
251   0.975121
252   0.977438
253   0.979561
254   0.981502
255   0.983274
256   0.984891
257   0.986364
258   0.990766
259   0.991836
260   0.993969
261   0.995899
262   0.997426
263   0.997961
264   0.997541
265   0.996095
266   0.993768
267   0.990644
268   0.986826
269   0.982472
270   0.977669
271   0.972597
272   0.967297
273   0.961952
274   0.956517
275   0.951339
276   0.946351
277   0.94193
278   0.938019
279   0.934847
280   0.932727
281   0.931545
282   0.931746
283   0.933136
284   0.935711
285   0.93936
286   0.943609
287   0.94809
288   0.952592
289   0.956893
290   0.960862
291   0.964546
292   0.967875
293   0.970934
294   0.973695
295   0.976226
296   0.978515
297   0.980607
298   0.9825
299   0.984226
300   0.985786
301   0.987185
302   0.98836
303   0.990682
304   0.99322
305   0.995446
306   0.996777
307   0.997096
308   0.99641
309   0.994736
310   0.992301
311   0.989077
312   0.985365
313   0.981105
314   0.976606
315   0.971782
316   0.966918
317   0.961916
318   0.956979
319   0.952126
320   0.947476
321   0.943024
322   0.939039
323   0.935037
324   0.932886
325   0.930365
326   0.931248
327   0.931917
328   0.935535
329   0.939685
330   0.94428
331   0.949255
332   0.953882
333   0.958318
334   0.962345
335   0.966017
336   0.969339
337   0.972343
338   0.975065
339   0.977526
340   0.979757
341   0.981774
342   0.9836
343   0.985249
344   0.983196
345   0.983812
346   0.986607
347   0.989636
348   0.992678
349   0.99482
350   0.996012
351   0.996057
352   0.995171
353   0.993363
354   0.990845
355   0.987705
356   0.984102
357   0.980149
358   0.975939
359   0.971587
360   0.967112
361   0.962617
362   0.95811
363   0.953683
364   0.949354
365   0.945243
366   0.941297
367   0.937969
368   0.935207
369   0.933494
370   0.933171
371   0.934012
372   0.937055
373   0.941219
374   0.94614
375   0.951277
376   0.956004
377   0.96044
378   0.964356
379   0.967945
380   0.971134
381   0.974041
382   0.97664
383   0.979003
384   0.981122
385   0.983044
386   0.984768
387   0.979192
388   0.979851
389   0.982136
390   0.985525
391   0.989238
392   0.992266
393   0.994275
394   0.99515
395   0.994959
396   0.993868
397   0.991946
398   0.989454
399   0.986405
400   0.98307
401   0.979408
402   0.97565
403   0.971718
404   0.967773
405   0.963755
406   0.959772
407   0.955808
408   0.951963
409   0.948277
410   0.94477
411   0.941697
412   0.939058
413   0.936988
414   0.936547
415   0.936468
416   0.940162
417   0.94416
418   0.949347
419   0.954293
420   0.958909
421   0.963032
422   0.966783
423   0.970135
424   0.97317
425   0.975893
426   0.978354
427   0.980567
428   0.982563
429   0.98436
430   0.975186
431   0.975279
432   0.977393
433   0.980517
434   0.985103
435   0.98899
436   0.991904
437   0.993578
438   0.994206
439   0.993767
440   0.992545
441   0.990603
442   0.988183
443   0.985362
444   0.982303
445   0.979061
446   0.975715
447   0.972299
448   0.968838
449   0.965363
450   0.961884
451   0.958458
452   0.955067
453   0.951799
454   0.948707
455   0.945924
456   0.943576
457   0.942019
458   0.941324
459   0.941956
460   0.945063
461   0.949
462   0.953627
463   0.958215
464   0.962287
465   0.966082
466   0.969473
467   0.972572
468   0.975351
469   0.977875
470   0.980142
471   0.982196
472   0.984041
473   0.971331
474   0.971178
475   0.972614
476   0.975835
477   0.980584
478   0.985235
479   0.988983
480   0.991527
481   0.992898
482   0.993203
483   0.992574
484   0.991259
485   0.989344
486   0.987093
487   0.984516
488   0.981829
489   0.978981
490   0.976121
491   0.973177
492   0.970241
493   0.967267
494   0.9643
495   0.961348
496   0.958398
497   0.955587
498   0.952879
499   0.950573
500   0.948594
501   0.947432
502   0.94695
503   0.947744
504   0.950683
505   0.954143
506   0.95832
507   0.962167
508   0.965854
509   0.969189
510   0.972264
511   0.975044
512   0.977578
513   0.979871
514   0.981949
515   0.983829
516   0.967652
517   0.96691
518   0.967815
519   0.970227
520   0.975655
521   0.980967
522   0.985535
523   0.988896
524   0.991105
525   0.992101
526   0.992176
527   0.9914
528   0.990078
529   0.988283
530   0.986245
531   0.983995
532   0.981673
533   0.979268
534   0.976847
535   0.974385
536   0.971908
537   0.969398
538   0.966866
539   0.964315
540   0.961789
541   0.959337
542   0.957063
543   0.955056
544   0.953523
545   0.952562
546   0.952653
547   0.9538
548   0.956487
549   0.959631
550   0.963006
551   0.966293
552   0.969422
553   0.972339
554   0.975036
555   0.977515
556   0.979783
557   0.981854
558   0.983739
559   0.964273
560   0.963091
561   0.963278
562   0.965651
563   0.970649
564   0.976405
565   0.981683
566   0.985879
567   0.988864
568   0.990634
569   0.991332
570   0.991186
571   0.990347
572   0.989082
573   0.987457
574   0.985694
575   0.983774
576   0.981848
577   0.979848
578   0.977861
579   0.97582
580   0.973757
581   0.971646
582   0.969478
583   0.967309
584   0.965106
585   0.963042
586   0.961059
587   0.959484
588   0.958252
589   0.957868
590   0.958226
591   0.959668
592   0.961944
593   0.964559
594   0.967365
595   0.970124
596   0.972804
597   0.975329
598   0.977696
599   0.979892
600   0.981919
601   0.983781
602   0.961257
603   0.959523
604   0.958969
605   0.960105
606   0.965453
607   0.971497
608   0.977418
609   0.98239
610   0.986209
611   0.988717
612   0.99014
613   0.99056
614   0.990307
615   0.989475
616   0.988344
617   0.986951
618   0.985482
619   0.983916
620   0.982354
621   0.98074
622   0.979123
623   0.977441
624   0.97572
625   0.973912
626   0.972059
627   0.970141
628   0.968254
629   0.966407
630   0.964798
631   0.963451
632   0.962718
633   0.962529
634   0.963337
635   0.964745
636   0.966729
637   0.968931
638   0.97129
639   0.973628
640   0.975931
641   0.978121
642   0.980205
643   0.982147
644   0.983964
645   0.958695
646   0.956456
647   0.955223
648   0.956179
649   0.96039
650   0.966425
651   0.972852
652   0.978581
653   0.983192
654   0.986493
655   0.98859
656   0.989669
657   0.989921
658   0.989616
659   0.988872
660   0.987923
661   0.986789
662   0.985628
663   0.984392
664   0.98317
665   0.981889
666   0.980585
667   0.979201
668   0.977739
669   0.976196
670   0.974554
671   0.972898
672   0.971208
673   0.969674
674   0.9683
675   0.967364
676   0.966886
677   0.967089
678   0.967916
679   0.969238
680   0.970921
681   0.972803
682   0.974796
683   0.976809
684   0.978795
685   0.980719
686   0.982553
687   0.984288
688   0.956651
689   0.953992
690   0.951984
691   0.951482
692   0.955391
693   0.960969
694   0.967912
695   0.974381
696   0.979796
697   0.983879
698   0.986726
699   0.988428
700   0.98929
701   0.989441
702   0.989183
703   0.988582
704   0.987855
705   0.986994
706   0.986127
707   0.985194
708   0.984261
709   0.983248
710   0.982192
711   0.981017
712   0.979762
713   0.978375
714   0.976935
715   0.975418
716   0.97398
717   0.972624
718   0.971601
719   0.970888
720   0.970768
721   0.971087
722   0.971944
723   0.973109
724   0.974588
725   0.976194
726   0.977926
727   0.979663
728   0.981415
729   0.983103
730   0.984746
731   0.955147
732   0.952033
733   0.949551
734   0.948709
735   0.950708
736   0.955718
737   0.962787
738   0.969889
739   0.976086
740   0.980956
741   0.984535
742   0.986937
743   0.988361
744   0.989067
745   0.989217
746   0.989054
747   0.988641
748   0.988147
749   0.98755
750   0.986947
751   0.986273
752   0.98557
753   0.984771
754   0.983886
755   0.98288
756   0.981748
757   0.980519
758   0.979192
759   0.977877
760   0.976597
761   0.975526
762   0.974709
763   0.974297
764   0.974295
765   0.974712
766   0.975484
767   0.976545
768   0.977817
769   0.979233
770   0.980734
771   0.982277
772   0.983818
773   0.985331
774   0.954231
775   0.950814
776   0.947763
777   0.945871
778   0.946584
779   0.949709
780   0.957337
781   0.965132
782   0.971996
783   0.977667
784   0.982007
785   0.985101
786   0.987174
787   0.988394
788   0.989052
789   0.98926
790   0.989247
791   0.989037
792   0.988773
793   0.988412
794   0.988031
795   0.987556
796   0.987027
797   0.986365
798   0.985605
799   0.984683
800   0.983662
801   0.982505
802   0.981328
803   0.980125
804   0.979074
805   0.978168
806   0.977607
807   0.977326
808   0.977454
809   0.97786
810   0.978601
811   0.979532
812   0.98068
813   0.981919
814   0.983271
815   0.984633
816   0.986026
817   0.953898
818   0.950178
819   0.946659
820   0.944002
821   0.943068
822   0.94554
823   0.952098
824   0.960062
825   0.967598
826   0.974006
827   0.979129
828   0.982959
829   0.985668
830   0.987485
831   0.988607
832   0.989276
833   0.989597
834   0.989748
835   0.989741
836   0.989677
837   0.989515
838   0.989301
839   0.988977
840   0.988555
841   0.987993
842   0.987291
843   0.986451
844   0.985478
845   0.984432
846   0.983341
847   0.982316
848   0.981399
849   0.980706
850   0.980263
851   0.980124
852   0.980271
853   0.980699
854   0.981362
855   0.982227
856   0.983243
857   0.984377
858   0.985579
859   0.986818
860   0.954125
861   0.950294
862   0.946259
863   0.942815
864   0.94034
865   0.940223
866   0.946916
867   0.954956
868   0.962876
869   0.97001
870   0.975869
871   0.980451
872   0.98384
873   0.986243
874   0.987907
875   0.988997
876   0.989737
877   0.990192
878   0.99051
879   0.990679
880   0.990782
881   0.990765
882   0.990671
883   0.990431
884   0.990078
885   0.989552
886   0.988897
887   0.988078
888   0.987177
889   0.986183
890   0.985225
891   0.984299
892   0.983557
893   0.982972
894   0.98267
895   0.982579
896   0.982783
897   0.983181
898   0.983825
899   0.984605
900   0.985557
901   0.986575
902   0.987683
903   0.95483
904   0.950795
905   0.946467
906   0.942224
907   0.938625
908   0.937964
909   0.942294
910   0.949712
911   0.957929
912   0.965631
913   0.972257
914   0.977563
915   0.981645
916   0.984678
917   0.986867
918   0.988453
919   0.989571
920   0.990404
921   0.990997
922   0.991459
923   0.991774
924   0.991996
925   0.992082
926   0.992053
927   0.991867
928   0.991533
929   0.991037
930   0.990387
931   0.989616
932   0.988746
933   0.987851
934   0.986968
935   0.986185
936   0.985535
937   0.985084
938   0.984839
939   0.984828
940   0.985032
941   0.985449
942   0.986042
943   0.986794
944   0.987658
945   0.988607
946   0.955985
947   0.952039
948   0.947386
949   0.942782
950   0.937969
951   0.934739
952   0.938253
953   0.944478
954   0.952774
955   0.961028
956   0.968275
957   0.974329
958   0.979075
959   0.982742
960   0.985494
961   0.987556
962   0.989115
963   0.990292
964   0.991222
965   0.991935
966   0.992512
967   0.99293
968   0.99323
969   0.993369
970   0.993373
971   0.993196
972   0.992871
973   0.992366
974   0.991739
975   0.990979
976   0.990177
977   0.989333
978   0.988564
979   0.987858
980   0.987331
981   0.986945
982   0.986792
983   0.986807
984   0.987057
985   0.987456
986   0.98805
987   0.988744
988   0.989566
989   0.957478
990   0.953452
991   0.948819
992   0.943769
993   0.938625
994   0.935018
995   0.935043
996   0.939809
997   0.947689
998   0.956163
999   0.96403
1000   0.970691
1001   0.976124
1002   0.980407
1003   0.983723
1004   0.986299
1005   0.988281
1006   0.989859
1007   0.991098
1008   0.992118
1009   0.992924
1010   0.993582
1011   0.994067
1012   0.994408
1013   0.994574
1014   0.994578
1015   0.994405
1016   0.994064
1017   0.993571
1018   0.992944
1019   0.992233
1020   0.991467
1021   0.990715
1022   0.99001
1023   0.989416
1024   0.988953
1025   0.988666
1026   0.988554
1027   0.988635
1028   0.98889
1029   0.989315
1030   0.989876
1031   0.990548
1032   0.959292
1033   0.955509
1034   0.950835
1035   0.945846
1036   0.940269
1037   0.935502
1038   0.933614
1039   0.934839
1040   0.942614
1041   0.95136
1042   0.959502
1043   0.966817
1044   0.972809
1045   0.977722
1046   0.981577
1047   0.984657
1048   0.987089
1049   0.989048
1050   0.99064
1051   0.991942
1052   0.993022
1053   0.993896
1054   0.9946
1055   0.99512
1056   0.995474
1057   0.99564
1058   0.995637
1059   0.995444
1060   0.995101
1061   0.994599
1062   0.994002
1063   0.993312
1064   0.992617
1065   0.991918
1066   0.991311
1067   0.990781
1068   0.990417
1069   0.990182
1070   0.990149
1071   0.990255
1072   0.990556
1073   0.99097
1074   0.991529
1075   0.961315
1076   0.957619
1077   0.953236
1078   0.948247
1079   0.942742
1080   0.937494
1081   0.93347
1082   0.933417
1083   0.93846
1084   0.946478
1085   0.9549
1086   0.962601
1087   0.969196
1088   0.974639
1089   0.97904
1090   0.982614
1091   0.985487
1092   0.987856
1093   0.989786
1094   0.991412
1095   0.992749
1096   0.993878
1097   0.994786
1098   0.995517
1099   0.996048
1100   0.9964
1101   0.996558
1102   0.996536
1103   0.996339
1104   0.995983
1105   0.995503
1106   0.994919
1107   0.994288
1108   0.993637
1109   0.993026
1110   0.992478
1111   0.992046
1112   0.99174
1113   0.991593
1114   0.991598
1115   0.991766
1116   0.992071
1117   0.992499
1118   0.963511
1119   0.960176
1120   0.955983
1121   0.951387
1122   0.945938
1123   0.940617
1124   0.935227
1125   0.931627
1126   0.935552
1127   0.94219
1128   0.950429
1129   0.9585
1130   0.965417
1131   0.971382
1132   0.976216
1133   0.980262
1134   0.983551
1135   0.986308
1136   0.988591
1137   0.990521
1138   0.992143
1139   0.993512
1140   0.994652
1141   0.995581
1142   0.99631
1143   0.996838
1144   0.997175
1145   0.997315
1146   0.99728
1147   0.997069
1148   0.996723
1149   0.996248
1150   0.995709
1151   0.995112
1152   0.994536
1153   0.99398
1154   0.993525
1155   0.993153
1156   0.992938
1157   0.99284
1158   0.992917
1159   0.993105
1160   0.993439
1161   0.965763
1162   0.962605
1163   0.958836
1164   0.954466
1165   0.949444
1166   0.944028
1167   0.938554
1168   0.934594
1169   0.934106
1170   0.939015
1171   0.946541
1172   0.954433
1173   0.96165
1174   0.967912
1175   0.973162
1176   0.977609
1177   0.981292
1178   0.984428
1179   0.987043
1180   0.989295
1181   0.991185
1182   0.992817
1183   0.994177
1184   0.995328
1185   0.996248
1186   0.996973
1187   0.997485
1188   0.997805
1189   0.997932
1190   0.997883
1191   0.997677
1192   0.997334
1193   0.996895
1194   0.996384
1195   0.995853
1196   0.995328
1197   0.994858
1198   0.994464
1199   0.994185
1200   0.994026
1201   0.994007
1202   0.994115
1203   0.994341
1204   0.96804
1205   0.965253
1206   0.961768
1207   0.957905
1208   0.953225
1209   0.948329
1210   0.942873
1211   0.938228
1212   0.936085
1213   0.936672
1214   0.943412
1215   0.951152
1216   0.958178
1217   0.964692
1218   0.970146
1219   0.974918
1220   0.97891
1221   0.982367
1222   0.985288
1223   0.987818
1224   0.989976
1225   0.991844
1226   0.993433
1227   0.994787
1228   0.995909
1229   0.996818
1230   0.997515
1231   0.998009
1232   0.998307
1233   0.998418
1234   0.998363
1235   0.998156
1236   0.997836
1237   0.997418
1238   0.996961
1239   0.996474
1240   0.996026
1241   0.995616
1242   0.995311
1243   0.995091
1244   0.995015
1245   0.995035
1246   0.99519
1247   0.970258
1248   0.967671
1249   0.964617
1250   0.961083
1251   0.95701
1252   0.952496
1253   0.947707
1254   0.943151
1255   0.939705
1256   0.939183
1257   0.94197
1258   0.948541
1259   0.955272
1260   0.96172
1261   0.967288
1262   0.97226
1263   0.976478
1264   0.980203
1265   0.983367
1266   0.986159
1267   0.988541
1268   0.990643
1269   0.992433
1270   0.993997
1271   0.995302
1272   0.996404
1273   0.997276
1274   0.997952
1275   0.998418
1276   0.998699
1277   0.9988
1278   0.998741
1279   0.998549
1280   0.998246
1281   0.997872
1282   0.997454
1283   0.997037
1284   0.996645
1285   0.996319
1286   0.996075
1287   0.995939
1288   0.995907
1289   0.995981
1290   0.972409
1291   0.970143
1292   0.96738
1293   0.964333
1294   0.960707
1295   0.956877
1296   0.952607
1297   0.94864
1298   0.944906
1299   0.942601
1300   0.944161
1301   0.947817
1302   0.953742
1303   0.959791
1304   0.965138
1305   0.970066
1306   0.974364
1307   0.9782
1308   0.981534
1309   0.984487
1310   0.987057
1311   0.989329
1312   0.991303
1313   0.993034
1314   0.994517
1315   0.995783
1316   0.996827
1317   0.997668
1318   0.998302
1319   0.998744
1320   0.999002
1321   0.999092
1322   0.999036
1323   0.998852
1324   0.99858
1325   0.998237
1326   0.997876
1327   0.997509
1328   0.997194
1329   0.996928
1330   0.996765
1331   0.996677
1332   0.996704
1333   0.974447
1334   0.972367
1335   0.96997
1336   0.967248
1337   0.964178
1338   0.960809
1339   0.957273
1340   0.953693
1341   0.950566
1342   0.948155
1343   0.947701
1344   0.949945
1345   0.953655
1346   0.958884
1347   0.963702
1348   0.96845
1349   0.972614
1350   0.976475
1351   0.979835
1352   0.982897
1353   0.985562
1354   0.987975
1355   0.990073
1356   0.991956
1357   0.993576
1358   0.995
1359   0.996191
1360   0.997193
1361   0.99798
1362   0.998583
1363   0.998993
1364   0.999235
1365   0.999317
1366   0.999263
1367   0.9991
1368   0.998852
1369   0.998557
1370   0.998241
1371   0.997943
1372   0.997684
1373   0.997495
1374   0.997383
1375   0.997355
1376   0.976379
1377   0.974549
1378   0.972402
1379   0.970064
1380   0.967378
1381   0.964549
1382   0.961485
1383   0.958511
1384   0.955709
1385   0.953571
1386   0.952652
1387   0.95317
1388   0.955912
1389   0.959564
1390   0.963679
1391   0.967768
1392   0.971651
1393   0.975268
1394   0.97856
1395   0.981567
1396   0.984269
1397   0.986717
1398   0.988902
1399   0.990867
1400   0.992601
1401   0.994135
1402   0.995455
1403   0.996585
1404   0.997513
1405   0.998256
1406   0.99881
1407   0.999193
1408   0.999412
1409   0.999487
1410   0.999439
1411   0.999289
1412   0.999075
1413   0.998815
1414   0.998557
1415   0.998309
1416   0.998121
1417   0.997982
1418   0.997929
1419   0.978187
1420   0.976519
1421   0.974652
1422   0.972582
1423   0.970312
1424   0.967862
1425   0.965339
1426   0.962784
1427   0.960519
1428   0.958592
1429   0.957654
1430   0.957568
1431   0.958946
1432   0.961491
1433   0.964545
1434   0.967972
1435   0.971304
1436   0.974616
1437   0.977659
1438   0.980558
1439   0.983171
1440   0.985618
1441   0.987803
1442   0.989824
1443   0.991609
1444   0.993234
1445   0.994642
1446   0.995886
1447   0.996924
1448   0.997797
1449   0.998478
1450   0.998996
1451   0.999344
1452   0.999547
1453   0.999616
1454   0.999573
1455   0.999446
1456   0.999259
1457   0.999047
1458   0.998832
1459   0.998648
1460   0.998507
1461   0.998426
1462   0.979885
1463   0.978407
1464   0.976739
1465   0.974951
1466   0.972972
1467   0.970906
1468   0.968737
1469   0.966613
1470   0.964639
1471   0.962989
1472   0.96196
1473   0.961606
1474   0.962382
1475   0.963973
1476   0.966263
1477   0.9689
1478   0.971715
1479   0.97455
1480   0.97731
1481   0.979956
1482   0.982442
1483   0.984775
1484   0.986927
1485   0.98892
1486   0.990731
1487   0.992383
1488   0.993855
1489   0.995165
1490   0.996296
1491   0.997263
1492   0.998054
1493   0.998685
1494   0.999151
1495   0.99947
1496   0.99965
1497   0.999711
1498   0.999676
1499   0.999564
1500   0.999411
1501   0.999233
1502   0.999072
1503   0.998931
1504   0.998844
1505   0.981469
1506   0.980128
1507   0.978669
1508   0.977091
1509   0.975406
1510   0.973623
1511   0.971818
1512   0.970006
1513   0.96837
1514   0.966922
1515   0.965968
1516   0.965491
1517   0.965782
1518   0.966782
1519   0.968342
1520   0.970365
1521   0.972584
1522   0.974987
1523   0.977356
1524   0.979746
1525   0.982003
1526   0.984206
1527   0.98624
1528   0.988187
1529   0.989956
1530   0.991618
1531   0.993101
1532   0.994462
1533   0.995643
1534   0.99669
1535   0.997561
1536   0.99829
1537   0.998855
1538   0.999281
1539   0.999565
1540   0.999728
1541   0.999784
1542   0.999754
1543   0.999665
1544   0.999538
1545   0.999404
1546   0.99928
1547   0.999187
1548   0.982951
1549   0.981756
1550   0.980455
1551   0.979083
1552   0.977613
1553   0.976097
1554   0.974545
1555   0.973024
1556   0.971608
1557   0.970373
1558   0.969473
1559   0.968957
1560   0.969013
1561   0.969582
1562   0.970673
1563   0.972142
1564   0.9739
1565   0.975835
1566   0.977861
1567   0.979921
1568   0.981957
1569   0.98395
1570   0.985858
1571   0.987685
1572   0.989398
1573   0.991006
1574   0.992483
1575   0.99384
1576   0.995054
1577   0.996136
1578   0.997069
1579   0.997863
1580   0.998509
1581   0.99902
1582   0.999394
1583   0.999647
1584   0.999788
1585   0.999837
1586   0.999815
1587   0.99974
1588   0.999644
1589   0.99954
1590   0.999458
1591   0.984333
1592   0.983254
1593   0.982109
1594   0.9809
1595   0.979638
1596   0.978328
1597   0.977021
1598   0.975721
1599   0.974532
1600   0.973459
1601   0.972658
1602   0.972132
1603   0.972024
1604   0.972326
1605   0.973029
1606   0.974101
1607   0.975424
1608   0.976987
1609   0.978642
1610   0.980419
1611   0.98218
1612   0.98398
1613   0.985703
1614   0.987413
1615   0.989011
1616   0.990562
1617   0.99198
1618   0.993325
1619   0.994525
1620   0.995631
1621   0.996587
1622   0.997434
1623   0.998132
1624   0.998714
1625   0.999159
1626   0.999492
1627   0.99971
1628   0.999834
1629   0.999878
1630   0.999861
1631   0.999806
1632   0.999732
1633   0.999662
1634   0.985623
1635   0.984659
1636   0.98364
1637   0.982582
1638   0.98148
1639   0.980358
1640   0.979231
1641   0.978131
1642   0.977104
1643   0.976189
1644   0.975465
1645   0.974967
1646   0.974779
1647   0.974903
1648   0.975363
1649   0.976118
1650   0.977131
1651   0.978349
1652   0.979716
1653   0.981192
1654   0.982725
1655   0.984292
1656   0.985851
1657   0.987393
1658   0.988884
1659   0.990323
1660   0.991681
1661   0.992962
1662   0.994142
1663   0.995225
1664   0.996192
1665   0.99705
1666   0.997785
1667   0.998406
1668   0.998906
1669   0.999296
1670   0.999578
1671   0.999766
1672   0.99987
1673   0.999907
1674   0.999896
1675   0.999854
1676   0.999805
1677   0.986825
1678   0.985959
1679   0.985059
1680   0.984126
1681   0.983172
1682   0.982199
1683   0.98124
1684   0.980295
1685   0.979426
1686   0.978632
1687   0.977999
1688   0.977529
1689   0.9773
1690   0.977315
1691   0.977591
1692   0.978128
1693   0.978875
1694   0.979839
1695   0.980929
1696   0.982171
1697   0.983458
1698   0.984835
1699   0.986196
1700   0.987597
1701   0.988939
1702   0.990281
1703   0.991535
1704   0.992759
1705   0.993874
1706   0.994932
1707   0.995871
1708   0.996733
1709   0.997471
1710   0.99812
1711   0.998648
1712   0.999085
1713   0.999412
1714   0.999654
1715   0.999809
1716   0.999897
1717   0.999929
1718   0.999923
1719   0.999896
1720   0.987944
1721   0.98717
1722   0.98637
1723   0.985549
1724   0.984714
1725   0.983873
1726   0.983042
1727   0.982236
1728   0.981484
1729   0.980807
1730   0.980246
1731   0.979824
1732   0.979583
1733   0.979537
1734   0.979704
1735   0.98008
1736   0.98065
1737   0.981398
1738   0.982291
1739   0.983307
1740   0.984409
1741   0.985582
1742   0.986787
1743   0.988017
1744   0.989237
1745   0.990444
1746   0.991609
1747   0.992733
1748   0.99379
1749   0.994782
1750   0.995691
1751   0.996518
1752   0.997251
1753   0.997894
1754   0.998438
1755   0.998891
1756   0.99925
1757   0.999525
1758   0.999721
1759   0.999849
1760   0.999919
1761   0.999946
1762   0.999944
1763   0.988984
1764   0.988292
1765   0.987582
1766   0.986858
1767   0.986129
1768   0.985396
1769   0.984682
1770   0.983984
1771   0.983343
1772   0.982754
1773   0.982271
1774   0.981889
1775   0.981658
1776   0.98158
1777   0.981672
1778   0.981944
1779   0.982371
1780   0.982971
1781   0.983684
1782   0.984538
1783   0.985455
1784   0.986475
1785   0.987509
1786   0.988606
1787   0.989678
1788   0.990778
1789   0.991823
1790   0.992865
1791   0.99383
1792   0.994767
1793   0.995611
1794   0.996408
1795   0.997103
1796   0.997737
1797   0.998268
1798   0.998732
1799   0.999099
1800   0.999399
1801   0.999618
1802   0.999779
1803   0.999878
1804   0.999936
1805   0.999958
1806   0.989949
1807   0.989331
1808   0.9887
1809   0.98806
1810   0.987418
1811   0.986779
1812   0.986154
1813   0.985555
1814   0.984997
1815   0.984496
1816   0.984072
1817   0.983743
1818   0.98353
1819   0.983446
1820   0.983502
1821   0.983704
1822   0.984046
1823   0.984523
1824   0.98512
1825   0.985825
1826   0.986614
1827   0.987477
1828   0.988387
1829   0.989335
1830   0.990296
1831   0.991263
1832   0.992215
1833   0.993145
1834   0.994036
1835   0.994885
1836   0.995676
1837   0.996408
1838   0.99707
1839   0.997663
1840   0.998181
1841   0.998627
1842   0.998997
1843   0.999298
1844   0.999532
1845   0.999706
1846   0.999828
1847   0.999906
1848   0.999949
