##### Y Variance #####
0   0.999998
1   0.999955
2   0.999834
3   0.999619
4   0.999298
5   0.998885
6   0.998393
7   0.99785
8   0.997276
9   0.996702
10   0.996143
11   0.995623
12   0.99515
13   0.99474
14   0.994394
15   0.99412
16   0.993914
17   0.993779
18   0.993708
19   0.993698
20   0.993743
21   0.993837
22   0.993972
23   0.994144
24   0.994344
25   0.994569
26   0.99481
27   0.995065
28   0.995327
29   0.995594
30   0.995861
31   0.996126
32   0.996385
33   0.996638
34   0.996882
35   0.997117
36   0.997341
37   0.997553
38   0.997754
39   0.997943
40   0.99812
41   0.998285
42   0.998439
43   0.999991
44   0.999993
45   0.99991
46   0.999721
47   0.99939
48   0.998966
49   0.998415
50   0.997834
51   0.997178
52   0.996557
53   0.995915
54   0.995352
55   0.994808
56   0.994367
57   0.993967
58   0.993677
59   0.993437
60   0.9933
61   0.993212
62   0.993212
63   0.993254
64   0.993366
65   0.993509
66   0.993704
67   0.99392
68   0.99417
69   0.994431
70   0.994712
71   0.994996
72   0.995287
73   0.995576
74   0.995864
75   0.996144
76   0.996418
77   0.99668
78   0.996933
79   0.997174
80   0.997402
81   0.997618
82   0.997821
83   0.99801
84   0.998187
85   0.998351
86   0.999933
87   0.999992
88   0.99998
89   0.999847
90   0.999558
91   0.999129
92   0.998571
93   0.997933
94   0.997239
95   0.996538
96   0.995847
97   0.995203
98   0.994613
99   0.994103
100   0.99367
101   0.993328
102   0.993069
103   0.992898
104   0.992805
105   0.992788
106   0.992835
107   0.992944
108   0.993101
109   0.993303
110   0.993538
111   0.993801
112   0.994083
113   0.994381
114   0.994686
115   0.994997
116   0.995306
117   0.995613
118   0.995913
119   0.996204
120   0.996485
121   0.996755
122   0.997012
123   0.997255
124   0.997485
125   0.9977
126   0.997902
127   0.99809
128   0.998265
129   0.999799
130   0.999925
131   0.999998
132   0.999949
133   0.999724
134   0.999338
135   0.998775
136   0.99813
137   0.997381
138   0.996643
139   0.995875
140   0.995184
141   0.994517
142   0.993963
143   0.993463
144   0.993089
145   0.99278
146   0.99259
147   0.992465
148   0.992442
149   0.992473
150   0.992586
151   0.992739
152   0.992952
153   0.993191
154   0.99347
155   0.993763
156   0.994079
157   0.994399
158   0.994728
159   0.995053
160   0.995378
161   0.995694
162   0.996002
163   0.996299
164   0.996584
165   0.996855
166   0.997113
167   0.997355
168   0.997584
169   0.997797
170   0.997997
171   0.998182
172   0.999561
173   0.999747
174   0.999933
175   1
176   0.999886
177   0.999572
178   0.999064
179   0.998418
180   0.997669
181   0.996878
182   0.996077
183   0.995311
184   0.994598
185   0.993967
186   0.993423
187   0.992982
188   0.992639
189   0.992398
190   0.992251
191   0.992194
192   0.992214
193   0.992308
194   0.99246
195   0.992665
196   0.992911
197   0.99319
198   0.993494
199   0.993816
200   0.994149
201   0.994488
202   0.994827
203   0.995164
204   0.995494
205   0.995816
206   0.996126
207   0.996424
208   0.996708
209   0.996978
210   0.997233
211   0.997472
212   0.997697
213   0.997907
214   0.998101
215   0.999201
216   0.999459
217   0.999757
218   0.999959
219   0.999982
220   0.99978
221   0.999346
222   0.998753
223   0.998006
224   0.997215
225   0.996366
226   0.995566
227   0.994783
228   0.994107
229   0.993491
230   0.993006
231   0.9926
232   0.992325
233   0.992129
234   0.992048
235   0.992036
236   0.992116
237   0.992249
238   0.99245
239   0.992686
240   0.992968
241   0.99327
242   0.993598
243   0.993935
244   0.994283
245   0.994629
246   0.994976
247   0.995316
248   0.995648
249   0.995969
250   0.996278
251   0.996572
252   0.996853
253   0.997118
254   0.997368
255   0.997603
256   0.997822
257   0.998026
258   0.998701
259   0.998976
260   0.999426
261   0.999789
262   0.999989
263   0.999937
264   0.999632
265   0.999112
266   0.998426
267   0.997635
268   0.996789
269   0.995942
270   0.995128
271   0.994382
272   0.993722
273   0.993165
274   0.992716
275   0.992377
276   0.992145
277   0.992015
278   0.991977
279   0.992021
280   0.992137
281   0.992315
282   0.992542
283   0.99281
284   0.99311
285   0.993432
286   0.99377
287   0.994118
288   0.994469
289   0.994819
290   0.995165
291   0.995503
292   0.995832
293   0.996148
294   0.996451
295   0.99674
296   0.997014
297   0.997273
298   0.997516
299   0.997744
300   0.997956
301   0.998075
302   0.998401
303   0.998951
304   0.999483
305   0.999874
306   1
307   0.999848
308   0.999451
309   0.998838
310   0.9981
311   0.997257
312   0.996408
313   0.995551
314   0.994772
315   0.994048
316   0.993448
317   0.992932
318   0.99255
319   0.992259
320   0.992093
321   0.992007
322   0.992024
323   0.992105
324   0.992263
325   0.992466
326   0.992722
327   0.993006
328   0.993322
329   0.993652
330   0.993997
331   0.994345
332   0.994696
333   0.995043
334   0.995384
335   0.995716
336   0.996037
337   0.996346
338   0.996641
339   0.996922
340   0.997188
341   0.997438
342   0.997674
343   0.997893
344   0.997338
345   0.997563
346   0.998271
347   0.998983
348   0.99959
349   0.999937
350   0.999981
351   0.999737
352   0.99925
353   0.99858
354   0.99779
355   0.99694
356   0.996083
357   0.99526
358   0.994506
359   0.993842
360   0.993284
361   0.992837
362   0.992504
363   0.992279
364   0.992156
365   0.992125
366   0.992176
367   0.992297
368   0.992478
369   0.992707
370   0.992975
371   0.993272
372   0.993591
373   0.993924
374   0.994266
375   0.99461
376   0.994955
377   0.995294
378   0.995626
379   0.995948
380   0.99626
381   0.996558
382   0.996844
383   0.997114
384   0.997371
385   0.997612
386   0.997838
387   0.99658
388   0.996842
389   0.997466
390   0.998299
391   0.999126
392   0.999712
393   0.999984
394   0.999931
395   0.999592
396   0.999038
397   0.998311
398   0.997506
399   0.996647
400   0.995821
401   0.995026
402   0.994332
403   0.993717
404   0.993229
405   0.992836
406   0.992569
407   0.992392
408   0.992323
409   0.992328
410   0.992418
411   0.992562
412   0.992766
413   0.993006
414   0.993285
415   0.993583
416   0.993903
417   0.99423
418   0.994566
419   0.994901
420   0.995235
421   0.995563
422   0.995884
423   0.996195
424   0.996494
425   0.996782
426   0.997056
427   0.997316
428   0.997562
429   0.997793
430   0.995798
431   0.995946
432   0.996562
433   0.997379
434   0.998456
435   0.99931
436   0.999827
437   1
438   0.999851
439   0.999436
440   0.998821
441   0.998072
442   0.997257
443   0.996425
444   0.995629
445   0.994894
446   0.994252
447   0.993708
448   0.993277
449   0.992951
450   0.992734
451   0.992611
452   0.992579
453   0.992622
454   0.992734
455   0.992899
456   0.993112
457   0.993359
458   0.993637
459   0.993932
460   0.994244
461   0.994563
462   0.994887
463   0.99521
464   0.995531
465   0.995845
466   0.996153
467   0.996449
468   0.996737
469   0.997011
470   0.997274
471   0.997522
472   0.997757
473   0.99503
474   0.995136
475   0.995603
476   0.996465
477   0.997636
478   0.998718
479   0.999501
480   0.999917
481   0.999984
482   0.999746
483   0.999261
484   0.998612
485   0.997847
486   0.997053
487   0.996253
488   0.995514
489   0.994835
490   0.994265
491   0.993783
492   0.993421
493   0.99315
494   0.992987
495   0.992904
496   0.992909
497   0.992975
498   0.993106
499   0.993281
500   0.9935
501   0.993745
502   0.994018
503   0.994305
504   0.994606
505   0.994911
506   0.995221
507   0.995529
508   0.995835
509   0.996135
510   0.996428
511   0.996711
512   0.996985
513   0.997247
514   0.997497
515   0.997733
516   0.994278
517   0.994256
518   0.994601
519   0.995282
520   0.996654
521   0.997959
522   0.998989
523   0.999669
524   0.999975
525   0.99994
526   0.999623
527   0.99909
528   0.99842
529   0.99767
530   0.996905
531   0.996161
532   0.99548
533   0.994874
534   0.994368
535   0.993956
536   0.99365
537   0.993435
538   0.993313
539   0.993267
540   0.993296
541   0.993381
542   0.993521
543   0.9937
544   0.993916
545   0.994155
546   0.994417
547   0.994691
548   0.994978
549   0.995267
550   0.995561
551   0.995853
552   0.996143
553   0.996427
554   0.996706
555   0.996974
556   0.997235
557   0.997483
558   0.997721
559   0.99357
560   0.993443
561   0.993618
562   0.994295
563   0.995586
564   0.997032
565   0.998307
566   0.999243
567   0.999807
568   0.999998
569   0.999869
570   0.99949
571   0.998926
572   0.99826
573   0.997535
574   0.996822
575   0.996136
576   0.995527
577   0.99499
578   0.994554
579   0.994204
580   0.993954
581   0.993783
582   0.993698
583   0.993678
584   0.993725
585   0.99382
586   0.993963
587   0.994139
588   0.994347
589   0.994576
590   0.994824
591   0.995084
592   0.995353
593   0.995627
594   0.995903
595   0.996179
596   0.996452
597   0.996722
598   0.996985
599   0.99724
600   0.997486
601   0.997721
602   0.992923
603   0.992669
604   0.992655
605   0.993024
606   0.994409
607   0.995959
608   0.99744
609   0.998643
610   0.999468
611   0.999906
612   0.99999
613   0.999783
614   0.999362
615   0.99879
616   0.998144
617   0.997465
618   0.996809
619   0.996193
620   0.995653
621   0.995187
622   0.994814
623   0.99452
624   0.994316
625   0.994183
626   0.994125
627   0.994124
628   0.994181
629   0.994278
630   0.994419
631   0.994587
632   0.994785
633   0.994998
634   0.995232
635   0.995473
636   0.995726
637   0.995981
638   0.996242
639   0.9965
640   0.996759
641   0.997012
642   0.997262
643   0.997502
644   0.997735
645   0.992359
646   0.991974
647   0.991799
648   0.992119
649   0.993203
650   0.994756
651   0.996418
652   0.997862
653   0.998962
654   0.999651
655   0.999967
656   0.999957
657   0.999692
658   0.99925
659   0.998689
660   0.99808
661   0.997456
662   0.996866
663   0.996321
664   0.995851
665   0.99545
666   0.995134
667   0.994889
668   0.994723
669   0.994619
670   0.99458
671   0.99459
672   0.99465
673   0.994746
674   0.994878
675   0.995036
676   0.995218
677   0.995418
678   0.995633
679   0.995858
680   0.996092
681   0.996332
682   0.996575
683   0.996819
684   0.997062
685   0.997302
686   0.997536
687   0.997763
688   0.991899
689   0.991411
690   0.991039
691   0.991005
692   0.991975
693   0.99338
694   0.995218
695   0.996917
696   0.998272
697   0.999233
698   0.999789
699   0.999994
700   0.999911
701   0.999611
702   0.999168
703   0.998635
704   0.998075
705   0.997513
706   0.996992
707   0.996515
708   0.99611
709   0.995766
710   0.9955
711   0.995294
712   0.995158
713   0.995073
714   0.995046
715   0.99506
716   0.995119
717   0.995207
718   0.99533
719   0.995473
720   0.995642
721   0.995823
722   0.996023
723   0.99623
724   0.996449
725   0.996671
726   0.996901
727   0.997129
728   0.997359
729   0.997583
730   0.997805
731   0.99155
732   0.990941
733   0.990447
734   0.9903
735   0.990785
736   0.992046
737   0.993913
738   0.995803
739   0.997422
740   0.998637
741   0.99945
742   0.999882
743   0.999997
744   0.999864
745   0.99955
746   0.999124
747   0.998633
748   0.998129
749   0.997633
750   0.997177
751   0.996766
752   0.996417
753   0.996125
754   0.995896
755   0.995722
756   0.995605
757   0.995536
758   0.995513
759   0.995528
760   0.995579
761   0.99566
762   0.995769
763   0.9959
764   0.996051
765   0.996218
766   0.9964
767   0.996593
768   0.996795
769   0.997005
770   0.997218
771   0.997434
772   0.997649
773   0.99786
774   0.991328
775   0.990641
776   0.989993
777   0.989593
778   0.989713
779   0.990438
780   0.99247
781   0.99457
782   0.996394
783   0.997878
784   0.998938
785   0.999614
786   0.999939
787   0.999987
788   0.999825
789   0.999515
790   0.999122
791   0.99868
792   0.998236
793   0.997802
794   0.99741
795   0.997054
796   0.996755
797   0.996501
798   0.996306
799   0.996152
800   0.996052
801   0.995987
802   0.995967
803   0.995976
804   0.996022
805   0.99609
806   0.996188
807   0.996302
808   0.996441
809   0.996591
810   0.996761
811   0.996938
812   0.997129
813   0.997323
814   0.997525
815   0.997726
816   0.997928
817   0.991235
818   0.990459
819   0.989682
820   0.989056
821   0.98878
822   0.989352
823   0.991053
824   0.993186
825   0.99522
826   0.996933
827   0.99826
828   0.999176
829   0.999729
830   0.999971
831   0.999974
832   0.999803
833   0.999515
834   0.999161
835   0.998775
836   0.998388
837   0.998016
838   0.997675
839   0.99737
840   0.997109
841   0.99689
842   0.996715
843   0.99658
844   0.996485
845   0.996426
846   0.996401
847   0.996407
848   0.996441
849   0.996501
850   0.996584
851   0.996688
852   0.996811
853   0.996951
854   0.997105
855   0.997273
856   0.997449
857   0.997633
858   0.997821
859   0.99801
860   0.991267
861   0.990462
862   0.989538
863   0.988712
864   0.988032
865   0.987917
866   0.989631
867   0.991758
868   0.993905
869   0.995848
870   0.997409
871   0.998581
872   0.999356
873   0.999807
874   0.999986
875   0.999964
876   0.999802
877   0.999543
878   0.999237
879   0.998901
880   0.998571
881   0.998248
882   0.997956
883   0.997689
884   0.997462
885   0.997265
886   0.99711
887   0.996983
888   0.996896
889   0.996834
890   0.996809
891   0.996805
892   0.996834
893   0.996881
894   0.996955
895   0.997046
896   0.99716
897   0.997287
898   0.997433
899   0.997587
900   0.997755
901   0.997926
902   0.998103
903   0.991404
904   0.990534
905   0.989534
906   0.988494
907   0.987547
908   0.9873
909   0.988335
910   0.990265
911   0.992493
912   0.994605
913   0.996411
914   0.997812
915   0.998826
916   0.999483
917   0.999851
918   0.999992
919   0.999964
920   0.999821
921   0.999601
922   0.999337
923   0.999054
924   0.998769
925   0.998495
926   0.998239
927   0.998007
928   0.997803
929   0.997628
930   0.997482
931   0.997366
932   0.997278
933   0.997219
934   0.997186
935   0.99718
936   0.997197
937   0.997239
938   0.997302
939   0.997386
940   0.997489
941   0.997609
942   0.997743
943   0.99789
944   0.998046
945   0.998207
946   0.991644
947   0.990797
948   0.989706
949   0.988581
950   0.98733
951   0.986441
952   0.987209
953   0.988734
954   0.990995
955   0.993275
956   0.995267
957   0.996909
958   0.998134
959   0.99901
960   0.999564
961   0.999875
962   0.999993
963   0.999971
964   0.999854
965   0.99967
966   0.999452
967   0.99921
968   0.99897
969   0.99873
970   0.998509
971   0.998301
972   0.99812
973   0.997957
974   0.997824
975   0.99771
976   0.997627
977   0.997564
978   0.997531
979   0.997517
980   0.997532
981   0.997564
982   0.997623
983   0.997698
984   0.997796
985   0.997907
986   0.998036
987   0.998172
988   0.998319
989   0.991959
990   0.991081
991   0.99
992   0.988761
993   0.987443
994   0.986448
995   0.986299
996   0.987426
997   0.989519
998   0.991848
999   0.994025
1000   0.99585
1001   0.9973
1002   0.998373
1003   0.999124
1004   0.999607
1005   0.999878
1006   0.99999
1007   0.999983
1008   0.999894
1009   0.999748
1010   0.999567
1011   0.999367
1012   0.99916
1013   0.998955
1014   0.998758
1015   0.998575
1016   0.998407
1017   0.99826
1018   0.998132
1019   0.998027
1020   0.997943
1021   0.997883
1022   0.997844
1023   0.99783
1024   0.997838
1025   0.997869
1026   0.997921
1027   0.997994
1028   0.998084
1029   0.998192
1030   0.998311
1031   0.99844
1032   0.992348
1033   0.991534
1034   0.990437
1035   0.98922
1036   0.987801
1037   0.986552
1038   0.985871
1039   0.985986
1040   0.988053
1041   0.99044
1042   0.992688
1043   0.994711
1044   0.996331
1045   0.997613
1046   0.998538
1047   0.999198
1048   0.99962
1049   0.999871
1050   0.999982
1051   0.999994
1052   0.999933
1053   0.999819
1054   0.999674
1055   0.999505
1056   0.999331
1057   0.999151
1058   0.998979
1059   0.998812
1060   0.998662
1061   0.998523
1062   0.998405
1063   0.998302
1064   0.998224
1065   0.998162
1066   0.998127
1067   0.998109
1068   0.998118
1069   0.998144
1070   0.998196
1071   0.998263
1072   0.998352
1073   0.998452
1074   0.998566
1075   0.992783
1076   0.991983
1077   0.990964
1078   0.989748
1079   0.988349
1080   0.986957
1081   0.985794
1082   0.985616
1083   0.986859
1084   0.989012
1085   0.99133
1086   0.99346
1087   0.995267
1088   0.996711
1089   0.997819
1090   0.998641
1091   0.999221
1092   0.999611
1093   0.999848
1094   0.999969
1095   1
1096   0.999964
1097   0.999882
1098   0.999765
1099   0.999628
1100   0.999478
1101   0.999324
1102   0.99917
1103   0.999023
1104   0.998883
1105   0.998758
1106   0.998645
1107   0.998551
1108   0.998473
1109   0.998417
1110   0.99838
1111   0.998366
1112   0.998373
1113   0.998401
1114   0.99845
1115   0.998518
1116   0.998601
1117   0.998697
1118   0.993255
1119   0.992549
1120   0.991575
1121   0.990466
1122   0.989079
1123   0.987684
1124   0.986187
1125   0.98512
1126   0.986047
1127   0.987752
1128   0.990015
1129   0.992249
1130   0.994147
1131   0.995755
1132   0.996999
1133   0.997981
1134   0.998699
1135   0.99923
1136   0.999588
1137   0.999821
1138   0.999949
1139   0.999998
1140   0.999986
1141   0.999928
1142   0.999839
1143   0.999725
1144   0.9996
1145   0.999465
1146   0.999331
1147   0.999197
1148   0.999073
1149   0.998955
1150   0.998853
1151   0.998762
1152   0.998693
1153   0.998638
1154   0.998607
1155   0.998593
1156   0.998605
1157   0.998632
1158   0.998683
1159   0.998747
1160   0.998828
1161   0.993734
1162   0.993064
1163   0.992202
1164   0.991148
1165   0.989881
1166   0.988467
1167   0.986991
1168   0.985867
1169   0.985631
1170   0.986859
1171   0.988882
1172   0.991052
1173   0.993035
1174   0.994729
1175   0.996108
1176   0.997218
1177   0.998074
1178   0.998733
1179   0.999214
1180   0.999559
1181   0.999787
1182   0.999925
1183   0.999989
1184   0.999997
1185   0.999962
1186   0.999895
1187   0.999805
1188   0.999699
1189   0.999584
1190   0.999465
1191   0.999347
1192   0.999233
1193   0.999128
1194   0.999032
1195   0.998952
1196   0.998886
1197   0.99884
1198   0.998811
1199   0.998804
1200   0.998816
1201   0.998848
1202   0.998897
1203   0.99896
1204   0.994213
1205   0.993638
1206   0.992845
1207   0.991926
1208   0.99075
1209   0.989488
1210   0.988042
1211   0.98679
1212   0.986117
1213   0.986161
1214   0.987975
1215   0.990087
1216   0.992009
1217   0.993778
1218   0.995219
1219   0.996439
1220   0.997398
1221   0.998172
1222   0.99876
1223   0.99921
1224   0.999532
1225   0.999758
1226   0.999899
1227   0.999976
1228   1
1229   0.999983
1230   0.999935
1231   0.999863
1232   0.999776
1233   0.999677
1234   0.999574
1235   0.999468
1236   0.999367
1237   0.999271
1238   0.999187
1239   0.999112
1240   0.999056
1241   0.999014
1242   0.998994
1243   0.998989
1244   0.999007
1245   0.999039
1246   0.99909
1247   0.994671
1248   0.994139
1249   0.993459
1250   0.992625
1251   0.991617
1252   0.990464
1253   0.989209
1254   0.987992
1255   0.987035
1256   0.986824
1257   0.987537
1258   0.98931
1259   0.991144
1260   0.992892
1261   0.994374
1262   0.995658
1263   0.9967
1264   0.997567
1265   0.998249
1266   0.998793
1267   0.999203
1268   0.999512
1269   0.999729
1270   0.999875
1271   0.99996
1272   0.999997
1273   0.999995
1274   0.999963
1275   0.999908
1276   0.999835
1277   0.999753
1278   0.999662
1279   0.999571
1280   0.99948
1281   0.999396
1282   0.999319
1283   0.999256
1284   0.999206
1285   0.999173
1286   0.999157
1287   0.999161
1288   0.99918
1289   0.999215
1290   0.995109
1291   0.994656
1292   0.994047
1293   0.993344
1294   0.992457
1295   0.991495
1296   0.990387
1297   0.989343
1298   0.98833
1299   0.987687
1300   0.988078
1301   0.989039
1302   0.990655
1303   0.992295
1304   0.993718
1305   0.995001
1306   0.996077
1307   0.996995
1308   0.997742
1309   0.998356
1310   0.998838
1311   0.999217
1312   0.999502
1313   0.999711
1314   0.999854
1315   0.999945
1316   0.99999
1317   0.999999
1318   0.99998
1319   0.999938
1320   0.99988
1321   0.999809
1322   0.999733
1323   0.999651
1324   0.999573
1325   0.999498
1326   0.999433
1327   0.999376
1328   0.999337
1329   0.99931
1330   0.999304
1331   0.99931
1332   0.999334
1333   0.995514
1334   0.995101
1335   0.994587
1336   0.993967
1337   0.993233
1338   0.992397
1339   0.991496
1340   0.990563
1341   0.989735
1342   0.989086
1343   0.988965
1344   0.989554
1345   0.990557
1346   0.991967
1347   0.993251
1348   0.994491
1349   0.995546
1350   0.996486
1351   0.997262
1352   0.997924
1353   0.998457
1354   0.998895
1355   0.999234
1356   0.999501
1357   0.999697
1358   0.999838
1359   0.999929
1360   0.999981
1361   1
1362   0.999991
1363   0.999961
1364   0.999914
1365   0.999856
1366   0.999789
1367   0.99972
1368   0.999651
1369   0.999587
1370   0.999531
1371   0.999486
1372   0.999453
1373   0.999436
1374   0.999434
1375   0.999446
1376   0.995892
1377   0.995539
1378   0.995084
1379   0.994566
1380   0.993934
1381   0.993248
1382   0.992478
1383   0.991718
1384   0.990989
1385   0.990428
1386   0.99019
1387   0.990332
1388   0.991077
1389   0.992061
1390   0.993158
1391   0.994227
1392   0.995215
1393   0.996105
1394   0.996879
1395   0.997548
1396   0.998109
1397   0.998579
1398   0.99896
1399   0.999269
1400   0.99951
1401   0.999694
1402   0.999827
1403   0.999919
1404   0.999973
1405   0.999998
1406   0.999997
1407   0.999975
1408   0.999938
1409   0.999889
1410   0.999834
1411   0.999774
1412   0.999716
1413   0.999661
1414   0.999615
1415   0.999578
1416   0.999555
1417   0.999544
1418   0.999548
1419   0.996237
1420   0.995917
1421   0.995533
1422   0.995082
1423   0.994563
1424   0.99398
1425   0.993363
1426   0.992722
1427   0.992148
1428   0.991653
1429   0.99142
1430   0.99141
1431   0.991793
1432   0.992481
1433   0.993297
1434   0.994192
1435   0.995044
1436   0.995862
1437   0.996586
1438   0.997242
1439   0.9978
1440   0.998288
1441   0.998691
1442   0.999032
1443   0.999304
1444   0.999526
1445   0.999694
1446   0.999821
1447   0.999909
1448   0.999966
1449   0.999994
1450   0.999999
1451   0.999985
1452   0.999956
1453   0.999917
1454   0.999869
1455   0.99982
1456   0.99977
1457   0.999726
1458   0.999688
1459   0.999661
1460   0.999645
1461   0.999641
1462   0.996555
1463   0.996279
1464   0.995941
1465   0.995563
1466   0.995119
1467   0.994642
1468   0.994122
1469   0.993604
1470   0.993114
1471   0.992703
1472   0.992453
1473   0.992378
1474   0.992603
1475   0.993039
1476   0.993652
1477   0.994342
1478   0.995061
1479   0.995764
1480   0.996424
1481   0.997029
1482   0.997569
1483   0.998047
1484   0.998458
1485   0.998812
1486   0.999106
1487   0.999351
1488   0.999548
1489   0.999704
1490   0.999821
1491   0.999906
1492   0.999961
1493   0.999991
1494   1
1495   0.999991
1496   0.999969
1497   0.999936
1498   0.999898
1499   0.999856
1500   0.999816
1501   0.999779
1502   0.999751
1503   0.99973
1504   0.999722
1505   0.996847
1506   0.996597
1507   0.99631
1508   0.995983
1509   0.995617
1510   0.995215
1511   0.994797
1512   0.994366
1513   0.993974
1514   0.993623
1515   0.993399
1516   0.993296
1517   0.993395
1518   0.993675
1519   0.994096
1520   0.994626
1521   0.995194
1522   0.995789
1523   0.996357
1524   0.996907
1525   0.997403
1526   0.997862
1527   0.998261
1528   0.998618
1529   0.99892
1530   0.999182
1531   0.999397
1532   0.999575
1533   0.999715
1534   0.999825
1535   0.999903
1536   0.999957
1537   0.999988
1538   1
1539   0.999995
1540   0.999978
1541   0.999952
1542   0.99992
1543   0.999887
1544   0.999854
1545   0.999826
1546   0.999805
1547   0.999792
1548   0.997115
1549   0.996897
1550   0.996645
1551   0.996368
1552   0.996057
1553   0.995726
1554   0.995376
1555   0.995027
1556   0.994696
1557   0.994408
1558   0.994202
1559   0.994093
1560   0.994131
1561   0.994299
1562   0.994597
1563   0.994983
1564   0.995433
1565   0.995912
1566   0.996397
1567   0.996873
1568   0.997322
1569   0.997742
1570   0.998123
1571   0.998466
1572   0.998768
1573   0.999033
1574   0.999259
1575   0.99945
1576   0.999607
1577   0.999735
1578   0.999833
1579   0.999906
1580   0.999956
1581   0.999986
1582   0.999999
1583   0.999997
1584   0.999985
1585   0.999964
1586   0.999938
1587   0.999911
1588   0.999886
1589   0.999864
1590   0.999851
1591   0.997361
1592   0.997166
1593   0.996949
1594   0.996711
1595   0.996453
1596   0.996175
1597   0.995891
1598   0.995601
1599   0.995335
1600   0.995091
1601   0.994916
1602   0.994806
1603   0.994803
1604   0.994901
1605   0.995098
1606   0.995381
1607   0.99572
1608   0.996106
1609   0.996503
1610   0.996911
1611   0.997302
1612   0.997683
1613   0.998031
1614   0.998358
1615   0.998647
1616   0.99891
1617   0.999136
1618   0.999336
1619   0.999502
1620   0.999643
1621   0.999755
1622   0.999844
1623   0.99991
1624   0.999957
1625   0.999985
1626   0.999998
1627   0.999999
1628   0.999989
1629   0.999973
1630   0.999953
1631   0.999932
1632   0.999913
1633   0.999898
1634   0.997588
1635   0.997416
1636   0.997227
1637   0.997023
1638   0.996804
1639   0.996573
1640   0.996336
1641   0.9961
1642   0.995877
1643   0.995677
1644   0.995523
1645   0.995423
1646   0.995399
1647   0.995452
1648   0.995585
1649   0.995787
1650   0.996046
1651   0.996346
1652   0.996672
1653   0.997011
1654   0.99735
1655   0.997682
1656   0.997999
1657   0.998297
1658   0.998571
1659   0.998821
1660   0.999044
1661   0.999242
1662   0.999413
1663   0.99956
1664   0.999682
1665   0.999781
1666   0.999859
1667   0.999918
1668   0.99996
1669   0.999985
1670   0.999998
1671   0.999999
1672   0.999992
1673   0.999979
1674   0.999964
1675   0.999948
1676   0.999935
1677   0.997797
1678   0.997644
1679   0.99748
1680   0.997305
1681   0.99712
1682   0.996926
1683   0.996732
1684   0.996535
1685   0.996354
1686   0.996186
1687   0.996057
1688   0.995964
1689   0.995931
1690   0.995954
1691   0.99604
1692   0.996185
1693   0.996377
1694   0.996613
1695   0.996872
1696   0.997155
1697   0.99744
1698   0.997731
1699   0.998008
1700   0.998281
1701   0.99853
1702   0.998767
1703   0.998978
1704   0.999172
1705   0.99934
1706   0.99949
1707   0.999615
1708   0.999722
1709   0.999807
1710   0.999877
1711   0.999927
1712   0.999964
1713   0.999986
1714   0.999998
1715   1
1716   0.999995
1717   0.999985
1718   0.999973
1719   0.999962
1720   0.99799
1721   0.997855
1722   0.997711
1723   0.99756
1724   0.997402
1725   0.997239
1726   0.997075
1727   0.996914
1728   0.996762
1729   0.996625
1730   0.996513
1731   0.996433
1732   0.996395
1733   0.996402
1734   0.996459
1735   0.996563
1736   0.996709
1737   0.996892
1738   0.997102
1739   0.997332
1740   0.997574
1741   0.997822
1742   0.998067
1743   0.998306
1744   0.998535
1745   0.99875
1746   0.998949
1747   0.999131
1748   0.999295
1749   0.99944
1750   0.999566
1751   0.999674
1752   0.999764
1753   0.999838
1754   0.999895
1755   0.999939
1756   0.999969
1757   0.999988
1758   0.999998
1759   1
1760   0.999996
1761   0.999989
1762   0.99998
1763   0.998168
1764   0.998048
1765   0.997922
1766   0.997791
1767   0.997657
1768   0.997518
1769   0.997382
1770   0.997245
1771   0.997121
1772   0.997005
1773   0.996913
1774   0.996841
1775   0.996806
1776   0.996803
1777   0.99684
1778   0.996916
1779   0.997026
1780   0.997171
1781   0.997338
1782   0.997529
1783   0.99773
1784   0.997943
1785   0.998153
1786   0.998367
1787   0.998568
1788   0.998766
1789   0.998946
1790   0.999117
1791   0.999269
1792   0.99941
1793   0.999531
1794   0.999639
1795   0.999728
1796   0.999805
1797   0.999865
1798   0.999914
1799   0.999949
1800   0.999975
1801   0.99999
1802   0.999998
1803   1
1804   0.999997
1805   0.999992
1806   0.998332
1807   0.998225
1808   0.998115
1809   0.998
1810   0.997884
1811   0.997766
1812   0.997649
1813   0.997535
1814   0.997429
1815   0.997333
1816   0.997254
1817   0.997195
1818   0.997162
1819   0.997157
1820   0.997183
1821   0.997241
1822   0.997328
1823   0.997443
1824   0.997581
1825   0.997738
1826   0.997908
1827   0.998088
1828   0.998271
1829   0.998455
1830   0.998635
1831   0.99881
1832   0.998975
1833   0.99913
1834   0.999272
1835   0.999402
1836   0.999517
1837   0.999619
1838   0.999707
1839   0.999782
1840   0.999844
1841   0.999894
1842   0.999933
1843   0.999961
1844   0.999981
1845   0.999993
1846   0.999999
1847   1
1848   0.999998
