##### Y Variance #####
0   0.999914
1   0.999863
2   0.999296
3   0.998002
4   0.995784
5   0.992532
6   0.988141
7   0.982703
8   0.976325
9   0.969569
10   0.962556
11   0.9557
12   0.949078
13   0.942964
14   0.937467
15   0.93277
16   0.928984
17   0.926217
18   0.924481
19   0.923749
20   0.923975
21   0.92503
22   0.92688
23   0.929359
24   0.9324
25   0.935799
26   0.939472
27   0.943225
28   0.947011
29   0.950699
30   0.954279
31   0.957675
32   0.9609
33   0.963925
34   0.966769
35   0.969426
36   0.971915
37   0.974237
38   0.976406
39   0.978425
40   0.980304
41   0.982047
42   0.983662
43   0.99949
44   0.999829
45   0.999703
46   0.998865
47   0.996962
48   0.994068
49   0.989643
50   0.984335
51   0.977159
52   0.970362
53   0.96227
54   0.955001
55   0.947249
56   0.940402
57   0.933869
58   0.928363
59   0.923722
60   0.920308
61   0.918034
62   0.916828
63   0.916893
64   0.917665
65   0.91969
66   0.922167
67   0.925685
68   0.929312
69   0.93363
70   0.937708
71   0.942137
72   0.946178
73   0.950317
74   0.954042
75   0.95771
76   0.961022
77   0.964206
78   0.967112
79   0.969864
80   0.972398
81   0.974773
82   0.97697
83   0.979013
84   0.980902
85   0.982647
86   0.998449
87   0.99917
88   0.999655
89   0.999458
90   0.998271
91   0.995964
92   0.992288
93   0.9874
94   0.980952
95   0.973536
96   0.965341
97   0.956832
98   0.948215
99   0.939975
100   0.932223
101   0.925517
102   0.919772
103   0.915273
104   0.912004
105   0.909946
106   0.90922
107   0.909626
108   0.911277
109   0.913905
110   0.917485
111   0.921647
112   0.926319
113   0.931121
114   0.936038
115   0.94082
116   0.945467
117   0.949833
118   0.953943
119   0.957754
120   0.961298
121   0.96458
122   0.967621
123   0.970439
124   0.973045
125   0.975456
126   0.977679
127   0.97973
128   0.981615
129   0.996625
130   0.997708
131   0.99878
132   0.999307
133   0.998945
134   0.99748
135   0.99463
136   0.990619
137   0.985
138   0.978178
139   0.969771
140   0.961252
141   0.95131
142   0.942649
143   0.932836
144   0.925447
145   0.91779
146   0.912112
147   0.907285
148   0.903808
149   0.90203
150   0.901381
151   0.902631
152   0.904859
153   0.908657
154   0.912923
155   0.918267
156   0.923477
157   0.929247
158   0.934618
159   0.940104
160   0.945044
161   0.949828
162   0.95412
163   0.958169
164   0.961835
165   0.965249
166   0.968366
167   0.971248
168   0.973888
169   0.976315
170   0.978539
171   0.980573
172   0.993891
173   0.995081
174   0.996775
175   0.998039
176   0.998659
177   0.99816
178   0.996451
179   0.993464
180   0.989019
181   0.983235
182   0.975996
183   0.967771
184   0.9586
185   0.949057
186   0.939189
187   0.929499
188   0.920399
189   0.912098
190   0.905
191   0.899411
192   0.895479
193   0.893674
194   0.893661
195   0.895447
196   0.898794
197   0.903192
198   0.908691
199   0.914674
200   0.921078
201   0.927488
202   0.933761
203   0.939653
204   0.945111
205   0.950132
206   0.954706
207   0.9589
208   0.962711
209   0.966205
210   0.969381
211   0.972291
212   0.974932
213   0.977346
214   0.979534
215   0.990287
216   0.991665
217   0.993695
218   0.995661
219   0.997134
220   0.997642
221   0.997001
222   0.995173
223   0.991953
224   0.987479
225   0.981548
226   0.974477
227   0.966225
228   0.957233
229   0.947345
230   0.93729
231   0.926204
232   0.916979
233   0.906361
234   0.899819
235   0.891916
236   0.889315
237   0.886619
238   0.887398
239   0.889715
240   0.893292
241   0.898982
242   0.905076
243   0.912464
244   0.91964
245   0.927072
246   0.933769
247   0.940154
248   0.945847
249   0.951099
250   0.955808
251   0.960101
252   0.963974
253   0.96749
254   0.970672
255   0.973552
256   0.976158
257   0.978512
258   0.98584
259   0.986932
260   0.989463
261   0.991954
262   0.994357
263   0.995787
264   0.996324
265   0.995612
266   0.993726
267   0.990546
268   0.98605
269   0.980338
270   0.973422
271   0.965551
272   0.956727
273   0.947298
274   0.937141
275   0.927039
276   0.91688
277   0.907511
278   0.898889
279   0.891544
280   0.886293
281   0.882887
282   0.882287
283   0.884183
284   0.888542
285   0.895157
286   0.90302
287   0.911341
288   0.919694
289   0.927613
290   0.934827
291   0.941452
292   0.947342
293   0.952696
294   0.957452
295   0.961766
296   0.965611
297   0.969094
298   0.972204
299   0.975017
300   0.977528
301   0.980792
302   0.981883
303   0.984417
304   0.987473
305   0.990531
306   0.9929
307   0.994383
308   0.994812
309   0.994065
310   0.992195
311   0.989033
312   0.984769
313   0.979274
314   0.972832
315   0.965359
316   0.957184
317   0.948273
318   0.93886
319   0.929197
320   0.919426
321   0.909694
322   0.900606
323   0.891129
324   0.885711
325   0.879225
326   0.880113
327   0.88045
328   0.887034
329   0.894774
330   0.903357
331   0.912785
332   0.921428
333   0.92968
334   0.937056
335   0.943699
336   0.949616
337   0.954891
338   0.959604
339   0.963806
340   0.967566
341   0.970921
342   0.973923
343   0.976603
344   0.975291
345   0.975633
346   0.978512
347   0.981864
348   0.985716
349   0.988855
350   0.991384
351   0.992762
352   0.993212
353   0.992463
354   0.99065
355   0.987698
356   0.98368
357   0.978671
358   0.972707
359   0.96596
360   0.958397
361   0.950242
362   0.941516
363   0.932462
364   0.923152
365   0.913938
366   0.904728
367   0.896664
368   0.889686
369   0.884856
370   0.88301
371   0.883646
372   0.888997
373   0.896778
374   0.906144
375   0.915969
376   0.924886
377   0.933189
378   0.940374
379   0.946886
380   0.952561
381   0.957674
382   0.962165
383   0.966199
384   0.969757
385   0.972948
386   0.975768
387   0.969791
388   0.970048
389   0.97225
390   0.975873
391   0.980202
392   0.984195
393   0.987501
394   0.989861
395   0.991216
396   0.991568
397   0.990834
398   0.989145
399   0.986404
400   0.982806
401   0.978264
402   0.972981
403   0.966891
404   0.96014
405   0.952758
406   0.944861
407   0.936591
408   0.928109
409   0.919668
410   0.911267
411   0.903638
412   0.896796
413   0.89104
414   0.888937
415   0.887488
416   0.89436
417   0.901821
418   0.911822
419   0.921278
420   0.930007
421   0.937678
422   0.944562
423   0.950606
424   0.956002
425   0.960763
426   0.965001
427   0.968752
428   0.972089
429   0.97505
430   0.964346
431   0.963833
432   0.965776
433   0.968977
434   0.974039
435   0.978687
436   0.982882
437   0.986012
438   0.98835
439   0.989562
440   0.989914
441   0.98924
442   0.987732
443   0.985336
444   0.982165
445   0.978234
446   0.973583
447   0.968267
448   0.962296
449   0.95579
450   0.948768
451   0.941445
452   0.933795
453   0.926109
454   0.91855
455   0.9115
456   0.905241
457   0.900664
458   0.897939
459   0.898101
460   0.903654
461   0.91101
462   0.919817
463   0.928544
464   0.936137
465   0.943152
466   0.9493
467   0.954853
468   0.959738
469   0.964118
470   0.967981
471   0.971437
472   0.974489
473   0.959178
474   0.958337
475   0.959432
476   0.962614
477   0.967637
478   0.972932
479   0.977757
480   0.981723
481   0.984766
482   0.98686
483   0.987999
484   0.988306
485   0.98774
486   0.986475
487   0.984432
488   0.981777
489   0.978417
490   0.974473
491   0.969891
492   0.96475
493   0.959093
494   0.952955
495   0.946503
496   0.939676
497   0.93292
498   0.926155
499   0.92014
500   0.914701
501   0.911007
502   0.908755
503   0.909254
504   0.91449
505   0.920814
506   0.928699
507   0.935854
508   0.942669
509   0.948729
510   0.954248
511   0.959155
512   0.963561
513   0.967484
514   0.970989
515   0.974112
516   0.954325
517   0.952725
518   0.953234
519   0.955483
520   0.961012
521   0.966713
522   0.972235
523   0.97683
524   0.980681
525   0.983437
526   0.985418
527   0.98645
528   0.986816
529   0.986415
530   0.985441
531   0.983824
532   0.981665
533   0.978916
534   0.975618
535   0.971762
536   0.96737
537   0.962487
538   0.957134
539   0.951417
540   0.945451
541   0.939438
542   0.933618
543   0.928265
544   0.923848
545   0.920637
546   0.919675
547   0.921019
548   0.925707
549   0.93139
550   0.937559
551   0.943549
552   0.949193
553   0.954404
554   0.959146
555   0.963452
556   0.967328
557   0.970823
558   0.973954
559   0.949951
560   0.947881
561   0.947521
562   0.949613
563   0.954551
564   0.960565
565   0.966532
566   0.971819
567   0.97625
568   0.979734
569   0.9823
570   0.984081
571   0.985097
572   0.985534
573   0.985347
574   0.9847
575   0.983495
576   0.981846
577   0.97965
578   0.976971
579   0.97376
580   0.970031
581   0.965838
582   0.961143
583   0.956181
584   0.950876
585   0.945706
586   0.940542
587   0.93618
588   0.932474
589   0.930583
590   0.930261
591   0.932297
592   0.936137
593   0.94071
594   0.945696
595   0.950584
596   0.95531
597   0.959712
598   0.963797
599   0.967534
600   0.970943
601   0.974035
602   0.946109
603   0.943362
604   0.942242
605   0.943025
606   0.948161
607   0.954232
608   0.960683
609   0.966486
610   0.971605
611   0.975642
612   0.978892
613   0.981208
614   0.982926
615   0.983954
616   0.984549
617   0.984615
618   0.984306
619   0.98352
620   0.982328
621   0.98064
622   0.978487
623   0.97581
624   0.972641
625   0.968966
626   0.964874
627   0.960414
628   0.955794
629   0.951119
630   0.946819
631   0.943014
632   0.940463
633   0.939064
634   0.939793
635   0.941824
636   0.945084
637   0.948821
638   0.952885
639   0.95692
640   0.960873
641   0.964606
642   0.968122
643   0.971368
644   0.974368
645   0.942906
646   0.939662
647   0.937749
648   0.938259
649   0.942179
650   0.948145
651   0.954842
652   0.961219
653   0.966857
654   0.971534
655   0.975274
656   0.978202
657   0.980389
658   0.982044
659   0.983165
660   0.983936
661   0.984271
662   0.984296
663   0.983885
664   0.983106
665   0.981846
666   0.980126
667   0.9779
668   0.97515
669   0.971956
670   0.968278
671   0.964375
672   0.960208
673   0.956259
674   0.952536
675   0.949694
676   0.947779
677   0.947306
678   0.948158
679   0.950063
680   0.952738
681   0.955837
682   0.95917
683   0.962546
684   0.965873
685   0.969074
686   0.972109
687   0.974954
688   0.940384
689   0.936634
690   0.933954
691   0.93298
692   0.936523
693   0.9419
694   0.948953
695   0.955794
696   0.962045
697   0.967245
698   0.971591
699   0.974973
700   0.97773
701   0.979813
702   0.981516
703   0.982764
704   0.983748
705   0.984355
706   0.984682
707   0.984604
708   0.984157
709   0.983231
710   0.981847
711   0.979926
712   0.977526
713   0.97462
714   0.971361
715   0.967782
716   0.964206
717   0.960708
718   0.957818
719   0.955545
720   0.954485
721   0.954352
722   0.955337
723   0.956981
724   0.95927
725   0.961836
726   0.964653
727   0.967492
728   0.970358
729   0.973112
730   0.975779
731   0.93857
732   0.9344
733   0.931156
734   0.92979
735   0.931442
736   0.936212
737   0.943191
738   0.950491
739   0.957239
740   0.963034
741   0.967857
742   0.971795
743   0.974952
744   0.977547
745   0.979627
746   0.9814
747   0.982812
748   0.984006
749   0.984857
750   0.985447
751   0.98563
752   0.985439
753   0.984765
754   0.983606
755   0.98194
756   0.979755
757   0.977163
758   0.974172
759   0.971061
760   0.967894
761   0.965077
762   0.96272
763   0.961173
764   0.96046
765   0.960609
766   0.961493
767   0.96297
768   0.964881
769   0.967086
770   0.969464
771   0.971929
772   0.974399
773   0.976824
774   0.937484
775   0.932965
776   0.929167
777   0.926716
778   0.927117
779   0.930038
780   0.937418
781   0.945159
782   0.952398
783   0.958722
784   0.964121
785   0.968517
786   0.972191
787   0.975155
788   0.977708
789   0.979827
790   0.981722
791   0.983307
792   0.984693
793   0.985757
794   0.986539
795   0.986913
796   0.986888
797   0.986361
798   0.985357
799   0.983816
800   0.981835
801   0.979412
802   0.976769
803   0.973959
804   0.971344
805   0.968968
806   0.967237
807   0.966064
808   0.965699
809   0.965906
810   0.96678
811   0.968047
812   0.969738
813   0.971622
814   0.973722
815   0.975858
816   0.978056
817   0.937118
818   0.932342
819   0.928035
820   0.92484
821   0.923603
822   0.925829
823   0.932094
824   0.9399
825   0.947565
826   0.95444
827   0.960351
828   0.965299
829   0.969381
830   0.972817
831   0.975695
832   0.978242
833   0.980446
834   0.982469
835   0.984207
836   0.985753
837   0.986964
838   0.987879
839   0.988364
840   0.988426
841   0.987989
842   0.987052
843   0.985638
844   0.98377
845   0.981598
846   0.979193
847   0.976814
848   0.974566
849   0.972712
850   0.97132
851   0.970516
852   0.970272
853   0.970582
854   0.971354
855   0.972525
856   0.973993
857   0.975691
858   0.977527
859   0.979444
860   0.937423
861   0.932515
862   0.927732
863   0.92373
864   0.921025
865   0.920766
866   0.927061
867   0.934792
868   0.942713
869   0.950076
870   0.95654
871   0.961988
872   0.96658
873   0.970395
874   0.973703
875   0.97655
876   0.979144
877   0.981452
878   0.983586
879   0.985455
880   0.987098
881   0.988403
882   0.989368
883   0.989891
884   0.989973
885   0.989544
886   0.988652
887   0.987279
888   0.985566
889   0.983546
890   0.981462
891   0.979364
892   0.977546
893   0.975999
894   0.974966
895   0.974338
896   0.974267
897   0.974577
898   0.97535
899   0.976394
900   0.977761
901   0.979266
902   0.980945
903   0.938319
904   0.933265
905   0.928173
906   0.923424
907   0.919581
908   0.918736
909   0.922753
910   0.929849
911   0.937894
912   0.945678
913   0.952662
914   0.958652
915   0.963694
916   0.967977
917   0.971616
918   0.974852
919   0.977711
920   0.98037
921   0.982759
922   0.984985
923   0.986921
924   0.988618
925   0.989939
926   0.990903
927   0.991406
928   0.991456
929   0.991023
930   0.990128
931   0.988843
932   0.987225
933   0.985438
934   0.98357
935   0.981818
936   0.980263
937   0.97905
938   0.978205
939   0.977791
940   0.977778
941   0.978163
942   0.978881
943   0.979897
944   0.981131
945   0.98253
946   0.939749
947   0.934777
948   0.929407
949   0.924275
950   0.919282
951   0.91598
952   0.919171
953   0.925065
954   0.933107
955   0.941255
956   0.948708
957   0.955213
958   0.960747
959   0.965442
960   0.969496
961   0.973033
962   0.976237
963   0.979137
964   0.98184
965   0.984301
966   0.986556
967   0.988523
968   0.990197
969   0.991492
970   0.992391
971   0.99283
972   0.992822
973   0.992341
974   0.991465
975   0.990215
976   0.988748
977   0.987109
978   0.98551
979   0.983976
980   0.982717
981   0.981697
982   0.981083
983   0.980775
984   0.980889
985   0.981283
986   0.982032
987   0.982974
988   0.984153
989   0.941603
990   0.936614
991   0.931252
992   0.925717
993   0.920344
994   0.916633
995   0.916521
996   0.921011
997   0.928559
998   0.936835
999   0.94471
1000   0.951671
1001   0.957667
1002   0.962811
1003   0.96722
1004   0.971128
1005   0.974591
1006   0.9778
1007   0.980714
1008   0.983457
1009   0.985925
1010   0.988185
1011   0.990112
1012   0.991737
1013   0.992949
1014   0.993763
1015   0.994119
1016   0.994037
1017   0.993535
1018   0.992657
1019   0.991499
1020   0.990132
1021   0.988699
1022   0.987277
1023   0.986002
1024   0.984924
1025   0.984138
1026   0.983652
1027   0.983507
1028   0.983671
1029   0.984144
1030   0.984863
1031   0.985791
1032   0.943838
1033   0.939095
1034   0.933731
1035   0.928229
1036   0.922443
1037   0.91759
1038   0.915655
1039   0.9168
1040   0.924186
1041   0.9326
1042   0.940654
1043   0.948075
1044   0.954483
1045   0.960048
1046   0.96484
1047   0.969061
1048   0.972842
1049   0.976281
1050   0.979463
1051   0.982399
1052   0.985117
1053   0.98758
1054   0.989773
1055   0.991643
1056   0.993159
1057   0.994274
1058   0.994974
1059   0.995234
1060   0.995089
1061   0.994547
1062   0.993705
1063   0.9926
1064   0.99138
1065   0.990081
1066   0.988875
1067   0.987765
1068   0.98691
1069   0.986266
1070   0.985961
1071   0.985901
1072   0.986178
1073   0.986662
1074   0.987405
1075   0.946343
1076   0.941744
1077   0.936656
1078   0.931176
1079   0.925416
1080   0.92009
1081   0.916104
1082   0.915992
1083   0.920775
1084   0.928467
1085   0.936668
1086   0.944365
1087   0.951185
1088   0.957132
1089   0.96227
1090   0.966833
1091   0.970872
1092   0.974593
1093   0.977971
1094   0.981148
1095   0.984041
1096   0.986736
1097   0.989123
1098   0.991249
1099   0.993006
1100   0.994419
1101   0.995412
1102   0.996007
1103   0.996185
1104   0.99598
1105   0.99544
1106   0.994619
1107   0.993616
1108   0.992497
1109   0.991377
1110   0.990316
1111   0.989414
1112   0.988703
1113   0.988248
1114   0.988048
1115   0.988126
1116   0.988443
1117   0.988978
1118   0.949063
1119   0.94483
1120   0.939963
1121   0.934843
1122   0.929138
1123   0.923699
1124   0.918414
1125   0.914949
1126   0.91863
1127   0.924968
1128   0.93294
1129   0.940867
1130   0.947901
1131   0.954192
1132   0.959626
1133   0.964475
1134   0.968789
1135   0.972728
1136   0.976341
1137   0.979691
1138   0.982792
1139   0.985652
1140   0.988252
1141   0.990569
1142   0.992569
1143   0.994221
1144   0.995496
1145   0.996377
1146   0.996863
1147   0.996963
1148   0.996722
1149   0.996172
1150   0.99541
1151   0.994473
1152   0.993493
1153   0.992495
1154   0.991617
1155   0.990853
1156   0.990329
1157   0.989993
1158   0.989944
1159   0.990086
1160   0.990478
1161   0.951881
1162   0.947879
1163   0.943423
1164   0.938543
1165   0.933216
1166   0.927682
1167   0.92226
1168   0.918405
1169   0.917929
1170   0.922609
1171   0.929836
1172   0.937537
1173   0.944734
1174   0.95121
1175   0.956889
1176   0.962
1177   0.966531
1178   0.970711
1179   0.974496
1180   0.978053
1181   0.981301
1182   0.984354
1183   0.987108
1184   0.989632
1185   0.991822
1186   0.993716
1187   0.99523
1188   0.996392
1189   0.997158
1190   0.997558
1191   0.997603
1192   0.997334
1193   0.996812
1194   0.996091
1195   0.995262
1196   0.994382
1197   0.993545
1198   0.992797
1199   0.992212
1200   0.991811
1201   0.991634
1202   0.991664
1203   0.991896
1204   0.954754
1205   0.951137
1206   0.946992
1207   0.94259
1208   0.937594
1209   0.932516
1210   0.927092
1211   0.922544
1212   0.920479
1213   0.921091
1214   0.927532
1215   0.935001
1216   0.941955
1217   0.948549
1218   0.954324
1219   0.959602
1220   0.964311
1221   0.968648
1222   0.97261
1223   0.9763
1224   0.979713
1225   0.982893
1226   0.985814
1227   0.988485
1228   0.990866
1229   0.99295
1230   0.994694
1231   0.996093
1232   0.997123
1233   0.997792
1234   0.998112
1235   0.998108
1236   0.997834
1237   0.997327
1238   0.996678
1239   0.995924
1240   0.995177
1241   0.994454
1242   0.99387
1243   0.993408
1244   0.993164
1245   0.993077
1246   0.99321
1247   0.957597
1248   0.95423
1249   0.950513
1250   0.946452
1251   0.942012
1252   0.93729
1253   0.932444
1254   0.92795
1255   0.924614
1256   0.924132
1257   0.926846
1258   0.933179
1259   0.939766
1260   0.946223
1261   0.951986
1262   0.957349
1263   0.962133
1264   0.96661
1265   0.970662
1266   0.974493
1267   0.977996
1268   0.981315
1269   0.98434
1270   0.987167
1271   0.989687
1272   0.991959
1273   0.99389
1274   0.995518
1275   0.996781
1276   0.997711
1277   0.998288
1278   0.998548
1279   0.998518
1280   0.99824
1281   0.99778
1282   0.997186
1283   0.996541
1284   0.995893
1285   0.995319
1286   0.994851
1287   0.994542
1288   0.994393
1289   0.994414
1290   0.960388
1291   0.957366
1292   0.953967
1293   0.950376
1294   0.94637
1295   0.942269
1296   0.937894
1297   0.933904
1298   0.930269
1299   0.928074
1300   0.929582
1301   0.93315
1302   0.938925
1303   0.944917
1304   0.950396
1305   0.955605
1306   0.960364
1307   0.964817
1308   0.968922
1309   0.972777
1310   0.97636
1311   0.97973
1312   0.982857
1313   0.985767
1314   0.988418
1315   0.990819
1316   0.992923
1317   0.994732
1318   0.996209
1319   0.997363
1320   0.99818
1321   0.998682
1322   0.998888
1323   0.998833
1324   0.998571
1325   0.998142
1326   0.997628
1327   0.997062
1328   0.996541
1329   0.996072
1330   0.995747
1331   0.995533
1332   0.995495
1333   0.963081
1334   0.960294
1335   0.957271
1336   0.954018
1337   0.950533
1338   0.946866
1339   0.943148
1340   0.939499
1341   0.936376
1342   0.934038
1343   0.933617
1344   0.935812
1345   0.939466
1346   0.944631
1347   0.949523
1348   0.954477
1349   0.958999
1350   0.963375
1351   0.967383
1352   0.971237
1353   0.974791
1354   0.978203
1355   0.981346
1356   0.984336
1357   0.987052
1358   0.989574
1359   0.991797
1360   0.993774
1361   0.995424
1362   0.996788
1363   0.997819
1364   0.998552
1365   0.998984
1366   0.999151
1367   0.999089
1368   0.998841
1369   0.998467
1370   0.998016
1371   0.997556
1372   0.997129
1373   0.99679
1374   0.996559
1375   0.996453
1376   0.965671
1377   0.963167
1378   0.960424
1379   0.957555
1380   0.954449
1381   0.951283
1382   0.948
1383   0.944886
1384   0.94204
1385   0.939903
1386   0.939004
1387   0.939538
1388   0.942227
1389   0.945859
1390   0.950027
1391   0.954279
1392   0.958454
1393   0.962496
1394   0.966347
1395   0.970035
1396   0.973529
1397   0.976865
1398   0.980009
1399   0.982986
1400   0.985752
1401   0.988321
1402   0.990645
1403   0.992729
1404   0.994529
1405   0.996055
1406   0.997275
1407   0.998208
1408   0.998847
1409   0.999221
1410   0.999354
1411   0.999283
1412   0.999062
1413   0.998729
1414   0.998358
1415   0.997977
1416   0.997662
1417   0.997411
1418   0.997282
1419   0.968138
1420   0.965843
1421   0.9634
1422   0.96082
1423   0.958115
1424   0.955315
1425   0.952524
1426   0.94979
1427   0.947405
1428   0.945434
1429   0.944461
1430   0.944386
1431   0.945748
1432   0.948294
1433   0.951401
1434   0.954968
1435   0.958539
1436   0.962214
1437   0.965725
1438   0.969223
1439   0.972523
1440   0.975769
1441   0.978811
1442   0.981766
1443   0.9845
1444   0.987106
1445   0.989462
1446   0.991638
1447   0.993535
1448   0.995204
1449   0.996575
1450   0.997688
1451   0.998511
1452   0.999081
1453   0.9994
1454   0.999509
1455   0.999442
1456   0.999245
1457   0.998971
1458   0.998663
1459   0.998378
1460   0.998142
1461   0.997986
1462   0.970486
1463   0.968418
1464   0.966209
1465   0.963923
1466   0.961517
1467   0.959084
1468   0.956628
1469   0.954281
1470   0.952154
1471   0.950405
1472   0.949317
1473   0.948941
1474   0.949696
1475   0.951296
1476   0.953635
1477   0.956393
1478   0.959414
1479   0.962554
1480   0.965722
1481   0.968882
1482   0.971978
1483   0.975014
1484   0.977943
1485   0.980776
1486   0.983467
1487   0.986024
1488   0.988398
1489   0.990594
1490   0.992565
1491   0.994317
1492   0.995811
1493   0.99706
1494   0.998042
1495   0.998777
1496   0.999266
1497   0.999541
1498   0.999627
1499   0.999563
1500   0.999397
1501   0.999167
1502   0.998935
1503   0.998716
1504   0.998565
1505   0.972708
1506   0.970822
1507   0.96885
1508   0.966799
1509   0.96469
1510   0.962541
1511   0.960426
1512   0.95837
1513   0.956539
1514   0.954961
1515   0.953907
1516   0.953383
1517   0.953639
1518   0.954645
1519   0.956244
1520   0.958375
1521   0.960765
1522   0.963434
1523   0.966148
1524   0.968992
1525   0.971776
1526   0.974609
1527   0.977328
1528   0.980042
1529   0.982604
1530   0.985109
1531   0.987426
1532   0.989632
1533   0.991613
1534   0.993431
1535   0.994997
1536   0.996361
1537   0.997464
1538   0.998346
1539   0.998984
1540   0.999414
1541   0.999645
1542   0.999717
1543   0.999664
1544   0.999526
1545   0.999352
1546   0.999174
1547   0.999029
1548   0.974809
1549   0.973108
1550   0.97133
1551   0.969507
1552   0.967631
1553   0.965749
1554   0.963884
1555   0.9621
1556   0.960472
1557   0.959075
1558   0.958054
1559   0.95746
1560   0.957467
1561   0.958027
1562   0.959147
1563   0.960702
1564   0.96261
1565   0.96477
1566   0.967099
1567   0.969548
1568   0.972052
1569   0.974594
1570   0.97712
1571   0.979628
1572   0.982067
1573   0.984439
1574   0.986693
1575   0.988833
1576   0.99081
1577   0.992627
1578   0.994243
1579   0.995665
1580   0.996862
1581   0.997849
1582   0.99861
1583   0.99917
1584   0.999531
1585   0.999728
1586   0.999785
1587   0.999739
1588   0.999635
1589   0.9995
1590   0.999381
1591   0.976789
1592   0.975247
1593   0.973656
1594   0.972025
1595   0.970371
1596   0.968708
1597   0.967085
1598   0.965517
1599   0.964098
1600   0.962847
1601   0.9619
1602   0.961279
1603   0.961102
1604   0.961385
1605   0.962099
1606   0.963246
1607   0.964688
1608   0.966449
1609   0.96836
1610   0.97048
1611   0.972644
1612   0.974936
1613   0.977198
1614   0.979524
1615   0.981768
1616   0.98402
1617   0.986143
1618   0.98822
1619   0.990127
1620   0.991936
1621   0.993543
1622   0.995007
1623   0.99625
1624   0.997321
1625   0.998171
1626   0.998841
1627   0.999314
1628   0.999625
1629   0.999788
1630   0.999837
1631   0.999805
1632   0.999726
1633   0.999636
1634   0.978652
1635   0.977263
1636   0.975833
1637   0.974381
1638   0.972911
1639   0.971448
1640   0.970014
1641   0.968645
1642   0.967386
1643   0.96628
1644   0.965402
1645   0.964791
1646   0.964524
1647   0.964612
1648   0.965075
1649   0.965882
1650   0.967
1651   0.968382
1652   0.969975
1653   0.971745
1654   0.973636
1655   0.975629
1656   0.977672
1657   0.979756
1658   0.981833
1659   0.983897
1660   0.985904
1661   0.987849
1662   0.989688
1663   0.991422
1664   0.993009
1665   0.994454
1666   0.995724
1667   0.996826
1668   0.99774
1669   0.998482
1670   0.999043
1671   0.999446
1672   0.9997
1673   0.999836
1674   0.999876
1675   0.999853
1676   0.999802
1677   0.980401
1678   0.979148
1679   0.977869
1680   0.976573
1681   0.975273
1682   0.973979
1683   0.972724
1684   0.971517
1685   0.970415
1686   0.969429
1687   0.968633
1688   0.968045
1689   0.967725
1690   0.967697
1691   0.967961
1692   0.968541
1693   0.969368
1694   0.970478
1695   0.971757
1696   0.97326
1697   0.974854
1698   0.976612
1699   0.978394
1700   0.980283
1701   0.98214
1702   0.984051
1703   0.985882
1704   0.987717
1705   0.989429
1706   0.991096
1707   0.992607
1708   0.994029
1709   0.995272
1710   0.996394
1711   0.997328
1712   0.998123
1713   0.99874
1714   0.999218
1715   0.999547
1716   0.99976
1717   0.999869
1718   0.999905
1719   0.999894
1720   0.982038
1721   0.980912
1722   0.979767
1723   0.978612
1724   0.977457
1725   0.976316
1726   0.975208
1727   0.974151
1728   0.973176
1729   0.972308
1730   0.971587
1731   0.971041
1732   0.970709
1733   0.970611
1734   0.970762
1735   0.971165
1736   0.971806
1737   0.972674
1738   0.973736
1739   0.974976
1740   0.976353
1741   0.977856
1742   0.979439
1743   0.981095
1744   0.982779
1745   0.984488
1746   0.986178
1747   0.987846
1748   0.989452
1749   0.990993
1750   0.992435
1751   0.993776
1752   0.994988
1753   0.996075
1754   0.997014
1755   0.997816
1756   0.998469
1757   0.998987
1758   0.999371
1759   0.999641
1760   0.999808
1761   0.999897
1762   0.999927
1763   0.983567
1764   0.982557
1765   0.981534
1766   0.980505
1767   0.979483
1768   0.978473
1769   0.9775
1770   0.976568
1771   0.975714
1772   0.974945
1773   0.974304
1774   0.973804
1775   0.973479
1776   0.973349
1777   0.973417
1778   0.973712
1779   0.974194
1780   0.974902
1781   0.975757
1782   0.976814
1783   0.977967
1784   0.979284
1785   0.980645
1786   0.982127
1787   0.983604
1788   0.985158
1789   0.986664
1790   0.988203
1791   0.989654
1792   0.991096
1793   0.992418
1794   0.993693
1795   0.994825
1796   0.995879
1797   0.99678
1798   0.997581
1799   0.998231
1800   0.998777
1801   0.999187
1802   0.999502
1803   0.999711
1804   0.999846
1805   0.999916
1806   0.984992
1807   0.984087
1808   0.983174
1809   0.982258
1810   0.98135
1811   0.980458
1812   0.979598
1813   0.978782
1814   0.978029
1815   0.977357
1816   0.976789
1817   0.976345
1818   0.976045
1819   0.975907
1820   0.975942
1821   0.976157
1822   0.97655
1823   0.977119
1824   0.977847
1825   0.978725
1826   0.97973
1827   0.98085
1828   0.982057
1829   0.983339
1830   0.984667
1831   0.986031
1832   0.9874
1833   0.988766
1834   0.9901
1835   0.991394
1836   0.992624
1837   0.993783
1838   0.99485
1839   0.995823
1840   0.996688
1841   0.997445
1842   0.998087
1843   0.998621
1844   0.999046
1845   0.999374
1846   0.999612
1847   0.999775
1848   0.999876
