##### Y Variance #####
0   0.999998
1   0.999942
2   0.999783
3   0.999497
4   0.999071
5   0.998522
6   0.997866
7   0.997144
8   0.996379
9   0.995614
10   0.994868
11   0.994175
12   0.993544
13   0.992998
14   0.992536
15   0.992171
16   0.991897
17   0.991718
18   0.991623
19   0.991611
20   0.991671
21   0.991797
22   0.991978
23   0.992208
24   0.992475
25   0.992775
26   0.993098
27   0.993437
28   0.993787
29   0.994143
30   0.994499
31   0.994852
32   0.995197
33   0.995534
34   0.995859
35   0.996171
36   0.996469
37   0.996752
38   0.997019
39   0.99727
40   0.997505
41   0.997725
42   0.997929
43   0.999987
44   0.999991
45   0.999882
46   0.999633
47   0.999193
48   0.998629
49   0.997895
50   0.997121
51   0.996247
52   0.995419
53   0.994563
54   0.993812
55   0.993087
56   0.992499
57   0.991966
58   0.991579
59   0.99126
60   0.991077
61   0.990961
62   0.990961
63   0.991018
64   0.991168
65   0.991361
66   0.991621
67   0.99191
68   0.992244
69   0.992593
70   0.992968
71   0.993346
72   0.993735
73   0.99412
74   0.994504
75   0.994876
76   0.995241
77   0.995591
78   0.995928
79   0.996248
80   0.996552
81   0.996839
82   0.997108
83   0.99736
84   0.997595
85   0.997813
86   0.999908
87   0.999989
88   0.999974
89   0.999799
90   0.999415
91   0.998845
92   0.998102
93   0.997252
94   0.996326
95   0.995391
96   0.994469
97   0.99361
98   0.992824
99   0.992144
100   0.991567
101   0.991111
102   0.990766
103   0.99054
104   0.990416
105   0.990395
106   0.990459
107   0.990606
108   0.990816
109   0.991086
110   0.9914
111   0.991752
112   0.992129
113   0.992527
114   0.992935
115   0.993349
116   0.993762
117   0.99417
118   0.99457
119   0.994958
120   0.995333
121   0.995691
122   0.996033
123   0.996357
124   0.996662
125   0.996949
126   0.997217
127   0.997467
128   0.9977
129   0.999726
130   0.999897
131   0.999997
132   0.999934
133   0.999636
134   0.999121
135   0.998372
136   0.997511
137   0.996513
138   0.995527
139   0.994503
140   0.99358
141   0.992691
142   0.991952
143   0.991287
144   0.990788
145   0.990378
146   0.990126
147   0.98996
148   0.989931
149   0.989974
150   0.990126
151   0.990332
152   0.990617
153   0.990938
154   0.991311
155   0.991703
156   0.992125
157   0.992552
158   0.992991
159   0.993425
160   0.993858
161   0.994279
162   0.99469
163   0.995085
164   0.995465
165   0.995826
166   0.996168
167   0.996491
168   0.996795
169   0.997079
170   0.997343
171   0.997589
172   0.999406
173   0.999656
174   0.999908
175   1
176   0.99985
177   0.999432
178   0.998755
179   0.997892
180   0.996892
181   0.995837
182   0.994767
183   0.993744
184   0.992793
185   0.991952
186   0.991228
187   0.990641
188   0.990185
189   0.989866
190   0.989671
191   0.989597
192   0.989627
193   0.989753
194   0.989959
195   0.990234
196   0.990564
197   0.990938
198   0.991345
199   0.991775
200   0.99222
201   0.992673
202   0.993126
203   0.993575
204   0.994015
205   0.994443
206   0.994857
207   0.995253
208   0.995631
209   0.99599
210   0.996329
211   0.996647
212   0.996946
213   0.997224
214   0.997483
215   0.998925
216   0.99927
217   0.999672
218   0.999944
219   0.999976
220   0.999707
221   0.999128
222   0.998335
223   0.997338
224   0.99628
225   0.995147
226   0.994079
227   0.993034
228   0.992132
229   0.991312
230   0.990667
231   0.990127
232   0.989763
233   0.989504
234   0.9894
235   0.989386
236   0.989496
237   0.989676
238   0.989946
239   0.990263
240   0.990642
241   0.991046
242   0.991486
243   0.991935
244   0.9924
245   0.992863
246   0.993326
247   0.993778
248   0.994221
249   0.994648
250   0.995059
251   0.995452
252   0.995825
253   0.996178
254   0.99651
255   0.996822
256   0.997113
257   0.997383
258   0.998258
259   0.998624
260   0.999228
261   0.999717
262   0.999985
263   0.999915
264   0.999507
265   0.998811
266   0.997892
267   0.996834
268   0.995704
269   0.994573
270   0.993486
271   0.992492
272   0.991613
273   0.990872
274   0.990275
275   0.989827
276   0.989521
277   0.989351
278   0.989303
279   0.989366
280   0.989524
281   0.989764
282   0.990071
283   0.990431
284   0.990833
285   0.991264
286   0.991717
287   0.992181
288   0.99265
289   0.993117
290   0.993579
291   0.994029
292   0.994467
293   0.994887
294   0.995291
295   0.995675
296   0.99604
297   0.996383
298   0.996707
299   0.997009
300   0.997291
301   0.997425
302   0.997859
303   0.998595
304   0.999309
305   0.999833
306   1
307   0.999794
308   0.999261
309   0.998438
310   0.99745
311   0.996321
312   0.995187
313   0.994042
314   0.993004
315   0.99204
316   0.991241
317   0.990555
318   0.99005
319   0.989667
320   0.989449
321   0.989339
322   0.989366
323   0.989478
324   0.989693
325   0.989968
326   0.990313
327   0.990694
328   0.991118
329   0.991559
330   0.992021
331   0.992485
332   0.992955
333   0.993417
334   0.993872
335   0.994314
336   0.994742
337   0.995152
338   0.995545
339   0.995918
340   0.996272
341   0.996605
342   0.996917
343   0.997208
344   0.996448
345   0.996746
346   0.997692
347   0.998644
348   0.999456
349   0.999919
350   0.999973
351   0.999641
352   0.998986
353   0.998085
354   0.997027
355   0.995889
356   0.994744
357   0.993646
358   0.992641
359   0.991758
360   0.991018
361   0.990426
362   0.989987
363   0.989691
364   0.989533
365   0.989497
366   0.989571
367   0.989736
368   0.989982
369   0.990291
370   0.990652
371   0.99105
372   0.991479
373   0.991924
374   0.992381
375   0.992841
376   0.993301
377   0.993752
378   0.994196
379   0.994624
380   0.995039
381   0.995436
382   0.995816
383   0.996175
384   0.996516
385   0.996836
386   0.997136
387   0.995445
388   0.995795
389   0.996625
390   0.997736
391   0.998842
392   0.999623
393   0.99998
394   0.999903
395   0.999442
396   0.998694
397   0.997718
398   0.996639
399   0.995489
400   0.994386
401   0.993327
402   0.992403
403   0.991587
404   0.990941
405   0.990422
406   0.990073
407   0.989842
408   0.989757
409   0.98977
410   0.989895
411   0.990092
412   0.990369
413   0.990693
414   0.991067
415   0.991468
416   0.991896
417   0.992334
418   0.992783
419   0.993231
420   0.993676
421   0.994113
422   0.99454
423   0.994954
424   0.995352
425   0.995734
426   0.996098
427   0.996444
428   0.99677
429   0.997076
430   0.994414
431   0.994613
432   0.995429
433   0.996516
434   0.997956
435   0.999095
436   0.999779
437   0.999999
438   0.999791
439   0.999225
440   0.998396
441   0.997389
442   0.996297
443   0.995186
444   0.994124
445   0.993146
446   0.992293
447   0.991573
448   0.991004
449   0.990577
450   0.990294
451   0.990137
452   0.990101
453   0.990164
454   0.990319
455   0.990544
456   0.990833
457   0.991166
458   0.991539
459   0.991936
460   0.992354
461   0.99278
462   0.993213
463   0.993643
464   0.994071
465   0.994489
466   0.994899
467   0.995294
468   0.995676
469   0.99604
470   0.996389
471   0.996718
472   0.99703
473   0.9934
474   0.993543
475   0.994163
476   0.99531
477   0.996875
478   0.998317
479   0.999355
480   0.999898
481   0.999974
482   0.999643
483   0.998983
484   0.998108
485   0.997081
486   0.996018
487   0.994949
488   0.993966
489   0.993064
490   0.992309
491   0.991673
492   0.991197
493   0.990843
494   0.990634
495   0.99053
496   0.990544
497   0.990638
498   0.99082
499   0.991057
500   0.991353
501   0.991684
502   0.992051
503   0.992435
504   0.992838
505   0.993246
506   0.99366
507   0.994071
508   0.994478
509   0.994877
510   0.995266
511   0.995643
512   0.996006
513   0.996354
514   0.996685
515   0.996999
516   0.992408
517   0.992382
518   0.992839
519   0.993745
520   0.99558
521   0.997321
522   0.998687
523   0.999581
524   0.999972
525   0.999909
526   0.99947
527   0.998748
528   0.997844
529   0.996838
530   0.995816
531   0.994823
532   0.993918
533   0.993115
534   0.992447
535   0.991906
536   0.991506
537   0.991227
538   0.991073
539   0.991019
540   0.991064
541   0.991184
542   0.991376
543   0.991619
544   0.991911
545   0.992233
546   0.992585
547   0.992952
548   0.993335
549   0.993722
550   0.994114
551   0.994502
552   0.994889
553   0.995266
554   0.995637
555   0.995993
556   0.996339
557   0.996668
558   0.996983
559   0.991473
560   0.991308
561   0.991541
562   0.992447
563   0.994175
564   0.996104
565   0.997795
566   0.999029
567   0.999763
568   0.999998
569   0.999807
570   0.999286
571   0.998521
572   0.997625
573   0.996654
574   0.995702
575   0.99479
576   0.993982
577   0.993272
578   0.992699
579   0.992239
580   0.991915
581   0.991695
582   0.99159
583   0.991571
584   0.991641
585   0.991774
586   0.99197
587   0.992209
588   0.99249
589   0.992798
590   0.99313
591   0.993478
592   0.993837
593   0.994202
594   0.99457
595   0.994937
596   0.995301
597   0.995659
598   0.996008
599   0.996347
600   0.996673
601   0.996985
602   0.99062
603   0.990287
604   0.990269
605   0.990764
606   0.992623
607   0.994696
608   0.996662
609   0.998249
610   0.999328
611   0.99989
612   0.99998
613   0.999685
614   0.999108
615   0.998335
616   0.997466
617   0.996558
618   0.995684
619   0.994867
620   0.994153
621   0.993539
622   0.99305
623   0.992667
624   0.992404
625   0.992235
626   0.992166
627   0.992171
628   0.992253
629   0.992389
630   0.992581
631   0.992809
632   0.993075
633   0.993363
634   0.993675
635   0.993998
636   0.994335
637   0.994675
638   0.995022
639   0.995365
640   0.99571
641   0.996046
642   0.996377
643   0.996696
644   0.997005
645   0.989875
646   0.989367
647   0.989136
648   0.98957
649   0.991033
650   0.993114
651   0.995322
652   0.997231
653   0.998674
654   0.999568
655   0.999965
656   0.999929
657   0.999558
658   0.998955
659   0.998198
660   0.997381
661   0.996548
662   0.995764
663   0.995043
664   0.994423
665   0.993896
666   0.993483
667   0.993166
668   0.992953
669   0.992823
670   0.992777
671   0.992798
672   0.992883
673   0.993017
674   0.993197
675   0.993411
676   0.993656
677   0.993924
678   0.994211
679   0.994513
680   0.994825
681   0.995144
682   0.995466
683   0.995791
684   0.996113
685   0.996431
686   0.996742
687   0.997042
688   0.989269
689   0.988626
690   0.988132
691   0.988089
692   0.989411
693   0.991306
694   0.993747
695   0.995996
696   0.997778
697   0.999032
698   0.999745
699   0.999994
700   0.999862
701   0.999445
702   0.998843
703   0.998126
704   0.997377
705   0.996628
706   0.995937
707   0.995308
708   0.994775
709   0.994325
710   0.993979
711   0.993712
712   0.993539
713   0.993434
714   0.993405
715   0.993429
716   0.993513
717   0.993635
718   0.993803
719   0.993996
720   0.994223
721   0.994466
722   0.994733
723   0.995009
724   0.995301
725   0.995596
726   0.995901
727   0.996203
728   0.996508
729   0.996805
730   0.997098
731   0.988808
732   0.988003
733   0.98735
734   0.987165
735   0.987836
736   0.989539
737   0.992031
738   0.994535
739   0.996671
740   0.998261
741   0.999316
742   0.999863
743   0.999992
744   0.999794
745   0.999361
746   0.998785
747   0.998126
748   0.997453
749   0.996794
750   0.996191
751   0.995651
752   0.995193
753   0.994811
754   0.994514
755   0.994291
756   0.994142
757   0.994057
758   0.994032
759   0.994058
760   0.99413
761   0.994243
762   0.99439
763   0.994566
764   0.994769
765   0.994993
766   0.995235
767   0.995493
768   0.995761
769   0.99604
770   0.996322
771   0.996609
772   0.996893
773   0.997173
774   0.988517
775   0.987609
776   0.986752
777   0.986227
778   0.986415
779   0.98741
780   0.990125
781   0.992916
782   0.995325
783   0.997275
784   0.998656
785   0.999527
786   0.999933
787   0.999973
788   0.999741
789   0.999316
790   0.998785
791   0.998193
792   0.997603
793   0.997028
794   0.99651
795   0.996042
796   0.995652
797   0.995321
798   0.995068
799   0.994871
800   0.994744
801   0.994664
802   0.994642
803   0.994659
804   0.994724
805   0.994817
806   0.99495
807   0.995104
808   0.99529
809   0.995491
810   0.995716
811   0.995952
812   0.996205
813   0.996462
814   0.996731
815   0.996996
816   0.997264
817   0.988395
818   0.98737
819   0.986342
820   0.98552
821   0.985174
822   0.985964
823   0.98825
824   0.991091
825   0.993785
826   0.99604
827   0.997777
828   0.998965
829   0.999672
830   0.999969
831   0.999954
832   0.999712
833   0.999319
834   0.998843
835   0.998327
836   0.997813
837   0.997321
838   0.996873
839   0.996473
840   0.996132
841   0.995847
842   0.99562
843   0.995448
844   0.995327
845   0.995254
846   0.995225
847   0.995237
848   0.995285
849   0.995367
850   0.995479
851   0.995619
852   0.995783
853   0.99597
854   0.996175
855   0.996397
856   0.996631
857   0.996875
858   0.997123
859   0.997373
860   0.988439
861   0.987376
862   0.986153
863   0.985064
864   0.984176
865   0.984049
866   0.986362
867   0.989208
868   0.992054
869   0.994619
870   0.996666
871   0.998194
872   0.999196
873   0.999769
874   0.999986
875   0.999941
876   0.999713
877   0.999361
878   0.99895
879   0.998503
880   0.998065
881   0.997639
882   0.997256
883   0.996906
884   0.996611
885   0.996354
886   0.996153
887   0.99599
888   0.995879
889   0.995802
890   0.995771
891   0.99577
892   0.99581
893   0.995874
894   0.995975
895   0.996096
896   0.996249
897   0.996417
898   0.99661
899   0.996814
900   0.997037
901   0.997262
902   0.997497
903   0.988623
904   0.987472
905   0.986149
906   0.984772
907   0.983524
908   0.983221
909   0.984638
910   0.98723
911   0.990191
912   0.992982
913   0.995358
914   0.997191
915   0.998509
916   0.999356
917   0.999823
918   0.999992
919   0.999942
920   0.999742
921   0.999444
922   0.999091
923   0.998715
924   0.998338
925   0.997977
926   0.997641
927   0.997338
928   0.997071
929   0.996843
930   0.996654
931   0.996504
932   0.996392
933   0.996317
934   0.996276
935   0.99627
936   0.996295
937   0.996352
938   0.996436
939   0.996549
940   0.996685
941   0.996845
942   0.997022
943   0.997217
944   0.997422
945   0.997635
946   0.988942
947   0.987822
948   0.986376
949   0.984886
950   0.983228
951   0.982056
952   0.98313
953   0.985203
954   0.988208
955   0.991227
956   0.993851
957   0.996008
958   0.997606
959   0.998744
960   0.999457
961   0.999852
962   0.999993
963   0.999953
964   0.99979
965   0.999542
966   0.999251
967   0.99893
968   0.998613
969   0.998298
970   0.998008
971   0.997735
972   0.997499
973   0.997286
974   0.997114
975   0.996966
976   0.99686
977   0.996779
978   0.996737
979   0.99672
980   0.996741
981   0.996785
982   0.996864
983   0.996963
984   0.997094
985   0.99724
986   0.997411
987   0.99759
988   0.997785
989   0.989361
990   0.988199
991   0.986765
992   0.985121
993   0.983371
994   0.982062
995   0.981905
996   0.983447
997   0.986247
998   0.989336
999   0.992212
1000   0.994613
1001   0.996512
1002   0.997912
1003   0.998887
1004   0.999508
1005   0.999853
1006   0.999989
1007   0.999973
1008   0.999848
1009   0.999652
1010   0.999411
1011   0.999146
1012   0.998872
1013   0.998603
1014   0.998345
1015   0.998105
1016   0.997886
1017   0.997694
1018   0.997527
1019   0.99739
1020   0.997281
1021   0.997204
1022   0.997155
1023   0.997138
1024   0.997149
1025   0.997191
1026   0.997259
1027   0.997356
1028   0.997475
1029   0.997617
1030   0.997775
1031   0.997945
1032   0.989878
1033   0.9888
1034   0.987344
1035   0.985729
1036   0.983842
1037   0.982184
1038   0.98132
1039   0.981522
1040   0.984288
1041   0.987464
1042   0.990439
1043   0.993107
1044   0.995234
1045   0.996912
1046   0.998119
1047   0.998976
1048   0.99952
1049   0.999841
1050   0.99998
1051   0.999989
1052   0.999904
1053   0.999751
1054   0.999558
1055   0.999335
1056   0.999105
1057   0.998868
1058   0.998643
1059   0.998425
1060   0.998228
1061   0.998046
1062   0.997893
1063   0.997759
1064   0.997657
1065   0.997576
1066   0.997531
1067   0.997508
1068   0.99752
1069   0.997555
1070   0.997624
1071   0.997713
1072   0.997831
1073   0.997962
1074   0.998112
1075   0.990454
1076   0.989394
1077   0.988044
1078   0.986428
1079   0.984568
1080   0.982723
1081   0.981198
1082   0.980999
1083   0.982685
1084   0.985557
1085   0.988631
1086   0.991446
1087   0.993825
1088   0.995721
1089   0.997172
1090   0.998244
1091   0.998999
1092   0.999504
1093   0.999809
1094   0.999962
1095   0.999999
1096   0.999949
1097   0.999838
1098   0.999684
1099   0.999503
1100   0.999305
1101   0.999103
1102   0.998901
1103   0.998708
1104   0.998525
1105   0.998361
1106   0.998213
1107   0.99809
1108   0.997989
1109   0.997915
1110   0.997868
1111   0.997849
1112   0.997858
1113   0.997897
1114   0.99796
1115   0.99805
1116   0.998159
1117   0.998285
1118   0.99108
1119   0.990146
1120   0.988854
1121   0.987381
1122   0.985538
1123   0.983687
1124   0.981708
1125   0.980308
1126   0.981577
1127   0.983871
1128   0.986875
1129   0.989832
1130   0.992336
1131   0.994452
1132   0.996086
1133   0.997373
1134   0.998312
1135   0.999004
1136   0.99947
1137   0.999772
1138   0.999936
1139   0.999998
1140   0.99998
1141   0.999902
1142   0.999784
1143   0.999635
1144   0.99947
1145   0.999293
1146   0.999117
1147   0.998941
1148   0.998778
1149   0.998624
1150   0.998491
1151   0.998372
1152   0.998281
1153   0.998209
1154   0.998169
1155   0.998151
1156   0.998166
1157   0.998202
1158   0.998269
1159   0.998353
1160   0.99846
1161   0.991715
1162   0.990828
1163   0.989686
1164   0.988286
1165   0.986603
1166   0.984726
1167   0.982768
1168   0.981286
1169   0.980995
1170   0.982655
1171   0.985353
1172   0.98823
1173   0.990851
1174   0.993086
1175   0.994901
1176   0.99636
1177   0.997484
1178   0.998347
1179   0.998977
1180   0.999428
1181   0.999724
1182   0.999903
1183   0.999986
1184   0.999996
1185   0.99995
1186   0.99986
1187   0.999742
1188   0.999603
1189   0.999453
1190   0.999296
1191   0.999142
1192   0.998992
1193   0.998855
1194   0.998729
1195   0.998624
1196   0.998538
1197   0.998476
1198   0.998439
1199   0.998429
1200   0.998445
1201   0.998487
1202   0.998551
1203   0.998634
1204   0.99235
1205   0.99159
1206   0.990538
1207   0.98932
1208   0.987759
1209   0.986082
1210   0.984159
1211   0.982497
1212   0.981621
1213   0.981703
1214   0.984124
1215   0.986931
1216   0.989476
1217   0.991815
1218   0.993716
1219   0.995323
1220   0.996585
1221   0.997603
1222   0.998375
1223   0.998966
1224   0.999388
1225   0.999684
1226   0.999868
1227   0.999969
1228   1
1229   0.999977
1230   0.999915
1231   0.99982
1232   0.999706
1233   0.999576
1234   0.999442
1235   0.999303
1236   0.999171
1237   0.999044
1238   0.998934
1239   0.998836
1240   0.998762
1241   0.998707
1242   0.99868
1243   0.998674
1244   0.998698
1245   0.998739
1246   0.998805
1247   0.992958
1248   0.992253
1249   0.991353
1250   0.990247
1251   0.988909
1252   0.987377
1253   0.98571
1254   0.984092
1255   0.982826
1256   0.98256
1257   0.983517
1258   0.985878
1259   0.988312
1260   0.990626
1261   0.992586
1262   0.99428
1263   0.995655
1264   0.996798
1265   0.997695
1266   0.998411
1267   0.998951
1268   0.999357
1269   0.999642
1270   0.999835
1271   0.999946
1272   0.999995
1273   0.999993
1274   0.999952
1275   0.99988
1276   0.999786
1277   0.999677
1278   0.999559
1279   0.999439
1280   0.99932
1281   0.99921
1282   0.999109
1283   0.999026
1284   0.99896
1285   0.998917
1286   0.998896
1287   0.9989
1288   0.998925
1289   0.998971
1290   0.993538
1291   0.99294
1292   0.992133
1293   0.991202
1294   0.990024
1295   0.988747
1296   0.987275
1297   0.985887
1298   0.984542
1299   0.98369
1300   0.984217
1301   0.985501
1302   0.987646
1303   0.98982
1304   0.991704
1305   0.993401
1306   0.994823
1307   0.996035
1308   0.997021
1309   0.997829
1310   0.998465
1311   0.998966
1312   0.99934
1313   0.999617
1314   0.999806
1315   0.999925
1316   0.999986
1317   0.999999
1318   0.999975
1319   0.999921
1320   0.999845
1321   0.999753
1322   0.999653
1323   0.999546
1324   0.999444
1325   0.999344
1326   0.999259
1327   0.999185
1328   0.999133
1329   0.999098
1330   0.999089
1331   0.999097
1332   0.999128
1333   0.994075
1334   0.993529
1335   0.992848
1336   0.992027
1337   0.991053
1338   0.989944
1339   0.988747
1340   0.987508
1341   0.986407
1342   0.985545
1343   0.985382
1344   0.98617
1345   0.987502
1346   0.989373
1347   0.991075
1348   0.992716
1349   0.994112
1350   0.995354
1351   0.99638
1352   0.997255
1353   0.997958
1354   0.998536
1355   0.998985
1356   0.999337
1357   0.999596
1358   0.999783
1359   0.999904
1360   0.999974
1361   0.999999
1362   0.999989
1363   0.99995
1364   0.999889
1365   0.999814
1366   0.999727
1367   0.999637
1368   0.999546
1369   0.999463
1370   0.999388
1371   0.999329
1372   0.999286
1373   0.999264
1374   0.99926
1375   0.999275
1376   0.994574
1377   0.994108
1378   0.993507
1379   0.992821
1380   0.991983
1381   0.991073
1382   0.990051
1383   0.989042
1384   0.988072
1385   0.987326
1386   0.987008
1387   0.987196
1388   0.988184
1389   0.98949
1390   0.990943
1391   0.992359
1392   0.993668
1393   0.994845
1394   0.995868
1395   0.996752
1396   0.997494
1397   0.998115
1398   0.998619
1399   0.999028
1400   0.999346
1401   0.99959
1402   0.999767
1403   0.999889
1404   0.999963
1405   0.999996
1406   0.999996
1407   0.999969
1408   0.999922
1409   0.999858
1410   0.999786
1411   0.999707
1412   0.999632
1413   0.999559
1414   0.999499
1415   0.99945
1416   0.99942
1417   0.999405
1418   0.99941
1419   0.995031
1420   0.994609
1421   0.994101
1422   0.993505
1423   0.992817
1424   0.992044
1425   0.991225
1426   0.990373
1427   0.98961
1428   0.988952
1429   0.988641
1430   0.988625
1431   0.989131
1432   0.990043
1433   0.991122
1434   0.992309
1435   0.993436
1436   0.994519
1437   0.995476
1438   0.996344
1439   0.997082
1440   0.997727
1441   0.998261
1442   0.998711
1443   0.999072
1444   0.999366
1445   0.999589
1446   0.999759
1447   0.999876
1448   0.999953
1449   0.999991
1450   0.999999
1451   0.999982
1452   0.999945
1453   0.999894
1454   0.999832
1455   0.999768
1456   0.999703
1457   0.999644
1458   0.999594
1459   0.999559
1460   0.999537
1461   0.999532
1462   0.995452
1463   0.995087
1464   0.994641
1465   0.99414
1466   0.993553
1467   0.99292
1468   0.992231
1469   0.991543
1470   0.990892
1471   0.990345
1472   0.99001
1473   0.989908
1474   0.990204
1475   0.99078
1476   0.991591
1477   0.992504
1478   0.993456
1479   0.994386
1480   0.995259
1481   0.996059
1482   0.996774
1483   0.997406
1484   0.99795
1485   0.998418
1486   0.998808
1487   0.999133
1488   0.999394
1489   0.999601
1490   0.999757
1491   0.999871
1492   0.999945
1493   0.999987
1494   1
1495   0.99999
1496   0.999962
1497   0.999919
1498   0.999869
1499   0.999814
1500   0.999762
1501   0.999713
1502   0.999677
1503   0.999649
1504   0.999638
1505   0.995837
1506   0.995508
1507   0.995128
1508   0.994696
1509   0.994212
1510   0.993679
1511   0.993125
1512   0.992552
1513   0.992032
1514   0.991564
1515   0.991265
1516   0.991125
1517   0.991254
1518   0.991623
1519   0.992179
1520   0.992879
1521   0.99363
1522   0.994417
1523   0.995169
1524   0.995896
1525   0.996552
1526   0.997159
1527   0.997688
1528   0.99816
1529   0.998561
1530   0.998908
1531   0.999192
1532   0.99943
1533   0.999616
1534   0.999762
1535   0.999867
1536   0.99994
1537   0.999982
1538   0.999999
1539   0.999995
1540   0.999973
1541   0.99994
1542   0.999898
1543   0.999855
1544   0.999812
1545   0.999775
1546   0.999747
1547   0.99973
1548   0.996191
1549   0.995903
1550   0.995571
1551   0.995205
1552   0.994794
1553   0.994356
1554   0.993892
1555   0.993427
1556   0.992988
1557   0.992604
1558   0.992329
1559   0.992182
1560   0.99223
1561   0.99245
1562   0.992842
1563   0.993352
1564   0.993946
1565   0.994579
1566   0.995221
1567   0.995849
1568   0.996444
1569   0.996999
1570   0.997503
1571   0.997958
1572   0.998358
1573   0.998709
1574   0.999009
1575   0.999263
1576   0.999472
1577   0.999642
1578   0.999773
1579   0.999871
1580   0.999939
1581   0.99998
1582   0.999998
1583   0.999997
1584   0.999981
1585   0.999954
1586   0.999922
1587   0.999886
1588   0.999853
1589   0.999825
1590   0.999807
1591   0.996516
1592   0.996259
1593   0.995973
1594   0.995658
1595   0.995316
1596   0.994948
1597   0.994572
1598   0.994187
1599   0.993833
1600   0.993509
1601   0.993275
1602   0.993127
1603   0.993121
1604   0.993247
1605   0.993507
1606   0.99388
1607   0.994327
1608   0.994836
1609   0.99536
1610   0.9959
1611   0.996417
1612   0.99692
1613   0.997381
1614   0.997813
1615   0.998196
1616   0.998545
1617   0.998845
1618   0.999111
1619   0.999331
1620   0.999519
1621   0.999668
1622   0.999788
1623   0.999877
1624   0.99994
1625   0.999978
1626   0.999997
1627   0.999999
1628   0.999987
1629   0.999966
1630   0.99994
1631   0.999913
1632   0.999888
1633   0.999869
1634   0.996816
1635   0.996589
1636   0.996339
1637   0.996071
1638   0.99578
1639   0.995475
1640   0.99516
1641   0.994847
1642   0.99455
1643   0.994285
1644   0.994079
1645   0.993944
1646   0.99391
1647   0.993977
1648   0.994152
1649   0.994417
1650   0.994758
1651   0.995154
1652   0.995584
1653   0.996032
1654   0.99648
1655   0.99692
1656   0.997338
1657   0.997733
1658   0.998096
1659   0.998427
1660   0.998723
1661   0.998986
1662   0.999213
1663   0.999408
1664   0.999571
1665   0.999704
1666   0.999808
1667   0.999888
1668   0.999943
1669   0.999979
1670   0.999996
1671   0.999999
1672   0.999991
1673   0.999975
1674   0.999955
1675   0.999934
1676   0.999916
1677   0.997092
1678   0.99689
1679   0.996673
1680   0.996442
1681   0.996198
1682   0.995941
1683   0.995683
1684   0.995422
1685   0.995182
1686   0.994958
1687   0.994786
1688   0.994661
1689   0.994615
1690   0.994643
1691   0.994755
1692   0.994944
1693   0.995197
1694   0.995508
1695   0.99585
1696   0.996223
1697   0.996599
1698   0.996984
1699   0.997351
1700   0.997711
1701   0.998042
1702   0.998356
1703   0.998635
1704   0.998893
1705   0.999116
1706   0.999315
1707   0.999482
1708   0.999625
1709   0.999739
1710   0.999832
1711   0.9999
1712   0.999949
1713   0.99998
1714   0.999996
1715   1
1716   0.999994
1717   0.999982
1718   0.999966
1719   0.999952
1720   0.997347
1721   0.997168
1722   0.996978
1723   0.996778
1724   0.99657
1725   0.996354
1726   0.996137
1727   0.995923
1728   0.99572
1729   0.995538
1730   0.995389
1731   0.995281
1732   0.995229
1733   0.995237
1734   0.99531
1735   0.995445
1736   0.995637
1737   0.995877
1738   0.996154
1739   0.996459
1740   0.996778
1741   0.997105
1742   0.997429
1743   0.997746
1744   0.998048
1745   0.998334
1746   0.998597
1747   0.998839
1748   0.999056
1749   0.999249
1750   0.999417
1751   0.999561
1752   0.999681
1753   0.99978
1754   0.999857
1755   0.999915
1756   0.999957
1757   0.999983
1758   0.999996
1759   1
1760   0.999996
1761   0.999986
1762   0.999976
1763   0.997582
1764   0.997423
1765   0.997257
1766   0.997083
1767   0.996906
1768   0.996722
1769   0.996541
1770   0.99636
1771   0.996195
1772   0.99604
1773   0.995917
1774   0.995821
1775   0.995772
1776   0.995767
1777   0.995815
1778   0.995913
1779   0.996058
1780   0.996248
1781   0.996468
1782   0.99672
1783   0.996984
1784   0.997266
1785   0.997544
1786   0.997826
1787   0.998093
1788   0.998354
1789   0.998593
1790   0.998821
1791   0.999023
1792   0.99921
1793   0.99937
1794   0.999514
1795   0.999634
1796   0.999736
1797   0.999817
1798   0.999883
1799   0.99993
1800   0.999965
1801   0.999986
1802   0.999997
1803   1
1804   0.999997
1805   0.99999
1806   0.997798
1807   0.997657
1808   0.997511
1809   0.99736
1810   0.997205
1811   0.997049
1812   0.996894
1813   0.996743
1814   0.996601
1815   0.996474
1816   0.996368
1817   0.996289
1818   0.996244
1819   0.996236
1820   0.996269
1821   0.996344
1822   0.996458
1823   0.996609
1824   0.99679
1825   0.996997
1826   0.997221
1827   0.997458
1828   0.997701
1829   0.997944
1830   0.998183
1831   0.998414
1832   0.998632
1833   0.998838
1834   0.999027
1835   0.999199
1836   0.999353
1837   0.999489
1838   0.999606
1839   0.999706
1840   0.999789
1841   0.999856
1842   0.999908
1843   0.999946
1844   0.999973
1845   0.999989
1846   0.999998
1847   1
1848   0.999998
