##### Y Variance #####
0   0.99994
1   0.999863
2   0.999329
3   0.998167
4   0.996221
5   0.993427
6   0.989722
7   0.985207
8   0.979981
9   0.974488
10   0.968829
11   0.963326
12   0.958044
13   0.953195
14   0.948861
15   0.945182
16   0.942233
17   0.940096
18   0.938772
19   0.938239
20   0.938456
21   0.939325
22   0.940811
23   0.94279
24   0.945205
25   0.947905
26   0.950822
27   0.953809
28   0.956829
29   0.959781
30   0.962655
31   0.965392
32   0.967998
33   0.970452
34   0.972765
35   0.974932
36   0.976965
37   0.978866
38   0.980642
39   0.982298
40   0.983839
41   0.98527
42   0.986596
43   0.99962
44   0.999876
45   0.999704
46   0.998902
47   0.997174
48   0.994627
49   0.990833
50   0.986371
51   0.980477
52   0.974903
53   0.968378
54   0.962529
55   0.956356
56   0.950943
57   0.945807
58   0.941523
59   0.937924
60   0.935317
61   0.933588
62   0.932724
63   0.932823
64   0.933506
65   0.935129
66   0.93713
67   0.939906
68   0.942799
69   0.946203
70   0.949455
71   0.952963
72   0.956197
73   0.959498
74   0.962498
75   0.965446
76   0.96813
77   0.970708
78   0.973074
79   0.975315
80   0.977385
81   0.979326
82   0.981124
83   0.982796
84   0.984344
85   0.985775
86   0.998796
87   0.99939
88   0.99974
89   0.999464
90   0.998302
91   0.996176
92   0.992918
93   0.988697
94   0.983288
95   0.977175
96   0.970515
97   0.963683
98   0.956833
99   0.950343
100   0.944287
101   0.939087
102   0.934669
103   0.931249
104   0.928798
105   0.927302
106   0.926834
107   0.927249
108   0.928616
109   0.930733
110   0.933575
111   0.93687
112   0.940556
113   0.94435
114   0.948235
115   0.952026
116   0.955717
117   0.9592
118   0.96249
119   0.965553
120   0.968411
121   0.971065
122   0.973532
123   0.975821
124   0.977943
125   0.979909
126   0.981725
127   0.983401
128   0.984943
129   0.99732
130   0.998249
131   0.999119
132   0.99946
133   0.998965
134   0.997496
135   0.994833
136   0.991238
137   0.986369
138   0.980642
139   0.973739
140   0.96685
141   0.958956
142   0.952121
143   0.944502
144   0.938783
145   0.932926
146   0.928643
147   0.925035
148   0.922506
149   0.921259
150   0.920911
151   0.921985
152   0.923823
153   0.926829
154   0.930218
155   0.934403
156   0.938513
157   0.943031
158   0.947268
159   0.951583
160   0.955501
161   0.959295
162   0.962724
163   0.965962
164   0.96891
165   0.971661
166   0.974182
167   0.976516
168   0.97866
169   0.980635
170   0.982447
171   0.984107
172   0.995073
173   0.996141
174   0.997585
175   0.998587
176   0.998924
177   0.998231
178   0.996452
179   0.993597
180   0.989578
181   0.984546
182   0.978456
183   0.971698
184   0.96432
185   0.956766
186   0.949074
187   0.941623
188   0.934698
189   0.928457
190   0.923182
191   0.919086
192   0.916265
193   0.915053
194   0.915201
195   0.916719
196   0.919408
197   0.922895
198   0.927205
199   0.93188
200   0.936871
201   0.941871
202   0.946771
203   0.95139
204   0.955687
205   0.959655
206   0.963288
207   0.966631
208   0.969681
209   0.972487
210   0.975046
211   0.977396
212   0.979536
213   0.981496
214   0.983277
215   0.99207
216   0.993348
217   0.995154
218   0.99681
219   0.997912
220   0.998068
221   0.997139
222   0.995177
223   0.992045
224   0.987959
225   0.982767
226   0.976808
227   0.970025
228   0.962825
229   0.955053
230   0.947298
231   0.938888
232   0.931945
233   0.924075
234   0.919274
235   0.913537
236   0.911744
237   0.909895
238   0.9107
239   0.912629
240   0.915524
241   0.919965
242   0.924723
243   0.930429
244   0.935991
245   0.941738
246   0.94695
247   0.951926
248   0.956393
249   0.960526
250   0.964252
251   0.967661
252   0.970751
253   0.973566
254   0.976123
255   0.978446
256   0.980554
257   0.982464
258   0.988313
259   0.989395
260   0.991725
261   0.993934
262   0.995897
263   0.996878
264   0.996934
265   0.995854
266   0.993747
267   0.990596
268   0.986443
269   0.981416
270   0.975567
271   0.969108
272   0.962062
273   0.954693
274   0.946916
275   0.939296
276   0.93174
277   0.924862
278   0.918608
279   0.913361
280   0.909678
281   0.907382
282   0.907179
283   0.908814
284   0.912271
285   0.917392
286   0.923438
287   0.929829
288   0.936246
289   0.942347
290   0.947929
291   0.953075
292   0.957677
293   0.961876
294   0.965628
295   0.969045
296   0.972106
297   0.97489
298   0.977387
299   0.979652
300   0.981684
301   0.984
302   0.985134
303   0.987561
304   0.990357
305   0.992996
306   0.994844
307   0.995743
308   0.995612
309   0.994399
310   0.992247
311   0.989056
312   0.985073
313   0.980203
314   0.974744
315   0.96861
316   0.962106
317   0.955169
318   0.948015
319   0.940778
320   0.933587
321   0.926517
322   0.919996
323   0.913277
324   0.909488
325   0.904985
326   0.905859
327   0.906348
328   0.911438
329   0.917367
330   0.923946
331   0.931136
332   0.937759
333   0.944092
334   0.949784
335   0.954932
336   0.959544
337   0.963675
338   0.967387
339   0.970712
340   0.973703
341   0.976384
342   0.978793
343   0.980954
344   0.979257
345   0.979736
346   0.982573
347   0.985762
348   0.989207
349   0.991845
350   0.993702
351   0.99441
352   0.99419
353   0.99291
354   0.990745
355   0.987702
356   0.983897
357   0.979425
358   0.97435
359   0.968815
360   0.962814
361   0.956508
362   0.949912
363   0.943193
364   0.936394
365   0.929751
366   0.923191
367   0.917507
368   0.912641
369   0.909369
370   0.908276
371   0.909002
372   0.913186
373   0.919141
374   0.92627
375   0.933738
376   0.940547
377   0.946905
378   0.952445
379   0.957486
380   0.96191
381   0.965912
382   0.969451
383   0.972644
384   0.975477
385   0.97803
386   0.980298
387   0.974507
388   0.974965
389   0.977208
390   0.980712
391   0.984731
392   0.988239
393   0.990893
394   0.992507
395   0.993086
396   0.992714
397   0.991385
398   0.989296
399   0.986404
400   0.982944
401   0.978852
402   0.974343
403   0.969347
404   0.964017
405   0.958336
406   0.952415
407   0.946318
408   0.940174
409   0.934128
410   0.92819
411   0.922851
412   0.918117
413   0.91421
414   0.912926
415   0.912155
416   0.917417
417   0.923129
418   0.930707
419   0.937894
420   0.944554
421   0.95044
422   0.955747
423   0.960436
424   0.964644
425   0.968378
426   0.971722
427   0.974699
428   0.97736
429   0.979735
430   0.969782
431   0.969573
432   0.971601
433   0.974762
434   0.979583
435   0.983849
436   0.987399
437   0.989797
438   0.991276
439   0.991659
440   0.991222
441   0.989914
442   0.987952
443   0.985347
444   0.982239
445   0.978662
446   0.974676
447   0.970324
448   0.965625
449   0.960652
450   0.95542
451   0.950063
452   0.94456
453   0.939099
454   0.933787
455   0.92888
456   0.924583
457   0.921516
458   0.9198
459   0.920186
460   0.9245
461   0.93013
462   0.936834
463   0.943478
464   0.949298
465   0.954693
466   0.959453
467   0.963772
468   0.967596
469   0.971042
470   0.974102
471   0.976852
472   0.979296
473   0.965272
474   0.964776
475   0.96604
476   0.96924
477   0.974124
478   0.979095
479   0.983378
480   0.986628
481   0.988831
482   0.990026
483   0.990278
484   0.989772
485   0.988532
486   0.986776
487   0.98447
488   0.981806
489   0.978712
490   0.975322
491   0.971573
492   0.967549
493   0.963249
494   0.958713
495   0.954027
496   0.949153
497   0.944383
498   0.939657
499   0.935503
500   0.931798
501   0.92937
502   0.927998
503   0.928638
504   0.932711
505   0.93759
506   0.943608
507   0.949097
508   0.954338
509   0.959026
510   0.963315
511   0.967152
512   0.970616
513   0.973718
514   0.976505
515   0.979002
516   0.961007
517   0.959836
518   0.960542
519   0.962872
520   0.968348
521   0.973852
522   0.978893
523   0.982867
524   0.985893
525   0.987765
526   0.988789
527   0.988914
528   0.988434
529   0.987336
530   0.985833
531   0.983904
532   0.98167
533   0.979102
534   0.976254
535   0.973107
536   0.969686
537   0.966003
538   0.962075
539   0.957954
540   0.953721
541   0.949499
542   0.94546
543   0.941786
544   0.938813
545   0.936725
546   0.936285
547   0.937523
548   0.941201
549   0.945604
550   0.950366
551   0.954995
552   0.959373
553   0.96343
554   0.967143
555   0.970529
556   0.973596
557   0.976373
558   0.978877
559   0.957131
560   0.955506
561   0.955419
562   0.95765
563   0.962616
564   0.968499
565   0.974117
566   0.978855
567   0.982559
568   0.985181
569   0.986809
570   0.987622
571   0.987708
572   0.987293
573   0.986388
574   0.985186
575   0.983627
576   0.981846
577   0.979757
578   0.977434
579   0.974818
580   0.971934
581   0.968795
582   0.965375
583   0.96182
584   0.958076
585   0.954467
586   0.9509
587   0.947935
588   0.945467
589   0.944328
590   0.944342
591   0.946075
592   0.949126
593   0.952712
594   0.956601
595   0.960416
596   0.964113
597   0.96757
598   0.970791
599   0.973752
600   0.976465
601   0.978939
602   0.953703
603   0.951463
604   0.950625
605   0.951583
606   0.956824
607   0.96288
608   0.969062
609   0.974446
610   0.978911
611   0.982179
612   0.98451
613   0.985874
614   0.986603
615   0.986699
616   0.98643
617   0.985768
618   0.984882
619   0.983709
620   0.982338
621   0.980695
622   0.978819
623   0.976649
624   0.974214
625   0.971483
626   0.96852
627   0.96534
628   0.962095
629   0.95884
630   0.95589
631   0.953316
632   0.951674
633   0.95088
634   0.951645
635   0.95336
636   0.955977
637   0.95894
638   0.962146
639   0.965327
640   0.968449
641   0.971406
642   0.974201
643   0.976791
644   0.979195
645   0.950821
646   0.948079
647   0.946506
648   0.947238
649   0.951302
650   0.957301
651   0.96386
652   0.96991
653   0.97503
654   0.979015
655   0.981929
656   0.983928
657   0.985144
658   0.985816
659   0.986003
660   0.985913
661   0.985514
662   0.984949
663   0.98413
664   0.983135
665   0.981871
666   0.980366
667   0.978569
668   0.976472
669   0.974112
670   0.97146
671   0.968687
672   0.965765
673   0.963029
674   0.960484
675   0.958596
676   0.957401
677   0.957265
678   0.958102
679   0.959711
680   0.961886
681   0.964373
682   0.967031
683   0.969721
684   0.972373
685   0.974932
686   0.977363
687   0.979649
688   0.948538
689   0.945334
690   0.94299
691   0.942251
692   0.945975
693   0.951451
694   0.958447
695   0.965099
696   0.970929
697   0.975566
698   0.979158
699   0.981696
700   0.983502
701   0.984616
702   0.985336
703   0.985658
704   0.985786
705   0.98566
706   0.985392
707   0.98489
708   0.984205
709   0.983241
710   0.982027
711   0.980486
712   0.978666
713   0.976526
714   0.974183
715   0.971641
716   0.969139
717   0.966716
718   0.964762
719   0.963271
720   0.962681
721   0.962773
722   0.963693
723   0.965095
724   0.966975
725   0.969058
726   0.971329
727   0.973613
728   0.975919
729   0.978137
730   0.980288
731   0.94688
732   0.943238
733   0.940375
734   0.93927
735   0.941094
736   0.945982
737   0.953005
738   0.960204
739   0.966673
740   0.972002
741   0.9762
742   0.979366
743   0.981652
744   0.983299
745   0.984411
746   0.985214
747   0.985712
748   0.986062
749   0.986191
750   0.986186
751   0.985944
752   0.985501
753   0.984769
754   0.983752
755   0.982422
756   0.980769
757   0.978864
758   0.97671
759   0.974501
760   0.972282
761   0.970341
762   0.968756
763   0.967778
764   0.967421
765   0.967703
766   0.968531
767   0.969798
768   0.971386
769   0.973195
770   0.975131
771   0.977133
772   0.979135
773   0.981102
774   0.945879
775   0.941912
776   0.938487
777   0.936315
778   0.93687
779   0.939892
780   0.947395
781   0.955161
782   0.96221
783   0.968205
784   0.973071
785   0.976813
786   0.979682
787   0.981771
788   0.983374
789   0.984534
790   0.985474
791   0.98616
792   0.986721
793   0.987073
794   0.987276
795   0.987228
796   0.986954
797   0.986363
798   0.985485
799   0.984259
800   0.982762
801   0.980977
802   0.979071
803   0.977068
804   0.975238
805   0.973599
806   0.972455
807   0.971729
808   0.971611
809   0.971917
810   0.972724
811   0.973822
812   0.97524
813   0.976799
814   0.978523
815   0.980269
816   0.982063
817   0.94553
818   0.941283
819   0.937369
820   0.934442
821   0.933356
822   0.935704
823   0.942115
824   0.949999
825   0.957597
826   0.964236
827   0.96975
828   0.974136
829   0.977529
830   0.980152
831   0.982149
832   0.983754
833   0.985015
834   0.9861
835   0.986965
836   0.987706
837   0.988231
838   0.988583
839   0.988665
840   0.988488
841   0.987991
842   0.987175
843   0.986052
844   0.984634
845   0.983029
846   0.981284
847   0.979584
848   0.978005
849   0.976734
850   0.975818
851   0.975347
852   0.975299
853   0.975668
854   0.976385
855   0.977402
856   0.978643
857   0.980057
858   0.981574
859   0.98315
860   0.945796
861   0.941427
862   0.937018
863   0.933294
864   0.930704
865   0.930515
866   0.937008
867   0.944893
868   0.952812
869   0.960059
870   0.966219
871   0.971231
872   0.975219
873   0.978325
874   0.980808
875   0.982774
876   0.984439
877   0.985818
878   0.987043
879   0.988061
880   0.988934
881   0.989578
882   0.990015
883   0.990158
884   0.990024
885   0.989548
886   0.988777
887   0.987684
888   0.986379
889   0.984875
890   0.983356
891   0.981847
892   0.980569
893   0.979505
894   0.978838
895   0.97848
896   0.978547
897   0.978901
898   0.979609
899   0.980521
900   0.981679
901   0.982939
902   0.984331
903   0.946597
904   0.942053
905   0.937343
906   0.932847
907   0.929125
908   0.928371
909   0.932544
910   0.939801
911   0.947931
912   0.955673
913   0.962477
914   0.968123
915   0.972683
916   0.976338
917   0.97925
918   0.981658
919   0.983644
920   0.985388
921   0.986877
922   0.98822
923   0.989345
924   0.990304
925   0.991007
926   0.991475
927   0.991635
928   0.991494
929   0.99103
930   0.99026
931   0.989234
932   0.987991
933   0.986652
934   0.985279
935   0.984014
936   0.982912
937   0.982082
938   0.981538
939   0.981327
940   0.981423
941   0.981823
942   0.982478
943   0.983362
944   0.98441
945   0.985583
946   0.94789
947   0.943431
948   0.93842
949   0.933552
950   0.928648
951   0.925381
952   0.928734
953   0.934793
954   0.942962
955   0.951162
956   0.958511
957   0.96479
958   0.969928
959   0.974107
960   0.977508
961   0.980305
962   0.982684
963   0.984721
964   0.986535
965   0.988121
966   0.989535
967   0.990727
968   0.991713
969   0.99243
970   0.992881
971   0.993012
972   0.992846
973   0.992354
974   0.991604
975   0.990599
976   0.989466
977   0.988227
978   0.987044
979   0.985926
980   0.985034
981   0.984332
982   0.98395
983   0.983804
984   0.983986
985   0.984383
986   0.985054
987   0.985872
988   0.986872
989   0.949563
990   0.945057
991   0.940059
992   0.934767
993   0.929508
994   0.925848
995   0.925804
996   0.930432
997   0.938146
998   0.946522
999   0.954392
1000   0.961202
1001   0.966916
1002   0.971628
1003   0.975488
1004   0.978729
1005   0.981449
1006   0.98384
1007   0.985915
1008   0.987794
1009   0.98943
1010   0.990887
1011   0.992092
1012   0.993074
1013   0.993762
1014   0.994171
1015   0.994262
1016   0.99405
1017   0.993553
1018   0.992801
1019   0.991868
1020   0.990802
1021   0.989711
1022   0.988648
1023   0.987715
1024   0.986947
1025   0.986411
1026   0.986113
1027   0.986081
1028   0.986291
1029   0.98674
1030   0.98738
1031   0.988179
1032   0.951588
1033   0.947326
1034   0.942307
1035   0.937062
1036   0.93138
1037   0.92657
1038   0.924657
1039   0.925842
1040   0.933423
1041   0.942004
1042   0.950102
1043   0.957469
1044   0.963669
1045   0.968907
1046   0.973229
1047   0.976878
1048   0.979983
1049   0.98268
1050   0.985065
1051   0.987182
1052   0.989079
1053   0.990746
1054   0.992193
1055   0.993386
1056   0.99432
1057   0.994959
1058   0.995306
1059   0.99534
1060   0.995095
1061   0.994573
1062   0.993854
1063   0.992957
1064   0.992
1065   0.991002
1066   0.990096
1067   0.989277
1068   0.988669
1069   0.988231
1070   0.988062
1071   0.988086
1072   0.988375
1073   0.988824
1074   0.989475
1075   0.953852
1076   0.949705
1077   0.94497
1078   0.939736
1079   0.934104
1080   0.928816
1081   0.924811
1082   0.924728
1083   0.929641
1084   0.937497
1085   0.945809
1086   0.953508
1087   0.960216
1088   0.96591
1089   0.970679
1090   0.974747
1091   0.978201
1092   0.981244
1093   0.983896
1094   0.986296
1095   0.988409
1096   0.990319
1097   0.991965
1098   0.993391
1099   0.994533
1100   0.995414
1101   0.995988
1102   0.996273
1103   0.996263
1104   0.995982
1105   0.995471
1106   0.994769
1107   0.993952
1108   0.993067
1109   0.992203
1110   0.991399
1111   0.990733
1112   0.990225
1113   0.989925
1114   0.989829
1115   0.989952
1116   0.990263
1117   0.990744
1118   0.95631
1119   0.952527
1120   0.947997
1121   0.94314
1122   0.937563
1123   0.932183
1124   0.926845
1125   0.923312
1126   0.927116
1127   0.933604
1128   0.941711
1129   0.94971
1130   0.956686
1131   0.962814
1132   0.967947
1133   0.972394
1134   0.976195
1135   0.979542
1136   0.982487
1137   0.985126
1138   0.987485
1139   0.989598
1140   0.991465
1141   0.993087
1142   0.994449
1143   0.995537
1144   0.996341
1145   0.99685
1146   0.997074
1147   0.997017
1148   0.996722
1149   0.99621
1150   0.995559
1151   0.994792
1152   0.994014
1153   0.993238
1154   0.992572
1155   0.992005
1156   0.991637
1157   0.99142
1158   0.991435
1159   0.9916
1160   0.991963
1161   0.958844
1162   0.955265
1163   0.951154
1164   0.94653
1165   0.941355
1166   0.93588
1167   0.930432
1168   0.926524
1169   0.926042
1170   0.930837
1171   0.938215
1172   0.946012
1173   0.95322
1174   0.95959
1175   0.965055
1176   0.969833
1177   0.973939
1178   0.977596
1179   0.980794
1180   0.983697
1181   0.986264
1182   0.988605
1183   0.99066
1184   0.992495
1185   0.994047
1186   0.995355
1187   0.996366
1188   0.997105
1189   0.997549
1190   0.997723
1191   0.997641
1192   0.997334
1193   0.996853
1194   0.996237
1195   0.995557
1196   0.994854
1197   0.994202
1198   0.993631
1199   0.9932
1200   0.992921
1201   0.992823
1202   0.992892
1203   0.993122
1204   0.961419
1205   0.958219
1206   0.954404
1207   0.950273
1208   0.945435
1209   0.940448
1210   0.935008
1211   0.930411
1212   0.928307
1213   0.928907
1214   0.935499
1215   0.943105
1216   0.950095
1217   0.95665
1218   0.962265
1219   0.96729
1220   0.97164
1221   0.975536
1222   0.978977
1223   0.982085
1224   0.984869
1225   0.987391
1226   0.989644
1227   0.991654
1228   0.993403
1229   0.994897
1230   0.996115
1231   0.997059
1232   0.997721
1233   0.998109
1234   0.99824
1235   0.998133
1236   0.997835
1237   0.997372
1238   0.996819
1239   0.996198
1240   0.995601
1241   0.995035
1242   0.994591
1243   0.99425
1244   0.994091
1245   0.994058
1246   0.994202
1247   0.963949
1248   0.960974
1249   0.957589
1250   0.953793
1251   0.949537
1252   0.944919
1253   0.940102
1254   0.935577
1255   0.932186
1256   0.931684
1257   0.934435
1258   0.940888
1259   0.947549
1260   0.954002
1261   0.959668
1262   0.964836
1263   0.969336
1264   0.973437
1265   0.977044
1266   0.980355
1267   0.983296
1268   0.986005
1269   0.98841
1270   0.990603
1271   0.992513
1272   0.994198
1273   0.995596
1274   0.996746
1275   0.997608
1276   0.998211
1277   0.998548
1278   0.998647
1279   0.998534
1280   0.998243
1281   0.997825
1282   0.997319
1283   0.996788
1284   0.996268
1285   0.995818
1286   0.995463
1287   0.995241
1288   0.995151
1289   0.995199
1290   0.96642
1291   0.963777
1292   0.960697
1293   0.957379
1294   0.953564
1295   0.949599
1296   0.945277
1297   0.941299
1298   0.937614
1299   0.935364
1300   0.936899
1301   0.940512
1302   0.946363
1303   0.952385
1304   0.957799
1305   0.962868
1306   0.967396
1307   0.971541
1308   0.97526
1309   0.978662
1310   0.981738
1311   0.984557
1312   0.987106
1313   0.989424
1314   0.991489
1315   0.99332
1316   0.994891
1317   0.996213
1318   0.997266
1319   0.998062
1320   0.998597
1321   0.998891
1322   0.998964
1323   0.998843
1324   0.998575
1325   0.998188
1326   0.997751
1327   0.997284
1328   0.996866
1329   0.996499
1330   0.996255
1331   0.996105
1332   0.996099
1333   0.968785
1334   0.966353
1335   0.963644
1336   0.960657
1337   0.957381
1338   0.953863
1339   0.950237
1340   0.946623
1341   0.943498
1342   0.941124
1343   0.940687
1344   0.942907
1345   0.946591
1346   0.951789
1347   0.956644
1348   0.961496
1349   0.965839
1350   0.969958
1351   0.973642
1352   0.977099
1353   0.980207
1354   0.983119
1355   0.985737
1356   0.988172
1357   0.990337
1358   0.992308
1359   0.994012
1360   0.995499
1361   0.996715
1362   0.997695
1363   0.998413
1364   0.998899
1365   0.999154
1366   0.999209
1367   0.999095
1368   0.998846
1369   0.998511
1370   0.998127
1371   0.997748
1372   0.997406
1373   0.997142
1374   0.99697
1375   0.996904
1376   0.971045
1377   0.968879
1378   0.966435
1379   0.963833
1380   0.960938
1381   0.957942
1382   0.954769
1383   0.951725
1384   0.948902
1385   0.946765
1386   0.945857
1387   0.946384
1388   0.9491
1389   0.952743
1390   0.956885
1391   0.961057
1392   0.965086
1393   0.968916
1394   0.972487
1395   0.975834
1396   0.978931
1397   0.981822
1398   0.984485
1399   0.986954
1400   0.989202
1401   0.991251
1402   0.99307
1403   0.994674
1404   0.996036
1405   0.997167
1406   0.998052
1407   0.998708
1408   0.999134
1409   0.999357
1410   0.999398
1411   0.999287
1412   0.999068
1413   0.998771
1414   0.998456
1415   0.998142
1416   0.997891
1417   0.997695
1418   0.997604
1419   0.973182
1420   0.971202
1421   0.969048
1422   0.966724
1423   0.964237
1424   0.961614
1425   0.958957
1426   0.956314
1427   0.95399
1428   0.952041
1429   0.951086
1430   0.951006
1431   0.952377
1432   0.954924
1433   0.958005
1434   0.961503
1435   0.964955
1436   0.968449
1437   0.971726
1438   0.974924
1439   0.97788
1440   0.980726
1441   0.983337
1442   0.985824
1443   0.988082
1444   0.990195
1445   0.992074
1446   0.993782
1447   0.995247
1448   0.996515
1449   0.997538
1450   0.998351
1451   0.998934
1452   0.999318
1453   0.99951
1454   0.999542
1455   0.999444
1456   0.999251
1457   0.999008
1458   0.998747
1459   0.998512
1460   0.998324
1461   0.998205
1462   0.975204
1463   0.973432
1464   0.971495
1465   0.969459
1466   0.967268
1467   0.965019
1468   0.962708
1469   0.960473
1470   0.958423
1471   0.956725
1472   0.955667
1473   0.955303
1474   0.956069
1475   0.957665
1476   0.959981
1477   0.96268
1478   0.965598
1479   0.968586
1480   0.97155
1481   0.974453
1482   0.977244
1483   0.979927
1484   0.982466
1485   0.984878
1486   0.987127
1487   0.989229
1488   0.99115
1489   0.992901
1490   0.994449
1491   0.995806
1492   0.996946
1493   0.997883
1494   0.998604
1495   0.999129
1496   0.999462
1497   0.999629
1498   0.999652
1499   0.999564
1500   0.999404
1501   0.999199
1502   0.999003
1503   0.998822
1504   0.998704
1505   0.977106
1506   0.975494
1507   0.973779
1508   0.971967
1509   0.97007
1510   0.968106
1511   0.966147
1512   0.964213
1513   0.962481
1514   0.960969
1515   0.959966
1516   0.959466
1517   0.95974
1518   0.960744
1519   0.962325
1520   0.964403
1521   0.966708
1522   0.969244
1523   0.971786
1524   0.974403
1525   0.976923
1526   0.97944
1527   0.981816
1528   0.984145
1529   0.986309
1530   0.988391
1531   0.990288
1532   0.992069
1533   0.993647
1534   0.995077
1535   0.996294
1536   0.997338
1537   0.998169
1538   0.998821
1539   0.999279
1540   0.999574
1541   0.999717
1542   0.999736
1543   0.999664
1544   0.999532
1545   0.999377
1546   0.999227
1547   0.999107
1548   0.978897
1549   0.97745
1550   0.975912
1551   0.974315
1552   0.972643
1553   0.970946
1554   0.969238
1555   0.967587
1556   0.966066
1557   0.96475
1558   0.963791
1559   0.963237
1560   0.963269
1561   0.963835
1562   0.964941
1563   0.966454
1564   0.968288
1565   0.970335
1566   0.972513
1567   0.974768
1568   0.977038
1569   0.979304
1570   0.981521
1571   0.983687
1572   0.985761
1573   0.987749
1574   0.989613
1575   0.991359
1576   0.992953
1577   0.9944
1578   0.995672
1579   0.996777
1580   0.997697
1581   0.998443
1582   0.999008
1583   0.999413
1584   0.999663
1585   0.999784
1586   0.999801
1587   0.99974
1588   0.999639
1589   0.999519
1590   0.999419
1591   0.980577
1592   0.979268
1593   0.977901
1594   0.976482
1595   0.975025
1596   0.97354
1597   0.972076
1598   0.970642
1599   0.96934
1600   0.968178
1601   0.967305
1602   0.966733
1603   0.966591
1604   0.966885
1605   0.967594
1606   0.968704
1607   0.970088
1608   0.97175
1609   0.973533
1610   0.975482
1611   0.977444
1612   0.97949
1613   0.981481
1614   0.983499
1615   0.985418
1616   0.987318
1617   0.989087
1618   0.990796
1619   0.992347
1620   0.993802
1621   0.995082
1622   0.996234
1623   0.997203
1624   0.998027
1625   0.998672
1626   0.999172
1627   0.999516
1628   0.999732
1629   0.999834
1630   0.999849
1631   0.999805
1632   0.999729
1633   0.999648
1634   0.982152
1635   0.980977
1636   0.979754
1637   0.9785
1638   0.977215
1639   0.975923
1640   0.974644
1641   0.97341
1642   0.972268
1643   0.971259
1644   0.970459
1645   0.969905
1646   0.969679
1647   0.969786
1648   0.970248
1649   0.97103
1650   0.972096
1651   0.973396
1652   0.974877
1653   0.9765
1654   0.978211
1655   0.979991
1656   0.981791
1657   0.983604
1658   0.985386
1659   0.987137
1660   0.988818
1661   0.990429
1662   0.991936
1663   0.993342
1664   0.994618
1665   0.995767
1666   0.996767
1667   0.997626
1668   0.998331
1669   0.998895
1670   0.999315
1671   0.99961
1672   0.999787
1673   0.999873
1674   0.999887
1675   0.999854
1676   0.999803
1677   0.983627
1678   0.982568
1679   0.98148
1680   0.980366
1681   0.97924
1682   0.978108
1683   0.977002
1684   0.975927
1685   0.974943
1686   0.974054
1687   0.97334
1688   0.972812
1689   0.972538
1690   0.972533
1691   0.972804
1692   0.973363
1693   0.97415
1694   0.975188
1695   0.976373
1696   0.977745
1697   0.979186
1698   0.980753
1699   0.982324
1700   0.983968
1701   0.985567
1702   0.987192
1703   0.988733
1704   0.990261
1705   0.991673
1706   0.993033
1707   0.994256
1708   0.995396
1709   0.996384
1710   0.997268
1711   0.997997
1712   0.998611
1713   0.999081
1714   0.99944
1715   0.999681
1716   0.999831
1717   0.9999
1718   0.999915
1719   0.999895
1720   0.985004
1721   0.984055
1722   0.983083
1723   0.982097
1724   0.981102
1725   0.980113
1726   0.979144
1727   0.978214
1728   0.977351
1729   0.976579
1730   0.975939
1731   0.975456
1732   0.97517
1733   0.975099
1734   0.975259
1735   0.975649
1736   0.976255
1737   0.977064
1738   0.978041
1739   0.97917
1740   0.98041
1741   0.981747
1742   0.98314
1743   0.984582
1744   0.986034
1745   0.987491
1746   0.988918
1747   0.990312
1748   0.991642
1749   0.992907
1750   0.99408
1751   0.995162
1752   0.996133
1753   0.996995
1754   0.997735
1755   0.998361
1756   0.998865
1757   0.999261
1758   0.999549
1759   0.999748
1760   0.999865
1761   0.999922
1762   0.999936
1763   0.986288
1764   0.985437
1765   0.984572
1766   0.983696
1767   0.982822
1768   0.981951
1769   0.981108
1770   0.980295
1771   0.979548
1772   0.97887
1773   0.978309
1774   0.977869
1775   0.977591
1776   0.977488
1777   0.977569
1778   0.977853
1779   0.978308
1780   0.978962
1781   0.979747
1782   0.980703
1783   0.981738
1784   0.982906
1785   0.984103
1786   0.985392
1787   0.986665
1788   0.987992
1789   0.989266
1790   0.990555
1791   0.991761
1792   0.992949
1793   0.994031
1794   0.995065
1795   0.995977
1796   0.996819
1797   0.997533
1798   0.998164
1799   0.998671
1800   0.999093
1801   0.999406
1802   0.999643
1803   0.999797
1804   0.999892
1805   0.999938
1806   0.987482
1807   0.986721
1808   0.98595
1809   0.985173
1810   0.984398
1811   0.983634
1812   0.982893
1813   0.982186
1814   0.981531
1815   0.980945
1816   0.98045
1817   0.980064
1818   0.979809
1819   0.979698
1820   0.979745
1821   0.979954
1822   0.980322
1823   0.980845
1824   0.981508
1825   0.982299
1826   0.983197
1827   0.984187
1828   0.985246
1829   0.98636
1830   0.987505
1831   0.988669
1832   0.989829
1833   0.990975
1834   0.992087
1835   0.993156
1836   0.994165
1837   0.995109
1838   0.995973
1839   0.996754
1840   0.997444
1841   0.998043
1842   0.998548
1843   0.998964
1844   0.999293
1845   0.999543
1846   0.999722
1847   0.999842
1848   0.999914
