##### Y Variance #####
0   0.999998
1   0.999877
2   0.999496
3   0.998794
4   0.997738
5   0.996368
6   0.994726
7   0.992912
8   0.990989
9   0.989062
10   0.987182
11   0.985433
12   0.983841
13   0.98246
14   0.981295
15   0.980375
16   0.979685
17   0.979235
18   0.979
19   0.978976
20   0.979132
21   0.979457
22   0.979921
23   0.980507
24   0.981189
25   0.981951
26   0.98277
27   0.983631
28   0.984516
29   0.985414
30   0.986311
31   0.9872
32   0.98807
33   0.988915
34   0.989731
35   0.990513
36   0.991258
37   0.991964
38   0.99263
39   0.993256
40   0.993842
41   0.994388
42   0.994895
43   0.999953
44   0.999987
45   0.999735
46   0.999128
47   0.998036
48   0.99663
49   0.99479
50   0.992844
51   0.990645
52   0.988554
53   0.986394
54   0.984497
55   0.982665
56   0.981178
57   0.979835
58   0.97886
59   0.978058
60   0.977602
61   0.977315
62   0.977324
63   0.977478
64   0.977866
65   0.978361
66   0.979029
67   0.979766
68   0.980617
69   0.981504
70   0.982455
71   0.983413
72   0.984398
73   0.985368
74   0.986336
75   0.987274
76   0.988191
77   0.989069
78   0.989913
79   0.990713
80   0.991473
81   0.992188
82   0.992859
83   0.993487
84   0.994071
85   0.994613
86   0.999727
87   0.999956
88   0.999951
89   0.999534
90   0.998585
91   0.997159
92   0.995292
93   0.99315
94   0.990816
95   0.988454
96   0.986124
97   0.983953
98   0.981967
99   0.980249
100   0.978793
101   0.977647
102   0.976782
103   0.976219
104   0.975917
105   0.975877
106   0.976053
107   0.976436
108   0.976982
109   0.977677
110   0.978481
111   0.97938
112   0.980342
113   0.981352
114   0.982387
115   0.983435
116   0.984478
117   0.985509
118   0.986516
119   0.987492
120   0.988432
121   0.98933
122   0.990185
123   0.990994
124   0.991756
125   0.99247
126   0.993138
127   0.993759
128   0.994335
129   0.999239
130   0.999695
131   0.999986
132   0.999856
133   0.999124
134   0.997837
135   0.995951
136   0.993775
137   0.991252
138   0.988755
139   0.986164
140   0.983829
141   0.981582
142   0.979716
143   0.978041
144   0.976787
145   0.975762
146   0.975139
147   0.974737
148   0.97468
149   0.974809
150   0.975211
151   0.97575
152   0.976488
153   0.977314
154   0.978271
155   0.979272
156   0.980347
157   0.981432
158   0.982545
159   0.983643
160   0.984736
161   0.985797
162   0.986832
163   0.987823
164   0.988774
165   0.989677
166   0.990533
167   0.991338
168   0.992094
169   0.9928
170   0.993457
171   0.994067
172   0.998402
173   0.999049
174   0.999731
175   0.999999
176   0.999646
177   0.998598
178   0.996887
179   0.994698
180   0.992162
181   0.989482
182   0.98677
183   0.984179
184   0.981773
185   0.97965
186   0.977828
187   0.976356
188   0.975221
189   0.974435
190   0.973965
191   0.973803
192   0.973904
193   0.974249
194   0.974793
195   0.975512
196   0.976365
197   0.977329
198   0.978372
199   0.979472
200   0.980604
201   0.981753
202   0.982901
203   0.984036
204   0.985146
205   0.986224
206   0.987262
207   0.988255
208   0.989202
209   0.990097
210   0.990943
211   0.991736
212   0.992478
213   0.993169
214   0.99381
215   0.997165
216   0.998051
217   0.99911
218   0.99984
219   0.999947
220   0.999273
221   0.997802
222   0.995777
223   0.993235
224   0.990538
225   0.987659
226   0.984948
227   0.982305
228   0.980027
229   0.977966
230   0.976351
231   0.975012
232   0.974117
233   0.973494
234   0.973262
235   0.973261
236   0.973572
237   0.974057
238   0.97477
239   0.975599
240   0.976577
241   0.977619
242   0.978746
243   0.979894
244   0.981077
245   0.982251
246   0.983423
247   0.984564
248   0.98568
249   0.986752
250   0.987783
251   0.988764
252   0.989696
253   0.990575
254   0.991402
255   0.992177
256   0.992899
257   0.99357
258   0.995476
259   0.9964
260   0.997975
261   0.999254
262   0.999959
263   0.999784
264   0.998732
265   0.99694
266   0.994582
267   0.991872
268   0.988989
269   0.986109
270   0.983357
271   0.980845
272   0.978637
273   0.976786
274   0.975307
275   0.974209
276   0.973475
277   0.973087
278   0.973009
279   0.97321
280   0.973649
281   0.974292
282   0.9751
283   0.97604
284   0.97708
285   0.978191
286   0.97935
287   0.980534
288   0.981727
289   0.98291
290   0.984076
291   0.985211
292   0.986311
293   0.987366
294   0.988376
295   0.989334
296   0.990243
297   0.991098
298   0.991901
299   0.99265
300   0.993348
301   0.993404
302   0.994499
303   0.99638
304   0.998226
305   0.999577
306   0.999998
307   0.999447
308   0.99805
309   0.995917
310   0.993366
311   0.990473
312   0.987576
313   0.984669
314   0.982044
315   0.979621
316   0.977627
317   0.975931
318   0.974697
319   0.973775
320   0.973275
321   0.97305
322   0.973169
323   0.973502
324   0.97409
325   0.974825
326   0.975733
327   0.976727
328   0.977824
329   0.978958
330   0.980139
331   0.981323
332   0.982514
333   0.983682
334   0.984831
335   0.985941
336   0.987015
337   0.988042
338   0.989022
339   0.989952
340   0.99083
341   0.991656
342   0.99243
343   0.993151
344   0.991004
345   0.991749
346   0.994143
347   0.996567
348   0.998651
349   0.999817
350   0.99991
351   0.999003
352   0.997271
353   0.994921
354   0.992187
355   0.989266
356   0.986348
357   0.983567
358   0.981042
359   0.978837
360   0.977007
361   0.975562
362   0.974509
363   0.973823
364   0.973485
365   0.973454
366   0.973698
367   0.974171
368   0.974842
369   0.975665
370   0.976615
371   0.977652
372   0.978759
373   0.979902
374   0.981071
375   0.982241
376   0.983405
377   0.984545
378   0.985659
379   0.986735
380   0.987772
381   0.988762
382   0.989708
383   0.990601
384   0.991447
385   0.992238
386   0.99298
387   0.988576
388   0.989453
389   0.991526
390   0.994337
391   0.997155
392   0.999124
393   0.999969
394   0.999685
395   0.99842
396   0.996431
397   0.99388
398   0.991091
399   0.988149
400   0.985346
401   0.982678
402   0.980372
403   0.978353
404   0.976777
405   0.975531
406   0.974717
407   0.974207
408   0.974062
409   0.974163
410   0.974542
411   0.975098
412   0.975848
413   0.97671
414   0.977692
415   0.978734
416   0.979838
417   0.980962
418   0.982106
419   0.983241
420   0.984367
421   0.985467
422   0.986539
423   0.987572
424   0.988567
425   0.989517
426   0.990421
427   0.991278
428   0.992085
429   0.992841
430   0.986099
431   0.986627
432   0.988624
433   0.991326
434   0.99501
435   0.997883
436   0.999541
437   0.999986
438   0.99933
439   0.997773
440   0.995568
441   0.992936
442   0.990122
443   0.987286
444   0.984604
445   0.982157
446   0.980047
447   0.978289
448   0.976923
449   0.97592
450   0.975287
451   0.97497
452   0.974956
453   0.975188
454   0.975645
455   0.976273
456   0.977053
457   0.977938
458   0.978915
459   0.979944
460   0.981019
461   0.982108
462   0.983209
463   0.984298
464   0.985376
465   0.986425
466   0.98745
467   0.988434
468   0.989385
469   0.990288
470   0.991153
471   0.991966
472   0.992735
473   0.983665
474   0.984039
475   0.985566
476   0.988437
477   0.992417
478   0.996049
479   0.998589
480   0.99983
481   0.999862
482   0.998867
483   0.997057
484   0.994731
485   0.992058
486   0.989329
487   0.986617
488   0.984151
489   0.981916
490   0.98007
491   0.978539
492   0.97742
493   0.976614
494   0.976174
495   0.975998
496   0.976113
497   0.976426
498   0.976949
499   0.977608
500   0.978403
501   0.97928
502   0.980236
503   0.981231
504   0.982263
505   0.983305
506   0.984352
507   0.985389
508   0.986411
509   0.987409
510   0.988379
511   0.989316
512   0.990216
513   0.991077
514   0.991895
515   0.992668
516   0.981284
517   0.981262
518   0.982367
519   0.984623
520   0.989319
521   0.993716
522   0.99707
523   0.999171
524   0.999969
525   0.999614
526   0.998331
527   0.996359
528   0.993972
529   0.991362
530   0.988754
531   0.986254
532   0.984006
533   0.982039
534   0.980429
535   0.97915
536   0.978233
537   0.977624
538   0.977328
539   0.977279
540   0.977475
541   0.97785
542   0.9784
543   0.979067
544   0.979849
545   0.980698
546   0.981614
547   0.98256
548   0.98354
549   0.984521
550   0.985512
551   0.986486
552   0.987454
553   0.988393
554   0.989314
555   0.990197
556   0.991053
557   0.991864
558   0.992639
559   0.979034
560   0.978654
561   0.979233
562   0.981534
563   0.985971
564   0.990853
565   0.995025
566   0.997966
567   0.999597
568   0.999962
569   0.999265
570   0.99777
571   0.9957
572   0.993345
573   0.990846
574   0.988435
575   0.986159
576   0.984175
577   0.982457
578   0.9811
579   0.980038
580   0.979318
581   0.978863
582   0.978692
583   0.978731
584   0.978984
585   0.979389
586   0.979943
587   0.980597
588   0.981345
589   0.982154
590   0.983016
591   0.983907
592   0.984822
593   0.985745
594   0.98667
595   0.987589
596   0.988494
597   0.989382
598   0.990246
599   0.991084
600   0.991887
601   0.992654
602   0.976982
603   0.976205
604   0.976149
605   0.977419
606   0.982262
607   0.987558
608   0.992411
609   0.996226
610   0.998699
611   0.999853
612   0.999831
613   0.998868
614   0.997239
615   0.995166
616   0.992902
617   0.990584
618   0.988393
619   0.986377
620   0.984646
621   0.983183
622   0.982046
623   0.981183
624   0.98062
625   0.980291
626   0.980208
627   0.980304
628   0.980586
629   0.980993
630   0.981531
631   0.982149
632   0.982856
633   0.983606
634   0.984412
635   0.985235
636   0.98609
637   0.986945
638   0.987813
639   0.988668
640   0.989522
641   0.990352
642   0.99117
643   0.991953
644   0.992711
645   0.975191
646   0.973966
647   0.973397
648   0.974568
649   0.978462
650   0.983814
651   0.989297
652   0.993912
653   0.997282
654   0.999249
655   0.999961
656   0.999618
657   0.998471
658   0.996796
659   0.994787
660   0.992679
661   0.990574
662   0.988632
663   0.986873
664   0.985391
665   0.984157
666   0.983217
667   0.982519
668   0.982081
669   0.981847
670   0.981819
671   0.981948
672   0.982229
673   0.982624
674   0.983125
675   0.983702
676   0.984348
677   0.985044
678   0.98578
679   0.986545
680   0.987331
681   0.988129
682   0.988932
683   0.989736
684   0.990532
685   0.991315
686   0.992078
687   0.992815
688   0.973737
689   0.972201
690   0.970949
691   0.970868
692   0.974532
693   0.979556
694   0.98561
695   0.991074
696   0.99529
697   0.998135
698   0.999616
699   0.999951
700   0.999375
701   0.998134
702   0.996489
703   0.994607
704   0.992695
705   0.990825
706   0.989134
707   0.98762
708   0.986366
709   0.985329
710   0.984555
711   0.983983
712   0.98364
713   0.983462
714   0.983469
715   0.983599
716   0.98387
717   0.984227
718   0.984688
719   0.985207
720   0.985799
721   0.986426
722   0.987105
723   0.987801
724   0.988533
725   0.989267
726   0.990021
727   0.990766
728   0.991517
729   0.992245
730   0.992962
731   0.972633
732   0.970675
733   0.969066
734   0.968711
735   0.97069
736   0.97524
737   0.981532
738   0.987673
739   0.99278
740   0.996458
741   0.998771
742   0.999828
743   0.999873
744   0.999155
745   0.997903
746   0.996351
747   0.994644
748   0.992947
749   0.991321
750   0.989863
751   0.988579
752   0.987516
753   0.98665
754   0.985997
755   0.985527
756   0.98524
757   0.985103
758   0.98511
759   0.985236
760   0.98547
761   0.985793
762   0.986196
763   0.986666
764   0.987191
765   0.987765
766   0.988377
767   0.989022
768   0.98969
769   0.990377
770   0.991074
771   0.991776
772   0.992471
773   0.993154
774   0.971943
775   0.969749
776   0.967628
777   0.966384
778   0.967197
779   0.970051
780   0.976941
781   0.983863
782   0.989678
783   0.994256
784   0.997372
785   0.999213
786   0.999927
787   0.999775
788   0.999
789   0.997801
790   0.996393
791   0.994878
792   0.993408
793   0.992006
794   0.990769
795   0.989671
796   0.988776
797   0.988033
798   0.987483
799   0.987071
800   0.986827
801   0.986695
802   0.986702
803   0.986796
804   0.987001
805   0.987271
806   0.98763
807   0.988036
808   0.988513
809   0.989023
810   0.989588
811   0.990173
812   0.990798
813   0.991431
814   0.992088
815   0.992736
816   0.993388
817   0.971665
818   0.969171
819   0.966661
820   0.964718
821   0.964098
822   0.966411
823   0.972369
824   0.979499
825   0.986075
826   0.99143
827   0.99543
828   0.998051
829   0.999494
830   0.999961
831   0.999701
832   0.998937
833   0.997851
834   0.996606
835   0.995302
836   0.994037
837   0.992849
838   0.991789
839   0.990861
840   0.990083
841   0.989448
842   0.988957
843   0.988596
844   0.988359
845   0.988235
846   0.988214
847   0.988286
848   0.988442
849   0.988676
850   0.988976
851   0.989341
852   0.989758
853   0.990227
854   0.990736
855   0.991282
856   0.991856
857   0.992452
858   0.993057
859   0.993664
860   0.971796
861   0.969218
862   0.966222
863   0.963603
864   0.961581
865   0.961552
866   0.967685
867   0.974968
868   0.981964
869   0.988123
870   0.992902
871   0.996366
872   0.998531
873   0.999666
874   0.999967
875   0.999669
876   0.998975
877   0.99802
878   0.996959
879   0.995842
880   0.994776
881   0.993757
882   0.992859
883   0.992049
884   0.991379
885   0.990807
886   0.99037
887   0.990024
888   0.989802
889   0.989658
890   0.989623
891   0.989655
892   0.989782
893   0.989965
894   0.99023
895   0.990542
896   0.990924
897   0.991343
898   0.991819
899   0.992319
900   0.992861
901   0.993408
902   0.993976
903   0.972267
904   0.969464
905   0.966221
906   0.962863
907   0.959873
908   0.959396
909   0.963376
910   0.970106
911   0.977473
912   0.984232
913   0.989856
914   0.994087
915   0.997037
916   0.998844
917   0.999752
918   0.99997
919   0.999698
920   0.999101
921   0.998303
922   0.997405
923   0.996475
924   0.995564
925   0.994705
926   0.99392
927   0.993222
928   0.992616
929   0.992106
930   0.99169
931   0.991368
932   0.991133
933   0.990986
934   0.990918
935   0.99093
936   0.991014
937   0.99117
938   0.99139
939   0.991674
940   0.992013
941   0.992405
942   0.992839
943   0.993312
944   0.993809
945   0.994322
946   0.973071
947   0.970348
948   0.966785
949   0.963127
950   0.959033
951   0.956239
952   0.959489
953   0.965142
954   0.972632
955   0.980002
956   0.986277
957   0.99133
958   0.994985
959   0.997511
960   0.999022
961   0.999789
962   0.999978
963   0.999763
964   0.999285
965   0.998627
966   0.997892
967   0.997107
968   0.996345
969   0.995599
970   0.994923
971   0.994294
972   0.993756
973   0.993276
974   0.992891
975   0.992568
976   0.992339
977   0.99217
978   0.992092
979   0.992072
980   0.992138
981   0.992257
982   0.992458
983   0.992705
984   0.993025
985   0.993381
986   0.993795
987   0.994228
988   0.994696
989   0.974109
990   0.97127
991   0.967733
992   0.963655
993   0.959309
994   0.956202
995   0.956263
996   0.960591
997   0.967744
998   0.975363
999   0.982315
1000   0.988005
1001   0.992424
1002   0.995609
1003   0.997769
1004   0.999092
1005   0.999776
1006   0.999985
1007   0.999854
1008   0.99949
1009   0.998975
1010   0.998371
1011   0.997727
1012   0.997072
1013   0.996437
1014   0.995834
1015   0.99528
1016   0.994778
1017   0.99434
1018   0.993964
1019   0.993658
1020   0.993417
1021   0.993249
1022   0.993148
1023   0.99312
1024   0.993158
1025   0.993267
1026   0.993439
1027   0.993675
1028   0.993964
1029   0.994306
1030   0.994685
1031   0.995093
1032   0.975387
1033   0.972757
1034   0.969156
1035   0.965149
1036   0.960413
1037   0.956296
1038   0.954606
1039   0.955663
1040   0.962762
1041   0.970698
1042   0.977952
1043   0.984349
1044   0.989361
1045   0.99325
1046   0.995993
1047   0.997901
1048   0.999076
1049   0.999733
1050   0.999978
1051   0.999932
1052   0.99968
1053   0.999282
1054   0.998803
1055   0.998263
1056   0.997715
1057   0.997157
1058   0.996632
1059   0.996124
1060   0.995672
1061   0.995255
1062   0.994905
1063   0.994599
1064   0.99437
1065   0.99419
1066   0.994091
1067   0.994044
1068   0.994081
1069   0.994169
1070   0.994337
1071   0.994551
1072   0.994833
1073   0.995147
1074   0.995507
1075   0.976806
1076   0.974211
1077   0.970872
1078   0.96685
1079   0.962206
1080   0.957652
1081   0.954063
1082   0.953999
1083   0.958572
1084   0.965848
1085   0.973431
1086   0.98024
1087   0.985913
1088   0.990369
1089   0.993736
1090   0.996185
1091   0.997882
1092   0.998994
1093   0.999643
1094   0.999945
1095   0.999984
1096   0.999832
1097   0.999545
1098   0.999164
1099   0.998729
1100   0.998259
1101   0.997784
1102   0.997311
1103   0.996863
1104   0.99644
1105   0.996059
1106   0.99572
1107   0.995436
1108   0.995204
1109   0.995036
1110   0.994928
1111   0.994889
1112   0.994913
1113   0.995006
1114   0.995159
1115   0.995372
1116   0.995632
1117   0.995931
1118   0.978347
1119   0.976063
1120   0.972868
1121   0.969212
1122   0.964614
1123   0.960025
1124   0.9552
1125   0.951914
1126   0.955486
1127   0.961501
1128   0.968949
1129   0.976172
1130   0.9822
1131   0.987239
1132   0.991081
1133   0.994079
1134   0.996243
1135   0.997819
1136   0.998866
1137   0.999534
1138   0.999882
1139   0.999998
1140   0.999934
1141   0.999735
1142   0.999448
1143   0.999091
1144   0.998702
1145   0.998286
1146   0.997876
1147   0.997466
1148   0.997087
1149   0.996728
1150   0.996419
1151   0.996143
1152   0.995932
1153   0.995764
1154   0.995671
1155   0.995629
1156   0.995665
1157   0.99575
1158   0.995909
1159   0.996107
1160   0.996359
1161   0.979906
1162   0.977739
1163   0.974922
1164   0.971451
1165   0.967261
1166   0.962588
1167   0.95774
1168   0.95417
1169   0.9537
1170   0.958141
1171   0.964965
1172   0.972054
1173   0.978435
1174   0.983808
1175   0.988135
1176   0.991582
1177   0.994218
1178   0.996229
1179   0.997684
1180   0.998719
1181   0.999393
1182   0.999795
1183   0.999975
1184   0.999986
1185   0.99987
1186   0.999657
1187   0.999378
1188   0.999051
1189   0.998701
1190   0.998335
1191   0.997976
1192   0.997627
1193   0.997306
1194   0.997013
1195   0.996766
1196   0.996564
1197   0.996419
1198   0.99633
1199   0.996306
1200   0.996342
1201   0.996439
1202   0.996589
1203   0.996784
1204   0.981468
1205   0.979616
1206   0.977027
1207   0.974017
1208   0.970133
1209   0.965962
1210   0.96115
1211   0.957001
1212   0.955034
1213   0.955497
1214   0.96163
1215   0.968631
1216   0.974873
1217   0.980557
1218   0.985134
1219   0.988978
1220   0.991979
1221   0.994387
1222   0.996205
1223   0.997591
1224   0.998577
1225   0.999266
1226   0.999695
1227   0.999928
1228   1
1229   0.999947
1230   0.999802
1231   0.999583
1232   0.999318
1233   0.999016
1234   0.998704
1235   0.99838
1236   0.998073
1237   0.997776
1238   0.997517
1239   0.997287
1240   0.997113
1241   0.996979
1242   0.996915
1243   0.996897
1244   0.996951
1245   0.997046
1246   0.997199
1247   0.982959
1248   0.981244
1249   0.979034
1250   0.976305
1251   0.972987
1252   0.969169
1253   0.965002
1254   0.960958
1255   0.957845
1256   0.957339
1257   0.959832
1258   0.965773
1259   0.971799
1260   0.977469
1261   0.982232
1262   0.986329
1263   0.989633
1264   0.99237
1265   0.994511
1266   0.996215
1267   0.997496
1268   0.998461
1269   0.999138
1270   0.999596
1271   0.999864
1272   0.999986
1273   0.999988
1274   0.999896
1275   0.999735
1276   0.999518
1277   0.999269
1278   0.998995
1279   0.998717
1280   0.998439
1281   0.99818
1282   0.997944
1283   0.997746
1284   0.997589
1285   0.997485
1286   0.997433
1287   0.997439
1288   0.997495
1289   0.997599
1290   0.98438
1291   0.982929
1292   0.980953
1293   0.978662
1294   0.975746
1295   0.972572
1296   0.968893
1297   0.965424
1298   0.962071
1299   0.959965
1300   0.961366
1301   0.964637
1302   0.969955
1303   0.975317
1304   0.979927
1305   0.984062
1306   0.987509
1307   0.990438
1308   0.992811
1309   0.994755
1310   0.996281
1311   0.997482
1312   0.998382
1313   0.999049
1314   0.999507
1315   0.999802
1316   0.999956
1317   0.999999
1318   0.999953
1319   0.999834
1320   0.999665
1321   0.999454
1322   0.999224
1323   0.998977
1324   0.998739
1325   0.998506
1326   0.998305
1327   0.998129
1328   0.998004
1329   0.997918
1330   0.997892
1331   0.997907
1332   0.997977
1333   0.985693
1334   0.984369
1335   0.982708
1336   0.980691
1337   0.978287
1338   0.975534
1339   0.972556
1340   0.969457
1341   0.966705
1342   0.964535
1343   0.964116
1344   0.966122
1345   0.969425
1346   0.974066
1347   0.97825
1348   0.982275
1349   0.985679
1350   0.988701
1351   0.991187
1352   0.993305
1353   0.995004
1354   0.996401
1355   0.997487
1356   0.998343
1357   0.998974
1358   0.999435
1359   0.999739
1360   0.99992
1361   0.999994
1362   0.999983
1363   0.999904
1364   0.99977
1365   0.9996
1366   0.999402
1367   0.999195
1368   0.998984
1369   0.998788
1370   0.998611
1371   0.99847
1372   0.998366
1373   0.998309
1374   0.998297
1375   0.998329
1376   0.986912
1377   0.985784
1378   0.984319
1379   0.98264
1380   0.980575
1381   0.978326
1382   0.975785
1383   0.973268
1384   0.970836
1385   0.968958
1386   0.968139
1387   0.968587
1388   0.971036
1389   0.97426
1390   0.97784
1391   0.981316
1392   0.984518
1393   0.98739
1394   0.98988
1395   0.992029
1396   0.99383
1397   0.995339
1398   0.996566
1399   0.997562
1400   0.99834
1401   0.998942
1402   0.999383
1403   0.999692
1404   0.999884
1405   0.99998
1406   0.999996
1407   0.999945
1408   0.999845
1409   0.999704
1410   0.99954
1411   0.99936
1412   0.999184
1413   0.999014
1414   0.998872
1415   0.998754
1416   0.998681
1417   0.998641
1418   0.998649
1419   0.988024
1420   0.987003
1421   0.985769
1422   0.984311
1423   0.982621
1424   0.980713
1425   0.978683
1426   0.976562
1427   0.974653
1428   0.972992
1429   0.972194
1430   0.972114
1431   0.97334
1432   0.975577
1433   0.978225
1434   0.981135
1435   0.983892
1436   0.98654
1437   0.988874
1438   0.990989
1439   0.992787
1440   0.994359
1441   0.995659
1442   0.996762
1443   0.997647
1444   0.99837
1445   0.998925
1446   0.999351
1447   0.999651
1448   0.999852
1449   0.999962
1450   0.999998
1451   0.999972
1452   0.999896
1453   0.999785
1454   0.999647
1455   0.9995
1456   0.999349
1457   0.999212
1458   0.999094
1459   0.999007
1460   0.998954
1461   0.998937
1462   0.989045
1463   0.988164
1464   0.987081
1465   0.985861
1466   0.984421
1467   0.982862
1468   0.981156
1469   0.979445
1470   0.977816
1471   0.976436
1472   0.975574
1473   0.975281
1474   0.97598
1475   0.977374
1476   0.979353
1477   0.981584
1478   0.983909
1479   0.986178
1480   0.988308
1481   0.990262
1482   0.992004
1483   0.993545
1484   0.994875
1485   0.99602
1486   0.996979
1487   0.99778
1488   0.998427
1489   0.998945
1490   0.99934
1491   0.999632
1492   0.999829
1493   0.999947
1494   0.999995
1495   0.999986
1496   0.999932
1497   0.999841
1498   0.99973
1499   0.999605
1500   0.999485
1501   0.999371
1502   0.999283
1503   0.999217
1504   0.999187
1505   0.989977
1506   0.989183
1507   0.988263
1508   0.98721
1509   0.986026
1510   0.984716
1511   0.983346
1512   0.981923
1513   0.980621
1514   0.97944
1515   0.978673
1516   0.978288
1517   0.97857
1518   0.979446
1519   0.98079
1520   0.98249
1521   0.984317
1522   0.986234
1523   0.988066
1524   0.989839
1525   0.99144
1526   0.992921
1527   0.994213
1528   0.995371
1529   0.996354
1530   0.99721
1531   0.997914
1532   0.998507
1533   0.998975
1534   0.999347
1535   0.99962
1536   0.999814
1537   0.999933
1538   0.99999
1539   0.999994
1540   0.999955
1541   0.999886
1542   0.999795
1543   0.999695
1544   0.999597
1545   0.999511
1546   0.999444
1547   0.999402
1548   0.990832
1549   0.990139
1550   0.989333
1551   0.988444
1552   0.987439
1553   0.986362
1554   0.985216
1555   0.984064
1556   0.982966
1557   0.981995
1558   0.981289
1559   0.980891
1560   0.980975
1561   0.981483
1562   0.98242
1563   0.983648
1564   0.985086
1565   0.986623
1566   0.988183
1567   0.989712
1568   0.991162
1569   0.992516
1570   0.993748
1571   0.994862
1572   0.995845
1573   0.996709
1574   0.997451
1575   0.998084
1576   0.998607
1577   0.999036
1578   0.999372
1579   0.999628
1580   0.999809
1581   0.999926
1582   0.999985
1583   0.999997
1584   0.999971
1585   0.999916
1586   0.999844
1587   0.999764
1588   0.999689
1589   0.999622
1590   0.999578
1591   0.991616
1592   0.990995
1593   0.990304
1594   0.989538
1595   0.988704
1596   0.987801
1597   0.986873
1598   0.985917
1599   0.985033
1600   0.984213
1601   0.983611
1602   0.983215
1603   0.983169
1604   0.983449
1605   0.984057
1606   0.984946
1607   0.986022
1608   0.987251
1609   0.988521
1610   0.989832
1611   0.991089
1612   0.992316
1613   0.99344
1614   0.994499
1615   0.995439
1616   0.996298
1617   0.99704
1618   0.997699
1619   0.998251
1620   0.998724
1621   0.999103
1622   0.999412
1623   0.999643
1624   0.999813
1625   0.999921
1626   0.999981
1627   0.999998
1628   0.999981
1629   0.99994
1630   0.999883
1631   0.999823
1632   0.999765
1633   0.99972
1634   0.992337
1635   0.99179
1636   0.991185
1637   0.990533
1638   0.989823
1639   0.989075
1640   0.988299
1641   0.987521
1642   0.98678
1643   0.98611
1644   0.98558
1645   0.985222
1646   0.98511
1647   0.985245
1648   0.985646
1649   0.98627
1650   0.987085
1651   0.988036
1652   0.989073
1653   0.990157
1654   0.991245
1655   0.992314
1656   0.993335
1657   0.9943
1658   0.995189
1659   0.996005
1660   0.996735
1661   0.997387
1662   0.997954
1663   0.998444
1664   0.998854
1665   0.999195
1666   0.999465
1667   0.999674
1668   0.999824
1669   0.999924
1670   0.99998
1671   0.999998
1672   0.999988
1673   0.999956
1674   0.999914
1675   0.999867
1676   0.999827
1677   0.993001
1678   0.992513
1679   0.991989
1680   0.991426
1681   0.99083
1682   0.9902
1683   0.989565
1684   0.988917
1685   0.988316
1686   0.987751
1687   0.987309
1688   0.986978
1689   0.98684
1690   0.986882
1691   0.987132
1692   0.987571
1693   0.988169
1694   0.98891
1695   0.98973
1696   0.990631
1697   0.99154
1698   0.992475
1699   0.993368
1700   0.994248
1701   0.995057
1702   0.995829
1703   0.996519
1704   0.997158
1705   0.997712
1706   0.998211
1707   0.998631
1708   0.998994
1709   0.999287
1710   0.999527
1711   0.999707
1712   0.999841
1713   0.999929
1714   0.99998
1715   0.999998
1716   0.999992
1717   0.999969
1718   0.999937
1719   0.999905
1720   0.993612
1721   0.99318
1722   0.99272
1723   0.992235
1724   0.991725
1725   0.991197
1726   0.990661
1727   0.990129
1728   0.989623
1729   0.989161
1730   0.988778
1731   0.988494
1732   0.988345
1733   0.988341
1734   0.988497
1735   0.988805
1736   0.989254
1737   0.989823
1738   0.990484
1739   0.991215
1740   0.991985
1741   0.992777
1742   0.993564
1743   0.994338
1744   0.995077
1745   0.995778
1746   0.996427
1747   0.997026
1748   0.997565
1749   0.998047
1750   0.998468
1751   0.998833
1752   0.99914
1753   0.999394
1754   0.999595
1755   0.999751
1756   0.999863
1757   0.999939
1758   0.999981
1759   0.999998
1760   0.999995
1761   0.999978
1762   0.999956
1763   0.994176
1764   0.993792
1765   0.993389
1766   0.992967
1767   0.992533
1768   0.992082
1769   0.991637
1770   0.991187
1771   0.990773
1772   0.990381
1773   0.990065
1774   0.989812
1775   0.989673
1776   0.989639
1777   0.989736
1778   0.989956
1779   0.990291
1780   0.990738
1781   0.99126
1782   0.991865
1783   0.9925
1784   0.993181
1785   0.993854
1786   0.994542
1787   0.995193
1788   0.995835
1789   0.996423
1790   0.996986
1791   0.997487
1792   0.997953
1793   0.998356
1794   0.998719
1795   0.999022
1796   0.999285
1797   0.999494
1798   0.999666
1799   0.999793
1800   0.999887
1801   0.999948
1802   0.999984
1803   0.999998
1804   0.999996
1805   0.999985
1806   0.994695
1807   0.994354
1808   0.993999
1809   0.993631
1810   0.993253
1811   0.992868
1812   0.992485
1813   0.99211
1814   0.991755
1815   0.991433
1816   0.991161
1817   0.990952
1818   0.990824
1819   0.990787
1820   0.99085
1821   0.991014
1822   0.991277
1823   0.991629
1824   0.992058
1825   0.992551
1826   0.99309
1827   0.993662
1828   0.994248
1829   0.994841
1830   0.995423
1831   0.995989
1832   0.996527
1833   0.997034
1834   0.997502
1835   0.997931
1836   0.998316
1837   0.998658
1838   0.998956
1839   0.999211
1840   0.999424
1841   0.999598
1842   0.999734
1843   0.999838
1844   0.999912
1845   0.99996
1846   0.999987
1847   0.999998
1848   0.999997
