##### Y Variance #####
0   0.999953
1   0.999863
2   0.999348
3   0.998257
4   0.996458
5   0.99391
6   0.990573
7   0.986552
8   0.981943
9   0.977124
10   0.972187
11   0.967405
12   0.962836
13   0.958662
14   0.954947
15   0.95181
16   0.949307
17   0.947505
18   0.9464
19   0.945973
20   0.946184
21   0.946953
22   0.948245
23   0.949956
24   0.952037
25   0.954363
26   0.956876
27   0.959455
28   0.962065
29   0.964624
30   0.96712
31   0.969505
32   0.971782
33   0.973931
34   0.97596
35   0.977866
36   0.979657
37   0.981332
38   0.9829
39   0.984362
40   0.985723
41   0.986987
42   0.988159
43   0.999689
44   0.9999
45   0.999704
46   0.998923
47   0.997289
48   0.99493
49   0.991474
50   0.987465
51   0.982258
52   0.977337
53   0.971647
54   0.966554
55   0.961223
56   0.956574
57   0.952181
58   0.948549
59   0.945505
60   0.943327
61   0.941889
62   0.941205
63   0.941323
64   0.941957
65   0.943366
66   0.945112
67   0.947493
68   0.949993
69   0.952909
70   0.95572
71   0.958735
72   0.961539
73   0.964392
74   0.967005
75   0.96957
76   0.971918
77   0.974173
78   0.976251
79   0.978219
80   0.980042
81   0.981751
82   0.983337
83   0.984812
84   0.986178
85   0.987442
86   0.99898
87   0.999507
88   0.999785
89   0.999468
90   0.998319
91   0.996292
92   0.993259
93   0.989395
94   0.984543
95   0.979125
96   0.973285
97   0.967347
98   0.961439
99   0.955881
100   0.950729
101   0.94633
102   0.94262
103   0.939774
104   0.937758
105   0.936561
106   0.936231
107   0.936651
108   0.937866
109   0.939711
110   0.942159
111   0.94499
112   0.948148
113   0.951405
114   0.954739
115   0.958
116   0.961181
117   0.964193
118   0.967044
119   0.969708
120   0.9722
121   0.97452
122   0.97668
123   0.978689
124   0.980553
125   0.982282
126   0.98388
127   0.985357
128   0.986716
129   0.99769
130   0.998538
131   0.999298
132   0.99954
133   0.998976
134   0.997504
135   0.994943
136   0.991571
137   0.987105
138   0.981963
139   0.975864
140   0.969844
141   0.963041
142   0.957178
143   0.95073
144   0.945898
145   0.941001
146   0.937461
147   0.934501
148   0.932478
149   0.931515
150   0.931328
151   0.932309
152   0.933939
153   0.936522
154   0.939443
155   0.943009
156   0.946531
157   0.95038
158   0.954012
159   0.957702
160   0.961074
161   0.964339
162   0.967308
163   0.970114
164   0.97268
165   0.975077
166   0.977279
167   0.979322
168   0.981202
169   0.982936
170   0.984528
171   0.98599
172   0.995704
173   0.996706
174   0.998016
175   0.998878
176   0.999065
177   0.998269
178   0.996453
179   0.993669
180   0.989878
181   0.985248
182   0.979771
183   0.973795
184   0.967371
185   0.960877
186   0.954343
187   0.948083
188   0.942317
189   0.937174
190   0.932871
191   0.929574
192   0.927347
193   0.926453
194   0.926689
195   0.928064
196   0.930403
197   0.933403
198   0.937077
199   0.941055
200   0.945291
201   0.949538
202   0.953704
203   0.957645
204   0.961321
205   0.964729
206   0.967859
207   0.970748
208   0.973394
209   0.975832
210   0.978063
211   0.980115
212   0.981988
213   0.983706
214   0.985271
215   0.993023
216   0.994247
217   0.995934
218   0.997424
219   0.998327
220   0.998294
221   0.997212
222   0.995178
223   0.992094
224   0.988215
225   0.983416
226   0.978049
227   0.972047
228   0.9658
229   0.959154
230   0.952621
231   0.945635
232   0.939908
233   0.933504
234   0.929632
235   0.925056
236   0.923696
237   0.922306
238   0.923123
239   0.924846
240   0.927377
241   0.931153
242   0.935198
243   0.940006
244   0.944707
245   0.949554
246   0.953974
247   0.958199
248   0.962011
249   0.965547
250   0.96875
251   0.971688
252   0.974361
253   0.976802
254   0.979027
255   0.981052
256   0.982895
257   0.984569
258   0.989635
259   0.990711
260   0.992935
261   0.994993
262   0.996721
263   0.997462
264   0.997261
265   0.995984
266   0.993758
267   0.990622
268   0.98665
269   0.981988
270   0.976704
271   0.970994
272   0.964892
273   0.958617
274   0.952105
275   0.945804
276   0.939634
277   0.934083
278   0.929093
279   0.924965
280   0.922124
281   0.920426
282   0.920439
283   0.92194
284   0.92492
285   0.929246
286   0.934322
287   0.939683
288   0.945068
289   0.950197
290   0.95491
291   0.959267
292   0.963181
293   0.966766
294   0.969983
295   0.972921
296   0.975565
297   0.977976
298   0.980147
299   0.982121
300   0.983898
301   0.985717
302   0.986873
303   0.989243
304   0.9919
305   0.994316
306   0.995885
307   0.996471
308   0.996041
309   0.99458
310   0.992276
311   0.989068
312   0.985232
313   0.980692
314   0.975753
315   0.970327
316   0.96471
317   0.958819
318   0.952864
319   0.946915
320   0.941097
321   0.935441
322   0.930288
323   0.925037
324   0.922128
325   0.918691
326   0.919566
327   0.920148
328   0.924442
329   0.92941
330   0.934919
331   0.940914
332   0.946461
333   0.95177
334   0.956564
335   0.960916
336   0.964831
337   0.968354
338   0.971531
339   0.974391
340   0.976971
341   0.979293
342   0.981388
343   0.983272
344   0.981379
345   0.981932
346   0.984746
347   0.987849
348   0.991077
349   0.993447
350   0.994945
351   0.995296
352   0.994717
353   0.993152
354   0.990798
355   0.987704
356   0.984009
357   0.979819
358   0.975213
359   0.970318
360   0.965143
361   0.959816
362   0.95435
363   0.94887
364   0.943406
365   0.93813
366   0.932981
367   0.928567
368   0.924834
369   0.9224
370   0.921719
371   0.922503
372   0.92607
373   0.931057
374   0.936994
375   0.943204
376   0.94889
377   0.954211
378   0.958874
379   0.963132
380   0.966889
381   0.9703
382   0.973332
383   0.976076
384   0.978524
385   0.980736
386   0.982711
387   0.977031
388   0.977597
389   0.979862
390   0.983304
391   0.987159
392   0.990407
393   0.992713
394   0.993929
395   0.994093
396   0.993333
397   0.991685
398   0.98938
399   0.986404
400   0.983014
401   0.979155
402   0.975054
403   0.970635
404   0.966055
405   0.961274
406   0.956401
407   0.951457
408   0.946555
409   0.941784
410   0.937157
411   0.93304
412   0.929435
413   0.926518
414   0.925684
415   0.925283
416   0.929695
417   0.93448
418   0.940767
419   0.946745
420   0.952302
421   0.957237
422   0.961704
423   0.965671
424   0.969246
425   0.972435
426   0.975302
427   0.977866
428   0.980169
429   0.982231
430   0.972693
431   0.972647
432   0.97472
433   0.977861
434   0.982555
435   0.986616
436   0.989824
437   0.991831
438   0.992851
439   0.992791
440   0.991931
441   0.990282
442   0.988075
443   0.985355
444   0.982275
445   0.978881
446   0.975243
447   0.971398
448   0.96737
449   0.963208
450   0.958924
451   0.954611
452   0.950249
453   0.945972
454   0.941858
455   0.938096
456   0.934849
457   0.932594
458   0.931425
459   0.93194
460   0.9356
461   0.940315
462   0.945898
463   0.951433
464   0.956309
465   0.960841
466   0.964861
467   0.968522
468   0.971782
469   0.97473
470   0.977362
471   0.979736
472   0.981857
473   0.968536
474   0.968224
475   0.969581
476   0.972791
477   0.977602
478   0.9824
479   0.986395
480   0.989263
481   0.991017
482   0.991733
483   0.99151
484   0.990568
485   0.988965
486   0.986944
487   0.984493
488   0.98182
489   0.97886
490   0.975759
491   0.972447
492   0.969012
493   0.96543
494   0.961742
495   0.957994
496   0.954159
497   0.950447
498   0.946809
499   0.943651
500   0.940876
501   0.939128
502   0.938233
503   0.938954
504   0.942413
505   0.946525
506   0.951549
507   0.956152
508   0.960554
509   0.964512
510   0.968145
511   0.971412
512   0.974374
513   0.977039
514   0.979443
515   0.981607
516   0.964587
517   0.963646
518   0.964459
519   0.966832
520   0.972282
521   0.977682
522   0.982468
523   0.986111
524   0.988695
525   0.990096
526   0.990608
527   0.990248
528   0.989315
529   0.987842
530   0.986051
531   0.983951
532   0.981672
533   0.979194
534   0.976579
535   0.973804
536   0.970895
537   0.967847
538   0.964673
539   0.961401
540   0.95809
541   0.954822
542   0.951735
543   0.94896
544   0.946761
545   0.945279
546   0.945124
547   0.94631
548   0.949452
549   0.953176
550   0.957188
551   0.961093
552   0.964797
553   0.968239
554   0.971403
555   0.974299
556   0.976935
557   0.979331
558   0.981501
559   0.960978
560   0.959591
561   0.959651
562   0.961958
563   0.96694
564   0.972754
565   0.978189
566   0.982634
567   0.98595
568   0.988113
569   0.989239
570   0.989536
571   0.989123
572   0.988251
573   0.986959
574   0.985456
575   0.983704
576   0.981847
577   0.979808
578   0.977669
579   0.975365
580   0.972927
581   0.970344
582   0.967601
583   0.964795
584   0.961882
585   0.959106
586   0.956393
587   0.954176
588   0.952374
589   0.95164
590   0.951838
591   0.953413
592   0.956045
593   0.959106
594   0.96241
595   0.965655
596   0.968804
597   0.971757
598   0.974518
599   0.977065
600   0.979408
601   0.981552
602   0.957772
603   0.955804
604   0.955118
605   0.956172
606   0.96147
607   0.967518
608   0.97356
609   0.978721
610   0.982837
611   0.985695
612   0.987536
613   0.988391
614   0.988591
615   0.988187
616   0.987454
617   0.9864
618   0.985201
619   0.983818
620   0.982346
621   0.980721
622   0.978987
623   0.977082
624   0.975034
625   0.972802
626   0.970439
627   0.967941
628   0.965428
629   0.962932
630   0.960705
631   0.958792
632   0.957638
633   0.957169
634   0.957956
635   0.959505
636   0.96178
637   0.964332
638   0.96708
639   0.969807
640   0.972487
641   0.975029
642   0.977441
643   0.979681
644   0.981768
645   0.955062
646   0.95259
647   0.9512
648   0.952052
649   0.956195
650   0.962212
651   0.968699
652   0.974576
653   0.979421
654   0.983037
655   0.98551
656   0.987013
657   0.98771
658   0.987855
659   0.987541
660   0.986989
661   0.986195
662   0.98531
663   0.984268
664   0.983153
665   0.981881
666   0.980487
667   0.978915
668   0.977161
669   0.975243
670   0.973137
671   0.970967
672   0.968709
673   0.966621
674   0.964706
675   0.963331
676   0.962522
677   0.962568
678   0.963399
679   0.964853
680   0.966762
681   0.968922
682   0.971221
683   0.973546
684   0.975839
685   0.978054
686   0.980163
687   0.982152
688   0.952908
689   0.949996
690   0.947833
691   0.947221
692   0.951044
693   0.956575
694   0.963542
695   0.970094
696   0.9757
697   0.980038
698   0.983228
699   0.985315
700   0.986612
701   0.987207
702   0.9874
703   0.987226
704   0.986894
705   0.986373
706   0.985784
707   0.985051
708   0.984234
709   0.983246
710   0.982118
711   0.980776
712   0.979262
713   0.977529
714   0.975673
715   0.973684
716   0.971756
717   0.969908
718   0.968456
719   0.967383
720   0.967046
721   0.96726
722   0.968146
723   0.96942
724   0.971083
725   0.972908
726   0.974888
727   0.976877
728   0.978884
729   0.980817
730   0.982693
731   0.951332
732   0.947974
733   0.945316
734   0.944352
735   0.94627
736   0.951223
737   0.958271
738   0.965416
739   0.971738
740   0.97682
741   0.980683
742   0.983437
743   0.985259
744   0.986398
745   0.986993
746   0.987275
747   0.987283
748   0.987179
749   0.986918
750   0.986592
751   0.986119
752   0.985537
753   0.984771
754   0.983826
755   0.982672
756   0.981301
757   0.97976
758   0.978053
759   0.976326
760   0.974614
761   0.973142
762   0.97197
763   0.971297
764   0.97113
765   0.971485
766   0.972283
767   0.973438
768   0.974856
769   0.976453
770   0.978154
771   0.979908
772   0.981661
773   0.983383
774   0.950377
775   0.946706
776   0.943482
777   0.94146
778   0.9421
779   0.945177
780   0.952746
781   0.960528
782   0.967477
783   0.973297
784   0.977879
785   0.981271
786   0.983711
787   0.985332
788   0.986426
789   0.987073
790   0.9875
791   0.987704
792   0.987821
793   0.98779
794   0.987679
795   0.987402
796   0.986992
797   0.986364
798   0.985551
799   0.98449
800   0.98325
801   0.981804
802   0.980291
803   0.978719
804   0.977309
805   0.976066
806   0.975236
807   0.974749
808   0.974763
809   0.975123
810   0.975894
811   0.976902
812   0.978175
813   0.979561
814   0.981084
815   0.982623
816   0.984201
817   0.950037
818   0.946073
819   0.942372
820   0.93959
821   0.938585
822   0.940999
823   0.947489
824   0.955416
825   0.96298
826   0.969494
827   0.974797
828   0.978883
829   0.981907
830   0.984096
831   0.985621
832   0.986722
833   0.987477
834   0.988059
835   0.988455
836   0.988764
837   0.988919
838   0.988967
839   0.988831
840   0.988523
841   0.987992
842   0.987239
843   0.986268
844   0.985091
845   0.983788
846   0.982395
847   0.981059
848   0.979837
849   0.978877
850   0.978216
851   0.977924
852   0.977981
853   0.978382
854   0.979069
855   0.980005
856   0.981124
857   0.982387
858   0.983734
859   0.985128
860   0.950282
861   0.946202
862   0.941995
863   0.938421
864   0.935893
865   0.935742
866   0.942343
867   0.95031
868   0.958229
869   0.965415
870   0.971413
871   0.976192
872   0.979858
873   0.982585
874   0.984626
875   0.986121
876   0.987287
877   0.988169
878   0.988906
879   0.989467
880   0.989926
881   0.990215
882   0.990366
883   0.990304
884   0.990053
885   0.98955
886   0.988843
887   0.987897
888   0.986811
889   0.985582
890   0.984365
891   0.98317
892   0.982181
893   0.981375
894   0.980905
895   0.980691
896   0.980832
897   0.981209
898   0.981883
899   0.982724
900   0.98377
901   0.9849
902   0.986138
903   0.951031
904   0.946762
905   0.942256
906   0.937897
907   0.934241
908   0.933536
909   0.937793
910   0.945137
911   0.953314
912   0.961034
913   0.967741
914   0.973204
915   0.977506
916   0.980826
917   0.983349
918   0.985314
919   0.986832
920   0.988086
921   0.989093
922   0.989962
923   0.99065
924   0.991213
925   0.991584
926   0.991785
927   0.991759
928   0.991514
929   0.991034
930   0.990329
931   0.98944
932   0.988399
933   0.987299
934   0.98619
935   0.985185
936   0.984327
937   0.983701
938   0.983318
939   0.983215
940   0.983369
941   0.983778
942   0.9844
943   0.985212
944   0.986161
945   0.987214
946   0.95225
947   0.948067
948   0.943249
949   0.938523
950   0.933667
951   0.93042
952   0.93386
953   0.940008
954   0.948245
955   0.956474
956   0.963768
957   0.969925
958   0.974852
959   0.978755
960   0.981807
961   0.984207
962   0.986145
963   0.987719
964   0.989057
965   0.990173
966   0.991136
967   0.991911
968   0.992529
969   0.992935
970   0.993145
971   0.993111
972   0.992859
973   0.99236
974   0.991677
975   0.990804
976   0.98985
977   0.988823
978   0.987863
979   0.986968
980   0.986272
981   0.985741
982   0.985482
983   0.985423
984   0.985642
985   0.986039
986   0.98667
987   0.98742
988   0.988325
989   0.953826
990   0.949578
991   0.944777
992   0.939615
993   0.934418
994   0.930786
995   0.930779
996   0.935482
997   0.943284
998   0.951713
999   0.959582
1000   0.966311
1001   0.971874
1002   0.976354
1003   0.979922
1004   0.982804
1005   0.985127
1006   0.987081
1007   0.988705
1008   0.990122
1009   0.99131
1010   0.992338
1011   0.993155
1012   0.993792
1013   0.994199
1014   0.99439
1015   0.994339
1016   0.994058
1017   0.993563
1018   0.992878
1019   0.992065
1020   0.99116
1021   0.990252
1022   0.989382
1023   0.988632
1024   0.988028
1025   0.987626
1026   0.987428
1027   0.987457
1028   0.987692
1029   0.988128
1030   0.988725
1031   0.989456
1032   0.955737
1033   0.951733
1034   0.946901
1035   0.941793
1036   0.936167
1037   0.93138
1038   0.929481
1039   0.930687
1040   0.938373
1041   0.947043
1042   0.955165
1043   0.962503
1044   0.968591
1045   0.973654
1046   0.977725
1047   0.981067
1048   0.98381
1049   0.986109
1050   0.988067
1051   0.989746
1052   0.991202
1053   0.992442
1054   0.993489
1055   0.99432
1056   0.994942
1057   0.995326
1058   0.995484
1059   0.995396
1060   0.995098
1061   0.994587
1062   0.993933
1063   0.993148
1064   0.992332
1065   0.991495
1066   0.990751
1067   0.990087
1068   0.989611
1069   0.989282
1070   0.989186
1071   0.989255
1072   0.989551
1073   0.98998
1074   0.990582
1075   0.957872
1076   0.953968
1077   0.949423
1078   0.944321
1079   0.938756
1080   0.93349
1081   0.929475
1082   0.929408
1083   0.934391
1084   0.942334
1085   0.950705
1086   0.958406
1087   0.965053
1088   0.970612
1089   0.975183
1090   0.978984
1091   0.982125
1092   0.984806
1093   0.987069
1094   0.989052
1095   0.990747
1096   0.992237
1097   0.993485
1098   0.994537
1099   0.99535
1100   0.995946
1101   0.996296
1102   0.996415
1103   0.996304
1104   0.995983
1105   0.995488
1106   0.99485
1107   0.994133
1108   0.993374
1109   0.992646
1110   0.99198
1111   0.99144
1112   0.991041
1113   0.990823
1114   0.990782
1115   0.990929
1116   0.991237
1117   0.99169
1118   0.960189
1119   0.956647
1120   0.952299
1121   0.947583
1122   0.942075
1123   0.936726
1124   0.93136
1125   0.927791
1126   0.93166
1127   0.938229
1128   0.946407
1129   0.954445
1130   0.961389
1131   0.967429
1132   0.972402
1133   0.976633
1134   0.980158
1135   0.983187
1136   0.985776
1137   0.988033
1138   0.989995
1139   0.991707
1140   0.993183
1141   0.994431
1142   0.995452
1143   0.996239
1144   0.996791
1145   0.997101
1146   0.997185
1147   0.997045
1148   0.996722
1149   0.99623
1150   0.995639
1151   0.994964
1152   0.994295
1153   0.993637
1154   0.993085
1155   0.992623
1156   0.992337
1157   0.992185
1158   0.992233
1159   0.99241
1160   0.992758
1161   0.962572
1162   0.959219
1163   0.955292
1164   0.950805
1165   0.945713
1166   0.940269
1167   0.934807
1168   0.930872
1169   0.930386
1170   0.935242
1171   0.9427
1172   0.950549
1173   0.957762
1174   0.964074
1175   0.969423
1176   0.974023
1177   0.977901
1178   0.981278
1179   0.984162
1180   0.986714
1181   0.988917
1182   0.990876
1183   0.992556
1184   0.994023
1185   0.995235
1186   0.996228
1187   0.99697
1188   0.997483
1189   0.997756
1190   0.99781
1191   0.99766
1192   0.997334
1193   0.996875
1194   0.996316
1195   0.995716
1196   0.995109
1197   0.994555
1198   0.99408
1199   0.99373
1200   0.993516
1201   0.993461
1202   0.99355
1203   0.993778
1204   0.964986
1205   0.962009
1206   0.958372
1207   0.954385
1208   0.949632
1209   0.944694
1210   0.939245
1211   0.934622
1212   0.932498
1213   0.933091
1214   0.939763
1215   0.947441
1216   0.954451
1217   0.960984
1218   0.966512
1219   0.971401
1220   0.975559
1221   0.979218
1222   0.982379
1223   0.985176
1224   0.987623
1225   0.989792
1226   0.991688
1227   0.993345
1228   0.994755
1229   0.995934
1230   0.996871
1231   0.997572
1232   0.998038
1233   0.998276
1234   0.998307
1235   0.998145
1236   0.997835
1237   0.997397
1238   0.996895
1239   0.996346
1240   0.995829
1241   0.995347
1242   0.994978
1243   0.994703
1244   0.994588
1245   0.994584
1246   0.994734
1247   0.967348
1248   0.964582
1249   0.961376
1250   0.957721
1251   0.953563
1252   0.949002
1253   0.944199
1254   0.939658
1255   0.936237
1256   0.935725
1257   0.938495
1258   0.945012
1259   0.951711
1260   0.958162
1261   0.963776
1262   0.968838
1263   0.973186
1264   0.977085
1265   0.980453
1266   0.983485
1267   0.986125
1268   0.988507
1269   0.990581
1270   0.992434
1271   0.994019
1272   0.995389
1273   0.996504
1274   0.997398
1275   0.998046
1276   0.998475
1277   0.998685
1278   0.998698
1279   0.998542
1280   0.998244
1281   0.99785
1282   0.997391
1283   0.996921
1284   0.99647
1285   0.996088
1286   0.995792
1287   0.995616
1288   0.995558
1289   0.99562
1290   0.969647
1291   0.967207
1292   0.964298
1293   0.961126
1294   0.957413
1295   0.953521
1296   0.949226
1297   0.945255
1298   0.941544
1299   0.939264
1300   0.940812
1301   0.944449
1302   0.95034
1303   0.956377
1304   0.961755
1305   0.966749
1306   0.971153
1307   0.975132
1308   0.978643
1309   0.981804
1310   0.984607
1311   0.987131
1312   0.989371
1313   0.991372
1314   0.993123
1315   0.99465
1316   0.995937
1317   0.996999
1318   0.997826
1319   0.998431
1320   0.998817
1321   0.999
1322   0.999003
1323   0.998848
1324   0.998577
1325   0.998214
1326   0.997818
1327   0.997405
1328   0.997042
1329   0.996729
1330   0.996529
1331   0.996413
1332   0.996424
1333   0.971836
1334   0.969594
1335   0.967053
1336   0.964209
1337   0.961044
1338   0.957606
1339   0.954029
1340   0.950433
1341   0.947307
1342   0.944913
1343   0.944467
1344   0.946701
1345   0.950399
1346   0.955614
1347   0.960449
1348   0.965245
1349   0.969492
1350   0.973472
1351   0.976982
1352   0.980227
1353   0.983096
1354   0.985739
1355   0.988077
1356   0.990215
1357   0.992086
1358   0.993762
1359   0.995189
1360   0.996414
1361   0.997399
1362   0.998176
1363   0.998727
1364   0.999081
1365   0.999243
1366   0.999239
1367   0.999098
1368   0.998849
1369   0.998536
1370   0.998188
1371   0.997853
1372   0.997555
1373   0.997332
1374   0.997192
1375   0.997146
1376   0.973919
1377   0.971935
1378   0.969651
1379   0.967191
1380   0.964408
1381   0.961503
1382   0.958388
1383   0.955383
1384   0.952571
1385   0.950434
1386   0.94952
1387   0.950042
1388   0.952772
1389   0.956421
1390   0.960548
1391   0.964676
1392   0.968626
1393   0.972342
1394   0.975763
1395   0.978927
1396   0.981811
1397   0.984464
1398   0.986869
1399   0.989067
1400   0.991037
1401   0.992809
1402   0.994359
1403   0.995707
1404   0.996834
1405   0.997756
1406   0.998463
1407   0.998971
1408   0.999285
1409   0.999427
1410   0.99942
1411   0.999288
1412   0.999072
1413   0.998794
1414   0.99851
1415   0.998231
1416   0.998014
1417   0.997849
1418   0.997778
1419   0.97588
1420   0.974067
1421   0.972068
1422   0.969881
1423   0.967511
1424   0.964982
1425   0.962397
1426   0.959802
1427   0.957509
1428   0.955572
1429   0.954627
1430   0.954544
1431   0.955919
1432   0.958465
1433   0.961532
1434   0.964992
1435   0.96838
1436   0.971776
1437   0.974927
1438   0.977964
1439   0.980735
1440   0.983366
1441   0.985748
1442   0.987984
1443   0.989987
1444   0.991837
1445   0.993461
1446   0.994919
1447   0.996154
1448   0.997208
1449   0.998047
1450   0.9987
1451   0.999157
1452   0.999443
1453   0.999568
1454   0.999559
1455   0.999445
1456   0.999255
1457   0.999028
1458   0.998792
1459   0.998585
1460   0.998422
1461   0.998323
1462   0.977727
1463   0.976113
1464   0.974322
1465   0.972419
1466   0.970342
1467   0.968192
1468   0.965958
1469   0.963783
1470   0.961774
1471   0.960102
1472   0.959059
1473   0.958701
1474   0.959473
1475   0.961067
1476   0.963369
1477   0.966035
1478   0.968898
1479   0.971803
1480   0.974658
1481   0.977423
1482   0.980049
1483   0.982544
1484   0.984874
1485   0.98706
1486   0.989074
1487   0.990933
1488   0.992612
1489   0.994125
1490   0.995448
1491   0.996594
1492   0.997546
1493   0.998317
1494   0.9989
1495   0.999314
1496   0.999564
1497   0.999674
1498   0.999665
1499   0.999564
1500   0.999408
1501   0.999218
1502   0.99904
1503   0.99888
1504   0.998779
1505   0.979458
1506   0.977992
1507   0.976415
1508   0.974729
1509   0.972946
1510   0.97108
1511   0.969204
1512   0.967336
1513   0.965656
1514   0.964179
1515   0.963202
1516   0.962714
1517   0.962998
1518   0.964
1519   0.96557
1520   0.967619
1521   0.969878
1522   0.972342
1523   0.974791
1524   0.977287
1525   0.979665
1526   0.982013
1527   0.984204
1528   0.986328
1529   0.988279
1530   0.990134
1531   0.991808
1532   0.993362
1533   0.994726
1534   0.99595
1535   0.996979
1536   0.997853
1537   0.99854
1538   0.999071
1539   0.999434
1540   0.999658
1541   0.999753
1542   0.999746
1543   0.999665
1544   0.999535
1545   0.999391
1546   0.999255
1547   0.99915
1548   0.981082
1549   0.979771
1550   0.978361
1551   0.976885
1552   0.975322
1553   0.973723
1554   0.972099
1555   0.970518
1556   0.969054
1557   0.967782
1558   0.966855
1559   0.966322
1560   0.966367
1561   0.966935
1562   0.968033
1563   0.969522
1564   0.971316
1565   0.973303
1566   0.975399
1567   0.977549
1568   0.979693
1569   0.981812
1570   0.983863
1571   0.985846
1572   0.987725
1573   0.989509
1574   0.991164
1575   0.9927
1576   0.994089
1577   0.995339
1578   0.996427
1579   0.997365
1580   0.998137
1581   0.998756
1582   0.999218
1583   0.99954
1584   0.999731
1585   0.999813
1586   0.999808
1587   0.99974
1588   0.999642
1589   0.99953
1590   0.99944
1591   0.982602
1592   0.981417
1593   0.980169
1594   0.978863
1595   0.977512
1596   0.976121
1597   0.974742
1598   0.97338
1599   0.97214
1600   0.971026
1601   0.970192
1602   0.969644
1603   0.969521
1604   0.96982
1605   0.970526
1606   0.971616
1607   0.972967
1608   0.974576
1609   0.976291
1610   0.978146
1611   0.980001
1612   0.981914
1613   0.983761
1614   0.985613
1615   0.987359
1616   0.98907
1617   0.99065
1618   0.992163
1619   0.993525
1620   0.994791
1621   0.995896
1622   0.996884
1623   0.997706
1624   0.998399
1625   0.998936
1626   0.999346
1627   0.999621
1628   0.999788
1629   0.999858
1630   0.999856
1631   0.999805
1632   0.999731
1633   0.999655
1634   0.984023
1635   0.982962
1636   0.981849
1637   0.9807
1638   0.979514
1639   0.978314
1640   0.977117
1641   0.975955
1642   0.974876
1643   0.973918
1644   0.973159
1645   0.972635
1646   0.972429
1647   0.972546
1648   0.973008
1649   0.973775
1650   0.974813
1651   0.976069
1652   0.977489
1653   0.979033
1654   0.980648
1655   0.982313
1656   0.983983
1657   0.98565
1658   0.987276
1659   0.988858
1660   0.990365
1661   0.991798
1662   0.993129
1663   0.99436
1664   0.995469
1665   0.996461
1666   0.997318
1667   0.998049
1668   0.998643
1669   0.999113
1670   0.999458
1671   0.999695
1672   0.999832
1673   0.999892
1674   0.999892
1675   0.999854
1676   0.999804
1677   0.985351
1678   0.984396
1679   0.983409
1680   0.982393
1681   0.98136
1682   0.980314
1683   0.979287
1684   0.978283
1685   0.977361
1686   0.976523
1687   0.975853
1688   0.975356
1689   0.975107
1690   0.975112
1691   0.975386
1692   0.975934
1693   0.9767
1694   0.977698
1695   0.978832
1696   0.980134
1697   0.981492
1698   0.982957
1699   0.984415
1700   0.985928
1701   0.987388
1702   0.988861
1703   0.990248
1704   0.991611
1705   0.992863
1706   0.99406
1707   0.995129
1708   0.99612
1709   0.996973
1710   0.99773
1711   0.99835
1712   0.998868
1713   0.99926
1714   0.999556
1715   0.999751
1716   0.999867
1717   0.999916
1718   0.999919
1719   0.999896
1720   0.986589
1721   0.985734
1722   0.984855
1723   0.983958
1724   0.98305
1725   0.98214
1726   0.981246
1727   0.980383
1728   0.97958
1729   0.978859
1730   0.978262
1731   0.977812
1732   0.977551
1733   0.977493
1734   0.977657
1735   0.97804
1736   0.978627
1737   0.979403
1738   0.980335
1739   0.981403
1740   0.982569
1741   0.983817
1742   0.98511
1743   0.986437
1744   0.987764
1745   0.989086
1746   0.990372
1747   0.99162
1748   0.992803
1749   0.993921
1750   0.994951
1751   0.995896
1752   0.996738
1753   0.997482
1754   0.998116
1755   0.998648
1756   0.999074
1757   0.999404
1758   0.999642
1759   0.999803
1760   0.999894
1761   0.999935
1762   0.99994
1763   0.987741
1764   0.986976
1765   0.986195
1766   0.985401
1767   0.984605
1768   0.983808
1769   0.983035
1770   0.982284
1771   0.981595
1772   0.980965
1773   0.980446
1774   0.980037
1775   0.979785
1776   0.979695
1777   0.979783
1778   0.980061
1779   0.980501
1780   0.981126
1781   0.981872
1782   0.982773
1783   0.983745
1784   0.984833
1785   0.985942
1786   0.987128
1787   0.988293
1788   0.989497
1789   0.990647
1790   0.991804
1791   0.992879
1792   0.993932
1793   0.994885
1794   0.995791
1795   0.996586
1796   0.997316
1797   0.997931
1798   0.998472
1799   0.998903
1800   0.999259
1801   0.999521
1802   0.999717
1803   0.999841
1804   0.999916
1805   0.999949
1806   0.988812
1807   0.988128
1808   0.987433
1809   0.98673
1810   0.986026
1811   0.98533
1812   0.984652
1813   0.984003
1814   0.983401
1815   0.98286
1816   0.982404
1817   0.982049
1818   0.981816
1819   0.98172
1820   0.981772
1821   0.981977
1822   0.982331
1823   0.98283
1824   0.983458
1825   0.984202
1826   0.985042
1827   0.985964
1828   0.986942
1829   0.987967
1830   0.989013
1831   0.990071
1832   0.991118
1833   0.992148
1834   0.993141
1835   0.994091
1836   0.994982
1837   0.995811
1838   0.996566
1839   0.997246
1840   0.997843
1841   0.998359
1842   0.998791
1843   0.999145
1844   0.999423
1845   0.999632
1846   0.99978
1847   0.999877
1848   0.999933
