##### Y Variance #####
0   0.999998
1   0.99989
2   0.999558
3   0.998948
4   0.998033
5   0.996847
6   0.995426
7   0.993857
8   0.992194
9   0.990529
10   0.988905
11   0.987393
12   0.986018
13   0.984825
14   0.983819
15   0.983023
16   0.982427
17   0.982038
18   0.981834
19   0.981813
20   0.981947
21   0.982227
22   0.982626
23   0.983132
24   0.98372
25   0.984378
26   0.985084
27   0.985828
28   0.986592
29   0.987368
30   0.988143
31   0.988911
32   0.989663
33   0.990395
34   0.9911
35   0.991777
36   0.992421
37   0.993032
38   0.993609
39   0.994151
40   0.994659
41   0.995132
42   0.995571
43   0.999962
44   0.999987
45   0.999766
46   0.999238
47   0.998292
48   0.997074
49   0.995482
50   0.9938
51   0.991899
52   0.990093
53   0.988226
54   0.986588
55   0.985005
56   0.983721
57   0.982561
58   0.981718
59   0.981025
60   0.98063
61   0.980381
62   0.980388
63   0.980519
64   0.980853
65   0.981279
66   0.981855
67   0.98249
68   0.983225
69   0.983989
70   0.984811
71   0.985638
72   0.986488
73   0.987326
74   0.988163
75   0.988974
76   0.989767
77   0.990526
78   0.991256
79   0.991949
80   0.992606
81   0.993225
82   0.993807
83   0.99435
84   0.994856
85   0.995326
86   0.999771
87   0.999965
88   0.999955
89   0.999591
90   0.998768
91   0.997534
92   0.995919
93   0.994068
94   0.992051
95   0.99001
96   0.987998
97   0.986123
98   0.984407
99   0.982923
100   0.981665
101   0.980675
102   0.979927
103   0.979439
104   0.979176
105   0.97914
106   0.97929
107   0.979619
108   0.980088
109   0.980687
110   0.98138
111   0.982155
112   0.982984
113   0.983856
114   0.984749
115   0.985654
116   0.986556
117   0.987446
118   0.988316
119   0.989161
120   0.989973
121   0.99075
122   0.99149
123   0.99219
124   0.99285
125   0.993468
126   0.994047
127   0.994585
128   0.995084
129   0.999354
130   0.999744
131   0.999989
132   0.999872
133   0.999236
134   0.998123
135   0.996492
136   0.994613
137   0.992433
138   0.990277
139   0.98804
140   0.986023
141   0.984082
142   0.98247
143   0.981023
144   0.979939
145   0.979052
146   0.978512
147   0.978162
148   0.97811
149   0.978218
150   0.978563
151   0.979026
152   0.97966
153   0.980372
154   0.981196
155   0.98206
156   0.982986
157   0.983923
158   0.984884
159   0.985832
160   0.986776
161   0.987693
162   0.988588
163   0.989445
164   0.990268
165   0.991049
166   0.991789
167   0.992487
168   0.993141
169   0.993753
170   0.994322
171   0.994851
172   0.998635
173   0.999192
174   0.999773
175   1
176   0.999691
177   0.998784
178   0.997305
179   0.995416
180   0.993227
181   0.990913
182   0.988572
183   0.986335
184   0.984258
185   0.982424
186   0.980849
187   0.979576
188   0.978592
189   0.977911
190   0.977501
191   0.977357
192   0.977441
193   0.977735
194   0.978201
195   0.978818
196   0.979552
197   0.980383
198   0.981281
199   0.982229
200   0.983206
201   0.984198
202   0.985189
203   0.986169
204   0.987128
205   0.98806
206   0.988957
207   0.989817
208   0.990636
209   0.991411
210   0.992143
211   0.99283
212   0.993473
213   0.994071
214   0.994627
215   0.99757
216   0.998333
217   0.999241
218   0.999865
219   0.999953
220   0.99937
221   0.9981
222   0.996354
223   0.994162
224   0.991836
225   0.989351
226   0.987011
227   0.98473
228   0.982761
229   0.980979
230   0.979582
231   0.978422
232   0.977644
233   0.977102
234   0.976896
235   0.976891
236   0.977154
237   0.977569
238   0.97818
239   0.978892
240   0.979733
241   0.98063
242   0.981601
243   0.982591
244   0.983612
245   0.984624
246   0.985637
247   0.986623
248   0.987587
249   0.988514
250   0.989406
251   0.990255
252   0.991062
253   0.991823
254   0.99254
255   0.99321
256   0.993836
257   0.994418
258   0.996111
259   0.99691
260   0.998263
261   0.999361
262   0.999965
263   0.999814
264   0.998908
265   0.997365
266   0.995334
267   0.992999
268   0.990513
269   0.988028
270   0.985652
271   0.983482
272   0.981572
273   0.97997
274   0.978688
275   0.977735
276   0.977095
277   0.976753
278   0.976679
279   0.976847
280   0.97722
281   0.97777
282   0.978463
283   0.97927
284   0.980164
285   0.981121
286   0.98212
287   0.983141
288   0.98417
289   0.985192
290   0.986199
291   0.98718
292   0.988131
293   0.989043
294   0.989917
295   0.990747
296   0.991534
297   0.992274
298   0.99297
299   0.99362
300   0.994225
301   0.994316
302   0.995262
303   0.996884
304   0.998472
305   0.999635
306   0.999999
307   0.999527
308   0.998328
309   0.996494
310   0.994299
311   0.991806
312   0.989309
313   0.986799
314   0.984533
315   0.982438
316   0.980711
317   0.979241
318   0.978168
319   0.977365
320   0.976925
321   0.976723
322   0.976818
323   0.977097
324   0.977599
325   0.978228
326   0.979006
327   0.97986
328   0.980803
329   0.98178
330   0.982799
331   0.983819
332   0.984847
333   0.985856
334   0.986849
335   0.987809
336   0.988738
337   0.989626
338   0.990475
339   0.99128
340   0.992041
341   0.992757
342   0.993427
343   0.994053
344   0.992232
345   0.992877
346   0.994945
347   0.997036
348   0.998831
349   0.999839
350   0.999926
351   0.999153
352   0.997669
353   0.99565
354   0.993298
355   0.990782
356   0.988265
357   0.985864
358   0.98368
359   0.981772
360   0.980185
361   0.978928
362   0.97801
363   0.977408
364   0.977107
365   0.977071
366   0.977273
367   0.977673
368   0.978245
369   0.978949
370   0.979764
371   0.980656
372   0.981607
373   0.982592
374   0.9836
375   0.984609
376   0.985614
377   0.986599
378   0.987563
379   0.988493
380   0.989391
381   0.990248
382   0.991067
383   0.991841
384   0.992574
385   0.99326
386   0.993903
387   0.990117
388   0.990876
389   0.992672
390   0.9951
391   0.997531
392   0.999232
393   0.99997
394   0.999739
395   0.998662
396   0.996959
397   0.994769
398   0.992369
399   0.989833
400   0.987415
401   0.985109
402   0.983113
403   0.981361
404   0.979991
405   0.978906
406   0.978191
407   0.97774
408   0.977604
409   0.97768
410   0.977998
411   0.97847
412   0.97911
413   0.979847
414   0.98069
415   0.981586
416   0.982536
417   0.983504
418   0.984491
419   0.985471
420   0.986444
421   0.987394
422   0.988321
423   0.989216
424   0.990077
425   0.9909
426   0.991683
427   0.992426
428   0.993125
429   0.993781
430   0.987958
431   0.98841
432   0.990147
433   0.992488
434   0.995663
435   0.998146
436   0.999588
437   0.99999
438   0.999444
439   0.998119
440   0.996232
441   0.993972
442   0.991549
443   0.989103
444   0.986786
445   0.984669
446   0.982839
447   0.98131
448   0.980119
449   0.979242
450   0.978682
451   0.978396
452   0.978372
453   0.978561
454   0.978946
455   0.979479
456   0.980145
457   0.980903
458   0.981742
459   0.982627
460   0.983552
461   0.984491
462   0.985441
463   0.986381
464   0.987314
465   0.988221
466   0.989107
467   0.98996
468   0.990783
469   0.991566
470   0.992316
471   0.993021
472   0.993688
473   0.985836
474   0.986157
475   0.987484
476   0.989969
477   0.993402
478   0.996541
479   0.998749
480   0.999841
481   0.999894
482   0.999059
483   0.997517
484   0.995526
485   0.993228
486   0.990878
487   0.988536
488   0.986403
489   0.984466
490   0.982861
491   0.981527
492   0.980547
493   0.979837
494   0.979444
495   0.979279
496   0.979365
497   0.979625
498   0.980067
499   0.980626
500   0.981306
501   0.982057
502   0.982878
503   0.983735
504   0.984624
505   0.985522
506   0.986426
507   0.987322
508   0.988206
509   0.98907
510   0.989909
511   0.990721
512   0.991502
513   0.992248
514   0.992958
515   0.993628
516   0.983759
517   0.983734
518   0.984697
519   0.986653
520   0.9907
521   0.994498
522   0.997411
523   0.99925
524   0.999969
525   0.999693
526   0.998612
527   0.99693
528   0.994884
529   0.99264
530   0.990391
531   0.98823
532   0.986282
533   0.984573
534   0.98317
535   0.982051
536   0.981245
537   0.980704
538   0.980433
539   0.980378
540   0.980534
541   0.980848
542   0.981313
543   0.981881
544   0.982549
545   0.983277
546   0.984065
547   0.984879
548   0.985723
549   0.98657
550   0.987427
551   0.988269
552   0.989107
553   0.98992
554   0.990717
555   0.991483
556   0.992225
557   0.992929
558   0.993602
559   0.981799
560   0.981465
561   0.981968
562   0.983955
563   0.987776
564   0.991993
565   0.995612
566   0.998181
567   0.999624
568   0.999975
569   0.999406
570   0.998142
571   0.996375
572   0.994355
573   0.992202
574   0.990121
575   0.988149
576   0.986426
577   0.984931
578   0.983744
579   0.982811
580   0.982174
581   0.981765
582   0.981603
583   0.981623
584   0.98183
585   0.982169
586   0.982639
587   0.983196
588   0.983837
589   0.984531
590   0.985272
591   0.98604
592   0.986829
593   0.987626
594   0.988426
595   0.989221
596   0.990005
597   0.990775
598   0.991524
599   0.99225
600   0.992948
601   0.993613
602   0.98001
603   0.979329
604   0.979284
605   0.980379
606   0.98454
607   0.989106
608   0.993316
609   0.996643
610   0.998818
611   0.999857
612   0.999876
613   0.999078
614   0.997697
615   0.995924
616   0.993979
617   0.991979
618   0.990084
619   0.988334
620   0.986827
621   0.98555
622   0.984552
623   0.98379
624   0.983288
625   0.982989
626   0.982903
627   0.982973
628   0.983206
629   0.983547
630   0.984005
631   0.984532
632   0.985137
633   0.985781
634   0.986475
635   0.987185
636   0.987923
637   0.988662
638   0.989413
639   0.990154
640   0.990894
641   0.991614
642   0.992323
643   0.993003
644   0.993661
645   0.978449
646   0.977383
647   0.97689
648   0.977891
649   0.981225
650   0.985834
651   0.990585
652   0.994604
653   0.997558
654   0.999303
655   0.999963
656   0.999706
657   0.998747
658   0.997323
659   0.995601
660   0.993787
661   0.991968
662   0.990284
663   0.988754
664   0.987461
665   0.98638
666   0.985552
667   0.984933
668   0.984539
669   0.984322
670   0.984284
671   0.984384
672   0.984617
673   0.98495
674   0.985375
675   0.985868
676   0.986422
677   0.98702
678   0.987655
679   0.988315
680   0.988994
681   0.989685
682   0.990381
683   0.991077
684   0.991767
685   0.992447
686   0.99311
687   0.993749
688   0.977181
689   0.975842
690   0.974762
691   0.974688
692   0.977804
693   0.982108
694   0.987356
695   0.99211
696   0.995796
697   0.998305
698   0.999633
699   0.999967
700   0.999507
701   0.998463
702   0.997061
703   0.995446
704   0.993797
705   0.992178
706   0.990708
707   0.989388
708   0.98829
709   0.987379
710   0.986694
711   0.986184
712   0.985874
713   0.985706
714   0.9857
715   0.985802
716   0.986027
717   0.986328
718   0.986721
719   0.987164
720   0.987673
721   0.988212
722   0.988798
723   0.9894
724   0.990032
725   0.990668
726   0.991322
727   0.991969
728   0.99262
729   0.993253
730   0.993876
731   0.976218
732   0.974517
733   0.973122
734   0.972798
735   0.974464
736   0.978357
737   0.983794
738   0.989128
739   0.993584
740   0.996814
741   0.998867
742   0.99983
743   0.999912
744   0.999325
745   0.998267
746   0.99694
747   0.995472
748   0.994005
749   0.992594
750   0.991324
751   0.990202
752   0.989268
753   0.988505
754   0.987926
755   0.987506
756   0.987244
757   0.987113
758   0.987109
759   0.987208
760   0.987403
761   0.987676
762   0.988019
763   0.988421
764   0.988873
765   0.989368
766   0.989896
767   0.990454
768   0.991033
769   0.991629
770   0.992234
771   0.992843
772   0.993448
773   0.994041
774   0.975616
775   0.973706
776   0.971868
777   0.970783
778   0.971433
779   0.973844
780   0.979792
781   0.985794
782   0.99086
783   0.994868
784   0.997618
785   0.999263
786   0.999928
787   0.999835
788   0.999193
789   0.998177
790   0.99697
791   0.995664
792   0.99439
793   0.99317
794   0.99209
795   0.991129
796   0.990341
797   0.989685
798   0.989197
799   0.988827
800   0.988605
801   0.98848
802   0.988477
803   0.988549
804   0.98872
805   0.988948
806   0.989255
807   0.989603
808   0.990014
809   0.990454
810   0.990943
811   0.99145
812   0.991992
813   0.992542
814   0.993112
815   0.993676
816   0.994243
817   0.97537
818   0.973202
819   0.971023
820   0.969325
821   0.96875
822   0.970699
823   0.975819
824   0.981987
825   0.987703
826   0.992382
827   0.995897
828   0.99822
829   0.999519
830   0.999966
831   0.999774
832   0.999137
833   0.998213
834   0.997143
835   0.996016
836   0.994918
837   0.993883
838   0.992955
839   0.992141
840   0.991456
841   0.990894
842   0.990457
843   0.990134
844   0.989919
845   0.989802
846   0.989776
847   0.989832
848   0.989962
849   0.99016
850   0.990417
851   0.99073
852   0.99109
853   0.991495
854   0.991936
855   0.992411
856   0.992909
857   0.993427
858   0.993953
859   0.994481
860   0.975481
861   0.973238
862   0.970637
863   0.968355
864   0.966576
865   0.966506
866   0.97176
867   0.978038
868   0.984112
869   0.989482
870   0.99367
871   0.996724
872   0.99865
873   0.999678
874   0.999976
875   0.999746
876   0.999164
877   0.998349
878   0.997434
879   0.996467
880   0.99554
881   0.994651
882   0.993864
883   0.993153
884   0.992562
885   0.992056
886   0.991668
887   0.991359
888   0.991158
889   0.991026
890   0.990989
891   0.991011
892   0.991117
893   0.991272
894   0.9915
895   0.991768
896   0.992099
897   0.992461
898   0.992875
899   0.993309
900   0.99378
901   0.994257
902   0.994751
903   0.975887
904   0.97345
905   0.970634
906   0.967716
907   0.965109
908   0.964653
909   0.968031
910   0.973818
911   0.9802
912   0.986083
913   0.991
914   0.994716
915   0.997322
916   0.998934
917   0.99976
918   0.999979
919   0.999766
920   0.999263
921   0.99858
922   0.997806
923   0.996998
924   0.996205
925   0.995455
926   0.994766
927   0.994153
928   0.993619
929   0.993168
930   0.992799
931   0.992513
932   0.992302
933   0.992169
934   0.992105
935   0.992111
936   0.99218
937   0.992314
938   0.992503
939   0.992748
940   0.993041
941   0.993382
942   0.993759
943   0.99417
944   0.994603
945   0.99505
946   0.976581
947   0.974214
948   0.971123
949   0.967948
950   0.964398
951   0.961959
952   0.964686
953   0.969507
954   0.975993
955   0.982398
956   0.987873
957   0.992298
958   0.995514
959   0.99775
960   0.999099
961   0.999796
962   0.999984
963   0.999816
964   0.999412
965   0.998848
966   0.998213
967   0.997531
968   0.996866
969   0.996213
970   0.995621
971   0.995069
972   0.994594
973   0.994171
974   0.993831
975   0.993544
976   0.99334
977   0.993189
978   0.993118
979   0.993097
980   0.993152
981   0.993254
982   0.993427
983   0.993641
984   0.993919
985   0.994229
986   0.994589
987   0.994966
988   0.995374
989   0.977481
990   0.975014
991   0.971947
992   0.968414
993   0.964649
994   0.961936
995   0.961919
996   0.965593
997   0.971761
998   0.97837
999   0.984423
1000   0.989396
1001   0.993271
1002   0.996076
1003   0.997988
1004   0.999167
1005   0.999787
1006   0.999987
1007   0.999887
1008   0.99958
1009   0.999138
1010   0.998615
1011   0.998054
1012   0.997483
1013   0.996928
1014   0.996398
1015   0.995912
1016   0.995471
1017   0.995085
1018   0.994753
1019   0.994483
1020   0.99427
1021   0.994121
1022   0.99403
1023   0.994003
1024   0.994035
1025   0.994128
1026   0.994277
1027   0.994482
1028   0.994734
1029   0.995032
1030   0.995362
1031   0.995718
1032   0.978589
1033   0.976304
1034   0.973182
1035   0.96971
1036   0.965617
1037   0.962052
1038   0.960516
1039   0.961345
1040   0.967462
1041   0.974331
1042   0.980637
1043   0.986215
1044   0.990599
1045   0.994012
1046   0.996428
1047   0.998115
1048   0.99916
1049   0.999751
1050   0.999978
1051   0.999948
1052   0.999736
1053   0.999393
1054   0.998978
1055   0.998508
1056   0.99803
1057   0.997542
1058   0.997081
1059   0.996636
1060   0.996239
1061   0.995871
1062   0.995564
1063   0.995295
1064   0.995092
1065   0.994933
1066   0.994845
1067   0.994803
1068   0.994834
1069   0.994911
1070   0.995057
1071   0.995243
1072   0.995489
1073   0.995763
1074   0.996077
1075   0.979821
1076   0.977567
1077   0.974672
1078   0.97119
1079   0.967172
1080   0.963224
1081   0.960085
1082   0.959962
1083   0.963864
1084   0.970146
1085   0.976724
1086   0.982652
1087   0.987604
1088   0.991504
1089   0.994457
1090   0.996612
1091   0.99811
1092   0.999095
1093   0.999674
1094   0.999947
1095   0.999989
1096   0.999861
1097   0.999614
1098   0.999283
1099   0.998904
1100   0.998494
1101   0.998078
1102   0.997664
1103   0.99727
1104   0.996899
1105   0.996565
1106   0.996267
1107   0.996018
1108   0.995814
1109   0.995666
1110   0.995571
1111   0.995536
1112   0.995557
1113   0.995637
1114   0.995771
1115   0.995957
1116   0.996184
1117   0.996445
1118   0.981158
1119   0.979174
1120   0.976404
1121   0.973237
1122   0.969258
1123   0.965283
1124   0.96109
1125   0.958214
1126   0.961244
1127   0.966406
1128   0.972861
1129   0.979137
1130   0.984388
1131   0.988788
1132   0.99215
1133   0.994778
1134   0.996679
1135   0.998066
1136   0.99899
1137   0.999581
1138   0.999892
1139   0.999998
1140   0.999945
1141   0.999774
1142   0.999524
1143   0.999212
1144   0.998872
1145   0.998508
1146   0.998148
1147   0.997789
1148   0.997457
1149   0.997142
1150   0.996871
1151   0.996629
1152   0.996444
1153   0.996297
1154   0.996216
1155   0.996178
1156   0.99621
1157   0.996284
1158   0.996423
1159   0.996596
1160   0.996817
1161   0.982512
1162   0.980629
1163   0.978186
1164   0.975178
1165   0.971551
1166   0.967506
1167   0.963305
1168   0.960196
1169   0.95975
1170   0.963548
1171   0.969441
1172   0.975591
1173   0.981139
1174   0.985821
1175   0.989598
1176   0.992611
1177   0.99492
1178   0.996682
1179   0.99796
1180   0.998869
1181   0.999462
1182   0.999817
1183   0.999977
1184   0.999989
1185   0.999888
1186   0.999702
1187   0.999458
1188   0.999172
1189   0.998865
1190   0.998544
1191   0.99823
1192   0.997924
1193   0.997642
1194   0.997386
1195   0.99717
1196   0.996992
1197   0.996866
1198   0.996788
1199   0.996767
1200   0.996799
1201   0.996884
1202   0.997015
1203   0.997187
1204   0.983868
1205   0.982258
1206   0.980011
1207   0.977402
1208   0.974039
1209   0.970427
1210   0.966266
1211   0.962676
1212   0.960941
1213   0.961302
1214   0.966596
1215   0.972657
1216   0.978076
1217   0.983019
1218   0.987007
1219   0.99036
1220   0.99298
1221   0.995085
1222   0.996675
1223   0.997888
1224   0.998753
1225   0.999356
1226   0.999733
1227   0.999937
1228   1
1229   0.999954
1230   0.999826
1231   0.999634
1232   0.999402
1233   0.999137
1234   0.998863
1235   0.998579
1236   0.99831
1237   0.99805
1238   0.997823
1239   0.997622
1240   0.997469
1241   0.997353
1242   0.997297
1243   0.997282
1244   0.997329
1245   0.997413
1246   0.997547
1247   0.985163
1248   0.983672
1249   0.981753
1250   0.979386
1251   0.976512
1252   0.973207
1253   0.969603
1254   0.966104
1255   0.963404
1256   0.962942
1257   0.965085
1258   0.970219
1259   0.975442
1260   0.980365
1261   0.984508
1262   0.988074
1263   0.990954
1264   0.99334
1265   0.995208
1266   0.996696
1267   0.997815
1268   0.998658
1269   0.999249
1270   0.999649
1271   0.999883
1272   0.999988
1273   0.999989
1274   0.999907
1275   0.999765
1276   0.999575
1277   0.999356
1278   0.999115
1279   0.998871
1280   0.998628
1281   0.998401
1282   0.998194
1283   0.998022
1284   0.997885
1285   0.997794
1286   0.997749
1287   0.997754
1288   0.997804
1289   0.997896
1290   0.986398
1291   0.985135
1292   0.983419
1293   0.981431
1294   0.978904
1295   0.976155
1296   0.972973
1297   0.969972
1298   0.96707
1299   0.965246
1300   0.966446
1301   0.969267
1302   0.973874
1303   0.978525
1304   0.982529
1305   0.986123
1306   0.989122
1307   0.991673
1308   0.99374
1309   0.995434
1310   0.996764
1311   0.997811
1312   0.998596
1313   0.999177
1314   0.999575
1315   0.999831
1316   0.999963
1317   0.999999
1318   0.999957
1319   0.999852
1320   0.999702
1321   0.999516
1322   0.999314
1323   0.999098
1324   0.998889
1325   0.998685
1326   0.998509
1327   0.998355
1328   0.998247
1329   0.998172
1330   0.99815
1331   0.998163
1332   0.998225
1333   0.987539
1334   0.986386
1335   0.984943
1336   0.983192
1337   0.981108
1338   0.978723
1339   0.976144
1340   0.973464
1341   0.971084
1342   0.96921
1343   0.96885
1344   0.970581
1345   0.973443
1346   0.977464
1347   0.981094
1348   0.984589
1349   0.987547
1350   0.990175
1351   0.992338
1352   0.994181
1353   0.99566
1354   0.996877
1355   0.997822
1356   0.998566
1357   0.999115
1358   0.999515
1359   0.999777
1360   0.999933
1361   0.999995
1362   0.999984
1363   0.999913
1364   0.999794
1365   0.999644
1366   0.99947
1367   0.999287
1368   0.999102
1369   0.998931
1370   0.998777
1371   0.998653
1372   0.998563
1373   0.998514
1374   0.998504
1375   0.998532
1376   0.988598
1377   0.987616
1378   0.986343
1379   0.984884
1380   0.983093
1381   0.981143
1382   0.978943
1383   0.976765
1384   0.974663
1385   0.973041
1386   0.972337
1387   0.972728
1388   0.974851
1389   0.977647
1390   0.980752
1391   0.98377
1392   0.986551
1393   0.989046
1394   0.991211
1395   0.993081
1396   0.994647
1397   0.99596
1398   0.997026
1399   0.997892
1400   0.998568
1401   0.999091
1402   0.999472
1403   0.999739
1404   0.999903
1405   0.999985
1406   0.999996
1407   0.999949
1408   0.999859
1409   0.999735
1410   0.999591
1411   0.999432
1412   0.999278
1413   0.999129
1414   0.999005
1415   0.998901
1416   0.998839
1417   0.998804
1418   0.998812
1419   0.989565
1420   0.988676
1421   0.987603
1422   0.986336
1423   0.98487
1424   0.983215
1425   0.981456
1426   0.979621
1427   0.97797
1428   0.976536
1429   0.975849
1430   0.975787
1431   0.976854
1432   0.978796
1433   0.981095
1434   0.983622
1435   0.986016
1436   0.988317
1437   0.990345
1438   0.992183
1439   0.993747
1440   0.995113
1441   0.996243
1442   0.997201
1443   0.99797
1444   0.998597
1445   0.999077
1446   0.999446
1447   0.999705
1448   0.999877
1449   0.99997
1450   0.999999
1451   0.999974
1452   0.999905
1453   0.999806
1454   0.999685
1455   0.999555
1456   0.999423
1457   0.999302
1458   0.999199
1459   0.999124
1460   0.999078
1461   0.999063
1462   0.990454
1463   0.989686
1464   0.988744
1465   0.987684
1466   0.986434
1467   0.985082
1468   0.983603
1469   0.982122
1470   0.980713
1471   0.979521
1472   0.97878
1473   0.978533
1474   0.979144
1475   0.980358
1476   0.982077
1477   0.984016
1478   0.986036
1479   0.988008
1480   0.989859
1481   0.991557
1482   0.993071
1483   0.994411
1484   0.995566
1485   0.996561
1486   0.997393
1487   0.998088
1488   0.998648
1489   0.999096
1490   0.999437
1491   0.999689
1492   0.999857
1493   0.999957
1494   0.999997
1495   0.999986
1496   0.999937
1497   0.999856
1498   0.999758
1499   0.999648
1500   0.999542
1501   0.999442
1502   0.999366
1503   0.999308
1504   0.999283
1505   0.991265
1506   0.990574
1507   0.989773
1508   0.988858
1509   0.98783
1510   0.986693
1511   0.985505
1512   0.984273
1513   0.983147
1514   0.982127
1515   0.981467
1516   0.98114
1517   0.98139
1518   0.982155
1519   0.983326
1520   0.984805
1521   0.986393
1522   0.98806
1523   0.989652
1524   0.991193
1525   0.992585
1526   0.993871
1527   0.994994
1528   0.996
1529   0.996853
1530   0.997595
1531   0.998206
1532   0.998719
1533   0.999123
1534   0.999445
1535   0.999679
1536   0.999845
1537   0.999946
1538   0.999993
1539   0.999994
1540   0.999958
1541   0.999896
1542   0.999815
1543   0.999728
1544   0.999641
1545   0.999566
1546   0.999507
1547   0.999471
1548   0.99201
1549   0.991406
1550   0.990705
1551   0.989932
1552   0.989059
1553   0.988124
1554   0.987131
1555   0.986132
1556   0.985183
1557   0.984345
1558   0.983737
1559   0.983398
1560   0.983476
1561   0.983923
1562   0.984741
1563   0.985811
1564   0.987062
1565   0.988399
1566   0.989756
1567   0.991085
1568   0.992346
1569   0.993522
1570   0.994592
1571   0.99556
1572   0.996413
1573   0.997163
1574   0.997806
1575   0.998354
1576   0.998807
1577   0.999177
1578   0.999466
1579   0.999687
1580   0.999841
1581   0.99994
1582   0.999989
1583   0.999997
1584   0.999972
1585   0.999923
1586   0.999859
1587   0.999788
1588   0.999722
1589   0.999664
1590   0.999626
1591   0.992693
1592   0.992152
1593   0.991551
1594   0.990885
1595   0.99016
1596   0.989376
1597   0.988571
1598   0.987743
1599   0.986978
1600   0.986271
1601   0.985753
1602   0.985415
1603   0.98538
1604   0.985628
1605   0.986161
1606   0.986937
1607   0.987874
1608   0.988944
1609   0.990049
1610   0.99119
1611   0.992283
1612   0.99335
1613   0.994327
1614   0.995246
1615   0.996062
1616   0.996808
1617   0.997451
1618   0.998022
1619   0.998499
1620   0.998908
1621   0.999235
1622   0.999501
1623   0.999699
1624   0.999844
1625   0.999936
1626   0.999986
1627   0.999998
1628   0.999982
1629   0.999945
1630   0.999894
1631   0.99984
1632   0.99979
1633   0.99975
1634   0.993322
1635   0.992845
1636   0.992319
1637   0.991751
1638   0.991135
1639   0.990485
1640   0.989812
1641   0.989138
1642   0.988497
1643   0.987919
1644   0.987463
1645   0.987156
1646   0.987065
1647   0.987186
1648   0.987539
1649   0.988085
1650   0.988796
1651   0.989625
1652   0.990529
1653   0.991472
1654   0.992418
1655   0.993348
1656   0.994235
1657   0.995073
1658   0.995846
1659   0.996554
1660   0.997187
1661   0.997752
1662   0.998242
1663   0.998666
1664   0.99902
1665   0.999314
1666   0.999546
1667   0.999725
1668   0.999853
1669   0.999938
1670   0.999984
1671   0.999999
1672   0.999988
1673   0.999959
1674   0.999921
1675   0.99988
1676   0.999845
1677   0.9939
1678   0.993476
1679   0.993019
1680   0.992529
1681   0.992012
1682   0.991465
1683   0.990914
1684   0.990353
1685   0.989833
1686   0.989346
1687   0.988965
1688   0.988682
1689   0.988566
1690   0.988607
1691   0.988828
1692   0.989213
1693   0.989736
1694   0.990383
1695   0.991098
1696   0.991883
1697   0.992674
1698   0.993487
1699   0.994264
1700   0.995028
1701   0.995731
1702   0.996401
1703   0.996999
1704   0.997553
1705   0.998033
1706   0.998465
1707   0.998827
1708   0.999141
1709   0.999393
1710   0.999599
1711   0.999753
1712   0.999868
1713   0.999942
1714   0.999984
1715   0.999999
1716   0.999992
1717   0.999971
1718   0.999943
1719   0.999914
1720   0.994433
1721   0.994057
1722   0.993657
1723   0.993235
1724   0.992792
1725   0.992334
1726   0.991869
1727   0.991408
1728   0.99097
1729   0.990571
1730   0.990242
1731   0.989999
1732   0.989873
1733   0.989873
1734   0.990012
1735   0.990284
1736   0.990677
1737   0.991175
1738   0.991752
1739   0.992389
1740   0.993059
1741   0.993748
1742   0.994433
1743   0.995105
1744   0.995747
1745   0.996356
1746   0.996919
1747   0.997438
1748   0.997905
1749   0.998323
1750   0.998687
1751   0.999002
1752   0.999266
1753   0.999484
1754   0.999657
1755   0.999791
1756   0.999886
1757   0.99995
1758   0.999986
1759   0.999999
1760   0.999995
1761   0.999979
1762   0.999959
1763   0.994925
1764   0.994591
1765   0.99424
1766   0.993873
1767   0.993496
1768   0.993105
1769   0.992718
1770   0.992329
1771   0.991971
1772   0.991632
1773   0.99136
1774   0.991144
1775   0.991027
1776   0.991
1777   0.991088
1778   0.991282
1779   0.991576
1780   0.991967
1781   0.992424
1782   0.992951
1783   0.993505
1784   0.994098
1785   0.994683
1786   0.995281
1787   0.995847
1788   0.996405
1789   0.996915
1790   0.997403
1791   0.997837
1792   0.998241
1793   0.998589
1794   0.998902
1795   0.999164
1796   0.99939
1797   0.99957
1798   0.999718
1799   0.999826
1800   0.999907
1801   0.999958
1802   0.999988
1803   0.999999
1804   0.999996
1805   0.999986
1806   0.995378
1807   0.995081
1808   0.994772
1809   0.994452
1810   0.994124
1811   0.99379
1812   0.993458
1813   0.993133
1814   0.992826
1815   0.992548
1816   0.992314
1817   0.992135
1818   0.992027
1819   0.991997
1820   0.992055
1821   0.992201
1822   0.992432
1823   0.992741
1824   0.993116
1825   0.993546
1826   0.994016
1827   0.994514
1828   0.995024
1829   0.995539
1830   0.996045
1831   0.996537
1832   0.997004
1833   0.997443
1834   0.997849
1835   0.998221
1836   0.998554
1837   0.998849
1838   0.999106
1839   0.999326
1840   0.999509
1841   0.999659
1842   0.999776
1843   0.999864
1844   0.999927
1845   0.999968
1846   0.99999
1847   0.999999
1848   0.999997
