##### Y Variance #####
0   0.999998
1   0.999945
2   0.999795
3   0.999526
4   0.999126
5   0.99861
6   0.997994
7   0.997315
8   0.996596
9   0.995878
10   0.995178
11   0.994526
12   0.993934
13   0.993421
14   0.992987
15   0.992644
16   0.992387
17   0.992218
18   0.992129
19   0.992118
20   0.992174
21   0.992292
22   0.992462
23   0.992677
24   0.992929
25   0.99321
26   0.993513
27   0.993832
28   0.994161
29   0.994495
30   0.994829
31   0.995161
32   0.995485
33   0.995802
34   0.996107
35   0.996401
36   0.99668
37   0.996946
38   0.997197
39   0.997433
40   0.997654
41   0.997861
42   0.998053
43   0.999988
44   0.999992
45   0.999889
46   0.999654
47   0.99924
48   0.998711
49   0.998021
50   0.997294
51   0.996473
52   0.995695
53   0.994891
54   0.994186
55   0.993504
56   0.992952
57   0.992452
58   0.992089
59   0.991789
60   0.991617
61   0.991507
62   0.991508
63   0.991561
64   0.991702
65   0.991882
66   0.992127
67   0.992398
68   0.992711
69   0.993039
70   0.993391
71   0.993746
72   0.994112
73   0.994473
74   0.994833
75   0.995184
76   0.995526
77   0.995855
78   0.996172
79   0.996472
80   0.996758
81   0.997027
82   0.997281
83   0.997518
84   0.997738
85   0.997944
86   0.999914
87   0.99999
88   0.999976
89   0.999811
90   0.99945
91   0.998914
92   0.998215
93   0.997417
94   0.996548
95   0.995669
96   0.994803
97   0.993997
98   0.993259
99   0.99262
100   0.992078
101   0.99165
102   0.991325
103   0.991113
104   0.990996
105   0.990976
106   0.991036
107   0.991173
108   0.991371
109   0.991624
110   0.991919
111   0.992249
112   0.992603
113   0.992977
114   0.99336
115   0.993748
116   0.994136
117   0.99452
118   0.994896
119   0.99526
120   0.995612
121   0.995949
122   0.99627
123   0.996574
124   0.996861
125   0.997131
126   0.997383
127   0.997618
128   0.997837
129   0.999744
130   0.999904
131   0.999998
132   0.999938
133   0.999657
134   0.999174
135   0.99847
136   0.997661
137   0.996724
138   0.995798
139   0.994836
140   0.99397
141   0.993135
142   0.992441
143   0.991816
144   0.991347
145   0.990962
146   0.990725
147   0.990569
148   0.990541
149   0.990581
150   0.990723
151   0.990917
152   0.991184
153   0.991485
154   0.991835
155   0.992203
156   0.992599
157   0.993
158   0.993412
159   0.99382
160   0.994227
161   0.994622
162   0.995008
163   0.995379
164   0.995736
165   0.996075
166   0.996397
167   0.996701
168   0.996986
169   0.997253
170   0.997501
171   0.997732
172   0.999444
173   0.999678
174   0.999914
175   1
176   0.999859
177   0.999466
178   0.99883
179   0.99802
180   0.997081
181   0.99609
182   0.995085
183   0.994125
184   0.993232
185   0.992442
186   0.991761
187   0.99121
188   0.990781
189   0.990481
190   0.990298
191   0.990228
192   0.990255
193   0.990374
194   0.990566
195   0.990825
196   0.991134
197   0.991485
198   0.991866
199   0.992271
200   0.992688
201   0.993113
202   0.993538
203   0.99396
204   0.994374
205   0.994776
206   0.995164
207   0.995537
208   0.995892
209   0.996229
210   0.996548
211   0.996847
212   0.997128
213   0.997389
214   0.997633
215   0.998992
216   0.999316
217   0.999693
218   0.999948
219   0.999977
220   0.999725
221   0.999181
222   0.998437
223   0.9975
224   0.996507
225   0.995443
226   0.994441
227   0.99346
228   0.992612
229   0.991842
230   0.991235
231   0.990729
232   0.990386
233   0.990142
234   0.990043
235   0.99003
236   0.990133
237   0.990301
238   0.990554
239   0.990852
240   0.991206
241   0.991586
242   0.991998
243   0.99242
244   0.992857
245   0.993291
246   0.993726
247   0.994151
248   0.994567
249   0.994968
250   0.995355
251   0.995723
252   0.996074
253   0.996405
254   0.996718
255   0.997011
256   0.997284
257   0.997539
258   0.998366
259   0.99871
260   0.999277
261   0.999735
262   0.999986
263   0.999921
264   0.999537
265   0.998884
266   0.998022
267   0.997029
268   0.995969
269   0.994906
270   0.993886
271   0.992952
272   0.992126
273   0.99143
274   0.990868
275   0.990447
276   0.990159
277   0.989998
278   0.989953
279   0.990011
280   0.990159
281   0.990384
282   0.990671
283   0.991009
284   0.991385
285   0.99179
286   0.992215
287   0.992651
288   0.993091
289   0.99353
290   0.993963
291   0.994386
292   0.994797
293   0.995193
294   0.995572
295   0.995933
296   0.996276
297   0.996599
298   0.996903
299   0.997187
300   0.997452
301   0.997584
302   0.997991
303   0.998682
304   0.999351
305   0.999843
306   1
307   0.999807
308   0.999307
309   0.998536
310   0.997609
311   0.996549
312   0.995485
313   0.99441
314   0.993435
315   0.992529
316   0.991778
317   0.991134
318   0.990658
319   0.990297
320   0.990092
321   0.989987
322   0.990012
323   0.990116
324   0.990317
325   0.990574
326   0.990898
327   0.991255
328   0.991653
329   0.992067
330   0.9925
331   0.992936
332   0.993377
333   0.993811
334   0.994239
335   0.994653
336   0.995056
337   0.995442
338   0.995811
339   0.996161
340   0.996494
341   0.996807
342   0.9971
343   0.997374
344   0.996665
345   0.996945
346   0.997833
347   0.998726
348   0.999488
349   0.999923
350   0.999975
351   0.999665
352   0.999051
353   0.998206
354   0.997214
355   0.996146
356   0.995071
357   0.994039
358   0.993096
359   0.992266
360   0.99157
361   0.991013
362   0.990599
363   0.990321
364   0.990171
365   0.990135
366   0.990204
367   0.990358
368   0.990588
369   0.990877
370   0.991216
371   0.991589
372   0.991991
373   0.992409
374   0.992838
375   0.99327
376   0.993702
377   0.994126
378   0.994542
379   0.994945
380   0.995335
381   0.995708
382   0.996065
383   0.996403
384   0.996723
385   0.997024
386   0.997306
387   0.995721
388   0.996049
389   0.996829
390   0.997873
391   0.998911
392   0.999645
393   0.999981
394   0.99991
395   0.999479
396   0.998778
397   0.997863
398   0.996851
399   0.995772
400   0.994736
401   0.993741
402   0.992874
403   0.992106
404   0.991498
405   0.99101
406   0.99068
407   0.990462
408   0.990381
409   0.990392
410   0.990508
411   0.990692
412   0.990951
413   0.991254
414   0.991605
415   0.991981
416   0.992383
417   0.992794
418   0.993215
419   0.993635
420   0.994054
421   0.994464
422   0.994866
423   0.995254
424   0.995629
425   0.995988
426   0.99633
427   0.996655
428   0.996962
429   0.99725
430   0.99475
431   0.994936
432   0.995704
433   0.996725
434   0.998077
435   0.999147
436   0.999791
437   0.999999
438   0.999806
439   0.999277
440   0.998501
441   0.997557
442   0.996532
443   0.995489
444   0.994492
445   0.993573
446   0.992771
447   0.992093
448   0.991558
449   0.991155
450   0.990888
451   0.990738
452   0.990703
453   0.990761
454   0.990905
455   0.991116
456   0.991386
457   0.991698
458   0.992048
459   0.99242
460   0.992812
461   0.993212
462   0.993619
463   0.994023
464   0.994425
465   0.994818
466   0.995202
467   0.995573
468   0.995933
469   0.996275
470   0.996603
471   0.996913
472   0.997206
473   0.993795
474   0.993929
475   0.994512
476   0.99559
477   0.997059
478   0.998413
479   0.99939
480   0.999903
481   0.999977
482   0.999669
483   0.999052
484   0.998232
485   0.997269
486   0.996272
487   0.995268
488   0.994344
489   0.993497
490   0.992786
491   0.992187
492   0.991738
493   0.991404
494   0.991206
495   0.991107
496   0.991118
497   0.991206
498   0.991375
499   0.991597
500   0.991874
501   0.992184
502   0.992528
503   0.992889
504   0.993266
505   0.99365
506   0.994038
507   0.994424
508   0.994806
509   0.995181
510   0.995547
511   0.995901
512   0.996243
513   0.99657
514   0.996882
515   0.997176
516   0.992861
517   0.992836
518   0.993266
519   0.994117
520   0.99584
521   0.997474
522   0.998759
523   0.999601
524   0.999972
525   0.999917
526   0.999508
527   0.998832
528   0.997986
529   0.997042
530   0.996083
531   0.99515
532   0.9943
533   0.993545
534   0.992916
535   0.992406
536   0.992028
537   0.991764
538   0.991618
539   0.991565
540   0.991606
541   0.991717
542   0.991897
543   0.992124
544   0.992397
545   0.992699
546   0.993029
547   0.993374
548   0.993733
549   0.994096
550   0.994465
551   0.994829
552   0.995193
553   0.995547
554   0.995895
555   0.99623
556   0.996556
557   0.996866
558   0.997162
559   0.991981
560   0.991825
561   0.992044
562   0.992894
563   0.994516
564   0.996327
565   0.997917
566   0.99908
567   0.999773
568   0.999998
569   0.999823
570   0.999337
571   0.998622
572   0.997782
573   0.996871
574   0.995977
575   0.995119
576   0.994359
577   0.993691
578   0.993151
579   0.992718
580   0.992411
581   0.992203
582   0.992103
583   0.992083
584   0.992147
585   0.99227
586   0.992453
587   0.992677
588   0.99294
589   0.993229
590   0.993541
591   0.993867
592   0.994204
593   0.994547
594   0.994893
595   0.995238
596   0.99558
597   0.995916
598   0.996244
599   0.996563
600   0.99687
601   0.997163
602   0.991177
603   0.990863
604   0.990846
605   0.991311
606   0.993054
607   0.995
608   0.996848
609   0.998343
610   0.99936
611   0.999893
612   0.999983
613   0.99971
614   0.999171
615   0.998448
616   0.997633
617   0.996781
618   0.99596
619   0.995191
620   0.99452
621   0.993941
622   0.99348
623   0.993118
624   0.992869
625   0.992708
626   0.992642
627   0.992645
628   0.992721
629   0.992848
630   0.993027
631   0.99324
632   0.99349
633   0.993759
634   0.994052
635   0.994355
636   0.994672
637   0.994991
638   0.995317
639   0.99564
640   0.995964
641   0.996279
642   0.996591
643   0.996891
644   0.997181
645   0.990476
646   0.989998
647   0.98978
648   0.990186
649   0.991557
650   0.993509
651   0.995585
652   0.997381
653   0.998741
654   0.999587
655   0.999965
656   0.999937
657   0.999592
658   0.999028
659   0.998319
660   0.997553
661   0.996771
662   0.996034
663   0.995355
664   0.994771
665   0.994275
666   0.993885
667   0.993586
668   0.993383
669   0.993259
670   0.993215
671   0.993233
672   0.993312
673   0.993436
674   0.993604
675   0.993805
676   0.994034
677   0.994286
678   0.994555
679   0.994838
680   0.995131
681   0.995431
682   0.995735
683   0.996039
684   0.996342
685   0.996642
686   0.996934
687   0.997217
688   0.989905
689   0.989299
690   0.988835
691   0.988794
692   0.99003
693   0.991805
694   0.9941
695   0.996216
696   0.997895
697   0.999079
698   0.999755
699   0.999994
700   0.999875
701   0.999487
702   0.998924
703   0.998252
704   0.997549
705   0.996845
706   0.996196
707   0.995603
708   0.995101
709   0.994677
710   0.994349
711   0.994097
712   0.993933
713   0.993832
714   0.993804
715   0.993825
716   0.993903
717   0.994016
718   0.994173
719   0.994354
720   0.994566
721   0.994794
722   0.995045
723   0.995304
724   0.995579
725   0.995856
726   0.996142
727   0.996426
728   0.996714
729   0.996993
730   0.997269
731   0.989472
732   0.988714
733   0.988099
734   0.987923
735   0.988548
736   0.990143
737   0.992483
738   0.994838
739   0.996849
740   0.998349
741   0.999347
742   0.999867
743   0.999993
744   0.999812
745   0.999409
746   0.998869
747   0.998251
748   0.997619
749   0.997
750   0.996433
751   0.995923
752   0.995491
753   0.995131
754   0.994851
755   0.994639
756   0.994498
757   0.994416
758   0.994391
759   0.994414
760   0.994482
761   0.994586
762   0.994724
763   0.994889
764   0.995079
765   0.99529
766   0.995517
767   0.995759
768   0.996011
769   0.996273
770   0.996539
771   0.996808
772   0.997075
773   0.997339
774   0.989197
775   0.988342
776   0.987536
777   0.987041
778   0.987212
779   0.98814
780   0.990688
781   0.993312
782   0.99558
783   0.997417
784   0.998722
785   0.999547
786   0.999934
787   0.999977
788   0.999762
789   0.999366
790   0.998869
791   0.998313
792   0.997759
793   0.997218
794   0.99673
795   0.996289
796   0.995921
797   0.995608
798   0.995369
799   0.995182
800   0.995061
801   0.994985
802   0.994964
803   0.994978
804   0.995038
805   0.995125
806   0.995249
807   0.995394
808   0.995568
809   0.995757
810   0.995969
811   0.99619
812   0.996428
813   0.99667
814   0.996923
815   0.997172
816   0.997425
817   0.989082
818   0.988117
819   0.98715
820   0.986375
821   0.986045
822   0.986781
823   0.988924
824   0.991594
825   0.994128
826   0.996252
827   0.997891
828   0.999014
829   0.999685
830   0.99997
831   0.999959
832   0.999735
833   0.999368
834   0.998922
835   0.998437
836   0.997954
837   0.997491
838   0.997069
839   0.996692
840   0.99637
841   0.996101
842   0.995886
843   0.995722
844   0.995608
845   0.995538
846   0.99551
847   0.99552
848   0.995565
849   0.995642
850   0.995746
851   0.995878
852   0.996032
853   0.996207
854   0.9964
855   0.996608
856   0.996828
857   0.997058
858   0.997292
859   0.997527
860   0.989123
861   0.988123
862   0.986972
863   0.985946
864   0.985108
865   0.984983
866   0.987149
867   0.98982
868   0.992497
869   0.994912
870   0.996842
871   0.998285
872   0.999233
873   0.999777
874   0.999986
875   0.999947
876   0.999736
877   0.999407
878   0.999021
879   0.998601
880   0.998189
881   0.997788
882   0.997427
883   0.997097
884   0.996818
885   0.996575
886   0.996385
887   0.996231
888   0.996125
889   0.996052
890   0.996022
891   0.99602
892   0.996057
893   0.996117
894   0.996212
895   0.996326
896   0.996469
897   0.996627
898   0.996809
899   0.997001
900   0.99721
901   0.997422
902   0.997643
903   0.989295
904   0.988212
905   0.986967
906   0.985672
907   0.984497
908   0.984206
909   0.985529
910   0.98796
911   0.990743
912   0.99337
913   0.995609
914   0.997338
915   0.998583
916   0.999385
917   0.999829
918   0.999992
919   0.999948
920   0.999762
921   0.999483
922   0.999152
923   0.998799
924   0.998444
925   0.998103
926   0.997787
927   0.997501
928   0.997249
929   0.997034
930   0.996855
931   0.996713
932   0.996606
933   0.996535
934   0.996496
935   0.99649
936   0.996513
937   0.996566
938   0.996645
939   0.996751
940   0.996879
941   0.997029
942   0.997196
943   0.99738
944   0.997573
945   0.997773
946   0.989596
947   0.988542
948   0.987181
949   0.98578
950   0.98422
951   0.983117
952   0.984114
953   0.986053
954   0.988877
955   0.991717
956   0.994189
957   0.996222
958   0.997731
959   0.998807
960   0.999481
961   0.999857
962   0.999993
963   0.999958
964   0.999806
965   0.999574
966   0.9993
967   0.998999
968   0.9987
969   0.998403
970   0.99813
971   0.997873
972   0.99765
973   0.997449
974   0.997285
975   0.997146
976   0.997045
977   0.996969
978   0.996929
979   0.996913
980   0.996932
981   0.996973
982   0.997047
983   0.997141
984   0.997263
985   0.997401
986   0.997562
987   0.997731
988   0.997914
989   0.989989
990   0.988896
991   0.987547
992   0.986001
993   0.984356
994   0.983123
995   0.982967
996   0.984406
997   0.987034
998   0.989939
999   0.992646
1000   0.994908
1001   0.996699
1002   0.998021
1003   0.998943
1004   0.999531
1005   0.999859
1006   0.999989
1007   0.999976
1008   0.99986
1009   0.999676
1010   0.999449
1011   0.9992
1012   0.998943
1013   0.998689
1014   0.998445
1015   0.998219
1016   0.998013
1017   0.997831
1018   0.997673
1019   0.997544
1020   0.997441
1021   0.997368
1022   0.997321
1023   0.997305
1024   0.997315
1025   0.997354
1026   0.997419
1027   0.99751
1028   0.997622
1029   0.997756
1030   0.997904
1031   0.998064
1032   0.990475
1033   0.989461
1034   0.988092
1035   0.986574
1036   0.9848
1037   0.983241
1038   0.98242
1039   0.982599
1040   0.985195
1041   0.988179
1042   0.990979
1043   0.993491
1044   0.995496
1045   0.997079
1046   0.998218
1047   0.999028
1048   0.999544
1049   0.999848
1050   0.99998
1051   0.99999
1052   0.999911
1053   0.999768
1054   0.999586
1055   0.999377
1056   0.99916
1057   0.998937
1058   0.998725
1059   0.998518
1060   0.998333
1061   0.998162
1062   0.998017
1063   0.99789
1064   0.997794
1065   0.997718
1066   0.997674
1067   0.997653
1068   0.997664
1069   0.997697
1070   0.997762
1071   0.997846
1072   0.997956
1073   0.99808
1074   0.998222
1075   0.991017
1076   0.99002
1077   0.98875
1078   0.987231
1079   0.985483
1080   0.983748
1081   0.98231
1082   0.982114
1083   0.983691
1084   0.986389
1085   0.98928
1086   0.991929
1087   0.99417
1088   0.995957
1089   0.997326
1090   0.998339
1091   0.999051
1092   0.999529
1093   0.999818
1094   0.999964
1095   0.999999
1096   0.999953
1097   0.999849
1098   0.999704
1099   0.999533
1100   0.999347
1101   0.999157
1102   0.998966
1103   0.998784
1104   0.998612
1105   0.998456
1106   0.998318
1107   0.998201
1108   0.998106
1109   0.998036
1110   0.997991
1111   0.997974
1112   0.997982
1113   0.998018
1114   0.998078
1115   0.998163
1116   0.998266
1117   0.998384
1118   0.991606
1119   0.990726
1120   0.989512
1121   0.988127
1122   0.986395
1123   0.984654
1124   0.982791
1125   0.981472
1126   0.982657
1127   0.984807
1128   0.987631
1129   0.990413
1130   0.992771
1131   0.994765
1132   0.996304
1133   0.997518
1134   0.998404
1135   0.999058
1136   0.999498
1137   0.999784
1138   0.999939
1139   0.999998
1140   0.999981
1141   0.999909
1142   0.999798
1143   0.999657
1144   0.999502
1145   0.999334
1146   0.999169
1147   0.999003
1148   0.998849
1149   0.998704
1150   0.998578
1151   0.998466
1152   0.99838
1153   0.998313
1154   0.998275
1155   0.998257
1156   0.998271
1157   0.998306
1158   0.998369
1159   0.998448
1160   0.998549
1161   0.992203
1162   0.991369
1163   0.990294
1164   0.988978
1165   0.987396
1166   0.985631
1167   0.98379
1168   0.982394
1169   0.982116
1170   0.98367
1171   0.986204
1172   0.988909
1173   0.991377
1174   0.993481
1175   0.995191
1176   0.996566
1177   0.997626
1178   0.99844
1179   0.999034
1180   0.999459
1181   0.999739
1182   0.999908
1183   0.999987
1184   0.999996
1185   0.999953
1186   0.999869
1187   0.999757
1188   0.999626
1189   0.999485
1190   0.999337
1191   0.999192
1192   0.99905
1193   0.99892
1194   0.998802
1195   0.998703
1196   0.998621
1197   0.998564
1198   0.998528
1199   0.998519
1200   0.998534
1201   0.998574
1202   0.998634
1203   0.998713
1204   0.9928
1205   0.992085
1206   0.991096
1207   0.98995
1208   0.988482
1209   0.986906
1210   0.985099
1211   0.983536
1212   0.982709
1213   0.982781
1214   0.985054
1215   0.987692
1216   0.990087
1217   0.992288
1218   0.994078
1219   0.995591
1220   0.996781
1221   0.99774
1222   0.998467
1223   0.999024
1224   0.999422
1225   0.999701
1226   0.999876
1227   0.999971
1228   1
1229   0.999979
1230   0.99992
1231   0.999831
1232   0.999723
1233   0.9996
1234   0.999473
1235   0.999342
1236   0.999218
1237   0.999099
1238   0.998995
1239   0.998902
1240   0.998833
1241   0.99878
1242   0.998756
1243   0.99875
1244   0.998772
1245   0.998811
1246   0.998874
1247   0.993372
1248   0.992709
1249   0.991862
1250   0.990822
1251   0.989564
1252   0.988124
1253   0.986557
1254   0.985036
1255   0.983845
1256   0.983591
1257   0.984489
1258   0.986707
1259   0.988996
1260   0.991173
1261   0.993017
1262   0.994613
1263   0.995907
1264   0.996983
1265   0.997828
1266   0.998503
1267   0.999011
1268   0.999395
1269   0.999663
1270   0.999844
1271   0.999949
1272   0.999996
1273   0.999994
1274   0.999954
1275   0.999887
1276   0.999798
1277   0.999695
1278   0.999584
1279   0.999471
1280   0.999358
1281   0.999254
1282   0.99916
1283   0.999081
1284   0.999019
1285   0.998978
1286   0.998959
1287   0.998963
1288   0.998987
1289   0.99903
1290   0.993917
1291   0.993354
1292   0.992595
1293   0.991719
1294   0.990612
1295   0.989411
1296   0.988028
1297   0.986723
1298   0.985459
1299   0.984658
1300   0.985151
1301   0.986356
1302   0.988373
1303   0.990418
1304   0.99219
1305   0.993787
1306   0.995125
1307   0.996267
1308   0.997195
1309   0.997956
1310   0.998555
1311   0.999026
1312   0.999379
1313   0.99964
1314   0.999817
1315   0.99993
1316   0.999987
1317   0.999999
1318   0.999976
1319   0.999925
1320   0.999854
1321   0.999766
1322   0.999672
1323   0.999571
1324   0.999475
1325   0.999381
1326   0.999301
1327   0.999231
1328   0.999182
1329   0.999149
1330   0.99914
1331   0.999148
1332   0.999178
1333   0.994422
1334   0.993908
1335   0.993268
1336   0.992496
1337   0.99158
1338   0.990537
1339   0.989412
1340   0.988247
1341   0.987212
1342   0.986402
1343   0.986249
1344   0.986989
1345   0.988241
1346   0.99
1347   0.991601
1348   0.993145
1349   0.994459
1350   0.995628
1351   0.996593
1352   0.997417
1353   0.998078
1354   0.998622
1355   0.999045
1356   0.999377
1357   0.99962
1358   0.999796
1359   0.99991
1360   0.999976
1361   0.999999
1362   0.999989
1363   0.999953
1364   0.999895
1365   0.999824
1366   0.999742
1367   0.999657
1368   0.999571
1369   0.999492
1370   0.999422
1371   0.999366
1372   0.999326
1373   0.999305
1374   0.999302
1375   0.999316
1376   0.994892
1377   0.994453
1378   0.993888
1379   0.993242
1380   0.992454
1381   0.991599
1382   0.990638
1383   0.989689
1384   0.988778
1385   0.988077
1386   0.987778
1387   0.987955
1388   0.988884
1389   0.990112
1390   0.991479
1391   0.992811
1392   0.994042
1393   0.99515
1394   0.996112
1395   0.996945
1396   0.997642
1397   0.998227
1398   0.998702
1399   0.999087
1400   0.999386
1401   0.999616
1402   0.999782
1403   0.999897
1404   0.999965
1405   0.999997
1406   0.999996
1407   0.99997
1408   0.999926
1409   0.999865
1410   0.999797
1411   0.999723
1412   0.999652
1413   0.999583
1414   0.999527
1415   0.99948
1416   0.999452
1417   0.999438
1418   0.999443
1419   0.995322
1420   0.994925
1421   0.994447
1422   0.993886
1423   0.993238
1424   0.992512
1425   0.991741
1426   0.990941
1427   0.990224
1428   0.989606
1429   0.989313
1430   0.989299
1431   0.989775
1432   0.990633
1433   0.991649
1434   0.992765
1435   0.993825
1436   0.994844
1437   0.995745
1438   0.996561
1439   0.997256
1440   0.997863
1441   0.998365
1442   0.998789
1443   0.999129
1444   0.999405
1445   0.999615
1446   0.999774
1447   0.999885
1448   0.999956
1449   0.999992
1450   0.999999
1451   0.999983
1452   0.999948
1453   0.999899
1454   0.999841
1455   0.99978
1456   0.999719
1457   0.999664
1458   0.999617
1459   0.999583
1460   0.999563
1461   0.999558
1462   0.995718
1463   0.995374
1464   0.994955
1465   0.994484
1466   0.993932
1467   0.993336
1468   0.992688
1469   0.992041
1470   0.991429
1471   0.990915
1472   0.990601
1473   0.990506
1474   0.990785
1475   0.991327
1476   0.99209
1477   0.992949
1478   0.993845
1479   0.994719
1480   0.995541
1481   0.996294
1482   0.996967
1483   0.997561
1484   0.998073
1485   0.998513
1486   0.998881
1487   0.999186
1488   0.999432
1489   0.999626
1490   0.999773
1491   0.999879
1492   0.999949
1493   0.999988
1494   1
1495   0.99999
1496   0.999963
1497   0.999923
1498   0.999876
1499   0.999824
1500   0.999775
1501   0.999729
1502   0.999694
1503   0.999669
1504   0.999658
1505   0.996081
1506   0.995771
1507   0.995414
1508   0.995007
1509   0.994552
1510   0.99405
1511   0.993529
1512   0.992991
1513   0.992501
1514   0.992062
1515   0.991781
1516   0.99165
1517   0.991772
1518   0.992119
1519   0.992643
1520   0.993302
1521   0.994009
1522   0.994749
1523   0.995457
1524   0.996141
1525   0.996759
1526   0.997329
1527   0.997827
1528   0.998272
1529   0.998648
1530   0.998975
1531   0.999242
1532   0.999465
1533   0.99964
1534   0.999777
1535   0.999876
1536   0.999944
1537   0.999984
1538   0.999999
1539   0.999995
1540   0.999974
1541   0.999943
1542   0.999904
1543   0.999862
1544   0.999822
1545   0.999787
1546   0.999761
1547   0.999745
1548   0.996414
1549   0.996143
1550   0.99583
1551   0.995486
1552   0.995099
1553   0.994687
1554   0.99425
1555   0.993814
1556   0.993401
1557   0.99304
1558   0.992782
1559   0.992644
1560   0.99269
1561   0.992897
1562   0.993267
1563   0.993747
1564   0.994306
1565   0.994902
1566   0.995506
1567   0.996097
1568   0.996657
1569   0.997179
1570   0.997654
1571   0.998081
1572   0.998458
1573   0.998788
1574   0.99907
1575   0.999309
1576   0.999505
1577   0.999664
1578   0.999787
1579   0.99988
1580   0.999943
1581   0.999982
1582   0.999998
1583   0.999997
1584   0.999982
1585   0.999956
1586   0.999925
1587   0.999891
1588   0.999861
1589   0.999834
1590   0.999817
1591   0.99672
1592   0.996478
1593   0.996209
1594   0.995912
1595   0.995591
1596   0.995245
1597   0.994891
1598   0.994529
1599   0.994196
1600   0.993891
1601   0.993671
1602   0.993533
1603   0.993528
1604   0.993648
1605   0.993892
1606   0.994243
1607   0.994664
1608   0.995143
1609   0.995637
1610   0.996145
1611   0.996631
1612   0.997105
1613   0.997539
1614   0.997945
1615   0.998306
1616   0.998634
1617   0.998916
1618   0.999165
1619   0.999373
1620   0.999549
1621   0.99969
1622   0.999802
1623   0.999885
1624   0.999944
1625   0.99998
1626   0.999997
1627   0.999999
1628   0.999988
1629   0.999968
1630   0.999943
1631   0.999917
1632   0.999894
1633   0.999876
1634   0.997002
1635   0.996789
1636   0.996553
1637   0.996301
1638   0.996027
1639   0.99574
1640   0.995444
1641   0.995149
1642   0.994871
1643   0.994622
1644   0.994428
1645   0.994302
1646   0.994271
1647   0.994334
1648   0.994499
1649   0.994748
1650   0.99507
1651   0.995443
1652   0.995848
1653   0.996269
1654   0.996691
1655   0.997105
1656   0.997499
1657   0.99787
1658   0.998211
1659   0.998523
1660   0.998801
1661   0.999048
1662   0.999262
1663   0.999445
1664   0.999598
1665   0.999723
1666   0.999821
1667   0.999895
1668   0.999948
1669   0.999981
1670   0.999997
1671   0.999999
1672   0.999991
1673   0.999976
1674   0.999957
1675   0.999937
1676   0.999921
1677   0.997262
1678   0.997072
1679   0.996868
1680   0.99665
1681   0.99642
1682   0.996179
1683   0.995936
1684   0.995691
1685   0.995465
1686   0.995255
1687   0.995093
1688   0.994976
1689   0.994933
1690   0.99496
1691   0.995066
1692   0.995245
1693   0.995483
1694   0.995775
1695   0.996097
1696   0.996449
1697   0.996803
1698   0.997165
1699   0.997511
1700   0.997849
1701   0.99816
1702   0.998456
1703   0.998719
1704   0.998961
1705   0.999171
1706   0.999358
1707   0.999514
1708   0.999649
1709   0.999756
1710   0.999843
1711   0.999907
1712   0.999953
1713   0.999982
1714   0.999997
1715   1
1716   0.999994
1717   0.999982
1718   0.999968
1719   0.999954
1720   0.997502
1721   0.997334
1722   0.997155
1723   0.996967
1724   0.996771
1725   0.996568
1726   0.996364
1727   0.996162
1728   0.995972
1729   0.9958
1730   0.99566
1731   0.99556
1732   0.995511
1733   0.995519
1734   0.995588
1735   0.995716
1736   0.995897
1737   0.996123
1738   0.996384
1739   0.99667
1740   0.996971
1741   0.997279
1742   0.997584
1743   0.997882
1744   0.998166
1745   0.998435
1746   0.998683
1747   0.99891
1748   0.999114
1749   0.999296
1750   0.999453
1751   0.999588
1752   0.999701
1753   0.999794
1754   0.999866
1755   0.999921
1756   0.99996
1757   0.999984
1758   0.999997
1759   1
1760   0.999996
1761   0.999987
1762   0.999977
1763   0.997723
1764   0.997574
1765   0.997417
1766   0.997254
1767   0.997087
1768   0.996914
1769   0.996744
1770   0.996574
1771   0.996419
1772   0.996273
1773   0.996158
1774   0.996068
1775   0.996022
1776   0.996017
1777   0.996063
1778   0.996156
1779   0.996292
1780   0.996471
1781   0.996679
1782   0.996916
1783   0.997165
1784   0.99743
1785   0.997692
1786   0.997957
1787   0.998208
1788   0.998454
1789   0.998679
1790   0.998893
1791   0.999083
1792   0.999259
1793   0.999409
1794   0.999545
1795   0.999657
1796   0.999753
1797   0.999829
1798   0.99989
1799   0.999935
1800   0.999967
1801   0.999987
1802   0.999997
1803   1
1804   0.999997
1805   0.999991
1806   0.997927
1807   0.997794
1808   0.997657
1809   0.997514
1810   0.997369
1811   0.997222
1812   0.997076
1813   0.996934
1814   0.996801
1815   0.996682
1816   0.996583
1817   0.996508
1818   0.996466
1819   0.996459
1820   0.996491
1821   0.996561
1822   0.996669
1823   0.996811
1824   0.996982
1825   0.997176
1826   0.997388
1827   0.997611
1828   0.997839
1829   0.998068
1830   0.998293
1831   0.99851
1832   0.998716
1833   0.998909
1834   0.999086
1835   0.999248
1836   0.999393
1837   0.999521
1838   0.999631
1839   0.999725
1840   0.999802
1841   0.999865
1842   0.999914
1843   0.99995
1844   0.999975
1845   0.99999
1846   0.999998
1847   1
1848   0.999998
