##### Y Variance #####
0   0.999963
1   0.999863
2   0.999363
3   0.998324
4   0.996636
5   0.994272
6   0.991211
7   0.987559
8   0.98341
9   0.979093
10   0.974693
11   0.970448
12   0.96641
13   0.962736
14   0.959482
15   0.956747
16   0.954576
17   0.953024
18   0.952081
19   0.951732
20   0.951938
21   0.952632
22   0.953779
23   0.955291
24   0.957123
25   0.959171
26   0.961382
27   0.963656
28   0.965961
29   0.968228
30   0.970442
31   0.972565
32   0.974596
33   0.976518
34   0.978337
35   0.980048
36   0.981658
37   0.983166
38   0.984578
39   0.985896
40   0.987124
41   0.988264
42   0.989322
43   0.999739
44   0.999918
45   0.999704
46   0.998939
47   0.997376
48   0.995157
49   0.991956
50   0.988285
51   0.98359
52   0.979156
53   0.974087
54   0.969557
55   0.964851
56   0.96077
57   0.95693
58   0.953783
59   0.951151
60   0.949292
61   0.948069
62   0.94752
63   0.947651
64   0.948249
65   0.949498
66   0.951054
67   0.95314
68   0.955348
69   0.957901
70   0.960382
71   0.963031
72   0.965514
73   0.968033
74   0.970358
75   0.972636
76   0.974735
77   0.97675
78   0.978614
79   0.980379
80   0.982018
81   0.983555
82   0.984982
83   0.986311
84   0.987542
85   0.988681
86   0.999117
87   0.999594
88   0.999818
89   0.99947
90   0.998332
91   0.996379
92   0.993514
93   0.989918
94   0.985481
95   0.980583
96   0.975352
97   0.97008
98   0.964872
99   0.960007
100   0.955528
101   0.951725
102   0.94854
103   0.946121
104   0.944428
105   0.943453
106   0.943226
107   0.943649
108   0.944751
109   0.946394
110   0.948548
111   0.951035
112   0.953799
113   0.956655
114   0.959578
115   0.962445
116   0.965246
117   0.967906
118   0.970432
119   0.972799
120   0.975018
121   0.977089
122   0.979021
123   0.980821
124   0.982493
125   0.984045
126   0.985482
127   0.986811
128   0.988035
129   0.997965
130   0.998751
131   0.999432
132   0.9996
133   0.998983
134   0.997511
135   0.995025
136   0.991821
137   0.987655
138   0.982949
139   0.977449
140   0.972075
141   0.966086
142   0.960945
143   0.955368
144   0.951196
145   0.947013
146   0.944023
147   0.941546
148   0.9399
149   0.939147
150   0.939082
151   0.939993
152   0.941468
153   0.943737
154   0.946308
155   0.949413
156   0.952497
157   0.955849
158   0.959029
159   0.962253
160   0.965219
161   0.968091
162   0.970716
163   0.973201
164   0.975482
165   0.977616
166   0.979583
167   0.981409
168   0.983092
169   0.984646
170   0.986076
171   0.98739
172   0.996174
173   0.997126
174   0.998337
175   0.999094
176   0.99917
177   0.998297
178   0.996454
179   0.993723
180   0.990102
181   0.985772
182   0.980752
183   0.975356
184   0.969642
185   0.963935
186   0.958262
187   0.952888
188   0.947983
189   0.943657
190   0.940078
191   0.937375
192   0.935591
193   0.934937
194   0.93524
195   0.936509
196   0.938586
197   0.941224
198   0.944424
199   0.947882
200   0.951555
201   0.955242
202   0.958862
203   0.962296
204   0.965512
205   0.968502
206   0.971259
207   0.97381
208   0.976154
209   0.978319
210   0.980306
211   0.982136
212   0.983811
213   0.98535
214   0.986753
215   0.993732
216   0.994917
217   0.996514
218   0.99788
219   0.998636
220   0.998463
221   0.997267
222   0.995179
223   0.99213
224   0.988406
225   0.983899
226   0.978972
227   0.973549
228   0.96801
229   0.962198
230   0.956574
231   0.950646
232   0.945824
233   0.940511
234   0.937331
235   0.933622
236   0.932584
237   0.931543
238   0.932366
239   0.933936
240   0.936197
241   0.939476
242   0.942992
243   0.947131
244   0.951191
245   0.955367
246   0.959198
247   0.962863
248   0.966189
249   0.96928
250   0.972093
251   0.974681
252   0.977044
253   0.979208
254   0.981185
255   0.98299
256   0.984636
257   0.986134
258   0.990621
259   0.991692
260   0.993837
261   0.995783
262   0.997335
263   0.997897
264   0.997505
265   0.996081
266   0.993767
267   0.990641
268   0.986804
269   0.98241
270   0.977546
271   0.972392
272   0.966989
273   0.961526
274   0.955953
275   0.950632
276   0.945492
277   0.940927
278   0.936877
279   0.933583
280   0.931371
281   0.930122
282   0.930299
283   0.931703
284   0.934329
285   0.938065
286   0.94242
287   0.947014
288   0.951629
289   0.956036
290   0.9601
291   0.96387
292   0.967274
293   0.970401
294   0.97322
295   0.975803
296   0.978137
297   0.980271
298   0.982199
299   0.983957
300   0.985544
301   0.986996
302   0.988169
303   0.990498
304   0.993051
305   0.995301
306   0.996662
307   0.997016
308   0.996363
309   0.994716
310   0.992298
311   0.989076
312   0.985348
313   0.981052
314   0.976498
315   0.971597
316   0.966636
317   0.961521
318   0.956454
319   0.951461
320   0.946661
321   0.942055
322   0.93792
323   0.933759
324   0.931511
325   0.928872
326   0.929753
327   0.930411
328   0.934115
329   0.938369
330   0.943081
331   0.948188
332   0.952932
333   0.95748
334   0.961605
335   0.965364
336   0.968762
337   0.971833
338   0.974613
339   0.977125
340   0.979401
341   0.981456
342   0.983316
343   0.984996
344   0.982963
345   0.983571
346   0.986369
347   0.989407
348   0.992473
349   0.994644
350   0.995875
351   0.995959
352   0.995113
353   0.993336
354   0.990839
355   0.987705
356   0.98409
357   0.980107
358   0.975847
359   0.971426
360   0.966861
361   0.96226
362   0.957631
363   0.953069
364   0.948594
365   0.944335
366   0.940234
367   0.936768
368   0.933881
369   0.932075
370   0.931706
371   0.932539
372   0.935649
373   0.939918
374   0.944969
375   0.950244
376   0.955093
377   0.959643
378   0.963654
379   0.967329
380   0.970591
381   0.973562
382   0.976217
383   0.978628
384   0.98079
385   0.982749
386   0.984505
387   0.978915
388   0.979562
389   0.981844
390   0.98524
391   0.988972
392   0.992027
393   0.994074
394   0.994993
395   0.994848
396   0.993799
397   0.991912
398   0.989445
399   0.986405
400   0.983063
401   0.979376
402   0.975574
403   0.97158
404   0.967554
405   0.963439
406   0.959342
407   0.955253
408   0.951273
409   0.947448
410   0.943797
411   0.940591
412   0.937829
413   0.935649
414   0.935158
415   0.935037
416   0.938822
417   0.942921
418   0.948249
419   0.953327
420   0.958063
421   0.96229
422   0.966133
423   0.969563
424   0.972668
425   0.975451
426   0.977963
427   0.980221
428   0.982256
429   0.984087
430   0.974866
431   0.974942
432   0.97705
433   0.980176
434   0.984776
435   0.988685
436   0.991637
437   0.993353
438   0.994032
439   0.993642
440   0.992466
441   0.990561
442   0.988169
443   0.985361
444   0.9823
445   0.979038
446   0.975656
447   0.972185
448   0.968651
449   0.965089
450   0.961507
451   0.957968
452   0.954452
453   0.951056
454   0.947833
455   0.944924
456   0.94246
457   0.940814
458   0.940058
459   0.940675
460   0.943852
461   0.947888
462   0.952638
463   0.957347
464   0.961521
465   0.965411
466   0.968882
467   0.972054
468   0.974894
469   0.977472
470   0.979787
471   0.981881
472   0.983762
473   0.970973
474   0.970799
475   0.972225
476   0.975444
477   0.980201
478   0.984871
479   0.988651
480   0.991236
481   0.992656
482   0.993014
483   0.992437
484   0.99117
485   0.989295
486   0.987074
487   0.984513
488   0.981828
489   0.978966
490   0.976075
491   0.973085
492   0.970085
493   0.967033
494   0.963974
495   0.96092
496   0.957857
497   0.954931
498   0.952104
499   0.949689
500   0.947608
501   0.946371
502   0.945835
503   0.94662
504   0.949625
505   0.953168
506   0.957454
507   0.961397
508   0.965176
509   0.96859
510   0.971737
511   0.974579
512   0.977168
513   0.979508
514   0.981629
515   0.983544
516   0.967259
517   0.966491
518   0.967384
519   0.969791
520   0.975222
521   0.980545
522   0.985141
523   0.988538
524   0.990795
525   0.991843
526   0.991974
527   0.991252
528   0.98998
529   0.988226
530   0.98622
531   0.98399
532   0.981673
533   0.979259
534   0.976813
535   0.974311
536   0.971779
537   0.9692
538   0.966586
539   0.963943
540   0.961317
541   0.95876
542   0.956382
543   0.954277
544   0.952659
545   0.951631
546   0.95169
547   0.952841
548   0.955587
549   0.958805
550   0.962261
551   0.965627
552   0.96883
553   0.971815
554   0.974571
555   0.977103
556   0.979419
557   0.981531
558   0.983452
559   0.96385
560   0.962642
561   0.962813
562   0.965177
563   0.970173
564   0.975936
565   0.981234
566   0.985462
567   0.98849
568   0.99031
569   0.991063
570   0.990974
571   0.990189
572   0.988975
573   0.987393
574   0.985663
575   0.983765
576   0.981848
577   0.979843
578   0.977837
579   0.975762
580   0.973652
581   0.971481
582   0.969239
583   0.966989
584   0.964695
585   0.962539
586   0.960463
587   0.958806
588   0.957501
589   0.957072
590   0.957408
591   0.958868
592   0.961189
593   0.963861
594   0.96673
595   0.969552
596   0.972292
597   0.974871
598   0.977289
599   0.97953
600   0.981597
601   0.983496
602   0.96081
603   0.959046
604   0.958475
605   0.9596
606   0.964942
607   0.970987
608   0.976923
609   0.981919
610   0.985776
611   0.988329
612   0.989805
613   0.990281
614   0.990086
615   0.989309
616   0.988229
617   0.98688
618   0.985445
619   0.983903
620   0.982352
621   0.980738
622   0.979106
623   0.977395
624   0.975633
625   0.973771
626   0.971853
627   0.969861
628   0.967894
629   0.965963
630   0.964275
631   0.962855
632   0.962068
633   0.961843
634   0.962648
635   0.964074
636   0.966096
637   0.968342
638   0.970751
639   0.973139
640   0.97549
641   0.977725
642   0.979851
643   0.981831
644   0.983683
645   0.958229
646   0.95596
647   0.954707
648   0.95565
649   0.959851
650   0.965884
651   0.972319
652   0.978067
653   0.982708
654   0.986049
655   0.988194
656   0.989328
657   0.989637
658   0.989389
659   0.988701
660   0.987802
661   0.986712
662   0.985587
663   0.984376
664   0.983168
665   0.981888
666   0.980573
667   0.979165
668   0.977666
669   0.976075
670   0.974374
671   0.972652
672   0.970889
673   0.969284
674   0.96784
675   0.966848
676   0.966328
677   0.966511
678   0.967338
679   0.968676
680   0.970388
681   0.972307
682   0.974339
683   0.976391
684   0.978417
685   0.980377
686   0.982247
687   0.984014
688   0.956171
689   0.953479
690   0.951451
691   0.950935
692   0.954833
693   0.960405
694   0.967351
695   0.97383
696   0.97927
697   0.983385
698   0.986276
699   0.988028
700   0.988945
701   0.989154
702   0.988953
703   0.988407
704   0.987731
705   0.986914
706   0.986083
707   0.985175
708   0.984258
709   0.983248
710   0.982183
711   0.980986
712   0.979699
713   0.978267
714   0.976774
715   0.975196
716   0.973696
717   0.972277
718   0.971199
719   0.97044
720   0.970292
721   0.970597
722   0.971458
723   0.972637
724   0.974139
725   0.975773
726   0.977537
727   0.979306
728   0.981091
729   0.982811
730   0.984483
731   0.954657
732   0.951512
733   0.949008
734   0.94815
735   0.950139
736   0.955141
737   0.962207
738   0.969315
739   0.975527
740   0.980425
741   0.984041
742   0.986487
743   0.987962
744   0.988723
745   0.988931
746   0.988825
747   0.988466
748   0.988022
749   0.987469
750   0.986901
751   0.986253
752   0.985566
753   0.984771
754   0.983878
755   0.982854
756   0.981691
757   0.980422
758   0.979047
759   0.977679
760   0.976344
761   0.975221
762   0.974359
763   0.973913
764   0.97389
765   0.974299
766   0.975074
767   0.976148
768   0.977438
769   0.978877
770   0.980403
771   0.981973
772   0.983542
773   0.985082
774   0.953737
775   0.950287
776   0.947214
777   0.945305
778   0.946008
779   0.949128
780   0.956747
781   0.964541
782   0.971415
783   0.977106
784   0.981477
785   0.984609
786   0.986729
787   0.988001
788   0.988715
789   0.988979
790   0.989023
791   0.988865
792   0.98865
793   0.988331
794   0.987986
795   0.987536
796   0.987022
797   0.986365
798   0.985598
799   0.984659
800   0.98361
801   0.982416
802   0.981196
803   0.979945
804   0.978848
805   0.977899
806   0.977304
807   0.976996
808   0.977109
809   0.977509
810   0.978254
811   0.979195
812   0.980359
813   0.981617
814   0.982991
815   0.984376
816   0.985792
817   0.953402
818   0.949651
819   0.946109
820   0.943436
821   0.942493
822   0.944957
823   0.951507
824   0.959466
825   0.967006
826   0.973427
827   0.978572
828   0.982435
829   0.985185
830   0.98705
831   0.988223
832   0.988947
833   0.989325
834   0.989531
835   0.989575
836   0.98956
837   0.989438
838   0.989258
839   0.988958
840   0.988551
841   0.987993
842   0.987285
843   0.986428
844   0.985429
845   0.98435
846   0.98322
847   0.982155
848   0.981199
849   0.980472
850   0.980001
851   0.979842
852   0.979978
853   0.980402
854   0.981068
855   0.981943
856   0.982972
857   0.984122
858   0.985342
859   0.986601
860   0.953632
861   0.949769
862   0.945712
863   0.942251
864   0.93977
865   0.939648
866   0.946329
867   0.95436
868   0.96228
869   0.96942
870   0.975297
871   0.979904
872   0.983329
873   0.985773
874   0.987485
875   0.988628
876   0.989422
877   0.989932
878   0.990303
879   0.990523
880   0.990672
881   0.990694
882   0.990631
883   0.990415
884   0.990075
885   0.989551
886   0.98889
887   0.988055
888   0.98713
889   0.986106
890   0.985115
891   0.984155
892   0.983381
893   0.982767
894   0.982444
895   0.982337
896   0.982533
897   0.982929
898   0.983576
899   0.984364
900   0.985328
901   0.98636
902   0.987485
903   0.954343
904   0.950278
905   0.945926
906   0.941669
907   0.938063
908   0.937396
909   0.941716
910   0.949125
911   0.957337
912   0.965041
913   0.971677
914   0.977004
915   0.981114
916   0.984183
917   0.986416
918   0.98805
919   0.989219
920   0.990107
921   0.990752
922   0.991267
923   0.99163
924   0.991896
925   0.992018
926   0.992018
927   0.991854
928   0.99153
929   0.991036
930   0.99038
931   0.989594
932   0.988702
933   0.987781
934   0.986868
935   0.986057
936   0.98538
937   0.984907
938   0.984644
939   0.984622
940   0.984819
941   0.985235
942   0.985832
943   0.986591
944   0.987466
945   0.988428
946   0.955506
947   0.951529
948   0.946855
949   0.942235
950   0.937417
951   0.934185
952   0.93769
953   0.943905
954   0.952193
955   0.960443
956   0.967696
957   0.973764
958   0.978533
959   0.98223
960   0.985021
961   0.987126
962   0.988734
963   0.989962
964   0.990944
965   0.991709
966   0.992335
967   0.992799
968   0.99314
969   0.993313
970   0.993344
971   0.993185
972   0.992869
973   0.992365
974   0.991731
975   0.990956
976   0.990135
977   0.989268
978   0.988474
979   0.987744
980   0.987195
981   0.98679
982   0.986624
983   0.98663
984   0.986875
985   0.987274
986   0.987873
987   0.988575
988   0.989407
989   0.95701
990   0.952955
991   0.948301
992   0.943236
993   0.938085
994   0.934475
995   0.934496
996   0.939254
997   0.947124
998   0.955592
999   0.963459
1000   0.970129
1001   0.975579
1002   0.979887
1003   0.983235
1004   0.98585
1005   0.987877
1006   0.989503
1007   0.990791
1008   0.991862
1009   0.992717
1010   0.993422
1011   0.993949
1012   0.994329
1013   0.994526
1014   0.994554
1015   0.994397
1016   0.994063
1017   0.99357
1018   0.992936
1019   0.992211
1020   0.991427
1021   0.990656
1022   0.989929
1023   0.989316
1024   0.988835
1025   0.988533
1026   0.988409
1027   0.988484
1028   0.988736
1029   0.989163
1030   0.989728
1031   0.990408
1032   0.958836
1033   0.955024
1034   0.950331
1035   0.945326
1036   0.939742
1037   0.934974
1038   0.933084
1039   0.934306
1040   0.94207
1041   0.950806
1042   0.958946
1043   0.966263
1044   0.972267
1045   0.9772
1046   0.981082
1047   0.984197
1048   0.986668
1049   0.988671
1050   0.99031
1051   0.99166
1052   0.992788
1053   0.99371
1054   0.994457
1055   0.995017
1056   0.995406
1057   0.9956
1058   0.995617
1059   0.995438
1060   0.995101
1061   0.994597
1062   0.993993
1063   0.993291
1064   0.992581
1065   0.991864
1066   0.991239
1067   0.990692
1068   0.990314
1069   0.990067
1070   0.990025
1071   0.990127
1072   0.990427
1073   0.990843
1074   0.991407
1075   0.960874
1076   0.957151
1077   0.952747
1078   0.947744
1079   0.942231
1080   0.936981
1081   0.932958
1082   0.932903
1083   0.937938
1084   0.945946
1085   0.954361
1086   0.962063
1087   0.968665
1088   0.974122
1089   0.978545
1090   0.982148
1091   0.985056
1092   0.987464
1093   0.989437
1094   0.991109
1095   0.992492
1096   0.993668
1097   0.994619
1098   0.995392
1099   0.995958
1100   0.996342
1101   0.996525
1102   0.99652
1103   0.996334
1104   0.995983
1105   0.995501
1106   0.99491
1107   0.994268
1108   0.993603
1109   0.992977
1110   0.992414
1111   0.991968
1112   0.99165
1113   0.991494
1114   0.991493
1115   0.991659
1116   0.991964
1117   0.992395
1118   0.963085
1119   0.959723
1120   0.955511
1121   0.950899
1122   0.945443
1123   0.940118
1124   0.934731
1125   0.931135
1126   0.935053
1127   0.941682
1128   0.949913
1129   0.95798
1130   0.9649
1131   0.970875
1132   0.975726
1133   0.979797
1134   0.983116
1135   0.985908
1136   0.98823
1137   0.990202
1138   0.991867
1139   0.99328
1140   0.994463
1141   0.995434
1142   0.9962
1143   0.996761
1144   0.997126
1145   0.997288
1146   0.997268
1147   0.997066
1148   0.996723
1149   0.996246
1150   0.9957
1151   0.995093
1152   0.994505
1153   0.993936
1154   0.993468
1155   0.993085
1156   0.992861
1157   0.992756
1158   0.99283
1159   0.993016
1160   0.993352
1161   0.965353
1162   0.96217
1163   0.958381
1164   0.953996
1165   0.948966
1166   0.943546
1167   0.938073
1168   0.934117
1169   0.933629
1170   0.938531
1171   0.946048
1172   0.953935
1173   0.961152
1174   0.96742
1175   0.972683
1176   0.977149
1177   0.980857
1178   0.984025
1179   0.986674
1180   0.988964
1181   0.990894
1182   0.992568
1183   0.993969
1184   0.995161
1185   0.996118
1186   0.996878
1187   0.997419
1188   0.997764
1189   0.99791
1190   0.997874
1191   0.997675
1192   0.997334
1193   0.996892
1194   0.996375
1195   0.995836
1196   0.9953
1197   0.994819
1198   0.994415
1199   0.994127
1200   0.993961
1201   0.993937
1202   0.994042
1203   0.994269
1204   0.967648
1205   0.964837
1206   0.961333
1207   0.957453
1208   0.952764
1209   0.947863
1210   0.942408
1211   0.937765
1212   0.935625
1213   0.936213
1214   0.942944
1215   0.950676
1216   0.9577
1217   0.964216
1218   0.96968
1219   0.974467
1220   0.978481
1221   0.981963
1222   0.984915
1223   0.98748
1224   0.989674
1225   0.991581
1226   0.99321
1227   0.994602
1228   0.995761
1229   0.996705
1230   0.997432
1231   0.997953
1232   0.998273
1233   0.9984
1234   0.998356
1235   0.998154
1236   0.997836
1237   0.997415
1238   0.996952
1239   0.996458
1240   0.996001
1241   0.995581
1242   0.995268
1243   0.995041
1244   0.99496
1245   0.994977
1246   0.995132
1247   0.969885
1248   0.967275
1249   0.964202
1250   0.960652
1251   0.956568
1252   0.952048
1253   0.947257
1254   0.942703
1255   0.93926
1256   0.93874
1257   0.941524
1258   0.948088
1259   0.954816
1260   0.961264
1261   0.966838
1262   0.971822
1263   0.976056
1264   0.979804
1265   0.982994
1266   0.985817
1267   0.988232
1268   0.99037
1269   0.992196
1270   0.993797
1271   0.995138
1272   0.996274
1273   0.997177
1274   0.997881
1275   0.998371
1276   0.998671
1277   0.998785
1278   0.998736
1279   0.998548
1280   0.998246
1281   0.99787
1282   0.997446
1283   0.997022
1284   0.996622
1285   0.99629
1286   0.996039
1287   0.995897
1288   0.995862
1289   0.995935
1290   0.972055
1291   0.969767
1292   0.966985
1293   0.963922
1294   0.960285
1295   0.956447
1296   0.952173
1297   0.948206
1298   0.944475
1299   0.942173
1300   0.943731
1301   0.947385
1302   0.953306
1303   0.959353
1304   0.964705
1305   0.969641
1306   0.973952
1307   0.977807
1308   0.981163
1309   0.984143
1310   0.986743
1311   0.989047
1312   0.991056
1313   0.992821
1314   0.994338
1315   0.995638
1316   0.996713
1317   0.997583
1318   0.998241
1319   0.998704
1320   0.998979
1321   0.99908
1322   0.999032
1323   0.998851
1324   0.998579
1325   0.998234
1326   0.997869
1327   0.997496
1328   0.997175
1329   0.996902
1330   0.996734
1331   0.996643
1332   0.996668
1333   0.974112
1334   0.972011
1335   0.969596
1336   0.966858
1337   0.963777
1338   0.960398
1339   0.956857
1340   0.953275
1341   0.950148
1342   0.947739
1343   0.947286
1344   0.949529
1345   0.953238
1346   0.958465
1347   0.963285
1348   0.968039
1349   0.972214
1350   0.97609
1351   0.97947
1352   0.982555
1353   0.985246
1354   0.987689
1355   0.989817
1356   0.991733
1357   0.993385
1358   0.994842
1359   0.996063
1360   0.997093
1361   0.997905
1362   0.998531
1363   0.998959
1364   0.999215
1365   0.999308
1366   0.99926
1367   0.9991
1368   0.998852
1369   0.998555
1370   0.998234
1371   0.997931
1372   0.997668
1373   0.997474
1374   0.997358
1375   0.997328
1376   0.976063
1377   0.974214
1378   0.972049
1379   0.969696
1380   0.966997
1381   0.964159
1382   0.961088
1383   0.95811
1384   0.955307
1385   0.953169
1386   0.952251
1387   0.95277
1388   0.95551
1389   0.959161
1390   0.963278
1391   0.967372
1392   0.971263
1393   0.974893
1394   0.978202
1395   0.981229
1396   0.983954
1397   0.986429
1398   0.988642
1399   0.990637
1400   0.992401
1401   0.993965
1402   0.995315
1403   0.996473
1404   0.997426
1405   0.998192
1406   0.998766
1407   0.999165
1408   0.999396
1409   0.999479
1410   0.999436
1411   0.999289
1412   0.999075
1413   0.998812
1414   0.998551
1415   0.998299
1416   0.998107
1417   0.997965
1418   0.997909
1419   0.977892
1420   0.976205
1421   0.97432
1422   0.972236
1423   0.969953
1424   0.967493
1425   0.964962
1426   0.962402
1427   0.960133
1428   0.958205
1429   0.957266
1430   0.95718
1431   0.958558
1432   0.961103
1433   0.964159
1434   0.96759
1435   0.97093
1436   0.974253
1437   0.977309
1438   0.980226
1439   0.982859
1440   0.98533
1441   0.98754
1442   0.989589
1443   0.991402
1444   0.993056
1445   0.994491
1446   0.995762
1447   0.996826
1448   0.997722
1449   0.998423
1450   0.998958
1451   0.99932
1452   0.999534
1453   0.999609
1454   0.999571
1455   0.999446
1456   0.999258
1457   0.999044
1458   0.998827
1459   0.99864
1460   0.998496
1461   0.998413
1462   0.979608
1463   0.978112
1464   0.976429
1465   0.974627
1466   0.972635
1467   0.970558
1468   0.968381
1469   0.966251
1470   0.964271
1471   0.962619
1472   0.961588
1473   0.961234
1474   0.962009
1475   0.9636
1476   0.965892
1477   0.968533
1478   0.971355
1479   0.974198
1480   0.97697
1481   0.979632
1482   0.982136
1483   0.984489
1484   0.986664
1485   0.988682
1486   0.990519
1487   0.992198
1488   0.993696
1489   0.995032
1490   0.996188
1491   0.997178
1492   0.997989
1493   0.998638
1494   0.999119
1495   0.99945
1496   0.999639
1497   0.999707
1498   0.999674
1499   0.999564
1500   0.999411
1501   0.999231
1502   0.999068
1503   0.998924
1504   0.998836
1505   0.981212
1506   0.979854
1507   0.97838
1508   0.976788
1509   0.975091
1510   0.973297
1511   0.971483
1512   0.969663
1513   0.968022
1514   0.966571
1515   0.965614
1516   0.965135
1517   0.965425
1518   0.966425
1519   0.967987
1520   0.970013
1521   0.972238
1522   0.974648
1523   0.977027
1524   0.979432
1525   0.981703
1526   0.983925
1527   0.985979
1528   0.987949
1529   0.989741
1530   0.991428
1531   0.992935
1532   0.994321
1533   0.995526
1534   0.996595
1535   0.997486
1536   0.998235
1537   0.998815
1538   0.999255
1539   0.999548
1540   0.999719
1541   0.99978
1542   0.999753
1543   0.999665
1544   0.999538
1545   0.999402
1546   0.999277
1547   0.999183
1548   0.982712
1549   0.981501
1550   0.980187
1551   0.978801
1552   0.97732
1553   0.975793
1554   0.974231
1555   0.972703
1556   0.971281
1557   0.970041
1558   0.969138
1559   0.96862
1560   0.968674
1561   0.969243
1562   0.970335
1563   0.971806
1564   0.97357
1565   0.975511
1566   0.977546
1567   0.979618
1568   0.981667
1569   0.983676
1570   0.985603
1571   0.987449
1572   0.989184
1573   0.990814
1574   0.992314
1575   0.993694
1576   0.99493
1577   0.996034
1578   0.996987
1579   0.9978
1580   0.998462
1581   0.998987
1582   0.999371
1583   0.999634
1584   0.999781
1585   0.999834
1586   0.999814
1587   0.99974
1588   0.999644
1589   0.999539
1590   0.999455
1591   0.984111
1592   0.983019
1593   0.981861
1594   0.980639
1595   0.979365
1596   0.978045
1597   0.976729
1598   0.975421
1599   0.974226
1600   0.973147
1601   0.972342
1602   0.971813
1603   0.971703
1604   0.972005
1605   0.972708
1606   0.973783
1607   0.975109
1608   0.976678
1609   0.978341
1610   0.980128
1611   0.981901
1612   0.983716
1613   0.985455
1614   0.987183
1615   0.9888
1616   0.990371
1617   0.99181
1618   0.993176
1619   0.994397
1620   0.995524
1621   0.996499
1622   0.997363
1623   0.998078
1624   0.998674
1625   0.99913
1626   0.999473
1627   0.999698
1628   0.999828
1629   0.999875
1630   0.99986
1631   0.999806
1632   0.999732
1633   0.999661
1634   0.985418
1635   0.984441
1636   0.983411
1637   0.982341
1638   0.981228
1639   0.980096
1640   0.97896
1641   0.977852
1642   0.976818
1643   0.975898
1644   0.97517
1645   0.974668
1646   0.974478
1647   0.974601
1648   0.975062
1649   0.975818
1650   0.976834
1651   0.978057
1652   0.979431
1653   0.980916
1654   0.982459
1655   0.984039
1656   0.985612
1657   0.98717
1658   0.988678
1659   0.990136
1660   0.991513
1661   0.992814
1662   0.994012
1663   0.995114
1664   0.9961
1665   0.996975
1666   0.997725
1667   0.99836
1668   0.998872
1669   0.999273
1670   0.999563
1671   0.999757
1672   0.999865
1673   0.999905
1674   0.999896
1675   0.999854
1676   0.999805
1677   0.986636
1678   0.985759
1679   0.984847
1680   0.983904
1681   0.98294
1682   0.981958
1683   0.98099
1684   0.980037
1685   0.979162
1686   0.978362
1687   0.977724
1688   0.977251
1689   0.977019
1690   0.977033
1691   0.977309
1692   0.977847
1693   0.978597
1694   0.979565
1695   0.980661
1696   0.98191
1697   0.983207
1698   0.984595
1699   0.985968
1700   0.987383
1701   0.988741
1702   0.9901
1703   0.991371
1704   0.992612
1705   0.993745
1706   0.994821
1707   0.995776
1708   0.996655
1709   0.997407
1710   0.998071
1711   0.99861
1712   0.999057
1713   0.999392
1714   0.999642
1715   0.999802
1716   0.999894
1717   0.999928
1718   0.999923
1719   0.999896
1720   0.98777
1721   0.986986
1722   0.986175
1723   0.985345
1724   0.9845
1725   0.983651
1726   0.982812
1727   0.981999
1728   0.98124
1729   0.980558
1730   0.979991
1731   0.979566
1732   0.979323
1733   0.979276
1734   0.979442
1735   0.979819
1736   0.980391
1737   0.981143
1738   0.98204
1739   0.983063
1740   0.984174
1741   0.985356
1742   0.986573
1743   0.987815
1744   0.989049
1745   0.99027
1746   0.991451
1747   0.992591
1748   0.993664
1749   0.994672
1750   0.995596
1751   0.996439
1752   0.997185
1753   0.997841
1754   0.998396
1755   0.99886
1756   0.999227
1757   0.99951
1758   0.999711
1759   0.999843
1760   0.999916
1761   0.999944
1762   0.999943
1763   0.988825
1764   0.988123
1765   0.987404
1766   0.986671
1767   0.985934
1768   0.985192
1769   0.984471
1770   0.983766
1771   0.983119
1772   0.982525
1773   0.982037
1774   0.981652
1775   0.981418
1776   0.981338
1777   0.981431
1778   0.981703
1779   0.982132
1780   0.982735
1781   0.983452
1782   0.984313
1783   0.985237
1784   0.986265
1785   0.987308
1786   0.988417
1787   0.989501
1788   0.990614
1789   0.991672
1790   0.99273
1791   0.993708
1792   0.99466
1793   0.995518
1794   0.996329
1795   0.997037
1796   0.997683
1797   0.998225
1798   0.998698
1799   0.999074
1800   0.999382
1801   0.999606
1802   0.999771
1803   0.999874
1804   0.999933
1805   0.999957
1806   0.989804
1807   0.989177
1808   0.988537
1809   0.98789
1810   0.987239
1811   0.986593
1812   0.985962
1813   0.985356
1814   0.984793
1815   0.984286
1816   0.983858
1817   0.983526
1818   0.98331
1819   0.983225
1820   0.983281
1821   0.983483
1822   0.983826
1823   0.984307
1824   0.984907
1825   0.985617
1826   0.986413
1827   0.987283
1828   0.988202
1829   0.98916
1830   0.990132
1831   0.991111
1832   0.992075
1833   0.993018
1834   0.993922
1835   0.994783
1836   0.995587
1837   0.996331
1838   0.997006
1839   0.99761
1840   0.998138
1841   0.998592
1842   0.998971
1843   0.999279
1844   0.999518
1845   0.999697
1846   0.999822
1847   0.999902
1848   0.999947
