##### Y Variance #####
0   0.999897
1   0.999863
2   0.999274
3   0.997895
4   0.995498
5   0.991946
6   0.987102
7   0.981054
8   0.973912
9   0.966318
10   0.958406
11   0.950649
12   0.943136
13   0.93618
14   0.92991
15   0.924536
16   0.920192
17   0.917006
18   0.914995
19   0.914128
20   0.91436
21   0.915539
22   0.917629
23   0.920439
24   0.923896
25   0.927758
26   0.931933
27   0.936192
28   0.940487
29   0.944664
30   0.948712
31   0.952546
32   0.956181
33   0.959584
34   0.962781
35   0.965764
36   0.968555
37   0.971159
38   0.973588
39   0.975849
40   0.977952
41   0.979903
42   0.981711
43   0.999402
44   0.999797
45   0.999703
46   0.998842
47   0.996825
48   0.993702
49   0.988862
50   0.982996
51   0.974971
52   0.96736
53   0.958227
54   0.950014
55   0.941211
56   0.933411
57   0.925949
58   0.91963
59   0.914294
60   0.910344
61   0.907706
62   0.906274
63   0.906314
64   0.907145
65   0.909436
66   0.91223
67   0.916239
68   0.920354
69   0.925277
70   0.929903
71   0.934943
72   0.939518
73   0.944213
74   0.94842
75   0.952565
76   0.956295
77   0.959881
78   0.963145
79   0.966237
80   0.96908
81   0.971745
82   0.974207
83   0.976496
84   0.978612
85   0.980567
86   0.998218
87   0.999022
88   0.999597
89   0.999453
90   0.998251
91   0.995826
92   0.991874
93   0.986548
94   0.979411
95   0.971132
96   0.961918
97   0.952293
98   0.942502
99   0.933098
100   0.924217
101   0.916509
102   0.909882
103   0.904664
104   0.90085
105   0.898418
106   0.89752
107   0.89792
108   0.89976
109   0.902726
110   0.906796
111   0.911533
112   0.91686
113   0.92233
114   0.927931
115   0.933371
116   0.938652
117   0.943604
118   0.948259
119   0.952566
120   0.956567
121   0.960265
122   0.963689
123   0.966857
124   0.969786
125   0.972493
126   0.974987
127   0.977288
128   0.979401
129   0.996162
130   0.997347
131   0.998553
132   0.999205
133   0.998931
134   0.99747
135   0.994497
136   0.990212
137   0.984096
138   0.976549
139   0.967145
140   0.957543
141   0.94624
142   0.936363
143   0.925092
144   0.91659
145   0.907739
146   0.901129
147   0.895491
148   0.891384
149   0.889254
150   0.888406
151   0.889773
152   0.892262
153   0.896585
154   0.901432
155   0.907545
156   0.913485
157   0.920085
158   0.926208
159   0.932471
160   0.93809
161   0.943531
162   0.948397
163   0.952985
164   0.957127
165   0.960983
166   0.964496
167   0.967742
168   0.970713
169   0.973441
170   0.975938
171   0.978222
172   0.993105
173   0.994377
174   0.996237
175   0.997675
176   0.998481
177   0.998111
178   0.99645
179   0.993376
180   0.98865
181   0.982367
182   0.974365
183   0.965165
184   0.954802
185   0.943933
186   0.932617
187   0.921436
188   0.91089
189   0.901219
190   0.89291
191   0.886329
192   0.881663
193   0.879468
194   0.879352
195   0.881315
196   0.885097
197   0.8901
198   0.896388
199   0.903238
200   0.910579
201   0.917926
202   0.92511
203   0.931847
204   0.938077
205   0.943797
206   0.948997
207   0.953756
208   0.958073
209   0.962026
210   0.965612
211   0.968893
212   0.971869
213   0.974585
214   0.977044
215   0.989104
216   0.990548
217   0.992727
218   0.994898
219   0.996618
220   0.99736
221   0.99691
222   0.995171
223   0.991892
224   0.987159
225   0.980737
226   0.972925
227   0.963695
228   0.953508
229   0.942208
230   0.930622
231   0.917752
232   0.907011
233   0.894567
234   0.886869
235   0.877532
236   0.874398
237   0.871151
238   0.871909
239   0.874486
240   0.878516
241   0.885035
242   0.892016
243   0.900522
244   0.908768
245   0.91732
246   0.925002
247   0.932322
248   0.938831
249   0.944827
250   0.950189
251   0.95507
252   0.959464
253   0.963447
254   0.967044
255   0.970295
256   0.973233
257   0.975883
258   0.9842
259   0.9853
260   0.987963
261   0.990641
262   0.993336
263   0.995065
264   0.99592
265   0.995452
266   0.993712
267   0.990513
268   0.985787
269   0.979616
270   0.971988
271   0.963174
272   0.953163
273   0.942359
274   0.930613
275   0.918857
276   0.906964
277   0.895938
278   0.885743
279   0.877005
280   0.870719
281   0.866584
282   0.865725
283   0.867803
284   0.872766
285   0.880375
286   0.889447
287   0.899049
288   0.908687
289   0.917814
290   0.926111
291   0.933719
292   0.940465
293   0.946587
294   0.95201
295   0.956922
296   0.961288
297   0.965238
298   0.968755
299   0.971933
300   0.974763
301   0.978666
302   0.97973
303   0.982335
304   0.985564
305   0.988899
306   0.991615
307   0.993486
308   0.994285
309   0.993846
310   0.992162
311   0.989017
312   0.984562
313   0.978647
314   0.971547
315   0.963178
316   0.953884
317   0.943653
318   0.932733
319   0.921449
320   0.909957
321   0.89845
322   0.887655
323   0.876342
324   0.869855
325   0.862064
326   0.862973
327   0.863226
328   0.870805
329   0.879751
330   0.889666
331   0.900581
332   0.910566
333   0.920093
334   0.928588
335   0.936224
336   0.943009
337   0.949044
338   0.954424
339   0.95921
340   0.963483
341   0.967286
342   0.970682
343   0.973708
344   0.972665
345   0.972917
346   0.975824
347   0.979285
348   0.983407
349   0.986879
350   0.989854
351   0.991675
352   0.99257
353   0.992171
354   0.99059
355   0.987694
356   0.98353
357   0.978159
358   0.971596
359   0.964036
360   0.955426
361   0.946034
362   0.935882
363   0.925269
364   0.914282
365   0.903356
366   0.892382
367   0.88274
368   0.874367
369   0.868511
370   0.866179
371   0.866769
372   0.872903
373   0.881903
374   0.892757
375   0.90415
376   0.914468
377   0.924063
378   0.932341
379   0.939832
380   0.94634
381   0.952192
382   0.957316
383   0.961911
384   0.96595
385   0.969567
386   0.972754
387   0.96667
388   0.966794
389   0.968971
390   0.972673
391   0.977208
392   0.981524
393   0.985263
394   0.988118
395   0.989988
396   0.990818
397   0.990477
398   0.989051
399   0.986404
400   0.982708
401   0.97786
402   0.972055
403   0.965228
404   0.957524
405   0.949001
406   0.939782
407   0.930059
408   0.920018
409   0.909982
410   0.899943
411   0.890793
412   0.882557
413   0.875577
414   0.872948
415   0.87106
416   0.879014
417   0.887645
418   0.899258
419   0.910223
420   0.920329
421   0.929187
422   0.937119
423   0.944066
424   0.950252
425   0.955695
426   0.960528
427   0.964796
428   0.968582
429   0.971934
430   0.960749
431   0.960037
432   0.961925
433   0.965153
434   0.970375
435   0.975279
436   0.979901
437   0.983518
438   0.986425
439   0.988186
440   0.98906
441   0.988805
442   0.987594
443   0.98533
444   0.98211
445   0.977937
446   0.972834
447   0.966869
448   0.960043
449   0.952508
450   0.944289
451   0.935651
452   0.92657
453   0.917401
454   0.90835
455   0.899878
456   0.89232
457   0.886749
458   0.883368
459   0.883393
460   0.889778
461   0.898287
462   0.908495
463   0.918607
464   0.927379
465   0.935473
466   0.942544
467   0.948919
468   0.954509
469   0.959511
470   0.963909
471   0.967834
472   0.971291
473   0.955147
474   0.95408
475   0.955063
476   0.958235
477   0.963351
478   0.968863
479   0.97405
480   0.97849
481   0.982092
482   0.984781
483   0.986508
484   0.987352
485   0.98723
486   0.986285
487   0.984411
488   0.981754
489   0.978209
490   0.973888
491   0.968743
492   0.96285
493   0.956283
494   0.949073
495   0.941442
496   0.933312
497   0.925235
498   0.917117
499   0.909869
500   0.903283
501   0.898757
502   0.895931
503   0.896345
504   0.902363
505   0.909651
506   0.91878
507   0.927042
508   0.934905
509   0.941878
510   0.948215
511   0.953834
512   0.958868
513   0.963337
514   0.96732
515   0.97086
516   0.949906
517   0.948024
518   0.948403
519   0.950601
520   0.956166
521   0.962
522   0.967842
523   0.97285
524   0.977249
525   0.980592
526   0.983208
527   0.984839
528   0.985765
529   0.985822
530   0.985194
531   0.983776
532   0.981659
533   0.978782
534   0.975176
535   0.970841
536   0.965795
537   0.960106
538   0.953801
539   0.947017
540   0.939898
541   0.932695
542   0.925695
543   0.91923
544   0.913861
545   0.90991
546   0.90861
547   0.910032
548   0.915396
549   0.921932
550   0.929038
551   0.935934
552   0.942421
553   0.948399
554   0.953827
555   0.958745
556   0.963159
557   0.967131
558   0.97068
559   0.945204
560   0.942841
561   0.942302
562   0.944304
563   0.949225
564   0.955328
565   0.961527
566   0.967181
567   0.972095
568   0.976151
569   0.97934
570   0.981761
571   0.983392
572   0.984392
573   0.984677
574   0.984393
575   0.983415
576   0.981846
577   0.979571
578   0.976647
579   0.973032
580   0.968734
581   0.963836
582   0.958287
583   0.952387
584   0.946045
585   0.939838
586   0.933616
587   0.928331
588   0.923808
589   0.921425
590   0.920886
591   0.923126
592   0.927495
593   0.932725
594   0.938443
595   0.944043
596   0.949455
597   0.954486
598   0.959146
599   0.963399
600   0.96727
601   0.970775
602   0.941088
603   0.938007
604   0.936703
605   0.937371
606   0.94244
607   0.948524
608   0.955154
609   0.961237
610   0.966791
611   0.97134
612   0.9752
613   0.978146
614   0.980519
615   0.982162
616   0.983327
617   0.983872
618   0.983941
619   0.983403
620   0.982323
621   0.980598
622   0.978253
623   0.975233
624   0.971569
625   0.967262
626   0.962416
627   0.957103
628   0.951571
629   0.945953
630   0.94076
631   0.936142
632   0.932991
633   0.931196
634   0.931905
635   0.934149
636   0.937838
637   0.94209
638   0.946726
639   0.951329
640   0.955835
641   0.960085
642   0.964079
643   0.967762
644   0.971159
645   0.937674
646   0.934098
647   0.931962
648   0.932327
649   0.936154
650   0.942101
651   0.948891
652   0.955487
653   0.96147
654   0.966608
655   0.970896
656   0.97444
657   0.97727
658   0.979576
659   0.981314
660   0.982651
661   0.983468
662   0.98388
663   0.983733
664   0.98309
665   0.981826
666   0.979956
667   0.977439
668   0.974251
669   0.970499
670   0.966137
671   0.961481
672   0.956489
673   0.951737
674   0.947234
675   0.943761
676   0.941372
677   0.940678
678   0.941542
679   0.943645
680   0.946654
681   0.950161
682   0.953943
683   0.957775
684   0.961551
685   0.965181
686   0.968616
687   0.971834
688   0.934993
689   0.930884
690   0.927984
691   0.926856
692   0.930281
693   0.935594
694   0.942687
695   0.949655
696   0.956188
697   0.961762
698   0.966609
699   0.970551
700   0.973939
701   0.976663
702   0.979017
703   0.980876
704   0.982423
705   0.983512
706   0.984228
707   0.984424
708   0.98413
709   0.983222
710   0.981719
711   0.979541
712   0.976752
713   0.973334
714   0.969466
715   0.965198
716   0.96091
717   0.956699
718   0.95319
719   0.9504
720   0.94903
721   0.94875
722   0.949781
723   0.951587
724   0.954148
725   0.957035
726   0.960215
727   0.963423
728   0.966661
729   0.969772
730   0.972782
731   0.933077
732   0.928559
733   0.925064
734   0.923527
735   0.925067
736   0.929761
737   0.936713
738   0.944082
739   0.951016
740   0.957122
741   0.96236
742   0.966812
743   0.970545
744   0.973769
745   0.976489
746   0.978903
747   0.980917
748   0.982667
749   0.983994
750   0.984972
751   0.985432
752   0.985403
753   0.984761
754   0.983503
755   0.981611
756   0.979069
757   0.976019
758   0.972471
759   0.968761
760   0.964965
761   0.961569
762   0.958701
763   0.956779
764   0.955831
765   0.955892
766   0.956816
767   0.958432
768   0.960557
769   0.963027
770   0.965698
771   0.968472
772   0.971252
773   0.973983
774   0.931934
775   0.927052
776   0.923009
777   0.920374
778   0.920675
779   0.923531
780   0.930832
781   0.938557
782   0.945924
783   0.952468
784   0.958222
785   0.963052
786   0.967259
787   0.970803
788   0.973986
789   0.976738
790   0.979264
791   0.981442
792   0.98337
793   0.984902
794   0.986063
795   0.986712
796   0.986848
797   0.986358
798   0.985267
799   0.983514
800   0.98121
801   0.978363
802   0.975231
803   0.971885
804   0.96875
805   0.965885
806   0.963767
807   0.962297
808   0.96177
809   0.961911
810   0.96283
811   0.96421
812   0.966084
813   0.968183
814   0.970533
815   0.972927
816   0.975394
817   0.931557
818   0.926433
819   0.921866
820   0.918495
821   0.91716
822   0.919307
823   0.925477
824   0.933234
825   0.940943
826   0.947977
827   0.954151
828   0.959473
829   0.964013
830   0.967987
831   0.971448
832   0.974619
833   0.977446
834   0.980087
835   0.982401
836   0.984477
837   0.986139
838   0.987423
839   0.98817
840   0.988388
841   0.987987
842   0.986966
843   0.985358
844   0.983189
845   0.980641
846   0.977798
847   0.974968
848   0.972278
849   0.970038
850   0.968331
851   0.967306
852   0.966934
853   0.967204
854   0.968014
855   0.969287
856   0.970905
857   0.972792
858   0.97484
859   0.976983
860   0.931887
861   0.926623
862   0.921595
863   0.917409
864   0.91463
865   0.914326
866   0.920492
867   0.928122
868   0.936045
869   0.943486
870   0.950153
871   0.95589
872   0.960883
873   0.965168
874   0.969022
875   0.972451
876   0.975661
877   0.978581
878   0.981316
879   0.983746
880   0.985896
881   0.987635
882   0.988948
883   0.989719
884   0.989941
885   0.98954
886   0.988566
887   0.987007
888   0.985022
889   0.982659
890   0.9802
891   0.977713
892   0.975537
893   0.973671
894   0.972394
895   0.971589
896   0.971426
897   0.971706
898   0.972523
899   0.973655
900   0.975161
901   0.976828
902   0.978698
903   0.932845
904   0.927455
905   0.922111
906   0.917196
907   0.913275
908   0.91237
909   0.916285
910   0.923276
911   0.931266
912   0.939078
913   0.946183
914   0.952401
915   0.957763
916   0.962461
917   0.966582
918   0.970366
919   0.973801
920   0.977065
921   0.980049
922   0.982857
923   0.985328
924   0.987511
925   0.989239
926   0.990529
927   0.991258
928   0.991433
929   0.991018
930   0.99004
931   0.988582
932   0.986714
933   0.98463
934   0.982434
935   0.980361
936   0.978504
937   0.977037
938   0.975994
939   0.975446
940   0.97536
941   0.975735
942   0.976494
943   0.977598
944   0.978955
945   0.980504
946   0.934366
947   0.929055
948   0.923449
949   0.918143
950   0.913092
951   0.909768
952   0.912853
953   0.918639
954   0.926598
955   0.934711
956   0.942233
957   0.948889
958   0.954686
959   0.959722
960   0.964209
961   0.968235
962   0.971984
963   0.975455
964   0.978745
965   0.981784
966   0.984593
967   0.987073
968   0.9892
969   0.990876
970   0.99207
971   0.992711
972   0.992806
973   0.992332
974   0.991373
975   0.989959
976   0.98827
977   0.986367
978   0.984492
979   0.982683
980   0.981181
981   0.97995
982   0.979183
983   0.978767
984   0.978835
985   0.979227
986   0.980027
987   0.981052
988   0.98235
989   0.936338
990   0.931031
991   0.925428
992   0.919733
993   0.914286
994   0.910542
995   0.910386
996   0.914786
997   0.922224
998   0.930435
999   0.938313
1000   0.945373
1001   0.951557
1002   0.956987
1003   0.961758
1004   0.966109
1005   0.970062
1006   0.973811
1007   0.977281
1008   0.980593
1009   0.983611
1010   0.986401
1011   0.988806
1012   0.990855
1013   0.992413
1014   0.993494
1015   0.994025
1016   0.994028
1017   0.993523
1018   0.992561
1019   0.991255
1020   0.989688
1021   0.988029
1022   0.986368
1023   0.984867
1024   0.983585
1025   0.982633
1026   0.982023
1027   0.981801
1028   0.981935
1029   0.982423
1030   0.983195
1031   0.984208
1032   0.938712
1033   0.933651
1034   0.928059
1035   0.922388
1036   0.916534
1037   0.911654
1038   0.909704
1039   0.910823
1040   0.91808
1041   0.926385
1042   0.934409
1043   0.941865
1044   0.948411
1045   0.954192
1046   0.959296
1047   0.963894
1048   0.968122
1049   0.972051
1050   0.97576
1051   0.979237
1052   0.982498
1053   0.985487
1054   0.988174
1055   0.99049
1056   0.992392
1057   0.993821
1058   0.994753
1059   0.995164
1060   0.995084
1061   0.99453
1062   0.993607
1063   0.992364
1064   0.99097
1065   0.989472
1066   0.988067
1067   0.986764
1068   0.985746
1069   0.984966
1070   0.984569
1071   0.984454
1072   0.984723
1073   0.98523
1074   0.986034
1075   0.941376
1076   0.936478
1077   0.931156
1078   0.925515
1079   0.919671
1080   0.91432
1081   0.910346
1082   0.910216
1083   0.914912
1084   0.922497
1085   0.930623
1086   0.938318
1087   0.945212
1088   0.951326
1089   0.956709
1090   0.9616
1091   0.966025
1092   0.970194
1093   0.974051
1094   0.977742
1095   0.98115
1096   0.984364
1097   0.987241
1098   0.98983
1099   0.991994
1100   0.993759
1101   0.99503
1102   0.99583
1103   0.996133
1104   0.995978
1105   0.99542
1106   0.994521
1107   0.993395
1108   0.99212
1109   0.990833
1110   0.9896
1111   0.988542
1112   0.987696
1113   0.987138
1114   0.98687
1115   0.986917
1116   0.987238
1117   0.987808
1118   0.944268
1119   0.939738
1120   0.934647
1121   0.929354
1122   0.923565
1123   0.918088
1124   0.912838
1125   0.909418
1126   0.913018
1127   0.919255
1128   0.927139
1129   0.935017
1130   0.942089
1131   0.948487
1132   0.954119
1133   0.959234
1134   0.963887
1135   0.968218
1136   0.972271
1137   0.976091
1138   0.979683
1139   0.983038
1140   0.986122
1141   0.9889
1142   0.991321
1143   0.993347
1144   0.994934
1145   0.996061
1146   0.996722
1147   0.996926
1148   0.996722
1149   0.996148
1150   0.995312
1151   0.994264
1152   0.99315
1153   0.992005
1154   0.990987
1155   0.990093
1156   0.989465
1157   0.98905
1158   0.988959
1159   0.989085
1160   0.989496
1161   0.947273
1162   0.942991
1163   0.938308
1164   0.933259
1165   0.927831
1166   0.922258
1167   0.916854
1168   0.913033
1169   0.912561
1170   0.917165
1171   0.924291
1172   0.931928
1173   0.939117
1174   0.945663
1175   0.951484
1176   0.956814
1177   0.961625
1178   0.966151
1179   0.970322
1180   0.974312
1181   0.978011
1182   0.981535
1183   0.984751
1184   0.987732
1185   0.990343
1186   0.992626
1187   0.994475
1188   0.995917
1189   0.996897
1190   0.997447
1191   0.997577
1192   0.997334
1193   0.996786
1194   0.995996
1195   0.995069
1196   0.994071
1197   0.993113
1198   0.992247
1199   0.99156
1200   0.991079
1201   0.990848
1202   0.990853
1203   0.991086
1204   0.950342
1205   0.94645
1206   0.942086
1207   0.937506
1208   0.932404
1209   0.927266
1210   0.921853
1211   0.917337
1212   0.915298
1213   0.915918
1214   0.922259
1215   0.929637
1216   0.936564
1217   0.943184
1218   0.949065
1219   0.954508
1220   0.959454
1221   0.964082
1222   0.968389
1223   0.972463
1224   0.976292
1225   0.979907
1226   0.983271
1227   0.98638
1228   0.98918
1229   0.991654
1230   0.993747
1231   0.995448
1232   0.996723
1233   0.99758
1234   0.998026
1235   0.998091
1236   0.997833
1237   0.997298
1238   0.996587
1239   0.995745
1240   0.994899
1241   0.994073
1242   0.993396
1243   0.992853
1244   0.992553
1245   0.99243
1246   0.992554
1247   0.953391
1248   0.949766
1249   0.945829
1250   0.941593
1251   0.937031
1252   0.93224
1253   0.927375
1254   0.922901
1255   0.919602
1256   0.919132
1257   0.921821
1258   0.928074
1259   0.934611
1260   0.941069
1261   0.946896
1262   0.952387
1263   0.957357
1264   0.962082
1265   0.966428
1266   0.970603
1267   0.974478
1268   0.978201
1269   0.981636
1270   0.984883
1271   0.987806
1272   0.990468
1273   0.992752
1274   0.994699
1275   0.996228
1276   0.997376
1277   0.998113
1278   0.998481
1279   0.998506
1280   0.998239
1281   0.99775
1282   0.9971
1283   0.99638
1284   0.995647
1285   0.99499
1286   0.994449
1287   0.994081
1288   0.993894
1289   0.993896
1290   0.956395
1291   0.953121
1292   0.949511
1293   0.94574
1294   0.941607
1295   0.937415
1296   0.933005
1297   0.929007
1298   0.925405
1299   0.923245
1300   0.924735
1301   0.928273
1302   0.933996
1303   0.939968
1304   0.945489
1305   0.950789
1306   0.9557
1307   0.960356
1308   0.964717
1309   0.968869
1310   0.972788
1311   0.976523
1312   0.980032
1313   0.983334
1314   0.986374
1315   0.989153
1316   0.99161
1317   0.993742
1318   0.995502
1319   0.996894
1320   0.9979
1321   0.998541
1322   0.998836
1323   0.998826
1324   0.998569
1325   0.998112
1326   0.997548
1327   0.996917
1328   0.996327
1329   0.995792
1330   0.995413
1331   0.995157
1332   0.995096
1333   0.959304
1334   0.956283
1335   0.953051
1336   0.949622
1337   0.945997
1338   0.942232
1339   0.938453
1340   0.934781
1341   0.931658
1342   0.929343
1343   0.928933
1344   0.931109
1345   0.934744
1346   0.939886
1347   0.9448
1348   0.949821
1349   0.95446
1350   0.959006
1351   0.963227
1352   0.967344
1353   0.971191
1354   0.974935
1355   0.978426
1356   0.981783
1357   0.984864
1358   0.987752
1359   0.990319
1360   0.992622
1361   0.994561
1362   0.996179
1363   0.997419
1364   0.998318
1365   0.998868
1366   0.999112
1367   0.999084
1368   0.998838
1369   0.998439
1370   0.997944
1371   0.99743
1372   0.996948
1373   0.99656
1374   0.996288
1375   0.996157
1376   0.962112
1377   0.959383
1378   0.956443
1379   0.953396
1380   0.95015
1381   0.946872
1382   0.943516
1383   0.940354
1384   0.937493
1385   0.935356
1386   0.934462
1387   0.935
1388   0.93767
1389   0.941294
1390   0.945477
1391   0.949782
1392   0.954053
1393   0.958234
1394   0.962268
1395   0.966182
1396   0.969938
1397   0.973569
1398   0.97703
1399   0.980344
1400   0.983454
1401   0.986368
1402   0.989026
1403   0.991429
1404   0.993522
1405   0.995309
1406   0.996754
1407   0.997871
1408   0.998652
1409   0.999128
1410   0.999323
1411   0.99928
1412   0.999058
1413   0.998702
1414   0.998295
1415   0.997869
1416   0.997513
1417   0.997224
1418   0.99707
1419   0.964798
1420   0.962294
1421   0.959659
1422   0.956908
1423   0.954058
1424   0.951142
1425   0.94826
1426   0.945466
1427   0.943041
1428   0.941054
1429   0.940068
1430   0.939996
1431   0.94135
1432   0.943896
1433   0.947019
1434   0.950631
1435   0.954279
1436   0.958073
1437   0.961738
1438   0.965434
1439   0.968961
1440   0.972472
1441   0.975798
1442   0.979063
1443   0.982113
1444   0.985046
1445   0.987719
1446   0.990207
1447   0.992391
1448   0.994326
1449   0.995929
1450   0.997243
1451   0.998226
1452   0.998919
1453   0.999324
1454   0.999485
1455   0.999441
1456   0.999241
1457   0.998947
1458   0.99861
1459   0.99829
1460   0.998024
1461   0.997843
1462   0.96736
1463   0.965096
1464   0.962707
1465   0.960255
1466   0.957706
1467   0.95515
1468   0.952598
1469   0.950176
1470   0.947997
1471   0.946215
1472   0.945106
1473   0.944721
1474   0.945468
1475   0.947069
1476   0.949423
1477   0.952219
1478   0.955306
1479   0.958546
1480   0.961849
1481   0.965178
1482   0.968477
1483   0.971745
1484   0.974931
1485   0.978044
1486   0.981027
1487   0.983886
1488   0.986561
1489   0.989053
1490   0.991305
1491   0.99332
1492   0.99505
1493   0.996507
1494   0.997663
1495   0.998539
1496   0.999133
1497   0.999481
1498   0.999609
1499   0.999562
1500   0.999394
1501   0.999147
1502   0.998891
1503   0.998647
1504   0.998475
1505   0.969793
1506   0.967727
1507   0.965583
1508   0.963375
1509   0.961124
1510   0.958853
1511   0.956634
1512   0.954496
1513   0.952599
1514   0.950977
1515   0.949888
1516   0.949347
1517   0.94959
1518   0.950597
1519   0.952207
1520   0.954372
1521   0.956817
1522   0.959574
1523   0.962401
1524   0.965394
1525   0.968352
1526   0.971393
1527   0.97434
1528   0.977309
1529   0.980135
1530   0.982921
1531   0.985516
1532   0.988003
1533   0.990252
1534   0.992329
1535   0.994129
1536   0.995706
1537   0.99699
1538   0.998026
1539   0.998783
1540   0.999304
1541   0.999596
1542   0.999703
1543   0.999663
1544   0.999523
1545   0.999336
1546   0.999141
1547   0.998978
1548   0.9721
1549   0.970231
1550   0.968293
1551   0.96632
1552   0.964308
1553   0.962304
1554   0.960334
1555   0.958461
1556   0.956762
1557   0.95531
1558   0.954248
1559   0.953627
1560   0.953616
1561   0.954171
1562   0.9553
1563   0.956882
1564   0.958838
1565   0.961071
1566   0.963499
1567   0.966076
1568   0.968735
1569   0.971458
1570   0.974189
1571   0.976923
1572   0.979604
1573   0.98223
1574   0.984744
1575   0.987145
1576   0.989378
1577   0.991441
1578   0.993286
1579   0.994919
1580   0.996302
1581   0.997449
1582   0.998341
1583   0.999005
1584   0.999442
1585   0.999689
1586   0.999774
1587   0.999739
1588   0.999632
1589   0.999488
1590   0.999357
1591   0.974278
1592   0.972582
1593   0.970842
1594   0.96907
1595   0.967286
1596   0.965505
1597   0.963776
1598   0.962117
1599   0.960621
1600   0.95931
1601   0.958313
1602   0.95766
1603   0.957458
1604   0.957733
1605   0.95845
1606   0.959619
1607   0.9611
1608   0.962925
1609   0.96492
1610   0.967153
1611   0.969449
1612   0.971903
1613   0.974344
1614   0.976876
1615   0.979334
1616   0.98182
1617   0.984178
1618   0.986499
1619   0.988643
1620   0.990687
1621   0.992512
1622   0.994184
1623   0.995611
1624   0.996846
1625   0.997833
1626   0.998617
1627   0.999177
1628   0.999552
1629   0.999756
1630   0.999828
1631   0.999804
1632   0.999725
1633   0.999628
1634   0.976332
1635   0.974801
1636   0.973234
1637   0.97165
1638   0.970057
1639   0.96848
1640   0.966944
1641   0.965483
1642   0.964147
1643   0.962976
1644   0.962046
1645   0.961396
1646   0.961102
1647   0.961176
1648   0.961639
1649   0.962462
1650   0.963612
1651   0.965048
1652   0.966715
1653   0.968581
1654   0.97059
1655   0.972724
1656   0.974927
1657   0.977192
1658   0.979463
1659   0.981736
1660   0.983958
1661   0.986125
1662   0.988185
1663   0.990137
1664   0.991933
1665   0.993574
1666   0.995024
1667   0.996288
1668   0.997343
1669   0.998203
1670   0.998858
1671   0.999335
1672   0.999641
1673   0.99981
1674   0.999868
1675   0.999853
1676   0.999801
1677   0.978262
1678   0.97688
1679   0.975475
1680   0.974057
1681   0.972641
1682   0.97124
1683   0.969886
1684   0.968591
1685   0.967411
1686   0.96636
1687   0.965508
1688   0.964879
1689   0.964528
1690   0.964485
1691   0.964743
1692   0.965336
1693   0.966189
1694   0.967345
1695   0.968686
1696   0.970276
1697   0.971971
1698   0.973855
1699   0.975775
1700   0.977827
1701   0.979854
1702   0.981955
1703   0.983979
1704   0.986017
1705   0.987929
1706   0.9898
1707   0.991503
1708   0.993113
1709   0.994526
1710   0.995806
1711   0.996878
1712   0.997794
1713   0.998509
1714   0.999068
1715   0.999456
1716   0.999712
1717   0.999848
1718   0.999898
1719   0.999893
1720   0.980072
1721   0.978828
1722   0.977568
1723   0.976301
1724   0.97504
1725   0.973798
1726   0.972596
1727   0.971455
1728   0.970405
1729   0.969472
1730   0.968697
1731   0.968109
1732   0.967746
1733   0.967629
1734   0.967773
1735   0.968184
1736   0.968848
1737   0.969755
1738   0.970871
1739   0.972185
1740   0.973653
1741   0.975264
1742   0.976972
1743   0.97877
1744   0.980609
1745   0.982485
1746   0.98435
1747   0.986199
1748   0.987989
1749   0.989714
1750   0.991334
1751   0.992848
1752   0.994221
1753   0.995457
1754   0.99653
1755   0.997449
1756   0.998201
1757   0.998802
1758   0.99925
1759   0.999569
1760   0.999769
1761   0.99988
1762   0.999921
1763   0.981764
1764   0.980647
1765   0.979519
1766   0.978388
1767   0.977268
1768   0.976165
1769   0.975105
1770   0.974095
1771   0.97317
1772   0.97234
1773   0.971646
1774   0.971104
1775   0.970747
1776   0.970598
1777   0.970657
1778   0.970959
1779   0.971458
1780   0.972201
1781   0.973103
1782   0.974226
1783   0.975457
1784   0.976872
1785   0.978341
1786   0.97995
1787   0.981562
1788   0.983268
1789   0.984927
1790   0.986631
1791   0.988245
1792   0.989856
1793   0.991339
1794   0.992774
1795   0.994054
1796   0.995249
1797   0.996273
1798   0.997189
1799   0.997935
1800   0.998564
1801   0.999039
1802   0.999406
1803   0.999653
1804   0.999815
1805   0.999901
1806   0.983341
1807   0.982341
1808   0.981332
1809   0.980324
1810   0.979327
1811   0.978351
1812   0.977411
1813   0.976523
1814   0.975704
1815   0.974975
1816   0.974358
1817   0.973874
1818   0.973544
1819   0.973387
1820   0.973414
1821   0.973633
1822   0.974042
1823   0.97464
1824   0.97541
1825   0.976346
1826   0.977421
1827   0.978626
1828   0.979931
1829   0.981325
1830   0.982775
1831   0.98427
1832   0.985779
1833   0.98729
1834   0.988773
1835   0.990216
1836   0.991593
1837   0.992894
1838   0.994098
1839   0.995199
1840   0.99618
1841   0.997042
1842   0.997777
1843   0.998389
1844   0.998879
1845   0.99926
1846   0.999538
1847   0.99973
1848   0.999851
