##### Y Variance #####
0   0.999998
1   0.999899
2   0.999599
3   0.99905
4   0.998227
5   0.997161
6   0.995884
7   0.994475
8   0.992982
9   0.991488
10   0.99003
11   0.988674
12   0.987439
13   0.986369
14   0.985466
15   0.984753
16   0.984218
17   0.983868
18   0.983685
19   0.983665
20   0.983785
21   0.984035
22   0.984393
23   0.984846
24   0.985374
25   0.985963
26   0.986596
27   0.987263
28   0.987949
29   0.988645
30   0.989341
31   0.99003
32   0.990705
33   0.991362
34   0.991996
35   0.992603
36   0.993182
37   0.993732
38   0.99425
39   0.994737
40   0.995193
41   0.995618
42   0.996014
43   0.999967
44   0.999988
45   0.999787
46   0.999311
47   0.998459
48   0.997366
49   0.995936
50   0.994425
51   0.992719
52   0.991098
53   0.989423
54   0.987953
55   0.986533
56   0.985381
57   0.98434
58   0.983583
59   0.982961
60   0.982606
61   0.982382
62   0.982387
63   0.982504
64   0.982803
65   0.983185
66   0.9837
67   0.984269
68   0.984927
69   0.985613
70   0.98635
71   0.987092
72   0.987854
73   0.988606
74   0.989357
75   0.990085
76   0.990797
77   0.991479
78   0.992135
79   0.992757
80   0.993348
81   0.993904
82   0.994427
83   0.994915
84   0.99537
85   0.995792
86   0.999798
87   0.99997
88   0.999958
89   0.999629
90   0.998888
91   0.997779
92   0.996329
93   0.994668
94   0.992858
95   0.991027
96   0.989221
97   0.98754
98   0.986
99   0.984669
100   0.98354
101   0.98265
102   0.981979
103   0.98154
104   0.981303
105   0.981269
106   0.981403
107   0.981696
108   0.982117
109   0.982652
110   0.983273
111   0.983967
112   0.98471
113   0.985492
114   0.986293
115   0.987105
116   0.987913
117   0.988713
118   0.989494
119   0.990252
120   0.990981
121   0.991679
122   0.992344
123   0.992973
124   0.993566
125   0.994122
126   0.994642
127   0.995126
128   0.995575
129   0.999427
130   0.999775
131   0.999991
132   0.999883
133   0.99931
134   0.99831
135   0.996846
136   0.99516
137   0.993204
138   0.991271
139   0.989264
140   0.987455
141   0.985713
142   0.984267
143   0.982968
144   0.981994
145   0.981197
146   0.980712
147   0.980396
148   0.980348
149   0.980443
150   0.98075
151   0.981164
152   0.981732
153   0.982368
154   0.983106
155   0.98388
156   0.984711
157   0.98555
158   0.986412
159   0.987262
160   0.98811
161   0.988933
162   0.989736
163   0.990505
164   0.991245
165   0.991946
166   0.992612
167   0.993238
168   0.993827
169   0.994377
170   0.994889
171   0.995364
172   0.998786
173   0.999283
174   0.9998
175   1
176   0.99972
177   0.998905
178   0.997579
179   0.995884
180   0.993921
181   0.991847
182   0.989748
183   0.987741
184   0.985878
185   0.984232
186   0.982818
187   0.981675
188   0.98079
189   0.980177
190   0.979808
191   0.979676
192   0.979749
193   0.98001
194   0.980426
195   0.980977
196   0.981633
197   0.982377
198   0.983181
199   0.98403
200   0.984906
201   0.985795
202   0.986684
203   0.987563
204   0.988424
205   0.98926
206   0.990067
207   0.990838
208   0.991574
209   0.992271
210   0.992929
211   0.993546
212   0.994124
213   0.994662
214   0.995163
215   0.997832
216   0.998515
217   0.999325
218   0.99988
219   0.999957
220   0.999433
221   0.998295
222   0.996731
223   0.994766
224   0.992681
225   0.990454
226   0.988356
227   0.986309
228   0.984543
229   0.982943
230   0.981687
231   0.980644
232   0.979944
233   0.979454
234   0.979267
235   0.979258
236   0.979491
237   0.97986
238   0.980406
239   0.981041
240   0.981794
241   0.982597
242   0.983466
243   0.984353
244   0.985268
245   0.986176
246   0.987084
247   0.987969
248   0.988835
249   0.989667
250   0.990469
251   0.991231
252   0.991956
253   0.99264
254   0.993284
255   0.993888
256   0.99445
257   0.994973
258   0.996524
259   0.99724
260   0.998449
261   0.99943
262   0.999969
263   0.999833
264   0.999022
265   0.997641
266   0.995823
267   0.993731
268   0.991504
269   0.989277
270   0.987146
271   0.985198
272   0.983484
273   0.982044
274   0.980891
275   0.980032
276   0.979454
277   0.979143
278   0.979073
279   0.979219
280   0.97955
281   0.98004
282   0.980658
283   0.981379
284   0.982179
285   0.983035
286   0.98393
287   0.984845
288   0.985767
289   0.986684
290   0.987587
291   0.988468
292   0.989321
293   0.990141
294   0.990926
295   0.991672
296   0.992379
297   0.993045
298   0.993671
299   0.994255
300   0.994799
301   0.99491
302   0.995759
303   0.997212
304   0.998632
305   0.999672
306   0.999999
307   0.999579
308   0.998508
309   0.996868
310   0.994904
311   0.992672
312   0.990434
313   0.988185
314   0.986151
315   0.98427
316   0.982718
317   0.981396
318   0.980429
319   0.979703
320   0.979304
321   0.979117
322   0.979197
323   0.979443
324   0.979888
325   0.980448
326   0.981143
327   0.981906
328   0.98275
329   0.983624
330   0.984537
331   0.985452
332   0.986373
333   0.987278
334   0.988169
335   0.989031
336   0.989865
337   0.990663
338   0.991426
339   0.99215
340   0.992834
341   0.993478
342   0.994081
343   0.994643
344   0.993032
345   0.993612
346   0.995467
347   0.997342
348   0.998948
349   0.999853
350   0.999936
351   0.999249
352   0.997925
353   0.996122
354   0.994018
355   0.991765
356   0.989509
357   0.987355
358   0.985395
359   0.98368
360   0.982252
361   0.981119
362   0.98029
363   0.979744
364   0.979468
365   0.979429
366   0.979604
367   0.979958
368   0.980466
369   0.981093
370   0.981821
371   0.982617
372   0.983469
373   0.984351
374   0.985254
375   0.986158
376   0.98706
377   0.987944
378   0.988809
379   0.989644
380   0.990451
381   0.991221
382   0.991957
383   0.992653
384   0.993312
385   0.993929
386   0.994508
387   0.991124
388   0.991806
389   0.99342
390   0.995598
391   0.997776
392   0.999303
393   0.999972
394   0.999773
395   0.998817
396   0.997299
397   0.995343
398   0.993196
399   0.990925
400   0.988756
401   0.986687
402   0.984893
403   0.983317
404   0.982082
405   0.981101
406   0.980453
407   0.980041
408   0.979912
409   0.979974
410   0.980253
411   0.98067
412   0.981239
413   0.981896
414   0.982649
415   0.983449
416   0.9843
417   0.985167
418   0.986051
419   0.98693
420   0.987803
421   0.988656
422   0.989488
423   0.990292
424   0.991065
425   0.991805
426   0.99251
427   0.993178
428   0.993807
429   0.994398
430   0.989174
431   0.989577
432   0.991142
433   0.993248
434   0.996091
435   0.99832
436   0.999621
437   0.999993
438   0.999516
439   0.99834
440   0.996658
441   0.994639
442   0.992471
443   0.99028
444   0.9882
445   0.986298
446   0.984652
447   0.983274
448   0.982198
449   0.981403
450   0.980892
451   0.980628
452   0.980599
453   0.980761
454   0.9811
455   0.981572
456   0.982165
457   0.98284
458   0.983589
459   0.984381
460   0.985209
461   0.98605
462   0.986902
463   0.987745
464   0.988582
465   0.989397
466   0.990193
467   0.990959
468   0.991699
469   0.992404
470   0.993078
471   0.993713
472   0.994313
473   0.987256
474   0.987544
475   0.988739
476   0.990971
477   0.994049
478   0.996866
479   0.998855
480   0.999849
481   0.999913
482   0.99918
483   0.997811
484   0.996036
485   0.993982
486   0.991878
487   0.989778
488   0.987862
489   0.98612
490   0.984674
491   0.983469
492   0.982581
493   0.981935
494   0.981573
495   0.981416
496   0.981486
497   0.981711
498   0.982101
499   0.982597
500   0.983202
501   0.983872
502   0.984606
503   0.985372
504   0.986168
505   0.986973
506   0.987784
507   0.988588
508   0.989382
509   0.990158
510   0.990912
511   0.991642
512   0.992344
513   0.993016
514   0.993654
515   0.994258
516   0.985381
517   0.985354
518   0.986224
519   0.987982
520   0.991607
521   0.995015
522   0.997638
523   0.999305
524   0.999969
525   0.999741
526   0.998789
527   0.997295
528   0.99547
529   0.993463
530   0.991448
531   0.989508
532   0.987756
533   0.986216
534   0.98495
535   0.983937
536   0.983204
537   0.982709
538   0.982457
539   0.982398
540   0.98253
541   0.982804
542   0.983215
543   0.983719
544   0.984314
545   0.984964
546   0.985668
547   0.986396
548   0.987153
549   0.987912
550   0.988681
551   0.989437
552   0.990189
553   0.99092
554   0.991638
555   0.992326
556   0.992994
557   0.993628
558   0.994233
559   0.983611
560   0.983307
561   0.98376
562   0.985542
563   0.988964
564   0.992746
565   0.996003
566   0.998326
567   0.999644
568   0.999982
569   0.999493
570   0.998378
571   0.996806
572   0.995002
573   0.993076
574   0.991208
575   0.989436
576   0.987885
577   0.986535
578   0.985461
579   0.984614
580   0.984032
581   0.983655
582   0.9835
583   0.98351
584   0.983687
585   0.983985
586   0.9844
587   0.984895
588   0.985466
589   0.986085
590   0.986748
591   0.987436
592   0.988143
593   0.988859
594   0.989577
595   0.990291
596   0.990996
597   0.991688
598   0.992362
599   0.993015
600   0.993643
601   0.994242
602   0.981995
603   0.981378
604   0.981339
605   0.98232
606   0.986039
607   0.99013
608   0.993919
609   0.996923
610   0.998901
611   0.999859
612   0.999902
613   0.999208
614   0.997986
615   0.996408
616   0.994669
617   0.992877
618   0.991175
619   0.9896
620   0.988241
621   0.987085
622   0.98618
623   0.985486
624   0.985025
625   0.984747
626   0.984661
627   0.984715
628   0.984916
629   0.985216
630   0.985621
631   0.98609
632   0.986629
633   0.987205
634   0.987826
635   0.988462
636   0.989124
637   0.989787
638   0.990462
639   0.991128
640   0.991794
641   0.992441
642   0.99308
643   0.993692
644   0.994285
645   0.980586
646   0.979623
647   0.97918
648   0.980071
649   0.983043
650   0.987168
651   0.991441
652   0.995068
653   0.997747
654   0.999342
655   0.999963
656   0.999759
657   0.998919
658   0.997656
659   0.996122
660   0.994498
661   0.992866
662   0.991351
663   0.989972
664   0.988803
665   0.987823
666   0.987069
667   0.986504
668   0.986139
669   0.985936
670   0.985893
671   0.985975
672   0.986177
673   0.98647
674   0.986847
675   0.987286
676   0.98778
677   0.988315
678   0.988883
679   0.989475
680   0.990084
681   0.990705
682   0.991331
683   0.991957
684   0.992578
685   0.99319
686   0.993787
687   0.994363
688   0.97944
689   0.97823
690   0.977261
691   0.977193
692   0.979956
693   0.983794
694   0.988514
695   0.992802
696   0.996139
697   0.998422
698   0.999647
699   0.999976
700   0.999588
701   0.99867
702   0.997424
703   0.995982
704   0.994504
705   0.993049
706   0.991724
707   0.990532
708   0.989538
709   0.98871
710   0.988085
711   0.987618
712   0.987329
713   0.98717
714   0.987157
715   0.987241
716   0.987437
717   0.987702
718   0.988051
719   0.988445
720   0.9889
721   0.989383
722   0.989908
723   0.990448
724   0.991016
725   0.991588
726   0.992176
727   0.992758
728   0.993345
729   0.993914
730   0.994476
731   0.97857
732   0.977036
733   0.975781
734   0.97548
735   0.976945
736   0.980414
737   0.985292
738   0.990097
739   0.994125
740   0.997058
741   0.998935
742   0.999832
743   0.999934
744   0.999429
745   0.998496
746   0.997315
747   0.996001
748   0.994684
749   0.993415
750   0.992268
751   0.991253
752   0.990406
753   0.989711
754   0.989182
755   0.988795
756   0.988551
757   0.988426
758   0.988415
759   0.988498
760   0.988667
761   0.988909
762   0.989214
763   0.989572
764   0.989976
765   0.990419
766   0.990893
767   0.991394
768   0.991915
769   0.992451
770   0.992995
771   0.993544
772   0.994089
773   0.994624
774   0.978025
775   0.976301
776   0.974649
777   0.973669
778   0.974216
779   0.976345
780   0.981679
781   0.987078
782   0.991651
783   0.995283
784   0.997788
785   0.9993
786   0.999928
787   0.99987
788   0.999313
789   0.998413
790   0.997337
791   0.996167
792   0.995022
793   0.993922
794   0.992946
795   0.992075
796   0.991359
797   0.99076
798   0.990313
799   0.989973
800   0.989765
801   0.989646
802   0.989637
803   0.989697
804   0.989846
805   0.990048
806   0.99032
807   0.990631
808   0.990999
809   0.991394
810   0.991833
811   0.992289
812   0.992777
813   0.993271
814   0.993785
815   0.994293
816   0.994805
817   0.977802
818   0.975847
819   0.973884
820   0.972348
821   0.971806
822   0.973522
823   0.978098
824   0.983637
825   0.98879
826   0.993023
827   0.996216
828   0.998338
829   0.999538
830   0.999968
831   0.999818
832   0.999262
833   0.998441
834   0.997486
835   0.996474
836   0.995485
837   0.994551
838   0.993711
839   0.992972
840   0.992349
841   0.991836
842   0.991436
843   0.991138
844   0.990938
845   0.990828
846   0.990799
847   0.990845
848   0.990958
849   0.991133
850   0.991362
851   0.991642
852   0.991965
853   0.992328
854   0.992725
855   0.993152
856   0.993601
857   0.994067
858   0.994542
859   0.995018
860   0.977899
861   0.975876
862   0.973533
863   0.971473
864   0.969854
865   0.969762
866   0.974447
867   0.980072
868   0.985542
869   0.990392
870   0.99419
871   0.99697
872   0.998734
873   0.999688
874   0.99998
875   0.999792
876   0.999282
877   0.998557
878   0.997738
879   0.996869
880   0.996033
881   0.995229
882   0.994516
883   0.99387
884   0.993333
885   0.99287
886   0.992515
887   0.992231
888   0.992045
889   0.991921
890   0.991884
891   0.991901
892   0.991993
893   0.99213
894   0.992333
895   0.992573
896   0.992871
897   0.993196
898   0.993569
899   0.99396
900   0.994384
901   0.994814
902   0.99526
903   0.978262
904   0.976066
905   0.97353
906   0.9709
907   0.968545
908   0.968107
909   0.971098
910   0.976273
911   0.98201
912   0.987318
913   0.991768
914   0.995142
915   0.997519
916   0.998998
917   0.999766
918   0.999984
919   0.999807
920   0.999365
921   0.998757
922   0.998062
923   0.997336
924   0.99662
925   0.99594
926   0.995316
927   0.994759
928   0.994273
929   0.993862
930   0.993525
931   0.993262
932   0.993068
933   0.992944
934   0.992883
935   0.992886
936   0.992947
937   0.993065
938   0.993234
939   0.993454
940   0.993718
941   0.994024
942   0.994364
943   0.994735
944   0.995126
945   0.995529
946   0.978886
947   0.976751
948   0.973969
949   0.97111
950   0.967916
951   0.965711
952   0.968104
953   0.972389
954   0.978219
955   0.983991
956   0.988939
957   0.992949
958   0.995874
959   0.997914
960   0.999153
961   0.999802
962   0.999988
963   0.999848
964   0.999492
965   0.998989
966   0.998419
967   0.997804
968   0.997203
969   0.996613
970   0.996076
971   0.995574
972   0.995142
973   0.994757
974   0.994446
975   0.994184
976   0.993997
977   0.993858
978   0.993791
979   0.99377
980   0.993818
981   0.993909
982   0.994064
983   0.994257
984   0.994507
985   0.994786
986   0.995111
987   0.995452
988   0.99582
989   0.979695
990   0.977472
991   0.974712
992   0.971535
993   0.968151
994   0.965697
995   0.965635
996   0.968889
997   0.974415
998   0.980363
999   0.985826
1000   0.990325
1001   0.99384
1002   0.996392
1003   0.998138
1004   0.999221
1005   0.999795
1006   0.999988
1007   0.999907
1008   0.999636
1009   0.999242
1010   0.998771
1011   0.998266
1012   0.99775
1013   0.997247
1014   0.996767
1015   0.996326
1016   0.995924
1017   0.995574
1018   0.995271
1019   0.995025
1020   0.99483
1021   0.994693
1022   0.99461
1023   0.994584
1024   0.994611
1025   0.994695
1026   0.994829
1027   0.995013
1028   0.995241
1029   0.99551
1030   0.995808
1031   0.99613
1032   0.980692
1033   0.978632
1034   0.975824
1035   0.972702
1036   0.969028
1037   0.965823
1038   0.964395
1039   0.965084
1040   0.970561
1041   0.976733
1042   0.982417
1043   0.987456
1044   0.991426
1045   0.994524
1046   0.996721
1047   0.998261
1048   0.999219
1049   0.999764
1050   0.999978
1051   0.999958
1052   0.999771
1053   0.999465
1054   0.999091
1055   0.998667
1056   0.998235
1057   0.997793
1058   0.997375
1059   0.996971
1060   0.99661
1061   0.996277
1062   0.995997
1063   0.995752
1064   0.995567
1065   0.995422
1066   0.995342
1067   0.995303
1068   0.99533
1069   0.995399
1070   0.995531
1071   0.995699
1072   0.995921
1073   0.996168
1074   0.996452
1075   0.981801
1076   0.97977
1077   0.977166
1078   0.974036
1079   0.970426
1080   0.966875
1081   0.964032
1082   0.963878
1083   0.967347
1084   0.972982
1085   0.978902
1086   0.98425
1087   0.988727
1088   0.992259
1089   0.99494
1090   0.996899
1091   0.998263
1092   0.999164
1093   0.999695
1094   0.999949
1095   0.999992
1096   0.99988
1097   0.999659
1098   0.999361
1099   0.999018
1100   0.998647
1101   0.99827
1102   0.997895
1103   0.997538
1104   0.997201
1105   0.996898
1106   0.996627
1107   0.996401
1108   0.996215
1109   0.996081
1110   0.995994
1111   0.995962
1112   0.995981
1113   0.996054
1114   0.996174
1115   0.996342
1116   0.996548
1117   0.996784
1118   0.983005
1119   0.981217
1120   0.978725
1121   0.975877
1122   0.972302
1123   0.968728
1124   0.964949
1125   0.962344
1126   0.965026
1127   0.969635
1128   0.97544
1129   0.981096
1130   0.985837
1131   0.989815
1132   0.99286
1133   0.995244
1134   0.99697
1135   0.998232
1136   0.999074
1137   0.999614
1138   0.999899
1139   0.999998
1140   0.999952
1141   0.999799
1142   0.999573
1143   0.999292
1144   0.998984
1145   0.998654
1146   0.998328
1147   0.998002
1148   0.997701
1149   0.997415
1150   0.997169
1151   0.99695
1152   0.996782
1153   0.996649
1154   0.996575
1155   0.996541
1156   0.996569
1157   0.996637
1158   0.996763
1159   0.996919
1160   0.997119
1161   0.984224
1162   0.982527
1163   0.980328
1164   0.977624
1165   0.974364
1166   0.970728
1167   0.96695
1168   0.964144
1169   0.963718
1170   0.9671
1171   0.972386
1172   0.977922
1173   0.982924
1174   0.987152
1175   0.990566
1176   0.993294
1177   0.995385
1178   0.996983
1179   0.998143
1180   0.998969
1181   0.999509
1182   0.999832
1183   0.999978
1184   0.99999
1185   0.9999
1186   0.999731
1187   0.999511
1188   0.999251
1189   0.998973
1190   0.998683
1191   0.998397
1192   0.998119
1193   0.997864
1194   0.997632
1195   0.997436
1196   0.997275
1197   0.997161
1198   0.997091
1199   0.997072
1200   0.997101
1201   0.997178
1202   0.997297
1203   0.997452
1204   0.985445
1205   0.983994
1206   0.981971
1207   0.979624
1208   0.976601
1209   0.973355
1210   0.969617
1211   0.966392
1212   0.964811
1213   0.96511
1214   0.969858
1215   0.975304
1216   0.980184
1217   0.984642
1218   0.988242
1219   0.991272
1220   0.993642
1221   0.995547
1222   0.996986
1223   0.998085
1224   0.998869
1225   0.999416
1226   0.999758
1227   0.999943
1228   1
1229   0.999958
1230   0.999842
1231   0.999668
1232   0.999457
1233   0.999217
1234   0.998968
1235   0.998711
1236   0.998467
1237   0.998231
1238   0.998026
1239   0.997843
1240   0.997705
1241   0.9976
1242   0.99755
1243   0.997537
1244   0.99758
1245   0.997656
1246   0.997778
1247   0.986611
1248   0.985267
1249   0.983539
1250   0.98141
1251   0.978825
1252   0.975855
1253   0.972617
1254   0.969475
1255   0.967045
1256   0.966614
1257   0.968529
1258   0.973137
1259   0.977835
1260   0.98227
1261   0.986005
1262   0.989223
1263   0.991823
1264   0.993979
1265   0.995668
1266   0.997013
1267   0.998025
1268   0.998788
1269   0.999323
1270   0.999684
1271   0.999895
1272   0.99999
1273   0.99999
1274   0.999915
1275   0.999785
1276   0.999612
1277   0.999413
1278   0.999195
1279   0.998974
1280   0.998753
1281   0.998548
1282   0.99836
1283   0.998204
1284   0.99808
1285   0.997999
1286   0.997958
1287   0.997963
1288   0.998009
1289   0.998092
1290   0.987724
1291   0.986585
1292   0.985039
1293   0.98325
1294   0.980976
1295   0.978506
1296   0.975647
1297   0.972952
1298   0.970345
1299   0.968704
1300   0.969773
1301   0.972301
1302   0.976445
1303   0.98063
1304   0.984238
1305   0.987477
1306   0.990182
1307   0.992484
1308   0.99435
1309   0.99588
1310   0.997081
1311   0.998027
1312   0.998735
1313   0.99926
1314   0.999619
1315   0.999849
1316   0.999968
1317   0.999999
1318   0.99996
1319   0.999863
1320   0.999727
1321   0.999558
1322   0.999374
1323   0.999178
1324   0.998988
1325   0.998804
1326   0.998645
1327   0.998506
1328   0.998408
1329   0.99834
1330   0.998321
1331   0.998333
1332   0.99839
1333   0.988752
1334   0.987713
1335   0.986412
1336   0.984835
1337   0.98296
1338   0.980816
1339   0.978498
1340   0.976091
1341   0.973953
1342   0.972272
1343   0.97195
1344   0.973501
1345   0.976075
1346   0.979691
1347   0.982959
1348   0.986107
1349   0.988773
1350   0.991142
1351   0.993093
1352   0.994756
1353   0.996091
1354   0.997188
1355   0.998041
1356   0.998712
1357   0.999207
1358   0.999567
1359   0.999802
1360   0.999942
1361   0.999996
1362   0.999984
1363   0.999919
1364   0.99981
1365   0.999673
1366   0.999515
1367   0.999349
1368   0.999182
1369   0.999026
1370   0.998887
1371   0.998775
1372   0.998694
1373   0.99865
1374   0.998641
1375   0.998667
1376   0.989707
1377   0.988821
1378   0.987673
1379   0.986359
1380   0.984747
1381   0.982993
1382   0.981016
1383   0.979059
1384   0.977171
1385   0.975716
1386   0.975086
1387   0.97544
1388   0.977349
1389   0.979865
1390   0.98266
1391   0.985378
1392   0.987883
1393   0.990132
1394   0.992084
1395   0.993769
1396   0.995181
1397   0.996365
1398   0.997327
1399   0.998107
1400   0.998716
1401   0.999187
1402   0.999529
1403   0.999768
1404   0.999915
1405   0.999987
1406   0.999996
1407   0.999952
1408   0.99987
1409   0.999756
1410   0.999625
1411   0.999481
1412   0.999341
1413   0.999205
1414   0.999093
1415   0.999
1416   0.998943
1417   0.998912
1418   0.99892
1419   0.990579
1420   0.989777
1421   0.988809
1422   0.987668
1423   0.986347
1424   0.984859
1425   0.983277
1426   0.981627
1427   0.980145
1428   0.978858
1429   0.978244
1430   0.978192
1431   0.979155
1432   0.980904
1433   0.982975
1434   0.98525
1435   0.987407
1436   0.98948
1437   0.991308
1438   0.992965
1439   0.994374
1440   0.995606
1441   0.996625
1442   0.997488
1443   0.99818
1444   0.998744
1445   0.999176
1446   0.999507
1447   0.999739
1448   0.999893
1449   0.999975
1450   0.999999
1451   0.999975
1452   0.999912
1453   0.999821
1454   0.99971
1455   0.999592
1456   0.999472
1457   0.999363
1458   0.99927
1459   0.999202
1460   0.99916
1461   0.999148
1462   0.991381
1463   0.990688
1464   0.989838
1465   0.988883
1466   0.987757
1467   0.98654
1468   0.98521
1469   0.983878
1470   0.982613
1471   0.981544
1472   0.980881
1473   0.980663
1474   0.981217
1475   0.982312
1476   0.983861
1477   0.985608
1478   0.987429
1479   0.989206
1480   0.990874
1481   0.992404
1482   0.993769
1483   0.994976
1484   0.996017
1485   0.996913
1486   0.997662
1487   0.998288
1488   0.998792
1489   0.999194
1490   0.9995
1491   0.999725
1492   0.999876
1493   0.999964
1494   0.999998
1495   0.999987
1496   0.99994
1497   0.999866
1498   0.999777
1499   0.999677
1500   0.99958
1501   0.99949
1502   0.999421
1503   0.999369
1504   0.999346
1505   0.992113
1506   0.991489
1507   0.990767
1508   0.989941
1509   0.989015
1510   0.987992
1511   0.986923
1512   0.985815
1513   0.984804
1514   0.983889
1515   0.983299
1516   0.983008
1517   0.983238
1518   0.98393
1519   0.984986
1520   0.98632
1521   0.987752
1522   0.989255
1523   0.99069
1524   0.992079
1525   0.993333
1526   0.994492
1527   0.995504
1528   0.99641
1529   0.997178
1530   0.997846
1531   0.998396
1532   0.998856
1533   0.999219
1534   0.999507
1535   0.999717
1536   0.999865
1537   0.999954
1538   0.999995
1539   0.999994
1540   0.99996
1541   0.999903
1542   0.999829
1543   0.999749
1544   0.99967
1545   0.999602
1546   0.99955
1547   0.999517
1548   0.992785
1549   0.99224
1550   0.991608
1551   0.990911
1552   0.990124
1553   0.989282
1554   0.988388
1555   0.987491
1556   0.986638
1557   0.985886
1558   0.985342
1559   0.985041
1560   0.985115
1561   0.985521
1562   0.98626
1563   0.987226
1564   0.988355
1565   0.98956
1566   0.990784
1567   0.991983
1568   0.993119
1569   0.994179
1570   0.995143
1571   0.996015
1572   0.996783
1573   0.997458
1574   0.998036
1575   0.998529
1576   0.998935
1577   0.999268
1578   0.999527
1579   0.999724
1580   0.999861
1581   0.999949
1582   0.999991
1583   0.999997
1584   0.999974
1585   0.999928
1586   0.99987
1587   0.999804
1588   0.999745
1589   0.999692
1590   0.999658
1591   0.993402
1592   0.992914
1593   0.992371
1594   0.99177
1595   0.991117
1596   0.990411
1597   0.989687
1598   0.988943
1599   0.988256
1600   0.987621
1601   0.987157
1602   0.986856
1603   0.986828
1604   0.987055
1605   0.987538
1606   0.98824
1607   0.989086
1608   0.990052
1609   0.991049
1610   0.992078
1611   0.993063
1612   0.994024
1613   0.994905
1614   0.995733
1615   0.996468
1616   0.997139
1617   0.997718
1618   0.998231
1619   0.99866
1620   0.999027
1621   0.99932
1622   0.999558
1623   0.999735
1624   0.999864
1625   0.999945
1626   0.999989
1627   0.999999
1628   0.999982
1629   0.999948
1630   0.999902
1631   0.999853
1632   0.999807
1633   0.999771
1634   0.99397
1635   0.993539
1636   0.993064
1637   0.992552
1638   0.991997
1639   0.991412
1640   0.990806
1641   0.9902
1642   0.989625
1643   0.989106
1644   0.988698
1645   0.988425
1646   0.988345
1647   0.988458
1648   0.988779
1649   0.989273
1650   0.989916
1651   0.990664
1652   0.99148
1653   0.992331
1654   0.993184
1655   0.994023
1656   0.994822
1657   0.995578
1658   0.996273
1659   0.996911
1660   0.997481
1661   0.997989
1662   0.998429
1663   0.99881
1664   0.999127
1665   0.99939
1666   0.999598
1667   0.999758
1668   0.999872
1669   0.999947
1670   0.999987
1671   0.999999
1672   0.999988
1673   0.999961
1674   0.999927
1675   0.999889
1676   0.999857
1677   0.994492
1678   0.994109
1679   0.993697
1680   0.993255
1681   0.992789
1682   0.992296
1683   0.991801
1684   0.991296
1685   0.990829
1686   0.990392
1687   0.990051
1688   0.989799
1689   0.989697
1690   0.989737
1691   0.989939
1692   0.990288
1693   0.990761
1694   0.991346
1695   0.991992
1696   0.992701
1697   0.993415
1698   0.994148
1699   0.994848
1700   0.995537
1701   0.99617
1702   0.996773
1703   0.997311
1704   0.99781
1705   0.998241
1706   0.998629
1707   0.998954
1708   0.999235
1709   0.999461
1710   0.999645
1711   0.999783
1712   0.999885
1713   0.99995
1714   0.999987
1715   0.999999
1716   0.999992
1717   0.999973
1718   0.999946
1719   0.99992
1720   0.994974
1721   0.994634
1722   0.994273
1723   0.993893
1724   0.993493
1725   0.993081
1726   0.992662
1727   0.992248
1728   0.991855
1729   0.991497
1730   0.991202
1731   0.990985
1732   0.990874
1733   0.990877
1734   0.991005
1735   0.991252
1736   0.991609
1737   0.992059
1738   0.99258
1739   0.993155
1740   0.993761
1741   0.994383
1742   0.995
1743   0.995606
1744   0.996184
1745   0.996732
1746   0.997239
1747   0.997706
1748   0.998126
1749   0.998501
1750   0.998828
1751   0.99911
1752   0.999347
1753   0.999543
1754   0.999697
1755   0.999816
1756   0.999901
1757   0.999957
1758   0.999988
1759   0.999999
1760   0.999995
1761   0.99998
1762   0.999962
1763   0.995418
1764   0.995116
1765   0.9948
1766   0.994469
1767   0.994129
1768   0.993777
1769   0.993429
1770   0.993079
1771   0.992757
1772   0.992454
1773   0.992211
1774   0.992017
1775   0.991914
1776   0.991892
1777   0.991974
1778   0.992151
1779   0.992418
1780   0.992772
1781   0.993185
1782   0.993661
1783   0.994161
1784   0.994697
1785   0.995224
1786   0.995764
1787   0.996273
1788   0.996775
1789   0.997235
1790   0.997674
1791   0.998064
1792   0.998427
1793   0.998739
1794   0.999021
1795   0.999255
1796   0.999458
1797   0.999619
1798   0.999751
1799   0.999847
1800   0.999919
1801   0.999964
1802   0.99999
1803   0.999999
1804   0.999996
1805   0.999986
1806   0.995827
1807   0.995559
1808   0.99528
1809   0.994992
1810   0.994696
1811   0.994396
1812   0.994097
1813   0.993804
1814   0.99353
1815   0.99328
1816   0.993071
1817   0.992911
1818   0.992815
1819   0.992791
1820   0.992845
1821   0.992978
1822   0.993188
1823   0.993468
1824   0.993807
1825   0.994196
1826   0.99462
1827   0.99507
1828   0.995531
1829   0.995995
1830   0.996451
1831   0.996893
1832   0.997314
1833   0.997709
1834   0.998075
1835   0.998408
1836   0.998708
1837   0.998973
1838   0.999203
1839   0.9994
1840   0.999564
1841   0.999698
1842   0.999802
1843   0.999881
1844   0.999936
1845   0.999972
1846   0.999992
1847   0.999999
1848   0.999997
