##### Y Variance #####
0   0.999987
1   0.999863
2   0.999407
3   0.998523
4   0.997151
5   0.995311
6   0.993028
7   0.990417
8   0.987557
9   0.984643
10   0.981739
11   0.978987
12   0.976424
13   0.974144
14   0.972168
15   0.970553
16   0.969302
17   0.968441
18   0.967947
19   0.967814
20   0.968004
21   0.968486
22   0.969225
23   0.97018
24   0.971315
25   0.972584
26   0.973951
27   0.975373
28   0.976823
29   0.97827
30   0.979698
31   0.981088
32   0.982433
33   0.983722
34   0.984952
35   0.986121
36   0.987227
37   0.988269
38   0.989248
39   0.990165
40   0.99102
41   0.991817
42   0.992555
43   0.999877
44   0.999966
45   0.999705
46   0.998987
47   0.99763
48   0.995813
49   0.993332
50   0.990615
51   0.987359
52   0.984282
53   0.980942
54   0.97798
55   0.975012
56   0.972513
57   0.970207
58   0.968409
59   0.966921
60   0.965949
61   0.965324
62   0.965147
63   0.96531
64   0.965806
65   0.966605
66   0.967633
67   0.968895
68   0.970285
69   0.97182
70   0.97338
71   0.975003
72   0.976589
73   0.978175
74   0.979694
75   0.981174
76   0.982576
77   0.98392
78   0.985186
79   0.986387
80   0.987513
81   0.988571
82   0.989558
83   0.990479
84   0.991335
85   0.992127
86   0.999493
87   0.999831
88   0.999906
89   0.999475
90   0.998373
91   0.996632
92   0.994248
93   0.991407
94   0.988137
95   0.984693
96   0.981165
97   0.977746
98   0.974489
99   0.971552
100   0.968943
101   0.966797
102   0.965072
103   0.963836
104   0.963041
105   0.962684
106   0.962741
107   0.963174
108   0.963958
109   0.965036
110   0.966371
111   0.967892
112   0.969556
113   0.971289
114   0.973063
115   0.974827
116   0.976565
117   0.978245
118   0.97986
119   0.981398
120   0.982857
121   0.984235
122   0.985532
123   0.98675
124   0.987888
125   0.988951
126   0.989938
127   0.990854
128   0.991701
129   0.99873
130   0.999345
131   0.9998
132   0.999762
133   0.999003
134   0.997532
135   0.995264
136   0.992533
137   0.989212
138   0.98573
139   0.981909
140   0.978332
141   0.974611
142   0.971473
143   0.968324
144   0.965979
145   0.963789
146   0.962323
147   0.961187
148   0.960589
149   0.96043
150   0.960707
151   0.961422
152   0.962472
153   0.963862
154   0.965456
155   0.967267
156   0.969126
157   0.971083
158   0.973003
159   0.974926
160   0.976757
161   0.97853
162   0.980199
163   0.981787
164   0.983276
165   0.984677
166   0.985986
167   0.98721
168   0.988347
169   0.989403
170   0.99038
171   0.991282
172   0.997485
173   0.998299
174   0.999231
175   0.999695
176   0.999458
177   0.998373
178   0.996456
179   0.993877
180   0.990735
181   0.987244
182   0.983498
183   0.979721
184   0.975979
185   0.972457
186   0.969174
187   0.966257
188   0.963748
189   0.961697
190   0.960134
191   0.959095
192   0.95856
193   0.958586
194   0.959088
195   0.960059
196   0.961405
197   0.963028
198   0.964902
199   0.966906
200   0.969009
201   0.971128
202   0.973223
203   0.975244
204   0.977171
205   0.978996
206   0.980711
207   0.982323
208   0.983828
209   0.985234
210   0.986541
211   0.987756
212   0.98888
213   0.989919
214   0.990875
215   0.995717
216   0.99679
217   0.998137
218   0.999157
219   0.999498
220   0.998934
221   0.997419
222   0.995183
223   0.992232
224   0.988936
225   0.985241
226   0.981533
227   0.977716
228   0.974137
229   0.970635
230   0.967529
231   0.964533
232   0.962231
233   0.959964
234   0.958714
235   0.957442
236   0.957317
237   0.95729
238   0.958119
239   0.959267
240   0.960772
241   0.962669
242   0.964709
243   0.96698
244   0.96925
245   0.971553
246   0.973737
247   0.97584
248   0.977808
249   0.979662
250   0.98139
251   0.983004
252   0.984504
253   0.985896
254   0.987186
255   0.988378
256   0.989476
257   0.990486
258   0.993383
259   0.994442
260   0.996364
261   0.997995
262   0.999057
263   0.999118
264   0.998192
265   0.996356
266   0.993793
267   0.990691
268   0.987222
269   0.983571
270   0.979861
271   0.97624
272   0.972767
273   0.969546
274   0.966568
275   0.96396
276   0.961681
277   0.959855
278   0.958429
279   0.957466
280   0.957031
281   0.957067
282   0.957718
283   0.958877
284   0.960535
285   0.962631
286   0.964978
287   0.96743
288   0.969896
289   0.972285
290   0.974542
291   0.976674
292   0.978655
293   0.980507
294   0.98222
295   0.983814
296   0.985286
297   0.986649
298   0.987904
299   0.989061
300   0.990122
301   0.990588
302   0.991809
303   0.99402
304   0.996284
305   0.99807
306   0.99885
307   0.998553
308   0.997275
309   0.995106
310   0.992364
311   0.989095
312   0.985657
313   0.982025
314   0.978523
315   0.975062
316   0.971905
317   0.968925
318   0.966309
319   0.963953
320   0.961975
321   0.960271
322   0.958973
323   0.957835
324   0.957478
325   0.957106
326   0.958048
327   0.95897
328   0.96104
329   0.96332
330   0.965809
331   0.968434
332   0.97094
333   0.973363
334   0.975625
335   0.977734
336   0.979691
337   0.981502
338   0.983179
339   0.984727
340   0.986155
341   0.987471
342   0.98868
343   0.989789
344   0.98741
345   0.988175
346   0.990928
347   0.993788
348   0.996403
349   0.998018
350   0.998502
351   0.99784
352   0.996243
353   0.993867
354   0.990963
355   0.987707
356   0.984297
357   0.980871
358   0.97755
359   0.974421
360   0.97153
361   0.968917
362   0.966591
363   0.964563
364   0.962823
365   0.961379
366   0.960193
367   0.959375
368   0.95888
369   0.958858
370   0.959406
371   0.960426
372   0.962289
373   0.964577
374   0.967164
375   0.969831
376   0.97235
377   0.97475
378   0.976947
379   0.978998
380   0.980882
381   0.98263
382   0.984238
383   0.985723
384   0.987089
385   0.988345
386   0.989495
387   0.984211
388   0.985087
389   0.98742
390   0.990688
391   0.99408
392   0.996599
393   0.997923
394   0.998012
395   0.997
396   0.99514
397   0.992577
398   0.989644
399   0.986408
400   0.983183
401   0.979948
402   0.976953
403   0.974113
404   0.9716
405   0.969307
406   0.967343
407   0.965609
408   0.964179
409   0.962981
410   0.962044
411   0.961379
412   0.96099
413   0.960886
414   0.961407
415   0.962113
416   0.964189
417   0.966401
418   0.969061
419   0.971635
420   0.974086
421   0.976343
422   0.978449
423   0.980385
424   0.982182
425   0.983836
426   0.985364
427   0.98677
428   0.988064
429   0.98925
430   0.980978
431   0.981399
432   0.983608
433   0.986698
434   0.991037
435   0.994526
436   0.996766
437   0.99767
438   0.997393
439   0.996076
440   0.994011
441   0.991384
442   0.988461
443   0.985388
444   0.982354
445   0.979435
446   0.976734
447   0.974271
448   0.972085
449   0.970163
450   0.968509
451   0.967104
452   0.96593
453   0.964975
454   0.964236
455   0.963719
456   0.963458
457   0.963539
458   0.963979
459   0.964923
460   0.966782
461   0.968949
462   0.971383
463   0.973795
464   0.976017
465   0.978121
466   0.980064
467   0.981875
468   0.983549
469   0.985099
470   0.98653
471   0.987848
472   0.989061
473   0.977829
474   0.978048
475   0.979674
476   0.982922
477   0.987534
478   0.99185
479   0.995034
480   0.996828
481   0.997315
482   0.996671
483   0.995101
484   0.992915
485   0.99027
486   0.987474
487   0.984583
488   0.981842
489   0.979222
490   0.976889
491   0.974763
492   0.972943
493   0.971341
494   0.970009
495   0.968872
496   0.967945
497   0.967205
498   0.966643
499   0.966312
500   0.966189
501   0.966405
502   0.96691
503   0.967899
504   0.969669
505   0.97164
506   0.973874
507   0.975986
508   0.978031
509   0.979935
510   0.981727
511   0.983391
512   0.984942
513   0.986379
514   0.98771
515   0.988937
516   0.974783
517   0.974504
518   0.975628
519   0.978136
520   0.983519
521   0.988633
522   0.992703
523   0.995416
524   0.99676
525   0.996826
526   0.995888
527   0.994147
528   0.991917
529   0.989364
530   0.986736
531   0.984121
532   0.981673
533   0.979409
534   0.977406
535   0.975635
536   0.974126
537   0.972829
538   0.971753
539   0.970848
540   0.970123
541   0.969548
542   0.969155
543   0.968934
544   0.968956
545   0.969222
546   0.969908
547   0.970987
548   0.972641
549   0.974461
550   0.976372
551   0.978241
552   0.98005
553   0.981764
554   0.983387
555   0.984906
556   0.986331
557   0.987653
558   0.988884
559   0.971939
560   0.971239
561   0.971726
562   0.974257
563   0.979297
564   0.984926
565   0.989848
566   0.993473
567   0.995699
568   0.996565
569   0.996272
570   0.995101
571   0.993269
572   0.991087
573   0.988679
574   0.986298
575   0.983967
576   0.981856
577   0.97992
578   0.978256
579   0.976791
580   0.975571
581   0.974526
582   0.973666
583   0.972954
584   0.97238
585   0.971959
586   0.971668
587   0.971587
588   0.971691
589   0.972134
590   0.972878
591   0.97403
592   0.975496
593   0.977089
594   0.978752
595   0.980395
596   0.982001
597   0.98354
598   0.985006
599   0.986391
600   0.987693
601   0.98891
602   0.969369
603   0.968183
604   0.967939
605   0.969274
606   0.974745
607   0.980785
608   0.986436
609   0.990976
610   0.994113
611   0.995815
612   0.996271
613   0.995686
614   0.994381
615   0.992553
616   0.99049
617   0.988302
618   0.98619
619   0.984178
620   0.982383
621   0.980771
622   0.979399
623   0.978205
624   0.977218
625   0.976368
626   0.975679
627   0.975092
628   0.974646
629   0.974299
630   0.974126
631   0.974098
632   0.974348
633   0.974822
634   0.975689
635   0.976783
636   0.978105
637   0.979504
638   0.980969
639   0.982418
640   0.983854
641   0.985232
642   0.986564
643   0.987821
644   0.989016
645   0.967151
646   0.965456
647   0.964597
648   0.9658
649   0.970176
650   0.976257
651   0.982552
652   0.987948
653   0.992023
654   0.9946
655   0.99583
656   0.99593
657   0.995152
658   0.993799
659   0.992055
660   0.990175
661   0.988239
662   0.986421
663   0.984717
664   0.983227
665   0.981899
666   0.980781
667   0.979811
668   0.979002
669   0.978311
670   0.977732
671   0.977257
672   0.976876
673   0.976627
674   0.976508
675   0.976596
676   0.976895
677   0.977471
678   0.978297
679   0.97932
680   0.980485
681   0.981732
682   0.983021
683   0.984318
684   0.9856
685   0.986851
686   0.988055
687   0.989205
688   0.965365
689   0.963295
690   0.961656
691   0.961415
692   0.965529
693   0.971224
694   0.97812
695   0.984401
696   0.989382
697   0.992879
698   0.994936
699   0.995749
700   0.995604
701   0.994727
702   0.993418
703   0.991822
704   0.990169
705   0.988506
706   0.986978
707   0.985563
708   0.984341
709   0.983251
710   0.982339
711   0.981532
712   0.980862
713   0.980263
714   0.979775
715   0.979346
716   0.979043
717   0.978828
718   0.978803
719   0.978928
720   0.979316
721   0.979884
722   0.980681
723   0.981599
724   0.982654
725   0.983757
726   0.984919
727   0.986076
728   0.987243
729   0.98837
730   0.989474
731   0.964026
732   0.961484
733   0.959418
734   0.958865
735   0.961059
736   0.966205
737   0.973333
738   0.980339
739   0.986253
740   0.99064
741   0.993565
742   0.995153
743   0.995659
744   0.995358
745   0.994478
746   0.993276
747   0.99188
748   0.99047
749   0.989083
750   0.987821
751   0.986665
752   0.985663
753   0.984772
754   0.984007
755   0.98333
756   0.982739
757   0.982221
758   0.98177
759   0.981404
760   0.981128
761   0.980988
762   0.980994
763   0.98119
764   0.981572
765   0.982137
766   0.982856
767   0.983701
768   0.984637
769   0.985639
770   0.986678
771   0.987735
772   0.988787
773   0.98982
774   0.963202
775   0.960381
776   0.957736
777   0.956151
778   0.957039
779   0.960282
780   0.96805
781   0.975884
782   0.982557
783   0.987889
784   0.991672
785   0.994079
786   0.995303
787   0.995596
788   0.995243
789   0.994427
790   0.993389
791   0.992209
792   0.99105
793   0.989911
794   0.98889
795   0.987941
796   0.987121
797   0.986365
798   0.985715
799   0.985107
800   0.984583
801   0.984089
802   0.983687
803   0.983335
804   0.983117
805   0.982995
806   0.983059
807   0.983256
808   0.983649
809   0.984164
810   0.984838
811   0.985594
812   0.986456
813   0.987356
814   0.988313
815   0.989268
816   0.990236
817   0.962884
818   0.959735
819   0.956645
820   0.954282
821   0.953519
822   0.956129
823   0.962853
824   0.970908
825   0.978384
826   0.98455
827   0.989259
828   0.992499
829   0.99448
830   0.995437
831   0.995622
832   0.995286
833   0.994598
834   0.993742
835   0.992792
836   0.991855
837   0.990945
838   0.990111
839   0.989336
840   0.988638
841   0.987993
842   0.987402
843   0.986855
844   0.98635
845   0.985898
846   0.985503
847   0.985196
848   0.984988
849   0.984914
850   0.984977
851   0.985194
852   0.985551
853   0.986044
854   0.98665
855   0.987355
856   0.988133
857   0.988969
858   0.989835
859   0.990716
860   0.963067
861   0.959818
862   0.956189
863   0.95305
864   0.950706
865   0.950672
866   0.957584
867   0.965795
868   0.973721
869   0.980738
870   0.986281
871   0.990405
872   0.993157
873   0.994809
874   0.995596
875   0.995749
876   0.995494
877   0.994954
878   0.994294
879   0.993545
880   0.992814
881   0.992078
882   0.991403
883   0.990743
884   0.990144
885   0.989554
886   0.989016
887   0.988483
888   0.98801
889   0.987559
890   0.987198
891   0.986896
892   0.986728
893   0.986655
894   0.986742
895   0.986937
896   0.987289
897   0.987735
898   0.988311
899   0.988951
900   0.989683
901   0.990443
902   0.991249
903   0.963669
904   0.960183
905   0.956268
906   0.952303
907   0.94884
908   0.948284
909   0.952785
910   0.960381
911   0.968694
912   0.976358
913   0.982796
914   0.987742
915   0.991315
916   0.993683
917   0.995099
918   0.995803
919   0.995989
920   0.995843
921   0.99547
922   0.994982
923   0.994422
924   0.993847
925   0.993262
926   0.992691
927   0.992129
928   0.991579
929   0.991042
930   0.990517
931   0.990016
932   0.989541
933   0.989121
934   0.988761
935   0.988494
936   0.988326
937   0.988281
938   0.988355
939   0.988558
940   0.988878
941   0.989311
942   0.989838
943   0.990449
944   0.991118
945   0.991828
946   0.964674
947   0.96128
948   0.957014
949   0.952698
950   0.947987
951   0.9448
952   0.948492
953   0.954897
954   0.963332
955   0.971645
956   0.978785
957   0.984601
958   0.988928
959   0.992048
960   0.994105
961   0.995379
962   0.996058
963   0.996311
964   0.996289
965   0.996064
966   0.995737
967   0.99532
968   0.994879
969   0.994393
970   0.993912
971   0.9934
972   0.9929
973   0.992378
974   0.991881
975   0.99138
976   0.990932
977   0.990512
978   0.990184
979   0.989919
980   0.989781
981   0.989732
982   0.989824
983   0.99001
984   0.990332
985   0.990733
986   0.991245
987   0.991807
988   0.992439
989   0.96597
990   0.962461
991   0.958223
992   0.953436
993   0.948419
994   0.944872
995   0.944974
996   0.94989
997   0.957949
998   0.966531
999   0.974395
1000   0.980897
1001   0.98603
1002   0.989853
1003   0.992586
1004   0.994448
1005   0.995639
1006   0.996343
1007   0.996683
1008   0.996778
1009   0.996692
1010   0.996489
1011   0.996198
1012   0.995848
1013   0.995452
1014   0.99502
1015   0.994561
1016   0.99408
1017   0.99359
1018   0.993096
1019   0.992623
1020   0.992178
1021   0.99179
1022   0.991466
1023   0.991236
1024   0.9911
1025   0.991078
1026   0.991163
1027   0.991364
1028   0.991666
1029   0.992066
1030   0.99254
1031   0.993076
1032   0.967555
1033   0.964287
1034   0.959986
1035   0.955274
1036   0.949812
1037   0.945096
1038   0.943236
1039   0.944506
1040   0.95249
1041   0.961413
1042   0.969602
1043   0.976859
1044   0.982628
1045   0.987194
1046   0.990546
1047   0.993016
1048   0.994725
1049   0.995892
1050   0.996631
1051   0.997057
1052   0.997258
1053   0.99728
1054   0.997185
1055   0.996981
1056   0.996713
1057   0.99637
1058   0.99599
1059   0.995556
1060   0.995107
1061   0.994627
1062   0.994162
1063   0.993695
1064   0.993282
1065   0.992903
1066   0.992615
1067   0.992393
1068   0.992291
1069   0.992272
1070   0.992383
1071   0.992577
1072   0.992889
1073   0.993264
1074   0.993724
1075   0.969317
1076   0.966105
1077   0.962101
1078   0.957378
1079   0.952011
1080   0.946809
1081   0.942767
1082   0.942747
1083   0.947929
1084   0.956119
1085   0.964658
1086   0.97236
1087   0.978834
1088   0.984005
1089   0.98801
1090   0.991054
1091   0.993301
1092   0.994946
1093   0.9961
1094   0.996895
1095   0.997398
1096   0.997689
1097   0.997805
1098   0.99779
1099   0.997664
1100   0.99745
1101   0.997163
1102   0.996813
1103   0.996418
1104   0.995985
1105   0.995538
1106   0.995084
1107   0.994653
1108   0.994253
1109   0.993913
1110   0.99364
1111   0.993458
1112   0.993367
1113   0.993382
1114   0.993496
1115   0.99371
1116   0.994008
1117   0.994378
1118   0.97123
1119   0.968374
1120   0.964544
1121   0.960231
1122   0.95492
1123   0.949664
1124   0.94422
1125   0.940549
1126   0.944604
1127   0.9514
1128   0.95978
1129   0.967924
1130   0.974776
1131   0.980564
1132   0.985075
1133   0.98869
1134   0.991428
1135   0.993551
1136   0.995121
1137   0.996291
1138   0.99712
1139   0.997691
1140   0.998051
1141   0.998238
1142   0.99829
1143   0.998219
1144   0.998057
1145   0.997805
1146   0.997495
1147   0.997121
1148   0.996723
1149   0.996292
1150   0.995875
1151   0.995461
1152   0.995102
1153   0.994782
1154   0.994553
1155   0.99439
1156   0.994339
1157   0.994367
1158   0.994509
1159   0.99472
1160   0.995022
1161   0.973175
1162   0.970469
1163   0.967067
1164   0.962971
1165   0.958114
1166   0.952761
1167   0.947261
1168   0.943247
1169   0.942752
1170   0.94778
1171   0.955463
1172   0.963453
1173   0.970678
1174   0.976821
1175   0.981839
1176   0.985927
1177   0.989154
1178   0.99173
1179   0.993717
1180   0.99527
1181   0.996432
1182   0.997305
1183   0.99792
1184   0.998339
1185   0.998582
1186   0.998685
1187   0.998665
1188   0.998541
1189   0.998331
1190   0.998047
1191   0.997712
1192   0.997335
1193   0.996944
1194   0.996548
1195   0.996179
1196   0.995844
1197   0.995571
1198   0.995366
1199   0.995249
1200   0.995218
1201   0.995283
1202   0.995429
1203   0.995652
1204   0.97513
1205   0.972788
1206   0.969655
1207   0.96608
1208   0.961569
1209   0.956771
1210   0.951299
1211   0.946602
1212   0.944417
1213   0.944989
1214   0.951885
1215   0.959765
1216   0.966826
1217   0.973292
1218   0.97857
1219   0.983069
1220   0.986674
1221   0.989656
1222   0.992018
1223   0.993927
1224   0.995413
1225   0.996579
1226   0.997458
1227   0.99811
1228   0.998561
1229   0.998847
1230   0.998989
1231   0.999005
1232   0.998917
1233   0.998736
1234   0.998488
1235   0.998177
1236   0.997838
1237   0.997472
1238   0.99712
1239   0.996778
1240   0.996491
1241   0.996248
1242   0.996092
1243   0.996001
1244   0.996012
1245   0.996089
1246   0.996255
1247   0.977012
1248   0.974842
1249   0.972141
1250   0.968889
1251   0.965011
1252   0.960608
1253   0.955848
1254   0.95126
1255   0.947753
1256   0.947209
1257   0.950031
1258   0.956725
1259   0.963529
1260   0.969967
1261   0.975426
1262   0.980184
1263   0.984094
1264   0.987415
1265   0.990101
1266   0.992336
1267   0.994117
1268   0.995569
1269   0.9967
1270   0.99759
1271   0.99825
1272   0.998731
1273   0.999042
1274   0.999215
1275   0.999263
1276   0.999204
1277   0.999057
1278   0.998835
1279   0.998562
1280   0.99825
1281   0.997928
1282   0.997606
1283   0.997313
1284   0.997058
1285   0.996866
1286   0.996741
1287   0.996696
1288   0.996725
1289   0.996827
1290   0.978818
1291   0.976956
1292   0.974531
1293   0.971774
1294   0.96835
1295   0.964665
1296   0.960449
1297   0.956494
1298   0.952705
1299   0.95034
1300   0.951924
1301   0.955622
1302   0.961622
1303   0.967696
1304   0.972968
1305   0.977742
1306   0.981787
1307   0.985291
1308   0.988208
1309   0.990677
1310   0.992705
1311   0.994389
1312   0.995749
1313   0.996851
1314   0.997713
1315   0.998378
1316   0.998862
1317   0.999192
1318   0.999382
1319   0.999452
1320   0.999419
1321   0.999295
1322   0.999106
1323   0.998859
1324   0.998587
1325   0.998294
1326   0.998018
1327   0.997758
1328   0.997555
1329   0.997397
1330   0.99732
1331   0.997299
1332   0.997359
1333   0.980504
1334   0.978801
1335   0.976737
1336   0.974296
1337   0.971448
1338   0.968235
1339   0.964796
1340   0.961251
1341   0.95812
1342   0.955667
1343   0.955193
1344   0.957459
1345   0.961194
1346   0.966451
1347   0.971225
1348   0.975857
1349   0.979825
1350   0.983406
1351   0.986417
1352   0.989053
1353   0.991241
1354   0.99312
1355   0.994659
1356   0.995954
1357   0.996991
1358   0.997834
1359   0.998478
1360   0.998966
1361   0.999299
1362   0.999504
1363   0.99959
1364   0.999577
1365   0.999481
1366   0.999315
1367   0.999104
1368   0.998861
1369   0.998612
1370   0.99837
1371   0.99816
1372   0.997992
1373   0.997883
1374   0.997833
1375   0.997846
1376   0.982082
1377   0.980612
1378   0.97878
1379   0.976725
1380   0.974261
1381   0.971611
1382   0.968661
1383   0.96576
1384   0.962979
1385   0.960838
1386   0.959905
1387   0.960411
1388   0.963176
1389   0.966833
1390   0.970915
1391   0.974911
1392   0.978632
1393   0.982018
1394   0.985008
1395   0.987648
1396   0.989925
1397   0.991898
1398   0.993571
1399   0.994997
1400   0.996182
1401   0.997167
1402   0.997958
1403   0.998584
1404   0.999053
1405   0.999386
1406   0.999593
1407   0.999691
1408   0.999693
1409   0.999615
1410   0.999477
1411   0.999291
1412   0.999085
1413   0.998867
1414   0.998671
1415   0.998496
1416   0.998376
1417   0.998297
1418   0.998283
1419   0.983538
1420   0.982202
1421   0.98064
1422   0.978842
1423   0.976801
1424   0.974536
1425   0.972155
1426   0.969693
1427   0.967488
1428   0.965582
1429   0.964659
1430   0.964563
1431   0.965946
1432   0.968484
1433   0.971505
1434   0.974852
1435   0.978051
1436   0.981165
1437   0.983953
1438   0.98653
1439   0.988773
1440   0.990792
1441   0.992519
1442   0.994043
1443   0.995324
1444   0.996429
1445   0.997335
1446   0.998087
1447   0.998675
1448   0.99913
1449   0.999451
1450   0.999659
1451   0.999762
1452   0.999777
1453   0.999718
1454   0.999601
1455   0.999447
1456   0.999269
1457   0.999093
1458   0.99893
1459   0.998801
1460   0.998711
1461   0.998669
1462   0.984887
1463   0.983721
1464   0.982341
1465   0.980817
1466   0.979063
1467   0.97719
1468   0.975172
1469   0.973165
1470   0.971269
1471   0.969669
1472   0.968667
1473   0.968321
1474   0.969103
1475   0.970685
1476   0.972944
1477   0.975512
1478   0.978212
1479   0.980878
1480   0.983416
1481   0.985785
1482   0.987942
1483   0.989898
1484   0.991635
1485   0.99318
1486   0.994524
1487   0.995696
1488   0.996692
1489   0.997535
1490   0.998224
1491   0.99878
1492   0.999203
1493   0.999511
1494   0.99971
1495   0.999815
1496   0.999838
1497   0.999792
1498   0.999697
1499   0.999565
1500   0.999421
1501   0.999274
1502   0.999152
1503   0.999053
1504   0.999
1505   0.98613
1506   0.985077
1507   0.98389
1508   0.982562
1509   0.981101
1510   0.979511
1511   0.977869
1512   0.976183
1513   0.974649
1514   0.973267
1515   0.972362
1516   0.971906
1517   0.972211
1518   0.973203
1519   0.974738
1520   0.976698
1521   0.978821
1522   0.981077
1523   0.983257
1524   0.985403
1525   0.987374
1526   0.98924
1527   0.990907
1528   0.992446
1529   0.993792
1530   0.995008
1531   0.996049
1532   0.996965
1533   0.997726
1534   0.998368
1535   0.998875
1536   0.999275
1537   0.99956
1538   0.999751
1539   0.999853
1540   0.999881
1541   0.999849
1542   0.99977
1543   0.999665
1544   0.999547
1545   0.999436
1546   0.999342
1547   0.999278
1548   0.987281
1549   0.986352
1550   0.985305
1551   0.98417
1552   0.982916
1553   0.981592
1554   0.980203
1555   0.97882
1556   0.977514
1557   0.976362
1558   0.975523
1559   0.975045
1560   0.975122
1561   0.975692
1562   0.976762
1563   0.978179
1564   0.979854
1565   0.981664
1566   0.983524
1567   0.985374
1568   0.987157
1569   0.988854
1570   0.990433
1571   0.991895
1572   0.993222
1573   0.994425
1574   0.995491
1575   0.996435
1576   0.997248
1577   0.997944
1578   0.998519
1579   0.998987
1580   0.999347
1581   0.999612
1582   0.999786
1583   0.999883
1584   0.999912
1585   0.999888
1586   0.999827
1587   0.99974
1588   0.999651
1589   0.999565
1590   0.999503
1591   0.988343
1592   0.987509
1593   0.9866
1594   0.985613
1595   0.984558
1596   0.983434
1597   0.982292
1598   0.981132
1599   0.980063
1600   0.97908
1601   0.978354
1602   0.977874
1603   0.977799
1604   0.978107
1605   0.978799
1606   0.979828
1607   0.981082
1608   0.982535
1609   0.98405
1610   0.985639
1611   0.987183
1612   0.98872
1613   0.990153
1614   0.991534
1615   0.992788
1616   0.993967
1617   0.995012
1618   0.995971
1619   0.996799
1620   0.997537
1621   0.998152
1622   0.998676
1623   0.999091
1624   0.99942
1625   0.999656
1626   0.999816
1627   0.999904
1628   0.999935
1629   0.999919
1630   0.99987
1631   0.999806
1632   0.999737
1633   0.999678
1634   0.989326
1635   0.988587
1636   0.987786
1637   0.986935
1638   0.986027
1639   0.985084
1640   0.984117
1641   0.983158
1642   0.982252
1643   0.981436
1644   0.98079
1645   0.980349
1646   0.980198
1647   0.980338
1648   0.980792
1649   0.981514
1650   0.982468
1651   0.983594
1652   0.984837
1653   0.986153
1654   0.987491
1655   0.988829
1656   0.990129
1657   0.991381
1658   0.992561
1659   0.993668
1660   0.994683
1661   0.995614
1662   0.996446
1663   0.997187
1664   0.997829
1665   0.998381
1666   0.998838
1667   0.999209
1668   0.999495
1669   0.999705
1670   0.999844
1671   0.999923
1672   0.999951
1673   0.99994
1674   0.999904
1675   0.999854
1676   0.999808
1677   0.990236
1678   0.989575
1679   0.988875
1680   0.988134
1681   0.987362
1682   0.986558
1683   0.985754
1684   0.984945
1685   0.984198
1686   0.983502
1687   0.982953
1688   0.982542
1689   0.982358
1690   0.982392
1691   0.98267
1692   0.98318
1693   0.983881
1694   0.984763
1695   0.985749
1696   0.986847
1697   0.987969
1698   0.98914
1699   0.990276
1700   0.991416
1701   0.992484
1702   0.993524
1703   0.994473
1704   0.995373
1705   0.996174
1706   0.996913
1707   0.997551
1708   0.998122
1709   0.998596
1710   0.999
1711   0.999318
1712   0.999569
1713   0.999748
1714   0.999869
1715   0.999937
1716   0.999962
1717   0.999956
1718   0.99993
1719   0.999896
1720   0.991079
1721   0.99049
1722   0.989872
1723   0.989228
1724   0.988561
1725   0.987878
1726   0.987192
1727   0.986518
1728   0.985881
1729   0.985303
1730   0.984823
1731   0.984464
1732   0.984268
1733   0.984247
1734   0.984419
1735   0.984776
1736   0.985305
1737   0.985985
1738   0.986784
1739   0.987678
1740   0.988631
1741   0.989626
1742   0.990629
1743   0.99163
1744   0.992603
1745   0.993544
1746   0.994431
1747   0.995267
1748   0.996035
1749   0.996739
1750   0.997368
1751   0.997928
1752   0.99841
1753   0.998822
1754   0.999161
1755   0.999434
1756   0.999642
1757   0.999794
1758   0.999893
1759   0.99995
1760   0.999971
1761   0.999968
1762   0.99995
1763   0.991858
1764   0.991334
1765   0.990789
1766   0.990226
1767   0.989651
1768   0.989063
1769   0.988485
1770   0.987909
1771   0.987379
1772   0.986883
1773   0.98648
1774   0.986159
1775   0.985975
1776   0.98592
1777   0.986023
1778   0.986278
1779   0.986673
1780   0.987211
1781   0.987846
1782   0.98859
1783   0.989379
1784   0.990238
1785   0.991096
1786   0.991988
1787   0.992844
1788   0.993703
1789   0.994503
1790   0.995284
1791   0.995992
1792   0.996664
1793   0.997257
1794   0.997804
1795   0.998271
1796   0.998687
1797   0.999027
1798   0.999315
1799   0.999537
1800   0.999712
1801   0.999832
1802   0.999914
1803   0.999959
1804   0.999978
1805   0.999977
1806   0.992578
1807   0.992111
1808   0.991629
1809   0.991135
1810   0.990632
1811   0.990126
1812   0.989625
1813   0.989138
1814   0.988682
1815   0.988268
1816   0.987919
1817   0.987648
1818   0.987478
1819   0.98742
1820   0.987485
1821   0.987675
1822   0.987987
1823   0.988413
1824   0.988938
1825   0.989547
1826   0.990221
1827   0.990944
1828   0.991696
1829   0.992464
1830   0.99323
1831   0.993986
1832   0.994717
1833   0.995417
1834   0.996075
1835   0.996689
1836   0.99725
1837   0.997759
1838   0.99821
1839   0.998606
1840   0.998944
1841   0.999228
1842   0.999458
1843   0.999639
1844   0.999775
1845   0.999871
1846   0.999933
1847   0.999968
1848   0.999982
