##### Y Variance #####
0   0.99993
1   0.999863
2   0.999316
3   0.9981
4   0.996045
5   0.993068
6   0.989088
7   0.984204
8   0.978517
9   0.97252
10   0.96632
11   0.960277
12   0.95446
13   0.949106
14   0.944308
15   0.940223
16   0.93694
17   0.934552
18   0.933063
19   0.93245
20   0.932671
21   0.933615
22   0.935247
23   0.937425
24   0.940091
25   0.943069
26   0.946289
27   0.949582
28   0.952908
29   0.956155
30   0.95931
31   0.96231
32   0.965164
33   0.967846
34   0.970371
35   0.972734
36   0.974949
37   0.977018
38   0.978951
39   0.980752
40   0.982428
41   0.983984
42   0.985425
43   0.999568
44   0.999857
45   0.999704
46   0.998887
47   0.997089
48   0.994403
49   0.990355
50   0.985555
51   0.979149
52   0.973086
53   0.965935
54   0.959519
55   0.952716
56   0.94673
57   0.941037
58   0.936265
59   0.932251
60   0.929321
61   0.927375
62   0.926374
63   0.92646
64   0.927179
65   0.928962
66   0.931153
67   0.934226
68   0.937412
69   0.941182
70   0.944764
71   0.948639
72   0.952196
73   0.955832
74   0.959122
75   0.962357
76   0.965293
77   0.968112
78   0.970694
79   0.973139
80   0.975394
81   0.977508
82   0.979466
83   0.981286
84   0.98297
85   0.984527
86   0.998658
87   0.999302
88   0.999706
89   0.999462
90   0.998289
91   0.996091
92   0.992665
93   0.988178
94   0.982353
95   0.975719
96   0.968446
97   0.960944
98   0.953389
99   0.9462
100   0.939467
101   0.933665
102   0.928718
103   0.924868
104   0.92209
105   0.920369
106   0.919799
107   0.92021
108   0.921691
109   0.924012
110   0.927148
111   0.93079
112   0.93487
113   0.939067
114   0.943365
115   0.947551
116   0.951624
117   0.95546
118   0.959077
119   0.962439
120   0.965571
121   0.968476
122   0.971172
123   0.973673
124   0.975988
125   0.978131
126   0.98011
127   0.981936
128   0.983615
129   0.997043
130   0.998033
131   0.998983
132   0.999399
133   0.998957
134   0.997489
135   0.994751
136   0.99099
137   0.985821
138   0.979656
139   0.972152
140   0.964613
141   0.9559
142   0.948337
143   0.939841
144   0.933456
145   0.92688
146   0.922041
147   0.917946
148   0.915039
149   0.913579
150   0.913111
151   0.914255
152   0.916249
153   0.919571
154   0.92331
155   0.927959
156   0.932509
157   0.937527
158   0.942217
159   0.947
160   0.951326
161   0.955515
162   0.959289
163   0.962851
164   0.966086
165   0.969102
166   0.97186
167   0.974413
168   0.976755
169   0.97891
170   0.980887
171   0.982696
172   0.994601
173   0.995717
174   0.997262
175   0.998368
176   0.998818
177   0.998203
178   0.996452
179   0.993543
180   0.989355
181   0.984022
182   0.977473
183   0.970129
184   0.962035
185   0.953687
186   0.945127
187   0.936783
188   0.928989
189   0.921926
190   0.915922
191   0.91123
192   0.907965
193   0.906515
194   0.906598
195   0.908223
196   0.911175
197   0.915026
198   0.919811
199   0.925009
200   0.930564
201   0.936128
202   0.941576
203   0.946704
204   0.951465
205   0.955854
206   0.959862
207   0.963545
208   0.966899
209   0.969979
210   0.972785
211   0.975358
212   0.977698
213   0.97984
214   0.981783
215   0.991358
216   0.992675
217   0.994571
218   0.996351
219   0.997601
220   0.997898
221   0.997084
222   0.995175
223   0.992008
224   0.987767
225   0.98228
226   0.975878
227   0.968509
228   0.960594
229   0.951978
230   0.943305
231   0.933827
232   0.925973
233   0.917005
234   0.911509
235   0.904906
236   0.90279
237   0.900599
238   0.901395
239   0.903479
240   0.906646
241   0.911586
242   0.916877
243   0.923256
244   0.929462
245   0.935882
246   0.941687
247   0.947226
248   0.952183
249   0.956762
250   0.960881
251   0.964643
252   0.968046
253   0.971141
254   0.973947
255   0.976492
256   0.978799
257   0.980887
258   0.987324
259   0.98841
260   0.990821
261   0.993143
262   0.995281
263   0.996442
264   0.99669
265   0.995757
266   0.993738
267   0.990576
268   0.986287
269   0.980987
270   0.974712
271   0.96769
272   0.959935
273   0.951745
274   0.943019
275   0.934408
276   0.925813
277   0.917941
278   0.910742
279   0.904656
280   0.900346
281   0.897605
282   0.897242
283   0.89898
284   0.902796
285   0.908513
286   0.915285
287   0.922447
288   0.929638
289   0.936465
290   0.942698
291   0.948435
292   0.953551
293   0.958212
294   0.962364
295   0.966139
296   0.969513
297   0.972576
298   0.975318
299   0.977802
300   0.980025
301   0.982718
302   0.983834
303   0.986304
304   0.989204
305   0.99201
306   0.994067
307   0.995199
308   0.995291
309   0.994265
310   0.992226
311   0.989047
312   0.984952
313   0.979834
314   0.973983
315   0.967316
316   0.960146
317   0.952422
318   0.944368
319   0.936163
320   0.927943
321   0.919812
322   0.912265
323   0.904446
324   0.900004
325   0.894706
326   0.895583
327   0.896009
328   0.901694
329   0.908346
330   0.915725
331   0.923809
332   0.931239
333   0.938339
334   0.944703
335   0.950448
336   0.955581
337   0.960169
338   0.96428
339   0.967956
340   0.971253
341   0.974203
342   0.976849
343   0.979217
344   0.977671
345   0.978096
346   0.980949
347   0.984203
348   0.98781
349   0.990649
350   0.992774
351   0.99375
352   0.993798
353   0.99273
354   0.990707
355   0.9877
356   0.983812
357   0.979126
358   0.973698
359   0.967681
360   0.961057
361   0.954015
362   0.94657
363   0.93892
364   0.93112
365   0.923451
366   0.915833
367   0.909198
368   0.903487
369   0.89959
370   0.898194
371   0.898881
372   0.90353
373   0.910213
374   0.918235
375   0.926644
376   0.934295
377   0.94143
378   0.947626
379   0.953255
380   0.958178
381   0.962624
382   0.966543
383   0.970071
384   0.973194
385   0.976001
386   0.978489
387   0.972621
388   0.972998
389   0.975225
390   0.978777
391   0.982919
392   0.986621
393   0.989535
394   0.991447
395   0.992337
396   0.992254
397   0.991163
398   0.989235
399   0.986404
400   0.98289
401   0.978619
402   0.973804
403   0.968372
404   0.962476
405   0.956118
406   0.94941
407   0.942447
408   0.93537
409   0.928369
410   0.921447
411   0.915193
412   0.909616
413   0.90497
414   0.903356
415   0.902311
416   0.908214
417   0.914622
418   0.923167
419   0.931261
420   0.938747
421   0.945345
422   0.951282
423   0.956512
424   0.961194
425   0.965338
426   0.969039
427   0.972325
428   0.975256
429   0.977865
430   0.967608
431   0.967277
432   0.969271
433   0.972448
434   0.977365
435   0.981783
436   0.985591
437   0.988281
438   0.990103
439   0.990818
440   0.990696
441   0.989642
442   0.987863
443   0.985342
444   0.982211
445   0.978494
446   0.974244
447   0.969509
448   0.964304
449   0.95872
450   0.952775
451   0.946634
452   0.940275
453   0.933926
454   0.927717
455   0.921953
456   0.916871
457   0.9132
458   0.911079
459   0.911372
460   0.91618
461   0.922498
462   0.930041
463   0.937517
464   0.944044
465   0.950086
466   0.9554
467   0.960212
468   0.964459
469   0.968278
470   0.971658
471   0.97469
472   0.977377
473   0.962835
474   0.9622
475   0.963397
476   0.966589
477   0.971528
478   0.976628
479   0.981128
480   0.984664
481   0.987202
482   0.988757
483   0.989364
484   0.989183
485   0.988212
486   0.986653
487   0.984454
488   0.981795
489   0.978597
490   0.974987
491   0.970907
492   0.966439
493   0.961599
494   0.956424
495   0.951034
496   0.945381
497   0.939819
498   0.934278
499   0.92938
500   0.924981
501   0.922046
502   0.92032
503   0.920902
504   0.925438
505   0.930893
506   0.937657
507   0.94381
508   0.94968
509   0.954916
510   0.959695
511   0.963959
512   0.967799
513   0.971229
514   0.974303
515   0.97705
516   0.958335
517   0.956992
518   0.957618
519   0.959915
520   0.965413
521   0.970995
522   0.976228
523   0.98045
524   0.983805
525   0.98603
526   0.987437
527   0.987924
528   0.987784
529   0.986965
530   0.985674
531   0.983871
532   0.981668
533   0.97903
534   0.976004
535   0.972576
536   0.968768
537   0.964607
538   0.960112
539   0.955354
540   0.95043
541   0.945492
542   0.940742
543   0.936396
544   0.932845
545   0.930307
546   0.929657
547   0.930936
548   0.935017
549   0.93993
550   0.945253
551   0.950426
552   0.955309
553   0.959826
554   0.96395
555   0.967704
556   0.971093
557   0.974157
558   0.976912
559   0.954259
560   0.952456
561   0.952259
562   0.954434
563   0.959388
564   0.965323
565   0.971081
566   0.976038
567   0.980032
568   0.982998
569   0.985001
570   0.986201
571   0.986659
572   0.986586
573   0.985968
574   0.984989
575   0.983573
576   0.981846
577   0.979715
578   0.977252
579   0.9744
580   0.97118
581   0.967622
582   0.963693
583   0.959577
584   0.95521
585   0.950977
586   0.946772
587   0.943248
588   0.940284
589   0.938844
590   0.938723
591   0.940575
592   0.943941
593   0.947921
594   0.952247
595   0.956491
596   0.960599
597   0.964433
598   0.967999
599   0.971269
600   0.97426
601   0.976981
602   0.950665
603   0.948222
604   0.947271
605   0.948159
606   0.953357
607   0.959419
608   0.965708
609   0.971259
610   0.975985
611   0.97956
612   0.982259
613   0.984003
614   0.985127
615   0.985596
616   0.985673
617   0.985303
618   0.984648
619   0.983632
620   0.982334
621   0.980674
622   0.978689
623   0.976318
624   0.973591
625   0.970484
626   0.967071
627   0.96338
628   0.959586
629   0.955763
630   0.952273
631   0.949207
632   0.947201
633   0.946164
634   0.946914
635   0.948755
636   0.951628
637   0.9549
638   0.958448
639   0.96197
640   0.965425
641   0.968691
642   0.971773
643   0.974625
644   0.977268
645   0.947655
646   0.944712
647   0.943002
648   0.943645
649   0.947651
650   0.953636
651   0.96025
652   0.966431
653   0.971757
654   0.976019
655   0.979262
656   0.981633
657   0.983237
658   0.984302
659   0.984863
660   0.985117
661   0.985013
662   0.984685
663   0.98403
664   0.983123
665   0.981862
666   0.980272
667   0.978305
668   0.975948
669   0.973256
670   0.970195
671   0.96697
672   0.963551
673   0.96033
674   0.957314
675   0.955045
676   0.953561
677   0.95329
678   0.954132
679   0.955859
680   0.958234
681   0.960964
682   0.963892
683   0.966856
684   0.969778
685   0.972593
686   0.975265
687   0.977774
688   0.945276
689   0.941853
690   0.939375
691   0.938541
692   0.942193
693   0.947629
694   0.954647
695   0.961374
696   0.967372
697   0.972234
698   0.976127
699   0.979002
700   0.981188
701   0.982689
702   0.983803
703   0.984495
704   0.984966
705   0.985134
706   0.985105
707   0.984774
708   0.984185
709   0.983238
710   0.981957
711   0.980265
712   0.978214
713   0.975769
714   0.97306
715   0.970104
716   0.967173
717   0.96432
718   0.961992
719   0.960187
720   0.959409
721   0.959411
722   0.960357
723   0.961855
724   0.963898
725   0.966174
726   0.968663
727   0.971169
728   0.973698
729   0.97613
730   0.978487
731   0.943556
732   0.939702
733   0.936686
734   0.935477
735   0.937232
736   0.942072
737   0.949077
738   0.956316
739   0.962896
740   0.968411
741   0.972858
742   0.976333
743   0.978967
744   0.980993
745   0.982493
746   0.983684
747   0.984547
748   0.985235
749   0.985654
750   0.985887
751   0.985817
752   0.985475
753   0.984768
754   0.983695
755   0.982232
756   0.980366
757   0.978187
758   0.975699
759   0.97313
760   0.970532
761   0.968241
762   0.966347
763   0.965142
764   0.964642
765   0.964871
766   0.965721
767   0.967071
768   0.968788
769   0.970755
770   0.972868
771   0.975054
772   0.977243
773   0.979394
774   0.942521
775   0.938332
776   0.934758
777   0.932474
778   0.932967
779   0.935949
780   0.943402
781   0.951157
782   0.958282
783   0.964409
784   0.969487
785   0.973491
786   0.976681
787   0.97912
788   0.981103
789   0.982647
790   0.983969
791   0.985015
792   0.985906
793   0.986544
794   0.986979
795   0.9871
796   0.986927
797   0.986362
798   0.985435
799   0.984083
800   0.982393
801   0.980354
802   0.978154
803   0.975828
804   0.973684
805   0.971751
806   0.970372
807   0.969467
808   0.96925
809   0.969516
810   0.97035
811   0.971515
812   0.973042
813   0.974732
814   0.976605
815   0.978507
816   0.980462
817   0.942165
818   0.937706
819   0.933635
820   0.9306
821   0.929454
822   0.931752
823   0.938104
824   0.945957
825   0.953582
826   0.960315
827   0.965987
828   0.970598
829   0.974266
830   0.977214
831   0.979563
832   0.981545
833   0.983183
834   0.984644
835   0.985858
836   0.986922
837   0.987722
838   0.9883
839   0.988543
840   0.988463
841   0.98799
842   0.987127
843   0.985887
844   0.98429
845   0.982459
846   0.98045
847   0.978479
848   0.976632
849   0.975128
850   0.974021
851   0.973417
852   0.973291
853   0.973636
854   0.974375
855   0.975454
856   0.976785
857   0.978313
858   0.979957
859   0.98167
860   0.942447
861   0.937862
862   0.933303
863   0.929468
864   0.926831
865   0.926614
866   0.933028
867   0.940851
868   0.94877
869   0.956063
870   0.962345
871   0.967531
872   0.97176
873   0.975149
874   0.977962
875   0.980281
876   0.982317
877   0.984068
878   0.985657
879   0.987016
880   0.988197
881   0.989106
882   0.989755
883   0.99005
884   0.990003
885   0.989546
886   0.988728
887   0.987523
888   0.986055
889   0.984345
890   0.9826
891   0.980855
892   0.979362
893   0.978104
894   0.977291
895   0.976826
896   0.976837
897   0.977173
898   0.977907
899   0.978872
900   0.980113
901   0.981472
902   0.982978
903   0.943286
904   0.938538
905   0.933674
906   0.929077
907   0.925307
908   0.924516
909   0.928626
910   0.935818
911   0.943915
912   0.951673
913   0.958549
914   0.964332
915   0.969085
916   0.972991
917   0.976194
918   0.978933
919   0.981268
920   0.983378
921   0.985227
922   0.986924
923   0.988373
924   0.989628
925   0.990579
926   0.991245
927   0.991543
928   0.991478
929   0.991028
930   0.990208
931   0.989078
932   0.987686
933   0.986167
934   0.984596
935   0.983137
936   0.981854
937   0.98087
938   0.980206
939   0.979914
940   0.979966
941   0.980361
942   0.981041
943   0.981977
944   0.9831
945   0.984363
946   0.944634
947   0.939969
948   0.934815
949   0.929841
950   0.924901
951   0.92162
952   0.924908
953   0.930901
954   0.939019
955   0.947198
956   0.954588
957   0.960957
958   0.966254
959   0.970639
960   0.974301
961   0.977394
962   0.980104
963   0.982485
964   0.984655
965   0.986591
966   0.988342
967   0.989844
968   0.991106
969   0.992054
970   0.992684
971   0.992939
972   0.992836
973   0.992349
974   0.991548
975   0.990446
976   0.989179
977   0.98778
978   0.986431
979   0.985147
980   0.984108
981   0.983279
982   0.982804
983   0.982594
984   0.982748
985   0.983144
986   0.983846
987   0.984714
988   0.985785
989   0.946379
990   0.94168
991   0.936536
992   0.931146
993   0.925842
994   0.922161
995   0.92209
996   0.926663
997   0.93431
998   0.942646
999   0.950518
1000   0.957388
1001   0.963215
1002   0.9681
1003   0.97218
1004   0.975687
1005   0.978705
1006   0.981423
1007   0.983834
1008   0.986058
1009   0.988027
1010   0.989806
1011   0.991299
1012   0.992538
1013   0.993437
1014   0.994007
1015   0.994205
1016   0.994045
1017   0.993546
1018   0.992743
1019   0.99172
1020   0.990534
1021   0.989307
1022   0.9881
1023   0.98703
1024   0.986138
1025   0.985503
1026   0.985129
1027   0.985052
1028   0.985244
1029   0.985702
1030   0.986374
1031   0.987225
1032   0.948488
1033   0.944034
1034   0.938877
1035   0.933529
1036   0.927805
1037   0.922978
1038   0.921056
1039   0.922225
1040   0.929728
1041   0.938242
1042   0.946323
1043   0.953711
1044   0.959994
1045   0.965363
1046   0.969873
1047   0.973751
1048   0.977126
1049   0.98012
1050   0.982824
1051   0.985269
1052   0.987494
1053   0.989479
1054   0.991225
1055   0.992688
1056   0.993856
1057   0.994685
1058   0.995173
1059   0.995298
1060   0.995092
1061   0.994563
1062   0.993794
1063   0.992814
1064   0.991752
1065   0.990634
1066   0.989608
1067   0.988672
1068   0.987966
1069   0.987445
1070   0.987222
1071   0.987212
1072   0.987497
1073   0.987959
1074   0.988647
1075   0.950849
1076   0.946521
1077   0.941645
1078   0.936313
1079   0.930629
1080   0.925326
1081   0.921328
1082   0.921234
1083   0.926094
1084   0.933885
1085   0.942152
1086   0.949851
1087   0.956603
1088   0.962399
1089   0.967316
1090   0.971581
1091   0.97527
1092   0.978584
1093   0.981527
1094   0.984237
1095   0.986662
1096   0.988886
1097   0.990828
1098   0.992535
1099   0.993923
1100   0.995016
1101   0.995758
1102   0.996167
1103   0.996232
1104   0.995981
1105   0.995458
1106   0.994709
1107   0.993818
1108   0.992839
1109   0.991872
1110   0.990966
1111   0.990205
1112   0.989616
1113   0.989254
1114   0.989117
1115   0.989221
1116   0.989535
1117   0.990038
1118   0.953411
1119   0.949449
1120   0.944784
1121   0.939822
1122   0.934194
1123   0.92879
1124   0.923473
1125   0.919967
1126   0.923722
1127   0.93015
1128   0.938203
1129   0.946173
1130   0.953173
1131   0.959366
1132   0.964619
1133   0.969228
1134   0.973233
1135   0.976817
1136   0.98003
1137   0.982953
1138   0.985609
1139   0.988021
1140   0.990181
1141   0.992081
1142   0.993698
1143   0.995011
1144   0.996003
1145   0.996661
1146   0.99699
1147   0.996995
1148   0.996722
1149   0.996195
1150   0.995499
1151   0.994664
1152   0.993805
1153   0.99294
1154   0.99219
1155   0.991544
1156   0.991113
1157   0.990849
1158   0.990839
1159   0.990994
1160   0.991369
1161   0.95606
1162   0.952311
1163   0.948062
1164   0.943336
1165   0.9381
1166   0.932602
1167   0.927164
1168   0.923277
1169   0.922797
1170   0.927546
1171   0.934864
1172   0.942623
1173   0.949827
1174   0.956239
1175   0.96179
1176   0.966701
1177   0.970977
1178   0.974844
1179   0.978277
1180   0.981441
1181   0.984281
1182   0.986906
1183   0.989241
1184   0.991352
1185   0.993158
1186   0.9947
1187   0.995913
1188   0.99682
1189   0.997393
1190   0.997657
1191   0.997626
1192   0.997334
1193   0.996836
1194   0.996178
1195   0.995439
1196   0.994665
1197   0.993939
1198   0.993297
1199   0.992805
1200   0.992477
1201   0.992347
1202   0.992401
1203   0.992631
1204   0.958754
1205   0.955387
1206   0.95144
1207   0.947201
1208   0.942299
1209   0.937276
1210   0.931842
1211   0.927265
1212   0.925177
1213   0.925782
1214   0.932313
1215   0.939865
1216   0.94684
1217   0.953411
1218   0.959091
1219   0.964217
1220   0.968711
1221   0.972783
1222   0.976432
1223   0.979774
1224   0.982809
1225   0.985594
1226   0.988114
1227   0.990389
1228   0.99239
1229   0.99412
1230   0.995548
1231   0.996674
1232   0.997483
1233   0.997983
1234   0.998189
1235   0.998123
1236   0.997834
1237   0.997354
1238   0.996762
1239   0.996088
1240   0.995431
1241   0.994802
1242   0.994302
1243   0.993913
1244   0.99372
1245   0.993665
1246   0.993805
1247   0.961409
1248   0.958277
1249   0.95476
1250   0.950857
1251   0.946528
1252   0.941868
1253   0.93704
1254   0.932527
1255   0.929158
1256   0.928664
1257   0.931401
1258   0.937806
1259   0.944437
1260   0.950892
1261   0.956598
1262   0.961844
1263   0.966457
1264   0.970709
1265   0.974494
1266   0.978013
1267   0.981179
1268   0.984132
1269   0.986785
1270   0.989231
1271   0.991385
1272   0.993304
1273   0.994915
1274   0.996256
1275   0.997279
1276   0.998012
1277   0.998445
1278   0.998608
1279   0.998528
1280   0.998242
1281   0.997807
1282   0.997265
1283   0.996689
1284   0.996118
1285   0.995618
1286   0.995218
1287   0.994961
1288   0.994848
1289   0.994884
1290   0.964008
1291   0.961213
1292   0.958006
1293   0.954579
1294   0.950688
1295   0.946668
1296   0.942325
1297   0.938342
1298   0.934678
1299   0.93245
1300   0.933973
1301   0.937569
1302   0.94339
1303   0.9494
1304   0.95484
1305   0.959965
1306   0.964586
1307   0.968854
1308   0.972728
1309   0.976311
1310   0.97959
1311   0.982629
1312   0.985409
1313   0.987964
1314   0.990263
1315   0.992322
1316   0.994106
1317   0.995622
1318   0.996845
1319   0.997783
1320   0.998431
1321   0.998808
1322   0.998934
1323   0.998839
1324   0.998573
1325   0.998169
1326   0.997701
1327   0.997195
1328   0.996736
1329   0.996328
1330   0.996052
1331   0.995876
1332   0.995857
1333   0.966504
1334   0.96393
1335   0.961096
1336   0.958003
1337   0.954643
1338   0.951066
1339   0.947403
1340   0.943775
1341   0.940651
1342   0.938291
1343   0.937861
1344   0.940071
1345   0.943743
1346   0.948928
1347   0.953798
1348   0.958691
1349   0.963106
1350   0.967328
1351   0.971141
1352   0.974758
1353   0.978044
1354   0.981156
1355   0.983984
1356   0.986641
1357   0.989026
1358   0.991218
1359   0.993128
1360   0.994811
1361   0.9962
1362   0.997334
1363   0.998177
1364   0.998761
1365   0.999086
1366   0.999186
1367   0.999093
1368   0.998844
1369   0.998493
1370   0.998082
1371   0.997671
1372   0.997294
1373   0.997001
1374   0.996805
1375   0.996723
1376   0.968897
1377   0.966596
1378   0.964032
1379   0.961323
1380   0.958344
1381   0.95528
1382   0.952063
1383   0.948991
1384   0.946159
1385   0.944022
1386   0.943118
1387   0.943648
1388   0.946353
1389   0.949992
1390   0.954144
1391   0.958349
1392   0.962437
1393   0.966351
1394   0.970034
1395   0.973518
1396   0.976774
1397   0.979843
1398   0.982698
1399   0.98537
1400   0.987825
1401   0.990082
1402   0.992103
1403   0.993899
1404   0.995435
1405   0.996724
1406   0.997743
1407   0.998509
1408   0.99902
1409   0.999303
1410   0.99938
1411   0.999285
1412   0.999065
1413   0.998754
1414   0.998417
1415   0.998075
1416   0.997799
1417   0.997581
1418   0.997475
1419   0.971166
1420   0.96906
1421   0.96679
1422   0.964364
1423   0.96179
1424   0.959096
1425   0.956386
1426   0.953706
1427   0.951358
1428   0.9494
1429   0.948438
1430   0.948361
1431   0.949728
1432   0.952275
1433   0.955367
1434   0.958892
1435   0.962392
1436   0.965959
1437   0.969329
1438   0.972648
1439   0.975741
1440   0.978747
1441   0.98153
1442   0.984204
1443   0.986653
1444   0.988962
1445   0.991032
1446   0.992927
1447   0.994565
1448   0.995993
1449   0.997154
1450   0.998087
1451   0.998766
1452   0.999224
1453   0.999467
1454   0.999529
1455   0.999444
1456   0.999249
1457   0.998993
1458   0.998713
1459   0.998458
1460   0.998251
1461   0.998117
1462   0.973318
1463   0.971427
1464   0.969382
1465   0.967246
1466   0.964969
1467   0.962647
1468   0.960278
1469   0.957998
1470   0.955917
1471   0.954199
1472   0.953129
1473   0.952761
1474   0.953522
1475   0.95512
1476   0.957446
1477   0.960168
1478   0.963128
1479   0.966177
1480   0.969223
1481   0.972229
1482   0.975142
1483   0.977966
1484   0.980661
1485   0.983241
1486   0.985667
1487   0.987951
1488   0.990052
1489   0.991981
1490   0.993698
1491   0.995212
1492   0.996494
1493   0.997556
1494   0.99838
1495   0.998989
1496   0.999384
1497   0.999594
1498   0.999642
1499   0.999563
1500   0.999401
1501   0.999186
1502   0.998975
1503   0.99878
1504   0.998648
1505   0.975348
1506   0.973627
1507   0.971809
1508   0.969901
1509   0.96792
1510   0.965882
1511   0.96386
1512   0.961878
1513   0.960107
1514   0.958568
1515   0.957545
1516   0.957035
1517   0.957303
1518   0.958308
1519   0.959896
1520   0.961995
1521   0.964334
1522   0.966924
1523   0.969535
1524   0.972243
1525   0.974868
1526   0.977512
1527   0.980025
1528   0.982508
1529   0.984831
1530   0.987082
1531   0.989147
1532   0.991097
1533   0.992836
1534   0.994421
1535   0.995777
1536   0.996949
1537   0.997888
1538   0.998632
1539   0.999162
1540   0.999511
1541   0.999688
1542   0.999729
1543   0.999664
1544   0.999529
1545   0.999367
1546   0.999206
1547   0.999075
1548   0.977262
1549   0.975714
1550   0.97408
1551   0.972393
1552   0.97064
1553   0.968869
1554   0.967098
1555   0.965394
1556   0.96383
1557   0.962482
1558   0.961499
1559   0.960929
1560   0.960951
1561   0.961514
1562   0.962627
1563   0.964157
1564   0.96602
1565   0.968113
1566   0.970352
1567   0.972684
1568   0.975047
1569   0.977424
1570   0.979765
1571   0.982067
1572   0.984287
1573   0.986429
1574   0.988449
1575   0.990352
1576   0.992099
1577   0.993694
1578   0.995103
1579   0.996335
1580   0.997365
1581   0.998207
1582   0.99885
1583   0.999316
1584   0.999611
1585   0.999762
1586   0.999795
1587   0.99974
1588   0.999637
1589   0.999511
1590   0.999404
1591   0.979063
1592   0.977661
1593   0.976204
1594   0.9747
1595   0.973165
1596   0.971609
1597   0.970081
1598   0.968594
1599   0.967245
1600   0.966048
1601   0.965146
1602   0.964554
1603   0.964398
1604   0.964688
1605   0.965399
1606   0.966524
1607   0.967931
1608   0.969633
1609   0.971468
1610   0.973485
1611   0.975528
1612   0.977672
1613   0.979772
1614   0.981913
1615   0.983962
1616   0.986003
1617   0.987913
1618   0.989769
1619   0.991462
1620   0.993059
1621   0.994469
1622   0.995746
1623   0.996824
1624   0.997746
1625   0.998473
1626   0.99904
1627   0.999436
1628   0.99969
1629   0.999816
1630   0.999844
1631   0.999805
1632   0.999728
1633   0.999643
1634   0.980753
1635   0.979492
1636   0.978187
1637   0.976853
1638   0.975495
1639   0.974134
1640   0.972794
1641   0.971506
1642   0.970318
1643   0.96927
1644   0.968439
1645   0.967862
1646   0.96762
1647   0.967719
1648   0.968182
1649   0.968974
1650   0.970061
1651   0.971394
1652   0.97292
1653   0.974602
1654   0.976385
1655   0.97825
1656   0.980147
1657   0.982069
1658   0.983969
1659   0.985845
1660   0.987656
1661   0.9894
1662   0.99104
1663   0.992577
1664   0.993977
1665   0.995244
1666   0.996352
1667   0.997308
1668   0.998096
1669   0.998731
1670   0.999207
1671   0.999545
1672   0.999753
1673   0.999858
1674   0.999882
1675   0.999854
1676   0.999803
1677   0.982337
1678   0.981201
1679   0.980037
1680   0.97885
1681   0.977655
1682   0.976458
1683   0.975293
1684   0.974165
1685   0.973134
1686   0.972206
1687   0.97146
1688   0.970907
1689   0.970616
1690   0.970601
1691   0.970869
1692   0.971437
1693   0.972241
1694   0.973307
1695   0.97453
1696   0.975955
1697   0.977457
1698   0.979101
1699   0.980756
1700   0.982498
1701   0.9842
1702   0.985939
1703   0.987597
1704   0.989246
1705   0.990778
1706   0.992261
1707   0.993599
1708   0.994852
1709   0.995942
1710   0.99692
1711   0.997731
1712   0.998417
1713   0.998946
1714   0.999352
1715   0.999628
1716   0.999803
1717   0.999888
1718   0.999911
1719   0.999895
1720   0.983819
1721   0.982799
1722   0.981758
1723   0.980704
1724   0.979646
1725   0.978596
1726   0.977571
1727   0.97659
1728   0.975683
1729   0.974873
1730   0.9742
1731   0.973692
1732   0.973388
1733   0.973306
1734   0.973463
1735   0.973858
1736   0.974479
1737   0.975311
1738   0.976322
1739   0.977496
1740   0.978791
1741   0.980194
1742   0.981663
1743   0.983191
1744   0.984736
1745   0.986293
1746   0.987825
1747   0.989329
1748   0.990769
1749   0.992144
1750   0.993424
1751   0.99461
1752   0.995677
1753   0.996629
1754   0.997448
1755   0.998144
1756   0.998708
1757   0.999152
1758   0.999479
1759   0.999706
1760   0.999843
1761   0.999912
1762   0.999932
1763   0.985201
1764   0.984286
1765   0.983358
1766   0.982421
1767   0.981487
1768   0.980561
1769   0.979666
1770   0.978806
1771   0.978017
1772   0.977302
1773   0.976709
1774   0.976245
1775   0.975949
1776   0.975835
1777   0.975911
1778   0.9762
1779   0.976665
1780   0.977341
1781   0.978154
1782   0.979151
1783   0.980233
1784   0.981461
1785   0.982723
1786   0.984089
1787   0.985444
1788   0.986862
1789   0.988228
1790   0.989617
1791   0.990921
1792   0.992211
1793   0.993388
1794   0.994518
1795   0.995518
1796   0.996445
1797   0.997233
1798   0.997932
1799   0.998497
1800   0.998968
1801   0.99932
1802   0.999587
1803   0.999763
1804   0.999874
1805   0.999929
1806   0.986487
1807   0.985669
1808   0.98484
1809   0.984008
1810   0.98318
1811   0.982365
1812   0.981576
1813   0.980826
1814   0.980132
1815   0.979512
1816   0.978988
1817   0.978579
1818   0.978305
1819   0.978184
1820   0.978226
1821   0.978438
1822   0.978816
1823   0.979357
1824   0.980046
1825   0.980873
1826   0.981813
1827   0.982856
1828   0.983973
1829   0.985155
1830   0.986373
1831   0.987617
1832   0.98886
1833   0.990094
1834   0.991295
1835   0.992454
1836   0.993551
1837   0.994581
1838   0.995526
1839   0.996383
1840   0.997143
1841   0.997805
1842   0.998365
1843   0.998828
1844   0.999195
1845   0.999476
1846   0.999679
1847   0.999816
1848   0.999899
