##### Y Variance #####
0   0.999975
1   0.999863
2   0.999383
3   0.998419
4   0.996882
5   0.994772
6   0.992087
7   0.98894
8   0.985417
9   0.981782
10   0.978112
11   0.974595
12   0.971276
13   0.968283
14   0.965653
15   0.963464
16   0.961743
17   0.960527
18   0.959804
19   0.959561
20   0.959761
21   0.960352
22   0.961301
23   0.962542
24   0.964035
25   0.965704
26   0.967505
27   0.969365
28   0.971254
29   0.973122
30   0.974954
31   0.97672
32   0.978417
33   0.980031
34   0.981563
35   0.98301
36   0.984374
37   0.985655
38   0.986856
39   0.987978
40   0.989024
41   0.989997
42   0.990899
43   0.999807
44   0.999942
45   0.999705
46   0.998961
47   0.997497
48   0.995471
49   0.992618
50   0.989409
51   0.985413
52   0.98164
53   0.977414
54   0.973648
55   0.969791
56   0.966481
57   0.96339
58   0.960901
59   0.958828
60   0.957401
61   0.956471
62   0.956104
63   0.956251
64   0.9568
65   0.95783
66   0.959129
67   0.960814
68   0.962624
69   0.964682
70   0.966716
71   0.968865
72   0.970912
73   0.972977
74   0.97491
75   0.976799
76   0.978559
77   0.980247
78   0.98182
79   0.983309
80   0.984698
81   0.986002
82   0.987215
83   0.988344
84   0.989392
85   0.990362
86   0.999301
87   0.99971
88   0.999862
89   0.999473
90   0.998351
91   0.9965
92   0.993867
93   0.990636
94   0.986765
95   0.982574
96   0.978172
97   0.973804
98   0.969547
99   0.965623
100   0.962055
101   0.959061
102   0.956589
103   0.954748
104   0.953493
105   0.95282
106   0.952732
107   0.953159
108   0.954107
109   0.955474
110   0.95723
111   0.959247
112   0.961476
113   0.963786
114   0.96615
115   0.968481
116   0.970764
117   0.972947
118   0.97503
119   0.976993
120   0.978842
121   0.980575
122   0.982198
123   0.983713
124   0.985125
125   0.986439
126   0.987656
127   0.988783
128   0.989823
129   0.998339
130   0.999041
131   0.999612
132   0.99968
133   0.998993
134   0.997521
135   0.99514
136   0.992164
137   0.988408
138   0.984297
139   0.979613
140   0.975115
141   0.970231
142   0.966069
143   0.961674
144   0.958395
145   0.955183
146   0.952939
147   0.951116
148   0.949981
149   0.949517
150   0.949617
151   0.950433
152   0.9517
153   0.95354
154   0.955637
155   0.958112
156   0.9606
157   0.963274
158   0.965841
159   0.968432
160   0.970845
161   0.973182
162   0.975342
163   0.97739
164   0.979285
165   0.981061
166   0.982707
167   0.984239
168   0.985656
169   0.986967
170   0.988176
171   0.989289
172   0.996813
173   0.997698
174   0.998773
175   0.999388
176   0.999311
177   0.998335
178   0.996455
179   0.993797
180   0.990409
181   0.986486
182   0.982087
183   0.97748
184   0.972729
185   0.968089
186   0.963583
187   0.959409
188   0.955673
189   0.952455
190   0.949859
191   0.947966
192   0.946787
193   0.946461
194   0.946858
195   0.947982
196   0.949703
197   0.951847
198   0.954402
199   0.957153
200   0.960062
201   0.962986
202   0.965864
203   0.96861
204   0.971198
205   0.973621
206   0.97587
207   0.977963
208   0.979898
209   0.981693
210   0.983348
211   0.984878
212   0.986285
213   0.987579
214   0.988764
215   0.994698
216   0.995828
217   0.997304
218   0.998502
219   0.999056
220   0.998692
221   0.997341
222   0.995181
223   0.99218
224   0.988664
225   0.984554
226   0.980222
227   0.975585
228   0.971004
229   0.966322
230   0.961929
231   0.957433
232   0.95384
233   0.95001
234   0.94777
235   0.945243
236   0.944647
237   0.944089
238   0.944918
239   0.946281
240   0.948174
241   0.95078
242   0.953576
243   0.956806
244   0.959995
245   0.963259
246   0.966288
247   0.969193
248   0.971857
249   0.974345
250   0.976629
251   0.978742
252   0.980684
253   0.982472
254   0.984113
255   0.985619
256   0.986998
257   0.988257
258   0.991963
259   0.993028
260   0.995065
261   0.996858
262   0.998172
263   0.99849
264   0.997838
265   0.996214
266   0.993779
267   0.990666
268   0.98701
269   0.98298
270   0.978682
271   0.974279
272   0.969822
273   0.965456
274   0.961153
275   0.957158
276   0.953415
277   0.950187
278   0.947415
279   0.945256
280   0.943903
281   0.943273
282   0.943676
283   0.944954
284   0.947105
285   0.950039
286   0.953416
287   0.956967
288   0.960536
289   0.96396
290   0.967144
291   0.970117
292   0.972826
293   0.975332
294   0.977612
295   0.979712
296   0.981626
297   0.983383
298   0.984983
299   0.986447
300   0.987777
301   0.988741
302   0.989937
303   0.992208
304   0.99462
305   0.996645
306   0.997723
307   0.99776
308   0.996804
309   0.994903
310   0.992329
311   0.989086
312   0.985503
313   0.981534
314   0.977497
315   0.973303
316   0.969228
317   0.96516
318   0.961293
319   0.957592
320   0.954172
321   0.950985
322   0.948233
323   0.94555
324   0.94421
325   0.942666
326   0.943566
327   0.944339
328   0.947244
329   0.950533
330   0.954162
331   0.95806
332   0.961715
333   0.965227
334   0.968445
335   0.971399
336   0.974095
337   0.976551
338   0.978793
339   0.980834
340   0.982697
341   0.984391
342   0.985933
343   0.987334
344   0.985122
345   0.985805
346   0.988581
347   0.991532
348   0.994378
349   0.996279
350   0.997146
351   0.996868
352   0.995657
353   0.993589
354   0.990896
355   0.987706
356   0.984195
357   0.980488
358   0.976692
359   0.972907
360   0.969166
361   0.965541
362   0.962042
363   0.958721
364   0.955585
365   0.952702
366   0.950024
367   0.947845
368   0.946116
369   0.945172
370   0.945237
371   0.946149
372   0.948646
373   0.951944
374   0.955793
375   0.959797
376   0.963511
377   0.967013
378   0.970139
379   0.973023
380   0.975612
381   0.977986
382   0.98013
383   0.98209
384   0.983863
385   0.985479
386   0.986939
387   0.981485
388   0.982243
389   0.984548
390   0.987882
391   0.991447
392   0.994241
393   0.995936
394   0.996451
395   0.995885
396   0.994443
397   0.992228
398   0.989537
399   0.986406
400   0.983126
401   0.979665
402   0.976263
403   0.97284
404   0.969559
405   0.96634
406   0.96329
407   0.960355
408   0.957622
409   0.95508
410   0.952753
411   0.950784
412   0.949172
413   0.948
414   0.947987
415   0.948259
416   0.951201
417   0.954374
418   0.9584
419   0.962257
420   0.965879
421   0.969146
422   0.972142
423   0.974843
424   0.97731
425   0.979542
426   0.981574
427   0.983416
428   0.985089
429   0.986605
430   0.977831
431   0.978073
432   0.98023
433   0.983337
434   0.987809
435   0.991513
436   0.994118
437   0.995439
438   0.995652
439   0.994812
440   0.993205
441   0.990951
442   0.988304
443   0.985372
444   0.982329
445   0.979241
446   0.976199
447   0.973227
448   0.970358
449   0.967603
450   0.964967
451   0.962474
452   0.960104
453   0.9579
454   0.955887
455   0.954141
456   0.952746
457   0.951934
458   0.95175
459   0.952515
460   0.955042
461   0.958162
462   0.961782
463   0.965371
464   0.968593
465   0.971612
466   0.974337
467   0.976845
468   0.979116
469   0.981193
470   0.983076
471   0.984792
472   0.986346
473   0.974298
474   0.974314
475   0.975835
476   0.979067
477   0.983753
478   0.988249
479   0.991738
480   0.993938
481   0.994904
482   0.994774
483   0.993715
484   0.992003
485   0.989756
486   0.987259
487   0.984542
488   0.981837
489   0.9791
490   0.976489
491   0.973927
492   0.97151
493   0.969172
494   0.96696
495   0.964846
496   0.962827
497   0.960967
498   0.959243
499   0.95784
500   0.956707
501   0.95617
502   0.956133
503   0.95701
504   0.959407
505   0.96218
506   0.965464
507   0.968514
508   0.971447
509   0.974124
510   0.97661
511   0.978878
512   0.98096
513   0.98286
514   0.984594
515   0.986174
516   0.970907
517   0.970375
518   0.971379
519   0.973834
520   0.97924
521   0.98446
522   0.988798
523   0.991862
524   0.993674
525   0.994244
526   0.993855
527   0.992639
528   0.990903
529   0.988764
530   0.986459
531   0.984047
532   0.981673
533   0.979339
534   0.977117
535   0.974978
536   0.972952
537   0.971004
538   0.969145
539   0.967352
540   0.965655
541   0.964064
542   0.96265
543   0.96146
544   0.960635
545   0.96023
546   0.960588
547   0.961698
548   0.963908
549   0.966443
550   0.969144
551   0.97178
552   0.974302
553   0.976667
554   0.978871
555   0.980908
556   0.982789
557   0.984516
558   0.986101
559   0.967771
560   0.966809
561   0.967131
562   0.969575
563   0.974591
564   0.980287
565   0.985401
566   0.989334
567   0.991971
568   0.993326
569   0.99357
570   0.992956
571   0.991663
572   0.98998
573   0.988
574   0.985958
575   0.983855
576   0.98185
577   0.979886
578   0.978054
579   0.976283
580   0.974612
581   0.972995
582   0.971431
583   0.969933
584   0.968478
585   0.967166
586   0.965957
587   0.965064
588   0.96444
589   0.96443
590   0.96496
591   0.966266
592   0.968168
593   0.970313
594   0.972593
595   0.97484
596   0.977027
597   0.979098
598   0.981052
599   0.982875
600   0.984569
601   0.986135
602   0.964959
603   0.963474
604   0.96306
605   0.964285
606   0.969688
607   0.975729
608   0.981525
609   0.986298
610   0.989803
611   0.991941
612   0.992921
613   0.992881
614   0.992147
615   0.990861
616   0.989305
617   0.987552
618   0.985793
619   0.984028
620   0.982364
621   0.980757
622   0.979258
623   0.977806
624   0.976426
625   0.975062
626   0.973746
627   0.97244
628   0.971213
629   0.970053
630   0.9691
631   0.968354
632   0.968068
633   0.968179
634   0.969012
635   0.970274
636   0.971952
637   0.973785
638   0.975733
639   0.977663
640   0.979568
641   0.981385
642   0.983124
643   0.984751
644   0.986282
645   0.962553
646   0.960561
647   0.959498
648   0.960566
649   0.96485
650   0.970905
651   0.977269
652   0.982844
653   0.987209
654   0.990178
655   0.991877
656   0.992507
657   0.992289
658   0.991505
659   0.990305
660   0.988932
661   0.987435
662   0.985977
663   0.984532
664   0.983192
665   0.981895
666   0.980681
667   0.979492
668   0.978334
669   0.977184
670   0.976032
671   0.974918
672   0.973828
673   0.972882
674   0.97208
675   0.971611
676   0.971487
677   0.971859
678   0.972683
679   0.973866
680   0.975311
681   0.976901
682   0.978571
683   0.980255
684   0.981918
685   0.983532
686   0.985078
687   0.986544
688   0.960627
689   0.958236
690   0.956395
691   0.956011
692   0.960012
693   0.965642
694   0.972562
695   0.978943
696   0.984158
697   0.987971
698   0.990456
699   0.991751
700   0.992152
701   0.991833
702   0.991095
703   0.990041
704   0.988893
705   0.987669
706   0.986503
707   0.985354
708   0.984293
709   0.98325
710   0.982265
711   0.981262
712   0.980279
713   0.979255
714   0.978252
715   0.977234
716   0.976316
717   0.975482
718   0.974914
719   0.974583
720   0.974695
721   0.975126
722   0.975954
723   0.977006
724   0.978289
725   0.979664
726   0.981134
727   0.982605
728   0.984088
729   0.985519
730   0.986914
731   0.959198
732   0.956344
733   0.954051
734   0.95334
735   0.955426
736   0.960497
737   0.967591
738   0.974648
739   0.980713
740   0.985361
741   0.98864
742   0.990669
743   0.991673
744   0.991919
745   0.991598
746   0.990962
747   0.990101
748   0.989191
749   0.988236
750   0.987335
751   0.986445
752   0.985609
753   0.984772
754   0.983945
755   0.983093
756   0.982212
757   0.98131
758   0.980385
759   0.979505
760   0.978685
761   0.978039
762   0.977597
763   0.977462
764   0.977635
765   0.978119
766   0.978866
767   0.979828
768   0.980945
769   0.982171
770   0.98346
771   0.98478
772   0.986097
773   0.98739
774   0.958324
775   0.955178
776   0.952312
777   0.950559
778   0.95135
779   0.954528
780   0.962218
781   0.970029
782   0.976804
783   0.982319
784   0.986404
785   0.989183
786   0.990867
787   0.991663
788   0.991859
789   0.9916
790   0.99112
791   0.990468
792   0.989798
793   0.989084
794   0.988414
795   0.987725
796   0.987067
797   0.986365
798   0.985658
799   0.984883
800   0.984091
801   0.983239
802   0.982417
803   0.981603
804   0.980933
805   0.980386
806   0.98011
807   0.980047
808   0.980295
809   0.980751
810   0.981461
811   0.982312
812   0.983328
813   0.984412
814   0.985582
815   0.986758
816   0.987956
817   0.957998
818   0.954538
819   0.951214
820   0.94869
821   0.947833
822   0.950366
823   0.956999
824   0.965004
825   0.972511
826   0.978807
827   0.98374
828   0.987299
829   0.989675
830   0.991099
831   0.991792
832   0.992003
833   0.991864
834   0.991556
835   0.991119
836   0.990659
837   0.990158
838   0.989663
839   0.989136
840   0.98859
841   0.987993
842   0.987345
843   0.98664
844   0.985882
845   0.985109
846   0.984336
847   0.98364
848   0.983047
849   0.982637
850   0.982425
851   0.982449
852   0.982691
853   0.983149
854   0.983785
855   0.984577
856   0.985484
857   0.986481
858   0.987529
859   0.988604
860   0.958205
861   0.954639
862   0.950789
863   0.947483
864   0.945067
865   0.944987
866   0.951779
867   0.959896
868   0.967817
869   0.974897
870   0.980611
871   0.984983
872   0.98808
873   0.99014
874   0.991403
875   0.992065
876   0.992351
877   0.992352
878   0.992225
879   0.991976
880   0.9917
881   0.991357
882   0.991
883   0.99057
884   0.990107
885   0.989553
886   0.988953
887   0.988266
888   0.987562
889   0.986816
890   0.986131
891   0.985491
892   0.985011
893   0.98466
894   0.984536
895   0.984576
896   0.984847
897   0.985267
898   0.98588
899   0.986596
900   0.987447
901   0.988347
902   0.989316
903   0.958864
904   0.955079
905   0.950938
906   0.946821
907   0.943284
908   0.942669
909   0.947077
910   0.954575
911   0.962835
912   0.97052
913   0.977059
914   0.9822
915   0.986049
916   0.988777
917   0.990613
918   0.991797
919   0.992489
920   0.992876
921   0.993028
922   0.993058
923   0.992975
924   0.992834
925   0.992616
926   0.99234
927   0.991984
928   0.991553
929   0.99104
930   0.990448
931   0.989801
932   0.989112
933   0.988434
934   0.98779
935   0.987243
936   0.986813
937   0.986548
938   0.986449
939   0.986536
940   0.986793
941   0.987217
942   0.98778
943   0.988467
944   0.989242
945   0.990082
946   0.959951
947   0.956256
948   0.951779
949   0.947306
950   0.942538
951   0.939327
952   0.942922
953   0.949229
954   0.957587
955   0.965868
956   0.973066
957   0.979011
958   0.983565
959   0.986982
960   0.989417
961   0.991118
962   0.992276
963   0.993032
964   0.993527
965   0.993813
966   0.993978
967   0.994015
968   0.993979
969   0.993834
970   0.993617
971   0.993288
972   0.992884
973   0.992372
974   0.991805
975   0.991163
976   0.990523
977   0.989873
978   0.989305
979   0.988801
980   0.988452
981   0.98822
982   0.988179
983   0.988273
984   0.988555
985   0.988955
986   0.989512
987   0.990146
988   0.990881
989   0.961354
990   0.957564
991   0.95311
992   0.94818
993   0.943093
994   0.939513
995   0.939572
996   0.944407
997   0.952368
998   0.960892
999   0.968756
1000   0.975345
1001   0.980641
1002   0.984713
1003   0.987763
1004   0.990013
1005   0.991635
1006   0.992814
1007   0.993643
1008   0.994241
1009   0.99464
1010   0.994906
1011   0.995037
1012   0.995063
1013   0.994974
1014   0.994779
1015   0.994476
1016   0.994071
1017   0.99358
1018   0.993014
1019   0.992412
1020   0.991792
1021   0.991206
1022   0.990675
1023   0.990248
1024   0.989934
1025   0.989769
1026   0.989747
1027   0.989883
1028   0.990159
1029   0.990573
1030   0.991094
1031   0.991704
1032   0.963064
1033   0.959516
1034   0.955012
1035   0.950149
1036   0.944624
1037   0.93988
1038   0.938004
1039   0.939249
1040   0.94712
1041   0.955946
1042   0.96411
1043   0.971398
1044   0.977288
1045   0.982043
1046   0.985668
1047   0.988471
1048   0.990573
1049   0.99217
1050   0.993373
1051   0.994276
1052   0.994954
1053   0.99544
1054   0.995779
1055   0.995969
1056   0.99604
1057   0.995973
1058   0.995798
1059   0.995495
1060   0.995104
1061   0.994611
1062   0.994075
1063   0.993487
1064   0.99292
1065   0.992367
1066   0.991906
1067   0.991517
1068   0.991273
1069   0.991137
1070   0.991169
1071   0.991316
1072   0.991622
1073   0.992018
1074   0.992532
1075   0.964969
1076   0.961493
1077   0.957283
1078   0.952415
1079   0.946973
1080   0.941745
1081   0.937713
1082   0.937675
1083   0.942781
1084   0.950878
1085   0.959353
1086   0.967055
1087   0.973595
1088   0.978914
1089   0.983135
1090   0.986467
1091   0.989054
1092   0.991093
1093   0.992669
1094   0.993916
1095   0.994872
1096   0.995619
1097   0.996166
1098   0.996556
1099   0.996787
1100   0.996881
1101   0.996836
1102   0.996663
1103   0.996376
1104   0.995984
1105   0.995518
1106   0.994994
1107   0.994454
1108   0.993917
1109   0.99343
1110   0.993008
1111   0.99269
1112   0.992482
1113   0.992409
1114   0.992464
1115   0.992654
1116   0.992956
1117   0.993357
1118   0.967036
1119   0.96392
1120   0.959892
1121   0.955425
1122   0.950039
1123   0.944747
1124   0.939332
1125   0.9357
1126   0.939684
1127   0.946394
1128   0.954698
1129   0.962803
1130   0.969691
1131   0.975575
1132   0.980262
1133   0.984112
1134   0.98715
1135   0.989617
1136   0.991575
1137   0.993158
1138   0.994419
1139   0.995423
1140   0.996207
1141   0.996797
1142   0.997217
1143   0.997471
1144   0.99758
1145   0.997541
1146   0.997379
1147   0.997093
1148   0.996723
1149   0.996268
1150   0.995784
1151   0.99527
1152   0.994793
1153   0.994345
1154   0.993993
1155   0.993716
1156   0.993577
1157   0.993536
1158   0.993644
1159   0.993842
1160   0.994162
1161   0.969148
1162   0.966196
1163   0.962595
1164   0.95835
1165   0.953403
1166   0.948016
1167   0.94253
1168   0.938545
1169   0.938054
1170   0.943017
1171   0.950616
1172   0.958553
1173   0.965775
1174   0.971982
1175   0.977127
1176   0.981411
1177   0.984886
1178   0.987767
1179   0.990096
1180   0.992028
1181   0.993586
1182   0.994872
1183   0.995892
1184   0.996708
1185   0.997319
1186   0.997759
1187   0.998027
1188   0.998144
1189   0.998117
1190   0.997959
1191   0.997693
1192   0.997334
1193   0.996917
1194   0.996458
1195   0.996001
1196   0.995562
1197   0.995182
1198   0.994875
1199   0.994669
1200   0.994569
1201   0.994589
1202   0.994714
1203   0.994939
1204   0.971279
1205   0.968695
1206   0.965371
1207   0.961639
1208   0.957036
1209   0.952185
1210   0.946722
1211   0.942053
1212   0.939891
1213   0.940471
1214   0.947283
1215   0.955088
1216   0.96213
1217   0.968623
1218   0.973997
1219   0.978645
1220   0.982461
1221   0.985702
1222   0.988368
1223   0.990615
1224   0.992466
1225   0.994013
1226   0.995278
1227   0.996311
1228   0.997127
1229   0.99775
1230   0.998193
1231   0.998468
1232   0.998589
1233   0.998565
1234   0.998422
1235   0.998166
1236   0.997837
1237   0.997442
1238   0.997032
1239   0.996611
1240   0.996237
1241   0.995903
1242   0.995666
1243   0.995505
1244   0.995469
1245   0.995515
1246   0.995675
1247   0.973344
1248   0.970947
1249   0.968055
1250   0.964649
1251   0.960666
1252   0.956202
1253   0.951427
1254   0.946856
1255   0.943382
1256   0.94285
1257   0.945654
1258   0.952281
1259   0.959047
1260   0.965491
1261   0.97101
1262   0.975885
1263   0.979963
1264   0.983504
1265   0.98645
1266   0.988989
1267   0.991096
1268   0.992902
1269   0.99439
1270   0.995646
1271   0.996657
1272   0.997474
1273   0.998089
1274   0.998534
1275   0.998809
1276   0.998933
1277   0.99892
1278   0.998785
1279   0.998555
1280   0.998248
1281   0.997897
1282   0.997522
1283   0.997161
1284   0.996832
1285   0.996567
1286   0.996377
1287   0.996283
1288   0.996279
1289   0.996366
1290   0.975338
1291   0.973256
1292   0.970647
1293   0.967733
1294   0.9642
1295   0.960436
1296   0.956191
1297   0.95223
1298   0.948471
1299   0.946139
1300   0.94771
1301   0.951386
1302   0.957346
1303   0.963407
1304   0.968721
1305   0.973579
1306   0.977762
1307   0.981447
1308   0.984591
1309   0.987324
1310   0.989646
1311   0.99165
1312   0.993344
1313   0.994787
1314   0.995986
1315   0.996977
1316   0.997764
1317   0.998371
1318   0.998801
1319   0.999072
1320   0.999196
1321   0.999187
1322   0.999069
1323   0.998855
1324   0.998583
1325   0.998262
1326   0.99794
1327   0.997621
1328   0.997357
1329   0.99714
1330   0.997016
1331   0.996959
1332   0.997001
1333   0.977215
1334   0.975307
1335   0.973063
1336   0.970469
1337   0.967501
1338   0.964203
1339   0.960712
1340   0.957148
1341   0.95402
1342   0.95159
1343   0.951127
1344   0.953382
1345   0.957104
1346   0.962347
1347   0.967145
1348   0.971841
1349   0.975916
1350   0.97965
1351   0.982852
1352   0.985719
1353   0.988167
1354   0.990336
1355   0.992179
1356   0.993793
1357   0.995146
1358   0.996304
1359   0.997245
1360   0.998011
1361   0.998589
1362   0.999009
1363   0.999271
1364   0.999395
1365   0.999394
1366   0.999288
1367   0.999102
1368   0.998856
1369   0.998581
1370   0.998298
1371   0.998041
1372   0.997823
1373   0.997671
1374   0.997587
1375   0.997578
1376   0.978986
1377   0.977321
1378   0.975318
1379   0.973109
1380   0.970525
1381   0.967778
1382   0.964766
1383   0.961826
1384   0.959034
1385   0.956895
1386   0.95597
1387   0.956484
1388   0.959237
1389   0.962892
1390   0.966992
1391   0.97104
1392   0.974849
1393   0.978361
1394   0.981517
1395   0.984356
1396   0.986864
1397   0.989096
1398   0.991047
1399   0.992766
1400   0.994248
1401   0.995531
1402   0.996608
1403   0.997507
1404   0.998224
1405   0.998779
1406   0.999173
1407   0.999425
1408   0.999544
1409   0.999547
1410   0.999457
1411   0.99929
1412   0.999079
1413   0.998838
1414   0.998608
1415   0.998393
1416   0.998236
1417   0.998124
1418   0.998089
1419   0.980634
1420   0.979118
1421   0.97739
1422   0.975444
1423   0.973279
1424   0.970914
1425   0.968456
1426   0.965945
1427   0.963707
1428   0.96179
1429   0.96086
1430   0.960769
1431   0.962151
1432   0.964693
1433   0.967733
1434   0.971124
1435   0.974397
1436   0.977619
1437   0.980545
1438   0.983298
1439   0.985742
1440   0.987994
1441   0.98997
1442   0.991764
1443   0.993319
1444   0.994706
1445   0.995883
1446   0.996901
1447   0.997733
1448   0.998414
1449   0.998929
1450   0.999304
1451   0.999539
1452   0.999655
1453   0.999664
1454   0.999587
1455   0.999447
1456   0.999263
1457   0.999067
1458   0.998876
1459   0.998716
1460   0.998599
1461   0.998536
1462   0.982172
1463   0.980837
1464   0.979301
1465   0.977634
1466   0.975758
1467   0.97378
1468   0.971681
1469   0.969611
1470   0.967672
1471   0.966046
1472   0.96503
1473   0.964681
1474   0.96546
1475   0.967047
1476   0.969324
1477   0.97193
1478   0.974694
1479   0.977452
1480   0.980111
1481   0.982631
1482   0.984967
1483   0.987128
1484   0.989091
1485   0.990879
1486   0.992477
1487   0.993909
1488   0.995162
1489   0.996258
1490   0.997187
1491   0.997965
1492   0.998586
1493   0.999069
1494   0.999411
1495   0.999631
1496   0.999738
1497   0.99975
1498   0.999686
1499   0.999564
1500   0.999415
1501   0.999251
1502   0.999108
1503   0.998986
1504   0.998914
1505   0.983601
1506   0.982392
1507   0.981057
1508   0.979594
1509   0.978011
1510   0.976317
1511   0.974587
1512   0.972833
1513   0.971244
1514   0.969826
1515   0.968896
1516   0.968428
1517   0.968727
1518   0.969724
1519   0.971273
1520   0.973268
1521   0.975444
1522   0.97778
1523   0.980064
1524   0.982343
1525   0.98447
1526   0.986519
1527   0.988386
1528   0.990146
1529   0.991722
1530   0.99318
1531   0.99446
1532   0.995617
1533   0.996605
1534   0.997466
1535   0.998169
1536   0.998747
1537   0.999183
1538   0.9995
1539   0.9997
1540   0.9998
1541   0.999815
1542   0.999762
1543   0.999665
1544   0.999542
1545   0.999418
1546   0.999308
1547   0.999228
1548   0.984931
1549   0.983858
1550   0.982674
1551   0.98141
1552   0.980039
1553   0.978611
1554   0.977134
1555   0.975677
1556   0.974311
1557   0.973115
1558   0.972244
1559   0.971746
1560   0.971812
1561   0.972382
1562   0.973464
1563   0.97491
1564   0.976631
1565   0.978509
1566   0.98046
1567   0.982425
1568   0.984346
1569   0.986204
1570   0.987962
1571   0.989622
1572   0.991158
1573   0.992581
1574   0.99387
1575   0.995037
1576   0.996067
1577   0.996972
1578   0.99774
1579   0.998384
1580   0.998898
1581   0.999296
1582   0.999577
1583   0.999758
1584   0.999847
1585   0.999862
1586   0.999821
1587   0.99974
1588   0.999647
1589   0.999551
1590   0.999478
1591   0.986167
1592   0.985201
1593   0.984164
1594   0.983057
1595   0.981889
1596   0.980665
1597   0.979434
1598   0.978198
1599   0.977065
1600   0.976033
1601   0.975267
1602   0.974762
1603   0.97467
1604   0.974976
1605   0.975674
1606   0.976728
1607   0.97802
1608   0.979533
1609   0.981125
1610   0.982816
1611   0.984479
1612   0.986159
1613   0.98775
1614   0.989309
1615   0.99075
1616   0.99213
1617   0.993378
1618   0.994545
1619   0.995575
1620   0.996512
1621   0.997311
1622   0.998009
1623   0.998577
1624   0.999042
1625   0.99939
1626   0.999643
1627   0.999801
1628   0.999882
1629   0.999897
1630   0.999866
1631   0.999806
1632   0.999734
1633   0.999669
1634   0.987317
1635   0.986456
1636   0.985537
1637   0.984574
1638   0.983561
1639   0.982521
1640   0.981468
1641   0.980433
1642   0.979461
1643   0.978592
1644   0.977905
1645   0.977433
1646   0.977262
1647   0.977395
1648   0.977853
1649   0.978593
1650   0.97958
1651   0.980756
1652   0.982068
1653   0.983471
1654   0.984915
1655   0.986378
1656   0.987818
1657   0.989228
1658   0.990577
1659   0.991864
1660   0.993065
1661   0.994186
1662   0.995206
1663   0.996132
1664   0.996949
1665   0.997666
1666   0.998273
1667   0.998779
1668   0.99918
1669   0.999487
1670   0.999702
1671   0.99984
1672   0.999908
1673   0.999923
1674   0.9999
1675   0.999854
1676   0.999806
1677   0.988386
1678   0.987614
1679   0.986805
1680   0.98596
1681   0.98509
1682   0.984195
1683   0.983307
1684   0.982425
1685   0.981612
1686   0.980863
1687   0.980269
1688   0.979827
1689   0.979619
1690   0.979643
1691   0.979921
1692   0.980446
1693   0.981172
1694   0.9821
1695   0.983143
1696   0.984319
1697   0.985531
1698   0.986814
1699   0.988073
1700   0.989354
1701   0.990571
1702   0.991775
1703   0.992889
1704   0.993965
1705   0.994935
1706   0.995848
1707   0.996648
1708   0.997376
1709   0.997992
1710   0.998529
1711   0.998959
1712   0.99931
1713   0.999568
1714   0.999755
1715   0.999869
1716   0.999928
1717   0.999942
1718   0.999927
1719   0.999896
1720   0.989379
1721   0.98869
1722   0.987973
1723   0.987234
1724   0.986475
1725   0.985707
1726   0.984943
1727   0.984197
1728   0.983498
1729   0.982867
1730   0.982343
1731   0.981951
1732   0.981731
1733   0.981697
1734   0.981867
1735   0.982234
1736   0.982787
1737   0.983504
1738   0.984354
1739   0.985315
1740   0.98635
1741   0.987441
1742   0.988554
1743   0.98968
1744   0.990787
1745   0.991872
1746   0.99291
1747   0.993902
1748   0.994826
1749   0.995686
1750   0.996466
1751   0.99717
1752   0.997788
1753   0.998324
1754   0.998774
1755   0.999143
1756   0.999433
1757   0.999651
1758   0.999802
1759   0.999897
1760   0.999944
1761   0.999956
1762   0.999947
1763   0.990299
1764   0.989684
1765   0.98905
1766   0.9884
1767   0.987742
1768   0.987075
1769   0.986423
1770   0.985782
1771   0.985192
1772   0.984646
1773   0.9842
1774   0.983847
1775   0.983637
1776   0.98357
1777   0.983668
1778   0.983933
1779   0.984346
1780   0.984918
1781   0.985595
1782   0.9864
1783   0.987259
1784   0.988206
1785   0.989159
1786   0.990163
1787   0.991136
1788   0.992126
1789   0.993058
1790   0.993981
1791   0.994827
1792   0.995643
1793   0.996371
1794   0.997053
1795   0.997643
1796   0.998177
1797   0.99862
1798   0.999003
1799   0.999303
1800   0.999545
1801   0.999718
1802   0.999842
1803   0.999916
1804   0.999956
1805   0.999967
1806   0.991153
1807   0.990604
1808   0.990041
1809   0.989468
1810   0.98889
1811   0.988312
1812   0.987744
1813   0.987197
1814   0.986686
1815   0.986225
1816   0.985835
1817   0.985534
1818   0.985341
1819   0.985269
1820   0.98533
1821   0.985527
1822   0.985855
1823   0.98631
1824   0.986874
1825   0.987535
1826   0.988272
1827   0.989071
1828   0.989909
1829   0.990775
1830   0.991647
1831   0.992518
1832   0.993368
1833   0.994193
1834   0.994977
1835   0.995718
1836   0.996403
1837   0.997032
1838   0.997598
1839   0.9981
1840   0.998535
1841   0.998906
1842   0.999211
1843   0.999457
1844   0.999645
1845   0.999784
1846   0.999878
1847   0.999935
1848   0.999965
